/out/sourcedata/freesurfer/sub-v1s23x0050627_ses-1/mri
/opt/freesurfer/bin/talairach_avi
--i orig_nu.mgz --xfm transforms/talairach.auto.xfm
talairach_avi 7.3.2
Linux dna014 5.14.0-427.37.1.el9_4.x86_64 #1 SMP PREEMPT_DYNAMIC Fri Sep 13 12:41:50 EDT 2024 x86_64 x86_64 x86_64 GNU/Linux
Mon Mar  9 21:15:47 CET 2026
mri_convert orig_nu.mgz talsrcimg.img 
reading from orig_nu.mgz...
TR=0.00, TE=0.00, TI=0.00, flip angle=0.00
i_ras = (-1, 0, 0)
j_ras = (0, 0, -1)
k_ras = (0, 1, 0)
writing to talsrcimg.img...
Analyze Output Matrix
-1.00000   0.00000   0.00000   173.01833;
 0.00000   0.00000   1.00000  -174.22057;
 0.00000  -1.00000   0.00000   178.74834;
 0.00000   0.00000   0.00000   1.00000;
--------------------
INFO: set hdr.hist.orient to -1
mpr2mni305 talsrcimg
Mon Mar  9 21:15:48 CET 2026
/opt/freesurfer/bin/mpr2mni305 talsrcimg
mpr2mni305 7.3.2
target=711-2C_as_mni_average_305

---------------------------------------------------------------------
analyzeto4dfp talsrcimg -O0 -y
---------------------------------------------------------------------

freesurfer ifh2hdr.c
Mon Mar  9 21:15:48 2026
Writing: talsrcimg.4dfp.hdr
freesurfer analyzeto4dfp.c
Reading: talsrcimg.hdr
header size 348 bytes
hdr.dime.datatype	offset=70	value=2
hdr.dime.bitpix		offset=72	value=8
hdr.hist.orient		offset=252	value=-1
dimensionality     4
dimensions       256       256       256         1
Reading: talsrcimg.img
Writing: talsrcimg.4dfp.img
Writing: talsrcimg.4dfp.ifh
ifh2hdr talsrcimg -r0to231
ori=2

---------------------------------------------------------------------
gauss_4dfp talsrcimg 1.1
---------------------------------------------------------------------

freesurfer gauss_4dfp.c
Reading: talsrcimg.4dfp.img
Writing: talsrcimg_g11.4dfp.img
image dimensions 256 256 256 padded to 288 288 288
processing volume 1freesurfer ifh2hdr.c
Mon Mar  9 21:15:50 2026
Writing: talsrcimg_g11.4dfp.hdr

Writing: talsrcimg_g11.4dfp.ifh
including: talsrcimg.4dfp.img.rec in talsrcimg_g11.4dfp.img.rec

---------------------------------------------------------------------
imgreg_4dfp /opt/freesurfer/average/711-2C_as_mni_average_305 none talsrcimg_g11 none talsrcimg_to_711-2C_as_mni_average_305_t4 4355
---------------------------------------------------------------------

freesurfer imgreg_4dfp.c
/opt/freesurfer/average/711-2C_as_mni_average_305.4dfp.img
       256       256       256         1
  1.000000  1.000000  1.000000
orientation T byte_order littleendian
Reading image: /opt/freesurfer/average/711-2C_as_mni_average_305.4dfp.img
dimensions:      256       256       256
mmppix:       1.0000   -1.0000   -1.0000
center:     128.0000 -129.0000 -129.0000
talsrcimg_g11.4dfp.img
       256       256       256         1
  1.000000  1.000000  1.000000
orientation T byte_order littleendian
Reading image: talsrcimg_g11.4dfp.img
dimensions:      256       256       256
mmppix:       1.0000   -1.0000   -1.0000
center:     128.0000 -129.0000 -129.0000
t4_read: open error in t4_sub.f l:  41 t4_file(1:l)talsrcimg_to_711-2C_as_mni_average_305_t4 
t4_read: transform initialized to I4
rotation matrix determinant  1.000000
image alignment mode   4355 decimal     1103 hex
   -7.5000  -45.0000  -45.0000 9325.1514   21.1912
    0.0000  -45.0000  -45.0000 9643.0645   21.1979
    7.5000  -45.0000  -45.0000 9087.5449   21.2126
   -7.5000  -37.5000  -45.0000 9860.8193   21.2317
    0.0000  -37.5000  -45.000010179.8750   21.2410
    7.5000  -37.5000  -45.0000 9598.8018   21.2473
   -7.5000  -30.0000  -45.000010652.5850   21.3262
    0.0000  -30.0000  -45.000010979.0674   21.3367
    7.5000  -30.0000  -45.000010349.8730   21.3476
   -7.5000  -22.5000  -45.000011387.9736   21.3847
    0.0000  -22.5000  -45.000011771.2705   21.3934
    7.5000  -22.5000  -45.000011053.5742   21.4193
   -7.5000  -15.0000  -45.000012022.5234   21.3550
    0.0000  -15.0000  -45.000012474.3594   21.3608
    7.5000  -15.0000  -45.000011673.9072   21.3965
   -7.5000   -7.5000  -45.000012609.8809   21.2562
    0.0000   -7.5000  -45.000013062.8428   21.2610
    7.5000   -7.5000  -45.000012228.2822   21.2899
   -7.5000    0.0000  -45.000013188.7832   21.1912
    0.0000    0.0000  -45.000013652.3086   21.1979
    7.5000    0.0000  -45.000012742.1846   21.2125
   -7.5000    7.5000  -45.000012687.3301   21.2317
    0.0000    7.5000  -45.000013084.3594   21.2410
    7.5000    7.5000  -45.000012192.1885   21.2473
   -7.5000   15.0000  -45.000011888.6670   21.3262
    0.0000   15.0000  -45.000012230.6318   21.3367
    7.5000   15.0000  -45.000011418.0059   21.3476
   -7.5000   22.5000  -45.000010894.5684   21.3818
    0.0000   22.5000  -45.000011195.5137   21.3905
    7.5000   22.5000  -45.000010457.8066   21.4164
   -7.5000   30.0000  -45.0000 9868.5566   21.0704
    0.0000   30.0000  -45.000010147.5527   21.0761
    7.5000   30.0000  -45.0000 9490.7109   21.1113
   -7.5000   37.5000  -45.0000 9180.0127   20.9729
    0.0000   37.5000  -45.0000 9435.9756   20.9776
    7.5000   37.5000  -45.0000 8860.9443   21.0061
   -7.5000   45.0000  -45.0000 8170.1973   20.3779
    0.0000   45.0000  -45.0000 8402.2363   20.3843
    7.5000   45.0000  -45.0000 7924.8442   20.3984
   -7.5000  -45.0000  -37.5000 9672.1533   21.1577
    0.0000  -45.0000  -37.500010002.5781   21.1597
    7.5000  -45.0000  -37.5000 9463.5615   21.1866
   -7.5000  -37.5000  -37.500010216.4902   21.2058
    0.0000  -37.5000  -37.500010565.1758   21.2120
    7.5000  -37.5000  -37.500010009.2998   21.2296
   -7.5000  -30.0000  -37.500011056.9824   21.2912
    0.0000  -30.0000  -37.500011427.4619   21.3004
    7.5000  -30.0000  -37.500010810.8281   21.3218
   -7.5000  -22.5000  -37.500011823.6963   21.3292
    0.0000  -22.5000  -37.500012286.0391   21.3373
    7.5000  -22.5000  -37.500011542.8975   21.3737
   -7.5000  -15.0000  -37.500012426.1904   21.2893
    0.0000  -15.0000  -37.500012958.3018   21.2926
    7.5000  -15.0000  -37.500012177.9287   21.3392
   -7.5000   -7.5000  -37.500013026.5352   21.2033
    0.0000   -7.5000  -37.500013578.3545   21.2034
    7.5000   -7.5000  -37.500012737.2871   21.2444
   -7.5000    0.0000  -37.500013652.4316   21.1577
    0.0000    0.0000  -37.500014191.8945   21.1597
    7.5000    0.0000  -37.500013240.1631   21.1866
   -7.5000    7.5000  -37.500013097.6641   21.2058
    0.0000    7.5000  -37.500013544.6914   21.2120
    7.5000    7.5000  -37.500012622.9150   21.2296
   -7.5000   15.0000  -37.500012245.3711   21.2912
    0.0000   15.0000  -37.500012634.6797   21.3004
    7.5000   15.0000  -37.500011793.7910   21.3218
   -7.5000   22.5000  -37.500011238.1963   21.3263
    0.0000   22.5000  -37.500011595.8877   21.3344
    7.5000   22.5000  -37.500010831.5146   21.3707
   -7.5000   30.0000  -37.500010197.0332   21.0056
    0.0000   30.0000  -37.500010528.5791   21.0088
    7.5000   30.0000  -37.5000 9835.6035   21.0548
   -7.5000   37.5000  -37.5000 9446.8203   20.9207
    0.0000   37.5000  -37.5000 9745.8271   20.9209
    7.5000   37.5000  -37.5000 9157.6787   20.9612
   -7.5000   45.0000  -37.5000 8375.9199   20.3457
    0.0000   45.0000  -37.5000 8645.2070   20.3476
    7.5000   45.0000  -37.5000 8155.2124   20.3734
   -7.5000  -45.0000  -30.000010158.4766   21.9989
    0.0000  -45.0000  -30.000010526.8564   22.0052
    7.5000  -45.0000  -30.000010010.0391   22.0434
   -7.5000  -37.5000  -30.000010737.3008   22.0649
    0.0000  -37.5000  -30.000011124.4834   22.0763
    7.5000  -37.5000  -30.000010575.4990   22.1042
   -7.5000  -30.0000  -30.000011670.8359   22.1601
    0.0000  -30.0000  -30.000012125.0078   22.1744
    7.5000  -30.0000  -30.000011466.3838   22.2038
   -7.5000  -22.5000  -30.000012456.4521   22.1886
    0.0000  -22.5000  -30.000013053.5537   22.2011
    7.5000  -22.5000  -30.000012276.1230   22.2425
   -7.5000  -15.0000  -30.000013014.0674   22.1301
    0.0000  -15.0000  -30.000013655.2529   22.1371
    7.5000  -15.0000  -30.000012908.6689   22.1886
   -7.5000   -7.5000  -30.000013609.3574   22.0357
    0.0000   -7.5000  -30.000014254.0527   22.0392
    7.5000   -7.5000  -30.000013471.7461   22.0889
   -7.5000    0.0000  -30.000014272.0439   21.9989
    0.0000    0.0000  -30.000014872.1992   22.0051
    7.5000    0.0000  -30.000014021.6045   22.0434
   -7.5000    7.5000  -30.000013628.6416   22.0649
    0.0000    7.5000  -30.000014136.5732   22.0763
    7.5000    7.5000  -30.000013290.4912   22.1042
   -7.5000   15.0000  -30.000012735.9453   22.1601
    0.0000   15.0000  -30.000013175.4414   22.1744
    7.5000   15.0000  -30.000012381.5332   22.2038
   -7.5000   22.5000  -30.000011682.3008   22.1833
    0.0000   22.5000  -30.000012082.0566   22.1958
    7.5000   22.5000  -30.000011343.1904   22.2372
   -7.5000   30.0000  -30.000010615.7324   21.8373
    0.0000   30.0000  -30.000010991.4160   21.8441
    7.5000   30.0000  -30.000010309.9424   21.8950
   -7.5000   37.5000  -30.0000 9855.4863   21.7441
    0.0000   37.5000  -30.000010183.7246   21.7476
    7.5000   37.5000  -30.0000 9598.1826   21.7966
   -7.5000   45.0000  -30.0000 8704.2793   21.1701
    0.0000   45.0000  -30.0000 8995.8477   21.1761
    7.5000   45.0000  -30.0000 8494.0801   21.2129
   -7.5000  -45.0000  -22.500010689.2070   22.7525
    0.0000  -45.0000  -22.500011083.6680   22.7695
    7.5000  -45.0000  -22.500010566.7275   22.8067
   -7.5000  -37.5000  -22.500011352.8008   22.8347
    0.0000  -37.5000  -22.500011807.8682   22.8548
    7.5000  -37.5000  -22.500011225.8701   22.8810
   -7.5000  -30.0000  -22.500012407.6582   22.9564
    0.0000  -30.0000  -22.500013030.6250   22.9766
    7.5000  -30.0000  -22.500012276.7832   23.0023
   -7.5000  -22.5000  -22.500013192.0498   22.9977
    0.0000  -22.5000  -22.500013910.7080   23.0157
    7.5000  -22.5000  -22.500013156.2334   23.0508
   -7.5000  -15.0000  -22.500013683.5674   22.9260
    0.0000  -15.0000  -22.500014356.5664   22.9409
    7.5000  -15.0000  -22.500013749.7666   22.9863
   -7.5000   -7.5000  -22.500014272.1162   22.8024
    0.0000   -7.5000  -22.500014920.1152   22.8166
    7.5000   -7.5000  -22.500014305.8018   22.8634
   -7.5000    0.0000  -22.500014958.3018   22.7525
    0.0000    0.0000  -22.500015574.4404   22.7695
    7.5000    0.0000  -22.500014871.6523   22.8067
   -7.5000    7.5000  -22.500014188.2490   22.8347
    0.0000    7.5000  -22.500014750.0537   22.8548
    7.5000    7.5000  -22.500014040.5908   22.8810
   -7.5000   15.0000  -22.500013238.7412   22.9564
    0.0000   15.0000  -22.500013706.8232   22.9766
    7.5000   15.0000  -22.500013017.0391   23.0023
   -7.5000   22.5000  -22.500012143.4062   22.9907
    0.0000   22.5000  -22.500012575.8330   23.0086
    7.5000   22.5000  -22.500011897.8193   23.0437
   -7.5000   30.0000  -22.500011034.9854   22.6261
    0.0000   30.0000  -22.500011453.9883   22.6408
    7.5000   30.0000  -22.500010812.9385   22.6856
   -7.5000   37.5000  -22.500010275.5322   22.5042
    0.0000   37.5000  -22.500010647.9141   22.5181
    7.5000   37.5000  -22.500010065.8262   22.5643
   -7.5000   45.0000  -22.5000 9099.0146   21.9118
    0.0000   45.0000  -22.5000 9412.4805   21.9282
    7.5000   45.0000  -22.5000 8892.5762   21.9640
   -7.5000  -45.0000  -15.000011094.7891   23.3422
    0.0000  -45.0000  -15.000011504.7227   23.3656
    7.5000  -45.0000  -15.000010981.0850   23.3905
   -7.5000  -37.5000  -15.000011818.0684   23.4217
    0.0000  -37.5000  -15.000012308.4297   23.4453
    7.5000  -37.5000  -15.000011722.0713   23.4608
   -7.5000  -30.0000  -15.000012894.4648   23.5625
    0.0000  -30.0000  -15.000013474.2432   23.5841
    7.5000  -30.0000  -15.000012830.2012   23.5996
   -7.5000  -22.5000  -15.000013558.5010   23.6304
    0.0000  -22.5000  -15.000014084.3398   23.6495
    7.5000  -22.5000  -15.000013662.8848   23.6741
   -7.5000  -15.0000  -15.000013929.2529   23.5655
    0.0000  -15.0000  -15.000014447.1826   23.5842
    7.5000  -15.0000  -15.000014174.2305   23.6184
   -7.5000   -7.5000  -15.000014608.1455   23.4180
    0.0000   -7.5000  -15.000015216.1211   23.4389
    7.5000   -7.5000  -15.000014808.6367   23.4736
   -7.5000    0.0000  -15.000015359.7529   23.3422
    0.0000    0.0000  -15.000016021.7607   23.3656
    7.5000    0.0000  -15.000015472.9463   23.3905
   -7.5000    7.5000  -15.000014578.0615   23.4217
    0.0000    7.5000  -15.000015171.0986   23.4453
    7.5000    7.5000  -15.000014583.7793   23.4608
   -7.5000   15.0000  -15.000013578.3613   23.5625
    0.0000   15.0000  -15.000014104.6621   23.5841
    7.5000   15.0000  -15.000013495.8281   23.5996
   -7.5000   22.5000  -15.000012500.8662   23.6221
    0.0000   22.5000  -15.000012980.5000   23.6412
    7.5000   22.5000  -15.000012379.2539   23.6658
   -7.5000   30.0000  -15.000011428.6611   23.2605
    0.0000   30.0000  -15.000011878.1035   23.2790
    7.5000   30.0000  -15.000011283.2158   23.3127
   -7.5000   37.5000  -15.000010678.0156   23.1149
    0.0000   37.5000  -15.000011046.7773   23.1356
    7.5000   37.5000  -15.000010499.4697   23.1698
   -7.5000   45.0000  -15.0000 9455.3916   22.4933
    0.0000   45.0000  -15.0000 9764.9590   22.5158
    7.5000   45.0000  -15.0000 9277.0674   22.5398
   -7.5000  -45.0000   -7.500011442.5225   23.6651
    0.0000  -45.0000   -7.500011873.5684   23.6828
    7.5000  -45.0000   -7.500011378.9902   23.6968
   -7.5000  -37.5000   -7.500012137.3721   23.7226
    0.0000  -37.5000   -7.500012615.2471   23.7413
    7.5000  -37.5000   -7.500012098.1064   23.7471
   -7.5000  -30.0000   -7.500013210.0117   23.8513
    0.0000  -30.0000   -7.500013699.0967   23.8687
    7.5000  -30.0000   -7.500013170.3906   23.8775
   -7.5000  -22.5000   -7.500013914.7529   23.9304
    0.0000  -22.5000   -7.500014416.4336   23.9451
    7.5000  -22.5000   -7.500014014.8916   23.9664
   -7.5000  -15.0000   -7.500014379.4980   23.8876
    0.0000  -15.0000   -7.500015000.3887   23.9012
    7.5000  -15.0000   -7.500014726.4199   23.9320
   -7.5000   -7.5000   -7.500015112.4746   23.7509
    0.0000   -7.5000   -7.500015904.7812   23.7662
    7.5000   -7.5000   -7.500015500.5918   23.7928
   -7.5000    0.0000   -7.500015947.3252   23.6650
    0.0000    0.0000   -7.500016748.3066   23.6828
    7.5000    0.0000   -7.500016194.7793   23.6968
   -7.5000    7.5000   -7.500015207.9424   23.7226
    0.0000    7.5000   -7.500015845.1934   23.7413
    7.5000    7.5000   -7.500015239.9307   23.7471
   -7.5000   15.0000   -7.500014147.0762   23.8513
    0.0000   15.0000   -7.500014667.3008   23.8687
    7.5000   15.0000   -7.500014052.8213   23.8775
   -7.5000   22.5000   -7.500013014.0342   23.9193
    0.0000   22.5000   -7.500013475.2949   23.9341
    7.5000   22.5000   -7.500012856.3418   23.9553
   -7.5000   30.0000   -7.500011864.7773   23.5778
    0.0000   30.0000   -7.500012266.5332   23.5912
    7.5000   30.0000   -7.500011674.1494   23.6216
   -7.5000   37.5000   -7.500011032.9395   23.4429
    0.0000   37.5000   -7.500011416.2246   23.4580
    7.5000   37.5000   -7.500010846.8994   23.4843
   -7.5000   45.0000   -7.5000 9769.5146   22.8086
    0.0000   45.0000   -7.500010098.8477   22.8257
    7.5000   45.0000   -7.5000 9591.0645   22.8392
   -7.5000  -45.0000    0.000011671.4551   23.7136
    0.0000  -45.0000    0.000012163.1689   23.7210
    7.5000  -45.0000    0.000011633.2363   23.7374
   -7.5000  -37.5000    0.000012289.4805   23.7588
    0.0000  -37.5000    0.000012842.1855   23.7693
    7.5000  -37.5000    0.000012293.4268   23.7763
   -7.5000  -30.0000    0.000013323.2002   23.8646
    0.0000  -30.0000    0.000013883.4473   23.8764
    7.5000  -30.0000    0.000013273.2617   23.8885
   -7.5000  -22.5000    0.000014313.5088   23.9300
    0.0000  -22.5000    0.000014846.3027   23.9398
    7.5000  -22.5000    0.000014160.1484   23.9688
   -7.5000  -15.0000    0.000015236.2891   23.8968
    0.0000  -15.0000    0.000015788.5098   23.9033
    7.5000  -15.0000    0.000015024.8525   23.9432
   -7.5000   -7.5000    0.000016114.4570   23.7863
    0.0000   -7.5000    0.000016729.4629   23.7916
    7.5000   -7.5000    0.000015920.2764   23.8239
   -7.5000    0.0000    0.000016800.1094   23.7135
    0.0000    0.0000    0.000017408.9883   23.7210
    7.5000    0.0000    0.000016599.5156   23.7374
   -7.5000    7.5000    0.000015739.9648   23.7588
    0.0000    7.5000    0.000016288.2197   23.7693
    7.5000    7.5000    0.000015536.9121   23.7763
   -7.5000   15.0000    0.000014456.8828   23.8646
    0.0000   15.0000    0.000014994.4424   23.8764
    7.5000   15.0000    0.000014308.5723   23.8885
   -7.5000   22.5000    0.000013249.8516   23.9190
    0.0000   22.5000    0.000013730.0371   23.9288
    7.5000   22.5000    0.000013102.6494   23.9577
   -7.5000   30.0000    0.000012057.9648   23.5875
    0.0000   30.0000    0.000012453.2256   23.5939
    7.5000   30.0000    0.000011893.6562   23.6333
   -7.5000   37.5000    0.000011231.0137   23.4784
    0.0000   37.5000    0.000011563.9355   23.4837
    7.5000   37.5000    0.000011046.6699   23.5156
   -7.5000   45.0000    0.000010017.3203   22.8571
    0.0000   45.0000    0.000010286.3223   22.8643
    7.5000   45.0000    0.0000 9821.5459   22.8801
   -7.5000  -45.0000    7.500011078.4150   23.6761
    0.0000  -45.0000    7.500011482.3496   23.6783
    7.5000  -45.0000    7.500010847.4355   23.7084
   -7.5000  -37.5000    7.500011750.7627   23.7298
    0.0000  -37.5000    7.500012153.6885   23.7368
    7.5000  -37.5000    7.500011480.4238   23.7565
   -7.5000  -30.0000    7.500012737.8311   23.8254
    0.0000  -30.0000    7.500013123.8848   23.8357
    7.5000  -30.0000    7.500012395.7432   23.8597
   -7.5000  -22.5000    7.500013640.6152   23.8679
    0.0000  -22.5000    7.500014030.4463   23.8770
    7.5000  -22.5000    7.500013246.2695   23.9177
   -7.5000  -15.0000    7.500014465.7275   23.8233
    0.0000  -15.0000    7.500014871.0840   23.8270
    7.5000  -15.0000    7.500014068.6914   23.8791
   -7.5000   -7.5000    7.500015283.8174   23.7271
    0.0000   -7.5000    7.500015729.7881   23.7272
    7.5000   -7.5000    7.500014901.1807   23.7730
   -7.5000    0.0000    7.500015957.9268   23.6760
    0.0000    0.0000    7.500016409.6992   23.6782
    7.5000    0.0000    7.500015598.9336   23.7083
   -7.5000    7.5000    7.500014891.6035   23.7298
    0.0000    7.5000    7.500015306.1279   23.7368
    7.5000    7.5000    7.500014590.2871   23.7565
   -7.5000   15.0000    7.500013699.7705   23.8254
    0.0000   15.0000    7.500014107.6865   23.8357
    7.5000   15.0000    7.500013473.4473   23.8597
   -7.5000   22.5000    7.500012527.2070   23.8570
    0.0000   22.5000    7.500012930.4639   23.8660
    7.5000   22.5000    7.500012342.5352   23.9067
   -7.5000   30.0000    7.500011343.7529   23.5150
    0.0000   30.0000    7.500011712.6592   23.5186
    7.5000   30.0000    7.500011168.3643   23.5700
   -7.5000   37.5000    7.500010526.5869   23.4200
    0.0000   37.5000    7.500010881.7334   23.4201
    7.5000   37.5000    7.500010365.2930   23.4653
   -7.5000   45.0000    7.5000 9391.0654   22.8210
    0.0000   45.0000    7.5000 9700.0322   22.8231
    7.5000   45.0000    7.5000 9248.0957   22.8521
   -7.5000  -45.0000   15.000010281.2617   23.6500
    0.0000  -45.0000   15.000010659.9258   23.6565
    7.5000  -45.0000   15.000010052.7471   23.6976
   -7.5000  -37.5000   15.000010835.6367   23.7208
    0.0000  -37.5000   15.000011247.5107   23.7329
    7.5000  -37.5000   15.000010611.3740   23.7628
   -7.5000  -30.0000   15.000011633.1621   23.8231
    0.0000  -30.0000   15.000012083.5713   23.8382
    7.5000  -30.0000   15.000011430.0020   23.8697
   -7.5000  -22.5000   15.000012349.6953   23.8537
    0.0000  -22.5000   15.000012846.6172   23.8669
    7.5000  -22.5000   15.000012169.9629   23.9113
   -7.5000  -15.0000   15.000013024.6895   23.7910
    0.0000  -15.0000   15.000013555.9346   23.7982
    7.5000  -15.0000   15.000012872.5820   23.8535
   -7.5000   -7.5000   15.000013748.4033   23.6896
    0.0000   -7.5000   15.000014305.9658   23.6931
    7.5000   -7.5000   15.000013613.7100   23.7465
   -7.5000    0.0000   15.000014438.8828   23.6499
    0.0000    0.0000   15.000015019.4277   23.6565
    7.5000    0.0000   15.000014313.3477   23.6975
   -7.5000    7.5000   15.000013570.2393   23.7208
    0.0000    7.5000   15.000014098.8965   23.7329
    7.5000    7.5000   15.000013418.4746   23.7628
   -7.5000   15.0000   15.000012573.1396   23.8231
    0.0000   15.0000   15.000013049.5938   23.8382
    7.5000   15.0000   15.000012429.0273   23.8697
   -7.5000   22.5000   15.000011546.6602   23.8427
    0.0000   22.5000   15.000011965.2207   23.8559
    7.5000   22.5000   15.000011398.0098   23.9003
   -7.5000   30.0000   15.000010475.0029   23.4831
    0.0000   30.0000   15.000010839.9893   23.4902
    7.5000   30.0000   15.000010323.7441   23.5447
   -7.5000   37.5000   15.0000 9746.8232   23.3830
    0.0000   37.5000   15.000010074.6992   23.3865
    7.5000   37.5000   15.0000 9615.8936   23.4392
   -7.5000   45.0000   15.0000 8697.3984   22.7958
    0.0000   45.0000   15.0000 8970.6260   22.8022
    7.5000   45.0000   15.0000 8565.4053   22.8417
   -7.5000  -45.0000   22.5000 9394.1904   23.9391
    0.0000  -45.0000   22.5000 9770.2451   23.9571
    7.5000  -45.0000   22.5000 9240.8691   23.9969
   -7.5000  -37.5000   22.5000 9893.9775   24.0259
    0.0000  -37.5000   22.500010282.9697   24.0471
    7.5000  -37.5000   22.5000 9753.1025   24.0753
   -7.5000  -30.0000   22.500010632.3525   24.1555
    0.0000  -30.0000   22.500011042.1572   24.1766
    7.5000  -30.0000   22.500010512.4609   24.2043
   -7.5000  -22.5000   22.500011260.0537   24.2002
    0.0000  -22.5000   22.500011704.0625   24.2190
    7.5000  -22.5000   22.500011170.2021   24.2566
   -7.5000  -15.0000   22.500011844.6299   24.1245
    0.0000  -15.0000   22.500012314.5869   24.1400
    7.5000  -15.0000   22.500011776.7812   24.1886
   -7.5000   -7.5000   22.500012502.9512   23.9930
    0.0000   -7.5000   22.500012990.4199   24.0078
    7.5000   -7.5000   22.500012430.3584   24.0578
   -7.5000    0.0000   22.500013222.1201   23.9391
    0.0000    0.0000   22.500013713.8730   23.9571
    7.5000    0.0000   22.500013106.8721   23.9969
   -7.5000    7.5000   22.500012464.6270   24.0259
    0.0000    7.5000   22.500012928.1270   24.0471
    7.5000    7.5000   22.500012341.4502   24.0753
   -7.5000   15.0000   22.500011544.9365   24.1555
    0.0000   15.0000   22.500011962.8105   24.1766
    7.5000   15.0000   22.500011427.8555   24.2043
   -7.5000   22.5000   22.500010583.5908   24.1890
    0.0000   22.5000   22.500010963.8965   24.2078
    7.5000   22.5000   22.500010480.3906   24.2454
   -7.5000   30.0000   22.5000 9615.8330   23.8123
    0.0000   30.0000   22.5000 9948.9326   23.8276
    7.5000   30.0000   22.5000 9519.3457   23.8755
   -7.5000   37.5000   22.5000 8975.7002   23.6824
    0.0000   37.5000   22.5000 9270.6758   23.6971
    7.5000   37.5000   22.5000 8861.2373   23.7465
   -7.5000   45.0000   22.5000 8019.0786   23.0745
    0.0000   45.0000   22.5000 8280.8203   23.0919
    7.5000   45.0000   22.5000 7904.8521   23.1303
   -7.5000  -45.0000   30.0000 8600.0254   24.6216
    0.0000  -45.0000   30.0000 8933.0859   24.6466
    7.5000  -45.0000   30.0000 8487.7822   24.6764
   -7.5000  -37.5000   30.0000 9041.8965   24.7046
    0.0000  -37.5000   30.0000 9378.8291   24.7298
    7.5000  -37.5000   30.0000 8916.1992   24.7499
   -7.5000  -30.0000   30.0000 9714.6670   24.8564
    0.0000  -30.0000   30.000010080.8770   24.8793
    7.5000  -30.0000   30.0000 9603.9121   24.8998
   -7.5000  -22.5000   30.000010287.7568   24.9328
    0.0000  -22.5000   30.000010689.8428   24.9527
    7.5000  -22.5000   30.000010212.2646   24.9829
   -7.5000  -15.0000   30.000010827.5820   24.8655
    0.0000  -15.0000   30.000011251.7217   24.8850
    7.5000  -15.0000   30.000010770.8340   24.9251
   -7.5000   -7.5000   30.000011438.2637   24.7061
    0.0000   -7.5000   30.000011878.6367   24.7283
    7.5000   -7.5000   30.000011349.7246   24.7686
   -7.5000    0.0000   30.000012083.6064   24.6215
    0.0000    0.0000   30.000012548.2178   24.6466
    7.5000    0.0000   30.000011963.3994   24.6764
   -7.5000    7.5000   30.000011415.6934   24.7046
    0.0000    7.5000   30.000011855.1006   24.7298
    7.5000    7.5000   30.000011283.7021   24.7499
   -7.5000   15.0000   30.000010601.2695   24.8564
    0.0000   15.0000   30.000011003.8125   24.8793
    7.5000   15.0000   30.000010478.3906   24.8998
   -7.5000   22.5000   30.0000 9753.6064   24.9213
    0.0000   22.5000   30.000010112.2002   24.9412
    7.5000   22.5000   30.0000 9642.6055   24.9714
   -7.5000   30.0000   30.0000 8896.3955   24.5437
    0.0000   30.0000   30.0000 9212.4717   24.5630
    7.5000   30.0000   30.0000 8797.2988   24.6026
   -7.5000   37.5000   30.0000 8295.0391   24.3863
    0.0000   37.5000   30.0000 8577.4434   24.4082
    7.5000   37.5000   30.0000 8204.1416   24.4480
   -7.5000   45.0000   30.0000 7428.9473   23.7323
    0.0000   45.0000   30.0000 7648.3633   23.7565
    7.5000   45.0000   30.0000 7322.1196   23.7852
   -7.5000  -45.0000   37.5000 8261.7021   25.7807
    0.0000  -45.0000   37.5000 8577.0381   25.7999
    7.5000  -45.0000   37.5000 8154.1909   25.8227
   -7.5000  -37.5000   37.5000 8666.9346   25.8489
    0.0000  -37.5000   37.5000 8995.6182   25.8686
    7.5000  -37.5000   37.5000 8564.4395   25.8819
   -7.5000  -30.0000   37.5000 9309.0293   25.9926
    0.0000  -30.0000   37.5000 9693.9717   26.0118
    7.5000  -30.0000   37.5000 9239.2061   26.0285
   -7.5000  -22.5000   37.5000 9871.6797   26.0777
    0.0000  -22.5000   37.500010291.8135   26.0955
    7.5000  -22.5000   37.5000 9847.2109   26.1264
   -7.5000  -15.0000   37.500010407.5742   26.0252
    0.0000  -15.0000   37.500010841.5264   26.0426
    7.5000  -15.0000   37.500010394.7910   26.0844
   -7.5000   -7.5000   37.500010975.8555   25.8720
    0.0000   -7.5000   37.500011404.4805   25.8902
    7.5000   -7.5000   37.500010918.6035   25.9275
   -7.5000    0.0000   37.500011561.3193   25.7806
    0.0000    0.0000   37.500012001.4307   25.7999
    7.5000    0.0000   37.500011482.4102   25.8227
   -7.5000    7.5000   37.500010920.0400   25.8489
    0.0000    7.5000   37.500011321.2988   25.8686
    7.5000    7.5000   37.500010815.5439   25.8819
   -7.5000   15.0000   37.500010186.6621   25.9926
    0.0000   15.0000   37.500010542.1084   26.0118
    7.5000   15.0000   37.500010067.5693   26.0285
   -7.5000   22.5000   37.5000 9426.3096   26.0656
    0.0000   22.5000   37.5000 9747.6738   26.0835
    7.5000   22.5000   37.5000 9308.7695   26.1143
   -7.5000   30.0000   37.5000 8648.1045   25.6884
    0.0000   30.0000   37.5000 8941.9951   25.7056
    7.5000   30.0000   37.5000 8535.8916   25.7468
   -7.5000   37.5000   37.5000 8088.6279   25.5372
    0.0000   37.5000   37.5000 8359.4727   25.5552
    7.5000   37.5000   37.5000 7978.5449   25.5919
   -7.5000   45.0000   37.5000 7232.6670   24.8496
    0.0000   45.0000   37.5000 7479.4995   24.8681
    7.5000   45.0000   37.5000 7136.8081   24.8901
   -7.5000  -45.0000   45.0000 7567.1577   26.9499
    0.0000  -45.0000   45.0000 7849.0742   26.9653
    7.5000  -45.0000   45.0000 7495.7114   26.9835
   -7.5000  -37.5000   45.0000 7924.0879   27.0044
    0.0000  -37.5000   45.0000 8229.5605   27.0212
    7.5000  -37.5000   45.0000 7875.4585   27.0291
   -7.5000  -30.0000   45.0000 8509.8975   27.1256
    0.0000  -30.0000   45.0000 8851.1221   27.1443
    7.5000  -30.0000   45.0000 8491.3477   27.1590
   -7.5000  -22.5000   45.0000 9056.4404   27.1989
    0.0000  -22.5000   45.0000 9414.8750   27.2175
    7.5000  -22.5000   45.0000 9040.0957   27.2525
   -7.5000  -15.0000   45.0000 9567.6250   27.1582
    0.0000  -15.0000   45.0000 9936.8955   27.1749
    7.5000  -15.0000   45.0000 9541.8320   27.2221
   -7.5000   -7.5000   45.000010079.5137   27.0305
    0.0000   -7.5000   45.000010447.5742   27.0456
    7.5000   -7.5000   45.000010009.8359   27.0829
   -7.5000    0.0000   45.000010562.9082   26.9499
    0.0000    0.0000   45.000010959.5703   26.9652
    7.5000    0.0000   45.000010488.2256   26.9834
   -7.5000    7.5000   45.0000 9981.3193   27.0044
    0.0000    7.5000   45.000010344.4248   27.0212
    7.5000    7.5000   45.0000 9892.6533   27.0291
   -7.5000   15.0000   45.0000 9317.2021   27.1256
    0.0000   15.0000   45.0000 9637.3447   27.1443
    7.5000   15.0000   45.0000 9229.7998   27.1590
   -7.5000   22.5000   45.0000 8646.0400   27.1862
    0.0000   22.5000   45.0000 8936.1455   27.2049
    7.5000   22.5000   45.0000 8563.0947   27.2398
   -7.5000   30.0000   45.0000 7956.7583   26.8044
    0.0000   30.0000   45.0000 8225.4678   26.8209
    7.5000   30.0000   45.0000 7874.0781   26.8675
   -7.5000   37.5000   45.0000 7473.0688   26.6783
    0.0000   37.5000   45.0000 7728.3018   26.6933
    7.5000   37.5000   45.0000 7393.3862   26.7301
   -7.5000   45.0000   45.0000 6688.4556   25.9884
    0.0000   45.0000   45.0000 6896.4922   26.0032
    7.5000   45.0000   45.0000 6601.0020   26.0207

---------------------------------------------------------------------
imgreg_4dfp /opt/freesurfer/average/711-2C_as_mni_average_305 /opt/freesurfer/average/711-2B_as_mni_average_305_mask talsrcimg_g11 none talsrcimg_to_711-2C_as_mni_average_305_t4 4355
---------------------------------------------------------------------

freesurfer imgreg_4dfp.c
/opt/freesurfer/average/711-2C_as_mni_average_305.4dfp.img
       256       256       256         1
  1.000000  1.000000  1.000000
orientation T byte_order littleendian
Reading image: /opt/freesurfer/average/711-2C_as_mni_average_305.4dfp.img
dimensions:      256       256       256
mmppix:       1.0000   -1.0000   -1.0000
center:     128.0000 -129.0000 -129.0000
/opt/freesurfer/average/711-2B_as_mni_average_305_mask.4dfp.img
       256       256       256         1
  1.000000  1.000000  1.000000
orientation T byte_order littleendian
Reading mask: /opt/freesurfer/average/711-2B_as_mni_average_305_mask.4dfp.img (2306576 pixels)
talsrcimg_g11.4dfp.img
       256       256       256         1
  1.000000  1.000000  1.000000
orientation T byte_order littleendian
Reading image: talsrcimg_g11.4dfp.img
dimensions:      256       256       256
mmppix:       1.0000   -1.0000   -1.0000
center:     128.0000 -129.0000 -129.0000
rotation matrix determinant  1.000000
image alignment mode   4355 decimal     1103 hex
   -7.5000  -45.0000  -45.0000 2288.4568   18.3452
    0.0000  -45.0000  -45.0000 2289.6733   18.4900
    7.5000  -45.0000  -45.0000 2257.9985   18.7953
   -7.5000  -37.5000  -45.0000 2369.5894   17.1277
    0.0000  -37.5000  -45.0000 2368.5283   17.2660
    7.5000  -37.5000  -45.0000 2336.4888   17.5631
   -7.5000  -30.0000  -45.0000 2409.6990   16.3810
    0.0000  -30.0000  -45.0000 2412.0535   16.4977
    7.5000  -30.0000  -45.0000 2384.4321   16.7658
   -7.5000  -22.5000  -45.0000 2450.5444   15.9182
    0.0000  -22.5000  -45.0000 2451.8250   16.0008
    7.5000  -22.5000  -45.0000 2417.0669   16.2435
   -7.5000  -15.0000  -45.0000 2466.7664   15.5832
    0.0000  -15.0000  -45.0000 2470.6924   15.6796
    7.5000  -15.0000  -45.0000 2430.2964   15.9378
   -7.5000   -7.5000  -45.0000 2473.8020   15.6150
    0.0000   -7.5000  -45.0000 2472.1484   15.6840
    7.5000   -7.5000  -45.0000 2431.9968   15.9421
   -7.5000    0.0000  -45.0000 2460.5325   15.9464
    0.0000    0.0000  -45.0000 2462.3928   15.9889
    7.5000    0.0000  -45.0000 2415.0227   16.2720
   -7.5000    7.5000  -45.0000 2430.5928   16.6791
    0.0000    7.5000  -45.0000 2434.3550   16.7065
    7.5000    7.5000  -45.0000 2378.6899   16.9782
   -7.5000   15.0000  -45.0000 2366.9043   17.7439
    0.0000   15.0000  -45.0000 2369.8608   17.7550
    7.5000   15.0000  -45.0000 2320.9456   18.0314
   -7.5000   22.5000  -45.0000 2270.6296   19.1478
    0.0000   22.5000  -45.0000 2274.4136   19.1465
    7.5000   22.5000  -45.0000 2230.6699   19.4506
   -7.5000   30.0000  -45.0000 2151.5305   21.0336
    0.0000   30.0000  -45.0000 2156.5200   21.0401
    7.5000   30.0000  -45.0000 2111.5269   21.4084
   -7.5000   37.5000  -45.0000 2020.5466   23.4730
    0.0000   37.5000  -45.0000 2021.7744   23.4753
    7.5000   37.5000  -45.0000 1982.4688   23.9553
   -7.5000   45.0000  -45.0000 1877.9727   26.5987
    0.0000   45.0000  -45.0000 1875.8789   26.6106
    7.5000   45.0000  -45.0000 1840.5873   27.0444
   -7.5000  -45.0000  -37.5000 2345.7241   17.3382
    0.0000  -45.0000  -37.5000 2348.9941   17.4652
    7.5000  -45.0000  -37.5000 2320.7546   17.8725
   -7.5000  -37.5000  -37.5000 2436.1387   16.1919
    0.0000  -37.5000  -37.5000 2441.5188   16.2899
    7.5000  -37.5000  -37.5000 2413.2053   16.6555
   -7.5000  -30.0000  -37.5000 2490.1707   15.3992
    0.0000  -30.0000  -37.5000 2498.3098   15.4898
    7.5000  -30.0000  -37.5000 2470.6587   15.8074
   -7.5000  -22.5000  -37.5000 2542.9365   14.8804
    0.0000  -22.5000  -37.5000 2546.3552   14.9884
    7.5000  -22.5000  -37.5000 2506.9890   15.2494
   -7.5000  -15.0000  -37.5000 2561.7185   14.5167
    0.0000  -15.0000  -37.5000 2568.5842   14.6471
    7.5000  -15.0000  -37.5000 2527.7947   14.9324
   -7.5000   -7.5000  -37.5000 2569.1604   14.5534
    0.0000   -7.5000  -37.5000 2576.2168   14.6607
    7.5000   -7.5000  -37.5000 2530.3435   14.9251
   -7.5000    0.0000  -37.5000 2558.4224   14.9328
    0.0000    0.0000  -37.5000 2563.7217   15.0114
    7.5000    0.0000  -37.5000 2508.5557   15.2546
   -7.5000    7.5000  -37.5000 2515.7319   15.6398
    0.0000    7.5000  -37.5000 2522.2756   15.6754
    7.5000    7.5000  -37.5000 2466.7017   15.9441
   -7.5000   15.0000  -37.5000 2440.7070   16.6468
    0.0000   15.0000  -37.5000 2448.6665   16.6536
    7.5000   15.0000  -37.5000 2400.0354   16.9473
   -7.5000   22.5000  -37.5000 2344.1118   17.9931
    0.0000   22.5000  -37.5000 2350.4404   18.0137
    7.5000   22.5000  -37.5000 2303.4243   18.3398
   -7.5000   30.0000  -37.5000 2222.0422   19.7761
    0.0000   30.0000  -37.5000 2229.6746   19.7946
    7.5000   30.0000  -37.5000 2184.9146   20.1971
   -7.5000   37.5000  -37.5000 2074.1392   22.0852
    0.0000   37.5000  -37.5000 2081.5149   22.1486
    7.5000   37.5000  -37.5000 2047.5660   22.5495
   -7.5000   45.0000  -37.5000 1913.9880   25.0459
    0.0000   45.0000  -37.5000 1922.0822   25.0668
    7.5000   45.0000  -37.5000 1891.9167   25.5070
   -7.5000  -45.0000  -30.0000 2437.3694   17.0451
    0.0000  -45.0000  -30.0000 2445.1272   17.1571
    7.5000  -45.0000  -30.0000 2416.1904   17.6932
   -7.5000  -37.5000  -30.0000 2537.6946   15.8496
    0.0000  -37.5000  -30.0000 2550.7000   15.9584
    7.5000  -37.5000  -30.0000 2517.1621   16.4309
   -7.5000  -30.0000  -30.0000 2616.3499   15.0733
    0.0000  -30.0000  -30.0000 2630.3738   15.1788
    7.5000  -30.0000  -30.0000 2589.8887   15.5475
   -7.5000  -22.5000  -30.0000 2671.8948   14.4347
    0.0000  -22.5000  -30.0000 2684.3884   14.6128
    7.5000  -22.5000  -30.0000 2631.4810   14.9371
   -7.5000  -15.0000  -30.0000 2697.6392   14.0374
    0.0000  -15.0000  -30.0000 2712.5483   14.2172
    7.5000  -15.0000  -30.0000 2659.4326   14.5651
   -7.5000   -7.5000  -30.0000 2709.1218   14.0618
    0.0000   -7.5000  -30.0000 2722.2893   14.1995
    7.5000   -7.5000  -30.0000 2668.3567   14.5401
   -7.5000    0.0000  -30.0000 2694.8340   14.4874
    0.0000    0.0000  -30.0000 2703.0581   14.5533
    7.5000    0.0000  -30.0000 2652.4216   14.8622
   -7.5000    7.5000  -30.0000 2645.4329   15.2382
    0.0000    7.5000  -30.0000 2649.5569   15.2267
    7.5000    7.5000  -30.0000 2604.0928   15.5348
   -7.5000   15.0000  -30.0000 2559.1682   16.2630
    0.0000   15.0000  -30.0000 2562.7739   16.2552
    7.5000   15.0000  -30.0000 2518.9558   16.5718
   -7.5000   22.5000  -30.0000 2453.1653   17.6285
    0.0000   22.5000  -30.0000 2452.7512   17.6309
    7.5000   22.5000  -30.0000 2409.2180   17.9820
   -7.5000   30.0000  -30.0000 2324.5088   19.4444
    0.0000   30.0000  -30.0000 2323.2415   19.4185
    7.5000   30.0000  -30.0000 2282.0400   19.8008
   -7.5000   37.5000  -30.0000 2168.0833   21.7844
    0.0000   37.5000  -30.0000 2169.1345   21.7509
    7.5000   37.5000  -30.0000 2142.8657   22.1937
   -7.5000   45.0000  -30.0000 1994.0603   24.6757
    0.0000   45.0000  -30.0000 1998.8981   24.6241
    7.5000   45.0000  -30.0000 1971.8330   25.1697
   -7.5000  -45.0000  -22.5000 2503.3008   16.7388
    0.0000  -45.0000  -22.5000 2506.1519   16.8691
    7.5000  -45.0000  -22.5000 2476.7605   17.4996
   -7.5000  -37.5000  -22.5000 2615.3367   15.5253
    0.0000  -37.5000  -22.5000 2623.5417   15.6410
    7.5000  -37.5000  -22.5000 2586.8606   16.2151
   -7.5000  -30.0000  -22.5000 2702.0454   14.6786
    0.0000  -30.0000  -22.5000 2718.3296   14.8073
    7.5000  -30.0000  -22.5000 2668.6084   15.3063
   -7.5000  -22.5000  -22.5000 2774.1587   14.0056
    0.0000  -22.5000  -22.5000 2788.5437   14.1903
    7.5000  -22.5000  -22.5000 2725.5125   14.6663
   -7.5000  -15.0000  -22.5000 2808.6829   13.4764
    0.0000  -15.0000  -22.5000 2830.1145   13.6331
    7.5000  -15.0000  -22.5000 2756.0095   14.1770
   -7.5000   -7.5000  -22.5000 2821.0061   13.5085
    0.0000   -7.5000  -22.5000 2834.6501   13.5601
    7.5000   -7.5000  -22.5000 2770.8501   14.0880
   -7.5000    0.0000  -22.5000 2798.2065   14.0397
    0.0000    0.0000  -22.5000 2800.9348   14.0130
    7.5000    0.0000  -22.5000 2752.2104   14.4471
   -7.5000    7.5000  -22.5000 2736.3489   14.8432
    0.0000    7.5000  -22.5000 2744.3884   14.8219
    7.5000    7.5000  -22.5000 2701.3931   15.1693
   -7.5000   15.0000  -22.5000 2649.6047   15.9567
    0.0000   15.0000  -22.5000 2648.6709   15.9336
    7.5000   15.0000  -22.5000 2603.3057   16.2833
   -7.5000   22.5000  -22.5000 2531.7229   17.3869
    0.0000   22.5000  -22.5000 2530.4102   17.3853
    7.5000   22.5000  -22.5000 2479.7673   17.7516
   -7.5000   30.0000  -22.5000 2391.6785   19.2059
    0.0000   30.0000  -22.5000 2395.0571   19.2039
    7.5000   30.0000  -22.5000 2344.4224   19.6026
   -7.5000   37.5000  -22.5000 2231.5935   21.4303
    0.0000   37.5000  -22.5000 2231.2976   21.4526
    7.5000   37.5000  -22.5000 2193.2468   21.8707
   -7.5000   45.0000  -22.5000 2053.4399   24.2418
    0.0000   45.0000  -22.5000 2056.0686   24.2988
    7.5000   45.0000  -22.5000 2019.4078   24.7275
   -7.5000  -45.0000  -15.0000 2527.5007   16.6027
    0.0000  -45.0000  -15.0000 2528.9868   16.6534
    7.5000  -45.0000  -15.0000 2489.9160   17.4018
   -7.5000  -37.5000  -15.0000 2642.2461   15.3290
    0.0000  -37.5000  -15.0000 2647.9133   15.3782
    7.5000  -37.5000  -15.0000 2608.4863   16.0846
   -7.5000  -30.0000  -15.0000 2736.8582   14.3844
    0.0000  -30.0000  -15.0000 2749.5125   14.4851
    7.5000  -30.0000  -15.0000 2702.7783   15.1467
   -7.5000  -22.5000  -15.0000 2810.8108   13.6296
    0.0000  -22.5000  -15.0000 2827.4395   13.7056
    7.5000  -22.5000  -15.0000 2765.6250   14.4057
   -7.5000  -15.0000  -15.0000 2860.5576   12.9900
    0.0000  -15.0000  -15.0000 2871.4482   12.9834
    7.5000  -15.0000  -15.0000 2799.0254   13.8553
   -7.5000   -7.5000  -15.0000 2881.6387   13.0977
    0.0000   -7.5000  -15.0000 2888.4260   13.0738
    7.5000   -7.5000  -15.0000 2813.9495   13.8384
   -7.5000    0.0000  -15.0000 2849.0425   13.7390
    0.0000    0.0000  -15.0000 2856.2163   13.7542
    7.5000    0.0000  -15.0000 2795.8970   14.2747
   -7.5000    7.5000  -15.0000 2786.8369   14.5835
    0.0000    7.5000  -15.0000 2792.4583   14.6342
    7.5000    7.5000  -15.0000 2741.7329   15.0617
   -7.5000   15.0000  -15.0000 2691.9624   15.7192
    0.0000   15.0000  -15.0000 2697.9097   15.8076
    7.5000   15.0000  -15.0000 2643.3533   16.2059
   -7.5000   22.5000  -15.0000 2566.0923   17.2177
    0.0000   22.5000  -15.0000 2571.4365   17.3056
    7.5000   22.5000  -15.0000 2518.7825   17.6934
   -7.5000   30.0000  -15.0000 2420.0735   19.0331
    0.0000   30.0000  -15.0000 2427.2520   19.1398
    7.5000   30.0000  -15.0000 2380.4995   19.5516
   -7.5000   37.5000  -15.0000 2257.3320   21.1948
    0.0000   37.5000  -15.0000 2257.7036   21.3378
    7.5000   37.5000  -15.0000 2222.7715   21.8182
   -7.5000   45.0000  -15.0000 2079.3672   23.9447
    0.0000   45.0000  -15.0000 2078.0750   24.0831
    7.5000   45.0000  -15.0000 2044.5985   24.6285
   -7.5000  -45.0000   -7.5000 2519.2595   16.5831
    0.0000  -45.0000   -7.5000 2527.8389   16.5606
    7.5000  -45.0000   -7.5000 2489.6003   17.3980
   -7.5000  -37.5000   -7.5000 2633.0969   15.3093
    0.0000  -37.5000   -7.5000 2646.3345   15.2950
    7.5000  -37.5000   -7.5000 2606.9253   16.0678
   -7.5000  -30.0000   -7.5000 2726.9402   14.3416
    0.0000  -30.0000   -7.5000 2740.2842   14.3648
    7.5000  -30.0000   -7.5000 2703.1699   15.1051
   -7.5000  -22.5000   -7.5000 2800.3853   13.5859
    0.0000  -22.5000   -7.5000 2810.9534   13.5673
    7.5000  -22.5000   -7.5000 2768.9268   14.3663
   -7.5000  -15.0000   -7.5000 2865.0898   13.0220
    0.0000  -15.0000   -7.5000 2881.7207   13.0734
    7.5000  -15.0000   -7.5000 2820.1907   13.9025
   -7.5000   -7.5000   -7.5000 2894.2786   13.0725
    0.0000   -7.5000   -7.5000 2923.7773   13.2181
    7.5000   -7.5000   -7.5000 2849.8933   13.9524
   -7.5000    0.0000   -7.5000 2864.1528   13.7589
    0.0000    0.0000   -7.5000 2883.8848   13.9043
    7.5000    0.0000   -7.5000 2816.7893   14.4380
   -7.5000    7.5000   -7.5000 2802.8513   14.6522
    0.0000    7.5000   -7.5000 2810.3816   14.7340
    7.5000    7.5000   -7.5000 2756.0139   15.1619
   -7.5000   15.0000   -7.5000 2695.0874   15.7780
    0.0000   15.0000   -7.5000 2702.7266   15.8670
    7.5000   15.0000   -7.5000 2654.4834   16.2685
   -7.5000   22.5000   -7.5000 2566.7625   17.1768
    0.0000   22.5000   -7.5000 2576.6318   17.2704
    7.5000   22.5000   -7.5000 2527.5723   17.6818
   -7.5000   30.0000   -7.5000 2416.6702   18.9350
    0.0000   30.0000   -7.5000 2425.9517   19.0326
    7.5000   30.0000   -7.5000 2379.8284   19.4569
   -7.5000   37.5000   -7.5000 2247.4280   21.0731
    0.0000   37.5000   -7.5000 2258.7939   21.1848
    7.5000   37.5000   -7.5000 2218.8672   21.6611
   -7.5000   45.0000   -7.5000 2079.9443   23.7952
    0.0000   45.0000   -7.5000 2083.8406   23.8914
    7.5000   45.0000   -7.5000 2048.5942   24.4011
   -7.5000  -45.0000    0.0000 2493.3369   16.8367
    0.0000  -45.0000    0.0000 2513.2517   16.8488
    7.5000  -45.0000    0.0000 2479.7981   17.6410
   -7.5000  -37.5000    0.0000 2599.5176   15.5505
    0.0000  -37.5000    0.0000 2628.8428   15.5696
    7.5000  -37.5000    0.0000 2596.9294   16.2746
   -7.5000  -30.0000    0.0000 2694.5847   14.6613
    0.0000  -30.0000    0.0000 2721.4602   14.6124
    7.5000  -30.0000    0.0000 2686.6367   15.2825
   -7.5000  -22.5000    0.0000 2784.5422   14.0141
    0.0000  -22.5000    0.0000 2807.1501   13.9186
    7.5000  -22.5000    0.0000 2759.2534   14.5927
   -7.5000  -15.0000    0.0000 2856.9937   13.7088
    0.0000  -15.0000    0.0000 2874.2979   13.6844
    7.5000  -15.0000    0.0000 2819.2043   14.2721
   -7.5000   -7.5000    0.0000 2881.7500   13.8513
    0.0000   -7.5000    0.0000 2900.9241   13.8464
    7.5000   -7.5000    0.0000 2841.2769   14.3919
   -7.5000    0.0000    0.0000 2834.2126   14.2803
    0.0000    0.0000    0.0000 2850.2866   14.3373
    7.5000    0.0000    0.0000 2794.3398   14.8084
   -7.5000    7.5000    0.0000 2760.0037   14.9608
    0.0000    7.5000    0.0000 2773.2363   15.0337
    7.5000    7.5000    0.0000 2724.2102   15.4684
   -7.5000   15.0000    0.0000 2651.8176   16.0086
    0.0000   15.0000    0.0000 2670.5476   16.0898
    7.5000   15.0000    0.0000 2626.0808   16.4926
   -7.5000   22.5000    0.0000 2534.0520   17.3700
    0.0000   22.5000    0.0000 2547.8684   17.4351
    7.5000   22.5000    0.0000 2510.2649   17.8584
   -7.5000   30.0000    0.0000 2393.8787   19.0855
    0.0000   30.0000    0.0000 2399.7942   19.1185
    7.5000   30.0000    0.0000 2368.0022   19.5434
   -7.5000   37.5000    0.0000 2231.6592   21.3223
    0.0000   37.5000    0.0000 2233.6580   21.3220
    7.5000   37.5000    0.0000 2204.1729   21.7233
   -7.5000   45.0000    0.0000 2070.2742   24.0422
    0.0000   45.0000    0.0000 2069.8816   23.9629
    7.5000   45.0000    0.0000 2036.2966   24.4517
   -7.5000  -45.0000    7.5000 2479.4180   17.6265
    0.0000  -45.0000    7.5000 2489.7729   17.5145
    7.5000  -45.0000    7.5000 2444.2581   18.0397
   -7.5000  -37.5000    7.5000 2593.5935   16.4117
    0.0000  -37.5000    7.5000 2607.1875   16.2774
    7.5000  -37.5000    7.5000 2564.0518   16.7448
   -7.5000  -30.0000    7.5000 2680.2852   15.5424
    0.0000  -30.0000    7.5000 2695.6030   15.3387
    7.5000  -30.0000    7.5000 2653.8931   15.8260
   -7.5000  -22.5000    7.5000 2757.7739   14.8823
    0.0000  -22.5000    7.5000 2778.5068   14.7342
    7.5000  -22.5000    7.5000 2727.1863   15.1979
   -7.5000  -15.0000    7.5000 2802.4463   14.5764
    0.0000  -15.0000    7.5000 2820.5774   14.5014
    7.5000  -15.0000    7.5000 2774.7661   14.9122
   -7.5000   -7.5000    7.5000 2811.4673   14.6754
    0.0000   -7.5000    7.5000 2833.5549   14.6110
    7.5000   -7.5000    7.5000 2786.9690   15.0241
   -7.5000    0.0000    7.5000 2767.2446   15.0890
    0.0000    0.0000    7.5000 2782.4880   15.0703
    7.5000    0.0000    7.5000 2744.0225   15.4533
   -7.5000    7.5000    7.5000 2697.8501   15.7572
    0.0000    7.5000    7.5000 2706.1624   15.7171
    7.5000    7.5000    7.5000 2672.1780   16.0751
   -7.5000   15.0000    7.5000 2598.3086   16.6790
    0.0000   15.0000    7.5000 2606.4441   16.6795
    7.5000   15.0000    7.5000 2575.8132   16.9916
   -7.5000   22.5000    7.5000 2483.5068   17.8714
    0.0000   22.5000    7.5000 2493.0745   17.9162
    7.5000   22.5000    7.5000 2465.1182   18.2571
   -7.5000   30.0000    7.5000 2347.8293   19.4233
    0.0000   30.0000    7.5000 2354.8459   19.4435
    7.5000   30.0000    7.5000 2326.8853   19.8120
   -7.5000   37.5000    7.5000 2192.8652   21.5210
    0.0000   37.5000    7.5000 2205.2878   21.5540
    7.5000   37.5000    7.5000 2171.8672   21.9803
   -7.5000   45.0000    7.5000 2044.9938   24.3213
    0.0000   45.0000    7.5000 2053.1182   24.3292
    7.5000   45.0000    7.5000 2019.3826   24.8204
   -7.5000  -45.0000   15.0000 2442.7859   18.7284
    0.0000  -45.0000   15.0000 2451.9607   18.6252
    7.5000  -45.0000   15.0000 2407.8455   19.0219
   -7.5000  -37.5000   15.0000 2548.1917   17.4030
    0.0000  -37.5000   15.0000 2564.3630   17.2839
    7.5000  -37.5000   15.0000 2516.9270   17.6557
   -7.5000  -30.0000   15.0000 2622.6902   16.4317
    0.0000  -30.0000   15.0000 2645.7458   16.3096
    7.5000  -30.0000   15.0000 2600.5510   16.7073
   -7.5000  -22.5000   15.0000 2684.0972   15.7450
    0.0000  -22.5000   15.0000 2709.2886   15.7074
    7.5000  -22.5000   15.0000 2661.9839   16.0932
   -7.5000  -15.0000   15.0000 2718.6165   15.4518
    0.0000  -15.0000   15.0000 2740.4160   15.4163
    7.5000  -15.0000   15.0000 2699.6580   15.8001
   -7.5000   -7.5000   15.0000 2719.7759   15.4959
    0.0000   -7.5000   15.0000 2742.0820   15.4452
    7.5000   -7.5000   15.0000 2700.4414   15.8381
   -7.5000    0.0000   15.0000 2681.9231   15.9052
    0.0000    0.0000   15.0000 2701.2058   15.9147
    7.5000    0.0000   15.0000 2662.3003   16.2966
   -7.5000    7.5000   15.0000 2609.7949   16.5761
    0.0000    7.5000   15.0000 2628.4321   16.5962
    7.5000    7.5000   15.0000 2590.3755   16.9640
   -7.5000   15.0000   15.0000 2522.4419   17.5359
    0.0000   15.0000   15.0000 2535.6726   17.5712
    7.5000   15.0000   15.0000 2504.5435   17.9013
   -7.5000   22.5000   15.0000 2412.5713   18.7315
    0.0000   22.5000   15.0000 2424.2947   18.7579
    7.5000   22.5000   15.0000 2391.6216   19.0963
   -7.5000   30.0000   15.0000 2283.7551   20.1709
    0.0000   30.0000   15.0000 2291.2014   20.1872
    7.5000   30.0000   15.0000 2257.2539   20.5620
   -7.5000   37.5000   15.0000 2147.8289   22.2475
    0.0000   37.5000   15.0000 2150.6260   22.2232
    7.5000   37.5000   15.0000 2127.1035   22.6557
   -7.5000   45.0000   15.0000 2005.7249   25.0308
    0.0000   45.0000   15.0000 2007.1122   24.9655
    7.5000   45.0000   15.0000 1981.8616   25.5228
   -7.5000  -45.0000   22.5000 2389.9504   19.8841
    0.0000  -45.0000   22.5000 2404.0684   19.7579
    7.5000  -45.0000   22.5000 2361.0078   20.1629
   -7.5000  -37.5000   22.5000 2487.1230   18.4688
    0.0000  -37.5000   22.5000 2503.9397   18.3546
    7.5000  -37.5000   22.5000 2462.8188   18.7478
   -7.5000  -30.0000   22.5000 2559.8489   17.4923
    0.0000  -30.0000   22.5000 2582.6980   17.3992
    7.5000  -30.0000   22.5000 2543.4280   17.8009
   -7.5000  -22.5000   22.5000 2606.1958   16.8352
    0.0000  -22.5000   22.5000 2628.3584   16.8049
    7.5000  -22.5000   22.5000 2594.1130   17.1924
   -7.5000  -15.0000   22.5000 2625.6577   16.5238
    0.0000  -15.0000   22.5000 2647.7439   16.4976
    7.5000  -15.0000   22.5000 2615.1582   16.8961
   -7.5000   -7.5000   22.5000 2625.0295   16.5430
    0.0000   -7.5000   22.5000 2645.2451   16.5055
    7.5000   -7.5000   22.5000 2613.1501   16.8885
   -7.5000    0.0000   22.5000 2596.1580   16.9621
    0.0000    0.0000   22.5000 2614.0544   16.9374
    7.5000    0.0000   22.5000 2578.9705   17.3145
   -7.5000    7.5000   22.5000 2525.1853   17.6696
    0.0000    7.5000   22.5000 2543.6426   17.6587
    7.5000    7.5000   22.5000 2511.2683   18.0197
   -7.5000   15.0000   22.5000 2438.7402   18.5705
    0.0000   15.0000   22.5000 2447.8867   18.5923
    7.5000   15.0000   22.5000 2421.0061   18.9301
   -7.5000   22.5000   22.5000 2329.2751   19.7528
    0.0000   22.5000   22.5000 2340.7747   19.7866
    7.5000   22.5000   22.5000 2318.1492   20.1410
   -7.5000   30.0000   22.5000 2205.8364   21.2724
    0.0000   30.0000   22.5000 2214.6853   21.2839
    7.5000   30.0000   22.5000 2196.2402   21.6644
   -7.5000   37.5000   22.5000 2079.1533   23.2469
    0.0000   37.5000   22.5000 2084.1040   23.2552
    7.5000   37.5000   22.5000 2062.9360   23.7233
   -7.5000   45.0000   22.5000 1950.9136   26.0537
    0.0000   45.0000   22.5000 1954.8215   26.0104
    7.5000   45.0000   22.5000 1927.2155   26.5539
   -7.5000  -45.0000   30.0000 2321.1804   21.3038
    0.0000  -45.0000   30.0000 2339.0720   21.1432
    7.5000  -45.0000   30.0000 2298.5591   21.5385
   -7.5000  -37.5000   30.0000 2416.8757   19.8138
    0.0000  -37.5000   30.0000 2429.1384   19.6614
    7.5000  -37.5000   30.0000 2390.6504   20.0471
   -7.5000  -30.0000   30.0000 2475.5544   18.8086
    0.0000  -30.0000   30.0000 2495.0249   18.7389
    7.5000  -30.0000   30.0000 2460.5583   19.1140
   -7.5000  -22.5000   30.0000 2505.8079   18.1417
    0.0000  -22.5000   30.0000 2525.5764   18.1091
    7.5000  -22.5000   30.0000 2500.1287   18.5031
   -7.5000  -15.0000   30.0000 2516.3215   17.8277
    0.0000  -15.0000   30.0000 2536.6426   17.7981
    7.5000  -15.0000   30.0000 2515.2498   18.2178
   -7.5000   -7.5000   30.0000 2516.8828   17.8034
    0.0000   -7.5000   30.0000 2533.5737   17.7844
    7.5000   -7.5000   30.0000 2509.9888   18.1516
   -7.5000    0.0000   30.0000 2493.8704   18.2254
    0.0000    0.0000   30.0000 2507.2542   18.2233
    7.5000    0.0000   30.0000 2478.9731   18.5567
   -7.5000    7.5000   30.0000 2433.6689   18.9748
    0.0000    7.5000   30.0000 2447.8394   18.9643
    7.5000    7.5000   30.0000 2416.4749   19.2483
   -7.5000   15.0000   30.0000 2343.1062   19.8625
    0.0000   15.0000   30.0000 2357.8208   19.8887
    7.5000   15.0000   30.0000 2330.7271   20.1598
   -7.5000   22.5000   30.0000 2240.7783   21.0370
    0.0000   22.5000   30.0000 2252.6597   21.0483
    7.5000   22.5000   30.0000 2233.8567   21.3310
   -7.5000   30.0000   30.0000 2127.8503   22.5698
    0.0000   30.0000   30.0000 2135.6755   22.5799
    7.5000   30.0000   30.0000 2115.3093   22.9571
   -7.5000   37.5000   30.0000 2003.1183   24.5999
    0.0000   37.5000   30.0000 2010.1527   24.5890
    7.5000   37.5000   30.0000 1990.4346   25.0930
   -7.5000   45.0000   30.0000 1877.8452   27.3393
    0.0000   45.0000   30.0000 1882.8933   27.4060
    7.5000   45.0000   30.0000 1858.1016   27.9085
   -7.5000  -45.0000   37.5000 2244.7009   22.9909
    0.0000  -45.0000   37.5000 2255.9834   22.8069
    7.5000  -45.0000   37.5000 2222.2988   23.1476
   -7.5000  -37.5000   37.5000 2333.6721   21.3946
    0.0000  -37.5000   37.5000 2345.3794   21.2614
    7.5000  -37.5000   37.5000 2311.9026   21.6112
   -7.5000  -30.0000   37.5000 2387.0100   20.3551
    0.0000  -30.0000   37.5000 2406.4619   20.2891
    7.5000  -30.0000   37.5000 2376.0916   20.6450
   -7.5000  -22.5000   37.5000 2414.2263   19.6825
    0.0000  -22.5000   37.5000 2436.5554   19.6198
    7.5000  -22.5000   37.5000 2418.6824   20.0127
   -7.5000  -15.0000   37.5000 2418.5964   19.3360
    0.0000  -15.0000   37.5000 2444.0435   19.3101
    7.5000  -15.0000   37.5000 2430.0032   19.7105
   -7.5000   -7.5000   37.5000 2415.9214   19.2454
    0.0000   -7.5000   37.5000 2433.3767   19.2218
    7.5000   -7.5000   37.5000 2417.5920   19.5941
   -7.5000    0.0000   37.5000 2384.4905   19.7255
    0.0000    0.0000   37.5000 2397.7998   19.6789
    7.5000    0.0000   37.5000 2381.3379   20.0065
   -7.5000    7.5000   37.5000 2325.6560   20.4977
    0.0000    7.5000   37.5000 2335.8508   20.4787
    7.5000    7.5000   37.5000 2315.8440   20.6953
   -7.5000   15.0000   37.5000 2244.8496   21.4274
    0.0000   15.0000   37.5000 2251.2366   21.4336
    7.5000   15.0000   37.5000 2232.7964   21.6484
   -7.5000   22.5000   37.5000 2154.3154   22.5797
    0.0000   22.5000   37.5000 2159.3303   22.6043
    7.5000   22.5000   37.5000 2138.6504   22.8728
   -7.5000   30.0000   37.5000 2046.0045   24.2590
    0.0000   30.0000   37.5000 2054.2983   24.2975
    7.5000   30.0000   37.5000 2033.1724   24.6510
   -7.5000   37.5000   37.5000 1924.6721   26.4193
    0.0000   37.5000   37.5000 1934.8651   26.3630
    7.5000   37.5000   37.5000 1912.0193   26.8721
   -7.5000   45.0000   37.5000 1800.6050   29.3240
    0.0000   45.0000   37.5000 1815.4194   29.3224
    7.5000   45.0000   37.5000 1789.5851   29.9049
   -7.5000  -45.0000   45.0000 2156.5466   24.9924
    0.0000  -45.0000   45.0000 2163.1018   24.7861
    7.5000  -45.0000   45.0000 2138.5579   25.1389
   -7.5000  -37.5000   45.0000 2233.3416   23.3021
    0.0000  -37.5000   45.0000 2244.7854   23.1393
    7.5000  -37.5000   45.0000 2224.7163   23.5043
   -7.5000  -30.0000   45.0000 2282.2561   22.1621
    0.0000  -30.0000   45.0000 2296.9561   22.0079
    7.5000  -30.0000   45.0000 2284.9209   22.3995
   -7.5000  -22.5000   45.0000 2312.3662   21.4513
    0.0000  -22.5000   45.0000 2329.4058   21.3089
    7.5000  -22.5000   45.0000 2322.4272   21.6836
   -7.5000  -15.0000   45.0000 2319.3445   21.0018
    0.0000  -15.0000   45.0000 2335.8799   20.9559
    7.5000  -15.0000   45.0000 2330.4517   21.3068
   -7.5000   -7.5000   45.0000 2311.6182   20.9349
    0.0000   -7.5000   45.0000 2319.6589   20.8680
    7.5000   -7.5000   45.0000 2312.6157   21.2214
   -7.5000    0.0000   45.0000 2269.8879   21.3868
    0.0000    0.0000   45.0000 2278.0791   21.3474
    7.5000    0.0000   45.0000 2267.2861   21.6550
   -7.5000    7.5000   45.0000 2213.8037   22.1478
    0.0000    7.5000   45.0000 2223.7781   22.1062
    7.5000    7.5000   45.0000 2210.5918   22.3964
   -7.5000   15.0000   45.0000 2141.0872   23.2037
    0.0000   15.0000   45.0000 2149.5295   23.1492
    7.5000   15.0000   45.0000 2134.5369   23.3991
   -7.5000   22.5000   45.0000 2053.3457   24.4518
    0.0000   22.5000   45.0000 2062.2253   24.3702
    7.5000   22.5000   45.0000 2042.9492   24.6518
   -7.5000   30.0000   45.0000 1949.5546   26.2260
    0.0000   30.0000   45.0000 1961.5741   26.2441
    7.5000   30.0000   45.0000 1940.0746   26.6489
   -7.5000   37.5000   45.0000 1838.8259   28.6257
    0.0000   37.5000   45.0000 1849.5184   28.5903
    7.5000   37.5000   45.0000 1828.1456   29.1146
   -7.5000   45.0000   45.0000 1718.6255   31.8870
    0.0000   45.0000   45.0000 1724.5669   31.7766
    7.5000   45.0000   45.0000 1707.3546   32.3739

---------------------------------------------------------------------
imgreg_4dfp /opt/freesurfer/average/711-2C_as_mni_average_305 /opt/freesurfer/average/711-2B_as_mni_average_305_mask talsrcimg_g11 none talsrcimg_to_711-2C_as_mni_average_305_t4 1283
---------------------------------------------------------------------

freesurfer imgreg_4dfp.c
/opt/freesurfer/average/711-2C_as_mni_average_305.4dfp.img
       256       256       256         1
  1.000000  1.000000  1.000000
orientation T byte_order littleendian
Reading image: /opt/freesurfer/average/711-2C_as_mni_average_305.4dfp.img
dimensions:      256       256       256
mmppix:       1.0000   -1.0000   -1.0000
center:     128.0000 -129.0000 -129.0000
/opt/freesurfer/average/711-2B_as_mni_average_305_mask.4dfp.img
       256       256       256         1
  1.000000  1.000000  1.000000
orientation T byte_order littleendian
Reading mask: /opt/freesurfer/average/711-2B_as_mni_average_305_mask.4dfp.img (2306576 pixels)
talsrcimg_g11.4dfp.img
       256       256       256         1
  1.000000  1.000000  1.000000
orientation T byte_order littleendian
Reading image: talsrcimg_g11.4dfp.img
dimensions:      256       256       256
mmppix:       1.0000   -1.0000   -1.0000
center:     128.0000 -129.0000 -129.0000
rotation matrix determinant  1.000000
fimgreg.f
image alignment mode   1283 decimal      503 hex
parameters
    0.0000   -7.5000   -7.5000    0.0000    0.0000    0.0000
eta,q 0.91504 13.18094
niter,ni,del,rscale     5    3   12.0000    1.2000
parameter  3 -0.667046 -> -0.500000 qaram    1.1500
parameter  4 -2.603405 -> -0.500000 qaram    1.1500
parameters
   -0.7885   -8.2135   -4.0500    3.4500   -0.9971   -2.0021
eta,q 0.91878 13.52304
  0.0942  0.0895  0.0895  0.0863  0.0869  0.0835
  0.0894  0.0838  0.0917  0.0851  0.0842  0.0818
  0.0864  0.0835  0.0903  0.0849  0.0821  0.0812
  0.0864  0.0858  0.0850  0.0849  0.0821  0.0818
  0.0881  0.0871  0.0838  0.0829  0.0844  0.0835
  0.0928  0.0872  0.0845  0.0821  0.0876  0.0862
  0.1004  0.0891  0.0872  0.0829  0.0904  0.0898
niter,ni,del,rscale     6    3   12.0000    1.2000
parameters
   -1.1778   -9.3147   -4.9647    1.6366   -1.3022   -2.3494
eta,q 0.91779 13.29557
  0.0943  0.0875  0.0887  0.0830  0.0879  0.0868
  0.0883  0.0827  0.0863  0.0824  0.0852  0.0846
  0.0833  0.0818  0.0823  0.0821  0.0830  0.0829
  0.0812  0.0814  0.0816  0.0817  0.0821  0.0821
  0.0836  0.0836  0.0828  0.0821  0.0829  0.0826
  0.0905  0.0886  0.0896  0.0844  0.0858  0.0851
  0.0989  0.0925  0.0948  0.0874  0.0895  0.0886
niter,ni,del,rscale     5    3   12.0000    1.2000
parameters
   -1.2986   -8.7199   -5.4706    0.9744   -1.3286   -2.5048
eta,q 0.91769 13.26033
  0.0945  0.0928  0.0883  0.0848  0.0884  0.0870
  0.0889  0.0852  0.0884  0.0831  0.0855  0.0847
  0.0843  0.0818  0.0831  0.0828  0.0833  0.0830
  0.0822  0.0823  0.0823  0.0821  0.0823  0.0823
  0.0834  0.0828  0.0829  0.0819  0.0828  0.0828
  0.0888  0.0852  0.0875  0.0839  0.0853  0.0848
  0.0964  0.0874  0.0927  0.0869  0.0889  0.0878
niter,ni,del,rscale     4    3   12.0000    1.2000
parameters
   -1.2547   -8.4399   -5.8099    0.5885   -1.4189   -2.6199
eta,q 0.91763 13.23574
  0.0947  0.0908  0.0879  0.0853  0.0884  0.0868
  0.0894  0.0837  0.0896  0.0834  0.0853  0.0846
  0.0848  0.0814  0.0841  0.0830  0.0831  0.0830
  0.0823  0.0823  0.0824  0.0823  0.0824  0.0824
  0.0831  0.0835  0.0834  0.0820  0.0830  0.0829
  0.0881  0.0854  0.0867  0.0837  0.0855  0.0847
  0.0956  0.0869  0.0923  0.0869  0.0889  0.0874
niter,ni,del,rscale     3    3   12.0000    1.2000
parameters
   -1.2105   -8.2531   -6.0233    0.2595   -1.5091   -2.7053
eta,q 0.91753 13.21905
  0.0944  0.0900  0.0876  0.0855  0.0884  0.0867
  0.0894  0.0831  0.0903  0.0836  0.0853  0.0847
  0.0849  0.0812  0.0851  0.0832  0.0832  0.0831
  0.0824  0.0823  0.0824  0.0824  0.0825  0.0825
  0.0831  0.0837  0.0838  0.0821  0.0831  0.0829
  0.0880  0.0852  0.0863  0.0837  0.0855  0.0846
  0.0954  0.0866  0.0919  0.0870  0.0888  0.0871
niter,ni,del,rscale     2    3   12.0000    1.2000
parameters
   -1.1765   -8.1004   -6.1511    0.0070   -1.6114   -2.7383
eta,q 0.91743 13.21119
  0.0942  0.0898  0.0876  0.0856  0.0885  0.0867
  0.0894  0.0829  0.0907  0.0837  0.0853  0.0847
  0.0851  0.0812  0.0857  0.0834  0.0833  0.0832
  0.0825  0.0824  0.0825  0.0825  0.0826  0.0826
  0.0831  0.0838  0.0841  0.0822  0.0833  0.0830
  0.0879  0.0852  0.0862  0.0835  0.0857  0.0846
  0.0954  0.0864  0.0918  0.0870  0.0889  0.0870
niter,ni,del,rscale     1    3   12.0000    1.2000
parameters
   -1.1545   -7.9768   -6.2232   -0.1739   -1.6730   -2.7298
eta,q 0.91727 13.20781
  0.0941  0.0895  0.0876  0.0858  0.0887  0.0867
  0.0894  0.0827  0.0910  0.0838  0.0855  0.0848
  0.0852  0.0812  0.0861  0.0836  0.0834  0.0834
  0.0826  0.0826  0.0827  0.0827  0.0827  0.0827
  0.0832  0.0839  0.0843  0.0822  0.0835  0.0832
  0.0880  0.0851  0.0863  0.0835  0.0857  0.0847
  0.0955  0.0863  0.0918  0.0870  0.0889  0.0869
registration optimization eta report
parameter search radius
    6.0000    6.0000    6.9000    6.9000    6.0000    6.0000
100000*second partial in parameter space
       34.       16.       12.        8.       17.       11.
  0.0941  0.0895  0.0876  0.0858  0.0887  0.0867
  0.0894  0.0827  0.0910  0.0838  0.0855  0.0848
  0.0852  0.0812  0.0861  0.0836  0.0834  0.0834
  0.0826  0.0826  0.0827  0.0827  0.0827  0.0827
  0.0832  0.0839  0.0843  0.0822  0.0835  0.0832
  0.0880  0.0851  0.0863  0.0835  0.0857  0.0847
  0.0955  0.0863  0.0918  0.0870  0.0889  0.0869
   -1.1545   -7.9768   -6.2232   -0.1739   -1.6730   -2.7298
eta,q 0.91727 13.20781

---------------------------------------------------------------------
imgreg_4dfp /opt/freesurfer/average/711-2C_as_mni_average_305 /opt/freesurfer/average/711-2B_as_mni_average_305_mask talsrcimg_g11 none talsrcimg_to_711-2C_as_mni_average_305_t4 3335
---------------------------------------------------------------------

freesurfer imgreg_4dfp.c
/opt/freesurfer/average/711-2C_as_mni_average_305.4dfp.img
       256       256       256         1
  1.000000  1.000000  1.000000
orientation T byte_order littleendian
Reading image: /opt/freesurfer/average/711-2C_as_mni_average_305.4dfp.img
dimensions:      256       256       256
mmppix:       1.0000   -1.0000   -1.0000
center:     128.0000 -129.0000 -129.0000
/opt/freesurfer/average/711-2B_as_mni_average_305_mask.4dfp.img
       256       256       256         1
  1.000000  1.000000  1.000000
orientation T byte_order littleendian
Reading mask: /opt/freesurfer/average/711-2B_as_mni_average_305_mask.4dfp.img (2306576 pixels)
talsrcimg_g11.4dfp.img
       256       256       256         1
  1.000000  1.000000  1.000000
orientation T byte_order littleendian
Reading image: talsrcimg_g11.4dfp.img
dimensions:      256       256       256
mmppix:       1.0000   -1.0000   -1.0000
center:     128.0000 -129.0000 -129.0000
fimgreg.f
image alignment mode   3335 decimal      D07 hex
parameters
   -1.1545   -7.9768   -6.2232   -0.1561   -0.1135   -0.0431
    4.7537    2.9306   -4.7605    0.1642   -2.9195   -0.3035
eta,q 0.91660 13.10571
niter,ni,del,rscale     5    3    5.0000    1.2000
parameter  3 -0.703671 -> -0.500000 qaram    1.1500
parameter  4  3.648591 ->  0.500000 qaram    1.1500
parameter  5  2.523281 ->  0.500000 qaram    1.1500
parameter  6  1.279978 ->  0.500000 qaram    1.1500
parameter  7  0.518176 ->  0.500000 qaram    1.1500
parameter  8 -1.268627 -> -0.500000 qaram    1.1500
parameter 11 -0.518229 -> -0.500000 qaram    1.1500
parameter 12 -0.658502 -> -0.500000 qaram    1.1500
parameters
   -0.3607   -8.4578   -4.8432   -4.2961   -4.2535   -4.1831
    0.6137    7.0706   -5.2778    0.0621    1.2205    3.8365
eta,q 0.93807 12.90422
  0.0857  0.0841  0.0847  0.0714  0.0680  0.0655  0.0668  0.0728  0.0648  0.0677  0.0668  0.0676
  0.0847  0.0834  0.0842  0.0744  0.0700  0.0666  0.0664  0.0706  0.0640  0.0653  0.0655  0.0657
  0.0840  0.0830  0.0835  0.0783  0.0725  0.0677  0.0664  0.0685  0.0636  0.0639  0.0644  0.0641
  0.0834  0.0831  0.0830  0.0827  0.0754  0.0707  0.0668  0.0664  0.0635  0.0635  0.0635  0.0629
  0.0831  0.0836  0.0828  0.0874  0.0791  0.0748  0.0677  0.0645  0.0638  0.0641  0.0629  0.0621
  0.0833  0.0843  0.0827  0.0924  0.0831  0.0784  0.0690  0.0633  0.0643  0.0656  0.0629  0.0619
  0.0840  0.0853  0.0828  0.0976  0.0868  0.0831  0.0705  0.0637  0.0652  0.0679  0.0635  0.0623
niter,ni,del,rscale     7    3    5.0000    1.2000
parameter  4  1.722474 ->  0.500000 qaram    1.3225
parameter  5  0.827217 ->  0.500000 qaram    1.3225
parameter 11  0.551894 ->  0.500000 qaram    1.3225
parameter 12 -1.303349 -> -0.500000 qaram    1.3225
parameters
   -0.7504   -8.6007   -5.6220   -9.0571   -9.0145   -8.0179
    3.7249    6.6846   -6.8223   -0.0974   -3.5405    8.5975
eta,q 0.94918 12.50171
  0.0641  0.0635  0.0627  0.0526  0.0525  0.0539  0.0570  0.0575  0.0528  0.0539  0.0522  0.0549
  0.0627  0.0625  0.0621  0.0543  0.0529  0.0535  0.0552  0.0546  0.0524  0.0530  0.0520  0.0540
  0.0619  0.0620  0.0618  0.0573  0.0536  0.0524  0.0538  0.0530  0.0523  0.0525  0.0521  0.0530
  0.0619  0.0618  0.0618  0.0618  0.0550  0.0530  0.0528  0.0523  0.0524  0.0523  0.0523  0.0520
  0.0627  0.0622  0.0624  0.0673  0.0571  0.0565  0.0523  0.0530  0.0526  0.0524  0.0526  0.0512
  0.0641  0.0629  0.0636  0.0731  0.0602  0.0629  0.0526  0.0552  0.0529  0.0530  0.0530  0.0507
  0.0660  0.0639  0.0656  0.0789  0.0644  0.0679  0.0535  0.0588  0.0534  0.0541  0.0537  0.0508
niter,ni,del,rscale     7    3    5.0000    1.2000
parameter  3  1.927253 ->  0.500000 qaram    1.3225
parameter  4  0.803984 ->  0.500000 qaram    1.5209
parameter  5  0.623314 ->  0.500000 qaram    1.5209
parameter  6  0.714123 ->  0.500000 qaram    1.3225
parameter 10  6.587710 ->  0.500000 qaram    1.1500
parameter 12 16.979525 ->  0.500000 qaram    1.5209
parameters
   -1.2392   -9.2349   -7.2090  -14.5322  -14.4896  -12.7789
    4.1192    6.2349   -7.1437   -4.2374   -1.3397    3.1223
eta,q 0.96185 12.05648
  0.0526  0.0514  0.0463  0.0439  0.0440  0.0419  0.0456  0.0463  0.0434  0.0398  0.0424  0.0369
  0.0513  0.0508  0.0472  0.0446  0.0443  0.0426  0.0442  0.0442  0.0430  0.0406  0.0418  0.0378
  0.0507  0.0505  0.0486  0.0457  0.0445  0.0436  0.0433  0.0431  0.0428  0.0417  0.0413  0.0392
  0.0508  0.0507  0.0505  0.0475  0.0448  0.0444  0.0428  0.0428  0.0428  0.0428  0.0409  0.0408
  0.0516  0.0512  0.0528  0.0512  0.0458  0.0464  0.0430  0.0434  0.0429  0.0440  0.0408  0.0424
  0.0530  0.0519  0.0553  0.0567  0.0473  0.0513  0.0438  0.0449  0.0432  0.0451  0.0410  0.0438
  0.0549  0.0529  0.0579  0.0631  0.0501  0.0566  0.0452  0.0471  0.0435  0.0462  0.0416  0.0449
niter,ni,del,rscale     7    3    5.0000    1.2000
parameter  2  1.262266 ->  0.500000 qaram    1.1500
parameter  3  2.368065 ->  0.500000 qaram    1.5209
parameters
   -0.7841  -10.6149   -9.0341  -16.8103  -16.6771  -14.5471
    3.6200    6.3839   -7.4522   -8.0088   -4.5510    2.5969
eta,q 0.97113 12.00587
  0.0425  0.0357  0.0269  0.0330  0.0331  0.0339  0.0331  0.0350  0.0313  0.0302  0.0296  0.0321
  0.0405  0.0359  0.0292  0.0309  0.0311  0.0320  0.0313  0.0324  0.0304  0.0292  0.0290  0.0304
  0.0390  0.0368  0.0322  0.0299  0.0299  0.0303  0.0302  0.0306  0.0299  0.0291  0.0289  0.0292
  0.0382  0.0380  0.0361  0.0299  0.0298  0.0297  0.0299  0.0298  0.0298  0.0298  0.0290  0.0289
  0.0381  0.0397  0.0408  0.0310  0.0312  0.0309  0.0305  0.0303  0.0301  0.0313  0.0296  0.0294
  0.0388  0.0416  0.0458  0.0335  0.0341  0.0345  0.0319  0.0321  0.0307  0.0333  0.0306  0.0307
  0.0402  0.0436  0.0505  0.0388  0.0372  0.0409  0.0340  0.0348  0.0315  0.0358  0.0320  0.0329
niter,ni,del,rscale     7    3    5.0000    1.2000
parameter  3  0.786518 ->  0.500000 qaram    1.7490
parameters
   -0.7686  -10.8023  -11.1329  -15.0308  -14.5142  -15.0757
    4.1907    6.7615   -5.6545   -6.6954   -5.2119    2.2321
eta,q 0.97418 12.17132
  0.0322  0.0317  0.0265  0.0327  0.0341  0.0318  0.0307  0.0326  0.0290  0.0315  0.0278  0.0294
  0.0304  0.0300  0.0264  0.0297  0.0311  0.0295  0.0284  0.0289  0.0277  0.0286  0.0265  0.0275
  0.0293  0.0291  0.0272  0.0276  0.0284  0.0275  0.0268  0.0268  0.0267  0.0268  0.0259  0.0263
  0.0289  0.0289  0.0288  0.0266  0.0264  0.0258  0.0261  0.0261  0.0261  0.0259  0.0258  0.0258
  0.0292  0.0294  0.0312  0.0264  0.0258  0.0249  0.0264  0.0267  0.0259  0.0260  0.0262  0.0264
  0.0304  0.0307  0.0346  0.0272  0.0273  0.0277  0.0276  0.0284  0.0263  0.0270  0.0271  0.0279
  0.0321  0.0326  0.0391  0.0299  0.0303  0.0370  0.0297  0.0313  0.0271  0.0287  0.0282  0.0299
niter,ni,del,rscale     7    3    5.0000    1.2000
parameters
   -0.9014  -10.8033  -12.3120  -15.3617  -13.4070  -15.5954
    4.0411    6.8701   -5.3910   -5.9914   -5.2081    1.8255
eta,q 0.97462 12.16532
  0.0290  0.0296  0.0283  0.0302  0.0326  0.0313  0.0293  0.0318  0.0276  0.0303  0.0278  0.0288
  0.0272  0.0275  0.0262  0.0276  0.0297  0.0288  0.0272  0.0280  0.0264  0.0276  0.0262  0.0270
  0.0261  0.0262  0.0254  0.0259  0.0272  0.0268  0.0258  0.0258  0.0257  0.0260  0.0255  0.0257
  0.0258  0.0258  0.0258  0.0253  0.0254  0.0251  0.0254  0.0254  0.0254  0.0254  0.0254  0.0254
  0.0264  0.0263  0.0275  0.0255  0.0254  0.0243  0.0259  0.0262  0.0255  0.0258  0.0257  0.0259
  0.0277  0.0276  0.0304  0.0271  0.0277  0.0273  0.0274  0.0281  0.0262  0.0269  0.0265  0.0274
  0.0298  0.0296  0.0343  0.0318  0.0307  0.0361  0.0297  0.0310  0.0273  0.0287  0.0275  0.0293
niter,ni,del,rscale     6    3    5.0000    1.2000
parameters
   -0.9709  -10.6733  -12.5811  -15.4757  -13.1231  -15.7436
    3.9878    6.8533   -5.4119   -5.6422   -5.2067    1.5413
eta,q 0.97460 12.15748
  0.0288  0.0296  0.0302  0.0303  0.0319  0.0316  0.0294  0.0316  0.0273  0.0299  0.0278  0.0289
  0.0269  0.0274  0.0273  0.0276  0.0292  0.0291  0.0273  0.0278  0.0263  0.0273  0.0262  0.0270
  0.0257  0.0260  0.0257  0.0259  0.0268  0.0270  0.0259  0.0258  0.0257  0.0258  0.0255  0.0258
  0.0254  0.0254  0.0254  0.0253  0.0254  0.0253  0.0254  0.0254  0.0254  0.0254  0.0254  0.0254
  0.0259  0.0257  0.0262  0.0255  0.0260  0.0243  0.0259  0.0263  0.0256  0.0259  0.0257  0.0259
  0.0271  0.0270  0.0283  0.0269  0.0286  0.0268  0.0273  0.0282  0.0263  0.0271  0.0265  0.0273
  0.0292  0.0289  0.0315  0.0312  0.0315  0.0349  0.0296  0.0312  0.0274  0.0289  0.0275  0.0292
niter,ni,del,rscale     5    3    5.0000    1.2000
parameters
   -0.9864  -10.6051  -12.6765  -15.5241  -13.0550  -15.7975
    3.9604    6.8586   -5.4368   -5.4742   -5.2087    1.4262
eta,q 0.97457 12.15264
  0.0289  0.0294  0.0307  0.0304  0.0317  0.0317  0.0295  0.0316  0.0273  0.0296  0.0278  0.0290
  0.0270  0.0273  0.0277  0.0277  0.0290  0.0292  0.0273  0.0279  0.0263  0.0271  0.0262  0.0271
  0.0258  0.0259  0.0259  0.0260  0.0267  0.0271  0.0259  0.0258  0.0257  0.0258  0.0255  0.0258
  0.0254  0.0254  0.0254  0.0254  0.0254  0.0254  0.0254  0.0254  0.0254  0.0254  0.0254  0.0254
  0.0258  0.0258  0.0261  0.0256  0.0262  0.0244  0.0259  0.0263  0.0256  0.0260  0.0258  0.0259
  0.0271  0.0271  0.0281  0.0270  0.0288  0.0267  0.0273  0.0282  0.0263  0.0273  0.0265  0.0272
  0.0290  0.0290  0.0311  0.0311  0.0317  0.0346  0.0295  0.0312  0.0274  0.0290  0.0275  0.0291
niter,ni,del,rscale     4    3    5.0000    1.2000
parameters
   -0.9888  -10.5651  -12.7154  -15.5445  -13.0505  -15.8230
    3.9482    6.8625   -5.4539   -5.3950   -5.2004    1.3790
eta,q 0.97456 12.14956
  0.0290  0.0293  0.0308  0.0304  0.0316  0.0318  0.0295  0.0316  0.0273  0.0295  0.0278  0.0290
  0.0270  0.0273  0.0278  0.0277  0.0290  0.0292  0.0274  0.0279  0.0263  0.0271  0.0262  0.0271
  0.0258  0.0259  0.0260  0.0260  0.0267  0.0271  0.0259  0.0258  0.0257  0.0258  0.0255  0.0259
  0.0254  0.0254  0.0254  0.0254  0.0254  0.0254  0.0254  0.0254  0.0254  0.0254  0.0254  0.0254
  0.0258  0.0259  0.0261  0.0256  0.0263  0.0244  0.0259  0.0263  0.0256  0.0260  0.0258  0.0259
  0.0271  0.0271  0.0280  0.0270  0.0289  0.0267  0.0273  0.0282  0.0263  0.0273  0.0265  0.0272
  0.0290  0.0291  0.0310  0.0311  0.0318  0.0345  0.0295  0.0312  0.0274  0.0291  0.0275  0.0291
niter,ni,del,rscale     3    3    5.0000    1.2000
parameters
   -0.9889  -10.5423  -12.7332  -15.5504  -13.0584  -15.8338
    3.9446    6.8671   -5.4675   -5.3595   -5.1975    1.3596
eta,q 0.97454 12.14796
  0.0290  0.0293  0.0309  0.0305  0.0316  0.0318  0.0295  0.0316  0.0273  0.0295  0.0278  0.0290
  0.0271  0.0272  0.0278  0.0277  0.0290  0.0292  0.0274  0.0279  0.0263  0.0271  0.0263  0.0271
  0.0258  0.0259  0.0260  0.0260  0.0267  0.0271  0.0260  0.0259  0.0257  0.0258  0.0255  0.0259
  0.0254  0.0254  0.0254  0.0254  0.0254  0.0254  0.0254  0.0254  0.0254  0.0255  0.0255  0.0255
  0.0259  0.0259  0.0261  0.0256  0.0263  0.0244  0.0259  0.0263  0.0256  0.0260  0.0258  0.0259
  0.0271  0.0272  0.0280  0.0270  0.0289  0.0267  0.0273  0.0283  0.0263  0.0273  0.0265  0.0272
  0.0290  0.0291  0.0309  0.0311  0.0318  0.0345  0.0295  0.0312  0.0274  0.0291  0.0275  0.0290
registration optimization eta report
parameter search radius
    2.4000    2.7600    4.1976   10.9503   10.9503    9.5220
    8.2800    8.2800    7.2000    8.2800    9.5220   10.9503
100000*second partial in parameter space
       62.       49.       31.        5.        5.        9.
        6.        9.        4.        6.        2.        3.
  0.0290  0.0293  0.0309  0.0305  0.0316  0.0318  0.0295  0.0316  0.0273  0.0295  0.0278  0.0290
  0.0271  0.0272  0.0278  0.0277  0.0290  0.0292  0.0274  0.0279  0.0263  0.0271  0.0263  0.0271
  0.0258  0.0259  0.0260  0.0260  0.0267  0.0271  0.0260  0.0259  0.0257  0.0258  0.0255  0.0259
  0.0254  0.0254  0.0254  0.0254  0.0254  0.0254  0.0254  0.0254  0.0254  0.0255  0.0255  0.0255
  0.0259  0.0259  0.0261  0.0256  0.0263  0.0244  0.0259  0.0263  0.0256  0.0260  0.0258  0.0259
  0.0271  0.0272  0.0280  0.0270  0.0289  0.0267  0.0273  0.0283  0.0263  0.0273  0.0265  0.0272
  0.0290  0.0291  0.0309  0.0311  0.0318  0.0345  0.0295  0.0312  0.0274  0.0291  0.0275  0.0290
   -0.9889  -10.5423  -12.7332  -15.5504  -13.0584  -15.8338
    3.9446    6.8671   -5.4675   -5.3595   -5.1975    1.3596
eta,q 0.97454 12.14796

---------------------------------------------------------------------
imgreg_4dfp /opt/freesurfer/average/711-2C_as_mni_average_305 /opt/freesurfer/average/711-2B_as_mni_average_305_mask talsrcimg_g11 none talsrcimg_to_711-2C_as_mni_average_305_t4 2311
---------------------------------------------------------------------

freesurfer imgreg_4dfp.c
/opt/freesurfer/average/711-2C_as_mni_average_305.4dfp.img
       256       256       256         1
  1.000000  1.000000  1.000000
orientation T byte_order littleendian
Reading image: /opt/freesurfer/average/711-2C_as_mni_average_305.4dfp.img
dimensions:      256       256       256
mmppix:       1.0000   -1.0000   -1.0000
center:     128.0000 -129.0000 -129.0000
/opt/freesurfer/average/711-2B_as_mni_average_305_mask.4dfp.img
       256       256       256         1
  1.000000  1.000000  1.000000
orientation T byte_order littleendian
Reading mask: /opt/freesurfer/average/711-2B_as_mni_average_305_mask.4dfp.img (2306576 pixels)
talsrcimg_g11.4dfp.img
       256       256       256         1
  1.000000  1.000000  1.000000
orientation T byte_order littleendian
Reading image: talsrcimg_g11.4dfp.img
dimensions:      256       256       256
mmppix:       1.0000   -1.0000   -1.0000
center:     128.0000 -129.0000 -129.0000
fimgreg.f
image alignment mode   2311 decimal      907 hex
parameters
   -0.9889  -10.5423  -12.7332  -15.5504  -13.0584  -15.8338
    3.9446    6.8671   -5.4675   -5.3595   -5.1975    1.3596
eta,q 0.97454 12.14795
niter,ni,del,rscale     5    3    5.0000    0.8000
parameter  6 -0.711481 -> -0.500000 qaram    1.1500
parameters
   -0.9908  -10.5452  -12.7672  -14.6516  -12.7804  -13.0738
    4.1634    7.5908   -5.2049   -5.5228   -4.3216    0.6572
eta,q 0.97558 12.28129
  0.0271  0.0268  0.0262  0.0264  0.0274  0.0282  0.0262  0.0282  0.0255  0.0260  0.0257  0.0251
  0.0262  0.0261  0.0258  0.0259  0.0265  0.0272  0.0253  0.0263  0.0250  0.0250  0.0250  0.0247
  0.0256  0.0256  0.0255  0.0256  0.0258  0.0262  0.0247  0.0250  0.0246  0.0245  0.0246  0.0244
  0.0255  0.0255  0.0254  0.0255  0.0254  0.0254  0.0245  0.0245  0.0245  0.0245  0.0244  0.0244
  0.0256  0.0256  0.0256  0.0254  0.0255  0.0247  0.0246  0.0246  0.0245  0.0247  0.0245  0.0246
  0.0262  0.0261  0.0258  0.0256  0.0261  0.0245  0.0251  0.0252  0.0248  0.0253  0.0247  0.0250
  0.0271  0.0268  0.0263  0.0259  0.0271  0.0250  0.0259  0.0264  0.0253  0.0261  0.0249  0.0256
niter,ni,del,rscale     5    3    5.0000    0.8000
parameters
   -1.0280  -10.7419  -12.4355  -14.0600  -13.0023  -13.4095
    4.2698    7.2604   -5.3711   -5.7510   -4.6244    1.0092
eta,q 0.97560 12.30657
  0.0261  0.0255  0.0259  0.0254  0.0261  0.0272  0.0260  0.0266  0.0253  0.0259  0.0251  0.0254
  0.0251  0.0248  0.0251  0.0249  0.0252  0.0261  0.0252  0.0252  0.0248  0.0250  0.0246  0.0249
  0.0246  0.0245  0.0247  0.0245  0.0246  0.0251  0.0247  0.0245  0.0245  0.0245  0.0244  0.0245
  0.0244  0.0244  0.0244  0.0244  0.0243  0.0243  0.0245  0.0245  0.0244  0.0244  0.0244  0.0244
  0.0246  0.0247  0.0244  0.0243  0.0246  0.0241  0.0246  0.0249  0.0246  0.0247  0.0246  0.0244
  0.0252  0.0253  0.0246  0.0245  0.0253  0.0256  0.0251  0.0258  0.0249  0.0253  0.0248  0.0247
  0.0262  0.0263  0.0250  0.0250  0.0266  0.0295  0.0259  0.0272  0.0255  0.0261  0.0252  0.0252
niter,ni,del,rscale     4    3    5.0000    0.7000
parameters
   -1.0188  -10.8103  -12.3672  -14.0886  -12.9327  -13.1930
    4.2888    7.3097   -5.2242   -5.9511   -4.6808    1.0586
eta,q 0.97569 12.31373
  0.0257  0.0254  0.0253  0.0250  0.0259  0.0269  0.0255  0.0264  0.0251  0.0255  0.0249  0.0250
  0.0250  0.0248  0.0248  0.0247  0.0252  0.0260  0.0249  0.0252  0.0247  0.0248  0.0245  0.0246
  0.0246  0.0245  0.0245  0.0245  0.0247  0.0251  0.0245  0.0245  0.0244  0.0244  0.0243  0.0244
  0.0244  0.0244  0.0244  0.0244  0.0244  0.0244  0.0243  0.0243  0.0243  0.0243  0.0243  0.0243
  0.0245  0.0246  0.0245  0.0244  0.0245  0.0241  0.0244  0.0246  0.0244  0.0245  0.0244  0.0244
  0.0250  0.0250  0.0247  0.0246  0.0250  0.0248  0.0248  0.0252  0.0246  0.0250  0.0246  0.0246
  0.0257  0.0257  0.0251  0.0251  0.0259  0.0273  0.0255  0.0262  0.0251  0.0256  0.0249  0.0250
niter,ni,del,rscale     3    3    5.0000    0.6000
parameters
   -1.0274  -10.8634  -12.3169  -13.9834  -12.9057  -12.8435
    4.3196    7.3937   -5.1450   -6.0470   -4.5449    1.0669
eta,q 0.97581 12.32903
  0.0253  0.0251  0.0250  0.0248  0.0255  0.0264  0.0251  0.0259  0.0248  0.0251  0.0247  0.0247
  0.0247  0.0246  0.0246  0.0245  0.0249  0.0256  0.0246  0.0249  0.0245  0.0246  0.0244  0.0244
  0.0244  0.0244  0.0244  0.0244  0.0245  0.0249  0.0243  0.0243  0.0243  0.0243  0.0242  0.0242
  0.0243  0.0243  0.0243  0.0243  0.0243  0.0243  0.0242  0.0242  0.0242  0.0242  0.0242  0.0242
  0.0244  0.0244  0.0244  0.0243  0.0244  0.0241  0.0243  0.0244  0.0243  0.0243  0.0243  0.0242
  0.0248  0.0248  0.0245  0.0245  0.0248  0.0246  0.0246  0.0249  0.0244  0.0247  0.0244  0.0244
  0.0253  0.0253  0.0249  0.0248  0.0255  0.0263  0.0251  0.0256  0.0248  0.0252  0.0246  0.0247
niter,ni,del,rscale     2    3    5.0000    0.5000
parameters
   -1.0474  -10.9050  -12.2773  -13.8064  -12.9060  -12.4871
    4.3708    7.4756   -5.1243   -6.1332   -4.3229    1.0347
eta,q 0.97590 12.34509
  0.0249  0.0248  0.0247  0.0246  0.0250  0.0258  0.0248  0.0253  0.0245  0.0248  0.0245  0.0245
  0.0245  0.0244  0.0244  0.0244  0.0246  0.0252  0.0244  0.0246  0.0243  0.0244  0.0243  0.0242
  0.0243  0.0243  0.0243  0.0243  0.0243  0.0246  0.0242  0.0242  0.0242  0.0241  0.0242  0.0241
  0.0242  0.0242  0.0242  0.0242  0.0242  0.0242  0.0241  0.0241  0.0241  0.0241  0.0241  0.0241
  0.0243  0.0243  0.0242  0.0242  0.0243  0.0240  0.0242  0.0242  0.0241  0.0242  0.0241  0.0241
  0.0245  0.0245  0.0244  0.0243  0.0246  0.0244  0.0244  0.0246  0.0243  0.0245  0.0242  0.0243
  0.0249  0.0249  0.0246  0.0245  0.0251  0.0256  0.0247  0.0252  0.0245  0.0248  0.0244  0.0245
niter,ni,del,rscale     1    3    5.0000    0.4000
parameters
   -1.0783  -10.9412  -12.2578  -13.6566  -12.9120  -12.1644
    4.4241    7.5406   -5.1210   -6.1946   -4.1198    0.9968
eta,q 0.97597 12.35763
  0.0245  0.0245  0.0244  0.0243  0.0246  0.0253  0.0245  0.0249  0.0243  0.0245  0.0243  0.0243
  0.0243  0.0243  0.0242  0.0242  0.0243  0.0248  0.0242  0.0244  0.0242  0.0242  0.0242  0.0241
  0.0241  0.0241  0.0241  0.0241  0.0242  0.0244  0.0241  0.0241  0.0241  0.0241  0.0241  0.0240
  0.0241  0.0241  0.0241  0.0241  0.0241  0.0241  0.0240  0.0240  0.0240  0.0240  0.0240  0.0240
  0.0242  0.0241  0.0241  0.0241  0.0241  0.0240  0.0241  0.0241  0.0241  0.0241  0.0240  0.0241
  0.0243  0.0243  0.0242  0.0242  0.0243  0.0243  0.0242  0.0244  0.0242  0.0243  0.0241  0.0241
  0.0246  0.0245  0.0244  0.0243  0.0247  0.0250  0.0244  0.0248  0.0243  0.0245  0.0242  0.0243
registration optimization eta report
parameter search radius
    0.8000    0.8000    0.8000    2.4000    2.4000    2.7600
    2.4000    2.4000    2.4000    2.4000    2.4000    2.4000
100000*second partial in parameter space
       72.       63.       47.        4.       10.       14.
        7.       14.        5.        8.        4.        4.
  0.0245  0.0245  0.0244  0.0243  0.0246  0.0253  0.0245  0.0249  0.0243  0.0245  0.0243  0.0243
  0.0243  0.0243  0.0242  0.0242  0.0243  0.0248  0.0242  0.0244  0.0242  0.0242  0.0242  0.0241
  0.0241  0.0241  0.0241  0.0241  0.0242  0.0244  0.0241  0.0241  0.0241  0.0241  0.0241  0.0240
  0.0241  0.0241  0.0241  0.0241  0.0241  0.0241  0.0240  0.0240  0.0240  0.0240  0.0240  0.0240
  0.0242  0.0241  0.0241  0.0241  0.0241  0.0240  0.0241  0.0241  0.0241  0.0241  0.0240  0.0241
  0.0243  0.0243  0.0242  0.0242  0.0243  0.0243  0.0242  0.0244  0.0242  0.0243  0.0241  0.0241
  0.0246  0.0245  0.0244  0.0243  0.0247  0.0250  0.0244  0.0248  0.0243  0.0245  0.0242  0.0243
   -1.0783  -10.9412  -12.2578  -13.6566  -12.9120  -12.1644
    4.4241    7.5406   -5.1210   -6.1946   -4.1198    0.9968
eta,q 0.97597 12.35763

---------------------------------------------------------------------
imgreg_4dfp /opt/freesurfer/average/711-2C_as_mni_average_305 /opt/freesurfer/average/711-2B_as_mni_average_305_mask talsrcimg_g11 none talsrcimg_to_711-2C_as_mni_average_305_t4 2311
---------------------------------------------------------------------

freesurfer imgreg_4dfp.c
/opt/freesurfer/average/711-2C_as_mni_average_305.4dfp.img
       256       256       256         1
  1.000000  1.000000  1.000000
orientation T byte_order littleendian
Reading image: /opt/freesurfer/average/711-2C_as_mni_average_305.4dfp.img
dimensions:      256       256       256
mmppix:       1.0000   -1.0000   -1.0000
center:     128.0000 -129.0000 -129.0000
/opt/freesurfer/average/711-2B_as_mni_average_305_mask.4dfp.img
       256       256       256         1
  1.000000  1.000000  1.000000
orientation T byte_order littleendian
Reading mask: /opt/freesurfer/average/711-2B_as_mni_average_305_mask.4dfp.img (2306576 pixels)
talsrcimg_g11.4dfp.img
       256       256       256         1
  1.000000  1.000000  1.000000
orientation T byte_order littleendian
Reading image: talsrcimg_g11.4dfp.img
dimensions:      256       256       256
mmppix:       1.0000   -1.0000   -1.0000
center:     128.0000 -129.0000 -129.0000
fimgreg.f
image alignment mode   2311 decimal      907 hex
parameters
   -1.0783  -10.9412  -12.2578  -13.6566  -12.9120  -12.1644
    4.4241    7.5406   -5.1210   -6.1946   -4.1198    0.9968
eta,q 0.97597 12.35763
niter,ni,del,rscale     5    3    5.0000    0.8000
parameters
   -1.1129  -10.9853  -12.2047  -14.1441  -13.1165  -12.7723
    4.3441    7.2564   -5.3134   -6.1257   -4.4908    1.2448
eta,q 0.97581 12.32217
  0.0258  0.0255  0.0254  0.0249  0.0259  0.0263  0.0257  0.0266  0.0251  0.0260  0.0249  0.0252
  0.0248  0.0247  0.0246  0.0244  0.0250  0.0254  0.0249  0.0251  0.0246  0.0249  0.0244  0.0247
  0.0242  0.0242  0.0242  0.0241  0.0243  0.0246  0.0244  0.0243  0.0243  0.0244  0.0242  0.0243
  0.0240  0.0240  0.0240  0.0240  0.0240  0.0241  0.0242  0.0242  0.0242  0.0242  0.0242  0.0242
  0.0243  0.0242  0.0242  0.0241  0.0243  0.0242  0.0244  0.0246  0.0243  0.0244  0.0244  0.0242
  0.0249  0.0248  0.0245  0.0245  0.0251  0.0258  0.0250  0.0256  0.0247  0.0250  0.0247  0.0245
  0.0260  0.0257  0.0252  0.0255  0.0263  0.0293  0.0258  0.0271  0.0253  0.0258  0.0251  0.0250
niter,ni,del,rscale     4    3    5.0000    0.7000
parameters
   -1.0479  -10.9128  -12.2272  -14.0675  -13.0491  -12.7932
    4.3312    7.3431   -5.2159   -6.1463   -4.5375    1.1679
eta,q 0.97582 12.32408
  0.0257  0.0255  0.0250  0.0249  0.0257  0.0262  0.0254  0.0264  0.0250  0.0255  0.0248  0.0249
  0.0249  0.0248  0.0245  0.0245  0.0250  0.0254  0.0247  0.0251  0.0246  0.0247  0.0244  0.0245
  0.0244  0.0244  0.0243  0.0243  0.0244  0.0247  0.0243  0.0244  0.0243  0.0243  0.0242  0.0242
  0.0242  0.0242  0.0242  0.0242  0.0242  0.0242  0.0242  0.0242  0.0242  0.0242  0.0242  0.0242
  0.0243  0.0243  0.0243  0.0242  0.0243  0.0241  0.0243  0.0244  0.0242  0.0244  0.0243  0.0243
  0.0247  0.0246  0.0246  0.0244  0.0248  0.0248  0.0247  0.0251  0.0245  0.0248  0.0245  0.0245
  0.0254  0.0252  0.0251  0.0249  0.0257  0.0269  0.0254  0.0261  0.0250  0.0254  0.0248  0.0249
niter,ni,del,rscale     3    3    5.0000    0.6000
parameters
   -1.0414  -10.9151  -12.2389  -13.9401  -12.9862  -12.5308
    4.3539    7.4390   -5.1619   -6.1471   -4.3760    1.0970
eta,q 0.97589 12.33660
  0.0252  0.0251  0.0248  0.0247  0.0254  0.0259  0.0250  0.0258  0.0247  0.0251  0.0247  0.0246
  0.0246  0.0246  0.0245  0.0244  0.0248  0.0252  0.0245  0.0248  0.0244  0.0245  0.0244  0.0243
  0.0243  0.0243  0.0242  0.0243  0.0244  0.0246  0.0242  0.0243  0.0242  0.0242  0.0242  0.0242
  0.0242  0.0242  0.0242  0.0242  0.0242  0.0242  0.0241  0.0241  0.0241  0.0241  0.0241  0.0241
  0.0243  0.0243  0.0243  0.0242  0.0243  0.0240  0.0242  0.0243  0.0242  0.0242  0.0242  0.0242
  0.0246  0.0246  0.0245  0.0243  0.0247  0.0245  0.0245  0.0248  0.0244  0.0246  0.0243  0.0244
  0.0252  0.0251  0.0248  0.0247  0.0254  0.0258  0.0250  0.0256  0.0247  0.0251  0.0246  0.0247
niter,ni,del,rscale     2    3    5.0000    0.5000
parameters
   -1.0626  -10.9361  -12.2408  -13.7772  -12.9596  -12.2496
    4.3949    7.5121   -5.1565   -6.1828   -4.1857    1.0357
eta,q 0.97595 12.34979
  0.0248  0.0247  0.0246  0.0245  0.0249  0.0254  0.0247  0.0253  0.0245  0.0247  0.0245  0.0244
  0.0244  0.0244  0.0243  0.0243  0.0245  0.0249  0.0243  0.0246  0.0242  0.0243  0.0242  0.0242
  0.0242  0.0242  0.0242  0.0242  0.0242  0.0244  0.0241  0.0242  0.0241  0.0241  0.0241  0.0241
  0.0241  0.0241  0.0241  0.0241  0.0241  0.0241  0.0241  0.0240  0.0240  0.0240  0.0240  0.0240
  0.0242  0.0242  0.0242  0.0241  0.0242  0.0240  0.0241  0.0242  0.0241  0.0241  0.0241  0.0241
  0.0244  0.0244  0.0243  0.0242  0.0245  0.0243  0.0243  0.0245  0.0242  0.0244  0.0242  0.0242
  0.0249  0.0248  0.0246  0.0244  0.0250  0.0253  0.0247  0.0252  0.0245  0.0247  0.0244  0.0244
niter,ni,del,rscale     1    3    5.0000    0.4000
parameters
   -1.0912  -10.9597  -12.2312  -13.6725  -12.9437  -11.9850
    4.4400    7.5618   -5.1529   -6.2245   -4.0115    0.9932
eta,q 0.97600 12.35900
  0.0245  0.0244  0.0244  0.0243  0.0246  0.0250  0.0244  0.0248  0.0243  0.0245  0.0243  0.0242
  0.0242  0.0242  0.0242  0.0242  0.0243  0.0246  0.0242  0.0244  0.0241  0.0242  0.0241  0.0241
  0.0241  0.0241  0.0241  0.0241  0.0241  0.0243  0.0240  0.0241  0.0240  0.0240  0.0240  0.0240
  0.0241  0.0240  0.0240  0.0240  0.0240  0.0240  0.0240  0.0240  0.0240  0.0240  0.0240  0.0240
  0.0241  0.0241  0.0241  0.0241  0.0241  0.0240  0.0240  0.0241  0.0240  0.0241  0.0240  0.0240
  0.0243  0.0242  0.0242  0.0241  0.0243  0.0242  0.0242  0.0243  0.0241  0.0242  0.0241  0.0241
  0.0245  0.0245  0.0243  0.0243  0.0246  0.0248  0.0244  0.0248  0.0243  0.0245  0.0242  0.0242
registration optimization eta report
parameter search radius
    0.8000    0.8000    0.8000    2.4000    2.4000    2.4000
    2.4000    2.4000    2.4000    2.4000    2.4000    2.4000
100000*second partial in parameter space
       72.       63.       48.        4.       10.       15.
        7.       14.        5.        8.        5.        4.
  0.0245  0.0244  0.0244  0.0243  0.0246  0.0250  0.0244  0.0248  0.0243  0.0245  0.0243  0.0242
  0.0242  0.0242  0.0242  0.0242  0.0243  0.0246  0.0242  0.0244  0.0241  0.0242  0.0241  0.0241
  0.0241  0.0241  0.0241  0.0241  0.0241  0.0243  0.0240  0.0241  0.0240  0.0240  0.0240  0.0240
  0.0241  0.0240  0.0240  0.0240  0.0240  0.0240  0.0240  0.0240  0.0240  0.0240  0.0240  0.0240
  0.0241  0.0241  0.0241  0.0241  0.0241  0.0240  0.0240  0.0241  0.0240  0.0241  0.0240  0.0240
  0.0243  0.0242  0.0242  0.0241  0.0243  0.0242  0.0242  0.0243  0.0241  0.0242  0.0241  0.0241
  0.0245  0.0245  0.0243  0.0243  0.0246  0.0248  0.0244  0.0248  0.0243  0.0245  0.0242  0.0242
   -1.0912  -10.9597  -12.2312  -13.6725  -12.9437  -11.9850
    4.4400    7.5618   -5.1529   -6.2245   -4.0115    0.9932
eta,q 0.97600 12.35900

---------------------------------------------------------------------
compute_vox2vox talsrcimg talsrcimg_to_711-2C_as_mni_average_305_t4 /opt/freesurfer/average/711-2C_as_mni_average_305
---------------------------------------------------------------------

freesurfer compute_vox2vox.c
Reading: talsrcimg.4dfp.ifh
Reading: talsrcimg_to_711-2C_as_mni_average_305_t4
Reading: /opt/freesurfer/average/711-2C_as_mni_average_305.4dfp.ifh
Writing: talsrcimg_to_711-2C_as_mni_average_305_t4_vox2vox.txt

start time Mon Mar 9 21:15:48 CET 2026
end		time Mon Mar 9 21:17:16 CET 2026

mpr2mni305 success

avi2talxfm orig_nu.mgz /opt/freesurfer/average/mni305.cor.mgz talsrcimg_to_711-2C_as_mni_average_305_t4_vox2vox.txt transforms/talairach.auto.xfm
avi2talxfm done
mv -f /out/sourcedata/freesurfer/sub-v1s23x0050627_ses-1/mri/talsrcimg_to_711-2C_as_mni_average_305_t4_vox2vox.txt /out/sourcedata/freesurfer/sub-v1s23x0050627_ses-1/mri/transforms/talsrcimg_to_711-2C_as_mni_average_305_t4_vox2vox.txt
lta_convert --src orig_nu.mgz --trg /opt/freesurfer/average/mni305.cor.mgz --inxfm transforms/talairach.auto.xfm --outlta transforms/talairach.auto.xfm.lta --subject fsaverage
7.3.2

--src: orig_nu.mgz src image (geometry).
--trg: /opt/freesurfer/average/mni305.cor.mgz trg image (geometry).
--inmni: transforms/talairach.auto.xfm input MNI/XFM transform.
--outlta: transforms/talairach.auto.xfm.lta output LTA.
--s: fsaverage subject name
 LTA read, type : 1
 1.15017  -0.10288  -0.05749  -53.15715;
 0.05161   1.13064  -0.01553   63.47465;
 0.07177   0.07475   1.14417  -43.09233;
 0.00000   0.00000   0.00000   1.00000;
setting subject to fsaverage
Writing  LTA to file transforms/talairach.auto.xfm.lta...
lta_convert successful.
 
 
Started at Mon Mar 9 21:15:47 CET 2026
Ended   at Mon Mar  9 21:17:16 CET 2026
talairach_avi done
