/out/sourcedata/freesurfer/sub-v1s23x0050609_ses-1/mri
/opt/freesurfer/bin/talairach_avi
--i orig_nu.mgz --xfm transforms/talairach.auto.xfm
talairach_avi 7.3.2
Linux dna052 5.14.0-427.37.1.el9_4.x86_64 #1 SMP PREEMPT_DYNAMIC Fri Sep 13 12:41:50 EDT 2024 x86_64 x86_64 x86_64 GNU/Linux
Mon Mar  9 20:36:33 CET 2026
mri_convert orig_nu.mgz talsrcimg.img 
reading from orig_nu.mgz...
TR=0.00, TE=0.00, TI=0.00, flip angle=0.00
i_ras = (-1, 0, 0)
j_ras = (0, 0, -1)
k_ras = (0, 1, 0)
writing to talsrcimg.img...
Analyze Output Matrix
-1.00000   0.00000   0.00000   137.47145;
 0.00000   0.00000   1.00000  -175.31432;
 0.00000  -1.00000   0.00000   139.37334;
 0.00000   0.00000   0.00000   1.00000;
--------------------
INFO: set hdr.hist.orient to -1
mpr2mni305 talsrcimg
Mon Mar  9 20:36:33 CET 2026
/opt/freesurfer/bin/mpr2mni305 talsrcimg
mpr2mni305 7.3.2
target=711-2C_as_mni_average_305

---------------------------------------------------------------------
analyzeto4dfp talsrcimg -O0 -y
---------------------------------------------------------------------

freesurfer ifh2hdr.c
Mon Mar  9 20:36:34 2026
Writing: talsrcimg.4dfp.hdr
freesurfer analyzeto4dfp.c
Reading: talsrcimg.hdr
header size 348 bytes
hdr.dime.datatype	offset=70	value=2
hdr.dime.bitpix		offset=72	value=8
hdr.hist.orient		offset=252	value=-1
dimensionality     4
dimensions       256       256       256         1
Reading: talsrcimg.img
Writing: talsrcimg.4dfp.img
Writing: talsrcimg.4dfp.ifh
ifh2hdr talsrcimg -r0to222
ori=2

---------------------------------------------------------------------
gauss_4dfp talsrcimg 1.1
---------------------------------------------------------------------

freesurfer gauss_4dfp.c
Reading: talsrcimg.4dfp.img
Writing: talsrcimg_g11.4dfp.img
image dimensions 256 256 256 padded to 288 288 288
processing volume 1freesurfer ifh2hdr.c
Mon Mar  9 20:36:35 2026
Writing: talsrcimg_g11.4dfp.hdr

Writing: talsrcimg_g11.4dfp.ifh
including: talsrcimg.4dfp.img.rec in talsrcimg_g11.4dfp.img.rec

---------------------------------------------------------------------
imgreg_4dfp /opt/freesurfer/average/711-2C_as_mni_average_305 none talsrcimg_g11 none talsrcimg_to_711-2C_as_mni_average_305_t4 4355
---------------------------------------------------------------------

freesurfer imgreg_4dfp.c
/opt/freesurfer/average/711-2C_as_mni_average_305.4dfp.img
       256       256       256         1
  1.000000  1.000000  1.000000
orientation T byte_order littleendian
Reading image: /opt/freesurfer/average/711-2C_as_mni_average_305.4dfp.img
dimensions:      256       256       256
mmppix:       1.0000   -1.0000   -1.0000
center:     128.0000 -129.0000 -129.0000
talsrcimg_g11.4dfp.img
       256       256       256         1
  1.000000  1.000000  1.000000
orientation T byte_order littleendian
Reading image: talsrcimg_g11.4dfp.img
dimensions:      256       256       256
mmppix:       1.0000   -1.0000   -1.0000
center:     128.0000 -129.0000 -129.0000
t4_read: open error in t4_sub.f l:  41 t4_file(1:l)talsrcimg_to_711-2C_as_mni_average_305_t4 
t4_read: transform initialized to I4
rotation matrix determinant  1.000000
image alignment mode   4355 decimal     1103 hex
   -7.5000  -45.0000  -45.0000 6984.9570   25.3825
    0.0000  -45.0000  -45.0000 7247.5249   25.3874
    7.5000  -45.0000  -45.0000 6929.5703   25.3775
   -7.5000  -37.5000  -45.0000 7506.5166   25.3674
    0.0000  -37.5000  -45.0000 7795.5703   25.3721
    7.5000  -37.5000  -45.0000 7452.1650   25.3599
   -7.5000  -30.0000  -45.0000 8337.7822   25.3447
    0.0000  -30.0000  -45.0000 8663.0791   25.3533
    7.5000  -30.0000  -45.0000 8262.9258   25.3440
   -7.5000  -22.5000  -45.0000 9074.6396   25.3335
    0.0000  -22.5000  -45.0000 9430.7666   25.3458
    7.5000  -22.5000  -45.0000 8977.2227   25.3422
   -7.5000  -15.0000  -45.0000 9700.2480   25.3345
    0.0000  -15.0000  -45.000010064.4551   25.3456
    7.5000  -15.0000  -45.0000 9585.1309   25.3425
   -7.5000   -7.5000  -45.000010262.3896   25.3446
    0.0000   -7.5000  -45.000010641.1719   25.3525
    7.5000   -7.5000  -45.000010151.0977   25.3460
   -7.5000    0.0000  -45.000010740.2080   25.3585
    0.0000    0.0000  -45.000011165.7080   25.3639
    7.5000    0.0000  -45.000010666.3740   25.3539
   -7.5000    7.5000  -45.000010481.9473   25.3597
    0.0000    7.5000  -45.000010915.9297   25.3643
    7.5000    7.5000  -45.000010417.3193   25.3520
   -7.5000   15.0000  -45.000010102.4658   25.3447
    0.0000   15.0000  -45.000010530.7871   25.3532
    7.5000   15.0000  -45.000010046.7871   25.3440
   -7.5000   22.5000  -45.0000 9697.8770   25.3301
    0.0000   22.5000  -45.000010090.1338   25.3423
    7.5000   22.5000  -45.0000 9637.4072   25.3387
   -7.5000   30.0000  -45.0000 8970.7900   24.9969
    0.0000   30.0000  -45.0000 9309.0947   25.0078
    7.5000   30.0000  -45.0000 8890.5381   25.0047
   -7.5000   37.5000  -45.0000 8568.8438   25.0068
    0.0000   37.5000  -45.0000 8880.5186   25.0147
    7.5000   37.5000  -45.0000 8473.7676   25.0083
   -7.5000   45.0000  -45.0000 7854.6919   24.3853
    0.0000   45.0000  -45.0000 8150.4834   24.3904
    7.5000   45.0000  -45.0000 7779.2114   24.3808
   -7.5000  -45.0000  -37.5000 7440.9082   25.2457
    0.0000  -45.0000  -37.5000 7729.3057   25.2625
    7.5000  -45.0000  -37.5000 7370.9580   25.2584
   -7.5000  -37.5000  -37.5000 8025.8550   25.2402
    0.0000  -37.5000  -37.5000 8348.4453   25.2552
    7.5000  -37.5000  -37.5000 7962.7144   25.2434
   -7.5000  -30.0000  -37.5000 8892.9512   25.2347
    0.0000  -30.0000  -37.5000 9263.1514   25.2492
    7.5000  -30.0000  -37.5000 8835.0566   25.2343
   -7.5000  -22.5000  -37.5000 9642.0186   25.2311
    0.0000  -22.5000  -37.500010054.8525   25.2460
    7.5000  -22.5000  -37.5000 9579.3896   25.2363
   -7.5000  -15.0000  -37.500010303.7510   25.2242
    0.0000  -15.0000  -37.500010717.1133   25.2396
    7.5000  -15.0000  -37.500010212.5166   25.2357
   -7.5000   -7.5000  -37.500010882.3828   25.2166
    0.0000   -7.5000  -37.500011325.4131   25.2337
    7.5000   -7.5000  -37.500010790.0020   25.2325
   -7.5000    0.0000  -37.500011382.3857   25.2213
    0.0000    0.0000  -37.500011864.2100   25.2384
    7.5000    0.0000  -37.500011312.1660   25.2343
   -7.5000    7.5000  -37.500011118.6230   25.2324
    0.0000    7.5000  -37.500011565.7041   25.2474
    7.5000    7.5000  -37.500011041.9531   25.2354
   -7.5000   15.0000  -37.500010711.3369   25.2347
    0.0000   15.0000  -37.500011127.5703   25.2492
    7.5000   15.0000  -37.500010618.8838   25.2342
   -7.5000   22.5000  -37.500010260.9385   25.2276
    0.0000   22.5000  -37.500010660.8623   25.2426
    7.5000   22.5000  -37.500010169.2988   25.2328
   -7.5000   30.0000  -37.5000 9505.1748   24.8880
    0.0000   30.0000  -37.5000 9862.1748   24.9033
    7.5000   30.0000  -37.5000 9403.1719   24.8994
   -7.5000   37.5000  -37.5000 9046.1289   24.8806
    0.0000   37.5000  -37.5000 9383.5322   24.8974
    7.5000   37.5000  -37.5000 8937.9307   24.8963
   -7.5000   45.0000  -37.5000 8280.9961   24.2533
    0.0000   45.0000  -37.5000 8587.6045   24.2698
    7.5000   45.0000  -37.5000 8183.3823   24.2658
   -7.5000  -45.0000  -30.0000 8034.6206   26.2636
    0.0000  -45.0000  -30.0000 8345.0322   26.2877
    7.5000  -45.0000  -30.0000 7962.5474   26.2777
   -7.5000  -37.5000  -30.0000 8675.4316   26.2710
    0.0000  -37.5000  -30.0000 9015.5811   26.2911
    7.5000  -37.5000  -30.0000 8589.1318   26.2698
   -7.5000  -30.0000  -30.0000 9596.1973   26.2756
    0.0000  -30.0000  -30.0000 9985.9473   26.2917
    7.5000  -30.0000  -30.0000 9518.0791   26.2669
   -7.5000  -22.5000  -30.000010398.3799   26.2672
    0.0000  -22.5000  -30.000010821.6553   26.2835
    7.5000  -22.5000  -30.000010312.5732   26.2679
   -7.5000  -15.0000  -30.000011072.7178   26.2455
    0.0000  -15.0000  -30.000011524.4746   26.2656
    7.5000  -15.0000  -30.000010980.3047   26.2615
   -7.5000   -7.5000  -30.000011701.0088   26.2292
    0.0000   -7.5000  -30.000012184.0645   26.2536
    7.5000   -7.5000  -30.000011599.8125   26.2515
   -7.5000    0.0000  -30.000012274.9863   26.2381
    0.0000    0.0000  -30.000012784.4990   26.2625
    7.5000    0.0000  -30.000012170.2676   26.2523
   -7.5000    7.5000  -30.000011953.9492   26.2629
    0.0000    7.5000  -30.000012449.5645   26.2829
    7.5000    7.5000  -30.000011867.9785   26.2615
   -7.5000   15.0000  -30.000011518.7188   26.2756
    0.0000   15.0000  -30.000011970.8955   26.2917
    7.5000   15.0000  -30.000011420.2705   26.2669
   -7.5000   22.5000  -30.000011005.2285   26.2608
    0.0000   22.5000  -30.000011435.8789   26.2772
    7.5000   22.5000  -30.000010880.0098   26.2616
   -7.5000   30.0000  -30.000010215.5566   25.8982
    0.0000   30.0000  -30.000010591.7764   25.9181
    7.5000   30.0000  -30.000010058.5498   25.9140
   -7.5000   37.5000  -30.0000 9703.9873   25.8822
    0.0000   37.5000  -30.000010039.7393   25.9062
    7.5000   37.5000  -30.0000 9562.9053   25.9041
   -7.5000   45.0000  -30.0000 8862.9570   25.2496
    0.0000   45.0000  -30.0000 9167.7188   25.2731
    7.5000   45.0000  -30.0000 8734.3232   25.2633
   -7.5000  -45.0000  -22.5000 8662.2910   27.1435
    0.0000  -45.0000  -22.5000 9007.2861   27.1635
    7.5000  -45.0000  -22.5000 8579.4346   27.1402
   -7.5000  -37.5000  -22.5000 9344.7666   27.1545
    0.0000  -37.5000  -22.5000 9728.6797   27.1695
    7.5000  -37.5000  -22.5000 9256.0713   27.1375
   -7.5000  -30.0000  -22.500010335.5547   27.1513
    0.0000  -30.0000  -22.500010752.9609   27.1628
    7.5000  -30.0000  -22.500010241.9727   27.1337
   -7.5000  -22.5000  -22.500011192.5439   27.1288
    0.0000  -22.5000  -22.500011656.2080   27.1430
    7.5000  -22.5000  -22.500011101.1045   27.1289
   -7.5000  -15.0000  -22.500011902.3330   27.0993
    0.0000  -15.0000  -22.500012396.7617   27.1193
    7.5000  -15.0000  -22.500011837.2305   27.1170
   -7.5000   -7.5000  -22.500012567.6758   27.0930
    0.0000   -7.5000  -22.500013112.1211   27.1154
    7.5000   -7.5000  -22.500012495.4902   27.1068
   -7.5000    0.0000  -22.500013237.8027   27.1170
    0.0000    0.0000  -22.500013798.6895   27.1374
    7.5000    0.0000  -22.500013128.4736   27.1139
   -7.5000    7.5000  -22.500012920.2197   27.1460
    0.0000    7.5000  -22.500013447.9492   27.1610
    7.5000    7.5000  -22.500012787.3838   27.1289
   -7.5000   15.0000  -22.500012409.8408   27.1513
    0.0000   15.0000  -22.500012908.1396   27.1627
    7.5000   15.0000  -22.500012274.6152   27.1337
   -7.5000   22.5000  -22.500011804.0518   27.1205
    0.0000   22.5000  -22.500012257.0400   27.1347
    7.5000   22.5000  -22.500011639.1465   27.1205
   -7.5000   30.0000  -22.500010951.6260   26.7448
    0.0000   30.0000  -22.500011357.5801   26.7646
    7.5000   30.0000  -22.500010776.1611   26.7623
   -7.5000   37.5000  -22.500010432.6475   26.7386
    0.0000   37.5000  -22.500010805.6221   26.7607
    7.5000   37.5000  -22.500010237.5781   26.7523
   -7.5000   45.0000  -22.5000 9518.8691   26.1150
    0.0000   45.0000  -22.5000 9858.6455   26.1346
    7.5000   45.0000  -22.5000 9346.0498   26.1120
   -7.5000  -45.0000  -15.0000 9338.9775   27.8001
    0.0000  -45.0000  -15.0000 9711.5557   27.8078
    7.5000  -45.0000  -15.0000 9246.0283   27.7752
   -7.5000  -37.5000  -15.000010054.4404   27.7992
    0.0000  -37.5000  -15.000010465.5059   27.8040
    7.5000  -37.5000  -15.0000 9955.8125   27.7685
   -7.5000  -30.0000  -15.000011115.7939   27.7749
    0.0000  -30.0000  -15.000011574.5146   27.7816
    7.5000  -30.0000  -15.000011011.6777   27.7571
   -7.5000  -22.5000  -15.000012035.3252   27.7429
    0.0000  -22.5000  -15.000012539.7861   27.7560
    7.5000  -22.5000  -15.000011954.7148   27.7487
   -7.5000  -15.0000  -15.000012825.2793   27.7221
    0.0000  -15.0000  -15.000013355.3184   27.7389
    7.5000  -15.0000  -15.000012748.9287   27.7383
   -7.5000   -7.5000  -15.000013538.3613   27.7367
    0.0000   -7.5000  -15.000014107.2148   27.7502
    7.5000   -7.5000  -15.000013452.4775   27.7351
   -7.5000    0.0000  -15.000014221.3184   27.7730
    0.0000    0.0000  -15.000014821.5020   27.7809
    7.5000    0.0000  -15.000014117.5664   27.7482
   -7.5000    7.5000  -15.000013862.2891   27.7905
    0.0000    7.5000  -15.000014437.9346   27.7953
    7.5000    7.5000  -15.000013737.7236   27.7597
   -7.5000   15.0000  -15.000013313.7715   27.7749
    0.0000   15.0000  -15.000013863.6240   27.7816
    7.5000   15.0000  -15.000013167.4102   27.7570
   -7.5000   22.5000  -15.000012635.0625   27.7331
    0.0000   22.5000  -15.000013122.7227   27.7462
    7.5000   22.5000  -15.000012421.1348   27.7389
   -7.5000   30.0000  -15.000011747.6113   27.3633
    0.0000   30.0000  -15.000012194.6455   27.3799
    7.5000   30.0000  -15.000011527.5137   27.3793
   -7.5000   37.5000  -15.000011159.1396   27.3777
    0.0000   37.5000  -15.000011598.0068   27.3910
    7.5000   37.5000  -15.000010975.5723   27.3762
   -7.5000   45.0000  -15.000010153.7266   26.7629
    0.0000   45.0000  -15.000010531.8145   26.7706
    7.5000   45.0000  -15.0000 9978.9443   26.7391
   -7.5000  -45.0000   -7.500010059.1875   28.1539
    0.0000  -45.0000   -7.500010456.2607   28.1538
    7.5000  -45.0000   -7.5000 9957.8291   28.1279
   -7.5000  -37.5000   -7.500010818.6094   28.1382
    0.0000  -37.5000   -7.500011242.8457   28.1377
    7.5000  -37.5000   -7.500010707.5029   28.1120
   -7.5000  -30.0000   -7.500011981.1426   28.1029
    0.0000  -30.0000   -7.500012452.8535   28.1087
    7.5000  -30.0000   -7.500011859.0762   28.0935
   -7.5000  -22.5000   -7.500012988.5977   28.0764
    0.0000  -22.5000   -7.500013522.4258   28.0895
    7.5000  -22.5000   -7.500012876.5654   28.0869
   -7.5000  -15.0000   -7.500013822.9307   28.0715
    0.0000  -15.0000   -7.500014380.5381   28.0846
    7.5000  -15.0000   -7.500013722.8506   28.0829
   -7.5000   -7.5000   -7.500014526.1045   28.0952
    0.0000   -7.5000   -7.500015104.1328   28.1016
    7.5000   -7.5000   -7.500014463.1777   28.0872
   -7.5000    0.0000   -7.500015255.6787   28.1266
    0.0000    0.0000   -7.500015847.5576   28.1268
    7.5000    0.0000   -7.500015146.7783   28.1007
   -7.5000    7.5000   -7.500014879.2627   28.1294
    0.0000    7.5000   -7.500015487.8086   28.1290
    7.5000    7.5000   -7.500014734.7246   28.1031
   -7.5000   15.0000   -7.500014281.1875   28.1029
    0.0000   15.0000   -7.500014859.2002   28.1086
    7.5000   15.0000   -7.500014137.7607   28.0935
   -7.5000   22.5000   -7.500013507.9785   28.0634
    0.0000   22.5000   -7.500014020.3730   28.0765
    7.5000   22.5000   -7.500013337.4082   28.0739
   -7.5000   30.0000   -7.500012532.3525   27.7075
    0.0000   30.0000   -7.500012996.0098   27.7203
    7.5000   30.0000   -7.500012329.9111   27.7187
   -7.5000   37.5000   -7.500011903.7559   27.7309
    0.0000   37.5000   -7.500012368.6221   27.7372
    7.5000   37.5000   -7.500011745.4863   27.7229
   -7.5000   45.0000   -7.500010819.6309   27.1087
    0.0000   45.0000   -7.500011237.0586   27.1090
    7.5000   45.0000   -7.500010686.0703   27.0838
   -7.5000  -45.0000    0.000010653.3506   28.2329
    0.0000  -45.0000    0.000011093.3037   28.2387
    7.5000  -45.0000    0.000010581.9814   28.2275
   -7.5000  -37.5000    0.000011497.1885   28.2160
    0.0000  -37.5000    0.000011947.4541   28.2214
    7.5000  -37.5000    0.000011403.0488   28.2077
   -7.5000  -30.0000    0.000012752.2979   28.1908
    0.0000  -30.0000    0.000013238.5156   28.2005
    7.5000  -30.0000    0.000012641.3242   28.1899
   -7.5000  -22.5000    0.000013857.6074   28.1780
    0.0000  -22.5000    0.000014385.6592   28.1918
    7.5000  -22.5000    0.000013726.7207   28.1876
   -7.5000  -15.0000    0.000014707.8184   28.1786
    0.0000  -15.0000    0.000015284.1924   28.1911
    7.5000  -15.0000    0.000014634.9238   28.1876
   -7.5000   -7.5000    0.000015416.4727   28.1898
    0.0000   -7.5000    0.000016016.9590   28.1988
    7.5000   -7.5000    0.000015421.9648   28.1915
   -7.5000    0.0000    0.000016206.5557   28.2055
    0.0000    0.0000    0.000016854.9492   28.2117
    7.5000    0.0000    0.000016162.5391   28.2005
   -7.5000    7.5000    0.000015809.0029   28.2072
    0.0000    7.5000    0.000016419.2910   28.2126
    7.5000    7.5000    0.000015733.4346   28.1987
   -7.5000   15.0000    0.000015126.7588   28.1907
    0.0000   15.0000    0.000015705.7275   28.2004
    7.5000   15.0000    0.000015078.0713   28.1899
   -7.5000   22.5000    0.000014231.9346   28.1650
    0.0000   22.5000    0.000014773.6074   28.1788
    7.5000   22.5000    0.000014186.0674   28.1746
   -7.5000   30.0000    0.000013172.7773   27.8140
    0.0000   30.0000    0.000013669.7256   27.8263
    7.5000   30.0000    0.000013093.5029   27.8228
   -7.5000   37.5000    0.000012551.2412   27.8249
    0.0000   37.5000    0.000013052.3906   27.8339
    7.5000   37.5000    0.000012473.9395   27.8266
   -7.5000   45.0000    0.000011448.4268   27.1869
    0.0000   45.0000    0.000011906.6924   27.1929
    7.5000   45.0000    0.000011371.7666   27.1820
   -7.5000  -45.0000    7.500010416.9775   28.2291
    0.0000  -45.0000    7.500010840.9219   28.2479
    7.5000  -45.0000    7.500010332.8867   28.2432
   -7.5000  -37.5000    7.500011270.3340   28.2233
    0.0000  -37.5000    7.500011720.1045   28.2402
    7.5000  -37.5000    7.500011146.5059   28.2268
   -7.5000  -30.0000    7.500012506.9824   28.2173
    0.0000  -30.0000    7.500013000.3438   28.2336
    7.5000  -30.0000    7.500012373.1855   28.2168
   -7.5000  -22.5000    7.500013624.0781   28.2130
    0.0000  -22.5000    7.500014142.6699   28.2298
    7.5000  -22.5000    7.500013462.3486   28.2187
   -7.5000  -15.0000    7.500014497.6719   28.2048
    0.0000  -15.0000    7.500015170.3096   28.2222
    7.5000  -15.0000    7.500014428.5547   28.2177
   -7.5000   -7.5000    7.500015115.1006   28.1962
    0.0000   -7.5000    7.500015759.1025   28.2154
    7.5000   -7.5000    7.500015146.0225   28.2139
   -7.5000    0.0000    7.500015772.9336   28.2017
    0.0000    0.0000    7.500016395.7188   28.2210
    7.5000    0.0000    7.500015840.7490   28.2161
   -7.5000    7.5000    7.500015381.7266   28.2146
    0.0000    7.5000    7.500015953.7148   28.2314
    7.5000    7.5000    7.500015453.0000   28.2178
   -7.5000   15.0000    7.500014697.8535   28.2173
    0.0000   15.0000    7.500015289.0518   28.2335
    7.5000   15.0000    7.500014814.8242   28.2167
   -7.5000   22.5000    7.500013837.3008   28.2000
    0.0000   22.5000    7.500014392.6504   28.2168
    7.5000   22.5000    7.500013899.2734   28.2057
   -7.5000   30.0000    7.500012838.4482   27.8398
    0.0000   30.0000    7.500013341.8496   27.8570
    7.5000   30.0000    7.500012822.5498   27.8525
   -7.5000   37.5000    7.500012283.9131   27.8313
    0.0000   37.5000    7.500012763.2490   27.8502
    7.5000   37.5000    7.500012214.9072   27.8487
   -7.5000   45.0000    7.500011237.3945   27.1832
    0.0000   45.0000    7.500011657.1270   27.2018
    7.5000   45.0000    7.500011123.0371   27.1971
   -7.5000  -45.0000   15.000010056.7988   28.2026
    0.0000  -45.0000   15.000010484.7754   28.2285
    7.5000  -45.0000   15.0000 9967.0869   28.2177
   -7.5000  -37.5000   15.000010895.4395   28.2106
    0.0000  -37.5000   15.000011319.2354   28.2321
    7.5000  -37.5000   15.000010756.5635   28.2092
   -7.5000  -30.0000   15.000012084.6211   28.2155
    0.0000  -30.0000   15.000012552.5400   28.2328
    7.5000  -30.0000   15.000011945.3408   28.2062
   -7.5000  -22.5000   15.000013174.1914   28.2064
    0.0000  -22.5000   15.000013714.4629   28.2239
    7.5000  -22.5000   15.000013012.5322   28.2072
   -7.5000  -15.0000   15.000014044.8984   28.1831
    0.0000  -15.0000   15.000014540.6523   28.2048
    7.5000  -15.0000   15.000013860.5332   28.2003
   -7.5000   -7.5000   15.000014484.9619   28.1657
    0.0000   -7.5000   15.000014993.0264   28.1918
    7.5000   -7.5000   15.000014498.5273   28.1895
   -7.5000    0.0000   15.000015001.1504   28.1752
    0.0000    0.0000   15.000015617.3301   28.2014
    7.5000    0.0000   15.000015154.8887   28.1905
   -7.5000    7.5000   15.000014696.6807   28.2018
    0.0000    7.5000   15.000015348.5156   28.2234
    7.5000    7.5000   15.000014854.8174   28.2003
   -7.5000   15.0000   15.000014168.9014   28.2155
    0.0000   15.0000   15.000014759.1562   28.2328
    7.5000   15.0000   15.000014262.8125   28.2061
   -7.5000   22.5000   15.000013408.2305   28.1934
    0.0000   22.5000   15.000013873.4668   28.2109
    7.5000   22.5000   15.000013354.0615   28.1942
   -7.5000   30.0000   15.000012500.1289   27.8184
    0.0000   30.0000   15.000012845.0811   27.8397
    7.5000   30.0000   15.000012339.8477   27.8354
   -7.5000   37.5000   15.000011952.9736   27.8012
    0.0000   37.5000   15.000012259.8613   27.8270
    7.5000   37.5000   15.000011761.5098   27.8247
   -7.5000   45.0000   15.000010907.8848   27.1576
    0.0000   45.0000   15.000011180.6025   27.1829
    7.5000   45.0000   15.000010717.2246   27.1723
   -7.5000  -45.0000   22.5000 9608.4521   28.1787
    0.0000  -45.0000   22.500010022.3281   28.1994
    7.5000  -45.0000   22.5000 9516.2246   28.1752
   -7.5000  -37.5000   22.500010374.2305   28.1902
    0.0000  -37.5000   22.500010818.3057   28.2057
    7.5000  -37.5000   22.500010268.8496   28.1724
   -7.5000  -30.0000   22.500011476.5186   28.1868
    0.0000  -30.0000   22.500011976.5654   28.1987
    7.5000  -30.0000   22.500011386.5488   28.1685
   -7.5000  -22.5000   22.500012454.1309   28.1634
    0.0000  -22.5000   22.500012997.1152   28.1781
    7.5000  -22.5000   22.500012377.4697   28.1635
   -7.5000  -15.0000   22.500013244.2383   28.1327
    0.0000  -15.0000   22.500013701.0654   28.1535
    7.5000  -15.0000   22.500013127.1133   28.1511
   -7.5000   -7.5000   22.500014041.4863   28.1262
    0.0000   -7.5000   22.500014403.3164   28.1494
    7.5000   -7.5000   22.500013805.9814   28.1405
   -7.5000    0.0000   22.500014862.7510   28.1512
    0.0000    0.0000   22.500015253.9980   28.1723
    7.5000    0.0000   22.500014554.8369   28.1479
   -7.5000    7.5000   22.500014551.1123   28.1814
    0.0000    7.5000   22.500014975.9883   28.1969
    7.5000    7.5000   22.500014284.6250   28.1635
   -7.5000   15.0000   22.500013899.7891   28.1868
    0.0000   15.0000   22.500014311.5713   28.1986
    7.5000   15.0000   22.500013684.8125   28.1684
   -7.5000   22.5000   22.500012980.7490   28.1504
    0.0000   22.5000   22.500013353.2764   28.1652
    7.5000   22.5000   22.500012772.9717   28.1505
   -7.5000   30.0000   22.500011999.2373   27.7687
    0.0000   30.0000   22.500012352.1572   27.7891
    7.5000   30.0000   22.500011805.4961   27.7867
   -7.5000   37.5000   22.500011429.7852   27.7622
    0.0000   37.5000   22.500011790.4834   27.7851
    7.5000   37.5000   22.500011243.5420   27.7763
   -7.5000   45.0000   22.500010424.4756   27.1345
    0.0000   45.0000   22.500010720.8584   27.1548
    7.5000   45.0000   22.500010234.5039   27.1313
   -7.5000  -45.0000   30.0000 8980.2109   28.2065
    0.0000  -45.0000   30.0000 9368.8779   28.2141
    7.5000  -45.0000   30.0000 8906.7021   28.1809
   -7.5000  -37.5000   30.0000 9708.2891   28.2059
    0.0000  -37.5000   30.000010112.1816   28.2107
    7.5000  -37.5000   30.0000 9618.9570   28.1745
   -7.5000  -30.0000   30.000010755.1279   28.1815
    0.0000  -30.0000   30.000011214.6787   28.1883
    7.5000  -30.0000   30.000010664.7471   28.1633
   -7.5000  -22.5000   30.000011716.2559   28.1489
    0.0000  -22.5000   30.000012165.3730   28.1621
    7.5000  -22.5000   30.000011572.7686   28.1546
   -7.5000  -15.0000   30.000012550.3848   28.1275
    0.0000  -15.0000   30.000012927.2559   28.1444
    7.5000  -15.0000   30.000012309.6836   28.1436
   -7.5000   -7.5000   30.000013343.0928   28.1420
    0.0000   -7.5000   30.000013754.5820   28.1555
    7.5000   -7.5000   30.000013052.3096   28.1401
   -7.5000    0.0000   30.000014091.8350   28.1789
    0.0000    0.0000   30.000014558.4277   28.1868
    7.5000    0.0000   30.000013796.2334   28.1535
   -7.5000    7.5000   30.000013821.8389   28.1971
    0.0000    7.5000   30.000014257.4033   28.2018
    7.5000    7.5000   30.000013503.0010   28.1656
   -7.5000   15.0000   30.000013227.3799   28.1815
    0.0000   15.0000   30.000013591.6328   28.1882
    7.5000   15.0000   30.000012917.9131   28.1632
   -7.5000   22.5000   30.000012321.9277   28.1359
    0.0000   22.5000   30.000012635.0586   28.1491
    7.5000   22.5000   30.000012041.4971   28.1416
   -7.5000   30.0000   30.000011369.4082   27.7634
    0.0000   30.0000   30.000011657.0947   27.7802
    7.5000   30.0000   30.000011108.3154   27.7794
   -7.5000   37.5000   30.000010797.7480   27.7778
    0.0000   37.5000   30.000011074.0361   27.7912
    7.5000   37.5000   30.000010545.5234   27.7759
   -7.5000   45.0000   30.0000 9795.3359   27.1612
    0.0000   45.0000   30.000010075.9033   27.1688
    7.5000   45.0000   30.0000 9574.6826   27.1367
   -7.5000  -45.0000   37.5000 8642.3975   28.2677
    0.0000  -45.0000   37.5000 8998.6123   28.2673
    7.5000  -45.0000   37.5000 8594.3018   28.2409
   -7.5000  -37.5000   37.5000 9352.6221   28.2531
    0.0000  -37.5000   37.5000 9752.5527   28.2523
    7.5000  -37.5000   37.5000 9274.9102   28.2261
   -7.5000  -30.0000   37.500010385.9883   28.2182
    0.0000  -30.0000   37.500010843.9492   28.2237
    7.5000  -30.0000   37.500010290.3076   28.2081
   -7.5000  -22.5000   37.500011273.1641   28.1910
    0.0000  -22.5000   37.500011745.9189   28.2039
    7.5000  -22.5000   37.500011140.4834   28.2010
   -7.5000  -15.0000   37.500012034.7920   28.1852
    0.0000  -15.0000   37.500012495.8203   28.1980
    7.5000  -15.0000   37.500011858.6133   28.1960
   -7.5000   -7.5000   37.500012777.2461   28.2084
    0.0000   -7.5000   37.500013285.5537   28.2146
    7.5000   -7.5000   37.500012595.6201   28.1997
   -7.5000    0.0000   37.500013468.9824   28.2403
    0.0000    0.0000   37.500014003.6689   28.2403
    7.5000    0.0000   37.500013272.2441   28.2138
   -7.5000    7.5000   37.500013135.5869   28.2443
    0.0000    7.5000   37.500013631.9004   28.2435
    7.5000    7.5000   37.500012948.9424   28.2171
   -7.5000   15.0000   37.500012597.8682   28.2182
    0.0000   15.0000   37.500013071.5762   28.2237
    7.5000   15.0000   37.500012422.4180   28.2080
   -7.5000   22.5000   37.500011775.3145   28.1781
    0.0000   22.5000   37.500012175.7051   28.1909
    7.5000   22.5000   37.500011583.0684   28.1880
   -7.5000   30.0000   37.500010896.2715   27.8204
    0.0000   30.0000   37.500011251.2871   27.8331
    7.5000   30.0000   37.500010698.7393   27.8311
   -7.5000   37.5000   37.500010371.0283   27.8434
    0.0000   37.5000   37.500010682.3574   27.8494
    7.5000   37.5000   37.500010174.3633   27.8348
   -7.5000   45.0000   37.5000 9421.8447   27.2204
    0.0000   45.0000   37.5000 9726.4072   27.2204
    7.5000   45.0000   37.5000 9248.2930   27.1948
   -7.5000  -45.0000   45.0000 7963.1924   28.4429
    0.0000  -45.0000   45.0000 8317.4053   28.4479
    7.5000  -45.0000   45.0000 7919.0195   28.4365
   -7.5000  -37.5000   45.0000 8623.3408   28.4284
    0.0000  -37.5000   45.0000 9011.7314   28.4325
    7.5000  -37.5000   45.0000 8573.8828   28.4186
   -7.5000  -30.0000   45.0000 9527.8281   28.4038
    0.0000  -30.0000   45.0000 9948.5322   28.4122
    7.5000  -30.0000   45.0000 9482.2002   28.4017
   -7.5000  -22.5000   45.000010318.7627   28.3899
    0.0000  -22.5000   45.000010748.4473   28.4027
    7.5000  -22.5000   45.000010232.1221   28.3987
   -7.5000  -15.0000   45.000011020.2568   28.3885
    0.0000  -15.0000   45.000011461.1592   28.4004
    7.5000  -15.0000   45.000010911.2490   28.3970
   -7.5000   -7.5000   45.000011695.6338   28.3987
    0.0000   -7.5000   45.000012187.0615   28.4072
    7.5000   -7.5000   45.000011596.5840   28.3999
   -7.5000    0.0000   45.000012289.0537   28.4156
    0.0000    0.0000   45.000012812.1523   28.4210
    7.5000    0.0000   45.000012197.9316   28.4095
   -7.5000    7.5000   45.000011995.1953   28.4194
    0.0000    7.5000   45.000012465.9326   28.4236
    7.5000    7.5000   45.000011899.7080   28.4094
   -7.5000   15.0000   45.000011544.4736   28.4038
    0.0000   15.0000   45.000011995.2148   28.4122
    7.5000   15.0000   45.000011450.1006   28.4016
   -7.5000   22.5000   45.000010804.4434   28.3767
    0.0000   22.5000   45.000011190.5762   28.3896
    7.5000   22.5000   45.000010696.7754   28.3856
   -7.5000   30.0000   45.0000 9979.7988   28.0187
    0.0000   30.0000   45.000010311.7783   28.0304
    7.5000   30.0000   45.0000 9865.9219   28.0271
   -7.5000   37.5000   45.0000 9504.3135   28.0287
    0.0000   37.5000   45.0000 9820.0527   28.0371
    7.5000   37.5000   45.0000 9374.9375   28.0299
   -7.5000   45.0000   45.0000 8668.2412   27.4018
    0.0000   45.0000   45.0000 8955.4121   27.4070
    7.5000   45.0000   45.0000 8524.9688   27.3959

---------------------------------------------------------------------
imgreg_4dfp /opt/freesurfer/average/711-2C_as_mni_average_305 /opt/freesurfer/average/711-2B_as_mni_average_305_mask talsrcimg_g11 none talsrcimg_to_711-2C_as_mni_average_305_t4 4355
---------------------------------------------------------------------

freesurfer imgreg_4dfp.c
/opt/freesurfer/average/711-2C_as_mni_average_305.4dfp.img
       256       256       256         1
  1.000000  1.000000  1.000000
orientation T byte_order littleendian
Reading image: /opt/freesurfer/average/711-2C_as_mni_average_305.4dfp.img
dimensions:      256       256       256
mmppix:       1.0000   -1.0000   -1.0000
center:     128.0000 -129.0000 -129.0000
/opt/freesurfer/average/711-2B_as_mni_average_305_mask.4dfp.img
       256       256       256         1
  1.000000  1.000000  1.000000
orientation T byte_order littleendian
Reading mask: /opt/freesurfer/average/711-2B_as_mni_average_305_mask.4dfp.img (2306576 pixels)
talsrcimg_g11.4dfp.img
       256       256       256         1
  1.000000  1.000000  1.000000
orientation T byte_order littleendian
Reading image: talsrcimg_g11.4dfp.img
dimensions:      256       256       256
mmppix:       1.0000   -1.0000   -1.0000
center:     128.0000 -129.0000 -129.0000
rotation matrix determinant  1.000000
image alignment mode   4355 decimal     1103 hex
   -7.5000  -45.0000  -45.0000 1915.5472   30.7086
    0.0000  -45.0000  -45.0000 1911.2015   30.6730
    7.5000  -45.0000  -45.0000 1888.6592   31.4564
   -7.5000  -37.5000  -45.0000 2015.3948   28.0556
    0.0000  -37.5000  -45.0000 2013.2590   28.0344
    7.5000  -37.5000  -45.0000 1985.7356   28.6154
   -7.5000  -30.0000  -45.0000 2104.2488   26.0808
    0.0000  -30.0000  -45.0000 2099.0720   26.1000
    7.5000  -30.0000  -45.0000 2070.5239   26.6139
   -7.5000  -22.5000  -45.0000 2156.3198   24.5939
    0.0000  -22.5000  -45.0000 2152.6079   24.6483
    7.5000  -22.5000  -45.0000 2119.2456   25.0714
   -7.5000  -15.0000  -45.0000 2185.1560   23.5296
    0.0000  -15.0000  -45.0000 2177.5061   23.5533
    7.5000  -15.0000  -45.0000 2146.0334   23.9651
   -7.5000   -7.5000  -45.0000 2199.6980   23.0191
    0.0000   -7.5000  -45.0000 2185.5552   22.9792
    7.5000   -7.5000  -45.0000 2160.3013   23.4425
   -7.5000    0.0000  -45.0000 2192.7427   23.0477
    0.0000    0.0000  -45.0000 2187.6318   23.0581
    7.5000    0.0000  -45.0000 2159.4146   23.5190
   -7.5000    7.5000  -45.0000 2176.2385   23.6057
    0.0000    7.5000  -45.0000 2177.1450   23.5701
    7.5000    7.5000  -45.0000 2138.6113   24.0551
   -7.5000   15.0000  -45.0000 2132.3354   24.5357
    0.0000   15.0000  -45.0000 2139.1812   24.4625
    7.5000   15.0000  -45.0000 2103.2576   25.0393
   -7.5000   22.5000  -45.0000 2079.4841   25.8496
    0.0000   22.5000  -45.0000 2082.7070   25.8047
    7.5000   22.5000  -45.0000 2048.3975   26.4166
   -7.5000   30.0000  -45.0000 2000.4128   27.7261
    0.0000   30.0000  -45.0000 1995.4777   27.7123
    7.5000   30.0000  -45.0000 1964.5308   28.3688
   -7.5000   37.5000  -45.0000 1909.4323   30.2663
    0.0000   37.5000  -45.0000 1904.6523   30.2713
    7.5000   37.5000  -45.0000 1874.4253   31.0008
   -7.5000   45.0000  -45.0000 1794.0337   33.8726
    0.0000   45.0000  -45.0000 1797.7866   33.7862
    7.5000   45.0000  -45.0000 1768.9460   34.5809
   -7.5000  -45.0000  -37.5000 2004.1115   28.6349
    0.0000  -45.0000  -37.5000 2002.8713   28.6621
    7.5000  -45.0000  -37.5000 1969.6378   29.2681
   -7.5000  -37.5000  -37.5000 2114.6619   26.1193
    0.0000  -37.5000  -37.5000 2116.2666   26.1548
    7.5000  -37.5000  -37.5000 2085.3572   26.6436
   -7.5000  -30.0000  -37.5000 2204.1284   24.2675
    0.0000  -30.0000  -37.5000 2207.4309   24.2897
    7.5000  -30.0000  -37.5000 2177.0122   24.7230
   -7.5000  -22.5000  -37.5000 2253.9546   22.9010
    0.0000  -22.5000  -37.5000 2260.8003   22.9077
    7.5000  -22.5000  -37.5000 2230.4724   23.2389
   -7.5000  -15.0000  -37.5000 2292.6396   21.8737
    0.0000  -15.0000  -37.5000 2292.2246   21.8354
    7.5000  -15.0000  -37.5000 2260.4690   22.1730
   -7.5000   -7.5000  -37.5000 2303.1052   21.4095
    0.0000   -7.5000  -37.5000 2305.9202   21.3628
    7.5000   -7.5000  -37.5000 2270.7219   21.7319
   -7.5000    0.0000  -37.5000 2293.6836   21.4246
    0.0000    0.0000  -37.5000 2296.3584   21.3850
    7.5000    0.0000  -37.5000 2262.7229   21.7600
   -7.5000    7.5000  -37.5000 2277.5696   21.7676
    0.0000    7.5000  -37.5000 2279.5134   21.6875
    7.5000    7.5000  -37.5000 2242.1392   22.1365
   -7.5000   15.0000  -37.5000 2239.6057   22.5444
    0.0000   15.0000  -37.5000 2239.0264   22.4677
    7.5000   15.0000  -37.5000 2199.4099   22.9333
   -7.5000   22.5000  -37.5000 2183.6165   23.8212
    0.0000   22.5000  -37.5000 2185.8237   23.7708
    7.5000   22.5000  -37.5000 2151.2771   24.2486
   -7.5000   30.0000  -37.5000 2100.4956   25.6449
    0.0000   30.0000  -37.5000 2106.6152   25.5705
    7.5000   30.0000  -37.5000 2074.2795   26.1103
   -7.5000   37.5000  -37.5000 2002.4598   27.9683
    0.0000   37.5000  -37.5000 2009.1249   27.9216
    7.5000   37.5000  -37.5000 1976.3655   28.5434
   -7.5000   45.0000  -37.5000 1882.1597   31.1171
    0.0000   45.0000  -37.5000 1886.0154   31.0273
    7.5000   45.0000  -37.5000 1854.0920   31.7296
   -7.5000  -45.0000  -30.0000 2120.3254   27.7498
    0.0000  -45.0000  -30.0000 2118.4370   27.7990
    7.5000  -45.0000  -30.0000 2083.5635   28.2369
   -7.5000  -37.5000  -30.0000 2243.4470   25.2361
    0.0000  -37.5000  -30.0000 2240.6501   25.2503
    7.5000  -37.5000  -30.0000 2205.8450   25.7040
   -7.5000  -30.0000  -30.0000 2337.2649   23.3593
    0.0000  -30.0000  -30.0000 2337.0510   23.3723
    7.5000  -30.0000  -30.0000 2298.6697   23.7203
   -7.5000  -22.5000  -30.0000 2400.2222   21.9657
    0.0000  -22.5000  -30.0000 2399.1077   21.9603
    7.5000  -22.5000  -30.0000 2361.5588   22.2785
   -7.5000  -15.0000  -30.0000 2434.5251   20.9261
    0.0000  -15.0000  -30.0000 2435.7822   20.9087
    7.5000  -15.0000  -30.0000 2394.1240   21.2381
   -7.5000   -7.5000  -30.0000 2455.1758   20.3963
    0.0000   -7.5000  -30.0000 2457.0796   20.3710
    7.5000   -7.5000  -30.0000 2411.3784   20.7067
   -7.5000    0.0000  -30.0000 2446.4148   20.4196
    0.0000    0.0000  -30.0000 2444.6118   20.3519
    7.5000    0.0000  -30.0000 2403.2512   20.6619
   -7.5000    7.5000  -30.0000 2427.4766   20.7624
    0.0000    7.5000  -30.0000 2428.5061   20.7076
    7.5000    7.5000  -30.0000 2386.5374   21.0214
   -7.5000   15.0000  -30.0000 2390.3179   21.5336
    0.0000   15.0000  -30.0000 2392.7773   21.4436
    7.5000   15.0000  -30.0000 2351.9744   21.8274
   -7.5000   22.5000  -30.0000 2329.7087   22.7602
    0.0000   22.5000  -30.0000 2334.6951   22.6521
    7.5000   22.5000  -30.0000 2294.0857   23.0729
   -7.5000   30.0000  -30.0000 2244.1550   24.4733
    0.0000   30.0000  -30.0000 2246.5835   24.3346
    7.5000   30.0000  -30.0000 2203.0293   24.7845
   -7.5000   37.5000  -30.0000 2130.9375   26.7484
    0.0000   37.5000  -30.0000 2131.3274   26.6035
    7.5000   37.5000  -30.0000 2093.2134   27.0985
   -7.5000   45.0000  -30.0000 2002.0402   29.7310
    0.0000   45.0000  -30.0000 2001.2992   29.6308
    7.5000   45.0000  -30.0000 1965.7390   30.1463
   -7.5000  -45.0000  -22.5000 2212.2644   26.6413
    0.0000  -45.0000  -22.5000 2213.2998   26.6144
    7.5000  -45.0000  -22.5000 2177.3237   27.0824
   -7.5000  -37.5000  -22.5000 2344.0649   24.1804
    0.0000  -37.5000  -22.5000 2343.2029   24.1604
    7.5000  -37.5000  -22.5000 2301.7532   24.5378
   -7.5000  -30.0000  -22.5000 2444.4294   22.2269
    0.0000  -30.0000  -22.5000 2438.9622   22.2379
    7.5000  -30.0000  -22.5000 2399.1274   22.5297
   -7.5000  -22.5000  -22.5000 2511.6040   20.7785
    0.0000  -22.5000  -22.5000 2505.8296   20.7933
    7.5000  -22.5000  -22.5000 2468.5176   21.0836
   -7.5000  -15.0000  -22.5000 2551.1523   19.7662
    0.0000  -15.0000  -22.5000 2550.3901   19.7675
    7.5000  -15.0000  -22.5000 2509.1504   20.0516
   -7.5000   -7.5000  -22.5000 2582.1384   19.1955
    0.0000   -7.5000  -22.5000 2584.9688   19.1657
    7.5000   -7.5000  -22.5000 2535.4814   19.4679
   -7.5000    0.0000  -22.5000 2586.3389   19.2057
    0.0000    0.0000  -22.5000 2587.7053   19.1634
    7.5000    0.0000  -22.5000 2538.3372   19.4257
   -7.5000    7.5000  -22.5000 2570.8621   19.5889
    0.0000    7.5000  -22.5000 2570.0667   19.4922
    7.5000    7.5000  -22.5000 2523.0151   19.7820
   -7.5000   15.0000  -22.5000 2526.5161   20.3361
    0.0000   15.0000  -22.5000 2528.3499   20.2306
    7.5000   15.0000  -22.5000 2475.3743   20.5057
   -7.5000   22.5000  -22.5000 2457.4009   21.4794
    0.0000   22.5000  -22.5000 2461.4915   21.3702
    7.5000   22.5000  -22.5000 2410.7183   21.6945
   -7.5000   30.0000  -22.5000 2359.7131   23.0485
    0.0000   30.0000  -22.5000 2363.4077   22.9413
    7.5000   30.0000  -22.5000 2317.9731   23.2987
   -7.5000   37.5000  -22.5000 2238.0466   25.1089
    0.0000   37.5000  -22.5000 2239.7703   25.0298
    7.5000   37.5000  -22.5000 2195.3062   25.4374
   -7.5000   45.0000  -22.5000 2099.8438   27.9635
    0.0000   45.0000  -22.5000 2100.1511   27.8713
    7.5000   45.0000  -22.5000 2058.0571   28.3132
   -7.5000  -45.0000  -15.0000 2272.8860   25.4985
    0.0000  -45.0000  -15.0000 2274.6775   25.4945
    7.5000  -45.0000  -15.0000 2238.8862   25.9548
   -7.5000  -37.5000  -15.0000 2402.7974   23.0357
    0.0000  -37.5000  -15.0000 2404.7310   23.0170
    7.5000  -37.5000  -15.0000 2364.0146   23.4102
   -7.5000  -30.0000  -15.0000 2511.6445   21.1530
    0.0000  -30.0000  -15.0000 2510.8672   21.1026
    7.5000  -30.0000  -15.0000 2470.4231   21.4664
   -7.5000  -22.5000  -15.0000 2589.2004   19.6407
    0.0000  -22.5000  -15.0000 2588.8418   19.5971
    7.5000  -22.5000  -15.0000 2548.8977   19.9460
   -7.5000  -15.0000  -15.0000 2648.4065   18.5888
    0.0000  -15.0000  -15.0000 2645.1804   18.5713
    7.5000  -15.0000  -15.0000 2605.3181   18.9171
   -7.5000   -7.5000  -15.0000 2689.6006   18.0282
    0.0000   -7.5000  -15.0000 2689.8608   18.0028
    7.5000   -7.5000  -15.0000 2637.9949   18.3384
   -7.5000    0.0000  -15.0000 2694.0547   18.0324
    0.0000    0.0000  -15.0000 2696.4421   17.9484
    7.5000    0.0000  -15.0000 2645.1060   18.2162
   -7.5000    7.5000  -15.0000 2674.3188   18.3866
    0.0000    7.5000  -15.0000 2679.1506   18.2996
    7.5000    7.5000  -15.0000 2627.5737   18.5140
   -7.5000   15.0000  -15.0000 2628.2031   19.0967
    0.0000   15.0000  -15.0000 2633.1763   19.0077
    7.5000   15.0000  -15.0000 2581.1357   19.2543
   -7.5000   22.5000  -15.0000 2550.3054   20.1308
    0.0000   22.5000  -15.0000 2556.9053   20.0384
    7.5000   22.5000  -15.0000 2502.1133   20.3174
   -7.5000   30.0000  -15.0000 2446.3757   21.5897
    0.0000   30.0000  -15.0000 2448.7073   21.4972
    7.5000   30.0000  -15.0000 2400.9011   21.8306
   -7.5000   37.5000  -15.0000 2316.8269   23.6168
    0.0000   37.5000  -15.0000 2321.2378   23.5148
    7.5000   37.5000  -15.0000 2279.0093   23.8976
   -7.5000   45.0000  -15.0000 2166.3828   26.3067
    0.0000   45.0000  -15.0000 2170.1589   26.2011
    7.5000   45.0000  -15.0000 2128.4622   26.6489
   -7.5000  -45.0000   -7.5000 2310.0012   24.5750
    0.0000  -45.0000   -7.5000 2310.6208   24.5659
    7.5000  -45.0000   -7.5000 2278.1455   25.0961
   -7.5000  -37.5000   -7.5000 2442.3574   22.1161
    0.0000  -37.5000   -7.5000 2443.2593   22.0333
    7.5000  -37.5000   -7.5000 2406.4705   22.5215
   -7.5000  -30.0000   -7.5000 2559.0537   20.1572
    0.0000  -30.0000   -7.5000 2559.6958   20.0853
    7.5000  -30.0000   -7.5000 2523.3665   20.4971
   -7.5000  -22.5000   -7.5000 2652.7485   18.6240
    0.0000  -22.5000   -7.5000 2657.4932   18.5873
    7.5000  -22.5000   -7.5000 2616.3784   18.9979
   -7.5000  -15.0000   -7.5000 2727.8940   17.5499
    0.0000  -15.0000   -7.5000 2727.8079   17.5088
    7.5000  -15.0000   -7.5000 2682.8850   17.9154
   -7.5000   -7.5000   -7.5000 2776.0364   16.9548
    0.0000   -7.5000   -7.5000 2775.9817   16.9223
    7.5000   -7.5000   -7.5000 2722.9119   17.3003
   -7.5000    0.0000   -7.5000 2787.2078   16.9170
    0.0000    0.0000   -7.5000 2789.7642   16.8409
    7.5000    0.0000   -7.5000 2731.5688   17.1370
   -7.5000    7.5000   -7.5000 2767.0212   17.2594
    0.0000    7.5000   -7.5000 2774.8696   17.1747
    7.5000    7.5000   -7.5000 2717.6912   17.4018
   -7.5000   15.0000   -7.5000 2709.9160   17.9029
    0.0000   15.0000   -7.5000 2718.8997   17.8159
    7.5000   15.0000   -7.5000 2669.3599   18.1112
   -7.5000   22.5000   -7.5000 2627.3787   18.8840
    0.0000   22.5000   -7.5000 2634.3235   18.8141
    7.5000   22.5000   -7.5000 2589.3516   19.1514
   -7.5000   30.0000   -7.5000 2512.9905   20.3096
    0.0000   30.0000   -7.5000 2515.8328   20.2032
    7.5000   30.0000   -7.5000 2471.4226   20.5996
   -7.5000   37.5000   -7.5000 2378.5039   22.3310
    0.0000   37.5000   -7.5000 2377.9463   22.1784
    7.5000   37.5000   -7.5000 2340.0806   22.6669
   -7.5000   45.0000   -7.5000 2218.7239   24.9024
    0.0000   45.0000   -7.5000 2219.0479   24.7798
    7.5000   45.0000   -7.5000 2187.5342   25.3070
   -7.5000  -45.0000    0.0000 2325.6506   24.0645
    0.0000  -45.0000    0.0000 2333.7183   24.0460
    7.5000  -45.0000    0.0000 2304.5071   24.5745
   -7.5000  -37.5000    0.0000 2458.7412   21.5016
    0.0000  -37.5000    0.0000 2463.2544   21.4309
    7.5000  -37.5000    0.0000 2433.3589   21.9522
   -7.5000  -30.0000    0.0000 2588.3406   19.5119
    0.0000  -30.0000    0.0000 2588.3335   19.4302
    7.5000  -30.0000    0.0000 2557.3933   19.9389
   -7.5000  -22.5000    0.0000 2689.1956   17.9350
    0.0000  -22.5000    0.0000 2693.6548   17.8662
    7.5000  -22.5000    0.0000 2657.9514   18.3586
   -7.5000  -15.0000    0.0000 2781.5476   16.8277
    0.0000  -15.0000    0.0000 2787.1880   16.7769
    7.5000  -15.0000    0.0000 2737.0984   17.2488
   -7.5000   -7.5000    0.0000 2845.3870   16.0966
    0.0000   -7.5000    0.0000 2851.0156   16.0654
    7.5000   -7.5000    0.0000 2789.3054   16.5570
   -7.5000    0.0000    0.0000 2868.9485   16.0314
    0.0000    0.0000    0.0000 2880.7817   15.9465
    7.5000    0.0000    0.0000 2810.4702   16.3942
   -7.5000    7.5000    0.0000 2846.8130   16.3816
    0.0000    7.5000    0.0000 2860.0027   16.3178
    7.5000    7.5000    0.0000 2797.2493   16.7032
   -7.5000   15.0000    0.0000 2782.1343   16.9445
    0.0000   15.0000    0.0000 2791.0981   16.8601
    7.5000   15.0000    0.0000 2745.3530   17.2702
   -7.5000   22.5000    0.0000 2686.4739   17.9689
    0.0000   22.5000    0.0000 2696.7100   17.8618
    7.5000   22.5000    0.0000 2655.2302   18.3425
   -7.5000   30.0000    0.0000 2559.3618   19.4815
    0.0000   30.0000    0.0000 2566.4412   19.3979
    7.5000   30.0000    0.0000 2527.0862   19.8970
   -7.5000   37.5000    0.0000 2420.4551   21.4472
    0.0000   37.5000    0.0000 2423.6545   21.3968
    7.5000   37.5000    0.0000 2386.9082   21.9385
   -7.5000   45.0000    0.0000 2259.7507   23.9619
    0.0000   45.0000    0.0000 2262.1172   23.9327
    7.5000   45.0000    0.0000 2232.6956   24.4952
   -7.5000  -45.0000    7.5000 2341.0476   23.9363
    0.0000  -45.0000    7.5000 2347.6736   23.8698
    7.5000  -45.0000    7.5000 2319.7146   24.3911
   -7.5000  -37.5000    7.5000 2473.2024   21.3213
    0.0000  -37.5000    7.5000 2478.3533   21.2489
    7.5000  -37.5000    7.5000 2446.6653   21.6943
   -7.5000  -30.0000    7.5000 2598.3999   19.2317
    0.0000  -30.0000    7.5000 2607.1829   19.1667
    7.5000  -30.0000    7.5000 2570.0520   19.6086
   -7.5000  -22.5000    7.5000 2711.3535   17.5532
    0.0000  -22.5000    7.5000 2718.5332   17.4960
    7.5000  -22.5000    7.5000 2674.7698   17.9955
   -7.5000  -15.0000    7.5000 2816.9531   16.3661
    0.0000  -15.0000    7.5000 2828.7603   16.3211
    7.5000  -15.0000    7.5000 2773.0598   16.8443
   -7.5000   -7.5000    7.5000 2898.3477   15.5169
    0.0000   -7.5000    7.5000 2918.0457   15.4905
    7.5000   -7.5000    7.5000 2838.6365   16.0588
   -7.5000    0.0000    7.5000 2937.0300   15.2668
    0.0000    0.0000    7.5000 2964.6311   15.2532
    7.5000    0.0000    7.5000 2876.5212   15.8102
   -7.5000    7.5000    7.5000 2905.9165   15.7054
    0.0000    7.5000    7.5000 2925.1479   15.6192
    7.5000    7.5000    7.5000 2855.8071   16.2154
   -7.5000   15.0000    7.5000 2830.0583   16.3879
    0.0000   15.0000    7.5000 2851.4519   16.3415
    7.5000   15.0000    7.5000 2796.2239   16.8756
   -7.5000   22.5000    7.5000 2733.6462   17.4748
    0.0000   22.5000    7.5000 2752.8174   17.5066
    7.5000   22.5000    7.5000 2701.7683   17.9386
   -7.5000   30.0000    7.5000 2600.6453   18.9774
    0.0000   30.0000    7.5000 2613.7339   19.0299
    7.5000   30.0000    7.5000 2569.1863   19.4229
   -7.5000   37.5000    7.5000 2455.4917   20.9239
    0.0000   37.5000    7.5000 2463.9553   21.0390
    7.5000   37.5000    7.5000 2423.5215   21.4449
   -7.5000   45.0000    7.5000 2292.2766   23.4267
    0.0000   45.0000    7.5000 2297.0303   23.5369
    7.5000   45.0000    7.5000 2262.8501   24.0342
   -7.5000  -45.0000   15.0000 2331.4697   24.0261
    0.0000  -45.0000   15.0000 2344.6677   23.9193
    7.5000  -45.0000   15.0000 2317.5818   24.4417
   -7.5000  -37.5000   15.0000 2462.0640   21.3715
    0.0000  -37.5000   15.0000 2470.4709   21.2200
    7.5000  -37.5000   15.0000 2438.7256   21.7260
   -7.5000  -30.0000   15.0000 2584.0825   19.2078
    0.0000  -30.0000   15.0000 2598.4399   19.0792
    7.5000  -30.0000   15.0000 2559.2407   19.5813
   -7.5000  -22.5000   15.0000 2700.9104   17.4973
    0.0000  -22.5000   15.0000 2711.7837   17.3747
    7.5000  -22.5000   15.0000 2667.7705   17.8969
   -7.5000  -15.0000   15.0000 2810.0149   16.2259
    0.0000  -15.0000   15.0000 2824.2766   16.1120
    7.5000  -15.0000   15.0000 2767.2251   16.6815
   -7.5000   -7.5000   15.0000 2887.9392   15.2809
    0.0000   -7.5000   15.0000 2912.9207   15.1962
    7.5000   -7.5000   15.0000 2842.5940   15.8354
   -7.5000    0.0000   15.0000 2930.8162   14.9336
    0.0000    0.0000   15.0000 2957.9221   14.8727
    7.5000    0.0000   15.0000 2884.5715   15.6251
   -7.5000    7.5000   15.0000 2916.7583   15.4116
    0.0000    7.5000   15.0000 2942.4092   15.4163
    7.5000    7.5000   15.0000 2872.7507   16.0092
   -7.5000   15.0000   15.0000 2845.5281   16.2571
    0.0000   15.0000   15.0000 2862.6709   16.2598
    7.5000   15.0000   15.0000 2810.2336   16.7066
   -7.5000   22.5000   15.0000 2748.8706   17.3741
    0.0000   22.5000   15.0000 2758.5891   17.3442
    7.5000   22.5000   15.0000 2712.9270   17.7617
   -7.5000   30.0000   15.0000 2616.7888   18.8755
    0.0000   30.0000   15.0000 2625.5671   18.8192
    7.5000   30.0000   15.0000 2582.2957   19.2466
   -7.5000   37.5000   15.0000 2472.3577   20.8176
    0.0000   37.5000   15.0000 2477.3328   20.7700
    7.5000   37.5000   15.0000 2436.0305   21.2513
   -7.5000   45.0000   15.0000 2310.9294   23.2985
    0.0000   45.0000   15.0000 2311.2385   23.2657
    7.5000   45.0000   15.0000 2275.9568   23.8060
   -7.5000  -45.0000   22.5000 2320.9287   24.4408
    0.0000  -45.0000   22.5000 2335.8848   24.3279
    7.5000  -45.0000   22.5000 2308.1968   24.8053
   -7.5000  -37.5000   22.5000 2442.9233   21.6083
    0.0000  -37.5000   22.5000 2458.4685   21.5039
    7.5000  -37.5000   22.5000 2425.5042   22.0034
   -7.5000  -30.0000   22.5000 2558.5728   19.3563
    0.0000  -30.0000   22.5000 2578.0012   19.2587
    7.5000  -30.0000   22.5000 2544.7087   19.7880
   -7.5000  -22.5000   22.5000 2667.2485   17.6168
    0.0000  -22.5000   22.5000 2691.0334   17.5046
    7.5000  -22.5000   22.5000 2659.9785   18.0842
   -7.5000  -15.0000   22.5000 2769.1995   16.3394
    0.0000  -15.0000   22.5000 2804.9062   16.2542
    7.5000  -15.0000   22.5000 2756.7234   16.8372
   -7.5000   -7.5000   22.5000 2875.9441   15.6663
    0.0000   -7.5000   22.5000 2894.2573   15.4387
    7.5000   -7.5000   22.5000 2842.7495   16.1133
   -7.5000    0.0000   22.5000 2932.9790   15.6275
    0.0000    0.0000   22.5000 2954.1838   15.4034
    7.5000    0.0000   22.5000 2885.7393   15.9508
   -7.5000    7.5000   22.5000 2915.1863   15.9409
    0.0000    7.5000   22.5000 2939.2573   15.8255
    7.5000    7.5000   22.5000 2877.4336   16.3208
   -7.5000   15.0000   22.5000 2834.9790   16.5469
    0.0000   15.0000   22.5000 2858.8621   16.5008
    7.5000   15.0000   22.5000 2810.1147   16.9752
   -7.5000   22.5000   22.5000 2732.7153   17.5653
    0.0000   22.5000   22.5000 2754.1079   17.5302
    7.5000   22.5000   22.5000 2714.8103   17.9984
   -7.5000   30.0000   22.5000 2604.8054   18.9759
    0.0000   30.0000   22.5000 2623.5923   18.9506
    7.5000   30.0000   22.5000 2589.7407   19.4104
   -7.5000   37.5000   22.5000 2461.9036   20.8714
    0.0000   37.5000   22.5000 2479.0417   20.8809
    7.5000   37.5000   22.5000 2444.0210   21.3408
   -7.5000   45.0000   22.5000 2298.1238   23.3357
    0.0000   45.0000   22.5000 2309.5942   23.3647
    7.5000   45.0000   22.5000 2279.4275   23.8230
   -7.5000  -45.0000   30.0000 2292.4360   25.1072
    0.0000  -45.0000   30.0000 2308.5432   24.9478
    7.5000  -45.0000   30.0000 2283.3777   25.4188
   -7.5000  -37.5000   30.0000 2412.4417   22.2966
    0.0000  -37.5000   30.0000 2432.2688   22.1060
    7.5000  -37.5000   30.0000 2402.9585   22.5906
   -7.5000  -30.0000   30.0000 2527.4360   20.0858
    0.0000  -30.0000   30.0000 2548.6658   19.9175
    7.5000  -30.0000   30.0000 2520.9517   20.4074
   -7.5000  -22.5000   30.0000 2645.1433   18.4164
    0.0000  -22.5000   30.0000 2672.1035   18.3048
    7.5000  -22.5000   30.0000 2636.0361   18.7453
   -7.5000  -15.0000   30.0000 2748.3477   17.2409
    0.0000  -15.0000   30.0000 2775.1877   17.0205
    7.5000  -15.0000   30.0000 2736.0410   17.5558
   -7.5000   -7.5000   30.0000 2838.1936   16.5443
    0.0000   -7.5000   30.0000 2865.6899   16.3458
    7.5000   -7.5000   30.0000 2815.5173   16.8240
   -7.5000    0.0000   30.0000 2874.8203   16.4474
    0.0000    0.0000   30.0000 2907.2737   16.3310
    7.5000    0.0000   30.0000 2859.0701   16.7047
   -7.5000    7.5000   30.0000 2859.1787   16.7888
    0.0000    7.5000   30.0000 2892.7759   16.6688
    7.5000    7.5000   30.0000 2845.2100   17.0554
   -7.5000   15.0000   30.0000 2789.3633   17.4234
    0.0000   15.0000   30.0000 2816.7905   17.2988
    7.5000   15.0000   30.0000 2778.5085   17.6936
   -7.5000   22.5000   30.0000 2699.3765   18.3465
    0.0000   22.5000   30.0000 2720.4453   18.2427
    7.5000   22.5000   30.0000 2689.9849   18.6166
   -7.5000   30.0000   30.0000 2581.7090   19.6270
    0.0000   30.0000   30.0000 2600.5664   19.5493
    7.5000   30.0000   30.0000 2568.0776   19.9274
   -7.5000   37.5000   30.0000 2437.4092   21.4019
    0.0000   37.5000   30.0000 2452.2935   21.3017
    7.5000   37.5000   30.0000 2422.5059   21.7146
   -7.5000   45.0000   30.0000 2270.8730   23.7426
    0.0000   45.0000   30.0000 2286.1887   23.6158
    7.5000   45.0000   30.0000 2258.7546   24.0529
   -7.5000  -45.0000   37.5000 2253.5020   26.3599
    0.0000  -45.0000   37.5000 2265.4866   26.1191
    7.5000  -45.0000   37.5000 2244.0005   26.5670
   -7.5000  -37.5000   37.5000 2378.9661   23.5232
    0.0000  -37.5000   37.5000 2394.1057   23.3133
    7.5000  -37.5000   37.5000 2366.6272   23.6792
   -7.5000  -30.0000   37.5000 2500.7346   21.3508
    0.0000  -30.0000   37.5000 2522.1475   21.1814
    7.5000  -30.0000   37.5000 2488.5938   21.4688
   -7.5000  -22.5000   37.5000 2605.0330   19.5501
    0.0000  -22.5000   37.5000 2634.5393   19.4183
    7.5000  -22.5000   37.5000 2603.3000   19.7603
   -7.5000  -15.0000   37.5000 2703.5972   18.3089
    0.0000  -15.0000   37.5000 2734.6904   18.1085
    7.5000  -15.0000   37.5000 2691.6255   18.5108
   -7.5000   -7.5000   37.5000 2780.7129   17.6608
    0.0000   -7.5000   37.5000 2810.6084   17.5785
    7.5000   -7.5000   37.5000 2770.8879   17.8731
   -7.5000    0.0000   37.5000 2803.1797   17.5822
    0.0000    0.0000   37.5000 2837.1975   17.4810
    7.5000    0.0000   37.5000 2801.6758   17.7418
   -7.5000    7.5000   37.5000 2784.8904   17.8506
    0.0000    7.5000   37.5000 2812.5095   17.7256
    7.5000    7.5000   37.5000 2781.4924   18.0319
   -7.5000   15.0000   37.5000 2722.9207   18.3895
    0.0000   15.0000   37.5000 2752.3892   18.2621
    7.5000   15.0000   37.5000 2719.9810   18.6036
   -7.5000   22.5000   37.5000 2633.9961   19.3018
    0.0000   22.5000   37.5000 2656.4368   19.1913
    7.5000   22.5000   37.5000 2627.5957   19.5332
   -7.5000   30.0000   37.5000 2522.0315   20.5326
    0.0000   30.0000   37.5000 2544.0408   20.4567
    7.5000   30.0000   37.5000 2514.0671   20.7727
   -7.5000   37.5000   37.5000 2385.3826   22.2610
    0.0000   37.5000   37.5000 2398.8230   22.1750
    7.5000   37.5000   37.5000 2375.4663   22.5137
   -7.5000   45.0000   37.5000 2228.5515   24.4549
    0.0000   45.0000   37.5000 2248.5857   24.3773
    7.5000   45.0000   37.5000 2221.9661   24.8319
   -7.5000  -45.0000   45.0000 2201.3059   28.0339
    0.0000  -45.0000   45.0000 2222.4456   27.8677
    7.5000  -45.0000   45.0000 2195.1616   28.1364
   -7.5000  -37.5000   45.0000 2326.4343   25.0618
    0.0000  -37.5000   45.0000 2346.6443   24.8865
    7.5000  -37.5000   45.0000 2322.2251   25.1478
   -7.5000  -30.0000   45.0000 2440.4763   22.6312
    0.0000  -30.0000   45.0000 2460.5254   22.4972
    7.5000  -30.0000   45.0000 2438.6506   22.7712
   -7.5000  -22.5000   45.0000 2550.2644   20.8328
    0.0000  -22.5000   45.0000 2576.4502   20.6517
    7.5000  -22.5000   45.0000 2543.2263   20.9449
   -7.5000  -15.0000   45.0000 2641.2659   19.6093
    0.0000  -15.0000   45.0000 2670.8528   19.4592
    7.5000  -15.0000   45.0000 2632.7068   19.7287
   -7.5000   -7.5000   45.0000 2702.2559   19.0411
    0.0000   -7.5000   45.0000 2732.2209   18.9522
    7.5000   -7.5000   45.0000 2700.8157   19.1827
   -7.5000    0.0000   45.0000 2711.6567   18.8997
    0.0000    0.0000   45.0000 2748.2673   18.8145
    7.5000    0.0000   45.0000 2716.8262   19.0314
   -7.5000    7.5000   45.0000 2692.3706   19.1158
    0.0000    7.5000   45.0000 2718.5640   19.0107
    7.5000    7.5000   45.0000 2694.3342   19.2668
   -7.5000   15.0000   45.0000 2636.8672   19.6308
    0.0000   15.0000   45.0000 2664.4131   19.5224
    7.5000   15.0000   45.0000 2635.5408   19.7800
   -7.5000   22.5000   45.0000 2554.8696   20.4563
    0.0000   22.5000   45.0000 2577.9973   20.3216
    7.5000   22.5000   45.0000 2551.8718   20.6303
   -7.5000   30.0000   45.0000 2444.5623   21.6300
    0.0000   30.0000   45.0000 2463.9517   21.5017
    7.5000   30.0000   45.0000 2443.5938   21.7901
   -7.5000   37.5000   45.0000 2315.1836   23.2988
    0.0000   37.5000   45.0000 2333.2966   23.1983
    7.5000   37.5000   45.0000 2309.1235   23.4773
   -7.5000   45.0000   45.0000 2170.9006   25.5533
    0.0000   45.0000   45.0000 2191.1907   25.4260
    7.5000   45.0000   45.0000 2162.5654   25.7309

---------------------------------------------------------------------
imgreg_4dfp /opt/freesurfer/average/711-2C_as_mni_average_305 /opt/freesurfer/average/711-2B_as_mni_average_305_mask talsrcimg_g11 none talsrcimg_to_711-2C_as_mni_average_305_t4 1283
---------------------------------------------------------------------

freesurfer imgreg_4dfp.c
/opt/freesurfer/average/711-2C_as_mni_average_305.4dfp.img
       256       256       256         1
  1.000000  1.000000  1.000000
orientation T byte_order littleendian
Reading image: /opt/freesurfer/average/711-2C_as_mni_average_305.4dfp.img
dimensions:      256       256       256
mmppix:       1.0000   -1.0000   -1.0000
center:     128.0000 -129.0000 -129.0000
/opt/freesurfer/average/711-2B_as_mni_average_305_mask.4dfp.img
       256       256       256         1
  1.000000  1.000000  1.000000
orientation T byte_order littleendian
Reading mask: /opt/freesurfer/average/711-2B_as_mni_average_305_mask.4dfp.img (2306576 pixels)
talsrcimg_g11.4dfp.img
       256       256       256         1
  1.000000  1.000000  1.000000
orientation T byte_order littleendian
Reading image: talsrcimg_g11.4dfp.img
dimensions:      256       256       256
mmppix:       1.0000   -1.0000   -1.0000
center:     128.0000 -129.0000 -129.0000
rotation matrix determinant  1.000000
fimgreg.f
image alignment mode   1283 decimal      503 hex
parameters
    0.0000    0.0000    7.5000    0.0000    0.0000    0.0000
eta,q 0.92848 15.19423
niter,ni,del,rscale     5    3   12.0000    1.2000
parameters
   -2.0723   -0.1419   10.0961   -2.1486   -0.5223   -1.3022
eta,q 0.93343 14.56086
  0.0755  0.0781  0.0861  0.0683  0.0720  0.0695
  0.0701  0.0734  0.0803  0.0669  0.0702  0.0678
  0.0675  0.0690  0.0735  0.0669  0.0679  0.0667
  0.0692  0.0674  0.0673  0.0675  0.0669  0.0668
  0.0765  0.0697  0.0664  0.0682  0.0682  0.0682
  0.0857  0.0743  0.0688  0.0704  0.0710  0.0704
  0.0938  0.0789  0.0699  0.0729  0.0747  0.0735
niter,ni,del,rscale     4    3   12.0000    1.2000
parameters
   -2.8508    0.9526   12.0548   -3.6216   -0.6594   -0.9245
eta,q 0.93093 14.46902
  0.0761  0.0765  0.0764  0.0713  0.0732  0.0739
  0.0709  0.0702  0.0695  0.0685  0.0713  0.0713
  0.0681  0.0671  0.0659  0.0687  0.0704  0.0694
  0.0666  0.0669  0.0670  0.0697  0.0689  0.0690
  0.0687  0.0672  0.0697  0.0707  0.0686  0.0697
  0.0753  0.0677  0.0686  0.0713  0.0710  0.0708
  0.0835  0.0703  0.0668  0.0721  0.0748  0.0725
niter,ni,del,rscale     3    3   12.0000    1.2000
parameter  3  1.231650 -> -0.500000 qaram    1.1500
parameters
   -2.2243    2.6269   15.5048   -3.7274   -0.1684   -0.2836
eta,q 0.93510 14.59393
  0.0807  0.0795  0.0682  0.0737  0.0748  0.0698
  0.0753  0.0761  0.0662  0.0683  0.0693  0.0680
  0.0721  0.0714  0.0660  0.0653  0.0660  0.0664
  0.0691  0.0685  0.0673  0.0652  0.0652  0.0651
  0.0686  0.0673  0.0667  0.0671  0.0659  0.0649
  0.0724  0.0687  0.0646  0.0703  0.0684  0.0663
  0.0774  0.0726  0.0641  0.0726  0.0714  0.0688
niter,ni,del,rscale     3    3   12.0000    1.2000
parameters
   -1.6331    3.4383   16.1496   -4.0425   -0.4349   -0.0065
eta,q 0.93641 14.67939
  0.0805  0.0775  0.0669  0.0712  0.0709  0.0686
  0.0734  0.0698  0.0664  0.0665  0.0664  0.0666
  0.0674  0.0662  0.0671  0.0643  0.0641  0.0648
  0.0649  0.0647  0.0646  0.0637  0.0637  0.0637
  0.0652  0.0651  0.0634  0.0655  0.0653  0.0639
  0.0692  0.0677  0.0651  0.0689  0.0682  0.0655
  0.0759  0.0711  0.0676  0.0717  0.0714  0.0683
niter,ni,del,rscale     2    3   12.0000    1.2000
parameters
   -1.7400    3.8528   16.0843   -4.1963   -0.3629    0.0641
eta,q 0.93630 14.69963
  0.0768  0.0744  0.0665  0.0713  0.0718  0.0683
  0.0702  0.0679  0.0667  0.0669  0.0669  0.0664
  0.0653  0.0650  0.0670  0.0646  0.0644  0.0647
  0.0636  0.0636  0.0636  0.0637  0.0637  0.0637
  0.0656  0.0644  0.0635  0.0650  0.0648  0.0640
  0.0710  0.0672  0.0655  0.0684  0.0675  0.0658
  0.0776  0.0711  0.0686  0.0714  0.0707  0.0685
niter,ni,del,rscale     1    3   12.0000    1.2000
parameters
   -1.8269    3.9153   16.0772   -4.2510   -0.2923    0.0906
eta,q 0.93626 14.70215
  0.0770  0.0730  0.0665  0.0715  0.0717  0.0682
  0.0704  0.0672  0.0667  0.0671  0.0668  0.0663
  0.0654  0.0646  0.0671  0.0647  0.0644  0.0646
  0.0637  0.0637  0.0637  0.0637  0.0637  0.0637
  0.0657  0.0649  0.0634  0.0648  0.0648  0.0641
  0.0712  0.0677  0.0654  0.0682  0.0674  0.0658
  0.0776  0.0720  0.0686  0.0712  0.0706  0.0685
registration optimization eta report
parameter search radius
    6.0000    6.0000    6.9000    6.0000    6.0000    6.0000
100000*second partial in parameter space
       37.       24.        7.       21.       21.       13.
  0.0770  0.0730  0.0665  0.0715  0.0717  0.0682
  0.0704  0.0672  0.0667  0.0671  0.0668  0.0663
  0.0654  0.0646  0.0671  0.0647  0.0644  0.0646
  0.0637  0.0637  0.0637  0.0637  0.0637  0.0637
  0.0657  0.0649  0.0634  0.0648  0.0648  0.0641
  0.0712  0.0677  0.0654  0.0682  0.0674  0.0658
  0.0776  0.0720  0.0686  0.0712  0.0706  0.0685
   -1.8269    3.9153   16.0772   -4.2510   -0.2923    0.0906
eta,q 0.93626 14.70215

---------------------------------------------------------------------
imgreg_4dfp /opt/freesurfer/average/711-2C_as_mni_average_305 /opt/freesurfer/average/711-2B_as_mni_average_305_mask talsrcimg_g11 none talsrcimg_to_711-2C_as_mni_average_305_t4 3335
---------------------------------------------------------------------

freesurfer imgreg_4dfp.c
/opt/freesurfer/average/711-2C_as_mni_average_305.4dfp.img
       256       256       256         1
  1.000000  1.000000  1.000000
orientation T byte_order littleendian
Reading image: /opt/freesurfer/average/711-2C_as_mni_average_305.4dfp.img
dimensions:      256       256       256
mmppix:       1.0000   -1.0000   -1.0000
center:     128.0000 -129.0000 -129.0000
/opt/freesurfer/average/711-2B_as_mni_average_305_mask.4dfp.img
       256       256       256         1
  1.000000  1.000000  1.000000
orientation T byte_order littleendian
Reading mask: /opt/freesurfer/average/711-2B_as_mni_average_305_mask.4dfp.img (2306576 pixels)
talsrcimg_g11.4dfp.img
       256       256       256         1
  1.000000  1.000000  1.000000
orientation T byte_order littleendian
Reading image: talsrcimg_g11.4dfp.img
dimensions:      256       256       256
mmppix:       1.0000   -1.0000   -1.0000
center:     128.0000 -129.0000 -129.0000
fimgreg.f
image alignment mode   3335 decimal      D07 hex
parameters
   -1.8269    3.9153   16.0772   -0.0014   -0.2753   -0.2764
   -0.1955    0.4970    0.1581    7.4134   -0.5101   -7.4125
eta,q 0.93367 14.88446
niter,ni,del,rscale     5    3    5.0000    1.2000
parameter  3  0.367377 -> -0.500000 qaram    1.1500
parameter  4  2.152164 ->  0.500000 qaram    1.1500
parameter  5  2.268612 ->  0.500000 qaram    1.1500
parameter  6  2.069706 ->  0.500000 qaram    1.1500
parameter  8 -0.822155 -> -0.500000 qaram    1.1500
parameter 11 -0.633832 -> -0.500000 qaram    1.1500
parameter 12 -0.697713 -> -0.500000 qaram    1.1500
parameters
   -1.9559    4.2890   17.4572   -4.1414   -4.4153   -4.4164
   -0.1506    4.6370   -1.4081    6.4650    3.6299   -3.2725
eta,q 0.95134 14.31173
  0.0680  0.0681  0.0661  0.0579  0.0527  0.0504  0.0535  0.0573  0.0506  0.0522  0.0524  0.0511
  0.0670  0.0674  0.0661  0.0598  0.0547  0.0513  0.0525  0.0552  0.0499  0.0509  0.0513  0.0503
  0.0665  0.0668  0.0662  0.0624  0.0572  0.0530  0.0519  0.0533  0.0496  0.0499  0.0503  0.0496
  0.0663  0.0663  0.0662  0.0658  0.0605  0.0553  0.0517  0.0517  0.0496  0.0496  0.0496  0.0491
  0.0666  0.0662  0.0660  0.0698  0.0644  0.0579  0.0519  0.0502  0.0501  0.0501  0.0492  0.0488
  0.0673  0.0666  0.0657  0.0741  0.0686  0.0601  0.0525  0.0496  0.0508  0.0519  0.0491  0.0486
  0.0684  0.0674  0.0655  0.0787  0.0728  0.0633  0.0535  0.0504  0.0519  0.0546  0.0493  0.0488
niter,ni,del,rscale     7    3    5.0000    1.2000
parameter  3  1.192109 ->  0.500000 qaram    1.3225
parameter  4  0.929899 ->  0.500000 qaram    1.3225
parameter  5  1.069598 ->  0.500000 qaram    1.3225
parameter  6  0.814298 ->  0.500000 qaram    1.3225
parameter 10  0.981980 ->  0.500000 qaram    1.1500
parameter 12  0.515245 ->  0.500000 qaram    1.3225
parameters
   -1.4247    3.7742   15.8702   -8.9024   -9.1763   -9.1774
    0.6930    2.5352   -2.1787    2.3250   -0.5004   -8.0335
eta,q 0.96382 13.81251
  0.0525  0.0494  0.0460  0.0425  0.0391  0.0379  0.0411  0.0406  0.0393  0.0369  0.0371  0.0365
  0.0507  0.0487  0.0463  0.0429  0.0399  0.0384  0.0399  0.0388  0.0386  0.0369  0.0366  0.0362
  0.0494  0.0484  0.0471  0.0441  0.0412  0.0391  0.0390  0.0382  0.0383  0.0374  0.0366  0.0362
  0.0487  0.0485  0.0484  0.0465  0.0432  0.0402  0.0386  0.0386  0.0382  0.0382  0.0369  0.0365
  0.0486  0.0489  0.0504  0.0501  0.0458  0.0445  0.0387  0.0398  0.0384  0.0392  0.0376  0.0373
  0.0491  0.0496  0.0527  0.0547  0.0495  0.0506  0.0392  0.0416  0.0390  0.0405  0.0383  0.0382
  0.0502  0.0507  0.0549  0.0600  0.0540  0.0540  0.0402  0.0442  0.0399  0.0422  0.0390  0.0394
niter,ni,del,rscale     7    3    5.0000    1.2000
parameter  2  0.574997 ->  0.500000 qaram    1.1500
parameter  3  1.248191 ->  0.500000 qaram    1.5209
parameter 12 -0.771932 -> -0.500000 qaram    1.5209
parameters
   -1.1856    2.3942   14.0451  -10.0925  -11.5723  -10.6291
    0.2989    2.6837   -1.9362    4.9810    0.6265   -2.5583
eta,q 0.96787 13.67697
  0.0393  0.0359  0.0318  0.0356  0.0348  0.0371  0.0350  0.0376  0.0346  0.0371  0.0344  0.0355
  0.0378  0.0356  0.0323  0.0342  0.0333  0.0360  0.0340  0.0352  0.0339  0.0353  0.0335  0.0345
  0.0367  0.0357  0.0336  0.0332  0.0326  0.0344  0.0334  0.0336  0.0334  0.0341  0.0330  0.0337
  0.0362  0.0361  0.0356  0.0326  0.0327  0.0326  0.0333  0.0333  0.0333  0.0333  0.0329  0.0330
  0.0363  0.0370  0.0382  0.0329  0.0338  0.0334  0.0336  0.0339  0.0334  0.0329  0.0330  0.0324
  0.0370  0.0382  0.0412  0.0350  0.0360  0.0378  0.0343  0.0353  0.0338  0.0331  0.0333  0.0321
  0.0383  0.0398  0.0446  0.0389  0.0393  0.0431  0.0354  0.0370  0.0344  0.0342  0.0336  0.0325
niter,ni,del,rscale     7    3    5.0000    1.2000
parameters
   -1.4433    2.1421   12.4570   -8.8971  -11.1199  -12.0681
    0.8489    3.2951   -1.1834    4.0679    4.2004   -3.0960
eta,q 0.96800 13.69648
  0.0341  0.0344  0.0325  0.0354  0.0356  0.0361  0.0348  0.0372  0.0340  0.0344  0.0338  0.0338
  0.0329  0.0329  0.0314  0.0336  0.0337  0.0349  0.0334  0.0347  0.0331  0.0333  0.0329  0.0330
  0.0322  0.0321  0.0313  0.0322  0.0320  0.0333  0.0325  0.0328  0.0324  0.0324  0.0324  0.0323
  0.0321  0.0321  0.0320  0.0313  0.0310  0.0310  0.0321  0.0320  0.0321  0.0320  0.0321  0.0320
  0.0326  0.0327  0.0335  0.0309  0.0313  0.0312  0.0322  0.0325  0.0321  0.0325  0.0320  0.0321
  0.0336  0.0338  0.0358  0.0318  0.0327  0.0366  0.0329  0.0338  0.0326  0.0338  0.0320  0.0329
  0.0352  0.0352  0.0392  0.0342  0.0352  0.0441  0.0341  0.0358  0.0334  0.0363  0.0321  0.0345
niter,ni,del,rscale     6    3    5.0000    1.2000
parameters
   -1.5345    2.1483   10.9271   -8.0592  -10.4028  -12.9079
    0.2807    3.3839   -1.8723    3.9022    6.4311   -4.9046
eta,q 0.96811 13.72483
  0.0344  0.0348  0.0323  0.0357  0.0358  0.0362  0.0341  0.0368  0.0334  0.0349  0.0335  0.0334
  0.0330  0.0331  0.0315  0.0339  0.0340  0.0352  0.0329  0.0342  0.0325  0.0335  0.0327  0.0325
  0.0322  0.0322  0.0315  0.0325  0.0323  0.0338  0.0321  0.0325  0.0321  0.0325  0.0322  0.0320
  0.0320  0.0320  0.0320  0.0315  0.0313  0.0312  0.0320  0.0320  0.0320  0.0320  0.0320  0.0319
  0.0324  0.0324  0.0328  0.0311  0.0315  0.0300  0.0324  0.0325  0.0323  0.0322  0.0319  0.0324
  0.0333  0.0333  0.0339  0.0322  0.0327  0.0353  0.0334  0.0341  0.0330  0.0334  0.0320  0.0335
  0.0347  0.0345  0.0355  0.0351  0.0350  0.0416  0.0348  0.0366  0.0340  0.0355  0.0324  0.0351
niter,ni,del,rscale     5    3    5.0000    1.2000
parameters
   -1.6277    2.2725   10.3210   -8.0397  -10.3258  -13.2806
    0.3440    3.1853   -2.5403    4.4131    6.8913   -5.6882
eta,q 0.96801 13.71694
  0.0343  0.0349  0.0335  0.0356  0.0357  0.0364  0.0345  0.0365  0.0334  0.0353  0.0331  0.0340
  0.0329  0.0331  0.0320  0.0339  0.0340  0.0355  0.0332  0.0340  0.0326  0.0338  0.0324  0.0329
  0.0321  0.0321  0.0316  0.0326  0.0325  0.0342  0.0324  0.0325  0.0321  0.0327  0.0321  0.0322
  0.0319  0.0319  0.0319  0.0317  0.0317  0.0317  0.0321  0.0321  0.0321  0.0320  0.0320  0.0320
  0.0323  0.0323  0.0325  0.0316  0.0321  0.0297  0.0323  0.0326  0.0324  0.0321  0.0320  0.0323
  0.0332  0.0331  0.0333  0.0330  0.0334  0.0342  0.0331  0.0343  0.0330  0.0330  0.0323  0.0333
  0.0347  0.0342  0.0345  0.0364  0.0360  0.0405  0.0344  0.0370  0.0340  0.0348  0.0329  0.0347
niter,ni,del,rscale     4    3    5.0000    1.2000
parameters
   -1.6546    2.4370   10.0764   -8.0367  -10.4448  -13.5044
    0.5252    3.1239   -2.8706    4.8278    7.2569   -5.9984
eta,q 0.96789 13.70168
  0.0345  0.0350  0.0342  0.0357  0.0358  0.0365  0.0346  0.0367  0.0336  0.0353  0.0331  0.0343
  0.0331  0.0333  0.0324  0.0341  0.0341  0.0356  0.0333  0.0342  0.0328  0.0338  0.0325  0.0331
  0.0323  0.0323  0.0318  0.0328  0.0326  0.0343  0.0325  0.0327  0.0323  0.0327  0.0322  0.0324
  0.0320  0.0320  0.0320  0.0319  0.0319  0.0319  0.0322  0.0322  0.0322  0.0322  0.0321  0.0321
  0.0323  0.0323  0.0325  0.0319  0.0324  0.0298  0.0324  0.0326  0.0324  0.0322  0.0321  0.0324
  0.0332  0.0331  0.0333  0.0332  0.0337  0.0339  0.0332  0.0342  0.0330  0.0331  0.0324  0.0332
  0.0346  0.0341  0.0343  0.0365  0.0364  0.0402  0.0344  0.0369  0.0339  0.0349  0.0330  0.0346
niter,ni,del,rscale     3    3    5.0000    1.2000
parameters
   -1.6631    2.5677    9.8980   -8.0219  -10.5872  -13.7330
    0.6075    3.0719   -3.1459    5.1414    7.6726   -6.1456
eta,q 0.96774 13.68507
  0.0346  0.0349  0.0344  0.0358  0.0358  0.0365  0.0346  0.0367  0.0337  0.0353  0.0332  0.0345
  0.0333  0.0333  0.0325  0.0342  0.0342  0.0357  0.0334  0.0343  0.0329  0.0338  0.0327  0.0333
  0.0324  0.0323  0.0320  0.0329  0.0327  0.0344  0.0326  0.0328  0.0324  0.0328  0.0324  0.0325
  0.0321  0.0321  0.0321  0.0321  0.0321  0.0321  0.0323  0.0323  0.0323  0.0323  0.0323  0.0323
  0.0324  0.0324  0.0326  0.0320  0.0325  0.0300  0.0325  0.0327  0.0325  0.0324  0.0323  0.0325
  0.0333  0.0332  0.0334  0.0334  0.0339  0.0339  0.0333  0.0343  0.0331  0.0333  0.0325  0.0333
  0.0347  0.0342  0.0343  0.0366  0.0365  0.0402  0.0345  0.0369  0.0339  0.0351  0.0331  0.0346
niter,ni,del,rscale     2    3    5.0000    1.2000
parameters
   -1.6721    2.6861    9.7410   -8.0089  -10.7280  -13.9638
    0.6732    3.0214   -3.4290    5.4224    8.1097   -6.2183
eta,q 0.96759 13.66819
  0.0348  0.0350  0.0345  0.0359  0.0359  0.0366  0.0348  0.0368  0.0339  0.0353  0.0334  0.0346
  0.0334  0.0334  0.0327  0.0343  0.0343  0.0357  0.0335  0.0344  0.0330  0.0339  0.0329  0.0335
  0.0325  0.0325  0.0321  0.0331  0.0329  0.0346  0.0327  0.0330  0.0326  0.0329  0.0326  0.0327
  0.0323  0.0323  0.0323  0.0322  0.0322  0.0322  0.0324  0.0324  0.0325  0.0324  0.0324  0.0324
  0.0326  0.0326  0.0328  0.0322  0.0326  0.0301  0.0327  0.0328  0.0327  0.0325  0.0324  0.0327
  0.0334  0.0333  0.0335  0.0335  0.0340  0.0339  0.0335  0.0344  0.0332  0.0334  0.0327  0.0334
  0.0348  0.0344  0.0343  0.0367  0.0366  0.0402  0.0347  0.0370  0.0341  0.0352  0.0333  0.0347
niter,ni,del,rscale     1    3    5.0000    1.2000
parameters
   -1.6818    2.7978    9.5822   -8.0095  -10.8739  -14.2191
    0.7344    2.9809   -3.7130    5.6884    8.5848   -6.2500
eta,q 0.96743 13.64942
  0.0349  0.0351  0.0346  0.0360  0.0360  0.0366  0.0349  0.0368  0.0340  0.0354  0.0335  0.0348
  0.0335  0.0335  0.0328  0.0345  0.0344  0.0358  0.0337  0.0345  0.0332  0.0340  0.0331  0.0336
  0.0327  0.0326  0.0323  0.0332  0.0330  0.0347  0.0329  0.0332  0.0327  0.0331  0.0328  0.0329
  0.0324  0.0324  0.0324  0.0324  0.0324  0.0324  0.0326  0.0326  0.0326  0.0326  0.0326  0.0326
  0.0327  0.0327  0.0329  0.0324  0.0328  0.0303  0.0329  0.0330  0.0328  0.0327  0.0326  0.0328
  0.0336  0.0335  0.0336  0.0337  0.0341  0.0340  0.0336  0.0344  0.0334  0.0336  0.0328  0.0336
  0.0349  0.0345  0.0344  0.0368  0.0367  0.0403  0.0348  0.0371  0.0342  0.0353  0.0334  0.0348
registration optimization eta report
parameter search radius
    2.4000    2.7600    3.6501    9.5220    9.5220    9.5220
    7.2000    8.2800    7.2000    8.2800    8.2800   10.9503
100000*second partial in parameter space
       43.       31.       16.        4.        4.        7.
        4.        6.        3.        4.        1.        2.
  0.0349  0.0351  0.0346  0.0360  0.0360  0.0366  0.0349  0.0368  0.0340  0.0354  0.0335  0.0348
  0.0335  0.0335  0.0328  0.0345  0.0344  0.0358  0.0337  0.0345  0.0332  0.0340  0.0331  0.0336
  0.0327  0.0326  0.0323  0.0332  0.0330  0.0347  0.0329  0.0332  0.0327  0.0331  0.0328  0.0329
  0.0324  0.0324  0.0324  0.0324  0.0324  0.0324  0.0326  0.0326  0.0326  0.0326  0.0326  0.0326
  0.0327  0.0327  0.0329  0.0324  0.0328  0.0303  0.0329  0.0330  0.0328  0.0327  0.0326  0.0328
  0.0336  0.0335  0.0336  0.0337  0.0341  0.0340  0.0336  0.0344  0.0334  0.0336  0.0328  0.0336
  0.0349  0.0345  0.0344  0.0368  0.0367  0.0403  0.0348  0.0371  0.0342  0.0353  0.0334  0.0348
   -1.6818    2.7978    9.5822   -8.0095  -10.8739  -14.2191
    0.7344    2.9809   -3.7130    5.6884    8.5848   -6.2500
eta,q 0.96743 13.64942

---------------------------------------------------------------------
imgreg_4dfp /opt/freesurfer/average/711-2C_as_mni_average_305 /opt/freesurfer/average/711-2B_as_mni_average_305_mask talsrcimg_g11 none talsrcimg_to_711-2C_as_mni_average_305_t4 2311
---------------------------------------------------------------------

freesurfer imgreg_4dfp.c
/opt/freesurfer/average/711-2C_as_mni_average_305.4dfp.img
       256       256       256         1
  1.000000  1.000000  1.000000
orientation T byte_order littleendian
Reading image: /opt/freesurfer/average/711-2C_as_mni_average_305.4dfp.img
dimensions:      256       256       256
mmppix:       1.0000   -1.0000   -1.0000
center:     128.0000 -129.0000 -129.0000
/opt/freesurfer/average/711-2B_as_mni_average_305_mask.4dfp.img
       256       256       256         1
  1.000000  1.000000  1.000000
orientation T byte_order littleendian
Reading mask: /opt/freesurfer/average/711-2B_as_mni_average_305_mask.4dfp.img (2306576 pixels)
talsrcimg_g11.4dfp.img
       256       256       256         1
  1.000000  1.000000  1.000000
orientation T byte_order littleendian
Reading image: talsrcimg_g11.4dfp.img
dimensions:      256       256       256
mmppix:       1.0000   -1.0000   -1.0000
center:     128.0000 -129.0000 -129.0000
fimgreg.f
image alignment mode   2311 decimal      907 hex
parameters
   -1.6818    2.7978    9.5822   -8.0095  -10.8739  -14.2191
    0.7344    2.9809   -3.7130    5.6884    8.5848   -6.2500
eta,q 0.96743 13.64942
niter,ni,del,rscale     5    3    5.0000    0.8000
parameter  3  0.545618 ->  0.500000 qaram    1.1500
parameters
   -1.6932    2.7626    8.6622   -6.8761  -10.7081  -12.8777
    0.5660    2.7257   -4.1455    5.6697    8.1584   -7.5455
eta,q 0.96870 13.73090
  0.0337  0.0334  0.0326  0.0339  0.0336  0.0355  0.0324  0.0339  0.0320  0.0330  0.0321  0.0317
  0.0331  0.0329  0.0325  0.0333  0.0330  0.0347  0.0318  0.0325  0.0316  0.0322  0.0317  0.0314
  0.0327  0.0326  0.0325  0.0328  0.0325  0.0336  0.0315  0.0316  0.0314  0.0316  0.0314  0.0313
  0.0326  0.0326  0.0326  0.0325  0.0323  0.0323  0.0314  0.0314  0.0314  0.0314  0.0314  0.0314
  0.0327  0.0327  0.0327  0.0323  0.0324  0.0313  0.0316  0.0319  0.0315  0.0315  0.0315  0.0316
  0.0331  0.0330  0.0329  0.0325  0.0328  0.0318  0.0319  0.0329  0.0318  0.0321  0.0319  0.0320
  0.0337  0.0334  0.0332  0.0331  0.0335  0.0339  0.0326  0.0345  0.0323  0.0331  0.0324  0.0325
niter,ni,del,rscale     5    3    5.0000    0.8000
parameters
   -1.6788    2.8389    9.3269   -6.9797  -10.6601  -12.1537
    0.8813    2.8788   -3.6931    6.0925    7.4915   -7.5582
eta,q 0.96936 13.75258
  0.0327  0.0323  0.0339  0.0324  0.0325  0.0350  0.0320  0.0337  0.0316  0.0326  0.0313  0.0314
  0.0319  0.0317  0.0326  0.0319  0.0318  0.0340  0.0313  0.0322  0.0311  0.0317  0.0309  0.0310
  0.0315  0.0314  0.0317  0.0314  0.0314  0.0327  0.0309  0.0311  0.0308  0.0310  0.0307  0.0307
  0.0313  0.0313  0.0313  0.0312  0.0312  0.0312  0.0307  0.0307  0.0307  0.0307  0.0307  0.0306
  0.0314  0.0314  0.0312  0.0313  0.0313  0.0305  0.0308  0.0310  0.0307  0.0307  0.0308  0.0307
  0.0319  0.0317  0.0313  0.0318  0.0318  0.0315  0.0311  0.0319  0.0310  0.0312  0.0312  0.0310
  0.0326  0.0321  0.0316  0.0327  0.0325  0.0342  0.0317  0.0334  0.0313  0.0321  0.0318  0.0314
niter,ni,del,rscale     4    3    5.0000    0.7000
parameters
   -1.6867    2.8628    9.8035   -6.9245  -10.7253  -11.3147
    0.6786    3.0837   -3.3233    6.1288    7.0387   -7.4886
eta,q 0.96994 13.76870
  0.0317  0.0314  0.0325  0.0316  0.0316  0.0342  0.0309  0.0327  0.0308  0.0315  0.0307  0.0308
  0.0311  0.0310  0.0315  0.0311  0.0311  0.0332  0.0304  0.0314  0.0304  0.0308  0.0303  0.0304
  0.0308  0.0307  0.0309  0.0308  0.0307  0.0319  0.0301  0.0304  0.0302  0.0303  0.0301  0.0301
  0.0306  0.0306  0.0306  0.0306  0.0306  0.0306  0.0301  0.0301  0.0301  0.0301  0.0301  0.0301
  0.0308  0.0307  0.0306  0.0307  0.0307  0.0300  0.0302  0.0303  0.0301  0.0302  0.0302  0.0301
  0.0311  0.0310  0.0308  0.0310  0.0311  0.0307  0.0305  0.0311  0.0303  0.0307  0.0305  0.0304
  0.0317  0.0313  0.0310  0.0317  0.0317  0.0329  0.0310  0.0323  0.0306  0.0315  0.0310  0.0307
niter,ni,del,rscale     3    3    5.0000    0.6000
parameters
   -1.6800    2.8165   10.3619   -6.9268  -10.8296  -10.4718
    0.4983    3.2487   -2.9639    6.0628    6.6530   -7.2950
eta,q 0.97052 13.78412
  0.0309  0.0306  0.0318  0.0307  0.0307  0.0334  0.0301  0.0316  0.0300  0.0305  0.0300  0.0301
  0.0304  0.0303  0.0310  0.0303  0.0303  0.0323  0.0297  0.0305  0.0297  0.0300  0.0297  0.0298
  0.0302  0.0301  0.0304  0.0301  0.0300  0.0311  0.0295  0.0298  0.0296  0.0296  0.0295  0.0296
  0.0301  0.0301  0.0300  0.0299  0.0299  0.0299  0.0295  0.0295  0.0295  0.0295  0.0295  0.0295
  0.0301  0.0301  0.0299  0.0300  0.0300  0.0294  0.0296  0.0297  0.0295  0.0296  0.0296  0.0295
  0.0304  0.0303  0.0300  0.0303  0.0303  0.0300  0.0298  0.0303  0.0296  0.0300  0.0299  0.0297
  0.0309  0.0306  0.0302  0.0308  0.0308  0.0317  0.0302  0.0313  0.0298  0.0307  0.0302  0.0300
niter,ni,del,rscale     2    3    5.0000    0.5000
parameters
   -1.6742    2.7429   10.9236   -6.9828  -10.9723   -9.7630
    0.3341    3.3103   -2.6753    5.9258    6.2845   -7.0498
eta,q 0.97099 13.79597
  0.0301  0.0298  0.0309  0.0299  0.0299  0.0324  0.0295  0.0305  0.0294  0.0298  0.0294  0.0295
  0.0297  0.0296  0.0303  0.0296  0.0296  0.0313  0.0292  0.0297  0.0292  0.0294  0.0292  0.0292
  0.0296  0.0295  0.0298  0.0294  0.0294  0.0302  0.0291  0.0292  0.0291  0.0291  0.0290  0.0291
  0.0295  0.0295  0.0295  0.0293  0.0293  0.0293  0.0290  0.0290  0.0290  0.0290  0.0290  0.0290
  0.0295  0.0295  0.0293  0.0294  0.0294  0.0290  0.0291  0.0292  0.0290  0.0291  0.0291  0.0290
  0.0297  0.0297  0.0293  0.0296  0.0296  0.0295  0.0293  0.0297  0.0291  0.0294  0.0293  0.0291
  0.0301  0.0299  0.0295  0.0300  0.0300  0.0307  0.0296  0.0304  0.0293  0.0300  0.0296  0.0293
niter,ni,del,rscale     1    3    5.0000    0.4000
parameters
   -1.7163    2.6443   11.3352   -7.0797  -11.1030   -9.2888
    0.2428    3.2912   -2.4218    5.7521    5.9119   -6.8314
eta,q 0.97122 13.80213
  0.0294  0.0292  0.0300  0.0293  0.0293  0.0312  0.0291  0.0298  0.0290  0.0293  0.0290  0.0291
  0.0292  0.0291  0.0295  0.0291  0.0291  0.0303  0.0289  0.0292  0.0289  0.0290  0.0289  0.0289
  0.0290  0.0290  0.0292  0.0290  0.0289  0.0295  0.0288  0.0289  0.0288  0.0288  0.0288  0.0288
  0.0290  0.0290  0.0290  0.0289  0.0289  0.0289  0.0288  0.0288  0.0288  0.0288  0.0288  0.0288
  0.0291  0.0291  0.0289  0.0290  0.0290  0.0288  0.0288  0.0289  0.0288  0.0289  0.0289  0.0288
  0.0292  0.0292  0.0289  0.0291  0.0291  0.0292  0.0289  0.0293  0.0289  0.0291  0.0290  0.0289
  0.0295  0.0293  0.0291  0.0294  0.0294  0.0301  0.0291  0.0298  0.0290  0.0295  0.0292  0.0290
registration optimization eta report
parameter search radius
    0.8000    0.8000    0.9200    2.4000    2.4000    2.4000
    2.4000    2.4000    2.4000    2.4000    2.4000    2.4000
100000*second partial in parameter space
       63.       42.       60.        7.        7.       30.
        5.       17.        4.       10.        5.        4.
  0.0294  0.0292  0.0300  0.0293  0.0293  0.0312  0.0291  0.0298  0.0290  0.0293  0.0290  0.0291
  0.0292  0.0291  0.0295  0.0291  0.0291  0.0303  0.0289  0.0292  0.0289  0.0290  0.0289  0.0289
  0.0290  0.0290  0.0292  0.0290  0.0289  0.0295  0.0288  0.0289  0.0288  0.0288  0.0288  0.0288
  0.0290  0.0290  0.0290  0.0289  0.0289  0.0289  0.0288  0.0288  0.0288  0.0288  0.0288  0.0288
  0.0291  0.0291  0.0289  0.0290  0.0290  0.0288  0.0288  0.0289  0.0288  0.0289  0.0289  0.0288
  0.0292  0.0292  0.0289  0.0291  0.0291  0.0292  0.0289  0.0293  0.0289  0.0291  0.0290  0.0289
  0.0295  0.0293  0.0291  0.0294  0.0294  0.0301  0.0291  0.0298  0.0290  0.0295  0.0292  0.0290
   -1.7163    2.6443   11.3352   -7.0797  -11.1030   -9.2888
    0.2428    3.2912   -2.4218    5.7521    5.9119   -6.8314
eta,q 0.97122 13.80213

---------------------------------------------------------------------
imgreg_4dfp /opt/freesurfer/average/711-2C_as_mni_average_305 /opt/freesurfer/average/711-2B_as_mni_average_305_mask talsrcimg_g11 none talsrcimg_to_711-2C_as_mni_average_305_t4 2311
---------------------------------------------------------------------

freesurfer imgreg_4dfp.c
/opt/freesurfer/average/711-2C_as_mni_average_305.4dfp.img
       256       256       256         1
  1.000000  1.000000  1.000000
orientation T byte_order littleendian
Reading image: /opt/freesurfer/average/711-2C_as_mni_average_305.4dfp.img
dimensions:      256       256       256
mmppix:       1.0000   -1.0000   -1.0000
center:     128.0000 -129.0000 -129.0000
/opt/freesurfer/average/711-2B_as_mni_average_305_mask.4dfp.img
       256       256       256         1
  1.000000  1.000000  1.000000
orientation T byte_order littleendian
Reading mask: /opt/freesurfer/average/711-2B_as_mni_average_305_mask.4dfp.img (2306576 pixels)
talsrcimg_g11.4dfp.img
       256       256       256         1
  1.000000  1.000000  1.000000
orientation T byte_order littleendian
Reading image: talsrcimg_g11.4dfp.img
dimensions:      256       256       256
mmppix:       1.0000   -1.0000   -1.0000
center:     128.0000 -129.0000 -129.0000
fimgreg.f
image alignment mode   2311 decimal      907 hex
parameters
   -1.7163    2.6443   11.3352   -7.0797  -11.1030   -9.2888
    0.2428    3.2912   -2.4218    5.7521    5.9119   -6.8314
eta,q 0.97122 13.80212
niter,ni,del,rscale     5    3    5.0000    0.8000
parameters
   -1.7961    2.5990   11.6304   -7.5370  -11.1695   -9.5285
    0.2516    3.2374   -2.2169    5.5773    5.7893   -6.2189
eta,q 0.97116 13.78911
  0.0302  0.0298  0.0308  0.0299  0.0302  0.0333  0.0301  0.0319  0.0297  0.0306  0.0298  0.0299
  0.0294  0.0292  0.0298  0.0293  0.0295  0.0319  0.0294  0.0303  0.0293  0.0297  0.0293  0.0294
  0.0289  0.0289  0.0291  0.0289  0.0290  0.0300  0.0290  0.0292  0.0290  0.0291  0.0290  0.0290
  0.0288  0.0288  0.0288  0.0287  0.0288  0.0288  0.0289  0.0289  0.0289  0.0288  0.0289  0.0289
  0.0290  0.0290  0.0288  0.0289  0.0289  0.0292  0.0290  0.0293  0.0289  0.0290  0.0290  0.0289
  0.0296  0.0293  0.0291  0.0296  0.0295  0.0316  0.0294  0.0303  0.0292  0.0297  0.0293  0.0291
  0.0305  0.0299  0.0297  0.0307  0.0303  0.0355  0.0300  0.0320  0.0296  0.0310  0.0299  0.0295
niter,ni,del,rscale     4    3    5.0000    0.7000
parameters
   -1.7836    2.4669   11.5411   -7.3630  -11.0699   -9.5283
    0.2018    3.2992   -2.2084    5.2544    5.7749   -6.1242
eta,q 0.97118 13.79954
  0.0300  0.0295  0.0298  0.0300  0.0301  0.0329  0.0297  0.0314  0.0295  0.0301  0.0296  0.0295
  0.0294  0.0291  0.0292  0.0295  0.0294  0.0315  0.0292  0.0301  0.0291  0.0294  0.0292  0.0291
  0.0290  0.0289  0.0289  0.0290  0.0290  0.0299  0.0289  0.0292  0.0289  0.0289  0.0289  0.0289
  0.0288  0.0288  0.0288  0.0288  0.0288  0.0288  0.0288  0.0288  0.0288  0.0288  0.0288  0.0288
  0.0290  0.0290  0.0290  0.0288  0.0289  0.0290  0.0289  0.0291  0.0289  0.0290  0.0289  0.0289
  0.0293  0.0293  0.0294  0.0292  0.0293  0.0306  0.0292  0.0299  0.0291  0.0296  0.0292  0.0291
  0.0300  0.0298  0.0300  0.0299  0.0300  0.0338  0.0298  0.0313  0.0294  0.0306  0.0296  0.0295
niter,ni,del,rscale     3    3    5.0000    0.6000
parameters
   -1.7760    2.3882   11.5397   -7.2517  -10.9814   -9.3606
    0.2027    3.3277   -2.1709    5.1030    5.6799   -6.1656
eta,q 0.97125 13.80900
  0.0297  0.0294  0.0296  0.0297  0.0297  0.0323  0.0295  0.0308  0.0293  0.0298  0.0294  0.0293
  0.0292  0.0290  0.0292  0.0293  0.0293  0.0311  0.0291  0.0297  0.0290  0.0292  0.0290  0.0290
  0.0289  0.0288  0.0289  0.0290  0.0289  0.0297  0.0288  0.0290  0.0288  0.0289  0.0288  0.0288
  0.0288  0.0288  0.0288  0.0288  0.0288  0.0288  0.0288  0.0288  0.0287  0.0287  0.0287  0.0287
  0.0289  0.0289  0.0289  0.0288  0.0289  0.0289  0.0288  0.0290  0.0288  0.0289  0.0288  0.0288
  0.0292  0.0292  0.0292  0.0291  0.0292  0.0300  0.0291  0.0297  0.0290  0.0293  0.0291  0.0290
  0.0297  0.0295  0.0296  0.0297  0.0297  0.0323  0.0294  0.0307  0.0292  0.0301  0.0294  0.0293
niter,ni,del,rscale     2    3    5.0000    0.5000
parameters
   -1.7898    2.3461   11.6197   -7.2200  -10.9771   -9.1270
    0.1924    3.3305   -2.1069    5.0599    5.5274   -6.2051
eta,q 0.97132 13.81355
  0.0294  0.0292  0.0294  0.0294  0.0294  0.0316  0.0292  0.0301  0.0291  0.0295  0.0291  0.0291
  0.0290  0.0289  0.0291  0.0291  0.0291  0.0305  0.0289  0.0294  0.0288  0.0291  0.0289  0.0289
  0.0288  0.0288  0.0288  0.0288  0.0288  0.0294  0.0287  0.0289  0.0287  0.0288  0.0287  0.0287
  0.0287  0.0287  0.0287  0.0287  0.0287  0.0287  0.0287  0.0287  0.0287  0.0287  0.0287  0.0287
  0.0288  0.0288  0.0288  0.0288  0.0288  0.0288  0.0287  0.0289  0.0287  0.0288  0.0288  0.0287
  0.0290  0.0290  0.0289  0.0290  0.0290  0.0296  0.0289  0.0294  0.0288  0.0291  0.0289  0.0289
  0.0294  0.0292  0.0292  0.0294  0.0294  0.0311  0.0292  0.0301  0.0290  0.0296  0.0292  0.0291
niter,ni,del,rscale     1    3    5.0000    0.4000
parameters
   -1.8222    2.3319   11.7368   -7.2171  -11.0110   -8.9087
    0.1850    3.3238   -2.0514    5.0735    5.3763   -6.2349
eta,q 0.97135 13.81595
  0.0291  0.0290  0.0292  0.0291  0.0291  0.0307  0.0290  0.0296  0.0289  0.0292  0.0289  0.0289
  0.0288  0.0288  0.0289  0.0289  0.0289  0.0298  0.0288  0.0291  0.0287  0.0289  0.0288  0.0288
  0.0287  0.0287  0.0288  0.0287  0.0287  0.0291  0.0287  0.0288  0.0287  0.0287  0.0287  0.0287
  0.0287  0.0287  0.0287  0.0287  0.0287  0.0287  0.0286  0.0286  0.0286  0.0286  0.0286  0.0286
  0.0287  0.0287  0.0287  0.0287  0.0287  0.0287  0.0287  0.0288  0.0287  0.0287  0.0287  0.0287
  0.0289  0.0288  0.0288  0.0289  0.0289  0.0292  0.0288  0.0291  0.0287  0.0289  0.0288  0.0288
  0.0291  0.0290  0.0289  0.0291  0.0291  0.0302  0.0290  0.0296  0.0289  0.0292  0.0290  0.0289
registration optimization eta report
parameter search radius
    0.8000    0.8000    0.8000    2.4000    2.4000    2.4000
    2.4000    2.4000    2.4000    2.4000    2.4000    2.4000
100000*second partial in parameter space
       64.       46.       59.        7.        7.       31.
        6.       17.        4.       10.        5.        4.
  0.0291  0.0290  0.0292  0.0291  0.0291  0.0307  0.0290  0.0296  0.0289  0.0292  0.0289  0.0289
  0.0288  0.0288  0.0289  0.0289  0.0289  0.0298  0.0288  0.0291  0.0287  0.0289  0.0288  0.0288
  0.0287  0.0287  0.0288  0.0287  0.0287  0.0291  0.0287  0.0288  0.0287  0.0287  0.0287  0.0287
  0.0287  0.0287  0.0287  0.0287  0.0287  0.0287  0.0286  0.0286  0.0286  0.0286  0.0286  0.0286
  0.0287  0.0287  0.0287  0.0287  0.0287  0.0287  0.0287  0.0288  0.0287  0.0287  0.0287  0.0287
  0.0289  0.0288  0.0288  0.0289  0.0289  0.0292  0.0288  0.0291  0.0287  0.0289  0.0288  0.0288
  0.0291  0.0290  0.0289  0.0291  0.0291  0.0302  0.0290  0.0296  0.0289  0.0292  0.0290  0.0289
   -1.8222    2.3319   11.7368   -7.2171  -11.0110   -8.9087
    0.1850    3.3238   -2.0514    5.0735    5.3763   -6.2349
eta,q 0.97135 13.81595

---------------------------------------------------------------------
compute_vox2vox talsrcimg talsrcimg_to_711-2C_as_mni_average_305_t4 /opt/freesurfer/average/711-2C_as_mni_average_305
---------------------------------------------------------------------

freesurfer compute_vox2vox.c
Reading: talsrcimg.4dfp.ifh
Reading: talsrcimg_to_711-2C_as_mni_average_305_t4
Reading: /opt/freesurfer/average/711-2C_as_mni_average_305.4dfp.ifh
Writing: talsrcimg_to_711-2C_as_mni_average_305_t4_vox2vox.txt

start time Mon Mar 9 20:36:33 CET 2026
end		time Mon Mar 9 20:38:00 CET 2026

mpr2mni305 success

avi2talxfm orig_nu.mgz /opt/freesurfer/average/mni305.cor.mgz talsrcimg_to_711-2C_as_mni_average_305_t4_vox2vox.txt transforms/talairach.auto.xfm
avi2talxfm done
mv -f /out/sourcedata/freesurfer/sub-v1s23x0050609_ses-1/mri/talsrcimg_to_711-2C_as_mni_average_305_t4_vox2vox.txt /out/sourcedata/freesurfer/sub-v1s23x0050609_ses-1/mri/transforms/talsrcimg_to_711-2C_as_mni_average_305_t4_vox2vox.txt
lta_convert --src orig_nu.mgz --trg /opt/freesurfer/average/mni305.cor.mgz --inxfm transforms/talairach.auto.xfm --outlta transforms/talairach.auto.xfm.lta --subject fsaverage
7.3.2

--src: orig_nu.mgz src image (geometry).
--trg: /opt/freesurfer/average/mni305.cor.mgz trg image (geometry).
--inmni: transforms/talairach.auto.xfm input MNI/XFM transform.
--outlta: transforms/talairach.auto.xfm.lta output LTA.
--s: fsaverage subject name
 LTA read, type : 1
 1.07994  -0.03913  -0.00499  -8.50954;
-0.06179   1.09577   0.07690   37.41869;
 0.02842  -0.06338   1.11924  -16.66382;
 0.00000   0.00000   0.00000   1.00000;
setting subject to fsaverage
Writing  LTA to file transforms/talairach.auto.xfm.lta...
lta_convert successful.
 
 
Started at Mon Mar 9 20:36:33 CET 2026
Ended   at Mon Mar  9 20:38:00 CET 2026
talairach_avi done
