status file for recon-all
Mon Mar  9 19:13:40 CET 2026
#@# MotionCor Mon Mar  9 19:13:42 CET 2026
#@# Talairach Mon Mar  9 19:13:49 CET 2026
#@# Talairach Failure Detection Mon Mar  9 19:18:16 CET 2026
#@# Nu Intensity Correction Mon Mar  9 19:18:17 CET 2026
#@# Intensity Normalization Mon Mar  9 19:21:31 CET 2026
recon-all -s sub-v1s23x0050571_ses-1 finished without error at Mon Mar  9 19:22:55 CET 2026



#New# invocation of recon-all 



status file for recon-all
Mon Mar  9 19:30:14 CET 2026
#@# EM Registration Mon Mar  9 19:30:14 CET 2026
recon-all -s sub-v1s23x0050571_ses-1 finished without error at Mon Mar  9 19:32:39 CET 2026



#New# invocation of recon-all 



status file for recon-all
Mon Mar  9 19:32:40 CET 2026
#@# CA Normalize Mon Mar  9 19:32:40 CET 2026
#@# CA Reg Mon Mar  9 19:34:00 CET 2026
#@# SubCort Seg Mon Mar  9 20:25:43 CET 2026
#@# CC Seg Mon Mar  9 20:51:23 CET 2026
#@# Merge ASeg Mon Mar  9 20:52:05 CET 2026
#@# Intensity Normalization2 Mon Mar  9 20:52:05 CET 2026
#@# Mask BFS Mon Mar  9 20:54:16 CET 2026
#@# WM Segmentation Mon Mar  9 20:54:17 CET 2026
#@# Fill Mon Mar  9 20:56:08 CET 2026
recon-all -s sub-v1s23x0050571_ses-1 finished without error at Mon Mar  9 20:57:08 CET 2026



#New# invocation of recon-all 



status file for recon-all
Mon Mar  9 21:39:28 CET 2026
#@# white curv lh Mon Mar  9 21:39:29 CET 2026
#@# white area lh Mon Mar  9 21:39:29 CET 2026
#@# pial curv lh Mon Mar  9 21:39:29 CET 2026
#@# pial area lh Mon Mar  9 21:39:29 CET 2026
#@# thickness lh Mon Mar  9 21:39:29 CET 2026
#@# area and vertex vol lh Mon Mar  9 21:39:29 CET 2026
#@# white curv rh Mon Mar  9 21:39:29 CET 2026
#@# white area rh Mon Mar  9 21:39:29 CET 2026
#@# pial curv rh Mon Mar  9 21:39:29 CET 2026
#@# pial area rh Mon Mar  9 21:39:29 CET 2026
#@# thickness rh Mon Mar  9 21:39:29 CET 2026
#@# area and vertex vol rh Mon Mar  9 21:39:29 CET 2026
#@# Cortical ribbon mask Mon Mar  9 21:39:29 CET 2026
recon-all -s sub-v1s23x0050571_ses-1 finished without error at Mon Mar  9 21:44:34 CET 2026



#New# invocation of recon-all 



status file for recon-all
Mon Mar  9 21:50:27 CET 2026
#@# white curv lh Mon Mar  9 21:50:27 CET 2026
#@# white area lh Mon Mar  9 21:50:27 CET 2026
#@# pial curv lh Mon Mar  9 21:50:27 CET 2026
#@# pial area lh Mon Mar  9 21:50:27 CET 2026
#@# thickness lh Mon Mar  9 21:50:27 CET 2026
#@# area and vertex vol lh Mon Mar  9 21:50:27 CET 2026
#@# white curv rh Mon Mar  9 21:50:27 CET 2026
#@# white area rh Mon Mar  9 21:50:27 CET 2026
#@# pial curv rh Mon Mar  9 21:50:27 CET 2026
#@# pial area rh Mon Mar  9 21:50:27 CET 2026
#@# thickness rh Mon Mar  9 21:50:27 CET 2026
#@# area and vertex vol rh Mon Mar  9 21:50:27 CET 2026
#@# Curvature Stats lh Mon Mar  9 21:50:27 CET 2026
#@# Curvature Stats rh Mon Mar  9 21:50:30 CET 2026
#@# Relabel Hypointensities Mon Mar  9 21:50:32 CET 2026
#@# APas-to-ASeg Mon Mar  9 21:50:46 CET 2026
#@# AParc-to-ASeg aparc Mon Mar  9 21:50:54 CET 2026
#@# AParc-to-ASeg aparc.a2009s Mon Mar  9 21:51:21 CET 2026
#@# AParc-to-ASeg aparc.DKTatlas Mon Mar  9 21:51:47 CET 2026
#@# WMParc Mon Mar  9 21:52:15 CET 2026
#@# ASeg Stats Mon Mar  9 21:56:37 CET 2026
recon-all -s sub-v1s23x0050571_ses-1 finished without error at Mon Mar  9 21:57:18 CET 2026
