status file for recon-all
Mon Mar  9 21:18:05 CET 2026
#@# Tessellate rh Mon Mar  9 21:18:05 CET 2026
#@# Smooth1 rh Mon Mar  9 21:18:08 CET 2026
#@# Inflation1 rh Mon Mar  9 21:18:10 CET 2026
#@# QSphere rh Mon Mar  9 21:18:22 CET 2026
#@# Fix Topology rh Mon Mar  9 21:19:23 CET 2026
#@# Smooth2 rh Mon Mar  9 21:24:09 CET 2026
#@# Inflation2 rh Mon Mar  9 21:24:12 CET 2026
#@# Curv .H and .K rh Mon Mar  9 21:24:24 CET 2026
#@# Sphere rh Mon Mar  9 21:25:03 CET 2026
#@# Surf Reg rh Mon Mar  9 21:28:55 CET 2026
#@# Jacobian white rh Mon Mar  9 21:32:37 CET 2026
#@# AvgCurv rh Mon Mar  9 21:32:37 CET 2026
#@# Cortical Parc rh Mon Mar  9 21:32:38 CET 2026
#@# white curv rh Mon Mar  9 21:38:25 CET 2026
#@# white area rh Mon Mar  9 21:38:27 CET 2026
#@# pial curv rh Mon Mar  9 21:38:28 CET 2026
#@# pial area rh Mon Mar  9 21:38:30 CET 2026
#@# thickness rh Mon Mar  9 21:38:30 CET 2026
#@# area and vertex vol rh Mon Mar  9 21:38:55 CET 2026
#@# Curvature Stats rh Mon Mar  9 21:38:56 CET 2026
#@# Cortical Parc 2 rh Mon Mar  9 21:38:58 CET 2026
#@# Cortical Parc 3 rh Mon Mar  9 21:39:10 CET 2026
#@# WM/GM Contrast rh Mon Mar  9 21:39:19 CET 2026
recon-all -s sub-v1s23x0050571_ses-1 finished without error at Mon Mar  9 21:39:22 CET 2026



#New# invocation of recon-all 



status file for recon-all
Mon Mar  9 21:47:35 CET 2026
#@# white curv rh Mon Mar  9 21:47:35 CET 2026
#@# white area rh Mon Mar  9 21:47:35 CET 2026
#@# pial curv rh Mon Mar  9 21:47:35 CET 2026
#@# pial area rh Mon Mar  9 21:47:35 CET 2026
#@# thickness rh Mon Mar  9 21:47:35 CET 2026
#@# area and vertex vol rh Mon Mar  9 21:47:35 CET 2026
#@# Parcellation Stats rh Mon Mar  9 21:47:35 CET 2026
#@# Parcellation Stats 2 rh Mon Mar  9 21:47:50 CET 2026
#@# Parcellation Stats 3 rh Mon Mar  9 21:47:57 CET 2026
#@# BA_exvivo Labels rh Mon Mar  9 21:48:04 CET 2026
recon-all -s sub-v1s23x0050571_ses-1 finished without error at Mon Mar  9 21:50:22 CET 2026
