/out/sourcedata/freesurfer/sub-v1s23x0050612_ses-1/mri
/opt/freesurfer/bin/talairach_avi
--i orig_nu.mgz --xfm transforms/talairach.auto.xfm
talairach_avi 7.3.2
Linux dna020 5.14.0-427.37.1.el9_4.x86_64 #1 SMP PREEMPT_DYNAMIC Fri Sep 13 12:41:50 EDT 2024 x86_64 x86_64 x86_64 GNU/Linux
Mon Mar  9 20:44:31 CET 2026
mri_convert orig_nu.mgz talsrcimg.img 
reading from orig_nu.mgz...
TR=0.00, TE=0.00, TI=0.00, flip angle=0.00
i_ras = (-1, 0, 0)
j_ras = (0, 0, -1)
k_ras = (0, 1, 0)
writing to talsrcimg.img...
Analyze Output Matrix
-1.00000   0.00000   0.00000   173.01833;
 0.00000   0.00000   1.00000  -174.22057;
 0.00000  -1.00000   0.00000   178.74834;
 0.00000   0.00000   0.00000   1.00000;
--------------------
INFO: set hdr.hist.orient to -1
mpr2mni305 talsrcimg
Mon Mar  9 20:44:32 CET 2026
/opt/freesurfer/bin/mpr2mni305 talsrcimg
mpr2mni305 7.3.2
target=711-2C_as_mni_average_305

---------------------------------------------------------------------
analyzeto4dfp talsrcimg -O0 -y
---------------------------------------------------------------------

freesurfer ifh2hdr.c
Mon Mar  9 20:44:32 2026
Writing: talsrcimg.4dfp.hdr
freesurfer analyzeto4dfp.c
Reading: talsrcimg.hdr
header size 348 bytes
hdr.dime.datatype	offset=70	value=2
hdr.dime.bitpix		offset=72	value=8
hdr.hist.orient		offset=252	value=-1
dimensionality     4
dimensions       256       256       256         1
Reading: talsrcimg.img
Writing: talsrcimg.4dfp.img
Writing: talsrcimg.4dfp.ifh
ifh2hdr talsrcimg -r0to226
ori=2

---------------------------------------------------------------------
gauss_4dfp talsrcimg 1.1
---------------------------------------------------------------------

freesurfer gauss_4dfp.c
Reading: talsrcimg.4dfp.img
Writing: talsrcimg_g11.4dfp.img
image dimensions 256 256 256 padded to 288 288 288
processing volume 1freesurfer ifh2hdr.c
Mon Mar  9 20:44:34 2026
Writing: talsrcimg_g11.4dfp.hdr

Writing: talsrcimg_g11.4dfp.ifh
including: talsrcimg.4dfp.img.rec in talsrcimg_g11.4dfp.img.rec

---------------------------------------------------------------------
imgreg_4dfp /opt/freesurfer/average/711-2C_as_mni_average_305 none talsrcimg_g11 none talsrcimg_to_711-2C_as_mni_average_305_t4 4355
---------------------------------------------------------------------

freesurfer imgreg_4dfp.c
/opt/freesurfer/average/711-2C_as_mni_average_305.4dfp.img
       256       256       256         1
  1.000000  1.000000  1.000000
orientation T byte_order littleendian
Reading image: /opt/freesurfer/average/711-2C_as_mni_average_305.4dfp.img
dimensions:      256       256       256
mmppix:       1.0000   -1.0000   -1.0000
center:     128.0000 -129.0000 -129.0000
talsrcimg_g11.4dfp.img
       256       256       256         1
  1.000000  1.000000  1.000000
orientation T byte_order littleendian
Reading image: talsrcimg_g11.4dfp.img
dimensions:      256       256       256
mmppix:       1.0000   -1.0000   -1.0000
center:     128.0000 -129.0000 -129.0000
t4_read: open error in t4_sub.f l:  41 t4_file(1:l)talsrcimg_to_711-2C_as_mni_average_305_t4 
t4_read: transform initialized to I4
rotation matrix determinant  1.000000
image alignment mode   4355 decimal     1103 hex
   -7.5000  -45.0000  -45.000011221.2012   20.3314
    0.0000  -45.0000  -45.000011486.4805   20.3440
    7.5000  -45.0000  -45.000010791.1523   20.3452
   -7.5000  -37.5000  -45.000011418.5859   20.3440
    0.0000  -37.5000  -45.000011662.7822   20.3563
    7.5000  -37.5000  -45.000010955.3223   20.3589
   -7.5000  -30.0000  -45.000011861.2363   20.3503
    0.0000  -30.0000  -45.000012117.2100   20.3590
    7.5000  -30.0000  -45.000011377.5820   20.3501
   -7.5000  -22.5000  -45.000012153.8213   20.3433
    0.0000  -22.5000  -45.000012394.3496   20.3509
    7.5000  -22.5000  -45.000011651.8057   20.3275
   -7.5000  -15.0000  -45.000012283.2129   20.3318
    0.0000  -15.0000  -45.000012524.2344   20.3401
    7.5000  -15.0000  -45.000011789.1133   20.3122
   -7.5000   -7.5000  -45.000012359.1768   20.3263
    0.0000   -7.5000  -45.000012612.4541   20.3359
    7.5000   -7.5000  -45.000011915.6445   20.3211
   -7.5000    0.0000  -45.000012182.8389   20.3314
    0.0000    0.0000  -45.000012448.0127   20.3440
    7.5000    0.0000  -45.000011784.8457   20.3452
   -7.5000    7.5000  -45.000011091.0830   20.3440
    0.0000    7.5000  -45.000011336.6836   20.3563
    7.5000    7.5000  -45.000010695.2197   20.3589
   -7.5000   15.0000  -45.0000 9970.8906   20.3938
    0.0000   15.0000  -45.000010213.5977   20.4024
    7.5000   15.0000  -45.0000 9639.5020   20.3934
   -7.5000   22.5000  -45.0000 9066.9561   20.7758
    0.0000   22.5000  -45.0000 9313.8594   20.7839
    7.5000   22.5000  -45.0000 8790.3545   20.7603
   -7.5000   30.0000  -45.0000 8100.7422   21.0528
    0.0000   30.0000  -45.0000 8345.2246   21.0603
    7.5000   30.0000  -45.0000 7887.9424   21.0284
   -7.5000   37.5000  -45.0000 7456.9990   21.7108
    0.0000   37.5000  -45.0000 7689.7612   21.7140
    7.5000   37.5000  -45.0000 7269.4375   21.6934
   -7.5000   45.0000  -45.0000 6664.9185   22.0448
    0.0000   45.0000  -45.0000 6878.5557   22.0487
    7.5000   45.0000  -45.0000 6524.5571   22.0509
   -7.5000  -45.0000  -37.500011501.8955   20.7737
    0.0000  -45.0000  -37.500011781.9170   20.7872
    7.5000  -45.0000  -37.500011085.8887   20.7890
   -7.5000  -37.5000  -37.500011670.5693   20.7788
    0.0000  -37.5000  -37.500011895.2773   20.7928
    7.5000  -37.5000  -37.500011237.2598   20.7947
   -7.5000  -30.0000  -37.500012137.4404   20.7730
    0.0000  -30.0000  -37.500012354.4502   20.7864
    7.5000  -30.0000  -37.500011681.6045   20.7800
   -7.5000  -22.5000  -37.500012440.7354   20.7618
    0.0000  -22.5000  -37.500012693.5283   20.7768
    7.5000  -22.5000  -37.500011967.7031   20.7612
   -7.5000  -15.0000  -37.500012572.9600   20.7585
    0.0000  -15.0000  -37.500012808.7266   20.7743
    7.5000  -15.0000  -37.500012070.6865   20.7562
   -7.5000   -7.5000  -37.500012655.7910   20.7645
    0.0000   -7.5000  -37.500012872.4785   20.7784
    7.5000   -7.5000  -37.500012118.1904   20.7693
   -7.5000    0.0000  -37.500012515.0156   20.7737
    0.0000    0.0000  -37.500012739.3223   20.7872
    7.5000    0.0000  -37.500011997.6211   20.7890
   -7.5000    7.5000  -37.500011437.2734   20.7788
    0.0000    7.5000  -37.500011640.6895   20.7928
    7.5000    7.5000  -37.500010918.7422   20.7947
   -7.5000   15.0000  -37.500010296.9863   20.8142
    0.0000   15.0000  -37.500010493.5010   20.8274
    7.5000   15.0000  -37.5000 9849.4668   20.8209
   -7.5000   22.5000  -37.5000 9351.3174   21.2112
    0.0000   22.5000  -37.5000 9567.1133   21.2281
    7.5000   22.5000  -37.5000 8959.6338   21.2133
   -7.5000   30.0000  -37.5000 8322.3311   21.5194
    0.0000   30.0000  -37.5000 8544.8408   21.5350
    7.5000   30.0000  -37.5000 8037.6729   21.5140
   -7.5000   37.5000  -37.5000 7638.1069   22.2074
    0.0000   37.5000  -37.5000 7856.8857   22.2170
    7.5000   37.5000  -37.5000 7403.4277   22.2044
   -7.5000   45.0000  -37.5000 6782.6396   22.5680
    0.0000   45.0000  -37.5000 6968.7344   22.5775
    7.5000   45.0000  -37.5000 6621.1128   22.5837
   -7.5000  -45.0000  -30.000012203.6973   21.5549
    0.0000  -45.0000  -30.000012566.4678   21.5656
    7.5000  -45.0000  -30.000011753.7930   21.5702
   -7.5000  -37.5000  -30.000012367.9170   21.5386
    0.0000  -37.5000  -30.000012655.1895   21.5491
    7.5000  -37.5000  -30.000011916.0908   21.5532
   -7.5000  -30.0000  -30.000012776.8516   21.5144
    0.0000  -30.0000  -30.000013046.6826   21.5272
    7.5000  -30.0000  -30.000012297.2812   21.5251
   -7.5000  -22.5000  -30.000013088.6875   21.5071
    0.0000  -22.5000  -30.000013384.2627   21.5257
    7.5000  -22.5000  -30.000012521.3740   21.5172
   -7.5000  -15.0000  -30.000013264.8672   21.5244
    0.0000  -15.0000  -30.000013523.2832   21.5456
    7.5000  -15.0000  -30.000012606.4844   21.5359
   -7.5000   -7.5000  -30.000013379.5928   21.5480
    0.0000   -7.5000  -30.000013586.1162   21.5637
    7.5000   -7.5000  -30.000012623.2344   21.5608
   -7.5000    0.0000  -30.000013238.5303   21.5549
    0.0000    0.0000  -30.000013439.5488   21.5656
    7.5000    0.0000  -30.000012486.4619   21.5702
   -7.5000    7.5000  -30.000012087.8535   21.5386
    0.0000    7.5000  -30.000012293.3027   21.5491
    7.5000    7.5000  -30.000011394.5869   21.5532
   -7.5000   15.0000  -30.000010849.3496   21.5525
    0.0000   15.0000  -30.000011044.1133   21.5652
    7.5000   15.0000  -30.000010291.6953   21.5628
   -7.5000   22.5000  -30.0000 9828.5527   21.9604
    0.0000   22.5000  -30.0000 9999.3662   21.9807
    7.5000   22.5000  -30.0000 9351.1963   21.9731
   -7.5000   30.0000  -30.0000 8723.8174   22.3032
    0.0000   30.0000  -30.0000 8907.4668   22.3236
    7.5000   30.0000  -30.0000 8385.2148   22.3114
   -7.5000   37.5000  -30.0000 7984.4253   23.0254
    0.0000   37.5000  -30.0000 8171.0239   23.0375
    7.5000   37.5000  -30.0000 7725.5049   23.0327
   -7.5000   45.0000  -30.0000 7043.1694   23.3990
    0.0000   45.0000  -30.0000 7215.0566   23.4088
    7.5000   45.0000  -30.0000 6865.8511   23.4187
   -7.5000  -45.0000  -22.500012989.5752   22.1818
    0.0000  -45.0000  -22.500013540.5605   22.1902
    7.5000  -45.0000  -22.500012305.4053   22.1985
   -7.5000  -37.5000  -22.500013265.3477   22.1488
    0.0000  -37.5000  -22.500013745.9102   22.1557
    7.5000  -37.5000  -22.500012538.7598   22.1651
   -7.5000  -30.0000  -22.500013517.9717   22.1169
    0.0000  -30.0000  -22.500013897.2910   22.1259
    7.5000  -30.0000  -22.500012797.8574   22.1268
   -7.5000  -22.5000  -22.500013740.7207   22.1197
    0.0000  -22.5000  -22.500014044.4033   22.1356
    7.5000  -22.5000  -22.500012963.9561   22.1256
   -7.5000  -15.0000  -22.500013922.6934   22.1524
    0.0000  -15.0000  -22.500014141.5430   22.1721
    7.5000  -15.0000  -22.500013046.9873   22.1594
   -7.5000   -7.5000  -22.500013923.6455   22.1827
    0.0000   -7.5000  -22.500014135.8242   22.1970
    7.5000   -7.5000  -22.500013078.9619   22.1939
   -7.5000    0.0000  -22.500013708.3936   22.1818
    0.0000    0.0000  -22.500013940.2852   22.1902
    7.5000    0.0000  -22.500012940.2031   22.1985
   -7.5000    7.5000  -22.500012492.5049   22.1488
    0.0000    7.5000  -22.500012724.3379   22.1557
    7.5000    7.5000  -22.500011799.9023   22.1651
   -7.5000   15.0000  -22.500011231.1768   22.1556
    0.0000   15.0000  -22.500011449.6436   22.1645
    7.5000   15.0000  -22.500010649.7783   22.1654
   -7.5000   22.5000  -22.500010171.6230   22.5741
    0.0000   22.5000  -22.500010395.1182   22.5898
    7.5000   22.5000  -22.5000 9669.6396   22.5799
   -7.5000   30.0000  -22.5000 9093.7197   22.9372
    0.0000   30.0000  -22.5000 9327.2158   22.9551
    7.5000   30.0000  -22.5000 8714.3779   22.9388
   -7.5000   37.5000  -22.5000 8361.1807   23.6904
    0.0000   37.5000  -22.5000 8588.5215   23.6997
    7.5000   37.5000  -22.5000 8074.3760   23.6939
   -7.5000   45.0000  -22.5000 7355.1113   24.0758
    0.0000   45.0000  -22.5000 7547.1685   24.0812
    7.5000   45.0000  -22.5000 7132.5420   24.0922
   -7.5000  -45.0000  -15.000013421.3506   22.5949
    0.0000  -45.0000  -15.000013942.6826   22.6043
    7.5000  -45.0000  -15.000012560.3428   22.6135
   -7.5000  -37.5000  -15.000013578.8271   22.5661
    0.0000  -37.5000  -15.000014112.2686   22.5735
    7.5000  -37.5000  -15.000012800.1602   22.5858
   -7.5000  -30.0000  -15.000013863.0010   22.5440
    0.0000  -30.0000  -15.000014372.6895   22.5503
    7.5000  -30.0000  -15.000013162.1904   22.5501
   -7.5000  -22.5000  -15.000014106.1250   22.5523
    0.0000  -22.5000  -15.000014566.1006   22.5625
    7.5000  -22.5000  -15.000013334.1250   22.5445
   -7.5000  -15.0000  -15.000014194.3828   22.5806
    0.0000  -15.0000  -15.000014591.0352   22.5941
    7.5000  -15.0000  -15.000013386.0830   22.5702
   -7.5000   -7.5000  -15.000014085.3115   22.6009
    0.0000   -7.5000  -15.000014492.0977   22.6126
    7.5000   -7.5000  -15.000013392.3184   22.6034
   -7.5000    0.0000  -15.000013902.8203   22.5949
    0.0000    0.0000  -15.000014289.9336   22.6043
    7.5000    0.0000  -15.000013277.9219   22.6135
   -7.5000    7.5000  -15.000012717.6572   22.5661
    0.0000    7.5000  -15.000013056.8945   22.5735
    7.5000    7.5000  -15.000012144.7646   22.5858
   -7.5000   15.0000  -15.000011498.3721   22.5872
    0.0000   15.0000  -15.000011771.0557   22.5934
    7.5000   15.0000  -15.000011007.4463   22.5933
   -7.5000   22.5000  -15.000010446.1533   23.0120
    0.0000   22.5000  -15.000010689.7686   23.0205
    7.5000   22.5000  -15.000010005.6143   23.0014
   -7.5000   30.0000  -15.0000 9366.1943   23.3722
    0.0000   30.0000  -15.0000 9588.7031   23.3834
    7.5000   30.0000  -15.0000 9005.5146   23.3547
   -7.5000   37.5000  -15.0000 8616.4873   24.1381
    0.0000   37.5000  -15.0000 8847.5879   24.1425
    7.5000   37.5000  -15.0000 8291.5693   24.1284
   -7.5000   45.0000  -15.0000 7535.8838   24.5382
    0.0000   45.0000  -15.0000 7770.2876   24.5397
    7.5000   45.0000  -15.0000 7306.6494   24.5485
   -7.5000  -45.0000   -7.500013263.0947   22.7654
    0.0000  -45.0000   -7.500013742.8994   22.7783
    7.5000  -45.0000   -7.500012617.8438   22.7846
   -7.5000  -37.5000   -7.500013272.5723   22.7607
    0.0000  -37.5000   -7.500013736.1982   22.7721
    7.5000  -37.5000   -7.500012802.7441   22.7816
   -7.5000  -30.0000   -7.500013715.5723   22.7585
    0.0000  -30.0000   -7.500014163.9492   22.7657
    7.5000  -30.0000   -7.500013227.9297   22.7604
   -7.5000  -22.5000   -7.500014159.3721   22.7613
    0.0000  -22.5000   -7.500014625.0791   22.7682
    7.5000  -22.5000   -7.500013583.8076   22.7428
   -7.5000  -15.0000   -7.500014334.1738   22.7662
    0.0000  -15.0000   -7.500014780.2656   22.7750
    7.5000  -15.0000   -7.500013731.6484   22.7428
   -7.5000   -7.5000   -7.500014251.2139   22.7680
    0.0000   -7.5000   -7.500014724.9023   22.7785
    7.5000   -7.5000   -7.500013702.1494   22.7633
   -7.5000    0.0000   -7.500014070.6543   22.7654
    0.0000    0.0000   -7.500014507.0557   22.7783
    7.5000    0.0000   -7.500013501.8896   22.7846
   -7.5000    7.5000   -7.500012841.3096   22.7607
    0.0000    7.5000   -7.500013247.8135   22.7721
    7.5000    7.5000   -7.500012329.6650   22.7816
   -7.5000   15.0000   -7.500011553.4619   22.8064
    0.0000   15.0000   -7.500011922.5010   22.8135
    7.5000   15.0000   -7.500011163.8193   22.8082
   -7.5000   22.5000   -7.500010462.7881   23.2297
    0.0000   22.5000   -7.500010783.5654   23.2355
    7.5000   22.5000   -7.500010164.2158   23.2089
   -7.5000   30.0000   -7.5000 9423.9580   23.5703
    0.0000   30.0000   -7.5000 9710.5322   23.5774
    7.5000   30.0000   -7.5000 9170.6641   23.5400
   -7.5000   37.5000   -7.5000 8708.3486   24.3247
    0.0000   37.5000   -7.5000 8991.3447   24.3268
    7.5000   37.5000   -7.5000 8467.6318   24.3050
   -7.5000   45.0000   -7.5000 7678.8726   24.7392
    0.0000   45.0000   -7.5000 7916.7344   24.7409
    7.5000   45.0000   -7.5000 7480.5488   24.7463
   -7.5000  -45.0000    0.000012718.1582   22.7514
    0.0000  -45.0000    0.000013152.8438   22.7654
    7.5000  -45.0000    0.000012365.6270   22.7668
   -7.5000  -37.5000    0.000012798.5352   22.7654
    0.0000  -37.5000    0.000013251.9746   22.7792
    7.5000  -37.5000    0.000012560.7188   22.7822
   -7.5000  -30.0000    0.000013311.3496   22.7726
    0.0000  -30.0000    0.000013806.7891   22.7823
    7.5000  -30.0000    0.000013048.5527   22.7723
   -7.5000  -22.5000    0.000013763.5039   22.7647
    0.0000  -22.5000    0.000014280.7461   22.7732
    7.5000  -22.5000    0.000013453.7871   22.7471
   -7.5000  -15.0000    0.000014050.9941   22.7518
    0.0000  -15.0000    0.000014524.7803   22.7611
    7.5000  -15.0000    0.000013680.4551   22.7299
   -7.5000   -7.5000    0.000014052.3545   22.7457
    0.0000   -7.5000    0.000014535.6016   22.7565
    7.5000   -7.5000    0.000013679.0996   22.7398
   -7.5000    0.0000    0.000013918.7334   22.7514
    0.0000    0.0000    0.000014351.2354   22.7654
    7.5000    0.0000    0.000013480.7158   22.7668
   -7.5000    7.5000    0.000012752.1777   22.7654
    0.0000    7.5000    0.000013136.7109   22.7792
    7.5000    7.5000    0.000012317.6787   22.7822
   -7.5000   15.0000    0.000011433.3213   22.8212
    0.0000   15.0000    0.000011804.4297   22.8308
    7.5000   15.0000    0.000011157.1074   22.8207
   -7.5000   22.5000    0.000010344.8428   23.2412
    0.0000   22.5000    0.000010697.0166   23.2503
    7.5000   22.5000    0.000010139.6123   23.2239
   -7.5000   30.0000    0.0000 9312.7578   23.5678
    0.0000   30.0000    0.0000 9632.6406   23.5763
    7.5000   30.0000    0.0000 9171.5322   23.5406
   -7.5000   37.5000    0.0000 8622.0869   24.3045
    0.0000   37.5000    0.0000 8900.3271   24.3080
    7.5000   37.5000    0.0000 8476.4844   24.2850
   -7.5000   45.0000    0.0000 7596.9302   24.7268
    0.0000   45.0000    0.0000 7831.5625   24.7311
    7.5000   45.0000    0.0000 7465.8384   24.7337
   -7.5000  -45.0000    7.500011647.8750   23.2463
    0.0000  -45.0000    7.500012040.9834   23.2615
    7.5000  -45.0000    7.500011440.6230   23.2634
   -7.5000  -37.5000    7.500011776.6533   23.2521
    0.0000  -37.5000    7.500012199.4893   23.2677
    7.5000  -37.5000    7.500011620.2412   23.2698
   -7.5000  -30.0000    7.500012299.9473   23.2455
    0.0000  -30.0000    7.500012767.8916   23.2605
    7.5000  -30.0000    7.500012145.4961   23.2534
   -7.5000  -22.5000    7.500012730.8496   23.2331
    0.0000  -22.5000    7.500013230.6143   23.2498
    7.5000  -22.5000    7.500012556.0996   23.2324
   -7.5000  -15.0000    7.500013030.0576   23.2293
    0.0000  -15.0000    7.500013500.9463   23.2470
    7.5000  -15.0000    7.500012787.7803   23.2267
   -7.5000   -7.5000    7.500013064.6006   23.2361
    0.0000   -7.5000    7.500013515.4717   23.2516
    7.5000   -7.5000    7.500012773.8457   23.2414
   -7.5000    0.0000    7.500012950.8301   23.2463
    0.0000    0.0000    7.500013387.7529   23.2615
    7.5000    0.0000    7.500012613.3916   23.2634
   -7.5000    7.5000    7.500011869.3730   23.2521
    0.0000    7.5000    7.500012250.3389   23.2677
    7.5000    7.5000    7.500011560.9717   23.2698
   -7.5000   15.0000    7.500010656.4775   23.2916
    0.0000   15.0000    7.500011005.4854   23.3065
    7.5000   15.0000    7.500010430.0811   23.2992
   -7.5000   22.5000    7.5000 9646.9980   23.7282
    0.0000   22.5000    7.5000 9960.4795   23.7471
    7.5000   22.5000    7.5000 9453.7949   23.7306
   -7.5000   30.0000    7.5000 8695.9375   24.0902
    0.0000   30.0000    7.5000 8998.9004   24.1077
    7.5000   30.0000    7.5000 8567.5312   24.0841
   -7.5000   37.5000    7.5000 8024.2764   24.8604
    0.0000   37.5000    7.5000 8299.8789   24.8711
    7.5000   37.5000    7.5000 7923.4082   24.8570
   -7.5000   45.0000    7.5000 7047.1382   25.3137
    0.0000   45.0000    7.5000 7292.2681   25.3244
    7.5000   45.0000    7.5000 6984.3120   25.3313
   -7.5000  -45.0000   15.000010718.2656   23.9873
    0.0000  -45.0000   15.000011073.8057   23.9995
    7.5000  -45.0000   15.000010551.7197   24.0030
   -7.5000  -37.5000   15.000010849.4453   23.9669
    0.0000  -37.5000   15.000011224.7441   23.9794
    7.5000  -37.5000   15.000010697.3350   23.9825
   -7.5000  -30.0000   15.000011353.5742   23.9389
    0.0000  -30.0000   15.000011765.8018   23.9543
    7.5000  -30.0000   15.000011212.0547   23.9504
   -7.5000  -22.5000   15.000011775.8701   23.9324
    0.0000  -22.5000   15.000012235.6631   23.9537
    7.5000  -22.5000   15.000011657.8271   23.9427
   -7.5000  -15.0000   15.000012078.6055   23.9543
    0.0000  -15.0000   15.000012529.1973   23.9776
    7.5000  -15.0000   15.000011917.6035   23.9654
   -7.5000   -7.5000   15.000012158.3594   23.9813
    0.0000   -7.5000   15.000012600.7891   23.9983
    7.5000   -7.5000   15.000011939.0098   23.9936
   -7.5000    0.0000   15.000011999.7871   23.9873
    0.0000    0.0000   15.000012401.3066   23.9995
    7.5000    0.0000   15.000011746.9219   24.0030
   -7.5000    7.5000   15.000010981.6016   23.9669
    0.0000    7.5000   15.000011336.6426   23.9794
    7.5000    7.5000   15.000010732.8027   23.9825
   -7.5000   15.0000   15.0000 9897.2070   23.9810
    0.0000   15.0000   15.000010209.8262   23.9961
    7.5000   15.0000   15.0000 9672.6514   23.9920
   -7.5000   22.5000   15.0000 8952.5869   24.4470
    0.0000   22.5000   15.0000 9248.1475   24.4701
    7.5000   22.5000   15.0000 8815.1855   24.4602
   -7.5000   30.0000   15.0000 8061.8901   24.8691
    0.0000   30.0000   15.0000 8355.7217   24.8915
    7.5000   30.0000   15.0000 8013.6880   24.8761
   -7.5000   37.5000   15.0000 7447.1577   25.6964
    0.0000   37.5000   15.0000 7706.0010   25.7091
    7.5000   37.5000   15.0000 7390.9746   25.7019
   -7.5000   45.0000   15.0000 6560.2949   26.1370
    0.0000   45.0000   15.0000 6756.9424   26.1481
    7.5000   45.0000   15.0000 6493.2324   26.1573
   -7.5000  -45.0000   22.5000 9932.7939   25.1437
    0.0000  -45.0000   22.500010259.3105   25.1513
    7.5000  -45.0000   22.5000 9790.6533   25.1536
   -7.5000  -37.5000   22.500010094.5166   25.1048
    0.0000  -37.5000   22.500010436.8613   25.1124
    7.5000  -37.5000   22.5000 9930.4307   25.1168
   -7.5000  -30.0000   22.500010577.4746   25.0661
    0.0000  -30.0000   22.500010951.9941   25.0753
    7.5000  -30.0000   22.500010417.1445   25.0699
   -7.5000  -22.5000   22.500011000.5693   25.0680
    0.0000  -22.5000   22.500011415.8877   25.0826
    7.5000  -22.5000   22.500010865.8252   25.0636
   -7.5000  -15.0000   22.500011282.2148   25.1064
    0.0000  -15.0000   22.500011727.2100   25.1236
    7.5000  -15.0000   22.500011146.3008   25.1005
   -7.5000   -7.5000   22.500011382.3994   25.1434
    0.0000   -7.5000   22.500011797.2656   25.1553
    7.5000   -7.5000   22.500011178.0293   25.1434
   -7.5000    0.0000   22.500011211.4668   25.1437
    0.0000    0.0000   22.500011583.8682   25.1513
    7.5000    0.0000   22.500010998.5732   25.1536
   -7.5000    7.5000   22.500010238.4551   25.1048
    0.0000    7.5000   22.500010570.1475   25.1124
    7.5000    7.5000   22.500010041.6611   25.1168
   -7.5000   15.0000   22.5000 9236.5996   25.1043
    0.0000   15.0000   22.5000 9533.0830   25.1134
    7.5000   15.0000   22.5000 9065.5703   25.1079
   -7.5000   22.5000   22.5000 8380.1807   25.5644
    0.0000   22.5000   22.5000 8664.4961   25.5785
    7.5000   22.5000   22.5000 8248.8516   25.5593
   -7.5000   30.0000   22.5000 7554.3628   25.9521
    0.0000   30.0000   22.5000 7828.5620   25.9661
    7.5000   30.0000   22.5000 7467.9404   25.9378
   -7.5000   37.5000   22.5000 6970.5459   26.7342
    0.0000   37.5000   22.5000 7213.8657   26.7386
    7.5000   37.5000   22.5000 6883.5430   26.7221
   -7.5000   45.0000   22.5000 6106.5845   27.1184
    0.0000   45.0000   22.5000 6303.1396   27.1213
    7.5000   45.0000   22.5000 6063.1240   27.1249
   -7.5000  -45.0000   30.0000 9249.6689   26.6685
    0.0000  -45.0000   30.0000 9564.1152   26.6836
    7.5000  -45.0000   30.0000 9118.7129   26.6987
   -7.5000  -37.5000   30.0000 9382.4785   26.6149
    0.0000  -37.5000   30.0000 9716.8955   26.6305
    7.5000  -37.5000   30.0000 9250.1895   26.6511
   -7.5000  -30.0000   30.0000 9844.7812   26.5654
    0.0000  -30.0000   30.000010207.7188   26.5806
    7.5000  -30.0000   30.0000 9708.5371   26.5846
   -7.5000  -22.5000   30.000010304.0273   26.5747
    0.0000  -22.5000   30.000010686.0674   26.5923
    7.5000  -22.5000   30.000010163.9131   26.5711
   -7.5000  -15.0000   30.000010554.2910   26.6257
    0.0000  -15.0000   30.000010978.6816   26.6442
    7.5000  -15.0000   30.000010420.5918   26.6137
   -7.5000   -7.5000   30.000010639.6211   26.6699
    0.0000   -7.5000   30.000011050.2568   26.6855
    7.5000   -7.5000   30.000010480.3203   26.6745
   -7.5000    0.0000   30.000010483.0938   26.6685
    0.0000    0.0000   30.000010862.1494   26.6836
    7.5000    0.0000   30.000010313.4902   26.6987
   -7.5000    7.5000   30.0000 9596.4180   26.6149
    0.0000    7.5000   30.0000 9919.0654   26.6305
    7.5000    7.5000   30.0000 9425.1689   26.6511
   -7.5000   15.0000   30.0000 8687.6006   26.5713
    0.0000   15.0000   30.0000 8988.5654   26.5864
    7.5000   15.0000   30.0000 8547.2305   26.5903
   -7.5000   22.5000   30.0000 7820.7314   26.9385
    0.0000   22.5000   30.0000 8094.4771   26.9537
    7.5000   22.5000   30.0000 7711.8564   26.9313
   -7.5000   30.0000   30.0000 7003.2979   27.2237
    0.0000   30.0000   30.0000 7251.3223   27.2379
    7.5000   30.0000   30.0000 6928.0771   27.2007
   -7.5000   37.5000   30.0000 6446.8770   27.9619
    0.0000   37.5000   30.0000 6666.8003   27.9654
    7.5000   37.5000   30.0000 6379.3486   27.9466
   -7.5000   45.0000   30.0000 5667.0308   28.3149
    0.0000   45.0000   30.0000 5857.3135   28.3181
    7.5000   45.0000   30.0000 5630.5493   28.3302
   -7.5000  -45.0000   37.5000 8861.5166   28.3752
    0.0000  -45.0000   37.5000 9172.6729   28.4044
    7.5000  -45.0000   37.5000 8726.1846   28.4191
   -7.5000  -37.5000   37.5000 9014.8857   28.3174
    0.0000  -37.5000   37.5000 9346.1367   28.3476
    7.5000  -37.5000   37.5000 8876.6816   28.3691
   -7.5000  -30.0000   37.5000 9442.4453   28.2952
    0.0000  -30.0000   37.5000 9809.6396   28.3205
    7.5000  -30.0000   37.5000 9311.3682   28.3209
   -7.5000  -22.5000   37.5000 9894.5625   28.3355
    0.0000  -22.5000   37.500010261.0957   28.3579
    7.5000  -22.5000   37.5000 9744.7588   28.3270
   -7.5000  -15.0000   37.500010133.2324   28.3951
    0.0000  -15.0000   37.500010525.1416   28.4167
    7.5000  -15.0000   37.5000 9987.7305   28.3733
   -7.5000   -7.5000   37.500010206.4863   28.4126
    0.0000   -7.5000   37.500010600.1504   28.4359
    7.5000   -7.5000   37.500010043.4521   28.4170
   -7.5000    0.0000   37.500010079.4453   28.3752
    0.0000    0.0000   37.500010457.9385   28.4044
    7.5000    0.0000   37.5000 9906.8613   28.4191
   -7.5000    7.5000   37.5000 9266.5820   28.3174
    0.0000    7.5000   37.5000 9599.6455   28.3476
    7.5000    7.5000   37.5000 9102.7871   28.3691
   -7.5000   15.0000   37.5000 8426.3701   28.2955
    0.0000   15.0000   37.5000 8733.7422   28.3207
    7.5000   15.0000   37.5000 8309.5381   28.3211
   -7.5000   22.5000   37.5000 7582.3901   28.5592
    0.0000   22.5000   37.5000 7851.6880   28.5806
    7.5000   22.5000   37.5000 7452.0166   28.5491
   -7.5000   30.0000   37.5000 6769.1777   28.7704
    0.0000   30.0000   37.5000 7002.0591   28.7898
    7.5000   30.0000   37.5000 6669.9761   28.7399
   -7.5000   37.5000   37.5000 6185.7676   29.4831
    0.0000   37.5000   37.5000 6399.2690   29.4922
    7.5000   37.5000   37.5000 6135.0952   29.4632
   -7.5000   45.0000   37.5000 5419.5747   29.8302
    0.0000   45.0000   37.5000 5607.1665   29.8427
    7.5000   45.0000   37.5000 5384.4375   29.8564
   -7.5000  -45.0000   45.0000 8125.7236   30.2058
    0.0000  -45.0000   45.0000 8431.4775   30.2353
    7.5000  -45.0000   45.0000 7977.6167   30.2430
   -7.5000  -37.5000   45.0000 8264.7598   30.1760
    0.0000  -37.5000   45.0000 8577.6621   30.1986
    7.5000  -37.5000   45.0000 8131.9814   30.2066
   -7.5000  -30.0000   45.0000 8659.3418   30.1710
    0.0000  -30.0000   45.0000 9003.9414   30.1845
    7.5000  -30.0000   45.0000 8542.8779   30.1701
   -7.5000  -22.5000   45.0000 9037.4922   30.2011
    0.0000  -22.5000   45.0000 9394.1924   30.2171
    7.5000  -22.5000   45.0000 8911.0479   30.1782
   -7.5000  -15.0000   45.0000 9258.0781   30.2343
    0.0000  -15.0000   45.0000 9626.7139   30.2582
    7.5000  -15.0000   45.0000 9119.5781   30.2132
   -7.5000   -7.5000   45.0000 9319.4521   30.2341
    0.0000   -7.5000   45.0000 9696.3213   30.2621
    7.5000   -7.5000   45.0000 9186.0029   30.2416
   -7.5000    0.0000   45.0000 9286.4160   30.2058
    0.0000    0.0000   45.0000 9625.6768   30.2353
    7.5000    0.0000   45.0000 9105.2422   30.2430
   -7.5000    7.5000   45.0000 8585.0898   30.1760
    0.0000    7.5000   45.0000 8884.5684   30.1986
    7.5000    7.5000   45.0000 8394.4531   30.2066
   -7.5000   15.0000   45.0000 7827.3569   30.1710
    0.0000   15.0000   45.0000 8109.0615   30.1845
    7.5000   15.0000   45.0000 7691.8350   30.1702
   -7.5000   22.5000   45.0000 6988.8955   30.2974
    0.0000   22.5000   45.0000 7241.2739   30.3140
    7.5000   22.5000   45.0000 6868.4873   30.2751
   -7.5000   30.0000   45.0000 6190.2236   30.3905
    0.0000   30.0000   45.0000 6409.7085   30.4118
    7.5000   30.0000   45.0000 6118.8164   30.3611
   -7.5000   37.5000   45.0000 5664.5718   31.1027
    0.0000   37.5000   45.0000 5869.7021   31.1183
    7.5000   37.5000   45.0000 5616.1450   31.0869
   -7.5000   45.0000   45.0000 5011.0913   31.4752
    0.0000   45.0000   45.0000 5184.6211   31.4924
    7.5000   45.0000   45.0000 4946.7192   31.5014

---------------------------------------------------------------------
imgreg_4dfp /opt/freesurfer/average/711-2C_as_mni_average_305 /opt/freesurfer/average/711-2B_as_mni_average_305_mask talsrcimg_g11 none talsrcimg_to_711-2C_as_mni_average_305_t4 4355
---------------------------------------------------------------------

freesurfer imgreg_4dfp.c
/opt/freesurfer/average/711-2C_as_mni_average_305.4dfp.img
       256       256       256         1
  1.000000  1.000000  1.000000
orientation T byte_order littleendian
Reading image: /opt/freesurfer/average/711-2C_as_mni_average_305.4dfp.img
dimensions:      256       256       256
mmppix:       1.0000   -1.0000   -1.0000
center:     128.0000 -129.0000 -129.0000
/opt/freesurfer/average/711-2B_as_mni_average_305_mask.4dfp.img
       256       256       256         1
  1.000000  1.000000  1.000000
orientation T byte_order littleendian
Reading mask: /opt/freesurfer/average/711-2B_as_mni_average_305_mask.4dfp.img (2306576 pixels)
talsrcimg_g11.4dfp.img
       256       256       256         1
  1.000000  1.000000  1.000000
orientation T byte_order littleendian
Reading image: talsrcimg_g11.4dfp.img
dimensions:      256       256       256
mmppix:       1.0000   -1.0000   -1.0000
center:     128.0000 -129.0000 -129.0000
rotation matrix determinant  1.000000
image alignment mode   4355 decimal     1103 hex
   -7.5000  -60.0000  -52.5000 2402.3022   15.8484
    0.0000  -60.0000  -52.5000 2403.0244   15.8723
    7.5000  -60.0000  -52.5000 2369.0654   16.1853
   -7.5000  -52.5000  -52.5000 2446.8494   15.3420
    0.0000  -52.5000  -52.5000 2446.0159   15.2868
    7.5000  -52.5000  -52.5000 2413.4885   15.5691
   -7.5000  -45.0000  -52.5000 2480.1912   15.2110
    0.0000  -45.0000  -52.5000 2477.5972   15.1378
    7.5000  -45.0000  -52.5000 2445.7942   15.3953
   -7.5000  -37.5000  -52.5000 2498.1755   15.3008
    0.0000  -37.5000  -52.5000 2495.5027   15.2800
    7.5000  -37.5000  -52.5000 2458.6487   15.4972
   -7.5000  -30.0000  -52.5000 2512.1943   15.6250
    0.0000  -30.0000  -52.5000 2507.5955   15.6259
    7.5000  -30.0000  -52.5000 2465.5911   15.8630
   -7.5000  -22.5000  -52.5000 2512.3975   16.1622
    0.0000  -22.5000  -52.5000 2508.0137   16.1644
    7.5000  -22.5000  -52.5000 2463.8384   16.4214
   -7.5000  -15.0000  -52.5000 2485.3054   16.8668
    0.0000  -15.0000  -52.5000 2483.7097   16.8622
    7.5000  -15.0000  -52.5000 2439.6353   17.1469
   -7.5000   -7.5000  -52.5000 2417.7561   17.8024
    0.0000   -7.5000  -52.5000 2416.2539   17.8036
    7.5000   -7.5000  -52.5000 2378.3582   18.1453
   -7.5000    0.0000  -52.5000 2317.8550   19.0608
    0.0000    0.0000  -52.5000 2319.8550   19.0738
    7.5000    0.0000  -52.5000 2285.6633   19.4844
   -7.5000    7.5000  -52.5000 2217.5920   20.7394
    0.0000    7.5000  -52.5000 2218.8452   20.6882
    7.5000    7.5000  -52.5000 2182.7295   21.1265
   -7.5000   15.0000  -52.5000 2083.8059   22.8830
    0.0000   15.0000  -52.5000 2083.5437   22.8299
    7.5000   15.0000  -52.5000 2049.5420   23.2758
   -7.5000   22.5000  -52.5000 1948.2147   25.7329
    0.0000   22.5000  -52.5000 1944.6396   25.7332
    7.5000   22.5000  -52.5000 1904.4410   26.1361
   -7.5000   30.0000  -52.5000 1793.3414   29.5237
    0.0000   30.0000  -52.5000 1791.8268   29.4155
    7.5000   30.0000  -52.5000 1760.2229   29.8759
   -7.5000  -60.0000  -45.0000 2516.7932   15.8792
    0.0000  -60.0000  -45.0000 2518.4172   15.9420
    7.5000  -60.0000  -45.0000 2480.1975   16.3073
   -7.5000  -52.5000  -45.0000 2568.2827   15.2478
    0.0000  -52.5000  -45.0000 2571.0938   15.2440
    7.5000  -52.5000  -45.0000 2531.2651   15.5629
   -7.5000  -45.0000  -45.0000 2606.3030   14.9925
    0.0000  -45.0000  -45.0000 2605.6377   14.9452
    7.5000  -45.0000  -45.0000 2569.4092   15.2443
   -7.5000  -37.5000  -45.0000 2634.6387   15.0148
    0.0000  -37.5000  -45.0000 2638.2310   14.9730
    7.5000  -37.5000  -45.0000 2596.6882   15.2921
   -7.5000  -30.0000  -45.0000 2656.7046   15.3660
    0.0000  -30.0000  -45.0000 2659.7598   15.3654
    7.5000  -30.0000  -45.0000 2618.2644   15.6533
   -7.5000  -22.5000  -45.0000 2659.4707   15.9442
    0.0000  -22.5000  -45.0000 2661.7036   15.9342
    7.5000  -22.5000  -45.0000 2616.3557   16.2262
   -7.5000  -15.0000  -45.0000 2623.6472   16.6577
    0.0000  -15.0000  -45.0000 2622.5454   16.6229
    7.5000  -15.0000  -45.0000 2580.5920   16.9642
   -7.5000   -7.5000  -45.0000 2558.9438   17.6027
    0.0000   -7.5000  -45.0000 2557.4609   17.5701
    7.5000   -7.5000  -45.0000 2520.8721   17.9866
   -7.5000    0.0000  -45.0000 2451.6616   18.8526
    0.0000    0.0000  -45.0000 2452.0630   18.7969
    7.5000    0.0000  -45.0000 2418.3840   19.2499
   -7.5000    7.5000  -45.0000 2342.9973   20.5112
    0.0000    7.5000  -45.0000 2343.6045   20.4646
    7.5000    7.5000  -45.0000 2306.7639   20.9533
   -7.5000   15.0000  -45.0000 2199.3120   22.6727
    0.0000   15.0000  -45.0000 2197.0981   22.7034
    7.5000   15.0000  -45.0000 2166.3853   23.1620
   -7.5000   22.5000  -45.0000 2049.9580   25.5314
    0.0000   22.5000  -45.0000 2043.0997   25.5209
    7.5000   22.5000  -45.0000 2012.1449   26.0187
   -7.5000   30.0000  -45.0000 1883.1071   29.2206
    0.0000   30.0000  -45.0000 1878.8273   29.1742
    7.5000   30.0000  -45.0000 1851.2327   29.6702
   -7.5000  -60.0000  -37.5000 2530.0859   15.9041
    0.0000  -60.0000  -37.5000 2531.3586   15.9951
    7.5000  -60.0000  -37.5000 2496.6755   16.4242
   -7.5000  -52.5000  -37.5000 2599.5288   15.1903
    0.0000  -52.5000  -37.5000 2603.6472   15.2708
    7.5000  -52.5000  -37.5000 2573.9099   15.6695
   -7.5000  -45.0000  -37.5000 2638.8899   14.8794
    0.0000  -45.0000  -37.5000 2642.7822   14.8570
    7.5000  -45.0000  -37.5000 2606.5190   15.2822
   -7.5000  -37.5000  -37.5000 2670.7727   14.7034
    0.0000  -37.5000  -37.5000 2671.5378   14.6492
    7.5000  -37.5000  -37.5000 2637.3257   15.1891
   -7.5000  -30.0000  -37.5000 2697.6050   15.0428
    0.0000  -30.0000  -37.5000 2699.2227   14.9785
    7.5000  -30.0000  -37.5000 2667.8201   15.5147
   -7.5000  -22.5000  -37.5000 2705.5166   15.7051
    0.0000  -22.5000  -37.5000 2711.0779   15.6305
    7.5000  -22.5000  -37.5000 2673.1934   16.0679
   -7.5000  -15.0000  -37.5000 2672.1433   16.4673
    0.0000  -15.0000  -37.5000 2677.6362   16.3885
    7.5000  -15.0000  -37.5000 2639.2803   16.8332
   -7.5000   -7.5000  -37.5000 2606.9309   17.2738
    0.0000   -7.5000  -37.5000 2609.5005   17.2372
    7.5000   -7.5000  -37.5000 2573.1770   17.7232
   -7.5000    0.0000  -37.5000 2504.6675   18.4672
    0.0000    0.0000  -37.5000 2509.1003   18.4304
    7.5000    0.0000  -37.5000 2475.2593   18.9759
   -7.5000    7.5000  -37.5000 2399.0273   20.1466
    0.0000    7.5000  -37.5000 2399.0320   20.1349
    7.5000    7.5000  -37.5000 2358.8000   20.6974
   -7.5000   15.0000  -37.5000 2252.1350   22.3093
    0.0000   15.0000  -37.5000 2252.2371   22.3357
    7.5000   15.0000  -37.5000 2217.1177   22.8809
   -7.5000   22.5000  -37.5000 2089.2522   25.0872
    0.0000   22.5000  -37.5000 2091.6235   25.1068
    7.5000   22.5000  -37.5000 2053.2810   25.6445
   -7.5000   30.0000  -37.5000 1915.8687   28.5942
    0.0000   30.0000  -37.5000 1918.4390   28.6490
    7.5000   30.0000  -37.5000 1889.1775   29.1448
   -7.5000  -60.0000  -30.0000 2594.6301   16.0044
    0.0000  -60.0000  -30.0000 2599.6472   16.0992
    7.5000  -60.0000  -30.0000 2571.0654   16.6448
   -7.5000  -52.5000  -30.0000 2684.3284   15.3104
    0.0000  -52.5000  -30.0000 2692.5269   15.4177
    7.5000  -52.5000  -30.0000 2667.3018   15.9139
   -7.5000  -45.0000  -30.0000 2750.6394   15.0840
    0.0000  -45.0000  -30.0000 2760.4827   15.1202
    7.5000  -45.0000  -30.0000 2721.8464   15.5483
   -7.5000  -37.5000  -30.0000 2786.3484   14.7525
    0.0000  -37.5000  -30.0000 2785.6113   14.7471
    7.5000  -37.5000  -30.0000 2758.6389   15.3773
   -7.5000  -30.0000  -30.0000 2809.4053   14.9188
    0.0000  -30.0000  -30.0000 2806.1785   14.8540
    7.5000  -30.0000  -30.0000 2775.6904   15.5261
   -7.5000  -22.5000  -30.0000 2814.5349   15.5401
    0.0000  -22.5000  -30.0000 2821.4678   15.4576
    7.5000  -22.5000  -30.0000 2770.2388   15.9336
   -7.5000  -15.0000  -30.0000 2774.3269   16.2522
    0.0000  -15.0000  -30.0000 2783.0613   16.2122
    7.5000  -15.0000  -30.0000 2737.9497   16.6027
   -7.5000   -7.5000  -30.0000 2709.0242   17.1661
    0.0000   -7.5000  -30.0000 2713.8794   17.1255
    7.5000   -7.5000  -30.0000 2673.2625   17.5353
   -7.5000    0.0000  -30.0000 2597.4224   18.4539
    0.0000    0.0000  -30.0000 2601.1924   18.4123
    7.5000    0.0000  -30.0000 2565.2395   18.8528
   -7.5000    7.5000  -30.0000 2487.4976   20.1449
    0.0000    7.5000  -30.0000 2486.1885   20.0994
    7.5000    7.5000  -30.0000 2443.5559   20.5657
   -7.5000   15.0000  -30.0000 2332.0713   22.3067
    0.0000   15.0000  -30.0000 2331.4465   22.2491
    7.5000   15.0000  -30.0000 2298.4465   22.7830
   -7.5000   22.5000  -30.0000 2165.0884   25.0860
    0.0000   22.5000  -30.0000 2160.2290   25.0394
    7.5000   22.5000  -30.0000 2128.9883   25.5665
   -7.5000   30.0000  -30.0000 1979.8378   28.5654
    0.0000   30.0000  -30.0000 1979.1139   28.4699
    7.5000   30.0000  -30.0000 1956.3372   29.1444
   -7.5000  -60.0000  -22.5000 2598.2822   16.0558
    0.0000  -60.0000  -22.5000 2616.9226   16.2854
    7.5000  -60.0000  -22.5000 2607.5730   16.9770
   -7.5000  -52.5000  -22.5000 2718.4834   15.5404
    0.0000  -52.5000  -22.5000 2738.5876   15.7583
    7.5000  -52.5000  -22.5000 2728.0254   16.3358
   -7.5000  -45.0000  -22.5000 2833.6848   15.4473
    0.0000  -45.0000  -22.5000 2845.6223   15.5652
    7.5000  -45.0000  -22.5000 2803.0005   15.9112
   -7.5000  -37.5000  -22.5000 2898.8135   15.1856
    0.0000  -37.5000  -22.5000 2906.8220   15.3573
    7.5000  -37.5000  -22.5000 2839.2341   15.6236
   -7.5000  -30.0000  -22.5000 2899.3418   14.9543
    0.0000  -30.0000  -22.5000 2888.8765   15.0350
    7.5000  -30.0000  -22.5000 2831.0654   15.4747
   -7.5000  -22.5000  -22.5000 2871.8938   15.2095
    0.0000  -22.5000  -22.5000 2865.1538   15.2404
    7.5000  -22.5000  -22.5000 2815.3589   15.7036
   -7.5000  -15.0000  -22.5000 2825.5403   16.0279
    0.0000  -15.0000  -22.5000 2823.0723   15.9999
    7.5000  -15.0000  -22.5000 2782.7100   16.4497
   -7.5000   -7.5000  -22.5000 2749.7881   17.1077
    0.0000   -7.5000  -22.5000 2754.8274   17.0597
    7.5000   -7.5000  -22.5000 2721.1431   17.4724
   -7.5000    0.0000  -22.5000 2637.7788   18.4582
    0.0000    0.0000  -22.5000 2640.9534   18.4110
    7.5000    0.0000  -22.5000 2609.4858   18.8117
   -7.5000    7.5000  -22.5000 2525.4368   20.1344
    0.0000    7.5000  -22.5000 2525.8127   20.1110
    7.5000    7.5000  -22.5000 2483.6555   20.4935
   -7.5000   15.0000  -22.5000 2372.0388   22.3160
    0.0000   15.0000  -22.5000 2375.7424   22.3177
    7.5000   15.0000  -22.5000 2335.4287   22.6811
   -7.5000   22.5000  -22.5000 2203.8472   25.1497
    0.0000   22.5000  -22.5000 2208.4863   25.1462
    7.5000   22.5000  -22.5000 2169.1738   25.5469
   -7.5000   30.0000  -22.5000 2023.8055   28.8175
    0.0000   30.0000  -22.5000 2026.4908   28.7816
    7.5000   30.0000  -22.5000 1993.6437   29.2318
   -7.5000  -60.0000  -15.0000 2604.4805   16.6974
    0.0000  -60.0000  -15.0000 2632.5442   17.0421
    7.5000  -60.0000  -15.0000 2617.2605   17.6779
   -7.5000  -52.5000  -15.0000 2745.5884   16.2045
    0.0000  -52.5000  -15.0000 2767.1780   16.4993
    7.5000  -52.5000  -15.0000 2733.0166   16.9426
   -7.5000  -45.0000  -15.0000 2864.8420   15.8645
    0.0000  -45.0000  -15.0000 2878.1272   16.0906
    7.5000  -45.0000  -15.0000 2812.5027   16.3083
   -7.5000  -37.5000  -15.0000 2919.9915   15.3494
    0.0000  -37.5000  -15.0000 2924.8669   15.6411
    7.5000  -37.5000  -15.0000 2845.9734   15.8509
   -7.5000  -30.0000  -15.0000 2917.5146   15.0327
    0.0000  -30.0000  -15.0000 2914.9561   15.2482
    7.5000  -30.0000  -15.0000 2855.5544   15.6666
   -7.5000  -22.5000  -15.0000 2893.9712   15.2917
    0.0000  -22.5000  -15.0000 2889.7141   15.4303
    7.5000  -22.5000  -15.0000 2830.3699   15.8652
   -7.5000  -15.0000  -15.0000 2838.7769   16.1054
    0.0000  -15.0000  -15.0000 2835.3806   16.1551
    7.5000  -15.0000  -15.0000 2781.0964   16.4934
   -7.5000   -7.5000  -15.0000 2743.9395   17.2503
    0.0000   -7.5000  -15.0000 2749.6372   17.2467
    7.5000   -7.5000  -15.0000 2719.4961   17.5659
   -7.5000    0.0000  -15.0000 2633.5938   18.6516
    0.0000    0.0000  -15.0000 2640.4260   18.6021
    7.5000    0.0000  -15.0000 2617.5586   18.9607
   -7.5000    7.5000  -15.0000 2524.3638   20.3737
    0.0000    7.5000  -15.0000 2524.6960   20.3262
    7.5000    7.5000  -15.0000 2489.8909   20.7152
   -7.5000   15.0000  -15.0000 2379.5483   22.6210
    0.0000   15.0000  -15.0000 2378.8362   22.5656
    7.5000   15.0000  -15.0000 2342.8301   22.9684
   -7.5000   22.5000  -15.0000 2212.0811   25.4652
    0.0000   22.5000  -15.0000 2210.9846   25.3791
    7.5000   22.5000  -15.0000 2174.1255   25.8399
   -7.5000   30.0000  -15.0000 2027.2513   29.0544
    0.0000   30.0000  -15.0000 2030.0261   29.0164
    7.5000   30.0000  -15.0000 1999.1959   29.4470
   -7.5000  -60.0000   -7.5000 2615.5339   17.7994
    0.0000  -60.0000   -7.5000 2634.1738   18.1500
    7.5000  -60.0000   -7.5000 2596.9436   18.6936
   -7.5000  -52.5000   -7.5000 2724.3777   16.9197
    0.0000  -52.5000   -7.5000 2743.7935   17.2541
    7.5000  -52.5000   -7.5000 2697.7673   17.7271
   -7.5000  -45.0000   -7.5000 2825.1479   16.3285
    0.0000  -45.0000   -7.5000 2837.5908   16.5761
    7.5000  -45.0000   -7.5000 2772.2529   16.8893
   -7.5000  -37.5000   -7.5000 2864.0669   15.5961
    0.0000  -37.5000   -7.5000 2870.5759   15.8750
    7.5000  -37.5000   -7.5000 2814.7390   16.3471
   -7.5000  -30.0000   -7.5000 2895.4375   15.4090
    0.0000  -30.0000   -7.5000 2889.0620   15.5490
    7.5000  -30.0000   -7.5000 2833.8613   16.1502
   -7.5000  -22.5000   -7.5000 2890.9995   15.9071
    0.0000  -22.5000   -7.5000 2885.2034   15.9898
    7.5000  -22.5000   -7.5000 2816.3621   16.4171
   -7.5000  -15.0000   -7.5000 2833.3376   16.7555
    0.0000  -15.0000   -7.5000 2826.9805   16.7960
    7.5000  -15.0000   -7.5000 2767.5586   17.1359
   -7.5000   -7.5000   -7.5000 2728.6838   17.8659
    0.0000   -7.5000   -7.5000 2734.3564   17.8690
    7.5000   -7.5000   -7.5000 2694.5227   18.1716
   -7.5000    0.0000   -7.5000 2610.9329   19.1578
    0.0000    0.0000   -7.5000 2616.0876   19.1338
    7.5000    0.0000   -7.5000 2582.6130   19.4849
   -7.5000    7.5000   -7.5000 2499.8542   20.8458
    0.0000    7.5000   -7.5000 2501.0759   20.7990
    7.5000    7.5000   -7.5000 2458.2058   21.1509
   -7.5000   15.0000   -7.5000 2350.1956   22.9873
    0.0000   15.0000   -7.5000 2353.5476   22.9309
    7.5000   15.0000   -7.5000 2321.6543   23.3098
   -7.5000   22.5000   -7.5000 2185.2839   25.7853
    0.0000   22.5000   -7.5000 2184.5859   25.7147
    7.5000   22.5000   -7.5000 2159.3474   26.1090
   -7.5000   30.0000   -7.5000 2016.3064   29.3894
    0.0000   30.0000   -7.5000 2014.3394   29.2923
    7.5000   30.0000   -7.5000 1991.6775   29.7398
   -7.5000  -60.0000    0.0000 2571.3069   18.7411
    0.0000  -60.0000    0.0000 2580.7256   19.1053
    7.5000  -60.0000    0.0000 2544.9871   19.7541
   -7.5000  -52.5000    0.0000 2676.3147   17.7066
    0.0000  -52.5000    0.0000 2685.6372   18.0436
    7.5000  -52.5000    0.0000 2642.1824   18.5782
   -7.5000  -45.0000    0.0000 2760.1907   16.9019
    0.0000  -45.0000    0.0000 2761.9116   17.1612
    7.5000  -45.0000    0.0000 2721.9727   17.7027
   -7.5000  -37.5000    0.0000 2804.7700   16.1811
    0.0000  -37.5000    0.0000 2803.1069   16.4139
    7.5000  -37.5000    0.0000 2763.4065   17.1088
   -7.5000  -30.0000    0.0000 2837.5056   16.1592
    0.0000  -30.0000    0.0000 2835.1013   16.3220
    7.5000  -30.0000    0.0000 2779.1567   16.9237
   -7.5000  -22.5000    0.0000 2829.5850   16.6452
    0.0000  -22.5000    0.0000 2830.3306   16.7702
    7.5000  -22.5000    0.0000 2767.0356   17.2152
   -7.5000  -15.0000    0.0000 2782.7144   17.4917
    0.0000  -15.0000    0.0000 2776.1453   17.5629
    7.5000  -15.0000    0.0000 2722.0554   17.9553
   -7.5000   -7.5000    0.0000 2695.2856   18.6044
    0.0000   -7.5000    0.0000 2694.7910   18.6090
    7.5000   -7.5000    0.0000 2653.3633   19.0115
   -7.5000    0.0000    0.0000 2578.0142   19.9586
    0.0000    0.0000    0.0000 2578.4075   19.9556
    7.5000    0.0000    0.0000 2540.7209   20.3133
   -7.5000    7.5000    0.0000 2463.0984   21.6126
    0.0000    7.5000    0.0000 2463.9189   21.5644
    7.5000    7.5000    0.0000 2418.6077   21.9087
   -7.5000   15.0000    0.0000 2303.1064   23.6987
    0.0000   15.0000    0.0000 2305.3660   23.6188
    7.5000   15.0000    0.0000 2281.7217   23.9741
   -7.5000   22.5000    0.0000 2142.5371   26.4001
    0.0000   22.5000    0.0000 2143.1160   26.3684
    7.5000   22.5000    0.0000 2120.0344   26.7654
   -7.5000   30.0000    0.0000 1985.2900   29.9067
    0.0000   30.0000    0.0000 1985.4556   29.8589
    7.5000   30.0000    0.0000 1960.5715   30.3779
   -7.5000  -60.0000    7.5000 2522.7805   19.7694
    0.0000  -60.0000    7.5000 2522.3350   20.0850
    7.5000  -60.0000    7.5000 2488.9788   20.8676
   -7.5000  -52.5000    7.5000 2623.8516   18.5537
    0.0000  -52.5000    7.5000 2622.3330   18.8339
    7.5000  -52.5000    7.5000 2587.5435   19.5555
   -7.5000  -45.0000    7.5000 2694.2458   17.6411
    0.0000  -45.0000    7.5000 2687.0747   17.8731
    7.5000  -45.0000    7.5000 2651.6292   18.6552
   -7.5000  -37.5000    7.5000 2738.0979   16.9850
    0.0000  -37.5000    7.5000 2731.0588   17.2185
    7.5000  -37.5000    7.5000 2686.9446   17.9564
   -7.5000  -30.0000    7.5000 2757.6450   17.0701
    0.0000  -30.0000    7.5000 2753.7468   17.2137
    7.5000  -30.0000    7.5000 2706.0347   17.8551
   -7.5000  -22.5000    7.5000 2747.3701   17.5398
    0.0000  -22.5000    7.5000 2749.7678   17.6647
    7.5000  -22.5000    7.5000 2697.1125   18.1783
   -7.5000  -15.0000    7.5000 2706.6565   18.3594
    0.0000  -15.0000    7.5000 2703.8408   18.4891
    7.5000  -15.0000    7.5000 2654.9863   18.9459
   -7.5000   -7.5000    7.5000 2631.5713   19.4562
    0.0000   -7.5000    7.5000 2628.6016   19.5157
    7.5000   -7.5000    7.5000 2584.4924   19.9704
   -7.5000    0.0000    7.5000 2526.4446   20.8261
    0.0000    0.0000    7.5000 2527.7375   20.8584
    7.5000    0.0000    7.5000 2485.7188   21.2851
   -7.5000    7.5000    7.5000 2407.9548   22.5100
    0.0000    7.5000    7.5000 2404.8130   22.5301
    7.5000    7.5000    7.5000 2364.9211   22.9601
   -7.5000   15.0000    7.5000 2250.4485   24.6674
    0.0000   15.0000    7.5000 2246.3938   24.6330
    7.5000   15.0000    7.5000 2214.1208   25.0438
   -7.5000   22.5000    7.5000 2098.5479   27.2977
    0.0000   22.5000    7.5000 2097.2417   27.3142
    7.5000   22.5000    7.5000 2066.0989   27.7580
   -7.5000   30.0000    7.5000 1952.0999   30.8275
    0.0000   30.0000    7.5000 1955.7885   30.8420
    7.5000   30.0000    7.5000 1928.9829   31.4016
   -7.5000  -60.0000   15.0000 2458.6011   20.8851
    0.0000  -60.0000   15.0000 2450.9341   21.1345
    7.5000  -60.0000   15.0000 2423.0449   22.0830
   -7.5000  -52.5000   15.0000 2556.3364   19.6064
    0.0000  -52.5000   15.0000 2547.9761   19.8763
    7.5000  -52.5000   15.0000 2511.2764   20.7474
   -7.5000  -45.0000   15.0000 2622.9719   18.6826
    0.0000  -45.0000   15.0000 2610.4270   18.8911
    7.5000  -45.0000   15.0000 2569.7158   19.7577
   -7.5000  -37.5000   15.0000 2664.6748   18.0744
    0.0000  -37.5000   15.0000 2650.5935   18.2499
    7.5000  -37.5000   15.0000 2607.2239   19.0117
   -7.5000  -30.0000   15.0000 2672.6594   18.1198
    0.0000  -30.0000   15.0000 2664.5122   18.2529
    7.5000  -30.0000   15.0000 2621.7068   18.9254
   -7.5000  -22.5000   15.0000 2653.0137   18.5951
    0.0000  -22.5000   15.0000 2656.1157   18.7146
    7.5000  -22.5000   15.0000 2616.0869   19.2621
   -7.5000  -15.0000   15.0000 2621.5154   19.4078
    0.0000  -15.0000   15.0000 2618.3481   19.5180
    7.5000  -15.0000   15.0000 2576.3757   20.0237
   -7.5000   -7.5000   15.0000 2558.3545   20.4661
    0.0000   -7.5000   15.0000 2555.7446   20.5178
    7.5000   -7.5000   15.0000 2510.4177   21.0314
   -7.5000    0.0000   15.0000 2452.3450   21.8141
    0.0000    0.0000   15.0000 2451.0117   21.8098
    7.5000    0.0000   15.0000 2414.6250   22.3139
   -7.5000    7.5000   15.0000 2331.5474   23.5090
    0.0000    7.5000   15.0000 2329.3376   23.4670
    7.5000    7.5000   15.0000 2292.4739   24.0111
   -7.5000   15.0000   15.0000 2187.3352   25.7438
    0.0000   15.0000   15.0000 2181.6179   25.6850
    7.5000   15.0000   15.0000 2146.8374   26.2276
   -7.5000   22.5000   15.0000 2040.4550   28.4920
    0.0000   22.5000   15.0000 2037.3292   28.4524
    7.5000   22.5000   15.0000 2017.1561   28.9525
   -7.5000   30.0000   15.0000 1902.8784   32.0883
    0.0000   30.0000   15.0000 1908.4760   32.0894
    7.5000   30.0000   15.0000 1887.9418   32.6366
   -7.5000  -60.0000   22.5000 2393.8496   22.2934
    0.0000  -60.0000   22.5000 2381.9390   22.4755
    7.5000  -60.0000   22.5000 2345.1216   23.4828
   -7.5000  -52.5000   22.5000 2485.9058   21.0056
    0.0000  -52.5000   22.5000 2475.3809   21.1498
    7.5000  -52.5000   22.5000 2432.7173   22.1324
   -7.5000  -45.0000   22.5000 2538.4944   19.9706
    0.0000  -45.0000   22.5000 2528.9766   20.1264
    7.5000  -45.0000   22.5000 2488.2600   21.0261
   -7.5000  -37.5000   22.5000 2575.2085   19.4016
    0.0000  -37.5000   22.5000 2564.2832   19.5567
    7.5000  -37.5000   22.5000 2522.8743   20.3399
   -7.5000  -30.0000   22.5000 2575.5654   19.4152
    0.0000  -30.0000   22.5000 2569.0095   19.5200
    7.5000  -30.0000   22.5000 2530.4590   20.1844
   -7.5000  -22.5000   22.5000 2558.6067   19.9158
    0.0000  -22.5000   22.5000 2560.4009   20.0262
    7.5000  -22.5000   22.5000 2519.5784   20.5863
   -7.5000  -15.0000   22.5000 2523.2920   20.7878
    0.0000  -15.0000   22.5000 2524.7576   20.8451
    7.5000  -15.0000   22.5000 2483.0706   21.3449
   -7.5000   -7.5000   22.5000 2469.2175   21.6833
    0.0000   -7.5000   22.5000 2465.8716   21.7205
    7.5000   -7.5000   22.5000 2422.1875   22.2474
   -7.5000    0.0000   22.5000 2364.0005   22.9457
    0.0000    0.0000   22.5000 2361.9065   22.9493
    7.5000    0.0000   22.5000 2333.5029   23.4823
   -7.5000    7.5000   22.5000 2242.0562   24.6871
    0.0000    7.5000   22.5000 2242.1392   24.6577
    7.5000    7.5000   22.5000 2215.8616   25.1758
   -7.5000   15.0000   22.5000 2116.2146   26.9459
    0.0000   15.0000   22.5000 2111.5210   26.9395
    7.5000   15.0000   22.5000 2080.7524   27.4819
   -7.5000   22.5000   22.5000 1987.0565   29.9416
    0.0000   22.5000   22.5000 1985.6252   29.9080
    7.5000   22.5000   22.5000 1956.1853   30.5122
   -7.5000   30.0000   22.5000 1857.1097   33.5560
    0.0000   30.0000   22.5000 1859.5662   33.5269
    7.5000   30.0000   22.5000 1829.7668   34.1896
   -7.5000  -60.0000   30.0000 2318.3979   24.0387
    0.0000  -60.0000   30.0000 2302.7595   24.0557
    7.5000  -60.0000   30.0000 2260.0667   25.2500
   -7.5000  -52.5000   30.0000 2401.4597   22.6678
    0.0000  -52.5000   30.0000 2392.2080   22.7557
    7.5000  -52.5000   30.0000 2341.4971   23.7727
   -7.5000  -45.0000   30.0000 2437.7910   21.5501
    0.0000  -45.0000   30.0000 2433.4265   21.7034
    7.5000  -45.0000   30.0000 2395.5288   22.5767
   -7.5000  -37.5000   30.0000 2460.9111   21.0452
    0.0000  -37.5000   30.0000 2458.9851   21.1755
    7.5000  -37.5000   30.0000 2422.5801   21.9666
   -7.5000  -30.0000   30.0000 2461.1899   20.9458
    0.0000  -30.0000   30.0000 2461.9773   21.0359
    7.5000  -30.0000   30.0000 2427.8447   21.7294
   -7.5000  -22.5000   30.0000 2455.1528   21.5216
    0.0000  -22.5000   30.0000 2456.3765   21.6078
    7.5000  -22.5000   30.0000 2419.7725   22.1688
   -7.5000  -15.0000   30.0000 2416.7971   22.4030
    0.0000  -15.0000   30.0000 2423.3450   22.4343
    7.5000  -15.0000   30.0000 2380.0525   22.9464
   -7.5000   -7.5000   30.0000 2357.0596   23.3136
    0.0000   -7.5000   30.0000 2358.9971   23.3621
    7.5000   -7.5000   30.0000 2321.5554   23.8923
   -7.5000    0.0000   30.0000 2260.0173   24.5256
    0.0000    0.0000   30.0000 2260.1475   24.4929
    7.5000    0.0000   30.0000 2234.7834   25.0916
   -7.5000    7.5000   30.0000 2153.0408   26.1862
    0.0000    7.5000   30.0000 2149.4890   26.1835
    7.5000    7.5000   30.0000 2129.3477   26.7779
   -7.5000   15.0000   30.0000 2043.5571   28.5134
    0.0000   15.0000   30.0000 2040.9567   28.5913
    7.5000   15.0000   30.0000 2013.1598   29.2212
   -7.5000   22.5000   30.0000 1921.5795   31.9539
    0.0000   22.5000   30.0000 1920.6453   31.9315
    7.5000   22.5000   30.0000 1893.4532   32.4827
   -7.5000   30.0000   30.0000 1795.7032   35.8316
    0.0000   30.0000   30.0000 1792.7994   35.8506
    7.5000   30.0000   30.0000 1762.3506   36.4963
   -7.5000  -60.0000   37.5000 2226.0581   26.1695
    0.0000  -60.0000   37.5000 2214.5969   26.1982
    7.5000  -60.0000   37.5000 2162.6226   27.3950
   -7.5000  -52.5000   37.5000 2304.0103   24.6703
    0.0000  -52.5000   37.5000 2296.4934   24.7690
    7.5000  -52.5000   37.5000 2247.3831   25.7943
   -7.5000  -45.0000   37.5000 2334.2410   23.5272
    0.0000  -45.0000   37.5000 2330.2896   23.6968
    7.5000  -45.0000   37.5000 2298.8831   24.6214
   -7.5000  -37.5000   37.5000 2353.5486   23.0334
    0.0000  -37.5000   37.5000 2356.4824   23.1498
    7.5000  -37.5000   37.5000 2324.7561   23.9878
   -7.5000  -30.0000   37.5000 2344.2046   22.8347
    0.0000  -30.0000   37.5000 2352.9412   22.9706
    7.5000  -30.0000   37.5000 2324.3809   23.6553
   -7.5000  -22.5000   37.5000 2337.9504   23.3569
    0.0000  -22.5000   37.5000 2342.2393   23.4757
    7.5000  -22.5000   37.5000 2314.8030   24.0521
   -7.5000  -15.0000   37.5000 2304.0581   24.2997
    0.0000  -15.0000   37.5000 2311.7859   24.3413
    7.5000  -15.0000   37.5000 2276.6809   24.8168
   -7.5000   -7.5000   37.5000 2248.0063   25.3721
    0.0000   -7.5000   37.5000 2254.2361   25.4081
    7.5000   -7.5000   37.5000 2218.9778   25.9045
   -7.5000    0.0000   37.5000 2163.1843   26.6396
    0.0000    0.0000   37.5000 2167.5337   26.6271
    7.5000    0.0000   37.5000 2139.2375   27.1601
   -7.5000    7.5000   37.5000 2071.5845   28.3702
    0.0000    7.5000   37.5000 2068.9939   28.3916
    7.5000    7.5000   37.5000 2044.4012   28.9889
   -7.5000   15.0000   37.5000 1964.6904   30.7343
    0.0000   15.0000   37.5000 1960.5249   30.8047
    7.5000   15.0000   37.5000 1934.6099   31.5493
   -7.5000   22.5000   37.5000 1855.4716   34.1524
    0.0000   22.5000   37.5000 1853.4105   34.2057
    7.5000   22.5000   37.5000 1819.5369   34.9669
   -7.5000   30.0000   37.5000 1731.9358   38.4460
    0.0000   30.0000   37.5000 1729.9230   38.5035
    7.5000   30.0000   37.5000 1695.0984   39.2578

---------------------------------------------------------------------
imgreg_4dfp /opt/freesurfer/average/711-2C_as_mni_average_305 /opt/freesurfer/average/711-2B_as_mni_average_305_mask talsrcimg_g11 none talsrcimg_to_711-2C_as_mni_average_305_t4 1283
---------------------------------------------------------------------

freesurfer imgreg_4dfp.c
/opt/freesurfer/average/711-2C_as_mni_average_305.4dfp.img
       256       256       256         1
  1.000000  1.000000  1.000000
orientation T byte_order littleendian
Reading image: /opt/freesurfer/average/711-2C_as_mni_average_305.4dfp.img
dimensions:      256       256       256
mmppix:       1.0000   -1.0000   -1.0000
center:     128.0000 -129.0000 -129.0000
/opt/freesurfer/average/711-2B_as_mni_average_305_mask.4dfp.img
       256       256       256         1
  1.000000  1.000000  1.000000
orientation T byte_order littleendian
Reading mask: /opt/freesurfer/average/711-2B_as_mni_average_305_mask.4dfp.img (2306576 pixels)
talsrcimg_g11.4dfp.img
       256       256       256         1
  1.000000  1.000000  1.000000
orientation T byte_order littleendian
Reading image: talsrcimg_g11.4dfp.img
dimensions:      256       256       256
mmppix:       1.0000   -1.0000   -1.0000
center:     128.0000 -129.0000 -129.0000
rotation matrix determinant  1.000000
fimgreg.f
image alignment mode   1283 decimal      503 hex
parameters
    0.0000  -37.5000  -15.0000    0.0000    0.0000    0.0000
eta,q 0.91908 15.75780
niter,ni,del,rscale     5    3   12.0000    1.2000
parameter  1  1.062731 ->  0.500000 qaram    1.1500
parameter  3  0.783504 ->  0.500000 qaram    1.1500
parameter  4  1.129836 ->  0.500000 qaram    1.1500
parameters
   -3.4500  -36.4243  -18.4500   -3.4500   -0.3485    0.4388
eta,q 0.93590 15.53663
  0.0755  0.0886  0.0646  0.0628  0.0712  0.0709
  0.0712  0.0828  0.0663  0.0639  0.0681  0.0680
  0.0735  0.0770  0.0683  0.0650  0.0653  0.0656
  0.0813  0.0708  0.0698  0.0666  0.0642  0.0642
  0.0900  0.0708  0.0733  0.0696  0.0658  0.0642
  0.0967  0.0758  0.0807  0.0734  0.0693  0.0663
  0.1013  0.0809  0.0904  0.0771  0.0729  0.0697
niter,ni,del,rscale     7    3   12.0000    1.2000
parameter  4  0.863306 ->  0.500000 qaram    1.3225
parameters
   -3.5953  -35.4798  -19.3286   -7.4175   -0.1751    0.4248
eta,q 0.94108 15.53331
  0.0892  0.0845  0.0775  0.0601  0.0683  0.0666
  0.0790  0.0743  0.0663  0.0589  0.0641  0.0632
  0.0686  0.0675  0.0624  0.0604  0.0610  0.0602
  0.0641  0.0641  0.0643  0.0633  0.0590  0.0589
  0.0702  0.0659  0.0693  0.0652  0.0598  0.0601
  0.0815  0.0698  0.0750  0.0678  0.0630  0.0632
  0.0902  0.0739  0.0816  0.0730  0.0678  0.0667
niter,ni,del,rscale     7    3   12.0000    1.2000
parameters
   -3.4790  -33.9585  -19.9312   -9.0784    0.1542   -0.4135
eta,q 0.94214 15.38834
  0.0870  0.0837  0.0798  0.0651  0.0678  0.0626
  0.0763  0.0716  0.0661  0.0600  0.0647  0.0605
  0.0644  0.0626  0.0583  0.0582  0.0613  0.0586
  0.0589  0.0589  0.0602  0.0588  0.0581  0.0579
  0.0637  0.0609  0.0680  0.0621  0.0583  0.0597
  0.0746  0.0632  0.0746  0.0668  0.0620  0.0628
  0.0856  0.0659  0.0819  0.0709  0.0675  0.0659
niter,ni,del,rscale     6    3   12.0000    1.2000
parameters
   -3.5889  -32.8677  -20.3598  -10.6799    0.6605   -0.8488
eta,q 0.94312 15.31203
  0.0857  0.0788  0.0811  0.0652  0.0694  0.0616
  0.0745  0.0667  0.0668  0.0580  0.0653  0.0590
  0.0624  0.0589  0.0584  0.0573  0.0607  0.0577
  0.0579  0.0578  0.0583  0.0577  0.0571  0.0568
  0.0653  0.0587  0.0661  0.0611  0.0573  0.0577
  0.0760  0.0598  0.0743  0.0662  0.0612  0.0603
  0.0863  0.0663  0.0822  0.0716  0.0675  0.0631
niter,ni,del,rscale     5    3   12.0000    1.2000
parameters
   -3.8805  -31.8850  -20.7587  -11.6732    0.9113   -0.9652
eta,q 0.94532 15.29619
  0.0854  0.0767  0.0814  0.0667  0.0677  0.0608
  0.0727  0.0651  0.0655  0.0575  0.0626  0.0575
  0.0604  0.0581  0.0568  0.0544  0.0578  0.0556
  0.0569  0.0566  0.0560  0.0554  0.0548  0.0547
  0.0655  0.0558  0.0640  0.0587  0.0557  0.0553
  0.0776  0.0585  0.0738  0.0648  0.0601  0.0580
  0.0878  0.0660  0.0824  0.0709  0.0669  0.0613
niter,ni,del,rscale     4    3   12.0000    1.2000
parameters
   -4.0544  -31.2760  -20.8987  -12.1691    1.0058   -1.0211
eta,q 0.94646 15.27986
  0.0847  0.0741  0.0836  0.0683  0.0661  0.0607
  0.0718  0.0625  0.0667  0.0589  0.0609  0.0571
  0.0592  0.0571  0.0561  0.0535  0.0562  0.0547
  0.0547  0.0546  0.0541  0.0540  0.0536  0.0535
  0.0621  0.0546  0.0618  0.0570  0.0548  0.0543
  0.0748  0.0594  0.0723  0.0633  0.0594  0.0573
  0.0863  0.0668  0.0814  0.0703  0.0663  0.0612
niter,ni,del,rscale     3    3   12.0000    1.2000
parameters
   -4.1161  -31.0047  -21.0095  -12.4076    1.0232   -1.0024
eta,q 0.94692 15.27380
  0.0838  0.0716  0.0833  0.0693  0.0653  0.0607
  0.0716  0.0608  0.0666  0.0598  0.0600  0.0571
  0.0589  0.0562  0.0559  0.0535  0.0556  0.0545
  0.0535  0.0535  0.0534  0.0532  0.0531  0.0531
  0.0597  0.0548  0.0610  0.0562  0.0544  0.0538
  0.0725  0.0604  0.0716  0.0622  0.0592  0.0569
  0.0845  0.0678  0.0811  0.0699  0.0660  0.0609
niter,ni,del,rscale     2    3   12.0000    1.2000
parameters
   -4.1416  -30.8883  -21.0529  -12.5056    1.0253   -0.9948
eta,q 0.94707 15.27039
  0.0833  0.0706  0.0838  0.0698  0.0649  0.0607
  0.0713  0.0602  0.0672  0.0604  0.0598  0.0571
  0.0588  0.0557  0.0560  0.0536  0.0554  0.0543
  0.0531  0.0531  0.0530  0.0530  0.0529  0.0529
  0.0587  0.0551  0.0605  0.0558  0.0543  0.0537
  0.0715  0.0609  0.0712  0.0616  0.0590  0.0569
  0.0838  0.0684  0.0807  0.0695  0.0658  0.0610
niter,ni,del,rscale     1    3   12.0000    1.2000
parameters
   -4.1568  -30.8425  -21.0656  -12.5436    1.0288   -0.9910
eta,q 0.94713 15.26890
  0.0831  0.0701  0.0840  0.0701  0.0648  0.0607
  0.0711  0.0599  0.0675  0.0606  0.0597  0.0571
  0.0587  0.0555  0.0561  0.0536  0.0553  0.0543
  0.0529  0.0529  0.0529  0.0529  0.0529  0.0529
  0.0584  0.0553  0.0603  0.0557  0.0542  0.0536
  0.0712  0.0612  0.0710  0.0614  0.0589  0.0569
  0.0836  0.0686  0.0806  0.0694  0.0657  0.0610
registration optimization eta report
parameter search radius
    6.9000    6.0000    6.9000    7.9350    6.0000    6.0000
100000*second partial in parameter space
       61.       45.       59.       27.       33.       22.
  0.0831  0.0701  0.0840  0.0701  0.0648  0.0607
  0.0711  0.0599  0.0675  0.0606  0.0597  0.0571
  0.0587  0.0555  0.0561  0.0536  0.0553  0.0543
  0.0529  0.0529  0.0529  0.0529  0.0529  0.0529
  0.0584  0.0553  0.0603  0.0557  0.0542  0.0536
  0.0712  0.0612  0.0710  0.0614  0.0589  0.0569
  0.0836  0.0686  0.0806  0.0694  0.0657  0.0610
   -4.1568  -30.8425  -21.0656  -12.5436    1.0288   -0.9910
eta,q 0.94713 15.26890

---------------------------------------------------------------------
imgreg_4dfp /opt/freesurfer/average/711-2C_as_mni_average_305 /opt/freesurfer/average/711-2B_as_mni_average_305_mask talsrcimg_g11 none talsrcimg_to_711-2C_as_mni_average_305_t4 3335
---------------------------------------------------------------------

freesurfer imgreg_4dfp.c
/opt/freesurfer/average/711-2C_as_mni_average_305.4dfp.img
       256       256       256         1
  1.000000  1.000000  1.000000
orientation T byte_order littleendian
Reading image: /opt/freesurfer/average/711-2C_as_mni_average_305.4dfp.img
dimensions:      256       256       256
mmppix:       1.0000   -1.0000   -1.0000
center:     128.0000 -129.0000 -129.0000
/opt/freesurfer/average/711-2B_as_mni_average_305_mask.4dfp.img
       256       256       256         1
  1.000000  1.000000  1.000000
orientation T byte_order littleendian
Reading mask: /opt/freesurfer/average/711-2B_as_mni_average_305_mask.4dfp.img (2306576 pixels)
talsrcimg_g11.4dfp.img
       256       256       256         1
  1.000000  1.000000  1.000000
orientation T byte_order littleendian
Reading image: talsrcimg_g11.4dfp.img
dimensions:      256       256       256
mmppix:       1.0000   -1.0000   -1.0000
center:     128.0000 -129.0000 -129.0000
fimgreg.f
image alignment mode   3335 decimal      D07 hex
parameters
   -4.1568  -30.8425  -21.0656   -0.0311   -2.4082   -2.4026
    2.0781   -1.3768   -1.7292   21.7453    1.7955  -21.7147
eta,q 0.94261 15.23301
niter,ni,del,rscale     5    3    5.0000    1.2000
parameter  4  2.404331 ->  0.500000 qaram    1.1500
parameter  5 15.512520 ->  0.500000 qaram    1.1500
parameter  6  0.664062 ->  0.500000 qaram    1.1500
parameters
   -4.2309  -30.7285  -21.1499   -4.1711   -6.5482   -6.5426
    1.9600   -0.8590   -0.0948   20.0150   -0.1993  -20.6313
eta,q 0.96719 15.44025
  0.0613  0.0602  0.0621  0.0451  0.0329  0.0342  0.0371  0.0417  0.0377  0.0365  0.0337  0.0366
  0.0592  0.0585  0.0592  0.0479  0.0359  0.0334  0.0351  0.0377  0.0356  0.0344  0.0331  0.0346
  0.0578  0.0576  0.0576  0.0519  0.0416  0.0337  0.0338  0.0347  0.0340  0.0331  0.0328  0.0334
  0.0574  0.0574  0.0574  0.0574  0.0489  0.0372  0.0333  0.0333  0.0332  0.0330  0.0329  0.0328
  0.0580  0.0577  0.0584  0.0638  0.0554  0.0457  0.0338  0.0335  0.0331  0.0347  0.0334  0.0328
  0.0595  0.0585  0.0601  0.0702  0.0601  0.0568  0.0352  0.0358  0.0337  0.0385  0.0344  0.0335
  0.0618  0.0594  0.0622  0.0765  0.0654  0.0667  0.0374  0.0400  0.0349  0.0443  0.0358  0.0348
niter,ni,del,rscale     7    3    5.0000    1.2000
parameter  4  0.739387 ->  0.500000 qaram    1.3225
parameter  5  0.626646 ->  0.500000 qaram    1.3225
parameters
   -5.0678  -30.5649  -22.1640   -8.9321  -11.3092   -8.0715
    0.4760   -1.0295   -0.3594   19.4818   -1.7727  -23.8572
eta,q 0.97335 15.03488
  0.0342  0.0372  0.0326  0.0286  0.0288  0.0302  0.0292  0.0315  0.0289  0.0297  0.0277  0.0274
  0.0326  0.0347  0.0318  0.0290  0.0272  0.0288  0.0278  0.0289  0.0279  0.0282  0.0273  0.0268
  0.0322  0.0329  0.0316  0.0299  0.0269  0.0277  0.0272  0.0275  0.0273  0.0274  0.0271  0.0267
  0.0328  0.0322  0.0321  0.0316  0.0292  0.0270  0.0273  0.0272  0.0272  0.0272  0.0272  0.0271
  0.0344  0.0325  0.0333  0.0349  0.0346  0.0266  0.0282  0.0278  0.0274  0.0275  0.0274  0.0279
  0.0368  0.0338  0.0350  0.0402  0.0406  0.0294  0.0297  0.0293  0.0281  0.0286  0.0278  0.0291
  0.0397  0.0361  0.0374  0.0465  0.0446  0.0399  0.0317  0.0319  0.0292  0.0307  0.0284  0.0305
niter,ni,del,rscale     7    3    5.0000    1.2000
parameter  2 -0.647497 -> -0.500000 qaram    1.1500
parameters
   -5.0783  -29.1849  -22.1040  -12.3270  -13.3219   -8.1771
    0.2145   -1.5522   -0.4456   20.0652   -2.1240  -25.3066
eta,q 0.97497 14.69690
  0.0304  0.0337  0.0273  0.0262  0.0302  0.0288  0.0282  0.0290  0.0271  0.0283  0.0260  0.0262
  0.0283  0.0309  0.0262  0.0249  0.0278  0.0272  0.0265  0.0268  0.0260  0.0266  0.0255  0.0254
  0.0271  0.0285  0.0255  0.0247  0.0257  0.0260  0.0255  0.0255  0.0254  0.0256  0.0252  0.0251
  0.0267  0.0267  0.0252  0.0252  0.0246  0.0251  0.0252  0.0252  0.0251  0.0251  0.0251  0.0251
  0.0271  0.0255  0.0254  0.0264  0.0269  0.0250  0.0256  0.0260  0.0253  0.0253  0.0252  0.0256
  0.0284  0.0252  0.0261  0.0286  0.0333  0.0255  0.0269  0.0278  0.0260  0.0261  0.0256  0.0265
  0.0304  0.0259  0.0272  0.0328  0.0380  0.0307  0.0287  0.0302  0.0272  0.0273  0.0262  0.0276
niter,ni,del,rscale     7    3    5.0000    1.2000
parameters
   -5.0649  -28.5786  -22.2220  -12.1656  -14.3059   -8.3754
    0.1119   -1.6108   -0.2837   20.5725   -2.4220  -25.8094
eta,q 0.97477 14.67418
  0.0289  0.0303  0.0264  0.0285  0.0313  0.0290  0.0283  0.0296  0.0272  0.0280  0.0261  0.0268
  0.0268  0.0279  0.0255  0.0264  0.0288  0.0273  0.0266  0.0272  0.0262  0.0265  0.0256  0.0259
  0.0255  0.0261  0.0249  0.0251  0.0265  0.0261  0.0256  0.0258  0.0255  0.0256  0.0254  0.0254
  0.0250  0.0250  0.0248  0.0248  0.0248  0.0252  0.0252  0.0253  0.0252  0.0252  0.0252  0.0252
  0.0255  0.0248  0.0250  0.0252  0.0253  0.0249  0.0257  0.0258  0.0254  0.0255  0.0253  0.0256
  0.0268  0.0255  0.0257  0.0263  0.0305  0.0257  0.0268  0.0274  0.0260  0.0262  0.0257  0.0263
  0.0287  0.0272  0.0268  0.0282  0.0363  0.0312  0.0285  0.0296  0.0271  0.0272  0.0263  0.0272
niter,ni,del,rscale     6    3    5.0000    1.2000
parameters
   -5.0584  -28.3281  -22.3098  -12.1352  -14.7415   -8.4490
    0.0594   -1.6183   -0.1618   20.8769   -2.6343  -26.0613
eta,q 0.97455 14.66282
  0.0290  0.0292  0.0268  0.0287  0.0319  0.0293  0.0285  0.0297  0.0273  0.0279  0.0262  0.0271
  0.0269  0.0272  0.0259  0.0267  0.0295  0.0276  0.0268  0.0274  0.0263  0.0265  0.0258  0.0261
  0.0256  0.0259  0.0254  0.0255  0.0272  0.0263  0.0258  0.0260  0.0257  0.0257  0.0256  0.0256
  0.0252  0.0252  0.0252  0.0252  0.0252  0.0254  0.0254  0.0254  0.0255  0.0254  0.0254  0.0254
  0.0257  0.0253  0.0254  0.0257  0.0249  0.0251  0.0258  0.0260  0.0256  0.0257  0.0255  0.0257
  0.0269  0.0263  0.0261  0.0267  0.0291  0.0257  0.0269  0.0275  0.0262  0.0263  0.0259  0.0264
  0.0289  0.0281  0.0271  0.0285  0.0353  0.0312  0.0286  0.0297  0.0272  0.0274  0.0264  0.0273
niter,ni,del,rscale     5    3    5.0000    1.2000
parameters
   -5.0475  -28.1986  -22.3592  -12.1415  -14.9502   -8.5139
    0.0278   -1.6169   -0.0895   21.0563   -2.7643  -26.1870
eta,q 0.97444 14.65499
  0.0291  0.0289  0.0271  0.0288  0.0321  0.0294  0.0286  0.0298  0.0273  0.0279  0.0264  0.0272
  0.0271  0.0271  0.0262  0.0268  0.0297  0.0277  0.0269  0.0275  0.0264  0.0265  0.0259  0.0263
  0.0258  0.0259  0.0256  0.0257  0.0275  0.0265  0.0259  0.0261  0.0258  0.0258  0.0257  0.0257
  0.0254  0.0255  0.0254  0.0254  0.0254  0.0255  0.0256  0.0256  0.0256  0.0256  0.0256  0.0256
  0.0259  0.0257  0.0256  0.0259  0.0249  0.0252  0.0259  0.0261  0.0257  0.0258  0.0256  0.0258
  0.0271  0.0266  0.0262  0.0269  0.0286  0.0258  0.0270  0.0276  0.0263  0.0265  0.0259  0.0264
  0.0290  0.0284  0.0272  0.0287  0.0348  0.0313  0.0286  0.0298  0.0273  0.0275  0.0264  0.0273
niter,ni,del,rscale     4    3    5.0000    1.2000
parameters
   -5.0410  -28.1349  -22.3958  -12.1552  -15.0559   -8.5483
    0.0087   -1.6172   -0.0407   21.1637   -2.8356  -26.2586
eta,q 0.97437 14.65071
  0.0292  0.0288  0.0272  0.0289  0.0322  0.0294  0.0286  0.0299  0.0273  0.0278  0.0264  0.0273
  0.0272  0.0271  0.0263  0.0269  0.0298  0.0277  0.0270  0.0276  0.0265  0.0265  0.0260  0.0263
  0.0260  0.0260  0.0258  0.0258  0.0276  0.0265  0.0260  0.0261  0.0259  0.0258  0.0257  0.0258
  0.0256  0.0256  0.0256  0.0256  0.0256  0.0256  0.0256  0.0256  0.0256  0.0256  0.0256  0.0256
  0.0260  0.0258  0.0257  0.0260  0.0249  0.0252  0.0260  0.0261  0.0258  0.0259  0.0257  0.0259
  0.0272  0.0268  0.0263  0.0270  0.0284  0.0259  0.0270  0.0276  0.0263  0.0265  0.0260  0.0265
  0.0291  0.0286  0.0273  0.0288  0.0346  0.0312  0.0286  0.0298  0.0274  0.0276  0.0265  0.0273
niter,ni,del,rscale     3    3    5.0000    1.2000
parameters
   -5.0388  -28.1003  -22.4153  -12.1598  -15.1098   -8.5701
    0.0004   -1.6173   -0.0159   21.2186   -2.8829  -26.2881
eta,q 0.97434 14.64834
  0.0292  0.0287  0.0272  0.0289  0.0323  0.0295  0.0286  0.0299  0.0273  0.0278  0.0264  0.0274
  0.0272  0.0271  0.0264  0.0270  0.0299  0.0278  0.0270  0.0276  0.0265  0.0265  0.0260  0.0264
  0.0260  0.0260  0.0258  0.0259  0.0277  0.0266  0.0260  0.0262  0.0259  0.0258  0.0258  0.0258
  0.0256  0.0256  0.0256  0.0256  0.0256  0.0257  0.0257  0.0257  0.0257  0.0257  0.0257  0.0257
  0.0261  0.0259  0.0258  0.0261  0.0249  0.0253  0.0260  0.0262  0.0258  0.0259  0.0257  0.0259
  0.0273  0.0269  0.0264  0.0271  0.0283  0.0259  0.0270  0.0277  0.0264  0.0266  0.0260  0.0265
  0.0291  0.0287  0.0273  0.0288  0.0346  0.0312  0.0286  0.0298  0.0274  0.0276  0.0265  0.0273
niter,ni,del,rscale     2    3    5.0000    1.2000
parameters
   -5.0361  -28.0807  -22.4282  -12.1618  -15.1374   -8.5830
   -0.0068   -1.6183    0.0056   21.2556   -2.8998  -26.3165
eta,q 0.97433 14.64754
  0.0292  0.0287  0.0273  0.0290  0.0323  0.0295  0.0286  0.0299  0.0273  0.0278  0.0265  0.0274
  0.0273  0.0271  0.0264  0.0270  0.0299  0.0278  0.0270  0.0276  0.0265  0.0265  0.0260  0.0264
  0.0260  0.0260  0.0259  0.0259  0.0277  0.0266  0.0260  0.0262  0.0259  0.0259  0.0258  0.0258
  0.0257  0.0257  0.0257  0.0257  0.0257  0.0257  0.0257  0.0257  0.0257  0.0257  0.0257  0.0257
  0.0261  0.0259  0.0258  0.0261  0.0249  0.0253  0.0260  0.0262  0.0258  0.0259  0.0257  0.0259
  0.0273  0.0269  0.0264  0.0271  0.0282  0.0259  0.0271  0.0277  0.0264  0.0266  0.0260  0.0265
  0.0292  0.0287  0.0274  0.0289  0.0345  0.0312  0.0286  0.0298  0.0274  0.0276  0.0265  0.0273
registration optimization eta report
parameter search radius
    2.4000    2.7600    2.4000    9.5220    9.5220    8.2800
    7.2000    7.2000    7.2000    7.2000    7.2000    7.2000
100000*second partial in parameter space
       62.       40.       29.        4.        9.        7.
        6.        8.        3.        4.        2.        3.
  0.0292  0.0287  0.0273  0.0290  0.0323  0.0295  0.0286  0.0299  0.0273  0.0278  0.0265  0.0274
  0.0273  0.0271  0.0264  0.0270  0.0299  0.0278  0.0270  0.0276  0.0265  0.0265  0.0260  0.0264
  0.0260  0.0260  0.0259  0.0259  0.0277  0.0266  0.0260  0.0262  0.0259  0.0259  0.0258  0.0258
  0.0257  0.0257  0.0257  0.0257  0.0257  0.0257  0.0257  0.0257  0.0257  0.0257  0.0257  0.0257
  0.0261  0.0259  0.0258  0.0261  0.0249  0.0253  0.0260  0.0262  0.0258  0.0259  0.0257  0.0259
  0.0273  0.0269  0.0264  0.0271  0.0282  0.0259  0.0271  0.0277  0.0264  0.0266  0.0260  0.0265
  0.0292  0.0287  0.0274  0.0289  0.0345  0.0312  0.0286  0.0298  0.0274  0.0276  0.0265  0.0273
   -5.0361  -28.0807  -22.4282  -12.1618  -15.1374   -8.5830
   -0.0068   -1.6183    0.0056   21.2556   -2.8998  -26.3165
eta,q 0.97433 14.64754

---------------------------------------------------------------------
imgreg_4dfp /opt/freesurfer/average/711-2C_as_mni_average_305 /opt/freesurfer/average/711-2B_as_mni_average_305_mask talsrcimg_g11 none talsrcimg_to_711-2C_as_mni_average_305_t4 2311
---------------------------------------------------------------------

freesurfer imgreg_4dfp.c
/opt/freesurfer/average/711-2C_as_mni_average_305.4dfp.img
       256       256       256         1
  1.000000  1.000000  1.000000
orientation T byte_order littleendian
Reading image: /opt/freesurfer/average/711-2C_as_mni_average_305.4dfp.img
dimensions:      256       256       256
mmppix:       1.0000   -1.0000   -1.0000
center:     128.0000 -129.0000 -129.0000
/opt/freesurfer/average/711-2B_as_mni_average_305_mask.4dfp.img
       256       256       256         1
  1.000000  1.000000  1.000000
orientation T byte_order littleendian
Reading mask: /opt/freesurfer/average/711-2B_as_mni_average_305_mask.4dfp.img (2306576 pixels)
talsrcimg_g11.4dfp.img
       256       256       256         1
  1.000000  1.000000  1.000000
orientation T byte_order littleendian
Reading image: talsrcimg_g11.4dfp.img
dimensions:      256       256       256
mmppix:       1.0000   -1.0000   -1.0000
center:     128.0000 -129.0000 -129.0000
fimgreg.f
image alignment mode   2311 decimal      907 hex
parameters
   -5.0361  -28.0807  -22.4282  -12.1618  -15.1374   -8.5830
   -0.0068   -1.6183    0.0056   21.2556   -2.8998  -26.3165
eta,q 0.97433 14.64754
niter,ni,del,rscale     5    3    5.0000    0.8000
parameter  6 -0.504259 -> -0.500000 qaram    1.1500
parameters
   -5.0556  -28.0216  -22.3978  -12.5032  -12.8921   -5.8230
   -0.0946   -1.6164   -0.3317   21.7292   -2.5072  -25.9802
eta,q 0.97545 14.85191
  0.0273  0.0267  0.0264  0.0264  0.0288  0.0266  0.0262  0.0267  0.0255  0.0265  0.0251  0.0261
  0.0264  0.0262  0.0260  0.0259  0.0277  0.0259  0.0253  0.0254  0.0250  0.0254  0.0248  0.0251
  0.0258  0.0258  0.0258  0.0257  0.0266  0.0253  0.0247  0.0247  0.0246  0.0248  0.0246  0.0247
  0.0257  0.0257  0.0257  0.0257  0.0257  0.0249  0.0245  0.0245  0.0245  0.0245  0.0245  0.0245
  0.0259  0.0258  0.0257  0.0258  0.0250  0.0246  0.0248  0.0248  0.0247  0.0247  0.0246  0.0247
  0.0264  0.0261  0.0260  0.0261  0.0249  0.0246  0.0254  0.0255  0.0251  0.0251  0.0247  0.0250
  0.0273  0.0266  0.0264  0.0266  0.0260  0.0249  0.0263  0.0266  0.0259  0.0258  0.0249  0.0256
niter,ni,del,rscale     5    3    5.0000    0.8000
parameters
   -5.0134  -28.5649  -22.3355  -11.9001  -13.0967   -7.0136
    0.0112   -1.6356   -0.3669   20.9854   -2.5085  -25.9072
eta,q 0.97550 14.82577
  0.0264  0.0250  0.0254  0.0256  0.0270  0.0259  0.0262  0.0266  0.0254  0.0254  0.0249  0.0255
  0.0254  0.0246  0.0248  0.0250  0.0260  0.0252  0.0253  0.0254  0.0250  0.0248  0.0247  0.0249
  0.0248  0.0244  0.0245  0.0246  0.0250  0.0246  0.0247  0.0247  0.0246  0.0245  0.0245  0.0246
  0.0246  0.0246  0.0244  0.0244  0.0244  0.0244  0.0245  0.0245  0.0245  0.0245  0.0245  0.0245
  0.0247  0.0251  0.0245  0.0244  0.0244  0.0245  0.0247  0.0248  0.0246  0.0248  0.0245  0.0246
  0.0253  0.0260  0.0247  0.0247  0.0257  0.0262  0.0252  0.0255  0.0249  0.0253  0.0247  0.0249
  0.0262  0.0273  0.0252  0.0251  0.0283  0.0308  0.0261  0.0266  0.0255  0.0261  0.0249  0.0254
niter,ni,del,rscale     4    3    5.0000    0.7000
parameters
   -5.0695  -28.5234  -22.2392  -12.1113  -12.8800   -6.7630
    0.0051   -1.7078   -0.3679   20.9736   -2.4641  -25.8094
eta,q 0.97560 14.82629
  0.0257  0.0256  0.0252  0.0251  0.0268  0.0260  0.0257  0.0260  0.0252  0.0255  0.0247  0.0252
  0.0250  0.0250  0.0249  0.0247  0.0259  0.0253  0.0250  0.0251  0.0248  0.0248  0.0246  0.0247
  0.0246  0.0247  0.0246  0.0245  0.0251  0.0248  0.0245  0.0246  0.0245  0.0245  0.0244  0.0245
  0.0245  0.0245  0.0245  0.0245  0.0245  0.0244  0.0244  0.0244  0.0244  0.0244  0.0244  0.0244
  0.0247  0.0246  0.0245  0.0246  0.0244  0.0244  0.0245  0.0246  0.0245  0.0245  0.0244  0.0245
  0.0252  0.0249  0.0247  0.0249  0.0251  0.0245  0.0250  0.0252  0.0248  0.0249  0.0245  0.0247
  0.0259  0.0255  0.0251  0.0252  0.0269  0.0261  0.0257  0.0261  0.0252  0.0254  0.0247  0.0251
niter,ni,del,rscale     3    3    5.0000    0.6000
parameters
   -5.0773  -28.5699  -22.2377  -12.1224  -12.6578   -6.4216
    0.0034   -1.7210   -0.4030   20.9730   -2.4458  -25.7652
eta,q 0.97567 14.85023
  0.0254  0.0252  0.0249  0.0249  0.0263  0.0255  0.0253  0.0255  0.0249  0.0252  0.0246  0.0249
  0.0248  0.0248  0.0246  0.0246  0.0255  0.0250  0.0248  0.0249  0.0246  0.0247  0.0244  0.0246
  0.0245  0.0245  0.0245  0.0245  0.0248  0.0246  0.0244  0.0245  0.0244  0.0244  0.0244  0.0244
  0.0244  0.0244  0.0244  0.0244  0.0244  0.0244  0.0243  0.0243  0.0243  0.0243  0.0243  0.0243
  0.0245  0.0245  0.0245  0.0245  0.0243  0.0243  0.0244  0.0245  0.0244  0.0244  0.0243  0.0244
  0.0249  0.0248  0.0246  0.0246  0.0249  0.0244  0.0248  0.0249  0.0246  0.0247  0.0244  0.0246
  0.0254  0.0253  0.0249  0.0249  0.0262  0.0254  0.0253  0.0255  0.0250  0.0251  0.0246  0.0249
niter,ni,del,rscale     2    3    5.0000    0.5000
parameters
   -5.0732  -28.6280  -22.2487  -12.0930  -12.4494   -6.1457
    0.0029   -1.7244   -0.4351   20.9898   -2.4569  -25.7684
eta,q 0.97573 14.87387
  0.0250  0.0249  0.0247  0.0247  0.0257  0.0251  0.0250  0.0251  0.0247  0.0249  0.0244  0.0247
  0.0246  0.0246  0.0245  0.0245  0.0251  0.0247  0.0246  0.0246  0.0245  0.0245  0.0243  0.0245
  0.0244  0.0244  0.0244  0.0244  0.0247  0.0244  0.0244  0.0244  0.0243  0.0243  0.0243  0.0243
  0.0243  0.0243  0.0243  0.0243  0.0243  0.0243  0.0243  0.0243  0.0243  0.0243  0.0243  0.0243
  0.0244  0.0244  0.0244  0.0244  0.0243  0.0243  0.0243  0.0244  0.0243  0.0244  0.0243  0.0243
  0.0246  0.0246  0.0245  0.0245  0.0247  0.0243  0.0246  0.0247  0.0245  0.0245  0.0244  0.0245
  0.0250  0.0250  0.0247  0.0247  0.0256  0.0250  0.0250  0.0251  0.0247  0.0248  0.0244  0.0247
niter,ni,del,rscale     1    3    5.0000    0.4000
parameters
   -5.0702  -28.6860  -22.2577  -12.0866  -12.2634   -5.9594
    0.0132   -1.7318   -0.4547   21.0007   -2.3054  -25.6840
eta,q 0.97575 14.89043
  0.0247  0.0246  0.0245  0.0245  0.0252  0.0247  0.0247  0.0248  0.0245  0.0247  0.0244  0.0245
  0.0245  0.0244  0.0243  0.0244  0.0248  0.0245  0.0244  0.0245  0.0244  0.0244  0.0243  0.0244
  0.0243  0.0243  0.0243  0.0243  0.0245  0.0243  0.0243  0.0243  0.0243  0.0243  0.0243  0.0243
  0.0243  0.0243  0.0243  0.0243  0.0243  0.0242  0.0242  0.0242  0.0242  0.0242  0.0242  0.0242
  0.0243  0.0243  0.0243  0.0243  0.0243  0.0243  0.0243  0.0243  0.0243  0.0243  0.0243  0.0243
  0.0245  0.0245  0.0244  0.0244  0.0245  0.0243  0.0244  0.0245  0.0244  0.0244  0.0243  0.0244
  0.0247  0.0247  0.0245  0.0245  0.0251  0.0247  0.0247  0.0248  0.0246  0.0246  0.0243  0.0245
registration optimization eta report
parameter search radius
    0.8000    0.8000    0.8000    2.4000    2.4000    2.7600
    2.4000    2.4000    2.4000    2.4000    2.4000    2.4000
100000*second partial in parameter space
       71.       65.       35.        4.       16.        6.
        8.       10.        5.        7.        2.        5.
  0.0247  0.0246  0.0245  0.0245  0.0252  0.0247  0.0247  0.0248  0.0245  0.0247  0.0244  0.0245
  0.0245  0.0244  0.0243  0.0244  0.0248  0.0245  0.0244  0.0245  0.0244  0.0244  0.0243  0.0244
  0.0243  0.0243  0.0243  0.0243  0.0245  0.0243  0.0243  0.0243  0.0243  0.0243  0.0243  0.0243
  0.0243  0.0243  0.0243  0.0243  0.0243  0.0242  0.0242  0.0242  0.0242  0.0242  0.0242  0.0242
  0.0243  0.0243  0.0243  0.0243  0.0243  0.0243  0.0243  0.0243  0.0243  0.0243  0.0243  0.0243
  0.0245  0.0245  0.0244  0.0244  0.0245  0.0243  0.0244  0.0245  0.0244  0.0244  0.0243  0.0244
  0.0247  0.0247  0.0245  0.0245  0.0251  0.0247  0.0247  0.0248  0.0246  0.0246  0.0243  0.0245
   -5.0702  -28.6860  -22.2577  -12.0866  -12.2634   -5.9594
    0.0132   -1.7318   -0.4547   21.0007   -2.3054  -25.6840
eta,q 0.97575 14.89043

---------------------------------------------------------------------
imgreg_4dfp /opt/freesurfer/average/711-2C_as_mni_average_305 /opt/freesurfer/average/711-2B_as_mni_average_305_mask talsrcimg_g11 none talsrcimg_to_711-2C_as_mni_average_305_t4 2311
---------------------------------------------------------------------

freesurfer imgreg_4dfp.c
/opt/freesurfer/average/711-2C_as_mni_average_305.4dfp.img
       256       256       256         1
  1.000000  1.000000  1.000000
orientation T byte_order littleendian
Reading image: /opt/freesurfer/average/711-2C_as_mni_average_305.4dfp.img
dimensions:      256       256       256
mmppix:       1.0000   -1.0000   -1.0000
center:     128.0000 -129.0000 -129.0000
/opt/freesurfer/average/711-2B_as_mni_average_305_mask.4dfp.img
       256       256       256         1
  1.000000  1.000000  1.000000
orientation T byte_order littleendian
Reading mask: /opt/freesurfer/average/711-2B_as_mni_average_305_mask.4dfp.img (2306576 pixels)
talsrcimg_g11.4dfp.img
       256       256       256         1
  1.000000  1.000000  1.000000
orientation T byte_order littleendian
Reading image: talsrcimg_g11.4dfp.img
dimensions:      256       256       256
mmppix:       1.0000   -1.0000   -1.0000
center:     128.0000 -129.0000 -129.0000
fimgreg.f
image alignment mode   2311 decimal      907 hex
parameters
   -5.0702  -28.6860  -22.2577  -12.0866  -12.2634   -5.9594
    0.0132   -1.7318   -0.4547   21.0007   -2.3054  -25.6840
eta,q 0.97575 14.89043
niter,ni,del,rscale     5    3    5.0000    0.8000
parameters
   -5.0565  -28.7943  -22.2612  -11.9920  -12.8246   -6.6928
    0.0457   -1.6726   -0.4393   20.8602   -2.4076  -25.7121
eta,q 0.97559 14.84151
  0.0261  0.0257  0.0252  0.0253  0.0267  0.0256  0.0261  0.0266  0.0254  0.0257  0.0248  0.0254
  0.0251  0.0249  0.0246  0.0247  0.0257  0.0250  0.0252  0.0254  0.0249  0.0249  0.0246  0.0248
  0.0244  0.0244  0.0243  0.0244  0.0248  0.0245  0.0246  0.0246  0.0245  0.0245  0.0244  0.0245
  0.0242  0.0242  0.0242  0.0242  0.0242  0.0244  0.0244  0.0244  0.0244  0.0244  0.0244  0.0244
  0.0244  0.0245  0.0243  0.0243  0.0245  0.0244  0.0246  0.0247  0.0245  0.0246  0.0244  0.0245
  0.0250  0.0251  0.0246  0.0247  0.0262  0.0251  0.0251  0.0254  0.0248  0.0251  0.0246  0.0249
  0.0260  0.0262  0.0252  0.0252  0.0291  0.0278  0.0260  0.0264  0.0254  0.0258  0.0249  0.0254
niter,ni,del,rscale     4    3    5.0000    0.7000
parameters
   -5.0690  -28.6079  -22.2122  -12.0806  -12.8073   -6.4179
    0.0245   -1.6864   -0.4088   20.9369   -2.4325  -25.7335
eta,q 0.97564 14.84710
  0.0257  0.0258  0.0251  0.0251  0.0266  0.0256  0.0256  0.0260  0.0252  0.0255  0.0247  0.0251
  0.0250  0.0251  0.0247  0.0247  0.0257  0.0250  0.0249  0.0251  0.0247  0.0248  0.0245  0.0247
  0.0246  0.0247  0.0245  0.0244  0.0249  0.0246  0.0245  0.0245  0.0245  0.0245  0.0244  0.0244
  0.0244  0.0244  0.0244  0.0244  0.0244  0.0244  0.0244  0.0244  0.0244  0.0244  0.0244  0.0244
  0.0246  0.0244  0.0244  0.0245  0.0244  0.0243  0.0245  0.0246  0.0244  0.0245  0.0244  0.0245
  0.0250  0.0247  0.0247  0.0247  0.0252  0.0245  0.0250  0.0251  0.0247  0.0248  0.0245  0.0247
  0.0258  0.0253  0.0250  0.0251  0.0271  0.0255  0.0257  0.0260  0.0252  0.0254  0.0247  0.0251
niter,ni,del,rscale     3    3    5.0000    0.6000
parameters
   -5.0677  -28.6078  -22.2292  -12.0681  -12.6406   -6.1924
    0.0165   -1.6953   -0.4259   20.9745   -2.4428  -25.7767
eta,q 0.97568 14.86657
  0.0254  0.0252  0.0248  0.0249  0.0262  0.0252  0.0253  0.0255  0.0249  0.0252  0.0246  0.0249
  0.0248  0.0248  0.0246  0.0246  0.0255  0.0248  0.0248  0.0248  0.0246  0.0247  0.0244  0.0245
  0.0245  0.0245  0.0244  0.0244  0.0248  0.0245  0.0244  0.0244  0.0244  0.0244  0.0243  0.0244
  0.0244  0.0244  0.0244  0.0244  0.0244  0.0243  0.0243  0.0243  0.0243  0.0243  0.0243  0.0243
  0.0245  0.0244  0.0244  0.0244  0.0243  0.0243  0.0244  0.0245  0.0244  0.0244  0.0243  0.0244
  0.0248  0.0247  0.0246  0.0246  0.0249  0.0244  0.0248  0.0249  0.0246  0.0247  0.0244  0.0246
  0.0254  0.0252  0.0249  0.0249  0.0262  0.0251  0.0253  0.0255  0.0249  0.0251  0.0246  0.0249
niter,ni,del,rscale     2    3    5.0000    0.5000
parameters
   -5.0663  -28.6457  -22.2524  -12.0642  -12.4514   -5.9897
    0.0140   -1.7045   -0.4460   21.0073   -2.3682  -25.7211
eta,q 0.97573 14.88415
  0.0250  0.0249  0.0247  0.0247  0.0257  0.0248  0.0250  0.0251  0.0247  0.0249  0.0245  0.0247
  0.0246  0.0246  0.0244  0.0245  0.0251  0.0245  0.0246  0.0246  0.0245  0.0245  0.0244  0.0245
  0.0244  0.0244  0.0243  0.0244  0.0246  0.0244  0.0243  0.0244  0.0243  0.0243  0.0243  0.0243
  0.0243  0.0243  0.0243  0.0243  0.0243  0.0243  0.0243  0.0243  0.0243  0.0243  0.0243  0.0243
  0.0244  0.0244  0.0244  0.0244  0.0243  0.0243  0.0243  0.0244  0.0243  0.0244  0.0243  0.0243
  0.0246  0.0246  0.0245  0.0245  0.0247  0.0243  0.0246  0.0247  0.0245  0.0245  0.0243  0.0244
  0.0250  0.0250  0.0247  0.0247  0.0256  0.0248  0.0250  0.0251  0.0247  0.0248  0.0244  0.0247
niter,ni,del,rscale     1    3    5.0000    0.4000
parameters
   -5.0642  -28.6944  -22.2490  -12.0488  -12.2628   -5.8305
    0.0224   -1.6990   -0.4777   21.0101   -2.1201  -25.6962
eta,q 0.97577 14.89924
  0.0247  0.0246  0.0245  0.0245  0.0252  0.0246  0.0247  0.0248  0.0245  0.0246  0.0244  0.0245
  0.0245  0.0244  0.0243  0.0244  0.0248  0.0244  0.0244  0.0245  0.0244  0.0244  0.0243  0.0244
  0.0243  0.0243  0.0243  0.0243  0.0245  0.0243  0.0243  0.0243  0.0243  0.0243  0.0242  0.0243
  0.0243  0.0243  0.0243  0.0243  0.0243  0.0242  0.0242  0.0242  0.0242  0.0242  0.0242  0.0242
  0.0243  0.0243  0.0243  0.0243  0.0243  0.0242  0.0243  0.0243  0.0243  0.0243  0.0242  0.0243
  0.0245  0.0245  0.0244  0.0244  0.0245  0.0243  0.0244  0.0245  0.0244  0.0244  0.0243  0.0244
  0.0247  0.0247  0.0245  0.0245  0.0251  0.0245  0.0247  0.0248  0.0245  0.0246  0.0243  0.0245
registration optimization eta report
parameter search radius
    0.8000    0.8000    0.8000    2.4000    2.4000    2.4000
    2.4000    2.4000    2.4000    2.4000    2.4000    2.4000
100000*second partial in parameter space
       71.       65.       36.        4.       16.        6.
        8.       10.        5.        7.        2.        5.
  0.0247  0.0246  0.0245  0.0245  0.0252  0.0246  0.0247  0.0248  0.0245  0.0246  0.0244  0.0245
  0.0245  0.0244  0.0243  0.0244  0.0248  0.0244  0.0244  0.0245  0.0244  0.0244  0.0243  0.0244
  0.0243  0.0243  0.0243  0.0243  0.0245  0.0243  0.0243  0.0243  0.0243  0.0243  0.0242  0.0243
  0.0243  0.0243  0.0243  0.0243  0.0243  0.0242  0.0242  0.0242  0.0242  0.0242  0.0242  0.0242
  0.0243  0.0243  0.0243  0.0243  0.0243  0.0242  0.0243  0.0243  0.0243  0.0243  0.0242  0.0243
  0.0245  0.0245  0.0244  0.0244  0.0245  0.0243  0.0244  0.0245  0.0244  0.0244  0.0243  0.0244
  0.0247  0.0247  0.0245  0.0245  0.0251  0.0245  0.0247  0.0248  0.0245  0.0246  0.0243  0.0245
   -5.0642  -28.6944  -22.2490  -12.0488  -12.2628   -5.8305
    0.0224   -1.6990   -0.4777   21.0101   -2.1201  -25.6962
eta,q 0.97577 14.89924

---------------------------------------------------------------------
compute_vox2vox talsrcimg talsrcimg_to_711-2C_as_mni_average_305_t4 /opt/freesurfer/average/711-2C_as_mni_average_305
---------------------------------------------------------------------

freesurfer compute_vox2vox.c
Reading: talsrcimg.4dfp.ifh
Reading: talsrcimg_to_711-2C_as_mni_average_305_t4
Reading: /opt/freesurfer/average/711-2C_as_mni_average_305.4dfp.ifh
Writing: talsrcimg_to_711-2C_as_mni_average_305_t4_vox2vox.txt

start time Mon Mar 9 20:44:32 CET 2026
end		time Mon Mar 9 20:45:58 CET 2026

mpr2mni305 success

avi2talxfm orig_nu.mgz /opt/freesurfer/average/mni305.cor.mgz talsrcimg_to_711-2C_as_mni_average_305_t4_vox2vox.txt transforms/talairach.auto.xfm
avi2talxfm done
mv -f /out/sourcedata/freesurfer/sub-v1s23x0050612_ses-1/mri/talsrcimg_to_711-2C_as_mni_average_305_t4_vox2vox.txt /out/sourcedata/freesurfer/sub-v1s23x0050612_ses-1/mri/transforms/talsrcimg_to_711-2C_as_mni_average_305_t4_vox2vox.txt
lta_convert --src orig_nu.mgz --trg /opt/freesurfer/average/mni305.cor.mgz --inxfm transforms/talairach.auto.xfm --outlta transforms/talairach.auto.xfm.lta --subject fsaverage
7.3.2

--src: orig_nu.mgz src image (geometry).
--trg: /opt/freesurfer/average/mni305.cor.mgz trg image (geometry).
--inmni: transforms/talairach.auto.xfm input MNI/XFM transform.
--outlta: transforms/talairach.auto.xfm.lta output LTA.
--s: fsaverage subject name
 LTA read, type : 1
 1.13749   0.01932   0.00537  -43.09975;
 0.02562   0.99722   0.29206   60.13191;
 0.00006  -0.23869   1.06986  -38.87024;
 0.00000   0.00000   0.00000   1.00000;
setting subject to fsaverage
Writing  LTA to file transforms/talairach.auto.xfm.lta...
lta_convert successful.
 
 
Started at Mon Mar 9 20:44:31 CET 2026
Ended   at Mon Mar  9 20:45:58 CET 2026
talairach_avi done
