/out/sourcedata/freesurfer/sub-v1s23x0050628_ses-1/mri
/opt/freesurfer/bin/talairach_avi
--i orig_nu.mgz --xfm transforms/talairach.auto.xfm
talairach_avi 7.3.2
Linux dna048 5.14.0-427.37.1.el9_4.x86_64 #1 SMP PREEMPT_DYNAMIC Fri Sep 13 12:41:50 EDT 2024 x86_64 x86_64 x86_64 GNU/Linux
Mon Mar  9 21:16:44 CET 2026
mri_convert orig_nu.mgz talsrcimg.img 
reading from orig_nu.mgz...
TR=0.00, TE=0.00, TI=0.00, flip angle=0.00
i_ras = (-1, 0, 0)
j_ras = (0, 0, -1)
k_ras = (0, 1, 0)
writing to talsrcimg.img...
Analyze Output Matrix
-1.00000   0.00000   0.00000   170.83083;
 0.00000   0.00000   1.00000  -177.50182;
 0.00000  -1.00000   0.00000   159.60771;
 0.00000   0.00000   0.00000   1.00000;
--------------------
INFO: set hdr.hist.orient to -1
mpr2mni305 talsrcimg
Mon Mar  9 21:16:44 CET 2026
/opt/freesurfer/bin/mpr2mni305 talsrcimg
mpr2mni305 7.3.2
target=711-2C_as_mni_average_305

---------------------------------------------------------------------
analyzeto4dfp talsrcimg -O0 -y
---------------------------------------------------------------------

freesurfer ifh2hdr.c
Mon Mar  9 21:16:44 2026
Writing: talsrcimg.4dfp.hdr
freesurfer analyzeto4dfp.c
Reading: talsrcimg.hdr
header size 348 bytes
hdr.dime.datatype	offset=70	value=2
hdr.dime.bitpix		offset=72	value=8
hdr.hist.orient		offset=252	value=-1
dimensionality     4
dimensions       256       256       256         1
Reading: talsrcimg.img
Writing: talsrcimg.4dfp.img
Writing: talsrcimg.4dfp.ifh
ifh2hdr talsrcimg -r0to224
ori=2

---------------------------------------------------------------------
gauss_4dfp talsrcimg 1.1
---------------------------------------------------------------------

freesurfer gauss_4dfp.c
Reading: talsrcimg.4dfp.img
Writing: talsrcimg_g11.4dfp.img
image dimensions 256 256 256 padded to 288 288 288
processing volume 1freesurfer ifh2hdr.c
Mon Mar  9 21:16:46 2026
Writing: talsrcimg_g11.4dfp.hdr

Writing: talsrcimg_g11.4dfp.ifh
including: talsrcimg.4dfp.img.rec in talsrcimg_g11.4dfp.img.rec

---------------------------------------------------------------------
imgreg_4dfp /opt/freesurfer/average/711-2C_as_mni_average_305 none talsrcimg_g11 none talsrcimg_to_711-2C_as_mni_average_305_t4 4355
---------------------------------------------------------------------

freesurfer imgreg_4dfp.c
/opt/freesurfer/average/711-2C_as_mni_average_305.4dfp.img
       256       256       256         1
  1.000000  1.000000  1.000000
orientation T byte_order littleendian
Reading image: /opt/freesurfer/average/711-2C_as_mni_average_305.4dfp.img
dimensions:      256       256       256
mmppix:       1.0000   -1.0000   -1.0000
center:     128.0000 -129.0000 -129.0000
talsrcimg_g11.4dfp.img
       256       256       256         1
  1.000000  1.000000  1.000000
orientation T byte_order littleendian
Reading image: talsrcimg_g11.4dfp.img
dimensions:      256       256       256
mmppix:       1.0000   -1.0000   -1.0000
center:     128.0000 -129.0000 -129.0000
t4_read: open error in t4_sub.f l:  41 t4_file(1:l)talsrcimg_to_711-2C_as_mni_average_305_t4 
t4_read: transform initialized to I4
rotation matrix determinant  1.000000
image alignment mode   4355 decimal     1103 hex
   -7.5000  -45.0000  -45.0000 6762.1738   22.5176
    0.0000  -45.0000  -45.0000 7005.1846   22.5511
    7.5000  -45.0000  -45.0000 6717.0132   22.5993
   -7.5000  -37.5000  -45.0000 7287.5693   21.9996
    0.0000  -37.5000  -45.0000 7554.6729   22.0336
    7.5000  -37.5000  -45.0000 7236.9849   22.0720
   -7.5000  -30.0000  -45.0000 8154.1128   21.7053
    0.0000  -30.0000  -45.0000 8462.0635   21.7378
    7.5000  -30.0000  -45.0000 8084.0771   21.7658
   -7.5000  -22.5000  -45.0000 9111.2090   21.6991
    0.0000  -22.5000  -45.0000 9466.8018   21.7297
    7.5000  -22.5000  -45.0000 9021.7568   21.7568
   -7.5000  -15.0000  -45.0000 9982.1377   21.6954
    0.0000  -15.0000  -45.000010370.4600   21.7250
    7.5000  -15.0000  -45.0000 9887.4941   21.7597
   -7.5000   -7.5000  -45.000010860.0615   21.6750
    0.0000   -7.5000  -45.000011303.1377   21.7053
    7.5000   -7.5000  -45.000010738.8965   21.7466
   -7.5000    0.0000  -45.000011605.1436   21.6558
    0.0000    0.0000  -45.000012096.0508   21.6876
    7.5000    0.0000  -45.000011467.5254   21.7307
   -7.5000    7.5000  -45.000011459.7646   21.6598
    0.0000    7.5000  -45.000011971.9600   21.6929
    7.5000    7.5000  -45.000011328.6240   21.7300
   -7.5000   15.0000  -45.000011258.5967   21.6824
    0.0000   15.0000  -45.000011759.6738   21.7150
    7.5000   15.0000  -45.000011118.9199   21.7429
   -7.5000   22.5000  -45.000011004.2188   21.6958
    0.0000   22.5000  -45.000011483.0273   21.7263
    7.5000   22.5000  -45.000010841.3994   21.7534
   -7.5000   30.0000  -45.000010440.8086   21.4062
    0.0000   30.0000  -45.000010882.0527   21.4355
    7.5000   30.0000  -45.000010273.2529   21.4697
   -7.5000   37.5000  -45.000010212.7295   21.3862
    0.0000   37.5000  -45.000010610.5195   21.4161
    7.5000   37.5000  -45.000010004.1064   21.4568
   -7.5000   45.0000  -45.0000 9644.7959   20.8246
    0.0000   45.0000  -45.000010015.4697   20.8552
    7.5000   45.0000  -45.0000 9437.7168   20.8967
   -7.5000  -45.0000  -37.5000 7015.9565   22.4997
    0.0000  -45.0000  -37.5000 7263.8091   22.5278
    7.5000  -45.0000  -37.5000 6945.6909   22.5726
   -7.5000  -37.5000  -37.5000 7615.8120   21.9962
    0.0000  -37.5000  -37.5000 7895.5425   22.0255
    7.5000  -37.5000  -37.5000 7519.1558   22.0596
   -7.5000  -30.0000  -37.5000 8563.8027   21.7185
    0.0000  -30.0000  -37.5000 8899.8828   21.7491
    7.5000  -30.0000  -37.5000 8444.8848   21.7715
   -7.5000  -22.5000  -37.5000 9561.5293   21.7141
    0.0000  -22.5000  -37.5000 9929.5850   21.7454
    7.5000  -22.5000  -37.5000 9426.0771   21.7667
   -7.5000  -15.0000  -37.500010473.3193   21.6969
    0.0000  -15.0000  -37.500010868.9482   21.7270
    7.5000  -15.0000  -37.500010330.0088   21.7561
   -7.5000   -7.5000  -37.500011380.3379   21.6621
    0.0000   -7.5000  -37.500011831.9072   21.6899
    7.5000   -7.5000  -37.500011215.8115   21.7270
   -7.5000    0.0000  -37.500012175.1992   21.6398
    0.0000    0.0000  -37.500012676.8252   21.6666
    7.5000    0.0000  -37.500012002.9238   21.7065
   -7.5000    7.5000  -37.500012011.5635   21.6564
    0.0000    7.5000  -37.500012537.3867   21.6848
    7.5000    7.5000  -37.500011839.4971   21.7178
   -7.5000   15.0000  -37.500011786.4941   21.6957
    0.0000   15.0000  -37.500012325.4717   21.7263
    7.5000   15.0000  -37.500011613.2139   21.7486
   -7.5000   22.5000  -37.500011505.0742   21.7108
    0.0000   22.5000  -37.500012019.2002   21.7421
    7.5000   22.5000  -37.500011301.3682   21.7633
   -7.5000   30.0000  -37.500010937.6914   21.4078
    0.0000   30.0000  -37.500011411.3848   21.4374
    7.5000   30.0000  -37.500010712.0146   21.4662
   -7.5000   37.5000  -37.500010664.9121   21.3735
    0.0000   37.5000  -37.500011100.9375   21.4009
    7.5000   37.5000  -37.500010420.8408   21.4375
   -7.5000   45.0000  -37.500010074.6885   20.8092
    0.0000   45.0000  -37.500010467.7803   20.8351
    7.5000   45.0000  -37.5000 9831.2119   20.8734
   -7.5000  -45.0000  -30.0000 7405.8237   23.4441
    0.0000  -45.0000  -30.0000 7678.6401   23.4734
    7.5000  -45.0000  -30.0000 7308.5122   23.5145
   -7.5000  -37.5000  -30.0000 8076.3442   22.9255
    0.0000  -37.5000  -30.0000 8382.9971   22.9567
    7.5000  -37.5000  -30.0000 7946.0596   22.9893
   -7.5000  -30.0000  -30.0000 9099.7119   22.6425
    0.0000  -30.0000  -30.0000 9465.5928   22.6761
    7.5000  -30.0000  -30.0000 8968.2480   22.6971
   -7.5000  -22.5000  -30.000010147.4980   22.6382
    0.0000  -22.5000  -30.000010576.1699   22.6730
    7.5000  -22.5000  -30.000010016.0303   22.6911
   -7.5000  -15.0000  -30.000011121.6357   22.6144
    0.0000  -15.0000  -30.000011584.7490   22.6472
    7.5000  -15.0000  -30.000010980.2686   22.6711
   -7.5000   -7.5000  -30.000012091.2451   22.5717
    0.0000   -7.5000  -30.000012598.0430   22.6012
    7.5000   -7.5000  -30.000011916.3232   22.6326
   -7.5000    0.0000  -30.000012913.0479   22.5478
    0.0000    0.0000  -30.000013459.6924   22.5760
    7.5000    0.0000  -30.000012724.4014   22.6122
   -7.5000    7.5000  -30.000012722.4248   22.5715
    0.0000    7.5000  -30.000013264.9883   22.6018
    7.5000    7.5000  -30.000012516.8574   22.6332
   -7.5000   15.0000  -30.000012496.1465   22.6188
    0.0000   15.0000  -30.000013074.4922   22.6524
    7.5000   15.0000  -30.000012294.6963   22.6733
   -7.5000   22.5000  -30.000012211.3867   22.6324
    0.0000   22.5000  -30.000012797.2822   22.6672
    7.5000   22.5000  -30.000012016.7402   22.6853
   -7.5000   30.0000  -30.000011634.4795   22.3152
    0.0000   30.0000  -30.000012181.8301   22.3476
    7.5000   30.0000  -30.000011422.4688   22.3710
   -7.5000   37.5000  -30.000011312.3066   22.2730
    0.0000   37.5000  -30.000011824.4287   22.3021
    7.5000   37.5000  -30.000011097.3994   22.3332
   -7.5000   45.0000  -30.000010629.2949   21.6984
    0.0000   45.0000  -30.000011071.6904   21.7255
    7.5000   45.0000  -30.000010394.1045   21.7603
   -7.5000  -45.0000  -22.5000 7823.9116   24.2707
    0.0000  -45.0000  -22.5000 8127.1104   24.3066
    7.5000  -45.0000  -22.5000 7716.5894   24.3468
   -7.5000  -37.5000  -22.5000 8525.7188   23.7234
    0.0000  -37.5000  -22.5000 8857.7725   23.7614
    7.5000  -37.5000  -22.5000 8407.1475   23.7970
   -7.5000  -30.0000  -22.5000 9582.2529   23.4164
    0.0000  -30.0000  -22.5000 9970.0830   23.4546
    7.5000  -30.0000  -22.5000 9461.3027   23.4814
   -7.5000  -22.5000  -22.500010684.9570   23.4087
    0.0000  -22.5000  -22.500011109.6982   23.4459
    7.5000  -22.5000  -22.500010554.4180   23.4683
   -7.5000  -15.0000  -22.500011734.9883   23.3936
    0.0000  -15.0000  -22.500012217.4570   23.4288
    7.5000  -15.0000  -22.500011600.9727   23.4534
   -7.5000   -7.5000  -22.500012782.7119   23.3611
    0.0000   -7.5000  -22.500013307.7695   23.3949
    7.5000   -7.5000  -22.500012603.8828   23.4245
   -7.5000    0.0000  -22.500013660.9551   23.3410
    0.0000    0.0000  -22.500014249.6807   23.3755
    7.5000    0.0000  -22.500013465.2334   23.4108
   -7.5000    7.5000  -22.500013427.0303   23.3573
    0.0000    7.5000  -22.500014015.4229   23.3941
    7.5000    7.5000  -22.500013232.3174   23.4285
   -7.5000   15.0000  -22.500013182.8135   23.3920
    0.0000   15.0000  -22.500013765.8477   23.4302
    7.5000   15.0000  -22.500012997.5791   23.4568
   -7.5000   22.5000  -22.500012914.3828   23.4011
    0.0000   22.5000  -22.500013510.2119   23.4383
    7.5000   22.5000  -22.500012740.9756   23.4606
   -7.5000   30.0000  -22.500012343.1045   23.0876
    0.0000   30.0000  -22.500012917.6904   23.1223
    7.5000   30.0000  -22.500012158.9707   23.1466
   -7.5000   37.5000  -22.500011977.4746   23.0555
    0.0000   37.5000  -22.500012529.2900   23.0888
    7.5000   37.5000  -22.500011808.1689   23.1181
   -7.5000   45.0000  -22.500011214.3545   22.4785
    0.0000   45.0000  -22.500011695.6211   22.5117
    7.5000   45.0000  -22.500011005.9297   22.5457
   -7.5000  -45.0000  -15.0000 8179.1572   24.8761
    0.0000  -45.0000  -15.0000 8481.6475   24.9187
    7.5000  -45.0000  -15.0000 8070.6470   24.9627
   -7.5000  -37.5000  -15.0000 8893.4619   24.2988
    0.0000  -37.5000  -15.0000 9235.9600   24.3424
    7.5000  -37.5000  -15.0000 8789.9521   24.3838
   -7.5000  -30.0000  -15.0000 9970.4619   23.9643
    0.0000  -30.0000  -15.000010370.1572   24.0053
    7.5000  -30.0000  -15.0000 9837.7812   24.0400
   -7.5000  -22.5000  -15.000011149.4561   23.9536
    0.0000  -22.5000  -15.000011578.5059   23.9911
    7.5000  -22.5000  -15.000011005.0029   24.0216
   -7.5000  -15.0000  -15.000012296.4629   23.9537
    0.0000  -15.0000  -15.000012785.6514   23.9898
    7.5000  -15.0000  -15.000012140.9697   24.0213
   -7.5000   -7.5000  -15.000013425.8252   23.9378
    0.0000   -7.5000  -15.000013947.6611   23.9755
    7.5000   -7.5000  -15.000013240.9873   24.0099
   -7.5000    0.0000  -15.000014429.3193   23.9218
    0.0000    0.0000  -15.000015059.1328   23.9623
    7.5000    0.0000  -15.000014231.8789   24.0012
   -7.5000    7.5000  -15.000014189.7959   23.9238
    0.0000    7.5000  -15.000014837.6045   23.9662
    7.5000    7.5000  -15.000014058.7725   24.0062
   -7.5000   15.0000  -15.000013861.9619   23.9393
    0.0000   15.0000  -15.000014464.4619   23.9804
    7.5000   15.0000  -15.000013770.2373   24.0148
   -7.5000   22.5000  -15.000013573.5322   23.9447
    0.0000   22.5000  -15.000014209.5996   23.9822
    7.5000   22.5000  -15.000013503.6982   24.0127
   -7.5000   30.0000  -15.000012954.4785   23.6437
    0.0000   30.0000  -15.000013591.3145   23.6793
    7.5000   30.0000  -15.000012905.5195   23.7104
   -7.5000   37.5000  -15.000012601.4141   23.6280
    0.0000   37.5000  -15.000013206.2061   23.6652
    7.5000   37.5000  -15.000012523.4473   23.6992
   -7.5000   45.0000  -15.000011795.9355   23.0517
    0.0000   45.0000  -15.000012359.0674   23.0909
    7.5000   45.0000  -15.000011659.7266   23.1283
   -7.5000  -45.0000   -7.5000 8548.7188   25.1672
    0.0000  -45.0000   -7.5000 8852.8018   25.2106
    7.5000  -45.0000   -7.5000 8436.1621   25.2613
   -7.5000  -37.5000   -7.5000 9272.7461   24.5779
    0.0000  -37.5000   -7.5000 9606.7920   24.6217
    7.5000  -37.5000   -7.5000 9151.8857   24.6663
   -7.5000  -30.0000   -7.500010342.3311   24.2359
    0.0000  -30.0000   -7.500010720.2656   24.2758
    7.5000  -30.0000   -7.500010188.0137   24.3121
   -7.5000  -22.5000   -7.500011544.9141   24.2264
    0.0000  -22.5000   -7.500011983.0459   24.2622
    7.5000  -22.5000   -7.500011376.7666   24.2959
   -7.5000  -15.0000   -7.500012762.6396   24.2317
    0.0000  -15.0000   -7.500013263.4180   24.2666
    7.5000  -15.0000   -7.500012558.9043   24.3046
   -7.5000   -7.5000   -7.500014012.4434   24.2197
    0.0000   -7.5000   -7.500014566.4199   24.2573
    7.5000   -7.5000   -7.500013781.8945   24.2998
   -7.5000    0.0000   -7.500015202.6494   24.2022
    0.0000    0.0000   -7.500015938.5615   24.2433
    7.5000    0.0000   -7.500015030.8477   24.2885
   -7.5000    7.5000   -7.500015115.9180   24.1985
    0.0000    7.5000   -7.500015987.2568   24.2411
    7.5000    7.5000   -7.500015161.0781   24.2842
   -7.5000   15.0000   -7.500014696.3652   24.2105
    0.0000   15.0000   -7.500015475.0371   24.2505
    7.5000   15.0000   -7.500014871.4424   24.2865
   -7.5000   22.5000   -7.500014326.1387   24.2148
    0.0000   22.5000   -7.500014983.5010   24.2506
    7.5000   22.5000   -7.500014477.7490   24.2842
   -7.5000   30.0000   -7.500013699.9248   23.9174
    0.0000   30.0000   -7.500014317.4639   23.9519
    7.5000   30.0000   -7.500013758.8066   23.9894
   -7.5000   37.5000   -7.500013417.5049   23.9056
    0.0000   37.5000   -7.500014050.2158   23.9427
    7.5000   37.5000   -7.500013337.5098   23.9847
   -7.5000   45.0000   -7.500012533.7705   23.3263
    0.0000   45.0000   -7.500013137.2266   23.3660
    7.5000   45.0000   -7.500012332.0957   23.4095
   -7.5000  -45.0000    0.0000 8754.3486   25.1974
    0.0000  -45.0000    0.0000 9056.5205   25.2350
    7.5000  -45.0000    0.0000 8608.8701   25.2888
   -7.5000  -37.5000    0.0000 9531.9414   24.6178
    0.0000  -37.5000    0.0000 9897.0615   24.6559
    7.5000  -37.5000    0.0000 9396.2910   24.6988
   -7.5000  -30.0000    0.000010608.4004   24.2884
    0.0000  -30.0000    0.000011032.7520   24.3248
    7.5000  -30.0000    0.000010467.4766   24.3561
   -7.5000  -22.5000    0.000011827.0732   24.2815
    0.0000  -22.5000    0.000012329.6680   24.3157
    7.5000  -22.5000    0.000011688.5156   24.3460
   -7.5000  -15.0000    0.000013071.6670   24.2773
    0.0000  -15.0000    0.000013593.4180   24.3105
    7.5000  -15.0000    0.000012922.5527   24.3493
   -7.5000   -7.5000    0.000014387.5732   24.2546
    0.0000   -7.5000    0.000014969.7305   24.2885
    7.5000   -7.5000    0.000014274.2930   24.3347
   -7.5000    0.0000    0.000015796.8594   24.2331
    0.0000    0.0000    0.000016720.1406   24.2687
    7.5000    0.0000    0.000015817.7217   24.3169
   -7.5000    7.5000    0.000016046.4512   24.2376
    0.0000    7.5000    0.000017122.1035   24.2746
    7.5000    7.5000    0.000016228.9990   24.3161
   -7.5000   15.0000    0.000015760.0977   24.2628
    0.0000   15.0000    0.000016562.3008   24.2993
    7.5000   15.0000    0.000015876.7295   24.3304
   -7.5000   22.5000    0.000015346.9443   24.2699
    0.0000   22.5000    0.000015967.4521   24.3040
    7.5000   22.5000    0.000015275.4170   24.3343
   -7.5000   30.0000    0.000014571.3877   23.9631
    0.0000   30.0000    0.000015169.5449   23.9959
    7.5000   30.0000    0.000014400.9756   24.0341
   -7.5000   37.5000    0.000014208.2002   23.9407
    0.0000   37.5000    0.000014855.3994   23.9742
    7.5000   37.5000    0.000013934.9727   24.0198
   -7.5000   45.0000    0.000013146.1602   23.3579
    0.0000   45.0000    0.000013748.9756   23.3922
    7.5000   45.0000    0.000012836.7432   23.4387
   -7.5000  -45.0000    7.5000 8298.4795   25.1778
    0.0000  -45.0000    7.5000 8588.3076   25.2092
    7.5000  -45.0000    7.5000 8166.1729   25.2594
   -7.5000  -37.5000    7.5000 9046.4219   24.6144
    0.0000  -37.5000    7.5000 9408.2197   24.6471
    7.5000  -37.5000    7.5000 8952.6816   24.6853
   -7.5000  -30.0000    7.500010093.9844   24.3036
    0.0000  -30.0000    7.500010517.8223   24.3378
    7.5000  -30.0000    7.500010024.8730   24.3629
   -7.5000  -22.5000    7.500011298.4932   24.2987
    0.0000  -22.5000    7.500011765.7900   24.3337
    7.5000  -22.5000    7.500011236.6533   24.3575
   -7.5000  -15.0000    7.500012535.7305   24.2795
    0.0000  -15.0000    7.500013065.6455   24.3131
    7.5000  -15.0000    7.500012469.2812   24.3457
   -7.5000   -7.5000    7.500013873.7461   24.2405
    0.0000   -7.5000    7.500014499.2168   24.2716
    7.5000   -7.5000    7.500013832.8662   24.3131
   -7.5000    0.0000    7.500015211.9795   24.2155
    0.0000    0.0000    7.500016062.1367   24.2455
    7.5000    0.0000    7.500015243.0703   24.2902
   -7.5000    7.5000    7.500015324.1885   24.2341
    0.0000    7.5000    7.500016204.4121   24.2659
    7.5000    7.5000    7.500015322.5020   24.3028
   -7.5000   15.0000    7.500015048.9531   24.2780
    0.0000   15.0000    7.500015793.1045   24.3123
    7.5000   15.0000    7.500014863.6133   24.3373
   -7.5000   22.5000    7.500014668.4609   24.2871
    0.0000   22.5000    7.500015405.9971   24.3221
    7.5000   22.5000    7.500014423.9727   24.3458
   -7.5000   30.0000    7.500013910.5576   23.9652
    0.0000   30.0000    7.500014672.4189   23.9984
    7.5000   30.0000    7.500013697.7061   24.0306
   -7.5000   37.5000    7.500013511.0176   23.9268
    0.0000   37.5000    7.500014270.0449   23.9575
    7.5000   37.5000    7.500013294.4180   23.9985
   -7.5000   45.0000    7.500012468.4131   23.3409
    0.0000   45.0000    7.500013140.3896   23.3699
    7.5000   45.0000    7.500012261.0693   23.4130
   -7.5000  -45.0000   15.0000 7744.2534   25.1803
    0.0000  -45.0000   15.0000 8012.9268   25.2118
    7.5000  -45.0000   15.0000 7671.5103   25.2559
   -7.5000  -37.5000   15.0000 8494.0811   24.6233
    0.0000  -37.5000   15.0000 8853.3545   24.6568
    7.5000  -37.5000   15.0000 8448.5850   24.6918
   -7.5000  -30.0000   15.0000 9598.9736   24.3192
    0.0000  -30.0000   15.000010054.3164   24.3553
    7.5000  -30.0000   15.0000 9556.1865   24.3779
   -7.5000  -22.5000   15.000010788.8809   24.3146
    0.0000  -22.5000   15.000011344.3496   24.3520
    7.5000  -22.5000   15.000010729.5928   24.3714
   -7.5000  -15.0000   15.000011948.4170   24.2889
    0.0000  -15.0000   15.000012529.4756   24.3242
    7.5000  -15.0000   15.000011852.0615   24.3498
   -7.5000   -7.5000   15.000013136.9375   24.2430
    0.0000   -7.5000   15.000013774.5498   24.2747
    7.5000   -7.5000   15.000013070.2637   24.3085
   -7.5000    0.0000   15.000014193.3564   24.2175
    0.0000    0.0000   15.000014943.3184   24.2478
    7.5000    0.0000   15.000014195.6182   24.2866
   -7.5000    7.5000   15.000014132.7529   24.2429
    0.0000    7.5000   15.000014758.5654   24.2755
    7.5000    7.5000   15.000014032.1104   24.3092
   -7.5000   15.0000   15.000013792.3730   24.2938
    0.0000   15.0000   15.000014355.4648   24.3299
    7.5000   15.0000   15.000013612.9932   24.3523
   -7.5000   22.5000   15.000013448.4346   24.3029
    0.0000   22.5000   15.000014090.1875   24.3404
    7.5000   22.5000   15.000013334.7988   24.3598
   -7.5000   30.0000   15.000012856.3291   23.9746
    0.0000   30.0000   15.000013553.0420   24.0094
    7.5000   30.0000   15.000012788.5322   24.0346
   -7.5000   37.5000   15.000012590.3223   23.9293
    0.0000   37.5000   15.000013301.4639   23.9605
    7.5000   37.5000   15.000012511.0938   23.9939
   -7.5000   45.0000   15.000011704.1123   23.3429
    0.0000   45.0000   15.000012355.6240   23.3720
    7.5000   45.0000   15.000011599.3926   23.4095
   -7.5000  -45.0000   22.5000 7141.6177   25.4104
    0.0000  -45.0000   22.5000 7474.1982   25.4492
    7.5000  -45.0000   22.5000 7092.0000   25.4912
   -7.5000  -37.5000   22.5000 7883.7876   24.8330
    0.0000  -37.5000   22.5000 8311.1377   24.8740
    7.5000  -37.5000   22.5000 7836.9351   24.9113
   -7.5000  -30.0000   22.5000 8956.2588   24.5088
    0.0000  -30.0000   22.5000 9450.3398   24.5501
    7.5000  -30.0000   22.5000 8888.7148   24.5782
   -7.5000  -22.5000   22.500010030.3545   24.5006
    0.0000  -22.5000   22.500010552.7812   24.5408
    7.5000  -22.5000   22.5000 9948.1104   24.5642
   -7.5000  -15.0000   22.500011031.2246   24.4846
    0.0000  -15.0000   22.500011597.7305   24.5226
    7.5000  -15.0000   22.500010979.4082   24.5482
   -7.5000   -7.5000   22.500012062.9326   24.4504
    0.0000   -7.5000   22.500012682.9150   24.4868
    7.5000   -7.5000   22.500012050.7305   24.5178
   -7.5000    0.0000   22.500013011.1064   24.4294
    0.0000    0.0000   22.500013681.5264   24.4666
    7.5000    0.0000   22.500013032.0498   24.5034
   -7.5000    7.5000   22.500012923.2285   24.4466
    0.0000    7.5000   22.500013486.2568   24.4863
    7.5000    7.5000   22.500012864.9482   24.5224
   -7.5000   15.0000   22.500012627.2666   24.4831
    0.0000   15.0000   22.500013149.6934   24.5243
    7.5000   15.0000   22.500012550.8848   24.5522
   -7.5000   22.5000   22.500012305.6260   24.4889
    0.0000   22.5000   22.500012865.6543   24.5290
    7.5000   22.5000   22.500012288.8545   24.5524
   -7.5000   30.0000   22.500011792.6982   24.1677
    0.0000   30.0000   22.500012340.3438   24.2052
    7.5000   30.0000   22.500011802.0225   24.2305
   -7.5000   37.5000   22.500011622.2090   24.1339
    0.0000   37.5000   22.500012197.5449   24.1699
    7.5000   37.5000   22.500011627.3672   24.2005
   -7.5000   45.0000   22.500010880.9521   23.5471
    0.0000   45.0000   22.500011455.7168   23.5830
    7.5000   45.0000   22.500010859.7393   23.6185
   -7.5000  -45.0000   30.0000 6501.2310   25.9918
    0.0000  -45.0000   30.0000 6832.8447   26.0378
    7.5000  -45.0000   30.0000 6455.5825   26.0849
   -7.5000  -37.5000   30.0000 7188.6240   25.3710
    0.0000  -37.5000   30.0000 7577.7822   25.4181
    7.5000  -37.5000   30.0000 7142.7266   25.4626
   -7.5000  -30.0000   30.0000 8147.5347   25.0111
    0.0000  -30.0000   30.0000 8576.2285   25.0552
    7.5000  -30.0000   30.0000 8091.2559   25.0925
   -7.5000  -22.5000   30.0000 9123.2031   24.9995
    0.0000  -22.5000   30.0000 9559.2900   25.0396
    7.5000  -22.5000   30.0000 9059.7471   25.0723
   -7.5000  -15.0000   30.000010085.1963   24.9999
    0.0000  -15.0000   30.000010557.4658   25.0384
    7.5000  -15.0000   30.000010027.8086   25.0721
   -7.5000   -7.5000   30.000011059.9639   24.9832
    0.0000   -7.5000   30.000011579.8945   25.0236
    7.5000   -7.5000   30.000011025.0381   25.0603
   -7.5000    0.0000   30.000011908.2666   24.9661
    0.0000    0.0000   30.000012492.4375   25.0097
    7.5000    0.0000   30.000011894.9980   25.0513
   -7.5000    7.5000   30.000011843.4863   24.9680
    0.0000    7.5000   30.000012363.4629   25.0137
    7.5000    7.5000   30.000011791.3076   25.0566
   -7.5000   15.0000   30.000011587.9326   24.9842
    0.0000   15.0000   30.000012069.7598   25.0284
    7.5000   15.0000   30.000011522.3418   25.0654
   -7.5000   22.5000   30.000011264.7256   24.9876
    0.0000   22.5000   30.000011756.8047   25.0276
    7.5000   22.5000   30.000011232.7246   25.0603
   -7.5000   30.0000   30.000010812.1348   24.6763
    0.0000   30.0000   30.000011298.4854   24.7143
    7.5000   30.0000   30.000010826.6816   24.7476
   -7.5000   37.5000   30.000010686.9287   24.6598
    0.0000   37.5000   30.000011204.0293   24.6997
    7.5000   37.5000   30.000010701.1514   24.7360
   -7.5000   45.0000   30.000010040.2188   24.0644
    0.0000   45.0000   30.000010537.4199   24.1065
    7.5000   45.0000   30.000010032.5469   24.1465
   -7.5000  -45.0000   37.5000 6194.5220   27.0228
    0.0000  -45.0000   37.5000 6460.7915   27.0735
    7.5000  -45.0000   37.5000 6130.8677   27.1265
   -7.5000  -37.5000   37.5000 6849.0366   26.3508
    0.0000  -37.5000   37.5000 7158.5991   26.4016
    7.5000  -37.5000   37.5000 6785.2549   26.4472
   -7.5000  -30.0000   37.5000 7779.7119   25.9611
    0.0000  -30.0000   37.5000 8100.0654   26.0073
    7.5000  -30.0000   37.5000 7686.5278   26.0433
   -7.5000  -22.5000   37.5000 8745.6240   25.9487
    0.0000  -22.5000   37.5000 9094.2812   25.9903
    7.5000  -22.5000   37.5000 8631.8887   26.0237
   -7.5000  -15.0000   37.5000 9666.6963   25.9514
    0.0000  -15.0000   37.500010078.9053   25.9922
    7.5000  -15.0000   37.5000 9578.7100   26.0311
   -7.5000   -7.5000   37.500010596.2539   25.9358
    0.0000   -7.5000   37.500011064.0723   25.9798
    7.5000   -7.5000   37.500010537.5977   26.0240
   -7.5000    0.0000   37.500011453.9844   25.9169
    0.0000    0.0000   37.500011951.0029   25.9648
    7.5000    0.0000   37.500011379.0254   26.0116
   -7.5000    7.5000   37.500011393.5000   25.9161
    0.0000    7.5000   37.500011858.1621   25.9654
    7.5000    7.5000   37.500011285.4541   26.0093
   -7.5000   15.0000   37.500011120.3008   25.9320
    0.0000   15.0000   37.500011567.2676   25.9782
    7.5000   15.0000   37.500011022.2021   26.0140
   -7.5000   22.5000   37.500010785.0146   25.9363
    0.0000   22.5000   37.500011245.6357   25.9779
    7.5000   22.5000   37.500010735.1357   26.0112
   -7.5000   30.0000   37.500010391.2217   25.6156
    0.0000   30.0000   37.500010852.7471   25.6558
    7.5000   30.0000   37.500010386.6494   25.6942
   -7.5000   37.5000   37.500010308.4404   25.6002
    0.0000   37.5000   37.500010795.3848   25.6436
    7.5000   37.5000   37.500010328.8838   25.6872
   -7.5000   45.0000   37.5000 9707.2617   24.9809
    0.0000   45.0000   37.500010176.2930   25.0270
    7.5000   45.0000   37.5000 9700.9619   25.0722
   -7.5000  -45.0000   45.0000 5716.5894   28.3331
    0.0000  -45.0000   45.0000 5914.6479   28.3769
    7.5000  -45.0000   45.0000 5644.5796   28.4417
   -7.5000  -37.5000   45.0000 6334.3740   27.6185
    0.0000  -37.5000   45.0000 6558.1592   27.6622
    7.5000  -37.5000   45.0000 6264.3071   27.7127
   -7.5000  -30.0000   45.0000 7204.4087   27.2075
    0.0000  -30.0000   45.0000 7449.3828   27.2485
    7.5000  -30.0000   45.0000 7100.3267   27.2841
   -7.5000  -22.5000   45.0000 8083.2964   27.1809
    0.0000  -22.5000   45.0000 8380.2168   27.2192
    7.5000  -22.5000   45.0000 7970.8970   27.2536
   -7.5000  -15.0000   45.0000 8952.4043   27.1539
    0.0000  -15.0000   45.0000 9299.1865   27.1915
    7.5000  -15.0000   45.0000 8835.8115   27.2366
   -7.5000   -7.5000   45.0000 9840.0605   27.1249
    0.0000   -7.5000   45.000010251.9004   27.1638
    7.5000   -7.5000   45.0000 9732.3428   27.2188
   -7.5000    0.0000   45.000010652.1621   27.1141
    0.0000    0.0000   45.000011087.3867   27.1552
    7.5000    0.0000   45.000010545.7998   27.2126
   -7.5000    7.5000   45.000010588.4453   27.1379
    0.0000    7.5000   45.000011017.6113   27.1803
    7.5000    7.5000   45.000010484.9678   27.2289
   -7.5000   15.0000   45.000010322.9600   27.1752
    0.0000   15.0000   45.000010742.3613   27.2163
    7.5000   15.0000   45.000010241.0459   27.2517
   -7.5000   22.5000   45.000010005.0898   27.1677
    0.0000   22.5000   45.000010437.9775   27.2061
    7.5000   22.5000   45.0000 9969.8271   27.2403
   -7.5000   30.0000   45.0000 9660.5664   26.8001
    0.0000   30.0000   45.000010083.8096   26.8372
    7.5000   30.0000   45.0000 9639.0850   26.8817
   -7.5000   37.5000   45.0000 9611.7305   26.7715
    0.0000   37.5000   45.000010051.2373   26.8099
    7.5000   37.5000   45.0000 9614.3994   26.8642
   -7.5000   45.0000   45.0000 9073.3994   26.1467
    0.0000   45.0000   45.0000 9500.7178   26.1864
    7.5000   45.0000   45.0000 9066.4648   26.2417

---------------------------------------------------------------------
imgreg_4dfp /opt/freesurfer/average/711-2C_as_mni_average_305 /opt/freesurfer/average/711-2B_as_mni_average_305_mask talsrcimg_g11 none talsrcimg_to_711-2C_as_mni_average_305_t4 4355
---------------------------------------------------------------------

freesurfer imgreg_4dfp.c
/opt/freesurfer/average/711-2C_as_mni_average_305.4dfp.img
       256       256       256         1
  1.000000  1.000000  1.000000
orientation T byte_order littleendian
Reading image: /opt/freesurfer/average/711-2C_as_mni_average_305.4dfp.img
dimensions:      256       256       256
mmppix:       1.0000   -1.0000   -1.0000
center:     128.0000 -129.0000 -129.0000
/opt/freesurfer/average/711-2B_as_mni_average_305_mask.4dfp.img
       256       256       256         1
  1.000000  1.000000  1.000000
orientation T byte_order littleendian
Reading mask: /opt/freesurfer/average/711-2B_as_mni_average_305_mask.4dfp.img (2306576 pixels)
talsrcimg_g11.4dfp.img
       256       256       256         1
  1.000000  1.000000  1.000000
orientation T byte_order littleendian
Reading image: talsrcimg_g11.4dfp.img
dimensions:      256       256       256
mmppix:       1.0000   -1.0000   -1.0000
center:     128.0000 -129.0000 -129.0000
rotation matrix determinant  1.000000
image alignment mode   4355 decimal     1103 hex
   -7.5000  -37.5000  -45.0000 1921.1600   26.0054
    0.0000  -37.5000  -45.0000 1928.0516   26.0399
    7.5000  -37.5000  -45.0000 1906.7826   26.4196
   -7.5000  -30.0000  -45.0000 2049.8350   23.6097
    0.0000  -30.0000  -45.0000 2055.6467   23.6212
    7.5000  -30.0000  -45.0000 2031.0699   23.9312
   -7.5000  -22.5000  -45.0000 2165.1985   21.6307
    0.0000  -22.5000  -45.0000 2173.6438   21.6824
    7.5000  -22.5000  -45.0000 2147.0015   21.8807
   -7.5000  -15.0000  -45.0000 2247.7737   19.8970
    0.0000  -15.0000  -45.0000 2253.5801   19.9621
    7.5000  -15.0000  -45.0000 2230.5625   20.1726
   -7.5000   -7.5000  -45.0000 2322.8865   18.6620
    0.0000   -7.5000  -45.0000 2332.0393   18.7446
    7.5000   -7.5000  -45.0000 2300.2561   18.9189
   -7.5000    0.0000  -45.0000 2356.5225   17.9729
    0.0000    0.0000  -45.0000 2367.0369   18.0157
    7.5000    0.0000  -45.0000 2334.6670   18.1753
   -7.5000    7.5000  -45.0000 2377.9575   17.6981
    0.0000    7.5000  -45.0000 2396.0959   17.7685
    7.5000    7.5000  -45.0000 2364.9849   17.9375
   -7.5000   15.0000  -45.0000 2389.4268   17.9127
    0.0000   15.0000  -45.0000 2406.6121   17.9388
    7.5000   15.0000  -45.0000 2372.6521   18.1386
   -7.5000   22.5000  -45.0000 2393.0593   18.3249
    0.0000   22.5000  -45.0000 2405.4827   18.3362
    7.5000   22.5000  -45.0000 2373.0425   18.5158
   -7.5000   30.0000  -45.0000 2378.2588   19.0146
    0.0000   30.0000  -45.0000 2391.5264   19.0182
    7.5000   30.0000  -45.0000 2358.9055   19.2199
   -7.5000   37.5000  -45.0000 2344.1489   19.9685
    0.0000   37.5000  -45.0000 2358.8015   19.9542
    7.5000   37.5000  -45.0000 2325.3306   20.1900
   -7.5000   45.0000  -45.0000 2277.8125   21.2383
    0.0000   45.0000  -45.0000 2290.5032   21.2336
    7.5000   45.0000  -45.0000 2262.9114   21.4459
   -7.5000   52.5000  -45.0000 2166.3982   22.6818
    0.0000   52.5000  -45.0000 2178.4646   22.6563
    7.5000   52.5000  -45.0000 2149.4619   22.9557
   -7.5000  -37.5000  -37.5000 1975.5311   24.8887
    0.0000  -37.5000  -37.5000 1978.3658   24.9383
    7.5000  -37.5000  -37.5000 1950.7412   25.2813
   -7.5000  -30.0000  -37.5000 2114.3044   22.5943
    0.0000  -30.0000  -37.5000 2119.4004   22.6536
    7.5000  -30.0000  -37.5000 2086.2478   22.9021
   -7.5000  -22.5000  -37.5000 2231.3428   20.6499
    0.0000  -22.5000  -37.5000 2239.0063   20.7435
    7.5000  -22.5000  -37.5000 2208.2913   20.9293
   -7.5000  -15.0000  -37.5000 2321.3328   18.9842
    0.0000  -15.0000  -37.5000 2327.0471   19.0628
    7.5000  -15.0000  -37.5000 2298.6394   19.2486
   -7.5000   -7.5000  -37.5000 2397.5549   17.6534
    0.0000   -7.5000  -37.5000 2405.9155   17.7266
    7.5000   -7.5000  -37.5000 2372.5269   17.9060
   -7.5000    0.0000  -37.5000 2448.9871   16.8408
    0.0000    0.0000  -37.5000 2459.3687   16.8966
    7.5000    0.0000  -37.5000 2429.7048   17.0573
   -7.5000    7.5000  -37.5000 2477.5703   16.5541
    0.0000    7.5000  -37.5000 2488.4631   16.5824
    7.5000    7.5000  -37.5000 2456.5569   16.7346
   -7.5000   15.0000  -37.5000 2493.2695   16.7254
    0.0000   15.0000  -37.5000 2504.7021   16.7501
    7.5000   15.0000  -37.5000 2468.7520   16.9049
   -7.5000   22.5000  -37.5000 2491.3516   17.1448
    0.0000   22.5000  -37.5000 2505.2109   17.2054
    7.5000   22.5000  -37.5000 2470.3074   17.3335
   -7.5000   30.0000  -37.5000 2477.4871   17.7873
    0.0000   30.0000  -37.5000 2493.2661   17.8173
    7.5000   30.0000  -37.5000 2455.8679   17.9988
   -7.5000   37.5000  -37.5000 2440.0544   18.6386
    0.0000   37.5000  -37.5000 2455.4314   18.6574
    7.5000   37.5000  -37.5000 2415.3455   18.8196
   -7.5000   45.0000  -37.5000 2375.6340   19.7647
    0.0000   45.0000  -37.5000 2389.9739   19.7702
    7.5000   45.0000  -37.5000 2353.1880   19.9798
   -7.5000   52.5000  -37.5000 2258.7432   21.1270
    0.0000   52.5000  -37.5000 2277.2476   21.1103
    7.5000   52.5000  -37.5000 2242.7808   21.3767
   -7.5000  -37.5000  -30.0000 2060.2793   24.9064
    0.0000  -37.5000  -30.0000 2066.7932   24.9565
    7.5000  -37.5000  -30.0000 2037.2349   25.2906
   -7.5000  -30.0000  -30.0000 2203.6414   22.5232
    0.0000  -30.0000  -30.0000 2212.0334   22.6267
    7.5000  -30.0000  -30.0000 2178.5891   22.8807
   -7.5000  -22.5000  -30.0000 2324.9397   20.4686
    0.0000  -22.5000  -30.0000 2338.7542   20.5897
    7.5000  -22.5000  -30.0000 2303.5320   20.8381
   -7.5000  -15.0000  -30.0000 2423.9094   18.7248
    0.0000  -15.0000  -30.0000 2433.9143   18.8317
    7.5000  -15.0000  -30.0000 2403.3210   19.0858
   -7.5000   -7.5000  -30.0000 2504.7632   17.3708
    0.0000   -7.5000  -30.0000 2522.2312   17.4756
    7.5000   -7.5000  -30.0000 2486.1570   17.6858
   -7.5000    0.0000  -30.0000 2566.3892   16.4495
    0.0000    0.0000  -30.0000 2581.3416   16.5185
    7.5000    0.0000  -30.0000 2553.2607   16.7143
   -7.5000    7.5000  -30.0000 2599.0903   16.0186
    0.0000    7.5000  -30.0000 2610.6169   16.0877
    7.5000    7.5000  -30.0000 2584.5540   16.2588
   -7.5000   15.0000  -30.0000 2619.2021   16.1079
    0.0000   15.0000  -30.0000 2637.6614   16.1673
    7.5000   15.0000  -30.0000 2602.6062   16.3018
   -7.5000   22.5000  -30.0000 2627.0645   16.5651
    0.0000   22.5000  -30.0000 2651.2051   16.6288
    7.5000   22.5000  -30.0000 2608.8384   16.7639
   -7.5000   30.0000  -30.0000 2619.0146   17.2358
    0.0000   30.0000  -30.0000 2645.1321   17.2985
    7.5000   30.0000  -30.0000 2601.5757   17.4751
   -7.5000   37.5000  -30.0000 2579.2983   18.0552
    0.0000   37.5000  -30.0000 2601.7380   18.1032
    7.5000   37.5000  -30.0000 2565.7349   18.3102
   -7.5000   45.0000  -30.0000 2505.4624   19.1291
    0.0000   45.0000  -30.0000 2527.4050   19.1286
    7.5000   45.0000  -30.0000 2493.8237   19.4092
   -7.5000   52.5000  -30.0000 2386.0237   20.4401
    0.0000   52.5000  -30.0000 2404.2727   20.4295
    7.5000   52.5000  -30.0000 2375.3354   20.7079
   -7.5000  -37.5000  -22.5000 2115.7988   24.8034
    0.0000  -37.5000  -22.5000 2129.8420   24.9052
    7.5000  -37.5000  -22.5000 2099.6694   25.2757
   -7.5000  -30.0000  -22.5000 2252.7471   22.2918
    0.0000  -30.0000  -22.5000 2265.4329   22.3844
    7.5000  -30.0000  -22.5000 2238.7803   22.7142
   -7.5000  -22.5000  -22.5000 2372.5232   20.1646
    0.0000  -22.5000  -22.5000 2388.8477   20.2643
    7.5000  -22.5000  -22.5000 2363.9316   20.5997
   -7.5000  -15.0000  -22.5000 2481.3931   18.3879
    0.0000  -15.0000  -22.5000 2501.9478   18.4940
    7.5000  -15.0000  -22.5000 2474.0330   18.8315
   -7.5000   -7.5000  -22.5000 2572.2490   17.0281
    0.0000   -7.5000  -22.5000 2596.8701   17.0898
    7.5000   -7.5000  -22.5000 2562.3887   17.4261
   -7.5000    0.0000  -22.5000 2643.0161   16.0544
    0.0000    0.0000  -22.5000 2666.9478   16.1557
    7.5000    0.0000  -22.5000 2634.9268   16.4098
   -7.5000    7.5000  -22.5000 2687.0085   15.4450
    0.0000    7.5000  -22.5000 2712.7654   15.5380
    7.5000    7.5000  -22.5000 2674.2183   15.7843
   -7.5000   15.0000  -22.5000 2717.3645   15.3690
    0.0000   15.0000  -22.5000 2742.5566   15.4613
    7.5000   15.0000  -22.5000 2704.6250   15.6959
   -7.5000   22.5000  -22.5000 2735.6235   15.8396
    0.0000   22.5000  -22.5000 2763.9868   15.8952
    7.5000   22.5000  -22.5000 2732.0059   16.1349
   -7.5000   30.0000  -22.5000 2728.4709   16.5769
    0.0000   30.0000  -22.5000 2759.5327   16.6247
    7.5000   30.0000  -22.5000 2727.4346   16.8467
   -7.5000   37.5000  -22.5000 2683.8574   17.4047
    0.0000   37.5000  -22.5000 2709.7131   17.4589
    7.5000   37.5000  -22.5000 2687.6577   17.6954
   -7.5000   45.0000  -22.5000 2611.0381   18.4920
    0.0000   45.0000  -22.5000 2631.8914   18.4862
    7.5000   45.0000  -22.5000 2608.4602   18.7776
   -7.5000   52.5000  -22.5000 2482.8728   19.8005
    0.0000   52.5000  -22.5000 2503.6770   19.7569
    7.5000   52.5000  -22.5000 2480.5798   20.0634
   -7.5000  -37.5000  -15.0000 2129.9819   24.6636
    0.0000  -37.5000  -15.0000 2138.0256   24.7817
    7.5000  -37.5000  -15.0000 2115.9839   25.1738
   -7.5000  -30.0000  -15.0000 2256.6929   22.0106
    0.0000  -30.0000  -15.0000 2269.1975   22.1650
    7.5000  -30.0000  -15.0000 2242.0574   22.5345
   -7.5000  -22.5000  -15.0000 2381.9670   19.8833
    0.0000  -22.5000  -15.0000 2400.6323   20.0063
    7.5000  -22.5000  -15.0000 2372.1975   20.3849
   -7.5000  -15.0000  -15.0000 2496.1340   18.1510
    0.0000  -15.0000  -15.0000 2521.7202   18.2535
    7.5000  -15.0000  -15.0000 2489.4973   18.6544
   -7.5000   -7.5000  -15.0000 2591.7344   16.7812
    0.0000   -7.5000  -15.0000 2618.2771   16.8493
    7.5000   -7.5000  -15.0000 2586.6018   17.2615
   -7.5000    0.0000  -15.0000 2678.6050   15.7549
    0.0000    0.0000  -15.0000 2705.1899   15.8680
    7.5000    0.0000  -15.0000 2671.2258   16.2177
   -7.5000    7.5000  -15.0000 2731.2415   15.0391
    0.0000    7.5000  -15.0000 2767.7349   15.1546
    7.5000    7.5000  -15.0000 2727.0637   15.5284
   -7.5000   15.0000  -15.0000 2773.8123   14.8065
    0.0000   15.0000  -15.0000 2800.5442   14.8519
    7.5000   15.0000  -15.0000 2768.4119   15.2757
   -7.5000   22.5000  -15.0000 2802.6812   15.2423
    0.0000   22.5000  -15.0000 2833.6394   15.2599
    7.5000   22.5000  -15.0000 2802.7800   15.6560
   -7.5000   30.0000  -15.0000 2793.4429   15.9818
    0.0000   30.0000  -15.0000 2829.2861   16.0163
    7.5000   30.0000  -15.0000 2803.2158   16.3743
   -7.5000   37.5000  -15.0000 2748.4944   16.8657
    0.0000   37.5000  -15.0000 2779.5020   16.8414
    7.5000   37.5000  -15.0000 2760.6338   17.2395
   -7.5000   45.0000  -15.0000 2670.9492   17.9616
    0.0000   45.0000  -15.0000 2700.5073   17.9076
    7.5000   45.0000  -15.0000 2678.4277   18.2859
   -7.5000   52.5000  -15.0000 2537.7639   19.2348
    0.0000   52.5000  -15.0000 2559.3154   19.1921
    7.5000   52.5000  -15.0000 2540.0452   19.6083
   -7.5000  -37.5000   -7.5000 2121.0864   24.6961
    0.0000  -37.5000   -7.5000 2127.7507   24.6992
    7.5000  -37.5000   -7.5000 2108.0913   25.2641
   -7.5000  -30.0000   -7.5000 2231.2756   21.9498
    0.0000  -30.0000   -7.5000 2244.3879   21.9664
    7.5000  -30.0000   -7.5000 2223.4812   22.4652
   -7.5000  -22.5000   -7.5000 2361.9658   19.7727
    0.0000  -22.5000   -7.5000 2377.2517   19.8024
    7.5000  -22.5000   -7.5000 2351.6072   20.2619
   -7.5000  -15.0000   -7.5000 2480.1252   18.0107
    0.0000  -15.0000   -7.5000 2504.7075   18.0764
    7.5000  -15.0000   -7.5000 2469.4907   18.5312
   -7.5000   -7.5000   -7.5000 2581.9639   16.6681
    0.0000   -7.5000   -7.5000 2609.2593   16.7371
    7.5000   -7.5000   -7.5000 2573.1213   17.1459
   -7.5000    0.0000   -7.5000 2670.8376   15.6373
    0.0000    0.0000   -7.5000 2702.8386   15.7312
    7.5000    0.0000   -7.5000 2667.7117   16.1296
   -7.5000    7.5000   -7.5000 2749.9927   14.9942
    0.0000    7.5000   -7.5000 2792.3181   15.1132
    7.5000    7.5000   -7.5000 2760.4373   15.5642
   -7.5000   15.0000   -7.5000 2800.5981   14.6116
    0.0000   15.0000   -7.5000 2838.9216   14.6283
    7.5000   15.0000   -7.5000 2819.9993   15.2757
   -7.5000   22.5000   -7.5000 2841.2334   14.8889
    0.0000   22.5000   -7.5000 2881.4419   14.8960
    7.5000   22.5000   -7.5000 2859.3381   15.5292
   -7.5000   30.0000   -7.5000 2831.0227   15.6015
    0.0000   30.0000   -7.5000 2865.6790   15.5221
    7.5000   30.0000   -7.5000 2846.3801   16.0586
   -7.5000   37.5000   -7.5000 2785.9971   16.5375
    0.0000   37.5000   -7.5000 2819.2522   16.3887
    7.5000   37.5000   -7.5000 2790.2842   16.8231
   -7.5000   45.0000   -7.5000 2703.4336   17.6663
    0.0000   45.0000   -7.5000 2732.4751   17.5223
    7.5000   45.0000   -7.5000 2704.5037   17.8787
   -7.5000   52.5000   -7.5000 2568.6001   18.9770
    0.0000   52.5000   -7.5000 2586.1243   18.8477
    7.5000   52.5000   -7.5000 2563.7297   19.1860
   -7.5000  -37.5000    0.0000 2086.1760   25.1241
    0.0000  -37.5000    0.0000 2099.4021   25.1618
    7.5000  -37.5000    0.0000 2078.8108   25.7459
   -7.5000  -30.0000    0.0000 2191.4341   22.2940
    0.0000  -30.0000    0.0000 2209.9858   22.2990
    7.5000  -30.0000    0.0000 2185.1956   22.8544
   -7.5000  -22.5000    0.0000 2318.1606   19.9563
    0.0000  -22.5000    0.0000 2338.9121   19.9912
    7.5000  -22.5000    0.0000 2310.3486   20.5806
   -7.5000  -15.0000    0.0000 2439.0430   18.1651
    0.0000  -15.0000    0.0000 2459.5574   18.1830
    7.5000  -15.0000    0.0000 2430.6926   18.7787
   -7.5000   -7.5000    0.0000 2543.4456   16.7674
    0.0000   -7.5000    0.0000 2565.9248   16.7750
    7.5000   -7.5000    0.0000 2548.4919   17.3909
   -7.5000    0.0000    0.0000 2654.8901   15.8713
    0.0000    0.0000    0.0000 2675.7515   15.8803
    7.5000    0.0000    0.0000 2672.9795   16.4958
   -7.5000    7.5000    0.0000 2768.0679   15.4224
    0.0000    7.5000    0.0000 2805.0330   15.4876
    7.5000    7.5000    0.0000 2796.6182   16.0546
   -7.5000   15.0000    0.0000 2837.5046   15.0354
    0.0000   15.0000    0.0000 2894.9858   15.0826
    7.5000   15.0000    0.0000 2862.3806   15.6434
   -7.5000   22.5000    0.0000 2874.7847   15.0608
    0.0000   22.5000    0.0000 2911.0591   14.8900
    7.5000   22.5000    0.0000 2882.5046   15.5235
   -7.5000   30.0000    0.0000 2854.8176   15.5929
    0.0000   30.0000    0.0000 2884.9709   15.3580
    7.5000   30.0000    0.0000 2857.5374   15.8499
   -7.5000   37.5000    0.0000 2799.8904   16.4284
    0.0000   37.5000    0.0000 2834.5996   16.2393
    7.5000   37.5000    0.0000 2800.7007   16.6162
   -7.5000   45.0000    0.0000 2705.3359   17.5933
    0.0000   45.0000    0.0000 2731.6729   17.4849
    7.5000   45.0000    0.0000 2705.4753   17.7551
   -7.5000   52.5000    0.0000 2572.6199   18.9873
    0.0000   52.5000    0.0000 2591.2629   18.9099
    7.5000   52.5000    0.0000 2567.6296   19.1603
   -7.5000  -37.5000    7.5000 2046.2496   25.7812
    0.0000  -37.5000    7.5000 2063.5781   25.7951
    7.5000  -37.5000    7.5000 2047.5093   26.6589
   -7.5000  -30.0000    7.5000 2150.6907   22.7598
    0.0000  -30.0000    7.5000 2170.6506   22.7123
    7.5000  -30.0000    7.5000 2160.9387   23.6007
   -7.5000  -22.5000    7.5000 2279.5020   20.5860
    0.0000  -22.5000    7.5000 2295.1443   20.4933
    7.5000  -22.5000    7.5000 2292.3679   21.3653
   -7.5000  -15.0000    7.5000 2409.5940   18.9074
    0.0000  -15.0000    7.5000 2416.4666   18.7865
    7.5000  -15.0000    7.5000 2419.9026   19.5723
   -7.5000   -7.5000    7.5000 2541.1477   17.5336
    0.0000   -7.5000    7.5000 2553.7036   17.5433
    7.5000   -7.5000    7.5000 2558.3835   18.2291
   -7.5000    0.0000    7.5000 2664.6650   16.6323
    0.0000    0.0000    7.5000 2687.7810   16.6804
    7.5000    0.0000    7.5000 2685.0264   17.2761
   -7.5000    7.5000    7.5000 2761.3967   15.9838
    0.0000    7.5000    7.5000 2803.8386   16.0767
    7.5000    7.5000    7.5000 2788.6226   16.6374
   -7.5000   15.0000    7.5000 2830.0081   15.5576
    0.0000   15.0000    7.5000 2875.2075   15.4702
    7.5000   15.0000    7.5000 2842.8750   16.0434
   -7.5000   22.5000    7.5000 2876.5364   15.5669
    0.0000   22.5000    7.5000 2921.5498   15.4418
    7.5000   22.5000    7.5000 2877.8054   15.8377
   -7.5000   30.0000    7.5000 2852.7124   15.9121
    0.0000   30.0000    7.5000 2902.3921   15.9104
    7.5000   30.0000    7.5000 2859.8010   16.1761
   -7.5000   37.5000    7.5000 2792.9497   16.6868
    0.0000   37.5000    7.5000 2831.1223   16.6525
    7.5000   37.5000    7.5000 2792.6931   16.9388
   -7.5000   45.0000    7.5000 2690.1226   17.8508
    0.0000   45.0000    7.5000 2715.6128   17.8043
    7.5000   45.0000    7.5000 2688.8962   18.0356
   -7.5000   52.5000    7.5000 2554.6270   19.2457
    0.0000   52.5000    7.5000 2573.4871   19.1786
    7.5000   52.5000    7.5000 2553.9243   19.3992
   -7.5000  -37.5000   15.0000 2006.8336   27.1353
    0.0000  -37.5000   15.0000 2012.6738   27.1239
    7.5000  -37.5000   15.0000 2024.1763   28.1690
   -7.5000  -30.0000   15.0000 2133.8242   24.1209
    0.0000  -30.0000   15.0000 2146.9226   24.1259
    7.5000  -30.0000   15.0000 2151.7212   25.0224
   -7.5000  -22.5000   15.0000 2273.3640   21.8863
    0.0000  -22.5000   15.0000 2289.3909   21.9033
    7.5000  -22.5000   15.0000 2285.5361   22.6343
   -7.5000  -15.0000   15.0000 2402.9695   20.0400
    0.0000  -15.0000   15.0000 2417.2458   20.0848
    7.5000  -15.0000   15.0000 2412.2649   20.7442
   -7.5000   -7.5000   15.0000 2524.1912   18.4823
    0.0000   -7.5000   15.0000 2549.4185   18.5564
    7.5000   -7.5000   15.0000 2540.5159   19.1859
   -7.5000    0.0000   15.0000 2627.4238   17.3734
    0.0000    0.0000   15.0000 2655.2441   17.4066
    7.5000    0.0000   15.0000 2650.3298   18.0331
   -7.5000    7.5000   15.0000 2725.4971   16.5769
    0.0000    7.5000   15.0000 2762.1099   16.5315
    7.5000    7.5000   15.0000 2741.4851   17.1385
   -7.5000   15.0000   15.0000 2799.8162   16.0900
    0.0000   15.0000   15.0000 2832.1177   15.9096
    7.5000   15.0000   15.0000 2797.9656   16.4562
   -7.5000   22.5000   15.0000 2841.2876   16.0969
    0.0000   22.5000   15.0000 2880.2866   16.0072
    7.5000   22.5000   15.0000 2845.1272   16.3857
   -7.5000   30.0000   15.0000 2820.3577   16.5587
    0.0000   30.0000   15.0000 2864.6257   16.5474
    7.5000   30.0000   15.0000 2829.4958   16.8309
   -7.5000   37.5000   15.0000 2764.4675   17.3673
    0.0000   37.5000   15.0000 2804.4365   17.3873
    7.5000   37.5000   15.0000 2766.5830   17.6112
   -7.5000   45.0000   15.0000 2659.7764   18.4734
    0.0000   45.0000   15.0000 2689.8416   18.4820
    7.5000   45.0000   15.0000 2659.0139   18.6531
   -7.5000   52.5000   15.0000 2514.8716   19.7694
    0.0000   52.5000   15.0000 2546.0190   19.7452
    7.5000   52.5000   15.0000 2521.5579   19.9380
   -7.5000  -37.5000   22.5000 1983.0009   29.3074
    0.0000  -37.5000   22.5000 1998.5483   29.6011
    7.5000  -37.5000   22.5000 2000.3580   30.3950
   -7.5000  -30.0000   22.5000 2119.5671   25.9897
    0.0000  -30.0000   22.5000 2140.3306   26.2127
    7.5000  -30.0000   22.5000 2129.6428   26.8785
   -7.5000  -22.5000   22.5000 2250.6033   23.3741
    0.0000  -22.5000   22.5000 2272.2253   23.5195
    7.5000  -22.5000   22.5000 2258.8625   24.1280
   -7.5000  -15.0000   22.5000 2366.0205   21.1819
    0.0000  -15.0000   22.5000 2395.2280   21.3217
    7.5000  -15.0000   22.5000 2378.0510   21.9144
   -7.5000   -7.5000   22.5000 2481.6360   19.4843
    0.0000   -7.5000   22.5000 2514.3535   19.5388
    7.5000   -7.5000   22.5000 2494.8687   20.1917
   -7.5000    0.0000   22.5000 2589.7419   18.1892
    0.0000    0.0000   22.5000 2616.2297   18.1869
    7.5000    0.0000   22.5000 2598.7197   18.8237
   -7.5000    7.5000   22.5000 2684.2444   17.2842
    0.0000    7.5000   22.5000 2711.3557   17.1522
    7.5000    7.5000   22.5000 2687.7737   17.7514
   -7.5000   15.0000   22.5000 2744.6133   16.7764
    0.0000   15.0000   22.5000 2775.2383   16.6468
    7.5000   15.0000   22.5000 2748.1382   17.1425
   -7.5000   22.5000   22.5000 2775.1340   16.8038
    0.0000   22.5000   22.5000 2807.0110   16.7477
    7.5000   22.5000   22.5000 2782.2195   17.1349
   -7.5000   30.0000   22.5000 2758.2969   17.2503
    0.0000   30.0000   22.5000 2790.0142   17.2174
    7.5000   30.0000   22.5000 2765.6846   17.5782
   -7.5000   37.5000   22.5000 2705.4617   18.0994
    0.0000   37.5000   22.5000 2741.3643   18.0912
    7.5000   37.5000   22.5000 2707.6514   18.3706
   -7.5000   45.0000   22.5000 2610.9219   19.2491
    0.0000   45.0000   22.5000 2650.7766   19.2650
    7.5000   45.0000   22.5000 2611.6396   19.4830
   -7.5000   52.5000   22.5000 2474.1113   20.6070
    0.0000   52.5000   22.5000 2511.4534   20.5896
    7.5000   52.5000   22.5000 2484.1484   20.7703
   -7.5000  -37.5000   30.0000 1936.9175   31.6389
    0.0000  -37.5000   30.0000 1959.3384   32.0359
    7.5000  -37.5000   30.0000 1950.3959   32.7230
   -7.5000  -30.0000   30.0000 2076.9011   27.7523
    0.0000  -30.0000   30.0000 2097.9006   27.9806
    7.5000  -30.0000   30.0000 2082.2932   28.6334
   -7.5000  -22.5000   30.0000 2198.8628   24.8075
    0.0000  -22.5000   30.0000 2220.5535   24.9256
    7.5000  -22.5000   30.0000 2203.5120   25.5690
   -7.5000  -15.0000   30.0000 2320.7268   22.4860
    0.0000  -15.0000   30.0000 2342.1072   22.5228
    7.5000  -15.0000   30.0000 2324.2788   23.1501
   -7.5000   -7.5000   30.0000 2433.9814   20.6174
    0.0000   -7.5000   30.0000 2457.9011   20.6029
    7.5000   -7.5000   30.0000 2435.9094   21.2427
   -7.5000    0.0000   30.0000 2531.3484   19.1999
    0.0000    0.0000   30.0000 2559.0591   19.1040
    7.5000    0.0000   30.0000 2534.5540   19.7075
   -7.5000    7.5000   30.0000 2618.9609   18.2433
    0.0000    7.5000   30.0000 2646.9038   18.1028
    7.5000    7.5000   30.0000 2621.4268   18.6744
   -7.5000   15.0000   30.0000 2671.5569   17.7409
    0.0000   15.0000   30.0000 2696.2979   17.6481
    7.5000   15.0000   30.0000 2668.9062   18.1409
   -7.5000   22.5000   30.0000 2690.2737   17.7101
    0.0000   22.5000   30.0000 2714.1052   17.6708
    7.5000   22.5000   30.0000 2689.2256   18.0564
   -7.5000   30.0000   30.0000 2669.9268   18.1394
    0.0000   30.0000   30.0000 2700.3149   18.1169
    7.5000   30.0000   30.0000 2681.9197   18.4837
   -7.5000   37.5000   30.0000 2621.3904   18.9467
    0.0000   37.5000   30.0000 2656.7815   18.9195
    7.5000   37.5000   30.0000 2632.0977   19.2411
   -7.5000   45.0000   30.0000 2531.8340   20.1206
    0.0000   45.0000   30.0000 2574.9495   20.0970
    7.5000   45.0000   30.0000 2545.5203   20.3622
   -7.5000   52.5000   30.0000 2412.3403   21.4307
    0.0000   52.5000   30.0000 2441.1970   21.4431
    7.5000   52.5000   30.0000 2421.6406   21.6836
   -7.5000  -37.5000   37.5000 1884.4816   34.0304
    0.0000  -37.5000   37.5000 1897.1985   34.3035
    7.5000  -37.5000   37.5000 1887.4680   35.0496
   -7.5000  -30.0000   37.5000 2028.1764   29.6756
    0.0000  -30.0000   37.5000 2038.1757   29.8166
    7.5000  -30.0000   37.5000 2020.4324   30.5178
   -7.5000  -22.5000   37.5000 2150.1250   26.4723
    0.0000  -22.5000   37.5000 2164.2075   26.4454
    7.5000  -22.5000   37.5000 2142.1726   27.1158
   -7.5000  -15.0000   37.5000 2266.9302   23.9622
    0.0000  -15.0000   37.5000 2285.6768   23.8807
    7.5000  -15.0000   37.5000 2257.8716   24.4938
   -7.5000   -7.5000   37.5000 2374.1721   21.9634
    0.0000   -7.5000   37.5000 2396.2385   21.8815
    7.5000   -7.5000   37.5000 2368.9292   22.5153
   -7.5000    0.0000   37.5000 2468.6892   20.5106
    0.0000    0.0000   37.5000 2490.3452   20.3687
    7.5000    0.0000   37.5000 2463.5273   20.9878
   -7.5000    7.5000   37.5000 2547.5142   19.5266
    0.0000    7.5000   37.5000 2567.2778   19.4254
    7.5000    7.5000   37.5000 2539.5581   19.9440
   -7.5000   15.0000   37.5000 2589.1089   19.0157
    0.0000   15.0000   37.5000 2609.2390   18.9245
    7.5000   15.0000   37.5000 2579.7576   19.3808
   -7.5000   22.5000   37.5000 2595.7800   18.8923
    0.0000   22.5000   37.5000 2623.0874   18.8401
    7.5000   22.5000   37.5000 2596.7590   19.2215
   -7.5000   30.0000   37.5000 2577.5679   19.3176
    0.0000   30.0000   37.5000 2606.6812   19.2658
    7.5000   30.0000   37.5000 2587.3074   19.6326
   -7.5000   37.5000   37.5000 2531.4941   20.1315
    0.0000   37.5000   37.5000 2566.2092   20.0970
    7.5000   37.5000   37.5000 2549.2644   20.4362
   -7.5000   45.0000   37.5000 2450.8518   21.2272
    0.0000   45.0000   37.5000 2493.7285   21.1430
    7.5000   45.0000   37.5000 2467.7551   21.4648
   -7.5000   52.5000   37.5000 2334.2288   22.4800
    0.0000   52.5000   37.5000 2364.8521   22.3993
    7.5000   52.5000   37.5000 2345.6968   22.6738
   -7.5000  -37.5000   45.0000 1815.2195   36.6460
    0.0000  -37.5000   45.0000 1822.3022   36.6395
    7.5000  -37.5000   45.0000 1810.0090   37.6961
   -7.5000  -30.0000   45.0000 1962.8590   31.9306
    0.0000  -30.0000   45.0000 1969.7781   31.7963
    7.5000  -30.0000   45.0000 1947.7445   32.6484
   -7.5000  -22.5000   45.0000 2083.9255   28.4517
    0.0000  -22.5000   45.0000 2099.1348   28.3048
    7.5000  -22.5000   45.0000 2064.2090   28.9662
   -7.5000  -15.0000   45.0000 2197.2759   25.7265
    0.0000  -15.0000   45.0000 2213.7888   25.5684
    7.5000  -15.0000   45.0000 2178.7305   26.1926
   -7.5000   -7.5000   45.0000 2303.5183   23.6183
    0.0000   -7.5000   45.0000 2324.8181   23.4264
    7.5000   -7.5000   45.0000 2287.6643   24.0540
   -7.5000    0.0000   45.0000 2394.4692   22.0844
    0.0000    0.0000   45.0000 2417.0527   21.9336
    7.5000    0.0000   45.0000 2383.6865   22.4892
   -7.5000    7.5000   45.0000 2460.6025   21.0642
    0.0000    7.5000   45.0000 2478.8621   20.9912
    7.5000    7.5000   45.0000 2448.5125   21.4863
   -7.5000   15.0000   45.0000 2490.4668   20.5243
    0.0000   15.0000   45.0000 2509.6997   20.4515
    7.5000   15.0000   45.0000 2483.7136   20.8942
   -7.5000   22.5000   45.0000 2492.8040   20.4013
    0.0000   22.5000   45.0000 2521.7656   20.3705
    7.5000   22.5000   45.0000 2499.8030   20.7305
   -7.5000   30.0000   45.0000 2475.6313   20.7780
    0.0000   30.0000   45.0000 2505.8711   20.7560
    7.5000   30.0000   45.0000 2486.7598   21.0960
   -7.5000   37.5000   45.0000 2428.6589   21.6102
    0.0000   37.5000   45.0000 2461.1099   21.5760
    7.5000   37.5000   45.0000 2448.8105   21.9000
   -7.5000   45.0000   45.0000 2358.6484   22.6363
    0.0000   45.0000   45.0000 2394.2979   22.5383
    7.5000   45.0000   45.0000 2376.9104   22.8721
   -7.5000   52.5000   45.0000 2250.8691   23.8265
    0.0000   52.5000   45.0000 2278.3538   23.6740
    7.5000   52.5000   45.0000 2257.6970   23.9559

---------------------------------------------------------------------
imgreg_4dfp /opt/freesurfer/average/711-2C_as_mni_average_305 /opt/freesurfer/average/711-2B_as_mni_average_305_mask talsrcimg_g11 none talsrcimg_to_711-2C_as_mni_average_305_t4 1283
---------------------------------------------------------------------

freesurfer imgreg_4dfp.c
/opt/freesurfer/average/711-2C_as_mni_average_305.4dfp.img
       256       256       256         1
  1.000000  1.000000  1.000000
orientation T byte_order littleendian
Reading image: /opt/freesurfer/average/711-2C_as_mni_average_305.4dfp.img
dimensions:      256       256       256
mmppix:       1.0000   -1.0000   -1.0000
center:     128.0000 -129.0000 -129.0000
/opt/freesurfer/average/711-2B_as_mni_average_305_mask.4dfp.img
       256       256       256         1
  1.000000  1.000000  1.000000
orientation T byte_order littleendian
Reading mask: /opt/freesurfer/average/711-2B_as_mni_average_305_mask.4dfp.img (2306576 pixels)
talsrcimg_g11.4dfp.img
       256       256       256         1
  1.000000  1.000000  1.000000
orientation T byte_order littleendian
Reading image: talsrcimg_g11.4dfp.img
dimensions:      256       256       256
mmppix:       1.0000   -1.0000   -1.0000
center:     128.0000 -129.0000 -129.0000
rotation matrix determinant  1.000000
fimgreg.f
image alignment mode   1283 decimal      503 hex
parameters
    0.0000   22.5000    7.5000    0.0000    0.0000    0.0000
eta,q 0.91737 15.43871
niter,ni,del,rscale     5    3   12.0000    1.2000
parameter  3  1.719721 ->  0.500000 qaram    1.1500
parameter  4  1.307770 ->  0.500000 qaram    1.1500
parameters
    0.2366   22.3482    4.0500   -3.4500   -2.0818    0.7318
eta,q 0.92150 15.23353
  0.0970  0.0893  0.0809  0.0778  0.0811  0.0828
  0.0911  0.0870  0.0806  0.0790  0.0790  0.0808
  0.0877  0.0862  0.0838  0.0803  0.0787  0.0796
  0.0867  0.0862  0.0862  0.0817  0.0793  0.0787
  0.0866  0.0873  0.0884  0.0829  0.0810  0.0784
  0.0900  0.0876  0.0916  0.0852  0.0845  0.0794
  0.0956  0.0889  0.0955  0.0893  0.0884  0.0815
niter,ni,del,rscale     6    3   12.0000    1.2000
parameter  4  0.897116 ->  0.500000 qaram    1.3225
parameters
    0.8717   23.4787    3.4423   -7.4175   -2.4977    1.0044
eta,q 0.92451 15.19053
  0.0931  0.0821  0.0880  0.0758  0.0796  0.0804
  0.0855  0.0786  0.0823  0.0754  0.0775  0.0782
  0.0799  0.0791  0.0776  0.0758  0.0766  0.0766
  0.0785  0.0787  0.0782  0.0777  0.0754  0.0756
  0.0797  0.0781  0.0809  0.0806  0.0754  0.0755
  0.0829  0.0782  0.0858  0.0829  0.0777  0.0770
  0.0872  0.0798  0.0907  0.0858  0.0823  0.0802
niter,ni,del,rscale     6    3   12.0000    1.2000
parameters
    0.7474   24.6827    2.5718   -8.5950   -1.6931    0.4990
eta,q 0.92663 15.20040
  0.0874  0.0849  0.0846  0.0806  0.0796  0.0764
  0.0797  0.0782  0.0779  0.0743  0.0774  0.0747
  0.0753  0.0752  0.0741  0.0738  0.0758  0.0738
  0.0755  0.0754  0.0746  0.0740  0.0738  0.0733
  0.0778  0.0741  0.0780  0.0763  0.0730  0.0738
  0.0818  0.0754  0.0837  0.0797  0.0741  0.0752
  0.0867  0.0782  0.0889  0.0834  0.0784  0.0781
niter,ni,del,rscale     5    3   12.0000    1.2000
parameters
    0.1608   25.2877    2.0664   -9.6436   -1.3672    0.4251
eta,q 0.92792 15.16963
  0.0848  0.0810  0.0849  0.0795  0.0795  0.0759
  0.0768  0.0752  0.0779  0.0735  0.0765  0.0738
  0.0729  0.0735  0.0729  0.0722  0.0740  0.0726
  0.0734  0.0729  0.0724  0.0722  0.0723  0.0721
  0.0766  0.0722  0.0761  0.0744  0.0718  0.0724
  0.0825  0.0745  0.0825  0.0787  0.0741  0.0736
  0.0876  0.0775  0.0866  0.0825  0.0794  0.0765
niter,ni,del,rscale     4    3   12.0000    1.2000
parameters
    0.0233   25.7933    1.8061  -10.2581   -1.3560    0.4524
eta,q 0.92822 15.16588
  0.0857  0.0803  0.0847  0.0797  0.0787  0.0757
  0.0775  0.0744  0.0784  0.0740  0.0756  0.0737
  0.0729  0.0727  0.0728  0.0715  0.0733  0.0724
  0.0721  0.0720  0.0717  0.0716  0.0718  0.0718
  0.0743  0.0718  0.0747  0.0730  0.0716  0.0721
  0.0797  0.0738  0.0813  0.0773  0.0745  0.0732
  0.0858  0.0772  0.0853  0.0815  0.0799  0.0760
niter,ni,del,rscale     3    3   12.0000    1.2000
parameters
    0.0627   26.0315    1.6348  -10.5779   -1.4446    0.4416
eta,q 0.92826 15.16271
  0.0853  0.0796  0.0844  0.0802  0.0782  0.0756
  0.0776  0.0739  0.0786  0.0745  0.0753  0.0736
  0.0732  0.0722  0.0729  0.0713  0.0731  0.0724
  0.0718  0.0718  0.0717  0.0717  0.0717  0.0717
  0.0733  0.0718  0.0741  0.0725  0.0716  0.0720
  0.0781  0.0739  0.0805  0.0765  0.0745  0.0733
  0.0845  0.0779  0.0847  0.0809  0.0799  0.0760
niter,ni,del,rscale     2    3   12.0000    1.2000
parameters
    0.1146   26.1639    1.5353  -10.7511   -1.4905    0.4263
eta,q 0.92827 15.16117
  0.0848  0.0794  0.0844  0.0806  0.0781  0.0755
  0.0775  0.0738  0.0788  0.0748  0.0752  0.0736
  0.0732  0.0722  0.0730  0.0713  0.0731  0.0724
  0.0717  0.0717  0.0717  0.0717  0.0717  0.0717
  0.0731  0.0718  0.0739  0.0724  0.0716  0.0720
  0.0777  0.0740  0.0801  0.0761  0.0743  0.0732
  0.0841  0.0784  0.0844  0.0806  0.0795  0.0760
niter,ni,del,rscale     1    3   12.0000    1.2000
parameters
    0.1459   26.2321    1.4685  -10.8451   -1.5202    0.4151
eta,q 0.92826 15.15840
  0.0844  0.0793  0.0843  0.0807  0.0780  0.0755
  0.0773  0.0737  0.0789  0.0750  0.0751  0.0736
  0.0732  0.0721  0.0730  0.0713  0.0731  0.0724
  0.0717  0.0717  0.0717  0.0717  0.0717  0.0717
  0.0730  0.0718  0.0738  0.0724  0.0715  0.0720
  0.0775  0.0740  0.0798  0.0760  0.0742  0.0732
  0.0839  0.0787  0.0843  0.0804  0.0793  0.0759
registration optimization eta report
parameter search radius
    6.0000    6.0000    6.9000    7.9350    6.0000    6.0000
100000*second partial in parameter space
       35.       21.       26.       15.       20.       11.
  0.0844  0.0793  0.0843  0.0807  0.0780  0.0755
  0.0773  0.0737  0.0789  0.0750  0.0751  0.0736
  0.0732  0.0721  0.0730  0.0713  0.0731  0.0724
  0.0717  0.0717  0.0717  0.0717  0.0717  0.0717
  0.0730  0.0718  0.0738  0.0724  0.0715  0.0720
  0.0775  0.0740  0.0798  0.0760  0.0742  0.0732
  0.0839  0.0787  0.0843  0.0804  0.0793  0.0759
    0.1459   26.2321    1.4685  -10.8451   -1.5202    0.4151
eta,q 0.92826 15.15840

---------------------------------------------------------------------
imgreg_4dfp /opt/freesurfer/average/711-2C_as_mni_average_305 /opt/freesurfer/average/711-2B_as_mni_average_305_mask talsrcimg_g11 none talsrcimg_to_711-2C_as_mni_average_305_t4 3335
---------------------------------------------------------------------

freesurfer imgreg_4dfp.c
/opt/freesurfer/average/711-2C_as_mni_average_305.4dfp.img
       256       256       256         1
  1.000000  1.000000  1.000000
orientation T byte_order littleendian
Reading image: /opt/freesurfer/average/711-2C_as_mni_average_305.4dfp.img
dimensions:      256       256       256
mmppix:       1.0000   -1.0000   -1.0000
center:     128.0000 -129.0000 -129.0000
/opt/freesurfer/average/711-2B_as_mni_average_305_mask.4dfp.img
       256       256       256         1
  1.000000  1.000000  1.000000
orientation T byte_order littleendian
Reading mask: /opt/freesurfer/average/711-2B_as_mni_average_305_mask.4dfp.img (2306576 pixels)
talsrcimg_g11.4dfp.img
       256       256       256         1
  1.000000  1.000000  1.000000
orientation T byte_order littleendian
Reading image: talsrcimg_g11.4dfp.img
dimensions:      256       256       256
mmppix:       1.0000   -1.0000   -1.0000
center:     128.0000 -129.0000 -129.0000
fimgreg.f
image alignment mode   3335 decimal      D07 hex
parameters
    0.1459   26.2321    1.4685   -0.0378   -1.7923   -1.8206
   -1.2106    2.4692    0.7242   18.8339   -2.6529  -18.8089
eta,q 0.92917 15.09810
niter,ni,del,rscale     5    3    5.0000    1.2000
parameter  2 -0.748093 -> -0.500000 qaram    1.1500
parameter  4  3.548599 ->  0.500000 qaram    1.1500
parameter  5  2.162705 ->  0.500000 qaram    1.1500
parameter  6  0.824542 ->  0.500000 qaram    1.1500
parameter 12 -0.868853 -> -0.500000 qaram    1.1500
parameters
   -0.4535   27.6121    1.2908   -4.1778   -5.9323   -5.9606
   -0.1211    2.1859   -0.4082   18.9463   -0.7201  -14.6689
eta,q 0.94678 14.94809
  0.0718  0.0735  0.0718  0.0580  0.0556  0.0535  0.0578  0.0596  0.0554  0.0573  0.0561  0.0587
  0.0711  0.0723  0.0706  0.0609  0.0573  0.0543  0.0563  0.0569  0.0548  0.0561  0.0552  0.0570
  0.0707  0.0714  0.0700  0.0649  0.0594  0.0556  0.0552  0.0551  0.0544  0.0550  0.0547  0.0555
  0.0708  0.0707  0.0700  0.0699  0.0619  0.0578  0.0545  0.0545  0.0545  0.0544  0.0544  0.0543
  0.0714  0.0702  0.0704  0.0749  0.0651  0.0631  0.0546  0.0552  0.0548  0.0545  0.0543  0.0535
  0.0724  0.0700  0.0712  0.0800  0.0687  0.0702  0.0552  0.0573  0.0554  0.0557  0.0545  0.0532
  0.0740  0.0702  0.0722  0.0855  0.0722  0.0775  0.0564  0.0606  0.0562  0.0575  0.0549  0.0531
niter,ni,del,rscale     7    3    5.0000    1.2000
parameter  2  0.716835 ->  0.500000 qaram    1.3225
parameter  3  2.940658 ->  0.500000 qaram    1.1500
parameter  4  1.592302 ->  0.500000 qaram    1.3225
parameter  5********** ->  0.500000 qaram    1.3225
parameters
   -0.1828   26.0251   -0.0892   -8.9388  -10.6933   -9.9387
    1.7664    2.4893    1.4868   16.1709   -0.9599  -17.7041
eta,q 0.96457 14.74580
  0.0571  0.0524  0.0479  0.0413  0.0342  0.0373  0.0411  0.0424  0.0404  0.0372  0.0368  0.0364
  0.0551  0.0523  0.0491  0.0432  0.0374  0.0366  0.0391  0.0393  0.0386  0.0360  0.0362  0.0356
  0.0538  0.0525  0.0506  0.0460  0.0409  0.0370  0.0376  0.0373  0.0373  0.0358  0.0358  0.0354
  0.0532  0.0532  0.0523  0.0495  0.0439  0.0384  0.0367  0.0365  0.0365  0.0363  0.0357  0.0357
  0.0534  0.0544  0.0542  0.0545  0.0467  0.0400  0.0365  0.0370  0.0363  0.0377  0.0359  0.0366
  0.0542  0.0561  0.0563  0.0604  0.0502  0.0446  0.0370  0.0387  0.0368  0.0399  0.0363  0.0378
  0.0556  0.0581  0.0586  0.0660  0.0535  0.0540  0.0381  0.0414  0.0377  0.0430  0.0369  0.0394
niter,ni,del,rscale     7    3    5.0000    1.2000
parameter  2  0.730808 ->  0.500000 qaram    1.5209
parameter  3  1.190889 ->  0.500000 qaram    1.3225
parameter  4  0.670308 ->  0.500000 qaram    1.5209
parameter  5  0.685385 ->  0.500000 qaram    1.5209
parameters
    0.0427   24.2000   -1.6762  -14.4140  -16.1684   -7.1839
   -0.2317    2.0779    0.2823   18.7718   -2.2685  -19.8811
eta,q 0.97534 14.47475
  0.0396  0.0338  0.0302  0.0287  0.0277  0.0304  0.0272  0.0294  0.0270  0.0306  0.0253  0.0258
  0.0374  0.0330  0.0308  0.0288  0.0266  0.0287  0.0260  0.0270  0.0260  0.0283  0.0250  0.0250
  0.0360  0.0336  0.0317  0.0297  0.0267  0.0274  0.0255  0.0258  0.0255  0.0266  0.0248  0.0247
  0.0354  0.0354  0.0330  0.0310  0.0290  0.0264  0.0258  0.0255  0.0255  0.0254  0.0248  0.0248
  0.0356  0.0382  0.0347  0.0328  0.0333  0.0258  0.0268  0.0263  0.0260  0.0248  0.0250  0.0254
  0.0366  0.0417  0.0370  0.0363  0.0377  0.0255  0.0283  0.0279  0.0270  0.0250  0.0253  0.0265
  0.0382  0.0454  0.0397  0.0423  0.0420  0.0276  0.0302  0.0302  0.0283  0.0264  0.0259  0.0280
niter,ni,del,rscale     7    3    5.0000    1.2000
parameter  3  0.535294 ->  0.500000 qaram    1.5209
parameters
   -0.1521   24.5864   -3.5012  -15.0957  -17.6180   -9.2898
   -0.2993    2.0794    0.2317   20.1570   -3.7726  -21.5590
eta,q 0.97576 14.28710
  0.0278  0.0336  0.0243  0.0279  0.0297  0.0266  0.0275  0.0288  0.0266  0.0279  0.0248  0.0255
  0.0259  0.0294  0.0236  0.0253  0.0270  0.0254  0.0258  0.0263  0.0255  0.0262  0.0245  0.0246
  0.0249  0.0263  0.0238  0.0237  0.0248  0.0246  0.0248  0.0249  0.0248  0.0251  0.0244  0.0243
  0.0247  0.0246  0.0245  0.0236  0.0235  0.0239  0.0245  0.0245  0.0245  0.0245  0.0244  0.0243
  0.0253  0.0248  0.0258  0.0244  0.0247  0.0243  0.0249  0.0251  0.0248  0.0244  0.0246  0.0249
  0.0268  0.0269  0.0277  0.0259  0.0295  0.0289  0.0260  0.0265  0.0255  0.0248  0.0249  0.0257
  0.0289  0.0308  0.0304  0.0292  0.0355  0.0385  0.0275  0.0286  0.0267  0.0261  0.0253  0.0269
niter,ni,del,rscale     7    3    5.0000    1.2000
parameters
   -0.1816   25.0520   -3.7929  -15.3568  -18.2143  -10.1153
   -0.4377    2.0457    0.3656   20.7165   -4.0631  -22.0159
eta,q 0.97554 14.20066
  0.0278  0.0322  0.0268  0.0286  0.0306  0.0277  0.0273  0.0287  0.0266  0.0271  0.0251  0.0261
  0.0258  0.0284  0.0251  0.0259  0.0279  0.0261  0.0257  0.0262  0.0255  0.0256  0.0247  0.0251
  0.0246  0.0256  0.0243  0.0243  0.0256  0.0250  0.0247  0.0249  0.0247  0.0248  0.0246  0.0246
  0.0242  0.0242  0.0241  0.0241  0.0241  0.0242  0.0245  0.0245  0.0245  0.0245  0.0245  0.0245
  0.0247  0.0244  0.0246  0.0249  0.0243  0.0234  0.0249  0.0250  0.0247  0.0246  0.0245  0.0248
  0.0260  0.0260  0.0258  0.0263  0.0280  0.0257  0.0259  0.0264  0.0254  0.0251  0.0248  0.0255
  0.0279  0.0291  0.0278  0.0288  0.0337  0.0323  0.0275  0.0286  0.0265  0.0264  0.0252  0.0265
niter,ni,del,rscale     6    3    5.0000    1.2000
parameters
   -0.1520   25.2788   -4.0385  -15.6110  -18.5320  -10.4529
   -0.5715    2.1016    0.3535   21.2136   -4.0505  -22.2094
eta,q 0.97543 14.15330
  0.0281  0.0312  0.0270  0.0289  0.0307  0.0280  0.0274  0.0288  0.0266  0.0269  0.0252  0.0263
  0.0261  0.0277  0.0254  0.0263  0.0282  0.0263  0.0258  0.0263  0.0255  0.0256  0.0249  0.0253
  0.0249  0.0254  0.0246  0.0247  0.0260  0.0252  0.0249  0.0250  0.0248  0.0248  0.0247  0.0247
  0.0245  0.0245  0.0244  0.0244  0.0244  0.0245  0.0246  0.0246  0.0246  0.0246  0.0246  0.0246
  0.0249  0.0249  0.0249  0.0253  0.0244  0.0236  0.0250  0.0250  0.0248  0.0247  0.0246  0.0248
  0.0260  0.0267  0.0260  0.0267  0.0276  0.0251  0.0260  0.0264  0.0255  0.0251  0.0248  0.0255
  0.0279  0.0298  0.0278  0.0290  0.0331  0.0307  0.0275  0.0286  0.0266  0.0264  0.0253  0.0264
niter,ni,del,rscale     5    3    5.0000    1.2000
parameters
   -0.1259   25.4259   -4.2003  -15.7641  -18.8072  -10.6724
   -0.6885    2.1889    0.2807   21.6133   -3.9964  -22.3085
eta,q 0.97532 14.11997
  0.0282  0.0308  0.0272  0.0291  0.0307  0.0280  0.0275  0.0289  0.0266  0.0268  0.0253  0.0264
  0.0262  0.0275  0.0256  0.0265  0.0283  0.0264  0.0259  0.0265  0.0256  0.0255  0.0250  0.0254
  0.0250  0.0254  0.0248  0.0248  0.0262  0.0253  0.0250  0.0251  0.0249  0.0249  0.0248  0.0248
  0.0246  0.0246  0.0246  0.0246  0.0245  0.0246  0.0247  0.0247  0.0247  0.0247  0.0247  0.0247
  0.0250  0.0251  0.0249  0.0254  0.0244  0.0238  0.0251  0.0251  0.0249  0.0248  0.0247  0.0249
  0.0261  0.0269  0.0260  0.0269  0.0275  0.0250  0.0261  0.0265  0.0256  0.0252  0.0249  0.0255
  0.0280  0.0298  0.0277  0.0290  0.0329  0.0303  0.0276  0.0286  0.0267  0.0264  0.0253  0.0264
niter,ni,del,rscale     4    3    5.0000    1.2000
parameters
   -0.0959   25.5573   -4.3244  -15.9041  -19.0588  -10.8573
   -0.7934    2.2673    0.1955   22.0082   -3.9436  -22.3413
eta,q 0.97524 14.08959
  0.0283  0.0306  0.0273  0.0293  0.0306  0.0280  0.0276  0.0289  0.0266  0.0268  0.0254  0.0265
  0.0263  0.0274  0.0258  0.0266  0.0283  0.0265  0.0260  0.0265  0.0256  0.0256  0.0251  0.0255
  0.0251  0.0254  0.0249  0.0250  0.0263  0.0254  0.0251  0.0252  0.0250  0.0250  0.0249  0.0249
  0.0247  0.0247  0.0247  0.0247  0.0247  0.0247  0.0248  0.0248  0.0248  0.0248  0.0248  0.0248
  0.0251  0.0252  0.0250  0.0256  0.0245  0.0239  0.0252  0.0252  0.0250  0.0248  0.0248  0.0250
  0.0262  0.0269  0.0260  0.0271  0.0274  0.0250  0.0262  0.0266  0.0257  0.0252  0.0250  0.0256
  0.0281  0.0298  0.0277  0.0291  0.0327  0.0302  0.0277  0.0286  0.0267  0.0264  0.0254  0.0264
niter,ni,del,rscale     3    3    5.0000    1.2000
parameters
   -0.0677   25.6866   -4.4501  -16.0439  -19.3319  -11.0745
   -0.9000    2.3449    0.0896   22.4448   -3.8361  -22.3111
eta,q 0.97513 14.05523
  0.0284  0.0305  0.0273  0.0294  0.0304  0.0280  0.0276  0.0289  0.0267  0.0268  0.0255  0.0265
  0.0264  0.0274  0.0258  0.0268  0.0282  0.0265  0.0261  0.0266  0.0257  0.0257  0.0252  0.0256
  0.0252  0.0255  0.0250  0.0251  0.0263  0.0254  0.0252  0.0253  0.0251  0.0251  0.0250  0.0250
  0.0248  0.0248  0.0248  0.0248  0.0247  0.0248  0.0249  0.0249  0.0249  0.0249  0.0249  0.0249
  0.0252  0.0253  0.0251  0.0257  0.0245  0.0241  0.0253  0.0253  0.0251  0.0249  0.0249  0.0251
  0.0263  0.0270  0.0261  0.0272  0.0274  0.0251  0.0263  0.0266  0.0258  0.0253  0.0251  0.0256
  0.0282  0.0297  0.0277  0.0292  0.0326  0.0301  0.0278  0.0287  0.0268  0.0264  0.0255  0.0264
niter,ni,del,rscale     2    3    5.0000    1.2000
parameters
   -0.0366   25.8398   -4.5996  -16.2034  -19.6732  -11.3541
   -1.0220    2.4398   -0.0440   23.0421   -3.7004  -22.2021
eta,q 0.97500 14.01190
  0.0285  0.0305  0.0273  0.0295  0.0302  0.0279  0.0277  0.0290  0.0268  0.0268  0.0257  0.0266
  0.0265  0.0275  0.0259  0.0269  0.0281  0.0265  0.0262  0.0268  0.0258  0.0258  0.0253  0.0257
  0.0253  0.0256  0.0251  0.0252  0.0263  0.0254  0.0253  0.0255  0.0252  0.0253  0.0251  0.0252
  0.0249  0.0249  0.0249  0.0249  0.0249  0.0250  0.0250  0.0250  0.0250  0.0250  0.0250  0.0250
  0.0253  0.0254  0.0252  0.0258  0.0246  0.0243  0.0254  0.0254  0.0253  0.0250  0.0250  0.0252
  0.0264  0.0269  0.0262  0.0274  0.0274  0.0252  0.0264  0.0267  0.0259  0.0253  0.0253  0.0257
  0.0283  0.0296  0.0278  0.0294  0.0325  0.0301  0.0279  0.0288  0.0269  0.0264  0.0256  0.0264
niter,ni,del,rscale     1    3    5.0000    1.2000
parameters
    0.0029   26.0549   -4.8196  -16.4140  -20.1709  -11.8005
   -1.1706    2.5526   -0.2255   23.9432   -3.4916  -21.8993
eta,q 0.97486 13.94479
  0.0286  0.0305  0.0272  0.0296  0.0299  0.0278  0.0278  0.0291  0.0268  0.0270  0.0258  0.0267
  0.0266  0.0276  0.0260  0.0270  0.0279  0.0264  0.0264  0.0270  0.0259  0.0260  0.0255  0.0258
  0.0254  0.0257  0.0252  0.0253  0.0262  0.0255  0.0254  0.0257  0.0253  0.0254  0.0252  0.0253
  0.0250  0.0250  0.0250  0.0250  0.0250  0.0251  0.0252  0.0252  0.0252  0.0252  0.0251  0.0251
  0.0254  0.0254  0.0253  0.0260  0.0247  0.0245  0.0256  0.0255  0.0254  0.0251  0.0252  0.0253
  0.0265  0.0268  0.0263  0.0276  0.0275  0.0254  0.0266  0.0269  0.0260  0.0253  0.0254  0.0258
  0.0283  0.0293  0.0279  0.0296  0.0325  0.0302  0.0280  0.0289  0.0270  0.0263  0.0258  0.0264
registration optimization eta report
parameter search radius
    2.4000    3.6501    3.6501   10.9503   10.9503    8.2800
    7.2000    7.2000    7.2000    7.2000    7.2000    8.2800
100000*second partial in parameter space
       60.       37.       20.        4.        5.        6.
        5.        7.        3.        3.        1.        2.
  0.0286  0.0305  0.0272  0.0296  0.0299  0.0278  0.0278  0.0291  0.0268  0.0270  0.0258  0.0267
  0.0266  0.0276  0.0260  0.0270  0.0279  0.0264  0.0264  0.0270  0.0259  0.0260  0.0255  0.0258
  0.0254  0.0257  0.0252  0.0253  0.0262  0.0255  0.0254  0.0257  0.0253  0.0254  0.0252  0.0253
  0.0250  0.0250  0.0250  0.0250  0.0250  0.0251  0.0252  0.0252  0.0252  0.0252  0.0251  0.0251
  0.0254  0.0254  0.0253  0.0260  0.0247  0.0245  0.0256  0.0255  0.0254  0.0251  0.0252  0.0253
  0.0265  0.0268  0.0263  0.0276  0.0275  0.0254  0.0266  0.0269  0.0260  0.0253  0.0254  0.0258
  0.0283  0.0293  0.0279  0.0296  0.0325  0.0302  0.0280  0.0289  0.0270  0.0263  0.0258  0.0264
    0.0029   26.0549   -4.8196  -16.4140  -20.1709  -11.8005
   -1.1706    2.5526   -0.2255   23.9432   -3.4916  -21.8993
eta,q 0.97486 13.94479

---------------------------------------------------------------------
imgreg_4dfp /opt/freesurfer/average/711-2C_as_mni_average_305 /opt/freesurfer/average/711-2B_as_mni_average_305_mask talsrcimg_g11 none talsrcimg_to_711-2C_as_mni_average_305_t4 2311
---------------------------------------------------------------------

freesurfer imgreg_4dfp.c
/opt/freesurfer/average/711-2C_as_mni_average_305.4dfp.img
       256       256       256         1
  1.000000  1.000000  1.000000
orientation T byte_order littleendian
Reading image: /opt/freesurfer/average/711-2C_as_mni_average_305.4dfp.img
dimensions:      256       256       256
mmppix:       1.0000   -1.0000   -1.0000
center:     128.0000 -129.0000 -129.0000
/opt/freesurfer/average/711-2B_as_mni_average_305_mask.4dfp.img
       256       256       256         1
  1.000000  1.000000  1.000000
orientation T byte_order littleendian
Reading mask: /opt/freesurfer/average/711-2B_as_mni_average_305_mask.4dfp.img (2306576 pixels)
talsrcimg_g11.4dfp.img
       256       256       256         1
  1.000000  1.000000  1.000000
orientation T byte_order littleendian
Reading image: talsrcimg_g11.4dfp.img
dimensions:      256       256       256
mmppix:       1.0000   -1.0000   -1.0000
center:     128.0000 -129.0000 -129.0000
fimgreg.f
image alignment mode   2311 decimal      907 hex
parameters
    0.0029   26.0549   -4.8196  -16.4140  -20.1709  -11.8005
   -1.1706    2.5526   -0.2255   23.9432   -3.4916  -21.8993
eta,q 0.97486 13.94480
niter,ni,del,rscale     5    3    5.0000    0.8000
parameter  6 -0.701900 -> -0.500000 qaram    1.1500
parameters
    0.0363   26.3876   -5.0930  -17.2599  -18.3158   -9.0405
   -0.8969    3.0316    0.1302   24.3214   -3.7302  -23.2636
eta,q 0.97597 14.16996
  0.0268  0.0264  0.0254  0.0259  0.0264  0.0258  0.0257  0.0267  0.0252  0.0257  0.0244  0.0244
  0.0259  0.0258  0.0252  0.0253  0.0259  0.0252  0.0249  0.0253  0.0246  0.0251  0.0242  0.0241
  0.0253  0.0253  0.0251  0.0251  0.0254  0.0249  0.0244  0.0245  0.0243  0.0246  0.0241  0.0240
  0.0251  0.0251  0.0251  0.0251  0.0250  0.0247  0.0242  0.0242  0.0242  0.0242  0.0241  0.0241
  0.0253  0.0251  0.0252  0.0254  0.0248  0.0244  0.0243  0.0243  0.0242  0.0241  0.0241  0.0243
  0.0258  0.0253  0.0254  0.0259  0.0248  0.0241  0.0247  0.0248  0.0245  0.0245  0.0242  0.0247
  0.0266  0.0256  0.0257  0.0266  0.0253  0.0246  0.0254  0.0258  0.0249  0.0255  0.0244  0.0251
niter,ni,del,rscale     5    3    5.0000    0.8000
parameters
    0.0493   25.8322   -4.7344  -16.4339  -18.1118   -9.9072
   -0.9526    2.8219    0.3456   23.4210   -4.2040  -22.6340
eta,q 0.97584 14.18911
  0.0257  0.0244  0.0251  0.0254  0.0257  0.0256  0.0255  0.0258  0.0251  0.0248  0.0244  0.0250
  0.0248  0.0240  0.0245  0.0246  0.0250  0.0250  0.0247  0.0248  0.0246  0.0245  0.0242  0.0246
  0.0242  0.0239  0.0241  0.0241  0.0243  0.0245  0.0243  0.0243  0.0243  0.0242  0.0242  0.0243
  0.0240  0.0240  0.0239  0.0238  0.0238  0.0238  0.0241  0.0241  0.0241  0.0241  0.0242  0.0242
  0.0242  0.0245  0.0239  0.0239  0.0238  0.0237  0.0243  0.0244  0.0242  0.0243  0.0242  0.0242
  0.0247  0.0252  0.0240  0.0241  0.0244  0.0255  0.0248  0.0251  0.0245  0.0249  0.0243  0.0244
  0.0256  0.0261  0.0243  0.0246  0.0258  0.0290  0.0255  0.0261  0.0250  0.0260  0.0245  0.0247
niter,ni,del,rscale     4    3    5.0000    0.7000
parameters
   -0.0058   25.6841   -4.7469  -16.5274  -17.4658   -9.5546
   -0.8125    2.6794    0.5042   22.9673   -4.1740  -22.6384
eta,q 0.97607 14.22881
  0.0253  0.0249  0.0246  0.0250  0.0258  0.0255  0.0251  0.0253  0.0247  0.0246  0.0241  0.0245
  0.0246  0.0245  0.0243  0.0245  0.0251  0.0250  0.0244  0.0244  0.0243  0.0243  0.0240  0.0242
  0.0243  0.0242  0.0242  0.0242  0.0246  0.0245  0.0240  0.0240  0.0240  0.0240  0.0239  0.0240
  0.0242  0.0242  0.0241  0.0241  0.0241  0.0240  0.0239  0.0239  0.0239  0.0239  0.0239  0.0239
  0.0243  0.0243  0.0242  0.0243  0.0240  0.0235  0.0240  0.0241  0.0240  0.0240  0.0239  0.0240
  0.0248  0.0247  0.0243  0.0246  0.0243  0.0238  0.0244  0.0246  0.0242  0.0244  0.0240  0.0242
  0.0255  0.0253  0.0246  0.0250  0.0252  0.0258  0.0249  0.0254  0.0246  0.0252  0.0241  0.0245
niter,ni,del,rscale     3    3    5.0000    0.6000
parameters
   -0.0614   25.5079   -4.6344  -16.3578  -17.0820   -8.7905
   -0.6367    2.6374    0.5767   22.6741   -3.6986  -22.6237
eta,q 0.97644 14.29744
  0.0248  0.0245  0.0243  0.0246  0.0252  0.0252  0.0245  0.0247  0.0241  0.0242  0.0238  0.0240
  0.0243  0.0241  0.0241  0.0242  0.0247  0.0248  0.0240  0.0240  0.0238  0.0239  0.0237  0.0238
  0.0240  0.0239  0.0240  0.0240  0.0242  0.0244  0.0237  0.0236  0.0236  0.0237  0.0236  0.0236
  0.0239  0.0239  0.0239  0.0239  0.0239  0.0239  0.0236  0.0235  0.0236  0.0236  0.0236  0.0236
  0.0241  0.0241  0.0239  0.0240  0.0239  0.0234  0.0236  0.0237  0.0236  0.0236  0.0236  0.0236
  0.0244  0.0244  0.0240  0.0242  0.0242  0.0235  0.0239  0.0241  0.0238  0.0240  0.0236  0.0238
  0.0249  0.0249  0.0242  0.0245  0.0249  0.0249  0.0243  0.0247  0.0241  0.0247  0.0237  0.0240
niter,ni,del,rscale     2    3    5.0000    0.5000
parameters
   -0.1051   25.3527   -4.4469  -16.1360  -16.7837   -8.1468
   -0.5076    2.5819    0.5523   22.3304   -3.2097  -22.5818
eta,q 0.97674 14.35677
  0.0242  0.0240  0.0240  0.0241  0.0245  0.0248  0.0239  0.0241  0.0237  0.0238  0.0235  0.0236
  0.0238  0.0237  0.0238  0.0238  0.0241  0.0244  0.0236  0.0236  0.0234  0.0235  0.0234  0.0234
  0.0236  0.0236  0.0236  0.0236  0.0237  0.0240  0.0233  0.0233  0.0233  0.0233  0.0233  0.0233
  0.0236  0.0236  0.0236  0.0236  0.0236  0.0235  0.0233  0.0233  0.0233  0.0233  0.0233  0.0233
  0.0237  0.0237  0.0236  0.0236  0.0235  0.0231  0.0233  0.0234  0.0233  0.0234  0.0233  0.0233
  0.0239  0.0239  0.0236  0.0237  0.0238  0.0233  0.0235  0.0237  0.0234  0.0237  0.0233  0.0234
  0.0243  0.0243  0.0237  0.0239  0.0243  0.0245  0.0238  0.0241  0.0237  0.0243  0.0234  0.0236
niter,ni,del,rscale     1    3    5.0000    0.4000
parameters
   -0.1346   25.2151   -4.2440  -15.9726  -16.5415   -7.5258
   -0.3972    2.5465    0.5169   22.0026   -2.9019  -22.5447
eta,q 0.97700 14.40255
  0.0237  0.0235  0.0236  0.0236  0.0239  0.0244  0.0234  0.0236  0.0233  0.0234  0.0231  0.0233
  0.0234  0.0233  0.0234  0.0234  0.0236  0.0241  0.0232  0.0232  0.0231  0.0232  0.0231  0.0231
  0.0233  0.0233  0.0233  0.0233  0.0234  0.0237  0.0231  0.0231  0.0230  0.0231  0.0230  0.0230
  0.0233  0.0233  0.0232  0.0232  0.0232  0.0232  0.0230  0.0230  0.0230  0.0230  0.0230  0.0230
  0.0233  0.0233  0.0232  0.0233  0.0232  0.0230  0.0230  0.0231  0.0230  0.0231  0.0230  0.0230
  0.0235  0.0235  0.0233  0.0233  0.0234  0.0231  0.0232  0.0233  0.0231  0.0233  0.0230  0.0231
  0.0237  0.0238  0.0234  0.0235  0.0237  0.0239  0.0234  0.0236  0.0233  0.0238  0.0231  0.0232
registration optimization eta report
parameter search radius
    0.8000    0.8000    0.8000    2.4000    2.4000    2.7600
    2.4000    2.4000    2.4000    2.4000    2.4000    2.4000
100000*second partial in parameter space
       67.       60.       38.        5.       10.       13.
        7.       10.        5.       10.        2.        4.
  0.0237  0.0235  0.0236  0.0236  0.0239  0.0244  0.0234  0.0236  0.0233  0.0234  0.0231  0.0233
  0.0234  0.0233  0.0234  0.0234  0.0236  0.0241  0.0232  0.0232  0.0231  0.0232  0.0231  0.0231
  0.0233  0.0233  0.0233  0.0233  0.0234  0.0237  0.0231  0.0231  0.0230  0.0231  0.0230  0.0230
  0.0233  0.0233  0.0232  0.0232  0.0232  0.0232  0.0230  0.0230  0.0230  0.0230  0.0230  0.0230
  0.0233  0.0233  0.0232  0.0233  0.0232  0.0230  0.0230  0.0231  0.0230  0.0231  0.0230  0.0230
  0.0235  0.0235  0.0233  0.0233  0.0234  0.0231  0.0232  0.0233  0.0231  0.0233  0.0230  0.0231
  0.0237  0.0238  0.0234  0.0235  0.0237  0.0239  0.0234  0.0236  0.0233  0.0238  0.0231  0.0232
   -0.1346   25.2151   -4.2440  -15.9726  -16.5415   -7.5258
   -0.3972    2.5465    0.5169   22.0026   -2.9019  -22.5447
eta,q 0.97700 14.40255

---------------------------------------------------------------------
imgreg_4dfp /opt/freesurfer/average/711-2C_as_mni_average_305 /opt/freesurfer/average/711-2B_as_mni_average_305_mask talsrcimg_g11 none talsrcimg_to_711-2C_as_mni_average_305_t4 2311
---------------------------------------------------------------------

freesurfer imgreg_4dfp.c
/opt/freesurfer/average/711-2C_as_mni_average_305.4dfp.img
       256       256       256         1
  1.000000  1.000000  1.000000
orientation T byte_order littleendian
Reading image: /opt/freesurfer/average/711-2C_as_mni_average_305.4dfp.img
dimensions:      256       256       256
mmppix:       1.0000   -1.0000   -1.0000
center:     128.0000 -129.0000 -129.0000
/opt/freesurfer/average/711-2B_as_mni_average_305_mask.4dfp.img
       256       256       256         1
  1.000000  1.000000  1.000000
orientation T byte_order littleendian
Reading mask: /opt/freesurfer/average/711-2B_as_mni_average_305_mask.4dfp.img (2306576 pixels)
talsrcimg_g11.4dfp.img
       256       256       256         1
  1.000000  1.000000  1.000000
orientation T byte_order littleendian
Reading image: talsrcimg_g11.4dfp.img
dimensions:      256       256       256
mmppix:       1.0000   -1.0000   -1.0000
center:     128.0000 -129.0000 -129.0000
fimgreg.f
image alignment mode   2311 decimal      907 hex
parameters
   -0.1346   25.2151   -4.2440  -15.9726  -16.5415   -7.5258
   -0.3972    2.5465    0.5169   22.0026   -2.9019  -22.5447
eta,q 0.97700 14.40255
niter,ni,del,rscale     5    3    5.0000    0.8000
parameters
   -0.1579   25.0752   -3.9501  -15.4813  -16.9216   -8.1276
   -0.3511    2.4939    0.4688   21.4747   -3.5673  -22.1370
eta,q 0.97668 14.38962
  0.0247  0.0243  0.0246  0.0242  0.0248  0.0251  0.0248  0.0254  0.0243  0.0245  0.0236  0.0243
  0.0237  0.0235  0.0238  0.0235  0.0240  0.0245  0.0240  0.0241  0.0238  0.0239  0.0234  0.0238
  0.0232  0.0231  0.0232  0.0231  0.0233  0.0238  0.0235  0.0234  0.0234  0.0235  0.0233  0.0235
  0.0230  0.0230  0.0230  0.0230  0.0230  0.0230  0.0233  0.0233  0.0233  0.0233  0.0233  0.0233
  0.0232  0.0233  0.0230  0.0231  0.0232  0.0230  0.0235  0.0236  0.0234  0.0235  0.0234  0.0234
  0.0238  0.0239  0.0233  0.0233  0.0242  0.0247  0.0240  0.0243  0.0238  0.0242  0.0236  0.0236
  0.0248  0.0249  0.0237  0.0237  0.0259  0.0278  0.0247  0.0253  0.0243  0.0255  0.0238  0.0240
niter,ni,del,rscale     4    3    5.0000    0.7000
parameters
   -0.1556   25.0585   -4.0185  -15.6775  -16.6029   -8.0518
   -0.3241    2.4117    0.5542   21.4296   -3.5517  -22.0876
eta,q 0.97677 14.39036
  0.0246  0.0244  0.0239  0.0240  0.0250  0.0249  0.0244  0.0249  0.0241  0.0244  0.0235  0.0239
  0.0239  0.0238  0.0235  0.0236  0.0243  0.0244  0.0238  0.0238  0.0236  0.0238  0.0234  0.0235
  0.0235  0.0234  0.0233  0.0233  0.0237  0.0239  0.0234  0.0233  0.0233  0.0234  0.0233  0.0233
  0.0233  0.0233  0.0233  0.0233  0.0233  0.0233  0.0232  0.0232  0.0232  0.0232  0.0232  0.0232
  0.0235  0.0234  0.0234  0.0235  0.0233  0.0229  0.0234  0.0235  0.0233  0.0233  0.0233  0.0233
  0.0239  0.0238  0.0236  0.0237  0.0237  0.0236  0.0238  0.0240  0.0236  0.0237  0.0234  0.0235
  0.0246  0.0244  0.0240  0.0241  0.0248  0.0256  0.0244  0.0249  0.0240  0.0247  0.0235  0.0239
niter,ni,del,rscale     3    3    5.0000    0.6000
parameters
   -0.1772   25.0182   -4.0296  -15.7068  -16.4391   -7.7304
   -0.2976    2.4187    0.5978   21.4403   -3.3063  -22.1314
eta,q 0.97693 14.41037
  0.0242  0.0240  0.0237  0.0238  0.0245  0.0246  0.0240  0.0244  0.0237  0.0241  0.0233  0.0236
  0.0236  0.0236  0.0234  0.0235  0.0239  0.0242  0.0235  0.0236  0.0233  0.0236  0.0232  0.0233
  0.0233  0.0233  0.0233  0.0233  0.0235  0.0238  0.0232  0.0232  0.0231  0.0232  0.0231  0.0231
  0.0232  0.0232  0.0232  0.0232  0.0232  0.0232  0.0231  0.0231  0.0231  0.0231  0.0231  0.0231
  0.0234  0.0233  0.0233  0.0233  0.0232  0.0228  0.0232  0.0233  0.0231  0.0231  0.0231  0.0231
  0.0237  0.0236  0.0235  0.0235  0.0236  0.0233  0.0235  0.0237  0.0233  0.0235  0.0232  0.0233
  0.0242  0.0241  0.0237  0.0238  0.0244  0.0247  0.0239  0.0243  0.0237  0.0242  0.0233  0.0236
niter,ni,del,rscale     2    3    5.0000    0.5000
parameters
   -0.1887   24.9854   -3.9754  -15.6990  -16.3387   -7.3514
   -0.2678    2.4273    0.5987   21.4199   -3.1213  -22.1770
eta,q 0.97707 14.43105
  0.0237  0.0236  0.0235  0.0235  0.0240  0.0244  0.0236  0.0239  0.0234  0.0237  0.0231  0.0233
  0.0234  0.0233  0.0233  0.0232  0.0236  0.0240  0.0232  0.0233  0.0231  0.0233  0.0230  0.0231
  0.0231  0.0231  0.0231  0.0231  0.0232  0.0235  0.0230  0.0230  0.0230  0.0230  0.0230  0.0230
  0.0231  0.0231  0.0231  0.0231  0.0231  0.0231  0.0229  0.0229  0.0229  0.0229  0.0229  0.0229
  0.0232  0.0231  0.0231  0.0231  0.0231  0.0228  0.0230  0.0230  0.0230  0.0230  0.0229  0.0230
  0.0234  0.0234  0.0232  0.0233  0.0234  0.0231  0.0232  0.0233  0.0231  0.0233  0.0230  0.0231
  0.0238  0.0237  0.0234  0.0235  0.0240  0.0242  0.0235  0.0238  0.0234  0.0238  0.0231  0.0233
niter,ni,del,rscale     1    3    5.0000    0.4000
parameters
   -0.2011   24.9553   -3.8801  -15.6771  -16.2665   -6.9991
   -0.2509    2.4250    0.6173   21.3600   -2.9710  -22.2201
eta,q 0.97719 14.44887
  0.0234  0.0233  0.0233  0.0232  0.0235  0.0240  0.0232  0.0234  0.0231  0.0234  0.0230  0.0231
  0.0231  0.0231  0.0231  0.0230  0.0232  0.0237  0.0230  0.0231  0.0229  0.0231  0.0229  0.0229
  0.0230  0.0229  0.0230  0.0229  0.0230  0.0233  0.0229  0.0229  0.0228  0.0229  0.0228  0.0228
  0.0229  0.0229  0.0229  0.0229  0.0229  0.0229  0.0228  0.0228  0.0228  0.0228  0.0228  0.0228
  0.0230  0.0230  0.0229  0.0230  0.0229  0.0228  0.0229  0.0229  0.0228  0.0229  0.0228  0.0228
  0.0231  0.0231  0.0230  0.0230  0.0231  0.0230  0.0230  0.0231  0.0229  0.0231  0.0229  0.0229
  0.0234  0.0234  0.0231  0.0232  0.0235  0.0237  0.0232  0.0234  0.0231  0.0235  0.0229  0.0231
registration optimization eta report
parameter search radius
    0.8000    0.8000    0.8000    2.4000    2.4000    2.4000
    2.4000    2.4000    2.4000    2.4000    2.4000    2.4000
100000*second partial in parameter space
       68.       63.       44.        4.       10.       17.
        7.       10.        5.       11.        2.        5.
  0.0234  0.0233  0.0233  0.0232  0.0235  0.0240  0.0232  0.0234  0.0231  0.0234  0.0230  0.0231
  0.0231  0.0231  0.0231  0.0230  0.0232  0.0237  0.0230  0.0231  0.0229  0.0231  0.0229  0.0229
  0.0230  0.0229  0.0230  0.0229  0.0230  0.0233  0.0229  0.0229  0.0228  0.0229  0.0228  0.0228
  0.0229  0.0229  0.0229  0.0229  0.0229  0.0229  0.0228  0.0228  0.0228  0.0228  0.0228  0.0228
  0.0230  0.0230  0.0229  0.0230  0.0229  0.0228  0.0229  0.0229  0.0228  0.0229  0.0228  0.0228
  0.0231  0.0231  0.0230  0.0230  0.0231  0.0230  0.0230  0.0231  0.0229  0.0231  0.0229  0.0229
  0.0234  0.0234  0.0231  0.0232  0.0235  0.0237  0.0232  0.0234  0.0231  0.0235  0.0229  0.0231
   -0.2011   24.9553   -3.8801  -15.6771  -16.2665   -6.9991
   -0.2509    2.4250    0.6173   21.3600   -2.9710  -22.2201
eta,q 0.97719 14.44887

---------------------------------------------------------------------
compute_vox2vox talsrcimg talsrcimg_to_711-2C_as_mni_average_305_t4 /opt/freesurfer/average/711-2C_as_mni_average_305
---------------------------------------------------------------------

freesurfer compute_vox2vox.c
Reading: talsrcimg.4dfp.ifh
Reading: talsrcimg_to_711-2C_as_mni_average_305_t4
Reading: /opt/freesurfer/average/711-2C_as_mni_average_305.4dfp.ifh
Writing: talsrcimg_to_711-2C_as_mni_average_305_t4_vox2vox.txt

start time Mon Mar 9 21:16:44 CET 2026
end		time Mon Mar 9 21:18:14 CET 2026

mpr2mni305 success

avi2talxfm orig_nu.mgz /opt/freesurfer/average/mni305.cor.mgz talsrcimg_to_711-2C_as_mni_average_305_t4_vox2vox.txt transforms/talairach.auto.xfm
avi2talxfm done
mv -f /out/sourcedata/freesurfer/sub-v1s23x0050628_ses-1/mri/talsrcimg_to_711-2C_as_mni_average_305_t4_vox2vox.txt /out/sourcedata/freesurfer/sub-v1s23x0050628_ses-1/mri/transforms/talsrcimg_to_711-2C_as_mni_average_305_t4_vox2vox.txt
lta_convert --src orig_nu.mgz --trg /opt/freesurfer/average/mni305.cor.mgz --inxfm transforms/talairach.auto.xfm --outlta transforms/talairach.auto.xfm.lta --subject fsaverage
7.3.2

--src: orig_nu.mgz src image (geometry).
--trg: /opt/freesurfer/average/mni305.cor.mgz trg image (geometry).
--inmni: transforms/talairach.auto.xfm input MNI/XFM transform.
--outlta: transforms/talairach.auto.xfm.lta output LTA.
--s: fsaverage subject name
 LTA read, type : 1
 1.18490  -0.02989  -0.00438  -50.67903;
 0.03371   1.01264   0.26882   36.71669;
-0.01733  -0.25810   1.12572  -75.60468;
 0.00000   0.00000   0.00000   1.00000;
setting subject to fsaverage
Writing  LTA to file transforms/talairach.auto.xfm.lta...
lta_convert successful.
 
 
Started at Mon Mar 9 21:16:44 CET 2026
Ended   at Mon Mar  9 21:18:15 CET 2026
talairach_avi done
