/out/sourcedata/freesurfer/sub-v1s23x0050564_ses-1/mri
/opt/freesurfer/bin/talairach_avi
--i orig_nu.mgz --xfm transforms/talairach.auto.xfm
talairach_avi 7.3.2
Linux dna077 5.14.0-427.37.1.el9_4.x86_64 #1 SMP PREEMPT_DYNAMIC Fri Sep 13 12:41:50 EDT 2024 x86_64 x86_64 x86_64 GNU/Linux
Mon Mar  9 17:43:31 CET 2026
mri_convert orig_nu.mgz talsrcimg.img 
reading from orig_nu.mgz...
TR=0.00, TE=0.00, TI=0.00, flip angle=0.00
i_ras = (-1, 0, 0)
j_ras = (0, 0, -1)
k_ras = (0, 1, 0)
writing to talsrcimg.img...
Analyze Output Matrix
-1.00000   0.00000   0.00000   167.54958;
 0.00000   0.00000   1.00000  -177.50182;
 0.00000  -1.00000   0.00000   140.46709;
 0.00000   0.00000   0.00000   1.00000;
--------------------
INFO: set hdr.hist.orient to -1
mpr2mni305 talsrcimg
Mon Mar  9 17:43:31 CET 2026
/opt/freesurfer/bin/mpr2mni305 talsrcimg
mpr2mni305 7.3.2
target=711-2C_as_mni_average_305

---------------------------------------------------------------------
analyzeto4dfp talsrcimg -O0 -y
---------------------------------------------------------------------

freesurfer ifh2hdr.c
Mon Mar  9 17:43:31 2026
Writing: talsrcimg.4dfp.hdr
freesurfer analyzeto4dfp.c
Reading: talsrcimg.hdr
header size 348 bytes
hdr.dime.datatype	offset=70	value=2
hdr.dime.bitpix		offset=72	value=8
hdr.hist.orient		offset=252	value=-1
dimensionality     4
dimensions       256       256       256         1
Reading: talsrcimg.img
Writing: talsrcimg.4dfp.img
Writing: talsrcimg.4dfp.ifh
ifh2hdr talsrcimg -r0to235
ori=2

---------------------------------------------------------------------
gauss_4dfp talsrcimg 1.1
---------------------------------------------------------------------

freesurfer gauss_4dfp.c
Reading: talsrcimg.4dfp.img
Writing: talsrcimg_g11.4dfp.img
image dimensions 256 256 256 padded to 288 288 288
processing volume 1freesurfer ifh2hdr.c
Mon Mar  9 17:43:33 2026
Writing: talsrcimg_g11.4dfp.hdr

Writing: talsrcimg_g11.4dfp.ifh
including: talsrcimg.4dfp.img.rec in talsrcimg_g11.4dfp.img.rec

---------------------------------------------------------------------
imgreg_4dfp /opt/freesurfer/average/711-2C_as_mni_average_305 none talsrcimg_g11 none talsrcimg_to_711-2C_as_mni_average_305_t4 4355
---------------------------------------------------------------------

freesurfer imgreg_4dfp.c
/opt/freesurfer/average/711-2C_as_mni_average_305.4dfp.img
       256       256       256         1
  1.000000  1.000000  1.000000
orientation T byte_order littleendian
Reading image: /opt/freesurfer/average/711-2C_as_mni_average_305.4dfp.img
dimensions:      256       256       256
mmppix:       1.0000   -1.0000   -1.0000
center:     128.0000 -129.0000 -129.0000
talsrcimg_g11.4dfp.img
       256       256       256         1
  1.000000  1.000000  1.000000
orientation T byte_order littleendian
Reading image: talsrcimg_g11.4dfp.img
dimensions:      256       256       256
mmppix:       1.0000   -1.0000   -1.0000
center:     128.0000 -129.0000 -129.0000
t4_read: open error in t4_sub.f l:  41 t4_file(1:l)talsrcimg_to_711-2C_as_mni_average_305_t4 
t4_read: transform initialized to I4
rotation matrix determinant  1.000000
image alignment mode   4355 decimal     1103 hex
   -7.5000  -45.0000  -45.0000 7443.7739   24.4207
    0.0000  -45.0000  -45.0000 7693.8940   24.4519
    7.5000  -45.0000  -45.0000 7370.5605   24.5111
   -7.5000  -37.5000  -45.0000 7896.8984   24.3350
    0.0000  -37.5000  -45.0000 8166.1182   24.3649
    7.5000  -37.5000  -45.0000 7814.6919   24.4347
   -7.5000  -30.0000  -45.0000 8531.8789   24.2071
    0.0000  -30.0000  -45.0000 8821.2998   24.2369
    7.5000  -30.0000  -45.0000 8422.7705   24.3071
   -7.5000  -22.5000  -45.0000 9078.7705   24.1659
    0.0000  -22.5000  -45.0000 9389.3379   24.1974
    7.5000  -22.5000  -45.0000 8943.6660   24.2588
   -7.5000  -15.0000  -45.0000 9539.9199   24.2333
    0.0000  -15.0000  -45.0000 9888.3643   24.2673
    7.5000  -15.0000  -45.0000 9423.1875   24.3188
   -7.5000   -7.5000  -45.000010019.0098   24.3600
    0.0000   -7.5000  -45.000010396.8008   24.3937
    7.5000   -7.5000  -45.0000 9898.2471   24.4431
   -7.5000    0.0000  -45.000010409.7441   24.4207
    0.0000    0.0000  -45.000010774.4619   24.4519
    7.5000    0.0000  -45.000010277.9541   24.5111
   -7.5000    7.5000  -45.000010081.1348   24.3350
    0.0000    7.5000  -45.000010412.3135   24.3649
    7.5000    7.5000  -45.0000 9948.8965   24.4347
   -7.5000   15.0000  -45.0000 9610.5361   24.2071
    0.0000   15.0000  -45.0000 9903.3945   24.2369
    7.5000   15.0000  -45.0000 9482.0537   24.3071
   -7.5000   22.5000  -45.0000 8731.8086   24.1626
    0.0000   22.5000  -45.0000 8979.7607   24.1941
    7.5000   22.5000  -45.0000 8604.7578   24.2555
   -7.5000   30.0000  -45.0000 7891.2559   23.9104
    0.0000   30.0000  -45.0000 8107.3003   23.9439
    7.5000   30.0000  -45.0000 7756.1138   23.9947
   -7.5000   37.5000  -45.0000 7428.4971   24.0353
    0.0000   37.5000  -45.0000 7631.0542   24.0686
    7.5000   37.5000  -45.0000 7256.2686   24.1173
   -7.5000   45.0000  -45.0000 6693.4609   23.4835
    0.0000   45.0000  -45.0000 6878.3179   23.5134
    7.5000   45.0000  -45.0000 6539.0156   23.5704
   -7.5000  -45.0000  -37.5000 7919.5283   24.0740
    0.0000  -45.0000  -37.5000 8190.1289   24.0921
    7.5000  -45.0000  -37.5000 7812.3105   24.1421
   -7.5000  -37.5000  -37.5000 8405.0166   24.0060
    0.0000  -37.5000  -37.5000 8678.0918   24.0196
    7.5000  -37.5000  -37.5000 8274.4756   24.0750
   -7.5000  -30.0000  -37.5000 9077.4521   23.8958
    0.0000  -30.0000  -37.5000 9381.4990   23.9122
    7.5000  -30.0000  -37.5000 8928.9629   23.9653
   -7.5000  -22.5000  -37.5000 9651.5518   23.8541
    0.0000  -22.5000  -37.500010007.5254   23.8787
    7.5000  -22.5000  -37.5000 9479.3076   23.9260
   -7.5000  -15.0000  -37.500010107.3223   23.9061
    0.0000  -15.0000  -37.500010507.5566   23.9370
    7.5000  -15.0000  -37.5000 9952.3770   23.9803
   -7.5000   -7.5000  -37.500010562.3223   24.0156
    0.0000   -7.5000  -37.500010961.3379   24.0429
    7.5000   -7.5000  -37.500010413.8965   24.0865
   -7.5000    0.0000  -37.500010942.0293   24.0740
    0.0000    0.0000  -37.500011312.6270   24.0921
    7.5000    0.0000  -37.500010788.5127   24.1421
   -7.5000    7.5000  -37.500010602.8350   24.0060
    0.0000    7.5000  -37.500010939.2520   24.0196
    7.5000    7.5000  -37.500010430.8203   24.0750
   -7.5000   15.0000  -37.500010107.0254   23.8958
    0.0000   15.0000  -37.500010382.8711   23.9122
    7.5000   15.0000  -37.5000 9904.9326   23.9653
   -7.5000   22.5000  -37.5000 9207.7246   23.8508
    0.0000   22.5000  -37.5000 9457.8359   23.8755
    7.5000   22.5000  -37.5000 8998.2686   23.9227
   -7.5000   30.0000  -37.5000 8269.2412   23.5876
    0.0000   30.0000  -37.5000 8496.2148   23.6180
    7.5000   30.0000  -37.5000 8087.4121   23.6607
   -7.5000   37.5000  -37.5000 7739.9048   23.6956
    0.0000   37.5000  -37.5000 7953.7739   23.7225
    7.5000   37.5000  -37.5000 7561.8159   23.7656
   -7.5000   45.0000  -37.5000 6928.1675   23.1500
    0.0000   45.0000  -37.5000 7116.6440   23.1675
    7.5000   45.0000  -37.5000 6770.9551   23.2155
   -7.5000  -45.0000  -30.0000 8639.4922   25.0157
    0.0000  -45.0000  -30.0000 8953.6299   25.0321
    7.5000  -45.0000  -30.0000 8492.7920   25.0751
   -7.5000  -37.5000  -30.0000 9154.1924   24.9511
    0.0000  -37.5000  -30.0000 9473.7676   24.9640
    7.5000  -37.5000  -30.0000 8972.5244   25.0076
   -7.5000  -30.0000  -30.0000 9882.5244   24.8473
    0.0000  -30.0000  -30.000010248.7510   24.8670
    7.5000  -30.0000  -30.0000 9698.4639   24.9088
   -7.5000  -22.5000  -30.000010480.9863   24.8096
    0.0000  -22.5000  -30.000010911.5645   24.8407
    7.5000  -22.5000  -30.000010271.0264   24.8820
   -7.5000  -15.0000  -30.000010971.4082   24.8600
    0.0000  -15.0000  -30.000011438.2861   24.8964
    7.5000  -15.0000  -30.000010743.9365   24.9401
   -7.5000   -7.5000  -30.000011405.3066   24.9621
    0.0000   -7.5000  -30.000011837.5811   24.9908
    7.5000   -7.5000  -30.000011203.5586   25.0342
   -7.5000    0.0000  -30.000011795.0664   25.0157
    0.0000    0.0000  -30.000012216.5586   25.0321
    7.5000    0.0000  -30.000011595.5723   25.0751
   -7.5000    7.5000  -30.000011447.9189   24.9511
    0.0000    7.5000  -30.000011818.7334   24.9640
    7.5000    7.5000  -30.000011220.2393   25.0076
   -7.5000   15.0000  -30.000010883.5391   24.8473
    0.0000   15.0000  -30.000011216.2256   24.8670
    7.5000   15.0000  -30.000010602.0742   24.9088
   -7.5000   22.5000  -30.0000 9965.5928   24.8036
    0.0000   22.5000  -30.000010236.4180   24.8347
    7.5000   22.5000  -30.0000 9654.5615   24.8761
   -7.5000   30.0000  -30.0000 8894.8447   24.5311
    0.0000   30.0000  -30.0000 9132.9551   24.5670
    7.5000   30.0000  -30.0000 8641.0215   24.6101
   -7.5000   37.5000  -30.0000 8250.8818   24.6318
    0.0000   37.5000  -30.0000 8488.6729   24.6601
    7.5000   37.5000  -30.0000 8047.6567   24.7029
   -7.5000   45.0000  -30.0000 7347.2861   24.0732
    0.0000   45.0000  -30.0000 7545.9219   24.0891
    7.5000   45.0000  -30.0000 7170.7168   24.1304
   -7.5000  -45.0000  -22.5000 9409.1357   25.8761
    0.0000  -45.0000  -22.5000 9765.5293   25.9046
    7.5000  -45.0000  -22.5000 9246.4043   25.9506
   -7.5000  -37.5000  -22.5000 9936.9834   25.7976
    0.0000  -37.5000  -22.500010303.1650   25.8277
    7.5000  -37.5000  -22.5000 9736.9434   25.8750
   -7.5000  -30.0000  -22.500010746.4199   25.6815
    0.0000  -30.0000  -22.500011136.2695   25.7205
    7.5000  -30.0000  -22.500010525.0967   25.7691
   -7.5000  -22.5000  -22.500011360.7354   25.6471
    0.0000  -22.5000  -22.500011833.3398   25.6934
    7.5000  -22.5000  -22.500011129.0752   25.7440
   -7.5000  -15.0000  -22.500011910.8848   25.7110
    0.0000  -15.0000  -22.500012424.3975   25.7567
    7.5000  -15.0000  -22.500011654.8174   25.8095
   -7.5000   -7.5000  -22.500012365.2646   25.8237
    0.0000   -7.5000  -22.500012870.5449   25.8605
    7.5000   -7.5000  -22.500012131.0586   25.9100
   -7.5000    0.0000  -22.500012779.4766   25.8761
    0.0000    0.0000  -22.500013290.1553   25.9046
    7.5000    0.0000  -22.500012508.4990   25.9506
   -7.5000    7.5000  -22.500012364.7539   25.7976
    0.0000    7.5000  -22.500012810.5879   25.8277
    7.5000    7.5000  -22.500012071.5283   25.8750
   -7.5000   15.0000  -22.500011699.6348   25.6815
    0.0000   15.0000  -22.500012071.1094   25.7205
    7.5000   15.0000  -22.500011339.7471   25.7691
   -7.5000   22.5000  -22.500010692.7217   25.6392
    0.0000   22.5000  -22.500010994.4688   25.6855
    7.5000   22.5000  -22.500010332.0459   25.7360
   -7.5000   30.0000  -22.5000 9553.0947   25.3747
    0.0000   30.0000  -22.5000 9829.2852   25.4198
    7.5000   30.0000  -22.5000 9244.3193   25.4719
   -7.5000   37.5000  -22.5000 8845.4355   25.4860
    0.0000   37.5000  -22.5000 9122.9912   25.5223
    7.5000   37.5000  -22.5000 8596.1074   25.5711
   -7.5000   45.0000  -22.5000 7838.7764   24.9200
    0.0000   45.0000  -22.5000 8070.7705   24.9474
    7.5000   45.0000  -22.5000 7638.2998   24.9917
   -7.5000  -45.0000  -15.000010162.9189   26.5494
    0.0000  -45.0000  -15.000010563.2959   26.5933
    7.5000  -45.0000  -15.0000 9982.3330   26.6495
   -7.5000  -37.5000  -15.000010713.4111   26.4510
    0.0000  -37.5000  -15.000011131.1904   26.5006
    7.5000  -37.5000  -15.000010513.0176   26.5636
   -7.5000  -30.0000  -15.000011563.2207   26.3144
    0.0000  -30.0000  -15.000011997.5361   26.3709
    7.5000  -30.0000  -15.000011323.3066   26.4383
   -7.5000  -22.5000  -15.000012209.7090   26.2799
    0.0000  -22.5000  -15.000012739.6650   26.3371
    7.5000  -22.5000  -15.000011989.8262   26.4041
   -7.5000  -15.0000  -15.000012808.5791   26.3609
    0.0000  -15.0000  -15.000013334.5273   26.4133
    7.5000  -15.0000  -15.000012547.0244   26.4765
   -7.5000   -7.5000  -15.000013330.5361   26.4934
    0.0000   -7.5000  -15.000013897.3818   26.5395
    7.5000   -7.5000  -15.000013082.0332   26.5964
   -7.5000    0.0000  -15.000013750.5352   26.5494
    0.0000    0.0000  -15.000014349.7754   26.5933
    7.5000    0.0000  -15.000013484.9424   26.6495
   -7.5000    7.5000  -15.000013276.6582   26.4510
    0.0000    7.5000  -15.000013798.7246   26.5006
    7.5000    7.5000  -15.000012966.7646   26.5636
   -7.5000   15.0000  -15.000012499.9375   26.3144
    0.0000   15.0000  -15.000012916.7070   26.3709
    7.5000   15.0000  -15.000012083.0439   26.4383
   -7.5000   22.5000  -15.000011421.3330   26.2706
    0.0000   22.5000  -15.000011796.6650   26.3278
    7.5000   22.5000  -15.000011035.9648   26.3948
   -7.5000   30.0000  -15.000010218.1680   26.0197
    0.0000   30.0000  -15.000010546.1680   26.0714
    7.5000   30.0000  -15.0000 9890.1807   26.1339
   -7.5000   37.5000  -15.0000 9422.0947   26.1505
    0.0000   37.5000  -15.0000 9712.3760   26.1960
    7.5000   37.5000  -15.0000 9144.8027   26.2522
   -7.5000   45.0000  -15.0000 8332.2012   25.5838
    0.0000   45.0000  -15.0000 8583.3184   25.6261
    7.5000   45.0000  -15.0000 8109.0977   25.6803
   -7.5000  -45.0000   -7.500010954.0391   26.9147
    0.0000  -45.0000   -7.500011373.2822   26.9607
    7.5000  -45.0000   -7.500010786.1533   27.0255
   -7.5000  -37.5000   -7.500011517.2656   26.8081
    0.0000  -37.5000   -7.500011972.7520   26.8579
    7.5000  -37.5000   -7.500011335.5166   26.9348
   -7.5000  -30.0000   -7.500012421.6943   26.6618
    0.0000  -30.0000   -7.500012948.7490   26.7139
    7.5000  -30.0000   -7.500012216.3770   26.7948
   -7.5000  -22.5000   -7.500013089.3750   26.6250
    0.0000  -22.5000   -7.500013674.9746   26.6753
    7.5000  -22.5000   -7.500012919.7598   26.7501
   -7.5000  -15.0000   -7.500013676.1865   26.7121
    0.0000  -15.0000   -7.500014268.4131   26.7595
    7.5000  -15.0000   -7.500013479.4209   26.8239
   -7.5000   -7.5000   -7.500014281.5400   26.8551
    0.0000   -7.5000   -7.500014918.6787   26.9005
    7.5000   -7.5000   -7.500014059.6553   26.9590
   -7.5000    0.0000   -7.500014788.4414   26.9147
    0.0000    0.0000   -7.500015464.4580   26.9607
    7.5000    0.0000   -7.500014508.7832   27.0255
   -7.5000    7.5000   -7.500014296.3213   26.8081
    0.0000    7.5000   -7.500014877.3281   26.8579
    7.5000    7.5000   -7.500013955.5303   26.9348
   -7.5000   15.0000   -7.500013359.4443   26.6618
    0.0000   15.0000   -7.500013844.0957   26.7139
    7.5000   15.0000   -7.500012945.5400   26.7948
   -7.5000   22.5000   -7.500012158.7539   26.6128
    0.0000   22.5000   -7.500012612.4150   26.6630
    7.5000   22.5000   -7.500011778.3818   26.7378
   -7.5000   30.0000   -7.500010908.4883   26.3657
    0.0000   30.0000   -7.500011299.0352   26.4125
    7.5000   30.0000   -7.500010577.4473   26.4761
   -7.5000   37.5000   -7.500010054.7871   26.5068
    0.0000   37.5000   -7.500010367.6650   26.5516
    7.5000   37.5000   -7.5000 9755.9873   26.6094
   -7.5000   45.0000   -7.5000 8838.5488   25.9407
    0.0000   45.0000   -7.5000 9120.5928   25.9850
    7.5000   45.0000   -7.5000 8614.6582   26.0475
   -7.5000  -45.0000    0.000011709.7803   26.9814
    0.0000  -45.0000    0.000012141.6484   27.0150
    7.5000  -45.0000    0.000011541.3555   27.0802
   -7.5000  -37.5000    0.000012325.1582   26.8857
    0.0000  -37.5000    0.000012785.3711   26.9179
    7.5000  -37.5000    0.000012134.2920   26.9950
   -7.5000  -30.0000    0.000013249.2764   26.7448
    0.0000  -30.0000    0.000013868.5361   26.7773
    7.5000  -30.0000    0.000013060.6660   26.8549
   -7.5000  -22.5000    0.000013935.3145   26.7009
    0.0000  -22.5000    0.000014585.0244   26.7355
    7.5000  -22.5000    0.000013804.8945   26.8032
   -7.5000  -15.0000    0.000014520.3994   26.7767
    0.0000  -15.0000    0.000015152.7188   26.8139
    7.5000  -15.0000    0.000014373.2480   26.8704
   -7.5000   -7.5000    0.000015185.3086   26.9160
    0.0000   -7.5000    0.000015884.6963   26.9526
    7.5000   -7.5000    0.000014982.2080   27.0069
   -7.5000    0.0000    0.000015717.7012   26.9814
    0.0000    0.0000    0.000016434.6875   27.0150
    7.5000    0.0000    0.000015463.4023   27.0802
   -7.5000    7.5000    0.000015154.3320   26.8857
    0.0000    7.5000    0.000015772.5703   26.9179
    7.5000    7.5000    0.000014850.7109   26.9950
   -7.5000   15.0000    0.000014081.1504   26.7448
    0.0000   15.0000    0.000014600.5820   26.7773
    7.5000   15.0000    0.000013705.5400   26.8549
   -7.5000   22.5000    0.000012790.0381   26.6886
    0.0000   22.5000    0.000013245.0615   26.7232
    7.5000   22.5000    0.000012432.5479   26.7908
   -7.5000   30.0000    0.000011505.5596   26.4302
    0.0000   30.0000    0.000011917.5801   26.4669
    7.5000   30.0000    0.000011178.3555   26.5227
   -7.5000   37.5000    0.000010625.8867   26.5677
    0.0000   37.5000    0.000010966.2764   26.6038
    7.5000   37.5000    0.000010314.3496   26.6574
   -7.5000   45.0000    0.0000 9285.1631   26.0070
    0.0000   45.0000    0.0000 9604.2207   26.0394
    7.5000   45.0000    0.0000 9080.1045   26.1022
   -7.5000  -45.0000    7.500011639.7207   26.9271
    0.0000  -45.0000    7.500012054.3730   26.9473
    7.5000  -45.0000    7.500011438.6045   27.0031
   -7.5000  -37.5000    7.500012275.7383   26.8508
    0.0000  -37.5000    7.500012849.3184   26.8658
    7.5000  -37.5000    7.500012094.3184   26.9277
   -7.5000  -30.0000    7.500013108.8887   26.7272
    0.0000  -30.0000    7.500013822.8379   26.7452
    7.5000  -30.0000    7.500013013.0762   26.8045
   -7.5000  -22.5000    7.500013623.3652   26.6804
    0.0000  -22.5000    7.500014285.3047   26.7078
    7.5000  -22.5000    7.500013670.0469   26.7604
   -7.5000  -15.0000    7.500014265.1045   26.7389
    0.0000  -15.0000    7.500014929.3984   26.7733
    7.5000  -15.0000    7.500014265.4053   26.8216
   -7.5000   -7.5000    7.500014992.8135   26.8618
    0.0000   -7.5000    7.500015711.9482   26.8921
    7.5000   -7.5000    7.500014949.1445   26.9409
   -7.5000    0.0000    7.500015500.4619   26.9271
    0.0000    0.0000    7.500016230.7998   26.9473
    7.5000    0.0000    7.500015456.0234   27.0031
   -7.5000    7.5000    7.500014883.0088   26.8508
    0.0000    7.5000    7.500015528.1738   26.8658
    7.5000    7.5000    7.500014813.7441   26.9277
   -7.5000   15.0000    7.500013722.7920   26.7272
    0.0000   15.0000    7.500014255.4160   26.7452
    7.5000   15.0000    7.500013569.9941   26.8045
   -7.5000   22.5000    7.500012453.3545   26.6681
    0.0000   22.5000    7.500012930.7451   26.6954
    7.5000   22.5000    7.500012249.6104   26.7481
   -7.5000   30.0000    7.500011222.4873   26.3929
    0.0000   30.0000    7.500011646.6787   26.4268
    7.5000   30.0000    7.500011013.7021   26.4745
   -7.5000   37.5000    7.500010452.1807   26.5141
    0.0000   37.5000    7.500010813.4834   26.5441
    7.5000   37.5000    7.500010205.3926   26.5922
   -7.5000   45.0000    7.5000 9185.2441   25.9546
    0.0000   45.0000    7.5000 9482.3838   25.9741
    7.5000   45.0000    7.5000 8970.5957   26.0278
   -7.5000  -45.0000   15.000011288.3525   26.8627
    0.0000  -45.0000   15.000011726.5732   26.8804
    7.5000  -45.0000   15.000011111.7412   26.9265
   -7.5000  -37.5000   15.000011859.1670   26.7934
    0.0000  -37.5000   15.000012364.2188   26.8072
    7.5000  -37.5000   15.000011700.7803   26.8540
   -7.5000  -30.0000   15.000012578.0957   26.6819
    0.0000  -30.0000   15.000013097.8076   26.7031
    7.5000  -30.0000   15.000012592.8105   26.7480
   -7.5000  -22.5000   15.000012964.7568   26.6414
    0.0000  -22.5000   15.000013435.8135   26.6748
    7.5000  -22.5000   15.000013209.0391   26.7192
   -7.5000  -15.0000   15.000013549.3574   26.6956
    0.0000  -15.0000   15.000014061.9766   26.7346
    7.5000  -15.0000   15.000013835.4863   26.7815
   -7.5000   -7.5000   15.000014321.1631   26.8051
    0.0000   -7.5000   15.000014990.6758   26.8360
    7.5000   -7.5000   15.000014589.8281   26.8826
   -7.5000    0.0000   15.000014854.0762   26.8627
    0.0000    0.0000   15.000015559.6504   26.8804
    7.5000    0.0000   15.000015105.6064   26.9265
   -7.5000    7.5000   15.000014360.2471   26.7934
    0.0000    7.5000   15.000014991.7969   26.8072
    7.5000    7.5000   15.000014489.7266   26.8540
   -7.5000   15.0000   15.000013210.6875   26.6819
    0.0000   15.0000   15.000013788.0322   26.7031
    7.5000   15.0000   15.000013199.9053   26.7480
   -7.5000   22.5000   15.000012114.1943   26.6291
    0.0000   22.5000   15.000012613.3203   26.6625
    7.5000   22.5000   15.000011952.9258   26.7069
   -7.5000   30.0000   15.000010919.4385   26.3501
    0.0000   30.0000   15.000011347.8486   26.3886
    7.5000   30.0000   15.000010723.4346   26.4349
   -7.5000   37.5000   15.000010141.5527   26.4582
    0.0000   37.5000   15.000010521.6396   26.4887
    7.5000   37.5000   15.0000 9918.7529   26.5347
   -7.5000   45.0000   15.0000 8944.3027   25.8926
    0.0000   45.0000   15.0000 9270.8955   25.9096
    7.5000   45.0000   15.0000 8744.9863   25.9540
   -7.5000  -45.0000   22.500010793.1270   26.8615
    0.0000  -45.0000   22.500011186.3564   26.8911
    7.5000  -45.0000   22.500010661.0879   26.9388
   -7.5000  -37.5000   22.500011211.1807   26.7800
    0.0000  -37.5000   22.500011614.0273   26.8112
    7.5000  -37.5000   22.500011162.6582   26.8603
   -7.5000  -30.0000   22.500011949.2725   26.6594
    0.0000  -30.0000   22.500012370.3027   26.6999
    7.5000  -30.0000   22.500012018.2051   26.7504
   -7.5000  -22.5000   22.500012570.5420   26.6237
    0.0000  -22.5000   22.500012999.0488   26.6718
    7.5000  -22.5000   22.500012757.9258   26.7243
   -7.5000  -15.0000   22.500013162.0010   26.6901
    0.0000  -15.0000   22.500013686.9922   26.7376
    7.5000  -15.0000   22.500013417.3896   26.7923
   -7.5000   -7.5000   22.500013916.5879   26.8071
    0.0000   -7.5000   22.500014549.5596   26.8453
    7.5000   -7.5000   22.500014114.9141   26.8967
   -7.5000    0.0000   22.500014535.8730   26.8615
    0.0000    0.0000   22.500015207.0088   26.8911
    7.5000    0.0000   22.500014617.7734   26.9388
   -7.5000    7.5000   22.500014035.3457   26.7800
    0.0000    7.5000   22.500014642.6299   26.8112
    7.5000    7.5000   22.500014012.5156   26.8603
   -7.5000   15.0000   22.500012806.7441   26.6594
    0.0000   15.0000   22.500013307.8652   26.6999
    7.5000   15.0000   22.500012716.0020   26.7504
   -7.5000   22.5000   22.500011626.5430   26.6115
    0.0000   22.5000   22.500012081.6660   26.6596
    7.5000   22.5000   22.500011520.6016   26.7120
   -7.5000   30.0000   22.500010464.5801   26.3447
    0.0000   30.0000   22.500010836.1924   26.3915
    7.5000   30.0000   22.500010344.3496   26.4456
   -7.5000   37.5000   22.5000 9742.4111   26.4602
    0.0000   37.5000   22.500010089.2598   26.4979
    7.5000   37.5000   22.5000 9562.7227   26.5486
   -7.5000   45.0000   22.5000 8609.2607   25.8914
    0.0000   45.0000   22.5000 8919.3428   25.9199
    7.5000   45.0000   22.5000 8471.0020   25.9659
   -7.5000  -45.0000   30.000010114.2256   26.9144
    0.0000  -45.0000   30.000010516.0713   26.9589
    7.5000  -45.0000   30.000010041.9727   27.0160
   -7.5000  -37.5000   30.000010540.3604   26.8146
    0.0000  -37.5000   30.000010910.2715   26.8649
    7.5000  -37.5000   30.000010470.5146   26.9288
   -7.5000  -30.0000   30.000011349.8789   26.6761
    0.0000  -30.0000   30.000011712.8965   26.7334
    7.5000  -30.0000   30.000011274.3350   26.8018
   -7.5000  -22.5000   30.000012121.5752   26.6412
    0.0000  -22.5000   30.000012539.3975   26.6993
    7.5000  -22.5000   30.000012051.0352   26.7672
   -7.5000  -15.0000   30.000012832.4023   26.7234
    0.0000  -15.0000   30.000013286.5391   26.7765
    7.5000  -15.0000   30.000012744.0107   26.8406
   -7.5000   -7.5000   30.000013506.0674   26.8577
    0.0000   -7.5000   30.000013986.7373   26.9044
    7.5000   -7.5000   30.000013378.0527   26.9622
   -7.5000    0.0000   30.000013962.8291   26.9144
    0.0000    0.0000   30.000014483.5342   26.9589
    7.5000    0.0000   30.000013845.1465   27.0160
   -7.5000    7.5000   30.000013368.9863   26.8146
    0.0000    7.5000   30.000013892.5088   26.8649
    7.5000    7.5000   30.000013256.0361   26.9288
   -7.5000   15.0000   30.000012103.0205   26.6761
    0.0000   15.0000   30.000012589.7168   26.7334
    7.5000   15.0000   30.000012004.7246   26.8018
   -7.5000   22.5000   30.000010914.0615   26.6289
    0.0000   22.5000   30.000011348.2617   26.6870
    7.5000   22.5000   30.000010822.5439   26.7549
   -7.5000   30.0000   30.0000 9807.7080   26.3775
    0.0000   30.0000   30.000010168.3789   26.4300
    7.5000   30.0000   30.0000 9716.0244   26.4933
   -7.5000   37.5000   30.0000 9163.0859   26.5101
    0.0000   37.5000   30.0000 9476.6699   26.5562
    7.5000   37.5000   30.0000 9042.1064   26.6132
   -7.5000   45.0000   30.0000 8111.3716   25.9424
    0.0000   45.0000   30.0000 8388.1748   25.9853
    7.5000   45.0000   30.0000 7997.9893   26.0403
   -7.5000  -45.0000   37.5000 9840.0156   26.9804
    0.0000  -45.0000   37.500010239.6807   27.0266
    7.5000  -45.0000   37.5000 9709.1592   27.0917
   -7.5000  -37.5000   37.500010317.1152   26.8734
    0.0000  -37.5000   37.500010687.4658   26.9234
    7.5000  -37.5000   37.500010148.2383   27.0006
   -7.5000  -30.0000   37.500011121.1396   26.7268
    0.0000  -30.0000   37.500011520.7490   26.7791
    7.5000  -30.0000   37.500010951.3691   26.8603
   -7.5000  -22.5000   37.500011826.8750   26.6902
    0.0000  -22.5000   37.500012284.8613   26.7406
    7.5000  -22.5000   37.500011676.3027   26.8157
   -7.5000  -15.0000   37.500012422.3154   26.7777
    0.0000  -15.0000   37.500012918.9873   26.8253
    7.5000  -15.0000   37.500012288.9551   26.8899
   -7.5000   -7.5000   37.500012976.7422   26.9209
    0.0000   -7.5000   37.500013477.4365   26.9665
    7.5000   -7.5000   37.500012858.3105   27.0253
   -7.5000    0.0000   37.500013417.1846   26.9804
    0.0000    0.0000   37.500013952.3105   27.0266
    7.5000    0.0000   37.500013296.8779   27.0917
   -7.5000    7.5000   37.500012892.2109   26.8734
    0.0000    7.5000   37.500013395.7734   26.9234
    7.5000    7.5000   37.500012803.4473   27.0006
   -7.5000   15.0000   37.500011739.3906   26.7268
    0.0000   15.0000   37.500012194.5264   26.7791
    7.5000   15.0000   37.500011646.6162   26.8603
   -7.5000   22.5000   37.500010585.1816   26.6779
    0.0000   22.5000   37.500011003.4863   26.7283
    7.5000   22.5000   37.500010509.3008   26.8034
   -7.5000   30.0000   37.5000 9523.9795   26.4311
    0.0000   30.0000   37.5000 9887.5811   26.4781
    7.5000   30.0000   37.5000 9420.5283   26.5419
   -7.5000   37.5000   37.5000 8869.4824   26.5724
    0.0000   37.5000   37.5000 9189.2402   26.6175
    7.5000   37.5000   37.5000 8765.5225   26.6755
   -7.5000   45.0000   37.5000 7825.4712   26.0060
    0.0000   45.0000   37.5000 8118.2573   26.0505
    7.5000   45.0000   37.5000 7739.7539   26.1133
   -7.5000  -45.0000   45.0000 9088.5967   26.9878
    0.0000  -45.0000   45.0000 9441.7451   27.0217
    7.5000  -45.0000   45.0000 8930.9521   27.0875
   -7.5000  -37.5000   45.0000 9485.7207   26.8901
    0.0000  -37.5000   45.0000 9828.0957   26.9230
    7.5000  -37.5000   45.0000 9311.0020   27.0011
   -7.5000  -30.0000   45.000010199.4746   26.7474
    0.0000  -30.0000   45.000010577.5420   26.7807
    7.5000  -30.0000   45.000010037.7695   26.8595
   -7.5000  -22.5000   45.000010816.1016   26.7039
    0.0000  -22.5000   45.000011237.6504   26.7390
    7.5000  -22.5000   45.000010674.8740   26.8079
   -7.5000  -15.0000   45.000011370.0781   26.7815
    0.0000  -15.0000   45.000011812.0625   26.8190
    7.5000  -15.0000   45.000011235.1689   26.8764
   -7.5000   -7.5000   45.000011858.2656   26.9224
    0.0000   -7.5000   45.000012314.7334   26.9592
    7.5000   -7.5000   45.000011752.9160   27.0140
   -7.5000    0.0000   45.000012285.8018   26.9878
    0.0000    0.0000   45.000012775.2881   27.0217
    7.5000    0.0000   45.000012192.3154   27.0875
   -7.5000    7.5000   45.000011819.1523   26.8901
    0.0000    7.5000   45.000012279.0547   26.9230
    7.5000    7.5000   45.000011750.6846   27.0011
   -7.5000   15.0000   45.000010793.9072   26.7474
    0.0000   15.0000   45.000011215.7627   26.7807
    7.5000   15.0000   45.000010707.7168   26.8595
   -7.5000   22.5000   45.0000 9759.1484   26.6915
    0.0000   22.5000   45.000010134.7402   26.7266
    7.5000   22.5000   45.0000 9681.9756   26.7955
   -7.5000   30.0000   45.0000 8807.2344   26.4326
    0.0000   30.0000   45.0000 9121.8975   26.4696
    7.5000   30.0000   45.0000 8705.9961   26.5262
   -7.5000   37.5000   45.0000 8191.6089   26.5716
    0.0000   37.5000   45.0000 8476.7227   26.6080
    7.5000   37.5000   45.0000 8096.1992   26.6621
   -7.5000   45.0000   45.0000 7226.4014   26.0249
    0.0000   45.0000   45.0000 7464.4180   26.0576
    7.5000   45.0000   45.0000 7135.2988   26.1211

---------------------------------------------------------------------
imgreg_4dfp /opt/freesurfer/average/711-2C_as_mni_average_305 /opt/freesurfer/average/711-2B_as_mni_average_305_mask talsrcimg_g11 none talsrcimg_to_711-2C_as_mni_average_305_t4 4355
---------------------------------------------------------------------

freesurfer imgreg_4dfp.c
/opt/freesurfer/average/711-2C_as_mni_average_305.4dfp.img
       256       256       256         1
  1.000000  1.000000  1.000000
orientation T byte_order littleendian
Reading image: /opt/freesurfer/average/711-2C_as_mni_average_305.4dfp.img
dimensions:      256       256       256
mmppix:       1.0000   -1.0000   -1.0000
center:     128.0000 -129.0000 -129.0000
/opt/freesurfer/average/711-2B_as_mni_average_305_mask.4dfp.img
       256       256       256         1
  1.000000  1.000000  1.000000
orientation T byte_order littleendian
Reading mask: /opt/freesurfer/average/711-2B_as_mni_average_305_mask.4dfp.img (2306576 pixels)
talsrcimg_g11.4dfp.img
       256       256       256         1
  1.000000  1.000000  1.000000
orientation T byte_order littleendian
Reading image: talsrcimg_g11.4dfp.img
dimensions:      256       256       256
mmppix:       1.0000   -1.0000   -1.0000
center:     128.0000 -129.0000 -129.0000
rotation matrix determinant  1.000000
image alignment mode   4355 decimal     1103 hex
   -7.5000  -45.0000  -45.0000 1972.7672   26.3126
    0.0000  -45.0000  -45.0000 1970.3639   26.3108
    7.5000  -45.0000  -45.0000 1941.3225   26.7957
   -7.5000  -37.5000  -45.0000 2049.8938   24.6973
    0.0000  -37.5000  -45.0000 2048.9153   24.6495
    7.5000  -37.5000  -45.0000 2023.0995   25.0629
   -7.5000  -30.0000  -45.0000 2089.8318   23.4939
    0.0000  -30.0000  -45.0000 2093.9026   23.4718
    7.5000  -30.0000  -45.0000 2060.2483   23.8693
   -7.5000  -22.5000  -45.0000 2110.2139   22.8326
    0.0000  -22.5000  -45.0000 2111.9912   22.7933
    7.5000  -22.5000  -45.0000 2069.6116   23.2593
   -7.5000  -15.0000  -45.0000 2101.0930   22.7330
    0.0000  -15.0000  -45.0000 2096.8611   22.6964
    7.5000  -15.0000  -45.0000 2068.0776   23.1799
   -7.5000   -7.5000  -45.0000 2091.5178   23.1708
    0.0000   -7.5000  -45.0000 2092.6633   23.1133
    7.5000   -7.5000  -45.0000 2058.9282   23.6282
   -7.5000    0.0000  -45.0000 2065.6284   24.0916
    0.0000    0.0000  -45.0000 2068.9519   24.0043
    7.5000    0.0000  -45.0000 2034.2136   24.5178
   -7.5000    7.5000  -45.0000 2025.1355   25.4072
    0.0000    7.5000  -45.0000 2028.6342   25.3394
    7.5000    7.5000  -45.0000 1995.5837   25.9252
   -7.5000   15.0000  -45.0000 1964.6680   27.1554
    0.0000   15.0000  -45.0000 1965.7317   27.1095
    7.5000   15.0000  -45.0000 1937.6650   27.7980
   -7.5000   22.5000  -45.0000 1885.5978   29.5780
    0.0000   22.5000  -45.0000 1885.8579   29.5054
    7.5000   22.5000  -45.0000 1858.9177   30.2694
   -7.5000   30.0000  -45.0000 1794.1359   32.7858
    0.0000   30.0000  -45.0000 1790.3479   32.6516
    7.5000   30.0000  -45.0000 1761.9348   33.4732
   -7.5000   37.5000  -45.0000 1683.0424   37.1250
    0.0000   37.5000  -45.0000 1679.3663   37.0151
    7.5000   37.5000  -45.0000 1645.7382   37.7719
   -7.5000   45.0000  -45.0000 1561.0046   43.0865
    0.0000   45.0000  -45.0000 1561.1553   43.1354
    7.5000   45.0000  -45.0000 1531.6599   44.0946
   -7.5000  -45.0000  -37.5000 2069.6482   24.2053
    0.0000  -45.0000  -37.5000 2068.9666   24.2315
    7.5000  -45.0000  -37.5000 2038.1917   24.6520
   -7.5000  -37.5000  -37.5000 2153.3110   22.6229
    0.0000  -37.5000  -37.5000 2157.4536   22.6312
    7.5000  -37.5000  -37.5000 2127.4758   22.9709
   -7.5000  -30.0000  -37.5000 2189.2971   21.5658
    0.0000  -30.0000  -37.5000 2196.2573   21.5666
    7.5000  -30.0000  -37.5000 2166.7302   21.8825
   -7.5000  -22.5000  -37.5000 2212.4536   21.0205
    0.0000  -22.5000  -37.5000 2218.1790   21.0156
    7.5000  -22.5000  -37.5000 2183.0754   21.3563
   -7.5000  -15.0000  -37.5000 2204.5745   20.9366
    0.0000  -15.0000  -37.5000 2214.6460   20.9851
    7.5000  -15.0000  -37.5000 2181.0425   21.3511
   -7.5000   -7.5000  -37.5000 2190.2014   21.2717
    0.0000   -7.5000  -37.5000 2196.3398   21.2323
    7.5000   -7.5000  -37.5000 2165.2993   21.6319
   -7.5000    0.0000  -37.5000 2156.8987   21.9289
    0.0000    0.0000  -37.5000 2166.8188   21.8769
    7.5000    0.0000  -37.5000 2126.4282   22.3305
   -7.5000    7.5000  -37.5000 2115.7607   23.0154
    0.0000    7.5000  -37.5000 2119.3801   22.9607
    7.5000    7.5000  -37.5000 2083.9507   23.4781
   -7.5000   15.0000  -37.5000 2057.3140   24.7317
    0.0000   15.0000  -37.5000 2058.8616   24.6991
    7.5000   15.0000  -37.5000 2026.7094   25.2536
   -7.5000   22.5000  -37.5000 1982.7035   27.1121
    0.0000   22.5000  -37.5000 1981.6006   27.0730
    7.5000   22.5000  -37.5000 1949.7998   27.6988
   -7.5000   30.0000  -37.5000 1883.9591   30.1523
    0.0000   30.0000  -37.5000 1882.2039   30.0492
    7.5000   30.0000  -37.5000 1848.1122   30.7535
   -7.5000   37.5000  -37.5000 1764.9545   34.0402
    0.0000   37.5000  -37.5000 1761.3260   33.9878
    7.5000   37.5000  -37.5000 1732.1401   34.7709
   -7.5000   45.0000  -37.5000 1625.3451   39.5194
    0.0000   45.0000  -37.5000 1622.4204   39.3863
    7.5000   45.0000  -37.5000 1597.4851   40.2338
   -7.5000  -45.0000  -30.0000 2196.4099   22.9762
    0.0000  -45.0000  -30.0000 2199.1638   23.0983
    7.5000  -45.0000  -30.0000 2174.8220   23.4909
   -7.5000  -37.5000  -30.0000 2291.6545   21.4825
    0.0000  -37.5000  -30.0000 2291.4719   21.5259
    7.5000  -37.5000  -30.0000 2258.6370   21.8229
   -7.5000  -30.0000  -30.0000 2335.8516   20.4530
    0.0000  -30.0000  -30.0000 2337.9531   20.4910
    7.5000  -30.0000  -30.0000 2305.6284   20.7440
   -7.5000  -22.5000  -30.0000 2359.3430   19.8766
    0.0000  -22.5000  -30.0000 2366.1653   19.9301
    7.5000  -22.5000  -30.0000 2322.0117   20.2047
   -7.5000  -15.0000  -30.0000 2355.7073   19.7990
    0.0000  -15.0000  -30.0000 2366.6350   19.8775
    7.5000  -15.0000  -30.0000 2322.6724   20.2059
   -7.5000   -7.5000  -30.0000 2338.6575   20.0891
    0.0000   -7.5000  -30.0000 2342.7529   20.0909
    7.5000   -7.5000  -30.0000 2311.8789   20.4090
   -7.5000    0.0000  -30.0000 2307.9778   20.7288
    0.0000    0.0000  -30.0000 2315.1343   20.7372
    7.5000    0.0000  -30.0000 2274.0146   21.0816
   -7.5000    7.5000  -30.0000 2263.0327   21.7909
    0.0000    7.5000  -30.0000 2267.4111   21.7581
    7.5000    7.5000  -30.0000 2230.0127   22.2100
   -7.5000   15.0000  -30.0000 2197.5007   23.4874
    0.0000   15.0000  -30.0000 2202.3037   23.5018
    7.5000   15.0000  -30.0000 2166.0044   23.9506
   -7.5000   22.5000  -30.0000 2115.0771   25.8005
    0.0000   22.5000  -30.0000 2116.4585   25.7286
    7.5000   22.5000  -30.0000 2076.1074   26.2542
   -7.5000   30.0000  -30.0000 2002.5026   28.7286
    0.0000   30.0000  -30.0000 2000.6566   28.6427
    7.5000   30.0000  -30.0000 1961.1904   29.2310
   -7.5000   37.5000  -30.0000 1872.6929   32.5358
    0.0000   37.5000  -30.0000 1873.1912   32.4488
    7.5000   37.5000  -30.0000 1838.2482   33.1690
   -7.5000   45.0000  -30.0000 1718.9465   37.4323
    0.0000   45.0000  -30.0000 1716.0012   37.3528
    7.5000   45.0000  -30.0000 1690.3015   38.2663
   -7.5000  -45.0000  -22.5000 2301.8674   21.6264
    0.0000  -45.0000  -22.5000 2306.8765   21.7744
    7.5000  -45.0000  -22.5000 2276.9414   22.1424
   -7.5000  -37.5000  -22.5000 2403.3018   20.1465
    0.0000  -37.5000  -22.5000 2402.7410   20.2658
    7.5000  -37.5000  -22.5000 2367.1726   20.5884
   -7.5000  -30.0000  -22.5000 2459.7166   19.1687
    0.0000  -30.0000  -22.5000 2457.3960   19.2513
    7.5000  -30.0000  -22.5000 2422.9229   19.5196
   -7.5000  -22.5000  -22.5000 2487.5642   18.6069
    0.0000  -22.5000  -22.5000 2488.0535   18.7104
    7.5000  -22.5000  -22.5000 2449.5425   18.9593
   -7.5000  -15.0000  -22.5000 2501.0859   18.5079
    0.0000  -15.0000  -22.5000 2507.2524   18.5916
    7.5000  -15.0000  -22.5000 2458.2273   18.8654
   -7.5000   -7.5000  -22.5000 2484.5015   18.8160
    0.0000   -7.5000  -22.5000 2487.1003   18.8729
    7.5000   -7.5000  -22.5000 2449.1045   19.1622
   -7.5000    0.0000  -22.5000 2453.1787   19.4694
    0.0000    0.0000  -22.5000 2454.4500   19.4807
    7.5000    0.0000  -22.5000 2407.0273   19.8393
   -7.5000    7.5000  -22.5000 2400.1130   20.5710
    0.0000    7.5000  -22.5000 2403.0117   20.5888
    7.5000    7.5000  -22.5000 2357.8164   20.9463
   -7.5000   15.0000  -22.5000 2320.2910   22.2002
    0.0000   15.0000  -22.5000 2327.6289   22.2008
    7.5000   15.0000  -22.5000 2283.2397   22.5827
   -7.5000   22.5000  -22.5000 2220.2900   24.3715
    0.0000   22.5000  -22.5000 2224.6279   24.3634
    7.5000   22.5000  -22.5000 2184.5229   24.8041
   -7.5000   30.0000  -22.5000 2098.1030   27.1635
    0.0000   30.0000  -22.5000 2097.9531   27.1691
    7.5000   30.0000  -22.5000 2057.3489   27.6857
   -7.5000   37.5000  -22.5000 1956.9850   30.6630
    0.0000   37.5000  -22.5000 1963.1685   30.6242
    7.5000   37.5000  -22.5000 1924.1276   31.2117
   -7.5000   45.0000  -22.5000 1795.3600   35.3018
    0.0000   45.0000  -22.5000 1790.2946   35.2117
    7.5000   45.0000  -22.5000 1761.5288   35.9199
   -7.5000  -45.0000  -15.0000 2378.9578   20.4021
    0.0000  -45.0000  -15.0000 2384.5850   20.6134
    7.5000  -45.0000  -15.0000 2347.4097   20.9492
   -7.5000  -37.5000  -15.0000 2484.7954   18.9135
    0.0000  -37.5000  -15.0000 2491.3792   19.0860
    7.5000  -37.5000  -15.0000 2448.6130   19.3968
   -7.5000  -30.0000  -15.0000 2553.0356   17.9241
    0.0000  -30.0000  -15.0000 2549.5632   18.0788
    7.5000  -30.0000  -15.0000 2508.6948   18.3395
   -7.5000  -22.5000  -15.0000 2588.6921   17.3811
    0.0000  -22.5000  -15.0000 2589.3765   17.5154
    7.5000  -22.5000  -15.0000 2545.0720   17.7925
   -7.5000  -15.0000  -15.0000 2613.7314   17.3095
    0.0000  -15.0000  -15.0000 2616.9880   17.4010
    7.5000  -15.0000  -15.0000 2568.4121   17.7277
   -7.5000   -7.5000  -15.0000 2603.7808   17.6612
    0.0000   -7.5000  -15.0000 2608.6389   17.6884
    7.5000   -7.5000  -15.0000 2565.3279   17.9925
   -7.5000    0.0000  -15.0000 2560.8494   18.3754
    0.0000    0.0000  -15.0000 2568.5317   18.4156
    7.5000    0.0000  -15.0000 2516.2087   18.6935
   -7.5000    7.5000  -15.0000 2509.0500   19.4839
    0.0000    7.5000  -15.0000 2516.1418   19.5471
    7.5000    7.5000  -15.0000 2466.9016   19.8215
   -7.5000   15.0000  -15.0000 2418.2168   21.0103
    0.0000   15.0000  -15.0000 2425.0889   21.0580
    7.5000   15.0000  -15.0000 2373.2341   21.3423
   -7.5000   22.5000  -15.0000 2302.0791   23.0014
    0.0000   22.5000  -15.0000 2307.3130   23.0628
    7.5000   22.5000  -15.0000 2261.8242   23.4043
   -7.5000   30.0000  -15.0000 2162.1555   25.6996
    0.0000   30.0000  -15.0000 2164.2517   25.7475
    7.5000   30.0000  -15.0000 2127.9282   26.1722
   -7.5000   37.5000  -15.0000 2012.7874   29.0087
    0.0000   37.5000  -15.0000 2015.7887   29.0053
    7.5000   37.5000  -15.0000 1980.9489   29.5409
   -7.5000   45.0000  -15.0000 1844.9100   33.2575
    0.0000   45.0000  -15.0000 1848.5679   33.3089
    7.5000   45.0000  -15.0000 1817.3176   33.9121
   -7.5000  -45.0000   -7.5000 2433.9236   19.3591
    0.0000  -45.0000   -7.5000 2440.6729   19.5607
    7.5000  -45.0000   -7.5000 2405.1477   19.9862
   -7.5000  -37.5000   -7.5000 2550.1848   17.9189
    0.0000  -37.5000   -7.5000 2559.1292   18.0918
    7.5000  -37.5000   -7.5000 2518.1497   18.4592
   -7.5000  -30.0000   -7.5000 2632.4841   16.8528
    0.0000  -30.0000   -7.5000 2639.2324   17.0102
    7.5000  -30.0000   -7.5000 2596.5630   17.3238
   -7.5000  -22.5000   -7.5000 2679.2051   16.3066
    0.0000  -22.5000   -7.5000 2684.6604   16.4563
    7.5000  -22.5000   -7.5000 2639.1936   16.7554
   -7.5000  -15.0000   -7.5000 2707.5752   16.2685
    0.0000  -15.0000   -7.5000 2712.2742   16.3469
    7.5000  -15.0000   -7.5000 2662.1831   16.7003
   -7.5000   -7.5000   -7.5000 2701.3193   16.6352
    0.0000   -7.5000   -7.5000 2712.5889   16.6802
    7.5000   -7.5000   -7.5000 2659.9614   16.9737
   -7.5000    0.0000   -7.5000 2659.8750   17.3601
    0.0000    0.0000   -7.5000 2671.2070   17.4181
    7.5000    0.0000   -7.5000 2613.7336   17.6600
   -7.5000    7.5000   -7.5000 2595.0840   18.4658
    0.0000    7.5000   -7.5000 2601.7842   18.5216
    7.5000    7.5000   -7.5000 2550.1746   18.8174
   -7.5000   15.0000   -7.5000 2493.8625   19.9550
    0.0000   15.0000   -7.5000 2496.0200   20.0344
    7.5000   15.0000   -7.5000 2450.9080   20.3420
   -7.5000   22.5000   -7.5000 2370.6914   21.9070
    0.0000   22.5000   -7.5000 2373.5784   21.9137
    7.5000   22.5000   -7.5000 2330.4187   22.2748
   -7.5000   30.0000   -7.5000 2215.4880   24.4325
    0.0000   30.0000   -7.5000 2221.1321   24.4148
    7.5000   30.0000   -7.5000 2182.1633   24.8218
   -7.5000   37.5000   -7.5000 2053.7839   27.6892
    0.0000   37.5000   -7.5000 2054.3889   27.6697
    7.5000   37.5000   -7.5000 2022.2720   28.1595
   -7.5000   45.0000   -7.5000 1884.5200   31.7832
    0.0000   45.0000   -7.5000 1889.3334   31.7228
    7.5000   45.0000   -7.5000 1859.0597   32.4104
   -7.5000  -45.0000    0.0000 2477.2083   18.6713
    0.0000  -45.0000    0.0000 2484.8674   18.7856
    7.5000  -45.0000    0.0000 2449.3037   19.3303
   -7.5000  -37.5000    0.0000 2595.1743   17.2055
    0.0000  -37.5000    0.0000 2606.3184   17.3486
    7.5000  -37.5000    0.0000 2563.9539   17.7995
   -7.5000  -30.0000    0.0000 2693.6953   16.0848
    0.0000  -30.0000    0.0000 2705.4519   16.2379
    7.5000  -30.0000    0.0000 2657.5830   16.6364
   -7.5000  -22.5000    0.0000 2761.3376   15.4363
    0.0000  -22.5000    0.0000 2774.0549   15.5888
    7.5000  -22.5000    0.0000 2716.7827   15.9603
   -7.5000  -15.0000    0.0000 2791.9082   15.4047
    0.0000  -15.0000    0.0000 2800.3816   15.4957
    7.5000  -15.0000    0.0000 2741.5005   15.8869
   -7.5000   -7.5000    0.0000 2791.7114   15.8190
    0.0000   -7.5000    0.0000 2804.8362   15.8629
    7.5000   -7.5000    0.0000 2739.3530   16.1757
   -7.5000    0.0000    0.0000 2741.8691   16.5452
    0.0000    0.0000    0.0000 2748.7805   16.5711
    7.5000    0.0000    0.0000 2695.2437   16.8908
   -7.5000    7.5000    0.0000 2660.8354   17.6231
    0.0000    7.5000    0.0000 2665.8528   17.6562
    7.5000    7.5000    0.0000 2615.1328   18.0067
   -7.5000   15.0000    0.0000 2548.5776   19.1090
    0.0000   15.0000    0.0000 2550.4287   19.1625
    7.5000   15.0000    0.0000 2504.4927   19.5102
   -7.5000   22.5000    0.0000 2418.2383   21.0543
    0.0000   22.5000    0.0000 2417.5356   21.0820
    7.5000   22.5000    0.0000 2373.3462   21.4526
   -7.5000   30.0000    0.0000 2258.9106   23.6214
    0.0000   30.0000    0.0000 2260.2837   23.6193
    7.5000   30.0000    0.0000 2217.1941   24.0269
   -7.5000   37.5000    0.0000 2085.4451   26.8245
    0.0000   37.5000    0.0000 2084.9490   26.7469
    7.5000   37.5000    0.0000 2049.3347   27.2473
   -7.5000   45.0000    0.0000 1907.9526   30.7566
    0.0000   45.0000    0.0000 1913.0494   30.7039
    7.5000   45.0000    0.0000 1887.9437   31.3521
   -7.5000  -45.0000    7.5000 2512.8464   18.1007
    0.0000  -45.0000    7.5000 2517.4971   18.2192
    7.5000  -45.0000    7.5000 2475.2451   18.8711
   -7.5000  -37.5000    7.5000 2625.8262   16.6559
    0.0000  -37.5000    7.5000 2637.0469   16.7727
    7.5000  -37.5000    7.5000 2595.6843   17.3362
   -7.5000  -30.0000    7.5000 2727.1404   15.5210
    0.0000  -30.0000    7.5000 2745.4185   15.6954
    7.5000  -30.0000    7.5000 2693.0745   16.1709
   -7.5000  -22.5000    7.5000 2807.1536   14.6864
    0.0000  -22.5000    7.5000 2835.1772   14.8472
    7.5000  -22.5000    7.5000 2763.4250   15.3903
   -7.5000  -15.0000    7.5000 2858.8262   14.5833
    0.0000  -15.0000    7.5000 2879.1804   14.6670
    7.5000  -15.0000    7.5000 2799.9224   15.2194
   -7.5000   -7.5000    7.5000 2860.8770   15.1223
    0.0000   -7.5000    7.5000 2877.7229   15.1462
    7.5000   -7.5000    7.5000 2807.8401   15.6245
   -7.5000    0.0000    7.5000 2795.3943   15.9224
    0.0000    0.0000    7.5000 2802.9331   15.9668
    7.5000    0.0000    7.5000 2754.7124   16.3769
   -7.5000    7.5000    7.5000 2708.6201   17.0248
    0.0000    7.5000    7.5000 2709.8774   17.0639
    7.5000    7.5000    7.5000 2670.5994   17.5104
   -7.5000   15.0000    7.5000 2589.0063   18.5136
    0.0000   15.0000    7.5000 2587.8979   18.5428
    7.5000   15.0000    7.5000 2548.2419   19.0399
   -7.5000   22.5000    7.5000 2447.9543   20.5273
    0.0000   22.5000    7.5000 2450.8789   20.5550
    7.5000   22.5000    7.5000 2405.3203   21.0383
   -7.5000   30.0000    7.5000 2280.9155   23.0014
    0.0000   30.0000    7.5000 2282.2400   23.0376
    7.5000   30.0000    7.5000 2242.3726   23.5422
   -7.5000   37.5000    7.5000 2107.2874   26.0482
    0.0000   37.5000    7.5000 2107.4746   26.1310
    7.5000   37.5000    7.5000 2072.2461   26.7112
   -7.5000   45.0000    7.5000 1929.2428   29.8543
    0.0000   45.0000    7.5000 1929.8503   29.9211
    7.5000   45.0000    7.5000 1898.3278   30.5429
   -7.5000  -45.0000   15.0000 2508.1538   17.7709
    0.0000  -45.0000   15.0000 2514.3926   17.7931
    7.5000  -45.0000   15.0000 2472.4749   18.5117
   -7.5000  -37.5000   15.0000 2620.9163   16.3076
    0.0000  -37.5000   15.0000 2622.2832   16.3406
    7.5000  -37.5000   15.0000 2585.1963   17.0308
   -7.5000  -30.0000   15.0000 2719.3108   15.1031
    0.0000  -30.0000   15.0000 2732.0522   15.2034
    7.5000  -30.0000   15.0000 2687.2261   15.8292
   -7.5000  -22.5000   15.0000 2806.0891   14.1752
    0.0000  -22.5000   15.0000 2821.0469   14.1871
    7.5000  -22.5000   15.0000 2762.6265   15.0140
   -7.5000  -15.0000   15.0000 2869.5286   13.9488
    0.0000  -15.0000   15.0000 2877.0066   13.9313
    7.5000  -15.0000   15.0000 2815.6787   14.8270
   -7.5000   -7.5000   15.0000 2878.1516   14.5411
    0.0000   -7.5000   15.0000 2899.3110   14.5667
    7.5000   -7.5000   15.0000 2831.4326   15.3396
   -7.5000    0.0000   15.0000 2810.4229   15.5742
    0.0000    0.0000   15.0000 2825.6965   15.6049
    7.5000    0.0000   15.0000 2774.9072   16.1770
   -7.5000    7.5000   15.0000 2723.4280   16.7438
    0.0000    7.5000   15.0000 2728.1389   16.7802
    7.5000    7.5000   15.0000 2685.6155   17.2475
   -7.5000   15.0000   15.0000 2588.9409   18.2233
    0.0000   15.0000   15.0000 2598.8882   18.2561
    7.5000   15.0000   15.0000 2554.8640   18.6924
   -7.5000   22.5000   15.0000 2448.8425   20.1824
    0.0000   22.5000   15.0000 2456.1482   20.2236
    7.5000   22.5000   15.0000 2411.7925   20.6601
   -7.5000   30.0000   15.0000 2284.8579   22.6270
    0.0000   30.0000   15.0000 2287.9648   22.7092
    7.5000   30.0000   15.0000 2251.0730   23.1846
   -7.5000   37.5000   15.0000 2108.8167   25.6216
    0.0000   37.5000   15.0000 2115.1248   25.7398
    7.5000   37.5000   15.0000 2074.2559   26.2895
   -7.5000   45.0000   15.0000 1939.3542   29.3828
    0.0000   45.0000   15.0000 1939.6874   29.4169
    7.5000   45.0000   15.0000 1910.7469   30.0961
   -7.5000  -45.0000   22.5000 2498.3267   17.8338
    0.0000  -45.0000   22.5000 2503.7300   17.7633
    7.5000  -45.0000   22.5000 2462.6055   18.5405
   -7.5000  -37.5000   22.5000 2607.2581   16.2779
    0.0000  -37.5000   22.5000 2612.9431   16.2635
    7.5000  -37.5000   22.5000 2574.1646   17.0386
   -7.5000  -30.0000   22.5000 2707.6729   15.0617
    0.0000  -30.0000   22.5000 2715.0286   15.0114
    7.5000  -30.0000   22.5000 2681.7825   15.8943
   -7.5000  -22.5000   22.5000 2799.6685   14.3379
    0.0000  -22.5000   22.5000 2809.8699   14.2969
    7.5000  -22.5000   22.5000 2772.0078   15.1888
   -7.5000  -15.0000   22.5000 2858.3079   14.2718
    0.0000  -15.0000   22.5000 2880.2085   14.2727
    7.5000  -15.0000   22.5000 2827.7419   15.0877
   -7.5000   -7.5000   22.5000 2886.7156   14.7799
    0.0000   -7.5000   22.5000 2911.6555   14.8088
    7.5000   -7.5000   22.5000 2834.0613   15.4668
   -7.5000    0.0000   22.5000 2820.6672   15.7557
    0.0000    0.0000   22.5000 2844.2915   15.7840
    7.5000    0.0000   22.5000 2778.6228   16.2587
   -7.5000    7.5000   22.5000 2715.4229   16.7966
    0.0000    7.5000   22.5000 2728.9902   16.8162
    7.5000    7.5000   22.5000 2679.8940   17.2453
   -7.5000   15.0000   22.5000 2578.3206   18.2345
    0.0000   15.0000   22.5000 2590.4685   18.2457
    7.5000   15.0000   22.5000 2549.6279   18.6740
   -7.5000   22.5000   22.5000 2432.3550   20.1059
    0.0000   22.5000   22.5000 2446.3696   20.1545
    7.5000   22.5000   22.5000 2409.1362   20.5680
   -7.5000   30.0000   22.5000 2266.8018   22.5380
    0.0000   30.0000   22.5000 2271.4336   22.5931
    7.5000   30.0000   22.5000 2239.7739   23.0683
   -7.5000   37.5000   22.5000 2104.0364   25.6332
    0.0000   37.5000   22.5000 2109.7253   25.6609
    7.5000   37.5000   22.5000 2074.5400   26.1833
   -7.5000   45.0000   22.5000 1931.8457   29.3533
    0.0000   45.0000   22.5000 1939.5925   29.3424
    7.5000   45.0000   22.5000 1914.9723   29.9247
   -7.5000  -45.0000   30.0000 2476.5977   18.1909
    0.0000  -45.0000   30.0000 2488.5652   18.1447
    7.5000  -45.0000   30.0000 2452.0449   18.9407
   -7.5000  -37.5000   30.0000 2587.7483   16.7226
    0.0000  -37.5000   30.0000 2594.9517   16.6470
    7.5000  -37.5000   30.0000 2560.6592   17.4113
   -7.5000  -30.0000   30.0000 2700.8252   15.6714
    0.0000  -30.0000   30.0000 2703.8872   15.5349
    7.5000  -30.0000   30.0000 2665.9543   16.3573
   -7.5000  -22.5000   30.0000 2785.9790   15.0956
    0.0000  -22.5000   30.0000 2796.6416   15.0859
    7.5000  -22.5000   30.0000 2756.6963   15.8104
   -7.5000  -15.0000   30.0000 2830.4189   15.1189
    0.0000  -15.0000   30.0000 2847.6577   15.1193
    7.5000  -15.0000   30.0000 2803.9600   15.7398
   -7.5000   -7.5000   30.0000 2835.5420   15.4869
    0.0000   -7.5000   30.0000 2855.9451   15.5014
    7.5000   -7.5000   30.0000 2801.7917   16.0438
   -7.5000    0.0000   30.0000 2766.8000   16.2672
    0.0000    0.0000   30.0000 2792.1355   16.2823
    7.5000    0.0000   30.0000 2740.2302   16.7146
   -7.5000    7.5000   30.0000 2672.4863   17.2769
    0.0000    7.5000   30.0000 2689.9531   17.2703
    7.5000    7.5000   30.0000 2643.1196   17.6689
   -7.5000   15.0000   30.0000 2540.5051   18.6614
    0.0000   15.0000   30.0000 2555.5476   18.6580
    7.5000   15.0000   30.0000 2518.4866   19.0527
   -7.5000   22.5000   30.0000 2401.6218   20.4886
    0.0000   22.5000   30.0000 2412.3804   20.5038
    7.5000   22.5000   30.0000 2381.7871   20.8806
   -7.5000   30.0000   30.0000 2241.1980   22.8455
    0.0000   30.0000   30.0000 2245.8701   22.8320
    7.5000   30.0000   30.0000 2219.6887   23.2443
   -7.5000   37.5000   30.0000 2085.1436   25.8157
    0.0000   37.5000   30.0000 2094.2488   25.8049
    7.5000   37.5000   30.0000 2060.4368   26.2672
   -7.5000   45.0000   30.0000 1913.2007   29.5176
    0.0000   45.0000   30.0000 1926.7751   29.4729
    7.5000   45.0000   30.0000 1896.5198   30.0860
   -7.5000  -45.0000   37.5000 2457.3613   18.9918
    0.0000  -45.0000   37.5000 2466.4717   19.0042
    7.5000  -45.0000   37.5000 2420.9531   19.6338
   -7.5000  -37.5000   37.5000 2574.1138   17.6419
    0.0000  -37.5000   37.5000 2583.3389   17.5769
    7.5000  -37.5000   37.5000 2533.6440   18.1997
   -7.5000  -30.0000   37.5000 2669.3042   16.6378
    0.0000  -30.0000   37.5000 2684.1443   16.5999
    7.5000  -30.0000   37.5000 2633.9182   17.1977
   -7.5000  -22.5000   37.5000 2736.2512   16.0630
    0.0000  -22.5000   37.5000 2751.7473   16.0823
    7.5000  -22.5000   37.5000 2707.8228   16.6540
   -7.5000  -15.0000   37.5000 2759.6206   15.9763
    0.0000  -15.0000   37.5000 2778.2971   16.0007
    7.5000  -15.0000   37.5000 2732.9954   16.5406
   -7.5000   -7.5000   37.5000 2744.7849   16.2569
    0.0000   -7.5000   37.5000 2765.7473   16.3027
    7.5000   -7.5000   37.5000 2725.2625   16.7964
   -7.5000    0.0000   37.5000 2679.4592   16.9283
    0.0000    0.0000   37.5000 2707.2812   16.9494
    7.5000    0.0000   37.5000 2662.1108   17.3964
   -7.5000    7.5000   37.5000 2591.8684   17.9316
    0.0000    7.5000   37.5000 2610.5864   17.9628
    7.5000    7.5000   37.5000 2575.4526   18.3680
   -7.5000   15.0000   37.5000 2476.4800   19.3358
    0.0000   15.0000   37.5000 2491.1167   19.3633
    7.5000   15.0000   37.5000 2459.8372   19.7720
   -7.5000   22.5000   37.5000 2346.1633   21.1685
    0.0000   22.5000   37.5000 2357.9897   21.2022
    7.5000   22.5000   37.5000 2328.2300   21.5911
   -7.5000   30.0000   37.5000 2202.6562   23.4410
    0.0000   30.0000   37.5000 2213.0950   23.3990
    7.5000   30.0000   37.5000 2178.8030   23.9082
   -7.5000   37.5000   37.5000 2053.8357   26.3679
    0.0000   37.5000   37.5000 2064.2773   26.3100
    7.5000   37.5000   37.5000 2034.0234   26.9227
   -7.5000   45.0000   37.5000 1882.1437   30.1370
    0.0000   45.0000   37.5000 1894.6069   30.0496
    7.5000   45.0000   37.5000 1870.8254   30.7474
   -7.5000  -45.0000   45.0000 2410.6089   20.0933
    0.0000  -45.0000   45.0000 2420.7024   20.0904
    7.5000  -45.0000   45.0000 2377.1248   20.6352
   -7.5000  -37.5000   45.0000 2517.9656   18.7221
    0.0000  -37.5000   45.0000 2530.3662   18.6641
    7.5000  -37.5000   45.0000 2478.6123   19.2031
   -7.5000  -30.0000   45.0000 2604.2324   17.7014
    0.0000  -30.0000   45.0000 2621.2039   17.6973
    7.5000  -30.0000   45.0000 2567.6934   18.1810
   -7.5000  -22.5000   45.0000 2655.2996   17.0937
    0.0000  -22.5000   45.0000 2672.1519   17.1302
    7.5000  -22.5000   45.0000 2626.3064   17.6252
   -7.5000  -15.0000   45.0000 2667.1875   16.9893
    0.0000  -15.0000   45.0000 2686.3806   17.0159
    7.5000  -15.0000   45.0000 2643.7358   17.5166
   -7.5000   -7.5000   45.0000 2647.0010   17.1960
    0.0000   -7.5000   45.0000 2664.4524   17.2250
    7.5000   -7.5000   45.0000 2629.3264   17.7347
   -7.5000    0.0000   45.0000 2584.1411   17.8011
    0.0000    0.0000   45.0000 2605.7708   17.8001
    7.5000    0.0000   45.0000 2570.4060   18.2698
   -7.5000    7.5000   45.0000 2497.2583   18.7658
    0.0000    7.5000   45.0000 2513.3821   18.7585
    7.5000    7.5000   45.0000 2484.3516   19.2367
   -7.5000   15.0000   45.0000 2393.4431   20.1564
    0.0000   15.0000   45.0000 2406.6030   20.1946
    7.5000   15.0000   45.0000 2372.3933   20.6395
   -7.5000   22.5000   45.0000 2276.1951   22.0322
    0.0000   22.5000   45.0000 2290.2358   22.0962
    7.5000   22.5000   45.0000 2255.9202   22.4912
   -7.5000   30.0000   45.0000 2151.9963   24.3226
    0.0000   30.0000   45.0000 2157.1511   24.3320
    7.5000   30.0000   45.0000 2128.5647   24.7730
   -7.5000   37.5000   45.0000 2005.0742   27.3185
    0.0000   37.5000   45.0000 2009.7102   27.3080
    7.5000   37.5000   45.0000 1986.8790   27.8164
   -7.5000   45.0000   45.0000 1840.3615   31.1415
    0.0000   45.0000   45.0000 1848.2545   31.0740
    7.5000   45.0000   45.0000 1829.3517   31.7444

---------------------------------------------------------------------
imgreg_4dfp /opt/freesurfer/average/711-2C_as_mni_average_305 /opt/freesurfer/average/711-2B_as_mni_average_305_mask talsrcimg_g11 none talsrcimg_to_711-2C_as_mni_average_305_t4 1283
---------------------------------------------------------------------

freesurfer imgreg_4dfp.c
/opt/freesurfer/average/711-2C_as_mni_average_305.4dfp.img
       256       256       256         1
  1.000000  1.000000  1.000000
orientation T byte_order littleendian
Reading image: /opt/freesurfer/average/711-2C_as_mni_average_305.4dfp.img
dimensions:      256       256       256
mmppix:       1.0000   -1.0000   -1.0000
center:     128.0000 -129.0000 -129.0000
/opt/freesurfer/average/711-2B_as_mni_average_305_mask.4dfp.img
       256       256       256         1
  1.000000  1.000000  1.000000
orientation T byte_order littleendian
Reading mask: /opt/freesurfer/average/711-2B_as_mni_average_305_mask.4dfp.img (2306576 pixels)
talsrcimg_g11.4dfp.img
       256       256       256         1
  1.000000  1.000000  1.000000
orientation T byte_order littleendian
Reading image: talsrcimg_g11.4dfp.img
dimensions:      256       256       256
mmppix:       1.0000   -1.0000   -1.0000
center:     128.0000 -129.0000 -129.0000
rotation matrix determinant  1.000000
fimgreg.f
image alignment mode   1283 decimal      503 hex
parameters
    0.0000   -7.5000   22.5000    0.0000    0.0000    0.0000
eta,q 0.91308 14.77095
niter,ni,del,rscale     5    3   12.0000    1.2000
parameters
   -1.4295   -7.6761   20.7303    1.4481    2.0548    0.8520
eta,q 0.92032 14.61446
  0.0875  0.0953  0.0865  0.0946  0.0868  0.0879
  0.0849  0.0891  0.0851  0.0901  0.0853  0.0841
  0.0825  0.0840  0.0813  0.0845  0.0840  0.0809
  0.0817  0.0815  0.0815  0.0811  0.0812  0.0796
  0.0846  0.0848  0.0867  0.0815  0.0796  0.0803
  0.0910  0.0903  0.0925  0.0832  0.0804  0.0822
  0.1003  0.0968  0.0988  0.0867  0.0834  0.0840
niter,ni,del,rscale     4    3   12.0000    1.2000
parameters
   -1.9647   -8.3180   20.3663    1.9645    2.2731    1.1329
eta,q 0.91956 14.48425
  0.0886  0.0925  0.0895  0.0926  0.0861  0.0872
  0.0854  0.0858  0.0854  0.0866  0.0850  0.0836
  0.0819  0.0805  0.0829  0.0810  0.0825  0.0809
  0.0797  0.0800  0.0796  0.0802  0.0805  0.0804
  0.0812  0.0837  0.0809  0.0818  0.0807  0.0816
  0.0864  0.0908  0.0872  0.0842  0.0832  0.0835
  0.0945  0.0981  0.0931  0.0884  0.0866  0.0853
niter,ni,del,rscale     3    3   12.0000    1.2000
parameters
   -2.0360   -8.7118   20.3901    2.2322    2.3423    1.1922
eta,q 0.91934 14.43959
  0.0890  0.0933  0.0903  0.0921  0.0861  0.0870
  0.0860  0.0869  0.0862  0.0857  0.0849  0.0834
  0.0827  0.0819  0.0833  0.0805  0.0825  0.0809
  0.0804  0.0805  0.0805  0.0804  0.0807  0.0806
  0.0809  0.0828  0.0800  0.0825  0.0811  0.0820
  0.0846  0.0896  0.0854  0.0849  0.0837  0.0840
  0.0912  0.0972  0.0917  0.0891  0.0870  0.0859
niter,ni,del,rscale     2    3   12.0000    1.2000
parameters
   -2.0234   -8.8621   20.4502    2.3444    2.3069    1.1982
eta,q 0.91925 14.43079
  0.0890  0.0940  0.0904  0.0915  0.0860  0.0869
  0.0860  0.0878  0.0863  0.0851  0.0848  0.0834
  0.0829  0.0826  0.0835  0.0801  0.0824  0.0810
  0.0807  0.0806  0.0807  0.0806  0.0807  0.0807
  0.0810  0.0820  0.0801  0.0828  0.0813  0.0821
  0.0844  0.0883  0.0853  0.0852  0.0839  0.0840
  0.0906  0.0961  0.0916  0.0894  0.0872  0.0861
niter,ni,del,rscale     1    3   12.0000    1.2000
parameters
   -2.0247   -8.9005   20.4967    2.3898    2.2605    1.1897
eta,q 0.91924 14.43315
  0.0890  0.0943  0.0904  0.0914  0.0859  0.0868
  0.0860  0.0882  0.0864  0.0848  0.0848  0.0833
  0.0829  0.0830  0.0836  0.0800  0.0824  0.0810
  0.0807  0.0807  0.0808  0.0807  0.0807  0.0808
  0.0812  0.0818  0.0802  0.0829  0.0813  0.0821
  0.0845  0.0878  0.0855  0.0853  0.0839  0.0840
  0.0907  0.0955  0.0917  0.0896  0.0871  0.0861
registration optimization eta report
parameter search radius
    6.0000    6.0000    6.0000    6.0000    6.0000    6.0000
100000*second partial in parameter space
       25.       39.       29.       28.       15.       16.
  0.0890  0.0943  0.0904  0.0914  0.0859  0.0868
  0.0860  0.0882  0.0864  0.0848  0.0848  0.0833
  0.0829  0.0830  0.0836  0.0800  0.0824  0.0810
  0.0807  0.0807  0.0808  0.0807  0.0807  0.0808
  0.0812  0.0818  0.0802  0.0829  0.0813  0.0821
  0.0845  0.0878  0.0855  0.0853  0.0839  0.0840
  0.0907  0.0955  0.0917  0.0896  0.0871  0.0861
   -2.0247   -8.9005   20.4967    2.3898    2.2605    1.1897
eta,q 0.91924 14.43315

---------------------------------------------------------------------
imgreg_4dfp /opt/freesurfer/average/711-2C_as_mni_average_305 /opt/freesurfer/average/711-2B_as_mni_average_305_mask talsrcimg_g11 none talsrcimg_to_711-2C_as_mni_average_305_t4 3335
---------------------------------------------------------------------

freesurfer imgreg_4dfp.c
/opt/freesurfer/average/711-2C_as_mni_average_305.4dfp.img
       256       256       256         1
  1.000000  1.000000  1.000000
orientation T byte_order littleendian
Reading image: /opt/freesurfer/average/711-2C_as_mni_average_305.4dfp.img
dimensions:      256       256       256
mmppix:       1.0000   -1.0000   -1.0000
center:     128.0000 -129.0000 -129.0000
/opt/freesurfer/average/711-2B_as_mni_average_305_mask.4dfp.img
       256       256       256         1
  1.000000  1.000000  1.000000
orientation T byte_order littleendian
Reading mask: /opt/freesurfer/average/711-2B_as_mni_average_305_mask.4dfp.img (2306576 pixels)
talsrcimg_g11.4dfp.img
       256       256       256         1
  1.000000  1.000000  1.000000
orientation T byte_order littleendian
Reading image: talsrcimg_g11.4dfp.img
dimensions:      256       256       256
mmppix:       1.0000   -1.0000   -1.0000
center:     128.0000 -129.0000 -129.0000
fimgreg.f
image alignment mode   3335 decimal      D07 hex
parameters
   -2.0247   -8.9005   20.4967   -0.0994   -0.1119   -0.1647
   -2.2390   -3.8534    2.0747   -4.2507    3.9443    4.1665
eta,q 0.91603 14.45019
niter,ni,del,rscale     5    3    5.0000    1.2000
parameter  4  3.646341 ->  0.500000 qaram    1.1500
parameter  5  2.565913 ->  0.500000 qaram    1.1500
parameter  6  1.817065 ->  0.500000 qaram    1.1500
parameter  8 -0.879147 -> -0.500000 qaram    1.1500
parameters
   -1.7270   -8.9450   20.7714   -4.2394   -4.2519   -4.3047
   -2.8750    0.2866    1.4013   -5.1404    3.7778    1.2442
eta,q 0.93982 13.78070
  0.0859  0.0856  0.0851  0.0721  0.0636  0.0611  0.0652  0.0715  0.0624  0.0644  0.0618  0.0608
  0.0850  0.0847  0.0847  0.0752  0.0667  0.0627  0.0641  0.0685  0.0613  0.0622  0.0611  0.0603
  0.0844  0.0842  0.0843  0.0792  0.0710  0.0650  0.0635  0.0658  0.0607  0.0608  0.0607  0.0602
  0.0840  0.0839  0.0839  0.0839  0.0762  0.0677  0.0633  0.0633  0.0605  0.0605  0.0605  0.0605
  0.0840  0.0841  0.0838  0.0888  0.0818  0.0719  0.0637  0.0613  0.0609  0.0616  0.0606  0.0612
  0.0844  0.0847  0.0841  0.0940  0.0879  0.0764  0.0646  0.0605  0.0618  0.0639  0.0611  0.0625
  0.0853  0.0859  0.0849  0.0993  0.0947  0.0802  0.0661  0.0612  0.0633  0.0670  0.0620  0.0646
niter,ni,del,rscale     7    3    5.0000    1.2000
parameter  3  3.532967 ->  0.500000 qaram    1.1500
parameter  4  1.467472 ->  0.500000 qaram    1.3225
parameter  5  1.004297 ->  0.500000 qaram    1.3225
parameter  6  1.277667 ->  0.500000 qaram    1.3225
parameters
   -1.8560   -9.6746   19.3914   -9.0004   -9.0129   -9.0657
   -1.7529    1.0901    3.0889   -4.1770    1.5758    3.2259
eta,q 0.95607 13.18537
  0.0629  0.0612  0.0556  0.0489  0.0458  0.0413  0.0477  0.0502  0.0471  0.0473  0.0443  0.0455
  0.0614  0.0603  0.0566  0.0504  0.0467  0.0437  0.0461  0.0473  0.0459  0.0460  0.0441  0.0449
  0.0605  0.0600  0.0581  0.0529  0.0483  0.0460  0.0450  0.0454  0.0449  0.0449  0.0440  0.0444
  0.0602  0.0602  0.0600  0.0570  0.0509  0.0471  0.0445  0.0444  0.0443  0.0442  0.0441  0.0440
  0.0606  0.0610  0.0619  0.0622  0.0550  0.0499  0.0445  0.0444  0.0442  0.0441  0.0442  0.0439
  0.0618  0.0625  0.0639  0.0679  0.0602  0.0547  0.0451  0.0457  0.0446  0.0447  0.0445  0.0441
  0.0636  0.0645  0.0658  0.0738  0.0664  0.0604  0.0462  0.0486  0.0454  0.0463  0.0451  0.0445
niter,ni,del,rscale     7    3    5.0000    1.2000
parameter  2  0.591089 ->  0.500000 qaram    1.1500
parameter  3  6.069705 ->  0.500000 qaram    1.3225
parameter  4  0.723832 ->  0.500000 qaram    1.5209
parameter  5  1.037045 ->  0.500000 qaram    1.5209
parameter 12  0.933514 ->  0.500000 qaram    1.1500
parameters
   -1.6930  -11.0546   17.8044  -14.4756  -14.4881  -13.7128
   -2.3757    0.2803    2.6002   -6.2929    0.8981   -0.9141
eta,q 0.97086 12.71600
  0.0473  0.0436  0.0356  0.0352  0.0314  0.0319  0.0327  0.0351  0.0320  0.0320  0.0310  0.0291
  0.0455  0.0431  0.0374  0.0354  0.0320  0.0308  0.0315  0.0324  0.0311  0.0306  0.0305  0.0291
  0.0444  0.0432  0.0400  0.0363  0.0335  0.0308  0.0308  0.0309  0.0306  0.0302  0.0302  0.0294
  0.0439  0.0439  0.0431  0.0380  0.0356  0.0323  0.0307  0.0306  0.0306  0.0306  0.0302  0.0302
  0.0441  0.0452  0.0462  0.0415  0.0386  0.0352  0.0311  0.0317  0.0308  0.0316  0.0303  0.0312
  0.0450  0.0470  0.0491  0.0469  0.0427  0.0392  0.0321  0.0340  0.0315  0.0333  0.0308  0.0324
  0.0465  0.0491  0.0519  0.0532  0.0476  0.0474  0.0335  0.0369  0.0325  0.0353  0.0315  0.0337
niter,ni,del,rscale     7    3    5.0000    1.2000
parameter  3  0.790636 ->  0.500000 qaram    1.5209
parameters
   -1.8497  -12.2339   15.9793  -15.4633  -17.7593  -12.4847
   -2.5944    0.2656    3.1227   -6.1308    0.9258   -3.4959
eta,q 0.97528 12.67265
  0.0319  0.0298  0.0265  0.0298  0.0301  0.0303  0.0280  0.0302  0.0273  0.0295  0.0258  0.0262
  0.0303  0.0286  0.0264  0.0278  0.0273  0.0284  0.0264  0.0274  0.0261  0.0269  0.0254  0.0251
  0.0293  0.0284  0.0270  0.0267  0.0256  0.0269  0.0254  0.0257  0.0253  0.0254  0.0252  0.0247
  0.0291  0.0291  0.0283  0.0265  0.0265  0.0255  0.0251  0.0251  0.0251  0.0251  0.0251  0.0251
  0.0296  0.0307  0.0303  0.0270  0.0300  0.0245  0.0255  0.0257  0.0252  0.0256  0.0251  0.0260
  0.0308  0.0328  0.0329  0.0283  0.0334  0.0249  0.0267  0.0275  0.0257  0.0268  0.0253  0.0275
  0.0326  0.0353  0.0365  0.0318  0.0376  0.0297  0.0283  0.0301  0.0267  0.0288  0.0258  0.0292
niter,ni,del,rscale     7    3    5.0000    1.2000
parameters
   -1.9236  -11.7100   15.3269  -14.2112  -17.9493  -12.6902
   -2.5501    0.3694    3.3013   -5.0986    0.8075   -4.5426
eta,q 0.97555 12.73575
  0.0278  0.0307  0.0270  0.0291  0.0322  0.0292  0.0278  0.0298  0.0266  0.0298  0.0252  0.0267
  0.0261  0.0279  0.0254  0.0266  0.0290  0.0272  0.0260  0.0269  0.0255  0.0272  0.0248  0.0253
  0.0250  0.0258  0.0246  0.0250  0.0260  0.0257  0.0249  0.0251  0.0247  0.0253  0.0246  0.0246
  0.0247  0.0247  0.0245  0.0244  0.0244  0.0244  0.0245  0.0245  0.0245  0.0245  0.0245  0.0245
  0.0252  0.0246  0.0253  0.0245  0.0263  0.0236  0.0249  0.0251  0.0247  0.0248  0.0246  0.0252
  0.0264  0.0255  0.0271  0.0251  0.0296  0.0252  0.0260  0.0268  0.0253  0.0257  0.0248  0.0264
  0.0282  0.0275  0.0300  0.0275  0.0324  0.0320  0.0277  0.0294  0.0264  0.0273  0.0253  0.0280
niter,ni,del,rscale     6    3    5.0000    1.2000
parameters
   -1.9038  -11.5431   15.1221  -14.2559  -17.8994  -12.6186
   -2.5844    0.4194    3.4355   -4.6111    0.6623   -4.9404
eta,q 0.97561 12.73843
  0.0277  0.0292  0.0277  0.0282  0.0323  0.0293  0.0276  0.0295  0.0264  0.0289  0.0250  0.0270
  0.0259  0.0268  0.0259  0.0260  0.0292  0.0273  0.0258  0.0266  0.0253  0.0265  0.0247  0.0256
  0.0248  0.0252  0.0248  0.0247  0.0262  0.0257  0.0247  0.0249  0.0246  0.0249  0.0245  0.0246
  0.0244  0.0244  0.0244  0.0244  0.0244  0.0244  0.0244  0.0244  0.0244  0.0244  0.0244  0.0244
  0.0248  0.0247  0.0249  0.0245  0.0259  0.0235  0.0248  0.0250  0.0246  0.0248  0.0244  0.0249
  0.0259  0.0260  0.0263  0.0254  0.0293  0.0248  0.0259  0.0267  0.0252  0.0260  0.0247  0.0260
  0.0276  0.0283  0.0287  0.0288  0.0322  0.0314  0.0276  0.0293  0.0262  0.0277  0.0252  0.0275
niter,ni,del,rscale     5    3    5.0000    1.2000
parameters
   -1.8993  -11.4699   15.0253  -14.1750  -17.8797  -12.6380
   -2.6040    0.4450    3.5524   -4.3929    0.5649   -5.1103
eta,q 0.97560 12.74416
  0.0276  0.0288  0.0279  0.0283  0.0323  0.0293  0.0276  0.0295  0.0263  0.0285  0.0250  0.0272
  0.0259  0.0265  0.0260  0.0260  0.0291  0.0273  0.0259  0.0266  0.0253  0.0263  0.0247  0.0257
  0.0248  0.0250  0.0248  0.0248  0.0262  0.0257  0.0247  0.0249  0.0246  0.0248  0.0245  0.0247
  0.0244  0.0244  0.0244  0.0244  0.0244  0.0244  0.0244  0.0244  0.0244  0.0244  0.0244  0.0244
  0.0248  0.0248  0.0248  0.0244  0.0259  0.0235  0.0248  0.0250  0.0246  0.0249  0.0244  0.0248
  0.0259  0.0262  0.0261  0.0253  0.0293  0.0249  0.0259  0.0267  0.0252  0.0261  0.0247  0.0259
  0.0276  0.0285  0.0284  0.0287  0.0322  0.0317  0.0276  0.0293  0.0262  0.0279  0.0251  0.0274
niter,ni,del,rscale     4    3    5.0000    1.2000
parameters
   -1.8976  -11.4345   14.9771  -14.1684  -17.8682  -12.6507
   -2.6194    0.4633    3.6164   -4.2954    0.5260   -5.1926
eta,q 0.97559 12.74473
  0.0276  0.0287  0.0280  0.0282  0.0322  0.0293  0.0276  0.0295  0.0263  0.0284  0.0251  0.0272
  0.0259  0.0265  0.0261  0.0260  0.0291  0.0273  0.0259  0.0266  0.0252  0.0262  0.0247  0.0258
  0.0248  0.0250  0.0249  0.0247  0.0262  0.0257  0.0248  0.0249  0.0246  0.0247  0.0245  0.0247
  0.0244  0.0244  0.0244  0.0244  0.0244  0.0244  0.0244  0.0244  0.0244  0.0244  0.0244  0.0244
  0.0248  0.0248  0.0248  0.0245  0.0259  0.0235  0.0248  0.0250  0.0246  0.0250  0.0245  0.0248
  0.0259  0.0262  0.0260  0.0253  0.0293  0.0249  0.0259  0.0267  0.0252  0.0262  0.0247  0.0259
  0.0276  0.0286  0.0283  0.0288  0.0322  0.0317  0.0276  0.0293  0.0262  0.0280  0.0251  0.0273
niter,ni,del,rscale     3    3    5.0000    1.2000
parameters
   -1.8979  -11.4177   14.9539  -14.1613  -17.8648  -12.6548
   -2.6283    0.4691    3.6524   -4.2453    0.4853   -5.2342
eta,q 0.97559 12.74529
  0.0276  0.0287  0.0280  0.0282  0.0322  0.0293  0.0276  0.0294  0.0263  0.0283  0.0251  0.0273
  0.0259  0.0264  0.0261  0.0260  0.0291  0.0273  0.0259  0.0265  0.0252  0.0261  0.0247  0.0258
  0.0248  0.0250  0.0249  0.0248  0.0262  0.0257  0.0248  0.0249  0.0246  0.0247  0.0245  0.0248
  0.0244  0.0244  0.0244  0.0244  0.0244  0.0244  0.0244  0.0244  0.0244  0.0244  0.0244  0.0244
  0.0248  0.0248  0.0248  0.0245  0.0259  0.0235  0.0248  0.0250  0.0246  0.0250  0.0245  0.0248
  0.0259  0.0263  0.0260  0.0253  0.0293  0.0249  0.0259  0.0267  0.0252  0.0262  0.0247  0.0258
  0.0276  0.0286  0.0282  0.0288  0.0322  0.0317  0.0276  0.0293  0.0262  0.0280  0.0251  0.0273
registration optimization eta report
parameter search radius
    2.4000    2.7600    3.6501   10.9503   10.9503    9.5220
    7.2000    8.2800    7.2000    7.2000    7.2000    8.2800
100000*second partial in parameter space
       55.       55.       28.        4.        6.        7.
        6.        7.        4.        7.        1.        4.
  0.0276  0.0287  0.0280  0.0282  0.0322  0.0293  0.0276  0.0294  0.0263  0.0283  0.0251  0.0273
  0.0259  0.0264  0.0261  0.0260  0.0291  0.0273  0.0259  0.0265  0.0252  0.0261  0.0247  0.0258
  0.0248  0.0250  0.0249  0.0248  0.0262  0.0257  0.0248  0.0249  0.0246  0.0247  0.0245  0.0248
  0.0244  0.0244  0.0244  0.0244  0.0244  0.0244  0.0244  0.0244  0.0244  0.0244  0.0244  0.0244
  0.0248  0.0248  0.0248  0.0245  0.0259  0.0235  0.0248  0.0250  0.0246  0.0250  0.0245  0.0248
  0.0259  0.0263  0.0260  0.0253  0.0293  0.0249  0.0259  0.0267  0.0252  0.0262  0.0247  0.0258
  0.0276  0.0286  0.0282  0.0288  0.0322  0.0317  0.0276  0.0293  0.0262  0.0280  0.0251  0.0273
   -1.8979  -11.4177   14.9539  -14.1613  -17.8648  -12.6548
   -2.6283    0.4691    3.6524   -4.2453    0.4853   -5.2342
eta,q 0.97559 12.74529

---------------------------------------------------------------------
imgreg_4dfp /opt/freesurfer/average/711-2C_as_mni_average_305 /opt/freesurfer/average/711-2B_as_mni_average_305_mask talsrcimg_g11 none talsrcimg_to_711-2C_as_mni_average_305_t4 2311
---------------------------------------------------------------------

freesurfer imgreg_4dfp.c
/opt/freesurfer/average/711-2C_as_mni_average_305.4dfp.img
       256       256       256         1
  1.000000  1.000000  1.000000
orientation T byte_order littleendian
Reading image: /opt/freesurfer/average/711-2C_as_mni_average_305.4dfp.img
dimensions:      256       256       256
mmppix:       1.0000   -1.0000   -1.0000
center:     128.0000 -129.0000 -129.0000
/opt/freesurfer/average/711-2B_as_mni_average_305_mask.4dfp.img
       256       256       256         1
  1.000000  1.000000  1.000000
orientation T byte_order littleendian
Reading mask: /opt/freesurfer/average/711-2B_as_mni_average_305_mask.4dfp.img (2306576 pixels)
talsrcimg_g11.4dfp.img
       256       256       256         1
  1.000000  1.000000  1.000000
orientation T byte_order littleendian
Reading image: talsrcimg_g11.4dfp.img
dimensions:      256       256       256
mmppix:       1.0000   -1.0000   -1.0000
center:     128.0000 -129.0000 -129.0000
fimgreg.f
image alignment mode   2311 decimal      907 hex
parameters
   -1.8979  -11.4177   14.9539  -14.1613  -17.8648  -12.6548
   -2.6283    0.4691    3.6524   -4.2453    0.4853   -5.2342
eta,q 0.97559 12.74529
niter,ni,del,rscale     5    3    5.0000    0.8000
parameter  6 -1.057157 -> -0.500000 qaram    1.1500
parameters
   -1.9034  -11.3794   15.0365  -12.9275  -17.8245   -9.8948
   -2.5452    0.6356    3.7593   -4.0187    0.2240   -5.4690
eta,q 0.97648 12.89474
  0.0259  0.0259  0.0252  0.0250  0.0271  0.0266  0.0251  0.0260  0.0245  0.0260  0.0240  0.0246
  0.0251  0.0251  0.0248  0.0247  0.0259  0.0258  0.0242  0.0245  0.0240  0.0247  0.0237  0.0240
  0.0246  0.0246  0.0245  0.0245  0.0249  0.0251  0.0237  0.0237  0.0237  0.0239  0.0235  0.0236
  0.0244  0.0244  0.0244  0.0244  0.0244  0.0244  0.0235  0.0235  0.0235  0.0235  0.0235  0.0235
  0.0246  0.0245  0.0245  0.0244  0.0247  0.0238  0.0237  0.0238  0.0236  0.0237  0.0236  0.0237
  0.0251  0.0250  0.0247  0.0244  0.0257  0.0235  0.0242  0.0244  0.0239  0.0245  0.0238  0.0242
  0.0259  0.0258  0.0251  0.0246  0.0271  0.0237  0.0250  0.0255  0.0244  0.0256  0.0240  0.0249
niter,ni,del,rscale     5    3    5.0000    0.8000
parameters
   -1.9410  -11.6423   15.0844  -12.0429  -18.0170  -10.5024
   -2.5268    0.6216    3.9781   -4.1555    0.2456   -5.2719
eta,q 0.97640 12.93231
  0.0250  0.0246  0.0246  0.0242  0.0260  0.0259  0.0251  0.0258  0.0246  0.0257  0.0241  0.0249
  0.0242  0.0239  0.0240  0.0238  0.0247  0.0250  0.0243  0.0244  0.0241  0.0245  0.0238  0.0242
  0.0237  0.0235  0.0236  0.0236  0.0238  0.0241  0.0238  0.0237  0.0237  0.0238  0.0236  0.0238
  0.0235  0.0235  0.0235  0.0235  0.0234  0.0234  0.0236  0.0236  0.0236  0.0236  0.0236  0.0236
  0.0237  0.0239  0.0235  0.0234  0.0238  0.0234  0.0238  0.0239  0.0237  0.0239  0.0237  0.0237
  0.0242  0.0246  0.0239  0.0235  0.0250  0.0250  0.0243  0.0246  0.0239  0.0247  0.0238  0.0241
  0.0251  0.0257  0.0245  0.0238  0.0265  0.0288  0.0251  0.0257  0.0244  0.0259  0.0240  0.0247
niter,ni,del,rscale     4    3    5.0000    0.7000
parameters
   -1.9544  -11.5853   15.1405  -11.9430  -17.9707  -10.2385
   -2.5487    0.6229    3.9972   -4.1750    0.1904   -5.2766
eta,q 0.97650 12.94158
  0.0247  0.0250  0.0244  0.0240  0.0258  0.0258  0.0247  0.0252  0.0242  0.0253  0.0239  0.0244
  0.0241  0.0242  0.0240  0.0238  0.0248  0.0250  0.0240  0.0242  0.0238  0.0243  0.0236  0.0239
  0.0237  0.0238  0.0237  0.0237  0.0240  0.0242  0.0236  0.0236  0.0236  0.0237  0.0235  0.0236
  0.0236  0.0236  0.0236  0.0236  0.0236  0.0236  0.0235  0.0235  0.0235  0.0235  0.0235  0.0235
  0.0237  0.0237  0.0236  0.0236  0.0238  0.0233  0.0236  0.0237  0.0236  0.0237  0.0236  0.0236
  0.0241  0.0241  0.0239  0.0237  0.0246  0.0239  0.0240  0.0243  0.0238  0.0243  0.0237  0.0239
  0.0248  0.0248  0.0243  0.0240  0.0258  0.0260  0.0247  0.0251  0.0242  0.0253  0.0239  0.0245
niter,ni,del,rscale     3    3    5.0000    0.6000
parameters
   -1.9606  -11.6291   15.1462  -11.7310  -17.9605   -9.9289
   -2.5535    0.6629    4.0408   -4.1713    0.2619   -5.2639
eta,q 0.97659 12.95930
  0.0244  0.0244  0.0241  0.0238  0.0252  0.0253  0.0243  0.0248  0.0240  0.0248  0.0238  0.0241
  0.0239  0.0239  0.0238  0.0237  0.0244  0.0246  0.0238  0.0240  0.0237  0.0240  0.0235  0.0237
  0.0236  0.0236  0.0236  0.0236  0.0238  0.0240  0.0235  0.0235  0.0235  0.0236  0.0234  0.0235
  0.0235  0.0235  0.0235  0.0235  0.0235  0.0235  0.0234  0.0234  0.0234  0.0234  0.0234  0.0234
  0.0236  0.0236  0.0235  0.0235  0.0237  0.0233  0.0235  0.0236  0.0235  0.0236  0.0235  0.0235
  0.0239  0.0240  0.0237  0.0235  0.0243  0.0237  0.0238  0.0240  0.0236  0.0240  0.0236  0.0237
  0.0244  0.0245  0.0241  0.0238  0.0253  0.0253  0.0243  0.0247  0.0240  0.0248  0.0237  0.0241
niter,ni,del,rscale     2    3    5.0000    0.5000
parameters
   -1.9791  -11.6741   15.1251  -11.4386  -17.9615   -9.6403
   -2.5466    0.7321    4.0699   -4.1559    0.4114   -5.2550
eta,q 0.97666 12.97976
  0.0240  0.0240  0.0238  0.0236  0.0247  0.0248  0.0240  0.0244  0.0237  0.0244  0.0236  0.0238
  0.0237  0.0237  0.0236  0.0235  0.0240  0.0243  0.0236  0.0238  0.0235  0.0238  0.0235  0.0236
  0.0235  0.0235  0.0235  0.0235  0.0236  0.0238  0.0234  0.0234  0.0234  0.0234  0.0234  0.0234
  0.0234  0.0234  0.0234  0.0234  0.0234  0.0234  0.0233  0.0233  0.0233  0.0233  0.0233  0.0233
  0.0235  0.0235  0.0235  0.0234  0.0235  0.0233  0.0234  0.0235  0.0234  0.0235  0.0234  0.0234
  0.0237  0.0237  0.0236  0.0234  0.0240  0.0236  0.0236  0.0238  0.0235  0.0238  0.0234  0.0236
  0.0241  0.0242  0.0239  0.0236  0.0247  0.0247  0.0240  0.0243  0.0237  0.0243  0.0236  0.0238
niter,ni,del,rscale     1    3    5.0000    0.4000
parameters
   -2.0068  -11.7167   15.0975  -11.1968  -17.9595   -9.3502
   -2.5390    0.7962    4.0890   -4.1348    0.6119   -5.2672
eta,q 0.97672 12.99663
  0.0237  0.0237  0.0236  0.0235  0.0242  0.0244  0.0237  0.0240  0.0235  0.0240  0.0235  0.0236
  0.0235  0.0235  0.0235  0.0234  0.0237  0.0239  0.0235  0.0236  0.0234  0.0236  0.0234  0.0234
  0.0234  0.0234  0.0234  0.0234  0.0234  0.0236  0.0233  0.0234  0.0233  0.0234  0.0233  0.0233
  0.0233  0.0233  0.0233  0.0233  0.0233  0.0233  0.0233  0.0233  0.0233  0.0233  0.0233  0.0233
  0.0234  0.0234  0.0234  0.0233  0.0234  0.0232  0.0233  0.0234  0.0233  0.0234  0.0233  0.0233
  0.0235  0.0236  0.0235  0.0234  0.0237  0.0235  0.0235  0.0236  0.0234  0.0236  0.0233  0.0234
  0.0238  0.0238  0.0237  0.0235  0.0242  0.0242  0.0237  0.0239  0.0235  0.0239  0.0234  0.0236
registration optimization eta report
parameter search radius
    0.8000    0.8000    0.8000    2.4000    2.4000    2.7600
    2.4000    2.4000    2.4000    2.4000    2.4000    2.4000
100000*second partial in parameter space
       64.       69.       45.        3.       15.       13.
        7.       12.        4.       12.        3.        6.
  0.0237  0.0237  0.0236  0.0235  0.0242  0.0244  0.0237  0.0240  0.0235  0.0240  0.0235  0.0236
  0.0235  0.0235  0.0235  0.0234  0.0237  0.0239  0.0235  0.0236  0.0234  0.0236  0.0234  0.0234
  0.0234  0.0234  0.0234  0.0234  0.0234  0.0236  0.0233  0.0234  0.0233  0.0234  0.0233  0.0233
  0.0233  0.0233  0.0233  0.0233  0.0233  0.0233  0.0233  0.0233  0.0233  0.0233  0.0233  0.0233
  0.0234  0.0234  0.0234  0.0233  0.0234  0.0232  0.0233  0.0234  0.0233  0.0234  0.0233  0.0233
  0.0235  0.0236  0.0235  0.0234  0.0237  0.0235  0.0235  0.0236  0.0234  0.0236  0.0233  0.0234
  0.0238  0.0238  0.0237  0.0235  0.0242  0.0242  0.0237  0.0239  0.0235  0.0239  0.0234  0.0236
   -2.0068  -11.7167   15.0975  -11.1968  -17.9595   -9.3502
   -2.5390    0.7962    4.0890   -4.1348    0.6119   -5.2672
eta,q 0.97672 12.99663

---------------------------------------------------------------------
imgreg_4dfp /opt/freesurfer/average/711-2C_as_mni_average_305 /opt/freesurfer/average/711-2B_as_mni_average_305_mask talsrcimg_g11 none talsrcimg_to_711-2C_as_mni_average_305_t4 2311
---------------------------------------------------------------------

freesurfer imgreg_4dfp.c
/opt/freesurfer/average/711-2C_as_mni_average_305.4dfp.img
       256       256       256         1
  1.000000  1.000000  1.000000
orientation T byte_order littleendian
Reading image: /opt/freesurfer/average/711-2C_as_mni_average_305.4dfp.img
dimensions:      256       256       256
mmppix:       1.0000   -1.0000   -1.0000
center:     128.0000 -129.0000 -129.0000
/opt/freesurfer/average/711-2B_as_mni_average_305_mask.4dfp.img
       256       256       256         1
  1.000000  1.000000  1.000000
orientation T byte_order littleendian
Reading mask: /opt/freesurfer/average/711-2B_as_mni_average_305_mask.4dfp.img (2306576 pixels)
talsrcimg_g11.4dfp.img
       256       256       256         1
  1.000000  1.000000  1.000000
orientation T byte_order littleendian
Reading image: talsrcimg_g11.4dfp.img
dimensions:      256       256       256
mmppix:       1.0000   -1.0000   -1.0000
center:     128.0000 -129.0000 -129.0000
fimgreg.f
image alignment mode   2311 decimal      907 hex
parameters
   -2.0068  -11.7167   15.0975  -11.1968  -17.9595   -9.3502
   -2.5390    0.7962    4.0890   -4.1348    0.6119   -5.2672
eta,q 0.97672 12.99663
niter,ni,del,rscale     5    3    5.0000    0.8000
parameters
   -2.0422  -11.7735   15.0047  -12.0783  -18.0346   -9.9925
   -2.5600    0.6755    3.9246   -4.2103    0.4928   -5.1868
eta,q 0.97652 12.94498
  0.0249  0.0249  0.0244  0.0238  0.0260  0.0253  0.0250  0.0257  0.0243  0.0257  0.0240  0.0247
  0.0240  0.0240  0.0238  0.0235  0.0247  0.0245  0.0242  0.0243  0.0239  0.0245  0.0236  0.0241
  0.0234  0.0234  0.0234  0.0234  0.0238  0.0238  0.0236  0.0236  0.0236  0.0237  0.0235  0.0236
  0.0233  0.0233  0.0233  0.0233  0.0233  0.0233  0.0235  0.0235  0.0235  0.0235  0.0235  0.0235
  0.0235  0.0235  0.0234  0.0233  0.0237  0.0234  0.0237  0.0238  0.0236  0.0238  0.0236  0.0236
  0.0241  0.0241  0.0239  0.0238  0.0247  0.0248  0.0242  0.0246  0.0239  0.0246  0.0237  0.0240
  0.0251  0.0252  0.0247  0.0248  0.0263  0.0280  0.0250  0.0258  0.0245  0.0258  0.0240  0.0246
niter,ni,del,rscale     4    3    5.0000    0.7000
parameters
   -1.9838  -11.6473   15.1181  -11.8564  -18.0198   -9.9060
   -2.5271    0.6693    3.9482   -4.2124    0.3667   -5.2467
eta,q 0.97658 12.95305
  0.0247  0.0250  0.0244  0.0239  0.0257  0.0252  0.0246  0.0252  0.0242  0.0252  0.0238  0.0243
  0.0241  0.0242  0.0239  0.0237  0.0246  0.0245  0.0240  0.0241  0.0237  0.0242  0.0236  0.0238
  0.0236  0.0237  0.0236  0.0235  0.0238  0.0239  0.0235  0.0235  0.0235  0.0236  0.0234  0.0235
  0.0235  0.0235  0.0235  0.0235  0.0234  0.0234  0.0234  0.0234  0.0234  0.0234  0.0234  0.0234
  0.0236  0.0235  0.0235  0.0234  0.0237  0.0233  0.0236  0.0237  0.0235  0.0237  0.0235  0.0235
  0.0239  0.0239  0.0237  0.0235  0.0245  0.0238  0.0239  0.0242  0.0237  0.0243  0.0236  0.0239
  0.0246  0.0245  0.0241  0.0239  0.0257  0.0257  0.0246  0.0251  0.0242  0.0252  0.0238  0.0244
niter,ni,del,rscale     3    3    5.0000    0.6000
parameters
   -1.9827  -11.6666   15.1255  -11.6783  -17.9979   -9.6590
   -2.5322    0.7119    3.9931   -4.1879    0.4204   -5.2572
eta,q 0.97665 12.96699
  0.0243  0.0243  0.0240  0.0237  0.0251  0.0249  0.0242  0.0248  0.0239  0.0248  0.0237  0.0241
  0.0238  0.0238  0.0237  0.0236  0.0243  0.0243  0.0237  0.0239  0.0236  0.0240  0.0235  0.0237
  0.0235  0.0235  0.0235  0.0235  0.0237  0.0238  0.0234  0.0235  0.0234  0.0235  0.0234  0.0234
  0.0234  0.0234  0.0234  0.0234  0.0234  0.0234  0.0234  0.0234  0.0234  0.0234  0.0234  0.0234
  0.0235  0.0235  0.0235  0.0234  0.0236  0.0233  0.0235  0.0235  0.0234  0.0235  0.0234  0.0234
  0.0238  0.0239  0.0237  0.0235  0.0242  0.0236  0.0238  0.0240  0.0236  0.0240  0.0235  0.0237
  0.0243  0.0244  0.0240  0.0237  0.0252  0.0249  0.0242  0.0247  0.0239  0.0247  0.0237  0.0241
niter,ni,del,rscale     2    3    5.0000    0.5000
parameters
   -1.9986  -11.7013   15.1034  -11.4259  -17.9907   -9.4263
   -2.5249    0.7691    4.0380   -4.1641    0.5547   -5.2549
eta,q 0.97670 12.98405
  0.0240  0.0240  0.0238  0.0236  0.0246  0.0245  0.0239  0.0244  0.0237  0.0243  0.0236  0.0238
  0.0236  0.0236  0.0235  0.0235  0.0240  0.0240  0.0236  0.0237  0.0235  0.0238  0.0234  0.0235
  0.0234  0.0234  0.0234  0.0234  0.0235  0.0236  0.0234  0.0234  0.0233  0.0234  0.0233  0.0234
  0.0234  0.0234  0.0233  0.0233  0.0233  0.0233  0.0233  0.0233  0.0233  0.0233  0.0233  0.0233
  0.0234  0.0234  0.0234  0.0233  0.0235  0.0232  0.0234  0.0234  0.0233  0.0234  0.0233  0.0234
  0.0236  0.0237  0.0236  0.0234  0.0239  0.0235  0.0236  0.0237  0.0235  0.0238  0.0234  0.0235
  0.0240  0.0241  0.0238  0.0236  0.0246  0.0244  0.0239  0.0243  0.0237  0.0243  0.0235  0.0238
niter,ni,del,rscale     1    3    5.0000    0.4000
parameters
   -2.0250  -11.7373   15.0727  -11.1865  -17.9852   -9.1907
   -2.5195    0.8315    4.0636   -4.1331    0.7045   -5.2703
eta,q 0.97675 12.99941
  0.0237  0.0237  0.0236  0.0235  0.0241  0.0241  0.0237  0.0240  0.0235  0.0240  0.0235  0.0236
  0.0235  0.0235  0.0234  0.0234  0.0237  0.0238  0.0234  0.0236  0.0234  0.0236  0.0233  0.0234
  0.0233  0.0233  0.0233  0.0233  0.0234  0.0235  0.0233  0.0233  0.0233  0.0233  0.0233  0.0233
  0.0233  0.0233  0.0233  0.0233  0.0233  0.0233  0.0233  0.0233  0.0233  0.0233  0.0233  0.0233
  0.0234  0.0234  0.0233  0.0233  0.0234  0.0232  0.0233  0.0233  0.0233  0.0233  0.0233  0.0233
  0.0235  0.0235  0.0234  0.0233  0.0237  0.0234  0.0234  0.0236  0.0234  0.0236  0.0233  0.0234
  0.0237  0.0238  0.0236  0.0234  0.0242  0.0240  0.0237  0.0239  0.0235  0.0239  0.0234  0.0236
registration optimization eta report
parameter search radius
    0.8000    0.8000    0.8000    2.4000    2.4000    2.4000
    2.4000    2.4000    2.4000    2.4000    2.4000    2.4000
100000*second partial in parameter space
       65.       70.       47.        3.       15.       13.
        7.       12.        4.       12.        3.        6.
  0.0237  0.0237  0.0236  0.0235  0.0241  0.0241  0.0237  0.0240  0.0235  0.0240  0.0235  0.0236
  0.0235  0.0235  0.0234  0.0234  0.0237  0.0238  0.0234  0.0236  0.0234  0.0236  0.0233  0.0234
  0.0233  0.0233  0.0233  0.0233  0.0234  0.0235  0.0233  0.0233  0.0233  0.0233  0.0233  0.0233
  0.0233  0.0233  0.0233  0.0233  0.0233  0.0233  0.0233  0.0233  0.0233  0.0233  0.0233  0.0233
  0.0234  0.0234  0.0233  0.0233  0.0234  0.0232  0.0233  0.0233  0.0233  0.0233  0.0233  0.0233
  0.0235  0.0235  0.0234  0.0233  0.0237  0.0234  0.0234  0.0236  0.0234  0.0236  0.0233  0.0234
  0.0237  0.0238  0.0236  0.0234  0.0242  0.0240  0.0237  0.0239  0.0235  0.0239  0.0234  0.0236
   -2.0250  -11.7373   15.0727  -11.1865  -17.9852   -9.1907
   -2.5195    0.8315    4.0636   -4.1331    0.7045   -5.2703
eta,q 0.97675 12.99941

---------------------------------------------------------------------
compute_vox2vox talsrcimg talsrcimg_to_711-2C_as_mni_average_305_t4 /opt/freesurfer/average/711-2C_as_mni_average_305
---------------------------------------------------------------------

freesurfer compute_vox2vox.c
Reading: talsrcimg.4dfp.ifh
Reading: talsrcimg_to_711-2C_as_mni_average_305_t4
Reading: /opt/freesurfer/average/711-2C_as_mni_average_305.4dfp.ifh
Writing: talsrcimg_to_711-2C_as_mni_average_305_t4_vox2vox.txt

start time Mon Mar 9 17:43:31 CET 2026
end		time Mon Mar 9 17:43:45 CET 2026

mpr2mni305 success

avi2talxfm orig_nu.mgz /opt/freesurfer/average/mni305.cor.mgz talsrcimg_to_711-2C_as_mni_average_305_t4_vox2vox.txt transforms/talairach.auto.xfm
avi2talxfm done
mv -f /out/sourcedata/freesurfer/sub-v1s23x0050564_ses-1/mri/talsrcimg_to_711-2C_as_mni_average_305_t4_vox2vox.txt /out/sourcedata/freesurfer/sub-v1s23x0050564_ses-1/mri/transforms/talsrcimg_to_711-2C_as_mni_average_305_t4_vox2vox.txt
lta_convert --src orig_nu.mgz --trg /opt/freesurfer/average/mni305.cor.mgz --inxfm transforms/talairach.auto.xfm --outlta transforms/talairach.auto.xfm.lta --subject fsaverage
7.3.2

--src: orig_nu.mgz src image (geometry).
--trg: /opt/freesurfer/average/mni305.cor.mgz trg image (geometry).
--inmni: transforms/talairach.auto.xfm input MNI/XFM transform.
--outlta: transforms/talairach.auto.xfm.lta output LTA.
--s: fsaverage subject name
 LTA read, type : 1
 1.12447  -0.00875   0.03398  -41.36282;
-0.01199   1.10453   0.07061   37.48512;
-0.05632   0.05610   1.22117   4.31828;
 0.00000   0.00000   0.00000   1.00000;
setting subject to fsaverage
Writing  LTA to file transforms/talairach.auto.xfm.lta...
lta_convert successful.
 
 
Started at Mon Mar 9 17:43:31 CET 2026
Ended   at Mon Mar  9 17:43:45 CET 2026
talairach_avi done
