status file for recon-all
Mon Mar  9 22:11:23 CET 2026
#@# Tessellate rh Mon Mar  9 22:11:23 CET 2026
#@# Smooth1 rh Mon Mar  9 22:11:28 CET 2026
#@# Inflation1 rh Mon Mar  9 22:11:31 CET 2026
#@# QSphere rh Mon Mar  9 22:11:46 CET 2026
#@# Fix Topology rh Mon Mar  9 22:13:15 CET 2026
#@# Smooth2 rh Mon Mar  9 22:20:45 CET 2026
#@# Inflation2 rh Mon Mar  9 22:20:49 CET 2026
#@# Curv .H and .K rh Mon Mar  9 22:21:05 CET 2026
#@# Sphere rh Mon Mar  9 22:21:55 CET 2026
#@# Surf Reg rh Mon Mar  9 22:26:10 CET 2026
#@# Jacobian white rh Mon Mar  9 22:30:57 CET 2026
#@# AvgCurv rh Mon Mar  9 22:30:58 CET 2026
#@# Cortical Parc rh Mon Mar  9 22:30:58 CET 2026
#@# white curv rh Mon Mar  9 22:38:03 CET 2026
#@# white area rh Mon Mar  9 22:38:05 CET 2026
#@# pial curv rh Mon Mar  9 22:38:06 CET 2026
#@# pial area rh Mon Mar  9 22:38:08 CET 2026
#@# thickness rh Mon Mar  9 22:38:09 CET 2026
#@# area and vertex vol rh Mon Mar  9 22:38:44 CET 2026
#@# Curvature Stats rh Mon Mar  9 22:38:46 CET 2026
#@# Cortical Parc 2 rh Mon Mar  9 22:38:49 CET 2026
#@# Cortical Parc 3 rh Mon Mar  9 22:39:03 CET 2026
#@# WM/GM Contrast rh Mon Mar  9 22:39:14 CET 2026
recon-all -s sub-v1s23x0050602_ses-1 finished without error at Mon Mar  9 22:39:17 CET 2026



#New# invocation of recon-all 



status file for recon-all
Mon Mar  9 22:49:47 CET 2026
#@# white curv rh Mon Mar  9 22:49:48 CET 2026
#@# white area rh Mon Mar  9 22:49:48 CET 2026
#@# pial curv rh Mon Mar  9 22:49:48 CET 2026
#@# pial area rh Mon Mar  9 22:49:48 CET 2026
#@# thickness rh Mon Mar  9 22:49:48 CET 2026
#@# area and vertex vol rh Mon Mar  9 22:49:48 CET 2026
#@# Parcellation Stats rh Mon Mar  9 22:49:48 CET 2026
#@# Parcellation Stats 2 rh Mon Mar  9 22:50:07 CET 2026
#@# Parcellation Stats 3 rh Mon Mar  9 22:50:18 CET 2026
#@# BA_exvivo Labels rh Mon Mar  9 22:50:28 CET 2026
recon-all -s sub-v1s23x0050602_ses-1 finished without error at Mon Mar  9 22:53:24 CET 2026
