status file for recon-all
Mon Mar  9 21:43:47 CET 2026
#@# Tessellate lh Mon Mar  9 21:43:47 CET 2026
#@# Smooth1 lh Mon Mar  9 21:43:50 CET 2026
#@# Inflation1 lh Mon Mar  9 21:43:53 CET 2026
#@# QSphere lh Mon Mar  9 21:44:07 CET 2026
#@# Fix Topology lh Mon Mar  9 21:45:19 CET 2026
#@# Smooth2 lh Mon Mar  9 21:51:54 CET 2026
#@# Inflation2 lh Mon Mar  9 21:51:57 CET 2026
#@# Curv .H and .K lh Mon Mar  9 21:52:13 CET 2026
#@# Sphere lh Mon Mar  9 21:53:02 CET 2026
#@# Surf Reg lh Mon Mar  9 21:57:31 CET 2026
#@# Jacobian white lh Mon Mar  9 22:03:03 CET 2026
#@# AvgCurv lh Mon Mar  9 22:03:04 CET 2026
#@# Cortical Parc lh Mon Mar  9 22:03:05 CET 2026
#@# white curv lh Mon Mar  9 22:10:09 CET 2026
#@# white area lh Mon Mar  9 22:10:11 CET 2026
#@# pial curv lh Mon Mar  9 22:10:12 CET 2026
#@# pial area lh Mon Mar  9 22:10:14 CET 2026
#@# thickness lh Mon Mar  9 22:10:14 CET 2026
#@# area and vertex vol lh Mon Mar  9 22:10:49 CET 2026
#@# Curvature Stats lh Mon Mar  9 22:10:50 CET 2026
#@# Cortical Parc 2 lh Mon Mar  9 22:10:53 CET 2026
#@# Cortical Parc 3 lh Mon Mar  9 22:11:07 CET 2026
#@# WM/GM Contrast lh Mon Mar  9 22:11:18 CET 2026
recon-all -s sub-v1s23x0050602_ses-1 finished without error at Mon Mar  9 22:11:22 CET 2026



#New# invocation of recon-all 



status file for recon-all
Mon Mar  9 22:45:58 CET 2026
#@# white curv lh Mon Mar  9 22:45:58 CET 2026
#@# white area lh Mon Mar  9 22:45:58 CET 2026
#@# pial curv lh Mon Mar  9 22:45:58 CET 2026
#@# pial area lh Mon Mar  9 22:45:58 CET 2026
#@# thickness lh Mon Mar  9 22:45:58 CET 2026
#@# area and vertex vol lh Mon Mar  9 22:45:58 CET 2026
#@# Parcellation Stats lh Mon Mar  9 22:45:58 CET 2026
#@# Parcellation Stats 2 lh Mon Mar  9 22:46:21 CET 2026
#@# Parcellation Stats 3 lh Mon Mar  9 22:46:34 CET 2026
#@# BA_exvivo Labels lh Mon Mar  9 22:46:47 CET 2026
recon-all -s sub-v1s23x0050602_ses-1 finished without error at Mon Mar  9 22:49:45 CET 2026
