status file for recon-all
Mon Mar  9 19:52:29 CET 2026
#@# MotionCor Mon Mar  9 19:52:31 CET 2026
#@# Talairach Mon Mar  9 19:52:40 CET 2026
#@# Talairach Failure Detection Mon Mar  9 19:57:07 CET 2026
#@# Nu Intensity Correction Mon Mar  9 19:57:07 CET 2026
#@# Intensity Normalization Mon Mar  9 20:00:22 CET 2026
recon-all -s sub-v1s23x0050602_ses-1 finished without error at Mon Mar  9 20:01:52 CET 2026



#New# invocation of recon-all 



status file for recon-all
Mon Mar  9 20:09:11 CET 2026
#@# EM Registration Mon Mar  9 20:09:11 CET 2026
recon-all -s sub-v1s23x0050602_ses-1 finished without error at Mon Mar  9 20:11:09 CET 2026



#New# invocation of recon-all 



status file for recon-all
Mon Mar  9 20:11:12 CET 2026
#@# CA Normalize Mon Mar  9 20:11:12 CET 2026
#@# CA Reg Mon Mar  9 20:12:32 CET 2026
#@# SubCort Seg Mon Mar  9 21:07:03 CET 2026
#@# CC Seg Mon Mar  9 21:37:40 CET 2026
#@# Merge ASeg Mon Mar  9 21:38:17 CET 2026
#@# Intensity Normalization2 Mon Mar  9 21:38:17 CET 2026
#@# Mask BFS Mon Mar  9 21:40:33 CET 2026
#@# WM Segmentation Mon Mar  9 21:40:33 CET 2026
#@# Fill Mon Mar  9 21:42:35 CET 2026
recon-all -s sub-v1s23x0050602_ses-1 finished without error at Mon Mar  9 21:43:41 CET 2026



#New# invocation of recon-all 



status file for recon-all
Mon Mar  9 22:39:21 CET 2026
#@# white curv lh Mon Mar  9 22:39:21 CET 2026
#@# white area lh Mon Mar  9 22:39:21 CET 2026
#@# pial curv lh Mon Mar  9 22:39:21 CET 2026
#@# pial area lh Mon Mar  9 22:39:21 CET 2026
#@# thickness lh Mon Mar  9 22:39:21 CET 2026
#@# area and vertex vol lh Mon Mar  9 22:39:21 CET 2026
#@# white curv rh Mon Mar  9 22:39:21 CET 2026
#@# white area rh Mon Mar  9 22:39:21 CET 2026
#@# pial curv rh Mon Mar  9 22:39:22 CET 2026
#@# pial area rh Mon Mar  9 22:39:22 CET 2026
#@# thickness rh Mon Mar  9 22:39:22 CET 2026
#@# area and vertex vol rh Mon Mar  9 22:39:22 CET 2026
#@# Cortical ribbon mask Mon Mar  9 22:39:22 CET 2026
recon-all -s sub-v1s23x0050602_ses-1 finished without error at Mon Mar  9 22:45:54 CET 2026



#New# invocation of recon-all 



status file for recon-all
Mon Mar  9 22:53:27 CET 2026
#@# white curv lh Mon Mar  9 22:53:28 CET 2026
#@# white area lh Mon Mar  9 22:53:28 CET 2026
#@# pial curv lh Mon Mar  9 22:53:28 CET 2026
#@# pial area lh Mon Mar  9 22:53:28 CET 2026
#@# thickness lh Mon Mar  9 22:53:28 CET 2026
#@# area and vertex vol lh Mon Mar  9 22:53:28 CET 2026
#@# white curv rh Mon Mar  9 22:53:28 CET 2026
#@# white area rh Mon Mar  9 22:53:28 CET 2026
#@# pial curv rh Mon Mar  9 22:53:28 CET 2026
#@# pial area rh Mon Mar  9 22:53:28 CET 2026
#@# thickness rh Mon Mar  9 22:53:28 CET 2026
#@# area and vertex vol rh Mon Mar  9 22:53:28 CET 2026
#@# Curvature Stats lh Mon Mar  9 22:53:28 CET 2026
#@# Curvature Stats rh Mon Mar  9 22:53:31 CET 2026
#@# Relabel Hypointensities Mon Mar  9 22:53:33 CET 2026
#@# APas-to-ASeg Mon Mar  9 22:53:50 CET 2026
#@# AParc-to-ASeg aparc Mon Mar  9 22:53:59 CET 2026
#@# AParc-to-ASeg aparc.a2009s Mon Mar  9 22:54:56 CET 2026
#@# AParc-to-ASeg aparc.DKTatlas Mon Mar  9 22:55:55 CET 2026
#@# WMParc Mon Mar  9 22:56:56 CET 2026
#@# ASeg Stats Mon Mar  9 23:01:35 CET 2026
recon-all -s sub-v1s23x0050602_ses-1 finished without error at Mon Mar  9 23:02:15 CET 2026
