status file for recon-all
Thu Mar 12 16:06:32 CET 2026
#@# MotionCor Thu Mar 12 16:06:33 CET 2026
#@# Talairach Thu Mar 12 16:06:41 CET 2026
#@# Talairach Failure Detection Thu Mar 12 16:11:06 CET 2026
#@# Nu Intensity Correction Thu Mar 12 16:11:06 CET 2026
#@# Intensity Normalization Thu Mar 12 16:14:21 CET 2026
recon-all -s sub-v1s23x0050569_ses-1 finished without error at Thu Mar 12 16:15:47 CET 2026



#New# invocation of recon-all 



status file for recon-all
Thu Mar 12 16:22:49 CET 2026
#@# EM Registration Thu Mar 12 16:22:49 CET 2026
recon-all -s sub-v1s23x0050569_ses-1 finished without error at Thu Mar 12 16:24:52 CET 2026



#New# invocation of recon-all 



status file for recon-all
Thu Mar 12 16:24:54 CET 2026
#@# CA Normalize Thu Mar 12 16:24:54 CET 2026
#@# CA Reg Thu Mar 12 16:26:14 CET 2026
#@# SubCort Seg Thu Mar 12 17:15:06 CET 2026
#@# CC Seg Thu Mar 12 17:40:44 CET 2026
#@# Merge ASeg Thu Mar 12 17:41:17 CET 2026
#@# Intensity Normalization2 Thu Mar 12 17:41:17 CET 2026
#@# Mask BFS Thu Mar 12 17:43:24 CET 2026
#@# WM Segmentation Thu Mar 12 17:43:24 CET 2026
#@# Fill Thu Mar 12 17:45:16 CET 2026
recon-all -s sub-v1s23x0050569_ses-1 finished without error at Thu Mar 12 17:46:17 CET 2026



#New# invocation of recon-all 



status file for recon-all
Thu Mar 12 18:34:54 CET 2026
#@# white curv lh Thu Mar 12 18:34:54 CET 2026
#@# white area lh Thu Mar 12 18:34:54 CET 2026
#@# pial curv lh Thu Mar 12 18:34:54 CET 2026
#@# pial area lh Thu Mar 12 18:34:54 CET 2026
#@# thickness lh Thu Mar 12 18:34:54 CET 2026
#@# area and vertex vol lh Thu Mar 12 18:34:54 CET 2026
#@# white curv rh Thu Mar 12 18:34:54 CET 2026
#@# white area rh Thu Mar 12 18:34:54 CET 2026
#@# pial curv rh Thu Mar 12 18:34:54 CET 2026
#@# pial area rh Thu Mar 12 18:34:54 CET 2026
#@# thickness rh Thu Mar 12 18:34:54 CET 2026
#@# area and vertex vol rh Thu Mar 12 18:34:54 CET 2026
#@# Cortical ribbon mask Thu Mar 12 18:34:54 CET 2026
recon-all -s sub-v1s23x0050569_ses-1 finished without error at Thu Mar 12 18:40:13 CET 2026



#New# invocation of recon-all 



status file for recon-all
Thu Mar 12 18:45:52 CET 2026
#@# white curv lh Thu Mar 12 18:45:53 CET 2026
#@# white area lh Thu Mar 12 18:45:53 CET 2026
#@# pial curv lh Thu Mar 12 18:45:53 CET 2026
#@# pial area lh Thu Mar 12 18:45:53 CET 2026
#@# thickness lh Thu Mar 12 18:45:53 CET 2026
#@# area and vertex vol lh Thu Mar 12 18:45:53 CET 2026
#@# white curv rh Thu Mar 12 18:45:53 CET 2026
#@# white area rh Thu Mar 12 18:45:53 CET 2026
#@# pial curv rh Thu Mar 12 18:45:53 CET 2026
#@# pial area rh Thu Mar 12 18:45:53 CET 2026
#@# thickness rh Thu Mar 12 18:45:53 CET 2026
#@# area and vertex vol rh Thu Mar 12 18:45:53 CET 2026
#@# Curvature Stats lh Thu Mar 12 18:45:53 CET 2026
#@# Curvature Stats rh Thu Mar 12 18:45:55 CET 2026
#@# Relabel Hypointensities Thu Mar 12 18:45:57 CET 2026
#@# APas-to-ASeg Thu Mar 12 18:46:11 CET 2026
#@# AParc-to-ASeg aparc Thu Mar 12 18:46:18 CET 2026
#@# AParc-to-ASeg aparc.a2009s Thu Mar 12 18:46:40 CET 2026
#@# AParc-to-ASeg aparc.DKTatlas Thu Mar 12 18:47:00 CET 2026
#@# WMParc Thu Mar 12 18:47:21 CET 2026
#@# ASeg Stats Thu Mar 12 18:50:52 CET 2026
recon-all -s sub-v1s23x0050569_ses-1 finished without error at Thu Mar 12 18:51:30 CET 2026
