status file for recon-all
Thu Mar 12 18:06:34 CET 2026
#@# Tessellate rh Thu Mar 12 18:06:34 CET 2026
#@# Smooth1 rh Thu Mar 12 18:06:38 CET 2026
#@# Inflation1 rh Thu Mar 12 18:06:40 CET 2026
#@# QSphere rh Thu Mar 12 18:06:52 CET 2026
#@# Fix Topology rh Thu Mar 12 18:07:45 CET 2026
#@# Smooth2 rh Thu Mar 12 18:14:13 CET 2026
#@# Inflation2 rh Thu Mar 12 18:14:15 CET 2026
#@# Curv .H and .K rh Thu Mar 12 18:14:27 CET 2026
#@# Sphere rh Thu Mar 12 18:15:06 CET 2026
#@# Surf Reg rh Thu Mar 12 18:21:06 CET 2026
#@# Jacobian white rh Thu Mar 12 18:27:09 CET 2026
#@# AvgCurv rh Thu Mar 12 18:27:10 CET 2026
#@# Cortical Parc rh Thu Mar 12 18:27:11 CET 2026
#@# white curv rh Thu Mar 12 18:33:53 CET 2026
#@# white area rh Thu Mar 12 18:33:55 CET 2026
#@# pial curv rh Thu Mar 12 18:33:56 CET 2026
#@# pial area rh Thu Mar 12 18:33:58 CET 2026
#@# thickness rh Thu Mar 12 18:33:58 CET 2026
#@# area and vertex vol rh Thu Mar 12 18:34:22 CET 2026
#@# Curvature Stats rh Thu Mar 12 18:34:24 CET 2026
#@# Cortical Parc 2 rh Thu Mar 12 18:34:26 CET 2026
#@# Cortical Parc 3 rh Thu Mar 12 18:34:37 CET 2026
#@# WM/GM Contrast rh Thu Mar 12 18:34:46 CET 2026
recon-all -s sub-v1s23x0050569_ses-1 finished without error at Thu Mar 12 18:34:49 CET 2026



#New# invocation of recon-all 



status file for recon-all
Thu Mar 12 18:43:00 CET 2026
#@# white curv rh Thu Mar 12 18:43:01 CET 2026
#@# white area rh Thu Mar 12 18:43:01 CET 2026
#@# pial curv rh Thu Mar 12 18:43:01 CET 2026
#@# pial area rh Thu Mar 12 18:43:01 CET 2026
#@# thickness rh Thu Mar 12 18:43:01 CET 2026
#@# area and vertex vol rh Thu Mar 12 18:43:01 CET 2026
#@# Parcellation Stats rh Thu Mar 12 18:43:01 CET 2026
#@# Parcellation Stats 2 rh Thu Mar 12 18:43:15 CET 2026
#@# Parcellation Stats 3 rh Thu Mar 12 18:43:22 CET 2026
#@# BA_exvivo Labels rh Thu Mar 12 18:43:29 CET 2026
recon-all -s sub-v1s23x0050569_ses-1 finished without error at Thu Mar 12 18:45:48 CET 2026
