status file for recon-all
Mon Mar  9 21:13:41 CET 2026
#@# MotionCor Mon Mar  9 21:13:43 CET 2026
#@# Talairach Mon Mar  9 21:13:50 CET 2026
#@# Talairach Failure Detection Mon Mar  9 21:18:17 CET 2026
#@# Nu Intensity Correction Mon Mar  9 21:18:17 CET 2026
#@# Intensity Normalization Mon Mar  9 21:21:29 CET 2026
recon-all -s sub-v1s23x0050628_ses-1 finished without error at Mon Mar  9 21:23:19 CET 2026



#New# invocation of recon-all 



status file for recon-all
Mon Mar  9 21:30:09 CET 2026
#@# EM Registration Mon Mar  9 21:30:09 CET 2026
recon-all -s sub-v1s23x0050628_ses-1 finished without error at Mon Mar  9 21:31:31 CET 2026



#New# invocation of recon-all 



status file for recon-all
Mon Mar  9 21:31:33 CET 2026
#@# CA Normalize Mon Mar  9 21:31:33 CET 2026
#@# CA Reg Mon Mar  9 21:32:57 CET 2026
#@# SubCort Seg Mon Mar  9 22:16:27 CET 2026
#@# CC Seg Mon Mar  9 22:42:13 CET 2026
#@# Merge ASeg Mon Mar  9 22:42:45 CET 2026
#@# Intensity Normalization2 Mon Mar  9 22:42:45 CET 2026
#@# Mask BFS Mon Mar  9 22:44:58 CET 2026
#@# WM Segmentation Mon Mar  9 22:44:59 CET 2026
#@# Fill Mon Mar  9 22:46:49 CET 2026
recon-all -s sub-v1s23x0050628_ses-1 finished without error at Mon Mar  9 22:47:50 CET 2026



#New# invocation of recon-all 



status file for recon-all
Mon Mar  9 23:20:31 CET 2026
#@# white curv lh Mon Mar  9 23:20:31 CET 2026
#@# white area lh Mon Mar  9 23:20:31 CET 2026
#@# pial curv lh Mon Mar  9 23:20:31 CET 2026
#@# pial area lh Mon Mar  9 23:20:31 CET 2026
#@# thickness lh Mon Mar  9 23:20:31 CET 2026
#@# area and vertex vol lh Mon Mar  9 23:20:31 CET 2026
#@# white curv rh Mon Mar  9 23:20:31 CET 2026
#@# white area rh Mon Mar  9 23:20:31 CET 2026
#@# pial curv rh Mon Mar  9 23:20:31 CET 2026
#@# pial area rh Mon Mar  9 23:20:31 CET 2026
#@# thickness rh Mon Mar  9 23:20:31 CET 2026
#@# area and vertex vol rh Mon Mar  9 23:20:31 CET 2026
#@# Cortical ribbon mask Mon Mar  9 23:20:31 CET 2026
recon-all -s sub-v1s23x0050628_ses-1 finished without error at Mon Mar  9 23:25:13 CET 2026



#New# invocation of recon-all 



status file for recon-all
Mon Mar  9 23:30:29 CET 2026
#@# white curv lh Mon Mar  9 23:30:29 CET 2026
#@# white area lh Mon Mar  9 23:30:29 CET 2026
#@# pial curv lh Mon Mar  9 23:30:29 CET 2026
#@# pial area lh Mon Mar  9 23:30:29 CET 2026
#@# thickness lh Mon Mar  9 23:30:29 CET 2026
#@# area and vertex vol lh Mon Mar  9 23:30:29 CET 2026
#@# white curv rh Mon Mar  9 23:30:29 CET 2026
#@# white area rh Mon Mar  9 23:30:29 CET 2026
#@# pial curv rh Mon Mar  9 23:30:29 CET 2026
#@# pial area rh Mon Mar  9 23:30:29 CET 2026
#@# thickness rh Mon Mar  9 23:30:29 CET 2026
#@# area and vertex vol rh Mon Mar  9 23:30:29 CET 2026
#@# Curvature Stats lh Mon Mar  9 23:30:30 CET 2026
#@# Curvature Stats rh Mon Mar  9 23:30:31 CET 2026
#@# Relabel Hypointensities Mon Mar  9 23:30:33 CET 2026
#@# APas-to-ASeg Mon Mar  9 23:30:47 CET 2026
#@# AParc-to-ASeg aparc Mon Mar  9 23:30:54 CET 2026
#@# AParc-to-ASeg aparc.a2009s Mon Mar  9 23:31:18 CET 2026
#@# AParc-to-ASeg aparc.DKTatlas Mon Mar  9 23:31:41 CET 2026
#@# WMParc Mon Mar  9 23:32:05 CET 2026
#@# ASeg Stats Mon Mar  9 23:35:33 CET 2026
recon-all -s sub-v1s23x0050628_ses-1 finished without error at Mon Mar  9 23:36:03 CET 2026
