status file for recon-all
Mon Mar  9 22:47:55 CET 2026
#@# Tessellate lh Mon Mar  9 22:47:55 CET 2026
#@# Smooth1 lh Mon Mar  9 22:47:59 CET 2026
#@# Inflation1 lh Mon Mar  9 22:48:01 CET 2026
#@# QSphere lh Mon Mar  9 22:48:09 CET 2026
#@# Fix Topology lh Mon Mar  9 22:48:51 CET 2026
#@# Smooth2 lh Mon Mar  9 22:53:58 CET 2026
#@# Inflation2 lh Mon Mar  9 22:54:00 CET 2026
#@# Curv .H and .K lh Mon Mar  9 22:54:09 CET 2026
#@# Sphere lh Mon Mar  9 22:54:48 CET 2026
#@# Surf Reg lh Mon Mar  9 22:56:56 CET 2026
#@# Jacobian white lh Mon Mar  9 22:59:20 CET 2026
#@# AvgCurv lh Mon Mar  9 22:59:21 CET 2026
#@# Cortical Parc lh Mon Mar  9 22:59:22 CET 2026
#@# white curv lh Mon Mar  9 23:03:47 CET 2026
#@# white area lh Mon Mar  9 23:03:49 CET 2026
#@# pial curv lh Mon Mar  9 23:03:49 CET 2026
#@# pial area lh Mon Mar  9 23:03:51 CET 2026
#@# thickness lh Mon Mar  9 23:03:51 CET 2026
#@# area and vertex vol lh Mon Mar  9 23:04:15 CET 2026
#@# Curvature Stats lh Mon Mar  9 23:04:16 CET 2026
#@# Cortical Parc 2 lh Mon Mar  9 23:04:18 CET 2026
#@# Cortical Parc 3 lh Mon Mar  9 23:04:29 CET 2026
#@# WM/GM Contrast lh Mon Mar  9 23:04:37 CET 2026
recon-all -s sub-v1s23x0050628_ses-1 finished without error at Mon Mar  9 23:04:40 CET 2026



#New# invocation of recon-all 



status file for recon-all
Mon Mar  9 23:25:17 CET 2026
#@# white curv lh Mon Mar  9 23:25:17 CET 2026
#@# white area lh Mon Mar  9 23:25:17 CET 2026
#@# pial curv lh Mon Mar  9 23:25:17 CET 2026
#@# pial area lh Mon Mar  9 23:25:17 CET 2026
#@# thickness lh Mon Mar  9 23:25:17 CET 2026
#@# area and vertex vol lh Mon Mar  9 23:25:17 CET 2026
#@# Parcellation Stats lh Mon Mar  9 23:25:17 CET 2026
#@# Parcellation Stats 2 lh Mon Mar  9 23:25:30 CET 2026
#@# Parcellation Stats 3 lh Mon Mar  9 23:25:37 CET 2026
#@# BA_exvivo Labels lh Mon Mar  9 23:25:44 CET 2026
recon-all -s sub-v1s23x0050628_ses-1 finished without error at Mon Mar  9 23:27:48 CET 2026
