status file for recon-all
Thu Mar 12 16:02:24 CET 2026
#@# MotionCor Thu Mar 12 16:02:25 CET 2026
#@# Talairach Thu Mar 12 16:02:33 CET 2026
#@# Talairach Failure Detection Thu Mar 12 16:06:56 CET 2026
#@# Nu Intensity Correction Thu Mar 12 16:06:56 CET 2026
#@# Intensity Normalization Thu Mar 12 16:10:13 CET 2026
recon-all -s sub-v1s23x0050555_ses-1 finished without error at Thu Mar 12 16:11:35 CET 2026



#New# invocation of recon-all 



status file for recon-all
Thu Mar 12 16:18:40 CET 2026
#@# EM Registration Thu Mar 12 16:18:40 CET 2026
recon-all -s sub-v1s23x0050555_ses-1 finished without error at Thu Mar 12 16:21:30 CET 2026



#New# invocation of recon-all 



status file for recon-all
Thu Mar 12 16:21:33 CET 2026
#@# CA Normalize Thu Mar 12 16:21:33 CET 2026
#@# CA Reg Thu Mar 12 16:22:52 CET 2026
#@# SubCort Seg Thu Mar 12 17:14:53 CET 2026
#@# CC Seg Thu Mar 12 17:46:18 CET 2026
#@# Merge ASeg Thu Mar 12 17:46:54 CET 2026
#@# Intensity Normalization2 Thu Mar 12 17:46:54 CET 2026
#@# Mask BFS Thu Mar 12 17:49:03 CET 2026
#@# WM Segmentation Thu Mar 12 17:49:04 CET 2026
#@# Fill Thu Mar 12 17:51:07 CET 2026
recon-all -s sub-v1s23x0050555_ses-1 finished without error at Thu Mar 12 17:52:11 CET 2026



#New# invocation of recon-all 



status file for recon-all
Thu Mar 12 18:50:46 CET 2026
#@# white curv lh Thu Mar 12 18:50:46 CET 2026
#@# white area lh Thu Mar 12 18:50:46 CET 2026
#@# pial curv lh Thu Mar 12 18:50:46 CET 2026
#@# pial area lh Thu Mar 12 18:50:47 CET 2026
#@# thickness lh Thu Mar 12 18:50:47 CET 2026
#@# area and vertex vol lh Thu Mar 12 18:50:47 CET 2026
#@# white curv rh Thu Mar 12 18:50:47 CET 2026
#@# white area rh Thu Mar 12 18:50:47 CET 2026
#@# pial curv rh Thu Mar 12 18:50:47 CET 2026
#@# pial area rh Thu Mar 12 18:50:47 CET 2026
#@# thickness rh Thu Mar 12 18:50:47 CET 2026
#@# area and vertex vol rh Thu Mar 12 18:50:47 CET 2026
#@# Cortical ribbon mask Thu Mar 12 18:50:47 CET 2026
recon-all -s sub-v1s23x0050555_ses-1 finished without error at Thu Mar 12 18:55:57 CET 2026



#New# invocation of recon-all 



status file for recon-all
Thu Mar 12 19:03:05 CET 2026
#@# white curv lh Thu Mar 12 19:03:05 CET 2026
#@# white area lh Thu Mar 12 19:03:05 CET 2026
#@# pial curv lh Thu Mar 12 19:03:05 CET 2026
#@# pial area lh Thu Mar 12 19:03:05 CET 2026
#@# thickness lh Thu Mar 12 19:03:05 CET 2026
#@# area and vertex vol lh Thu Mar 12 19:03:05 CET 2026
#@# white curv rh Thu Mar 12 19:03:05 CET 2026
#@# white area rh Thu Mar 12 19:03:05 CET 2026
#@# pial curv rh Thu Mar 12 19:03:05 CET 2026
#@# pial area rh Thu Mar 12 19:03:05 CET 2026
#@# thickness rh Thu Mar 12 19:03:05 CET 2026
#@# area and vertex vol rh Thu Mar 12 19:03:05 CET 2026
#@# Curvature Stats lh Thu Mar 12 19:03:05 CET 2026
#@# Curvature Stats rh Thu Mar 12 19:03:08 CET 2026
#@# Relabel Hypointensities Thu Mar 12 19:03:10 CET 2026
#@# APas-to-ASeg Thu Mar 12 19:03:26 CET 2026
#@# AParc-to-ASeg aparc Thu Mar 12 19:03:34 CET 2026
#@# AParc-to-ASeg aparc.a2009s Thu Mar 12 19:04:16 CET 2026
#@# AParc-to-ASeg aparc.DKTatlas Thu Mar 12 19:04:52 CET 2026
#@# WMParc Thu Mar 12 19:05:31 CET 2026
#@# ASeg Stats Thu Mar 12 19:09:22 CET 2026
recon-all -s sub-v1s23x0050555_ses-1 finished without error at Thu Mar 12 19:10:04 CET 2026
