status file for recon-all
Thu Mar 12 18:20:44 CET 2026
#@# Tessellate rh Thu Mar 12 18:20:44 CET 2026
#@# Smooth1 rh Thu Mar 12 18:20:49 CET 2026
#@# Inflation1 rh Thu Mar 12 18:20:51 CET 2026
#@# QSphere rh Thu Mar 12 18:21:08 CET 2026
#@# Fix Topology rh Thu Mar 12 18:22:30 CET 2026
#@# Smooth2 rh Thu Mar 12 18:31:07 CET 2026
#@# Inflation2 rh Thu Mar 12 18:31:10 CET 2026
#@# Curv .H and .K rh Thu Mar 12 18:31:28 CET 2026
#@# Sphere rh Thu Mar 12 18:32:20 CET 2026
#@# Surf Reg rh Thu Mar 12 18:36:54 CET 2026
#@# Jacobian white rh Thu Mar 12 18:42:21 CET 2026
#@# AvgCurv rh Thu Mar 12 18:42:22 CET 2026
#@# Cortical Parc rh Thu Mar 12 18:42:23 CET 2026
#@# white curv rh Thu Mar 12 18:49:32 CET 2026
#@# white area rh Thu Mar 12 18:49:34 CET 2026
#@# pial curv rh Thu Mar 12 18:49:35 CET 2026
#@# pial area rh Thu Mar 12 18:49:37 CET 2026
#@# thickness rh Thu Mar 12 18:49:38 CET 2026
#@# area and vertex vol rh Thu Mar 12 18:50:10 CET 2026
#@# Curvature Stats rh Thu Mar 12 18:50:12 CET 2026
#@# Cortical Parc 2 rh Thu Mar 12 18:50:14 CET 2026
#@# Cortical Parc 3 rh Thu Mar 12 18:50:28 CET 2026
#@# WM/GM Contrast rh Thu Mar 12 18:50:39 CET 2026
recon-all -s sub-v1s23x0050555_ses-1 finished without error at Thu Mar 12 18:50:42 CET 2026



#New# invocation of recon-all 



status file for recon-all
Thu Mar 12 18:59:31 CET 2026
#@# white curv rh Thu Mar 12 18:59:31 CET 2026
#@# white area rh Thu Mar 12 18:59:31 CET 2026
#@# pial curv rh Thu Mar 12 18:59:31 CET 2026
#@# pial area rh Thu Mar 12 18:59:31 CET 2026
#@# thickness rh Thu Mar 12 18:59:31 CET 2026
#@# area and vertex vol rh Thu Mar 12 18:59:31 CET 2026
#@# Parcellation Stats rh Thu Mar 12 18:59:31 CET 2026
#@# Parcellation Stats 2 rh Thu Mar 12 18:59:53 CET 2026
#@# Parcellation Stats 3 rh Thu Mar 12 19:00:04 CET 2026
#@# BA_exvivo Labels rh Thu Mar 12 19:00:15 CET 2026
recon-all -s sub-v1s23x0050555_ses-1 finished without error at Thu Mar 12 19:03:00 CET 2026
