/out/sourcedata/freesurfer/sub-v1s23x0050557_ses-1/mri
/opt/freesurfer/bin/talairach_avi
--i orig_nu.mgz --xfm transforms/talairach.auto.xfm
talairach_avi 7.3.2
Linux dna030 5.14.0-427.37.1.el9_4.x86_64 #1 SMP PREEMPT_DYNAMIC Fri Sep 13 12:41:50 EDT 2024 x86_64 x86_64 x86_64 GNU/Linux
Wed Mar 11 20:28:17 CET 2026
mri_convert orig_nu.mgz talsrcimg.img 
reading from orig_nu.mgz...
TR=0.00, TE=0.00, TI=0.00, flip angle=0.00
i_ras = (-1, 0, 0)
j_ras = (0, 0, -1)
k_ras = (0, 1, 0)
writing to talsrcimg.img...
Analyze Output Matrix
-1.00000   0.00000   0.00000   184.38493;
 0.00000   0.00000   1.00000  -168.52843;
 0.00000  -1.00000   0.00000   180.08618;
 0.00000   0.00000   0.00000   1.00000;
--------------------
INFO: set hdr.hist.orient to -1
mpr2mni305 talsrcimg
Wed Mar 11 20:28:18 CET 2026
/opt/freesurfer/bin/mpr2mni305 talsrcimg
mpr2mni305 7.3.2
target=711-2C_as_mni_average_305

---------------------------------------------------------------------
analyzeto4dfp talsrcimg -O0 -y
---------------------------------------------------------------------

freesurfer ifh2hdr.c
Wed Mar 11 20:28:18 2026
Writing: talsrcimg.4dfp.hdr
freesurfer analyzeto4dfp.c
Reading: talsrcimg.hdr
header size 348 bytes
hdr.dime.datatype	offset=70	value=2
hdr.dime.bitpix		offset=72	value=8
hdr.hist.orient		offset=252	value=-1
dimensionality     4
dimensions       256       256       256         1
Reading: talsrcimg.img
Writing: talsrcimg.4dfp.img
Writing: talsrcimg.4dfp.ifh
ifh2hdr talsrcimg -r0to228
ori=2

---------------------------------------------------------------------
gauss_4dfp talsrcimg 1.1
---------------------------------------------------------------------

freesurfer gauss_4dfp.c
Reading: talsrcimg.4dfp.img
Writing: talsrcimg_g11.4dfp.img
image dimensions 256 256 256 padded to 288 288 288
processing volume 1freesurfer ifh2hdr.c
Wed Mar 11 20:28:19 2026
Writing: talsrcimg_g11.4dfp.hdr

Writing: talsrcimg_g11.4dfp.ifh
including: talsrcimg.4dfp.img.rec in talsrcimg_g11.4dfp.img.rec

---------------------------------------------------------------------
imgreg_4dfp /opt/freesurfer/average/711-2C_as_mni_average_305 none talsrcimg_g11 none talsrcimg_to_711-2C_as_mni_average_305_t4 4355
---------------------------------------------------------------------

freesurfer imgreg_4dfp.c
/opt/freesurfer/average/711-2C_as_mni_average_305.4dfp.img
       256       256       256         1
  1.000000  1.000000  1.000000
orientation T byte_order littleendian
Reading image: /opt/freesurfer/average/711-2C_as_mni_average_305.4dfp.img
dimensions:      256       256       256
mmppix:       1.0000   -1.0000   -1.0000
center:     128.0000 -129.0000 -129.0000
talsrcimg_g11.4dfp.img
       256       256       256         1
  1.000000  1.000000  1.000000
orientation T byte_order littleendian
Reading image: talsrcimg_g11.4dfp.img
dimensions:      256       256       256
mmppix:       1.0000   -1.0000   -1.0000
center:     128.0000 -129.0000 -129.0000
t4_read: open error in t4_sub.f l:  41 t4_file(1:l)talsrcimg_to_711-2C_as_mni_average_305_t4 
t4_read: transform initialized to I4
rotation matrix determinant  1.000000
image alignment mode   4355 decimal     1103 hex
   -7.5000  -45.0000  -45.0000 6856.2778   21.5877
    0.0000  -45.0000  -45.0000 7138.3525   21.5750
    7.5000  -45.0000  -45.0000 6842.5186   21.5773
   -7.5000  -37.5000  -45.0000 7428.4697   21.3187
    0.0000  -37.5000  -45.0000 7746.1685   21.3148
    7.5000  -37.5000  -45.0000 7428.9741   21.3222
   -7.5000  -30.0000  -45.0000 8371.0840   21.1764
    0.0000  -30.0000  -45.0000 8727.4473   21.1754
    7.5000  -30.0000  -45.0000 8360.3203   21.1852
   -7.5000  -22.5000  -45.0000 9315.3984   21.1169
    0.0000  -22.5000  -45.0000 9727.3555   21.1126
    7.5000  -22.5000  -45.0000 9290.9697   21.1224
   -7.5000  -15.0000  -45.000010145.0635   21.1347
    0.0000  -15.0000  -45.000010584.4414   21.1229
    7.5000  -15.0000  -45.000010105.8359   21.1280
   -7.5000   -7.5000  -45.000010861.5371   21.1665
    0.0000   -7.5000  -45.000011359.6504   21.1501
    7.5000   -7.5000  -45.000010840.8691   21.1507
   -7.5000    0.0000  -45.000011499.1416   21.1773
    0.0000    0.0000  -45.000012036.8691   21.1661
    7.5000    0.0000  -45.000011482.2939   21.1689
   -7.5000    7.5000  -45.000011337.0029   21.1560
    0.0000    7.5000  -45.000011825.4658   21.1526
    7.5000    7.5000  -45.000011307.5859   21.1604
   -7.5000   15.0000  -45.000011109.1807   21.1270
    0.0000   15.0000  -45.000011576.1260   21.1261
    7.5000   15.0000  -45.000011074.9424   21.1363
   -7.5000   22.5000  -45.000010700.6777   21.1136
    0.0000   22.5000  -45.000011146.3008   21.1093
    7.5000   22.5000  -45.000010637.7305   21.1192
   -7.5000   30.0000  -45.000010244.2188   20.8530
    0.0000   30.0000  -45.000010650.3125   20.8414
    7.5000   30.0000  -45.000010141.5811   20.8464
   -7.5000   37.5000  -45.0000 9896.9580   20.8844
    0.0000   37.5000  -45.000010287.7012   20.8683
    7.5000   37.5000  -45.0000 9790.2715   20.8689
   -7.5000   45.0000  -45.0000 9116.9814   20.3645
    0.0000   45.0000  -45.0000 9469.0186   20.3537
    7.5000   45.0000  -45.0000 9006.2314   20.3564
   -7.5000  -45.0000  -37.5000 7171.1074   21.1953
    0.0000  -45.0000  -37.5000 7463.8696   21.1674
    7.5000  -45.0000  -37.5000 7151.2090   21.1510
   -7.5000  -37.5000  -37.5000 7806.3857   20.9371
    0.0000  -37.5000  -37.5000 8141.4766   20.9132
    7.5000  -37.5000  -37.5000 7806.0366   20.9018
   -7.5000  -30.0000  -37.5000 8783.8057   20.7932
    0.0000  -30.0000  -37.5000 9167.8037   20.7697
    7.5000  -30.0000  -37.5000 8769.7334   20.7629
   -7.5000  -22.5000  -37.5000 9771.3018   20.7267
    0.0000  -22.5000  -37.500010209.1484   20.7034
    7.5000  -22.5000  -37.5000 9723.1631   20.6981
   -7.5000  -15.0000  -37.500010613.6953   20.7390
    0.0000  -15.0000  -37.500011116.3916   20.7140
    7.5000  -15.0000  -37.500010568.9619   20.7037
   -7.5000   -7.5000  -37.500011380.5234   20.7729
    0.0000   -7.5000  -37.500011897.6191   20.7451
    7.5000   -7.5000  -37.500011326.8867   20.7292
   -7.5000    0.0000  -37.500012035.4141   20.7920
    0.0000    0.0000  -37.500012607.3896   20.7660
    7.5000    0.0000  -37.500011992.3740   20.7507
   -7.5000    7.5000  -37.500011849.9189   20.7755
    0.0000    7.5000  -37.500012392.1064   20.7523
    7.5000    7.5000  -37.500011790.5039   20.7417
   -7.5000   15.0000  -37.500011594.6855   20.7440
    0.0000   15.0000  -37.500012103.5576   20.7206
    7.5000   15.0000  -37.500011503.1104   20.7144
   -7.5000   22.5000  -37.500011143.8887   20.7235
    0.0000   22.5000  -37.500011625.6738   20.7003
    7.5000   22.5000  -37.500011029.7754   20.6949
   -7.5000   30.0000  -37.500010652.9375   20.4626
    0.0000   30.0000  -37.500011100.3203   20.4380
    7.5000   30.0000  -37.500010518.7354   20.4278
   -7.5000   37.5000  -37.500010289.4424   20.4961
    0.0000   37.5000  -37.500010706.5557   20.4687
    7.5000   37.5000  -37.500010150.3721   20.4529
   -7.5000   45.0000  -37.5000 9482.9062   19.9940
    0.0000   45.0000  -37.5000 9823.4248   19.9690
    7.5000   45.0000  -37.5000 9332.3916   19.9543
   -7.5000  -45.0000  -30.0000 7719.2593   22.0489
    0.0000  -45.0000  -30.0000 8065.6406   22.0266
    7.5000  -45.0000  -30.0000 7719.3242   22.0074
   -7.5000  -37.5000  -30.0000 8423.7773   21.7813
    0.0000  -37.5000  -30.0000 8812.6953   21.7542
    7.5000  -37.5000  -30.0000 8430.0693   21.7374
   -7.5000  -30.0000  -30.0000 9470.4775   21.6404
    0.0000  -30.0000  -30.0000 9901.6318   21.6052
    7.5000  -30.0000  -30.0000 9458.1260   21.5892
   -7.5000  -22.5000  -30.000010535.2871   21.5782
    0.0000  -22.5000  -30.000011014.6025   21.5438
    7.5000  -22.5000  -30.000010505.4092   21.5288
   -7.5000  -15.0000  -30.000011448.2979   21.5884
    0.0000  -15.0000  -30.000011995.4990   21.5603
    7.5000  -15.0000  -30.000011441.4727   21.5429
   -7.5000   -7.5000  -30.000012276.1748   21.6138
    0.0000   -7.5000  -30.000012847.5283   21.5906
    7.5000   -7.5000  -30.000012260.7803   21.5708
   -7.5000    0.0000  -30.000013002.6514   21.6259
    0.0000    0.0000  -30.000013625.8330   21.6052
    7.5000    0.0000  -30.000012956.2920   21.5873
   -7.5000    7.5000  -30.000012776.0840   21.6109
    0.0000    7.5000  -30.000013354.8682   21.5847
    7.5000    7.5000  -30.000012678.8418   21.5688
   -7.5000   15.0000  -30.000012460.9785   21.5883
    0.0000   15.0000  -30.000013003.5957   21.5534
    7.5000   15.0000  -30.000012354.1885   21.5380
   -7.5000   22.5000  -30.000011946.4697   21.5727
    0.0000   22.5000  -30.000012467.4521   21.5383
    7.5000   22.5000  -30.000011845.6631   21.5233
   -7.5000   30.0000  -30.000011425.0996   21.3028
    0.0000   30.0000  -30.000011899.5840   21.2750
    7.5000   30.0000  -30.000011298.2656   21.2578
   -7.5000   37.5000  -30.000011043.8076   21.3278
    0.0000   37.5000  -30.000011496.6260   21.3049
    7.5000   37.5000  -30.000010897.2324   21.2854
   -7.5000   45.0000  -30.000010153.3936   20.8112
    0.0000   45.0000  -30.000010553.6367   20.7913
    7.5000   45.0000  -30.000010017.7617   20.7741
   -7.5000  -45.0000  -22.5000 8249.9941   22.7899
    0.0000  -45.0000  -22.5000 8646.1572   22.7928
    7.5000  -45.0000  -22.5000 8267.6045   22.7916
   -7.5000  -37.5000  -22.5000 9003.3975   22.5056
    0.0000  -37.5000  -22.5000 9422.5244   22.5000
    7.5000  -37.5000  -22.5000 9004.4238   22.4991
   -7.5000  -30.0000  -22.500010134.4004   22.3719
    0.0000  -30.0000  -22.500010593.3838   22.3508
    7.5000  -30.0000  -22.500010104.3174   22.3445
   -7.5000  -22.5000  -22.500011283.3564   22.3262
    0.0000  -22.5000  -22.500011809.4873   22.3018
    7.5000  -22.5000  -22.500011268.9395   22.2935
   -7.5000  -15.0000  -22.500012290.1748   22.3442
    0.0000  -15.0000  -22.500012890.1348   22.3286
    7.5000  -15.0000  -22.500012321.9600   22.3196
   -7.5000   -7.5000  -22.500013140.7822   22.3589
    0.0000   -7.5000  -22.500013798.9238   22.3558
    7.5000   -7.5000  -22.500013212.0283   22.3490
   -7.5000    0.0000  -22.500013872.6504   22.3522
    0.0000    0.0000  -22.500014572.1582   22.3559
    7.5000    0.0000  -22.500013924.0322   22.3553
   -7.5000    7.5000  -22.500013639.5742   22.3295
    0.0000    7.5000  -22.500014284.7773   22.3243
    7.5000    7.5000  -22.500013615.1270   22.3241
   -7.5000   15.0000  -22.500013330.4941   22.3181
    0.0000   15.0000  -22.500013951.9902   22.2970
    7.5000   15.0000  -22.500013288.2705   22.2914
   -7.5000   22.5000  -22.500012798.9785   22.3190
    0.0000   22.5000  -22.500013379.5635   22.2945
    7.5000   22.5000  -22.500012737.7812   22.2862
   -7.5000   30.0000  -22.500012204.5283   22.0519
    0.0000   30.0000  -22.500012753.1367   22.0366
    7.5000   30.0000  -22.500012130.5059   22.0276
   -7.5000   37.5000  -22.500011764.0479   22.0665
    0.0000   37.5000  -22.500012278.4238   22.0633
    7.5000   37.5000  -22.500011687.9277   22.0567
   -7.5000   45.0000  -22.500010802.6768   21.5263
    0.0000   45.0000  -22.500011263.7383   21.5299
    7.5000   45.0000  -22.500010730.0498   21.5293
   -7.5000  -45.0000  -15.0000 8732.6035   23.3190
    0.0000  -45.0000  -15.0000 9157.8975   23.3412
    7.5000  -45.0000  -15.0000 8776.3896   23.3593
   -7.5000  -37.5000  -15.0000 9520.8340   23.0201
    0.0000  -37.5000  -15.0000 9971.2256   23.0380
    7.5000  -37.5000  -15.0000 9556.6396   23.0568
   -7.5000  -30.0000  -15.000010709.2539   22.8869
    0.0000  -30.0000  -15.000011201.9043   22.8902
    7.5000  -30.0000  -15.000010738.0205   22.9013
   -7.5000  -22.5000  -15.000011952.5332   22.8508
    0.0000  -22.5000  -15.000012549.7383   22.8467
    7.5000  -22.5000  -15.000012009.6016   22.8538
   -7.5000  -15.0000  -15.000013062.0449   22.8778
    0.0000  -15.0000  -15.000013762.2656   22.8772
    7.5000  -15.0000  -15.000013174.8701   22.8837
   -7.5000   -7.5000  -15.000013968.7422   22.8898
    0.0000   -7.5000  -15.000014723.8018   22.9012
    7.5000   -7.5000  -15.000014129.7197   22.9113
   -7.5000    0.0000  -15.000014691.6582   22.8710
    0.0000    0.0000  -15.000015442.3330   22.8933
    7.5000    0.0000  -15.000014837.6338   22.9116
   -7.5000    7.5000  -15.000014442.4648   22.8401
    0.0000    7.5000  -15.000015151.8516   22.8580
    7.5000    7.5000  -15.000014497.3926   22.8771
   -7.5000   15.0000  -15.000014159.4414   22.8317
    0.0000   15.0000  -15.000014868.2891   22.8350
    7.5000   15.0000  -15.000014212.3848   22.8467
   -7.5000   22.5000  -15.000013577.6973   22.8424
    0.0000   22.5000  -15.000014253.1543   22.8382
    7.5000   22.5000  -15.000013609.1826   22.8454
   -7.5000   30.0000  -15.000012940.6982   22.5817
    0.0000   30.0000  -15.000013555.5908   22.5811
    7.5000   30.0000  -15.000012927.6289   22.5875
   -7.5000   37.5000  -15.000012488.4502   22.5935
    0.0000   37.5000  -15.000013043.4424   22.6048
    7.5000   37.5000  -15.000012455.6699   22.6148
   -7.5000   45.0000  -15.000011474.4150   22.0392
    0.0000   45.0000  -15.000011968.0068   22.0607
    7.5000   45.0000  -15.000011441.3164   22.0783
   -7.5000  -45.0000   -7.5000 9247.0645   23.5648
    0.0000  -45.0000   -7.5000 9699.1855   23.5764
    7.5000  -45.0000   -7.5000 9296.4668   23.5958
   -7.5000  -37.5000   -7.500010071.5273   23.2650
    0.0000  -37.5000   -7.500010550.8945   23.2811
    7.5000  -37.5000   -7.500010119.3213   23.3030
   -7.5000  -30.0000   -7.500011335.1523   23.1229
    0.0000  -30.0000   -7.500011870.4639   23.1339
    7.5000  -30.0000   -7.500011379.1230   23.1519
   -7.5000  -22.5000   -7.500012687.9688   23.0777
    0.0000  -22.5000   -7.500013296.3594   23.0813
    7.5000  -22.5000   -7.500012716.8594   23.0968
   -7.5000  -15.0000   -7.500013907.0645   23.1039
    0.0000  -15.0000   -7.500014661.4072   23.1028
    7.5000  -15.0000   -7.500014042.1152   23.1160
   -7.5000   -7.5000   -7.500014939.4990   23.1231
    0.0000   -7.5000   -7.500015791.5146   23.1252
    7.5000   -7.5000   -7.500015159.6611   23.1386
   -7.5000    0.0000   -7.500015605.4941   23.1125
    0.0000    0.0000   -7.500016425.9316   23.1246
    7.5000    0.0000   -7.500015877.3818   23.1440
   -7.5000    7.5000   -7.500015296.5605   23.0833
    0.0000    7.5000   -7.500016052.7295   23.0994
    7.5000    7.5000   -7.500015480.5059   23.1215
   -7.5000   15.0000   -7.500015019.7344   23.0673
    0.0000   15.0000   -7.500015821.6758   23.0782
    7.5000   15.0000   -7.500015170.8135   23.0967
   -7.5000   22.5000   -7.500014389.0029   23.0667
    0.0000   22.5000   -7.500015134.9609   23.0703
    7.5000   22.5000   -7.500014513.1055   23.0858
   -7.5000   30.0000   -7.500013693.4609   22.8043
    0.0000   30.0000   -7.500014349.3584   22.8032
    7.5000   30.0000   -7.500013740.4629   22.8162
   -7.5000   37.5000   -7.500013244.4326   22.8233
    0.0000   37.5000   -7.500013861.4482   22.8253
    7.5000   37.5000   -7.500013257.8037   22.8386
   -7.5000   45.0000   -7.500012196.7666   22.2761
    0.0000   45.0000   -7.500012766.0059   22.2877
    7.5000   45.0000   -7.500012183.2002   22.3064
   -7.5000  -45.0000    0.0000 9749.0322   23.6052
    0.0000  -45.0000    0.000010183.1465   23.5892
    7.5000  -45.0000    0.0000 9770.2275   23.5903
   -7.5000  -37.5000    0.000010610.9023   23.3108
    0.0000  -37.5000    0.000011062.0312   23.3039
    7.5000  -37.5000    0.000010607.3643   23.3105
   -7.5000  -30.0000    0.000011881.1045   23.1543
    0.0000  -30.0000    0.000012418.8145   23.1502
    7.5000  -30.0000    0.000011885.0596   23.1591
   -7.5000  -22.5000    0.000013243.3340   23.0900
    0.0000  -22.5000    0.000013852.8057   23.0822
    7.5000  -22.5000    0.000013206.4238   23.0909
   -7.5000  -15.0000    0.000014649.1406   23.1102
    0.0000  -15.0000    0.000015393.5254   23.0947
    7.5000  -15.0000    0.000014645.5293   23.0983
   -7.5000   -7.5000    0.000015932.4277   23.1430
    0.0000   -7.5000    0.000016821.9316   23.1229
    7.5000   -7.5000    0.000016108.0244   23.1220
   -7.5000    0.0000    0.000016704.4902   23.1525
    0.0000    0.0000    0.000017558.2539   23.1379
    7.5000    0.0000    0.000017024.5000   23.1396
   -7.5000    7.5000    0.000016251.7500   23.1287
    0.0000    7.5000    0.000017071.1191   23.1223
    7.5000    7.5000    0.000016545.3145   23.1293
   -7.5000   15.0000    0.000015896.6377   23.0987
    0.0000   15.0000    0.000016771.6074   23.0945
    7.5000   15.0000    0.000016123.7188   23.1040
   -7.5000   22.5000    0.000015253.7979   23.0790
    0.0000   22.5000    0.000016069.6973   23.0711
    7.5000   22.5000    0.000015367.0273   23.0799
   -7.5000   30.0000    0.000014499.2412   22.8111
    0.0000   30.0000    0.000015229.2393   22.7958
    7.5000   30.0000    0.000014500.2012   22.7994
   -7.5000   37.5000    0.000014058.2471   22.8435
    0.0000   37.5000    0.000014741.4336   22.8236
    7.5000   37.5000    0.000013990.3467   22.8227
   -7.5000   45.0000    0.000012958.1064   22.3164
    0.0000   45.0000    0.000013579.7930   22.3023
    7.5000   45.0000    0.000012878.1025   22.3039
   -7.5000  -45.0000    7.5000 9444.1865   23.6423
    0.0000  -45.0000    7.5000 9887.7441   23.6095
    7.5000  -45.0000    7.5000 9451.2432   23.5905
   -7.5000  -37.5000    7.500010299.1553   23.3529
    0.0000  -37.5000    7.500010758.5381   23.3245
    7.5000  -37.5000    7.500010280.4072   23.3110
   -7.5000  -30.0000    7.500011528.8916   23.1913
    0.0000  -30.0000    7.500012042.0527   23.1634
    7.5000  -30.0000    7.500011516.5742   23.1548
   -7.5000  -22.5000    7.500012814.9014   23.1166
    0.0000  -22.5000    7.500013355.5000   23.0889
    7.5000  -22.5000    7.500012794.9824   23.0820
   -7.5000  -15.0000    7.500014232.7080   23.1302
    0.0000  -15.0000    7.500014889.7061   23.1007
    7.5000  -15.0000    7.500014233.9961   23.0884
   -7.5000   -7.5000    7.500015747.7266   23.1676
    0.0000   -7.5000    7.500016733.5586   23.1349
    7.5000   -7.5000    7.500015912.7920   23.1164
   -7.5000    0.0000    7.500016930.4473   23.1885
    0.0000    0.0000    7.500017959.2305   23.1578
    7.5000    0.0000    7.500017201.1953   23.1401
   -7.5000    7.5000    7.500016584.6211   23.1702
    0.0000    7.5000    7.500017498.6484   23.1426
    7.5000    7.5000    7.500016805.1992   23.1300
   -7.5000   15.0000    7.500016095.1641   23.1355
    0.0000   15.0000    7.500017001.1094   23.1077
    7.5000   15.0000    7.500016191.3379   23.0998
   -7.5000   22.5000    7.500015236.2598   23.1055
    0.0000   22.5000    7.500016093.3799   23.0779
    7.5000   22.5000    7.500015260.5107   23.0710
   -7.5000   30.0000    7.500014325.2861   22.8308
    0.0000   30.0000    7.500015111.6348   22.8017
    7.5000   30.0000    7.500014291.2266   22.7896
   -7.5000   37.5000    7.500013820.1865   22.8677
    0.0000   37.5000    7.500014555.5068   22.8355
    7.5000   37.5000    7.500013767.7002   22.8172
   -7.5000   45.0000    7.500012762.1689   22.3511
    0.0000   45.0000    7.500013444.3350   22.3215
    7.5000   45.0000    7.500012709.6768   22.3044
   -7.5000  -45.0000   15.0000 9025.5273   23.7105
    0.0000  -45.0000   15.0000 9422.0576   23.6860
    7.5000  -45.0000   15.0000 9051.6719   23.6656
   -7.5000  -37.5000   15.0000 9830.1621   23.4220
    0.0000  -37.5000   15.000010254.4658   23.3925
    7.5000  -37.5000   15.0000 9831.5830   23.3748
   -7.5000  -30.0000   15.000011003.8887   23.2702
    0.0000  -30.0000   15.000011461.4336   23.2320
    7.5000  -30.0000   15.000010979.6992   23.2150
   -7.5000  -22.5000   15.000012270.3525   23.2033
    0.0000  -22.5000   15.000012747.6836   23.1659
    7.5000  -22.5000   15.000012212.0742   23.1501
   -7.5000  -15.0000   15.000013636.5889   23.2144
    0.0000  -15.0000   15.000014315.7100   23.1838
    7.5000  -15.0000   15.000013673.0811   23.1653
   -7.5000   -7.5000   15.000014994.1777   23.2416
    0.0000   -7.5000   15.000016094.1201   23.2163
    7.5000   -7.5000   15.000015203.7119   23.1953
   -7.5000    0.0000   15.000016169.4707   23.2546
    0.0000    0.0000   15.000017262.5430   23.2319
    7.5000    0.0000   15.000016226.9463   23.2129
   -7.5000    7.5000   15.000016011.3857   23.2383
    0.0000    7.5000   15.000016919.7715   23.2097
    7.5000    7.5000   15.000015856.0293   23.1929
   -7.5000   15.0000   15.000015541.2383   23.2141
    0.0000   15.0000   15.000016358.1094   23.1761
    7.5000   15.0000   15.000015347.3145   23.1598
   -7.5000   22.5000   15.000014601.3926   23.1923
    0.0000   22.5000   15.000015373.4404   23.1549
    7.5000   22.5000   15.000014502.3174   23.1390
   -7.5000   30.0000   15.000013625.8789   22.9140
    0.0000   30.0000   15.000014349.5254   22.8838
    7.5000   30.0000   15.000013591.1777   22.8655
   -7.5000   37.5000   15.000013135.2529   22.9408
    0.0000   37.5000   15.000013778.7900   22.9159
    7.5000   37.5000   15.000013107.3115   22.8951
   -7.5000   45.0000   15.000012204.2148   22.4147
    0.0000   45.0000   15.000012803.4600   22.3929
    7.5000   45.0000   15.000012188.7275   22.3746
   -7.5000  -45.0000   22.5000 8479.2070   23.7980
    0.0000  -45.0000   22.5000 8903.6719   23.8014
    7.5000  -45.0000   22.5000 8515.6514   23.8016
   -7.5000  -37.5000   22.5000 9275.6885   23.5010
    0.0000  -37.5000   22.5000 9707.9219   23.4956
    7.5000  -37.5000   22.5000 9269.1611   23.4962
   -7.5000  -30.0000   22.500010446.4141   23.3609
    0.0000  -30.0000   22.500010898.3828   23.3392
    7.5000  -30.0000   22.500010390.9512   23.3341
   -7.5000  -22.5000   22.500011712.6709   23.3131
    0.0000  -22.5000   22.500012183.9150   23.2880
    7.5000  -22.5000   22.500011638.6543   23.2807
   -7.5000  -15.0000   22.500012947.7305   23.3322
    0.0000  -15.0000   22.500013608.6289   23.3165
    7.5000  -15.0000   22.500012993.0078   23.3084
   -7.5000   -7.5000   22.500014055.2402   23.3479
    0.0000   -7.5000   22.500014769.6289   23.3451
    7.5000   -7.5000   22.500014131.2588   23.3395
   -7.5000    0.0000   22.500014922.6104   23.3408
    0.0000    0.0000   22.500015477.9297   23.3451
    7.5000    0.0000   22.500014861.4209   23.3460
   -7.5000    7.5000   22.500014727.7783   23.3165
    0.0000    7.5000   22.500015208.2012   23.3115
    7.5000    7.5000   22.500014609.9229   23.3128
   -7.5000   15.0000   22.500014482.4160   23.3043
    0.0000   15.0000   22.500015032.9844   23.2827
    7.5000   15.0000   22.500014354.6611   23.2782
   -7.5000   22.5000   22.500013784.9551   23.3020
    0.0000   22.5000   22.500014367.9580   23.2769
    7.5000   22.5000   22.500013694.2383   23.2696
   -7.5000   30.0000   22.500012937.9629   23.0303
    0.0000   30.0000   22.500013495.3457   23.0148
    7.5000   30.0000   22.500012852.2471   23.0068
   -7.5000   37.5000   22.500012487.7393   23.0458
    0.0000   37.5000   22.500013027.4043   23.0430
    7.5000   37.5000   22.500012407.6182   23.0375
   -7.5000   45.0000   22.500011571.6123   22.4978
    0.0000   45.0000   22.500012120.2705   22.5020
    7.5000   45.0000   22.500011546.6270   22.5029
   -7.5000  -45.0000   30.0000 7879.8779   23.9631
    0.0000  -45.0000   30.0000 8279.9355   23.9874
    7.5000  -45.0000   30.0000 7922.5635   24.0097
   -7.5000  -37.5000   30.0000 8607.0176   23.6566
    0.0000  -37.5000   30.0000 9009.0801   23.6765
    7.5000  -37.5000   30.0000 8622.1221   23.6995
   -7.5000  -30.0000   30.0000 9684.7666   23.5190
    0.0000  -30.0000   30.000010108.5811   23.5239
    7.5000  -30.0000   30.0000 9670.8701   23.5388
   -7.5000  -22.5000   30.000010815.0947   23.4822
    0.0000  -22.5000   30.000011280.5527   23.4793
    7.5000  -22.5000   30.000010816.4580   23.4902
   -7.5000  -15.0000   30.000011853.8564   23.5112
    0.0000  -15.0000   30.000012447.8564   23.5120
    7.5000  -15.0000   30.000011973.6807   23.5221
   -7.5000   -7.5000   30.000012763.7520   23.5239
    0.0000   -7.5000   30.000013307.0234   23.5371
    7.5000   -7.5000   30.000012859.1396   23.5510
   -7.5000    0.0000   30.000013540.3584   23.5038
    0.0000    0.0000   30.000013977.0967   23.5283
    7.5000    0.0000   30.000013528.7275   23.5507
   -7.5000    7.5000   30.000013391.2920   23.4706
    0.0000    7.5000   30.000013874.1543   23.4906
    7.5000    7.5000   30.000013412.7393   23.5138
   -7.5000   15.0000   30.000013231.2578   23.4616
    0.0000   15.0000   30.000013759.6768   23.4664
    7.5000   15.0000   30.000013232.3340   23.4819
   -7.5000   22.5000   30.000012692.9883   23.4710
    0.0000   22.5000   30.000013222.3164   23.4681
    7.5000   22.5000   30.000012677.0908   23.4789
   -7.5000   30.0000   30.000011981.5625   23.2069
    0.0000   30.0000   30.000012480.8506   23.2077
    7.5000   30.0000   30.000011954.4463   23.2177
   -7.5000   37.5000   30.000011615.4258   23.2195
    0.0000   37.5000   30.000012095.8506   23.2325
    7.5000   37.5000   30.000011569.5205   23.2462
   -7.5000   45.0000   30.000010783.6211   22.6550
    0.0000   45.0000   30.000011239.0537   22.6786
    7.5000   45.0000   30.000010739.7852   22.7001
   -7.5000  -45.0000   37.5000 7575.3770   24.4320
    0.0000  -45.0000   37.5000 7955.6655   24.4460
    7.5000  -45.0000   37.5000 7623.7676   24.4713
   -7.5000  -37.5000   37.5000 8275.6309   24.1187
    0.0000  -37.5000   37.5000 8667.8584   24.1372
    7.5000  -37.5000   37.5000 8293.6582   24.1655
   -7.5000  -30.0000   37.5000 9299.6787   23.9696
    0.0000  -30.0000   37.5000 9726.5918   23.9825
    7.5000  -30.0000   37.5000 9316.6250   24.0065
   -7.5000  -22.5000   37.500010343.9336   23.9247
    0.0000  -22.5000   37.500010855.9658   23.9296
    7.5000  -22.5000   37.500010413.5000   23.9506
   -7.5000  -15.0000   37.500011320.5186   23.9559
    0.0000  -15.0000   37.500011885.5254   23.9561
    7.5000  -15.0000   37.500011438.7803   23.9743
   -7.5000   -7.5000   37.500012216.5498   23.9761
    0.0000   -7.5000   37.500012654.5137   23.9798
    7.5000   -7.5000   37.500012227.2705   23.9986
   -7.5000    0.0000   37.500012965.2217   23.9615
    0.0000    0.0000   37.500013386.1943   23.9761
    7.5000    0.0000   37.500012932.3213   24.0015
   -7.5000    7.5000   37.500012811.7305   23.9271
    0.0000    7.5000   37.500013318.8867   23.9457
    7.5000    7.5000   37.500012853.4014   23.9742
   -7.5000   15.0000   37.500012642.3047   23.9100
    0.0000   15.0000   37.500013185.5928   23.9227
    7.5000   15.0000   37.500012668.1895   23.9472
   -7.5000   22.5000   37.500012179.7900   23.9132
    0.0000   22.5000   37.500012696.9648   23.9182
    7.5000   22.5000   37.500012190.8936   23.9392
   -7.5000   30.0000   37.500011526.8594   23.6458
    0.0000   30.0000   37.500012003.8232   23.6460
    7.5000   30.0000   37.500011513.5645   23.6641
   -7.5000   37.5000   37.500011166.6426   23.6658
    0.0000   37.5000   37.500011657.1982   23.6695
    7.5000   37.5000   37.500011170.8564   23.6880
   -7.5000   45.0000   37.500010397.6064   23.0962
    0.0000   45.0000   37.500010827.7559   23.1102
    7.5000   45.0000   37.500010387.8174   23.1347
   -7.5000  -45.0000   45.0000 7021.6963   25.0698
    0.0000  -45.0000   45.0000 7354.4575   25.0441
    7.5000  -45.0000   45.0000 7063.7471   25.0456
   -7.5000  -37.5000   45.0000 7677.6929   24.7486
    0.0000  -37.5000   45.0000 8059.4702   24.7328
    7.5000  -37.5000   45.0000 7707.2949   24.7413
   -7.5000  -30.0000   45.0000 8615.6963   24.5746
    0.0000  -30.0000   45.0000 9051.3428   24.5619
    7.5000  -30.0000   45.0000 8653.7559   24.5736
   -7.5000  -22.5000   45.0000 9550.5459   24.5039
    0.0000  -22.5000   45.000010044.0723   24.4875
    7.5000  -22.5000   45.0000 9631.8740   24.4990
   -7.5000  -15.0000   45.000010440.1006   24.5311
    0.0000  -15.0000   45.000010935.4453   24.5065
    7.5000  -15.0000   45.000010510.9873   24.5118
   -7.5000   -7.5000   45.000011289.1582   24.5705
    0.0000   -7.5000   45.000011702.5781   24.5410
    7.5000   -7.5000   45.000011258.9561   24.5406
   -7.5000    0.0000   45.000011968.5361   24.5794
    0.0000    0.0000   45.000012386.2080   24.5558
    7.5000    0.0000   45.000011931.6006   24.5583
   -7.5000    7.5000   45.000011823.4600   24.5479
    0.0000    7.5000   45.000012273.7686   24.5329
    7.5000    7.5000   45.000011817.7900   24.5421
   -7.5000   15.0000   45.000011609.2686   24.5115
    0.0000   15.0000   45.000012083.1562   24.4989
    7.5000   15.0000   45.000011631.0684   24.5112
   -7.5000   22.5000   45.000011220.5752   24.4921
    0.0000   22.5000   45.000011691.4902   24.4757
    7.5000   22.5000   45.000011215.5840   24.4872
   -7.5000   30.0000   45.000010608.5078   24.2115
    0.0000   30.0000   45.000011052.8906   24.1873
    7.5000   30.0000   45.000010584.7744   24.1925
   -7.5000   37.5000   45.000010321.1045   24.2504
    0.0000   37.5000   45.000010753.5469   24.2213
    7.5000   37.5000   45.000010313.5977   24.2208
   -7.5000   45.0000   45.0000 9595.8135   23.7025
    0.0000   45.0000   45.000010008.7080   23.6797
    7.5000   45.0000   45.0000 9581.6787   23.6821

---------------------------------------------------------------------
imgreg_4dfp /opt/freesurfer/average/711-2C_as_mni_average_305 /opt/freesurfer/average/711-2B_as_mni_average_305_mask talsrcimg_g11 none talsrcimg_to_711-2C_as_mni_average_305_t4 4355
---------------------------------------------------------------------

freesurfer imgreg_4dfp.c
/opt/freesurfer/average/711-2C_as_mni_average_305.4dfp.img
       256       256       256         1
  1.000000  1.000000  1.000000
orientation T byte_order littleendian
Reading image: /opt/freesurfer/average/711-2C_as_mni_average_305.4dfp.img
dimensions:      256       256       256
mmppix:       1.0000   -1.0000   -1.0000
center:     128.0000 -129.0000 -129.0000
/opt/freesurfer/average/711-2B_as_mni_average_305_mask.4dfp.img
       256       256       256         1
  1.000000  1.000000  1.000000
orientation T byte_order littleendian
Reading mask: /opt/freesurfer/average/711-2B_as_mni_average_305_mask.4dfp.img (2306576 pixels)
talsrcimg_g11.4dfp.img
       256       256       256         1
  1.000000  1.000000  1.000000
orientation T byte_order littleendian
Reading image: talsrcimg_g11.4dfp.img
dimensions:      256       256       256
mmppix:       1.0000   -1.0000   -1.0000
center:     128.0000 -129.0000 -129.0000
rotation matrix determinant  1.000000
image alignment mode   4355 decimal     1103 hex
   -7.5000  -45.0000  -37.5000 2019.3146   28.6595
    0.0000  -45.0000  -37.5000 2025.4872   28.6502
    7.5000  -45.0000  -37.5000 2021.3409   28.7351
   -7.5000  -37.5000  -37.5000 2141.4976   25.5942
    0.0000  -37.5000  -37.5000 2150.5720   25.5771
    7.5000  -37.5000  -37.5000 2151.0254   25.7049
   -7.5000  -30.0000  -37.5000 2248.8542   23.1106
    0.0000  -30.0000  -37.5000 2257.7495   23.1425
    7.5000  -30.0000  -37.5000 2254.0427   23.2676
   -7.5000  -22.5000  -37.5000 2330.8992   21.2667
    0.0000  -22.5000  -37.5000 2341.6006   21.3164
    7.5000  -22.5000  -37.5000 2329.5300   21.4631
   -7.5000  -15.0000  -37.5000 2376.5220   19.9901
    0.0000  -15.0000  -37.5000 2393.4685   19.9837
    7.5000  -15.0000  -37.5000 2376.1331   20.1669
   -7.5000   -7.5000  -37.5000 2408.4875   19.0850
    0.0000   -7.5000  -37.5000 2424.4890   19.0530
    7.5000   -7.5000  -37.5000 2406.5464   19.2226
   -7.5000    0.0000  -37.5000 2428.0649   18.4823
    0.0000    0.0000  -37.5000 2440.7878   18.3923
    7.5000    0.0000  -37.5000 2423.4326   18.5405
   -7.5000    7.5000  -37.5000 2435.9036   18.3419
    0.0000    7.5000  -37.5000 2452.7100   18.2185
    7.5000    7.5000  -37.5000 2435.2092   18.3579
   -7.5000   15.0000  -37.5000 2434.8220   18.4734
    0.0000   15.0000  -37.5000 2449.5996   18.3392
    7.5000   15.0000  -37.5000 2432.9673   18.4797
   -7.5000   22.5000  -37.5000 2414.4656   19.0576
    0.0000   22.5000  -37.5000 2433.4775   18.9091
    7.5000   22.5000  -37.5000 2416.4060   19.0136
   -7.5000   30.0000  -37.5000 2368.1238   19.9244
    0.0000   30.0000  -37.5000 2385.3267   19.8244
    7.5000   30.0000  -37.5000 2369.4871   19.9088
   -7.5000   37.5000  -37.5000 2305.4695   21.2038
    0.0000   37.5000  -37.5000 2320.5581   21.0839
    7.5000   37.5000  -37.5000 2305.9067   21.2373
   -7.5000   45.0000  -37.5000 2211.1255   22.9547
    0.0000   45.0000  -37.5000 2221.1335   22.7720
    7.5000   45.0000  -37.5000 2207.5735   22.9953
   -7.5000  -45.0000  -30.0000 2114.7964   28.1006
    0.0000  -45.0000  -30.0000 2120.3425   27.9273
    7.5000  -45.0000  -30.0000 2112.8408   28.0159
   -7.5000  -37.5000  -30.0000 2249.7500   24.9900
    0.0000  -37.5000  -30.0000 2263.6414   24.9365
    7.5000  -37.5000  -30.0000 2251.2441   25.0161
   -7.5000  -30.0000  -30.0000 2365.2678   22.5453
    0.0000  -30.0000  -30.0000 2378.8833   22.5601
    7.5000  -30.0000  -30.0000 2370.4021   22.7023
   -7.5000  -22.5000  -30.0000 2453.7988   20.7521
    0.0000  -22.5000  -30.0000 2465.4468   20.7672
    7.5000  -22.5000  -30.0000 2452.5889   20.8755
   -7.5000  -15.0000  -30.0000 2499.2031   19.3894
    0.0000  -15.0000  -30.0000 2517.8384   19.3631
    7.5000  -15.0000  -30.0000 2504.0344   19.5218
   -7.5000   -7.5000  -30.0000 2541.8269   18.4545
    0.0000   -7.5000  -30.0000 2560.6108   18.3920
    7.5000   -7.5000  -30.0000 2545.8032   18.5781
   -7.5000    0.0000  -30.0000 2573.3735   17.8264
    0.0000    0.0000  -30.0000 2584.6846   17.7458
    7.5000    0.0000  -30.0000 2569.1589   17.9309
   -7.5000    7.5000  -30.0000 2583.5959   17.6862
    0.0000    7.5000  -30.0000 2596.6165   17.5665
    7.5000    7.5000  -30.0000 2577.2671   17.7071
   -7.5000   15.0000  -30.0000 2577.6746   17.8674
    0.0000   15.0000  -30.0000 2596.0308   17.7240
    7.5000   15.0000  -30.0000 2574.3286   17.8390
   -7.5000   22.5000  -30.0000 2555.7520   18.4336
    0.0000   22.5000  -30.0000 2579.3640   18.3140
    7.5000   22.5000  -30.0000 2558.8469   18.4075
   -7.5000   30.0000  -30.0000 2506.6062   19.2504
    0.0000   30.0000  -30.0000 2526.1038   19.1640
    7.5000   30.0000  -30.0000 2506.1770   19.2584
   -7.5000   37.5000  -30.0000 2436.3240   20.4643
    0.0000   37.5000  -30.0000 2457.5566   20.3646
    7.5000   37.5000  -30.0000 2435.0613   20.4860
   -7.5000   45.0000  -30.0000 2332.7222   22.1614
    0.0000   45.0000  -30.0000 2354.7087   21.9998
    7.5000   45.0000  -30.0000 2331.0977   22.1586
   -7.5000  -45.0000  -22.5000 2187.4106   27.3960
    0.0000  -45.0000  -22.5000 2201.8931   27.1936
    7.5000  -45.0000  -22.5000 2194.3293   27.3689
   -7.5000  -37.5000  -22.5000 2322.1870   24.3175
    0.0000  -37.5000  -22.5000 2345.3250   24.2031
    7.5000  -37.5000  -22.5000 2334.9749   24.3892
   -7.5000  -30.0000  -22.5000 2441.5530   21.9311
    0.0000  -30.0000  -22.5000 2461.4431   21.8345
    7.5000  -30.0000  -22.5000 2450.3604   22.0022
   -7.5000  -22.5000  -22.5000 2539.5098   20.1043
    0.0000  -22.5000  -22.5000 2558.1960   20.0799
    7.5000  -22.5000  -22.5000 2544.9597   20.1977
   -7.5000  -15.0000  -22.5000 2606.6648   18.7920
    0.0000  -15.0000  -22.5000 2624.5771   18.7645
    7.5000  -15.0000  -22.5000 2613.0750   18.9167
   -7.5000   -7.5000  -22.5000 2648.0940   17.7775
    0.0000   -7.5000  -22.5000 2665.2290   17.7071
    7.5000   -7.5000  -22.5000 2658.7249   17.9142
   -7.5000    0.0000  -22.5000 2678.7029   17.0692
    0.0000    0.0000  -22.5000 2694.3469   17.0201
    7.5000    0.0000  -22.5000 2682.9827   17.2164
   -7.5000    7.5000  -22.5000 2694.9827   16.8614
    0.0000    7.5000  -22.5000 2714.5491   16.7861
    7.5000    7.5000  -22.5000 2693.8940   16.9443
   -7.5000   15.0000  -22.5000 2693.5017   17.1243
    0.0000   15.0000  -22.5000 2716.4287   17.0001
    7.5000   15.0000  -22.5000 2693.1194   17.1245
   -7.5000   22.5000  -22.5000 2676.9077   17.6979
    0.0000   22.5000  -22.5000 2699.5259   17.5496
    7.5000   22.5000  -22.5000 2676.0879   17.7218
   -7.5000   30.0000  -22.5000 2620.5540   18.5406
    0.0000   30.0000  -22.5000 2646.8352   18.3848
    7.5000   30.0000  -22.5000 2625.1541   18.5399
   -7.5000   37.5000  -22.5000 2536.9915   19.6759
    0.0000   37.5000  -22.5000 2560.4851   19.5408
    7.5000   37.5000  -22.5000 2544.0369   19.7051
   -7.5000   45.0000  -22.5000 2428.9307   21.2708
    0.0000   45.0000  -22.5000 2454.1240   21.1557
    7.5000   45.0000  -22.5000 2436.0718   21.2866
   -7.5000  -45.0000  -15.0000 2225.4790   26.7277
    0.0000  -45.0000  -15.0000 2251.6194   26.5866
    7.5000  -45.0000  -15.0000 2242.5762   26.8363
   -7.5000  -37.5000  -15.0000 2357.5312   23.7154
    0.0000  -37.5000  -15.0000 2383.0576   23.5618
    7.5000  -37.5000  -15.0000 2381.4734   23.8438
   -7.5000  -30.0000  -15.0000 2475.5688   21.3606
    0.0000  -30.0000  -15.0000 2501.7361   21.2387
    7.5000  -30.0000  -15.0000 2502.6104   21.4682
   -7.5000  -22.5000  -15.0000 2586.0454   19.5236
    0.0000  -22.5000  -15.0000 2617.7388   19.4761
    7.5000  -22.5000  -15.0000 2614.8564   19.6717
   -7.5000  -15.0000  -15.0000 2663.0220   18.1547
    0.0000  -15.0000  -15.0000 2692.7893   18.1303
    7.5000  -15.0000  -15.0000 2682.9536   18.3589
   -7.5000   -7.5000  -15.0000 2719.9233   17.1067
    0.0000   -7.5000  -15.0000 2748.2656   17.1008
    7.5000   -7.5000  -15.0000 2733.8428   17.3338
   -7.5000    0.0000  -15.0000 2746.6716   16.2972
    0.0000    0.0000  -15.0000 2769.6448   16.2838
    7.5000    0.0000  -15.0000 2753.8459   16.5391
   -7.5000    7.5000  -15.0000 2772.5850   16.0751
    0.0000    7.5000  -15.0000 2795.9146   15.9819
    7.5000    7.5000  -15.0000 2770.7656   16.2253
   -7.5000   15.0000  -15.0000 2776.8904   16.3729
    0.0000   15.0000  -15.0000 2803.8647   16.2431
    7.5000   15.0000  -15.0000 2784.1611   16.4589
   -7.5000   22.5000  -15.0000 2755.9890   16.9504
    0.0000   22.5000  -15.0000 2781.7214   16.8004
    7.5000   22.5000  -15.0000 2760.6055   17.0060
   -7.5000   30.0000  -15.0000 2698.8760   17.8125
    0.0000   30.0000  -15.0000 2723.2087   17.6523
    7.5000   30.0000  -15.0000 2702.2864   17.8338
   -7.5000   37.5000  -15.0000 2615.2231   18.9666
    0.0000   37.5000  -15.0000 2637.6543   18.8133
    7.5000   37.5000  -15.0000 2621.4766   19.0074
   -7.5000   45.0000  -15.0000 2493.9426   20.5311
    0.0000   45.0000  -15.0000 2520.9211   20.3786
    7.5000   45.0000  -15.0000 2507.2012   20.5806
   -7.5000  -45.0000   -7.5000 2243.7935   26.2627
    0.0000  -45.0000   -7.5000 2269.4363   26.0604
    7.5000  -45.0000   -7.5000 2267.8577   26.2928
   -7.5000  -37.5000   -7.5000 2376.5198   23.2332
    0.0000  -37.5000   -7.5000 2404.0112   23.0637
    7.5000  -37.5000   -7.5000 2402.9316   23.3123
   -7.5000  -30.0000   -7.5000 2496.9958   20.8486
    0.0000  -30.0000   -7.5000 2528.2327   20.7249
    7.5000  -30.0000   -7.5000 2525.8318   20.9554
   -7.5000  -22.5000   -7.5000 2619.0281   19.0297
    0.0000  -22.5000   -7.5000 2650.3169   18.9467
    7.5000  -22.5000   -7.5000 2643.9541   19.1705
   -7.5000  -15.0000   -7.5000 2705.3772   17.6328
    0.0000  -15.0000   -7.5000 2740.7021   17.5879
    7.5000  -15.0000   -7.5000 2734.3542   17.8765
   -7.5000   -7.5000   -7.5000 2777.1721   16.5431
    0.0000   -7.5000   -7.5000 2811.6443   16.5442
    7.5000   -7.5000   -7.5000 2797.0664   16.8556
   -7.5000    0.0000   -7.5000 2799.0039   15.6875
    0.0000    0.0000   -7.5000 2829.9998   15.6189
    7.5000    0.0000   -7.5000 2819.1499   16.0180
   -7.5000    7.5000   -7.5000 2829.6377   15.3772
    0.0000    7.5000   -7.5000 2852.1899   15.2222
    7.5000    7.5000   -7.5000 2833.1755   15.6120
   -7.5000   15.0000   -7.5000 2832.4722   15.6946
    0.0000   15.0000   -7.5000 2863.5896   15.5560
    7.5000   15.0000   -7.5000 2845.7720   15.8243
   -7.5000   22.5000   -7.5000 2810.5249   16.2767
    0.0000   22.5000   -7.5000 2842.1926   16.1255
    7.5000   22.5000   -7.5000 2826.4834   16.3887
   -7.5000   30.0000   -7.5000 2752.6804   17.1454
    0.0000   30.0000   -7.5000 2777.3042   16.9620
    7.5000   30.0000   -7.5000 2761.0476   17.2709
   -7.5000   37.5000   -7.5000 2664.2297   18.2918
    0.0000   37.5000   -7.5000 2688.6936   18.1284
    7.5000   37.5000   -7.5000 2672.3110   18.4108
   -7.5000   45.0000   -7.5000 2537.0630   19.7810
    0.0000   45.0000   -7.5000 2566.5295   19.6844
    7.5000   45.0000   -7.5000 2548.6555   19.9245
   -7.5000  -45.0000    0.0000 2251.5352   26.1923
    0.0000  -45.0000    0.0000 2273.8936   25.7888
    7.5000  -45.0000    0.0000 2276.0681   26.2067
   -7.5000  -37.5000    0.0000 2382.6924   23.1111
    0.0000  -37.5000    0.0000 2401.8347   22.7443
    7.5000  -37.5000    0.0000 2404.6235   23.1082
   -7.5000  -30.0000    0.0000 2504.1382   20.6501
    0.0000  -30.0000    0.0000 2530.6411   20.3682
    7.5000  -30.0000    0.0000 2526.0508   20.6874
   -7.5000  -22.5000    0.0000 2623.2205   18.7638
    0.0000  -22.5000    0.0000 2653.2783   18.5577
    7.5000  -22.5000    0.0000 2643.0422   18.8802
   -7.5000  -15.0000    0.0000 2721.7886   17.3711
    0.0000  -15.0000    0.0000 2754.8799   17.2459
    7.5000  -15.0000    0.0000 2744.4041   17.5255
   -7.5000   -7.5000    0.0000 2810.4033   16.3279
    0.0000   -7.5000    0.0000 2849.7822   16.2916
    7.5000   -7.5000    0.0000 2835.9902   16.5677
   -7.5000    0.0000    0.0000 2843.8896   15.4742
    0.0000    0.0000    0.0000 2889.1299   15.3254
    7.5000    0.0000    0.0000 2878.9810   15.8285
   -7.5000    7.5000    0.0000 2864.0740   15.0139
    0.0000    7.5000    0.0000 2897.2007   14.7696
    7.5000    7.5000    0.0000 2885.3425   15.3822
   -7.5000   15.0000    0.0000 2867.8682   15.3257
    0.0000   15.0000    0.0000 2896.4177   15.1660
    7.5000   15.0000    0.0000 2883.6895   15.5541
   -7.5000   22.5000    0.0000 2847.5354   15.9081
    0.0000   22.5000    0.0000 2874.9119   15.7326
    7.5000   22.5000    0.0000 2858.9124   16.0327
   -7.5000   30.0000    0.0000 2787.6267   16.7037
    0.0000   30.0000    0.0000 2809.9751   16.4948
    7.5000   30.0000    0.0000 2792.5583   16.7443
   -7.5000   37.5000    0.0000 2694.3162   17.8715
    0.0000   37.5000    0.0000 2713.6533   17.6569
    7.5000   37.5000    0.0000 2698.1565   17.8936
   -7.5000   45.0000    0.0000 2571.6807   19.4228
    0.0000   45.0000    0.0000 2591.7988   19.1961
    7.5000   45.0000    0.0000 2577.2620   19.4734
   -7.5000  -45.0000    7.5000 2246.9888   26.3492
    0.0000  -45.0000    7.5000 2275.4231   25.9899
    7.5000  -45.0000    7.5000 2271.2703   26.2533
   -7.5000  -37.5000    7.5000 2378.5220   23.1882
    0.0000  -37.5000    7.5000 2400.7800   22.8295
    7.5000  -37.5000    7.5000 2394.1555   23.1119
   -7.5000  -30.0000    7.5000 2497.3953   20.6569
    0.0000  -30.0000    7.5000 2522.1914   20.3763
    7.5000  -30.0000    7.5000 2513.8882   20.6717
   -7.5000  -22.5000    7.5000 2616.3733   18.7158
    0.0000  -22.5000    7.5000 2644.0159   18.4781
    7.5000  -22.5000    7.5000 2637.4368   18.7909
   -7.5000  -15.0000    7.5000 2726.0105   17.2888
    0.0000  -15.0000    7.5000 2753.1111   17.1046
    7.5000  -15.0000    7.5000 2749.3198   17.4590
   -7.5000   -7.5000    7.5000 2825.2170   16.3687
    0.0000   -7.5000    7.5000 2858.1064   16.2864
    7.5000   -7.5000    7.5000 2860.7678   16.6088
   -7.5000    0.0000    7.5000 2894.7900   15.7386
    0.0000    0.0000    7.5000 2957.4631   15.6961
    7.5000    0.0000    7.5000 2932.7729   16.0077
   -7.5000    7.5000    7.5000 2930.7817   15.2831
    0.0000    7.5000    7.5000 2987.2195   15.1783
    7.5000    7.5000    7.5000 2951.5437   15.5708
   -7.5000   15.0000    7.5000 2895.8796   15.2611
    0.0000   15.0000    7.5000 2938.0706   15.2113
    7.5000   15.0000    7.5000 2913.3037   15.5379
   -7.5000   22.5000    7.5000 2855.3293   15.6834
    0.0000   22.5000    7.5000 2882.7419   15.5224
    7.5000   22.5000    7.5000 2868.1079   15.7898
   -7.5000   30.0000    7.5000 2788.8672   16.4552
    0.0000   30.0000    7.5000 2814.0845   16.2586
    7.5000   30.0000    7.5000 2800.3931   16.4985
   -7.5000   37.5000    7.5000 2703.0071   17.6143
    0.0000   37.5000    7.5000 2726.6665   17.4459
    7.5000   37.5000    7.5000 2705.0935   17.6501
   -7.5000   45.0000    7.5000 2584.2720   19.1618
    0.0000   45.0000    7.5000 2610.4236   19.0149
    7.5000   45.0000    7.5000 2589.2698   19.2134
   -7.5000  -45.0000   15.0000 2232.7070   26.8590
    0.0000  -45.0000   15.0000 2256.3979   26.2708
    7.5000  -45.0000   15.0000 2255.1533   26.7262
   -7.5000  -37.5000   15.0000 2357.6289   23.4797
    0.0000  -37.5000   15.0000 2378.1914   22.9581
    7.5000  -37.5000   15.0000 2379.2966   23.3620
   -7.5000  -30.0000   15.0000 2475.2197   20.9561
    0.0000  -30.0000   15.0000 2494.3733   20.5147
    7.5000  -30.0000   15.0000 2496.1523   20.8690
   -7.5000  -22.5000   15.0000 2602.0383   19.0904
    0.0000  -22.5000   15.0000 2625.4680   18.7284
    7.5000  -22.5000   15.0000 2631.5596   19.0613
   -7.5000  -15.0000   15.0000 2723.4268   17.7148
    0.0000  -15.0000   15.0000 2753.2375   17.5009
    7.5000  -15.0000   15.0000 2751.8562   17.7838
   -7.5000   -7.5000   15.0000 2833.2786   16.8008
    0.0000   -7.5000   15.0000 2880.1023   16.7528
    7.5000   -7.5000   15.0000 2863.3569   16.9582
   -7.5000    0.0000   15.0000 2897.8044   16.0275
    0.0000    0.0000   15.0000 2964.7629   16.0645
    7.5000    0.0000   15.0000 2931.3997   16.2457
   -7.5000    7.5000   15.0000 2930.7747   15.6182
    0.0000    7.5000   15.0000 2992.7068   15.5503
    7.5000    7.5000   15.0000 2943.4277   15.7152
   -7.5000   15.0000   15.0000 2900.5515   15.6865
    0.0000   15.0000   15.0000 2939.0613   15.5151
    7.5000   15.0000   15.0000 2904.3020   15.6716
   -7.5000   22.5000   15.0000 2838.4563   15.9458
    0.0000   22.5000   15.0000 2869.3704   15.7963
    7.5000   22.5000   15.0000 2853.2021   16.0201
   -7.5000   30.0000   15.0000 2762.3464   16.5725
    0.0000   30.0000   15.0000 2790.0234   16.3989
    7.5000   30.0000   15.0000 2780.5957   16.6345
   -7.5000   37.5000   15.0000 2677.6287   17.6682
    0.0000   37.5000   15.0000 2702.8521   17.4654
    7.5000   37.5000   15.0000 2690.4985   17.6811
   -7.5000   45.0000   15.0000 2570.5391   19.1712
    0.0000   45.0000   15.0000 2597.1021   18.9821
    7.5000   45.0000   15.0000 2581.6094   19.2027
   -7.5000  -45.0000   22.5000 2203.5479   27.6027
    0.0000  -45.0000   22.5000 2224.2024   26.9453
    7.5000  -45.0000   22.5000 2221.3164   27.3208
   -7.5000  -37.5000   22.5000 2338.1343   24.2363
    0.0000  -37.5000   22.5000 2356.2322   23.6892
    7.5000  -37.5000   22.5000 2354.9338   24.0330
   -7.5000  -30.0000   22.5000 2464.6072   21.7341
    0.0000  -30.0000   22.5000 2490.2644   21.2724
    7.5000  -30.0000   22.5000 2481.8850   21.6047
   -7.5000  -22.5000   22.5000 2600.1296   19.9000
    0.0000  -22.5000   22.5000 2628.2771   19.4818
    7.5000  -22.5000   22.5000 2621.1313   19.7902
   -7.5000  -15.0000   22.5000 2715.6863   18.4880
    0.0000  -15.0000   22.5000 2745.8018   18.1249
    7.5000  -15.0000   22.5000 2741.0764   18.4315
   -7.5000   -7.5000   22.5000 2809.3054   17.3537
    0.0000   -7.5000   22.5000 2851.6870   17.1261
    7.5000   -7.5000   22.5000 2841.8938   17.4063
   -7.5000    0.0000   22.5000 2866.7073   16.3973
    0.0000    0.0000   22.5000 2907.2075   16.1248
    7.5000    0.0000   22.5000 2888.2222   16.4975
   -7.5000    7.5000   22.5000 2900.5813   15.9932
    0.0000    7.5000   22.5000 2930.2856   15.6928
    7.5000    7.5000   22.5000 2909.1465   16.0166
   -7.5000   15.0000   22.5000 2894.6521   16.1348
    0.0000   15.0000   22.5000 2929.0530   15.9243
    7.5000   15.0000   22.5000 2895.5918   16.1438
   -7.5000   22.5000   22.5000 2840.6709   16.6275
    0.0000   22.5000   22.5000 2865.2053   16.4495
    7.5000   22.5000   22.5000 2843.8721   16.6371
   -7.5000   30.0000   22.5000 2758.3599   17.3183
    0.0000   30.0000   22.5000 2788.0999   17.1719
    7.5000   30.0000   22.5000 2771.1584   17.3033
   -7.5000   37.5000   22.5000 2661.7810   18.2569
    0.0000   37.5000   22.5000 2687.2009   18.1058
    7.5000   37.5000   22.5000 2672.1270   18.2577
   -7.5000   45.0000   22.5000 2545.0647   19.5607
    0.0000   45.0000   22.5000 2576.0232   19.3601
    7.5000   45.0000   22.5000 2564.0754   19.5586
   -7.5000  -45.0000   30.0000 2180.1704   28.8438
    0.0000  -45.0000   30.0000 2194.9568   28.2551
    7.5000  -45.0000   30.0000 2192.5811   28.5375
   -7.5000  -37.5000   30.0000 2314.1582   25.2174
    0.0000  -37.5000   30.0000 2331.2236   24.7259
    7.5000  -37.5000   30.0000 2323.1663   25.0819
   -7.5000  -30.0000   30.0000 2437.6533   22.6116
    0.0000  -30.0000   30.0000 2459.6013   22.1671
    7.5000  -30.0000   30.0000 2450.6472   22.5026
   -7.5000  -22.5000   30.0000 2564.3960   20.6441
    0.0000  -22.5000   30.0000 2588.7944   20.1793
    7.5000  -22.5000   30.0000 2584.0046   20.5406
   -7.5000  -15.0000   30.0000 2672.0010   19.1136
    0.0000  -15.0000   30.0000 2703.7769   18.7162
    7.5000  -15.0000   30.0000 2700.6116   19.0972
   -7.5000   -7.5000   30.0000 2756.9365   17.8711
    0.0000   -7.5000   30.0000 2799.5139   17.5714
    7.5000   -7.5000   30.0000 2793.6357   17.9441
   -7.5000    0.0000   30.0000 2817.4844   16.9730
    0.0000    0.0000   30.0000 2843.6663   16.5170
    7.5000    0.0000   30.0000 2837.7734   16.9210
   -7.5000    7.5000   30.0000 2851.6389   16.6485
    0.0000    7.5000   30.0000 2883.7148   16.2951
    7.5000    7.5000   30.0000 2874.5339   16.6003
   -7.5000   15.0000   30.0000 2852.0657   16.8174
    0.0000   15.0000   30.0000 2892.8228   16.6166
    7.5000   15.0000   30.0000 2867.1929   16.8414
   -7.5000   22.5000   30.0000 2800.6069   17.3264
    0.0000   22.5000   30.0000 2831.5698   17.1778
    7.5000   22.5000   30.0000 2810.9111   17.3452
   -7.5000   30.0000   30.0000 2720.5100   18.0586
    0.0000   30.0000   30.0000 2746.4949   17.9326
    7.5000   30.0000   30.0000 2737.3066   18.0790
   -7.5000   37.5000   30.0000 2632.2910   19.0752
    0.0000   37.5000   30.0000 2660.3049   18.9644
    7.5000   37.5000   30.0000 2647.8789   19.1031
   -7.5000   45.0000   30.0000 2511.7715   20.4078
    0.0000   45.0000   30.0000 2545.2478   20.2149
    7.5000   45.0000   30.0000 2534.3381   20.3782
   -7.5000  -45.0000   37.5000 2135.2007   30.0102
    0.0000  -45.0000   37.5000 2149.1228   29.4338
    7.5000  -45.0000   37.5000 2143.5928   29.6690
   -7.5000  -37.5000   37.5000 2271.5278   26.2926
    0.0000  -37.5000   37.5000 2289.4912   25.7582
    7.5000  -37.5000   37.5000 2278.0173   25.9566
   -7.5000  -30.0000   37.5000 2393.6677   23.5421
    0.0000  -30.0000   37.5000 2415.8000   23.0301
    7.5000  -30.0000   37.5000 2405.4822   23.3068
   -7.5000  -22.5000   37.5000 2518.1753   21.4936
    0.0000  -22.5000   37.5000 2546.0708   21.0281
    7.5000  -22.5000   37.5000 2537.9385   21.3632
   -7.5000  -15.0000   37.5000 2618.5422   19.8931
    0.0000  -15.0000   37.5000 2659.2485   19.5184
    7.5000  -15.0000   37.5000 2648.7114   19.8383
   -7.5000   -7.5000   37.5000 2703.7104   18.6821
    0.0000   -7.5000   37.5000 2734.8137   18.1419
    7.5000   -7.5000   37.5000 2728.2305   18.4987
   -7.5000    0.0000   37.5000 2763.2466   17.7878
    0.0000    0.0000   37.5000 2791.9990   17.2666
    7.5000    0.0000   37.5000 2780.7935   17.5930
   -7.5000    7.5000   37.5000 2794.3040   17.5128
    0.0000    7.5000   37.5000 2833.0168   17.1611
    7.5000    7.5000   37.5000 2824.0974   17.3999
   -7.5000   15.0000   37.5000 2792.3560   17.6971
    0.0000   15.0000   37.5000 2831.8813   17.4619
    7.5000   15.0000   37.5000 2811.0032   17.6908
   -7.5000   22.5000   37.5000 2742.1350   18.2149
    0.0000   22.5000   37.5000 2777.0310   18.0104
    7.5000   22.5000   37.5000 2761.7200   18.1967
   -7.5000   30.0000   37.5000 2670.5671   18.9778
    0.0000   30.0000   37.5000 2694.3743   18.7878
    7.5000   30.0000   37.5000 2690.4878   18.9277
   -7.5000   37.5000   37.5000 2577.7170   19.9025
    0.0000   37.5000   37.5000 2610.0393   19.7705
    7.5000   37.5000   37.5000 2601.8865   19.8933
   -7.5000   45.0000   37.5000 2467.7393   21.3408
    0.0000   45.0000   37.5000 2490.4727   21.1828
    7.5000   45.0000   37.5000 2487.5735   21.3054
   -7.5000  -45.0000   45.0000 2090.8955   31.4498
    0.0000  -45.0000   45.0000 2104.7561   30.8003
    7.5000  -45.0000   45.0000 2098.4243   30.9928
   -7.5000  -37.5000   45.0000 2228.0876   27.5322
    0.0000  -37.5000   45.0000 2251.6909   26.9779
    7.5000  -37.5000   45.0000 2235.0322   27.1115
   -7.5000  -30.0000   45.0000 2349.4592   24.6819
    0.0000  -30.0000   45.0000 2376.6030   24.1703
    7.5000  -30.0000   45.0000 2358.8074   24.3695
   -7.5000  -22.5000   45.0000 2465.5046   22.5307
    0.0000  -22.5000   45.0000 2497.3047   22.1195
    7.5000  -22.5000   45.0000 2480.4434   22.3666
   -7.5000  -15.0000   45.0000 2560.7966   20.8882
    0.0000  -15.0000   45.0000 2591.7971   20.3780
    7.5000  -15.0000   45.0000 2578.7637   20.6700
   -7.5000   -7.5000   45.0000 2646.5627   19.6592
    0.0000   -7.5000   45.0000 2673.4028   19.0835
    7.5000   -7.5000   45.0000 2657.5728   19.3420
   -7.5000    0.0000   45.0000 2698.3425   18.8211
    0.0000    0.0000   45.0000 2724.0007   18.3482
    7.5000    0.0000   45.0000 2709.8975   18.5833
   -7.5000    7.5000   45.0000 2725.0149   18.5931
    0.0000    7.5000   45.0000 2754.8896   18.2339
    7.5000    7.5000   45.0000 2743.4524   18.4188
   -7.5000   15.0000   45.0000 2714.2712   18.7784
    0.0000   15.0000   45.0000 2747.4790   18.4689
    7.5000   15.0000   45.0000 2736.6687   18.6890
   -7.5000   22.5000   45.0000 2675.8472   19.2729
    0.0000   22.5000   45.0000 2706.7373   18.9844
    7.5000   22.5000   45.0000 2691.7737   19.1915
   -7.5000   30.0000   45.0000 2604.0986   20.0336
    0.0000   30.0000   45.0000 2630.1760   19.7663
    7.5000   30.0000   45.0000 2619.7324   19.9461
   -7.5000   37.5000   45.0000 2517.6248   20.9558
    0.0000   37.5000   45.0000 2546.8010   20.7349
    7.5000   37.5000   45.0000 2540.1458   20.8867
   -7.5000   45.0000   45.0000 2405.0762   22.3848
    0.0000   45.0000   45.0000 2428.6768   22.2223
    7.5000   45.0000   45.0000 2423.6489   22.4036
   -7.5000  -45.0000   52.5000 2047.0629   33.1511
    0.0000  -45.0000   52.5000 2060.2566   32.5424
    7.5000  -45.0000   52.5000 2049.8926   32.6132
   -7.5000  -37.5000   52.5000 2183.8611   29.0840
    0.0000  -37.5000   52.5000 2205.2905   28.5707
    7.5000  -37.5000   52.5000 2184.5889   28.6133
   -7.5000  -30.0000   52.5000 2307.4709   26.1000
    0.0000  -30.0000   52.5000 2332.5554   25.6198
    7.5000  -30.0000   52.5000 2308.7568   25.7455
   -7.5000  -22.5000   52.5000 2420.0278   23.8868
    0.0000  -22.5000   52.5000 2447.1992   23.4146
    7.5000  -22.5000   52.5000 2423.5908   23.5462
   -7.5000  -15.0000   52.5000 2508.6074   22.1427
    0.0000  -15.0000   52.5000 2534.5195   21.5686
    7.5000  -15.0000   52.5000 2517.6377   21.7905
   -7.5000   -7.5000   52.5000 2591.5339   20.8944
    0.0000   -7.5000   52.5000 2615.5996   20.3552
    7.5000   -7.5000   52.5000 2594.5103   20.5350
   -7.5000    0.0000   52.5000 2634.3518   20.1013
    0.0000    0.0000   52.5000 2658.7615   19.6705
    7.5000    0.0000   52.5000 2640.6155   19.8328
   -7.5000    7.5000   52.5000 2652.8169   19.9029
    0.0000    7.5000   52.5000 2679.5022   19.5575
    7.5000    7.5000   52.5000 2668.4985   19.6719
   -7.5000   15.0000   52.5000 2640.5635   20.0329
    0.0000   15.0000   52.5000 2664.3313   19.7257
    7.5000   15.0000   52.5000 2657.1956   19.8996
   -7.5000   22.5000   52.5000 2609.2236   20.5172
    0.0000   22.5000   52.5000 2635.2661   20.1798
    7.5000   22.5000   52.5000 2617.8193   20.3521
   -7.5000   30.0000   52.5000 2542.8171   21.3179
    0.0000   30.0000   52.5000 2565.1536   20.9630
    7.5000   30.0000   52.5000 2552.6414   21.0939
   -7.5000   37.5000   52.5000 2458.8496   22.3202
    0.0000   37.5000   52.5000 2475.2244   22.0134
    7.5000   37.5000   52.5000 2465.4683   22.0865
   -7.5000   45.0000   52.5000 2342.7854   23.7377
    0.0000   45.0000   52.5000 2357.9653   23.4685
    7.5000   45.0000   52.5000 2348.4084   23.6172

---------------------------------------------------------------------
imgreg_4dfp /opt/freesurfer/average/711-2C_as_mni_average_305 /opt/freesurfer/average/711-2B_as_mni_average_305_mask talsrcimg_g11 none talsrcimg_to_711-2C_as_mni_average_305_t4 1283
---------------------------------------------------------------------

freesurfer imgreg_4dfp.c
/opt/freesurfer/average/711-2C_as_mni_average_305.4dfp.img
       256       256       256         1
  1.000000  1.000000  1.000000
orientation T byte_order littleendian
Reading image: /opt/freesurfer/average/711-2C_as_mni_average_305.4dfp.img
dimensions:      256       256       256
mmppix:       1.0000   -1.0000   -1.0000
center:     128.0000 -129.0000 -129.0000
/opt/freesurfer/average/711-2B_as_mni_average_305_mask.4dfp.img
       256       256       256         1
  1.000000  1.000000  1.000000
orientation T byte_order littleendian
Reading mask: /opt/freesurfer/average/711-2B_as_mni_average_305_mask.4dfp.img (2306576 pixels)
talsrcimg_g11.4dfp.img
       256       256       256         1
  1.000000  1.000000  1.000000
orientation T byte_order littleendian
Reading image: talsrcimg_g11.4dfp.img
dimensions:      256       256       256
mmppix:       1.0000   -1.0000   -1.0000
center:     128.0000 -129.0000 -129.0000
rotation matrix determinant  1.000000
fimgreg.f
image alignment mode   1283 decimal      503 hex
parameters
    0.0000    7.5000   15.0000    0.0000    0.0000    0.0000
eta,q 0.93548 15.58177
niter,ni,del,rscale     5    3   12.0000    1.2000
parameter  2  0.518909 ->  0.500000 qaram    1.1500
parameter  3  1.389194 ->  0.500000 qaram    1.1500
parameters
    1.0717    4.0500   11.5500    2.0095    1.7188   -2.4724
eta,q 0.94581 15.67120
  0.0809  0.0665  0.0570  0.0614  0.0634  0.0554
  0.0734  0.0637  0.0551  0.0590  0.0593  0.0543
  0.0690  0.0639  0.0571  0.0561  0.0565  0.0542
  0.0671  0.0661  0.0637  0.0551  0.0553  0.0549
  0.0659  0.0686  0.0749  0.0553  0.0549  0.0562
  0.0680  0.0714  0.0835  0.0554  0.0558  0.0585
  0.0736  0.0746  0.0845  0.0564  0.0572  0.0618
niter,ni,del,rscale     6    3   12.0000    1.2000
parameters
    0.3843    4.7014   10.8004   -0.8260    3.4165   -2.5531
eta,q 0.94987 15.71715
  0.0671  0.0712  0.0712  0.0537  0.0640  0.0560
  0.0574  0.0623  0.0621  0.0519  0.0587  0.0532
  0.0534  0.0566  0.0547  0.0511  0.0542  0.0509
  0.0542  0.0535  0.0532  0.0530  0.0512  0.0501
  0.0585  0.0538  0.0579  0.0556  0.0502  0.0511
  0.0643  0.0597  0.0696  0.0582  0.0519  0.0535
  0.0715  0.0652  0.0800  0.0610  0.0551  0.0563
niter,ni,del,rscale     5    3   12.0000    1.2000
parameters
    0.1735    5.6302   10.2210   -1.9196    3.6571   -2.5686
eta,q 0.95070 15.70651
  0.0694  0.0736  0.0686  0.0540  0.0592  0.0548
  0.0574  0.0624  0.0612  0.0507  0.0544  0.0524
  0.0504  0.0547  0.0527  0.0494  0.0509  0.0503
  0.0501  0.0498  0.0491  0.0493  0.0493  0.0493
  0.0553  0.0502  0.0533  0.0508  0.0505  0.0500
  0.0617  0.0567  0.0646  0.0546  0.0535  0.0523
  0.0689  0.0635  0.0785  0.0592  0.0577  0.0550
niter,ni,del,rscale     4    3   12.0000    1.2000
parameters
    0.1575    6.1222   10.0934   -2.5011    3.6500   -2.6463
eta,q 0.95094 15.68822
  0.0704  0.0719  0.0706  0.0552  0.0583  0.0543
  0.0581  0.0611  0.0624  0.0515  0.0537  0.0520
  0.0505  0.0531  0.0541  0.0491  0.0503  0.0501
  0.0493  0.0493  0.0491  0.0492  0.0490  0.0490
  0.0541  0.0506  0.0519  0.0501  0.0506  0.0496
  0.0607  0.0586  0.0611  0.0533  0.0538  0.0520
  0.0678  0.0658  0.0749  0.0584  0.0582  0.0549
niter,ni,del,rscale     3    3   12.0000    1.2000
parameters
    0.2155    6.3827   10.0914   -2.7594    3.5726   -2.7299
eta,q 0.95105 15.68162
  0.0708  0.0709  0.0713  0.0561  0.0579  0.0542
  0.0583  0.0602  0.0625  0.0523  0.0534  0.0519
  0.0506  0.0528  0.0541  0.0492  0.0501  0.0500
  0.0491  0.0491  0.0490  0.0490  0.0489  0.0489
  0.0537  0.0510  0.0516  0.0499  0.0506  0.0495
  0.0603  0.0597  0.0603  0.0526  0.0538  0.0518
  0.0672  0.0672  0.0736  0.0578  0.0582  0.0548
niter,ni,del,rscale     2    3   12.0000    1.2000
parameters
    0.2665    6.4971   10.1007   -2.8622    3.5107   -2.7830
eta,q 0.95107 15.67938
  0.0706  0.0701  0.0714  0.0565  0.0579  0.0542
  0.0582  0.0596  0.0624  0.0528  0.0534  0.0520
  0.0505  0.0526  0.0541  0.0494  0.0501  0.0500
  0.0490  0.0490  0.0489  0.0489  0.0489  0.0489
  0.0537  0.0513  0.0516  0.0499  0.0505  0.0494
  0.0603  0.0605  0.0602  0.0524  0.0538  0.0518
  0.0671  0.0679  0.0735  0.0575  0.0581  0.0548
niter,ni,del,rscale     1    3   12.0000    1.2000
parameters
    0.2930    6.5473   10.1090   -2.9082    3.4762   -2.8097
eta,q 0.95107 15.67866
  0.0704  0.0697  0.0714  0.0567  0.0580  0.0542
  0.0581  0.0594  0.0624  0.0530  0.0535  0.0520
  0.0505  0.0524  0.0540  0.0495  0.0502  0.0501
  0.0489  0.0490  0.0489  0.0489  0.0489  0.0489
  0.0537  0.0515  0.0517  0.0499  0.0505  0.0494
  0.0604  0.0608  0.0602  0.0523  0.0537  0.0517
  0.0672  0.0682  0.0735  0.0574  0.0581  0.0547
registration optimization eta report
parameter search radius
    6.0000    6.9000    6.9000    6.0000    6.0000    6.0000
100000*second partial in parameter space
       53.       41.       48.       23.       25.       15.
  0.0704  0.0697  0.0714  0.0567  0.0580  0.0542
  0.0581  0.0594  0.0624  0.0530  0.0535  0.0520
  0.0505  0.0524  0.0540  0.0495  0.0502  0.0501
  0.0489  0.0490  0.0489  0.0489  0.0489  0.0489
  0.0537  0.0515  0.0517  0.0499  0.0505  0.0494
  0.0604  0.0608  0.0602  0.0523  0.0537  0.0517
  0.0672  0.0682  0.0735  0.0574  0.0581  0.0547
    0.2930    6.5473   10.1090   -2.9082    3.4762   -2.8097
eta,q 0.95107 15.67866

---------------------------------------------------------------------
imgreg_4dfp /opt/freesurfer/average/711-2C_as_mni_average_305 /opt/freesurfer/average/711-2B_as_mni_average_305_mask talsrcimg_g11 none talsrcimg_to_711-2C_as_mni_average_305_t4 3335
---------------------------------------------------------------------

freesurfer imgreg_4dfp.c
/opt/freesurfer/average/711-2C_as_mni_average_305.4dfp.img
       256       256       256         1
  1.000000  1.000000  1.000000
orientation T byte_order littleendian
Reading image: /opt/freesurfer/average/711-2C_as_mni_average_305.4dfp.img
dimensions:      256       256       256
mmppix:       1.0000   -1.0000   -1.0000
center:     128.0000 -129.0000 -129.0000
/opt/freesurfer/average/711-2B_as_mni_average_305_mask.4dfp.img
       256       256       256         1
  1.000000  1.000000  1.000000
orientation T byte_order littleendian
Reading mask: /opt/freesurfer/average/711-2B_as_mni_average_305_mask.4dfp.img (2306576 pixels)
talsrcimg_g11.4dfp.img
       256       256       256         1
  1.000000  1.000000  1.000000
orientation T byte_order littleendian
Reading image: talsrcimg_g11.4dfp.img
dimensions:      256       256       256
mmppix:       1.0000   -1.0000   -1.0000
center:     128.0000 -129.0000 -129.0000
fimgreg.f
image alignment mode   3335 decimal      D07 hex
parameters
    0.2930    6.5473   10.1090   -0.3040   -0.2639   -0.3125
    5.2028   -5.7996   -4.8928    5.3643    6.0634   -5.0642
eta,q 0.94814 15.66481
niter,ni,del,rscale     5    3    5.0000    1.2000
parameter  4  1.649136 ->  0.500000 qaram    1.1500
parameter  5  7.264361 ->  0.500000 qaram    1.1500
parameter  9 -0.574804 -> -0.500000 qaram    1.1500
parameter 11 -0.639532 -> -0.500000 qaram    1.1500
parameters
   -0.0938    6.8354   10.5559   -4.4440   -4.4039   -3.3892
    4.0052   -4.4316   -0.7528    5.1244   10.2034   -4.6744
eta,q 0.96485 15.64694
  0.0540  0.0542  0.0564  0.0438  0.0325  0.0387  0.0383  0.0437  0.0410  0.0409  0.0381  0.0370
  0.0526  0.0528  0.0541  0.0457  0.0360  0.0372  0.0369  0.0400  0.0389  0.0377  0.0368  0.0359
  0.0519  0.0520  0.0526  0.0483  0.0407  0.0361  0.0362  0.0372  0.0374  0.0360  0.0360  0.0353
  0.0519  0.0518  0.0518  0.0517  0.0463  0.0371  0.0362  0.0361  0.0363  0.0355  0.0355  0.0352
  0.0526  0.0519  0.0518  0.0561  0.0515  0.0417  0.0369  0.0366  0.0357  0.0363  0.0353  0.0353
  0.0540  0.0524  0.0524  0.0612  0.0563  0.0503  0.0383  0.0376  0.0355  0.0384  0.0351  0.0357
  0.0560  0.0531  0.0539  0.0666  0.0618  0.0605  0.0403  0.0393  0.0359  0.0415  0.0351  0.0366
niter,ni,del,rscale     7    3    5.0000    1.2000
parameter  3  1.359414 ->  0.500000 qaram    1.1500
parameter  4  0.568309 ->  0.500000 qaram    1.3225
parameter  5  0.966204 ->  0.500000 qaram    1.3225
parameters
    0.3241    7.0297    9.1759   -9.2050   -9.1649   -2.7976
    3.2071   -5.1197   -1.0390    4.0009   12.5836   -3.3932
eta,q 0.97266 15.24123
  0.0391  0.0384  0.0329  0.0322  0.0284  0.0332  0.0299  0.0311  0.0301  0.0304  0.0289  0.0291
  0.0372  0.0366  0.0332  0.0321  0.0280  0.0316  0.0285  0.0284  0.0286  0.0285  0.0281  0.0283
  0.0359  0.0355  0.0339  0.0326  0.0292  0.0300  0.0277  0.0274  0.0277  0.0276  0.0276  0.0277
  0.0351  0.0350  0.0350  0.0334  0.0322  0.0281  0.0276  0.0276  0.0274  0.0274  0.0274  0.0274
  0.0351  0.0352  0.0364  0.0351  0.0369  0.0265  0.0282  0.0285  0.0278  0.0282  0.0274  0.0274
  0.0357  0.0360  0.0379  0.0387  0.0421  0.0279  0.0294  0.0299  0.0289  0.0302  0.0275  0.0276
  0.0371  0.0374  0.0396  0.0441  0.0462  0.0339  0.0311  0.0321  0.0306  0.0334  0.0277  0.0282
niter,ni,del,rscale     7    3    5.0000    1.2000
parameter  3  0.609514 ->  0.500000 qaram    1.3225
parameters
    0.2631    7.7161    7.5889  -10.0603  -12.0974   -3.6606
    3.0675   -5.4831   -1.7089    4.0107   13.8438   -3.7437
eta,q 0.97331 14.99455
  0.0299  0.0323  0.0268  0.0293  0.0294  0.0308  0.0291  0.0305  0.0286  0.0297  0.0277  0.0276
  0.0285  0.0300  0.0263  0.0276  0.0276  0.0295  0.0279  0.0278  0.0275  0.0281  0.0271  0.0271
  0.0276  0.0284  0.0264  0.0265  0.0262  0.0280  0.0270  0.0267  0.0268  0.0272  0.0268  0.0268
  0.0273  0.0273  0.0271  0.0262  0.0262  0.0261  0.0268  0.0268  0.0267  0.0267  0.0267  0.0267
  0.0277  0.0271  0.0281  0.0265  0.0289  0.0259  0.0271  0.0274  0.0271  0.0268  0.0267  0.0268
  0.0287  0.0276  0.0294  0.0276  0.0340  0.0299  0.0280  0.0287  0.0280  0.0279  0.0268  0.0272
  0.0302  0.0287  0.0310  0.0317  0.0402  0.0372  0.0293  0.0309  0.0292  0.0300  0.0272  0.0278
niter,ni,del,rscale     7    3    5.0000    1.2000
parameters
    0.2168    8.5097    7.3693   -8.8873  -13.5228   -4.0685
    3.4199   -5.7402   -2.1949    5.4109   15.0834   -3.9815
eta,q 0.97322 14.99860
  0.0292  0.0307  0.0284  0.0300  0.0306  0.0309  0.0294  0.0306  0.0287  0.0300  0.0276  0.0275
  0.0278  0.0289  0.0269  0.0281  0.0289  0.0297  0.0282  0.0280  0.0276  0.0283  0.0272  0.0271
  0.0270  0.0275  0.0263  0.0269  0.0273  0.0284  0.0273  0.0270  0.0271  0.0274  0.0269  0.0269
  0.0267  0.0267  0.0264  0.0264  0.0263  0.0266  0.0270  0.0270  0.0269  0.0269  0.0268  0.0268
  0.0270  0.0264  0.0269  0.0263  0.0271  0.0257  0.0271  0.0275  0.0272  0.0268  0.0268  0.0269
  0.0280  0.0267  0.0276  0.0266  0.0305  0.0282  0.0278  0.0286  0.0280  0.0271  0.0269  0.0271
  0.0294  0.0275  0.0286  0.0288  0.0361  0.0351  0.0290  0.0308  0.0291  0.0282  0.0273  0.0276
niter,ni,del,rscale     6    3    5.0000    1.2000
parameters
    0.0880    9.1683    6.9024   -9.3293  -14.4686   -4.5841
    3.8263   -6.3308   -3.1061    7.4114   16.5413   -3.7952
eta,q 0.97328 14.89328
  0.0289  0.0299  0.0282  0.0293  0.0305  0.0306  0.0294  0.0300  0.0283  0.0294  0.0277  0.0275
  0.0277  0.0283  0.0268  0.0277  0.0290  0.0296  0.0282  0.0278  0.0274  0.0281  0.0272  0.0272
  0.0270  0.0273  0.0264  0.0267  0.0275  0.0284  0.0275  0.0270  0.0270  0.0274  0.0270  0.0269
  0.0268  0.0268  0.0266  0.0265  0.0265  0.0267  0.0271  0.0271  0.0270  0.0270  0.0268  0.0267
  0.0271  0.0267  0.0272  0.0265  0.0267  0.0260  0.0272  0.0276  0.0273  0.0267  0.0267  0.0268
  0.0281  0.0269  0.0280  0.0273  0.0293  0.0283  0.0279  0.0288  0.0280  0.0268  0.0268  0.0270
  0.0295  0.0276  0.0289  0.0308  0.0341  0.0351  0.0290  0.0310  0.0290  0.0277  0.0273  0.0275
niter,ni,del,rscale     5    3    5.0000    1.2000
parameter 10 -0.523630 -> -0.500000 qaram    1.1500
parameters
   -0.0988   10.1339    6.2045  -10.1342  -16.1302   -5.5056
    4.2461   -6.9557   -3.8179   11.5514   16.2800   -4.4472
eta,q 0.97387 14.68727
  0.0288  0.0298  0.0277  0.0289  0.0292  0.0297  0.0291  0.0294  0.0282  0.0292  0.0271  0.0270
  0.0275  0.0284  0.0265  0.0273  0.0279  0.0288  0.0280  0.0276  0.0274  0.0282  0.0266  0.0265
  0.0268  0.0274  0.0260  0.0264  0.0268  0.0278  0.0272  0.0269  0.0270  0.0275  0.0263  0.0262
  0.0267  0.0267  0.0264  0.0261  0.0261  0.0264  0.0269  0.0269  0.0269  0.0269  0.0261  0.0261
  0.0271  0.0264  0.0272  0.0262  0.0267  0.0262  0.0271  0.0273  0.0272  0.0263  0.0262  0.0263
  0.0281  0.0265  0.0281  0.0273  0.0295  0.0287  0.0277  0.0284  0.0278  0.0262  0.0266  0.0267
  0.0295  0.0270  0.0291  0.0310  0.0342  0.0351  0.0286  0.0303  0.0287  0.0269  0.0274  0.0274
niter,ni,del,rscale     5    3    5.0000    1.2000
parameter  2 -0.538233 -> -0.500000 qaram    1.1500
parameters
   -0.2420   11.5139    5.3926  -10.6012  -18.0353   -6.6766
    4.4546   -6.7632   -3.1081   12.3092   16.3663   -3.4741
eta,q 0.97410 14.43397
  0.0283  0.0305  0.0267  0.0280  0.0282  0.0282  0.0281  0.0291  0.0284  0.0291  0.0266  0.0267
  0.0270  0.0286  0.0256  0.0265  0.0269  0.0276  0.0270  0.0271  0.0272  0.0278  0.0263  0.0263
  0.0263  0.0272  0.0252  0.0255  0.0258  0.0267  0.0263  0.0262  0.0264  0.0268  0.0261  0.0261
  0.0261  0.0261  0.0255  0.0252  0.0252  0.0254  0.0261  0.0261  0.0261  0.0261  0.0259  0.0259
  0.0265  0.0256  0.0263  0.0254  0.0260  0.0256  0.0263  0.0263  0.0262  0.0259  0.0259  0.0259
  0.0274  0.0255  0.0274  0.0263  0.0291  0.0283  0.0269  0.0271  0.0268  0.0266  0.0262  0.0261
  0.0288  0.0260  0.0286  0.0293  0.0336  0.0337  0.0278  0.0286  0.0277  0.0286  0.0267  0.0264
niter,ni,del,rscale     5    3    5.0000    1.2000
parameters
   -0.1841   11.8976    4.9021  -10.1664  -18.7274   -7.6001
    4.3207   -6.6713   -3.1270   12.8679   16.5103   -3.0617
eta,q 0.97369 14.37880
  0.0283  0.0292  0.0272  0.0288  0.0291  0.0285  0.0281  0.0292  0.0283  0.0293  0.0270  0.0269
  0.0270  0.0275  0.0261  0.0272  0.0279  0.0279  0.0272  0.0274  0.0272  0.0279  0.0267  0.0266
  0.0262  0.0264  0.0257  0.0261  0.0267  0.0271  0.0266  0.0266  0.0266  0.0270  0.0265  0.0264
  0.0259  0.0259  0.0259  0.0257  0.0257  0.0259  0.0264  0.0264  0.0264  0.0264  0.0263  0.0263
  0.0261  0.0260  0.0264  0.0259  0.0257  0.0256  0.0266  0.0266  0.0266  0.0263  0.0263  0.0263
  0.0269  0.0266  0.0271  0.0264  0.0278  0.0277  0.0273  0.0273  0.0273  0.0270  0.0265  0.0265
  0.0280  0.0277  0.0280  0.0286  0.0316  0.0330  0.0282  0.0290  0.0283  0.0290  0.0270  0.0268
niter,ni,del,rscale     4    3    5.0000    1.2000
parameters
   -0.1463   12.0806    4.5127  -10.2334  -18.9436   -8.3017
    4.2897   -6.5683   -3.2209   13.2182   16.6835   -2.9553
eta,q 0.97340 14.33132
  0.0286  0.0290  0.0276  0.0290  0.0296  0.0287  0.0284  0.0293  0.0285  0.0293  0.0272  0.0271
  0.0273  0.0275  0.0265  0.0275  0.0284  0.0281  0.0274  0.0276  0.0274  0.0280  0.0269  0.0268
  0.0266  0.0266  0.0262  0.0265  0.0272  0.0274  0.0268  0.0269  0.0268  0.0272  0.0267  0.0267
  0.0263  0.0263  0.0263  0.0262  0.0262  0.0263  0.0266  0.0266  0.0266  0.0266  0.0266  0.0266
  0.0265  0.0265  0.0267  0.0265  0.0260  0.0258  0.0269  0.0268  0.0269  0.0266  0.0266  0.0266
  0.0272  0.0272  0.0273  0.0271  0.0276  0.0274  0.0275  0.0275  0.0275  0.0273  0.0267  0.0268
  0.0284  0.0283  0.0280  0.0294  0.0311  0.0323  0.0284  0.0291  0.0285  0.0293  0.0273  0.0271
niter,ni,del,rscale     3    3    5.0000    1.2000
parameters
   -0.1183   12.2003    4.2225  -10.2605  -19.0213   -8.7764
    4.2979   -6.4913   -3.2984   13.4725   16.8705   -2.9207
eta,q 0.97322 14.30610
  0.0288  0.0290  0.0278  0.0293  0.0299  0.0289  0.0286  0.0293  0.0286  0.0293  0.0273  0.0272
  0.0276  0.0277  0.0268  0.0278  0.0287  0.0282  0.0276  0.0278  0.0276  0.0281  0.0271  0.0270
  0.0269  0.0269  0.0265  0.0268  0.0275  0.0276  0.0270  0.0270  0.0270  0.0273  0.0269  0.0269
  0.0266  0.0266  0.0266  0.0265  0.0265  0.0266  0.0268  0.0268  0.0268  0.0268  0.0268  0.0268
  0.0268  0.0268  0.0269  0.0268  0.0263  0.0259  0.0270  0.0270  0.0271  0.0267  0.0268  0.0268
  0.0275  0.0275  0.0274  0.0274  0.0278  0.0273  0.0276  0.0277  0.0277  0.0275  0.0269  0.0269
  0.0287  0.0286  0.0280  0.0296  0.0311  0.0317  0.0286  0.0293  0.0287  0.0294  0.0274  0.0273
niter,ni,del,rscale     2    3    5.0000    1.2000
parameters
   -0.1066   12.2873    4.0437  -10.3222  -19.0920   -9.0495
    4.3198   -6.4619   -3.3766   13.6472   17.0238   -2.8961
eta,q 0.97312 14.28785
  0.0289  0.0291  0.0280  0.0294  0.0300  0.0290  0.0287  0.0294  0.0287  0.0293  0.0274  0.0273
  0.0277  0.0278  0.0271  0.0279  0.0288  0.0284  0.0277  0.0279  0.0277  0.0281  0.0272  0.0271
  0.0270  0.0270  0.0267  0.0270  0.0277  0.0278  0.0271  0.0271  0.0271  0.0274  0.0270  0.0270
  0.0268  0.0268  0.0268  0.0267  0.0267  0.0268  0.0269  0.0269  0.0269  0.0269  0.0269  0.0269
  0.0270  0.0270  0.0271  0.0270  0.0265  0.0260  0.0271  0.0270  0.0271  0.0268  0.0268  0.0269
  0.0277  0.0277  0.0275  0.0276  0.0279  0.0272  0.0277  0.0278  0.0278  0.0276  0.0270  0.0270
  0.0289  0.0288  0.0280  0.0298  0.0312  0.0312  0.0286  0.0294  0.0287  0.0295  0.0275  0.0274
niter,ni,del,rscale     1    3    5.0000    1.2000
parameters
   -0.1012   12.3507    3.9478  -10.3635  -19.1645   -9.1952
    4.3385   -6.4459   -3.4297   13.7533   17.1192   -2.8588
eta,q 0.97306 14.27542
  0.0290  0.0291  0.0281  0.0295  0.0301  0.0290  0.0287  0.0294  0.0288  0.0293  0.0275  0.0273
  0.0278  0.0278  0.0272  0.0281  0.0289  0.0284  0.0278  0.0279  0.0277  0.0282  0.0272  0.0272
  0.0271  0.0271  0.0269  0.0271  0.0278  0.0279  0.0272  0.0272  0.0271  0.0274  0.0271  0.0270
  0.0269  0.0269  0.0269  0.0269  0.0269  0.0269  0.0270  0.0270  0.0270  0.0270  0.0269  0.0269
  0.0271  0.0271  0.0271  0.0271  0.0266  0.0260  0.0272  0.0271  0.0272  0.0269  0.0269  0.0270
  0.0278  0.0278  0.0275  0.0277  0.0280  0.0272  0.0278  0.0278  0.0278  0.0276  0.0271  0.0271
  0.0290  0.0289  0.0280  0.0298  0.0313  0.0309  0.0287  0.0295  0.0288  0.0296  0.0276  0.0274
registration optimization eta report
parameter search radius
    2.4000    2.7600    3.1740    9.5220    9.5220    7.2000
    7.2000    7.2000    8.2800    8.2800    8.2800    7.2000
100000*second partial in parameter space
       36.       28.       12.        3.        4.        6.
        3.        5.        3.        4.        1.        1.
  0.0290  0.0291  0.0281  0.0295  0.0301  0.0290  0.0287  0.0294  0.0288  0.0293  0.0275  0.0273
  0.0278  0.0278  0.0272  0.0281  0.0289  0.0284  0.0278  0.0279  0.0277  0.0282  0.0272  0.0272
  0.0271  0.0271  0.0269  0.0271  0.0278  0.0279  0.0272  0.0272  0.0271  0.0274  0.0271  0.0270
  0.0269  0.0269  0.0269  0.0269  0.0269  0.0269  0.0270  0.0270  0.0270  0.0270  0.0269  0.0269
  0.0271  0.0271  0.0271  0.0271  0.0266  0.0260  0.0272  0.0271  0.0272  0.0269  0.0269  0.0270
  0.0278  0.0278  0.0275  0.0277  0.0280  0.0272  0.0278  0.0278  0.0278  0.0276  0.0271  0.0271
  0.0290  0.0289  0.0280  0.0298  0.0313  0.0309  0.0287  0.0295  0.0288  0.0296  0.0276  0.0274
   -0.1012   12.3507    3.9478  -10.3635  -19.1645   -9.1952
    4.3385   -6.4459   -3.4297   13.7533   17.1192   -2.8588
eta,q 0.97306 14.27542

---------------------------------------------------------------------
imgreg_4dfp /opt/freesurfer/average/711-2C_as_mni_average_305 /opt/freesurfer/average/711-2B_as_mni_average_305_mask talsrcimg_g11 none talsrcimg_to_711-2C_as_mni_average_305_t4 2311
---------------------------------------------------------------------

freesurfer imgreg_4dfp.c
/opt/freesurfer/average/711-2C_as_mni_average_305.4dfp.img
       256       256       256         1
  1.000000  1.000000  1.000000
orientation T byte_order littleendian
Reading image: /opt/freesurfer/average/711-2C_as_mni_average_305.4dfp.img
dimensions:      256       256       256
mmppix:       1.0000   -1.0000   -1.0000
center:     128.0000 -129.0000 -129.0000
/opt/freesurfer/average/711-2B_as_mni_average_305_mask.4dfp.img
       256       256       256         1
  1.000000  1.000000  1.000000
orientation T byte_order littleendian
Reading mask: /opt/freesurfer/average/711-2B_as_mni_average_305_mask.4dfp.img (2306576 pixels)
talsrcimg_g11.4dfp.img
       256       256       256         1
  1.000000  1.000000  1.000000
orientation T byte_order littleendian
Reading image: talsrcimg_g11.4dfp.img
dimensions:      256       256       256
mmppix:       1.0000   -1.0000   -1.0000
center:     128.0000 -129.0000 -129.0000
fimgreg.f
image alignment mode   2311 decimal      907 hex
parameters
   -0.1012   12.3507    3.9478  -10.3635  -19.1646   -9.1952
    4.3385   -6.4459   -3.4297   13.7533   17.1192   -2.8588
eta,q 0.97306 14.27543
niter,ni,del,rscale     5    3    5.0000    0.8000
parameters
   -0.1065   12.3351    3.4658  -10.0746  -16.8378   -8.5602
    4.4598   -6.7031   -3.4661   13.2730   17.4727   -4.8876
eta,q 0.97377 14.45166
  0.0279  0.0276  0.0271  0.0276  0.0285  0.0284  0.0273  0.0275  0.0271  0.0273  0.0266  0.0263
  0.0273  0.0272  0.0269  0.0272  0.0279  0.0279  0.0268  0.0268  0.0266  0.0268  0.0265  0.0262
  0.0270  0.0270  0.0269  0.0270  0.0274  0.0273  0.0264  0.0264  0.0264  0.0264  0.0264  0.0262
  0.0269  0.0269  0.0269  0.0269  0.0269  0.0265  0.0263  0.0263  0.0263  0.0263  0.0263  0.0263
  0.0270  0.0270  0.0270  0.0270  0.0266  0.0261  0.0264  0.0264  0.0264  0.0264  0.0263  0.0264
  0.0274  0.0273  0.0272  0.0272  0.0266  0.0266  0.0267  0.0269  0.0266  0.0270  0.0264  0.0267
  0.0279  0.0276  0.0273  0.0274  0.0270  0.0282  0.0272  0.0279  0.0271  0.0281  0.0266  0.0271
niter,ni,del,rscale     4    3    5.0000    0.7000
parameters
   -0.0880   12.0725    3.5468  -10.0872  -16.5989   -7.4755
    4.5190   -6.8691   -3.4713   12.8158   17.0832   -6.2019
eta,q 0.97425 14.51151
  0.0270  0.0267  0.0266  0.0267  0.0274  0.0280  0.0266  0.0269  0.0264  0.0267  0.0260  0.0259
  0.0266  0.0264  0.0264  0.0264  0.0269  0.0276  0.0261  0.0262  0.0260  0.0262  0.0259  0.0258
  0.0263  0.0262  0.0262  0.0262  0.0265  0.0269  0.0259  0.0259  0.0258  0.0259  0.0258  0.0257
  0.0262  0.0262  0.0262  0.0262  0.0262  0.0262  0.0258  0.0258  0.0258  0.0258  0.0258  0.0258
  0.0263  0.0264  0.0262  0.0263  0.0262  0.0257  0.0258  0.0259  0.0258  0.0259  0.0258  0.0259
  0.0266  0.0267  0.0263  0.0264  0.0265  0.0260  0.0261  0.0263  0.0260  0.0265  0.0259  0.0260
  0.0270  0.0272  0.0265  0.0267  0.0273  0.0272  0.0265  0.0271  0.0264  0.0273  0.0261  0.0263
niter,ni,del,rscale     3    3    5.0000    0.6000
parameters
   -0.0984   12.0544    3.8168   -9.9808  -16.3704   -6.5745
    4.7709   -6.8676   -3.2886   12.6466   16.3972   -7.1619
eta,q 0.97458 14.56722
  0.0263  0.0263  0.0263  0.0261  0.0267  0.0275  0.0261  0.0264  0.0259  0.0262  0.0256  0.0255
  0.0260  0.0260  0.0260  0.0259  0.0263  0.0270  0.0257  0.0258  0.0257  0.0258  0.0255  0.0255
  0.0258  0.0258  0.0258  0.0258  0.0259  0.0264  0.0255  0.0255  0.0255  0.0256  0.0254  0.0254
  0.0257  0.0257  0.0257  0.0257  0.0258  0.0257  0.0254  0.0254  0.0254  0.0254  0.0254  0.0254
  0.0258  0.0258  0.0258  0.0258  0.0257  0.0254  0.0255  0.0255  0.0255  0.0255  0.0255  0.0255
  0.0260  0.0260  0.0258  0.0259  0.0260  0.0257  0.0256  0.0258  0.0256  0.0259  0.0256  0.0256
  0.0263  0.0263  0.0259  0.0260  0.0266  0.0266  0.0259  0.0264  0.0259  0.0265  0.0258  0.0258
niter,ni,del,rscale     2    3    5.0000    0.5000
parameters
   -0.1161   12.0269    4.1898   -9.9021  -16.1835   -5.8172
    4.9174   -6.7995   -3.0073   12.6454   15.8215   -7.7240
eta,q 0.97483 14.61352
  0.0258  0.0258  0.0259  0.0256  0.0261  0.0270  0.0256  0.0259  0.0256  0.0258  0.0253  0.0253
  0.0256  0.0256  0.0257  0.0255  0.0258  0.0265  0.0254  0.0255  0.0254  0.0255  0.0252  0.0252
  0.0255  0.0255  0.0255  0.0254  0.0255  0.0259  0.0252  0.0253  0.0252  0.0253  0.0252  0.0252
  0.0254  0.0254  0.0254  0.0254  0.0254  0.0254  0.0252  0.0252  0.0252  0.0252  0.0252  0.0252
  0.0255  0.0255  0.0254  0.0254  0.0254  0.0252  0.0252  0.0253  0.0252  0.0252  0.0252  0.0252
  0.0256  0.0256  0.0254  0.0255  0.0256  0.0254  0.0253  0.0255  0.0253  0.0255  0.0253  0.0253
  0.0258  0.0258  0.0255  0.0256  0.0260  0.0261  0.0255  0.0259  0.0255  0.0259  0.0254  0.0254
niter,ni,del,rscale     1    3    5.0000    0.4000
parameter  3 -0.550526 -> -0.500000 qaram    1.1500
parameters
   -0.1301   11.9891    4.6498   -9.9955  -16.0726   -5.1142
    4.8731   -6.7734   -2.8296   12.6654   15.4640   -7.9823
eta,q 0.97502 14.64340
  0.0254  0.0254  0.0256  0.0252  0.0256  0.0264  0.0252  0.0255  0.0252  0.0254  0.0251  0.0251
  0.0253  0.0253  0.0254  0.0252  0.0254  0.0259  0.0251  0.0252  0.0251  0.0252  0.0250  0.0250
  0.0252  0.0252  0.0253  0.0251  0.0252  0.0255  0.0250  0.0250  0.0250  0.0251  0.0250  0.0250
  0.0252  0.0252  0.0252  0.0251  0.0251  0.0251  0.0250  0.0250  0.0250  0.0250  0.0250  0.0250
  0.0252  0.0252  0.0251  0.0251  0.0251  0.0250  0.0250  0.0250  0.0250  0.0250  0.0250  0.0250
  0.0253  0.0253  0.0251  0.0252  0.0253  0.0251  0.0251  0.0252  0.0251  0.0252  0.0251  0.0251
  0.0255  0.0255  0.0252  0.0253  0.0255  0.0255  0.0253  0.0254  0.0252  0.0254  0.0251  0.0251
niter,ni,del,rscale     1    3    5.0000    0.4000
parameters
   -0.1430   11.9472    5.1089  -10.0971  -16.1127   -4.6231
    4.7782   -6.7389   -2.7505   12.6875   15.2767   -7.9701
eta,q 0.97516 14.65961
  0.0252  0.0252  0.0255  0.0250  0.0253  0.0262  0.0251  0.0253  0.0251  0.0253  0.0249  0.0250
  0.0251  0.0251  0.0253  0.0250  0.0251  0.0257  0.0249  0.0250  0.0250  0.0251  0.0249  0.0249
  0.0250  0.0250  0.0251  0.0249  0.0250  0.0252  0.0249  0.0249  0.0249  0.0249  0.0248  0.0249
  0.0250  0.0250  0.0250  0.0249  0.0249  0.0249  0.0248  0.0248  0.0248  0.0248  0.0248  0.0248
  0.0250  0.0250  0.0249  0.0249  0.0249  0.0249  0.0249  0.0249  0.0249  0.0249  0.0249  0.0249
  0.0251  0.0251  0.0249  0.0250  0.0251  0.0251  0.0250  0.0250  0.0249  0.0250  0.0249  0.0249
  0.0253  0.0253  0.0250  0.0251  0.0254  0.0255  0.0251  0.0253  0.0250  0.0253  0.0250  0.0250
registration optimization eta report
parameter search radius
    0.8000    0.8000    0.9200    2.4000    2.4000    2.4000
    2.4000    2.4000    2.4000    2.4000    2.4000    2.4000
100000*second partial in parameter space
       44.       43.       33.        3.        8.       16.
        4.        8.        4.        8.        2.        2.
  0.0252  0.0252  0.0255  0.0250  0.0253  0.0262  0.0251  0.0253  0.0251  0.0253  0.0249  0.0250
  0.0251  0.0251  0.0253  0.0250  0.0251  0.0257  0.0249  0.0250  0.0250  0.0251  0.0249  0.0249
  0.0250  0.0250  0.0251  0.0249  0.0250  0.0252  0.0249  0.0249  0.0249  0.0249  0.0248  0.0249
  0.0250  0.0250  0.0250  0.0249  0.0249  0.0249  0.0248  0.0248  0.0248  0.0248  0.0248  0.0248
  0.0250  0.0250  0.0249  0.0249  0.0249  0.0249  0.0249  0.0249  0.0249  0.0249  0.0249  0.0249
  0.0251  0.0251  0.0249  0.0250  0.0251  0.0251  0.0250  0.0250  0.0249  0.0250  0.0249  0.0249
  0.0253  0.0253  0.0250  0.0251  0.0254  0.0255  0.0251  0.0253  0.0250  0.0253  0.0250  0.0250
   -0.1430   11.9472    5.1089  -10.0971  -16.1127   -4.6231
    4.7782   -6.7389   -2.7505   12.6875   15.2767   -7.9701
eta,q 0.97516 14.65961

---------------------------------------------------------------------
imgreg_4dfp /opt/freesurfer/average/711-2C_as_mni_average_305 /opt/freesurfer/average/711-2B_as_mni_average_305_mask talsrcimg_g11 none talsrcimg_to_711-2C_as_mni_average_305_t4 2311
---------------------------------------------------------------------

freesurfer imgreg_4dfp.c
/opt/freesurfer/average/711-2C_as_mni_average_305.4dfp.img
       256       256       256         1
  1.000000  1.000000  1.000000
orientation T byte_order littleendian
Reading image: /opt/freesurfer/average/711-2C_as_mni_average_305.4dfp.img
dimensions:      256       256       256
mmppix:       1.0000   -1.0000   -1.0000
center:     128.0000 -129.0000 -129.0000
/opt/freesurfer/average/711-2B_as_mni_average_305_mask.4dfp.img
       256       256       256         1
  1.000000  1.000000  1.000000
orientation T byte_order littleendian
Reading mask: /opt/freesurfer/average/711-2B_as_mni_average_305_mask.4dfp.img (2306576 pixels)
talsrcimg_g11.4dfp.img
       256       256       256         1
  1.000000  1.000000  1.000000
orientation T byte_order littleendian
Reading image: talsrcimg_g11.4dfp.img
dimensions:      256       256       256
mmppix:       1.0000   -1.0000   -1.0000
center:     128.0000 -129.0000 -129.0000
fimgreg.f
image alignment mode   2311 decimal      907 hex
parameters
   -0.1430   11.9472    5.1089  -10.0971  -16.1127   -4.6231
    4.7782   -6.7389   -2.7505   12.6875   15.2767   -7.9701
eta,q 0.97516 14.65961
niter,ni,del,rscale     5    3    5.0000    0.8000
parameters
   -0.1495   11.9262    5.4426   -9.9802  -16.7244   -5.1382
    4.6764   -6.6323   -2.7137   12.9108   15.8073   -6.8594
eta,q 0.97504 14.62558
  0.0260  0.0259  0.0260  0.0255  0.0260  0.0272  0.0259  0.0267  0.0258  0.0264  0.0253  0.0255
  0.0253  0.0253  0.0254  0.0251  0.0255  0.0265  0.0254  0.0256  0.0254  0.0258  0.0252  0.0253
  0.0250  0.0250  0.0250  0.0249  0.0250  0.0256  0.0251  0.0251  0.0251  0.0253  0.0250  0.0251
  0.0248  0.0248  0.0248  0.0248  0.0248  0.0249  0.0250  0.0250  0.0250  0.0250  0.0250  0.0250
  0.0250  0.0250  0.0248  0.0249  0.0250  0.0251  0.0251  0.0252  0.0251  0.0250  0.0250  0.0250
  0.0253  0.0254  0.0250  0.0251  0.0258  0.0265  0.0255  0.0256  0.0253  0.0254  0.0251  0.0250
  0.0260  0.0260  0.0253  0.0254  0.0273  0.0299  0.0260  0.0265  0.0258  0.0263  0.0252  0.0252
niter,ni,del,rscale     4    3    5.0000    0.7000
parameters
   -0.1417   11.9209    5.2807   -9.8922  -16.7188   -5.2283
    4.5755   -6.7525   -2.9076   12.7105   15.8942   -6.7428
eta,q 0.97503 14.62434
  0.0258  0.0257  0.0254  0.0254  0.0261  0.0271  0.0257  0.0262  0.0255  0.0260  0.0252  0.0253
  0.0253  0.0253  0.0251  0.0251  0.0256  0.0264  0.0253  0.0254  0.0252  0.0255  0.0251  0.0251
  0.0251  0.0250  0.0250  0.0250  0.0252  0.0256  0.0250  0.0250  0.0250  0.0251  0.0250  0.0250
  0.0250  0.0250  0.0250  0.0249  0.0249  0.0249  0.0250  0.0250  0.0250  0.0250  0.0250  0.0250
  0.0250  0.0251  0.0251  0.0250  0.0250  0.0250  0.0251  0.0251  0.0251  0.0251  0.0250  0.0250
  0.0253  0.0253  0.0253  0.0251  0.0254  0.0259  0.0253  0.0255  0.0253  0.0255  0.0251  0.0251
  0.0258  0.0258  0.0257  0.0254  0.0263  0.0280  0.0257  0.0263  0.0256  0.0263  0.0252  0.0253
niter,ni,del,rscale     3    3    5.0000    0.6000
parameters
   -0.1452   11.9090    5.2010   -9.9464  -16.5245   -5.0437
    4.6551   -6.7842   -2.9469   12.5624   15.6955   -7.0776
eta,q 0.97509 14.63593
  0.0256  0.0255  0.0254  0.0253  0.0259  0.0268  0.0255  0.0259  0.0254  0.0257  0.0251  0.0251
  0.0252  0.0252  0.0251  0.0251  0.0255  0.0262  0.0252  0.0253  0.0251  0.0253  0.0250  0.0250
  0.0250  0.0250  0.0250  0.0250  0.0252  0.0255  0.0250  0.0250  0.0250  0.0250  0.0249  0.0249
  0.0250  0.0250  0.0250  0.0250  0.0250  0.0250  0.0249  0.0249  0.0249  0.0249  0.0249  0.0249
  0.0250  0.0250  0.0251  0.0250  0.0250  0.0250  0.0250  0.0250  0.0250  0.0250  0.0249  0.0250
  0.0252  0.0252  0.0252  0.0251  0.0252  0.0255  0.0251  0.0253  0.0251  0.0253  0.0250  0.0251
  0.0256  0.0256  0.0255  0.0253  0.0258  0.0269  0.0254  0.0259  0.0254  0.0259  0.0251  0.0252
niter,ni,del,rscale     2    3    5.0000    0.5000
parameters
   -0.1503   11.9001    5.2471  -10.0197  -16.3366   -4.7081
    4.7252   -6.7788   -2.8816   12.4970   15.4279   -7.4517
eta,q 0.97516 14.65252
  0.0253  0.0253  0.0253  0.0251  0.0256  0.0265  0.0253  0.0256  0.0252  0.0255  0.0250  0.0250
  0.0251  0.0251  0.0251  0.0250  0.0253  0.0259  0.0250  0.0251  0.0250  0.0252  0.0249  0.0249
  0.0250  0.0250  0.0250  0.0249  0.0251  0.0253  0.0249  0.0249  0.0249  0.0249  0.0248  0.0249
  0.0249  0.0249  0.0249  0.0249  0.0249  0.0249  0.0248  0.0248  0.0248  0.0248  0.0248  0.0248
  0.0250  0.0250  0.0249  0.0249  0.0249  0.0249  0.0249  0.0249  0.0249  0.0249  0.0249  0.0249
  0.0251  0.0251  0.0250  0.0250  0.0251  0.0253  0.0250  0.0251  0.0250  0.0251  0.0249  0.0250
  0.0253  0.0253  0.0252  0.0251  0.0255  0.0261  0.0252  0.0255  0.0252  0.0256  0.0250  0.0251
niter,ni,del,rscale     1    3    5.0000    0.4000
parameters
   -0.1501   11.8868    5.3983  -10.1346  -16.2034   -4.3520
    4.7268   -6.7686   -2.7923   12.4839   15.2333   -7.6964
eta,q 0.97522 14.66572
  0.0251  0.0251  0.0251  0.0250  0.0253  0.0260  0.0250  0.0253  0.0250  0.0252  0.0249  0.0249
  0.0250  0.0250  0.0250  0.0249  0.0251  0.0256  0.0249  0.0250  0.0249  0.0250  0.0248  0.0248
  0.0249  0.0249  0.0249  0.0248  0.0249  0.0251  0.0248  0.0248  0.0248  0.0249  0.0248  0.0248
  0.0248  0.0248  0.0248  0.0248  0.0248  0.0248  0.0248  0.0248  0.0248  0.0248  0.0248  0.0248
  0.0249  0.0249  0.0248  0.0249  0.0248  0.0248  0.0248  0.0248  0.0248  0.0248  0.0248  0.0248
  0.0250  0.0250  0.0249  0.0249  0.0250  0.0251  0.0249  0.0250  0.0249  0.0250  0.0248  0.0249
  0.0251  0.0251  0.0250  0.0250  0.0252  0.0256  0.0250  0.0252  0.0250  0.0252  0.0249  0.0249
registration optimization eta report
parameter search radius
    0.8000    0.8000    0.8000    2.4000    2.4000    2.4000
    2.4000    2.4000    2.4000    2.4000    2.4000    2.4000
100000*second partial in parameter space
       43.       43.       33.        3.        8.       17.
        4.        8.        4.        8.        2.        2.
  0.0251  0.0251  0.0251  0.0250  0.0253  0.0260  0.0250  0.0253  0.0250  0.0252  0.0249  0.0249
  0.0250  0.0250  0.0250  0.0249  0.0251  0.0256  0.0249  0.0250  0.0249  0.0250  0.0248  0.0248
  0.0249  0.0249  0.0249  0.0248  0.0249  0.0251  0.0248  0.0248  0.0248  0.0249  0.0248  0.0248
  0.0248  0.0248  0.0248  0.0248  0.0248  0.0248  0.0248  0.0248  0.0248  0.0248  0.0248  0.0248
  0.0249  0.0249  0.0248  0.0249  0.0248  0.0248  0.0248  0.0248  0.0248  0.0248  0.0248  0.0248
  0.0250  0.0250  0.0249  0.0249  0.0250  0.0251  0.0249  0.0250  0.0249  0.0250  0.0248  0.0249
  0.0251  0.0251  0.0250  0.0250  0.0252  0.0256  0.0250  0.0252  0.0250  0.0252  0.0249  0.0249
   -0.1501   11.8868    5.3983  -10.1346  -16.2034   -4.3520
    4.7268   -6.7686   -2.7923   12.4839   15.2333   -7.6964
eta,q 0.97522 14.66572

---------------------------------------------------------------------
compute_vox2vox talsrcimg talsrcimg_to_711-2C_as_mni_average_305_t4 /opt/freesurfer/average/711-2C_as_mni_average_305
---------------------------------------------------------------------

freesurfer compute_vox2vox.c
Reading: talsrcimg.4dfp.ifh
Reading: talsrcimg_to_711-2C_as_mni_average_305_t4
Reading: /opt/freesurfer/average/711-2C_as_mni_average_305.4dfp.ifh
Writing: talsrcimg_to_711-2C_as_mni_average_305_t4_vox2vox.txt

start time Wed Mar 11 20:28:18 CET 2026
end		time Wed Mar 11 20:29:49 CET 2026

mpr2mni305 success

avi2talxfm orig_nu.mgz /opt/freesurfer/average/mni305.cor.mgz talsrcimg_to_711-2C_as_mni_average_305_t4_vox2vox.txt transforms/talairach.auto.xfm
avi2talxfm done
mv -f /out/sourcedata/freesurfer/sub-v1s23x0050557_ses-1/mri/talsrcimg_to_711-2C_as_mni_average_305_t4_vox2vox.txt /out/sourcedata/freesurfer/sub-v1s23x0050557_ses-1/mri/transforms/talsrcimg_to_711-2C_as_mni_average_305_t4_vox2vox.txt
lta_convert --src orig_nu.mgz --trg /opt/freesurfer/average/mni305.cor.mgz --inxfm transforms/talairach.auto.xfm --outlta transforms/talairach.auto.xfm.lta --subject fsaverage
7.3.2

--src: orig_nu.mgz src image (geometry).
--trg: /opt/freesurfer/average/mni305.cor.mgz trg image (geometry).
--inmni: transforms/talairach.auto.xfm input MNI/XFM transform.
--outlta: transforms/talairach.auto.xfm.lta output LTA.
--s: fsaverage subject name
 LTA read, type : 1
 1.09674   0.08467  -0.05409  -54.19769;
-0.16970   1.02001   0.10326   37.70398;
 0.06183  -0.14914   1.17618  -82.72191;
 0.00000   0.00000   0.00000   1.00000;
setting subject to fsaverage
Writing  LTA to file transforms/talairach.auto.xfm.lta...
lta_convert successful.
 
 
Started at Wed Mar 11 20:28:17 CET 2026
Ended   at Wed Mar 11 20:29:49 CET 2026
talairach_avi done
