/out/sourcedata/freesurfer/sub-v1s23x0050571_ses-1/mri
/opt/freesurfer/bin/talairach_avi
--i orig_nu.mgz --xfm transforms/talairach.auto.xfm
talairach_avi 7.3.2
Linux dna013 5.14.0-427.37.1.el9_4.x86_64 #1 SMP PREEMPT_DYNAMIC Fri Sep 13 12:41:50 EDT 2024 x86_64 x86_64 x86_64 GNU/Linux
Mon Mar  9 19:16:45 CET 2026
mri_convert orig_nu.mgz talsrcimg.img 
reading from orig_nu.mgz...
TR=0.00, TE=0.00, TI=0.00, flip angle=0.00
i_ras = (-1, 0, 0)
j_ras = (0, 0, -1)
k_ras = (0, 1, 0)
writing to talsrcimg.img...
Analyze Output Matrix
-1.00000   0.00000   0.00000   182.31520;
 0.00000   0.00000   1.00000  -178.04869;
 0.00000  -1.00000   0.00000   152.49834;
 0.00000   0.00000   0.00000   1.00000;
--------------------
INFO: set hdr.hist.orient to -1
mpr2mni305 talsrcimg
Mon Mar  9 19:16:45 CET 2026
/opt/freesurfer/bin/mpr2mni305 talsrcimg
mpr2mni305 7.3.2
target=711-2C_as_mni_average_305

---------------------------------------------------------------------
analyzeto4dfp talsrcimg -O0 -y
---------------------------------------------------------------------

freesurfer ifh2hdr.c
Mon Mar  9 19:16:45 2026
Writing: talsrcimg.4dfp.hdr
freesurfer analyzeto4dfp.c
Reading: talsrcimg.hdr
header size 348 bytes
hdr.dime.datatype	offset=70	value=2
hdr.dime.bitpix		offset=72	value=8
hdr.hist.orient		offset=252	value=-1
dimensionality     4
dimensions       256       256       256         1
Reading: talsrcimg.img
Writing: talsrcimg.4dfp.img
Writing: talsrcimg.4dfp.ifh
ifh2hdr talsrcimg -r0to219
ori=2

---------------------------------------------------------------------
gauss_4dfp talsrcimg 1.1
---------------------------------------------------------------------

freesurfer gauss_4dfp.c
Reading: talsrcimg.4dfp.img
Writing: talsrcimg_g11.4dfp.img
image dimensions 256 256 256 padded to 288 288 288
processing volume 1freesurfer ifh2hdr.c
Mon Mar  9 19:16:47 2026
Writing: talsrcimg_g11.4dfp.hdr

Writing: talsrcimg_g11.4dfp.ifh
including: talsrcimg.4dfp.img.rec in talsrcimg_g11.4dfp.img.rec

---------------------------------------------------------------------
imgreg_4dfp /opt/freesurfer/average/711-2C_as_mni_average_305 none talsrcimg_g11 none talsrcimg_to_711-2C_as_mni_average_305_t4 4355
---------------------------------------------------------------------

freesurfer imgreg_4dfp.c
/opt/freesurfer/average/711-2C_as_mni_average_305.4dfp.img
       256       256       256         1
  1.000000  1.000000  1.000000
orientation T byte_order littleendian
Reading image: /opt/freesurfer/average/711-2C_as_mni_average_305.4dfp.img
dimensions:      256       256       256
mmppix:       1.0000   -1.0000   -1.0000
center:     128.0000 -129.0000 -129.0000
talsrcimg_g11.4dfp.img
       256       256       256         1
  1.000000  1.000000  1.000000
orientation T byte_order littleendian
Reading image: talsrcimg_g11.4dfp.img
dimensions:      256       256       256
mmppix:       1.0000   -1.0000   -1.0000
center:     128.0000 -129.0000 -129.0000
t4_read: open error in t4_sub.f l:  41 t4_file(1:l)talsrcimg_to_711-2C_as_mni_average_305_t4 
t4_read: transform initialized to I4
rotation matrix determinant  1.000000
image alignment mode   4355 decimal     1103 hex
   -7.5000  -45.0000  -45.0000 6480.1353   22.3583
    0.0000  -45.0000  -45.0000 6752.0054   22.3528
    7.5000  -45.0000  -45.0000 6493.6689   22.3557
   -7.5000  -37.5000  -45.0000 7013.2993   22.2537
    0.0000  -37.5000  -45.0000 7293.4409   22.2432
    7.5000  -37.5000  -45.0000 7007.9282   22.2445
   -7.5000  -30.0000  -45.0000 7850.4858   22.2545
    0.0000  -30.0000  -45.0000 8174.1211   22.2444
    7.5000  -30.0000  -45.0000 7829.2798   22.2463
   -7.5000  -22.5000  -45.0000 8717.3740   22.2607
    0.0000  -22.5000  -45.0000 9050.5771   22.2569
    7.5000  -22.5000  -45.0000 8671.4639   22.2618
   -7.5000  -15.0000  -45.0000 9449.9629   22.2652
    0.0000  -15.0000  -45.0000 9806.6533   22.2669
    7.5000  -15.0000  -45.0000 9393.2441   22.2738
   -7.5000   -7.5000  -45.000010058.6426   22.2625
    0.0000   -7.5000  -45.000010447.7598   22.2631
    7.5000   -7.5000  -45.000010011.5723   22.2681
   -7.5000    0.0000  -45.000010656.3672   22.2562
    0.0000    0.0000  -45.000011046.7354   22.2507
    7.5000    0.0000  -45.000010576.3643   22.2533
   -7.5000    7.5000  -45.000010479.7646   22.2524
    0.0000    7.5000  -45.000010887.8721   22.2420
    7.5000    7.5000  -45.000010408.8086   22.2433
   -7.5000   15.0000  -45.000010247.3672   22.2543
    0.0000   15.0000  -45.000010659.4609   22.2443
    7.5000   15.0000  -45.000010195.6201   22.2461
   -7.5000   22.5000  -45.0000 9968.0352   22.2576
    0.0000   22.5000  -45.000010376.7471   22.2538
    7.5000   22.5000  -45.0000 9943.1338   22.2588
   -7.5000   30.0000  -45.0000 9412.6973   21.9684
    0.0000   30.0000  -45.0000 9770.7363   21.9701
    7.5000   30.0000  -45.0000 9390.1748   21.9769
   -7.5000   37.5000  -45.0000 9049.8721   21.9658
    0.0000   37.5000  -45.0000 9369.4648   21.9664
    7.5000   37.5000  -45.0000 8989.5771   21.9713
   -7.5000   45.0000  -45.0000 8336.4111   21.4020
    0.0000   45.0000  -45.0000 8594.0332   21.3967
    7.5000   45.0000  -45.0000 8236.4463   21.3992
   -7.5000  -45.0000  -37.5000 6919.3979   22.1597
    0.0000  -45.0000  -37.5000 7187.6567   22.1495
    7.5000  -45.0000  -37.5000 6910.9697   22.1528
   -7.5000  -37.5000  -37.5000 7507.0698   22.0540
    0.0000  -37.5000  -37.5000 7789.1992   22.0446
    7.5000  -37.5000  -37.5000 7449.7041   22.0484
   -7.5000  -30.0000  -37.5000 8413.6504   22.0429
    0.0000  -30.0000  -37.5000 8730.8770   22.0359
    7.5000  -30.0000  -37.5000 8344.5029   22.0429
   -7.5000  -22.5000  -37.5000 9308.8506   22.0389
    0.0000  -22.5000  -37.5000 9664.4971   22.0342
    7.5000  -22.5000  -37.5000 9249.7686   22.0449
   -7.5000  -15.0000  -37.500010106.8564   22.0446
    0.0000  -15.0000  -37.500010470.9707   22.0396
    7.5000  -15.0000  -37.500010025.7051   22.0505
   -7.5000   -7.5000  -37.500010771.9707   22.0550
    0.0000   -7.5000  -37.500011164.3604   22.0469
    7.5000   -7.5000  -37.500010685.1475   22.0531
   -7.5000    0.0000  -37.500011349.9873   22.0593
    0.0000    0.0000  -37.500011779.6670   22.0491
    7.5000    0.0000  -37.500011268.9590   22.0520
   -7.5000    7.5000  -37.500011119.9873   22.0529
    0.0000    7.5000  -37.500011559.6826   22.0435
    7.5000    7.5000  -37.500011053.4648   22.0472
   -7.5000   15.0000  -37.500010855.8066   22.0428
    0.0000   15.0000  -37.500011290.9082   22.0357
    7.5000   15.0000  -37.500010799.1143   22.0428
   -7.5000   22.5000  -37.500010576.2432   22.0359
    0.0000   22.5000  -37.500011005.9385   22.0311
    7.5000   22.5000  -37.500010509.9492   22.0419
   -7.5000   30.0000  -37.5000 9980.7129   21.7509
    0.0000   30.0000  -37.500010360.2881   21.7459
    7.5000   30.0000  -37.5000 9917.7480   21.7567
   -7.5000   37.5000  -37.5000 9567.7705   21.7611
    0.0000   37.5000  -37.5000 9891.7510   21.7530
    7.5000   37.5000  -37.5000 9457.4580   21.7592
   -7.5000   45.0000  -37.5000 8791.3711   21.2127
    0.0000   45.0000  -37.5000 9069.9150   21.2029
    7.5000   45.0000  -37.5000 8660.0967   21.2057
   -7.5000  -45.0000  -30.0000 7556.6040   23.1440
    0.0000  -45.0000  -30.0000 7855.0630   23.1187
    7.5000  -45.0000  -30.0000 7514.9912   23.1217
   -7.5000  -37.5000  -30.0000 8201.7412   23.0495
    0.0000  -37.5000  -30.0000 8515.1660   23.0270
    7.5000  -37.5000  -30.0000 8120.7441   23.0264
   -7.5000  -30.0000  -30.0000 9200.1221   23.0434
    0.0000  -30.0000  -30.0000 9536.3008   23.0237
    7.5000  -30.0000  -30.0000 9080.8115   23.0228
   -7.5000  -22.5000  -30.000010150.4209   23.0261
    0.0000  -22.5000  -30.000010519.0586   23.0074
    7.5000  -22.5000  -30.000010026.0234   23.0113
   -7.5000  -15.0000  -30.000010985.3330   23.0150
    0.0000  -15.0000  -30.000011365.6260   22.9944
    7.5000  -15.0000  -30.000010834.8555   23.0030
   -7.5000   -7.5000  -30.000011715.4189   23.0227
    0.0000   -7.5000  -30.000012098.0469   22.9986
    7.5000   -7.5000  -30.000011550.9082   23.0057
   -7.5000    0.0000  -30.000012336.3779   23.0389
    0.0000    0.0000  -30.000012802.4707   23.0139
    7.5000    0.0000  -30.000012192.7285   23.0165
   -7.5000    7.5000  -30.000012067.4023   23.0483
    0.0000    7.5000  -30.000012545.7373   23.0258
    7.5000    7.5000  -30.000011954.1172   23.0252
   -7.5000   15.0000  -30.000011753.1602   23.0432
    0.0000   15.0000  -30.000012210.3477   23.0235
    7.5000   15.0000  -30.000011632.9277   23.0226
   -7.5000   22.5000  -30.000011425.3867   23.0205
    0.0000   22.5000  -30.000011858.8984   23.0018
    7.5000   22.5000  -30.000011306.7939   23.0057
   -7.5000   30.0000  -30.000010786.0078   22.7104
    0.0000   30.0000  -30.000011175.5107   22.6901
    7.5000   30.0000  -30.000010661.4482   22.6986
   -7.5000   37.5000  -30.000010316.1709   22.7181
    0.0000   37.5000  -30.000010660.1670   22.6943
    7.5000   37.5000  -30.000010148.6895   22.7013
   -7.5000   45.0000  -30.0000 9444.4414   22.1709
    0.0000   45.0000  -30.0000 9737.5166   22.1469
    7.5000   45.0000  -30.0000 9263.1143   22.1494
   -7.5000  -45.0000  -22.5000 8208.4902   23.9498
    0.0000  -45.0000  -22.5000 8525.6328   23.9133
    7.5000  -45.0000  -22.5000 8122.5005   23.9154
   -7.5000  -37.5000  -22.5000 8912.7979   23.8728
    0.0000  -37.5000  -22.5000 9242.2520   23.8343
    7.5000  -37.5000  -22.5000 8780.1729   23.8259
   -7.5000  -30.0000  -22.5000 9957.4141   23.8865
    0.0000  -30.0000  -22.500010314.4961   23.8499
    7.5000  -30.0000  -22.5000 9798.7061   23.8338
   -7.5000  -22.5000  -22.500010961.4639   23.8668
    0.0000  -22.5000  -22.500011372.1055   23.8351
    7.5000  -22.5000  -22.500010804.7793   23.8238
   -7.5000  -15.0000  -22.500011844.0303   23.8353
    0.0000  -15.0000  -22.500012305.2529   23.8072
    7.5000  -15.0000  -22.500011679.5723   23.8072
   -7.5000   -7.5000  -22.500012630.4814   23.8245
    0.0000   -7.5000  -22.500013104.8291   23.7938
    7.5000   -7.5000  -22.500012463.7852   23.7993
   -7.5000    0.0000  -22.500013343.5146   23.8410
    0.0000    0.0000  -22.500013902.8633   23.8051
    7.5000    0.0000  -22.500013166.9668   23.8069
   -7.5000    7.5000  -22.500013054.4043   23.8715
    0.0000    7.5000  -22.500013603.6191   23.8331
    7.5000    7.5000  -22.500012891.6543   23.8246
   -7.5000   15.0000  -22.500012692.9697   23.8864
    0.0000   15.0000  -22.500013196.8770   23.8497
    7.5000   15.0000  -22.500012498.0889   23.8337
   -7.5000   22.5000  -22.500012269.1201   23.8594
    0.0000   22.5000  -22.500012774.8779   23.8277
    7.5000   22.5000  -22.500012092.1357   23.8164
   -7.5000   30.0000  -22.500011544.5176   23.5235
    0.0000   30.0000  -22.500012007.1738   23.4958
    7.5000   30.0000  -22.500011373.7451   23.4958
   -7.5000   37.5000  -22.500011046.1396   23.5128
    0.0000   37.5000  -22.500011451.1572   23.4826
    7.5000   37.5000  -22.500010847.7744   23.4880
   -7.5000   45.0000  -22.500010095.9521   22.9601
    0.0000   45.0000  -22.500010440.1211   22.9255
    7.5000   45.0000  -22.5000 9893.3193   22.9272
   -7.5000  -45.0000  -15.0000 8823.4170   24.4700
    0.0000  -45.0000  -15.0000 9156.6953   24.4364
    7.5000  -45.0000  -15.0000 8707.2773   24.4382
   -7.5000  -37.5000  -15.0000 9583.7773   24.3970
    0.0000  -37.5000  -15.0000 9947.8926   24.3550
    7.5000  -37.5000  -15.0000 9430.5811   24.3437
   -7.5000  -30.0000  -15.000010681.0664   24.4278
    0.0000  -30.0000  -15.000011084.3896   24.3859
    7.5000  -30.0000  -15.000010525.6426   24.3625
   -7.5000  -22.5000  -15.000011740.9688   24.4204
    0.0000  -22.5000  -15.000012213.7002   24.3882
    7.5000  -22.5000  -15.000011609.7568   24.3677
   -7.5000  -15.0000  -15.000012673.3994   24.3846
    0.0000  -15.0000  -15.000013198.7080   24.3625
    7.5000  -15.0000  -15.000012552.1670   24.3556
   -7.5000   -7.5000  -15.000013517.1543   24.3555
    0.0000   -7.5000  -15.000014062.5498   24.3324
    7.5000   -7.5000  -15.000013384.6641   24.3357
   -7.5000    0.0000  -15.000014281.6338   24.3593
    0.0000    0.0000  -15.000014933.9189   24.3263
    7.5000    0.0000  -15.000014142.4600   24.3278
   -7.5000    7.5000  -15.000013972.8525   24.3957
    0.0000    7.5000  -15.000014608.5947   24.3537
    7.5000    7.5000  -15.000013799.8174   24.3424
   -7.5000   15.0000  -15.000013570.0049   24.4276
    0.0000   15.0000  -15.000014153.2412   24.3857
    7.5000   15.0000  -15.000013364.0332   24.3623
   -7.5000   22.5000  -15.000013091.6680   24.4117
    0.0000   22.5000  -15.000013655.5078   24.3796
    7.5000   22.5000  -15.000012893.0508   24.3590
   -7.5000   30.0000  -15.000012300.8457   24.0690
    0.0000   30.0000  -15.000012815.8672   24.0472
    7.5000   30.0000  -15.000012106.0791   24.0404
   -7.5000   37.5000  -15.000011793.5098   24.0403
    0.0000   37.5000  -15.000012258.8193   24.0175
    7.5000   37.5000  -15.000011580.1611   24.0207
   -7.5000   45.0000  -15.000010770.7549   23.4734
    0.0000   45.0000  -15.000011179.5527   23.4415
    7.5000   45.0000  -15.000010554.9102   23.4431
   -7.5000  -45.0000   -7.5000 9480.7969   24.6867
    0.0000  -45.0000   -7.5000 9856.8330   24.6688
    7.5000  -45.0000   -7.5000 9363.6641   24.6715
   -7.5000  -37.5000   -7.500010259.7090   24.5951
    0.0000  -37.5000   -7.500010677.1621   24.5676
    7.5000  -37.5000   -7.500010139.5957   24.5613
   -7.5000  -30.0000   -7.500011428.2734   24.6183
    0.0000  -30.0000   -7.500011906.2588   24.5900
    7.5000  -30.0000   -7.500011331.3291   24.5759
   -7.5000  -22.5000   -7.500012581.5947   24.6238
    0.0000  -22.5000   -7.500013114.3359   24.6054
    7.5000  -22.5000   -7.500012486.0742   24.5936
   -7.5000  -15.0000   -7.500013603.6377   24.6068
    0.0000  -15.0000   -7.500014169.1836   24.5991
    7.5000  -15.0000   -7.500013509.9502   24.5965
   -7.5000   -7.5000   -7.500014486.7129   24.5827
    0.0000   -7.5000   -7.500015125.7080   24.5750
    7.5000   -7.5000   -7.500014428.1064   24.5787
   -7.5000    0.0000   -7.500015243.6797   24.5754
    0.0000    0.0000   -7.500016026.2998   24.5577
    7.5000    0.0000   -7.500015187.3750   24.5602
   -7.5000    7.5000   -7.500014866.1318   24.5937
    0.0000    7.5000   -7.500015587.8057   24.5663
    7.5000    7.5000   -7.500014768.3867   24.5600
   -7.5000   15.0000   -7.500014425.6240   24.6181
    0.0000   15.0000   -7.500015100.2207   24.5898
    7.5000   15.0000   -7.500014279.7744   24.5757
   -7.5000   22.5000   -7.500013935.3545   24.6124
    0.0000   22.5000   -7.500014557.1650   24.5940
    7.5000   22.5000   -7.500013758.4277   24.5822
   -7.5000   30.0000   -7.500013089.4521   24.2876
    0.0000   30.0000   -7.500013636.3760   24.2801
    7.5000   30.0000   -7.500012885.0811   24.2775
   -7.5000   37.5000   -7.500012552.9805   24.2639
    0.0000   37.5000   -7.500013044.0967   24.2563
    7.5000   37.5000   -7.500012312.3613   24.2599
   -7.5000   45.0000   -7.500011480.5322   23.6860
    0.0000   45.0000   -7.500011942.6230   23.6690
    7.5000   45.0000   -7.500011271.6064   23.6714
   -7.5000  -45.0000    0.000010086.7959   24.7235
    0.0000  -45.0000    0.000010501.8848   24.7176
    7.5000  -45.0000    0.0000 9967.4004   24.7210
   -7.5000  -37.5000    0.000010865.0674   24.6091
    0.0000  -37.5000    0.000011325.4775   24.5978
    7.5000  -37.5000    0.000010788.0781   24.5995
   -7.5000  -30.0000    0.000012097.3340   24.6096
    0.0000  -30.0000    0.000012637.8223   24.5991
    7.5000  -30.0000    0.000012048.0586   24.6011
   -7.5000  -22.5000    0.000013340.9248   24.6161
    0.0000  -22.5000    0.000013927.8447   24.6124
    7.5000  -22.5000    0.000013286.4053   24.6178
   -7.5000  -15.0000    0.000014492.7266   24.6210
    0.0000  -15.0000    0.000015122.7998   24.6233
    7.5000  -15.0000    0.000014459.4277   24.6308
   -7.5000   -7.5000    0.000015433.9932   24.6185
    0.0000   -7.5000    0.000016238.6611   24.6193
    7.5000   -7.5000    0.000015464.6689   24.6249
   -7.5000    0.0000    0.000016154.7686   24.6120
    0.0000    0.0000    0.000017022.6016   24.6061
    7.5000    0.0000    0.000016200.2441   24.6091
   -7.5000    7.5000    0.000015701.1396   24.6078
    0.0000    7.5000    0.000016416.3184   24.5965
    7.5000    7.5000    0.000015651.5947   24.5982
   -7.5000   15.0000    0.000015226.3584   24.6094
    0.0000   15.0000    0.000015859.3906   24.5989
    7.5000   15.0000    0.000015132.6289   24.6009
   -7.5000   22.5000    0.000014679.0879   24.6047
    0.0000   22.5000    0.000015290.9180   24.6011
    7.5000   22.5000    0.000014586.4307   24.6065
   -7.5000   30.0000    0.000013739.0596   24.3024
    0.0000   30.0000    0.000014294.9893   24.3046
    7.5000   30.0000    0.000013595.4844   24.3121
   -7.5000   37.5000    0.000013172.2568   24.2999
    0.0000   37.5000    0.000013691.6953   24.3007
    7.5000   37.5000    0.000012989.3936   24.3062
   -7.5000   45.0000    0.000012095.3994   23.7231
    0.0000   45.0000    0.000012589.8330   23.7174
    7.5000   45.0000    0.000011933.7207   23.7203
   -7.5000  -45.0000    7.5000 9872.9404   24.7839
    0.0000  -45.0000    7.500010274.2646   24.7725
    7.5000  -45.0000    7.5000 9778.4717   24.7763
   -7.5000  -37.5000    7.500010649.0303   24.6657
    0.0000  -37.5000    7.500011099.8467   24.6554
    7.5000  -37.5000    7.500010607.2637   24.6598
   -7.5000  -30.0000    7.500011839.7393   24.6533
    0.0000  -30.0000    7.500012366.0752   24.6456
    7.5000  -30.0000    7.500011831.2744   24.6537
   -7.5000  -22.5000    7.500013070.8730   24.6487
    0.0000  -22.5000    7.500013680.0693   24.6436
    7.5000  -22.5000    7.500013092.1631   24.6559
   -7.5000  -15.0000    7.500014296.9902   24.6552
    0.0000  -15.0000    7.500015043.1963   24.6497
    7.5000  -15.0000    7.500014379.8857   24.6621
   -7.5000   -7.5000    7.500015328.9980   24.6669
    0.0000   -7.5000    7.500016215.3223   24.6577
    7.5000   -7.5000    7.500015474.2549   24.6649
   -7.5000    0.0000    7.500015960.4912   24.6717
    0.0000    0.0000    7.500016691.7852   24.6603
    7.5000    0.0000    7.500016060.6201   24.6637
   -7.5000    7.5000    7.500015412.0488   24.6644
    0.0000    7.5000    7.500015972.5264   24.6541
    7.5000    7.5000    7.500015412.2100   24.6584
   -7.5000   15.0000    7.500014902.9736   24.6531
    0.0000   15.0000    7.500015490.1172   24.6454
    7.5000   15.0000    7.500014935.9336   24.6535
   -7.5000   22.5000    7.500014324.6787   24.6374
    0.0000   22.5000    7.500014952.1328   24.6323
    7.5000   22.5000    7.500014399.3213   24.6445
   -7.5000   30.0000    7.500013404.0381   24.3361
    0.0000   30.0000    7.500013936.3594   24.3307
    7.5000   30.0000    7.500013424.7480   24.3429
   -7.5000   37.5000    7.500012852.7881   24.3476
    0.0000   37.5000    7.500013323.5703   24.3386
    7.5000   37.5000    7.500012827.6543   24.3457
   -7.5000   45.0000    7.500011864.5664   23.7806
    0.0000   45.0000    7.500012325.8721   23.7697
    7.5000   45.0000    7.500011797.7236   23.7730
   -7.5000  -45.0000   15.0000 9571.6094   24.8528
    0.0000  -45.0000   15.0000 9940.4219   24.8257
    7.5000  -45.0000   15.0000 9502.9502   24.8290
   -7.5000  -37.5000   15.000010284.2324   24.7513
    0.0000  -37.5000   15.000010694.1445   24.7272
    7.5000  -37.5000   15.000010266.5176   24.7266
   -7.5000  -30.0000   15.000011400.9365   24.7448
    0.0000  -30.0000   15.000011871.9443   24.7236
    7.5000  -30.0000   15.000011403.0869   24.7227
   -7.5000  -22.5000   15.000012559.1162   24.7262
    0.0000  -22.5000   15.000013126.1416   24.7061
    7.5000  -22.5000   15.000012588.5186   24.7103
   -7.5000  -15.0000   15.000013739.3193   24.7143
    0.0000  -15.0000   15.000014495.3076   24.6922
    7.5000  -15.0000   15.000013882.5557   24.7014
   -7.5000   -7.5000   15.000014787.3652   24.7226
    0.0000   -7.5000   15.000015550.9307   24.6967
    7.5000   -7.5000   15.000015031.0283   24.7043
   -7.5000    0.0000   15.000015355.9863   24.7399
    0.0000    0.0000   15.000015850.7275   24.7131
    7.5000    0.0000   15.000015581.9316   24.7159
   -7.5000    7.5000   15.000014822.4307   24.7500
    0.0000    7.5000   15.000015180.7256   24.7259
    7.5000    7.5000   15.000014976.3799   24.7252
   -7.5000   15.0000   15.000014388.8496   24.7446
    0.0000   15.0000   15.000014845.7119   24.7235
    7.5000   15.0000   15.000014564.6377   24.7225
   -7.5000   22.5000   15.000013903.7822   24.7148
    0.0000   22.5000   15.000014428.4453   24.6947
    7.5000   22.5000   15.000014047.8262   24.6989
   -7.5000   30.0000   15.000013032.5635   24.3945
    0.0000   30.0000   15.000013492.8330   24.3726
    7.5000   30.0000   15.000013063.4697   24.3818
   -7.5000   37.5000   15.000012464.7695   24.4026
    0.0000   37.5000   15.000012921.6172   24.3771
    7.5000   37.5000   15.000012440.1836   24.3846
   -7.5000   45.0000   15.000011486.8418   23.8464
    0.0000   45.0000   15.000011914.8945   23.8206
    7.5000   45.0000   15.000011407.8750   23.8233
   -7.5000  -45.0000   22.5000 9114.6045   24.8618
    0.0000  -45.0000   22.5000 9477.2686   24.8239
    7.5000  -45.0000   22.5000 9050.6309   24.8261
   -7.5000  -37.5000   22.5000 9849.6924   24.7818
    0.0000  -37.5000   22.500010257.2314   24.7419
    7.5000  -37.5000   22.5000 9811.9160   24.7332
   -7.5000  -30.0000   22.500010936.2334   24.7961
    0.0000  -30.0000   22.500011398.7754   24.7581
    7.5000  -30.0000   22.500010925.8984   24.7414
   -7.5000  -22.5000   22.500012004.2256   24.7756
    0.0000  -22.5000   22.500012529.7207   24.7427
    7.5000  -22.5000   22.500012040.9707   24.7310
   -7.5000  -15.0000   22.500012988.7812   24.7430
    0.0000  -15.0000   22.500013629.1396   24.7138
    7.5000  -15.0000   22.500013175.1904   24.7138
   -7.5000   -7.5000   22.500013898.0518   24.7317
    0.0000   -7.5000   22.500014590.4219   24.6999
    7.5000   -7.5000   22.500014181.9395   24.7056
   -7.5000    0.0000   22.500014698.9736   24.7489
    0.0000    0.0000   22.500015295.6445   24.7116
    7.5000    0.0000   22.500014959.2822   24.7134
   -7.5000    7.5000   22.500014445.4180   24.7805
    0.0000    7.5000   22.500014965.8809   24.7407
    7.5000    7.5000   22.500014624.3809   24.7318
   -7.5000   15.0000   22.500014132.0303   24.7960
    0.0000   15.0000   22.500014636.9268   24.7579
    7.5000   15.0000   22.500014178.2822   24.7412
   -7.5000   22.5000   22.500013579.3467   24.7642
    0.0000   22.5000   22.500014048.5684   24.7313
    7.5000   22.5000   22.500013533.2920   24.7196
   -7.5000   30.0000   22.500012569.0283   24.4227
    0.0000   30.0000   22.500012988.0391   24.3939
    7.5000   30.0000   22.500012487.1738   24.3940
   -7.5000   37.5000   22.500011962.5029   24.4116
    0.0000   37.5000   22.500012400.1113   24.3802
    7.5000   37.5000   22.500011885.8652   24.3859
   -7.5000   45.0000   22.500010961.3037   23.8551
    0.0000   45.0000   22.500011388.7021   23.8192
    7.5000   45.0000   22.500010901.4102   23.8209
   -7.5000  -45.0000   30.0000 8556.0723   24.8148
    0.0000  -45.0000   30.0000 8876.2568   24.7808
    7.5000  -45.0000   30.0000 8520.3682   24.7829
   -7.5000  -37.5000   30.0000 9264.0459   24.7407
    0.0000  -37.5000   30.0000 9594.0342   24.6982
    7.5000  -37.5000   30.0000 9204.5947   24.6869
   -7.5000  -30.0000   30.000010299.2354   24.7718
    0.0000  -30.0000   30.000010706.7109   24.7294
    7.5000  -30.0000   30.000010269.9004   24.7058
   -7.5000  -22.5000   30.000011297.5342   24.7642
    0.0000  -22.5000   30.000011807.9893   24.7316
    7.5000  -22.5000   30.000011317.4551   24.7108
   -7.5000  -15.0000   30.000012251.9521   24.7280
    0.0000  -15.0000   30.000012864.9141   24.7055
    7.5000  -15.0000   30.000012322.8467   24.6987
   -7.5000   -7.5000   30.000013133.2109   24.6985
    0.0000   -7.5000   30.000013761.2666   24.6752
    7.5000   -7.5000   30.000013190.2295   24.6787
   -7.5000    0.0000   30.000013895.3193   24.7025
    0.0000    0.0000   30.000014578.5801   24.6691
    7.5000    0.0000   30.000013948.2178   24.6709
   -7.5000    7.5000   30.000013670.1562   24.7394
    0.0000    7.5000   30.000014359.8105   24.6969
    7.5000    7.5000   30.000013727.1592   24.6856
   -7.5000   15.0000   30.000013321.0459   24.7716
    0.0000   15.0000   30.000013963.9619   24.7292
    7.5000   15.0000   30.000013316.8799   24.7056
   -7.5000   22.5000   30.000012724.8838   24.7528
    0.0000   22.5000   30.000013297.9951   24.7202
    7.5000   22.5000   30.000012705.0400   24.6995
   -7.5000   30.0000   30.000011750.8623   24.4079
    0.0000   30.0000   30.000012248.6328   24.3858
    7.5000   30.0000   30.000011698.8496   24.3790
   -7.5000   37.5000   30.000011182.2949   24.3789
    0.0000   37.5000   30.000011670.6475   24.3559
    7.5000   37.5000   30.000011154.7734   24.3593
   -7.5000   45.0000   30.000010253.8965   23.8104
    0.0000   45.0000   30.000010669.4180   23.7782
    7.5000   45.0000   30.000010215.3184   23.7799
   -7.5000  -45.0000   37.5000 8241.5039   24.7655
    0.0000  -45.0000   37.5000 8567.8867   24.7475
    7.5000  -45.0000   37.5000 8198.1143   24.7504
   -7.5000  -37.5000   37.5000 8930.1338   24.6732
    0.0000  -37.5000   37.5000 9298.2705   24.6457
    7.5000  -37.5000   37.5000 8855.7744   24.6394
   -7.5000  -30.0000   37.5000 9965.9932   24.6961
    0.0000  -30.0000   37.500010405.9355   24.6677
    7.5000  -30.0000   37.5000 9871.4131   24.6535
   -7.5000  -22.5000   37.500010986.9531   24.7015
    0.0000  -22.5000   37.500011498.3486   24.6830
    7.5000  -22.5000   37.500010885.8232   24.6711
   -7.5000  -15.0000   37.500011914.8799   24.6847
    0.0000  -15.0000   37.500012449.2295   24.6770
    7.5000  -15.0000   37.500011808.6943   24.6744
   -7.5000   -7.5000   37.500012717.2510   24.6608
    0.0000   -7.5000   37.500013220.5957   24.6532
    7.5000   -7.5000   37.500012601.0537   24.6570
   -7.5000    0.0000   37.500013357.4111   24.6536
    0.0000    0.0000   37.500013909.5293   24.6360
    7.5000    0.0000   37.500013310.1875   24.6386
   -7.5000    7.5000   37.500013107.3623   24.6718
    0.0000    7.5000   37.500013658.3994   24.6444
    7.5000    7.5000   37.500013095.1162   24.6381
   -7.5000   15.0000   37.500012751.5771   24.6959
    0.0000   15.0000   37.500013299.9229   24.6675
    7.5000   15.0000   37.500012780.4004   24.6533
   -7.5000   22.5000   37.500012181.8262   24.6901
    0.0000   22.5000   37.500012679.9150   24.6716
    7.5000   22.5000   37.500012211.3926   24.6597
   -7.5000   30.0000   37.500011285.4209   24.3652
    0.0000   30.0000   37.500011741.7217   24.3576
    7.5000   30.0000   37.500011287.8027   24.3551
   -7.5000   37.5000   37.500010796.9473   24.3417
    0.0000   37.5000   37.500011241.8320   24.3341
    7.5000   37.5000   37.500010781.5986   24.3379
   -7.5000   45.0000   37.5000 9875.1406   23.7633
    0.0000   45.0000   37.500010264.9189   23.7463
    7.5000   45.0000   37.5000 9854.9277   23.7488
   -7.5000  -45.0000   45.0000 7677.1836   24.9336
    0.0000  -45.0000   45.0000 7973.4062   24.9278
    7.5000  -45.0000   45.0000 7564.7319   24.9319
   -7.5000  -37.5000   45.0000 8293.1348   24.8171
    0.0000  -37.5000   45.0000 8619.5098   24.8061
    7.5000  -37.5000   45.0000 8178.1875   24.8084
   -7.5000  -30.0000   45.0000 9222.5068   24.8169
    0.0000  -30.0000   45.0000 9606.4893   24.8067
    7.5000  -30.0000   45.0000 9113.9502   24.8095
   -7.5000  -22.5000   45.000010115.2871   24.8223
    0.0000  -22.5000   45.000010576.8535   24.8190
    7.5000  -22.5000   45.000010046.6152   24.8254
   -7.5000  -15.0000   45.000010943.1943   24.8268
    0.0000  -15.0000   45.000011417.4551   24.8294
    7.5000  -15.0000   45.000010866.9609   24.8380
   -7.5000   -7.5000   45.000011648.9580   24.8251
    0.0000   -7.5000   45.000012125.3115   24.8261
    7.5000   -7.5000   45.000011593.2275   24.8325
   -7.5000    0.0000   45.000012223.6865   24.8196
    0.0000    0.0000   45.000012772.3916   24.8139
    7.5000    0.0000   45.000012240.3447   24.8176
   -7.5000    7.5000   45.000011974.1299   24.8158
    0.0000    7.5000   45.000012532.9443   24.8048
    7.5000    7.5000   45.000012023.1523   24.8071
   -7.5000   15.0000   45.000011679.0449   24.8167
    0.0000   15.0000   45.000012205.8525   24.8065
    7.5000   15.0000   45.000011745.2021   24.8093
   -7.5000   22.5000   45.000011181.4316   24.8107
    0.0000   22.5000   45.000011662.4756   24.8075
    7.5000   22.5000   45.000011228.5791   24.8138
   -7.5000   30.0000   45.000010384.4395   24.5034
    0.0000   30.0000   45.000010824.8369   24.5059
    7.5000   30.0000   45.000010406.8291   24.5144
   -7.5000   37.5000   45.0000 9965.9404   24.5016
    0.0000   37.5000   45.000010376.7871   24.5027
    7.5000   37.5000   45.0000 9957.8398   24.5090
   -7.5000   45.0000   45.0000 9100.3994   23.9341
    0.0000   45.0000   45.0000 9478.2402   23.9286
    7.5000   45.0000   45.0000 9100.1445   23.9321

---------------------------------------------------------------------
imgreg_4dfp /opt/freesurfer/average/711-2C_as_mni_average_305 /opt/freesurfer/average/711-2B_as_mni_average_305_mask talsrcimg_g11 none talsrcimg_to_711-2C_as_mni_average_305_t4 4355
---------------------------------------------------------------------

freesurfer imgreg_4dfp.c
/opt/freesurfer/average/711-2C_as_mni_average_305.4dfp.img
       256       256       256         1
  1.000000  1.000000  1.000000
orientation T byte_order littleendian
Reading image: /opt/freesurfer/average/711-2C_as_mni_average_305.4dfp.img
dimensions:      256       256       256
mmppix:       1.0000   -1.0000   -1.0000
center:     128.0000 -129.0000 -129.0000
/opt/freesurfer/average/711-2B_as_mni_average_305_mask.4dfp.img
       256       256       256         1
  1.000000  1.000000  1.000000
orientation T byte_order littleendian
Reading mask: /opt/freesurfer/average/711-2B_as_mni_average_305_mask.4dfp.img (2306576 pixels)
talsrcimg_g11.4dfp.img
       256       256       256         1
  1.000000  1.000000  1.000000
orientation T byte_order littleendian
Reading image: talsrcimg_g11.4dfp.img
dimensions:      256       256       256
mmppix:       1.0000   -1.0000   -1.0000
center:     128.0000 -129.0000 -129.0000
rotation matrix determinant  1.000000
image alignment mode   4355 decimal     1103 hex
   -7.5000  -45.0000  -45.0000 1795.9495   30.3615
    0.0000  -45.0000  -45.0000 1810.2010   30.0274
    7.5000  -45.0000  -45.0000 1797.6215   30.4842
   -7.5000  -37.5000  -45.0000 1901.2650   27.3262
    0.0000  -37.5000  -45.0000 1913.3387   26.9952
    7.5000  -37.5000  -45.0000 1895.2557   27.4503
   -7.5000  -30.0000  -45.0000 1992.3984   25.0626
    0.0000  -30.0000  -45.0000 2008.2726   24.8223
    7.5000  -30.0000  -45.0000 1986.3733   25.1447
   -7.5000  -22.5000  -45.0000 2074.6047   23.5271
    0.0000  -22.5000  -45.0000 2084.7766   23.3568
    7.5000  -22.5000  -45.0000 2065.0964   23.6730
   -7.5000  -15.0000  -45.0000 2122.5513   22.4242
    0.0000  -15.0000  -45.0000 2133.1741   22.2656
    7.5000  -15.0000  -45.0000 2115.0317   22.5184
   -7.5000   -7.5000  -45.0000 2144.2249   21.6434
    0.0000   -7.5000  -45.0000 2153.8298   21.4617
    7.5000   -7.5000  -45.0000 2137.6003   21.7096
   -7.5000    0.0000  -45.0000 2153.4807   21.1467
    0.0000    0.0000  -45.0000 2160.1580   20.9811
    7.5000    0.0000  -45.0000 2144.6665   21.2676
   -7.5000    7.5000  -45.0000 2148.9106   21.1450
    0.0000    7.5000  -45.0000 2164.6475   21.0110
    7.5000    7.5000  -45.0000 2147.9133   21.3558
   -7.5000   15.0000  -45.0000 2134.5591   21.6802
    0.0000   15.0000  -45.0000 2154.4438   21.5188
    7.5000   15.0000  -45.0000 2134.0393   21.8908
   -7.5000   22.5000  -45.0000 2095.1306   22.5649
    0.0000   22.5000  -45.0000 2116.7212   22.3661
    7.5000   22.5000  -45.0000 2100.9893   22.7273
   -7.5000   30.0000  -45.0000 2045.1525   23.7406
    0.0000   30.0000  -45.0000 2061.8237   23.4905
    7.5000   30.0000  -45.0000 2047.6122   23.8559
   -7.5000   37.5000  -45.0000 1978.7985   25.3072
    0.0000   37.5000  -45.0000 1999.1210   24.9753
    7.5000   37.5000  -45.0000 1981.8081   25.4005
   -7.5000   45.0000  -45.0000 1899.0607   27.3967
    0.0000   45.0000  -45.0000 1917.2363   27.0568
    7.5000   45.0000  -45.0000 1899.3591   27.5487
   -7.5000  -45.0000  -37.5000 1884.9531   28.0065
    0.0000  -45.0000  -37.5000 1895.2755   27.7070
    7.5000  -45.0000  -37.5000 1883.5491   28.2148
   -7.5000  -37.5000  -37.5000 2000.4370   25.2443
    0.0000  -37.5000  -37.5000 2013.4932   24.9357
    7.5000  -37.5000  -37.5000 1983.4474   25.3773
   -7.5000  -30.0000  -37.5000 2098.9841   23.2035
    0.0000  -30.0000  -37.5000 2113.7158   22.9696
    7.5000  -30.0000  -37.5000 2084.0957   23.2961
   -7.5000  -22.5000  -37.5000 2177.1606   21.7458
    0.0000  -22.5000  -37.5000 2195.4624   21.5948
    7.5000  -22.5000  -37.5000 2174.5955   21.8988
   -7.5000  -15.0000  -37.5000 2230.2869   20.6722
    0.0000  -15.0000  -37.5000 2242.8928   20.5478
    7.5000  -15.0000  -37.5000 2229.2095   20.7833
   -7.5000   -7.5000  -37.5000 2257.2961   19.9348
    0.0000   -7.5000  -37.5000 2267.5735   19.8176
    7.5000   -7.5000  -37.5000 2255.6895   19.9949
   -7.5000    0.0000  -37.5000 2256.0217   19.5694
    0.0000    0.0000  -37.5000 2274.0671   19.4381
    7.5000    0.0000  -37.5000 2260.8870   19.6368
   -7.5000    7.5000  -37.5000 2247.3301   19.5400
    0.0000    7.5000  -37.5000 2265.9534   19.4620
    7.5000    7.5000  -37.5000 2255.6619   19.6825
   -7.5000   15.0000  -37.5000 2229.4468   19.8383
    0.0000   15.0000  -37.5000 2252.2400   19.7030
    7.5000   15.0000  -37.5000 2235.8494   19.9860
   -7.5000   22.5000  -37.5000 2202.9641   20.5397
    0.0000   22.5000  -37.5000 2228.8174   20.3517
    7.5000   22.5000  -37.5000 2206.2656   20.6675
   -7.5000   30.0000  -37.5000 2154.6208   21.6557
    0.0000   30.0000  -37.5000 2179.8699   21.4858
    7.5000   30.0000  -37.5000 2159.8044   21.7544
   -7.5000   37.5000  -37.5000 2089.6348   23.2286
    0.0000   37.5000  -37.5000 2114.6680   22.9832
    7.5000   37.5000  -37.5000 2094.9854   23.3549
   -7.5000   45.0000  -37.5000 2000.7721   25.2531
    0.0000   45.0000  -37.5000 2025.7831   24.9775
    7.5000   45.0000  -37.5000 2008.7960   25.4551
   -7.5000  -45.0000  -30.0000 2006.8423   27.0462
    0.0000  -45.0000  -30.0000 2023.9991   26.8169
    7.5000  -45.0000  -30.0000 2007.8407   27.2376
   -7.5000  -37.5000  -30.0000 2124.6919   24.3392
    0.0000  -37.5000  -30.0000 2143.3433   24.1134
    7.5000  -37.5000  -30.0000 2117.1772   24.4723
   -7.5000  -30.0000  -30.0000 2233.2493   22.2922
    0.0000  -30.0000  -30.0000 2251.4421   22.0826
    7.5000  -30.0000  -30.0000 2223.0264   22.3901
   -7.5000  -22.5000  -30.0000 2314.9919   20.7763
    0.0000  -22.5000  -30.0000 2329.1931   20.6281
    7.5000  -22.5000  -30.0000 2306.5476   20.9183
   -7.5000  -15.0000  -30.0000 2369.2573   19.6516
    0.0000  -15.0000  -30.0000 2379.4944   19.5703
    7.5000  -15.0000  -30.0000 2360.7468   19.8211
   -7.5000   -7.5000  -30.0000 2399.5503   18.9179
    0.0000   -7.5000  -30.0000 2412.9360   18.8398
    7.5000   -7.5000  -30.0000 2396.7683   19.0488
   -7.5000    0.0000  -30.0000 2408.7156   18.5717
    0.0000    0.0000  -30.0000 2428.4207   18.5158
    7.5000    0.0000  -30.0000 2411.0911   18.6866
   -7.5000    7.5000  -30.0000 2401.3264   18.6370
    0.0000    7.5000  -30.0000 2422.8679   18.5604
    7.5000    7.5000  -30.0000 2410.0942   18.7215
   -7.5000   15.0000  -30.0000 2385.0071   18.8982
    0.0000   15.0000  -30.0000 2405.8435   18.8083
    7.5000   15.0000  -30.0000 2389.5129   18.9919
   -7.5000   22.5000  -30.0000 2355.1982   19.5044
    0.0000   22.5000  -30.0000 2381.5525   19.3698
    7.5000   22.5000  -30.0000 2362.3372   19.6071
   -7.5000   30.0000  -30.0000 2305.1565   20.6036
    0.0000   30.0000  -30.0000 2328.8938   20.3950
    7.5000   30.0000  -30.0000 2314.9358   20.6527
   -7.5000   37.5000  -30.0000 2234.7449   22.1826
    0.0000   37.5000  -30.0000 2255.1382   21.9304
    7.5000   37.5000  -30.0000 2237.5503   22.2540
   -7.5000   45.0000  -30.0000 2136.9912   24.1977
    0.0000   45.0000  -30.0000 2157.9377   23.9429
    7.5000   45.0000  -30.0000 2136.5391   24.2946
   -7.5000  -45.0000  -22.5000 2101.2273   25.8145
    0.0000  -45.0000  -22.5000 2119.4043   25.6443
    7.5000  -45.0000  -22.5000 2091.5457   25.9564
   -7.5000  -37.5000  -22.5000 2227.7271   23.2060
    0.0000  -37.5000  -22.5000 2240.1685   23.0392
    7.5000  -37.5000  -22.5000 2212.5959   23.3369
   -7.5000  -30.0000  -22.5000 2335.0718   21.1633
    0.0000  -30.0000  -22.5000 2349.2229   21.0505
    7.5000  -30.0000  -22.5000 2323.1562   21.2871
   -7.5000  -22.5000  -22.5000 2419.1987   19.6209
    0.0000  -22.5000  -22.5000 2434.6936   19.5410
    7.5000  -22.5000  -22.5000 2408.9854   19.7908
   -7.5000  -15.0000  -22.5000 2480.0969   18.5325
    0.0000  -15.0000  -22.5000 2499.0164   18.4638
    7.5000  -15.0000  -22.5000 2472.9038   18.7010
   -7.5000   -7.5000  -22.5000 2517.2947   17.8027
    0.0000   -7.5000  -22.5000 2539.6267   17.7631
    7.5000   -7.5000  -22.5000 2516.7004   17.9858
   -7.5000    0.0000  -22.5000 2541.4219   17.4078
    0.0000    0.0000  -22.5000 2566.6326   17.4072
    7.5000    0.0000  -22.5000 2535.4167   17.5874
   -7.5000    7.5000  -22.5000 2544.5044   17.5186
    0.0000    7.5000  -22.5000 2566.7844   17.4715
    7.5000    7.5000  -22.5000 2547.6204   17.6086
   -7.5000   15.0000  -22.5000 2525.3174   17.8680
    0.0000   15.0000  -22.5000 2550.9380   17.7590
    7.5000   15.0000  -22.5000 2528.8435   17.9071
   -7.5000   22.5000  -22.5000 2489.3840   18.4623
    0.0000   22.5000  -22.5000 2515.9766   18.3397
    7.5000   22.5000  -22.5000 2488.4902   18.5194
   -7.5000   30.0000  -22.5000 2429.9927   19.5091
    0.0000   30.0000  -22.5000 2458.9106   19.3447
    7.5000   30.0000  -22.5000 2433.4170   19.5363
   -7.5000   37.5000  -22.5000 2349.6802   20.9342
    0.0000   37.5000  -22.5000 2376.7192   20.7662
    7.5000   37.5000  -22.5000 2351.5986   21.0169
   -7.5000   45.0000  -22.5000 2246.7388   22.8696
    0.0000   45.0000  -22.5000 2267.7876   22.6503
    7.5000   45.0000  -22.5000 2244.5837   22.9111
   -7.5000  -45.0000  -15.0000 2159.8735   24.6268
    0.0000  -45.0000  -15.0000 2177.6118   24.4716
    7.5000  -45.0000  -15.0000 2147.3582   24.9468
   -7.5000  -37.5000  -15.0000 2288.7004   22.0880
    0.0000  -37.5000  -15.0000 2303.7561   21.9473
    7.5000  -37.5000  -15.0000 2272.3306   22.2933
   -7.5000  -30.0000  -15.0000 2402.7864   20.0141
    0.0000  -30.0000  -15.0000 2416.9583   19.9444
    7.5000  -30.0000  -15.0000 2388.1846   20.1700
   -7.5000  -22.5000  -15.0000 2496.8079   18.5417
    0.0000  -22.5000  -15.0000 2514.7671   18.5007
    7.5000  -22.5000  -15.0000 2487.8599   18.7473
   -7.5000  -15.0000  -15.0000 2558.9097   17.4458
    0.0000  -15.0000  -15.0000 2585.2488   17.4326
    7.5000  -15.0000  -15.0000 2558.2390   17.6556
   -7.5000   -7.5000  -15.0000 2610.8623   16.7262
    0.0000   -7.5000  -15.0000 2632.5029   16.7265
    7.5000   -7.5000  -15.0000 2602.9990   16.9552
   -7.5000    0.0000  -15.0000 2640.4045   16.3527
    0.0000    0.0000  -15.0000 2663.0906   16.3691
    7.5000    0.0000  -15.0000 2633.2563   16.5608
   -7.5000    7.5000  -15.0000 2650.4519   16.4216
    0.0000    7.5000  -15.0000 2675.9124   16.3850
    7.5000    7.5000  -15.0000 2649.9839   16.5157
   -7.5000   15.0000  -15.0000 2633.1550   16.7611
    0.0000   15.0000  -15.0000 2658.9958   16.6915
    7.5000   15.0000  -15.0000 2631.3384   16.8184
   -7.5000   22.5000  -15.0000 2598.2507   17.4077
    0.0000   22.5000  -15.0000 2624.2344   17.3346
    7.5000   22.5000  -15.0000 2589.9080   17.4753
   -7.5000   30.0000  -15.0000 2525.7651   18.4129
    0.0000   30.0000  -15.0000 2552.5330   18.3019
    7.5000   30.0000  -15.0000 2524.4446   18.4419
   -7.5000   37.5000  -15.0000 2440.0354   19.7584
    0.0000   37.5000  -15.0000 2465.8735   19.6058
    7.5000   37.5000  -15.0000 2440.2312   19.7868
   -7.5000   45.0000  -15.0000 2331.0063   21.5444
    0.0000   45.0000  -15.0000 2355.9441   21.3671
    7.5000   45.0000  -15.0000 2330.7654   21.6286
   -7.5000  -45.0000   -7.5000 2212.7112   23.5733
    0.0000  -45.0000   -7.5000 2226.4102   23.5548
    7.5000  -45.0000   -7.5000 2194.0381   24.0075
   -7.5000  -37.5000   -7.5000 2334.8716   21.0218
    0.0000  -37.5000   -7.5000 2351.8728   20.9915
    7.5000  -37.5000   -7.5000 2318.3928   21.3833
   -7.5000  -30.0000   -7.5000 2450.0676   19.0292
    0.0000  -30.0000   -7.5000 2465.6912   18.9767
    7.5000  -30.0000   -7.5000 2439.2976   19.3792
   -7.5000  -22.5000   -7.5000 2556.7827   17.5441
    0.0000  -22.5000   -7.5000 2579.6313   17.5283
    7.5000  -22.5000   -7.5000 2548.9517   17.8638
   -7.5000  -15.0000   -7.5000 2638.1960   16.5171
    0.0000  -15.0000   -7.5000 2661.8450   16.4889
    7.5000  -15.0000   -7.5000 2632.2354   16.7657
   -7.5000   -7.5000   -7.5000 2694.8293   15.7844
    0.0000   -7.5000   -7.5000 2715.0388   15.7929
    7.5000   -7.5000   -7.5000 2688.1140   16.0562
   -7.5000    0.0000   -7.5000 2728.3826   15.3798
    0.0000    0.0000   -7.5000 2753.1526   15.3935
    7.5000    0.0000   -7.5000 2718.0103   15.6099
   -7.5000    7.5000   -7.5000 2739.9155   15.3598
    0.0000    7.5000   -7.5000 2767.4287   15.3509
    7.5000    7.5000   -7.5000 2734.9512   15.5066
   -7.5000   15.0000   -7.5000 2724.8811   15.6705
    0.0000   15.0000   -7.5000 2755.0674   15.6487
    7.5000   15.0000   -7.5000 2720.2773   15.7752
   -7.5000   22.5000   -7.5000 2690.1448   16.3804
    0.0000   22.5000   -7.5000 2717.7319   16.3342
    7.5000   22.5000   -7.5000 2679.8286   16.5066
   -7.5000   30.0000   -7.5000 2615.8728   17.3718
    0.0000   30.0000   -7.5000 2638.9739   17.2801
    7.5000   30.0000   -7.5000 2612.6223   17.4563
   -7.5000   37.5000   -7.5000 2516.8284   18.6926
    0.0000   37.5000   -7.5000 2535.4731   18.5474
    7.5000   37.5000   -7.5000 2513.5991   18.7690
   -7.5000   45.0000   -7.5000 2395.8943   20.4387
    0.0000   45.0000   -7.5000 2417.4412   20.2763
    7.5000   45.0000   -7.5000 2392.5159   20.5395
   -7.5000  -45.0000    0.0000 2246.0081   22.8318
    0.0000  -45.0000    0.0000 2257.2305   22.8807
    7.5000  -45.0000    0.0000 2224.1108   23.4444
   -7.5000  -37.5000    0.0000 2363.3765   20.2714
    0.0000  -37.5000    0.0000 2376.6863   20.3407
    7.5000  -37.5000    0.0000 2348.6411   20.8402
   -7.5000  -30.0000    0.0000 2479.1570   18.3187
    0.0000  -30.0000    0.0000 2498.2932   18.3481
    7.5000  -30.0000    0.0000 2471.9678   18.8278
   -7.5000  -22.5000    0.0000 2595.0374   16.8710
    0.0000  -22.5000    0.0000 2617.7380   16.8548
    7.5000  -22.5000    0.0000 2585.0796   17.2903
   -7.5000  -15.0000    0.0000 2693.1284   15.8061
    0.0000  -15.0000    0.0000 2718.1841   15.7986
    7.5000  -15.0000    0.0000 2683.7886   16.2002
   -7.5000   -7.5000    0.0000 2761.5425   15.0906
    0.0000   -7.5000    0.0000 2793.9866   15.0946
    7.5000   -7.5000    0.0000 2755.5740   15.4190
   -7.5000    0.0000    0.0000 2795.6953   14.6160
    0.0000    0.0000    0.0000 2833.4409   14.6261
    7.5000    0.0000    0.0000 2786.2239   14.8939
   -7.5000    7.5000    0.0000 2817.5466   14.5388
    0.0000    7.5000    0.0000 2854.4553   14.5112
    7.5000    7.5000    0.0000 2802.3838   14.7634
   -7.5000   15.0000    0.0000 2809.1709   14.8412
    0.0000   15.0000    0.0000 2840.0332   14.7642
    7.5000   15.0000    0.0000 2798.4072   15.0102
   -7.5000   22.5000    0.0000 2760.8264   15.5448
    0.0000   22.5000    0.0000 2791.4607   15.4158
    7.5000   22.5000    0.0000 2758.8901   15.6726
   -7.5000   30.0000    0.0000 2675.1323   16.5962
    0.0000   30.0000    0.0000 2701.1270   16.4753
    7.5000   30.0000    0.0000 2671.3162   16.6927
   -7.5000   37.5000    0.0000 2570.8293   17.9875
    0.0000   37.5000    0.0000 2591.8315   17.8752
    7.5000   37.5000    0.0000 2566.7920   18.0761
   -7.5000   45.0000    0.0000 2448.2720   19.7702
    0.0000   45.0000    0.0000 2466.9658   19.6417
    7.5000   45.0000    0.0000 2441.9453   19.8709
   -7.5000  -45.0000    7.5000 2263.0754   22.4002
    0.0000  -45.0000    7.5000 2272.3789   22.4581
    7.5000  -45.0000    7.5000 2241.7590   23.1485
   -7.5000  -37.5000    7.5000 2388.9858   19.9325
    0.0000  -37.5000    7.5000 2403.0256   19.9713
    7.5000  -37.5000    7.5000 2374.2461   20.6020
   -7.5000  -30.0000    7.5000 2509.1907   17.9783
    0.0000  -30.0000    7.5000 2529.3315   18.0009
    7.5000  -30.0000    7.5000 2501.7085   18.5728
   -7.5000  -22.5000    7.5000 2626.2458   16.4859
    0.0000  -22.5000    7.5000 2647.8918   16.4934
    7.5000  -22.5000    7.5000 2617.1025   17.0098
   -7.5000  -15.0000    7.5000 2730.8313   15.4157
    0.0000  -15.0000    7.5000 2758.3330   15.3995
    7.5000  -15.0000    7.5000 2721.8484   15.8895
   -7.5000   -7.5000    7.5000 2813.4788   14.6546
    0.0000   -7.5000    7.5000 2845.7168   14.6518
    7.5000   -7.5000    7.5000 2807.1624   15.0887
   -7.5000    0.0000    7.5000 2856.8096   14.0924
    0.0000    0.0000    7.5000 2907.0283   14.0177
    7.5000    0.0000    7.5000 2849.6709   14.4579
   -7.5000    7.5000    7.5000 2883.2974   13.9463
    0.0000    7.5000    7.5000 2923.7417   13.7668
    7.5000    7.5000    7.5000 2863.8730   14.1934
   -7.5000   15.0000    7.5000 2866.6335   14.3188
    0.0000   15.0000    7.5000 2900.2734   14.1140
    7.5000   15.0000    7.5000 2861.0012   14.4804
   -7.5000   22.5000    7.5000 2808.4119   15.0578
    0.0000   22.5000    7.5000 2847.3767   14.8973
    7.5000   22.5000    7.5000 2813.5981   15.2072
   -7.5000   30.0000    7.5000 2724.0137   16.1569
    0.0000   30.0000    7.5000 2751.4768   16.0302
    7.5000   30.0000    7.5000 2724.7202   16.3157
   -7.5000   37.5000    7.5000 2610.1675   17.6403
    0.0000   37.5000    7.5000 2637.3821   17.4980
    7.5000   37.5000    7.5000 2618.5698   17.7823
   -7.5000   45.0000    7.5000 2480.6355   19.4681
    0.0000   45.0000    7.5000 2510.5979   19.3013
    7.5000   45.0000    7.5000 2481.6201   19.6067
   -7.5000  -45.0000   15.0000 2275.6335   22.3082
    0.0000  -45.0000   15.0000 2279.3169   22.2189
    7.5000  -45.0000   15.0000 2253.8640   23.0233
   -7.5000  -37.5000   15.0000 2398.4392   19.8520
    0.0000  -37.5000   15.0000 2406.1582   19.7377
    7.5000  -37.5000   15.0000 2383.8142   20.4621
   -7.5000  -30.0000   15.0000 2514.7588   17.9112
    0.0000  -30.0000   15.0000 2528.6296   17.8222
    7.5000  -30.0000   15.0000 2501.3726   18.4243
   -7.5000  -22.5000   15.0000 2627.7612   16.4176
    0.0000  -22.5000   15.0000 2649.8003   16.3451
    7.5000  -22.5000   15.0000 2614.8445   16.9216
   -7.5000  -15.0000   15.0000 2736.3396   15.2754
    0.0000  -15.0000   15.0000 2760.6240   15.2028
    7.5000  -15.0000   15.0000 2721.5291   15.7852
   -7.5000   -7.5000   15.0000 2827.5974   14.4862
    0.0000   -7.5000   15.0000 2858.8330   14.4183
    7.5000   -7.5000   15.0000 2817.0571   14.9289
   -7.5000    0.0000   15.0000 2881.9573   13.8859
    0.0000    0.0000   15.0000 2922.1025   13.6688
    7.5000    0.0000   15.0000 2874.8174   14.3092
   -7.5000    7.5000   15.0000 2911.3923   13.7323
    0.0000    7.5000   15.0000 2944.5796   13.3530
    7.5000    7.5000   15.0000 2902.9861   14.0859
   -7.5000   15.0000   15.0000 2896.5354   14.2020
    0.0000   15.0000   15.0000 2929.9763   13.9120
    7.5000   15.0000   15.0000 2898.4968   14.4428
   -7.5000   22.5000   15.0000 2837.4138   15.0528
    0.0000   22.5000   15.0000 2870.7429   14.8237
    7.5000   22.5000   15.0000 2838.6169   15.1770
   -7.5000   30.0000   15.0000 2743.4485   16.1337
    0.0000   30.0000   15.0000 2772.4666   15.9313
    7.5000   30.0000   15.0000 2741.6904   16.2029
   -7.5000   37.5000   15.0000 2618.4734   17.5745
    0.0000   37.5000   15.0000 2650.1560   17.3704
    7.5000   37.5000   15.0000 2622.0210   17.6067
   -7.5000   45.0000   15.0000 2483.1719   19.3849
    0.0000   45.0000   15.0000 2512.1868   19.1924
    7.5000   45.0000   15.0000 2481.7312   19.4245
   -7.5000  -45.0000   22.5000 2270.9680   22.5765
    0.0000  -45.0000   22.5000 2273.2642   22.4557
    7.5000  -45.0000   22.5000 2242.5393   23.2236
   -7.5000  -37.5000   22.5000 2402.4978   20.1406
    0.0000  -37.5000   22.5000 2409.2083   20.0490
    7.5000  -37.5000   22.5000 2376.8628   20.6901
   -7.5000  -30.0000   22.5000 2517.5974   18.1615
    0.0000  -30.0000   22.5000 2530.8799   18.0449
    7.5000  -30.0000   22.5000 2498.4976   18.6451
   -7.5000  -22.5000   22.5000 2626.7305   16.5926
    0.0000  -22.5000   22.5000 2646.3674   16.4835
    7.5000  -22.5000   22.5000 2610.7783   17.0674
   -7.5000  -15.0000   22.5000 2724.0596   15.4150
    0.0000  -15.0000   22.5000 2748.3237   15.3099
    7.5000  -15.0000   22.5000 2718.7876   15.9015
   -7.5000   -7.5000   22.5000 2808.2571   14.6279
    0.0000   -7.5000   22.5000 2837.8289   14.4943
    7.5000   -7.5000   22.5000 2812.4592   15.0710
   -7.5000    0.0000   22.5000 2875.8730   14.1526
    0.0000    0.0000   22.5000 2902.9998   13.9372
    7.5000    0.0000   22.5000 2873.0237   14.5308
   -7.5000    7.5000   22.5000 2910.5647   14.1699
    0.0000    7.5000   22.5000 2946.6689   13.9697
    7.5000    7.5000   22.5000 2908.9465   14.4603
   -7.5000   15.0000   22.5000 2895.9473   14.6330
    0.0000   15.0000   22.5000 2932.3259   14.4580
    7.5000   15.0000   22.5000 2892.8650   14.8472
   -7.5000   22.5000   22.5000 2830.5059   15.3610
    0.0000   22.5000   22.5000 2855.5508   15.1634
    7.5000   22.5000   22.5000 2825.7136   15.4561
   -7.5000   30.0000   22.5000 2726.4766   16.3648
    0.0000   30.0000   22.5000 2748.5547   16.1305
    7.5000   30.0000   22.5000 2728.2502   16.3653
   -7.5000   37.5000   22.5000 2611.6604   17.6745
    0.0000   37.5000   22.5000 2632.5256   17.4724
    7.5000   37.5000   22.5000 2608.1245   17.6467
   -7.5000   45.0000   22.5000 2475.0596   19.3956
    0.0000   45.0000   22.5000 2499.3582   19.2245
    7.5000   45.0000   22.5000 2471.8301   19.4169
   -7.5000  -45.0000   30.0000 2255.3704   23.1656
    0.0000  -45.0000   30.0000 2260.7002   23.0339
    7.5000  -45.0000   30.0000 2230.0747   23.8373
   -7.5000  -37.5000   30.0000 2385.8220   20.6145
    0.0000  -37.5000   30.0000 2389.1484   20.4505
    7.5000  -37.5000   30.0000 2357.0098   21.1046
   -7.5000  -30.0000   30.0000 2500.6719   18.6468
    0.0000  -30.0000   30.0000 2511.9004   18.4853
    7.5000  -30.0000   30.0000 2481.8293   19.0305
   -7.5000  -22.5000   30.0000 2608.1890   17.1358
    0.0000  -22.5000   30.0000 2625.9050   17.0312
    7.5000  -22.5000   30.0000 2590.5771   17.5024
   -7.5000  -15.0000   30.0000 2708.8142   16.0456
    0.0000  -15.0000   30.0000 2731.5117   16.0037
    7.5000  -15.0000   30.0000 2695.2122   16.4089
   -7.5000   -7.5000   30.0000 2791.2749   15.2579
    0.0000   -7.5000   30.0000 2811.9309   15.1510
    7.5000   -7.5000   30.0000 2782.3013   15.5775
   -7.5000    0.0000   30.0000 2842.8318   14.7620
    0.0000    0.0000   30.0000 2869.5874   14.6905
    7.5000    0.0000   30.0000 2833.6990   15.0767
   -7.5000    7.5000   30.0000 2870.6794   14.8072
    0.0000    7.5000   30.0000 2899.7783   14.7656
    7.5000    7.5000   30.0000 2869.5056   15.0763
   -7.5000   15.0000   30.0000 2844.5439   15.2171
    0.0000   15.0000   30.0000 2875.0938   15.1800
    7.5000   15.0000   30.0000 2844.1150   15.4403
   -7.5000   22.5000   30.0000 2778.1155   15.9135
    0.0000   22.5000   30.0000 2807.9792   15.8745
    7.5000   22.5000   30.0000 2781.3708   16.0698
   -7.5000   30.0000   30.0000 2679.1545   16.8833
    0.0000   30.0000   30.0000 2703.8550   16.8035
    7.5000   30.0000   30.0000 2676.2207   16.9875
   -7.5000   37.5000   30.0000 2564.0247   18.1247
    0.0000   37.5000   30.0000 2591.6572   17.9843
    7.5000   37.5000   30.0000 2564.6689   18.1779
   -7.5000   45.0000   30.0000 2437.9746   19.7853
    0.0000   45.0000   30.0000 2459.1680   19.5832
    7.5000   45.0000   30.0000 2438.4011   19.8103
   -7.5000  -45.0000   37.5000 2224.1936   24.0975
    0.0000  -45.0000   37.5000 2229.2390   23.9294
    7.5000  -45.0000   37.5000 2204.5527   24.5909
   -7.5000  -37.5000   37.5000 2357.3821   21.5239
    0.0000  -37.5000   37.5000 2360.9829   21.4044
    7.5000  -37.5000   37.5000 2328.7422   21.8876
   -7.5000  -30.0000   37.5000 2476.5439   19.5543
    0.0000  -30.0000   37.5000 2489.4641   19.4917
    7.5000  -30.0000   37.5000 2447.7510   19.8161
   -7.5000  -22.5000   37.5000 2589.2036   18.0807
    0.0000  -22.5000   37.5000 2606.4851   18.0152
    7.5000  -22.5000   37.5000 2558.6580   18.3139
   -7.5000  -15.0000   37.5000 2677.6602   16.9354
    0.0000  -15.0000   37.5000 2699.3718   16.8358
    7.5000  -15.0000   37.5000 2657.5554   17.1429
   -7.5000   -7.5000   37.5000 2749.7991   16.0995
    0.0000   -7.5000   37.5000 2769.6941   15.9303
    7.5000   -7.5000   37.5000 2732.4114   16.2883
   -7.5000    0.0000   37.5000 2787.0454   15.5829
    0.0000    0.0000   37.5000 2810.2522   15.4920
    7.5000    0.0000   37.5000 2775.0203   15.8088
   -7.5000    7.5000   37.5000 2804.1743   15.6122
    0.0000    7.5000   37.5000 2825.8765   15.5086
    7.5000    7.5000   37.5000 2794.6223   15.8286
   -7.5000   15.0000   37.5000 2766.7234   15.9802
    0.0000   15.0000   37.5000 2798.6594   15.9085
    7.5000   15.0000   37.5000 2772.6367   16.2176
   -7.5000   22.5000   37.5000 2703.3711   16.6572
    0.0000   22.5000   37.5000 2727.8040   16.5821
    7.5000   22.5000   37.5000 2708.9846   16.8708
   -7.5000   30.0000   37.5000 2612.2437   17.6083
    0.0000   30.0000   37.5000 2638.5779   17.5491
    7.5000   30.0000   37.5000 2615.3228   17.7932
   -7.5000   37.5000   37.5000 2503.6262   18.8622
    0.0000   37.5000   37.5000 2531.8892   18.7783
    7.5000   37.5000   37.5000 2505.8743   18.9775
   -7.5000   45.0000   37.5000 2378.3638   20.4329
    0.0000   45.0000   37.5000 2399.2285   20.2556
    7.5000   45.0000   37.5000 2384.2593   20.4996
   -7.5000  -45.0000   45.0000 2190.2898   25.5106
    0.0000  -45.0000   45.0000 2190.7698   25.3552
    7.5000  -45.0000   45.0000 2156.6580   25.7497
   -7.5000  -37.5000   45.0000 2317.5269   22.7815
    0.0000  -37.5000   45.0000 2321.4526   22.6631
    7.5000  -37.5000   45.0000 2282.3059   22.9337
   -7.5000  -30.0000   45.0000 2431.0305   20.7254
    0.0000  -30.0000   45.0000 2443.2781   20.5925
    7.5000  -30.0000   45.0000 2399.0281   20.8507
   -7.5000  -22.5000   45.0000 2529.7488   19.1237
    0.0000  -22.5000   45.0000 2552.0923   18.9971
    7.5000  -22.5000   45.0000 2506.1729   19.2806
   -7.5000  -15.0000   45.0000 2613.5061   17.9066
    0.0000  -15.0000   45.0000 2636.6697   17.7460
    7.5000  -15.0000   45.0000 2595.3196   18.0381
   -7.5000   -7.5000   45.0000 2677.0264   17.0382
    0.0000   -7.5000   45.0000 2700.4272   16.8827
    7.5000   -7.5000   45.0000 2661.6897   17.1967
   -7.5000    0.0000   45.0000 2704.0432   16.5472
    0.0000    0.0000   45.0000 2729.4238   16.4785
    7.5000    0.0000   45.0000 2698.2222   16.7631
   -7.5000    7.5000   45.0000 2708.9265   16.5688
    0.0000    7.5000   45.0000 2738.0066   16.4828
    7.5000    7.5000   45.0000 2707.0669   16.7829
   -7.5000   15.0000   45.0000 2678.1064   16.9178
    0.0000   15.0000   45.0000 2706.2371   16.8433
    7.5000   15.0000   45.0000 2681.6152   17.1502
   -7.5000   22.5000   45.0000 2616.4714   17.5788
    0.0000   22.5000   45.0000 2635.8333   17.5215
    7.5000   22.5000   45.0000 2620.4246   17.8422
   -7.5000   30.0000   45.0000 2530.4773   18.4920
    0.0000   30.0000   45.0000 2553.8372   18.4429
    7.5000   30.0000   45.0000 2533.7979   18.7049
   -7.5000   37.5000   45.0000 2432.4158   19.7616
    0.0000   37.5000   45.0000 2454.4016   19.7200
    7.5000   37.5000   45.0000 2432.7324   19.9549
   -7.5000   45.0000   45.0000 2306.7373   21.3983
    0.0000   45.0000   45.0000 2328.4282   21.3038
    7.5000   45.0000   45.0000 2310.8855   21.4979

---------------------------------------------------------------------
imgreg_4dfp /opt/freesurfer/average/711-2C_as_mni_average_305 /opt/freesurfer/average/711-2B_as_mni_average_305_mask talsrcimg_g11 none talsrcimg_to_711-2C_as_mni_average_305_t4 1283
---------------------------------------------------------------------

freesurfer imgreg_4dfp.c
/opt/freesurfer/average/711-2C_as_mni_average_305.4dfp.img
       256       256       256         1
  1.000000  1.000000  1.000000
orientation T byte_order littleendian
Reading image: /opt/freesurfer/average/711-2C_as_mni_average_305.4dfp.img
dimensions:      256       256       256
mmppix:       1.0000   -1.0000   -1.0000
center:     128.0000 -129.0000 -129.0000
/opt/freesurfer/average/711-2B_as_mni_average_305_mask.4dfp.img
       256       256       256         1
  1.000000  1.000000  1.000000
orientation T byte_order littleendian
Reading mask: /opt/freesurfer/average/711-2B_as_mni_average_305_mask.4dfp.img (2306576 pixels)
talsrcimg_g11.4dfp.img
       256       256       256         1
  1.000000  1.000000  1.000000
orientation T byte_order littleendian
Reading image: talsrcimg_g11.4dfp.img
dimensions:      256       256       256
mmppix:       1.0000   -1.0000   -1.0000
center:     128.0000 -129.0000 -129.0000
rotation matrix determinant  1.000000
fimgreg.f
image alignment mode   1283 decimal      503 hex
parameters
    0.0000    7.5000   22.5000    0.0000    0.0000    0.0000
eta,q 0.92562 13.94954
niter,ni,del,rscale     5    3   12.0000    1.2000
parameter  6  0.850684 ->  0.500000 qaram    1.1500
parameters
    0.5692    9.4131   21.9076    1.9718    2.7227   -3.4500
eta,q 0.92690 13.97801
  0.0832  0.0853  0.0820  0.0811  0.0818  0.0732
  0.0800  0.0808  0.0813  0.0789  0.0797  0.0730
  0.0777  0.0775  0.0775  0.0771  0.0773  0.0735
  0.0762  0.0754  0.0753  0.0755  0.0750  0.0745
  0.0758  0.0753  0.0782  0.0750  0.0745  0.0759
  0.0773  0.0759  0.0818  0.0755  0.0749  0.0778
  0.0819  0.0776  0.0862  0.0770  0.0759  0.0797
niter,ni,del,rscale     5    3   12.0000    1.2000
parameters
   -1.6036    6.9493   21.9703    3.6305    2.8215   -5.7900
eta,q 0.93002 13.85380
  0.0764  0.0732  0.0766  0.0785  0.0738  0.0721
  0.0739  0.0699  0.0777  0.0747  0.0726  0.0710
  0.0723  0.0709  0.0740  0.0713  0.0714  0.0700
  0.0731  0.0724  0.0704  0.0704  0.0705  0.0705
  0.0779  0.0736  0.0723  0.0706  0.0707  0.0724
  0.0826  0.0761  0.0751  0.0711  0.0719  0.0751
  0.0886  0.0805  0.0785  0.0724  0.0742  0.0786
niter,ni,del,rscale     4    3   12.0000    1.2000
parameters
   -1.7564    6.8001   22.0497    3.8707    0.8611   -7.2937
eta,q 0.93008 13.88525
  0.0773  0.0771  0.0762  0.0756  0.0709  0.0725
  0.0728  0.0725  0.0767  0.0713  0.0702  0.0716
  0.0712  0.0699  0.0733  0.0702  0.0700  0.0702
  0.0700  0.0701  0.0700  0.0700  0.0700  0.0700
  0.0697  0.0719  0.0713  0.0703  0.0709  0.0714
  0.0729  0.0736  0.0741  0.0713  0.0724  0.0736
  0.0791  0.0768  0.0781  0.0743  0.0744  0.0769
niter,ni,del,rscale     3    3   12.0000    1.2000
parameters
   -1.7568    6.2781   22.2788    4.3004    0.1653   -7.7020
eta,q 0.93030 13.90176
  0.0767  0.0756  0.0762  0.0757  0.0721  0.0740
  0.0725  0.0716  0.0771  0.0708  0.0699  0.0721
  0.0702  0.0699  0.0728  0.0699  0.0694  0.0708
  0.0699  0.0699  0.0698  0.0697  0.0697  0.0696
  0.0698  0.0716  0.0711  0.0697  0.0703  0.0704
  0.0724  0.0738  0.0737  0.0706  0.0714  0.0726
  0.0769  0.0769  0.0776  0.0736  0.0728  0.0755
niter,ni,del,rscale     2    3   12.0000    1.2000
parameters
   -1.6475    6.1342   22.3910    4.3321    0.0665   -7.6793
eta,q 0.93031 13.91540
  0.0770  0.0768  0.0769  0.0747  0.0730  0.0747
  0.0728  0.0723  0.0768  0.0705  0.0703  0.0725
  0.0701  0.0700  0.0721  0.0699  0.0695  0.0711
  0.0697  0.0697  0.0697  0.0697  0.0697  0.0697
  0.0697  0.0711  0.0714  0.0698  0.0701  0.0701
  0.0721  0.0734  0.0743  0.0710  0.0711  0.0723
  0.0767  0.0768  0.0780  0.0742  0.0725  0.0751
niter,ni,del,rscale     1    3   12.0000    1.2000
parameters
   -1.5888    6.1570   22.4438    4.3373    0.0616   -7.6084
eta,q 0.93034 13.92549
  0.0770  0.0773  0.0771  0.0746  0.0731  0.0748
  0.0728  0.0726  0.0766  0.0705  0.0705  0.0726
  0.0701  0.0701  0.0718  0.0700  0.0695  0.0711
  0.0697  0.0697  0.0697  0.0697  0.0697  0.0697
  0.0697  0.0709  0.0716  0.0698  0.0700  0.0701
  0.0723  0.0732  0.0745  0.0710  0.0711  0.0723
  0.0771  0.0765  0.0782  0.0742  0.0725  0.0750
registration optimization eta report
parameter search radius
    6.0000    6.0000    6.0000    6.0000    6.0000    6.9000
100000*second partial in parameter space
       22.       20.       20.       14.        9.       11.
  0.0770  0.0773  0.0771  0.0746  0.0731  0.0748
  0.0728  0.0726  0.0766  0.0705  0.0705  0.0726
  0.0701  0.0701  0.0718  0.0700  0.0695  0.0711
  0.0697  0.0697  0.0697  0.0697  0.0697  0.0697
  0.0697  0.0709  0.0716  0.0698  0.0700  0.0701
  0.0723  0.0732  0.0745  0.0710  0.0711  0.0723
  0.0771  0.0765  0.0782  0.0742  0.0725  0.0750
   -1.5888    6.1570   22.4438    4.3373    0.0616   -7.6084
eta,q 0.93034 13.92549

---------------------------------------------------------------------
imgreg_4dfp /opt/freesurfer/average/711-2C_as_mni_average_305 /opt/freesurfer/average/711-2B_as_mni_average_305_mask talsrcimg_g11 none talsrcimg_to_711-2C_as_mni_average_305_t4 3335
---------------------------------------------------------------------

freesurfer imgreg_4dfp.c
/opt/freesurfer/average/711-2C_as_mni_average_305.4dfp.img
       256       256       256         1
  1.000000  1.000000  1.000000
orientation T byte_order littleendian
Reading image: /opt/freesurfer/average/711-2C_as_mni_average_305.4dfp.img
dimensions:      256       256       256
mmppix:       1.0000   -1.0000   -1.0000
center:     128.0000 -129.0000 -129.0000
/opt/freesurfer/average/711-2B_as_mni_average_305_mask.4dfp.img
       256       256       256         1
  1.000000  1.000000  1.000000
orientation T byte_order littleendian
Reading mask: /opt/freesurfer/average/711-2B_as_mni_average_305_mask.4dfp.img (2306576 pixels)
talsrcimg_g11.4dfp.img
       256       256       256         1
  1.000000  1.000000  1.000000
orientation T byte_order littleendian
Reading image: talsrcimg_g11.4dfp.img
dimensions:      256       256       256
mmppix:       1.0000   -1.0000   -1.0000
center:     128.0000 -129.0000 -129.0000
fimgreg.f
image alignment mode   3335 decimal      D07 hex
parameters
   -1.5888    6.1570   22.4438   -0.8804   -1.1632   -0.2864
   13.1942   -1.1076  -13.2402   -7.4820    0.1075    7.5627
eta,q 0.93242 13.87597
niter,ni,del,rscale     5    3    5.0000    1.2000
parameter  4  9.509998 ->  0.500000 qaram    1.1500
parameter  5  1.653605 ->  0.500000 qaram    1.1500
parameter  6  0.616687 ->  0.500000 qaram    1.1500
parameter  7  0.524399 ->  0.500000 qaram    1.1500
parameters
   -1.4428    6.9325   22.2276   -5.0204   -5.3032   -4.4264
    9.0542   -2.3613   -9.7392   -7.3663   -0.6222    9.1361
eta,q 0.94721 13.39975
  0.0697  0.0711  0.0686  0.0539  0.0536  0.0541  0.0539  0.0563  0.0561  0.0565  0.0537  0.0543
  0.0686  0.0695  0.0680  0.0579  0.0549  0.0539  0.0533  0.0545  0.0549  0.0546  0.0532  0.0538
  0.0678  0.0683  0.0676  0.0626  0.0569  0.0542  0.0533  0.0534  0.0539  0.0534  0.0530  0.0532
  0.0676  0.0676  0.0674  0.0674  0.0592  0.0554  0.0539  0.0533  0.0532  0.0529  0.0529  0.0529
  0.0677  0.0674  0.0676  0.0724  0.0621  0.0595  0.0551  0.0544  0.0529  0.0533  0.0531  0.0528
  0.0683  0.0677  0.0683  0.0775  0.0661  0.0660  0.0566  0.0566  0.0529  0.0544  0.0535  0.0530
  0.0692  0.0684  0.0694  0.0825  0.0697  0.0719  0.0585  0.0595  0.0533  0.0563  0.0542  0.0536
niter,ni,del,rscale     7    3    5.0000    1.2000
parameter  3  4.734790 ->  0.500000 qaram    1.1500
parameter  4  1.898824 ->  0.500000 qaram    1.3225
parameter  5  1.423323 ->  0.500000 qaram    1.3225
parameter  6  0.552892 ->  0.500000 qaram    1.3225
parameter 10  0.554688 ->  0.500000 qaram    1.1500
parameter 12  2.903003 ->  0.500000 qaram    1.1500
parameters
   -1.6399    6.1556   20.8476   -9.7814  -10.0642   -9.1874
    8.7039   -1.8183  -10.6077  -11.5063    1.6625    4.9961
eta,q 0.96252 12.93253
  0.0548  0.0534  0.0478  0.0405  0.0393  0.0393  0.0426  0.0441  0.0406  0.0395  0.0400  0.0368
  0.0536  0.0528  0.0492  0.0425  0.0404  0.0396  0.0411  0.0418  0.0401  0.0392  0.0396  0.0373
  0.0529  0.0526  0.0508  0.0455  0.0419  0.0404  0.0401  0.0403  0.0398  0.0393  0.0393  0.0381
  0.0528  0.0528  0.0526  0.0496  0.0432  0.0408  0.0398  0.0398  0.0398  0.0398  0.0392  0.0391
  0.0532  0.0534  0.0545  0.0545  0.0449  0.0416  0.0402  0.0401  0.0400  0.0406  0.0391  0.0402
  0.0541  0.0543  0.0565  0.0598  0.0474  0.0456  0.0413  0.0410  0.0405  0.0419  0.0391  0.0413
  0.0556  0.0555  0.0585  0.0655  0.0511  0.0517  0.0432  0.0429  0.0412  0.0436  0.0393  0.0423
niter,ni,del,rscale     7    3    5.0000    1.2000
parameter  2  1.129324 ->  0.500000 qaram    1.1500
parameter  3  3.075629 ->  0.500000 qaram    1.3225
parameter  4  0.718925 ->  0.500000 qaram    1.5209
parameters
   -1.0398    4.7756   19.2606  -15.2566  -12.2903   -7.7602
    9.6547   -1.7635  -10.7764  -10.2148    0.2702    3.9649
eta,q 0.97295 12.83746
  0.0422  0.0348  0.0275  0.0277  0.0311  0.0330  0.0319  0.0317  0.0291  0.0332  0.0278  0.0285
  0.0401  0.0349  0.0296  0.0276  0.0289  0.0309  0.0296  0.0293  0.0280  0.0300  0.0273  0.0277
  0.0385  0.0358  0.0321  0.0284  0.0275  0.0287  0.0280  0.0277  0.0273  0.0280  0.0271  0.0272
  0.0375  0.0372  0.0351  0.0302  0.0277  0.0273  0.0272  0.0271  0.0271  0.0271  0.0271  0.0270
  0.0372  0.0391  0.0385  0.0337  0.0300  0.0274  0.0273  0.0277  0.0274  0.0273  0.0274  0.0273
  0.0378  0.0413  0.0421  0.0388  0.0325  0.0277  0.0284  0.0292  0.0282  0.0283  0.0279  0.0282
  0.0392  0.0437  0.0458  0.0448  0.0360  0.0312  0.0302  0.0315  0.0293  0.0302  0.0285  0.0296
niter,ni,del,rscale     7    3    5.0000    1.2000
parameter  3  1.381563 ->  0.500000 qaram    1.5209
parameters
   -1.2871    4.8441   17.4355  -16.1668  -11.4477   -8.5107
    9.9184   -1.6712  -10.8783   -9.1246    0.4000    3.8552
eta,q 0.97613 12.83685
  0.0300  0.0311  0.0226  0.0285  0.0305  0.0297  0.0280  0.0286  0.0259  0.0300  0.0249  0.0256
  0.0282  0.0290  0.0234  0.0259  0.0278  0.0273  0.0259  0.0260  0.0248  0.0267  0.0243  0.0247
  0.0272  0.0276  0.0249  0.0243  0.0255  0.0252  0.0245  0.0244  0.0241  0.0247  0.0240  0.0241
  0.0271  0.0270  0.0270  0.0238  0.0238  0.0236  0.0239  0.0239  0.0239  0.0239  0.0239  0.0239
  0.0277  0.0273  0.0297  0.0242  0.0240  0.0229  0.0243  0.0245  0.0242  0.0241  0.0240  0.0240
  0.0292  0.0286  0.0329  0.0263  0.0262  0.0262  0.0255  0.0260  0.0249  0.0252  0.0243  0.0246
  0.0314  0.0308  0.0365  0.0315  0.0289  0.0359  0.0275  0.0282  0.0260  0.0273  0.0248  0.0259
niter,ni,del,rscale     7    3    5.0000    1.2000
parameter  3  0.597534 ->  0.500000 qaram    1.7490
parameters
   -1.3602    5.0593   15.3367  -15.2303  -10.6084   -9.8413
   10.1135   -1.4769  -10.8300   -8.1804    1.2943    2.6961
eta,q 0.97709 12.89017
  0.0274  0.0286  0.0231  0.0287  0.0296  0.0285  0.0270  0.0277  0.0251  0.0293  0.0240  0.0245
  0.0254  0.0262  0.0225  0.0257  0.0268  0.0261  0.0249  0.0250  0.0239  0.0259  0.0234  0.0235
  0.0242  0.0246  0.0227  0.0236  0.0242  0.0241  0.0235  0.0235  0.0232  0.0239  0.0230  0.0230
  0.0239  0.0239  0.0238  0.0225  0.0223  0.0221  0.0230  0.0230  0.0230  0.0230  0.0229  0.0229
  0.0244  0.0241  0.0258  0.0221  0.0227  0.0213  0.0234  0.0234  0.0232  0.0232  0.0230  0.0233
  0.0257  0.0253  0.0285  0.0232  0.0250  0.0275  0.0246  0.0247  0.0239  0.0246  0.0232  0.0242
  0.0278  0.0274  0.0321  0.0277  0.0279  0.0389  0.0267  0.0272  0.0250  0.0268  0.0235  0.0257
niter,ni,del,rscale     7    3    5.0000    1.2000
parameters
   -1.4248    5.3365   14.9486  -15.2815  -10.2857  -10.3125
   10.1597   -1.5494  -11.1088   -7.4154    1.5038    2.1734
eta,q 0.97698 12.87659
  0.0263  0.0280  0.0269  0.0280  0.0293  0.0292  0.0269  0.0272  0.0249  0.0289  0.0239  0.0249
  0.0244  0.0255  0.0242  0.0253  0.0267  0.0267  0.0249  0.0248  0.0238  0.0258  0.0234  0.0238
  0.0232  0.0237  0.0229  0.0236  0.0243  0.0246  0.0235  0.0235  0.0232  0.0239  0.0231  0.0232
  0.0229  0.0229  0.0229  0.0228  0.0228  0.0228  0.0230  0.0230  0.0230  0.0230  0.0230  0.0230
  0.0234  0.0231  0.0237  0.0226  0.0237  0.0210  0.0235  0.0234  0.0233  0.0234  0.0231  0.0233
  0.0247  0.0243  0.0256  0.0242  0.0258  0.0243  0.0248  0.0248  0.0241  0.0247  0.0233  0.0242
  0.0267  0.0264  0.0284  0.0293  0.0288  0.0352  0.0268  0.0275  0.0252  0.0270  0.0237  0.0256
niter,ni,del,rscale     6    3    5.0000    1.2000
parameters
   -1.4280    5.4897   14.7696  -15.2992  -10.2596  -10.4584
   10.2210   -1.5348  -11.2687   -7.0205    1.6427    1.9537
eta,q 0.97693 12.87017
  0.0266  0.0277  0.0275  0.0281  0.0291  0.0295  0.0269  0.0273  0.0249  0.0284  0.0239  0.0252
  0.0246  0.0253  0.0246  0.0255  0.0266  0.0270  0.0249  0.0249  0.0239  0.0254  0.0234  0.0240
  0.0234  0.0237  0.0232  0.0238  0.0243  0.0249  0.0235  0.0235  0.0232  0.0237  0.0232  0.0233
  0.0230  0.0230  0.0230  0.0230  0.0230  0.0230  0.0231  0.0231  0.0231  0.0231  0.0231  0.0231
  0.0234  0.0234  0.0238  0.0228  0.0241  0.0211  0.0235  0.0234  0.0233  0.0235  0.0231  0.0233
  0.0246  0.0247  0.0254  0.0243  0.0262  0.0236  0.0248  0.0247  0.0240  0.0250  0.0234  0.0241
  0.0266  0.0268  0.0280  0.0293  0.0293  0.0339  0.0268  0.0273  0.0250  0.0273  0.0238  0.0255
niter,ni,del,rscale     5    3    5.0000    1.2000
parameters
   -1.4281    5.5896   14.6859  -15.2938  -10.3042  -10.5264
   10.2616   -1.5280  -11.3861   -6.7962    1.7476    1.8485
eta,q 0.97690 12.86643
  0.0266  0.0276  0.0278  0.0282  0.0291  0.0296  0.0270  0.0273  0.0249  0.0281  0.0239  0.0253
  0.0247  0.0252  0.0249  0.0255  0.0266  0.0271  0.0249  0.0249  0.0239  0.0253  0.0235  0.0241
  0.0235  0.0236  0.0234  0.0239  0.0243  0.0249  0.0236  0.0236  0.0233  0.0236  0.0232  0.0234
  0.0231  0.0231  0.0231  0.0231  0.0231  0.0231  0.0231  0.0231  0.0231  0.0231  0.0231  0.0231
  0.0235  0.0235  0.0238  0.0229  0.0243  0.0212  0.0235  0.0234  0.0233  0.0236  0.0232  0.0233
  0.0247  0.0248  0.0254  0.0243  0.0263  0.0235  0.0248  0.0248  0.0240  0.0251  0.0234  0.0241
  0.0266  0.0269  0.0279  0.0293  0.0294  0.0336  0.0269  0.0274  0.0250  0.0275  0.0239  0.0254
niter,ni,del,rscale     4    3    5.0000    1.2000
parameters
   -1.4285    5.6572   14.6372  -15.2906  -10.3559  -10.5712
   10.2905   -1.5228  -11.4744   -6.6506    1.8342    1.7926
eta,q 0.97687 12.86327
  0.0266  0.0275  0.0279  0.0282  0.0291  0.0296  0.0270  0.0273  0.0249  0.0280  0.0239  0.0253
  0.0247  0.0251  0.0249  0.0256  0.0266  0.0271  0.0249  0.0249  0.0239  0.0252  0.0235  0.0241
  0.0235  0.0236  0.0234  0.0239  0.0244  0.0250  0.0236  0.0236  0.0233  0.0236  0.0232  0.0234
  0.0231  0.0231  0.0231  0.0231  0.0231  0.0231  0.0231  0.0231  0.0231  0.0231  0.0231  0.0231
  0.0235  0.0236  0.0238  0.0229  0.0243  0.0212  0.0236  0.0235  0.0233  0.0237  0.0232  0.0233
  0.0247  0.0249  0.0254  0.0244  0.0263  0.0235  0.0249  0.0248  0.0240  0.0251  0.0235  0.0241
  0.0266  0.0270  0.0278  0.0293  0.0294  0.0335  0.0269  0.0274  0.0250  0.0275  0.0239  0.0254
niter,ni,del,rscale     3    3    5.0000    1.2000
parameters
   -1.4294    5.7035   14.6032  -15.2812  -10.3973  -10.6068
   10.3109   -1.5201  -11.5465   -6.5538    1.9111    1.7570
eta,q 0.97685 12.86131
  0.0266  0.0274  0.0280  0.0282  0.0291  0.0296  0.0270  0.0273  0.0249  0.0279  0.0240  0.0254
  0.0247  0.0251  0.0250  0.0256  0.0266  0.0271  0.0249  0.0250  0.0239  0.0252  0.0235  0.0242
  0.0235  0.0236  0.0235  0.0239  0.0244  0.0250  0.0236  0.0236  0.0233  0.0236  0.0232  0.0234
  0.0231  0.0231  0.0231  0.0231  0.0231  0.0231  0.0231  0.0231  0.0231  0.0231  0.0232  0.0232
  0.0235  0.0236  0.0238  0.0229  0.0243  0.0213  0.0236  0.0235  0.0234  0.0237  0.0232  0.0234
  0.0247  0.0250  0.0254  0.0244  0.0264  0.0235  0.0249  0.0248  0.0240  0.0252  0.0235  0.0241
  0.0266  0.0271  0.0278  0.0293  0.0294  0.0335  0.0269  0.0274  0.0250  0.0276  0.0239  0.0255
niter,ni,del,rscale     2    3    5.0000    1.2000
parameters
   -1.4299    5.7369   14.5792  -15.2796  -10.4303  -10.6298
   10.3250   -1.5187  -11.6025   -6.4806    1.9878    1.7371
eta,q 0.97683 12.85952
  0.0267  0.0273  0.0280  0.0282  0.0291  0.0296  0.0270  0.0273  0.0249  0.0279  0.0240  0.0254
  0.0247  0.0251  0.0250  0.0256  0.0266  0.0271  0.0249  0.0250  0.0239  0.0251  0.0235  0.0242
  0.0235  0.0236  0.0235  0.0239  0.0244  0.0250  0.0236  0.0237  0.0233  0.0236  0.0233  0.0235
  0.0232  0.0232  0.0232  0.0231  0.0231  0.0232  0.0232  0.0232  0.0232  0.0232  0.0232  0.0232
  0.0236  0.0236  0.0239  0.0230  0.0243  0.0213  0.0236  0.0235  0.0234  0.0237  0.0233  0.0234
  0.0247  0.0250  0.0254  0.0244  0.0264  0.0235  0.0249  0.0248  0.0240  0.0252  0.0235  0.0242
  0.0267  0.0271  0.0278  0.0294  0.0294  0.0335  0.0270  0.0274  0.0249  0.0276  0.0239  0.0255
niter,ni,del,rscale     1    3    5.0000    1.2000
parameters
   -1.4311    5.7625   14.5615  -15.2800  -10.4584  -10.6479
   10.3405   -1.5208  -11.6594   -6.4281    2.0468    1.7207
eta,q 0.97682 12.85805
  0.0267  0.0273  0.0281  0.0282  0.0291  0.0296  0.0270  0.0273  0.0249  0.0279  0.0240  0.0254
  0.0247  0.0251  0.0251  0.0256  0.0266  0.0271  0.0250  0.0250  0.0239  0.0251  0.0235  0.0242
  0.0236  0.0237  0.0235  0.0240  0.0244  0.0250  0.0236  0.0237  0.0233  0.0236  0.0233  0.0235
  0.0232  0.0232  0.0232  0.0232  0.0232  0.0232  0.0232  0.0232  0.0232  0.0232  0.0232  0.0232
  0.0236  0.0236  0.0239  0.0230  0.0243  0.0213  0.0236  0.0235  0.0234  0.0237  0.0233  0.0234
  0.0248  0.0250  0.0254  0.0244  0.0264  0.0235  0.0249  0.0248  0.0240  0.0252  0.0235  0.0242
  0.0267  0.0271  0.0278  0.0294  0.0294  0.0334  0.0270  0.0275  0.0249  0.0276  0.0240  0.0255
registration optimization eta report
parameter search radius
    2.4000    2.7600    4.1976   10.9503    9.5220    9.5220
    8.2800    7.2000    7.2000    8.2800    7.2000    8.2800
100000*second partial in parameter space
       61.       53.       27.        5.        6.       10.
        6.        8.        3.        7.        2.        3.
  0.0267  0.0273  0.0281  0.0282  0.0291  0.0296  0.0270  0.0273  0.0249  0.0279  0.0240  0.0254
  0.0247  0.0251  0.0251  0.0256  0.0266  0.0271  0.0250  0.0250  0.0239  0.0251  0.0235  0.0242
  0.0236  0.0237  0.0235  0.0240  0.0244  0.0250  0.0236  0.0237  0.0233  0.0236  0.0233  0.0235
  0.0232  0.0232  0.0232  0.0232  0.0232  0.0232  0.0232  0.0232  0.0232  0.0232  0.0232  0.0232
  0.0236  0.0236  0.0239  0.0230  0.0243  0.0213  0.0236  0.0235  0.0234  0.0237  0.0233  0.0234
  0.0248  0.0250  0.0254  0.0244  0.0264  0.0235  0.0249  0.0248  0.0240  0.0252  0.0235  0.0242
  0.0267  0.0271  0.0278  0.0294  0.0294  0.0334  0.0270  0.0275  0.0249  0.0276  0.0240  0.0255
   -1.4311    5.7625   14.5615  -15.2800  -10.4584  -10.6479
   10.3405   -1.5208  -11.6594   -6.4281    2.0468    1.7207
eta,q 0.97682 12.85805

---------------------------------------------------------------------
imgreg_4dfp /opt/freesurfer/average/711-2C_as_mni_average_305 /opt/freesurfer/average/711-2B_as_mni_average_305_mask talsrcimg_g11 none talsrcimg_to_711-2C_as_mni_average_305_t4 2311
---------------------------------------------------------------------

freesurfer imgreg_4dfp.c
/opt/freesurfer/average/711-2C_as_mni_average_305.4dfp.img
       256       256       256         1
  1.000000  1.000000  1.000000
orientation T byte_order littleendian
Reading image: /opt/freesurfer/average/711-2C_as_mni_average_305.4dfp.img
dimensions:      256       256       256
mmppix:       1.0000   -1.0000   -1.0000
center:     128.0000 -129.0000 -129.0000
/opt/freesurfer/average/711-2B_as_mni_average_305_mask.4dfp.img
       256       256       256         1
  1.000000  1.000000  1.000000
orientation T byte_order littleendian
Reading mask: /opt/freesurfer/average/711-2B_as_mni_average_305_mask.4dfp.img (2306576 pixels)
talsrcimg_g11.4dfp.img
       256       256       256         1
  1.000000  1.000000  1.000000
orientation T byte_order littleendian
Reading image: talsrcimg_g11.4dfp.img
dimensions:      256       256       256
mmppix:       1.0000   -1.0000   -1.0000
center:     128.0000 -129.0000 -129.0000
fimgreg.f
image alignment mode   2311 decimal      907 hex
parameters
   -1.4311    5.7625   14.5615  -15.2800  -10.4584  -10.6479
   10.3405   -1.5208  -11.6594   -6.4281    2.0468    1.7207
eta,q 0.97682 12.85806
niter,ni,del,rscale     5    3    5.0000    0.8000
parameter  4 -0.570098 -> -0.500000 qaram    1.1500
parameter  6 -0.868343 -> -0.500000 qaram    1.1500
parameters
   -1.4347    5.7661   14.3277  -12.5200  -10.5183   -7.8879
   10.7046   -1.7673  -10.9324   -6.6032    1.6193    1.0538
eta,q 0.97869 13.09806
  0.0248  0.0246  0.0237  0.0244  0.0253  0.0262  0.0234  0.0248  0.0228  0.0240  0.0223  0.0224
  0.0239  0.0238  0.0233  0.0238  0.0242  0.0251  0.0224  0.0229  0.0221  0.0225  0.0217  0.0217
  0.0234  0.0233  0.0232  0.0234  0.0234  0.0240  0.0217  0.0217  0.0216  0.0216  0.0214  0.0214
  0.0232  0.0232  0.0232  0.0232  0.0229  0.0229  0.0214  0.0214  0.0214  0.0213  0.0213  0.0213
  0.0234  0.0233  0.0233  0.0230  0.0233  0.0219  0.0215  0.0219  0.0214  0.0218  0.0215  0.0216
  0.0239  0.0238  0.0236  0.0229  0.0243  0.0213  0.0220  0.0234  0.0216  0.0228  0.0220  0.0223
  0.0248  0.0246  0.0241  0.0231  0.0255  0.0222  0.0229  0.0257  0.0221  0.0244  0.0227  0.0232
niter,ni,del,rscale     6    3    5.0000    0.9000
parameters
   -1.3723    5.7010   14.8390  -13.7822  -10.6806   -8.5306
   10.4192   -1.4707  -11.1573   -6.4759    1.6262    1.5888
eta,q 0.97831 13.02958
  0.0241  0.0233  0.0241  0.0226  0.0244  0.0254  0.0234  0.0253  0.0228  0.0245  0.0225  0.0233
  0.0226  0.0222  0.0227  0.0219  0.0230  0.0241  0.0224  0.0234  0.0222  0.0229  0.0221  0.0225
  0.0216  0.0215  0.0218  0.0214  0.0218  0.0227  0.0219  0.0222  0.0218  0.0220  0.0218  0.0220
  0.0213  0.0213  0.0213  0.0212  0.0213  0.0213  0.0218  0.0217  0.0217  0.0217  0.0217  0.0217
  0.0216  0.0216  0.0212  0.0215  0.0218  0.0209  0.0220  0.0219  0.0219  0.0220  0.0218  0.0217
  0.0224  0.0224  0.0215  0.0229  0.0232  0.0240  0.0227  0.0228  0.0223  0.0228  0.0220  0.0221
  0.0237  0.0237  0.0220  0.0256  0.0248  0.0305  0.0238  0.0247  0.0230  0.0242  0.0225  0.0228
niter,ni,del,rscale     5    3    5.0000    0.8000
parameters
   -1.4316    5.6774   14.6970  -13.5709  -10.6188   -8.4546
   10.4680   -1.5045  -11.1387   -6.6448    1.6849    1.6032
eta,q 0.97841 13.04204
  0.0233  0.0232  0.0224  0.0231  0.0244  0.0253  0.0232  0.0243  0.0226  0.0237  0.0223  0.0227
  0.0224  0.0224  0.0220  0.0225  0.0232  0.0241  0.0223  0.0228  0.0220  0.0225  0.0219  0.0221
  0.0218  0.0219  0.0217  0.0220  0.0222  0.0229  0.0218  0.0219  0.0217  0.0218  0.0217  0.0217
  0.0217  0.0217  0.0217  0.0217  0.0217  0.0216  0.0216  0.0216  0.0216  0.0216  0.0216  0.0216
  0.0220  0.0219  0.0219  0.0216  0.0219  0.0209  0.0218  0.0218  0.0217  0.0219  0.0216  0.0217
  0.0226  0.0224  0.0222  0.0220  0.0230  0.0224  0.0223  0.0228  0.0220  0.0227  0.0219  0.0221
  0.0236  0.0233  0.0227  0.0233  0.0244  0.0267  0.0231  0.0245  0.0225  0.0240  0.0223  0.0228
niter,ni,del,rscale     4    3    5.0000    0.7000
parameters
   -1.4295    5.6474   14.7183  -13.3549  -10.6002   -8.0800
   10.4977   -1.5333  -11.0391   -6.7326    1.6364    1.5129
eta,q 0.97867 13.06273
  0.0230  0.0228  0.0224  0.0227  0.0238  0.0248  0.0226  0.0236  0.0221  0.0231  0.0219  0.0222
  0.0222  0.0221  0.0219  0.0222  0.0228  0.0237  0.0219  0.0224  0.0217  0.0221  0.0216  0.0217
  0.0217  0.0217  0.0217  0.0218  0.0220  0.0227  0.0215  0.0216  0.0214  0.0215  0.0214  0.0214
  0.0216  0.0216  0.0216  0.0216  0.0216  0.0216  0.0213  0.0213  0.0213  0.0213  0.0213  0.0213
  0.0218  0.0218  0.0217  0.0215  0.0218  0.0209  0.0215  0.0216  0.0214  0.0216  0.0214  0.0214
  0.0222  0.0222  0.0219  0.0218  0.0226  0.0218  0.0219  0.0223  0.0216  0.0222  0.0216  0.0218
  0.0230  0.0229  0.0223  0.0228  0.0239  0.0250  0.0226  0.0238  0.0221  0.0233  0.0220  0.0223
niter,ni,del,rscale     3    3    5.0000    0.6000
parameters
   -1.4145    5.6183   14.8013  -13.2121  -10.6132   -7.6760
   10.5037   -1.5208  -10.9060   -6.8157    1.5613    1.4456
eta,q 0.97892 13.07783
  0.0224  0.0222  0.0220  0.0222  0.0231  0.0241  0.0220  0.0230  0.0217  0.0225  0.0216  0.0218
  0.0218  0.0217  0.0216  0.0218  0.0222  0.0232  0.0215  0.0220  0.0214  0.0217  0.0213  0.0214
  0.0215  0.0214  0.0214  0.0215  0.0216  0.0223  0.0212  0.0213  0.0212  0.0212  0.0211  0.0212
  0.0213  0.0213  0.0213  0.0213  0.0213  0.0213  0.0211  0.0211  0.0211  0.0211  0.0211  0.0211
  0.0214  0.0215  0.0214  0.0213  0.0215  0.0208  0.0212  0.0213  0.0211  0.0213  0.0211  0.0212
  0.0218  0.0218  0.0216  0.0216  0.0222  0.0215  0.0215  0.0219  0.0213  0.0218  0.0213  0.0214
  0.0224  0.0223  0.0218  0.0223  0.0232  0.0240  0.0220  0.0230  0.0216  0.0226  0.0216  0.0219
niter,ni,del,rscale     2    3    5.0000    0.5000
parameters
   -1.3968    5.5899   14.9094  -13.1258  -10.6341   -7.2733
   10.5057   -1.5009  -10.7697   -6.9048    1.4928    1.3753
eta,q 0.97913 13.08752
  0.0219  0.0217  0.0217  0.0217  0.0224  0.0234  0.0215  0.0223  0.0213  0.0219  0.0213  0.0214
  0.0214  0.0214  0.0214  0.0214  0.0217  0.0227  0.0212  0.0215  0.0211  0.0213  0.0210  0.0211
  0.0212  0.0211  0.0212  0.0212  0.0213  0.0218  0.0209  0.0211  0.0209  0.0210  0.0209  0.0209
  0.0211  0.0211  0.0211  0.0211  0.0211  0.0211  0.0209  0.0209  0.0209  0.0209  0.0209  0.0209
  0.0212  0.0212  0.0211  0.0211  0.0212  0.0207  0.0209  0.0210  0.0209  0.0210  0.0209  0.0209
  0.0214  0.0214  0.0212  0.0213  0.0217  0.0213  0.0212  0.0215  0.0210  0.0214  0.0211  0.0211
  0.0218  0.0218  0.0214  0.0218  0.0225  0.0231  0.0215  0.0223  0.0213  0.0220  0.0213  0.0215
niter,ni,del,rscale     1    3    5.0000    0.4000
parameters
   -1.3809    5.5573   15.0170  -13.1149  -10.6503   -6.9112
   10.4881   -1.4705  -10.6540   -6.9776    1.4110    1.3002
eta,q 0.97928 13.09117
  0.0214  0.0213  0.0213  0.0213  0.0217  0.0227  0.0212  0.0217  0.0210  0.0214  0.0210  0.0211
  0.0211  0.0210  0.0211  0.0211  0.0213  0.0221  0.0209  0.0212  0.0209  0.0210  0.0208  0.0209
  0.0209  0.0209  0.0209  0.0209  0.0210  0.0214  0.0208  0.0209  0.0208  0.0208  0.0207  0.0208
  0.0209  0.0209  0.0209  0.0209  0.0209  0.0209  0.0207  0.0207  0.0207  0.0207  0.0207  0.0207
  0.0209  0.0209  0.0209  0.0209  0.0210  0.0207  0.0208  0.0208  0.0207  0.0208  0.0208  0.0208
  0.0211  0.0211  0.0210  0.0210  0.0213  0.0211  0.0209  0.0211  0.0208  0.0211  0.0209  0.0209
  0.0214  0.0214  0.0211  0.0213  0.0218  0.0223  0.0212  0.0217  0.0210  0.0215  0.0210  0.0211
registration optimization eta report
parameter search radius
    0.8000    0.8000    0.8000    2.7600    2.4000    2.7600
    2.4000    2.4000    2.4000    2.4000    2.4000    2.4000
100000*second partial in parameter space
       80.       71.       55.        6.       16.       22.
        8.       17.        5.       13.        5.        7.
  0.0214  0.0213  0.0213  0.0213  0.0217  0.0227  0.0212  0.0217  0.0210  0.0214  0.0210  0.0211
  0.0211  0.0210  0.0211  0.0211  0.0213  0.0221  0.0209  0.0212  0.0209  0.0210  0.0208  0.0209
  0.0209  0.0209  0.0209  0.0209  0.0210  0.0214  0.0208  0.0209  0.0208  0.0208  0.0207  0.0208
  0.0209  0.0209  0.0209  0.0209  0.0209  0.0209  0.0207  0.0207  0.0207  0.0207  0.0207  0.0207
  0.0209  0.0209  0.0209  0.0209  0.0210  0.0207  0.0208  0.0208  0.0207  0.0208  0.0208  0.0208
  0.0211  0.0211  0.0210  0.0210  0.0213  0.0211  0.0209  0.0211  0.0208  0.0211  0.0209  0.0209
  0.0214  0.0214  0.0211  0.0213  0.0218  0.0223  0.0212  0.0217  0.0210  0.0215  0.0210  0.0211
   -1.3809    5.5573   15.0170  -13.1149  -10.6503   -6.9112
   10.4881   -1.4705  -10.6540   -6.9776    1.4110    1.3002
eta,q 0.97928 13.09117

---------------------------------------------------------------------
imgreg_4dfp /opt/freesurfer/average/711-2C_as_mni_average_305 /opt/freesurfer/average/711-2B_as_mni_average_305_mask talsrcimg_g11 none talsrcimg_to_711-2C_as_mni_average_305_t4 2311
---------------------------------------------------------------------

freesurfer imgreg_4dfp.c
/opt/freesurfer/average/711-2C_as_mni_average_305.4dfp.img
       256       256       256         1
  1.000000  1.000000  1.000000
orientation T byte_order littleendian
Reading image: /opt/freesurfer/average/711-2C_as_mni_average_305.4dfp.img
dimensions:      256       256       256
mmppix:       1.0000   -1.0000   -1.0000
center:     128.0000 -129.0000 -129.0000
/opt/freesurfer/average/711-2B_as_mni_average_305_mask.4dfp.img
       256       256       256         1
  1.000000  1.000000  1.000000
orientation T byte_order littleendian
Reading mask: /opt/freesurfer/average/711-2B_as_mni_average_305_mask.4dfp.img (2306576 pixels)
talsrcimg_g11.4dfp.img
       256       256       256         1
  1.000000  1.000000  1.000000
orientation T byte_order littleendian
Reading image: talsrcimg_g11.4dfp.img
dimensions:      256       256       256
mmppix:       1.0000   -1.0000   -1.0000
center:     128.0000 -129.0000 -129.0000
fimgreg.f
image alignment mode   2311 decimal      907 hex
parameters
   -1.3809    5.5573   15.0170  -13.1149  -10.6503   -6.9112
   10.4881   -1.4705  -10.6540   -6.9776    1.4110    1.3002
eta,q 0.97928 13.09116
niter,ni,del,rscale     5    3    5.0000    0.8000
parameters
   -1.3621    5.5343   15.1856  -13.7619  -10.8268   -7.4473
   10.3712   -1.4680  -10.9103   -6.9121    1.5305    1.6439
eta,q 0.97896 13.05451
  0.0228  0.0225  0.0227  0.0217  0.0234  0.0240  0.0225  0.0240  0.0219  0.0236  0.0219  0.0224
  0.0217  0.0215  0.0216  0.0212  0.0222  0.0229  0.0217  0.0224  0.0214  0.0222  0.0214  0.0217
  0.0210  0.0209  0.0210  0.0209  0.0212  0.0218  0.0212  0.0214  0.0211  0.0213  0.0212  0.0213
  0.0207  0.0207  0.0207  0.0207  0.0208  0.0208  0.0211  0.0211  0.0211  0.0211  0.0211  0.0211
  0.0209  0.0209  0.0208  0.0209  0.0211  0.0209  0.0212  0.0213  0.0212  0.0213  0.0211  0.0211
  0.0216  0.0216  0.0212  0.0215  0.0223  0.0232  0.0218  0.0223  0.0216  0.0221  0.0214  0.0215
  0.0227  0.0226  0.0219  0.0229  0.0239  0.0277  0.0227  0.0241  0.0221  0.0234  0.0218  0.0221
niter,ni,del,rscale     4    3    5.0000    0.7000
parameters
   -1.4185    5.5486   15.0094  -13.3944  -10.7601   -7.4970
   10.4471   -1.5189  -10.9050   -6.9927    1.5648    1.6054
eta,q 0.97900 13.07081
  0.0224  0.0223  0.0217  0.0220  0.0233  0.0238  0.0223  0.0234  0.0218  0.0229  0.0217  0.0220
  0.0216  0.0216  0.0213  0.0216  0.0223  0.0229  0.0216  0.0221  0.0213  0.0218  0.0213  0.0215
  0.0212  0.0212  0.0210  0.0212  0.0214  0.0219  0.0212  0.0213  0.0211  0.0212  0.0211  0.0211
  0.0210  0.0210  0.0210  0.0210  0.0210  0.0210  0.0210  0.0210  0.0210  0.0210  0.0210  0.0210
  0.0212  0.0212  0.0212  0.0210  0.0212  0.0207  0.0211  0.0212  0.0211  0.0213  0.0211  0.0211
  0.0218  0.0216  0.0216  0.0212  0.0220  0.0221  0.0215  0.0221  0.0214  0.0220  0.0213  0.0215
  0.0226  0.0223  0.0222  0.0219  0.0233  0.0251  0.0222  0.0236  0.0218  0.0230  0.0217  0.0220
niter,ni,del,rscale     3    3    5.0000    0.6000
parameters
   -1.4068    5.5482   14.9868  -13.2278  -10.7102   -7.2738
   10.4810   -1.5274  -10.8102   -7.0131    1.5269    1.4886
eta,q 0.97913 13.08228
  0.0221  0.0220  0.0217  0.0217  0.0228  0.0235  0.0218  0.0228  0.0215  0.0224  0.0214  0.0216
  0.0215  0.0214  0.0213  0.0214  0.0220  0.0226  0.0213  0.0218  0.0212  0.0215  0.0211  0.0212
  0.0211  0.0211  0.0211  0.0211  0.0213  0.0218  0.0210  0.0211  0.0209  0.0210  0.0209  0.0210
  0.0210  0.0210  0.0210  0.0210  0.0210  0.0210  0.0209  0.0209  0.0209  0.0209  0.0209  0.0209
  0.0211  0.0211  0.0211  0.0210  0.0211  0.0207  0.0210  0.0211  0.0209  0.0211  0.0209  0.0210
  0.0215  0.0214  0.0213  0.0212  0.0218  0.0215  0.0213  0.0217  0.0211  0.0216  0.0211  0.0213
  0.0221  0.0220  0.0217  0.0217  0.0228  0.0236  0.0218  0.0229  0.0214  0.0224  0.0215  0.0217
niter,ni,del,rscale     2    3    5.0000    0.5000
parameters
   -1.3920    5.5379   15.0362  -13.1677  -10.6991   -6.9825
   10.4871   -1.5033  -10.7161   -7.0258    1.4626    1.3775
eta,q 0.97926 13.08802
  0.0217  0.0215  0.0215  0.0214  0.0222  0.0229  0.0214  0.0222  0.0212  0.0219  0.0212  0.0213
  0.0212  0.0212  0.0211  0.0211  0.0215  0.0222  0.0210  0.0214  0.0210  0.0212  0.0209  0.0210
  0.0210  0.0209  0.0209  0.0210  0.0211  0.0215  0.0208  0.0209  0.0208  0.0209  0.0208  0.0208
  0.0209  0.0209  0.0209  0.0209  0.0209  0.0209  0.0207  0.0207  0.0207  0.0207  0.0207  0.0207
  0.0209  0.0210  0.0209  0.0209  0.0210  0.0206  0.0208  0.0209  0.0208  0.0209  0.0208  0.0208
  0.0212  0.0212  0.0211  0.0210  0.0215  0.0212  0.0210  0.0214  0.0209  0.0213  0.0209  0.0210
  0.0216  0.0216  0.0213  0.0214  0.0222  0.0227  0.0214  0.0222  0.0211  0.0219  0.0212  0.0214
niter,ni,del,rscale     1    3    5.0000    0.4000
parameters
   -1.3785    5.5228   15.1099  -13.1702  -10.6967   -6.7088
   10.4727   -1.4688  -10.6157   -7.0483    1.3893    1.2978
eta,q 0.97935 13.09004
  0.0213  0.0212  0.0212  0.0211  0.0216  0.0223  0.0211  0.0217  0.0210  0.0214  0.0209  0.0210
  0.0210  0.0209  0.0210  0.0209  0.0212  0.0217  0.0209  0.0211  0.0208  0.0210  0.0208  0.0208
  0.0208  0.0208  0.0208  0.0208  0.0209  0.0212  0.0207  0.0208  0.0207  0.0207  0.0207  0.0207
  0.0207  0.0207  0.0207  0.0207  0.0207  0.0207  0.0207  0.0207  0.0207  0.0207  0.0207  0.0207
  0.0208  0.0208  0.0208  0.0208  0.0208  0.0206  0.0207  0.0208  0.0207  0.0208  0.0207  0.0207
  0.0210  0.0210  0.0209  0.0209  0.0211  0.0210  0.0209  0.0211  0.0208  0.0210  0.0208  0.0208
  0.0212  0.0212  0.0210  0.0211  0.0217  0.0220  0.0211  0.0216  0.0209  0.0215  0.0210  0.0211
registration optimization eta report
parameter search radius
    0.8000    0.8000    0.8000    2.4000    2.4000    2.4000
    2.4000    2.4000    2.4000    2.4000    2.4000    2.4000
100000*second partial in parameter space
       80.       72.       60.        6.       16.       25.
        8.       17.        5.       14.        5.        7.
  0.0213  0.0212  0.0212  0.0211  0.0216  0.0223  0.0211  0.0217  0.0210  0.0214  0.0209  0.0210
  0.0210  0.0209  0.0210  0.0209  0.0212  0.0217  0.0209  0.0211  0.0208  0.0210  0.0208  0.0208
  0.0208  0.0208  0.0208  0.0208  0.0209  0.0212  0.0207  0.0208  0.0207  0.0207  0.0207  0.0207
  0.0207  0.0207  0.0207  0.0207  0.0207  0.0207  0.0207  0.0207  0.0207  0.0207  0.0207  0.0207
  0.0208  0.0208  0.0208  0.0208  0.0208  0.0206  0.0207  0.0208  0.0207  0.0208  0.0207  0.0207
  0.0210  0.0210  0.0209  0.0209  0.0211  0.0210  0.0209  0.0211  0.0208  0.0210  0.0208  0.0208
  0.0212  0.0212  0.0210  0.0211  0.0217  0.0220  0.0211  0.0216  0.0209  0.0215  0.0210  0.0211
   -1.3785    5.5228   15.1099  -13.1702  -10.6967   -6.7088
   10.4727   -1.4688  -10.6157   -7.0483    1.3893    1.2978
eta,q 0.97935 13.09004

---------------------------------------------------------------------
compute_vox2vox talsrcimg talsrcimg_to_711-2C_as_mni_average_305_t4 /opt/freesurfer/average/711-2C_as_mni_average_305
---------------------------------------------------------------------

freesurfer compute_vox2vox.c
Reading: talsrcimg.4dfp.ifh
Reading: talsrcimg_to_711-2C_as_mni_average_305_t4
Reading: /opt/freesurfer/average/711-2C_as_mni_average_305.4dfp.ifh
Writing: talsrcimg_to_711-2C_as_mni_average_305_t4_vox2vox.txt

start time Mon Mar 9 19:16:45 CET 2026
end		time Mon Mar 9 19:18:14 CET 2026

mpr2mni305 success

avi2talxfm orig_nu.mgz /opt/freesurfer/average/mni305.cor.mgz talsrcimg_to_711-2C_as_mni_average_305_t4_vox2vox.txt transforms/talairach.auto.xfm
avi2talxfm done
mv -f /out/sourcedata/freesurfer/sub-v1s23x0050571_ses-1/mri/talsrcimg_to_711-2C_as_mni_average_305_t4_vox2vox.txt /out/sourcedata/freesurfer/sub-v1s23x0050571_ses-1/mri/transforms/talsrcimg_to_711-2C_as_mni_average_305_t4_vox2vox.txt
lta_convert --src orig_nu.mgz --trg /opt/freesurfer/average/mni305.cor.mgz --inxfm transforms/talairach.auto.xfm --outlta transforms/talairach.auto.xfm.lta --subject fsaverage
7.3.2

--src: orig_nu.mgz src image (geometry).
--trg: /opt/freesurfer/average/mni305.cor.mgz trg image (geometry).
--inmni: transforms/talairach.auto.xfm input MNI/XFM transform.
--outlta: transforms/talairach.auto.xfm.lta output LTA.
--s: fsaverage subject name
 LTA read, type : 1
 1.13526   0.00781  -0.13325  -54.82214;
-0.01876   1.07061  -0.01336   37.76791;
 0.13347   0.08543   1.10289  -35.95439;
 0.00000   0.00000   0.00000   1.00000;
setting subject to fsaverage
Writing  LTA to file transforms/talairach.auto.xfm.lta...
lta_convert successful.
 
 
Started at Mon Mar 9 19:16:45 CET 2026
Ended   at Mon Mar  9 19:18:14 CET 2026
talairach_avi done
