/out/sourcedata/freesurfer/sub-v1s23x0050614_ses-1/mri
/opt/freesurfer/bin/talairach_avi
--i orig_nu.mgz --xfm transforms/talairach.auto.xfm
talairach_avi 7.3.2
Linux dna020 5.14.0-427.37.1.el9_4.x86_64 #1 SMP PREEMPT_DYNAMIC Fri Sep 13 12:41:50 EDT 2024 x86_64 x86_64 x86_64 GNU/Linux
Mon Mar  9 20:48:12 CET 2026
mri_convert orig_nu.mgz talsrcimg.img 
reading from orig_nu.mgz...
TR=0.00, TE=0.00, TI=0.00, flip angle=0.00
i_ras = (-1, 0, 0)
j_ras = (0, 0, -1)
k_ras = (0, 1, 0)
writing to talsrcimg.img...
Analyze Output Matrix
-1.00000   0.00000   0.00000   165.36208;
 0.00000   0.00000   1.00000  -177.50182;
 0.00000  -1.00000   0.00000   152.49834;
 0.00000   0.00000   0.00000   1.00000;
--------------------
INFO: set hdr.hist.orient to -1
mpr2mni305 talsrcimg
Mon Mar  9 20:48:12 CET 2026
/opt/freesurfer/bin/mpr2mni305 talsrcimg
mpr2mni305 7.3.2
target=711-2C_as_mni_average_305

---------------------------------------------------------------------
analyzeto4dfp talsrcimg -O0 -y
---------------------------------------------------------------------

freesurfer ifh2hdr.c
Mon Mar  9 20:48:12 2026
Writing: talsrcimg.4dfp.hdr
freesurfer analyzeto4dfp.c
Reading: talsrcimg.hdr
header size 348 bytes
hdr.dime.datatype	offset=70	value=2
hdr.dime.bitpix		offset=72	value=8
hdr.hist.orient		offset=252	value=-1
dimensionality     4
dimensions       256       256       256         1
Reading: talsrcimg.img
Writing: talsrcimg.4dfp.img
Writing: talsrcimg.4dfp.ifh
ifh2hdr talsrcimg -r0to233
ori=2

---------------------------------------------------------------------
gauss_4dfp talsrcimg 1.1
---------------------------------------------------------------------

freesurfer gauss_4dfp.c
Reading: talsrcimg.4dfp.img
Writing: talsrcimg_g11.4dfp.img
image dimensions 256 256 256 padded to 288 288 288
processing volume 1freesurfer ifh2hdr.c
Mon Mar  9 20:48:14 2026
Writing: talsrcimg_g11.4dfp.hdr

Writing: talsrcimg_g11.4dfp.ifh
including: talsrcimg.4dfp.img.rec in talsrcimg_g11.4dfp.img.rec

---------------------------------------------------------------------
imgreg_4dfp /opt/freesurfer/average/711-2C_as_mni_average_305 none talsrcimg_g11 none talsrcimg_to_711-2C_as_mni_average_305_t4 4355
---------------------------------------------------------------------

freesurfer imgreg_4dfp.c
/opt/freesurfer/average/711-2C_as_mni_average_305.4dfp.img
       256       256       256         1
  1.000000  1.000000  1.000000
orientation T byte_order littleendian
Reading image: /opt/freesurfer/average/711-2C_as_mni_average_305.4dfp.img
dimensions:      256       256       256
mmppix:       1.0000   -1.0000   -1.0000
center:     128.0000 -129.0000 -129.0000
talsrcimg_g11.4dfp.img
       256       256       256         1
  1.000000  1.000000  1.000000
orientation T byte_order littleendian
Reading image: talsrcimg_g11.4dfp.img
dimensions:      256       256       256
mmppix:       1.0000   -1.0000   -1.0000
center:     128.0000 -129.0000 -129.0000
t4_read: open error in t4_sub.f l:  41 t4_file(1:l)talsrcimg_to_711-2C_as_mni_average_305_t4 
t4_read: transform initialized to I4
rotation matrix determinant  1.000000
image alignment mode   4355 decimal     1103 hex
   -7.5000  -45.0000  -45.0000 9627.3047   18.8968
    0.0000  -45.0000  -45.000010075.2520   18.8810
    7.5000  -45.0000  -45.0000 9616.6182   18.8788
   -7.5000  -37.5000  -45.0000 9921.9834   18.9109
    0.0000  -37.5000  -45.000010381.0312   18.8976
    7.5000  -37.5000  -45.0000 9909.0254   18.8917
   -7.5000  -30.0000  -45.000010519.2471   18.9486
    0.0000  -30.0000  -45.000010977.0859   18.9406
    7.5000  -30.0000  -45.000010458.9307   18.9353
   -7.5000  -22.5000  -45.000010962.3984   18.9745
    0.0000  -22.5000  -45.000011427.4180   18.9698
    7.5000  -22.5000  -45.000010853.6484   18.9693
   -7.5000  -15.0000  -45.000011223.4434   18.9650
    0.0000  -15.0000  -45.000011705.6514   18.9582
    7.5000  -15.0000  -45.000011097.2305   18.9605
   -7.5000   -7.5000  -45.000011389.9561   18.9250
    0.0000   -7.5000  -45.000011865.4326   18.9125
    7.5000   -7.5000  -45.000011219.0254   18.9138
   -7.5000    0.0000  -45.000011446.6084   18.8968
    0.0000    0.0000  -45.000011949.6582   18.8810
    7.5000    0.0000  -45.000011301.3945   18.8788
   -7.5000    7.5000  -45.000010599.6807   18.9109
    0.0000    7.5000  -45.000011073.7520   18.8976
    7.5000    7.5000  -45.000010476.4854   18.8917
   -7.5000   15.0000  -45.0000 9622.6396   18.9486
    0.0000   15.0000  -45.000010041.1309   18.9406
    7.5000   15.0000  -45.0000 9502.6670   18.9354
   -7.5000   22.5000  -45.0000 8682.5244   19.0238
    0.0000   22.5000  -45.0000 9064.9434   19.0192
    7.5000   22.5000  -45.0000 8574.2646   19.0190
   -7.5000   30.0000  -45.0000 7893.5942   19.0168
    0.0000   30.0000  -45.0000 8210.9014   19.0096
    7.5000   30.0000  -45.0000 7794.2671   19.0122
   -7.5000   37.5000  -45.0000 7430.9199   19.4162
    0.0000   37.5000  -45.0000 7708.8384   19.4044
    7.5000   37.5000  -45.0000 7326.4712   19.4054
   -7.5000   45.0000  -45.0000 6648.5942   19.4533
    0.0000   45.0000  -45.0000 6888.5679   19.4393
    7.5000   45.0000  -45.0000 6560.9175   19.4365
   -7.5000  -45.0000  -37.500010098.8145   18.8790
    0.0000  -45.0000  -37.500010536.7344   18.8642
    7.5000  -45.0000  -37.500010042.3730   18.8638
   -7.5000  -37.5000  -37.500010413.0605   18.8929
    0.0000  -37.5000  -37.500010864.1309   18.8809
    7.5000  -37.5000  -37.500010362.2344   18.8748
   -7.5000  -30.0000  -37.500011039.5566   18.9202
    0.0000  -30.0000  -37.500011507.4834   18.9161
    7.5000  -30.0000  -37.500010941.7314   18.9131
   -7.5000  -22.5000  -37.500011491.3574   18.9358
    0.0000  -22.5000  -37.500011981.8428   18.9370
    7.5000  -22.5000  -37.500011356.3311   18.9432
   -7.5000  -15.0000  -37.500011766.7988   18.9259
    0.0000  -15.0000  -37.500012270.5645   18.9250
    7.5000  -15.0000  -37.500011587.4727   18.9368
   -7.5000   -7.5000  -37.500011899.3105   18.8963
    0.0000   -7.5000  -37.500012394.3662   18.8873
    7.5000   -7.5000  -37.500011705.9707   18.8955
   -7.5000    0.0000  -37.500011936.6855   18.8790
    0.0000    0.0000  -37.500012438.0225   18.8642
    7.5000    0.0000  -37.500011753.3682   18.8638
   -7.5000    7.5000  -37.500011072.0000   18.8929
    0.0000    7.5000  -37.500011549.3262   18.8809
    7.5000    7.5000  -37.500010920.0303   18.8748
   -7.5000   15.0000  -37.500010059.5996   18.9202
    0.0000   15.0000  -37.500010492.8594   18.9161
    7.5000   15.0000  -37.5000 9921.2432   18.9131
   -7.5000   22.5000  -37.5000 9049.5635   18.9831
    0.0000   22.5000  -37.5000 9456.5342   18.9842
    7.5000   22.5000  -37.5000 8942.2900   18.9906
   -7.5000   30.0000  -37.5000 8223.5469   18.9804
    0.0000   30.0000  -37.5000 8586.1562   18.9788
    7.5000   30.0000  -37.5000 8127.2231   18.9912
   -7.5000   37.5000  -37.5000 7729.5630   19.3904
    0.0000   37.5000  -37.5000 8040.7104   19.3811
    7.5000   37.5000  -37.5000 7608.1157   19.3904
   -7.5000   45.0000  -37.5000 6894.6245   19.4399
    0.0000   45.0000  -37.5000 7152.1514   19.4256
    7.5000   45.0000  -37.5000 6805.6353   19.4251
   -7.5000  -45.0000  -30.000010713.6846   19.6743
    0.0000  -45.0000  -30.000011160.6719   19.6518
    7.5000  -45.0000  -30.000010609.5967   19.6553
   -7.5000  -37.5000  -30.000011012.0986   19.6956
    0.0000  -37.5000  -30.000011461.0840   19.6797
    7.5000  -37.5000  -30.000010908.4619   19.6741
   -7.5000  -30.0000  -30.000011660.9180   19.7168
    0.0000  -30.0000  -30.000012119.4424   19.7149
    7.5000  -30.0000  -30.000011522.5527   19.7101
   -7.5000  -22.5000  -30.000012166.0811   19.7170
    0.0000  -22.5000  -30.000012656.0898   19.7221
    7.5000  -22.5000  -30.000011974.6836   19.7279
   -7.5000  -15.0000  -30.000012462.0898   19.6984
    0.0000  -15.0000  -30.000012966.5293   19.6982
    7.5000  -15.0000  -30.000012236.1416   19.7130
   -7.5000   -7.5000  -30.000012624.4014   19.6770
    0.0000   -7.5000  -30.000013137.1221   19.6631
    7.5000   -7.5000  -30.000012377.9180   19.6763
   -7.5000    0.0000  -30.000012639.0215   19.6743
    0.0000    0.0000  -30.000013146.7451   19.6518
    7.5000    0.0000  -30.000012387.8184   19.6553
   -7.5000    7.5000  -30.000011728.4678   19.6956
    0.0000    7.5000  -30.000012199.1318   19.6797
    7.5000    7.5000  -30.000011505.4600   19.6741
   -7.5000   15.0000  -30.000010666.1270   19.7169
    0.0000   15.0000  -30.000011105.0801   19.7149
    7.5000   15.0000  -30.000010484.4639   19.7101
   -7.5000   22.5000  -30.0000 9586.6250   19.7601
    0.0000   22.5000  -30.0000 9988.3916   19.7650
    7.5000   22.5000  -30.0000 9436.8008   19.7706
   -7.5000   30.0000  -30.0000 8712.8379   19.7550
    0.0000   30.0000  -30.0000 9079.2051   19.7542
    7.5000   30.0000  -30.0000 8581.8408   19.7700
   -7.5000   37.5000  -30.0000 8168.0356   20.1953
    0.0000   37.5000  -30.0000 8490.7236   20.1809
    7.5000   37.5000  -30.0000 8029.2559   20.1973
   -7.5000   45.0000  -30.0000 7268.1846   20.2792
    0.0000   45.0000  -30.0000 7543.4297   20.2564
    7.5000   45.0000  -30.0000 7160.3481   20.2606
   -7.5000  -45.0000  -22.500011297.8330   20.3725
    0.0000  -45.0000  -22.500011749.6504   20.3399
    7.5000  -45.0000  -22.500011180.3555   20.3463
   -7.5000  -37.5000  -22.500011585.7637   20.4035
    0.0000  -37.5000  -22.500012029.8223   20.3816
    7.5000  -37.5000  -22.500011453.3877   20.3778
   -7.5000  -30.0000  -22.500012283.9424   20.4326
    0.0000  -30.0000  -22.500012750.2998   20.4287
    7.5000  -30.0000  -22.500012109.7607   20.4198
   -7.5000  -22.5000  -22.500012861.8916   20.4280
    0.0000  -22.5000  -22.500013366.4512   20.4311
    7.5000  -22.5000  -22.500012629.1289   20.4285
   -7.5000  -15.0000  -22.500013190.1475   20.3988
    0.0000  -15.0000  -22.500013701.3086   20.3928
    7.5000  -15.0000  -22.500012909.7461   20.3993
   -7.5000   -7.5000  -22.500013378.6836   20.3724
    0.0000   -7.5000  -22.500013907.0400   20.3488
    7.5000   -7.5000  -22.500013060.5137   20.3592
   -7.5000    0.0000  -22.500013337.2959   20.3725
    0.0000    0.0000  -22.500013869.8203   20.3399
    7.5000    0.0000  -22.500013032.3271   20.3463
   -7.5000    7.5000  -22.500012339.6963   20.4035
    0.0000    7.5000  -22.500012846.8672   20.3816
    7.5000    7.5000  -22.500012081.2480   20.3778
   -7.5000   15.0000  -22.500011284.4863   20.4326
    0.0000   15.0000  -22.500011741.9570   20.4287
    7.5000   15.0000  -22.500011062.2246   20.4198
   -7.5000   22.5000  -22.500010153.0811   20.4688
    0.0000   22.5000  -22.500010562.0117   20.4718
    7.5000   22.5000  -22.5000 9948.2764   20.4687
   -7.5000   30.0000  -22.5000 9197.6641   20.4549
    0.0000   30.0000  -22.5000 9585.7725   20.4490
    7.5000   30.0000  -22.5000 9019.8877   20.4566
   -7.5000   37.5000  -22.5000 8607.6953   20.9100
    0.0000   37.5000  -22.5000 8959.3252   20.8866
    7.5000   37.5000  -22.5000 8450.5762   20.9006
   -7.5000   45.0000  -22.5000 7640.0571   21.0160
    0.0000   45.0000  -22.5000 7936.5259   20.9838
    7.5000   45.0000  -22.5000 7514.3457   20.9912
   -7.5000  -45.0000  -15.000011894.4795   20.8816
    0.0000  -45.0000  -15.000012390.6172   20.8459
    7.5000  -45.0000  -15.000011765.4600   20.8508
   -7.5000  -37.5000  -15.000012201.5352   20.9160
    0.0000  -37.5000  -15.000012671.7666   20.8915
    7.5000  -37.5000  -15.000012059.5938   20.8881
   -7.5000  -30.0000  -15.000012916.7686   20.9581
    0.0000  -30.0000  -15.000013421.1836   20.9505
    7.5000  -30.0000  -15.000012727.4844   20.9387
   -7.5000  -22.5000  -15.000013551.8721   20.9626
    0.0000  -22.5000  -15.000014076.7480   20.9600
    7.5000  -22.5000  -15.000013295.0674   20.9496
   -7.5000  -15.0000  -15.000013903.0713   20.9304
    0.0000  -15.0000  -15.000014467.5674   20.9177
    7.5000  -15.0000  -15.000013603.7705   20.9137
   -7.5000   -7.5000  -15.000014086.5264   20.8915
    0.0000   -7.5000  -15.000014648.7373   20.8624
    7.5000   -7.5000  -15.000013765.6396   20.8655
   -7.5000    0.0000  -15.000014080.3154   20.8816
    0.0000    0.0000  -15.000014614.3945   20.8459
    7.5000    0.0000  -15.000013722.6689   20.8508
   -7.5000    7.5000  -15.000012994.8477   20.9160
    0.0000    7.5000  -15.000013518.2090   20.8915
    7.5000    7.5000  -15.000012687.6953   20.8881
   -7.5000   15.0000  -15.000011879.0469   20.9581
    0.0000   15.0000  -15.000012381.6104   20.9505
    7.5000   15.0000  -15.000011630.0625   20.9388
   -7.5000   22.5000  -15.000010706.3857   21.0050
    0.0000   22.5000  -15.000011137.3750   21.0025
    7.5000   22.5000  -15.000010479.0898   20.9918
   -7.5000   30.0000  -15.0000 9688.2998   20.9877
    0.0000   30.0000  -15.000010067.8115   20.9754
    7.5000   30.0000  -15.0000 9450.0371   20.9723
   -7.5000   37.5000  -15.0000 9049.7969   21.4420
    0.0000   37.5000  -15.0000 9395.0293   21.4140
    7.5000   37.5000  -15.0000 8823.3750   21.4195
   -7.5000   45.0000  -15.0000 7998.2139   21.5495
    0.0000   45.0000  -15.0000 8323.3057   21.5155
    7.5000   45.0000  -15.0000 7838.6787   21.5211
   -7.5000  -45.0000   -7.500012608.0996   21.1240
    0.0000  -45.0000   -7.500013167.1895   21.0965
    7.5000  -45.0000   -7.500012506.9453   21.0968
   -7.5000  -37.5000   -7.500012988.8301   21.1497
    0.0000  -37.5000   -7.500013589.7529   21.1292
    7.5000  -37.5000   -7.500012872.1172   21.1240
   -7.5000  -30.0000   -7.500013709.2510   21.1967
    0.0000  -30.0000   -7.500014294.2031   21.1866
    7.5000  -30.0000   -7.500013509.8389   21.1763
   -7.5000  -22.5000   -7.500014266.4404   21.2177
    0.0000  -22.5000   -7.500014808.5781   21.2107
    7.5000  -22.5000   -7.500014038.5996   21.2017
   -7.5000  -15.0000   -7.500014615.3584   21.1957
    0.0000  -15.0000   -7.500015149.8809   21.1824
    7.5000  -15.0000   -7.500014387.2959   21.1770
   -7.5000   -7.5000   -7.500014846.4531   21.1491
    0.0000   -7.5000   -7.500015404.0293   21.1256
    7.5000   -7.5000   -7.500014558.1504   21.1244
   -7.5000    0.0000   -7.500014875.4717   21.1240
    0.0000    0.0000   -7.500015461.8789   21.0965
    7.5000    0.0000   -7.500014540.5137   21.0968
   -7.5000    7.5000   -7.500013745.8965   21.1497
    0.0000    7.5000   -7.500014279.6934   21.1292
    7.5000    7.5000   -7.500013413.5527   21.1240
   -7.5000   15.0000   -7.500012568.2324   21.1968
    0.0000   15.0000   -7.500013088.7754   21.1866
    7.5000   15.0000   -7.500012246.9238   21.1763
   -7.5000   22.5000   -7.500011306.2393   21.2629
    0.0000   22.5000   -7.500011760.9971   21.2562
    7.5000   22.5000   -7.500011005.5352   21.2473
   -7.5000   30.0000   -7.500010179.9678   21.2559
    0.0000   30.0000   -7.500010588.4619   21.2426
    7.5000   30.0000   -7.5000 9889.0752   21.2377
   -7.5000   37.5000   -7.5000 9505.3994   21.7041
    0.0000   37.5000   -7.5000 9873.8818   21.6820
    7.5000   37.5000   -7.5000 9247.3906   21.6813
   -7.5000   45.0000   -7.5000 8414.2861   21.7969
    0.0000   45.0000   -7.5000 8736.7686   21.7720
    7.5000   45.0000   -7.5000 8230.5127   21.7717
   -7.5000  -45.0000    0.000013189.8125   21.1460
    0.0000  -45.0000    0.000013893.0020   21.1284
    7.5000  -45.0000    0.000013186.4727   21.1259
   -7.5000  -37.5000    0.000013702.7441   21.1618
    0.0000  -37.5000    0.000014466.0977   21.1469
    7.5000  -37.5000    0.000013695.4834   21.1403
   -7.5000  -30.0000    0.000014318.3975   21.2040
    0.0000  -30.0000    0.000014890.5215   21.1951
    7.5000  -30.0000    0.000014253.7715   21.1891
   -7.5000  -22.5000    0.000014778.4648   21.2330
    0.0000  -22.5000    0.000015242.2080   21.2277
    7.5000  -22.5000    0.000014674.5156   21.2271
   -7.5000  -15.0000    0.000015200.0684   21.2223
    0.0000  -15.0000    0.000015696.4658   21.2147
    7.5000  -15.0000    0.000015011.4443   21.2173
   -7.5000   -7.5000    0.000015519.4473   21.1775
    0.0000   -7.5000    0.000016124.1992   21.1636
    7.5000   -7.5000    0.000015215.4961   21.1650
   -7.5000    0.0000    0.000015553.8818   21.1460
    0.0000    0.0000    0.000016225.2842   21.1284
    7.5000    0.0000    0.000015175.0859   21.1259
   -7.5000    7.5000    0.000014329.6328   21.1618
    0.0000    7.5000    0.000014954.7383   21.1469
    7.5000    7.5000    0.000013980.1152   21.1403
   -7.5000   15.0000    0.000013082.3408   21.2040
    0.0000   15.0000    0.000013653.0420   21.1951
    7.5000   15.0000    0.000012744.9717   21.1892
   -7.5000   22.5000    0.000011813.5820   21.2812
    0.0000   22.5000    0.000012313.8584   21.2761
    7.5000   22.5000    0.000011512.3008   21.2759
   -7.5000   30.0000    0.000010630.8047   21.2886
    0.0000   30.0000    0.000011078.0146   21.2805
    7.5000   30.0000    0.000010343.2344   21.2835
   -7.5000   37.5000    0.0000 9903.7539   21.7357
    0.0000   37.5000    0.000010287.6572   21.7225
    7.5000   37.5000    0.0000 9640.8398   21.7236
   -7.5000   45.0000    0.0000 8762.6494   21.8201
    0.0000   45.0000    0.0000 9089.4346   21.8044
    7.5000   45.0000    0.0000 8571.3105   21.8012
   -7.5000  -45.0000    7.500012703.3193   21.1261
    0.0000  -45.0000    7.500013464.5625   21.1095
    7.5000  -45.0000    7.500012786.9971   21.1091
   -7.5000  -37.5000    7.500013310.3154   21.1417
    0.0000  -37.5000    7.500014238.5469   21.1282
    7.5000  -37.5000    7.500013405.0547   21.1215
   -7.5000  -30.0000    7.500014014.1416   21.1722
    0.0000  -30.0000    7.500014835.7734   21.1676
    7.5000  -30.0000    7.500014050.2246   21.1642
   -7.5000  -22.5000    7.500014470.2910   21.1897
    0.0000  -22.5000    7.500015185.8105   21.1910
    7.5000  -22.5000    7.500014376.4629   21.1980
   -7.5000  -15.0000    7.500014817.5547   21.1786
    0.0000  -15.0000    7.500015486.4961   21.1775
    7.5000  -15.0000    7.500014575.4092   21.1908
   -7.5000   -7.5000    7.500015039.9668   21.1455
    0.0000   -7.5000    7.500015728.6758   21.1354
    7.5000   -7.5000    7.500014695.1377   21.1446
   -7.5000    0.0000    7.500015011.0527   21.1261
    0.0000    0.0000    7.500015665.0166   21.1095
    7.5000    0.0000    7.500014607.4580   21.1091
   -7.5000    7.5000    7.500013784.5635   21.1417
    0.0000    7.5000    7.500014366.3750   21.1282
    7.5000    7.5000    7.500013439.8262   21.1215
   -7.5000   15.0000    7.500012551.8301   21.1722
    0.0000   15.0000    7.500013081.2744   21.1676
    7.5000   15.0000    7.500012252.4141   21.1642
   -7.5000   22.5000    7.500011320.8496   21.2358
    0.0000   22.5000    7.500011806.4170   21.2370
    7.5000   22.5000    7.500011060.3906   21.2441
   -7.5000   30.0000    7.500010132.5811   21.2479
    0.0000   30.0000    7.500010585.6025   21.2461
    7.5000   30.0000    7.5000 9913.0264   21.2600
   -7.5000   37.5000    7.5000 9405.0117   21.7068
    0.0000   37.5000    7.5000 9817.3301   21.6964
    7.5000   37.5000    7.5000 9214.1113   21.7068
   -7.5000   45.0000    7.5000 8357.9453   21.8050
    0.0000   45.0000    7.5000 8719.2051   21.7889
    7.5000   45.0000    7.5000 8206.4043   21.7885
   -7.5000  -45.0000   15.000012105.2246   21.1299
    0.0000  -45.0000   15.000012882.0059   21.1058
    7.5000  -45.0000   15.000012025.9443   21.1096
   -7.5000  -37.5000   15.000012564.2578   21.1528
    0.0000  -37.5000   15.000013378.6943   21.1357
    7.5000  -37.5000   15.000012488.2539   21.1298
   -7.5000  -30.0000   15.000013199.5645   21.1756
    0.0000  -30.0000   15.000013945.8057   21.1736
    7.5000  -30.0000   15.000013093.2520   21.1684
   -7.5000  -22.5000   15.000013665.6543   21.1758
    0.0000  -22.5000   15.000014427.8008   21.1813
    7.5000  -22.5000   15.000013520.0869   21.1876
   -7.5000  -15.0000   15.000013989.5977   21.1559
    0.0000  -15.0000   15.000014738.2842   21.1556
    7.5000  -15.0000   15.000013798.1445   21.1716
   -7.5000   -7.5000   15.000014163.3330   21.1329
    0.0000   -7.5000   15.000014879.9707   21.1180
    7.5000   -7.5000   15.000013945.3604   21.1322
   -7.5000    0.0000   15.000014117.6572   21.1299
    0.0000    0.0000   15.000014769.2158   21.1058
    7.5000    0.0000   15.000013847.6289   21.1096
   -7.5000    7.5000   15.000012975.9746   21.1528
    0.0000    7.5000   15.000013523.9912   21.1357
    7.5000    7.5000   15.000012707.7324   21.1298
   -7.5000   15.0000   15.000011828.8164   21.1757
    0.0000   15.0000   15.000012306.6758   21.1736
    7.5000   15.0000   15.000011582.2002   21.1684
   -7.5000   22.5000   15.000010660.9844   21.2174
    0.0000   22.5000   15.000011070.9033   21.2227
    7.5000   22.5000   15.000010444.4551   21.2287
   -7.5000   30.0000   15.0000 9552.4307   21.2229
    0.0000   30.0000   15.0000 9934.6484   21.2221
    7.5000   30.0000   15.0000 9389.2295   21.2391
   -7.5000   37.5000   15.0000 8896.3730   21.6960
    0.0000   37.5000   15.0000 9246.4609   21.6806
    7.5000   37.5000   15.0000 8762.8887   21.6982
   -7.5000   45.0000   15.0000 7908.0742   21.8151
    0.0000   45.0000   15.0000 8247.0059   21.7906
    7.5000   45.0000   15.0000 7824.5815   21.7952
   -7.5000  -45.0000   22.500011237.8066   21.1554
    0.0000  -45.0000   22.500011807.4541   21.1215
    7.5000  -45.0000   22.500011101.6064   21.1282
   -7.5000  -37.5000   22.500011559.3301   21.1876
    0.0000  -37.5000   22.500012042.9727   21.1648
    7.5000  -37.5000   22.500011432.7080   21.1609
   -7.5000  -30.0000   22.500012084.2695   21.2180
    0.0000  -30.0000   22.500012517.5615   21.2138
    7.5000  -30.0000   22.500011938.9170   21.2046
   -7.5000  -22.5000   22.500012555.3350   21.2132
    0.0000  -22.5000   22.500012987.8232   21.2163
    7.5000  -22.5000   22.500012404.8984   21.2136
   -7.5000  -15.0000   22.500012899.3135   21.1829
    0.0000  -15.0000   22.500013382.8984   21.1765
    7.5000  -15.0000   22.500012759.7197   21.1833
   -7.5000   -7.5000   22.500013128.0332   21.1553
    0.0000   -7.5000   22.500013663.7285   21.1308
    7.5000   -7.5000   22.500012999.6621   21.1416
   -7.5000    0.0000   22.500013158.8232   21.1554
    0.0000    0.0000   22.500013695.5186   21.1215
    7.5000    0.0000   22.500013013.9834   21.1282
   -7.5000    7.5000   22.500012121.2344   21.1876
    0.0000    7.5000   22.500012630.6221   21.1648
    7.5000    7.5000   22.500011960.6094   21.1609
   -7.5000   15.0000   22.500011026.3223   21.2180
    0.0000   15.0000   22.500011486.3496   21.2138
    7.5000   15.0000   22.500010872.6289   21.2046
   -7.5000   22.5000   22.5000 9909.6055   21.2524
    0.0000   22.5000   22.500010311.4404   21.2553
    7.5000   22.5000   22.5000 9776.7686   21.2522
   -7.5000   30.0000   22.5000 8885.1494   21.2442
    0.0000   30.0000   22.5000 9246.6084   21.2380
    7.5000   30.0000   22.5000 8769.1875   21.2458
   -7.5000   37.5000   22.5000 8266.7412   21.7169
    0.0000   37.5000   22.5000 8598.6094   21.6925
    7.5000   37.5000   22.5000 8177.1475   21.7071
   -7.5000   45.0000   22.5000 7344.9609   21.8431
    0.0000   45.0000   22.5000 7646.5718   21.8095
    7.5000   45.0000   22.5000 7265.8735   21.8173
   -7.5000  -45.0000   30.000010185.4688   21.3236
    0.0000  -45.0000   30.000010660.3965   21.2869
    7.5000  -45.0000   30.000010104.1143   21.2920
   -7.5000  -37.5000   30.000010441.7373   21.3591
    0.0000  -37.5000   30.000010887.1064   21.3339
    7.5000  -37.5000   30.000010383.7070   21.3303
   -7.5000  -30.0000   30.000010982.9375   21.4023
    0.0000  -30.0000   30.000011409.3428   21.3944
    7.5000  -30.0000   30.000010892.2812   21.3821
   -7.5000  -22.5000   30.000011435.1777   21.4068
    0.0000  -22.5000   30.000011872.3828   21.4042
    7.5000  -22.5000   30.000011330.9131   21.3931
   -7.5000  -15.0000   30.000011750.0068   21.3734
    0.0000  -15.0000   30.000012194.9023   21.3605
    7.5000  -15.0000   30.000011658.4189   21.3563
   -7.5000   -7.5000   30.000012012.9189   21.3335
    0.0000   -7.5000   30.000012478.4385   21.3037
    7.5000   -7.5000   30.000011916.3115   21.3070
   -7.5000    0.0000   30.000012057.8037   21.3236
    0.0000    0.0000   30.000012565.9717   21.2869
    7.5000    0.0000   30.000011957.9385   21.2920
   -7.5000    7.5000   30.000011137.6826   21.3591
    0.0000    7.5000   30.000011623.5215   21.3339
    7.5000    7.5000   30.000011032.5303   21.3303
   -7.5000   15.0000   30.000010141.2061   21.4024
    0.0000   15.0000   30.000010563.4355   21.3945
    7.5000   15.0000   30.000010033.0664   21.3821
   -7.5000   22.5000   30.0000 9117.4561   21.4481
    0.0000   22.5000   30.0000 9497.2812   21.4456
    7.5000   22.5000   30.0000 9000.8877   21.4343
   -7.5000   30.0000   30.0000 8209.1592   21.4344
    0.0000   30.0000   30.0000 8555.4238   21.4220
    7.5000   30.0000   30.0000 8100.8452   21.4186
   -7.5000   37.5000   30.0000 7644.0225   21.9020
    0.0000   37.5000   30.0000 7946.9375   21.8734
    7.5000   37.5000   30.0000 7576.9819   21.8791
   -7.5000   45.0000   30.0000 6775.2979   22.0229
    0.0000   45.0000   30.0000 7047.3911   21.9880
    7.5000   45.0000   30.0000 6730.8853   21.9937
   -7.5000  -45.0000   37.5000 9664.6074   21.8437
    0.0000  -45.0000   37.500010123.8389   21.8143
    7.5000  -45.0000   37.5000 9602.2002   21.8153
   -7.5000  -37.5000   37.5000 9955.6660   21.8720
    0.0000  -37.5000   37.500010387.4736   21.8495
    7.5000  -37.5000   37.5000 9890.4150   21.8444
   -7.5000  -30.0000   37.500010493.0752   21.9222
    0.0000  -30.0000   37.500010928.9326   21.9106
    7.5000  -30.0000   37.500010416.5303   21.9000
   -7.5000  -22.5000   37.500010927.4277   21.9438
    0.0000  -22.5000   37.500011385.9863   21.9359
    7.5000  -22.5000   37.500010867.6768   21.9267
   -7.5000  -15.0000   37.500011235.1074   21.9195
    0.0000  -15.0000   37.500011701.8711   21.9054
    7.5000  -15.0000   37.500011190.8340   21.9003
   -7.5000   -7.5000   37.500011477.1670   21.8696
    0.0000   -7.5000   37.500011968.6045   21.8448
    7.5000   -7.5000   37.500011447.4746   21.8444
   -7.5000    0.0000   37.500011558.4668   21.8437
    0.0000    0.0000   37.500012088.6758   21.8143
    7.5000    0.0000   37.500011515.6631   21.8153
   -7.5000    7.5000   37.500010702.6816   21.8720
    0.0000    7.5000   37.500011188.4316   21.8495
    7.5000    7.5000   37.500010631.7842   21.8444
   -7.5000   15.0000   37.5000 9718.2305   21.9223
    0.0000   15.0000   37.500010144.4238   21.9106
    7.5000   15.0000   37.5000 9635.1016   21.9000
   -7.5000   22.5000   37.5000 8771.8965   21.9924
    0.0000   22.5000   37.5000 9164.5156   21.9848
    7.5000   22.5000   37.5000 8705.4043   21.9758
   -7.5000   30.0000   37.5000 7918.7495   21.9935
    0.0000   30.0000   37.5000 8249.0166   21.9795
    7.5000   30.0000   37.5000 7861.0444   21.9749
   -7.5000   37.5000   37.5000 7382.4893   22.4722
    0.0000   37.5000   37.5000 7695.0547   22.4489
    7.5000   37.5000   37.5000 7353.3276   22.4490
   -7.5000   45.0000   37.5000 6566.2310   22.5911
    0.0000   45.0000   37.5000 6845.0239   22.5642
    7.5000   45.0000   37.5000 6539.1191   22.5648
   -7.5000  -45.0000   45.0000 8835.6094   22.5593
    0.0000  -45.0000   45.0000 9255.2490   22.5400
    7.5000  -45.0000   45.0000 8780.2344   22.5370
   -7.5000  -37.5000   45.0000 9088.6514   22.5797
    0.0000  -37.5000   45.0000 9501.1299   22.5623
    7.5000  -37.5000   45.0000 9038.9883   22.5541
   -7.5000  -30.0000   45.0000 9598.2852   22.6313
    0.0000  -30.0000   45.000010012.3438   22.6192
    7.5000  -30.0000   45.0000 9528.1084   22.6112
   -7.5000  -22.5000   45.000010031.4531   22.6656
    0.0000  -22.5000   45.000010471.1943   22.6572
    7.5000  -22.5000   45.0000 9972.0254   22.6552
   -7.5000  -15.0000   45.000010340.1289   22.6514
    0.0000  -15.0000   45.000010802.1611   22.6413
    7.5000  -15.0000   45.000010306.3506   22.6431
   -7.5000   -7.5000   45.000010581.8604   22.5968
    0.0000   -7.5000   45.000011077.7686   22.5811
    7.5000   -7.5000   45.000010577.3008   22.5821
   -7.5000    0.0000   45.000010668.4639   22.5593
    0.0000    0.0000   45.000011163.5908   22.5400
    7.5000    0.0000   45.000010651.3486   22.5370
   -7.5000    7.5000   45.0000 9877.6426   22.5797
    0.0000    7.5000   45.000010329.4746   22.5623
    7.5000    7.5000   45.0000 9830.5674   22.5541
   -7.5000   15.0000   45.0000 8976.2139   22.6313
    0.0000   15.0000   45.0000 9368.8672   22.6192
    7.5000   15.0000   45.0000 8902.6377   22.6112
   -7.5000   22.5000   45.0000 8151.2451   22.7209
    0.0000   22.5000   45.0000 8503.1807   22.7127
    7.5000   22.5000   45.0000 8070.9136   22.7111
   -7.5000   30.0000   45.0000 7383.0337   22.7431
    0.0000   30.0000   45.0000 7694.1255   22.7325
    7.5000   30.0000   45.0000 7306.3696   22.7346
   -7.5000   37.5000   45.0000 6906.8721   23.2292
    0.0000   37.5000   45.0000 7195.0811   23.2144
    7.5000   37.5000   45.0000 6856.0210   23.2150
   -7.5000   45.0000   45.0000 6129.5649   23.3169
    0.0000   45.0000   45.0000 6379.4263   23.3001
    7.5000   45.0000   45.0000 6100.1089   23.2962

---------------------------------------------------------------------
imgreg_4dfp /opt/freesurfer/average/711-2C_as_mni_average_305 /opt/freesurfer/average/711-2B_as_mni_average_305_mask talsrcimg_g11 none talsrcimg_to_711-2C_as_mni_average_305_t4 4355
---------------------------------------------------------------------

freesurfer imgreg_4dfp.c
/opt/freesurfer/average/711-2C_as_mni_average_305.4dfp.img
       256       256       256         1
  1.000000  1.000000  1.000000
orientation T byte_order littleendian
Reading image: /opt/freesurfer/average/711-2C_as_mni_average_305.4dfp.img
dimensions:      256       256       256
mmppix:       1.0000   -1.0000   -1.0000
center:     128.0000 -129.0000 -129.0000
/opt/freesurfer/average/711-2B_as_mni_average_305_mask.4dfp.img
       256       256       256         1
  1.000000  1.000000  1.000000
orientation T byte_order littleendian
Reading mask: /opt/freesurfer/average/711-2B_as_mni_average_305_mask.4dfp.img (2306576 pixels)
talsrcimg_g11.4dfp.img
       256       256       256         1
  1.000000  1.000000  1.000000
orientation T byte_order littleendian
Reading image: talsrcimg_g11.4dfp.img
dimensions:      256       256       256
mmppix:       1.0000   -1.0000   -1.0000
center:     128.0000 -129.0000 -129.0000
rotation matrix determinant  1.000000
image alignment mode   4355 decimal     1103 hex
   -7.5000  -45.0000  -45.0000 2328.0964   15.9536
    0.0000  -45.0000  -45.0000 2345.9648   15.9169
    7.5000  -45.0000  -45.0000 2322.8489   16.1191
   -7.5000  -37.5000  -45.0000 2349.9670   15.8146
    0.0000  -37.5000  -45.0000 2366.6699   15.7769
    7.5000  -37.5000  -45.0000 2343.6875   15.9675
   -7.5000  -30.0000  -45.0000 2353.7998   16.0618
    0.0000  -30.0000  -45.0000 2372.8464   15.9740
    7.5000  -30.0000  -45.0000 2347.4719   16.1609
   -7.5000  -22.5000  -45.0000 2348.7380   16.4006
    0.0000  -22.5000  -45.0000 2370.9636   16.3168
    7.5000  -22.5000  -45.0000 2347.8792   16.4886
   -7.5000  -15.0000  -45.0000 2325.5347   16.9876
    0.0000  -15.0000  -45.0000 2348.0076   16.9228
    7.5000  -15.0000  -45.0000 2324.1943   17.0641
   -7.5000   -7.5000  -45.0000 2285.2559   17.7994
    0.0000   -7.5000  -45.0000 2305.1704   17.7222
    7.5000   -7.5000  -45.0000 2282.4634   17.8886
   -7.5000    0.0000  -45.0000 2215.1697   18.8785
    0.0000    0.0000  -45.0000 2239.8467   18.7880
    7.5000    0.0000  -45.0000 2214.2710   18.9316
   -7.5000    7.5000  -45.0000 2129.0039   20.3294
    0.0000    7.5000  -45.0000 2148.2761   20.2198
    7.5000    7.5000  -45.0000 2126.0676   20.4417
   -7.5000   15.0000  -45.0000 2022.7178   22.3164
    0.0000   15.0000  -45.0000 2035.9607   22.2321
    7.5000   15.0000  -45.0000 2016.4247   22.4388
   -7.5000   22.5000  -45.0000 1913.1211   25.0027
    0.0000   22.5000  -45.0000 1932.8807   24.9165
    7.5000   22.5000  -45.0000 1909.9147   25.1453
   -7.5000   30.0000  -45.0000 1789.2264   28.4320
    0.0000   30.0000  -45.0000 1800.7073   28.3241
    7.5000   30.0000  -45.0000 1776.8035   28.6319
   -7.5000   37.5000  -45.0000 1654.6578   33.0685
    0.0000   37.5000  -45.0000 1664.7036   32.7697
    7.5000   37.5000  -45.0000 1639.8943   33.1643
   -7.5000   45.0000  -45.0000 1509.0619   39.4957
    0.0000   45.0000  -45.0000 1517.9084   39.0103
    7.5000   45.0000  -45.0000 1501.1396   39.4577
   -7.5000  -45.0000  -37.5000 2423.9868   14.8512
    0.0000  -45.0000  -37.5000 2442.7761   14.7762
    7.5000  -45.0000  -37.5000 2414.1238   14.9675
   -7.5000  -37.5000  -37.5000 2452.7898   14.6766
    0.0000  -37.5000  -37.5000 2469.9080   14.6300
    7.5000  -37.5000  -37.5000 2446.3813   14.8158
   -7.5000  -30.0000  -37.5000 2457.0215   14.9010
    0.0000  -30.0000  -37.5000 2474.6499   14.8214
    7.5000  -30.0000  -37.5000 2452.3481   14.9951
   -7.5000  -22.5000  -37.5000 2447.2590   15.2349
    0.0000  -22.5000  -37.5000 2472.1631   15.1993
    7.5000  -22.5000  -37.5000 2445.8999   15.3589
   -7.5000  -15.0000  -37.5000 2426.9639   15.7956
    0.0000  -15.0000  -37.5000 2453.4258   15.7661
    7.5000  -15.0000  -37.5000 2426.3882   15.9307
   -7.5000   -7.5000  -37.5000 2385.8521   16.5433
    0.0000   -7.5000  -37.5000 2410.3372   16.4803
    7.5000   -7.5000  -37.5000 2385.6873   16.6640
   -7.5000    0.0000  -37.5000 2313.7603   17.4784
    0.0000    0.0000  -37.5000 2336.1965   17.3971
    7.5000    0.0000  -37.5000 2312.2075   17.5692
   -7.5000    7.5000  -37.5000 2221.1519   18.7399
    0.0000    7.5000  -37.5000 2241.5984   18.6735
    7.5000    7.5000  -37.5000 2219.0269   18.8702
   -7.5000   15.0000  -37.5000 2107.9902   20.5263
    0.0000   15.0000  -37.5000 2122.4578   20.4819
    7.5000   15.0000  -37.5000 2101.3010   20.7033
   -7.5000   22.5000  -37.5000 1988.4266   22.9207
    0.0000   22.5000  -37.5000 2011.0361   22.8935
    7.5000   22.5000  -37.5000 1986.5732   23.1446
   -7.5000   30.0000  -37.5000 1861.3306   26.1035
    0.0000   30.0000  -37.5000 1879.5635   26.1030
    7.5000   30.0000  -37.5000 1859.0245   26.4924
   -7.5000   37.5000  -37.5000 1721.2196   30.4176
    0.0000   37.5000  -37.5000 1734.4202   30.2196
    7.5000   37.5000  -37.5000 1709.5056   30.7514
   -7.5000   45.0000  -37.5000 1571.8799   36.1033
    0.0000   45.0000  -37.5000 1585.7939   35.7878
    7.5000   45.0000  -37.5000 1569.4314   36.3809
   -7.5000  -45.0000  -30.0000 2555.0073   14.3605
    0.0000  -45.0000  -30.0000 2573.4241   14.2786
    7.5000  -45.0000  -30.0000 2548.5771   14.4592
   -7.5000  -37.5000  -30.0000 2591.8418   14.1394
    0.0000  -37.5000  -30.0000 2609.1699   14.0726
    7.5000  -37.5000  -30.0000 2583.5151   14.2549
   -7.5000  -30.0000  -30.0000 2596.9983   14.2950
    0.0000  -30.0000  -30.0000 2608.5171   14.2480
    7.5000  -30.0000  -30.0000 2590.4053   14.4061
   -7.5000  -22.5000  -30.0000 2591.1548   14.6779
    0.0000  -22.5000  -30.0000 2615.6262   14.6799
    7.5000  -22.5000  -30.0000 2588.1985   14.8228
   -7.5000  -15.0000  -30.0000 2575.5747   15.2407
    0.0000  -15.0000  -30.0000 2597.9019   15.2411
    7.5000  -15.0000  -30.0000 2572.1436   15.4089
   -7.5000   -7.5000  -30.0000 2524.0154   15.9780
    0.0000   -7.5000  -30.0000 2550.6431   15.9419
    7.5000   -7.5000  -30.0000 2524.4219   16.1036
   -7.5000    0.0000  -30.0000 2448.6909   16.8744
    0.0000    0.0000  -30.0000 2476.2961   16.7899
    7.5000    0.0000  -30.0000 2451.8730   16.9808
   -7.5000    7.5000  -30.0000 2355.4219   18.0453
    0.0000    7.5000  -30.0000 2374.7219   17.9878
    7.5000    7.5000  -30.0000 2351.9651   18.2014
   -7.5000   15.0000  -30.0000 2232.3147   19.7555
    0.0000   15.0000  -30.0000 2248.1177   19.6868
    7.5000   15.0000  -30.0000 2228.0984   19.8804
   -7.5000   22.5000  -30.0000 2102.0461   21.9989
    0.0000   22.5000  -30.0000 2115.0901   21.9834
    7.5000   22.5000  -30.0000 2094.5469   22.2098
   -7.5000   30.0000  -30.0000 1961.7787   25.0776
    0.0000   30.0000  -30.0000 1977.6031   25.0284
    7.5000   30.0000  -30.0000 1961.8619   25.3332
   -7.5000   37.5000  -30.0000 1815.6400   29.1896
    0.0000   37.5000  -30.0000 1826.0449   29.0399
    7.5000   37.5000  -30.0000 1809.2303   29.4865
   -7.5000   45.0000  -30.0000 1662.9944   34.6720
    0.0000   45.0000  -30.0000 1675.4381   34.2826
    7.5000   45.0000  -30.0000 1665.2810   34.9251
   -7.5000  -45.0000  -22.5000 2642.0234   13.8943
    0.0000  -45.0000  -22.5000 2663.7778   13.8102
    7.5000  -45.0000  -22.5000 2644.9250   14.0046
   -7.5000  -37.5000  -22.5000 2683.3630   13.5672
    0.0000  -37.5000  -22.5000 2705.7441   13.5042
    7.5000  -37.5000  -22.5000 2685.4858   13.7016
   -7.5000  -30.0000  -22.5000 2704.9954   13.6452
    0.0000  -30.0000  -22.5000 2723.7109   13.6194
    7.5000  -30.0000  -22.5000 2697.8345   13.7696
   -7.5000  -22.5000  -22.5000 2713.2307   14.0437
    0.0000  -22.5000  -22.5000 2738.7769   14.0432
    7.5000  -22.5000  -22.5000 2709.1226   14.1747
   -7.5000  -15.0000  -22.5000 2696.1790   14.6255
    0.0000  -15.0000  -22.5000 2721.6497   14.6306
    7.5000  -15.0000  -22.5000 2696.1189   14.7574
   -7.5000   -7.5000  -22.5000 2647.0664   15.3487
    0.0000   -7.5000  -22.5000 2673.5203   15.2810
    7.5000   -7.5000  -22.5000 2648.0959   15.4543
   -7.5000    0.0000  -22.5000 2563.2537   16.2168
    0.0000    0.0000  -22.5000 2590.5430   16.1381
    7.5000    0.0000  -22.5000 2568.5364   16.3171
   -7.5000    7.5000  -22.5000 2458.0371   17.3651
    0.0000    7.5000  -22.5000 2482.2666   17.2813
    7.5000    7.5000  -22.5000 2460.2349   17.4852
   -7.5000   15.0000  -22.5000 2331.2378   19.0308
    0.0000   15.0000  -22.5000 2350.0730   18.9433
    7.5000   15.0000  -22.5000 2332.7400   19.1392
   -7.5000   22.5000  -22.5000 2187.6382   21.2389
    0.0000   22.5000  -22.5000 2202.3362   21.1823
    7.5000   22.5000  -22.5000 2186.0908   21.3957
   -7.5000   30.0000  -22.5000 2036.4279   24.1343
    0.0000   30.0000  -22.5000 2052.2046   24.0461
    7.5000   30.0000  -22.5000 2038.6489   24.2922
   -7.5000   37.5000  -22.5000 1880.6007   27.9526
    0.0000   37.5000  -22.5000 1897.6772   27.8557
    7.5000   37.5000  -22.5000 1884.1151   28.1162
   -7.5000   45.0000  -22.5000 1719.9750   33.1184
    0.0000   45.0000  -22.5000 1737.4272   32.8226
    7.5000   45.0000  -22.5000 1724.5005   33.2995
   -7.5000  -45.0000  -15.0000 2686.9792   13.5265
    0.0000  -45.0000  -15.0000 2714.6604   13.4818
    7.5000  -45.0000  -15.0000 2689.9133   13.6758
   -7.5000  -37.5000  -15.0000 2742.0105   13.1424
    0.0000  -37.5000  -15.0000 2773.2329   13.0836
    7.5000  -37.5000  -15.0000 2749.7966   13.3081
   -7.5000  -30.0000  -15.0000 2773.1838   13.1200
    0.0000  -30.0000  -15.0000 2804.3528   13.0831
    7.5000  -30.0000  -15.0000 2777.9873   13.2901
   -7.5000  -22.5000  -15.0000 2793.3462   13.4801
    0.0000  -22.5000  -15.0000 2825.7576   13.4491
    7.5000  -22.5000  -15.0000 2795.9297   13.6299
   -7.5000  -15.0000  -15.0000 2775.7236   14.0499
    0.0000  -15.0000  -15.0000 2806.5520   14.0007
    7.5000  -15.0000  -15.0000 2778.8325   14.1513
   -7.5000   -7.5000  -15.0000 2726.4629   14.7322
    0.0000   -7.5000  -15.0000 2756.2993   14.6809
    7.5000   -7.5000  -15.0000 2730.9326   14.8624
   -7.5000    0.0000  -15.0000 2646.7578   15.6158
    0.0000    0.0000  -15.0000 2670.8198   15.5280
    7.5000    0.0000  -15.0000 2650.1777   15.7482
   -7.5000    7.5000  -15.0000 2533.7004   16.7648
    0.0000    7.5000  -15.0000 2561.2051   16.6550
    7.5000    7.5000  -15.0000 2538.6851   16.9251
   -7.5000   15.0000  -15.0000 2395.9724   18.3943
    0.0000   15.0000  -15.0000 2424.1191   18.3099
    7.5000   15.0000  -15.0000 2405.7378   18.5509
   -7.5000   22.5000  -15.0000 2245.8418   20.5529
    0.0000   22.5000  -15.0000 2266.0466   20.4931
    7.5000   22.5000  -15.0000 2254.1255   20.7308
   -7.5000   30.0000  -15.0000 2088.0605   23.3235
    0.0000   30.0000  -15.0000 2099.2522   23.2279
    7.5000   30.0000  -15.0000 2088.0242   23.4695
   -7.5000   37.5000  -15.0000 1921.6110   26.9564
    0.0000   37.5000  -15.0000 1936.2131   26.7186
    7.5000   37.5000  -15.0000 1920.3612   27.0466
   -7.5000   45.0000  -15.0000 1751.7960   31.6191
    0.0000   45.0000  -15.0000 1771.4313   31.2788
    7.5000   45.0000  -15.0000 1756.9343   31.8225
   -7.5000  -45.0000   -7.5000 2706.3101   13.3372
    0.0000  -45.0000   -7.5000 2744.0054   13.2703
    7.5000  -45.0000   -7.5000 2717.8311   13.5413
   -7.5000  -37.5000   -7.5000 2771.7095   12.8978
    0.0000  -37.5000   -7.5000 2818.5771   12.8077
    7.5000  -37.5000   -7.5000 2790.6526   13.1229
   -7.5000  -30.0000   -7.5000 2813.7871   12.7471
    0.0000  -30.0000   -7.5000 2857.5002   12.6459
    7.5000  -30.0000   -7.5000 2827.9351   12.9881
   -7.5000  -22.5000   -7.5000 2843.1968   13.0225
    0.0000  -22.5000   -7.5000 2876.8547   12.9358
    7.5000  -22.5000   -7.5000 2845.7339   13.2396
   -7.5000  -15.0000   -7.5000 2827.8577   13.5543
    0.0000  -15.0000   -7.5000 2856.9104   13.4661
    7.5000  -15.0000   -7.5000 2828.7534   13.7345
   -7.5000   -7.5000   -7.5000 2780.2166   14.2561
    0.0000   -7.5000   -7.5000 2811.4417   14.1235
    7.5000   -7.5000   -7.5000 2781.5015   14.4594
   -7.5000    0.0000   -7.5000 2690.7634   15.1456
    0.0000    0.0000   -7.5000 2723.2583   15.0361
    7.5000    0.0000   -7.5000 2697.2134   15.3634
   -7.5000    7.5000   -7.5000 2575.3623   16.3186
    0.0000    7.5000   -7.5000 2602.7554   16.1868
    7.5000    7.5000   -7.5000 2581.9731   16.5210
   -7.5000   15.0000   -7.5000 2444.7261   17.9205
    0.0000   15.0000   -7.5000 2470.0879   17.8134
    7.5000   15.0000   -7.5000 2446.4802   18.1251
   -7.5000   22.5000   -7.5000 2288.9297   20.0003
    0.0000   22.5000   -7.5000 2308.7197   19.9352
    7.5000   22.5000   -7.5000 2288.4470   20.2060
   -7.5000   30.0000   -7.5000 2116.1318   22.6856
    0.0000   30.0000   -7.5000 2135.5410   22.6015
    7.5000   30.0000   -7.5000 2113.3494   22.8479
   -7.5000   37.5000   -7.5000 1946.4963   26.0672
    0.0000   37.5000   -7.5000 1963.0404   25.8845
    7.5000   37.5000   -7.5000 1944.3679   26.2413
   -7.5000   45.0000   -7.5000 1778.9774   30.5814
    0.0000   45.0000   -7.5000 1795.2554   30.2414
    7.5000   45.0000   -7.5000 1781.3364   30.8178
   -7.5000  -45.0000    0.0000 2697.6196   13.4135
    0.0000  -45.0000    0.0000 2734.2805   13.3462
    7.5000  -45.0000    0.0000 2718.1741   13.7439
   -7.5000  -37.5000    0.0000 2783.0918   12.9752
    0.0000  -37.5000    0.0000 2830.1294   12.9312
    7.5000  -37.5000    0.0000 2807.2117   13.3038
   -7.5000  -30.0000    0.0000 2834.4783   12.6981
    0.0000  -30.0000    0.0000 2877.1028   12.5959
    7.5000  -30.0000    0.0000 2847.0051   13.0777
   -7.5000  -22.5000    0.0000 2859.9805   12.7423
    0.0000  -22.5000    0.0000 2894.8933   12.6019
    7.5000  -22.5000    0.0000 2861.1782   13.1224
   -7.5000  -15.0000    0.0000 2844.6938   13.2004
    0.0000  -15.0000    0.0000 2868.7427   13.0769
    7.5000  -15.0000    0.0000 2844.4563   13.5346
   -7.5000   -7.5000    0.0000 2801.3582   13.9532
    0.0000   -7.5000    0.0000 2834.5137   13.8693
    7.5000   -7.5000    0.0000 2799.9917   14.2053
   -7.5000    0.0000    0.0000 2714.8887   14.9377
    0.0000    0.0000    0.0000 2744.0774   14.9016
    7.5000    0.0000    0.0000 2711.9250   15.1510
   -7.5000    7.5000    0.0000 2592.7502   16.1880
    0.0000    7.5000    0.0000 2620.4775   16.1312
    7.5000    7.5000    0.0000 2597.0745   16.3416
   -7.5000   15.0000    0.0000 2463.8931   17.8025
    0.0000   15.0000    0.0000 2487.1777   17.7506
    7.5000   15.0000    0.0000 2462.6035   17.9664
   -7.5000   22.5000    0.0000 2315.1506   19.9135
    0.0000   22.5000    0.0000 2330.5886   19.8826
    7.5000   22.5000    0.0000 2313.2607   20.1029
   -7.5000   30.0000    0.0000 2137.7666   22.5177
    0.0000   30.0000    0.0000 2153.2229   22.4639
    7.5000   30.0000    0.0000 2136.4604   22.6627
   -7.5000   37.5000    0.0000 1956.8207   25.7560
    0.0000   37.5000    0.0000 1972.4308   25.6580
    7.5000   37.5000    0.0000 1959.1923   25.9054
   -7.5000   45.0000    0.0000 1779.2111   29.8826
    0.0000   45.0000    0.0000 1795.7700   29.6438
    7.5000   45.0000    0.0000 1787.8754   30.1257
   -7.5000  -45.0000    7.5000 2679.9180   13.8114
    0.0000  -45.0000    7.5000 2713.1108   13.7999
    7.5000  -45.0000    7.5000 2718.4863   14.2839
   -7.5000  -37.5000    7.5000 2785.6216   13.3949
    0.0000  -37.5000    7.5000 2838.7195   13.5022
    7.5000  -37.5000    7.5000 2819.9929   13.8359
   -7.5000  -30.0000    7.5000 2843.1411   13.0621
    0.0000  -30.0000    7.5000 2903.6499   13.1765
    7.5000  -30.0000    7.5000 2857.7268   13.4886
   -7.5000  -22.5000    7.5000 2866.2959   12.9609
    0.0000  -22.5000    7.5000 2904.8069   12.9370
    7.5000  -22.5000    7.5000 2867.1792   13.3812
   -7.5000  -15.0000    7.5000 2857.2097   13.2537
    0.0000  -15.0000    7.5000 2884.6562   13.2224
    7.5000  -15.0000    7.5000 2849.7551   13.5628
   -7.5000   -7.5000    7.5000 2809.7559   13.9496
    0.0000   -7.5000    7.5000 2838.0791   13.9184
    7.5000   -7.5000    7.5000 2801.9126   14.1908
   -7.5000    0.0000    7.5000 2717.6772   15.0087
    0.0000    0.0000    7.5000 2738.9084   14.9633
    7.5000    0.0000    7.5000 2709.5769   15.1798
   -7.5000    7.5000    7.5000 2593.9558   16.3240
    0.0000    7.5000    7.5000 2611.2510   16.2691
    7.5000    7.5000    7.5000 2591.3108   16.4508
   -7.5000   15.0000    7.5000 2460.9521   17.8925
    0.0000   15.0000    7.5000 2477.9832   17.8795
    7.5000   15.0000    7.5000 2459.9866   18.0669
   -7.5000   22.5000    7.5000 2307.4600   19.8977
    0.0000   22.5000    7.5000 2326.1946   19.9361
    7.5000   22.5000    7.5000 2308.0854   20.1168
   -7.5000   30.0000    7.5000 2126.4446   22.3808
    0.0000   30.0000    7.5000 2148.7815   22.4838
    7.5000   30.0000    7.5000 2131.8298   22.6264
   -7.5000   37.5000    7.5000 1955.4547   25.6911
    0.0000   37.5000    7.5000 1973.1040   25.6629
    7.5000   37.5000    7.5000 1958.3829   25.8094
   -7.5000   45.0000    7.5000 1793.1785   29.9030
    0.0000   45.0000    7.5000 1811.0679   29.6733
    7.5000   45.0000    7.5000 1797.4054   30.0675
   -7.5000  -45.0000   15.0000 2653.0791   14.5536
    0.0000  -45.0000   15.0000 2701.9446   14.6712
    7.5000  -45.0000   15.0000 2678.6670   15.0789
   -7.5000  -37.5000   15.0000 2751.5771   14.0160
    0.0000  -37.5000   15.0000 2809.5237   14.1876
    7.5000  -37.5000   15.0000 2774.1946   14.4730
   -7.5000  -30.0000   15.0000 2812.8840   13.6283
    0.0000  -30.0000   15.0000 2853.9131   13.6634
    7.5000  -30.0000   15.0000 2821.2292   14.0694
   -7.5000  -22.5000   15.0000 2845.3760   13.5609
    0.0000  -22.5000   15.0000 2882.4111   13.5966
    7.5000  -22.5000   15.0000 2839.6270   13.9378
   -7.5000  -15.0000   15.0000 2831.5737   13.8079
    0.0000  -15.0000   15.0000 2866.5801   13.8731
    7.5000  -15.0000   15.0000 2823.5000   14.1415
   -7.5000   -7.5000   15.0000 2778.0801   14.4063
    0.0000   -7.5000   15.0000 2808.9036   14.4329
    7.5000   -7.5000   15.0000 2769.2725   14.7114
   -7.5000    0.0000   15.0000 2686.5261   15.3156
    0.0000    0.0000   15.0000 2707.4290   15.3020
    7.5000    0.0000   15.0000 2674.2749   15.5510
   -7.5000    7.5000   15.0000 2564.5745   16.6037
    0.0000    7.5000   15.0000 2582.2361   16.5090
    7.5000    7.5000   15.0000 2558.2803   16.7195
   -7.5000   15.0000   15.0000 2434.5229   18.2025
    0.0000   15.0000   15.0000 2453.4883   18.1052
    7.5000   15.0000   15.0000 2431.1570   18.2864
   -7.5000   22.5000   15.0000 2281.5088   20.1791
    0.0000   22.5000   15.0000 2295.1125   20.0890
    7.5000   22.5000   15.0000 2283.3674   20.2816
   -7.5000   30.0000   15.0000 2105.7722   22.7029
    0.0000   30.0000   15.0000 2123.6826   22.5643
    7.5000   30.0000   15.0000 2113.2549   22.7611
   -7.5000   37.5000   15.0000 1943.6808   25.8500
    0.0000   37.5000   15.0000 1961.4716   25.7767
    7.5000   37.5000   15.0000 1948.1110   25.9502
   -7.5000   45.0000   15.0000 1787.0654   30.0598
    0.0000   45.0000   15.0000 1810.1448   29.8793
    7.5000   45.0000   15.0000 1785.8130   30.2797
   -7.5000  -45.0000   22.5000 2604.7036   15.3805
    0.0000  -45.0000   22.5000 2645.6118   15.4037
    7.5000  -45.0000   22.5000 2619.2715   15.7893
   -7.5000  -37.5000   22.5000 2696.5964   14.7440
    0.0000  -37.5000   22.5000 2731.5771   14.6747
    7.5000  -37.5000   22.5000 2713.5376   15.0964
   -7.5000  -30.0000   22.5000 2752.5583   14.2443
    0.0000  -30.0000   22.5000 2785.6616   14.1269
    7.5000  -30.0000   22.5000 2755.0259   14.5881
   -7.5000  -22.5000   22.5000 2784.0933   14.2457
    0.0000  -22.5000   22.5000 2812.6992   14.1512
    7.5000  -22.5000   22.5000 2782.5469   14.5409
   -7.5000  -15.0000   22.5000 2767.6355   14.5732
    0.0000  -15.0000   22.5000 2798.4739   14.4953
    7.5000  -15.0000   22.5000 2767.4333   14.8416
   -7.5000   -7.5000   22.5000 2717.1758   15.1639
    0.0000   -7.5000   22.5000 2747.3071   15.1012
    7.5000   -7.5000   22.5000 2715.0640   15.4231
   -7.5000    0.0000   22.5000 2632.2190   16.0402
    0.0000    0.0000   22.5000 2658.4856   16.0025
    7.5000    0.0000   22.5000 2628.3625   16.2840
   -7.5000    7.5000   22.5000 2520.0249   17.2027
    0.0000    7.5000   22.5000 2544.3289   17.1378
    7.5000    7.5000   22.5000 2517.5408   17.3933
   -7.5000   15.0000   22.5000 2389.8389   18.6954
    0.0000   15.0000   22.5000 2412.0481   18.6350
    7.5000   15.0000   22.5000 2389.0295   18.8796
   -7.5000   22.5000   22.5000 2241.8071   20.5944
    0.0000   22.5000   22.5000 2252.8967   20.5942
    7.5000   22.5000   22.5000 2239.4778   20.7784
   -7.5000   30.0000   22.5000 2073.6526   23.0339
    0.0000   30.0000   22.5000 2087.8879   22.9665
    7.5000   30.0000   22.5000 2073.1646   23.1497
   -7.5000   37.5000   22.5000 1923.8739   26.1812
    0.0000   37.5000   22.5000 1936.7250   25.9756
    7.5000   37.5000   22.5000 1923.5482   26.2974
   -7.5000   45.0000   22.5000 1769.0168   30.4819
    0.0000   45.0000   22.5000 1782.7418   30.1715
    7.5000   45.0000   22.5000 1762.7736   30.6018
   -7.5000  -45.0000   30.0000 2548.2834   16.3170
    0.0000  -45.0000   30.0000 2577.9756   16.2498
    7.5000  -45.0000   30.0000 2554.1978   16.6998
   -7.5000  -37.5000   30.0000 2624.3640   15.5526
    0.0000  -37.5000   30.0000 2655.2854   15.4192
    7.5000  -37.5000   30.0000 2629.8823   15.9077
   -7.5000  -30.0000   30.0000 2679.7061   15.0232
    0.0000  -30.0000   30.0000 2706.1726   14.9270
    7.5000  -30.0000   30.0000 2674.7334   15.3617
   -7.5000  -22.5000   30.0000 2699.8909   15.0225
    0.0000  -22.5000   30.0000 2721.9021   14.9249
    7.5000  -22.5000   30.0000 2692.4524   15.3310
   -7.5000  -15.0000   30.0000 2679.6978   15.3879
    0.0000  -15.0000   30.0000 2702.7009   15.2558
    7.5000  -15.0000   30.0000 2678.0911   15.6620
   -7.5000   -7.5000   30.0000 2638.4150   15.9961
    0.0000   -7.5000   30.0000 2659.6848   15.8718
    7.5000   -7.5000   30.0000 2631.2834   16.2214
   -7.5000    0.0000   30.0000 2555.4658   16.8471
    0.0000    0.0000   30.0000 2582.2378   16.7775
    7.5000    0.0000   30.0000 2552.2610   17.1060
   -7.5000    7.5000   30.0000 2454.8545   17.9950
    0.0000    7.5000   30.0000 2481.4133   17.9503
    7.5000    7.5000   30.0000 2452.9421   18.2301
   -7.5000   15.0000   30.0000 2333.1125   19.4845
    0.0000   15.0000   30.0000 2349.5588   19.4188
    7.5000   15.0000   30.0000 2330.8547   19.7203
   -7.5000   22.5000   30.0000 2178.5127   21.3628
    0.0000   22.5000   30.0000 2194.9878   21.3248
    7.5000   22.5000   30.0000 2174.8711   21.5783
   -7.5000   30.0000   30.0000 2029.2372   23.7694
    0.0000   30.0000   30.0000 2042.0105   23.7097
    7.5000   30.0000   30.0000 2024.9424   23.9260
   -7.5000   37.5000   30.0000 1892.9158   26.9491
    0.0000   37.5000   30.0000 1896.3575   26.7426
    7.5000   37.5000   30.0000 1890.6549   27.0282
   -7.5000   45.0000   30.0000 1732.1198   31.2593
    0.0000   45.0000   30.0000 1747.6270   30.9465
    7.5000   45.0000   30.0000 1736.0657   31.3497
   -7.5000  -45.0000   37.5000 2475.9221   17.4470
    0.0000  -45.0000   37.5000 2503.6714   17.3524
    7.5000  -45.0000   37.5000 2467.2444   17.8619
   -7.5000  -37.5000   37.5000 2552.7073   16.5988
    0.0000  -37.5000   37.5000 2578.8901   16.5014
    7.5000  -37.5000   37.5000 2541.0635   16.9940
   -7.5000  -30.0000   37.5000 2596.9619   16.1178
    0.0000  -30.0000   37.5000 2617.2632   16.0250
    7.5000  -30.0000   37.5000 2580.7485   16.4444
   -7.5000  -22.5000   37.5000 2606.7468   16.0687
    0.0000  -22.5000   37.5000 2630.9976   15.9965
    7.5000  -22.5000   37.5000 2600.7124   16.3802
   -7.5000  -15.0000   37.5000 2588.1484   16.3827
    0.0000  -15.0000   37.5000 2606.7231   16.2915
    7.5000  -15.0000   37.5000 2587.7336   16.6783
   -7.5000   -7.5000   37.5000 2540.9263   16.9578
    0.0000   -7.5000   37.5000 2562.0034   16.8775
    7.5000   -7.5000   37.5000 2544.9897   17.2553
   -7.5000    0.0000   37.5000 2469.1250   17.8019
    0.0000    0.0000   37.5000 2501.0405   17.7230
    7.5000    0.0000   37.5000 2470.2014   18.0636
   -7.5000    7.5000   37.5000 2381.4734   18.9609
    0.0000    7.5000   37.5000 2406.6646   18.8970
    7.5000    7.5000   37.5000 2377.4744   19.1825
   -7.5000   15.0000   37.5000 2255.0991   20.4545
    0.0000   15.0000   37.5000 2271.7075   20.3812
    7.5000   15.0000   37.5000 2253.4189   20.6355
   -7.5000   22.5000   37.5000 2116.5759   22.3956
    0.0000   22.5000   37.5000 2133.4497   22.3820
    7.5000   22.5000   37.5000 2115.7483   22.6309
   -7.5000   30.0000   37.5000 1977.6125   24.8838
    0.0000   30.0000   37.5000 1989.0417   24.8288
    7.5000   30.0000   37.5000 1976.2424   25.1265
   -7.5000   37.5000   37.5000 1844.7310   28.1326
    0.0000   37.5000   37.5000 1854.9109   27.9398
    7.5000   37.5000   37.5000 1846.8910   28.2634
   -7.5000   45.0000   37.5000 1694.3361   32.4999
    0.0000   45.0000   37.5000 1709.2081   32.1383
    7.5000   45.0000   37.5000 1696.2708   32.5214
   -7.5000  -45.0000   45.0000 2391.3936   18.8718
    0.0000  -45.0000   45.0000 2417.2117   18.7731
    7.5000  -45.0000   45.0000 2374.0342   19.3355
   -7.5000  -37.5000   45.0000 2462.5847   17.9395
    0.0000  -37.5000   45.0000 2484.7749   17.8821
    7.5000  -37.5000   45.0000 2442.4443   18.3561
   -7.5000  -30.0000   45.0000 2501.0122   17.4636
    0.0000  -30.0000   45.0000 2514.5903   17.3879
    7.5000  -30.0000   45.0000 2476.4387   17.7842
   -7.5000  -22.5000   45.0000 2506.8020   17.3503
    0.0000  -22.5000   45.0000 2526.0347   17.2876
    7.5000  -22.5000   45.0000 2495.0239   17.6551
   -7.5000  -15.0000   45.0000 2486.3035   17.6198
    0.0000  -15.0000   45.0000 2504.0684   17.5659
    7.5000  -15.0000   45.0000 2482.3523   17.9437
   -7.5000   -7.5000   45.0000 2443.1709   18.1830
    0.0000   -7.5000   45.0000 2466.3726   18.1663
    7.5000   -7.5000   45.0000 2451.0969   18.5315
   -7.5000    0.0000   45.0000 2375.7971   18.9832
    0.0000    0.0000   45.0000 2401.4785   18.9397
    7.5000    0.0000   45.0000 2381.6455   19.2853
   -7.5000    7.5000   45.0000 2291.8452   20.1650
    0.0000    7.5000   45.0000 2315.7546   20.0788
    7.5000    7.5000   45.0000 2288.8169   20.3838
   -7.5000   15.0000   45.0000 2172.5457   21.7192
    0.0000   15.0000   45.0000 2190.3618   21.5995
    7.5000   15.0000   45.0000 2165.2346   21.8923
   -7.5000   22.5000   45.0000 2055.7153   23.6731
    0.0000   22.5000   45.0000 2069.6431   23.6423
    7.5000   22.5000   45.0000 2046.0580   23.8840
   -7.5000   30.0000   45.0000 1921.4263   26.3055
    0.0000   30.0000   45.0000 1932.6083   26.2521
    7.5000   30.0000   45.0000 1917.5645   26.5395
   -7.5000   37.5000   45.0000 1791.5234   29.8021
    0.0000   37.5000   45.0000 1802.3413   29.6821
    7.5000   37.5000   45.0000 1790.3577   29.8885
   -7.5000   45.0000   45.0000 1643.3473   34.3424
    0.0000   45.0000   45.0000 1654.4003   34.0431
    7.5000   45.0000   45.0000 1641.0480   34.4734

---------------------------------------------------------------------
imgreg_4dfp /opt/freesurfer/average/711-2C_as_mni_average_305 /opt/freesurfer/average/711-2B_as_mni_average_305_mask talsrcimg_g11 none talsrcimg_to_711-2C_as_mni_average_305_t4 1283
---------------------------------------------------------------------

freesurfer imgreg_4dfp.c
/opt/freesurfer/average/711-2C_as_mni_average_305.4dfp.img
       256       256       256         1
  1.000000  1.000000  1.000000
orientation T byte_order littleendian
Reading image: /opt/freesurfer/average/711-2C_as_mni_average_305.4dfp.img
dimensions:      256       256       256
mmppix:       1.0000   -1.0000   -1.0000
center:     128.0000 -129.0000 -129.0000
/opt/freesurfer/average/711-2B_as_mni_average_305_mask.4dfp.img
       256       256       256         1
  1.000000  1.000000  1.000000
orientation T byte_order littleendian
Reading mask: /opt/freesurfer/average/711-2B_as_mni_average_305_mask.4dfp.img (2306576 pixels)
talsrcimg_g11.4dfp.img
       256       256       256         1
  1.000000  1.000000  1.000000
orientation T byte_order littleendian
Reading image: talsrcimg_g11.4dfp.img
dimensions:      256       256       256
mmppix:       1.0000   -1.0000   -1.0000
center:     128.0000 -129.0000 -129.0000
rotation matrix determinant  1.000000
fimgreg.f
image alignment mode   1283 decimal      503 hex
parameters
    0.0000  -22.5000    7.5000    0.0000    0.0000    0.0000
eta,q 0.91215 12.97979
niter,ni,del,rscale     5    3   12.0000    1.2000
parameter  2  7.307850 ->  0.500000 qaram    1.1500
parameter  4  2.672032 ->  0.500000 qaram    1.1500
parameter  6  0.687609 ->  0.500000 qaram    1.1500
parameters
    0.1326  -25.9500    8.0189   -3.4500    0.9052   -3.4500
eta,q 0.92380 13.09473
  0.1009  0.0819  0.0940  0.0772  0.0880  0.0769
  0.0939  0.0828  0.0916  0.0779  0.0839  0.0762
  0.0896  0.0857  0.0876  0.0799  0.0805  0.0766
  0.0886  0.0885  0.0838  0.0838  0.0783  0.0778
  0.0899  0.0887  0.0840  0.0873  0.0781  0.0802
  0.0939  0.0911  0.0876  0.0902  0.0804  0.0829
  0.0992  0.0943  0.0930  0.0932  0.0840  0.0858
niter,ni,del,rscale     7    3   12.0000    1.2000
parameter  4  1.084223 ->  0.500000 qaram    1.3225
parameters
    0.1800  -24.5602    7.5330   -7.4175    1.4441   -3.2161
eta,q 0.92614 13.05763
  0.0936  0.0900  0.0863  0.0742  0.0841  0.0803
  0.0858  0.0827  0.0831  0.0738  0.0790  0.0766
  0.0794  0.0780  0.0792  0.0756  0.0756  0.0743
  0.0762  0.0762  0.0782  0.0779  0.0740  0.0738
  0.0789  0.0798  0.0815  0.0812  0.0744  0.0742
  0.0857  0.0803  0.0849  0.0857  0.0768  0.0758
  0.0930  0.0808  0.0885  0.0890  0.0812  0.0795
niter,ni,del,rscale     7    3   12.0000    1.2000
parameter  4  0.543836 ->  0.500000 qaram    1.5209
parameters
    0.0125  -22.3716    8.2508  -11.9801    1.4188   -3.7474
eta,q 0.92652 13.11191
  0.0897  0.0895  0.0842  0.0759  0.0813  0.0787
  0.0818  0.0807  0.0821  0.0733  0.0766  0.0754
  0.0761  0.0753  0.0790  0.0738  0.0738  0.0740
  0.0739  0.0738  0.0754  0.0749  0.0735  0.0734
  0.0769  0.0755  0.0751  0.0787  0.0745  0.0743
  0.0834  0.0749  0.0775  0.0822  0.0769  0.0772
  0.0912  0.0762  0.0829  0.0844  0.0810  0.0803
niter,ni,del,rscale     7    3   12.0000    1.2000
parameter  2 -0.776420 -> -0.500000 qaram    1.3225
parameters
    0.1245  -18.4041    7.9208  -13.7783    1.7119   -4.3183
eta,q 0.93578 13.04391
  0.0873  0.0893  0.0771  0.0765  0.0753  0.0709
  0.0802  0.0824  0.0730  0.0656  0.0694  0.0676
  0.0752  0.0772  0.0686  0.0634  0.0655  0.0649
  0.0735  0.0735  0.0662  0.0663  0.0643  0.0643
  0.0751  0.0683  0.0675  0.0715  0.0653  0.0664
  0.0792  0.0663  0.0728  0.0774  0.0682  0.0694
  0.0865  0.0697  0.0821  0.0824  0.0731  0.0730
niter,ni,del,rscale     7    3   12.0000    1.2000
parameters
    0.1331  -18.1659    7.4391  -14.3320    1.9134   -4.2371
eta,q 0.93624 13.01596
  0.0857  0.0832  0.0751  0.0788  0.0738  0.0719
  0.0754  0.0768  0.0705  0.0701  0.0681  0.0680
  0.0673  0.0696  0.0663  0.0632  0.0646  0.0648
  0.0642  0.0642  0.0642  0.0644  0.0638  0.0638
  0.0680  0.0677  0.0660  0.0682  0.0647  0.0651
  0.0760  0.0753  0.0719  0.0744  0.0674  0.0677
  0.0849  0.0818  0.0811  0.0801  0.0722  0.0714
niter,ni,del,rscale     6    3   12.0000    1.2000
parameters
    0.1137  -18.1959    7.2090  -14.6203    2.0030   -4.0841
eta,q 0.93640 12.99659
  0.0851  0.0822  0.0754  0.0790  0.0730  0.0717
  0.0747  0.0756  0.0707  0.0717  0.0674  0.0677
  0.0667  0.0684  0.0662  0.0634  0.0643  0.0644
  0.0638  0.0638  0.0638  0.0638  0.0636  0.0636
  0.0675  0.0683  0.0652  0.0677  0.0646  0.0648
  0.0756  0.0761  0.0705  0.0734  0.0672  0.0672
  0.0846  0.0823  0.0791  0.0794  0.0722  0.0709
niter,ni,del,rscale     5    3   12.0000    1.2000
parameters
    0.0773  -18.2459    7.0997  -14.7743    2.0485   -3.9768
eta,q 0.93651 12.98513
  0.0849  0.0821  0.0757  0.0790  0.0728  0.0715
  0.0744  0.0753  0.0710  0.0725  0.0672  0.0673
  0.0664  0.0681  0.0663  0.0635  0.0642  0.0641
  0.0636  0.0636  0.0636  0.0636  0.0635  0.0635
  0.0674  0.0682  0.0650  0.0675  0.0645  0.0648
  0.0755  0.0761  0.0700  0.0729  0.0671  0.0670
  0.0845  0.0822  0.0783  0.0790  0.0723  0.0708
niter,ni,del,rscale     4    3   12.0000    1.2000
parameters
    0.0483  -18.2805    7.0387  -14.8578    2.0731   -3.9087
eta,q 0.93655 12.97855
  0.0849  0.0820  0.0758  0.0790  0.0726  0.0713
  0.0743  0.0754  0.0712  0.0730  0.0671  0.0671
  0.0663  0.0681  0.0663  0.0636  0.0642  0.0640
  0.0635  0.0635  0.0635  0.0635  0.0634  0.0634
  0.0673  0.0681  0.0649  0.0674  0.0645  0.0647
  0.0754  0.0760  0.0699  0.0726  0.0671  0.0669
  0.0844  0.0821  0.0779  0.0788  0.0723  0.0708
niter,ni,del,rscale     3    3   12.0000    1.2000
parameters
    0.0319  -18.2998    7.0105  -14.9059    2.0866   -3.8659
eta,q 0.93657 12.97503
  0.0849  0.0820  0.0759  0.0790  0.0726  0.0712
  0.0743  0.0754  0.0713  0.0732  0.0671  0.0670
  0.0663  0.0681  0.0663  0.0636  0.0641  0.0639
  0.0635  0.0635  0.0634  0.0635  0.0634  0.0634
  0.0672  0.0680  0.0649  0.0674  0.0644  0.0647
  0.0754  0.0759  0.0698  0.0725  0.0671  0.0668
  0.0843  0.0820  0.0777  0.0787  0.0723  0.0708
registration optimization eta report
parameter search radius
    6.0000    7.9350    6.0000    9.1253    6.0000    6.9000
100000*second partial in parameter space
       57.       27.       36.       18.       25.       16.
  0.0849  0.0820  0.0759  0.0790  0.0726  0.0712
  0.0743  0.0754  0.0713  0.0732  0.0671  0.0670
  0.0663  0.0681  0.0663  0.0636  0.0641  0.0639
  0.0635  0.0635  0.0634  0.0635  0.0634  0.0634
  0.0672  0.0680  0.0649  0.0674  0.0644  0.0647
  0.0754  0.0759  0.0698  0.0725  0.0671  0.0668
  0.0843  0.0820  0.0777  0.0787  0.0723  0.0708
    0.0319  -18.2998    7.0105  -14.9059    2.0866   -3.8659
eta,q 0.93657 12.97503

---------------------------------------------------------------------
imgreg_4dfp /opt/freesurfer/average/711-2C_as_mni_average_305 /opt/freesurfer/average/711-2B_as_mni_average_305_mask talsrcimg_g11 none talsrcimg_to_711-2C_as_mni_average_305_t4 3335
---------------------------------------------------------------------

freesurfer imgreg_4dfp.c
/opt/freesurfer/average/711-2C_as_mni_average_305.4dfp.img
       256       256       256         1
  1.000000  1.000000  1.000000
orientation T byte_order littleendian
Reading image: /opt/freesurfer/average/711-2C_as_mni_average_305.4dfp.img
dimensions:      256       256       256
mmppix:       1.0000   -1.0000   -1.0000
center:     128.0000 -129.0000 -129.0000
/opt/freesurfer/average/711-2B_as_mni_average_305_mask.4dfp.img
       256       256       256         1
  1.000000  1.000000  1.000000
orientation T byte_order littleendian
Reading mask: /opt/freesurfer/average/711-2B_as_mni_average_305_mask.4dfp.img (2306576 pixels)
talsrcimg_g11.4dfp.img
       256       256       256         1
  1.000000  1.000000  1.000000
orientation T byte_order littleendian
Reading image: talsrcimg_g11.4dfp.img
dimensions:      256       256       256
mmppix:       1.0000   -1.0000   -1.0000
center:     128.0000 -129.0000 -129.0000
fimgreg.f
image alignment mode   3335 decimal      D07 hex
parameters
    0.0319  -18.2998    7.0105   -0.2937   -3.6481   -3.4291
    7.4496   -1.7761   -6.7376   25.9019    3.6409  -25.7062
eta,q 0.93154 12.95544
niter,ni,del,rscale     5    3    5.0000    1.2000
parameter  4  1.995625 ->  0.500000 qaram    1.1500
parameter  5  3.744094 ->  0.500000 qaram    1.1500
parameter  6  0.647184 ->  0.500000 qaram    1.1500
parameter 12 -1.720070 -> -0.500000 qaram    1.1500
parameters
   -0.1446  -17.3026    6.3302   -4.4337   -7.7881   -7.5691
    7.2606   -0.9007   -4.0064   26.9915    2.0824  -21.5662
eta,q 0.94513 12.61356
  0.0707  0.0708  0.0691  0.0599  0.0557  0.0572  0.0593  0.0617  0.0596  0.0601  0.0573  0.0626
  0.0694  0.0699  0.0683  0.0620  0.0581  0.0575  0.0583  0.0596  0.0587  0.0588  0.0571  0.0604
  0.0687  0.0691  0.0680  0.0646  0.0601  0.0573  0.0577  0.0582  0.0579  0.0578  0.0570  0.0585
  0.0685  0.0685  0.0682  0.0680  0.0626  0.0587  0.0575  0.0575  0.0574  0.0571  0.0570  0.0570
  0.0689  0.0682  0.0688  0.0721  0.0657  0.0632  0.0577  0.0574  0.0571  0.0571  0.0571  0.0557
  0.0699  0.0683  0.0699  0.0767  0.0686  0.0685  0.0584  0.0582  0.0573  0.0578  0.0574  0.0546
  0.0715  0.0688  0.0714  0.0815  0.0719  0.0744  0.0595  0.0602  0.0577  0.0589  0.0580  0.0539
niter,ni,del,rscale     7    3    5.0000    1.2000
parameter  3  5.899862 ->  0.500000 qaram    1.1500
parameter  4  1.309469 ->  0.500000 qaram    1.3225
parameter  5  8.483596 ->  0.500000 qaram    1.3225
parameter  6  0.608937 ->  0.500000 qaram    1.3225
parameter 10  1.072337 ->  0.500000 qaram    1.1500
parameters
   -0.7769  -18.2275    4.9502   -9.1947  -12.5491  -12.3301
    7.6067   -1.0497   -5.0354   22.8515   -1.1546  -22.8721
eta,q 0.96145 12.13809
  0.0560  0.0550  0.0489  0.0459  0.0403  0.0403  0.0437  0.0445  0.0423  0.0383  0.0391  0.0402
  0.0551  0.0546  0.0506  0.0471  0.0421  0.0408  0.0423  0.0425  0.0414  0.0387  0.0387  0.0391
  0.0547  0.0545  0.0525  0.0489  0.0446  0.0415  0.0413  0.0412  0.0409  0.0395  0.0386  0.0386
  0.0549  0.0547  0.0545  0.0512  0.0475  0.0427  0.0409  0.0409  0.0409  0.0408  0.0389  0.0386
  0.0556  0.0552  0.0565  0.0542  0.0505  0.0435  0.0411  0.0415  0.0413  0.0426  0.0394  0.0391
  0.0567  0.0560  0.0587  0.0582  0.0530  0.0469  0.0419  0.0428  0.0422  0.0447  0.0402  0.0401
  0.0584  0.0570  0.0611  0.0629  0.0556  0.0540  0.0433  0.0447  0.0435  0.0476  0.0411  0.0415
niter,ni,del,rscale     7    3    5.0000    1.2000
parameter  2  1.182031 ->  0.500000 qaram    1.1500
parameter  3  2.335136 ->  0.500000 qaram    1.3225
parameter  4  0.557459 ->  0.500000 qaram    1.5209
parameter  5  0.521727 ->  0.500000 qaram    1.5209
parameters
   -0.9272  -19.6075    3.3632  -14.6699  -18.0243  -14.0408
    7.0397   -1.2116   -6.3738   22.5702    0.0019  -23.2357
eta,q 0.97124 11.72480
  0.0416  0.0356  0.0292  0.0309  0.0307  0.0325  0.0313  0.0330  0.0301  0.0323  0.0302  0.0307
  0.0398  0.0359  0.0309  0.0302  0.0293  0.0308  0.0299  0.0307  0.0293  0.0305  0.0295  0.0296
  0.0388  0.0369  0.0333  0.0305  0.0288  0.0292  0.0290  0.0292  0.0288  0.0293  0.0290  0.0289
  0.0385  0.0385  0.0361  0.0315  0.0302  0.0290  0.0288  0.0288  0.0288  0.0288  0.0288  0.0288
  0.0391  0.0406  0.0393  0.0334  0.0340  0.0303  0.0294  0.0295  0.0293  0.0292  0.0288  0.0291
  0.0404  0.0431  0.0429  0.0364  0.0388  0.0324  0.0305  0.0310  0.0303  0.0306  0.0290  0.0299
  0.0424  0.0459  0.0468  0.0407  0.0427  0.0377  0.0322  0.0334  0.0315  0.0331  0.0295  0.0310
niter,ni,del,rscale     7    3    5.0000    1.2000
parameter  3  0.850265 ->  0.500000 qaram    1.5209
parameters
   -0.9741  -19.3520    1.5382  -13.2420  -17.9270  -15.2637
    7.1173   -1.4665   -6.4436   24.5655    0.4048  -26.0134
eta,q 0.97350 11.83437
  0.0321  0.0328  0.0267  0.0326  0.0333  0.0302  0.0300  0.0310  0.0290  0.0316  0.0275  0.0274
  0.0302  0.0308  0.0267  0.0297  0.0308  0.0286  0.0284  0.0288  0.0279  0.0295  0.0272  0.0267
  0.0291  0.0294  0.0274  0.0277  0.0284  0.0275  0.0274  0.0274  0.0272  0.0280  0.0269  0.0265
  0.0288  0.0288  0.0287  0.0268  0.0268  0.0268  0.0270  0.0270  0.0270  0.0270  0.0268  0.0268
  0.0292  0.0289  0.0309  0.0271  0.0266  0.0273  0.0273  0.0277  0.0273  0.0268  0.0268  0.0274
  0.0304  0.0299  0.0338  0.0282  0.0294  0.0291  0.0284  0.0293  0.0280  0.0272  0.0270  0.0284
  0.0323  0.0316  0.0370  0.0301  0.0344  0.0344  0.0299  0.0315  0.0290  0.0288  0.0274  0.0298
niter,ni,del,rscale     7    3    5.0000    1.2000
parameters
   -1.0285  -19.1928   -0.2228  -12.9021  -18.3861  -16.3739
    7.1897   -1.5598   -5.8919   26.2672    0.8739  -28.6953
eta,q 0.97454 11.84163
  0.0299  0.0305  0.0266  0.0302  0.0317  0.0292  0.0289  0.0298  0.0280  0.0299  0.0263  0.0264
  0.0280  0.0284  0.0258  0.0275  0.0293  0.0273  0.0273  0.0278  0.0269  0.0279  0.0260  0.0257
  0.0268  0.0270  0.0258  0.0260  0.0271  0.0262  0.0262  0.0264  0.0262  0.0266  0.0258  0.0255
  0.0265  0.0265  0.0265  0.0257  0.0257  0.0258  0.0259  0.0259  0.0259  0.0259  0.0257  0.0257
  0.0270  0.0267  0.0281  0.0263  0.0259  0.0259  0.0262  0.0264  0.0260  0.0257  0.0257  0.0264
  0.0283  0.0278  0.0306  0.0274  0.0292  0.0272  0.0272  0.0279  0.0265  0.0262  0.0259  0.0273
  0.0302  0.0297  0.0340  0.0293  0.0341  0.0337  0.0287  0.0300  0.0275  0.0276  0.0262  0.0284
niter,ni,del,rscale     6    3    5.0000    1.2000
parameters
   -1.0301  -19.0749   -1.0659  -12.8854  -19.1908  -17.0745
    7.2617   -1.6105   -5.6496   27.3202    0.3522  -29.8442
eta,q 0.97464 11.80351
  0.0291  0.0294  0.0274  0.0294  0.0311  0.0294  0.0285  0.0293  0.0275  0.0289  0.0259  0.0269
  0.0271  0.0273  0.0260  0.0269  0.0287  0.0273  0.0269  0.0273  0.0264  0.0272  0.0257  0.0259
  0.0259  0.0260  0.0253  0.0254  0.0266  0.0259  0.0258  0.0259  0.0257  0.0260  0.0255  0.0254
  0.0255  0.0255  0.0255  0.0253  0.0253  0.0254  0.0255  0.0255  0.0255  0.0255  0.0254  0.0254
  0.0259  0.0258  0.0264  0.0260  0.0257  0.0255  0.0258  0.0260  0.0256  0.0256  0.0255  0.0259
  0.0271  0.0269  0.0282  0.0271  0.0291  0.0264  0.0268  0.0274  0.0262  0.0262  0.0257  0.0267
  0.0291  0.0288  0.0307  0.0290  0.0346  0.0328  0.0283  0.0294  0.0272  0.0275  0.0262  0.0277
niter,ni,del,rscale     5    3    5.0000    1.2000
parameters
   -1.0341  -18.8474   -1.4782  -12.9793  -19.8778  -17.5825
    7.3133   -1.6786   -5.4491   28.1126   -0.2502  -30.4898
eta,q 0.97454 11.76211
  0.0289  0.0295  0.0281  0.0294  0.0310  0.0296  0.0284  0.0293  0.0274  0.0286  0.0260  0.0271
  0.0270  0.0273  0.0265  0.0268  0.0287  0.0274  0.0268  0.0273  0.0264  0.0271  0.0257  0.0261
  0.0258  0.0259  0.0255  0.0254  0.0267  0.0260  0.0258  0.0260  0.0258  0.0259  0.0255  0.0256
  0.0254  0.0254  0.0253  0.0253  0.0253  0.0255  0.0255  0.0255  0.0255  0.0255  0.0255  0.0255
  0.0258  0.0256  0.0261  0.0260  0.0255  0.0255  0.0258  0.0260  0.0257  0.0257  0.0256  0.0259
  0.0270  0.0266  0.0275  0.0272  0.0287  0.0263  0.0268  0.0274  0.0263  0.0264  0.0258  0.0266
  0.0289  0.0282  0.0297  0.0291  0.0343  0.0323  0.0283  0.0294  0.0272  0.0276  0.0262  0.0275
niter,ni,del,rscale     4    3    5.0000    1.2000
parameters
   -1.0376  -18.5939   -1.7764  -13.0527  -20.4968  -18.0508
    7.3161   -1.7058   -5.2447   28.9073   -0.7471  -30.8928
eta,q 0.97441 11.72369
  0.0290  0.0294  0.0283  0.0295  0.0308  0.0296  0.0284  0.0294  0.0275  0.0286  0.0261  0.0273
  0.0270  0.0273  0.0267  0.0270  0.0287  0.0275  0.0269  0.0274  0.0265  0.0271  0.0258  0.0262
  0.0259  0.0260  0.0257  0.0255  0.0268  0.0261  0.0259  0.0261  0.0259  0.0260  0.0257  0.0257
  0.0255  0.0255  0.0255  0.0254  0.0254  0.0256  0.0256  0.0256  0.0256  0.0256  0.0256  0.0256
  0.0259  0.0257  0.0261  0.0262  0.0255  0.0257  0.0260  0.0261  0.0258  0.0257  0.0257  0.0259
  0.0271  0.0266  0.0274  0.0273  0.0284  0.0264  0.0269  0.0275  0.0263  0.0264  0.0259  0.0266
  0.0290  0.0281  0.0295  0.0293  0.0339  0.0321  0.0283  0.0294  0.0273  0.0276  0.0263  0.0275
niter,ni,del,rscale     3    3    5.0000    1.2000
parameters
   -1.0277  -18.3219   -2.0467  -13.1378  -21.1318  -18.5374
    7.2765   -1.6789   -5.1404   29.7620   -0.8471  -31.0804
eta,q 0.97430 11.68163
  0.0291  0.0294  0.0285  0.0297  0.0306  0.0296  0.0284  0.0295  0.0275  0.0286  0.0263  0.0274
  0.0272  0.0273  0.0268  0.0271  0.0286  0.0275  0.0269  0.0276  0.0266  0.0272  0.0260  0.0264
  0.0260  0.0260  0.0258  0.0257  0.0268  0.0261  0.0260  0.0262  0.0260  0.0261  0.0258  0.0258
  0.0256  0.0256  0.0256  0.0256  0.0256  0.0257  0.0257  0.0257  0.0257  0.0257  0.0257  0.0257
  0.0260  0.0258  0.0262  0.0263  0.0255  0.0259  0.0261  0.0262  0.0259  0.0258  0.0258  0.0260
  0.0272  0.0266  0.0275  0.0275  0.0283  0.0266  0.0270  0.0275  0.0265  0.0265  0.0260  0.0266
  0.0290  0.0280  0.0295  0.0294  0.0337  0.0320  0.0284  0.0295  0.0274  0.0277  0.0264  0.0274
niter,ni,del,rscale     2    3    5.0000    1.2000
parameters
   -1.0065  -18.0223   -2.2982  -13.3234  -21.8394  -19.0477
    7.1849   -1.5957   -5.2490   30.7184   -0.4284  -31.0242
eta,q 0.97423 11.62703
  0.0292  0.0294  0.0285  0.0297  0.0303  0.0295  0.0284  0.0297  0.0275  0.0287  0.0265  0.0274
  0.0273  0.0274  0.0270  0.0272  0.0284  0.0275  0.0270  0.0277  0.0266  0.0273  0.0262  0.0265
  0.0261  0.0262  0.0260  0.0257  0.0268  0.0262  0.0261  0.0264  0.0260  0.0263  0.0259  0.0259
  0.0257  0.0257  0.0257  0.0257  0.0257  0.0258  0.0258  0.0258  0.0258  0.0258  0.0258  0.0258
  0.0261  0.0259  0.0262  0.0265  0.0256  0.0261  0.0262  0.0263  0.0260  0.0259  0.0258  0.0260
  0.0273  0.0266  0.0275  0.0277  0.0282  0.0267  0.0271  0.0276  0.0266  0.0265  0.0260  0.0265
  0.0291  0.0280  0.0295  0.0296  0.0334  0.0317  0.0285  0.0295  0.0276  0.0277  0.0264  0.0273
niter,ni,del,rscale     1    3    5.0000    1.2000
parameters
   -0.9788  -17.6865   -2.5326  -13.6395  -22.6641  -19.5691
    7.0657   -1.4779   -5.5156   31.7187    0.1990  -30.8843
eta,q 0.97422 11.55662
  0.0293  0.0294  0.0285  0.0298  0.0300  0.0293  0.0284  0.0298  0.0275  0.0289  0.0267  0.0274
  0.0274  0.0275  0.0270  0.0272  0.0281  0.0274  0.0270  0.0278  0.0266  0.0274  0.0262  0.0265
  0.0262  0.0262  0.0260  0.0258  0.0266  0.0261  0.0261  0.0264  0.0260  0.0263  0.0260  0.0259
  0.0258  0.0258  0.0258  0.0257  0.0257  0.0259  0.0258  0.0258  0.0258  0.0258  0.0258  0.0258
  0.0262  0.0259  0.0263  0.0267  0.0256  0.0262  0.0262  0.0263  0.0261  0.0259  0.0258  0.0260
  0.0273  0.0266  0.0275  0.0279  0.0281  0.0267  0.0272  0.0276  0.0268  0.0265  0.0260  0.0265
  0.0291  0.0279  0.0294  0.0297  0.0331  0.0313  0.0285  0.0295  0.0278  0.0277  0.0264  0.0272
registration optimization eta report
parameter search radius
    2.4000    2.7600    3.6501   10.9503   10.9503    9.5220
    7.2000    7.2000    7.2000    8.2800    7.2000    8.2800
100000*second partial in parameter space
       59.       38.       24.        3.        5.        5.
        5.        7.        3.        4.        1.        2.
  0.0293  0.0294  0.0285  0.0298  0.0300  0.0293  0.0284  0.0298  0.0275  0.0289  0.0267  0.0274
  0.0274  0.0275  0.0270  0.0272  0.0281  0.0274  0.0270  0.0278  0.0266  0.0274  0.0262  0.0265
  0.0262  0.0262  0.0260  0.0258  0.0266  0.0261  0.0261  0.0264  0.0260  0.0263  0.0260  0.0259
  0.0258  0.0258  0.0258  0.0257  0.0257  0.0259  0.0258  0.0258  0.0258  0.0258  0.0258  0.0258
  0.0262  0.0259  0.0263  0.0267  0.0256  0.0262  0.0262  0.0263  0.0261  0.0259  0.0258  0.0260
  0.0273  0.0266  0.0275  0.0279  0.0281  0.0267  0.0272  0.0276  0.0268  0.0265  0.0260  0.0265
  0.0291  0.0279  0.0294  0.0297  0.0331  0.0313  0.0285  0.0295  0.0278  0.0277  0.0264  0.0272
   -0.9788  -17.6865   -2.5326  -13.6395  -22.6641  -19.5691
    7.0657   -1.4779   -5.5156   31.7187    0.1990  -30.8843
eta,q 0.97422 11.55662

---------------------------------------------------------------------
imgreg_4dfp /opt/freesurfer/average/711-2C_as_mni_average_305 /opt/freesurfer/average/711-2B_as_mni_average_305_mask talsrcimg_g11 none talsrcimg_to_711-2C_as_mni_average_305_t4 2311
---------------------------------------------------------------------

freesurfer imgreg_4dfp.c
/opt/freesurfer/average/711-2C_as_mni_average_305.4dfp.img
       256       256       256         1
  1.000000  1.000000  1.000000
orientation T byte_order littleendian
Reading image: /opt/freesurfer/average/711-2C_as_mni_average_305.4dfp.img
dimensions:      256       256       256
mmppix:       1.0000   -1.0000   -1.0000
center:     128.0000 -129.0000 -129.0000
/opt/freesurfer/average/711-2B_as_mni_average_305_mask.4dfp.img
       256       256       256         1
  1.000000  1.000000  1.000000
orientation T byte_order littleendian
Reading mask: /opt/freesurfer/average/711-2B_as_mni_average_305_mask.4dfp.img (2306576 pixels)
talsrcimg_g11.4dfp.img
       256       256       256         1
  1.000000  1.000000  1.000000
orientation T byte_order littleendian
Reading image: talsrcimg_g11.4dfp.img
dimensions:      256       256       256
mmppix:       1.0000   -1.0000   -1.0000
center:     128.0000 -129.0000 -129.0000
fimgreg.f
image alignment mode   2311 decimal      907 hex
parameters
   -0.9788  -17.6865   -2.5326  -13.6395  -22.6641  -19.5691
    7.0657   -1.4779   -5.5156   31.7187    0.1990  -30.8843
eta,q 0.97422 11.55662
niter,ni,del,rscale     5    3    5.0000    0.8000
parameters
   -0.9613  -17.3963   -2.6593  -15.2195  -21.0684  -18.8104
    7.1097   -1.3609   -5.7847   32.2910    0.5625  -30.8260
eta,q 0.97459 11.57235
  0.0274  0.0271  0.0263  0.0262  0.0268  0.0264  0.0267  0.0274  0.0262  0.0265  0.0258  0.0260
  0.0265  0.0264  0.0260  0.0257  0.0263  0.0259  0.0260  0.0263  0.0258  0.0259  0.0256  0.0257
  0.0260  0.0260  0.0258  0.0256  0.0259  0.0255  0.0256  0.0257  0.0255  0.0256  0.0255  0.0255
  0.0258  0.0258  0.0258  0.0258  0.0256  0.0254  0.0255  0.0255  0.0255  0.0254  0.0254  0.0254
  0.0259  0.0258  0.0259  0.0262  0.0254  0.0255  0.0256  0.0256  0.0256  0.0254  0.0254  0.0255
  0.0265  0.0260  0.0261  0.0267  0.0255  0.0257  0.0260  0.0262  0.0259  0.0256  0.0255  0.0257
  0.0273  0.0264  0.0265  0.0273  0.0259  0.0258  0.0267  0.0272  0.0264  0.0261  0.0257  0.0260
niter,ni,del,rscale     4    3    5.0000    0.7000
parameters
   -0.9411  -17.5417   -2.5633  -15.0759  -21.0697  -18.1675
    7.1595   -1.2906   -5.8757   32.3046    0.5749  -30.8080
eta,q 0.97457 11.61770
  0.0267  0.0260  0.0260  0.0264  0.0262  0.0260  0.0264  0.0268  0.0261  0.0260  0.0257  0.0259
  0.0260  0.0256  0.0257  0.0258  0.0259  0.0256  0.0259  0.0261  0.0257  0.0257  0.0255  0.0256
  0.0256  0.0254  0.0255  0.0255  0.0256  0.0254  0.0256  0.0256  0.0255  0.0255  0.0255  0.0255
  0.0254  0.0254  0.0254  0.0254  0.0254  0.0254  0.0254  0.0254  0.0254  0.0254  0.0254  0.0254
  0.0255  0.0256  0.0254  0.0255  0.0254  0.0255  0.0255  0.0256  0.0255  0.0254  0.0254  0.0255
  0.0259  0.0259  0.0256  0.0258  0.0257  0.0256  0.0259  0.0260  0.0257  0.0256  0.0255  0.0256
  0.0266  0.0263  0.0258  0.0262  0.0264  0.0256  0.0264  0.0267  0.0261  0.0261  0.0257  0.0258
niter,ni,del,rscale     3    3    5.0000    0.6000
parameters
   -0.9394  -17.6062   -2.4332  -15.0765  -20.6915  -17.6697
    7.1883   -1.2685   -5.8659   32.2772    0.5988  -30.6744
eta,q 0.97460 11.65951
  0.0263  0.0259  0.0259  0.0261  0.0262  0.0257  0.0262  0.0264  0.0259  0.0259  0.0256  0.0258
  0.0258  0.0256  0.0256  0.0257  0.0258  0.0255  0.0257  0.0258  0.0256  0.0256  0.0255  0.0256
  0.0255  0.0255  0.0255  0.0255  0.0256  0.0254  0.0255  0.0255  0.0255  0.0255  0.0254  0.0254
  0.0254  0.0254  0.0254  0.0254  0.0254  0.0254  0.0254  0.0254  0.0254  0.0254  0.0254  0.0254
  0.0255  0.0255  0.0254  0.0255  0.0254  0.0254  0.0255  0.0255  0.0254  0.0254  0.0254  0.0254
  0.0258  0.0257  0.0255  0.0257  0.0255  0.0255  0.0257  0.0258  0.0256  0.0256  0.0255  0.0255
  0.0263  0.0260  0.0257  0.0260  0.0260  0.0255  0.0261  0.0264  0.0259  0.0259  0.0256  0.0257
niter,ni,del,rscale     2    3    5.0000    0.5000
parameters
   -0.9386  -17.7106   -2.3346  -15.0300  -20.3240  -17.0799
    7.2103   -1.2679   -5.8192   32.2523    0.6583  -30.5866
eta,q 0.97462 11.71007
  0.0260  0.0257  0.0257  0.0259  0.0260  0.0256  0.0259  0.0260  0.0257  0.0257  0.0255  0.0256
  0.0257  0.0255  0.0255  0.0256  0.0257  0.0254  0.0256  0.0257  0.0255  0.0256  0.0254  0.0255
  0.0255  0.0254  0.0254  0.0254  0.0255  0.0254  0.0254  0.0255  0.0254  0.0255  0.0254  0.0254
  0.0254  0.0254  0.0254  0.0254  0.0254  0.0254  0.0254  0.0254  0.0254  0.0254  0.0254  0.0254
  0.0255  0.0255  0.0254  0.0255  0.0254  0.0254  0.0254  0.0255  0.0254  0.0254  0.0254  0.0254
  0.0257  0.0256  0.0255  0.0256  0.0255  0.0254  0.0256  0.0257  0.0255  0.0255  0.0254  0.0255
  0.0260  0.0259  0.0256  0.0258  0.0258  0.0254  0.0259  0.0260  0.0257  0.0258  0.0255  0.0256
niter,ni,del,rscale     1    3    5.0000    0.4000
parameter  6 -0.548438 -> -0.500000 qaram    1.1500
parameters
   -0.9425  -17.8283   -2.2286  -14.9354  -19.9771  -15.6999
    7.2741   -1.3757   -5.7090   32.4051    0.6738  -30.8104
eta,q 0.97467 11.81281
  0.0258  0.0256  0.0256  0.0257  0.0258  0.0255  0.0257  0.0257  0.0256  0.0257  0.0254  0.0255
  0.0256  0.0254  0.0255  0.0255  0.0256  0.0254  0.0255  0.0255  0.0254  0.0255  0.0253  0.0254
  0.0254  0.0254  0.0254  0.0254  0.0255  0.0254  0.0254  0.0254  0.0254  0.0254  0.0253  0.0253
  0.0254  0.0254  0.0254  0.0254  0.0254  0.0254  0.0253  0.0253  0.0253  0.0253  0.0253  0.0253
  0.0254  0.0254  0.0254  0.0254  0.0254  0.0253  0.0254  0.0254  0.0254  0.0253  0.0253  0.0254
  0.0256  0.0256  0.0254  0.0255  0.0254  0.0253  0.0255  0.0255  0.0254  0.0254  0.0253  0.0254
  0.0258  0.0257  0.0255  0.0256  0.0256  0.0253  0.0257  0.0258  0.0255  0.0256  0.0254  0.0255
niter,ni,del,rscale     1    3    5.0000    0.4000
parameter 11  0.715777 ->  0.500000 qaram    1.1500
parameters
   -0.9440  -18.0075   -2.1276  -14.4601  -19.7593  -14.9094
    7.3554   -1.5434   -5.5952   32.0432   -0.7062  -31.3104
eta,q 0.97477 11.89537
  0.0257  0.0255  0.0255  0.0257  0.0258  0.0255  0.0256  0.0256  0.0255  0.0255  0.0252  0.0253
  0.0255  0.0254  0.0254  0.0255  0.0256  0.0254  0.0254  0.0254  0.0254  0.0254  0.0252  0.0253
  0.0254  0.0253  0.0253  0.0254  0.0254  0.0254  0.0253  0.0253  0.0253  0.0253  0.0252  0.0252
  0.0253  0.0253  0.0253  0.0253  0.0253  0.0253  0.0252  0.0252  0.0252  0.0252  0.0252  0.0252
  0.0254  0.0254  0.0253  0.0253  0.0253  0.0252  0.0253  0.0253  0.0253  0.0253  0.0253  0.0253
  0.0255  0.0255  0.0254  0.0254  0.0254  0.0252  0.0254  0.0254  0.0253  0.0255  0.0253  0.0254
  0.0257  0.0258  0.0254  0.0254  0.0257  0.0254  0.0256  0.0257  0.0254  0.0258  0.0253  0.0255
niter,ni,del,rscale     1    3    5.0000    0.4000
parameter 11  1.097350 ->  0.500000 qaram    1.3225
parameters
   -0.9549  -18.2020   -2.0698  -13.5724  -19.3457  -14.6156
    7.5780   -1.8942   -5.1855   31.4609   -2.2932  -31.3927
eta,q 0.97494 11.96913
  0.0256  0.0254  0.0254  0.0256  0.0258  0.0255  0.0255  0.0254  0.0254  0.0253  0.0251  0.0253
  0.0254  0.0253  0.0253  0.0254  0.0255  0.0254  0.0253  0.0252  0.0253  0.0252  0.0251  0.0251
  0.0253  0.0252  0.0252  0.0253  0.0253  0.0253  0.0252  0.0251  0.0252  0.0251  0.0251  0.0251
  0.0252  0.0252  0.0252  0.0252  0.0252  0.0252  0.0251  0.0251  0.0251  0.0251  0.0251  0.0251
  0.0253  0.0253  0.0252  0.0252  0.0252  0.0251  0.0251  0.0252  0.0251  0.0252  0.0251  0.0251
  0.0254  0.0255  0.0253  0.0252  0.0253  0.0251  0.0252  0.0254  0.0252  0.0254  0.0252  0.0252
  0.0256  0.0257  0.0254  0.0253  0.0255  0.0256  0.0254  0.0256  0.0253  0.0257  0.0252  0.0253
niter,ni,del,rscale     1    3    5.0000    0.4000
parameters
   -1.0226  -18.3933   -1.9535  -12.5173  -18.9948  -14.5388
    7.7026   -2.0841   -4.9587   30.9726   -2.5039  -31.1363
eta,q 0.97505 12.04334
  0.0254  0.0252  0.0253  0.0253  0.0256  0.0256  0.0254  0.0254  0.0252  0.0252  0.0251  0.0253
  0.0252  0.0251  0.0252  0.0252  0.0253  0.0254  0.0252  0.0251  0.0251  0.0251  0.0250  0.0251
  0.0251  0.0250  0.0251  0.0251  0.0251  0.0252  0.0250  0.0250  0.0250  0.0250  0.0250  0.0250
  0.0251  0.0251  0.0250  0.0250  0.0250  0.0250  0.0250  0.0250  0.0250  0.0250  0.0250  0.0250
  0.0251  0.0251  0.0250  0.0250  0.0250  0.0249  0.0250  0.0251  0.0250  0.0250  0.0250  0.0250
  0.0253  0.0253  0.0251  0.0250  0.0251  0.0251  0.0251  0.0252  0.0250  0.0252  0.0250  0.0250
  0.0255  0.0255  0.0252  0.0250  0.0254  0.0257  0.0253  0.0255  0.0252  0.0255  0.0251  0.0252
registration optimization eta report
parameter search radius
    0.8000    0.8000    0.8000    2.4000    2.4000    2.7600
    2.4000    2.4000    2.4000    2.4000    3.1740    2.4000
100000*second partial in parameter space
       62.       50.       32.        3.        9.        9.
        6.        8.        4.        7.        2.        5.
  0.0254  0.0252  0.0253  0.0253  0.0256  0.0256  0.0254  0.0254  0.0252  0.0252  0.0251  0.0253
  0.0252  0.0251  0.0252  0.0252  0.0253  0.0254  0.0252  0.0251  0.0251  0.0251  0.0250  0.0251
  0.0251  0.0250  0.0251  0.0251  0.0251  0.0252  0.0250  0.0250  0.0250  0.0250  0.0250  0.0250
  0.0251  0.0251  0.0250  0.0250  0.0250  0.0250  0.0250  0.0250  0.0250  0.0250  0.0250  0.0250
  0.0251  0.0251  0.0250  0.0250  0.0250  0.0249  0.0250  0.0251  0.0250  0.0250  0.0250  0.0250
  0.0253  0.0253  0.0251  0.0250  0.0251  0.0251  0.0251  0.0252  0.0250  0.0252  0.0250  0.0250
  0.0255  0.0255  0.0252  0.0250  0.0254  0.0257  0.0253  0.0255  0.0252  0.0255  0.0251  0.0252
   -1.0226  -18.3933   -1.9535  -12.5173  -18.9948  -14.5388
    7.7026   -2.0841   -4.9587   30.9726   -2.5039  -31.1363
eta,q 0.97505 12.04334

---------------------------------------------------------------------
imgreg_4dfp /opt/freesurfer/average/711-2C_as_mni_average_305 /opt/freesurfer/average/711-2B_as_mni_average_305_mask talsrcimg_g11 none talsrcimg_to_711-2C_as_mni_average_305_t4 2311
---------------------------------------------------------------------

freesurfer imgreg_4dfp.c
/opt/freesurfer/average/711-2C_as_mni_average_305.4dfp.img
       256       256       256         1
  1.000000  1.000000  1.000000
orientation T byte_order littleendian
Reading image: /opt/freesurfer/average/711-2C_as_mni_average_305.4dfp.img
dimensions:      256       256       256
mmppix:       1.0000   -1.0000   -1.0000
center:     128.0000 -129.0000 -129.0000
/opt/freesurfer/average/711-2B_as_mni_average_305_mask.4dfp.img
       256       256       256         1
  1.000000  1.000000  1.000000
orientation T byte_order littleendian
Reading mask: /opt/freesurfer/average/711-2B_as_mni_average_305_mask.4dfp.img (2306576 pixels)
talsrcimg_g11.4dfp.img
       256       256       256         1
  1.000000  1.000000  1.000000
orientation T byte_order littleendian
Reading image: talsrcimg_g11.4dfp.img
dimensions:      256       256       256
mmppix:       1.0000   -1.0000   -1.0000
center:     128.0000 -129.0000 -129.0000
fimgreg.f
image alignment mode   2311 decimal      907 hex
parameters
   -1.0226  -18.3933   -1.9535  -12.5173  -18.9948  -14.5388
    7.7026   -2.0841   -4.9587   30.9726   -2.5039  -31.1363
eta,q 0.97505 12.04334
niter,ni,del,rscale     5    3    5.0000    0.8000
parameters
   -1.0576  -18.5622   -1.7815  -12.1077  -19.1737  -15.4425
    7.7222   -2.0147   -4.9623   29.7759   -2.8931  -31.0213
eta,q 0.97486 11.99887
  0.0265  0.0260  0.0260  0.0257  0.0267  0.0260  0.0265  0.0270  0.0260  0.0257  0.0254  0.0262
  0.0256  0.0254  0.0255  0.0252  0.0259  0.0257  0.0258  0.0259  0.0256  0.0253  0.0252  0.0255
  0.0251  0.0250  0.0251  0.0250  0.0253  0.0253  0.0253  0.0253  0.0253  0.0252  0.0251  0.0252
  0.0250  0.0250  0.0249  0.0249  0.0249  0.0250  0.0252  0.0252  0.0252  0.0252  0.0252  0.0251
  0.0252  0.0252  0.0250  0.0250  0.0251  0.0249  0.0253  0.0254  0.0252  0.0254  0.0252  0.0253
  0.0257  0.0257  0.0252  0.0251  0.0258  0.0261  0.0258  0.0259  0.0255  0.0260  0.0253  0.0256
  0.0266  0.0266  0.0256  0.0255  0.0273  0.0290  0.0265  0.0267  0.0260  0.0270  0.0254  0.0260
niter,ni,del,rscale     4    3    5.0000    0.7000
parameters
   -1.0393  -18.6256   -1.7203  -12.4211  -18.6506  -15.2376
    7.6188   -2.0825   -5.0169   29.5828   -2.6944  -30.8276
eta,q 0.97497 12.00394
  0.0264  0.0260  0.0257  0.0255  0.0267  0.0259  0.0261  0.0264  0.0257  0.0257  0.0253  0.0259
  0.0257  0.0255  0.0254  0.0253  0.0261  0.0255  0.0255  0.0255  0.0253  0.0253  0.0251  0.0254
  0.0253  0.0252  0.0252  0.0251  0.0255  0.0253  0.0251  0.0251  0.0251  0.0251  0.0250  0.0251
  0.0251  0.0251  0.0251  0.0251  0.0251  0.0251  0.0250  0.0250  0.0250  0.0250  0.0250  0.0250
  0.0253  0.0253  0.0252  0.0252  0.0251  0.0249  0.0252  0.0252  0.0251  0.0251  0.0251  0.0251
  0.0257  0.0256  0.0253  0.0254  0.0254  0.0250  0.0256  0.0257  0.0253  0.0254  0.0251  0.0253
  0.0263  0.0262  0.0256  0.0256  0.0262  0.0261  0.0262  0.0264  0.0257  0.0259  0.0252  0.0257
niter,ni,del,rscale     3    3    5.0000    0.6000
parameters
   -1.0539  -18.7168   -1.6557  -12.3996  -18.3907  -14.5412
    7.5987   -2.0790   -5.0921   29.7002   -2.2783  -30.6590
eta,q 0.97512 12.05250
  0.0259  0.0256  0.0255  0.0254  0.0262  0.0257  0.0257  0.0260  0.0254  0.0256  0.0251  0.0256
  0.0254  0.0253  0.0252  0.0251  0.0257  0.0254  0.0253  0.0253  0.0251  0.0252  0.0250  0.0252
  0.0251  0.0251  0.0251  0.0250  0.0253  0.0252  0.0250  0.0250  0.0249  0.0250  0.0249  0.0249
  0.0250  0.0250  0.0250  0.0250  0.0250  0.0250  0.0249  0.0249  0.0249  0.0249  0.0249  0.0249
  0.0251  0.0251  0.0251  0.0251  0.0250  0.0248  0.0250  0.0250  0.0249  0.0249  0.0249  0.0249
  0.0254  0.0254  0.0252  0.0252  0.0253  0.0248  0.0253  0.0254  0.0251  0.0251  0.0249  0.0251
  0.0259  0.0259  0.0254  0.0253  0.0260  0.0255  0.0258  0.0259  0.0254  0.0256  0.0250  0.0254
niter,ni,del,rscale     2    3    5.0000    0.5000
parameters
   -1.0510  -18.8023   -1.5532  -12.1224  -18.2137  -13.9764
    7.6423   -2.0528   -5.1247   29.6687   -1.7440  -30.5032
eta,q 0.97524 12.10480
  0.0255  0.0253  0.0253  0.0251  0.0258  0.0255  0.0254  0.0256  0.0251  0.0253  0.0250  0.0253
  0.0252  0.0251  0.0251  0.0250  0.0254  0.0253  0.0250  0.0251  0.0249  0.0250  0.0248  0.0250
  0.0250  0.0249  0.0249  0.0249  0.0250  0.0251  0.0248  0.0248  0.0248  0.0248  0.0248  0.0248
  0.0249  0.0249  0.0249  0.0249  0.0249  0.0249  0.0248  0.0248  0.0248  0.0248  0.0248  0.0248
  0.0250  0.0250  0.0249  0.0249  0.0249  0.0247  0.0248  0.0249  0.0248  0.0248  0.0248  0.0248
  0.0252  0.0252  0.0250  0.0249  0.0251  0.0248  0.0250  0.0251  0.0249  0.0250  0.0248  0.0249
  0.0255  0.0255  0.0251  0.0250  0.0257  0.0253  0.0254  0.0255  0.0251  0.0254  0.0248  0.0251
niter,ni,del,rscale     1    3    5.0000    0.4000
parameters
   -1.0362  -18.8905   -1.4366  -11.8588  -18.0359  -13.4120
    7.6544   -1.9873   -5.1394   29.5534   -0.9903  -30.3411
eta,q 0.97536 12.15389
  0.0252  0.0250  0.0251  0.0249  0.0254  0.0253  0.0250  0.0252  0.0249  0.0250  0.0248  0.0250
  0.0249  0.0249  0.0249  0.0248  0.0251  0.0251  0.0248  0.0249  0.0248  0.0248  0.0247  0.0248
  0.0248  0.0248  0.0248  0.0248  0.0249  0.0249  0.0247  0.0247  0.0247  0.0247  0.0247  0.0247
  0.0248  0.0248  0.0248  0.0248  0.0248  0.0247  0.0246  0.0246  0.0246  0.0246  0.0247  0.0246
  0.0248  0.0248  0.0248  0.0248  0.0248  0.0246  0.0247  0.0247  0.0247  0.0247  0.0246  0.0247
  0.0249  0.0250  0.0248  0.0248  0.0249  0.0247  0.0248  0.0249  0.0248  0.0249  0.0247  0.0248
  0.0252  0.0252  0.0249  0.0248  0.0253  0.0251  0.0250  0.0251  0.0249  0.0251  0.0247  0.0249
registration optimization eta report
parameter search radius
    0.8000    0.8000    0.8000    2.4000    2.4000    2.4000
    2.4000    2.4000    2.4000    2.4000    2.4000    2.4000
100000*second partial in parameter space
       64.       57.       35.        2.       10.        8.
        7.        9.        4.        7.        2.        5.
  0.0252  0.0250  0.0251  0.0249  0.0254  0.0253  0.0250  0.0252  0.0249  0.0250  0.0248  0.0250
  0.0249  0.0249  0.0249  0.0248  0.0251  0.0251  0.0248  0.0249  0.0248  0.0248  0.0247  0.0248
  0.0248  0.0248  0.0248  0.0248  0.0249  0.0249  0.0247  0.0247  0.0247  0.0247  0.0247  0.0247
  0.0248  0.0248  0.0248  0.0248  0.0248  0.0247  0.0246  0.0246  0.0246  0.0246  0.0247  0.0246
  0.0248  0.0248  0.0248  0.0248  0.0248  0.0246  0.0247  0.0247  0.0247  0.0247  0.0246  0.0247
  0.0249  0.0250  0.0248  0.0248  0.0249  0.0247  0.0248  0.0249  0.0248  0.0249  0.0247  0.0248
  0.0252  0.0252  0.0249  0.0248  0.0253  0.0251  0.0250  0.0251  0.0249  0.0251  0.0247  0.0249
   -1.0362  -18.8905   -1.4366  -11.8588  -18.0359  -13.4120
    7.6544   -1.9873   -5.1394   29.5534   -0.9903  -30.3411
eta,q 0.97536 12.15389

---------------------------------------------------------------------
compute_vox2vox talsrcimg talsrcimg_to_711-2C_as_mni_average_305_t4 /opt/freesurfer/average/711-2C_as_mni_average_305
---------------------------------------------------------------------

freesurfer compute_vox2vox.c
Reading: talsrcimg.4dfp.ifh
Reading: talsrcimg_to_711-2C_as_mni_average_305_t4
Reading: /opt/freesurfer/average/711-2C_as_mni_average_305.4dfp.ifh
Writing: talsrcimg_to_711-2C_as_mni_average_305_t4_vox2vox.txt

start time Mon Mar 9 20:48:12 CET 2026
end		time Mon Mar 9 20:49:40 CET 2026

mpr2mni305 success

avi2talxfm orig_nu.mgz /opt/freesurfer/average/mni305.cor.mgz talsrcimg_to_711-2C_as_mni_average_305_t4_vox2vox.txt transforms/talairach.auto.xfm
avi2talxfm done
mv -f /out/sourcedata/freesurfer/sub-v1s23x0050614_ses-1/mri/talsrcimg_to_711-2C_as_mni_average_305_t4_vox2vox.txt /out/sourcedata/freesurfer/sub-v1s23x0050614_ses-1/mri/transforms/talsrcimg_to_711-2C_as_mni_average_305_t4_vox2vox.txt
lta_convert --src orig_nu.mgz --trg /opt/freesurfer/average/mni305.cor.mgz --inxfm transforms/talairach.auto.xfm --outlta transforms/talairach.auto.xfm.lta --subject fsaverage
7.3.2

--src: orig_nu.mgz src image (geometry).
--trg: /opt/freesurfer/average/mni305.cor.mgz trg image (geometry).
--inmni: transforms/talairach.auto.xfm input MNI/XFM transform.
--outlta: transforms/talairach.auto.xfm.lta output LTA.
--s: fsaverage subject name
 LTA read, type : 1
 1.13019   0.05501  -0.08518  -36.73029;
 0.03352   1.02698   0.37703   48.39120;
 0.05878  -0.36684   1.07876  -25.73363;
 0.00000   0.00000   0.00000   1.00000;
setting subject to fsaverage
Writing  LTA to file transforms/talairach.auto.xfm.lta...
lta_convert successful.
 
 
Started at Mon Mar 9 20:48:12 CET 2026
Ended   at Mon Mar  9 20:49:40 CET 2026
talairach_avi done
