04764152-f974-42a0-a041-495a425456fe oesteban@dna035:/tmp/59438210/oesteban/bootstrap-fmriprep/59438210_488/project/derivatives/v1s23 timestamp=1773078343.87952649s
04a5c391-5d59-42bb-81b7-c5ec8d4d40d7 oesteban@dna006:/tmp/59438541/oesteban/bootstrap-fmriprep/59438541_497/project/derivatives/v1s23 timestamp=1773082095.340811281s
07bdff59-2782-46b7-ba4d-7ed9ef70b0da oesteban@dna038:/tmp/59438354/oesteban/bootstrap-fmriprep/59438354_491/project/derivatives/v1s23 timestamp=1773079813.988405625s
1f8be419-f269-4197-b911-79e9ad2a7bd1 oesteban@dna043:/tmp/59438845/oesteban/bootstrap-fmriprep/59438845_518/project/derivatives/v1s23 timestamp=1773086461.061176448s
2187c2be-d4f1-496c-9e85-a0afbb9fed50 oesteban@dna020:/tmp/59438738/oesteban/bootstrap-fmriprep/59438738_507/project/derivatives/v1s23 timestamp=1773085050.347499678s
31f45138-d180-453e-96c1-b7385bc1d983 oesteban@dna063:/tmp/59438004/oesteban/bootstrap-fmriprep/59438004_484/project/derivatives/v1s23 timestamp=1773077494.018855418s
321b9d76-c934-496d-8fdf-bcd2bcd8a2af oesteban@dna013:/tmp/59438348/oesteban/bootstrap-fmriprep/59438348_489/project/derivatives/v1s23 timestamp=1773079779.114582567s
376283de-3639-46d0-8262-6e279b88cc83 oesteban@dna029:/tmp/59436268/oesteban/bootstrap-fmriprep/59436268_478/project/derivatives/v1s23 timestamp=1773072638.752409272s
3ae94444-5bc7-469c-b6ac-c611bb7b264e oesteban@dna030:/tmp/59438108/oesteban/bootstrap-fmriprep/59438108_487/project/derivatives/v1s23 timestamp=1773077915.518490542s
4317dbdc-d4a0-4d2c-aa0b-bc1ec52eb293 oesteban@dna056:/tmp/59436297/oesteban/bootstrap-fmriprep/59436297_480/project/derivatives/v1s23 timestamp=1773072818.504239718s
46dfcef9-21b9-444f-82e0-e0469fdde2aa oesteban@dna020:/tmp/59438542/oesteban/bootstrap-fmriprep/59438542_498/project/derivatives/v1s23 timestamp=1773082094.544534199s
48e4cb5b-a007-4730-acdf-0160031c1423 oesteban@dna018:/tmp/59438501/oesteban/bootstrap-fmriprep/59438501_495/project/derivatives/v1s23 timestamp=1773081493.314922115s
4a3a4168-9960-4a24-b282-f79703415078 oesteban@dna030:/tmp/59438769/oesteban/bootstrap-fmriprep/59438769_510/project/derivatives/v1s23 timestamp=1773085300.361681429s
52b098d4-0bbf-4dc0-b370-be7b9a1efe4b oesteban@dna010:/tmp/59436265/oesteban/bootstrap-fmriprep/59436265_476/project/derivatives/v1s23 timestamp=1773072608.130184327s
546934aa-1b43-4a70-ad99-4a69874d9231 oesteban@dna059:/tmp/59438455/oesteban/bootstrap-fmriprep/59438455_494/project/derivatives/v1s23 timestamp=1773080771.403863685s
54aa5541-6fc8-43c0-b4a4-065bd0f0a2fc oesteban@dna074:/tmp/59436075/oesteban/bootstrap-fmriprep/59436075_474/project/derivatives/v1s23 timestamp=1773072339.479753676s
681c7109-c9d5-445a-a40f-f4a6a153cc03 oesteban@dna059:/tmp/59438005/oesteban/bootstrap-fmriprep/59438005_485/project/derivatives/v1s23 timestamp=1773077496.258555659s
6dd2990a-b041-4de8-9cdd-3714fd66e7ce oesteban@dna021:/tmp/59438838/oesteban/bootstrap-fmriprep/59438838_516/project/derivatives/v1s23 timestamp=1773086185.013847106s
706e5316-a652-45d2-b48b-2e8a2d78d2a4 oesteban@dna030:/tmp/59438742/oesteban/bootstrap-fmriprep/59438742_508/project/derivatives/v1s23 timestamp=1773085112.732925939s
738922af-f2ed-432a-93fd-7f512714df4b oesteban@dna061:/tmp/59438813/oesteban/bootstrap-fmriprep/59438813_512/project/derivatives/v1s23 timestamp=1773085773.645320635s
80b0252a-1705-430e-9142-ea37e4a94e51 oesteban@Mac:~/workspace/abide_preproc/derivatives/v1s23 timestamp=1772959748s
8498bc74-2384-4ad0-bf3d-bcd9d42d9fe3 oesteban@dna048:/tmp/59438886/oesteban/bootstrap-fmriprep/59438886_522/project/derivatives/v1s23 timestamp=1773086986.731209169s
959e6988-5e44-4678-9c25-92fd510a2025 oesteban@dna065:/tmp/59438433/oesteban/bootstrap-fmriprep/59438433_493/project/derivatives/v1s23 timestamp=1773080592.195833463s
98cb3f83-d397-471c-a829-a61108ccaf3d oesteban@curnagl:/scratch/oesteban/abide_fmriprep/derivatives/v1s23 timestamp=1772982582.552375491s
a33d5d49-d947-4998-aa52-0b4900e71d3b oesteban@dna058:/tmp/59435355/oesteban/bootstrap-fmriprep/59435355_472/project/derivatives/v1s23 timestamp=1773071526.873897426s
a471d96b-1aff-4d35-aafa-7639da23011d oesteban@dna056:/tmp/59436299/oesteban/bootstrap-fmriprep/59436299_481/project/derivatives/v1s23 timestamp=1773072848.414476716s
a73ceb2f-0c5a-4391-9792-f3e487f15d74 oesteban@dna050:/tmp/59438021/oesteban/bootstrap-fmriprep/59438021_486/project/derivatives/v1s23 timestamp=1773077553.969893948s
afb83857-73bc-489b-be9d-f55f2c66583f oesteban@dna020:/tmp/59438763/oesteban/bootstrap-fmriprep/59438763_509/project/derivatives/v1s23 timestamp=1773085261.296847795s
b27170a1-5154-403b-9c5a-83045614441a oesteban@dna010:/tmp/59438656/oesteban/bootstrap-fmriprep/59438656_501/project/derivatives/v1s23 timestamp=1773083718.288178772s
b3ced6c0-08d5-42ac-be40-6671f1118bfa oesteban@dna043:/tmp/59438846/oesteban/bootstrap-fmriprep/59438846_519/project/derivatives/v1s23 timestamp=1773086461.253976559s
b5d8b6c1-1177-46f7-a911-2572bc4d4414 oesteban@dna062:/tmp/59435356/oesteban/bootstrap-fmriprep/59435356_473/project/derivatives/v1s23 timestamp=1773071526.748949902s
bc24b82e-4161-4f33-9920-86a9c1ecf286 oesteban@dna052:/tmp/59438705/oesteban/bootstrap-fmriprep/59438705_504/project/derivatives/v1s23 timestamp=1773084575.131163338s
c1af01dd-7d9b-48e9-9605-ac50a4546811 oesteban@dna058:/tmp/59438836/oesteban/bootstrap-fmriprep/59438836_515/project/derivatives/v1s23 timestamp=1773086120.964118643s
c64bbfd0-22e5-4d7e-8270-8d22d298c489 oesteban@dna077:/tmp/59436436/oesteban/bootstrap-fmriprep/59436436_483/project/derivatives/v1s23 timestamp=1773074257.627465652s
c6f30ff0-5216-418d-8ae5-5ce0a2e4985f oesteban@dna061:/tmp/59438513/oesteban/bootstrap-fmriprep/59438513_496/project/derivatives/v1s23 timestamp=1773081643.713073302s
c9b060f7-77e9-4638-bdbd-046037f57d36 oesteban@dna014:/tmp/59438881/oesteban/bootstrap-fmriprep/59438881_521/project/derivatives/v1s23 timestamp=1773086929.049776138s
d0c85bb5-c313-4bd6-a338-41dd2cc2d375 oesteban@dna006:/tmp/59436362/oesteban/bootstrap-fmriprep/59436362_482/project/derivatives/v1s23 timestamp=1773073568.475780665s
d1fdd2e6-4c42-4168-a4f7-77627ac92047 oesteban@dna025:/tmp/59438353/oesteban/bootstrap-fmriprep/59438353_490/project/derivatives/v1s23 timestamp=1773079811.177026439s
d5029161-1919-4afa-9557-219f77da03dd oesteban@dna009:/tmp/59436077/oesteban/bootstrap-fmriprep/59436077_475/project/derivatives/v1s23 timestamp=1773072368.431504946s
dc59f940-940d-4c7f-992d-430dbb926dc0 oesteban@dna060:/tmp/59436295/oesteban/bootstrap-fmriprep/59436295_479/project/derivatives/v1s23 timestamp=1773072788.167902228s
e35b07df-e56a-4bdf-8ca1-79d6074aa804 oesteban@dna058:/tmp/59438672/oesteban/bootstrap-fmriprep/59438672_503/project/derivatives/v1s23 timestamp=1773084079.088507421s
ed739250-1346-40be-b8f0-eebfe25e7459 oesteban@dna029:/tmp/59438657/oesteban/bootstrap-fmriprep/59438657_502/project/derivatives/v1s23 timestamp=1773083778.801134371s
f183665e-dab1-4916-8f40-ce5b1528142f oesteban@dna010:/tmp/59438397/oesteban/bootstrap-fmriprep/59438397_492/project/derivatives/v1s23 timestamp=1773080214.827865087s
f9bce0bf-9544-4179-93bb-6f45d6c0f031 oesteban@dna061:/tmp/59438616/oesteban/bootstrap-fmriprep/59438616_499/project/derivatives/v1s23 timestamp=1773082966.173517405s
ff7f2ade-b762-4760-afc0-9b7ab0f300c1 git@0cf3a9a26dcd:/data/repos/abide-fmriprep/v1s23.git timestamp=1773071528.651887961s
