status file for recon-all
Mon Mar  9 19:26:25 CET 2026
#@# MotionCor Mon Mar  9 19:26:26 CET 2026
#@# Talairach Mon Mar  9 19:26:32 CET 2026
#@# Talairach Failure Detection Mon Mar  9 19:29:21 CET 2026
#@# Nu Intensity Correction Mon Mar  9 19:29:21 CET 2026
#@# Intensity Normalization Mon Mar  9 19:32:05 CET 2026
recon-all -s sub-v1s23x0050576_ses-1 finished without error at Mon Mar  9 19:32:58 CET 2026



#New# invocation of recon-all 



status file for recon-all
Mon Mar  9 19:38:27 CET 2026
#@# EM Registration Mon Mar  9 19:38:27 CET 2026
recon-all -s sub-v1s23x0050576_ses-1 finished without error at Mon Mar  9 19:39:59 CET 2026



#New# invocation of recon-all 



status file for recon-all
Mon Mar  9 19:40:03 CET 2026
#@# CA Normalize Mon Mar  9 19:40:03 CET 2026
#@# CA Reg Mon Mar  9 19:40:55 CET 2026
#@# SubCort Seg Mon Mar  9 20:19:37 CET 2026
#@# CC Seg Mon Mar  9 20:36:16 CET 2026
#@# Merge ASeg Mon Mar  9 20:36:35 CET 2026
#@# Intensity Normalization2 Mon Mar  9 20:36:35 CET 2026
#@# Mask BFS Mon Mar  9 20:38:01 CET 2026
#@# WM Segmentation Mon Mar  9 20:38:02 CET 2026
#@# Fill Mon Mar  9 20:39:29 CET 2026
recon-all -s sub-v1s23x0050576_ses-1 finished without error at Mon Mar  9 20:40:08 CET 2026



#New# invocation of recon-all 



status file for recon-all
Mon Mar  9 21:06:08 CET 2026
#@# white curv lh Mon Mar  9 21:06:08 CET 2026
#@# white area lh Mon Mar  9 21:06:08 CET 2026
#@# pial curv lh Mon Mar  9 21:06:08 CET 2026
#@# pial area lh Mon Mar  9 21:06:08 CET 2026
#@# thickness lh Mon Mar  9 21:06:08 CET 2026
#@# area and vertex vol lh Mon Mar  9 21:06:08 CET 2026
#@# white curv rh Mon Mar  9 21:06:08 CET 2026
#@# white area rh Mon Mar  9 21:06:08 CET 2026
#@# pial curv rh Mon Mar  9 21:06:08 CET 2026
#@# pial area rh Mon Mar  9 21:06:08 CET 2026
#@# thickness rh Mon Mar  9 21:06:08 CET 2026
#@# area and vertex vol rh Mon Mar  9 21:06:08 CET 2026
#@# Cortical ribbon mask Mon Mar  9 21:06:08 CET 2026
recon-all -s sub-v1s23x0050576_ses-1 finished without error at Mon Mar  9 21:09:12 CET 2026



#New# invocation of recon-all 



status file for recon-all
Mon Mar  9 21:13:14 CET 2026
#@# white curv lh Mon Mar  9 21:13:15 CET 2026
#@# white area lh Mon Mar  9 21:13:15 CET 2026
#@# pial curv lh Mon Mar  9 21:13:15 CET 2026
#@# pial area lh Mon Mar  9 21:13:15 CET 2026
#@# thickness lh Mon Mar  9 21:13:15 CET 2026
#@# area and vertex vol lh Mon Mar  9 21:13:15 CET 2026
#@# white curv rh Mon Mar  9 21:13:15 CET 2026
#@# white area rh Mon Mar  9 21:13:15 CET 2026
#@# pial curv rh Mon Mar  9 21:13:15 CET 2026
#@# pial area rh Mon Mar  9 21:13:15 CET 2026
#@# thickness rh Mon Mar  9 21:13:15 CET 2026
#@# area and vertex vol rh Mon Mar  9 21:13:15 CET 2026
#@# Curvature Stats lh Mon Mar  9 21:13:15 CET 2026
#@# Curvature Stats rh Mon Mar  9 21:13:16 CET 2026
#@# Relabel Hypointensities Mon Mar  9 21:13:17 CET 2026
#@# APas-to-ASeg Mon Mar  9 21:13:27 CET 2026
#@# AParc-to-ASeg aparc Mon Mar  9 21:13:32 CET 2026
#@# AParc-to-ASeg aparc.a2009s Mon Mar  9 21:13:47 CET 2026
#@# AParc-to-ASeg aparc.DKTatlas Mon Mar  9 21:14:04 CET 2026
#@# WMParc Mon Mar  9 21:14:21 CET 2026
#@# ASeg Stats Mon Mar  9 21:16:08 CET 2026
recon-all -s sub-v1s23x0050576_ses-1 finished without error at Mon Mar  9 21:16:25 CET 2026
