status file for recon-all
Mon Mar  9 20:40:12 CET 2026
#@# Tessellate lh Mon Mar  9 20:40:12 CET 2026
#@# Smooth1 lh Mon Mar  9 20:40:15 CET 2026
#@# Inflation1 lh Mon Mar  9 20:40:16 CET 2026
#@# QSphere lh Mon Mar  9 20:40:23 CET 2026
#@# Fix Topology lh Mon Mar  9 20:40:58 CET 2026
#@# Smooth2 lh Mon Mar  9 20:44:43 CET 2026
#@# Inflation2 lh Mon Mar  9 20:44:45 CET 2026
#@# Curv .H and .K lh Mon Mar  9 20:44:52 CET 2026
#@# Sphere lh Mon Mar  9 20:45:23 CET 2026
#@# Surf Reg lh Mon Mar  9 20:46:09 CET 2026
#@# Jacobian white lh Mon Mar  9 20:47:56 CET 2026
#@# AvgCurv lh Mon Mar  9 20:47:57 CET 2026
#@# Cortical Parc lh Mon Mar  9 20:47:57 CET 2026
#@# white curv lh Mon Mar  9 20:52:03 CET 2026
#@# white area lh Mon Mar  9 20:52:05 CET 2026
#@# pial curv lh Mon Mar  9 20:52:05 CET 2026
#@# pial area lh Mon Mar  9 20:52:06 CET 2026
#@# thickness lh Mon Mar  9 20:52:06 CET 2026
#@# area and vertex vol lh Mon Mar  9 20:52:22 CET 2026
#@# Curvature Stats lh Mon Mar  9 20:52:23 CET 2026
#@# Cortical Parc 2 lh Mon Mar  9 20:52:24 CET 2026
#@# Cortical Parc 3 lh Mon Mar  9 20:52:33 CET 2026
#@# WM/GM Contrast lh Mon Mar  9 20:52:39 CET 2026
recon-all -s sub-v1s23x0050576_ses-1 finished without error at Mon Mar  9 20:52:41 CET 2026



#New# invocation of recon-all 



status file for recon-all
Mon Mar  9 21:09:16 CET 2026
#@# white curv lh Mon Mar  9 21:09:16 CET 2026
#@# white area lh Mon Mar  9 21:09:16 CET 2026
#@# pial curv lh Mon Mar  9 21:09:16 CET 2026
#@# pial area lh Mon Mar  9 21:09:17 CET 2026
#@# thickness lh Mon Mar  9 21:09:17 CET 2026
#@# area and vertex vol lh Mon Mar  9 21:09:17 CET 2026
#@# Parcellation Stats lh Mon Mar  9 21:09:17 CET 2026
#@# Parcellation Stats 2 lh Mon Mar  9 21:09:27 CET 2026
#@# Parcellation Stats 3 lh Mon Mar  9 21:09:33 CET 2026
#@# BA_exvivo Labels lh Mon Mar  9 21:09:38 CET 2026
recon-all -s sub-v1s23x0050576_ses-1 finished without error at Mon Mar  9 21:11:14 CET 2026
