status file for recon-all
Mon Mar  9 20:52:42 CET 2026
#@# Tessellate rh Mon Mar  9 20:52:42 CET 2026
#@# Smooth1 rh Mon Mar  9 20:52:45 CET 2026
#@# Inflation1 rh Mon Mar  9 20:52:46 CET 2026
#@# QSphere rh Mon Mar  9 20:52:52 CET 2026
#@# Fix Topology rh Mon Mar  9 20:53:28 CET 2026
#@# Smooth2 rh Mon Mar  9 20:57:05 CET 2026
#@# Inflation2 rh Mon Mar  9 20:57:06 CET 2026
#@# Curv .H and .K rh Mon Mar  9 20:57:13 CET 2026
#@# Sphere rh Mon Mar  9 20:57:43 CET 2026
#@# Surf Reg rh Mon Mar  9 20:58:59 CET 2026
#@# Jacobian white rh Mon Mar  9 21:00:57 CET 2026
#@# AvgCurv rh Mon Mar  9 21:00:57 CET 2026
#@# Cortical Parc rh Mon Mar  9 21:00:58 CET 2026
#@# white curv rh Mon Mar  9 21:05:25 CET 2026
#@# white area rh Mon Mar  9 21:05:26 CET 2026
#@# pial curv rh Mon Mar  9 21:05:26 CET 2026
#@# pial area rh Mon Mar  9 21:05:27 CET 2026
#@# thickness rh Mon Mar  9 21:05:28 CET 2026
#@# area and vertex vol rh Mon Mar  9 21:05:43 CET 2026
#@# Curvature Stats rh Mon Mar  9 21:05:44 CET 2026
#@# Cortical Parc 2 rh Mon Mar  9 21:05:45 CET 2026
#@# Cortical Parc 3 rh Mon Mar  9 21:05:53 CET 2026
#@# WM/GM Contrast rh Mon Mar  9 21:06:00 CET 2026
recon-all -s sub-v1s23x0050576_ses-1 finished without error at Mon Mar  9 21:06:01 CET 2026



#New# invocation of recon-all 



status file for recon-all
Mon Mar  9 21:11:16 CET 2026
#@# white curv rh Mon Mar  9 21:11:17 CET 2026
#@# white area rh Mon Mar  9 21:11:17 CET 2026
#@# pial curv rh Mon Mar  9 21:11:17 CET 2026
#@# pial area rh Mon Mar  9 21:11:17 CET 2026
#@# thickness rh Mon Mar  9 21:11:17 CET 2026
#@# area and vertex vol rh Mon Mar  9 21:11:17 CET 2026
#@# Parcellation Stats rh Mon Mar  9 21:11:17 CET 2026
#@# Parcellation Stats 2 rh Mon Mar  9 21:11:27 CET 2026
#@# Parcellation Stats 3 rh Mon Mar  9 21:11:33 CET 2026
#@# BA_exvivo Labels rh Mon Mar  9 21:11:38 CET 2026
recon-all -s sub-v1s23x0050576_ses-1 finished without error at Mon Mar  9 21:13:11 CET 2026
