/out/sourcedata/freesurfer/sub-v1s23x0050558_ses-1/mri
/opt/freesurfer/bin/talairach_avi
--i orig_nu.mgz --xfm transforms/talairach.auto.xfm
talairach_avi 7.3.2
Linux dna029 5.14.0-427.37.1.el9_4.x86_64 #1 SMP PREEMPT_DYNAMIC Fri Sep 13 12:41:50 EDT 2024 x86_64 x86_64 x86_64 GNU/Linux
Mon Mar  9 17:19:49 CET 2026
mri_convert orig_nu.mgz talsrcimg.img 
reading from orig_nu.mgz...
TR=0.00, TE=0.00, TI=0.00, flip angle=0.00
i_ras = (-1, 0, 0)
j_ras = (0, 0, -1)
k_ras = (0, 1, 0)
writing to talsrcimg.img...
Analyze Output Matrix
-1.00000   0.00000   0.00000   196.96306;
 0.00000   0.00000   1.00000  -168.52843;
 0.00000  -1.00000   0.00000   181.17993;
 0.00000   0.00000   0.00000   1.00000;
--------------------
INFO: set hdr.hist.orient to -1
mpr2mni305 talsrcimg
Mon Mar  9 17:19:50 CET 2026
/opt/freesurfer/bin/mpr2mni305 talsrcimg
mpr2mni305 7.3.2
target=711-2C_as_mni_average_305

---------------------------------------------------------------------
analyzeto4dfp talsrcimg -O0 -y
---------------------------------------------------------------------

freesurfer ifh2hdr.c
Mon Mar  9 17:19:50 2026
Writing: talsrcimg.4dfp.hdr
freesurfer analyzeto4dfp.c
Reading: talsrcimg.hdr
header size 348 bytes
hdr.dime.datatype	offset=70	value=2
hdr.dime.bitpix		offset=72	value=8
hdr.hist.orient		offset=252	value=-1
dimensionality     4
dimensions       256       256       256         1
Reading: talsrcimg.img
Writing: talsrcimg.4dfp.img
Writing: talsrcimg.4dfp.ifh
ifh2hdr talsrcimg -r0to221
ori=2

---------------------------------------------------------------------
gauss_4dfp talsrcimg 1.1
---------------------------------------------------------------------

freesurfer gauss_4dfp.c
Reading: talsrcimg.4dfp.img
Writing: talsrcimg_g11.4dfp.img
image dimensions 256 256 256 padded to 288 288 288
processing volume 1freesurfer ifh2hdr.c
Mon Mar  9 17:19:52 2026
Writing: talsrcimg_g11.4dfp.hdr

Writing: talsrcimg_g11.4dfp.ifh
including: talsrcimg.4dfp.img.rec in talsrcimg_g11.4dfp.img.rec

---------------------------------------------------------------------
imgreg_4dfp /opt/freesurfer/average/711-2C_as_mni_average_305 none talsrcimg_g11 none talsrcimg_to_711-2C_as_mni_average_305_t4 4355
---------------------------------------------------------------------

freesurfer imgreg_4dfp.c
/opt/freesurfer/average/711-2C_as_mni_average_305.4dfp.img
       256       256       256         1
  1.000000  1.000000  1.000000
orientation T byte_order littleendian
Reading image: /opt/freesurfer/average/711-2C_as_mni_average_305.4dfp.img
dimensions:      256       256       256
mmppix:       1.0000   -1.0000   -1.0000
center:     128.0000 -129.0000 -129.0000
talsrcimg_g11.4dfp.img
       256       256       256         1
  1.000000  1.000000  1.000000
orientation T byte_order littleendian
Reading image: talsrcimg_g11.4dfp.img
dimensions:      256       256       256
mmppix:       1.0000   -1.0000   -1.0000
center:     128.0000 -129.0000 -129.0000
t4_read: open error in t4_sub.f l:  41 t4_file(1:l)talsrcimg_to_711-2C_as_mni_average_305_t4 
t4_read: transform initialized to I4
rotation matrix determinant  1.000000
image alignment mode   4355 decimal     1103 hex
   -7.5000  -45.0000  -45.0000 7574.1226   24.6501
    0.0000  -45.0000  -45.0000 7910.5342   24.6750
    7.5000  -45.0000  -45.0000 7634.1357   24.6823
   -7.5000  -37.5000  -45.0000 8167.7104   24.6113
    0.0000  -37.5000  -45.0000 8536.1260   24.6438
    7.5000  -37.5000  -45.0000 8223.1582   24.6534
   -7.5000  -30.0000  -45.0000 9058.1797   24.5586
    0.0000  -30.0000  -45.0000 9482.3721   24.5908
    7.5000  -30.0000  -45.0000 9129.1279   24.6099
   -7.5000  -22.5000  -45.0000 9864.3926   24.5196
    0.0000  -22.5000  -45.000010327.9697   24.5434
    7.5000  -22.5000  -45.0000 9946.5625   24.5678
   -7.5000  -15.0000  -45.000010573.5068   24.5112
    0.0000  -15.0000  -45.000011063.0537   24.5303
    7.5000  -15.0000  -45.000010657.7061   24.5534
   -7.5000   -7.5000  -45.000011231.0674   24.5461
    0.0000   -7.5000  -45.000011785.7275   24.5656
    7.5000   -7.5000  -45.000011342.1104   24.5813
   -7.5000    0.0000  -45.000011841.3838   24.5916
    0.0000    0.0000  -45.000012453.4941   24.6161
    7.5000    0.0000  -45.000011990.9395   24.6235
   -7.5000    7.5000  -45.000011437.4219   24.5956
    0.0000    7.5000  -45.000012066.0098   24.6280
    7.5000    7.5000  -45.000011647.7412   24.6375
   -7.5000   15.0000  -45.000010899.0283   24.5584
    0.0000   15.0000  -45.000011478.9453   24.5906
    7.5000   15.0000  -45.000011080.0088   24.6097
   -7.5000   22.5000  -45.000010370.9414   24.5163
    0.0000   22.5000  -45.000010879.3789   24.5400
    7.5000   22.5000  -45.000010497.4893   24.5644
   -7.5000   30.0000  -45.0000 9691.2344   24.1846
    0.0000   30.0000  -45.000010157.8174   24.2034
    7.5000   30.0000  -45.0000 9791.5244   24.2262
   -7.5000   37.5000  -45.0000 9247.2705   24.2190
    0.0000   37.5000  -45.0000 9705.0762   24.2382
    7.5000   37.5000  -45.0000 9323.8057   24.2537
   -7.5000   45.0000  -45.0000 8389.5908   23.6478
    0.0000   45.0000  -45.0000 8806.3271   23.6714
    7.5000   45.0000  -45.0000 8474.2100   23.6785
   -7.5000  -45.0000  -37.5000 8016.5225   24.6616
    0.0000  -45.0000  -37.5000 8374.0723   24.6946
    7.5000  -45.0000  -37.5000 8051.5557   24.6987
   -7.5000  -37.5000  -37.5000 8650.0664   24.6073
    0.0000  -37.5000  -37.5000 9036.9150   24.6451
    7.5000  -37.5000  -37.5000 8669.4932   24.6468
   -7.5000  -30.0000  -37.5000 9581.1182   24.5591
    0.0000  -30.0000  -37.500010013.6572   24.5951
    7.5000  -30.0000  -37.5000 9587.4609   24.5987
   -7.5000  -22.5000  -37.500010420.4756   24.5459
    0.0000  -22.5000  -37.500010902.2939   24.5749
    7.5000  -22.5000  -37.500010433.6455   24.5814
   -7.5000  -15.0000  -37.500011163.4453   24.5579
    0.0000  -15.0000  -37.500011677.3086   24.5836
    7.5000  -15.0000  -37.500011210.5947   24.5930
   -7.5000   -7.5000  -37.500011839.6816   24.5826
    0.0000   -7.5000  -37.500012435.9336   24.6102
    7.5000   -7.5000  -37.500011918.3398   24.6193
   -7.5000    0.0000  -37.500012503.1904   24.6034
    0.0000    0.0000  -37.500013154.7539   24.6360
    7.5000    0.0000  -37.500012608.4043   24.6401
   -7.5000    7.5000  -37.500012102.2148   24.5916
    0.0000    7.5000  -37.500012763.5312   24.6293
    7.5000    7.5000  -37.500012255.6504   24.6310
   -7.5000   15.0000  -37.500011518.5029   24.5588
    0.0000   15.0000  -37.500012133.1953   24.5948
    7.5000   15.0000  -37.500011620.3193   24.5985
   -7.5000   22.5000  -37.500010905.3506   24.5425
    0.0000   22.5000  -37.500011445.6631   24.5715
    7.5000   22.5000  -37.500010965.6689   24.5780
   -7.5000   30.0000  -37.500010154.6816   24.2306
    0.0000   30.0000  -37.500010661.2354   24.2560
    7.5000   30.0000  -37.500010231.8105   24.2652
   -7.5000   37.5000  -37.5000 9691.1650   24.2550
    0.0000   37.5000  -37.500010170.8428   24.2822
    7.5000   37.5000  -37.5000 9751.4717   24.2912
   -7.5000   45.0000  -37.5000 8780.2246   23.6592
    0.0000   45.0000  -37.5000 9230.3027   23.6905
    7.5000   45.0000  -37.5000 8864.6113   23.6945
   -7.5000  -45.0000  -30.0000 8603.2402   25.7281
    0.0000  -45.0000  -30.0000 8993.2520   25.7726
    7.5000  -45.0000  -30.0000 8609.0166   25.7868
   -7.5000  -37.5000  -30.0000 9268.8232   25.6441
    0.0000  -37.5000  -30.0000 9697.8105   25.6889
    7.5000  -37.5000  -30.0000 9274.5020   25.7008
   -7.5000  -30.0000  -30.000010258.6475   25.5852
    0.0000  -30.0000  -30.000010737.7617   25.6306
    7.5000  -30.0000  -30.000010262.2393   25.6408
   -7.5000  -22.5000  -30.000011173.8760   25.5954
    0.0000  -22.5000  -30.000011684.2344   25.6415
    7.5000  -22.5000  -30.000011165.7773   25.6500
   -7.5000  -15.0000  -30.000011939.5703   25.6403
    0.0000  -15.0000  -30.000012491.6553   25.6885
    7.5000  -15.0000  -30.000011982.8125   25.6977
   -7.5000   -7.5000  -30.000012624.1172   25.6695
    0.0000   -7.5000  -30.000013253.8164   25.7164
    7.5000   -7.5000  -30.000012699.6670   25.7295
   -7.5000    0.0000  -30.000013320.4766   25.6678
    0.0000    0.0000  -30.000014003.5615   25.7118
    7.5000    0.0000  -30.000013414.4082   25.7261
   -7.5000    7.5000  -30.000012939.3164   25.6281
    0.0000    7.5000  -30.000013653.2129   25.6728
    7.5000    7.5000  -30.000013068.8174   25.6847
   -7.5000   15.0000  -30.000012280.4814   25.5849
    0.0000   15.0000  -30.000012959.8428   25.6303
    7.5000   15.0000  -30.000012394.6104   25.6405
   -7.5000   22.5000  -30.000011574.9434   25.5893
    0.0000   22.5000  -30.000012183.3125   25.6353
    7.5000   22.5000  -30.000011652.2188   25.6438
   -7.5000   30.0000  -30.000010796.8564   25.3010
    0.0000   30.0000  -30.000011348.7236   25.3486
    7.5000   30.0000  -30.000010870.1045   25.3577
   -7.5000   37.5000  -30.000010275.8398   25.3298
    0.0000   37.5000  -30.000010844.8320   25.3761
    7.5000   37.5000  -30.000010372.2031   25.3890
   -7.5000   45.0000  -30.0000 9320.6738   24.7008
    0.0000   45.0000  -30.0000 9850.2500   24.7432
    7.5000   45.0000  -30.0000 9414.4561   24.7569
   -7.5000  -45.0000  -22.5000 9197.2256   26.6345
    0.0000  -45.0000  -22.5000 9598.5459   26.6830
    7.5000  -45.0000  -22.5000 9197.4668   26.7119
   -7.5000  -37.5000  -22.5000 9893.4102   26.5371
    0.0000  -37.5000  -22.500010353.9580   26.5828
    7.5000  -37.5000  -22.5000 9904.0332   26.6153
   -7.5000  -30.0000  -22.500010915.7080   26.4610
    0.0000  -30.0000  -22.500011440.6553   26.5097
    7.5000  -30.0000  -22.500010942.0244   26.5443
   -7.5000  -22.5000  -22.500011878.4844   26.4653
    0.0000  -22.5000  -22.500012437.8379   26.5205
    7.5000  -22.5000  -22.500011916.1221   26.5514
   -7.5000  -15.0000  -22.500012669.0859   26.5216
    0.0000  -15.0000  -22.500013306.8535   26.5847
    7.5000  -15.0000  -22.500012744.2012   26.6095
   -7.5000   -7.5000  -22.500013379.6875   26.5685
    0.0000   -7.5000  -22.500014068.6279   26.6273
    7.5000   -7.5000  -22.500013501.0410   26.6523
   -7.5000    0.0000  -22.500014092.1797   26.5722
    0.0000    0.0000  -22.500014821.4502   26.6202
    7.5000    0.0000  -22.500014244.4961   26.6489
   -7.5000    7.5000  -22.500013721.0234   26.5208
    0.0000    7.5000  -22.500014495.5400   26.5664
    7.5000    7.5000  -22.500013868.8047   26.5988
   -7.5000   15.0000  -22.500013056.0205   26.4607
    0.0000   15.0000  -22.500013801.2539   26.5094
    7.5000   15.0000  -22.500013219.4795   26.5440
   -7.5000   22.5000  -22.500012274.1211   26.4571
    0.0000   22.5000  -22.500012947.9473   26.5124
    7.5000   22.5000  -22.500012371.3408   26.5432
   -7.5000   30.0000  -22.500011452.3164   26.1747
    0.0000   30.0000  -22.500012079.3125   26.2370
    7.5000   30.0000  -22.500011544.0078   26.2614
   -7.5000   37.5000  -22.500010914.3213   26.2210
    0.0000   37.5000  -22.500011544.5732   26.2791
    7.5000   37.5000  -22.500011044.1924   26.3036
   -7.5000   45.0000  -22.5000 9891.2021   25.5903
    0.0000   45.0000  -22.500010472.2676   25.6366
    7.5000   45.0000  -22.500010035.4639   25.6642
   -7.5000  -45.0000  -15.0000 9744.7090   27.2648
    0.0000  -45.0000  -15.000010218.2012   27.3079
    7.5000  -45.0000  -15.0000 9760.5020   27.3413
   -7.5000  -37.5000  -15.000010473.7344   27.1804
    0.0000  -37.5000  -15.000010997.2529   27.2231
    7.5000  -37.5000  -15.000010517.4072   27.2660
   -7.5000  -30.0000  -15.000011554.1133   27.0960
    0.0000  -30.0000  -15.000012148.9541   27.1426
    7.5000  -30.0000  -15.000011634.9922   27.1963
   -7.5000  -22.5000  -15.000012582.0439   27.0723
    0.0000  -22.5000  -15.000013229.0479   27.1241
    7.5000  -22.5000  -15.000012667.3574   27.1766
   -7.5000  -15.0000  -15.000013382.3691   27.1097
    0.0000  -15.0000  -15.000014135.8545   27.1687
    7.5000  -15.0000  -15.000013530.9346   27.2102
   -7.5000   -7.5000  -15.000014091.6924   27.1702
    0.0000   -7.5000  -15.000014881.3682   27.2240
    7.5000   -7.5000  -15.000014296.5508   27.2573
   -7.5000    0.0000  -15.000014823.1182   27.2007
    0.0000    0.0000  -15.000015636.6846   27.2433
    7.5000    0.0000  -15.000015061.6426   27.2766
   -7.5000    7.5000  -15.000014436.5518   27.1636
    0.0000    7.5000  -15.000015293.9863   27.2062
    7.5000    7.5000  -15.000014701.2949   27.2490
   -7.5000   15.0000  -15.000013736.2900   27.0957
    0.0000   15.0000  -15.000014545.7686   27.1424
    7.5000   15.0000  -15.000014010.0840   27.1960
   -7.5000   22.5000  -15.000012924.1729   27.0627
    0.0000   22.5000  -15.000013663.8076   27.1145
    7.5000   22.5000  -15.000013134.0898   27.1670
   -7.5000   30.0000  -15.000012098.1689   26.7589
    0.0000   30.0000  -15.000012773.7764   26.8171
    7.5000   30.0000  -15.000012254.0166   26.8581
   -7.5000   37.5000  -15.000011542.7334   26.8186
    0.0000   37.5000  -15.000012228.5771   26.8717
    7.5000   37.5000  -15.000011721.7119   26.9045
   -7.5000   45.0000  -15.000010431.2734   26.2114
    0.0000   45.0000  -15.000011085.9951   26.2525
    7.5000   45.0000  -15.000010636.1484   26.2846
   -7.5000  -45.0000   -7.500010184.0361   27.5459
    0.0000  -45.0000   -7.500010709.9385   27.5780
    7.5000  -45.0000   -7.500010249.2109   27.6004
   -7.5000  -37.5000   -7.500010954.8896   27.4882
    0.0000  -37.5000   -7.500011523.6016   27.5262
    7.5000  -37.5000   -7.500011053.1699   27.5575
   -7.5000  -30.0000   -7.500012143.1797   27.4130
    0.0000  -30.0000   -7.500012757.6055   27.4544
    7.5000  -30.0000   -7.500012260.7051   27.5007
   -7.5000  -22.5000   -7.500013315.3115   27.3669
    0.0000  -22.5000   -7.500014011.5713   27.4055
    7.5000  -22.5000   -7.500013472.4551   27.4557
   -7.5000  -15.0000   -7.500014166.9502   27.3724
    0.0000  -15.0000   -7.500015003.5811   27.4107
    7.5000  -15.0000   -7.500014431.8262   27.4523
   -7.5000   -7.5000   -7.500014853.9941   27.4281
    0.0000   -7.5000   -7.500015704.9297   27.4629
    7.5000   -7.5000   -7.500015237.5342   27.4917
   -7.5000    0.0000   -7.500015652.8643   27.4807
    0.0000    0.0000   -7.500016518.9570   27.5124
    7.5000    0.0000   -7.500016076.5576   27.5347
   -7.5000    7.5000   -7.500015280.0352   27.4708
    0.0000    7.5000   -7.500016187.6963   27.5087
    7.5000    7.5000   -7.500015688.1309   27.5399
   -7.5000   15.0000   -7.500014568.8037   27.4128
    0.0000   15.0000   -7.500015454.3643   27.4541
    7.5000   15.0000   -7.500014981.7295   27.5004
   -7.5000   22.5000   -7.500013624.2695   27.3543
    0.0000   22.5000   -7.500014461.3955   27.3929
    7.5000   22.5000   -7.500014009.0273   27.4430
   -7.5000   30.0000   -7.500012737.4414   27.0175
    0.0000   30.0000   -7.500013505.3350   27.0552
    7.5000   30.0000   -7.500013034.6475   27.0963
   -7.5000   37.5000   -7.500012192.0977   27.0724
    0.0000   37.5000   -7.500012939.8857   27.1067
    7.5000   37.5000   -7.500012454.7314   27.1352
   -7.5000   45.0000   -7.500011033.9688   26.4862
    0.0000   45.0000   -7.500011744.7891   26.5167
    7.5000   45.0000   -7.500011317.5469   26.5382
   -7.5000  -45.0000    0.000010561.9258   27.5792
    0.0000  -45.0000    0.000011055.5029   27.6070
    7.5000  -45.0000    0.000010623.1230   27.6151
   -7.5000  -37.5000    0.000011361.6260   27.5351
    0.0000  -37.5000    0.000011859.1943   27.5715
    7.5000  -37.5000    0.000011416.5000   27.5820
   -7.5000  -30.0000    0.000012611.8398   27.4757
    0.0000  -30.0000    0.000013157.8389   27.5117
    7.5000  -30.0000    0.000012671.8887   27.5329
   -7.5000  -22.5000    0.000013885.9971   27.4323
    0.0000  -22.5000    0.000014633.2607   27.4589
    7.5000  -22.5000    0.000014048.5166   27.4860
   -7.5000  -15.0000    0.000014923.9160   27.4237
    0.0000  -15.0000    0.000015860.1826   27.4449
    7.5000  -15.0000    0.000015328.7432   27.4707
   -7.5000   -7.5000    0.000015595.6084   27.4631
    0.0000   -7.5000    0.000016360.2119   27.4849
    7.5000   -7.5000    0.000016085.0254   27.5023
   -7.5000    0.0000    0.000016336.3418   27.5137
    0.0000    0.0000    0.000016951.2773   27.5412
    7.5000    0.0000    0.000016703.5273   27.5493
   -7.5000    7.5000    0.000016009.9463   27.5175
    0.0000    7.5000    0.000016650.7168   27.5538
    7.5000    7.5000    0.000016285.8564   27.5642
   -7.5000   15.0000    0.000015330.9248   27.4754
    0.0000   15.0000    0.000016066.3936   27.5115
    7.5000   15.0000    0.000015670.3164   27.5326
   -7.5000   22.5000    0.000014333.9453   27.4197
    0.0000   22.5000    0.000015080.1748   27.4463
    7.5000   22.5000    0.000014677.1738   27.4734
   -7.5000   30.0000    0.000013388.3701   27.0688
    0.0000   30.0000    0.000014098.6406   27.0897
    7.5000   30.0000    0.000013628.4824   27.1152
   -7.5000   37.5000    0.000012847.5762   27.1077
    0.0000   37.5000    0.000013549.4561   27.1292
    7.5000   37.5000    0.000013006.9404   27.1464
   -7.5000   45.0000    0.000011637.4844   26.5201
    0.0000   45.0000    0.000012289.3770   26.5466
    7.5000   45.0000    0.000011838.0059   26.5543
   -7.5000  -45.0000    7.500010120.4023   27.5970
    0.0000  -45.0000    7.500010599.8408   27.6339
    7.5000  -45.0000    7.500010182.5166   27.6385
   -7.5000  -37.5000    7.500010904.3926   27.5362
    0.0000  -37.5000    7.500011408.0459   27.5785
    7.5000  -37.5000    7.500010953.4277   27.5804
   -7.5000  -30.0000    7.500012056.3389   27.4822
    0.0000  -30.0000    7.500012595.5254   27.5226
    7.5000  -30.0000    7.500012160.3506   27.5267
   -7.5000  -22.5000    7.500013254.7471   27.4675
    0.0000  -22.5000    7.500014002.7734   27.4999
    7.5000  -22.5000    7.500013537.1367   27.5072
   -7.5000  -15.0000    7.500014423.3115   27.4809
    0.0000  -15.0000    7.500015364.8555   27.5098
    7.5000  -15.0000    7.500014849.1787   27.5202
   -7.5000   -7.5000    7.500015287.9824   27.5086
    0.0000   -7.5000    7.500015917.4043   27.5394
    7.5000   -7.5000    7.500015641.4834   27.5496
   -7.5000    0.0000    7.500016017.3242   27.5319
    0.0000    0.0000    7.500016387.0586   27.5684
    7.5000    0.0000    7.500016193.2217   27.5730
   -7.5000    7.5000    7.500015748.9326   27.5187
    0.0000    7.5000    7.500016149.4697   27.5609
    7.5000    7.5000    7.500015785.8086   27.5627
   -7.5000   15.0000    7.500015157.3545   27.4819
    0.0000   15.0000    7.500015705.6895   27.5223
    7.5000   15.0000    7.500015214.1494   27.5263
   -7.5000   22.5000    7.500014172.0059   27.4548
    0.0000   22.5000    7.500014773.4766   27.4873
    7.5000   22.5000    7.500014233.0342   27.4945
   -7.5000   30.0000    7.500013111.0508   27.1253
    0.0000   30.0000    7.500013710.5703   27.1537
    7.5000   30.0000    7.500013115.1895   27.1640
   -7.5000   37.5000    7.500012480.4756   27.1525
    0.0000   37.5000    7.500013114.6943   27.1830
    7.5000   37.5000    7.500012482.4785   27.1931
   -7.5000   45.0000    7.500011266.2539   26.5376
    0.0000   45.0000    7.500011903.3105   26.5727
    7.5000   45.0000    7.500011319.3848   26.5772
   -7.5000  -45.0000   15.0000 9618.8223   27.6580
    0.0000  -45.0000   15.000010064.3887   27.7057
    7.5000  -45.0000   15.0000 9734.6748   27.7209
   -7.5000  -37.5000   15.000010312.4141   27.5676
    0.0000  -37.5000   15.000010761.8750   27.6156
    7.5000  -37.5000   15.000010465.2402   27.6284
   -7.5000  -30.0000   15.000011376.8301   27.5041
    0.0000  -30.0000   15.000011907.7334   27.5529
    7.5000  -30.0000   15.000011588.6367   27.5639
   -7.5000  -22.5000   15.000012514.1963   27.5151
    0.0000  -22.5000   15.000013235.0342   27.5647
    7.5000  -22.5000   15.000012831.4971   27.5738
   -7.5000  -15.0000   15.000013640.0566   27.5636
    0.0000  -15.0000   15.000014418.9912   27.6153
    7.5000  -15.0000   15.000013872.2920   27.6251
   -7.5000   -7.5000   15.000014679.6064   27.5950
    0.0000   -7.5000   15.000015430.6582   27.6453
    7.5000   -7.5000   15.000014699.6436   27.6593
   -7.5000    0.0000   15.000015622.2959   27.5931
    0.0000    0.0000   15.000016400.4102   27.6404
    7.5000    0.0000   15.000015479.9678   27.6555
   -7.5000    7.5000   15.000015284.2842   27.5503
    0.0000    7.5000   15.000016012.2178   27.5984
    7.5000    7.5000   15.000015076.1699   27.6111
   -7.5000   15.0000   15.000014518.5215   27.5038
    0.0000   15.0000   15.000015199.6719   27.5526
    7.5000   15.0000   15.000014356.4346   27.5635
   -7.5000   22.5000   15.000013453.9141   27.5025
    0.0000   22.5000   15.000014081.8203   27.5520
    7.5000   22.5000   15.000013366.8828   27.5611
   -7.5000   30.0000   15.000012363.5342   27.2068
    0.0000   30.0000   15.000012932.3730   27.2579
    7.5000   30.0000   15.000012318.6260   27.2676
   -7.5000   37.5000   15.000011761.3672   27.2378
    0.0000   37.5000   15.000012340.8291   27.2876
    7.5000   37.5000   15.000011778.7783   27.3013
   -7.5000   45.0000   15.000010682.6602   26.5966
    0.0000   45.0000   15.000011169.6836   26.6421
    7.5000   45.0000   15.000010716.1855   26.6567
   -7.5000  -45.0000   22.5000 8942.9395   27.7511
    0.0000  -45.0000   22.5000 9439.9434   27.8017
    7.5000  -45.0000   22.5000 9108.9023   27.8321
   -7.5000  -37.5000   22.5000 9629.6514   27.6492
    0.0000  -37.5000   22.500010163.3887   27.6969
    7.5000  -37.5000   22.5000 9761.7949   27.7311
   -7.5000  -30.0000   22.500010727.0918   27.5700
    0.0000  -30.0000   22.500011327.7402   27.6208
    7.5000  -30.0000   22.500010827.7588   27.6572
   -7.5000  -22.5000   22.500011855.4219   27.5747
    0.0000  -22.5000   22.500012537.6367   27.6325
    7.5000  -22.5000   22.500011914.6240   27.6651
   -7.5000  -15.0000   22.500012895.9570   27.6336
    0.0000  -15.0000   22.500013478.6641   27.6997
    7.5000  -15.0000   22.500012811.5576   27.7258
   -7.5000   -7.5000   22.500013742.8174   27.6824
    0.0000   -7.5000   22.500014221.7734   27.7439
    7.5000   -7.5000   22.500013555.0703   27.7701
   -7.5000    0.0000   22.500014498.8359   27.6859
    0.0000    0.0000   22.500015016.5820   27.7360
    7.5000    0.0000   22.500014321.6025   27.7662
   -7.5000    7.5000   22.500014129.0000   27.6322
    0.0000    7.5000   22.500014690.7627   27.6798
    7.5000    7.5000   22.500014030.6768   27.7138
   -7.5000   15.0000   22.500013446.0625   27.5697
    0.0000   15.0000   22.500014004.1611   27.6205
    7.5000   15.0000   22.500013402.3721   27.6569
   -7.5000   22.5000   22.500012497.9883   27.5620
    0.0000   22.5000   22.500013076.0957   27.6198
    7.5000   22.5000   22.500012526.8398   27.6523
   -7.5000   30.0000   22.500011506.7910   27.2760
    0.0000   30.0000   22.500012085.0684   27.3412
    7.5000   30.0000   22.500011537.2441   27.3670
   -7.5000   37.5000   22.500010961.1338   27.3241
    0.0000   37.5000   22.500011563.2549   27.3849
    7.5000   37.5000   22.500011049.9287   27.4107
   -7.5000   45.0000   22.5000 9946.3418   26.6860
    0.0000   45.0000   22.500010475.4854   26.7343
    7.5000   45.0000   22.500010032.3516   26.7634
   -7.5000  -45.0000   30.0000 8225.3486   27.8709
    0.0000  -45.0000   30.0000 8663.7148   27.9149
    7.5000  -45.0000   30.0000 8269.5137   27.9492
   -7.5000  -37.5000   30.0000 8864.3857   27.7841
    0.0000  -37.5000   30.0000 9299.4590   27.8278
    7.5000  -37.5000   30.0000 8898.1816   27.8719
   -7.5000  -30.0000   30.0000 9818.3330   27.6976
    0.0000  -30.0000   30.000010286.5078   27.7454
    7.5000  -30.0000   30.0000 9853.8086   27.8006
   -7.5000  -22.5000   30.000010787.8154   27.6733
    0.0000  -22.5000   30.000011276.8838   27.7264
    7.5000  -22.5000   30.000010806.8877   27.7805
   -7.5000  -15.0000   30.000011639.3887   27.7116
    0.0000  -15.0000   30.000012053.6533   27.7721
    7.5000  -15.0000   30.000011561.1348   27.8148
   -7.5000   -7.5000   30.000012308.8877   27.7736
    0.0000   -7.5000   30.000012745.9346   27.8287
    7.5000   -7.5000   30.000012261.4619   27.8628
   -7.5000    0.0000   30.000012937.0195   27.8048
    0.0000    0.0000   30.000013448.1611   27.8483
    7.5000    0.0000   30.000012977.1572   27.8825
   -7.5000    7.5000   30.000012610.9258   27.7668
    0.0000    7.5000   30.000013131.4492   27.8104
    7.5000    7.5000   30.000012690.4746   27.8544
   -7.5000   15.0000   30.000012080.8672   27.6973
    0.0000   15.0000   30.000012576.8740   27.7451
    7.5000   15.0000   30.000012172.3213   27.8004
   -7.5000   22.5000   30.000011325.8770   27.6606
    0.0000   22.5000   30.000011823.1299   27.7136
    7.5000   22.5000   30.000011436.2578   27.7677
   -7.5000   30.0000   30.000010487.5225   27.3530
    0.0000   30.0000   30.000010976.6543   27.4127
    7.5000   30.0000   30.000010587.1953   27.4549
   -7.5000   37.5000   30.000010028.6494   27.4142
    0.0000   37.5000   30.000010523.6084   27.4685
    7.5000   37.5000   30.000010128.6250   27.5022
   -7.5000   45.0000   30.0000 9104.8750   26.8006
    0.0000   45.0000   30.0000 9551.0234   26.8425
    7.5000   45.0000   30.0000 9198.2119   26.8755
   -7.5000  -45.0000   37.5000 7845.2441   28.5556
    0.0000  -45.0000   37.5000 8203.4941   28.5894
    7.5000  -45.0000   37.5000 7875.5117   28.6125
   -7.5000  -37.5000   37.5000 8409.6758   28.4943
    0.0000  -37.5000   37.5000 8823.7969   28.5344
    7.5000  -37.5000   37.5000 8485.0762   28.5673
   -7.5000  -30.0000   37.5000 9314.4238   28.4147
    0.0000  -30.0000   37.5000 9781.0195   28.4582
    7.5000  -30.0000   37.5000 9423.0039   28.5073
   -7.5000  -22.5000   37.500010223.9590   28.3658
    0.0000  -22.5000   37.500010710.4043   28.4061
    7.5000  -22.5000   37.500010300.2354   28.4595
   -7.5000  -15.0000   37.500011003.3301   28.3711
    0.0000  -15.0000   37.500011439.8936   28.4112
    7.5000  -15.0000   37.500011011.1035   28.4551
   -7.5000   -7.5000   37.500011639.2480   28.4297
    0.0000   -7.5000   37.500012106.0225   28.4663
    7.5000   -7.5000   37.500011671.6699   28.4963
   -7.5000    0.0000   37.500012239.5674   28.4857
    0.0000    0.0000   37.500012756.0791   28.5190
    7.5000    0.0000   37.500012333.0488   28.5421
   -7.5000    7.5000   37.500011963.8867   28.4757
    0.0000    7.5000   37.500012459.1475   28.5157
    7.5000    7.5000   37.500012062.9619   28.5485
   -7.5000   15.0000   37.500011486.6201   28.4145
    0.0000   15.0000   37.500011944.9502   28.4580
    7.5000   15.0000   37.500011576.4023   28.5071
   -7.5000   22.5000   37.500010806.3594   28.3527
    0.0000   22.5000   37.500011303.8564   28.3930
    7.5000   22.5000   37.500010942.7314   28.4464
   -7.5000   30.0000   37.500010031.2266   28.0039
    0.0000   30.0000   37.500010527.0996   28.0435
    7.5000   30.0000   37.500010157.9102   28.0868
   -7.5000   37.5000   37.5000 9604.9678   28.0618
    0.0000   37.5000   37.500010081.9209   28.0979
    7.5000   37.5000   37.5000 9708.6387   28.1275
   -7.5000   45.0000   37.5000 8746.8867   27.4569
    0.0000   45.0000   37.5000 9163.0869   27.4890
    7.5000   45.0000   37.5000 8817.2891   27.5113
   -7.5000  -45.0000   45.0000 7141.1460   29.3795
    0.0000  -45.0000   45.0000 7476.6821   29.4114
    7.5000  -45.0000   45.0000 7206.0933   29.4227
   -7.5000  -37.5000   45.0000 7661.8301   29.3296
    0.0000  -37.5000   45.0000 8068.7046   29.3708
    7.5000  -37.5000   45.0000 7771.7183   29.3851
   -7.5000  -30.0000   45.0000 8511.4463   29.2637
    0.0000  -30.0000   45.0000 8973.2246   29.3036
    7.5000  -30.0000   45.0000 8658.5703   29.3303
   -7.5000  -22.5000   45.0000 9345.7803   29.2157
    0.0000  -22.5000   45.0000 9826.2734   29.2441
    7.5000  -22.5000   45.0000 9449.8750   29.2778
   -7.5000  -15.0000   45.000010055.3379   29.2052
    0.0000  -15.0000   45.000010495.8984   29.2279
    7.5000  -15.0000   45.000010119.5664   29.2601
   -7.5000   -7.5000   45.000010622.2207   29.2483
    0.0000   -7.5000   45.000011082.4951   29.2726
    7.5000   -7.5000   45.000010715.4951   29.2950
   -7.5000    0.0000   45.000011162.0674   29.3048
    0.0000    0.0000   45.000011666.2510   29.3362
    7.5000    0.0000   45.000011280.6133   29.3476
   -7.5000    7.5000   45.000010923.8652   29.3095
    0.0000    7.5000   45.000011384.4805   29.3505
    7.5000    7.5000   45.000011021.0000   29.3648
   -7.5000   15.0000   45.000010512.3457   29.2634
    0.0000   15.0000   45.000010967.0547   29.3033
    7.5000   15.0000   45.000010612.8965   29.3300
   -7.5000   22.5000   45.0000 9909.7637   29.2022
    0.0000   22.5000   45.000010359.3848   29.2306
    7.5000   22.5000   45.000010036.8838   29.2642
   -7.5000   30.0000   45.0000 9212.2881   28.8247
    0.0000   30.0000   45.0000 9648.8916   28.8472
    7.5000   30.0000   45.0000 9327.9678   28.8789
   -7.5000   37.5000   45.0000 8831.6602   28.8673
    0.0000   37.5000   45.0000 9239.1455   28.8913
    7.5000   37.5000   45.0000 8893.6787   28.9133
   -7.5000   45.0000   45.0000 8067.4492   28.2592
    0.0000   45.0000   45.0000 8432.6338   28.2895
    7.5000   45.0000   45.0000 8122.6050   28.3005

---------------------------------------------------------------------
imgreg_4dfp /opt/freesurfer/average/711-2C_as_mni_average_305 /opt/freesurfer/average/711-2B_as_mni_average_305_mask talsrcimg_g11 none talsrcimg_to_711-2C_as_mni_average_305_t4 4355
---------------------------------------------------------------------

freesurfer imgreg_4dfp.c
/opt/freesurfer/average/711-2C_as_mni_average_305.4dfp.img
       256       256       256         1
  1.000000  1.000000  1.000000
orientation T byte_order littleendian
Reading image: /opt/freesurfer/average/711-2C_as_mni_average_305.4dfp.img
dimensions:      256       256       256
mmppix:       1.0000   -1.0000   -1.0000
center:     128.0000 -129.0000 -129.0000
/opt/freesurfer/average/711-2B_as_mni_average_305_mask.4dfp.img
       256       256       256         1
  1.000000  1.000000  1.000000
orientation T byte_order littleendian
Reading mask: /opt/freesurfer/average/711-2B_as_mni_average_305_mask.4dfp.img (2306576 pixels)
talsrcimg_g11.4dfp.img
       256       256       256         1
  1.000000  1.000000  1.000000
orientation T byte_order littleendian
Reading image: talsrcimg_g11.4dfp.img
dimensions:      256       256       256
mmppix:       1.0000   -1.0000   -1.0000
center:     128.0000 -129.0000 -129.0000
rotation matrix determinant  1.000000
image alignment mode   4355 decimal     1103 hex
   -7.5000  -45.0000  -45.0000 2012.4258   28.3551
    0.0000  -45.0000  -45.0000 2015.8992   28.1052
    7.5000  -45.0000  -45.0000 1997.5809   28.3436
   -7.5000  -37.5000  -45.0000 2113.5742   25.8156
    0.0000  -37.5000  -45.0000 2117.9822   25.5440
    7.5000  -37.5000  -45.0000 2101.2263   25.7707
   -7.5000  -30.0000  -45.0000 2201.5540   23.8466
    0.0000  -30.0000  -45.0000 2208.4810   23.6476
    7.5000  -30.0000  -45.0000 2189.8743   23.7940
   -7.5000  -22.5000  -45.0000 2248.8391   22.4614
    0.0000  -22.5000  -45.0000 2257.0203   22.2781
    7.5000  -22.5000  -45.0000 2240.5767   22.4314
   -7.5000  -15.0000  -45.0000 2274.7776   21.5686
    0.0000  -15.0000  -45.0000 2279.5764   21.4739
    7.5000  -15.0000  -45.0000 2265.2930   21.5976
   -7.5000   -7.5000  -45.0000 2287.5046   21.2486
    0.0000   -7.5000  -45.0000 2294.3555   21.1098
    7.5000   -7.5000  -45.0000 2284.7556   21.2706
   -7.5000    0.0000  -45.0000 2280.5923   21.3471
    0.0000    0.0000  -45.0000 2299.7839   21.1743
    7.5000    0.0000  -45.0000 2284.2817   21.3632
   -7.5000    7.5000  -45.0000 2275.5627   21.6547
    0.0000    7.5000  -45.0000 2293.0149   21.4992
    7.5000    7.5000  -45.0000 2282.2246   21.6576
   -7.5000   15.0000  -45.0000 2253.0747   22.2091
    0.0000   15.0000  -45.0000 2273.6030   22.0400
    7.5000   15.0000  -45.0000 2261.8406   22.1882
   -7.5000   22.5000  -45.0000 2209.2820   23.1687
    0.0000   22.5000  -45.0000 2226.3799   22.9768
    7.5000   22.5000  -45.0000 2219.4080   23.1156
   -7.5000   30.0000  -45.0000 2143.9167   24.6692
    0.0000   30.0000  -45.0000 2156.4607   24.4151
    7.5000   30.0000  -45.0000 2150.5747   24.5986
   -7.5000   37.5000  -45.0000 2057.1257   26.7166
    0.0000   37.5000  -45.0000 2068.4082   26.4236
    7.5000   37.5000  -45.0000 2056.2539   26.7124
   -7.5000   45.0000  -45.0000 1940.1450   29.4831
    0.0000   45.0000  -45.0000 1953.4071   29.1564
    7.5000   45.0000  -45.0000 1948.4042   29.4551
   -7.5000  -45.0000  -37.5000 2086.7986   27.1212
    0.0000  -45.0000  -37.5000 2093.8523   26.9056
    7.5000  -45.0000  -37.5000 2074.9893   26.9447
   -7.5000  -37.5000  -37.5000 2193.1455   24.4928
    0.0000  -37.5000  -37.5000 2200.0137   24.2790
    7.5000  -37.5000  -37.5000 2178.6665   24.3046
   -7.5000  -30.0000  -37.5000 2286.2507   22.4377
    0.0000  -30.0000  -37.5000 2289.7844   22.2365
    7.5000  -30.0000  -37.5000 2267.7913   22.3017
   -7.5000  -22.5000  -37.5000 2341.6404   21.0412
    0.0000  -22.5000  -37.5000 2349.9148   20.8823
    7.5000  -22.5000  -37.5000 2331.3972   20.9762
   -7.5000  -15.0000  -37.5000 2371.0093   20.1703
    0.0000  -15.0000  -37.5000 2383.3130   20.0555
    7.5000  -15.0000  -37.5000 2363.6199   20.1685
   -7.5000   -7.5000  -37.5000 2389.2043   19.7430
    0.0000   -7.5000  -37.5000 2405.0200   19.6494
    7.5000   -7.5000  -37.5000 2391.0244   19.7512
   -7.5000    0.0000  -37.5000 2398.6138   19.8609
    0.0000    0.0000  -37.5000 2418.8152   19.7106
    7.5000    0.0000  -37.5000 2397.7346   19.8529
   -7.5000    7.5000  -37.5000 2385.9297   20.2064
    0.0000    7.5000  -37.5000 2409.4255   20.0434
    7.5000    7.5000  -37.5000 2396.6182   20.1512
   -7.5000   15.0000  -37.5000 2364.1057   20.8231
    0.0000   15.0000  -37.5000 2389.2944   20.6295
    7.5000   15.0000  -37.5000 2369.0337   20.7254
   -7.5000   22.5000  -37.5000 2320.0378   21.7949
    0.0000   22.5000  -37.5000 2341.2542   21.5954
    7.5000   22.5000  -37.5000 2324.8159   21.6916
   -7.5000   30.0000  -37.5000 2242.0798   23.2269
    0.0000   30.0000  -37.5000 2259.6226   22.9939
    7.5000   30.0000  -37.5000 2249.9934   23.1003
   -7.5000   37.5000  -37.5000 2148.0767   25.0832
    0.0000   37.5000  -37.5000 2157.8127   24.8634
    7.5000   37.5000  -37.5000 2148.3359   25.0061
   -7.5000   45.0000  -37.5000 2025.0652   27.5375
    0.0000   45.0000  -37.5000 2034.1483   27.2992
    7.5000   45.0000  -37.5000 2030.3507   27.5364
   -7.5000  -45.0000  -30.0000 2186.7122   26.6988
    0.0000  -45.0000  -30.0000 2198.3350   26.5237
    7.5000  -45.0000  -30.0000 2175.1575   26.5203
   -7.5000  -37.5000  -30.0000 2303.6816   24.0775
    0.0000  -37.5000  -30.0000 2316.2153   23.9199
    7.5000  -37.5000  -30.0000 2294.2190   23.8988
   -7.5000  -30.0000  -30.0000 2397.2949   21.9408
    0.0000  -30.0000  -30.0000 2412.4880   21.7927
    7.5000  -30.0000  -30.0000 2389.3767   21.8088
   -7.5000  -22.5000  -30.0000 2470.1965   20.4146
    0.0000  -22.5000  -30.0000 2484.3865   20.2873
    7.5000  -22.5000  -30.0000 2461.1660   20.3740
   -7.5000  -15.0000  -30.0000 2509.0662   19.4993
    0.0000  -15.0000  -30.0000 2529.0391   19.4394
    7.5000  -15.0000  -30.0000 2509.6086   19.5770
   -7.5000   -7.5000  -30.0000 2530.1406   19.0220
    0.0000   -7.5000  -30.0000 2548.8572   18.9663
    7.5000   -7.5000  -30.0000 2538.4028   19.0791
   -7.5000    0.0000  -30.0000 2549.1833   19.1214
    0.0000    0.0000  -30.0000 2566.4578   19.0052
    7.5000    0.0000  -30.0000 2552.0205   19.1647
   -7.5000    7.5000  -30.0000 2540.2078   19.5302
    0.0000    7.5000  -30.0000 2567.2285   19.3653
    7.5000    7.5000  -30.0000 2548.0417   19.4820
   -7.5000   15.0000  -30.0000 2511.5957   20.1809
    0.0000   15.0000  -30.0000 2537.9045   20.0101
    7.5000   15.0000  -30.0000 2521.7537   20.1122
   -7.5000   22.5000  -30.0000 2463.7427   21.2025
    0.0000   22.5000  -30.0000 2488.7158   21.0275
    7.5000   22.5000  -30.0000 2470.8635   21.0600
   -7.5000   30.0000  -30.0000 2378.4556   22.6234
    0.0000   30.0000  -30.0000 2405.5537   22.4156
    7.5000   30.0000  -30.0000 2388.9167   22.4748
   -7.5000   37.5000  -30.0000 2268.1814   24.3933
    0.0000   37.5000  -30.0000 2295.6277   24.2470
    7.5000   37.5000  -30.0000 2279.9954   24.2822
   -7.5000   45.0000  -30.0000 2134.1580   26.7872
    0.0000   45.0000  -30.0000 2159.1770   26.5891
    7.5000   45.0000  -30.0000 2147.9924   26.7097
   -7.5000  -45.0000  -22.5000 2259.5681   25.9876
    0.0000  -45.0000  -22.5000 2275.8979   25.7890
    7.5000  -45.0000  -22.5000 2256.4866   25.9094
   -7.5000  -37.5000  -22.5000 2378.3640   23.3506
    0.0000  -37.5000  -22.5000 2393.9170   23.1446
    7.5000  -37.5000  -22.5000 2377.8379   23.2992
   -7.5000  -30.0000  -22.5000 2475.3633   21.2536
    0.0000  -30.0000  -22.5000 2496.1304   21.0993
    7.5000  -30.0000  -22.5000 2480.2612   21.2229
   -7.5000  -22.5000  -22.5000 2553.2356   19.6785
    0.0000  -22.5000  -22.5000 2576.5110   19.6000
    7.5000  -22.5000  -22.5000 2562.7708   19.7208
   -7.5000  -15.0000  -22.5000 2607.7031   18.7050
    0.0000  -15.0000  -22.5000 2633.9299   18.6227
    7.5000  -15.0000  -22.5000 2619.7397   18.7549
   -7.5000   -7.5000  -22.5000 2639.6345   18.1630
    0.0000   -7.5000  -22.5000 2662.8394   18.1467
    7.5000   -7.5000  -22.5000 2654.9424   18.2752
   -7.5000    0.0000  -22.5000 2655.8289   18.2305
    0.0000    0.0000  -22.5000 2677.4438   18.1666
    7.5000    0.0000  -22.5000 2669.2410   18.3229
   -7.5000    7.5000  -22.5000 2650.7610   18.6465
    0.0000    7.5000  -22.5000 2684.9185   18.5359
    7.5000    7.5000  -22.5000 2665.1133   18.6538
   -7.5000   15.0000  -22.5000 2619.1260   19.3190
    0.0000   15.0000  -22.5000 2653.3240   19.2283
    7.5000   15.0000  -22.5000 2635.9741   19.2926
   -7.5000   22.5000  -22.5000 2562.6450   20.3490
    0.0000   22.5000  -22.5000 2598.1147   20.1889
    7.5000   22.5000  -22.5000 2583.1101   20.2857
   -7.5000   30.0000  -22.5000 2477.7522   21.7269
    0.0000   30.0000  -22.5000 2513.2632   21.5409
    7.5000   30.0000  -22.5000 2498.6284   21.6365
   -7.5000   37.5000  -22.5000 2368.9375   23.5494
    0.0000   37.5000  -22.5000 2401.2302   23.3215
    7.5000   37.5000  -22.5000 2395.0571   23.4139
   -7.5000   45.0000  -22.5000 2227.4473   25.7831
    0.0000   45.0000  -22.5000 2255.8828   25.6196
    7.5000   45.0000  -22.5000 2249.4934   25.7422
   -7.5000  -45.0000  -15.0000 2297.3782   25.2538
    0.0000  -45.0000  -15.0000 2319.5652   25.0481
    7.5000  -45.0000  -15.0000 2301.8022   25.2292
   -7.5000  -37.5000  -15.0000 2416.6875   22.6864
    0.0000  -37.5000  -15.0000 2441.3584   22.5126
    7.5000  -37.5000  -15.0000 2425.2917   22.7110
   -7.5000  -30.0000  -15.0000 2516.1646   20.6171
    0.0000  -30.0000  -15.0000 2546.2083   20.4648
    7.5000  -30.0000  -15.0000 2534.8982   20.6716
   -7.5000  -22.5000  -15.0000 2602.4070   19.0567
    0.0000  -22.5000  -15.0000 2634.4126   18.9062
    7.5000  -22.5000  -15.0000 2624.0830   19.1280
   -7.5000  -15.0000  -15.0000 2660.8936   18.0032
    0.0000  -15.0000  -15.0000 2700.9246   17.8875
    7.5000  -15.0000  -15.0000 2689.9041   18.0416
   -7.5000   -7.5000  -15.0000 2707.4011   17.3355
    0.0000   -7.5000  -15.0000 2747.3391   17.2749
    7.5000   -7.5000  -15.0000 2730.9216   17.4467
   -7.5000    0.0000  -15.0000 2726.2297   17.3911
    0.0000    0.0000  -15.0000 2759.9578   17.2921
    7.5000    0.0000  -15.0000 2747.8293   17.4983
   -7.5000    7.5000  -15.0000 2721.9688   17.8304
    0.0000    7.5000  -15.0000 2767.1853   17.7428
    7.5000    7.5000  -15.0000 2749.0479   17.9081
   -7.5000   15.0000  -15.0000 2688.5125   18.5206
    0.0000   15.0000  -15.0000 2728.3401   18.4127
    7.5000   15.0000  -15.0000 2718.1086   18.5402
   -7.5000   22.5000  -15.0000 2632.1917   19.5039
    0.0000   22.5000  -15.0000 2667.9951   19.2958
    7.5000   22.5000  -15.0000 2663.4216   19.4405
   -7.5000   30.0000  -15.0000 2542.8501   20.8728
    0.0000   30.0000  -15.0000 2575.6223   20.5890
    7.5000   30.0000  -15.0000 2569.1272   20.7015
   -7.5000   37.5000  -15.0000 2430.0308   22.6515
    0.0000   37.5000  -15.0000 2461.9807   22.3921
    7.5000   37.5000  -15.0000 2456.3469   22.5130
   -7.5000   45.0000  -15.0000 2282.9309   24.9437
    0.0000   45.0000  -15.0000 2313.2830   24.7734
    7.5000   45.0000  -15.0000 2307.1692   24.8948
   -7.5000  -45.0000   -7.5000 2308.9785   24.7546
    0.0000  -45.0000   -7.5000 2334.6235   24.4331
    7.5000  -45.0000   -7.5000 2318.4214   24.6895
   -7.5000  -37.5000   -7.5000 2427.1091   22.1586
    0.0000  -37.5000   -7.5000 2457.9329   21.9309
    7.5000  -37.5000   -7.5000 2439.0745   22.1745
   -7.5000  -30.0000   -7.5000 2540.4131   20.1368
    0.0000  -30.0000   -7.5000 2572.9390   19.8994
    7.5000  -30.0000   -7.5000 2555.2090   20.1624
   -7.5000  -22.5000   -7.5000 2637.5237   18.5760
    0.0000  -22.5000   -7.5000 2676.4089   18.3859
    7.5000  -22.5000   -7.5000 2664.3457   18.6381
   -7.5000  -15.0000   -7.5000 2699.0081   17.4594
    0.0000  -15.0000   -7.5000 2743.8013   17.2900
    7.5000  -15.0000   -7.5000 2738.6829   17.5435
   -7.5000   -7.5000   -7.5000 2746.7964   16.6819
    0.0000   -7.5000   -7.5000 2796.1064   16.4852
    7.5000   -7.5000   -7.5000 2780.4194   16.8327
   -7.5000    0.0000   -7.5000 2777.9387   16.6548
    0.0000    0.0000   -7.5000 2818.3706   16.4625
    7.5000    0.0000   -7.5000 2811.5701   16.7630
   -7.5000    7.5000   -7.5000 2781.0801   17.1473
    0.0000    7.5000   -7.5000 2827.2021   16.9703
    7.5000    7.5000   -7.5000 2819.2473   17.1817
   -7.5000   15.0000   -7.5000 2742.9985   17.8934
    0.0000   15.0000   -7.5000 2782.4980   17.6988
    7.5000   15.0000   -7.5000 2782.4424   17.9235
   -7.5000   22.5000   -7.5000 2676.8655   18.8695
    0.0000   22.5000   -7.5000 2712.1384   18.5996
    7.5000   22.5000   -7.5000 2715.3701   18.8214
   -7.5000   30.0000   -7.5000 2582.5566   20.1974
    0.0000   30.0000   -7.5000 2613.6394   19.8936
    7.5000   30.0000   -7.5000 2612.4326   20.0944
   -7.5000   37.5000   -7.5000 2468.2429   21.9633
    0.0000   37.5000   -7.5000 2498.3066   21.6753
    7.5000   37.5000   -7.5000 2491.7527   21.9029
   -7.5000   45.0000   -7.5000 2321.0056   24.1747
    0.0000   45.0000   -7.5000 2349.5872   23.9755
    7.5000   45.0000   -7.5000 2344.0479   24.1857
   -7.5000  -45.0000    0.0000 2319.4568   24.8474
    0.0000  -45.0000    0.0000 2348.6184   24.3709
    7.5000  -45.0000    0.0000 2330.8083   24.6969
   -7.5000  -37.5000    0.0000 2435.8333   22.2226
    0.0000  -37.5000    0.0000 2458.5918   21.7731
    7.5000  -37.5000    0.0000 2449.3315   22.1450
   -7.5000  -30.0000    0.0000 2549.2288   20.1282
    0.0000  -30.0000    0.0000 2571.7751   19.7442
    7.5000  -30.0000    0.0000 2561.4221   20.0695
   -7.5000  -22.5000    0.0000 2646.5569   18.5284
    0.0000  -22.5000    0.0000 2677.1201   18.2101
    7.5000  -22.5000    0.0000 2671.5488   18.5281
   -7.5000  -15.0000    0.0000 2716.5408   17.4040
    0.0000  -15.0000    0.0000 2756.8735   17.1899
    7.5000  -15.0000    0.0000 2760.9934   17.4582
   -7.5000   -7.5000    0.0000 2760.0132   16.4961
    0.0000   -7.5000    0.0000 2810.7070   16.1820
    7.5000   -7.5000    0.0000 2810.6440   16.7325
   -7.5000    0.0000    0.0000 2798.6479   16.2804
    0.0000    0.0000    0.0000 2835.7627   15.8349
    7.5000    0.0000    0.0000 2839.1128   16.4769
   -7.5000    7.5000    0.0000 2812.5342   16.8197
    0.0000    7.5000    0.0000 2850.6931   16.3372
    7.5000    7.5000    0.0000 2851.3547   16.7812
   -7.5000   15.0000    0.0000 2774.2454   17.6819
    0.0000   15.0000    0.0000 2811.9329   17.2486
    7.5000   15.0000    0.0000 2821.1621   17.5903
   -7.5000   22.5000    0.0000 2710.1455   18.7283
    0.0000   22.5000    0.0000 2739.8694   18.3400
    7.5000   22.5000    0.0000 2746.7903   18.6672
   -7.5000   30.0000    0.0000 2615.7112   20.0793
    0.0000   30.0000    0.0000 2636.3318   19.6691
    7.5000   30.0000    0.0000 2639.2683   19.9181
   -7.5000   37.5000    0.0000 2500.4116   21.7765
    0.0000   37.5000    0.0000 2520.9141   21.4024
    7.5000   37.5000    0.0000 2518.1628   21.6255
   -7.5000   45.0000    0.0000 2352.0181   24.0062
    0.0000   45.0000    0.0000 2368.3823   23.6789
    7.5000   45.0000    0.0000 2373.8262   23.9295
   -7.5000  -45.0000    7.5000 2313.1636   25.0585
    0.0000  -45.0000    7.5000 2343.9033   24.5757
    7.5000  -45.0000    7.5000 2325.4854   24.9644
   -7.5000  -37.5000    7.5000 2430.0237   22.4576
    0.0000  -37.5000    7.5000 2461.0813   22.0301
    7.5000  -37.5000    7.5000 2447.1787   22.4056
   -7.5000  -30.0000    7.5000 2539.9202   20.3483
    0.0000  -30.0000    7.5000 2572.2158   19.9662
    7.5000  -30.0000    7.5000 2565.9983   20.3415
   -7.5000  -22.5000    7.5000 2638.5933   18.7331
    0.0000  -22.5000    7.5000 2676.1616   18.4089
    7.5000  -22.5000    7.5000 2680.3699   18.8230
   -7.5000  -15.0000    7.5000 2719.3262   17.6841
    0.0000  -15.0000    7.5000 2759.2256   17.4361
    7.5000  -15.0000    7.5000 2780.4446   17.8220
   -7.5000   -7.5000    7.5000 2779.8718   16.9869
    0.0000   -7.5000    7.5000 2837.6233   16.7062
    7.5000   -7.5000    7.5000 2844.7139   17.1724
   -7.5000    0.0000    7.5000 2812.0166   16.6791
    0.0000    0.0000    7.5000 2847.6003   16.1144
    7.5000    0.0000    7.5000 2860.9846   16.6983
   -7.5000    7.5000    7.5000 2830.9111   17.0065
    0.0000    7.5000    7.5000 2869.8621   16.4846
    7.5000    7.5000    7.5000 2868.7241   16.9409
   -7.5000   15.0000    7.5000 2800.0417   17.8197
    0.0000   15.0000    7.5000 2846.0774   17.4363
    7.5000   15.0000    7.5000 2843.4617   17.7042
   -7.5000   22.5000    7.5000 2735.3240   18.8678
    0.0000   22.5000    7.5000 2774.0327   18.5873
    7.5000   22.5000    7.5000 2768.6750   18.7656
   -7.5000   30.0000    7.5000 2629.7131   20.2504
    0.0000   30.0000    7.5000 2661.9119   19.9731
    7.5000   30.0000    7.5000 2653.7026   20.0539
   -7.5000   37.5000    7.5000 2504.8359   21.9311
    0.0000   37.5000    7.5000 2538.7351   21.7081
    7.5000   37.5000    7.5000 2527.5989   21.7638
   -7.5000   45.0000    7.5000 2353.7161   24.0408
    0.0000   45.0000    7.5000 2388.7302   23.9341
    7.5000   45.0000    7.5000 2378.5120   23.9435
   -7.5000  -45.0000   15.0000 2297.3081   25.6596
    0.0000  -45.0000   15.0000 2326.0317   25.1594
    7.5000  -45.0000   15.0000 2320.5913   25.7345
   -7.5000  -37.5000   15.0000 2405.4294   22.9317
    0.0000  -37.5000   15.0000 2432.6643   22.4810
    7.5000  -37.5000   15.0000 2442.0383   23.0681
   -7.5000  -30.0000   15.0000 2506.1030   20.8725
    0.0000  -30.0000   15.0000 2543.0452   20.4533
    7.5000  -30.0000   15.0000 2563.4480   21.0252
   -7.5000  -22.5000   15.0000 2605.0383   19.3794
    0.0000  -22.5000   15.0000 2653.3123   19.0832
    7.5000  -22.5000   15.0000 2677.8369   19.5021
   -7.5000  -15.0000   15.0000 2702.3616   18.4025
    0.0000  -15.0000   15.0000 2762.0110   18.2127
    7.5000  -15.0000   15.0000 2779.4800   18.5127
   -7.5000   -7.5000   15.0000 2785.2051   17.8845
    0.0000   -7.5000   15.0000 2847.2896   17.5704
    7.5000   -7.5000   15.0000 2839.2837   17.8081
   -7.5000    0.0000   15.0000 2827.3000   17.7556
    0.0000    0.0000   15.0000 2891.3660   17.4732
    7.5000    0.0000   15.0000 2875.6960   17.5636
   -7.5000    7.5000   15.0000 2819.2595   17.9395
    0.0000    7.5000   15.0000 2884.8635   17.7462
    7.5000    7.5000   15.0000 2866.9155   17.7651
   -7.5000   15.0000   15.0000 2768.7705   18.3848
    0.0000   15.0000   15.0000 2833.1084   18.1911
    7.5000   15.0000   15.0000 2824.0393   18.2141
   -7.5000   22.5000   15.0000 2705.0544   19.2428
    0.0000   22.5000   15.0000 2752.4199   19.0426
    7.5000   22.5000   15.0000 2744.4529   19.1127
   -7.5000   30.0000   15.0000 2601.5657   20.5893
    0.0000   30.0000   15.0000 2642.3596   20.3448
    7.5000   30.0000   15.0000 2637.4883   20.4120
   -7.5000   37.5000   15.0000 2482.6238   22.3189
    0.0000   37.5000   15.0000 2518.7927   22.0137
    7.5000   37.5000   15.0000 2515.1941   22.1377
   -7.5000   45.0000   15.0000 2337.2324   24.4453
    0.0000   45.0000   15.0000 2359.1941   24.1412
    7.5000   45.0000   15.0000 2366.0403   24.3195
   -7.5000  -45.0000   22.5000 2259.1558   26.7196
    0.0000  -45.0000   22.5000 2299.5369   26.3644
    7.5000  -45.0000   22.5000 2303.7961   26.7961
   -7.5000  -37.5000   22.5000 2379.0747   24.1423
    0.0000  -37.5000   22.5000 2421.1792   23.8479
    7.5000  -37.5000   22.5000 2425.7300   24.1761
   -7.5000  -30.0000   22.5000 2494.8867   22.2050
    0.0000  -30.0000   22.5000 2544.4265   21.9399
    7.5000  -30.0000   22.5000 2542.0884   22.1487
   -7.5000  -22.5000   22.5000 2606.3655   20.7005
    0.0000  -22.5000   22.5000 2655.5630   20.4830
    7.5000  -22.5000   22.5000 2656.7734   20.6504
   -7.5000  -15.0000   22.5000 2697.5959   19.6644
    0.0000  -15.0000   22.5000 2752.2678   19.3366
    7.5000  -15.0000   22.5000 2748.8167   19.4915
   -7.5000   -7.5000   22.5000 2766.2493   18.9920
    0.0000   -7.5000   22.5000 2811.7053   18.4692
    7.5000   -7.5000   22.5000 2808.2947   18.6579
   -7.5000    0.0000   22.5000 2799.0571   18.7899
    0.0000    0.0000   22.5000 2844.7661   18.3333
    7.5000    0.0000   22.5000 2844.5859   18.4809
   -7.5000    7.5000   22.5000 2792.5652   18.9836
    0.0000    7.5000   22.5000 2838.5237   18.6138
    7.5000    7.5000   22.5000 2838.8103   18.6820
   -7.5000   15.0000   22.5000 2742.2781   19.4918
    0.0000   15.0000   22.5000 2783.0247   19.1050
    7.5000   15.0000   22.5000 2787.6453   19.1984
   -7.5000   22.5000   22.5000 2661.4302   20.3128
    0.0000   22.5000   22.5000 2711.1624   20.0196
    7.5000   22.5000   22.5000 2710.4573   20.1199
   -7.5000   30.0000   22.5000 2562.2708   21.4720
    0.0000   30.0000   22.5000 2608.3359   21.2268
    7.5000   30.0000   22.5000 2599.4746   21.2849
   -7.5000   37.5000   22.5000 2447.2434   23.1440
    0.0000   37.5000   22.5000 2486.6389   22.8644
    7.5000   37.5000   22.5000 2483.6367   22.9001
   -7.5000   45.0000   22.5000 2302.1465   25.2343
    0.0000   45.0000   22.5000 2326.4343   24.9308
    7.5000   45.0000   22.5000 2329.8521   24.9697
   -7.5000  -45.0000   30.0000 2238.7583   28.7627
    0.0000  -45.0000   30.0000 2270.6716   28.3506
    7.5000  -45.0000   30.0000 2269.4563   28.5911
   -7.5000  -37.5000   30.0000 2356.9443   26.0930
    0.0000  -37.5000   30.0000 2391.9829   25.6566
    7.5000  -37.5000   30.0000 2389.1807   25.8429
   -7.5000  -30.0000   30.0000 2468.8171   23.9236
    0.0000  -30.0000   30.0000 2507.7244   23.5102
    7.5000  -30.0000   30.0000 2508.2295   23.6717
   -7.5000  -22.5000   30.0000 2570.8130   22.2154
    0.0000  -22.5000   30.0000 2612.8364   21.7924
    7.5000  -22.5000   30.0000 2616.3633   21.9518
   -7.5000  -15.0000   30.0000 2652.3496   21.0058
    0.0000  -15.0000   30.0000 2697.3833   20.4244
    7.5000  -15.0000   30.0000 2697.1858   20.5737
   -7.5000   -7.5000   30.0000 2704.4316   20.1166
    0.0000   -7.5000   30.0000 2749.9456   19.5607
    7.5000   -7.5000   30.0000 2750.8782   19.7452
   -7.5000    0.0000   30.0000 2731.0757   19.8736
    0.0000    0.0000   30.0000 2778.2622   19.4159
    7.5000    0.0000   30.0000 2783.4419   19.5686
   -7.5000    7.5000   30.0000 2718.7026   20.0862
    0.0000    7.5000   30.0000 2765.4482   19.6460
    7.5000    7.5000   30.0000 2772.1870   19.7666
   -7.5000   15.0000   30.0000 2670.9043   20.6741
    0.0000   15.0000   30.0000 2713.2578   20.1952
    7.5000   15.0000   30.0000 2722.9607   20.3628
   -7.5000   22.5000   30.0000 2595.1589   21.5269
    0.0000   22.5000   30.0000 2639.0764   21.0945
    7.5000   22.5000   30.0000 2649.8540   21.2696
   -7.5000   30.0000   30.0000 2498.6877   22.7658
    0.0000   30.0000   30.0000 2544.8857   22.3988
    7.5000   30.0000   30.0000 2546.6328   22.4748
   -7.5000   37.5000   30.0000 2393.7996   24.3461
    0.0000   37.5000   30.0000 2431.6006   23.9909
    7.5000   37.5000   30.0000 2430.3008   24.0325
   -7.5000   45.0000   30.0000 2252.9343   26.3667
    0.0000   45.0000   30.0000 2279.0869   26.0240
    7.5000   45.0000   30.0000 2282.3115   26.0732
   -7.5000  -45.0000   37.5000 2192.3577   30.8907
    0.0000  -45.0000   37.5000 2220.3245   30.3319
    7.5000  -45.0000   37.5000 2218.2969   30.4976
   -7.5000  -37.5000   37.5000 2301.3926   27.8986
    0.0000  -37.5000   37.5000 2340.4592   27.3948
    7.5000  -37.5000   37.5000 2340.7854   27.5436
   -7.5000  -30.0000   37.5000 2411.8987   25.5395
    0.0000  -30.0000   37.5000 2454.0046   25.0747
    7.5000  -30.0000   37.5000 2457.9751   25.2212
   -7.5000  -22.5000   37.5000 2513.7585   23.7603
    0.0000  -22.5000   37.5000 2556.2256   23.2231
    7.5000  -22.5000   37.5000 2561.4443   23.3402
   -7.5000  -15.0000   37.5000 2584.8911   22.3725
    0.0000  -15.0000   37.5000 2626.8782   21.7894
    7.5000  -15.0000   37.5000 2631.3433   21.9332
   -7.5000   -7.5000   37.5000 2633.8428   21.4424
    0.0000   -7.5000   37.5000 2674.1880   20.9287
    7.5000   -7.5000   37.5000 2683.8271   21.0834
   -7.5000    0.0000   37.5000 2650.1538   21.2196
    0.0000    0.0000   37.5000 2697.9421   20.7427
    7.5000    0.0000   37.5000 2707.6816   20.8564
   -7.5000    7.5000   37.5000 2637.0098   21.4070
    0.0000    7.5000   37.5000 2681.2622   20.9073
    7.5000    7.5000   37.5000 2691.4082   21.0505
   -7.5000   15.0000   37.5000 2593.8511   22.0028
    0.0000   15.0000   37.5000 2626.7998   21.5057
    7.5000   15.0000   37.5000 2637.1262   21.6759
   -7.5000   22.5000   37.5000 2524.6062   22.9002
    0.0000   22.5000   37.5000 2566.6724   22.4489
    7.5000   22.5000   37.5000 2581.0840   22.5802
   -7.5000   30.0000   37.5000 2434.9692   24.1859
    0.0000   30.0000   37.5000 2481.6343   23.7708
    7.5000   30.0000   37.5000 2491.4905   23.8195
   -7.5000   37.5000   37.5000 2329.8884   25.8419
    0.0000   37.5000   37.5000 2366.4802   25.3897
    7.5000   37.5000   37.5000 2371.4067   25.3712
   -7.5000   45.0000   37.5000 2197.7163   27.8947
    0.0000   45.0000   37.5000 2223.0422   27.4595
    7.5000   45.0000   37.5000 2224.4431   27.4582
   -7.5000  -45.0000   45.0000 2129.4126   33.1652
    0.0000  -45.0000   45.0000 2158.3853   32.5226
    7.5000  -45.0000   45.0000 2157.5168   32.6566
   -7.5000  -37.5000   45.0000 2234.9575   29.9722
    0.0000  -37.5000   45.0000 2274.7783   29.4303
    7.5000  -37.5000   45.0000 2277.1445   29.4999
   -7.5000  -30.0000   45.0000 2341.5747   27.4556
    0.0000  -30.0000   45.0000 2388.9712   26.9361
    7.5000  -30.0000   45.0000 2393.8574   27.0361
   -7.5000  -22.5000   45.0000 2438.5571   25.4628
    0.0000  -22.5000   45.0000 2486.6755   24.9463
    7.5000  -22.5000   45.0000 2489.0317   24.9791
   -7.5000  -15.0000   45.0000 2507.1201   23.9913
    0.0000  -15.0000   45.0000 2550.0125   23.4621
    7.5000  -15.0000   45.0000 2555.3037   23.5426
   -7.5000   -7.5000   45.0000 2546.1108   23.0143
    0.0000   -7.5000   45.0000 2583.9731   22.5560
    7.5000   -7.5000   45.0000 2599.9038   22.6744
   -7.5000    0.0000   45.0000 2553.9241   22.7777
    0.0000    0.0000   45.0000 2597.1396   22.3233
    7.5000    0.0000   45.0000 2610.2986   22.4064
   -7.5000    7.5000   45.0000 2540.9189   22.9101
    0.0000    7.5000   45.0000 2578.8401   22.4417
    7.5000    7.5000   45.0000 2593.9470   22.5742
   -7.5000   15.0000   45.0000 2495.5884   23.4944
    0.0000   15.0000   45.0000 2530.8508   23.0723
    7.5000   15.0000   45.0000 2545.4907   23.2197
   -7.5000   22.5000   45.0000 2433.3389   24.4369
    0.0000   22.5000   45.0000 2471.2937   24.0242
    7.5000   22.5000   45.0000 2488.4885   24.1426
   -7.5000   30.0000   45.0000 2354.5806   25.8392
    0.0000   30.0000   45.0000 2393.4211   25.3886
    7.5000   30.0000   45.0000 2406.7041   25.3804
   -7.5000   37.5000   45.0000 2255.5405   27.5303
    0.0000   37.5000   45.0000 2287.8750   27.0665
    7.5000   37.5000   45.0000 2295.9431   26.9759
   -7.5000   45.0000   45.0000 2129.2622   29.6221
    0.0000   45.0000   45.0000 2156.9631   29.0981
    7.5000   45.0000   45.0000 2166.9009   29.0871

---------------------------------------------------------------------
imgreg_4dfp /opt/freesurfer/average/711-2C_as_mni_average_305 /opt/freesurfer/average/711-2B_as_mni_average_305_mask talsrcimg_g11 none talsrcimg_to_711-2C_as_mni_average_305_t4 1283
---------------------------------------------------------------------

freesurfer imgreg_4dfp.c
/opt/freesurfer/average/711-2C_as_mni_average_305.4dfp.img
       256       256       256         1
  1.000000  1.000000  1.000000
orientation T byte_order littleendian
Reading image: /opt/freesurfer/average/711-2C_as_mni_average_305.4dfp.img
dimensions:      256       256       256
mmppix:       1.0000   -1.0000   -1.0000
center:     128.0000 -129.0000 -129.0000
/opt/freesurfer/average/711-2B_as_mni_average_305_mask.4dfp.img
       256       256       256         1
  1.000000  1.000000  1.000000
orientation T byte_order littleendian
Reading mask: /opt/freesurfer/average/711-2B_as_mni_average_305_mask.4dfp.img (2306576 pixels)
talsrcimg_g11.4dfp.img
       256       256       256         1
  1.000000  1.000000  1.000000
orientation T byte_order littleendian
Reading image: talsrcimg_g11.4dfp.img
dimensions:      256       256       256
mmppix:       1.0000   -1.0000   -1.0000
center:     128.0000 -129.0000 -129.0000
rotation matrix determinant  1.000000
fimgreg.f
image alignment mode   1283 decimal      503 hex
parameters
    0.0000    0.0000   15.0000    0.0000    0.0000    0.0000
eta,q 0.90771 17.37911
niter,ni,del,rscale     5    3   12.0000    1.2000
parameter  1 -0.559399 -> -0.500000 qaram    1.1500
parameter  4  0.539672 ->  0.500000 qaram    1.1500
parameter  6  0.542998 ->  0.500000 qaram    1.1500
parameters
    3.4500    2.9059   15.1934   -3.4500   -1.6869   -3.4500
eta,q 0.91002 17.47278
  0.1096  0.1010  0.1045  0.0917  0.0921  0.0902
  0.1045  0.0968  0.0982  0.0901  0.0916  0.0899
  0.1004  0.0946  0.0928  0.0902  0.0905  0.0901
  0.0967  0.0933  0.0916  0.0913  0.0900  0.0903
  0.0940  0.0919  0.0930  0.0920  0.0916  0.0916
  0.0942  0.0922  0.0971  0.0919  0.0946  0.0933
  0.0963  0.0930  0.1028  0.0916  0.0980  0.0954
niter,ni,del,rscale     7    3   12.0000    1.2000
parameter  4  0.611847 -> -0.500000 qaram    1.3225
parameters
    2.5424    5.3519   14.6398    0.5175   -2.8101   -5.8536
eta,q 0.91392 17.55593
  0.0997  0.1023  0.1000  0.0885  0.0912  0.0880
  0.0919  0.0962  0.0911  0.0879  0.0880  0.0868
  0.0888  0.0908  0.0880  0.0887  0.0867  0.0861
  0.0900  0.0891  0.0898  0.0890  0.0869  0.0865
  0.0929  0.0898  0.0925  0.0878  0.0889  0.0883
  0.0980  0.0896  0.0964  0.0866  0.0918  0.0906
  0.1043  0.0899  0.1015  0.0875  0.0951  0.0929
niter,ni,del,rscale     7    3   12.0000    1.2000
parameters
    2.5857    4.1932   14.6485    0.1129   -3.4522   -6.5474
eta,q 0.91282 17.51113
  0.1025  0.0913  0.1018  0.0892  0.0914  0.0890
  0.0945  0.0899  0.0944  0.0891  0.0883  0.0886
  0.0882  0.0875  0.0883  0.0892  0.0872  0.0877
  0.0861  0.0861  0.0866  0.0866  0.0870  0.0870
  0.0890  0.0881  0.0891  0.0853  0.0882  0.0870
  0.0948  0.0937  0.0945  0.0884  0.0904  0.0886
  0.1014  0.0986  0.1013  0.0921  0.0932  0.0912
niter,ni,del,rscale     6    3   12.0000    1.2000
parameters
    2.9103    3.9649   14.5601    0.4286   -4.1402   -7.0739
eta,q 0.91295 17.51371
  0.1030  0.0918  0.1016  0.0898  0.0913  0.0889
  0.0963  0.0904  0.0934  0.0889  0.0880  0.0886
  0.0901  0.0892  0.0881  0.0892  0.0870  0.0877
  0.0872  0.0871  0.0873  0.0873  0.0870  0.0869
  0.0889  0.0863  0.0898  0.0853  0.0880  0.0868
  0.0941  0.0894  0.0949  0.0875  0.0903  0.0883
  0.1007  0.0950  0.1013  0.0912  0.0933  0.0909
niter,ni,del,rscale     5    3   12.0000    1.2000
parameters
    3.3074    3.6809   14.4955    1.0740   -4.9042   -7.3250
eta,q 0.91367 17.52784
  0.1025  0.0912  0.1013  0.0900  0.0910  0.0889
  0.0968  0.0902  0.0930  0.0889  0.0873  0.0884
  0.0905  0.0888  0.0878  0.0891  0.0862  0.0872
  0.0871  0.0869  0.0871  0.0871  0.0865  0.0863
  0.0883  0.0863  0.0896  0.0853  0.0876  0.0863
  0.0934  0.0893  0.0946  0.0874  0.0902  0.0878
  0.1004  0.0944  0.1005  0.0906  0.0932  0.0903
niter,ni,del,rscale     4    3   12.0000    1.2000
parameters
    3.7824    3.1615   14.5201    2.5248   -5.5433   -7.0046
eta,q 0.91517 17.60073
  0.1026  0.0907  0.1008  0.0897  0.0908  0.0885
  0.0970  0.0900  0.0927  0.0889  0.0869  0.0879
  0.0905  0.0881  0.0875  0.0890  0.0850  0.0864
  0.0863  0.0861  0.0864  0.0864  0.0851  0.0850
  0.0873  0.0866  0.0890  0.0852  0.0867  0.0848
  0.0926  0.0899  0.0938  0.0868  0.0897  0.0865
  0.1003  0.0946  0.0992  0.0892  0.0928  0.0890
niter,ni,del,rscale     3    3   12.0000    1.2000
parameter  4 -0.818432 -> -0.500000 qaram    1.5209
parameters
    4.1576    2.0398   14.6136    7.0875   -5.7075   -6.1354
eta,q 0.91629 17.65199
  0.1025  0.0892  0.1003  0.0892  0.0905  0.0879
  0.0959  0.0894  0.0919  0.0892  0.0863  0.0869
  0.0889  0.0875  0.0871  0.0881  0.0842  0.0858
  0.0848  0.0847  0.0859  0.0859  0.0841  0.0841
  0.0864  0.0867  0.0887  0.0849  0.0852  0.0838
  0.0924  0.0917  0.0933  0.0841  0.0875  0.0850
  0.1003  0.0959  0.0975  0.0861  0.0905  0.0872
niter,ni,del,rscale     3    3   12.0000    1.2000
parameters
    4.0812   -0.5689   14.6093    8.6461   -5.7524   -5.9304
eta,q 0.91748 17.46393
  0.1017  0.0862  0.0963  0.0912  0.0887  0.0879
  0.0944  0.0852  0.0891  0.0903  0.0850  0.0847
  0.0867  0.0829  0.0844  0.0872  0.0828  0.0828
  0.0837  0.0837  0.0834  0.0834  0.0825  0.0825
  0.0871  0.0897  0.0864  0.0821  0.0834  0.0835
  0.0944  0.0954  0.0907  0.0847  0.0855  0.0849
  0.1028  0.1001  0.0946  0.0895  0.0885  0.0867
niter,ni,del,rscale     2    3   12.0000    1.2000
parameters
    3.7130   -1.1673   14.3737    9.0277   -5.5839   -5.8976
eta,q 0.91724 17.42373
  0.0991  0.0902  0.0941  0.0912  0.0892  0.0877
  0.0923  0.0869  0.0879  0.0890  0.0855  0.0842
  0.0850  0.0850  0.0834  0.0851  0.0830  0.0828
  0.0825  0.0825  0.0833  0.0830  0.0827  0.0828
  0.0864  0.0822  0.0866  0.0822  0.0835  0.0836
  0.0942  0.0894  0.0902  0.0866  0.0853  0.0847
  0.1033  0.0962  0.0941  0.0915  0.0880  0.0869
niter,ni,del,rscale     1    3   12.0000    1.2000
parameters
    3.5376   -1.2851   14.3054    9.2031   -5.4356   -5.9334
eta,q 0.91723 17.41658
  0.0997  0.0918  0.0946  0.0912  0.0892  0.0876
  0.0928  0.0876  0.0883  0.0885  0.0854  0.0840
  0.0861  0.0852  0.0836  0.0848  0.0830  0.0827
  0.0828  0.0828  0.0830  0.0829  0.0827  0.0828
  0.0858  0.0813  0.0862  0.0823  0.0835  0.0835
  0.0932  0.0871  0.0897  0.0868  0.0854  0.0847
  0.1023  0.0947  0.0935  0.0921  0.0881  0.0871
registration optimization eta report
parameter search radius
    6.9000    6.0000    6.0000    9.1253    6.0000    6.9000
100000*second partial in parameter space
       37.       30.       30.       11.       17.       10.
  0.0997  0.0918  0.0946  0.0912  0.0892  0.0876
  0.0928  0.0876  0.0883  0.0885  0.0854  0.0840
  0.0861  0.0852  0.0836  0.0848  0.0830  0.0827
  0.0828  0.0828  0.0830  0.0829  0.0827  0.0828
  0.0858  0.0813  0.0862  0.0823  0.0835  0.0835
  0.0932  0.0871  0.0897  0.0868  0.0854  0.0847
  0.1023  0.0947  0.0935  0.0921  0.0881  0.0871
    3.5376   -1.2851   14.3054    9.2031   -5.4356   -5.9334
eta,q 0.91723 17.41658

---------------------------------------------------------------------
imgreg_4dfp /opt/freesurfer/average/711-2C_as_mni_average_305 /opt/freesurfer/average/711-2B_as_mni_average_305_mask talsrcimg_g11 none talsrcimg_to_711-2C_as_mni_average_305_t4 3335
---------------------------------------------------------------------

freesurfer imgreg_4dfp.c
/opt/freesurfer/average/711-2C_as_mni_average_305.4dfp.img
       256       256       256         1
  1.000000  1.000000  1.000000
orientation T byte_order littleendian
Reading image: /opt/freesurfer/average/711-2C_as_mni_average_305.4dfp.img
dimensions:      256       256       256
mmppix:       1.0000   -1.0000   -1.0000
center:     128.0000 -129.0000 -129.0000
/opt/freesurfer/average/711-2B_as_mni_average_305_mask.4dfp.img
       256       256       256         1
  1.000000  1.000000  1.000000
orientation T byte_order littleendian
Reading mask: /opt/freesurfer/average/711-2B_as_mni_average_305_mask.4dfp.img (2306576 pixels)
talsrcimg_g11.4dfp.img
       256       256       256         1
  1.000000  1.000000  1.000000
orientation T byte_order littleendian
Reading image: talsrcimg_g11.4dfp.img
dimensions:      256       256       256
mmppix:       1.0000   -1.0000   -1.0000
center:     128.0000 -129.0000 -129.0000
fimgreg.f
image alignment mode   3335 decimal      D07 hex
parameters
    3.5376   -1.2851   14.3054   -0.9830   -1.9727   -1.7311
   11.7110    7.6474  -10.2907  -16.8743   -9.4727   15.9215
eta,q 0.91504 17.42675
niter,ni,del,rscale     5    3    5.0000    1.2000
parameter  4  2.345122 ->  0.500000 qaram    1.1500
parameter  5  2.344553 ->  0.500000 qaram    1.1500
parameter  7  0.539302 ->  0.500000 qaram    1.1500
parameter 10 -0.654934 -> -0.500000 qaram    1.1500
parameter 11 -1.215283 -> -0.500000 qaram    1.1500
parameters
    3.2472   -0.8478   14.5441   -5.1230   -6.1127   -4.6721
    7.5710    7.3934   -7.9482  -12.7343   -5.3327   16.3879
eta,q 0.92611 16.80679
  0.0865  0.0871  0.0881  0.0759  0.0728  0.0759  0.0758  0.0781  0.0769  0.0807  0.0765  0.0741
  0.0855  0.0861  0.0864  0.0783  0.0749  0.0760  0.0756  0.0767  0.0762  0.0782  0.0757  0.0742
  0.0850  0.0853  0.0853  0.0812  0.0768  0.0758  0.0756  0.0759  0.0758  0.0766  0.0750  0.0741
  0.0850  0.0849  0.0849  0.0849  0.0790  0.0754  0.0758  0.0755  0.0756  0.0755  0.0745  0.0739
  0.0854  0.0849  0.0851  0.0891  0.0819  0.0779  0.0764  0.0757  0.0755  0.0748  0.0741  0.0738
  0.0862  0.0853  0.0858  0.0938  0.0852  0.0847  0.0772  0.0766  0.0756  0.0745  0.0738  0.0739
  0.0873  0.0860  0.0869  0.0988  0.0888  0.0968  0.0781  0.0788  0.0758  0.0747  0.0737  0.0742
niter,ni,del,rscale     7    3    5.0000    1.2000
parameter  2 -1.331735 -> -0.500000 qaram    1.1500
parameter  3 17.528858 ->  0.500000 qaram    1.1500
parameter  4  1.279570 ->  0.500000 qaram    1.3225
parameter  5 13.228833 ->  0.500000 qaram    1.3225
parameter  6  0.912641 ->  0.500000 qaram    1.1500
parameter 10  0.886541 ->  0.500000 qaram    1.3225
parameter 12  2.686116 ->  0.500000 qaram    1.1500
parameters
    3.2194    0.5322   13.1641   -9.8840  -10.8737   -8.8121
    8.7622    4.7069   -8.6896  -17.4953   -4.3786   12.2479
eta,q 0.93911 16.14476
  0.0754  0.0760  0.0691  0.0656  0.0605  0.0619  0.0661  0.0641  0.0644  0.0632  0.0635  0.0602
  0.0746  0.0751  0.0704  0.0668  0.0634  0.0635  0.0651  0.0636  0.0639  0.0628  0.0632  0.0607
  0.0741  0.0744  0.0718  0.0685  0.0653  0.0642  0.0643  0.0636  0.0636  0.0630  0.0629  0.0616
  0.0739  0.0739  0.0732  0.0708  0.0672  0.0640  0.0638  0.0638  0.0635  0.0635  0.0628  0.0628
  0.0741  0.0735  0.0747  0.0739  0.0688  0.0633  0.0638  0.0642  0.0638  0.0641  0.0628  0.0643
  0.0746  0.0731  0.0761  0.0780  0.0711  0.0641  0.0643  0.0650  0.0642  0.0645  0.0630  0.0656
  0.0754  0.0729  0.0776  0.0828  0.0742  0.0677  0.0652  0.0660  0.0647  0.0649  0.0633  0.0667
niter,ni,del,rscale     7    3    5.0000    1.2000
parameter  2  0.624788 ->  0.500000 qaram    1.3225
parameter  3  7.436051 ->  0.500000 qaram    1.3225
parameter  4  0.613674 ->  0.500000 qaram    1.5209
parameter  5  1.104787 ->  0.500000 qaram    1.5209
parameter  6  0.566667 ->  0.500000 qaram    1.3225
parameters
    2.6897   -1.0548   11.5771  -15.3591  -16.3488  -13.5731
    8.7554    4.0449  -10.6972  -13.6327   -5.0768   14.4981
eta,q 0.94985 15.77048
  0.0620  0.0604  0.0540  0.0554  0.0515  0.0509  0.0535  0.0523  0.0513  0.0552  0.0509  0.0522
  0.0612  0.0603  0.0559  0.0551  0.0513  0.0508  0.0521  0.0515  0.0508  0.0530  0.0506  0.0514
  0.0608  0.0604  0.0580  0.0554  0.0525  0.0509  0.0511  0.0510  0.0507  0.0516  0.0504  0.0508
  0.0609  0.0608  0.0603  0.0565  0.0552  0.0514  0.0508  0.0508  0.0508  0.0507  0.0503  0.0503
  0.0614  0.0617  0.0625  0.0587  0.0575  0.0521  0.0511  0.0511  0.0511  0.0503  0.0504  0.0501
  0.0623  0.0630  0.0648  0.0621  0.0610  0.0523  0.0521  0.0519  0.0517  0.0505  0.0507  0.0503
  0.0637  0.0645  0.0674  0.0664  0.0643  0.0547  0.0535  0.0531  0.0524  0.0511  0.0512  0.0510
niter,ni,del,rscale     7    3    5.0000    1.2000
parameter  2 -0.798770 -> -0.500000 qaram    1.5209
parameter  3  1.892148 ->  0.500000 qaram    1.5209
parameter 10 -0.573735 -> -0.500000 qaram    1.5209
parameters
    2.3748    0.7703    9.7521  -15.7732  -20.1756  -14.8484
   10.0983    4.1707  -11.4967   -8.1575   -4.0887   14.6444
eta,q 0.95549 15.52793
  0.0514  0.0565  0.0443  0.0490  0.0478  0.0470  0.0487  0.0472  0.0459  0.0490  0.0457  0.0459
  0.0506  0.0540  0.0453  0.0472  0.0461  0.0462  0.0471  0.0461  0.0454  0.0473  0.0451  0.0452
  0.0502  0.0518  0.0467  0.0461  0.0452  0.0455  0.0459  0.0454  0.0451  0.0460  0.0447  0.0447
  0.0501  0.0501  0.0486  0.0457  0.0457  0.0452  0.0452  0.0452  0.0452  0.0451  0.0445  0.0445
  0.0505  0.0490  0.0507  0.0459  0.0484  0.0460  0.0452  0.0454  0.0453  0.0446  0.0446  0.0446
  0.0512  0.0485  0.0532  0.0472  0.0510  0.0469  0.0459  0.0460  0.0457  0.0446  0.0448  0.0451
  0.0523  0.0487  0.0559  0.0500  0.0542  0.0480  0.0471  0.0471  0.0463  0.0448  0.0452  0.0459
niter,ni,del,rscale     7    3    5.0000    1.2000
parameter  2 -1.213594 -> -0.500000 qaram    1.7490
parameter  3  0.967237 ->  0.500000 qaram    1.7490
parameter 10 -1.248867 -> -0.500000 qaram    1.7490
parameter 12  0.552666 ->  0.500000 qaram    1.3225
parameters
    2.1463    2.8691    7.6532  -14.0918  -22.5646  -14.9181
   10.3575    4.5434  -12.2946   -1.8611   -2.5093    9.8834
eta,q 0.96219 15.44583
  0.0460  0.0527  0.0394  0.0444  0.0428  0.0415  0.0428  0.0422  0.0408  0.0450  0.0395  0.0381
  0.0450  0.0496  0.0398  0.0423  0.0413  0.0409  0.0413  0.0411  0.0402  0.0431  0.0388  0.0378
  0.0446  0.0468  0.0405  0.0407  0.0401  0.0403  0.0403  0.0402  0.0400  0.0414  0.0384  0.0379
  0.0445  0.0445  0.0418  0.0399  0.0398  0.0399  0.0399  0.0399  0.0399  0.0399  0.0382  0.0382
  0.0449  0.0427  0.0436  0.0398  0.0412  0.0400  0.0402  0.0402  0.0401  0.0387  0.0382  0.0386
  0.0456  0.0415  0.0459  0.0405  0.0445  0.0406  0.0411  0.0408  0.0406  0.0381  0.0384  0.0393
  0.0466  0.0411  0.0490  0.0425  0.0471  0.0418  0.0425  0.0418  0.0413  0.0378  0.0388  0.0401
niter,ni,del,rscale     7    3    5.0000    1.2000
parameter  2 -1.074839 -> -0.500000 qaram    2.0114
parameter  3  0.771654 ->  0.500000 qaram    2.0114
parameter  6 -0.819877 -> -0.500000 qaram    1.5209
parameter 12  0.945831 ->  0.500000 qaram    1.5209
parameters
    2.2574    5.2827    5.2396  -13.8838  -24.0701   -9.4430
    9.4683    5.8467  -12.1848    1.1087   -1.6035    4.4082
eta,q 0.97140 15.39874
  0.0403  0.0502  0.0323  0.0363  0.0363  0.0349  0.0334  0.0356  0.0326  0.0405  0.0312  0.0281
  0.0390  0.0457  0.0325  0.0343  0.0345  0.0340  0.0320  0.0333  0.0317  0.0362  0.0305  0.0285
  0.0381  0.0414  0.0330  0.0330  0.0330  0.0333  0.0312  0.0318  0.0312  0.0331  0.0301  0.0291
  0.0378  0.0378  0.0340  0.0326  0.0326  0.0326  0.0311  0.0311  0.0309  0.0309  0.0299  0.0299
  0.0380  0.0352  0.0355  0.0328  0.0334  0.0320  0.0317  0.0310  0.0311  0.0297  0.0299  0.0309
  0.0387  0.0337  0.0379  0.0338  0.0363  0.0308  0.0329  0.0315  0.0316  0.0305  0.0302  0.0325
  0.0399  0.0335  0.0412  0.0362  0.0396  0.0323  0.0345  0.0333  0.0325  0.0351  0.0308  0.0350
niter,ni,del,rscale     7    3    5.0000    1.2000
parameter 11 -1.282858 -> -0.500000 qaram    1.3225
parameter 12  1.135804 ->  0.500000 qaram    1.7490
parameters
    2.1668    7.1228    2.9018  -13.2325  -24.0887  -12.7460
    9.1486    6.1250  -12.1830    3.8893    3.1575   -1.8882
eta,q 0.97442 15.23405
  0.0313  0.0426  0.0273  0.0312  0.0314  0.0300  0.0301  0.0305  0.0293  0.0377  0.0274  0.0253
  0.0298  0.0370  0.0259  0.0286  0.0289  0.0288  0.0285  0.0289  0.0282  0.0326  0.0273  0.0255
  0.0289  0.0321  0.0258  0.0267  0.0267  0.0275  0.0276  0.0278  0.0276  0.0293  0.0272  0.0260
  0.0286  0.0286  0.0271  0.0256  0.0255  0.0255  0.0273  0.0273  0.0273  0.0273  0.0271  0.0269
  0.0290  0.0271  0.0296  0.0252  0.0256  0.0274  0.0278  0.0274  0.0276  0.0272  0.0270  0.0279
  0.0301  0.0280  0.0332  0.0261  0.0280  0.0390  0.0289  0.0282  0.0282  0.0285  0.0268  0.0292
  0.0317  0.0310  0.0380  0.0312  0.0324  0.0541  0.0305  0.0303  0.0293  0.0314  0.0270  0.0308
niter,ni,del,rscale     7    3    5.0000    1.2000
parameter 12  0.726620 ->  0.500000 qaram    2.0114
parameters
    2.1252    7.7237    1.3714  -13.5493  -23.3684  -15.0252
    8.8729    5.9633  -13.8232    6.3860    0.9015   -9.1291
eta,q 0.97507 15.13475
  0.0285  0.0376  0.0270  0.0299  0.0318  0.0299  0.0289  0.0291  0.0271  0.0383  0.0262  0.0253
  0.0269  0.0319  0.0250  0.0275  0.0291  0.0280  0.0272  0.0274  0.0261  0.0308  0.0259  0.0249
  0.0259  0.0276  0.0247  0.0257  0.0265  0.0265  0.0262  0.0263  0.0258  0.0272  0.0259  0.0251
  0.0256  0.0256  0.0255  0.0247  0.0248  0.0246  0.0259  0.0259  0.0259  0.0258  0.0259  0.0259
  0.0260  0.0260  0.0268  0.0245  0.0245  0.0249  0.0263  0.0260  0.0265  0.0263  0.0260  0.0270
  0.0270  0.0287  0.0287  0.0266  0.0265  0.0322  0.0276  0.0271  0.0275  0.0279  0.0262  0.0282
  0.0287  0.0329  0.0314  0.0321  0.0314  0.0437  0.0293  0.0299  0.0288  0.0302  0.0270  0.0295
niter,ni,del,rscale     7    3    5.0000    1.2000
parameters
    2.1492    8.1851   -0.1167  -13.0412  -24.0629  -16.5886
    9.0131    5.7271  -13.4288    8.5165   -0.6783   -9.2591
eta,q 0.97449 15.06615
  0.0280  0.0368  0.0266  0.0298  0.0311  0.0306  0.0288  0.0283  0.0276  0.0379  0.0261  0.0293
  0.0264  0.0310  0.0246  0.0271  0.0284  0.0284  0.0269  0.0267  0.0264  0.0297  0.0257  0.0261
  0.0253  0.0268  0.0243  0.0252  0.0258  0.0264  0.0257  0.0256  0.0256  0.0261  0.0255  0.0254
  0.0249  0.0249  0.0249  0.0243  0.0242  0.0244  0.0253  0.0253  0.0253  0.0253  0.0256  0.0255
  0.0253  0.0256  0.0263  0.0240  0.0244  0.0234  0.0257  0.0256  0.0255  0.0262  0.0258  0.0262
  0.0263  0.0284  0.0283  0.0252  0.0285  0.0301  0.0269  0.0266  0.0261  0.0280  0.0261  0.0273
  0.0279  0.0330  0.0308  0.0298  0.0350  0.0412  0.0285  0.0290  0.0271  0.0299  0.0266  0.0285
niter,ni,del,rscale     6    3    5.0000    1.2000
parameters
    2.0239    8.8716   -1.1734  -12.5573  -24.5469  -17.8994
    8.8902    5.6832  -13.0054   10.0768   -0.9596   -9.6460
eta,q 0.97391 15.01021
  0.0281  0.0364  0.0273  0.0300  0.0311  0.0308  0.0289  0.0286  0.0281  0.0347  0.0268  0.0292
  0.0266  0.0313  0.0258  0.0275  0.0289  0.0288  0.0273  0.0272  0.0270  0.0286  0.0264  0.0266
  0.0257  0.0274  0.0253  0.0258  0.0267  0.0271  0.0263  0.0262  0.0263  0.0265  0.0262  0.0260
  0.0255  0.0255  0.0254  0.0252  0.0252  0.0253  0.0260  0.0260  0.0260  0.0260  0.0261  0.0261
  0.0260  0.0259  0.0263  0.0250  0.0252  0.0235  0.0264  0.0263  0.0262  0.0267  0.0263  0.0267
  0.0270  0.0280  0.0279  0.0258  0.0283  0.0281  0.0275  0.0270  0.0267  0.0281  0.0265  0.0277
  0.0287  0.0317  0.0301  0.0301  0.0340  0.0410  0.0290  0.0288  0.0276  0.0300  0.0269  0.0287
niter,ni,del,rscale     5    3    5.0000    1.2000
parameters
    2.0172    9.5264   -2.0825  -12.5910  -25.6107  -19.1899
    8.4786    5.9635  -12.6576   11.7052   -1.3996   -9.4668
eta,q 0.97343 14.87407
  0.0287  0.0362  0.0278  0.0302  0.0307  0.0307  0.0291  0.0291  0.0287  0.0337  0.0273  0.0292
  0.0273  0.0315  0.0266  0.0278  0.0289  0.0290  0.0277  0.0278  0.0276  0.0293  0.0269  0.0273
  0.0264  0.0279  0.0260  0.0263  0.0270  0.0275  0.0269  0.0269  0.0269  0.0275  0.0266  0.0267
  0.0261  0.0261  0.0260  0.0259  0.0259  0.0261  0.0266  0.0266  0.0266  0.0266  0.0266  0.0266
  0.0264  0.0264  0.0267  0.0258  0.0262  0.0243  0.0271  0.0268  0.0268  0.0269  0.0267  0.0270
  0.0273  0.0284  0.0281  0.0267  0.0293  0.0274  0.0282  0.0274  0.0274  0.0283  0.0270  0.0277
  0.0287  0.0320  0.0301  0.0311  0.0349  0.0404  0.0295  0.0288  0.0283  0.0302  0.0274  0.0287
niter,ni,del,rscale     4    3    5.0000    1.2000
parameters
    2.0877   10.2937   -2.8636  -12.6898  -26.8414  -20.2977
    8.0716    6.1676  -12.2947   13.2725   -2.0251   -9.4488
eta,q 0.97318 14.73213
  0.0291  0.0368  0.0282  0.0304  0.0307  0.0305  0.0292  0.0292  0.0291  0.0331  0.0276  0.0290
  0.0278  0.0322  0.0271  0.0281  0.0289  0.0289  0.0279  0.0280  0.0280  0.0299  0.0272  0.0277
  0.0269  0.0285  0.0265  0.0266  0.0273  0.0276  0.0271  0.0271  0.0272  0.0280  0.0269  0.0270
  0.0266  0.0266  0.0264  0.0263  0.0263  0.0265  0.0269  0.0269  0.0269  0.0269  0.0268  0.0268
  0.0268  0.0267  0.0270  0.0264  0.0268  0.0249  0.0273  0.0271  0.0270  0.0272  0.0270  0.0271
  0.0276  0.0287  0.0282  0.0272  0.0296  0.0267  0.0283  0.0277  0.0277  0.0287  0.0273  0.0279
  0.0289  0.0321  0.0301  0.0312  0.0349  0.0383  0.0296  0.0290  0.0287  0.0305  0.0278  0.0288
niter,ni,del,rscale     3    3    5.0000    1.2000
parameters
    2.1400   10.9697   -3.3351  -12.6970  -27.7683  -20.8844
    7.7506    6.2577  -12.0101   14.4576   -2.6365   -9.6126
eta,q 0.97293 14.64999
  0.0292  0.0368  0.0288  0.0307  0.0310  0.0306  0.0293  0.0293  0.0292  0.0328  0.0279  0.0291
  0.0280  0.0321  0.0278  0.0284  0.0293  0.0290  0.0281  0.0281  0.0281  0.0300  0.0274  0.0279
  0.0271  0.0285  0.0270  0.0270  0.0277  0.0279  0.0273  0.0273  0.0274  0.0279  0.0271  0.0272
  0.0268  0.0268  0.0268  0.0268  0.0268  0.0269  0.0271  0.0271  0.0271  0.0271  0.0271  0.0271
  0.0270  0.0272  0.0272  0.0270  0.0270  0.0255  0.0275  0.0273  0.0272  0.0276  0.0273  0.0273
  0.0278  0.0293  0.0283  0.0277  0.0294  0.0262  0.0284  0.0279  0.0279  0.0290  0.0276  0.0281
  0.0291  0.0325  0.0300  0.0311  0.0342  0.0355  0.0297  0.0292  0.0289  0.0309  0.0280  0.0291
niter,ni,del,rscale     2    3    5.0000    1.2000
parameters
    2.2153   11.4232   -3.6363  -12.6908  -28.3859  -21.2686
    7.4646    6.3742  -11.8222   15.2036   -3.0093   -9.6907
eta,q 0.97268 14.59940
  0.0295  0.0361  0.0292  0.0309  0.0312  0.0307  0.0296  0.0295  0.0293  0.0326  0.0281  0.0293
  0.0282  0.0315  0.0282  0.0287  0.0296  0.0291  0.0283  0.0283  0.0283  0.0299  0.0277  0.0282
  0.0274  0.0283  0.0274  0.0273  0.0281  0.0280  0.0275  0.0275  0.0276  0.0279  0.0274  0.0275
  0.0271  0.0271  0.0271  0.0271  0.0271  0.0272  0.0273  0.0273  0.0273  0.0273  0.0273  0.0273
  0.0273  0.0278  0.0274  0.0274  0.0272  0.0260  0.0277  0.0276  0.0275  0.0279  0.0275  0.0276
  0.0280  0.0299  0.0284  0.0281  0.0293  0.0262  0.0286  0.0282  0.0281  0.0293  0.0278  0.0283
  0.0292  0.0330  0.0300  0.0312  0.0336  0.0346  0.0298  0.0293  0.0291  0.0313  0.0283  0.0293
niter,ni,del,rscale     1    3    5.0000    1.2000
parameters
    2.2827   11.7034   -3.8073  -12.7264  -28.8126  -21.4985
    7.2523    6.4667  -11.7383   15.6390   -3.1905   -9.6770
eta,q 0.97251 14.56360
  0.0296  0.0354  0.0295  0.0311  0.0314  0.0308  0.0298  0.0297  0.0294  0.0324  0.0284  0.0295
  0.0284  0.0310  0.0285  0.0289  0.0298  0.0292  0.0285  0.0285  0.0284  0.0298  0.0279  0.0284
  0.0276  0.0282  0.0278  0.0275  0.0283  0.0282  0.0277  0.0277  0.0277  0.0280  0.0276  0.0277
  0.0273  0.0273  0.0274  0.0274  0.0274  0.0274  0.0275  0.0275  0.0275  0.0275  0.0275  0.0275
  0.0275  0.0282  0.0276  0.0277  0.0274  0.0263  0.0278  0.0278  0.0277  0.0281  0.0276  0.0277
  0.0282  0.0303  0.0285  0.0284  0.0292  0.0264  0.0288  0.0284  0.0283  0.0295  0.0280  0.0285
  0.0294  0.0334  0.0301  0.0314  0.0333  0.0340  0.0299  0.0295  0.0293  0.0316  0.0284  0.0294
registration optimization eta report
parameter search radius
    2.4000    4.8273    4.8273   10.9503   10.9503   10.9503
    8.2800    7.2000    7.2000   12.5928    9.5220   14.4818
100000*second partial in parameter space
       38.       30.       10.        3.        4.        5.
        3.        4.        4.        3.        1.        1.
  0.0296  0.0354  0.0295  0.0311  0.0314  0.0308  0.0298  0.0297  0.0294  0.0324  0.0284  0.0295
  0.0284  0.0310  0.0285  0.0289  0.0298  0.0292  0.0285  0.0285  0.0284  0.0298  0.0279  0.0284
  0.0276  0.0282  0.0278  0.0275  0.0283  0.0282  0.0277  0.0277  0.0277  0.0280  0.0276  0.0277
  0.0273  0.0273  0.0274  0.0274  0.0274  0.0274  0.0275  0.0275  0.0275  0.0275  0.0275  0.0275
  0.0275  0.0282  0.0276  0.0277  0.0274  0.0263  0.0278  0.0278  0.0277  0.0281  0.0276  0.0277
  0.0282  0.0303  0.0285  0.0284  0.0292  0.0264  0.0288  0.0284  0.0283  0.0295  0.0280  0.0285
  0.0294  0.0334  0.0301  0.0314  0.0333  0.0340  0.0299  0.0295  0.0293  0.0316  0.0284  0.0294
    2.2827   11.7034   -3.8073  -12.7264  -28.8126  -21.4985
    7.2523    6.4667  -11.7383   15.6390   -3.1905   -9.6770
eta,q 0.97251 14.56360

---------------------------------------------------------------------
imgreg_4dfp /opt/freesurfer/average/711-2C_as_mni_average_305 /opt/freesurfer/average/711-2B_as_mni_average_305_mask talsrcimg_g11 none talsrcimg_to_711-2C_as_mni_average_305_t4 2311
---------------------------------------------------------------------

freesurfer imgreg_4dfp.c
/opt/freesurfer/average/711-2C_as_mni_average_305.4dfp.img
       256       256       256         1
  1.000000  1.000000  1.000000
orientation T byte_order littleendian
Reading image: /opt/freesurfer/average/711-2C_as_mni_average_305.4dfp.img
dimensions:      256       256       256
mmppix:       1.0000   -1.0000   -1.0000
center:     128.0000 -129.0000 -129.0000
/opt/freesurfer/average/711-2B_as_mni_average_305_mask.4dfp.img
       256       256       256         1
  1.000000  1.000000  1.000000
orientation T byte_order littleendian
Reading mask: /opt/freesurfer/average/711-2B_as_mni_average_305_mask.4dfp.img (2306576 pixels)
talsrcimg_g11.4dfp.img
       256       256       256         1
  1.000000  1.000000  1.000000
orientation T byte_order littleendian
Reading image: talsrcimg_g11.4dfp.img
dimensions:      256       256       256
mmppix:       1.0000   -1.0000   -1.0000
center:     128.0000 -129.0000 -129.0000
fimgreg.f
image alignment mode   2311 decimal      907 hex
parameters
    2.2827   11.7034   -3.8073  -12.7264  -28.8126  -21.4985
    7.2523    6.4667  -11.7383   15.6390   -3.1905   -9.6770
eta,q 0.97251 14.56359
niter,ni,del,rscale     5    3    5.0000    0.8000
parameter  6  3.088427 -> -0.500000 qaram    1.1500
parameter 12  0.670532 ->  0.500000 qaram    1.1500
parameters
    2.3363   11.5802   -3.3421  -13.5108  -26.7266  -18.7385
    7.3513    6.6400  -11.3413   14.0348   -3.8679  -12.4370
eta,q 0.97373 14.75431
  0.0285  0.0282  0.0280  0.0279  0.0288  0.0283  0.0275  0.0276  0.0276  0.0268  0.0266  0.0263
  0.0280  0.0278  0.0278  0.0275  0.0283  0.0279  0.0270  0.0270  0.0271  0.0265  0.0265  0.0263
  0.0276  0.0275  0.0276  0.0274  0.0278  0.0275  0.0266  0.0266  0.0267  0.0264  0.0264  0.0263
  0.0275  0.0275  0.0275  0.0275  0.0274  0.0272  0.0265  0.0265  0.0265  0.0265  0.0264  0.0264
  0.0276  0.0276  0.0275  0.0277  0.0272  0.0268  0.0266  0.0266  0.0266  0.0268  0.0265  0.0266
  0.0279  0.0280  0.0275  0.0279  0.0272  0.0264  0.0269  0.0269  0.0268  0.0273  0.0266  0.0268
  0.0284  0.0284  0.0276  0.0281  0.0275  0.0257  0.0274  0.0274  0.0273  0.0278  0.0267  0.0270
niter,ni,del,rscale     6    3    5.0000    0.9000
parameters
    2.3279   11.0547   -3.4391  -11.5131  -25.7454  -16.7124
    8.0708    6.1413  -10.9102   13.8779   -4.2118  -13.0578
eta,q 0.97514 15.11263
  0.0275  0.0268  0.0264  0.0273  0.0282  0.0282  0.0264  0.0268  0.0263  0.0264  0.0253  0.0256
  0.0268  0.0263  0.0263  0.0266  0.0273  0.0276  0.0257  0.0255  0.0256  0.0255  0.0250  0.0250
  0.0264  0.0261  0.0262  0.0262  0.0266  0.0269  0.0252  0.0249  0.0252  0.0250  0.0249  0.0248
  0.0263  0.0263  0.0261  0.0262  0.0262  0.0261  0.0250  0.0250  0.0249  0.0249  0.0249  0.0249
  0.0264  0.0266  0.0262  0.0262  0.0261  0.0250  0.0250  0.0253  0.0250  0.0251  0.0250  0.0251
  0.0268  0.0273  0.0263  0.0262  0.0264  0.0246  0.0253  0.0260  0.0253  0.0257  0.0251  0.0254
  0.0275  0.0281  0.0265  0.0262  0.0273  0.0272  0.0258  0.0276  0.0259  0.0265  0.0253  0.0258
niter,ni,del,rscale     5    3    5.0000    0.8000
parameters
    2.2233   10.7174   -3.5164  -11.0523  -25.2374  -17.4241
    8.1468    6.0735  -10.8539   13.6051   -4.4285  -13.2436
eta,q 0.97487 15.14894
  0.0257  0.0255  0.0253  0.0255  0.0265  0.0273  0.0262  0.0267  0.0261  0.0262  0.0254  0.0258
  0.0252  0.0250  0.0249  0.0251  0.0257  0.0266  0.0257  0.0257  0.0256  0.0256  0.0252  0.0253
  0.0250  0.0248  0.0248  0.0249  0.0251  0.0258  0.0253  0.0252  0.0253  0.0252  0.0251  0.0252
  0.0249  0.0249  0.0248  0.0248  0.0248  0.0247  0.0252  0.0252  0.0252  0.0252  0.0251  0.0251
  0.0250  0.0251  0.0249  0.0247  0.0247  0.0243  0.0252  0.0254  0.0252  0.0253  0.0252  0.0252
  0.0254  0.0256  0.0251  0.0248  0.0251  0.0266  0.0256  0.0258  0.0256  0.0258  0.0253  0.0255
  0.0261  0.0263  0.0253  0.0254  0.0260  0.0319  0.0262  0.0267  0.0261  0.0264  0.0254  0.0258
niter,ni,del,rscale     4    3    5.0000    0.7000
parameters
    2.2291   10.6109   -3.7297  -10.9804  -24.9785  -17.3318
    8.1502    6.1590  -10.7419   13.6183   -4.3047  -13.2452
eta,q 0.97495 15.17715
  0.0259  0.0258  0.0253  0.0255  0.0264  0.0273  0.0258  0.0265  0.0258  0.0260  0.0254  0.0256
  0.0255  0.0254  0.0252  0.0253  0.0258  0.0267  0.0254  0.0255  0.0254  0.0254  0.0251  0.0252
  0.0252  0.0252  0.0251  0.0252  0.0253  0.0260  0.0252  0.0251  0.0252  0.0251  0.0250  0.0251
  0.0251  0.0251  0.0251  0.0251  0.0251  0.0251  0.0250  0.0250  0.0250  0.0250  0.0250  0.0250
  0.0252  0.0253  0.0252  0.0251  0.0251  0.0243  0.0251  0.0252  0.0251  0.0252  0.0251  0.0251
  0.0255  0.0256  0.0253  0.0252  0.0254  0.0253  0.0254  0.0256  0.0254  0.0255  0.0252  0.0253
  0.0260  0.0261  0.0255  0.0256  0.0262  0.0285  0.0259  0.0262  0.0258  0.0259  0.0253  0.0255
niter,ni,del,rscale     3    3    5.0000    0.6000
parameters
    2.2044   10.5840   -3.7421  -10.6182  -24.8555  -16.8902
    8.1563    6.2232  -10.7376   13.6080   -3.8898  -13.2363
eta,q 0.97526 15.23292
  0.0256  0.0256  0.0253  0.0254  0.0260  0.0271  0.0254  0.0260  0.0253  0.0255  0.0251  0.0252
  0.0253  0.0253  0.0251  0.0252  0.0255  0.0265  0.0250  0.0252  0.0250  0.0251  0.0249  0.0249
  0.0251  0.0251  0.0251  0.0251  0.0252  0.0258  0.0248  0.0248  0.0248  0.0248  0.0248  0.0248
  0.0250  0.0250  0.0250  0.0250  0.0250  0.0250  0.0247  0.0247  0.0247  0.0247  0.0247  0.0247
  0.0251  0.0251  0.0251  0.0250  0.0251  0.0243  0.0248  0.0249  0.0248  0.0248  0.0248  0.0248
  0.0253  0.0253  0.0252  0.0251  0.0253  0.0249  0.0250  0.0252  0.0250  0.0251  0.0248  0.0250
  0.0257  0.0257  0.0253  0.0253  0.0259  0.0272  0.0254  0.0258  0.0253  0.0255  0.0249  0.0252
niter,ni,del,rscale     2    3    5.0000    0.5000
parameters
    2.1649   10.5199   -3.6381  -10.1827  -24.7259  -16.4293
    8.2706    6.1816  -10.8036   13.5045   -3.5542  -13.1766
eta,q 0.97555 15.29174
  0.0252  0.0251  0.0250  0.0250  0.0254  0.0267  0.0249  0.0254  0.0248  0.0250  0.0248  0.0248
  0.0249  0.0249  0.0249  0.0249  0.0250  0.0261  0.0247  0.0249  0.0246  0.0247  0.0246  0.0246
  0.0248  0.0248  0.0248  0.0248  0.0248  0.0255  0.0245  0.0245  0.0245  0.0245  0.0245  0.0245
  0.0247  0.0247  0.0247  0.0247  0.0247  0.0247  0.0244  0.0244  0.0244  0.0244  0.0244  0.0244
  0.0248  0.0248  0.0248  0.0247  0.0247  0.0242  0.0245  0.0246  0.0245  0.0245  0.0245  0.0245
  0.0250  0.0250  0.0248  0.0247  0.0249  0.0247  0.0246  0.0249  0.0246  0.0247  0.0245  0.0246
  0.0252  0.0252  0.0249  0.0250  0.0253  0.0265  0.0249  0.0255  0.0249  0.0251  0.0247  0.0248
niter,ni,del,rscale     1    3    5.0000    0.4000
parameters
    2.1273   10.4141   -3.4216   -9.9103  -24.5609  -15.8945
    8.4257    6.1032  -10.8443   13.2933   -3.3799  -13.0937
eta,q 0.97585 15.34233
  0.0247  0.0247  0.0248  0.0247  0.0249  0.0261  0.0245  0.0249  0.0244  0.0245  0.0244  0.0245
  0.0246  0.0245  0.0246  0.0246  0.0246  0.0256  0.0243  0.0245  0.0243  0.0243  0.0243  0.0242
  0.0245  0.0244  0.0245  0.0245  0.0245  0.0250  0.0242  0.0242  0.0242  0.0242  0.0242  0.0242
  0.0244  0.0244  0.0244  0.0244  0.0244  0.0244  0.0242  0.0242  0.0242  0.0242  0.0241  0.0242
  0.0245  0.0245  0.0244  0.0244  0.0244  0.0241  0.0242  0.0242  0.0242  0.0242  0.0242  0.0242
  0.0246  0.0246  0.0245  0.0245  0.0245  0.0244  0.0243  0.0245  0.0243  0.0244  0.0242  0.0243
  0.0248  0.0248  0.0245  0.0246  0.0248  0.0255  0.0244  0.0250  0.0244  0.0246  0.0243  0.0244
registration optimization eta report
parameter search radius
    0.8000    0.8000    0.8000    2.4000    2.4000    2.7600
    2.4000    2.4000    2.4000    2.4000    2.4000    2.7600
100000*second partial in parameter space
       50.       45.       32.        4.        7.       19.
        5.       13.        5.        7.        4.        4.
  0.0247  0.0247  0.0248  0.0247  0.0249  0.0261  0.0245  0.0249  0.0244  0.0245  0.0244  0.0245
  0.0246  0.0245  0.0246  0.0246  0.0246  0.0256  0.0243  0.0245  0.0243  0.0243  0.0243  0.0242
  0.0245  0.0244  0.0245  0.0245  0.0245  0.0250  0.0242  0.0242  0.0242  0.0242  0.0242  0.0242
  0.0244  0.0244  0.0244  0.0244  0.0244  0.0244  0.0242  0.0242  0.0242  0.0242  0.0241  0.0242
  0.0245  0.0245  0.0244  0.0244  0.0244  0.0241  0.0242  0.0242  0.0242  0.0242  0.0242  0.0242
  0.0246  0.0246  0.0245  0.0245  0.0245  0.0244  0.0243  0.0245  0.0243  0.0244  0.0242  0.0243
  0.0248  0.0248  0.0245  0.0246  0.0248  0.0255  0.0244  0.0250  0.0244  0.0246  0.0243  0.0244
    2.1273   10.4141   -3.4216   -9.9103  -24.5609  -15.8945
    8.4257    6.1032  -10.8443   13.2933   -3.3799  -13.0937
eta,q 0.97585 15.34233

---------------------------------------------------------------------
imgreg_4dfp /opt/freesurfer/average/711-2C_as_mni_average_305 /opt/freesurfer/average/711-2B_as_mni_average_305_mask talsrcimg_g11 none talsrcimg_to_711-2C_as_mni_average_305_t4 2311
---------------------------------------------------------------------

freesurfer imgreg_4dfp.c
/opt/freesurfer/average/711-2C_as_mni_average_305.4dfp.img
       256       256       256         1
  1.000000  1.000000  1.000000
orientation T byte_order littleendian
Reading image: /opt/freesurfer/average/711-2C_as_mni_average_305.4dfp.img
dimensions:      256       256       256
mmppix:       1.0000   -1.0000   -1.0000
center:     128.0000 -129.0000 -129.0000
/opt/freesurfer/average/711-2B_as_mni_average_305_mask.4dfp.img
       256       256       256         1
  1.000000  1.000000  1.000000
orientation T byte_order littleendian
Reading mask: /opt/freesurfer/average/711-2B_as_mni_average_305_mask.4dfp.img (2306576 pixels)
talsrcimg_g11.4dfp.img
       256       256       256         1
  1.000000  1.000000  1.000000
orientation T byte_order littleendian
Reading image: talsrcimg_g11.4dfp.img
dimensions:      256       256       256
mmppix:       1.0000   -1.0000   -1.0000
center:     128.0000 -129.0000 -129.0000
fimgreg.f
image alignment mode   2311 decimal      907 hex
parameters
    2.1273   10.4141   -3.4216   -9.9103  -24.5609  -15.8945
    8.4257    6.1032  -10.8443   13.2933   -3.3799  -13.0937
eta,q 0.97585 15.34232
niter,ni,del,rscale     5    3    5.0000    0.8000
parameters
    2.0966   10.2680   -2.9433  -10.8945  -24.7820  -16.3005
    8.4678    5.7839  -11.0676   12.9636   -3.8207  -13.2801
eta,q 0.97558 15.25307
  0.0255  0.0251  0.0260  0.0246  0.0257  0.0268  0.0255  0.0261  0.0253  0.0255  0.0248  0.0250
  0.0247  0.0245  0.0250  0.0244  0.0249  0.0261  0.0250  0.0250  0.0248  0.0248  0.0245  0.0246
  0.0243  0.0242  0.0244  0.0243  0.0244  0.0253  0.0246  0.0245  0.0245  0.0245  0.0244  0.0244
  0.0242  0.0241  0.0241  0.0241  0.0242  0.0242  0.0245  0.0245  0.0245  0.0244  0.0244  0.0244
  0.0243  0.0243  0.0241  0.0242  0.0243  0.0239  0.0246  0.0247  0.0246  0.0247  0.0245  0.0245
  0.0248  0.0248  0.0243  0.0247  0.0249  0.0257  0.0249  0.0253  0.0250  0.0251  0.0246  0.0247
  0.0256  0.0255  0.0245  0.0261  0.0263  0.0297  0.0255  0.0266  0.0255  0.0258  0.0248  0.0250
niter,ni,del,rscale     4    3    5.0000    0.7000
parameters
    2.1204   10.2567   -3.1270  -10.7666  -24.6544  -16.3187
    8.4543    5.9598  -10.9366   13.0659   -3.8004  -13.3265
eta,q 0.97561 15.27046
  0.0253  0.0253  0.0248  0.0249  0.0257  0.0266  0.0252  0.0261  0.0252  0.0255  0.0248  0.0249
  0.0248  0.0248  0.0245  0.0247  0.0251  0.0260  0.0248  0.0251  0.0248  0.0248  0.0245  0.0245
  0.0245  0.0245  0.0244  0.0245  0.0246  0.0253  0.0245  0.0245  0.0245  0.0245  0.0244  0.0244
  0.0244  0.0244  0.0244  0.0244  0.0244  0.0244  0.0244  0.0244  0.0244  0.0244  0.0244  0.0244
  0.0245  0.0245  0.0245  0.0243  0.0244  0.0239  0.0245  0.0245  0.0245  0.0245  0.0244  0.0245
  0.0248  0.0248  0.0247  0.0245  0.0248  0.0250  0.0248  0.0249  0.0247  0.0248  0.0245  0.0246
  0.0253  0.0253  0.0249  0.0250  0.0257  0.0279  0.0253  0.0258  0.0251  0.0253  0.0247  0.0248
niter,ni,del,rscale     3    3    5.0000    0.6000
parameters
    2.1225   10.2661   -3.1905  -10.4455  -24.5582  -16.0664
    8.4091    6.0241  -10.8917   13.1188   -3.5968  -13.3106
eta,q 0.97579 15.30940
  0.0250  0.0250  0.0247  0.0248  0.0254  0.0264  0.0248  0.0256  0.0248  0.0251  0.0246  0.0246
  0.0247  0.0247  0.0245  0.0246  0.0249  0.0258  0.0245  0.0248  0.0245  0.0246  0.0244  0.0243
  0.0245  0.0245  0.0244  0.0245  0.0245  0.0252  0.0243  0.0243  0.0243  0.0243  0.0242  0.0242
  0.0244  0.0244  0.0244  0.0244  0.0244  0.0244  0.0242  0.0242  0.0242  0.0242  0.0242  0.0242
  0.0245  0.0245  0.0245  0.0243  0.0244  0.0239  0.0243  0.0243  0.0243  0.0243  0.0242  0.0243
  0.0247  0.0247  0.0246  0.0244  0.0247  0.0246  0.0245  0.0247  0.0245  0.0246  0.0243  0.0244
  0.0251  0.0250  0.0248  0.0248  0.0253  0.0267  0.0249  0.0255  0.0248  0.0250  0.0245  0.0246
niter,ni,del,rscale     2    3    5.0000    0.5000
parameters
    2.1060   10.2357   -3.1020  -10.1479  -24.4397  -15.6860
    8.4660    6.0173  -10.8834   13.0323   -3.4424  -13.2263
eta,q 0.97601 15.35156
  0.0247  0.0246  0.0246  0.0245  0.0249  0.0261  0.0245  0.0251  0.0244  0.0246  0.0243  0.0243
  0.0244  0.0244  0.0244  0.0244  0.0245  0.0255  0.0242  0.0245  0.0242  0.0242  0.0241  0.0241
  0.0243  0.0243  0.0243  0.0243  0.0243  0.0249  0.0241  0.0241  0.0240  0.0240  0.0240  0.0240
  0.0242  0.0242  0.0242  0.0242  0.0242  0.0242  0.0240  0.0240  0.0240  0.0240  0.0240  0.0240
  0.0243  0.0243  0.0242  0.0242  0.0242  0.0238  0.0240  0.0241  0.0240  0.0241  0.0240  0.0240
  0.0244  0.0244  0.0243  0.0242  0.0244  0.0243  0.0242  0.0245  0.0242  0.0243  0.0241  0.0241
  0.0247  0.0247  0.0244  0.0245  0.0248  0.0258  0.0245  0.0251  0.0244  0.0246  0.0243  0.0243
niter,ni,del,rscale     1    3    5.0000    0.4000
parameters
    2.0869   10.1519   -2.9001   -9.8951  -24.2790  -15.2504
    8.5476    5.9973  -10.8697   12.8173   -3.3519  -13.1165
eta,q 0.97623 15.39494
  0.0243  0.0242  0.0244  0.0242  0.0244  0.0255  0.0241  0.0246  0.0241  0.0241  0.0240  0.0240
  0.0241  0.0241  0.0242  0.0241  0.0242  0.0250  0.0239  0.0241  0.0239  0.0239  0.0239  0.0239
  0.0240  0.0240  0.0240  0.0241  0.0240  0.0245  0.0238  0.0239  0.0238  0.0238  0.0238  0.0238
  0.0240  0.0240  0.0240  0.0240  0.0240  0.0240  0.0238  0.0238  0.0238  0.0238  0.0238  0.0238
  0.0240  0.0240  0.0240  0.0239  0.0240  0.0237  0.0238  0.0239  0.0238  0.0239  0.0238  0.0238
  0.0242  0.0242  0.0240  0.0240  0.0241  0.0240  0.0239  0.0241  0.0239  0.0240  0.0239  0.0239
  0.0243  0.0243  0.0241  0.0242  0.0243  0.0250  0.0241  0.0246  0.0240  0.0243  0.0240  0.0240
registration optimization eta report
parameter search radius
    0.8000    0.8000    0.8000    2.4000    2.4000    2.4000
    2.4000    2.4000    2.4000    2.4000    2.4000    2.4000
100000*second partial in parameter space
       53.       46.       39.        4.        7.       23.
        6.       14.        5.        8.        4.        4.
  0.0243  0.0242  0.0244  0.0242  0.0244  0.0255  0.0241  0.0246  0.0241  0.0241  0.0240  0.0240
  0.0241  0.0241  0.0242  0.0241  0.0242  0.0250  0.0239  0.0241  0.0239  0.0239  0.0239  0.0239
  0.0240  0.0240  0.0240  0.0241  0.0240  0.0245  0.0238  0.0239  0.0238  0.0238  0.0238  0.0238
  0.0240  0.0240  0.0240  0.0240  0.0240  0.0240  0.0238  0.0238  0.0238  0.0238  0.0238  0.0238
  0.0240  0.0240  0.0240  0.0239  0.0240  0.0237  0.0238  0.0239  0.0238  0.0239  0.0238  0.0238
  0.0242  0.0242  0.0240  0.0240  0.0241  0.0240  0.0239  0.0241  0.0239  0.0240  0.0239  0.0239
  0.0243  0.0243  0.0241  0.0242  0.0243  0.0250  0.0241  0.0246  0.0240  0.0243  0.0240  0.0240
    2.0869   10.1519   -2.9001   -9.8951  -24.2790  -15.2504
    8.5476    5.9973  -10.8697   12.8173   -3.3519  -13.1165
eta,q 0.97623 15.39494

---------------------------------------------------------------------
compute_vox2vox talsrcimg talsrcimg_to_711-2C_as_mni_average_305_t4 /opt/freesurfer/average/711-2C_as_mni_average_305
---------------------------------------------------------------------

freesurfer compute_vox2vox.c
Reading: talsrcimg.4dfp.ifh
Reading: talsrcimg_to_711-2C_as_mni_average_305_t4
Reading: /opt/freesurfer/average/711-2C_as_mni_average_305.4dfp.ifh
Writing: talsrcimg_to_711-2C_as_mni_average_305_t4_vox2vox.txt

start time Mon Mar 9 17:19:50 CET 2026
end		time Mon Mar 9 17:21:18 CET 2026

mpr2mni305 success

avi2talxfm orig_nu.mgz /opt/freesurfer/average/mni305.cor.mgz talsrcimg_to_711-2C_as_mni_average_305_t4_vox2vox.txt transforms/talairach.auto.xfm
avi2talxfm done
mv -f /out/sourcedata/freesurfer/sub-v1s23x0050558_ses-1/mri/talsrcimg_to_711-2C_as_mni_average_305_t4_vox2vox.txt /out/sourcedata/freesurfer/sub-v1s23x0050558_ses-1/mri/transforms/talsrcimg_to_711-2C_as_mni_average_305_t4_vox2vox.txt
lta_convert --src orig_nu.mgz --trg /opt/freesurfer/average/mni305.cor.mgz --inxfm transforms/talairach.auto.xfm --outlta transforms/talairach.auto.xfm.lta --subject fsaverage
7.3.2

--src: orig_nu.mgz src image (geometry).
--trg: /opt/freesurfer/average/mni305.cor.mgz trg image (geometry).
--inmni: transforms/talairach.auto.xfm input MNI/XFM transform.
--outlta: transforms/talairach.auto.xfm.lta output LTA.
--s: fsaverage subject name
 LTA read, type : 1
 1.09163  -0.05712  -0.13312  -70.65170;
 0.06571   1.14639   0.19116   32.26765;
 0.14558  -0.20225   1.26917  -98.09097;
 0.00000   0.00000   0.00000   1.00000;
setting subject to fsaverage
Writing  LTA to file transforms/talairach.auto.xfm.lta...
lta_convert successful.
 
 
Started at Mon Mar 9 17:19:49 CET 2026
Ended   at Mon Mar  9 17:21:18 CET 2026
talairach_avi done
