status file for recon-all
Mon Mar  9 21:18:22 CET 2026
#@# Tessellate rh Mon Mar  9 21:18:22 CET 2026
#@# Smooth1 rh Mon Mar  9 21:18:25 CET 2026
#@# Inflation1 rh Mon Mar  9 21:18:27 CET 2026
#@# QSphere rh Mon Mar  9 21:18:36 CET 2026
#@# Fix Topology rh Mon Mar  9 21:19:28 CET 2026
#@# Smooth2 rh Mon Mar  9 21:23:52 CET 2026
#@# Inflation2 rh Mon Mar  9 21:23:54 CET 2026
#@# Curv .H and .K rh Mon Mar  9 21:24:04 CET 2026
#@# Sphere rh Mon Mar  9 21:24:45 CET 2026
#@# Surf Reg rh Mon Mar  9 21:26:56 CET 2026
#@# Jacobian white rh Mon Mar  9 21:29:53 CET 2026
#@# AvgCurv rh Mon Mar  9 21:29:53 CET 2026
#@# Cortical Parc rh Mon Mar  9 21:29:54 CET 2026
#@# white curv rh Mon Mar  9 21:34:53 CET 2026
#@# white area rh Mon Mar  9 21:34:55 CET 2026
#@# pial curv rh Mon Mar  9 21:34:55 CET 2026
#@# pial area rh Mon Mar  9 21:34:56 CET 2026
#@# thickness rh Mon Mar  9 21:34:57 CET 2026
#@# area and vertex vol rh Mon Mar  9 21:35:22 CET 2026
#@# Curvature Stats rh Mon Mar  9 21:35:23 CET 2026
#@# Cortical Parc 2 rh Mon Mar  9 21:35:25 CET 2026
#@# Cortical Parc 3 rh Mon Mar  9 21:35:36 CET 2026
#@# WM/GM Contrast rh Mon Mar  9 21:35:45 CET 2026
recon-all -s sub-v1s23x0050577_ses-1 finished without error at Mon Mar  9 21:35:48 CET 2026



#New# invocation of recon-all 



status file for recon-all
Mon Mar  9 21:42:32 CET 2026
#@# white curv rh Mon Mar  9 21:42:32 CET 2026
#@# white area rh Mon Mar  9 21:42:32 CET 2026
#@# pial curv rh Mon Mar  9 21:42:32 CET 2026
#@# pial area rh Mon Mar  9 21:42:32 CET 2026
#@# thickness rh Mon Mar  9 21:42:32 CET 2026
#@# area and vertex vol rh Mon Mar  9 21:42:32 CET 2026
#@# Parcellation Stats rh Mon Mar  9 21:42:32 CET 2026
#@# Parcellation Stats 2 rh Mon Mar  9 21:42:46 CET 2026
#@# Parcellation Stats 3 rh Mon Mar  9 21:42:53 CET 2026
#@# BA_exvivo Labels rh Mon Mar  9 21:43:00 CET 2026
recon-all -s sub-v1s23x0050577_ses-1 finished without error at Mon Mar  9 21:45:13 CET 2026
