status file for recon-all
Mon Mar  9 21:05:03 CET 2026
#@# MotionCor Mon Mar  9 21:05:05 CET 2026
#@# Talairach Mon Mar  9 21:05:12 CET 2026
#@# Talairach Failure Detection Mon Mar  9 21:09:36 CET 2026
#@# Nu Intensity Correction Mon Mar  9 21:09:36 CET 2026
#@# Intensity Normalization Mon Mar  9 21:12:52 CET 2026
recon-all -s sub-v1s23x0050626_ses-1 finished without error at Mon Mar  9 21:14:14 CET 2026



#New# invocation of recon-all 



status file for recon-all
Mon Mar  9 21:21:45 CET 2026
#@# EM Registration Mon Mar  9 21:21:45 CET 2026
recon-all -s sub-v1s23x0050626_ses-1 finished without error at Mon Mar  9 21:23:56 CET 2026



#New# invocation of recon-all 



status file for recon-all
Mon Mar  9 21:23:57 CET 2026
#@# CA Normalize Mon Mar  9 21:23:57 CET 2026
#@# CA Reg Mon Mar  9 21:25:18 CET 2026
#@# SubCort Seg Mon Mar  9 22:15:55 CET 2026
#@# CC Seg Mon Mar  9 22:47:28 CET 2026
#@# Merge ASeg Mon Mar  9 22:48:10 CET 2026
#@# Intensity Normalization2 Mon Mar  9 22:48:10 CET 2026
#@# Mask BFS Mon Mar  9 22:50:17 CET 2026
#@# WM Segmentation Mon Mar  9 22:50:18 CET 2026
#@# Fill Mon Mar  9 22:52:25 CET 2026
recon-all -s sub-v1s23x0050626_ses-1 finished without error at Mon Mar  9 22:53:26 CET 2026



#New# invocation of recon-all 



status file for recon-all
Mon Mar  9 23:45:46 CET 2026
#@# white curv lh Mon Mar  9 23:45:46 CET 2026
#@# white area lh Mon Mar  9 23:45:46 CET 2026
#@# pial curv lh Mon Mar  9 23:45:46 CET 2026
#@# pial area lh Mon Mar  9 23:45:46 CET 2026
#@# thickness lh Mon Mar  9 23:45:46 CET 2026
#@# area and vertex vol lh Mon Mar  9 23:45:46 CET 2026
#@# white curv rh Mon Mar  9 23:45:46 CET 2026
#@# white area rh Mon Mar  9 23:45:46 CET 2026
#@# pial curv rh Mon Mar  9 23:45:46 CET 2026
#@# pial area rh Mon Mar  9 23:45:46 CET 2026
#@# thickness rh Mon Mar  9 23:45:46 CET 2026
#@# area and vertex vol rh Mon Mar  9 23:45:46 CET 2026
#@# Cortical ribbon mask Mon Mar  9 23:45:46 CET 2026
recon-all -s sub-v1s23x0050626_ses-1 finished without error at Mon Mar  9 23:50:55 CET 2026



#New# invocation of recon-all 



status file for recon-all
Mon Mar  9 23:57:28 CET 2026
#@# white curv lh Mon Mar  9 23:57:28 CET 2026
#@# white area lh Mon Mar  9 23:57:28 CET 2026
#@# pial curv lh Mon Mar  9 23:57:28 CET 2026
#@# pial area lh Mon Mar  9 23:57:28 CET 2026
#@# thickness lh Mon Mar  9 23:57:28 CET 2026
#@# area and vertex vol lh Mon Mar  9 23:57:28 CET 2026
#@# white curv rh Mon Mar  9 23:57:28 CET 2026
#@# white area rh Mon Mar  9 23:57:28 CET 2026
#@# pial curv rh Mon Mar  9 23:57:28 CET 2026
#@# pial area rh Mon Mar  9 23:57:28 CET 2026
#@# thickness rh Mon Mar  9 23:57:28 CET 2026
#@# area and vertex vol rh Mon Mar  9 23:57:28 CET 2026
#@# Curvature Stats lh Mon Mar  9 23:57:28 CET 2026
#@# Curvature Stats rh Mon Mar  9 23:57:31 CET 2026
#@# Relabel Hypointensities Mon Mar  9 23:57:33 CET 2026
#@# APas-to-ASeg Mon Mar  9 23:57:49 CET 2026
#@# AParc-to-ASeg aparc Mon Mar  9 23:57:57 CET 2026
#@# AParc-to-ASeg aparc.a2009s Mon Mar  9 23:58:37 CET 2026
#@# AParc-to-ASeg aparc.DKTatlas Mon Mar  9 23:59:22 CET 2026
#@# WMParc Tue Mar 10 00:00:08 CET 2026
#@# ASeg Stats Tue Mar 10 00:04:56 CET 2026
recon-all -s sub-v1s23x0050626_ses-1 finished without error at Tue Mar 10 00:05:37 CET 2026
