status file for recon-all
Mon Mar  9 23:18:08 CET 2026
#@# Tessellate rh Mon Mar  9 23:18:08 CET 2026
#@# Smooth1 rh Mon Mar  9 23:18:12 CET 2026
#@# Inflation1 rh Mon Mar  9 23:18:15 CET 2026
#@# QSphere rh Mon Mar  9 23:18:28 CET 2026
#@# Fix Topology rh Mon Mar  9 23:19:38 CET 2026
#@# Smooth2 rh Mon Mar  9 23:25:47 CET 2026
#@# Inflation2 rh Mon Mar  9 23:25:50 CET 2026
#@# Curv .H and .K rh Mon Mar  9 23:26:04 CET 2026
#@# Sphere rh Mon Mar  9 23:26:54 CET 2026
#@# Surf Reg rh Mon Mar  9 23:31:16 CET 2026
#@# Jacobian white rh Mon Mar  9 23:36:56 CET 2026
#@# AvgCurv rh Mon Mar  9 23:36:56 CET 2026
#@# Cortical Parc rh Mon Mar  9 23:36:57 CET 2026
#@# white curv rh Mon Mar  9 23:44:30 CET 2026
#@# white area rh Mon Mar  9 23:44:31 CET 2026
#@# pial curv rh Mon Mar  9 23:44:32 CET 2026
#@# pial area rh Mon Mar  9 23:44:34 CET 2026
#@# thickness rh Mon Mar  9 23:44:35 CET 2026
#@# area and vertex vol rh Mon Mar  9 23:45:07 CET 2026
#@# Curvature Stats rh Mon Mar  9 23:45:09 CET 2026
#@# Cortical Parc 2 rh Mon Mar  9 23:45:11 CET 2026
#@# Cortical Parc 3 rh Mon Mar  9 23:45:25 CET 2026
#@# WM/GM Contrast rh Mon Mar  9 23:45:36 CET 2026
recon-all -s sub-v1s23x0050626_ses-1 finished without error at Mon Mar  9 23:45:39 CET 2026



#New# invocation of recon-all 



status file for recon-all
Mon Mar  9 23:54:08 CET 2026
#@# white curv rh Mon Mar  9 23:54:08 CET 2026
#@# white area rh Mon Mar  9 23:54:08 CET 2026
#@# pial curv rh Mon Mar  9 23:54:08 CET 2026
#@# pial area rh Mon Mar  9 23:54:08 CET 2026
#@# thickness rh Mon Mar  9 23:54:08 CET 2026
#@# area and vertex vol rh Mon Mar  9 23:54:08 CET 2026
#@# Parcellation Stats rh Mon Mar  9 23:54:08 CET 2026
#@# Parcellation Stats 2 rh Mon Mar  9 23:54:28 CET 2026
#@# Parcellation Stats 3 rh Mon Mar  9 23:54:38 CET 2026
#@# BA_exvivo Labels rh Mon Mar  9 23:54:48 CET 2026
recon-all -s sub-v1s23x0050626_ses-1 finished without error at Mon Mar  9 23:57:24 CET 2026
