status file for recon-all
Mon Mar  9 22:53:32 CET 2026
#@# Tessellate lh Mon Mar  9 22:53:32 CET 2026
#@# Smooth1 lh Mon Mar  9 22:53:36 CET 2026
#@# Inflation1 lh Mon Mar  9 22:53:39 CET 2026
#@# QSphere lh Mon Mar  9 22:53:52 CET 2026
#@# Fix Topology lh Mon Mar  9 22:54:59 CET 2026
#@# Smooth2 lh Mon Mar  9 23:01:27 CET 2026
#@# Inflation2 lh Mon Mar  9 23:01:30 CET 2026
#@# Curv .H and .K lh Mon Mar  9 23:01:43 CET 2026
#@# Sphere lh Mon Mar  9 23:02:30 CET 2026
#@# Surf Reg lh Mon Mar  9 23:06:21 CET 2026
#@# Jacobian white lh Mon Mar  9 23:10:23 CET 2026
#@# AvgCurv lh Mon Mar  9 23:10:24 CET 2026
#@# Cortical Parc lh Mon Mar  9 23:10:24 CET 2026
#@# white curv lh Mon Mar  9 23:17:01 CET 2026
#@# white area lh Mon Mar  9 23:17:03 CET 2026
#@# pial curv lh Mon Mar  9 23:17:03 CET 2026
#@# pial area lh Mon Mar  9 23:17:05 CET 2026
#@# thickness lh Mon Mar  9 23:17:06 CET 2026
#@# area and vertex vol lh Mon Mar  9 23:17:35 CET 2026
#@# Curvature Stats lh Mon Mar  9 23:17:37 CET 2026
#@# Cortical Parc 2 lh Mon Mar  9 23:17:40 CET 2026
#@# Cortical Parc 3 lh Mon Mar  9 23:17:53 CET 2026
#@# WM/GM Contrast lh Mon Mar  9 23:18:03 CET 2026
recon-all -s sub-v1s23x0050626_ses-1 finished without error at Mon Mar  9 23:18:06 CET 2026



#New# invocation of recon-all 



status file for recon-all
Mon Mar  9 23:50:58 CET 2026
#@# white curv lh Mon Mar  9 23:50:58 CET 2026
#@# white area lh Mon Mar  9 23:50:58 CET 2026
#@# pial curv lh Mon Mar  9 23:50:58 CET 2026
#@# pial area lh Mon Mar  9 23:50:58 CET 2026
#@# thickness lh Mon Mar  9 23:50:58 CET 2026
#@# area and vertex vol lh Mon Mar  9 23:50:58 CET 2026
#@# Parcellation Stats lh Mon Mar  9 23:50:58 CET 2026
#@# Parcellation Stats 2 lh Mon Mar  9 23:51:17 CET 2026
#@# Parcellation Stats 3 lh Mon Mar  9 23:51:26 CET 2026
#@# BA_exvivo Labels lh Mon Mar  9 23:51:36 CET 2026
recon-all -s sub-v1s23x0050626_ses-1 finished without error at Mon Mar  9 23:54:06 CET 2026
