/out/sourcedata/freesurfer/sub-v1s23x0050565_ses-1/mri
/opt/freesurfer/bin/talairach_avi
--i orig_nu.mgz --xfm transforms/talairach.auto.xfm
talairach_avi 7.3.2
Linux dna063 5.14.0-427.37.1.el9_4.x86_64 #1 SMP PREEMPT_DYNAMIC Fri Sep 13 12:41:50 EDT 2024 x86_64 x86_64 x86_64 GNU/Linux
Mon Mar  9 18:38:27 CET 2026
mri_convert orig_nu.mgz talsrcimg.img 
reading from orig_nu.mgz...
TR=0.00, TE=0.00, TI=0.00, flip angle=0.00
i_ras = (-1, 0, 0)
j_ras = (0, 0, -1)
k_ras = (0, 1, 0)
writing to talsrcimg.img...
Analyze Output Matrix
-1.00000   0.00000   0.00000   159.89333;
 0.00000   0.00000   1.00000  -175.86119;
 0.00000  -1.00000   0.00000   162.34209;
 0.00000   0.00000   0.00000   1.00000;
--------------------
INFO: set hdr.hist.orient to -1
mpr2mni305 talsrcimg
Mon Mar  9 18:38:28 CET 2026
/opt/freesurfer/bin/mpr2mni305 talsrcimg
mpr2mni305 7.3.2
target=711-2C_as_mni_average_305

---------------------------------------------------------------------
analyzeto4dfp talsrcimg -O0 -y
---------------------------------------------------------------------

freesurfer ifh2hdr.c
Mon Mar  9 18:38:28 2026
Writing: talsrcimg.4dfp.hdr
freesurfer analyzeto4dfp.c
Reading: talsrcimg.hdr
header size 348 bytes
hdr.dime.datatype	offset=70	value=2
hdr.dime.bitpix		offset=72	value=8
hdr.hist.orient		offset=252	value=-1
dimensionality     4
dimensions       256       256       256         1
Reading: talsrcimg.img
Writing: talsrcimg.4dfp.img
Writing: talsrcimg.4dfp.ifh
ifh2hdr talsrcimg -r0to227
ori=2

---------------------------------------------------------------------
gauss_4dfp talsrcimg 1.1
---------------------------------------------------------------------

freesurfer gauss_4dfp.c
Reading: talsrcimg.4dfp.img
Writing: talsrcimg_g11.4dfp.img
image dimensions 256 256 256 padded to 288 288 288
processing volume 1freesurfer ifh2hdr.c
Mon Mar  9 18:38:30 2026
Writing: talsrcimg_g11.4dfp.hdr

Writing: talsrcimg_g11.4dfp.ifh
including: talsrcimg.4dfp.img.rec in talsrcimg_g11.4dfp.img.rec

---------------------------------------------------------------------
imgreg_4dfp /opt/freesurfer/average/711-2C_as_mni_average_305 none talsrcimg_g11 none talsrcimg_to_711-2C_as_mni_average_305_t4 4355
---------------------------------------------------------------------

freesurfer imgreg_4dfp.c
/opt/freesurfer/average/711-2C_as_mni_average_305.4dfp.img
       256       256       256         1
  1.000000  1.000000  1.000000
orientation T byte_order littleendian
Reading image: /opt/freesurfer/average/711-2C_as_mni_average_305.4dfp.img
dimensions:      256       256       256
mmppix:       1.0000   -1.0000   -1.0000
center:     128.0000 -129.0000 -129.0000
talsrcimg_g11.4dfp.img
       256       256       256         1
  1.000000  1.000000  1.000000
orientation T byte_order littleendian
Reading image: talsrcimg_g11.4dfp.img
dimensions:      256       256       256
mmppix:       1.0000   -1.0000   -1.0000
center:     128.0000 -129.0000 -129.0000
t4_read: open error in t4_sub.f l:  41 t4_file(1:l)talsrcimg_to_711-2C_as_mni_average_305_t4 
t4_read: transform initialized to I4
rotation matrix determinant  1.000000
image alignment mode   4355 decimal     1103 hex
   -7.5000  -45.0000  -45.0000 6295.4365   24.6672
    0.0000  -45.0000  -45.0000 6540.5015   24.6827
    7.5000  -45.0000  -45.0000 6292.5322   24.6887
   -7.5000  -37.5000  -45.0000 6838.2583   24.3361
    0.0000  -37.5000  -45.0000 7112.6851   24.3467
    7.5000  -37.5000  -45.0000 6835.2935   24.3529
   -7.5000  -30.0000  -45.0000 7657.5347   24.3405
    0.0000  -30.0000  -45.0000 7983.1543   24.3496
    7.5000  -30.0000  -45.0000 7647.4380   24.3547
   -7.5000  -22.5000  -45.0000 8482.1875   24.3643
    0.0000  -22.5000  -45.0000 8844.4814   24.3776
    7.5000  -22.5000  -45.0000 8463.2520   24.3804
   -7.5000  -15.0000  -45.0000 9299.5596   24.3701
    0.0000  -15.0000  -45.0000 9696.6963   24.3885
    7.5000  -15.0000  -45.0000 9292.2256   24.3916
   -7.5000   -7.5000  -45.000010047.6748   24.3482
    0.0000   -7.5000  -45.000010491.6250   24.3668
    7.5000   -7.5000  -45.000010064.8330   24.3724
   -7.5000    0.0000  -45.000010620.6953   24.3244
    0.0000    0.0000  -45.000011107.0283   24.3392
    7.5000    0.0000  -45.000010639.2646   24.3453
   -7.5000    7.5000  -45.000010467.3975   24.3222
    0.0000    7.5000  -45.000010937.5381   24.3327
    7.5000    7.5000  -45.000010460.2920   24.3387
   -7.5000   15.0000  -45.000010261.6260   24.3404
    0.0000   15.0000  -45.000010720.0459   24.3495
    7.5000   15.0000  -45.000010211.7285   24.3546
   -7.5000   22.5000  -45.000010010.8955   24.3609
    0.0000   22.5000  -45.000010445.2734   24.3742
    7.5000   22.5000  -45.0000 9921.7070   24.3770
   -7.5000   30.0000  -45.0000 9613.9580   24.0454
    0.0000   30.0000  -45.000010001.5918   24.0635
    7.5000   30.0000  -45.0000 9546.8857   24.0665
   -7.5000   37.5000  -45.0000 9470.9824   24.0238
    0.0000   37.5000  -45.0000 9821.9912   24.0421
    7.5000   37.5000  -45.0000 9381.6191   24.0476
   -7.5000   45.0000  -45.0000 8955.3525   23.3908
    0.0000   45.0000  -45.0000 9273.3486   23.4051
    7.5000   45.0000  -45.0000 8841.7090   23.4110
   -7.5000  -45.0000  -37.5000 6625.3516   24.5531
    0.0000  -45.0000  -37.5000 6877.4658   24.5724
    7.5000  -45.0000  -37.5000 6619.8896   24.5885
   -7.5000  -37.5000  -37.5000 7203.1235   24.2040
    0.0000  -37.5000  -37.5000 7500.1792   24.2112
    7.5000  -37.5000  -37.5000 7185.2637   24.2243
   -7.5000  -30.0000  -37.5000 8089.9336   24.1970
    0.0000  -30.0000  -37.5000 8452.6670   24.1998
    7.5000  -30.0000  -37.5000 8067.0898   24.2088
   -7.5000  -22.5000  -37.5000 9003.1709   24.2323
    0.0000  -22.5000  -37.5000 9390.5107   24.2436
    7.5000  -22.5000  -37.5000 8972.5732   24.2497
   -7.5000  -15.0000  -37.5000 9869.0107   24.2599
    0.0000  -15.0000  -37.500010300.4307   24.2832
    7.5000  -15.0000  -37.5000 9830.9902   24.2920
   -7.5000   -7.5000  -37.500010668.8213   24.2473
    0.0000   -7.5000  -37.500011136.3242   24.2736
    7.5000   -7.5000  -37.500010633.1250   24.2884
   -7.5000    0.0000  -37.500011261.6387   24.2134
    0.0000    0.0000  -37.500011787.3047   24.2319
    7.5000    0.0000  -37.500011217.0537   24.2478
   -7.5000    7.5000  -37.500011063.0469   24.1903
    0.0000    7.5000  -37.500011587.8477   24.1973
    7.5000    7.5000  -37.500010988.8418   24.2102
   -7.5000   15.0000  -37.500010806.1494   24.1968
    0.0000   15.0000  -37.500011276.6309   24.1996
    7.5000   15.0000  -37.500010706.7217   24.2087
   -7.5000   22.5000  -37.500010542.0010   24.2290
    0.0000   22.5000  -37.500011000.1738   24.2403
    7.5000   22.5000  -37.500010447.3359   24.2464
   -7.5000   30.0000  -37.500010126.4922   23.9366
    0.0000   30.0000  -37.500010569.0977   23.9596
    7.5000   30.0000  -37.500010082.1230   23.9683
   -7.5000   37.5000  -37.5000 9940.7500   23.9242
    0.0000   37.5000  -37.500010373.0625   23.9502
    7.5000   37.5000  -37.5000 9861.4102   23.9647
   -7.5000   45.0000  -37.5000 9409.0010   23.2841
    0.0000   45.0000  -37.5000 9773.5586   23.3018
    7.5000   45.0000  -37.5000 9266.3506   23.3172
   -7.5000  -45.0000  -30.0000 7126.9707   25.5650
    0.0000  -45.0000  -30.0000 7397.5498   25.5818
    7.5000  -45.0000  -30.0000 7085.9663   25.6003
   -7.5000  -37.5000  -30.0000 7735.4053   25.1953
    0.0000  -37.5000  -30.0000 8048.3345   25.1980
    7.5000  -37.5000  -30.0000 7679.7300   25.2139
   -7.5000  -30.0000  -30.0000 8697.9326   25.1770
    0.0000  -30.0000  -30.0000 9088.1855   25.1762
    7.5000  -30.0000  -30.0000 8678.0557   25.1900
   -7.5000  -22.5000  -30.0000 9691.2686   25.2078
    0.0000  -22.5000  -30.000010134.6465   25.2182
    7.5000  -22.5000  -30.0000 9667.0381   25.2310
   -7.5000  -15.0000  -30.000010616.4443   25.2414
    0.0000  -15.0000  -30.000011119.9297   25.2664
    7.5000  -15.0000  -30.000010576.9883   25.2819
   -7.5000   -7.5000  -30.000011477.5381   25.2409
    0.0000   -7.5000  -30.000012002.5674   25.2685
    7.5000   -7.5000  -30.000011423.2646   25.2875
   -7.5000    0.0000  -30.000012114.7832   25.2116
    0.0000    0.0000  -30.000012691.4033   25.2277
    7.5000    0.0000  -30.000012050.9531   25.2459
   -7.5000    7.5000  -30.000011866.6270   25.1810
    0.0000    7.5000  -30.000012441.6699   25.1835
    7.5000    7.5000  -30.000011789.8594   25.1992
   -7.5000   15.0000  -30.000011615.4639   25.1768
    0.0000   15.0000  -30.000012119.4775   25.1761
    7.5000   15.0000  -30.000011477.9268   25.1898
   -7.5000   22.5000  -30.000011285.6074   25.2017
    0.0000   22.5000  -30.000011797.1494   25.2121
    7.5000   22.5000  -30.000011165.9570   25.2249
   -7.5000   30.0000  -30.000010822.3389   24.9074
    0.0000   30.0000  -30.000011326.8252   24.9321
    7.5000   30.0000  -30.000010747.5615   24.9474
   -7.5000   37.5000  -30.000010579.4502   24.9069
    0.0000   37.5000  -30.000011065.5430   24.9342
    7.5000   37.5000  -30.000010468.2881   24.9529
   -7.5000   45.0000  -30.0000 9997.9922   24.2617
    0.0000   45.0000  -30.000010396.8867   24.2773
    7.5000   45.0000  -30.0000 9819.3350   24.2948
   -7.5000  -45.0000  -22.5000 7667.9097   26.4477
    0.0000  -45.0000  -22.5000 7958.8481   26.4575
    7.5000  -45.0000  -22.5000 7585.9087   26.4671
   -7.5000  -37.5000  -22.5000 8324.8809   26.0845
    0.0000  -37.5000  -22.5000 8675.6826   26.0861
    7.5000  -37.5000  -22.5000 8254.3545   26.0964
   -7.5000  -30.0000  -22.5000 9357.5488   26.0664
    0.0000  -30.0000  -22.5000 9764.2695   26.0679
    7.5000  -30.0000  -22.5000 9295.6426   26.0810
   -7.5000  -22.5000  -22.500010444.9561   26.0752
    0.0000  -22.5000  -22.500010896.2490   26.0855
    7.5000  -22.5000  -22.500010375.4551   26.1006
   -7.5000  -15.0000  -22.500011419.2471   26.0878
    0.0000  -15.0000  -22.500011917.9111   26.1076
    7.5000  -15.0000  -22.500011339.6152   26.1236
   -7.5000   -7.5000  -22.500012308.3096   26.0911
    0.0000   -7.5000  -22.500012822.9229   26.1103
    7.5000   -7.5000  -22.500012206.3252   26.1237
   -7.5000    0.0000  -22.500013016.1875   26.0822
    0.0000    0.0000  -22.500013613.5488   26.0916
    7.5000    0.0000  -22.500012918.2812   26.1010
   -7.5000    7.5000  -22.500012760.2930   26.0697
    0.0000    7.5000  -22.500013361.7607   26.0711
    7.5000    7.5000  -22.500012637.7207   26.0812
   -7.5000   15.0000  -22.500012464.3740   26.0662
    0.0000   15.0000  -22.500013025.8252   26.0678
    7.5000   15.0000  -22.500012265.5078   26.0808
   -7.5000   22.5000  -22.500012098.8975   26.0672
    0.0000   22.5000  -22.500012635.3604   26.0774
    7.5000   22.5000  -22.500011911.8096   26.0926
   -7.5000   30.0000  -22.500011584.2861   25.7465
    0.0000   30.0000  -22.500012119.8994   25.7661
    7.5000   30.0000  -22.500011433.4990   25.7819
   -7.5000   37.5000  -22.500011319.6348   25.7498
    0.0000   37.5000  -22.500011811.1182   25.7688
    7.5000   37.5000  -22.500011112.6279   25.7820
   -7.5000   45.0000  -22.500010661.3525   25.1184
    0.0000   45.0000  -22.500011076.4775   25.1275
    7.5000   45.0000  -22.500010413.7803   25.1366
   -7.5000  -45.0000  -15.0000 8173.6211   27.1008
    0.0000  -45.0000  -15.0000 8507.3994   27.1073
    7.5000  -45.0000  -15.0000 8107.4458   27.1064
   -7.5000  -37.5000  -15.0000 8908.2510   26.7552
    0.0000  -37.5000  -15.0000 9296.1201   26.7596
    7.5000  -37.5000  -15.0000 8847.6416   26.7612
   -7.5000  -30.0000  -15.000010033.5215   26.7491
    0.0000  -30.0000  -15.000010450.3906   26.7552
    7.5000  -30.0000  -15.0000 9963.9990   26.7621
   -7.5000  -22.5000  -15.000011164.7158   26.7412
    0.0000  -22.5000  -15.000011647.9932   26.7517
    7.5000  -22.5000  -15.000011092.1201   26.7629
   -7.5000  -15.0000  -15.000012177.9648   26.7264
    0.0000  -15.0000  -15.000012728.1279   26.7405
    7.5000  -15.0000  -15.000012099.8604   26.7515
   -7.5000   -7.5000  -15.000013102.6016   26.7202
    0.0000   -7.5000  -15.000013676.0195   26.7319
    7.5000   -7.5000  -15.000013004.4463   26.7368
   -7.5000    0.0000  -15.000013884.8721   26.7260
    0.0000    0.0000  -15.000014532.3389   26.7324
    7.5000    0.0000  -15.000013783.7471   26.7316
   -7.5000    7.5000  -15.000013606.0039   26.7400
    0.0000    7.5000  -15.000014238.6514   26.7443
    7.5000    7.5000  -15.000013450.7891   26.7456
   -7.5000   15.0000  -15.000013263.2021   26.7489
    0.0000   15.0000  -15.000013867.8574   26.7550
    7.5000   15.0000  -15.000013063.9355   26.7620
   -7.5000   22.5000  -15.000012911.5273   26.7317
    0.0000   22.5000  -15.000013488.6523   26.7422
    7.5000   22.5000  -15.000012675.0010   26.7534
   -7.5000   30.0000  -15.000012410.5850   26.3805
    0.0000   30.0000  -15.000012959.2686   26.3944
    7.5000   30.0000  -15.000012182.2031   26.4053
   -7.5000   37.5000  -15.000012079.3760   26.3744
    0.0000   37.5000  -15.000012596.8379   26.3859
    7.5000   37.5000  -15.000011827.1553   26.3908
   -7.5000   45.0000  -15.000011327.9102   25.7540
    0.0000   45.0000  -15.000011772.2422   25.7601
    7.5000   45.0000  -15.000011036.8594   25.7594
   -7.5000  -45.0000   -7.5000 8712.0049   27.4322
    0.0000  -45.0000   -7.5000 9073.9473   27.4424
    7.5000  -45.0000   -7.5000 8654.8018   27.4403
   -7.5000  -37.5000   -7.5000 9512.0000   27.0849
    0.0000  -37.5000   -7.5000 9903.2100   27.0943
    7.5000  -37.5000   -7.5000 9443.3809   27.0948
   -7.5000  -30.0000   -7.500010708.2041   27.0916
    0.0000  -30.0000   -7.500011152.7246   27.1020
    7.5000  -30.0000   -7.500010636.1250   27.1061
   -7.5000  -22.5000   -7.500011922.8232   27.0960
    0.0000  -22.5000   -7.500012436.6367   27.1088
    7.5000  -22.5000   -7.500011832.8652   27.1146
   -7.5000  -15.0000   -7.500013035.5762   27.0805
    0.0000  -15.0000   -7.500013632.0273   27.0951
    7.5000  -15.0000   -7.500012941.4619   27.1000
   -7.5000   -7.5000   -7.500014015.9404   27.0590
    0.0000   -7.5000   -7.500014684.9629   27.0715
    7.5000   -7.5000   -7.500013916.5059   27.0729
   -7.5000    0.0000   -7.500014817.4463   27.0526
    0.0000    0.0000   -7.500015546.7881   27.0623
    7.5000    0.0000   -7.500014732.1084   27.0606
   -7.5000    7.5000   -7.500014485.8750   27.0696
    0.0000    7.5000   -7.500015133.5518   27.0788
    7.5000    7.5000   -7.500014325.9219   27.0790
   -7.5000   15.0000   -7.500014104.6523   27.0914
    0.0000   15.0000   -7.500014717.5957   27.1018
    7.5000   15.0000   -7.500013905.0127   27.1060
   -7.5000   22.5000   -7.500013773.0244   27.0834
    0.0000   22.5000   -7.500014365.3740   27.0963
    7.5000   22.5000   -7.500013524.5742   27.1021
   -7.5000   30.0000   -7.500013267.4219   26.7293
    0.0000   30.0000   -7.500013813.4697   26.7437
    7.5000   30.0000   -7.500013004.9521   26.7486
   -7.5000   37.5000   -7.500012907.9590   26.7081
    0.0000   37.5000   -7.500013450.2773   26.7204
    7.5000   37.5000   -7.500012647.1816   26.7219
   -7.5000   45.0000   -7.500012057.3184   26.0736
    0.0000   45.0000   -7.500012532.1787   26.0830
    7.5000   45.0000   -7.500011755.7178   26.0813
   -7.5000  -45.0000    0.0000 9114.8828   27.4892
    0.0000  -45.0000    0.0000 9512.8662   27.5062
    7.5000  -45.0000    0.0000 9074.9473   27.5133
   -7.5000  -37.5000    0.0000 9962.3691   27.1212
    0.0000  -37.5000    0.000010388.5830   27.1329
    7.5000  -37.5000    0.0000 9882.4648   27.1401
   -7.5000  -30.0000    0.000011256.0254   27.1271
    0.0000  -30.0000    0.000011739.6553   27.1370
    7.5000  -30.0000    0.000011156.0957   27.1430
   -7.5000  -22.5000    0.000012583.3945   27.1552
    0.0000  -22.5000    0.000013122.3223   27.1697
    7.5000  -22.5000    0.000012445.1768   27.1731
   -7.5000  -15.0000    0.000013796.2451   27.1626
    0.0000  -15.0000    0.000014382.0117   27.1826
    7.5000  -15.0000    0.000013632.2939   27.1863
   -7.5000   -7.5000    0.000014887.3145   27.1371
    0.0000   -7.5000    0.000015570.8369   27.1574
    7.5000   -7.5000    0.000014797.0645   27.1639
   -7.5000    0.0000    0.000015725.9258   27.1087
    0.0000    0.0000    0.000016452.2168   27.1250
    7.5000    0.0000    0.000015632.9043   27.1322
   -7.5000    7.5000    0.000015324.5527   27.1058
    0.0000    7.5000    0.000015913.5957   27.1173
    7.5000    7.5000    0.000015122.8838   27.1243
   -7.5000   15.0000    0.000014889.0176   27.1270
    0.0000   15.0000    0.000015485.7744   27.1369
    7.5000   15.0000    0.000014697.8086   27.1429
   -7.5000   22.5000    0.000014559.9248   27.1427
    0.0000   22.5000    0.000015116.0430   27.1572
    7.5000   22.5000    0.000014332.4834   27.1606
   -7.5000   30.0000    0.000014063.9023   26.8110
    0.0000   30.0000    0.000014585.5879   26.8308
    7.5000   30.0000    0.000013811.9102   26.8344
   -7.5000   37.5000    0.000013679.6982   26.7858
    0.0000   37.5000    0.000014202.2520   26.8060
    7.5000   37.5000    0.000013431.6973   26.8124
   -7.5000   45.0000    0.000012713.7100   26.1297
    0.0000   45.0000    0.000013186.6221   26.1454
    7.5000   45.0000    0.000012448.8350   26.1523
   -7.5000  -45.0000    7.5000 8848.0225   27.4718
    0.0000  -45.0000    7.5000 9228.3389   27.4935
    7.5000  -45.0000    7.5000 8802.1328   27.5115
   -7.5000  -37.5000    7.5000 9660.9717   27.0815
    0.0000  -37.5000    7.500010049.6514   27.0896
    7.5000  -37.5000    7.5000 9563.1963   27.1042
   -7.5000  -30.0000    7.500010894.5938   27.0739
    0.0000  -30.0000    7.500011344.8037   27.0771
    7.5000  -30.0000    7.500010781.9648   27.0872
   -7.5000  -22.5000    7.500012178.5439   27.1137
    0.0000  -22.5000    7.500012700.0654   27.1263
    7.5000  -22.5000    7.500012021.1572   27.1331
   -7.5000  -15.0000    7.500013407.3887   27.1444
    0.0000  -15.0000    7.500013990.0947   27.1705
    7.5000  -15.0000    7.500013266.9844   27.1803
   -7.5000   -7.5000    7.500014642.0830   27.1300
    0.0000   -7.5000    7.500015308.0752   27.1595
    7.5000   -7.5000    7.500014512.7363   27.1760
   -7.5000    0.0000    7.500015637.8164   27.0918
    0.0000    0.0000    7.500016235.7998   27.1125
    7.5000    0.0000    7.500015483.9922   27.1303
   -7.5000    7.5000    7.500015009.5273   27.0661
    0.0000    7.5000    7.500015431.3115   27.0740
    7.5000    7.5000    7.500014947.5664   27.0884
   -7.5000   15.0000    7.500014499.3506   27.0738
    0.0000   15.0000    7.500014888.1826   27.0769
    7.5000   15.0000    7.500014485.3008   27.0871
   -7.5000   22.5000    7.500014246.3340   27.1012
    0.0000   22.5000    7.500014641.2432   27.1138
    7.5000   22.5000    7.500014156.0762   27.1206
   -7.5000   30.0000    7.500013835.0127   26.7931
    0.0000   30.0000    7.500014278.5186   26.8188
    7.5000   30.0000    7.500013664.0391   26.8286
   -7.5000   37.5000    7.500013415.5820   26.7789
    0.0000   37.5000    7.500013956.0869   26.8080
    7.5000   37.5000    7.500013255.6504   26.8243
   -7.5000   45.0000    7.500012368.8223   26.1134
    0.0000   45.0000    7.500012895.2881   26.1333
    7.5000   45.0000    7.500012159.4658   26.1505
   -7.5000  -45.0000   15.0000 8464.3447   27.4531
    0.0000  -45.0000   15.0000 8848.4717   27.4711
    7.5000  -45.0000   15.0000 8407.2646   27.4911
   -7.5000  -37.5000   15.0000 9269.4619   27.0561
    0.0000  -37.5000   15.0000 9674.2197   27.0590
    7.5000  -37.5000   15.0000 9161.3730   27.0761
   -7.5000  -30.0000   15.000010440.7969   27.0365
    0.0000  -30.0000   15.000010878.9385   27.0356
    7.5000  -30.0000   15.000010319.0635   27.0504
   -7.5000  -22.5000   15.000011584.2725   27.0695
    0.0000  -22.5000   15.000012063.1182   27.0807
    7.5000  -22.5000   15.000011469.3564   27.0944
   -7.5000  -15.0000   15.000012706.1924   27.1055
    0.0000  -15.0000   15.000013219.6602   27.1324
    7.5000  -15.0000   15.000012642.2031   27.1492
   -7.5000   -7.5000   15.000013908.4658   27.1050
    0.0000   -7.5000   15.000014541.9404   27.1347
    7.5000   -7.5000   15.000013864.8477   27.1551
   -7.5000    0.0000   15.000014896.2041   27.0736
    0.0000    0.0000   15.000015494.3691   27.0909
    7.5000    0.0000   15.000014954.4619   27.1105
   -7.5000    7.5000   15.000014425.5244   27.0408
    0.0000    7.5000   15.000014887.9395   27.0435
    7.5000    7.5000   15.000014593.5889   27.0603
   -7.5000   15.0000   15.000014025.3750   27.0363
    0.0000   15.0000   15.000014507.2686   27.0355
    7.5000   15.0000   15.000014183.8525   27.0502
   -7.5000   22.5000   15.000013818.5557   27.0570
    0.0000   22.5000   15.000014295.1982   27.0682
    7.5000   22.5000   15.000013782.9443   27.0820
   -7.5000   30.0000   15.000013375.8965   26.7548
    0.0000   30.0000   15.000013837.9014   26.7813
    7.5000   30.0000   15.000013204.0225   26.7978
   -7.5000   37.5000   15.000012918.1523   26.7543
    0.0000   37.5000   15.000013418.7422   26.7836
    7.5000   37.5000   15.000012749.1572   26.8037
   -7.5000   45.0000   15.000011823.9053   26.0958
    0.0000   45.0000   15.000012311.8867   26.1125
    7.5000   45.0000   15.000011643.2402   26.1314
   -7.5000  -45.0000   22.5000 8014.9395   27.4627
    0.0000  -45.0000   22.5000 8337.5059   27.4729
    7.5000  -45.0000   22.5000 7928.7837   27.4829
   -7.5000  -37.5000   22.5000 8764.8389   27.0854
    0.0000  -37.5000   22.5000 9105.8779   27.0871
    7.5000  -37.5000   22.5000 8688.1035   27.0979
   -7.5000  -30.0000   22.5000 9854.0518   27.0665
    0.0000  -30.0000   22.500010229.1113   27.0681
    7.5000  -30.0000   22.5000 9766.4932   27.0817
   -7.5000  -22.5000   22.500010911.4023   27.0756
    0.0000  -22.5000   22.500011354.6191   27.0863
    7.5000  -22.5000   22.500010842.0713   27.1021
   -7.5000  -15.0000   22.500011999.8604   27.0887
    0.0000  -15.0000   22.500012489.2422   27.1092
    7.5000  -15.0000   22.500011936.5107   27.1259
   -7.5000   -7.5000   22.500013104.6836   27.0923
    0.0000   -7.5000   22.500013738.0342   27.1122
    7.5000   -7.5000   22.500013110.4248   27.1261
   -7.5000    0.0000   22.500013953.8584   27.0830
    0.0000    0.0000   22.500014643.1445   27.0928
    7.5000    0.0000   22.500014070.2578   27.1027
   -7.5000    7.5000   22.500013686.1260   27.0701
    0.0000    7.5000   22.500014383.3154   27.0715
    7.5000    7.5000   22.500013787.2432   27.0820
   -7.5000   15.0000   22.500013478.5303   27.0664
    0.0000   15.0000   22.500014230.1436   27.0679
    7.5000   15.0000   22.500013461.9854   27.0815
   -7.5000   22.5000   22.500013182.2363   27.0632
    0.0000   22.5000   22.500013844.1660   27.0738
    7.5000   22.5000   22.500013046.5400   27.0896
   -7.5000   30.0000   22.500012700.4580   26.7381
    0.0000   30.0000   22.500013268.3135   26.7584
    7.5000   30.0000   22.500012504.6104   26.7749
   -7.5000   37.5000   22.500012229.8701   26.7416
    0.0000   37.5000   22.500012768.8975   26.7613
    7.5000   37.5000   22.500012090.4004   26.7751
   -7.5000   45.0000   22.500011165.6748   26.1049
    0.0000   45.0000   22.500011620.1211   26.1144
    7.5000   45.0000   22.500011021.7764   26.1238
   -7.5000  -45.0000   30.0000 7415.5854   27.5011
    0.0000  -45.0000   30.0000 7695.1182   27.5076
    7.5000  -45.0000   30.0000 7325.8594   27.5065
   -7.5000  -37.5000   30.0000 8099.3076   27.1501
    0.0000  -37.5000   30.0000 8448.2461   27.1544
    7.5000  -37.5000   30.0000 8050.2808   27.1558
   -7.5000  -30.0000   30.0000 9145.6436   27.1437
    0.0000  -30.0000   30.0000 9543.9951   27.1498
    7.5000  -30.0000   30.0000 9093.9170   27.1567
   -7.5000  -22.5000   30.000010198.9473   27.1356
    0.0000  -22.5000   30.000010649.0498   27.1463
    7.5000  -22.5000   30.000010126.4785   27.1575
   -7.5000  -15.0000   30.000011220.9551   27.1206
    0.0000  -15.0000   30.000011780.0596   27.1349
    7.5000  -15.0000   30.000011163.8867   27.1461
   -7.5000   -7.5000   30.000012210.9229   27.1145
    0.0000   -7.5000   30.000012837.1553   27.1263
    7.5000   -7.5000   30.000012200.6523   27.1312
   -7.5000    0.0000   30.000012957.0391   27.1206
    0.0000    0.0000   30.000013536.6357   27.1268
    7.5000    0.0000   30.000012969.0215   27.1259
   -7.5000    7.5000   30.000012708.4287   27.1347
    0.0000    7.5000   30.000013243.8555   27.1389
    7.5000    7.5000   30.000012670.3535   27.1400
   -7.5000   15.0000   30.000012432.3682   27.1436
    0.0000   15.0000   30.000012944.3906   27.1496
    7.5000   15.0000   30.000012374.2715   27.1565
   -7.5000   22.5000   30.000012119.8096   27.1231
    0.0000   22.5000   30.000012595.9004   27.1337
    7.5000   22.5000   30.000012044.0234   27.1450
   -7.5000   30.0000   30.000011715.5918   26.7696
    0.0000   30.0000   30.000012157.4648   26.7838
    7.5000   30.0000   30.000011581.7686   26.7947
   -7.5000   37.5000   30.000011392.6611   26.7636
    0.0000   37.5000   30.000011834.9990   26.7752
    7.5000   37.5000   30.000011260.1367   26.7800
   -7.5000   45.0000   30.000010418.5752   26.1411
    0.0000   45.0000   30.000010831.5371   26.1471
    7.5000   45.0000   30.000010280.2754   26.1462
   -7.5000  -45.0000   37.5000 7079.4189   27.8443
    0.0000  -45.0000   37.5000 7396.0864   27.8540
    7.5000  -45.0000   37.5000 6995.1392   27.8512
   -7.5000  -37.5000   37.5000 7759.4106   27.4868
    0.0000  -37.5000   37.5000 8141.6333   27.4957
    7.5000  -37.5000   37.5000 7719.5571   27.4955
   -7.5000  -30.0000   37.5000 8820.2949   27.4933
    0.0000  -30.0000   37.5000 9227.8711   27.5032
    7.5000  -30.0000   37.5000 8744.4648   27.5069
   -7.5000  -22.5000   37.5000 9888.4111   27.4984
    0.0000  -22.5000   37.500010322.4941   27.5110
    7.5000  -22.5000   37.5000 9754.0117   27.5165
   -7.5000  -15.0000   37.500010844.8896   27.4833
    0.0000  -15.0000   37.500011342.0947   27.4979
    7.5000  -15.0000   37.500010737.3799   27.5026
   -7.5000   -7.5000   37.500011699.0605   27.4615
    0.0000   -7.5000   37.500012202.8047   27.4739
    7.5000   -7.5000   37.500011626.0840   27.4748
   -7.5000    0.0000   37.500012387.7568   27.4544
    0.0000    0.0000   37.500012902.2627   27.4638
    7.5000    0.0000   37.500012331.0684   27.4613
   -7.5000    7.5000   37.500012162.5352   27.4710
    0.0000    7.5000   37.500012657.5693   27.4797
    7.5000    7.5000   37.500012091.0938   27.4792
   -7.5000   15.0000   37.500011859.3789   27.4931
    0.0000   15.0000   37.500012333.8984   27.5030
    7.5000   15.0000   37.500011782.5312   27.5067
   -7.5000   22.5000   37.500011528.2861   27.4857
    0.0000   22.5000   37.500011961.7988   27.4983
    7.5000   22.5000   37.500011455.5371   27.5038
   -7.5000   30.0000   37.500011177.0225   27.1276
    0.0000   30.0000   37.500011594.2305   27.1421
    7.5000   30.0000   37.500011069.2432   27.1466
   -7.5000   37.5000   37.500010941.9727   27.1061
    0.0000   37.5000   37.500011377.8809   27.1184
    7.5000   37.5000   37.500010837.3428   27.1192
   -7.5000   45.0000   37.500010039.0752   26.4629
    0.0000   45.0000   37.500010456.6133   26.4719
    7.5000   45.0000   37.5000 9952.6904   26.4695
   -7.5000  -45.0000   45.0000 6469.1230   28.2442
    0.0000  -45.0000   45.0000 6726.5908   28.2628
    7.5000  -45.0000   45.0000 6376.0962   28.2716
   -7.5000  -37.5000   45.0000 7103.3574   27.8526
    0.0000  -37.5000   45.0000 7409.9556   27.8661
    7.5000  -37.5000   45.0000 7033.5303   27.8756
   -7.5000  -30.0000   45.0000 8073.5796   27.8556
    0.0000  -30.0000   45.0000 8393.7432   27.8677
    7.5000  -30.0000   45.0000 7958.5674   27.8766
   -7.5000  -22.5000   45.0000 9039.0811   27.8838
    0.0000  -22.5000   45.0000 9390.3916   27.9006
    7.5000  -22.5000   45.0000 8877.2100   27.9069
   -7.5000  -15.0000   45.0000 9920.1582   27.8929
    0.0000  -15.0000   45.000010332.5010   27.9150
    7.5000  -15.0000   45.0000 9781.0752   27.9211
   -7.5000   -7.5000   45.000010665.3779   27.8690
    0.0000   -7.5000   45.000011113.6631   27.8910
    7.5000   -7.5000   45.000010574.1094   27.8993
   -7.5000    0.0000   45.000011317.6357   27.8409
    0.0000    0.0000   45.000011774.3096   27.8588
    7.5000    0.0000   45.000011225.3428   27.8676
   -7.5000    7.5000   45.000011137.1846   27.8363
    0.0000    7.5000   45.000011584.2051   27.8495
    7.5000    7.5000   45.000011050.6348   27.8588
   -7.5000   15.0000   45.000010856.5879   27.8555
    0.0000   15.0000   45.000011299.5889   27.8675
    7.5000   15.0000   45.000010772.8535   27.8765
   -7.5000   22.5000   45.000010545.8389   27.8709
    0.0000   22.5000   45.000010962.1875   27.8877
    7.5000   22.5000   45.000010485.7480   27.8940
   -7.5000   30.0000   45.000010209.7354   27.5295
    0.0000   30.0000   45.000010612.6807   27.5513
    7.5000   30.0000   45.000010133.2363   27.5573
   -7.5000   37.5000   45.000010045.8633   27.5059
    0.0000   37.5000   45.000010426.8613   27.5277
    7.5000   37.5000   45.0000 9941.1348   27.5359
   -7.5000   45.0000   45.0000 9217.9307   26.8476
    0.0000   45.0000   45.0000 9589.4385   26.8648
    7.5000   45.0000   45.0000 9161.7412   26.8733

---------------------------------------------------------------------
imgreg_4dfp /opt/freesurfer/average/711-2C_as_mni_average_305 /opt/freesurfer/average/711-2B_as_mni_average_305_mask talsrcimg_g11 none talsrcimg_to_711-2C_as_mni_average_305_t4 4355
---------------------------------------------------------------------

freesurfer imgreg_4dfp.c
/opt/freesurfer/average/711-2C_as_mni_average_305.4dfp.img
       256       256       256         1
  1.000000  1.000000  1.000000
orientation T byte_order littleendian
Reading image: /opt/freesurfer/average/711-2C_as_mni_average_305.4dfp.img
dimensions:      256       256       256
mmppix:       1.0000   -1.0000   -1.0000
center:     128.0000 -129.0000 -129.0000
/opt/freesurfer/average/711-2B_as_mni_average_305_mask.4dfp.img
       256       256       256         1
  1.000000  1.000000  1.000000
orientation T byte_order littleendian
Reading mask: /opt/freesurfer/average/711-2B_as_mni_average_305_mask.4dfp.img (2306576 pixels)
talsrcimg_g11.4dfp.img
       256       256       256         1
  1.000000  1.000000  1.000000
orientation T byte_order littleendian
Reading image: talsrcimg_g11.4dfp.img
dimensions:      256       256       256
mmppix:       1.0000   -1.0000   -1.0000
center:     128.0000 -129.0000 -129.0000
rotation matrix determinant  1.000000
image alignment mode   4355 decimal     1103 hex
   -7.5000  -45.0000  -45.0000 1715.0878   33.5396
    0.0000  -45.0000  -45.0000 1721.4210   33.4674
    7.5000  -45.0000  -45.0000 1702.3021   34.0391
   -7.5000  -37.5000  -45.0000 1841.8401   29.8594
    0.0000  -37.5000  -45.0000 1851.5845   29.6256
    7.5000  -37.5000  -45.0000 1831.2084   30.1488
   -7.5000  -30.0000  -45.0000 1945.0762   27.0297
    0.0000  -30.0000  -45.0000 1959.6185   26.8689
    7.5000  -30.0000  -45.0000 1937.1044   27.3216
   -7.5000  -22.5000  -45.0000 2045.0800   24.9341
    0.0000  -22.5000  -45.0000 2058.4946   24.8319
    7.5000  -22.5000  -45.0000 2035.6647   25.1714
   -7.5000  -15.0000  -45.0000 2122.9758   23.2301
    0.0000  -15.0000  -45.0000 2138.3494   23.2240
    7.5000  -15.0000  -45.0000 2120.6982   23.5043
   -7.5000   -7.5000  -45.0000 2170.5735   21.9421
    0.0000   -7.5000  -45.0000 2186.1714   21.9265
    7.5000   -7.5000  -45.0000 2168.9421   22.1270
   -7.5000    0.0000  -45.0000 2195.1184   21.1350
    0.0000    0.0000  -45.0000 2207.7283   21.0103
    7.5000    0.0000  -45.0000 2188.6436   21.2771
   -7.5000    7.5000  -45.0000 2208.1812   21.0491
    0.0000    7.5000  -45.0000 2227.1089   20.9131
    7.5000    7.5000  -45.0000 2206.0527   21.1673
   -7.5000   15.0000  -45.0000 2205.4824   21.4038
    0.0000   15.0000  -45.0000 2224.9802   21.2493
    7.5000   15.0000  -45.0000 2203.2080   21.5014
   -7.5000   22.5000  -45.0000 2186.3425   22.1584
    0.0000   22.5000  -45.0000 2209.3713   21.9674
    7.5000   22.5000  -45.0000 2175.6177   22.2017
   -7.5000   30.0000  -45.0000 2138.6665   23.2566
    0.0000   30.0000  -45.0000 2159.4287   22.9691
    7.5000   30.0000  -45.0000 2132.2346   23.2266
   -7.5000   37.5000  -45.0000 2081.6643   24.6717
    0.0000   37.5000  -45.0000 2100.9065   24.3901
    7.5000   37.5000  -45.0000 2080.1060   24.7171
   -7.5000   45.0000  -45.0000 2000.0409   26.6145
    0.0000   45.0000  -45.0000 2019.1084   26.3027
    7.5000   45.0000  -45.0000 1996.0532   26.7311
   -7.5000  -45.0000  -37.5000 1777.2334   31.7551
    0.0000  -45.0000  -37.5000 1782.0632   31.5332
    7.5000  -45.0000  -37.5000 1765.9532   32.0163
   -7.5000  -37.5000  -37.5000 1910.5858   28.0751
    0.0000  -37.5000  -37.5000 1922.1128   27.9337
    7.5000  -37.5000  -37.5000 1899.5641   28.3142
   -7.5000  -30.0000  -37.5000 2024.1003   25.3666
    0.0000  -30.0000  -37.5000 2041.9199   25.3294
    7.5000  -30.0000  -37.5000 2017.0728   25.6147
   -7.5000  -22.5000  -37.5000 2133.4429   23.2979
    0.0000  -22.5000  -37.5000 2147.3706   23.2763
    7.5000  -22.5000  -37.5000 2127.2808   23.5580
   -7.5000  -15.0000  -37.5000 2222.6853   21.7121
    0.0000  -15.0000  -37.5000 2235.9744   21.7212
    7.5000  -15.0000  -37.5000 2214.9265   21.9561
   -7.5000   -7.5000  -37.5000 2277.0625   20.4777
    0.0000   -7.5000  -37.5000 2297.5732   20.4907
    7.5000   -7.5000  -37.5000 2271.7722   20.6688
   -7.5000    0.0000  -37.5000 2294.9255   19.6872
    0.0000    0.0000  -37.5000 2319.4453   19.6841
    7.5000    0.0000  -37.5000 2293.5828   19.8760
   -7.5000    7.5000  -37.5000 2306.4854   19.5460
    0.0000    7.5000  -37.5000 2330.4619   19.4706
    7.5000    7.5000  -37.5000 2298.4172   19.6347
   -7.5000   15.0000  -37.5000 2295.1282   19.6515
    0.0000   15.0000  -37.5000 2313.5349   19.5440
    7.5000   15.0000  -37.5000 2289.1997   19.7324
   -7.5000   22.5000  -37.5000 2284.6257   20.3283
    0.0000   22.5000  -37.5000 2304.1792   20.1752
    7.5000   22.5000  -37.5000 2273.6138   20.3504
   -7.5000   30.0000  -37.5000 2243.3472   21.3398
    0.0000   30.0000  -37.5000 2264.8157   21.1925
    7.5000   30.0000  -37.5000 2239.5049   21.3584
   -7.5000   37.5000  -37.5000 2183.5466   22.7326
    0.0000   37.5000  -37.5000 2205.2173   22.5215
    7.5000   37.5000  -37.5000 2184.0654   22.7740
   -7.5000   45.0000  -37.5000 2096.9207   24.5212
    0.0000   45.0000  -37.5000 2116.6594   24.2938
    7.5000   45.0000  -37.5000 2091.5984   24.5745
   -7.5000  -45.0000  -30.0000 1865.9932   30.9466
    0.0000  -45.0000  -30.0000 1875.8102   30.8820
    7.5000  -45.0000  -30.0000 1861.3267   31.1900
   -7.5000  -37.5000  -30.0000 2006.3531   27.4737
    0.0000  -37.5000  -30.0000 2015.8020   27.4154
    7.5000  -37.5000  -30.0000 1995.8047   27.6384
   -7.5000  -30.0000  -30.0000 2133.1174   24.7805
    0.0000  -30.0000  -30.0000 2145.9043   24.8021
    7.5000  -30.0000  -30.0000 2128.9736   24.9750
   -7.5000  -22.5000  -30.0000 2249.5381   22.5780
    0.0000  -22.5000  -30.0000 2265.3335   22.6720
    7.5000  -22.5000  -30.0000 2248.2097   22.8674
   -7.5000  -15.0000  -30.0000 2344.4365   20.9122
    0.0000  -15.0000  -30.0000 2365.0864   20.9796
    7.5000  -15.0000  -30.0000 2338.0559   21.1805
   -7.5000   -7.5000  -30.0000 2412.7551   19.7215
    0.0000   -7.5000  -30.0000 2436.4678   19.7499
    7.5000   -7.5000  -30.0000 2401.8269   19.9450
   -7.5000    0.0000  -30.0000 2439.8350   18.9633
    0.0000    0.0000  -30.0000 2457.3264   18.9885
    7.5000    0.0000  -30.0000 2427.0906   19.1727
   -7.5000    7.5000  -30.0000 2449.3018   18.7187
    0.0000    7.5000  -30.0000 2470.1626   18.6598
    7.5000    7.5000  -30.0000 2440.9177   18.8283
   -7.5000   15.0000  -30.0000 2450.2705   18.8153
    0.0000   15.0000  -30.0000 2464.6079   18.7239
    7.5000   15.0000  -30.0000 2439.1018   18.8910
   -7.5000   22.5000  -30.0000 2429.5754   19.4179
    0.0000   22.5000  -30.0000 2448.6846   19.2995
    7.5000   22.5000  -30.0000 2420.3435   19.4546
   -7.5000   30.0000  -30.0000 2385.3145   20.3696
    0.0000   30.0000  -30.0000 2407.7312   20.2347
    7.5000   30.0000  -30.0000 2379.9116   20.3847
   -7.5000   37.5000  -30.0000 2323.9910   21.6859
    0.0000   37.5000  -30.0000 2345.9312   21.5735
    7.5000   37.5000  -30.0000 2315.4712   21.7528
   -7.5000   45.0000  -30.0000 2234.2744   23.3921
    0.0000   45.0000  -30.0000 2254.6775   23.2844
    7.5000   45.0000  -30.0000 2228.4521   23.5589
   -7.5000  -45.0000  -22.5000 1934.9037   29.9865
    0.0000  -45.0000  -22.5000 1942.1289   29.9921
    7.5000  -45.0000  -22.5000 1925.6653   30.3792
   -7.5000  -37.5000  -22.5000 2078.0759   26.5566
    0.0000  -37.5000  -22.5000 2090.4944   26.5081
    7.5000  -37.5000  -22.5000 2068.4541   26.7779
   -7.5000  -30.0000  -22.5000 2213.2295   23.8535
    0.0000  -30.0000  -22.5000 2230.8625   23.8785
    7.5000  -30.0000  -22.5000 2211.4373   24.1118
   -7.5000  -22.5000  -22.5000 2346.7510   21.7685
    0.0000  -22.5000  -22.5000 2363.3059   21.8173
    7.5000  -22.5000  -22.5000 2340.8127   21.9859
   -7.5000  -15.0000  -22.5000 2441.5232   20.0466
    0.0000  -15.0000  -22.5000 2457.3081   20.0725
    7.5000  -15.0000  -22.5000 2433.9944   20.2613
   -7.5000   -7.5000  -22.5000 2519.5110   18.7942
    0.0000   -7.5000  -22.5000 2535.8074   18.7936
    7.5000   -7.5000  -22.5000 2509.3567   19.0272
   -7.5000    0.0000  -22.5000 2559.6804   18.0510
    0.0000    0.0000  -22.5000 2574.3396   18.0584
    7.5000    0.0000  -22.5000 2548.9678   18.2483
   -7.5000    7.5000  -22.5000 2582.7300   17.7613
    0.0000    7.5000  -22.5000 2599.5608   17.7009
    7.5000    7.5000  -22.5000 2570.6448   17.8609
   -7.5000   15.0000  -22.5000 2588.0095   17.8685
    0.0000   15.0000  -22.5000 2602.7566   17.7649
    7.5000   15.0000  -22.5000 2568.5986   17.9075
   -7.5000   22.5000  -22.5000 2556.2341   18.4268
    0.0000   22.5000  -22.5000 2576.0698   18.3534
    7.5000   22.5000  -22.5000 2541.5820   18.4738
   -7.5000   30.0000  -22.5000 2506.6296   19.2802
    0.0000   30.0000  -22.5000 2532.1687   19.2457
    7.5000   30.0000  -22.5000 2496.5183   19.3752
   -7.5000   37.5000  -22.5000 2442.8884   20.4981
    0.0000   37.5000  -22.5000 2465.5718   20.4695
    7.5000   37.5000  -22.5000 2430.7588   20.6507
   -7.5000   45.0000  -22.5000 2347.8323   22.2042
    0.0000   45.0000  -22.5000 2369.1099   22.0774
    7.5000   45.0000  -22.5000 2338.0254   22.3406
   -7.5000  -45.0000  -15.0000 1973.0989   29.1489
    0.0000  -45.0000  -15.0000 1982.0282   29.1717
    7.5000  -45.0000  -15.0000 1964.7056   29.5784
   -7.5000  -37.5000  -15.0000 2123.3809   25.7184
    0.0000  -37.5000  -15.0000 2137.2358   25.6846
    7.5000  -37.5000  -15.0000 2119.2339   26.0446
   -7.5000  -30.0000  -15.0000 2263.2334   23.0451
    0.0000  -30.0000  -15.0000 2282.1304   23.0147
    7.5000  -30.0000  -15.0000 2265.9592   23.3028
   -7.5000  -22.5000  -15.0000 2395.6875   20.9177
    0.0000  -22.5000  -15.0000 2418.3630   20.8916
    7.5000  -22.5000  -15.0000 2397.9780   21.1737
   -7.5000  -15.0000  -15.0000 2497.3210   19.2394
    0.0000  -15.0000  -15.0000 2523.6807   19.2730
    7.5000  -15.0000  -15.0000 2497.9785   19.5093
   -7.5000   -7.5000  -15.0000 2585.1462   17.9400
    0.0000   -7.5000  -15.0000 2605.8491   17.9612
    7.5000   -7.5000  -15.0000 2579.4731   18.1827
   -7.5000    0.0000  -15.0000 2643.2815   17.1313
    0.0000    0.0000  -15.0000 2661.7822   17.1737
    7.5000    0.0000  -15.0000 2635.0315   17.3601
   -7.5000    7.5000  -15.0000 2673.6211   16.7813
    0.0000    7.5000  -15.0000 2691.5281   16.7806
    7.5000    7.5000  -15.0000 2661.5530   16.9285
   -7.5000   15.0000  -15.0000 2676.8000   16.8427
    0.0000   15.0000  -15.0000 2701.0435   16.8049
    7.5000   15.0000  -15.0000 2661.3105   16.9342
   -7.5000   22.5000  -15.0000 2650.1492   17.4130
    0.0000   22.5000  -15.0000 2675.3049   17.3592
    7.5000   22.5000  -15.0000 2634.7397   17.4794
   -7.5000   30.0000  -15.0000 2600.0786   18.2354
    0.0000   30.0000  -15.0000 2624.5378   18.1776
    7.5000   30.0000  -15.0000 2586.4944   18.3652
   -7.5000   37.5000  -15.0000 2530.6907   19.4302
    0.0000   37.5000  -15.0000 2552.3486   19.3559
    7.5000   37.5000  -15.0000 2517.0034   19.6341
   -7.5000   45.0000  -15.0000 2425.6597   21.0386
    0.0000   45.0000  -15.0000 2443.7000   20.9515
    7.5000   45.0000  -15.0000 2414.4683   21.1780
   -7.5000  -45.0000   -7.5000 2001.0092   28.5968
    0.0000  -45.0000   -7.5000 2015.2675   28.5629
    7.5000  -45.0000   -7.5000 1994.7517   29.0488
   -7.5000  -37.5000   -7.5000 2149.2651   25.1684
    0.0000  -37.5000   -7.5000 2164.8147   25.0606
    7.5000  -37.5000   -7.5000 2144.2600   25.4517
   -7.5000  -30.0000   -7.5000 2287.9739   22.4462
    0.0000  -30.0000   -7.5000 2303.7166   22.3032
    7.5000  -30.0000   -7.5000 2290.0962   22.6895
   -7.5000  -22.5000   -7.5000 2426.5615   20.2798
    0.0000  -22.5000   -7.5000 2451.5947   20.2356
    7.5000  -22.5000   -7.5000 2430.9500   20.5453
   -7.5000  -15.0000   -7.5000 2538.8005   18.5702
    0.0000  -15.0000   -7.5000 2565.0820   18.5706
    7.5000  -15.0000   -7.5000 2540.4678   18.8843
   -7.5000   -7.5000   -7.5000 2635.6833   17.2831
    0.0000   -7.5000   -7.5000 2665.8743   17.3179
    7.5000   -7.5000   -7.5000 2632.9436   17.5956
   -7.5000    0.0000   -7.5000 2700.6934   16.3763
    0.0000    0.0000   -7.5000 2734.8042   16.3983
    7.5000    0.0000   -7.5000 2694.7271   16.6292
   -7.5000    7.5000   -7.5000 2742.9050   15.9081
    0.0000    7.5000   -7.5000 2768.6458   15.8732
    7.5000    7.5000   -7.5000 2728.8367   16.0899
   -7.5000   15.0000   -7.5000 2752.8892   15.9251
    0.0000   15.0000   -7.5000 2779.9534   15.8493
    7.5000   15.0000   -7.5000 2734.8787   16.0624
   -7.5000   22.5000   -7.5000 2738.1851   16.5238
    0.0000   22.5000   -7.5000 2756.5300   16.4321
    7.5000   22.5000   -7.5000 2717.3594   16.6279
   -7.5000   30.0000   -7.5000 2680.3787   17.3180
    0.0000   30.0000   -7.5000 2698.7898   17.2491
    7.5000   30.0000   -7.5000 2666.8557   17.4931
   -7.5000   37.5000   -7.5000 2597.0918   18.4758
    0.0000   37.5000   -7.5000 2617.4368   18.4105
    7.5000   37.5000   -7.5000 2583.4487   18.6806
   -7.5000   45.0000   -7.5000 2492.5994   20.1207
    0.0000   45.0000   -7.5000 2508.0579   20.0671
    7.5000   45.0000   -7.5000 2474.7415   20.3189
   -7.5000  -45.0000    0.0000 2006.6206   28.4106
    0.0000  -45.0000    0.0000 2022.2128   28.3818
    7.5000  -45.0000    0.0000 2006.6230   28.8658
   -7.5000  -37.5000    0.0000 2152.7874   24.9278
    0.0000  -37.5000    0.0000 2172.4778   24.8231
    7.5000  -37.5000    0.0000 2152.7844   25.3084
   -7.5000  -30.0000    0.0000 2295.6125   22.2002
    0.0000  -30.0000    0.0000 2316.7104   22.0352
    7.5000  -30.0000    0.0000 2295.1055   22.4640
   -7.5000  -22.5000    0.0000 2435.3582   20.0199
    0.0000  -22.5000    0.0000 2460.7166   19.8960
    7.5000  -22.5000    0.0000 2434.6382   20.2799
   -7.5000  -15.0000    0.0000 2555.2302   18.2692
    0.0000  -15.0000    0.0000 2578.6196   18.1964
    7.5000  -15.0000    0.0000 2547.8677   18.6037
   -7.5000   -7.5000    0.0000 2660.1904   16.9458
    0.0000   -7.5000    0.0000 2687.1335   16.9142
    7.5000   -7.5000    0.0000 2654.6409   17.2898
   -7.5000    0.0000    0.0000 2731.7322   15.9280
    0.0000    0.0000    0.0000 2770.1936   15.8615
    7.5000    0.0000    0.0000 2725.8704   16.2751
   -7.5000    7.5000    0.0000 2786.5923   15.3000
    0.0000    7.5000    0.0000 2821.4504   15.1532
    7.5000    7.5000    0.0000 2768.5898   15.5634
   -7.5000   15.0000    0.0000 2814.7290   15.2885
    0.0000   15.0000    0.0000 2841.1455   15.1369
    7.5000   15.0000    0.0000 2798.1660   15.4461
   -7.5000   22.5000    0.0000 2800.9485   15.8371
    0.0000   22.5000    0.0000 2817.3069   15.7204
    7.5000   22.5000    0.0000 2778.3213   15.9750
   -7.5000   30.0000    0.0000 2743.2642   16.7982
    0.0000   30.0000    0.0000 2757.4702   16.6446
    7.5000   30.0000    0.0000 2725.6946   16.9390
   -7.5000   37.5000    0.0000 2660.3916   18.0312
    0.0000   37.5000    0.0000 2678.5803   17.8835
    7.5000   37.5000    0.0000 2641.2656   18.2614
   -7.5000   45.0000    0.0000 2540.2866   19.6440
    0.0000   45.0000    0.0000 2558.2620   19.4934
    7.5000   45.0000    0.0000 2523.0662   19.8488
   -7.5000  -45.0000    7.5000 2007.1957   28.5219
    0.0000  -45.0000    7.5000 2023.8970   28.3758
    7.5000  -45.0000    7.5000 2008.3175   28.9685
   -7.5000  -37.5000    7.5000 2157.9417   24.9296
    0.0000  -37.5000    7.5000 2170.4817   24.7154
    7.5000  -37.5000    7.5000 2150.8960   25.3335
   -7.5000  -30.0000    7.5000 2292.7915   22.1543
    0.0000  -30.0000    7.5000 2307.6450   21.9704
    7.5000  -30.0000    7.5000 2288.6907   22.4827
   -7.5000  -22.5000    7.5000 2431.1421   19.9544
    0.0000  -22.5000    7.5000 2451.7012   19.8187
    7.5000  -22.5000    7.5000 2422.7871   20.3370
   -7.5000  -15.0000    7.5000 2547.9324   18.2224
    0.0000  -15.0000    7.5000 2572.7263   18.1301
    7.5000  -15.0000    7.5000 2539.7515   18.6309
   -7.5000   -7.5000    7.5000 2663.6562   16.9039
    0.0000   -7.5000    7.5000 2686.2349   16.7781
    7.5000   -7.5000    7.5000 2651.3787   17.2834
   -7.5000    0.0000    7.5000 2755.3613   15.8763
    0.0000    0.0000    7.5000 2794.6597   15.7304
    7.5000    0.0000    7.5000 2739.5308   16.2062
   -7.5000    7.5000    7.5000 2816.9663   15.0239
    0.0000    7.5000    7.5000 2849.5518   14.7244
    7.5000    7.5000    7.5000 2798.1060   15.3839
   -7.5000   15.0000    7.5000 2865.7322   14.9312
    0.0000   15.0000    7.5000 2879.1074   14.6694
    7.5000   15.0000    7.5000 2836.1514   15.2722
   -7.5000   22.5000    7.5000 2863.0432   15.5493
    0.0000   22.5000    7.5000 2868.1772   15.3522
    7.5000   22.5000    7.5000 2836.0955   15.8860
   -7.5000   30.0000    7.5000 2799.1125   16.6796
    0.0000   30.0000    7.5000 2810.0493   16.4987
    7.5000   30.0000    7.5000 2773.9990   16.8990
   -7.5000   37.5000    7.5000 2693.2988   17.8535
    0.0000   37.5000    7.5000 2714.0452   17.7382
    7.5000   37.5000    7.5000 2673.5300   18.0619
   -7.5000   45.0000    7.5000 2564.6250   19.4064
    0.0000   45.0000    7.5000 2583.2476   19.2907
    7.5000   45.0000    7.5000 2543.6208   19.5719
   -7.5000  -45.0000   15.0000 1994.9081   29.0304
    0.0000  -45.0000   15.0000 2011.5271   28.9332
    7.5000  -45.0000   15.0000 1993.8914   29.5856
   -7.5000  -37.5000   15.0000 2143.1782   25.3217
    0.0000  -37.5000   15.0000 2156.3337   25.1325
    7.5000  -37.5000   15.0000 2133.6531   25.7283
   -7.5000  -30.0000   15.0000 2282.1843   22.3868
    0.0000  -30.0000   15.0000 2297.5747   22.2248
    7.5000  -30.0000   15.0000 2269.9941   22.7954
   -7.5000  -22.5000   15.0000 2406.7571   20.0879
    0.0000  -22.5000   15.0000 2423.0339   19.9102
    7.5000  -22.5000   15.0000 2394.9487   20.4920
   -7.5000  -15.0000   15.0000 2519.6719   18.3277
    0.0000  -15.0000   15.0000 2533.1091   18.1568
    7.5000  -15.0000   15.0000 2508.3308   18.7653
   -7.5000   -7.5000   15.0000 2634.9424   16.9774
    0.0000   -7.5000   15.0000 2644.3391   16.7905
    7.5000   -7.5000   15.0000 2621.0225   17.4245
   -7.5000    0.0000   15.0000 2737.5393   16.0202
    0.0000    0.0000   15.0000 2755.2954   15.8352
    7.5000    0.0000   15.0000 2725.3271   16.4322
   -7.5000    7.5000   15.0000 2821.0840   15.3052
    0.0000    7.5000   15.0000 2847.6643   15.0778
    7.5000    7.5000   15.0000 2813.1655   15.8043
   -7.5000   15.0000   15.0000 2863.7542   15.1118
    0.0000   15.0000   15.0000 2889.8115   14.9499
    7.5000   15.0000   15.0000 2860.6792   15.6477
   -7.5000   22.5000   15.0000 2870.9229   15.5704
    0.0000   22.5000   15.0000 2890.2324   15.4786
    7.5000   22.5000   15.0000 2849.9592   15.9680
   -7.5000   30.0000   15.0000 2798.9756   16.6344
    0.0000   30.0000   15.0000 2810.9146   16.5250
    7.5000   30.0000   15.0000 2779.2012   16.8062
   -7.5000   37.5000   15.0000 2691.3711   17.8933
    0.0000   37.5000   15.0000 2705.1245   17.7489
    7.5000   37.5000   15.0000 2676.9294   18.0166
   -7.5000   45.0000   15.0000 2566.0259   19.4926
    0.0000   45.0000   15.0000 2580.2722   19.3484
    7.5000   45.0000   15.0000 2546.0210   19.5915
   -7.5000  -45.0000   22.5000 1974.7600   29.9948
    0.0000  -45.0000   22.5000 1984.6318   29.9362
    7.5000  -45.0000   22.5000 1961.4000   30.6395
   -7.5000  -37.5000   22.5000 2125.3740   25.9539
    0.0000  -37.5000   22.5000 2135.9395   25.7468
    7.5000  -37.5000   22.5000 2115.1914   26.4827
   -7.5000  -30.0000   22.5000 2264.4927   22.8828
    0.0000  -30.0000   22.5000 2268.9407   22.6397
    7.5000  -30.0000   22.5000 2248.8303   23.3476
   -7.5000  -22.5000   22.5000 2384.5593   20.5917
    0.0000  -22.5000   22.5000 2391.7300   20.3953
    7.5000  -22.5000   22.5000 2369.1887   21.0504
   -7.5000  -15.0000   22.5000 2500.1646   18.8710
    0.0000  -15.0000   22.5000 2499.2981   18.6881
    7.5000  -15.0000   22.5000 2482.7122   19.3612
   -7.5000   -7.5000   22.5000 2629.2756   17.6023
    0.0000   -7.5000   22.5000 2634.0967   17.4822
    7.5000   -7.5000   22.5000 2605.6919   18.0877
   -7.5000    0.0000   22.5000 2731.5752   16.5979
    0.0000    0.0000   22.5000 2758.6729   16.5910
    7.5000    0.0000   22.5000 2713.7998   17.1723
   -7.5000    7.5000   22.5000 2807.7131   15.9161
    0.0000    7.5000   22.5000 2838.0984   15.8845
    7.5000    7.5000   22.5000 2799.1067   16.5371
   -7.5000   15.0000   22.5000 2851.2786   15.9078
    0.0000   15.0000   22.5000 2892.0063   15.9274
    7.5000   15.0000   22.5000 2839.3591   16.2739
   -7.5000   22.5000   22.5000 2852.9399   16.2154
    0.0000   22.5000   22.5000 2877.8567   16.2773
    7.5000   22.5000   22.5000 2827.9739   16.4890
   -7.5000   30.0000   22.5000 2782.5615   17.0344
    0.0000   30.0000   22.5000 2800.2085   17.0664
    7.5000   30.0000   22.5000 2753.7544   17.2425
   -7.5000   37.5000   22.5000 2665.8396   18.2297
    0.0000   37.5000   22.5000 2685.5708   18.1893
    7.5000   37.5000   22.5000 2651.8660   18.4024
   -7.5000   45.0000   22.5000 2546.4741   19.7945
    0.0000   45.0000   22.5000 2562.1487   19.6797
    7.5000   45.0000   22.5000 2528.0161   19.8949
   -7.5000  -45.0000   30.0000 1942.6921   31.2727
    0.0000  -45.0000   30.0000 1938.0936   31.0722
    7.5000  -45.0000   30.0000 1926.0962   31.8665
   -7.5000  -37.5000   30.0000 2095.2642   27.0724
    0.0000  -37.5000   30.0000 2095.5942   26.8859
    7.5000  -37.5000   30.0000 2080.8447   27.5503
   -7.5000  -30.0000   30.0000 2240.9729   23.9645
    0.0000  -30.0000   30.0000 2244.6050   23.8081
    7.5000  -30.0000   30.0000 2224.0559   24.4273
   -7.5000  -22.5000   30.0000 2372.7717   21.6315
    0.0000  -22.5000   30.0000 2382.9602   21.5663
    7.5000  -22.5000   30.0000 2348.4683   22.1778
   -7.5000  -15.0000   30.0000 2488.9185   19.9244
    0.0000  -15.0000   30.0000 2504.5347   19.9346
    7.5000  -15.0000   30.0000 2465.8213   20.4952
   -7.5000   -7.5000   30.0000 2608.8381   18.6167
    0.0000   -7.5000   30.0000 2630.2102   18.6334
    7.5000   -7.5000   30.0000 2583.1221   19.1492
   -7.5000    0.0000   30.0000 2699.6555   17.5038
    0.0000    0.0000   30.0000 2714.7908   17.4069
    7.5000    0.0000   30.0000 2676.2854   18.1093
   -7.5000    7.5000   30.0000 2771.7617   16.8931
    0.0000    7.5000   30.0000 2788.9109   16.7802
    7.5000    7.5000   30.0000 2743.1594   17.3388
   -7.5000   15.0000   30.0000 2800.7788   16.8246
    0.0000   15.0000   30.0000 2825.8542   16.7165
    7.5000   15.0000   30.0000 2783.8384   17.0655
   -7.5000   22.5000   30.0000 2797.6235   17.0844
    0.0000   22.5000   30.0000 2817.1797   17.0326
    7.5000   22.5000   30.0000 2779.6980   17.3135
   -7.5000   30.0000   30.0000 2734.5093   17.8954
    0.0000   30.0000   30.0000 2747.3237   17.8613
    7.5000   30.0000   30.0000 2706.4709   18.0754
   -7.5000   37.5000   30.0000 2627.9558   19.0961
    0.0000   37.5000   30.0000 2643.4385   19.0187
    7.5000   37.5000   30.0000 2608.5579   19.2019
   -7.5000   45.0000   30.0000 2512.1665   20.5541
    0.0000   45.0000   30.0000 2525.8823   20.4503
    7.5000   45.0000   30.0000 2488.6750   20.5958
   -7.5000  -45.0000   37.5000 1907.9756   33.0500
    0.0000  -45.0000   37.5000 1909.1541   33.1272
    7.5000  -45.0000   37.5000 1887.0957   33.8352
   -7.5000  -37.5000   37.5000 2059.2148   28.5974
    0.0000  -37.5000   37.5000 2069.4285   28.7576
    7.5000  -37.5000   37.5000 2044.8722   29.3563
   -7.5000  -30.0000   37.5000 2208.8401   25.4402
    0.0000  -30.0000   37.5000 2219.6147   25.4522
    7.5000  -30.0000   37.5000 2188.3586   26.0637
   -7.5000  -22.5000   37.5000 2348.7468   23.1065
    0.0000  -22.5000   37.5000 2356.4951   23.0702
    7.5000  -22.5000   37.5000 2314.9482   23.6477
   -7.5000  -15.0000   37.5000 2457.2070   21.2252
    0.0000  -15.0000   37.5000 2469.7234   21.2094
    7.5000  -15.0000   37.5000 2426.0391   21.7528
   -7.5000   -7.5000   37.5000 2562.7371   19.7069
    0.0000   -7.5000   37.5000 2579.2981   19.6344
    7.5000   -7.5000   37.5000 2534.8767   20.2403
   -7.5000    0.0000   37.5000 2647.4690   18.5332
    0.0000    0.0000   37.5000 2666.0259   18.4443
    7.5000    0.0000   37.5000 2620.8552   19.0705
   -7.5000    7.5000   37.5000 2706.4978   17.9920
    0.0000    7.5000   37.5000 2725.2761   17.8834
    7.5000    7.5000   37.5000 2681.1455   18.3334
   -7.5000   15.0000   37.5000 2723.6760   17.8589
    0.0000   15.0000   37.5000 2746.0166   17.7314
    7.5000   15.0000   37.5000 2706.6389   18.0670
   -7.5000   22.5000   37.5000 2714.7891   18.0813
    0.0000   22.5000   37.5000 2730.4890   17.9801
    7.5000   22.5000   37.5000 2698.4651   18.2884
   -7.5000   30.0000   37.5000 2657.7729   18.8495
    0.0000   30.0000   37.5000 2667.7974   18.7711
    7.5000   30.0000   37.5000 2630.2754   19.0247
   -7.5000   37.5000   37.5000 2564.3994   20.0180
    0.0000   37.5000   37.5000 2580.1816   19.9610
    7.5000   37.5000   37.5000 2542.5012   20.1965
   -7.5000   45.0000   37.5000 2451.2461   21.5506
    0.0000   45.0000   37.5000 2470.2258   21.4743
    7.5000   45.0000   37.5000 2431.8540   21.6905
   -7.5000  -45.0000   45.0000 1861.4316   35.4291
    0.0000  -45.0000   45.0000 1865.7440   35.5010
    7.5000  -45.0000   45.0000 1842.5477   36.2274
   -7.5000  -37.5000   45.0000 2017.4473   30.6806
    0.0000  -37.5000   45.0000 2025.9158   30.7862
    7.5000  -37.5000   45.0000 1997.7407   31.4635
   -7.5000  -30.0000   45.0000 2161.9221   27.2852
    0.0000  -30.0000   45.0000 2168.2710   27.2312
    7.5000  -30.0000   45.0000 2133.5996   27.8452
   -7.5000  -22.5000   45.0000 2289.9521   24.5658
    0.0000  -22.5000   45.0000 2297.4834   24.5157
    7.5000  -22.5000   45.0000 2249.8740   25.0767
   -7.5000  -15.0000   45.0000 2400.3083   22.5060
    0.0000  -15.0000   45.0000 2407.4075   22.4645
    7.5000  -15.0000   45.0000 2356.4390   22.9873
   -7.5000   -7.5000   45.0000 2492.4045   20.8956
    0.0000   -7.5000   45.0000 2507.8088   20.8340
    7.5000   -7.5000   45.0000 2459.2605   21.4298
   -7.5000    0.0000   45.0000 2573.0125   19.7975
    0.0000    0.0000   45.0000 2585.8877   19.7579
    7.5000    0.0000   45.0000 2540.9021   20.2547
   -7.5000    7.5000   45.0000 2624.6360   19.2650
    0.0000    7.5000   45.0000 2638.9932   19.1789
    7.5000    7.5000   45.0000 2600.1362   19.5860
   -7.5000   15.0000   45.0000 2633.3855   19.0689
    0.0000   15.0000   45.0000 2652.0039   18.9739
    7.5000   15.0000   45.0000 2615.7026   19.3095
   -7.5000   22.5000   45.0000 2614.3293   19.2626
    0.0000   22.5000   45.0000 2628.9734   19.2166
    7.5000   22.5000   45.0000 2601.1067   19.5132
   -7.5000   30.0000   45.0000 2562.5681   19.9902
    0.0000   30.0000   45.0000 2570.3887   19.9476
    7.5000   30.0000   45.0000 2539.9453   20.2080
   -7.5000   37.5000   45.0000 2487.6445   21.1069
    0.0000   37.5000   45.0000 2499.6531   21.0298
    7.5000   37.5000   45.0000 2462.5801   21.2914
   -7.5000   45.0000   45.0000 2373.6707   22.6617
    0.0000   45.0000   45.0000 2391.3608   22.5682
    7.5000   45.0000   45.0000 2364.8831   22.8523

---------------------------------------------------------------------
imgreg_4dfp /opt/freesurfer/average/711-2C_as_mni_average_305 /opt/freesurfer/average/711-2B_as_mni_average_305_mask talsrcimg_g11 none talsrcimg_to_711-2C_as_mni_average_305_t4 1283
---------------------------------------------------------------------

freesurfer imgreg_4dfp.c
/opt/freesurfer/average/711-2C_as_mni_average_305.4dfp.img
       256       256       256         1
  1.000000  1.000000  1.000000
orientation T byte_order littleendian
Reading image: /opt/freesurfer/average/711-2C_as_mni_average_305.4dfp.img
dimensions:      256       256       256
mmppix:       1.0000   -1.0000   -1.0000
center:     128.0000 -129.0000 -129.0000
/opt/freesurfer/average/711-2B_as_mni_average_305_mask.4dfp.img
       256       256       256         1
  1.000000  1.000000  1.000000
orientation T byte_order littleendian
Reading mask: /opt/freesurfer/average/711-2B_as_mni_average_305_mask.4dfp.img (2306576 pixels)
talsrcimg_g11.4dfp.img
       256       256       256         1
  1.000000  1.000000  1.000000
orientation T byte_order littleendian
Reading image: talsrcimg_g11.4dfp.img
dimensions:      256       256       256
mmppix:       1.0000   -1.0000   -1.0000
center:     128.0000 -129.0000 -129.0000
rotation matrix determinant  1.000000
fimgreg.f
image alignment mode   1283 decimal      503 hex
parameters
    0.0000   15.0000   22.5000    0.0000    0.0000    0.0000
eta,q 0.90957 15.87717
niter,ni,del,rscale     5    3   12.0000    1.2000
parameter  3  0.673154 ->  0.500000 qaram    1.1500
parameter  5 -0.545282 -> -0.500000 qaram    1.1500
parameters
   -0.1126   16.8078   19.0500   -0.3843    3.4500    0.1174
eta,q 0.91839 15.56835
  0.1003  0.1056  0.0856  0.0880  0.0948  0.0853
  0.0966  0.0975  0.0837  0.0865  0.0909  0.0828
  0.0913  0.0912  0.0846  0.0844  0.0867  0.0815
  0.0884  0.0883  0.0882  0.0840  0.0840  0.0816
  0.0894  0.0886  0.0934  0.0840  0.0821  0.0824
  0.0948  0.0899  0.1006  0.0862  0.0817  0.0833
  0.1037  0.0922  0.1083  0.0904  0.0839  0.0843
niter,ni,del,rscale     6    3   12.0000    1.2000
parameters
   -1.6789   17.4663   17.8459   -3.1461    4.6173   -0.7428
eta,q 0.92140 15.51282
  0.0889  0.0923  0.0888  0.0801  0.0925  0.0803
  0.0830  0.0860  0.0861  0.0794  0.0870  0.0791
  0.0799  0.0814  0.0814  0.0792  0.0820  0.0786
  0.0816  0.0800  0.0798  0.0798  0.0791  0.0787
  0.0865  0.0805  0.0855  0.0819  0.0791  0.0794
  0.0938  0.0837  0.0902  0.0855  0.0816  0.0801
  0.1020  0.0874  0.0979  0.0900  0.0864  0.0811
niter,ni,del,rscale     5    3   12.0000    1.2000
parameter  4  0.677879 ->  0.500000 qaram    1.1500
parameters
   -2.3563   20.1643   16.8257   -6.5961    4.8702   -0.5003
eta,q 0.92381 15.56529
  0.0900  0.0909  0.0841  0.0771  0.0861  0.0802
  0.0846  0.0859  0.0839  0.0761  0.0805  0.0771
  0.0795  0.0815  0.0824  0.0765  0.0770  0.0758
  0.0786  0.0783  0.0765  0.0786  0.0761  0.0761
  0.0823  0.0768  0.0788  0.0819  0.0770  0.0767
  0.0887  0.0766  0.0855  0.0860  0.0795  0.0775
  0.0963  0.0795  0.0942  0.0903  0.0846  0.0787
niter,ni,del,rscale     5    3   12.0000    1.2000
parameters
   -3.1498   20.5811   15.9340   -7.3902    5.9367    1.0045
eta,q 0.92125 15.49759
  0.0861  0.0868  0.0819  0.0831  0.0894  0.0824
  0.0806  0.0831  0.0816  0.0803  0.0838  0.0801
  0.0770  0.0783  0.0825  0.0790  0.0799  0.0790
  0.0762  0.0760  0.0759  0.0786  0.0787  0.0789
  0.0795  0.0764  0.0757  0.0795  0.0792  0.0786
  0.0857  0.0797  0.0827  0.0819  0.0804  0.0786
  0.0923  0.0854  0.0909  0.0863  0.0841  0.0798
niter,ni,del,rscale     4    3   12.0000    1.2000
parameters
   -3.8370   20.7696   15.5006   -7.2752    6.9580    1.8280
eta,q 0.92137 15.40049
  0.0886  0.0871  0.0833  0.0845  0.0897  0.0824
  0.0816  0.0832  0.0803  0.0812  0.0841  0.0808
  0.0783  0.0798  0.0821  0.0800  0.0803  0.0800
  0.0787  0.0781  0.0780  0.0792  0.0791  0.0790
  0.0821  0.0782  0.0750  0.0790  0.0790  0.0784
  0.0870  0.0818  0.0804  0.0807  0.0804  0.0791
  0.0919  0.0869  0.0888  0.0846  0.0849  0.0815
niter,ni,del,rscale     3    3   12.0000    1.2000
parameters
   -4.2139   20.7767   15.5616   -7.0322    7.1906    2.0292
eta,q 0.92217 15.38388
  0.0911  0.0873  0.0844  0.0841  0.0877  0.0818
  0.0829  0.0835  0.0805  0.0805  0.0821  0.0803
  0.0786  0.0803  0.0813  0.0793  0.0788  0.0790
  0.0786  0.0783  0.0783  0.0781  0.0779  0.0779
  0.0825  0.0786  0.0745  0.0779  0.0783  0.0777
  0.0876  0.0827  0.0787  0.0799  0.0812  0.0792
  0.0916  0.0884  0.0873  0.0838  0.0865  0.0821
niter,ni,del,rscale     2    3   12.0000    1.2000
parameters
   -4.3124   20.7375   15.6019   -6.9786    7.2380    2.1007
eta,q 0.92237 15.38228
  0.0924  0.0873  0.0843  0.0837  0.0872  0.0816
  0.0837  0.0835  0.0806  0.0801  0.0817  0.0801
  0.0786  0.0801  0.0809  0.0789  0.0785  0.0787
  0.0778  0.0778  0.0778  0.0777  0.0777  0.0776
  0.0814  0.0784  0.0743  0.0777  0.0783  0.0776
  0.0866  0.0827  0.0786  0.0799  0.0816  0.0792
  0.0908  0.0888  0.0875  0.0840  0.0869  0.0822
niter,ni,del,rscale     1    3   12.0000    1.2000
parameters
   -4.3452   20.7163   15.6165   -6.9716    7.2521    2.1213
eta,q 0.92243 15.38225
  0.0926  0.0873  0.0842  0.0836  0.0871  0.0815
  0.0839  0.0836  0.0807  0.0800  0.0816  0.0800
  0.0786  0.0800  0.0809  0.0788  0.0784  0.0786
  0.0776  0.0776  0.0776  0.0776  0.0776  0.0776
  0.0811  0.0782  0.0743  0.0777  0.0783  0.0776
  0.0863  0.0826  0.0787  0.0799  0.0817  0.0792
  0.0906  0.0887  0.0876  0.0840  0.0870  0.0823
registration optimization eta report
parameter search radius
    6.0000    6.0000    6.9000    6.9000    6.9000    6.0000
100000*second partial in parameter space
       38.       28.       19.       13.       20.       12.
  0.0926  0.0873  0.0842  0.0836  0.0871  0.0815
  0.0839  0.0836  0.0807  0.0800  0.0816  0.0800
  0.0786  0.0800  0.0809  0.0788  0.0784  0.0786
  0.0776  0.0776  0.0776  0.0776  0.0776  0.0776
  0.0811  0.0782  0.0743  0.0777  0.0783  0.0776
  0.0863  0.0826  0.0787  0.0799  0.0817  0.0792
  0.0906  0.0887  0.0876  0.0840  0.0870  0.0823
   -4.3452   20.7163   15.6165   -6.9716    7.2521    2.1213
eta,q 0.92243 15.38225

---------------------------------------------------------------------
imgreg_4dfp /opt/freesurfer/average/711-2C_as_mni_average_305 /opt/freesurfer/average/711-2B_as_mni_average_305_mask talsrcimg_g11 none talsrcimg_to_711-2C_as_mni_average_305_t4 3335
---------------------------------------------------------------------

freesurfer imgreg_4dfp.c
/opt/freesurfer/average/711-2C_as_mni_average_305.4dfp.img
       256       256       256         1
  1.000000  1.000000  1.000000
orientation T byte_order littleendian
Reading image: /opt/freesurfer/average/711-2C_as_mni_average_305.4dfp.img
dimensions:      256       256       256
mmppix:       1.0000   -1.0000   -1.0000
center:     128.0000 -129.0000 -129.0000
/opt/freesurfer/average/711-2B_as_mni_average_305_mask.4dfp.img
       256       256       256         1
  1.000000  1.000000  1.000000
orientation T byte_order littleendian
Reading mask: /opt/freesurfer/average/711-2B_as_mni_average_305_mask.4dfp.img (2306576 pixels)
talsrcimg_g11.4dfp.img
       256       256       256         1
  1.000000  1.000000  1.000000
orientation T byte_order littleendian
Reading image: talsrcimg_g11.4dfp.img
dimensions:      256       256       256
mmppix:       1.0000   -1.0000   -1.0000
center:     128.0000 -129.0000 -129.0000
fimgreg.f
image alignment mode   3335 decimal      D07 hex
parameters
   -4.3452   20.7163   15.6165   -0.8679   -0.7507   -1.5334
   -2.1429  -12.9708    3.6718   11.6657   12.6235  -12.0407
eta,q 0.92265 15.39091
niter,ni,del,rscale     5    3    5.0000    1.2000
parameter  4  2.547881 ->  0.500000 qaram    1.1500
parameter  5  2.295395 ->  0.500000 qaram    1.1500
parameter  6  1.035594 ->  0.500000 qaram    1.1500
parameter  8 -0.507540 -> -0.500000 qaram    1.1500
parameter 11  0.783582 ->  0.500000 qaram    1.1500
parameter 12 -1.149924 -> -0.500000 qaram    1.1500
parameters
   -3.4347   20.5229   14.5278   -5.0079   -4.8907   -5.6734
   -2.7153   -8.8308    2.7847   12.6163    8.4835   -7.9007
eta,q 0.94465 14.76657
  0.0816  0.0787  0.0772  0.0657  0.0608  0.0578  0.0611  0.0677  0.0593  0.0620  0.0570  0.0628
  0.0797  0.0779  0.0766  0.0685  0.0635  0.0590  0.0601  0.0644  0.0587  0.0607  0.0570  0.0608
  0.0783  0.0773  0.0766  0.0721  0.0661  0.0607  0.0595  0.0615  0.0583  0.0593  0.0573  0.0587
  0.0773  0.0770  0.0770  0.0766  0.0694  0.0642  0.0594  0.0594  0.0582  0.0582  0.0579  0.0571
  0.0770  0.0773  0.0775  0.0818  0.0736  0.0696  0.0597  0.0583  0.0585  0.0579  0.0588  0.0559
  0.0772  0.0782  0.0779  0.0874  0.0782  0.0759  0.0605  0.0583  0.0591  0.0590  0.0602  0.0552
  0.0780  0.0795  0.0784  0.0930  0.0831  0.0833  0.0618  0.0595  0.0601  0.0609  0.0620  0.0549
niter,ni,del,rscale     7    3    5.0000    1.2000
parameter  3  2.991362 ->  0.500000 qaram    1.1500
parameter  4  0.974383 ->  0.500000 qaram    1.3225
parameter  5  1.785950 ->  0.500000 qaram    1.3225
parameter 10  1.144927 ->  0.500000 qaram    1.1500
parameters
   -3.1037   19.6651   13.1478   -9.7689   -9.6517   -9.0066
   -0.4915   -7.9354    1.5326    8.4762    8.1976   -9.4883
eta,q 0.95808 14.16851
  0.0590  0.0559  0.0507  0.0471  0.0422  0.0452  0.0469  0.0498  0.0445  0.0417  0.0433  0.0431
  0.0571  0.0552  0.0517  0.0480  0.0445  0.0445  0.0457  0.0467  0.0441  0.0419  0.0426  0.0422
  0.0559  0.0550  0.0532  0.0495  0.0465  0.0442  0.0448  0.0449  0.0439  0.0427  0.0422  0.0419
  0.0554  0.0553  0.0550  0.0520  0.0484  0.0451  0.0442  0.0441  0.0440  0.0439  0.0420  0.0421
  0.0554  0.0561  0.0568  0.0558  0.0514  0.0468  0.0441  0.0441  0.0442  0.0453  0.0422  0.0425
  0.0561  0.0570  0.0588  0.0610  0.0554  0.0520  0.0443  0.0453  0.0445  0.0470  0.0427  0.0432
  0.0573  0.0583  0.0609  0.0672  0.0597  0.0637  0.0449  0.0478  0.0449  0.0494  0.0435  0.0441
niter,ni,del,rscale     7    3    5.0000    1.2000
parameter  2  2.271110 ->  0.500000 qaram    1.1500
parameter  3  1.520065 ->  0.500000 qaram    1.3225
parameter  5  1.789651 ->  0.500000 qaram    1.5209
parameters
   -2.4561   18.2851   11.5608  -14.3352  -15.1269   -8.8796
    0.2185   -7.9538    2.1388    9.0749   10.1397  -11.2690
eta,q 0.97169 14.01230
  0.0464  0.0377  0.0343  0.0356  0.0281  0.0326  0.0323  0.0334  0.0312  0.0344  0.0296  0.0297
  0.0443  0.0387  0.0353  0.0349  0.0281  0.0311  0.0305  0.0305  0.0299  0.0313  0.0291  0.0288
  0.0428  0.0400  0.0369  0.0350  0.0309  0.0299  0.0292  0.0290  0.0290  0.0294  0.0288  0.0283
  0.0419  0.0417  0.0391  0.0357  0.0349  0.0286  0.0286  0.0285  0.0285  0.0285  0.0285  0.0284
  0.0417  0.0436  0.0417  0.0376  0.0383  0.0280  0.0287  0.0291  0.0287  0.0288  0.0284  0.0290
  0.0422  0.0457  0.0449  0.0409  0.0418  0.0290  0.0297  0.0308  0.0294  0.0302  0.0285  0.0301
  0.0433  0.0479  0.0485  0.0458  0.0463  0.0342  0.0311  0.0333  0.0305  0.0330  0.0290  0.0317
niter,ni,del,rscale     7    3    5.0000    1.2000
parameter  2  0.517769 ->  0.500000 qaram    1.3225
parameter  3  0.772595 ->  0.500000 qaram    1.5209
parameters
   -2.4333   16.6981    9.7357  -11.2461  -17.9308   -9.0424
    0.0601   -7.9366    2.6794    9.2205   11.0738  -11.7513
eta,q 0.97478 14.13674
  0.0316  0.0283  0.0258  0.0311  0.0303  0.0302  0.0282  0.0310  0.0282  0.0302  0.0264  0.0269
  0.0298  0.0272  0.0256  0.0286  0.0276  0.0283  0.0265  0.0275  0.0267  0.0274  0.0258  0.0259
  0.0287  0.0272  0.0261  0.0268  0.0255  0.0267  0.0255  0.0258  0.0257  0.0258  0.0255  0.0253
  0.0283  0.0283  0.0271  0.0257  0.0250  0.0252  0.0253  0.0253  0.0253  0.0253  0.0253  0.0252
  0.0287  0.0305  0.0286  0.0250  0.0284  0.0238  0.0258  0.0257  0.0254  0.0256  0.0252  0.0255
  0.0298  0.0334  0.0307  0.0250  0.0344  0.0256  0.0268  0.0274  0.0262  0.0270  0.0254  0.0262
  0.0314  0.0369  0.0333  0.0271  0.0402  0.0338  0.0283  0.0311  0.0274  0.0299  0.0261  0.0273
niter,ni,del,rscale     7    3    5.0000    1.2000
parameters
   -2.4710   16.9693    9.2577  -11.4717  -18.4691   -9.4338
   -0.0432   -8.0130    2.5994    9.6858   11.0647  -12.5951
eta,q 0.97448 14.08908
  0.0283  0.0315  0.0277  0.0289  0.0325  0.0301  0.0283  0.0309  0.0278  0.0304  0.0263  0.0270
  0.0266  0.0282  0.0260  0.0271  0.0296  0.0283  0.0267  0.0277  0.0266  0.0276  0.0259  0.0260
  0.0255  0.0262  0.0252  0.0259  0.0271  0.0268  0.0258  0.0261  0.0258  0.0261  0.0257  0.0256
  0.0252  0.0252  0.0252  0.0251  0.0252  0.0254  0.0256  0.0256  0.0256  0.0256  0.0256  0.0256
  0.0256  0.0255  0.0259  0.0248  0.0254  0.0241  0.0260  0.0258  0.0259  0.0258  0.0255  0.0259
  0.0267  0.0270  0.0273  0.0263  0.0299  0.0265  0.0269  0.0276  0.0266  0.0269  0.0258  0.0266
  0.0285  0.0297  0.0294  0.0304  0.0357  0.0343  0.0284  0.0315  0.0279  0.0294  0.0265  0.0276
niter,ni,del,rscale     6    3    5.0000    1.2000
parameters
   -2.4031   17.1095    9.1218  -11.3580  -18.6678   -9.4701
   -0.0123   -7.9580    2.6077   10.0444   10.7961  -12.9220
eta,q 0.97444 14.08912
  0.0288  0.0309  0.0285  0.0292  0.0329  0.0304  0.0284  0.0312  0.0278  0.0302  0.0263  0.0272
  0.0270  0.0280  0.0267  0.0274  0.0300  0.0286  0.0268  0.0279  0.0266  0.0275  0.0259  0.0262
  0.0259  0.0262  0.0258  0.0263  0.0275  0.0270  0.0258  0.0262  0.0258  0.0261  0.0257  0.0257
  0.0255  0.0255  0.0255  0.0255  0.0255  0.0256  0.0256  0.0256  0.0256  0.0256  0.0256  0.0256
  0.0258  0.0259  0.0260  0.0251  0.0253  0.0242  0.0259  0.0258  0.0258  0.0259  0.0256  0.0259
  0.0268  0.0275  0.0271  0.0263  0.0293  0.0260  0.0268  0.0275  0.0266  0.0270  0.0258  0.0265
  0.0284  0.0300  0.0289  0.0300  0.0351  0.0333  0.0282  0.0313  0.0278  0.0295  0.0266  0.0274
niter,ni,del,rscale     5    3    5.0000    1.2000
parameters
   -2.3749   17.1863    9.0728  -11.3202  -18.7765   -9.4670
   -0.0132   -7.9002    2.6669   10.2213   10.7143  -13.0631
eta,q 0.97441 14.08816
  0.0287  0.0306  0.0288  0.0291  0.0329  0.0305  0.0283  0.0312  0.0278  0.0300  0.0264  0.0273
  0.0270  0.0279  0.0268  0.0274  0.0301  0.0287  0.0268  0.0279  0.0266  0.0273  0.0260  0.0263
  0.0259  0.0262  0.0259  0.0263  0.0276  0.0271  0.0258  0.0262  0.0259  0.0260  0.0257  0.0257
  0.0256  0.0256  0.0256  0.0256  0.0255  0.0256  0.0256  0.0256  0.0256  0.0256  0.0256  0.0256
  0.0259  0.0260  0.0260  0.0251  0.0252  0.0242  0.0260  0.0258  0.0258  0.0259  0.0256  0.0259
  0.0269  0.0276  0.0271  0.0264  0.0291  0.0260  0.0268  0.0275  0.0266  0.0271  0.0259  0.0265
  0.0285  0.0302  0.0288  0.0301  0.0349  0.0333  0.0282  0.0313  0.0277  0.0296  0.0266  0.0274
niter,ni,del,rscale     4    3    5.0000    1.2000
parameters
   -2.3611   17.2256    9.0553  -11.3075  -18.8370   -9.4769
   -0.0276   -7.8792    2.6841   10.3059   10.6877  -13.1248
eta,q 0.97439 14.08638
  0.0287  0.0305  0.0289  0.0291  0.0329  0.0306  0.0283  0.0311  0.0278  0.0298  0.0264  0.0274
  0.0270  0.0278  0.0269  0.0274  0.0302  0.0287  0.0268  0.0278  0.0266  0.0273  0.0260  0.0263
  0.0259  0.0262  0.0259  0.0264  0.0276  0.0271  0.0259  0.0262  0.0259  0.0260  0.0258  0.0258
  0.0256  0.0256  0.0256  0.0256  0.0256  0.0256  0.0256  0.0256  0.0256  0.0256  0.0256  0.0256
  0.0259  0.0261  0.0260  0.0252  0.0252  0.0242  0.0260  0.0259  0.0259  0.0260  0.0256  0.0259
  0.0269  0.0277  0.0271  0.0265  0.0290  0.0260  0.0269  0.0275  0.0266  0.0271  0.0259  0.0265
  0.0286  0.0302  0.0288  0.0302  0.0348  0.0334  0.0282  0.0314  0.0278  0.0297  0.0266  0.0273
niter,ni,del,rscale     3    3    5.0000    1.2000
parameters
   -2.3546   17.2458    9.0441  -11.3070  -18.8671   -9.4818
   -0.0333   -7.8700    2.6927   10.3481   10.6645  -13.1584
eta,q 0.97437 14.08523
  0.0287  0.0304  0.0289  0.0292  0.0330  0.0306  0.0283  0.0311  0.0278  0.0298  0.0264  0.0274
  0.0270  0.0278  0.0269  0.0274  0.0302  0.0287  0.0268  0.0278  0.0266  0.0273  0.0260  0.0263
  0.0259  0.0262  0.0259  0.0264  0.0277  0.0271  0.0259  0.0262  0.0259  0.0260  0.0258  0.0258
  0.0256  0.0256  0.0256  0.0256  0.0256  0.0256  0.0256  0.0256  0.0256  0.0256  0.0256  0.0256
  0.0260  0.0262  0.0260  0.0252  0.0252  0.0242  0.0260  0.0259  0.0259  0.0260  0.0256  0.0259
  0.0270  0.0277  0.0271  0.0265  0.0290  0.0260  0.0269  0.0275  0.0266  0.0272  0.0259  0.0265
  0.0286  0.0303  0.0288  0.0302  0.0347  0.0334  0.0282  0.0314  0.0278  0.0297  0.0266  0.0273
registration optimization eta report
parameter search radius
    2.4000    3.1740    3.6501    9.5220   10.9503    8.2800
    7.2000    8.2800    7.2000    8.2800    8.2800    8.2800
100000*second partial in parameter space
       53.       47.       24.        5.        7.       10.
        5.        8.        4.        6.        1.        3.
  0.0287  0.0304  0.0289  0.0292  0.0330  0.0306  0.0283  0.0311  0.0278  0.0298  0.0264  0.0274
  0.0270  0.0278  0.0269  0.0274  0.0302  0.0287  0.0268  0.0278  0.0266  0.0273  0.0260  0.0263
  0.0259  0.0262  0.0259  0.0264  0.0277  0.0271  0.0259  0.0262  0.0259  0.0260  0.0258  0.0258
  0.0256  0.0256  0.0256  0.0256  0.0256  0.0256  0.0256  0.0256  0.0256  0.0256  0.0256  0.0256
  0.0260  0.0262  0.0260  0.0252  0.0252  0.0242  0.0260  0.0259  0.0259  0.0260  0.0256  0.0259
  0.0270  0.0277  0.0271  0.0265  0.0290  0.0260  0.0269  0.0275  0.0266  0.0272  0.0259  0.0265
  0.0286  0.0303  0.0288  0.0302  0.0347  0.0334  0.0282  0.0314  0.0278  0.0297  0.0266  0.0273
   -2.3546   17.2458    9.0441  -11.3070  -18.8671   -9.4818
   -0.0333   -7.8700    2.6927   10.3481   10.6645  -13.1584
eta,q 0.97437 14.08523

---------------------------------------------------------------------
imgreg_4dfp /opt/freesurfer/average/711-2C_as_mni_average_305 /opt/freesurfer/average/711-2B_as_mni_average_305_mask talsrcimg_g11 none talsrcimg_to_711-2C_as_mni_average_305_t4 2311
---------------------------------------------------------------------

freesurfer imgreg_4dfp.c
/opt/freesurfer/average/711-2C_as_mni_average_305.4dfp.img
       256       256       256         1
  1.000000  1.000000  1.000000
orientation T byte_order littleendian
Reading image: /opt/freesurfer/average/711-2C_as_mni_average_305.4dfp.img
dimensions:      256       256       256
mmppix:       1.0000   -1.0000   -1.0000
center:     128.0000 -129.0000 -129.0000
/opt/freesurfer/average/711-2B_as_mni_average_305_mask.4dfp.img
       256       256       256         1
  1.000000  1.000000  1.000000
orientation T byte_order littleendian
Reading mask: /opt/freesurfer/average/711-2B_as_mni_average_305_mask.4dfp.img (2306576 pixels)
talsrcimg_g11.4dfp.img
       256       256       256         1
  1.000000  1.000000  1.000000
orientation T byte_order littleendian
Reading image: talsrcimg_g11.4dfp.img
dimensions:      256       256       256
mmppix:       1.0000   -1.0000   -1.0000
center:     128.0000 -129.0000 -129.0000
fimgreg.f
image alignment mode   2311 decimal      907 hex
parameters
   -2.3546   17.2458    9.0441  -11.3070  -18.8671   -9.4818
   -0.0333   -7.8700    2.6927   10.3481   10.6645  -13.1584
eta,q 0.97437 14.08523
niter,ni,del,rscale     5    3    5.0000    0.8000
parameter  4 -0.597089 -> -0.500000 qaram    1.1500
parameters
   -2.3570   17.2406    8.9818   -8.5470  -17.2437   -7.8854
    0.0613   -8.1547    2.6989   10.5674    9.9857  -13.0982
eta,q 0.97613 14.34742
  0.0270  0.0268  0.0262  0.0269  0.0282  0.0279  0.0260  0.0272  0.0255  0.0267  0.0247  0.0251
  0.0262  0.0262  0.0259  0.0264  0.0270  0.0268  0.0249  0.0253  0.0246  0.0252  0.0242  0.0243
  0.0258  0.0258  0.0257  0.0260  0.0260  0.0258  0.0241  0.0242  0.0241  0.0243  0.0239  0.0240
  0.0256  0.0256  0.0256  0.0256  0.0252  0.0248  0.0239  0.0239  0.0239  0.0239  0.0239  0.0239
  0.0258  0.0258  0.0257  0.0253  0.0248  0.0239  0.0241  0.0244  0.0241  0.0240  0.0241  0.0240
  0.0262  0.0262  0.0259  0.0252  0.0249  0.0238  0.0248  0.0259  0.0246  0.0248  0.0246  0.0244
  0.0270  0.0269  0.0263  0.0256  0.0260  0.0259  0.0258  0.0282  0.0255  0.0263  0.0255  0.0250
niter,ni,del,rscale     5    3    5.0000    0.8000
parameters
   -2.4359   16.9921    9.2774   -9.7986  -17.3672   -7.7529
    0.0372   -8.0127    2.8089   10.2069   10.1912  -12.7860
eta,q 0.97620 14.30340
  0.0258  0.0251  0.0255  0.0252  0.0262  0.0270  0.0256  0.0270  0.0254  0.0257  0.0247  0.0249
  0.0247  0.0243  0.0246  0.0245  0.0252  0.0259  0.0246  0.0252  0.0245  0.0246  0.0242  0.0243
  0.0240  0.0239  0.0241  0.0240  0.0244  0.0249  0.0240  0.0242  0.0240  0.0240  0.0240  0.0239
  0.0239  0.0239  0.0238  0.0238  0.0239  0.0239  0.0238  0.0238  0.0238  0.0238  0.0238  0.0238
  0.0242  0.0242  0.0238  0.0243  0.0239  0.0233  0.0240  0.0241  0.0239  0.0241  0.0238  0.0239
  0.0250  0.0250  0.0241  0.0258  0.0249  0.0243  0.0246  0.0249  0.0244  0.0249  0.0241  0.0242
  0.0262  0.0262  0.0246  0.0282  0.0269  0.0280  0.0256  0.0266  0.0252  0.0265  0.0246  0.0246
niter,ni,del,rscale     4    3    5.0000    0.7000
parameters
   -2.4541   17.0142    9.2758   -9.8387  -17.1865   -7.4877
   -0.0240   -8.0886    2.7452   10.2218   10.2102  -12.7688
eta,q 0.97637 14.31509
  0.0252  0.0251  0.0246  0.0253  0.0258  0.0264  0.0250  0.0260  0.0248  0.0254  0.0243  0.0245
  0.0244  0.0244  0.0241  0.0247  0.0250  0.0255  0.0242  0.0246  0.0241  0.0245  0.0240  0.0240
  0.0239  0.0240  0.0239  0.0242  0.0243  0.0246  0.0238  0.0239  0.0238  0.0239  0.0237  0.0237
  0.0238  0.0238  0.0238  0.0238  0.0238  0.0238  0.0236  0.0236  0.0236  0.0236  0.0236  0.0236
  0.0240  0.0239  0.0239  0.0238  0.0238  0.0233  0.0238  0.0239  0.0238  0.0238  0.0237  0.0237
  0.0245  0.0243  0.0242  0.0244  0.0244  0.0240  0.0243  0.0247  0.0242  0.0244  0.0239  0.0240
  0.0253  0.0250  0.0246  0.0257  0.0258  0.0267  0.0251  0.0262  0.0249  0.0255  0.0244  0.0244
niter,ni,del,rscale     3    3    5.0000    0.6000
parameters
   -2.4574   17.0019    9.3273   -9.7271  -17.0998   -7.1723
   -0.0314   -8.1395    2.7027   10.2633   10.1510  -12.7370
eta,q 0.97655 14.33030
  0.0247  0.0246  0.0243  0.0249  0.0251  0.0258  0.0246  0.0254  0.0243  0.0249  0.0240  0.0241
  0.0241  0.0241  0.0239  0.0244  0.0245  0.0251  0.0239  0.0243  0.0239  0.0241  0.0237  0.0237
  0.0237  0.0237  0.0237  0.0239  0.0239  0.0243  0.0236  0.0237  0.0236  0.0237  0.0235  0.0235
  0.0236  0.0236  0.0236  0.0236  0.0236  0.0236  0.0235  0.0235  0.0235  0.0235  0.0235  0.0235
  0.0238  0.0237  0.0237  0.0236  0.0236  0.0232  0.0236  0.0237  0.0236  0.0236  0.0235  0.0235
  0.0241  0.0241  0.0239  0.0240  0.0241  0.0238  0.0240  0.0244  0.0239  0.0240  0.0237  0.0237
  0.0247  0.0246  0.0242  0.0250  0.0252  0.0258  0.0245  0.0255  0.0244  0.0249  0.0241  0.0241
niter,ni,del,rscale     2    3    5.0000    0.5000
parameters
   -2.4702   16.9905    9.4079   -9.6375  -17.0383   -6.8505
   -0.0474   -8.1780    2.6845   10.2928   10.0872  -12.6888
eta,q 0.97669 14.34233
  0.0242  0.0241  0.0240  0.0244  0.0246  0.0253  0.0241  0.0248  0.0240  0.0244  0.0238  0.0238
  0.0238  0.0238  0.0237  0.0240  0.0240  0.0246  0.0237  0.0240  0.0236  0.0238  0.0235  0.0235
  0.0235  0.0235  0.0235  0.0237  0.0237  0.0240  0.0234  0.0235  0.0234  0.0235  0.0234  0.0234
  0.0235  0.0234  0.0235  0.0234  0.0234  0.0234  0.0233  0.0233  0.0233  0.0233  0.0233  0.0233
  0.0235  0.0235  0.0235  0.0235  0.0235  0.0232  0.0234  0.0235  0.0234  0.0234  0.0234  0.0234
  0.0238  0.0238  0.0236  0.0238  0.0238  0.0236  0.0237  0.0240  0.0236  0.0237  0.0235  0.0235
  0.0243  0.0242  0.0239  0.0245  0.0246  0.0250  0.0241  0.0249  0.0240  0.0244  0.0238  0.0238
niter,ni,del,rscale     1    3    5.0000    0.4000
parameters
   -2.4835   16.9840    9.4979   -9.5906  -16.9963   -6.5564
   -0.0568   -8.2033    2.6740   10.3255    9.9988  -12.6310
eta,q 0.97678 14.35015
  0.0238  0.0238  0.0238  0.0240  0.0240  0.0247  0.0237  0.0242  0.0236  0.0240  0.0235  0.0236
  0.0235  0.0235  0.0235  0.0237  0.0237  0.0242  0.0235  0.0237  0.0234  0.0236  0.0234  0.0234
  0.0234  0.0234  0.0234  0.0234  0.0234  0.0237  0.0233  0.0233  0.0233  0.0233  0.0232  0.0233
  0.0233  0.0233  0.0233  0.0233  0.0233  0.0233  0.0232  0.0232  0.0232  0.0232  0.0232  0.0232
  0.0234  0.0234  0.0233  0.0233  0.0233  0.0232  0.0233  0.0233  0.0233  0.0233  0.0233  0.0232
  0.0236  0.0235  0.0234  0.0236  0.0236  0.0235  0.0235  0.0237  0.0234  0.0235  0.0234  0.0233
  0.0239  0.0238  0.0236  0.0240  0.0241  0.0244  0.0237  0.0243  0.0237  0.0240  0.0236  0.0235
registration optimization eta report
parameter search radius
    0.8000    0.8000    0.8000    2.7600    2.4000    2.4000
    2.4000    2.4000    2.4000    2.4000    2.4000    2.4000
100000*second partial in parameter space
       84.       72.       56.        9.       13.       22.
        9.       18.        8.       13.        6.        6.
  0.0238  0.0238  0.0238  0.0240  0.0240  0.0247  0.0237  0.0242  0.0236  0.0240  0.0235  0.0236
  0.0235  0.0235  0.0235  0.0237  0.0237  0.0242  0.0235  0.0237  0.0234  0.0236  0.0234  0.0234
  0.0234  0.0234  0.0234  0.0234  0.0234  0.0237  0.0233  0.0233  0.0233  0.0233  0.0232  0.0233
  0.0233  0.0233  0.0233  0.0233  0.0233  0.0233  0.0232  0.0232  0.0232  0.0232  0.0232  0.0232
  0.0234  0.0234  0.0233  0.0233  0.0233  0.0232  0.0233  0.0233  0.0233  0.0233  0.0233  0.0232
  0.0236  0.0235  0.0234  0.0236  0.0236  0.0235  0.0235  0.0237  0.0234  0.0235  0.0234  0.0233
  0.0239  0.0238  0.0236  0.0240  0.0241  0.0244  0.0237  0.0243  0.0237  0.0240  0.0236  0.0235
   -2.4835   16.9840    9.4979   -9.5906  -16.9963   -6.5564
   -0.0568   -8.2033    2.6740   10.3255    9.9988  -12.6310
eta,q 0.97678 14.35015

---------------------------------------------------------------------
imgreg_4dfp /opt/freesurfer/average/711-2C_as_mni_average_305 /opt/freesurfer/average/711-2B_as_mni_average_305_mask talsrcimg_g11 none talsrcimg_to_711-2C_as_mni_average_305_t4 2311
---------------------------------------------------------------------

freesurfer imgreg_4dfp.c
/opt/freesurfer/average/711-2C_as_mni_average_305.4dfp.img
       256       256       256         1
  1.000000  1.000000  1.000000
orientation T byte_order littleendian
Reading image: /opt/freesurfer/average/711-2C_as_mni_average_305.4dfp.img
dimensions:      256       256       256
mmppix:       1.0000   -1.0000   -1.0000
center:     128.0000 -129.0000 -129.0000
/opt/freesurfer/average/711-2B_as_mni_average_305_mask.4dfp.img
       256       256       256         1
  1.000000  1.000000  1.000000
orientation T byte_order littleendian
Reading mask: /opt/freesurfer/average/711-2B_as_mni_average_305_mask.4dfp.img (2306576 pixels)
talsrcimg_g11.4dfp.img
       256       256       256         1
  1.000000  1.000000  1.000000
orientation T byte_order littleendian
Reading image: talsrcimg_g11.4dfp.img
dimensions:      256       256       256
mmppix:       1.0000   -1.0000   -1.0000
center:     128.0000 -129.0000 -129.0000
fimgreg.f
image alignment mode   2311 decimal      907 hex
parameters
   -2.4835   16.9840    9.4979   -9.5906  -16.9963   -6.5564
   -0.0568   -8.2033    2.6740   10.3255    9.9988  -12.6310
eta,q 0.97678 14.35015
niter,ni,del,rscale     5    3    5.0000    0.8000
parameters
   -2.4828   16.9618    9.6547  -10.2172  -17.4947   -7.2533
    0.0245   -8.0928    2.7491   10.0718   10.1597  -12.4421
eta,q 0.97630 14.29551
  0.0254  0.0250  0.0251  0.0246  0.0254  0.0263  0.0255  0.0267  0.0252  0.0256  0.0245  0.0247
  0.0242  0.0240  0.0241  0.0240  0.0244  0.0253  0.0245  0.0250  0.0244  0.0245  0.0241  0.0242
  0.0235  0.0234  0.0234  0.0235  0.0237  0.0242  0.0239  0.0240  0.0239  0.0239  0.0238  0.0238
  0.0232  0.0232  0.0232  0.0232  0.0233  0.0234  0.0237  0.0237  0.0237  0.0237  0.0237  0.0237
  0.0235  0.0234  0.0233  0.0235  0.0235  0.0235  0.0239  0.0239  0.0238  0.0239  0.0237  0.0238
  0.0242  0.0241  0.0237  0.0244  0.0248  0.0260  0.0245  0.0248  0.0243  0.0247  0.0240  0.0241
  0.0254  0.0252  0.0244  0.0262  0.0271  0.0309  0.0253  0.0265  0.0251  0.0263  0.0245  0.0246
niter,ni,del,rscale     4    3    5.0000    0.7000
parameters
   -2.4963   17.0098    9.4128   -9.6930  -17.2680   -7.4024
    0.0047   -8.1293    2.7482   10.1319   10.1192  -12.6615
eta,q 0.97641 14.32081
  0.0251  0.0250  0.0242  0.0250  0.0256  0.0261  0.0250  0.0260  0.0248  0.0254  0.0243  0.0243
  0.0243  0.0243  0.0238  0.0245  0.0247  0.0252  0.0242  0.0247  0.0241  0.0244  0.0239  0.0239
  0.0238  0.0239  0.0237  0.0240  0.0240  0.0243  0.0237  0.0239  0.0237  0.0238  0.0237  0.0237
  0.0237  0.0237  0.0237  0.0237  0.0236  0.0235  0.0236  0.0236  0.0236  0.0236  0.0236  0.0236
  0.0239  0.0238  0.0239  0.0235  0.0235  0.0233  0.0238  0.0239  0.0237  0.0237  0.0236  0.0237
  0.0243  0.0242  0.0243  0.0238  0.0241  0.0245  0.0243  0.0247  0.0241  0.0243  0.0239  0.0240
  0.0251  0.0249  0.0248  0.0247  0.0255  0.0277  0.0250  0.0261  0.0248  0.0254  0.0244  0.0245
niter,ni,del,rscale     3    3    5.0000    0.6000
parameters
   -2.4832   16.9841    9.3723   -9.5359  -17.1307   -7.1689
   -0.0144   -8.1402    2.7367   10.2193   10.0646  -12.7020
eta,q 0.97656 14.33688
  0.0247  0.0245  0.0242  0.0246  0.0251  0.0258  0.0245  0.0255  0.0244  0.0249  0.0240  0.0241
  0.0241  0.0240  0.0238  0.0242  0.0244  0.0250  0.0239  0.0243  0.0238  0.0241  0.0237  0.0237
  0.0237  0.0237  0.0236  0.0238  0.0239  0.0243  0.0236  0.0237  0.0235  0.0236  0.0235  0.0235
  0.0236  0.0236  0.0236  0.0236  0.0236  0.0235  0.0234  0.0234  0.0234  0.0234  0.0234  0.0234
  0.0237  0.0237  0.0237  0.0236  0.0236  0.0232  0.0236  0.0237  0.0235  0.0235  0.0235  0.0235
  0.0241  0.0240  0.0239  0.0239  0.0241  0.0239  0.0240  0.0243  0.0239  0.0240  0.0237  0.0237
  0.0247  0.0246  0.0243  0.0246  0.0251  0.0260  0.0246  0.0255  0.0244  0.0248  0.0241  0.0241
niter,ni,del,rscale     2    3    5.0000    0.5000
parameters
   -2.4809   16.9770    9.4252   -9.4898  -17.0544   -6.8632
   -0.0374   -8.1657    2.7094   10.2752   10.0212  -12.6765
eta,q 0.97669 14.34709
  0.0243  0.0241  0.0240  0.0242  0.0246  0.0253  0.0241  0.0248  0.0240  0.0244  0.0238  0.0238
  0.0238  0.0238  0.0237  0.0239  0.0240  0.0246  0.0237  0.0240  0.0236  0.0238  0.0235  0.0235
  0.0235  0.0235  0.0235  0.0236  0.0237  0.0240  0.0234  0.0235  0.0234  0.0235  0.0234  0.0234
  0.0234  0.0234  0.0234  0.0234  0.0234  0.0234  0.0233  0.0233  0.0233  0.0233  0.0233  0.0233
  0.0235  0.0235  0.0235  0.0235  0.0235  0.0232  0.0234  0.0235  0.0234  0.0234  0.0234  0.0234
  0.0238  0.0238  0.0236  0.0237  0.0238  0.0236  0.0237  0.0240  0.0236  0.0237  0.0235  0.0235
  0.0242  0.0242  0.0239  0.0243  0.0246  0.0251  0.0241  0.0249  0.0240  0.0244  0.0238  0.0238
niter,ni,del,rscale     1    3    5.0000    0.4000
parameters
   -2.4885   16.9751    9.5050   -9.4816  -17.0123   -6.5679
   -0.0515   -8.1897    2.6997   10.3151    9.9684  -12.6377
eta,q 0.97678 14.35338
  0.0238  0.0238  0.0237  0.0238  0.0240  0.0247  0.0237  0.0243  0.0237  0.0240  0.0235  0.0235
  0.0235  0.0235  0.0235  0.0236  0.0237  0.0242  0.0235  0.0237  0.0234  0.0236  0.0234  0.0234
  0.0234  0.0234  0.0234  0.0234  0.0234  0.0237  0.0233  0.0233  0.0233  0.0233  0.0233  0.0233
  0.0233  0.0233  0.0233  0.0233  0.0233  0.0233  0.0232  0.0232  0.0232  0.0232  0.0232  0.0232
  0.0234  0.0234  0.0233  0.0233  0.0233  0.0232  0.0233  0.0233  0.0233  0.0233  0.0233  0.0232
  0.0236  0.0235  0.0234  0.0235  0.0236  0.0235  0.0235  0.0237  0.0234  0.0235  0.0234  0.0233
  0.0239  0.0238  0.0236  0.0239  0.0241  0.0244  0.0238  0.0243  0.0237  0.0239  0.0236  0.0235
registration optimization eta report
parameter search radius
    0.8000    0.8000    0.8000    2.4000    2.4000    2.4000
    2.4000    2.4000    2.4000    2.4000    2.4000    2.4000
100000*second partial in parameter space
       85.       72.       56.       10.       13.       22.
        9.       19.        8.       13.        6.        6.
  0.0238  0.0238  0.0237  0.0238  0.0240  0.0247  0.0237  0.0243  0.0237  0.0240  0.0235  0.0235
  0.0235  0.0235  0.0235  0.0236  0.0237  0.0242  0.0235  0.0237  0.0234  0.0236  0.0234  0.0234
  0.0234  0.0234  0.0234  0.0234  0.0234  0.0237  0.0233  0.0233  0.0233  0.0233  0.0233  0.0233
  0.0233  0.0233  0.0233  0.0233  0.0233  0.0233  0.0232  0.0232  0.0232  0.0232  0.0232  0.0232
  0.0234  0.0234  0.0233  0.0233  0.0233  0.0232  0.0233  0.0233  0.0233  0.0233  0.0233  0.0232
  0.0236  0.0235  0.0234  0.0235  0.0236  0.0235  0.0235  0.0237  0.0234  0.0235  0.0234  0.0233
  0.0239  0.0238  0.0236  0.0239  0.0241  0.0244  0.0238  0.0243  0.0237  0.0239  0.0236  0.0235
   -2.4885   16.9751    9.5050   -9.4816  -17.0123   -6.5679
   -0.0515   -8.1897    2.6997   10.3151    9.9684  -12.6377
eta,q 0.97678 14.35338

---------------------------------------------------------------------
compute_vox2vox talsrcimg talsrcimg_to_711-2C_as_mni_average_305_t4 /opt/freesurfer/average/711-2C_as_mni_average_305
---------------------------------------------------------------------

freesurfer compute_vox2vox.c
Reading: talsrcimg.4dfp.ifh
Reading: talsrcimg_to_711-2C_as_mni_average_305_t4
Reading: /opt/freesurfer/average/711-2C_as_mni_average_305.4dfp.ifh
Writing: talsrcimg_to_711-2C_as_mni_average_305_t4_vox2vox.txt

start time Mon Mar 9 18:38:28 CET 2026
end		time Mon Mar 9 18:39:54 CET 2026

mpr2mni305 success

avi2talxfm orig_nu.mgz /opt/freesurfer/average/mni305.cor.mgz talsrcimg_to_711-2C_as_mni_average_305_t4_vox2vox.txt transforms/talairach.auto.xfm
avi2talxfm done
mv -f /out/sourcedata/freesurfer/sub-v1s23x0050565_ses-1/mri/talsrcimg_to_711-2C_as_mni_average_305_t4_vox2vox.txt /out/sourcedata/freesurfer/sub-v1s23x0050565_ses-1/mri/transforms/talsrcimg_to_711-2C_as_mni_average_305_t4_vox2vox.txt
lta_convert --src orig_nu.mgz --trg /opt/freesurfer/average/mni305.cor.mgz --inxfm transforms/talairach.auto.xfm --outlta transforms/talairach.auto.xfm.lta --subject fsaverage
7.3.2

--src: orig_nu.mgz src image (geometry).
--trg: /opt/freesurfer/average/mni305.cor.mgz trg image (geometry).
--inmni: transforms/talairach.auto.xfm input MNI/XFM transform.
--outlta: transforms/talairach.auto.xfm.lta output LTA.
--s: fsaverage subject name
 LTA read, type : 1
 1.09392   0.09423   0.01503  -28.21460;
-0.11952   1.04230   0.15865   34.39076;
-0.02073  -0.13262   1.18479  -64.11320;
 0.00000   0.00000   0.00000   1.00000;
setting subject to fsaverage
Writing  LTA to file transforms/talairach.auto.xfm.lta...
lta_convert successful.
 
 
Started at Mon Mar 9 18:38:27 CET 2026
Ended   at Mon Mar  9 18:39:55 CET 2026
talairach_avi done
