/out/sourcedata/freesurfer/sub-v1s23x0050553_ses-1/mri
/opt/freesurfer/bin/talairach_avi
--i orig_nu.mgz --xfm transforms/talairach.auto.xfm
talairach_avi 7.3.2
Linux dna074 5.14.0-427.37.1.el9_4.x86_64 #1 SMP PREEMPT_DYNAMIC Fri Sep 13 12:41:50 EDT 2024 x86_64 x86_64 x86_64 GNU/Linux
Mon Mar  9 17:12:05 CET 2026
mri_convert orig_nu.mgz talsrcimg.img 
reading from orig_nu.mgz...
TR=0.00, TE=0.00, TI=0.00, flip angle=0.00
i_ras = (-1, 0, 0)
j_ras = (0, 0, -1)
k_ras = (0, 1, 0)
writing to talsrcimg.img...
Analyze Output Matrix
-1.00000   0.00000   0.00000   165.79118;
 0.00000   0.00000   1.00000  -170.71593;
 0.00000  -1.00000   0.00000   179.53931;
 0.00000   0.00000   0.00000   1.00000;
--------------------
INFO: set hdr.hist.orient to -1
mpr2mni305 talsrcimg
Mon Mar  9 17:12:05 CET 2026
/opt/freesurfer/bin/mpr2mni305 talsrcimg
mpr2mni305 7.3.2
target=711-2C_as_mni_average_305

---------------------------------------------------------------------
analyzeto4dfp talsrcimg -O0 -y
---------------------------------------------------------------------

freesurfer ifh2hdr.c
Mon Mar  9 17:12:06 2026
Writing: talsrcimg.4dfp.hdr
freesurfer analyzeto4dfp.c
Reading: talsrcimg.hdr
header size 348 bytes
hdr.dime.datatype	offset=70	value=2
hdr.dime.bitpix		offset=72	value=8
hdr.hist.orient		offset=252	value=-1
dimensionality     4
dimensions       256       256       256         1
Reading: talsrcimg.img
Writing: talsrcimg.4dfp.img
Writing: talsrcimg.4dfp.ifh
ifh2hdr talsrcimg -r0to211
ori=2

---------------------------------------------------------------------
gauss_4dfp talsrcimg 1.1
---------------------------------------------------------------------

freesurfer gauss_4dfp.c
Reading: talsrcimg.4dfp.img
Writing: talsrcimg_g11.4dfp.img
image dimensions 256 256 256 padded to 288 288 288
processing volume 1freesurfer ifh2hdr.c
Mon Mar  9 17:12:07 2026
Writing: talsrcimg_g11.4dfp.hdr

Writing: talsrcimg_g11.4dfp.ifh
including: talsrcimg.4dfp.img.rec in talsrcimg_g11.4dfp.img.rec

---------------------------------------------------------------------
imgreg_4dfp /opt/freesurfer/average/711-2C_as_mni_average_305 none talsrcimg_g11 none talsrcimg_to_711-2C_as_mni_average_305_t4 4355
---------------------------------------------------------------------

freesurfer imgreg_4dfp.c
/opt/freesurfer/average/711-2C_as_mni_average_305.4dfp.img
       256       256       256         1
  1.000000  1.000000  1.000000
orientation T byte_order littleendian
Reading image: /opt/freesurfer/average/711-2C_as_mni_average_305.4dfp.img
dimensions:      256       256       256
mmppix:       1.0000   -1.0000   -1.0000
center:     128.0000 -129.0000 -129.0000
talsrcimg_g11.4dfp.img
       256       256       256         1
  1.000000  1.000000  1.000000
orientation T byte_order littleendian
Reading image: talsrcimg_g11.4dfp.img
dimensions:      256       256       256
mmppix:       1.0000   -1.0000   -1.0000
center:     128.0000 -129.0000 -129.0000
t4_read: open error in t4_sub.f l:  41 t4_file(1:l)talsrcimg_to_711-2C_as_mni_average_305_t4 
t4_read: transform initialized to I4
rotation matrix determinant  1.000000
image alignment mode   4355 decimal     1103 hex
   -7.5000  -45.0000  -45.0000 6802.0234   24.4222
    0.0000  -45.0000  -45.0000 7014.6826   24.4559
    7.5000  -45.0000  -45.0000 6708.4424   24.4928
   -7.5000  -37.5000  -45.0000 7349.4219   24.2240
    0.0000  -37.5000  -45.0000 7566.7749   24.2551
    7.5000  -37.5000  -45.0000 7212.5996   24.2900
   -7.5000  -30.0000  -45.0000 8216.2168   24.1637
    0.0000  -30.0000  -45.0000 8472.8623   24.1884
    7.5000  -30.0000  -45.0000 8072.5322   24.2318
   -7.5000  -22.5000  -45.0000 9032.8262   24.1099
    0.0000  -22.5000  -45.0000 9310.4121   24.1289
    7.5000  -22.5000  -45.0000 8883.5693   24.1784
   -7.5000  -15.0000  -45.0000 9792.7061   24.0807
    0.0000  -15.0000  -45.000010114.5791   24.1025
    7.5000  -15.0000  -45.0000 9654.3496   24.1519
   -7.5000   -7.5000  -45.000010515.2529   24.0750
    0.0000   -7.5000  -45.000010898.5400   24.1043
    7.5000   -7.5000  -45.000010394.0635   24.1479
   -7.5000    0.0000  -45.000011178.8018   24.0942
    0.0000    0.0000  -45.000011573.7842   24.1268
    7.5000    0.0000  -45.000011045.7012   24.1612
   -7.5000    7.5000  -45.000010992.9443   24.1182
    0.0000    7.5000  -45.000011375.7197   24.1489
    7.5000    7.5000  -45.000010872.0010   24.1829
   -7.5000   15.0000  -45.000010544.7139   24.1235
    0.0000   15.0000  -45.000010905.8369   24.1483
    7.5000   15.0000  -45.000010420.6768   24.1913
   -7.5000   22.5000  -45.000010116.9053   24.1020
    0.0000   22.5000  -45.000010446.1836   24.1210
    7.5000   22.5000  -45.0000 9956.4102   24.1704
   -7.5000   30.0000  -45.0000 9519.6357   23.7598
    0.0000   30.0000  -45.0000 9828.8535   23.7813
    7.5000   30.0000  -45.0000 9354.0586   23.8300
   -7.5000   37.5000  -45.0000 9119.5654   23.7542
    0.0000   37.5000  -45.0000 9394.0244   23.7831
    7.5000   37.5000  -45.0000 8959.2217   23.8261
   -7.5000   45.0000  -45.0000 8370.9277   23.1695
    0.0000   45.0000  -45.0000 8596.5049   23.2008
    7.5000   45.0000  -45.0000 8208.4990   23.2339
   -7.5000  -45.0000  -37.5000 7171.7285   24.2880
    0.0000  -45.0000  -37.5000 7404.2983   24.3289
    7.5000  -45.0000  -37.5000 7085.7056   24.3736
   -7.5000  -37.5000  -37.5000 7787.6064   24.0954
    0.0000  -37.5000  -37.5000 8034.6133   24.1304
    7.5000  -37.5000  -37.5000 7668.7900   24.1662
   -7.5000  -30.0000  -37.5000 8724.4727   24.0490
    0.0000  -30.0000  -37.5000 8988.2949   24.0785
    7.5000  -30.0000  -37.5000 8568.2676   24.1129
   -7.5000  -22.5000  -37.5000 9612.8789   24.0086
    0.0000  -22.5000  -37.5000 9907.5400   24.0373
    7.5000  -22.5000  -37.5000 9419.4131   24.0748
   -7.5000  -15.0000  -37.500010396.8984   23.9782
    0.0000  -15.0000  -37.500010728.7363   24.0133
    7.5000  -15.0000  -37.500010195.2373   24.0575
   -7.5000   -7.5000  -37.500011123.4492   23.9566
    0.0000   -7.5000  -37.500011524.2314   23.9975
    7.5000   -7.5000  -37.500010944.9238   24.0456
   -7.5000    0.0000  -37.500011800.6650   23.9640
    0.0000    0.0000  -37.500012246.2354   24.0037
    7.5000    0.0000  -37.500011655.6963   24.0456
   -7.5000    7.5000  -37.500011597.4814   23.9914
    0.0000    7.5000  -37.500012040.1152   24.0259
    7.5000    7.5000  -37.500011470.6387   24.0608
   -7.5000   15.0000  -37.500011118.3008   24.0099
    0.0000   15.0000  -37.500011528.0342   24.0394
    7.5000   15.0000  -37.500010982.9863   24.0735
   -7.5000   22.5000  -37.500010654.9424   24.0009
    0.0000   22.5000  -37.500010999.0508   24.0296
    7.5000   22.5000  -37.500010446.1621   24.0670
   -7.5000   30.0000  -37.500010071.2529   23.6587
    0.0000   30.0000  -37.500010379.1211   23.6933
    7.5000   30.0000  -37.5000 9840.9434   23.7369
   -7.5000   37.5000  -37.5000 9607.2129   23.6373
    0.0000   37.5000  -37.5000 9887.1543   23.6777
    7.5000   37.5000  -37.5000 9390.4932   23.7252
   -7.5000   45.0000  -37.5000 8782.9502   23.0443
    0.0000   45.0000  -37.5000 9025.4287   23.0824
    7.5000   45.0000  -37.5000 8587.9766   23.1228
   -7.5000  -45.0000  -30.0000 7742.7754   25.1896
    0.0000  -45.0000  -30.0000 7994.5054   25.2460
    7.5000  -45.0000  -30.0000 7622.0903   25.2977
   -7.5000  -37.5000  -30.0000 8408.7959   24.9816
    0.0000  -37.5000  -30.0000 8676.5000   25.0275
    7.5000  -37.5000  -30.0000 8242.6338   25.0630
   -7.5000  -30.0000  -30.0000 9410.8369   24.9360
    0.0000  -30.0000  -30.0000 9714.8574   24.9797
    7.5000  -30.0000  -30.0000 9212.4707   25.0031
   -7.5000  -22.5000  -30.000010393.4746   24.9087
    0.0000  -22.5000  -30.000010734.1553   24.9596
    7.5000  -22.5000  -30.000010161.2158   24.9829
   -7.5000  -15.0000  -30.000011234.8965   24.8873
    0.0000  -15.0000  -30.000011615.8281   24.9490
    7.5000  -15.0000  -30.000010992.5869   24.9862
   -7.5000   -7.5000  -30.000011974.0312   24.8597
    0.0000   -7.5000  -30.000012409.2959   24.9235
    7.5000   -7.5000  -30.000011773.5986   24.9750
   -7.5000    0.0000  -30.000012679.8721   24.8553
    0.0000    0.0000  -30.000013162.1836   24.9101
    7.5000    0.0000  -30.000012500.5781   24.9590
   -7.5000    7.5000  -30.000012486.8965   24.8744
    0.0000    7.5000  -30.000012964.9385   24.9198
    7.5000    7.5000  -30.000012275.1172   24.9543
   -7.5000   15.0000  -30.000012005.3789   24.8961
    0.0000   15.0000  -30.000012461.3506   24.9396
    7.5000   15.0000  -30.000011774.6846   24.9628
   -7.5000   22.5000  -30.000011458.2578   24.8985
    0.0000   22.5000  -30.000011847.8887   24.9493
    7.5000   22.5000  -30.000011171.7549   24.9726
   -7.5000   30.0000  -30.000010822.9072   24.5580
    0.0000   30.0000  -30.000011180.4932   24.6189
    7.5000   30.0000  -30.000010530.5996   24.6555
   -7.5000   37.5000  -30.000010315.4414   24.5308
    0.0000   37.5000  -30.000010643.9814   24.5937
    7.5000   37.5000  -30.000010060.0127   24.6446
   -7.5000   45.0000  -30.0000 9421.8760   23.9189
    0.0000   45.0000  -30.0000 9700.8945   23.9716
    7.5000   45.0000  -30.0000 9183.0674   24.0187
   -7.5000  -45.0000  -22.5000 8346.5342   26.0197
    0.0000  -45.0000  -22.5000 8617.5391   26.0904
    7.5000  -45.0000  -22.5000 8186.8149   26.1416
   -7.5000  -37.5000  -22.5000 9061.1055   25.7910
    0.0000  -37.5000  -22.5000 9345.9619   25.8503
    7.5000  -37.5000  -22.5000 8859.1494   25.8854
   -7.5000  -30.0000  -22.500010144.8145   25.7282
    0.0000  -30.0000  -22.500010485.0342   25.7881
    7.5000  -30.0000  -22.5000 9918.5557   25.8117
   -7.5000  -22.5000  -22.500011201.2305   25.6993
    0.0000  -22.5000  -22.500011582.3213   25.7691
    7.5000  -22.5000  -22.500010963.6729   25.7926
   -7.5000  -15.0000  -22.500012102.9395   25.6904
    0.0000  -15.0000  -22.500012537.3047   25.7709
    7.5000  -15.0000  -22.500011875.5557   25.8076
   -7.5000   -7.5000  -22.500012879.1514   25.6766
    0.0000   -7.5000  -22.500013368.3477   25.7571
    7.5000   -7.5000  -22.500012687.8369   25.8078
   -7.5000    0.0000  -22.500013590.0283   25.6742
    0.0000    0.0000  -22.500014128.8223   25.7430
    7.5000    0.0000  -22.500013407.6348   25.7915
   -7.5000    7.5000  -22.500013369.6211   25.6799
    0.0000    7.5000  -22.500013919.5879   25.7387
    7.5000    7.5000  -22.500013158.5732   25.7729
   -7.5000   15.0000  -22.500012886.8652   25.6868
    0.0000   15.0000  -22.500013413.3809   25.7466
    7.5000   15.0000  -22.500012632.5693   25.7698
   -7.5000   22.5000  -22.500012301.8438   25.6871
    0.0000   22.5000  -22.500012766.5684   25.7568
    7.5000   22.5000  -22.500011998.5566   25.7802
   -7.5000   30.0000  -22.500011616.8770   25.3543
    0.0000   30.0000  -22.500012033.1055   25.4338
    7.5000   30.0000  -22.500011302.5713   25.4700
   -7.5000   37.5000  -22.500011074.7686   25.3408
    0.0000   37.5000  -22.500011470.3701   25.4202
    7.5000   37.5000  -22.500010800.7588   25.4702
   -7.5000   45.0000  -22.500010096.1426   24.7256
    0.0000   45.0000  -22.500010443.1816   24.7918
    7.5000   45.0000  -22.5000 9868.2432   24.8385
   -7.5000  -45.0000  -15.0000 8964.3545   26.6718
    0.0000  -45.0000  -15.0000 9257.6934   26.7458
    7.5000  -45.0000  -15.0000 8774.3633   26.7903
   -7.5000  -37.5000  -15.0000 9704.2920   26.4350
    0.0000  -37.5000  -15.000010017.9707   26.5009
    7.5000  -37.5000  -15.0000 9492.6885   26.5359
   -7.5000  -30.0000  -15.000010852.6807   26.3549
    0.0000  -30.0000  -15.000011228.3281   26.4213
    7.5000  -30.0000  -15.000010616.5420   26.4554
   -7.5000  -22.5000  -15.000012025.4277   26.3083
    0.0000  -22.5000  -15.000012450.4053   26.3804
    7.5000  -22.5000  -15.000011779.5322   26.4187
   -7.5000  -15.0000  -15.000012990.8633   26.2983
    0.0000  -15.0000  -15.000013499.1689   26.3776
    7.5000  -15.0000  -15.000012779.9346   26.4224
   -7.5000   -7.5000  -15.000013770.6094   26.3028
    0.0000   -7.5000  -15.000014355.3828   26.3829
    7.5000   -7.5000  -15.000013630.9316   26.4309
   -7.5000    0.0000  -15.000014469.9395   26.3168
    0.0000    0.0000  -15.000015114.5869   26.3887
    7.5000    0.0000  -15.000014356.6680   26.4306
   -7.5000    7.5000  -15.000014234.6338   26.3204
    0.0000    7.5000  -15.000014865.9209   26.3856
    7.5000    7.5000  -15.000014078.3672   26.4197
   -7.5000   15.0000  -15.000013763.5137   26.3118
    0.0000   15.0000  -15.000014373.0332   26.3780
    7.5000   15.0000  -15.000013546.1230   26.4118
   -7.5000   22.5000  -15.000013114.2334   26.2943
    0.0000   22.5000  -15.000013695.5498   26.3664
    7.5000   22.5000  -15.000012863.7061   26.4046
   -7.5000   30.0000  -15.000012407.1240   25.9579
    0.0000   30.0000  -15.000012911.2539   26.0363
    7.5000   30.0000  -15.000012127.0127   26.0804
   -7.5000   37.5000  -15.000011869.6963   25.9624
    0.0000   37.5000  -15.000012321.3477   26.0415
    7.5000   37.5000  -15.000011595.7744   26.0889
   -7.5000   45.0000  -15.000010802.7051   25.3596
    0.0000   45.0000  -15.000011218.7773   25.4290
    7.5000   45.0000  -15.000010580.2871   25.4693
   -7.5000  -45.0000   -7.5000 9641.6846   27.0319
    0.0000  -45.0000   -7.5000 9983.2383   27.0919
    7.5000  -45.0000   -7.5000 9435.9014   27.1315
   -7.5000  -37.5000   -7.500010398.4414   26.8012
    0.0000  -37.5000   -7.500010796.0332   26.8575
    7.5000  -37.5000   -7.500010205.8477   26.8950
   -7.5000  -30.0000   -7.500011614.1826   26.7176
    0.0000  -30.0000   -7.500012076.8066   26.7715
    7.5000  -30.0000   -7.500011421.2100   26.8183
   -7.5000  -22.5000   -7.500012875.3857   26.6545
    0.0000  -22.5000   -7.500013408.1455   26.7065
    7.5000  -22.5000   -7.500012657.4736   26.7604
   -7.5000  -15.0000   -7.500014003.2930   26.6331
    0.0000  -15.0000   -7.500014629.5762   26.6883
    7.5000  -15.0000   -7.500013818.9014   26.7419
   -7.5000   -7.5000   -7.500014867.6787   26.6440
    0.0000   -7.5000   -7.500015569.2666   26.7032
    7.5000   -7.5000   -7.500014781.3496   26.7500
   -7.5000    0.0000   -7.500015488.3330   26.6715
    0.0000    0.0000   -7.500016244.7852   26.7297
    7.5000    0.0000   -7.500015538.4150   26.7667
   -7.5000    7.5000   -7.500015218.1943   26.6846
    0.0000    7.5000   -7.500015921.9307   26.7405
    7.5000    7.5000   -7.500015238.8711   26.7769
   -7.5000   15.0000   -7.500014723.9893   26.6734
    0.0000   15.0000   -7.500015460.6396   26.7272
    7.5000   15.0000   -7.500014665.6719   26.7736
   -7.5000   22.5000   -7.500014029.9004   26.6372
    0.0000   22.5000   -7.500014705.8770   26.6891
    7.5000   22.5000   -7.500013909.5762   26.7429
   -7.5000   30.0000   -7.500013276.8271   26.2877
    0.0000   30.0000   -7.500013895.2334   26.3421
    7.5000   30.0000   -7.500013096.2324   26.3951
   -7.5000   37.5000   -7.500012725.8232   26.2985
    0.0000   37.5000   -7.500013276.0117   26.3569
    7.5000   37.5000   -7.500012507.2578   26.4031
   -7.5000   45.0000   -7.500011573.8857   25.7063
    0.0000   45.0000   -7.500012073.5381   25.7624
    7.5000   45.0000   -7.500011388.4971   25.7981
   -7.5000  -45.0000    0.000010163.4854   27.1010
    0.0000  -45.0000    0.000010555.3232   27.1464
    7.5000  -45.0000    0.0000 9993.8047   27.1881
   -7.5000  -37.5000    0.000010957.8301   26.8813
    0.0000  -37.5000    0.000011394.5889   26.9246
    7.5000  -37.5000    0.000010807.5918   26.9641
   -7.5000  -30.0000    0.000012233.8369   26.8083
    0.0000  -30.0000    0.000012736.2227   26.8460
    7.5000  -30.0000    0.000012091.7666   26.8950
   -7.5000  -22.5000    0.000013570.7305   26.7435
    0.0000  -22.5000    0.000014144.5547   26.7756
    7.5000  -22.5000    0.000013407.2842   26.8315
   -7.5000  -15.0000    0.000014889.4531   26.7116
    0.0000  -15.0000    0.000015579.6963   26.7460
    7.5000  -15.0000    0.000014732.1074   26.8020
   -7.5000   -7.5000    0.000015984.3125   26.7125
    0.0000   -7.5000    0.000016825.0273   26.7535
    7.5000   -7.5000    0.000015998.2598   26.8028
   -7.5000    0.0000    0.000016545.3047   26.7400
    0.0000    0.0000    0.000017406.6797   26.7839
    7.5000    0.0000    0.000016872.9453   26.8229
   -7.5000    7.5000    0.000016145.0029   26.7649
    0.0000    7.5000    0.000016916.3613   26.8077
    7.5000    7.5000    0.000016469.6621   26.8462
   -7.5000   15.0000    0.000015603.8223   26.7642
    0.0000   15.0000    0.000016374.4971   26.8018
    7.5000   15.0000    0.000015805.1152   26.8504
   -7.5000   22.5000    0.000014849.6309   26.7261
    0.0000   22.5000    0.000015603.9854   26.7581
    7.5000   22.5000    0.000014950.1465   26.8140
   -7.5000   30.0000    0.000014074.3682   26.3659
    0.0000   30.0000    0.000014790.0576   26.3998
    7.5000   30.0000    0.000014040.1553   26.4551
   -7.5000   37.5000    0.000013557.0713   26.3668
    0.0000   37.5000    0.000014197.3818   26.4073
    7.5000   37.5000    0.000013454.9561   26.4560
   -7.5000   45.0000    0.000012313.8232   25.7743
    0.0000   45.0000    0.000012872.7861   25.8166
    7.5000   45.0000    0.000012198.1094   25.8542
   -7.5000  -45.0000    7.5000 9846.6357   27.0895
    0.0000  -45.0000    7.500010208.6025   27.1372
    7.5000  -45.0000    7.5000 9695.5576   27.1868
   -7.5000  -37.5000    7.500010607.8213   26.8724
    0.0000  -37.5000    7.500010989.7852   26.9137
    7.5000  -37.5000    7.500010483.8770   26.9532
   -7.5000  -30.0000    7.500011832.4756   26.8158
    0.0000  -30.0000    7.500012263.9121   26.8519
    7.5000  -30.0000    7.500011708.6572   26.8897
   -7.5000  -22.5000    7.500013112.7510   26.7684
    0.0000  -22.5000    7.500013622.9883   26.8042
    7.5000  -22.5000    7.500012998.0049   26.8458
   -7.5000  -15.0000    7.500014438.1211   26.7369
    0.0000  -15.0000    7.500015084.0898   26.7797
    7.5000  -15.0000    7.500014374.2266   26.8290
   -7.5000   -7.5000    7.500015640.8154   26.7183
    0.0000   -7.5000    7.500016407.8281   26.7667
    7.5000   -7.5000    7.500015739.9375   26.8204
   -7.5000    0.0000    7.500016183.0605   26.7293
    0.0000    0.0000    7.500016903.5508   26.7756
    7.5000    0.0000    7.500016727.9062   26.8222
   -7.5000    7.5000    7.500015628.5908   26.7567
    0.0000    7.5000    7.500016314.1387   26.7976
    7.5000    7.5000    7.500016260.5830   26.8360
   -7.5000   15.0000    7.500015131.1523   26.7724
    0.0000   15.0000    7.500015842.0635   26.8083
    7.5000   15.0000    7.500015513.6025   26.8458
   -7.5000   22.5000    7.500014513.9414   26.7513
    0.0000   22.5000    7.500015225.6631   26.7870
    7.5000   22.5000    7.500014683.2520   26.8285
   -7.5000   30.0000    7.500013812.5254   26.3908
    0.0000   30.0000    7.500014469.3047   26.4331
    7.5000   30.0000    7.500013781.8428   26.4818
   -7.5000   37.5000    7.500013300.8896   26.3725
    0.0000   37.5000    7.500013909.4189   26.4203
    7.5000   37.5000    7.500013184.4570   26.4733
   -7.5000   45.0000    7.500012042.0332   25.7640
    0.0000   45.0000    7.500012560.8848   25.8086
    7.5000   45.0000    7.500011899.7598   25.8535
   -7.5000  -45.0000   15.0000 9448.3516   27.0983
    0.0000  -45.0000   15.0000 9711.7578   27.1589
    7.5000  -45.0000   15.0000 9325.6221   27.2146
   -7.5000  -37.5000   15.000010190.6357   26.8715
    0.0000  -37.5000   15.000010500.7852   26.9211
    7.5000  -37.5000   15.000010080.4473   26.9593
   -7.5000  -30.0000   15.000011331.8760   26.8199
    0.0000  -30.0000   15.000011712.0859   26.8673
    7.5000  -30.0000   15.000011253.1973   26.8927
   -7.5000  -22.5000   15.000012502.8555   26.7906
    0.0000  -22.5000   15.000012953.7607   26.8459
    7.5000  -22.5000   15.000012517.9668   26.8711
   -7.5000  -15.0000   15.000013702.8809   26.7702
    0.0000  -15.0000   15.000014305.8867   26.8370
    7.5000  -15.0000   15.000013801.8174   26.8769
   -7.5000   -7.5000   15.000014814.7773   26.7429
    0.0000   -7.5000   15.000015462.9766   26.8116
    7.5000   -7.5000   15.000014955.2803   26.8670
   -7.5000    0.0000   15.000015670.4443   26.7379
    0.0000    0.0000   15.000016341.5898   26.7969
    7.5000    0.0000   15.000015882.2471   26.8495
   -7.5000    7.5000   15.000015555.9443   26.7560
    0.0000    7.5000   15.000016211.8662   26.8050
    7.5000    7.5000   15.000015683.4082   26.8422
   -7.5000   15.0000   15.000015075.6211   26.7769
    0.0000   15.0000   15.000015755.7080   26.8242
    7.5000   15.0000   15.000015074.2256   26.8493
   -7.5000   22.5000   15.000014284.3877   26.7737
    0.0000   22.5000   15.000014968.0469   26.8290
    7.5000   22.5000   15.000014243.2148   26.8541
   -7.5000   30.0000   15.000013409.2930   26.4237
    0.0000   30.0000   15.000014047.7314   26.4897
    7.5000   30.0000   15.000013328.5283   26.5290
   -7.5000   37.5000   15.000012837.4082   26.3968
    0.0000   37.5000   15.000013432.9863   26.4646
    7.5000   37.5000   15.000012752.0752   26.5193
   -7.5000   45.0000   15.000011586.6436   25.7723
    0.0000   45.0000   15.000012068.3633   25.8291
    7.5000   45.0000   15.000011493.6426   25.8798
   -7.5000  -45.0000   22.5000 8949.1582   27.1849
    0.0000  -45.0000   22.5000 9271.2998   27.2590
    7.5000  -45.0000   22.5000 8868.9922   27.3122
   -7.5000  -37.5000   22.5000 9613.8613   26.9448
    0.0000  -37.5000   22.5000 9954.5840   27.0070
    7.5000  -37.5000   22.5000 9545.0820   27.0433
   -7.5000  -30.0000   22.500010664.6855   26.8783
    0.0000  -30.0000   22.500011037.9336   26.9411
    7.5000  -30.0000   22.500010613.7549   26.9653
   -7.5000  -22.5000   22.500011828.4902   26.8469
    0.0000  -22.5000   22.500012229.5303   26.9201
    7.5000  -22.5000   22.500011779.1953   26.9442
   -7.5000  -15.0000   22.500013069.3457   26.8370
    0.0000  -15.0000   22.500013573.3496   26.9214
    7.5000  -15.0000   22.500012987.6865   26.9593
   -7.5000   -7.5000   22.500014088.7139   26.8231
    0.0000   -7.5000   22.500014565.9941   26.9075
    7.5000   -7.5000   22.500013990.1523   26.9600
   -7.5000    0.0000   22.500014941.8154   26.8217
    0.0000    0.0000   22.500015399.5645   26.8937
    7.5000    0.0000   22.500014827.4287   26.9441
   -7.5000    7.5000   22.500014890.7871   26.8280
    0.0000    7.5000   22.500015369.5820   26.8897
    7.5000    7.5000   22.500014703.9551   26.9250
   -7.5000   15.0000   22.500014445.5859   26.8347
    0.0000   15.0000   22.500014929.0557   26.8974
    7.5000   15.0000   22.500014249.8604   26.9213
   -7.5000   22.5000   22.500013586.9971   26.8300
    0.0000   22.5000   22.500014100.0469   26.9031
    7.5000   22.5000   22.500013466.4502   26.9272
   -7.5000   30.0000   22.500012658.6621   26.4897
    0.0000   30.0000   22.500013147.2236   26.5730
    7.5000   30.0000   22.500012569.9307   26.6104
   -7.5000   37.5000   22.500012127.0068   26.4760
    0.0000   37.5000   22.500012610.1240   26.5592
    7.5000   37.5000   22.500012058.7510   26.6111
   -7.5000   45.0000   22.500010908.2227   25.8530
    0.0000   45.0000   22.500011355.8428   25.9224
    7.5000   45.0000   22.500010865.1123   25.9710
   -7.5000  -45.0000   30.0000 8390.6865   27.3576
    0.0000  -45.0000   30.0000 8707.5420   27.4335
    7.5000  -45.0000   30.0000 8324.4531   27.4790
   -7.5000  -37.5000   30.0000 9015.5459   27.1124
    0.0000  -37.5000   30.0000 9337.0498   27.1799
    7.5000  -37.5000   30.0000 8921.1641   27.2157
   -7.5000  -30.0000   30.000010009.4863   27.0289
    0.0000  -30.0000   30.000010357.1367   27.0969
    7.5000  -30.0000   30.0000 9883.1514   27.1319
   -7.5000  -22.5000   30.000011083.5879   26.9795
    0.0000  -22.5000   30.000011477.9355   27.0535
    7.5000  -22.5000   30.000010911.5889   27.0927
   -7.5000  -15.0000   30.000012154.1758   26.9685
    0.0000  -15.0000   30.000012621.4990   27.0500
    7.5000  -15.0000   30.000011981.8789   27.0958
   -7.5000   -7.5000   30.000012990.2148   26.9737
    0.0000   -7.5000   30.000013407.7480   27.0560
    7.5000   -7.5000   30.000012820.4082   27.1051
   -7.5000    0.0000   30.000013747.1250   26.9892
    0.0000    0.0000   30.000014198.6025   27.0630
    7.5000    0.0000   30.000013588.7002   27.1057
   -7.5000    7.5000   30.000013613.7090   26.9934
    0.0000    7.5000   30.000014096.3408   27.0604
    7.5000    7.5000   30.000013474.8281   27.0951
   -7.5000   15.0000   30.000013142.0791   26.9841
    0.0000   15.0000   30.000013619.8281   27.0520
    7.5000   15.0000   30.000013039.5947   27.0866
   -7.5000   22.5000   30.000012394.3828   26.9622
    0.0000   22.5000   30.000012869.2471   27.0362
    7.5000   22.5000   30.000012337.6416   27.0753
   -7.5000   30.0000   30.000011551.2080   26.6195
    0.0000   30.0000   30.000012003.4189   26.7000
    7.5000   30.0000   30.000011480.0068   26.7451
   -7.5000   37.5000   30.000011164.2666   26.6246
    0.0000   37.5000   30.000011604.7910   26.7058
    7.5000   37.5000   30.000011079.4502   26.7543
   -7.5000   45.0000   30.000010106.1582   26.0144
    0.0000   45.0000   30.000010494.1514   26.0856
    7.5000   45.0000   30.000010035.2129   26.1268
   -7.5000  -45.0000   37.5000 8169.4956   27.7636
    0.0000  -45.0000   37.5000 8453.6348   27.8253
    7.5000  -45.0000   37.5000 8055.8647   27.8665
   -7.5000  -37.5000   37.5000 8760.5928   27.5207
    0.0000  -37.5000   37.5000 9053.7451   27.5783
    7.5000  -37.5000   37.5000 8616.8740   27.6176
   -7.5000  -30.0000   37.5000 9667.6924   27.4312
    0.0000  -30.0000   37.5000 9986.6377   27.4858
    7.5000  -30.0000   37.5000 9497.0703   27.5349
   -7.5000  -22.5000   37.500010613.0117   27.3633
    0.0000  -22.5000   37.500010976.2305   27.4159
    7.5000  -22.5000   37.500010441.0322   27.4721
   -7.5000  -15.0000   37.500011556.8135   27.3409
    0.0000  -15.0000   37.500011976.1182   27.3970
    7.5000  -15.0000   37.500011407.3486   27.4525
   -7.5000   -7.5000   37.500012361.9639   27.3540
    0.0000   -7.5000   37.500012782.2275   27.4147
    7.5000   -7.5000   37.500012223.4102   27.4630
   -7.5000    0.0000   37.500013116.2715   27.3843
    0.0000    0.0000   37.500013555.4961   27.4442
    7.5000    0.0000   37.500012983.0312   27.4826
   -7.5000    7.5000   37.500012921.9678   27.3981
    0.0000    7.5000   37.500013371.2627   27.4551
    7.5000    7.5000   37.500012831.6631   27.4934
   -7.5000   15.0000   37.500012432.7500   27.3847
    0.0000   15.0000   37.500012894.1221   27.4391
    7.5000   15.0000   37.500012413.3965   27.4879
   -7.5000   22.5000   37.500011748.1719   27.3454
    0.0000   22.5000   37.500012184.8477   27.3980
    7.5000   22.5000   37.500011735.2334   27.4540
   -7.5000   30.0000   37.500010963.0889   26.9871
    0.0000   30.0000   37.500011393.9746   27.0425
    7.5000   30.0000   37.500010921.6982   27.0973
   -7.5000   37.5000   37.500010582.3545   26.9999
    0.0000   37.5000   37.500011010.2773   27.0599
    7.5000   37.5000   37.500010570.3066   27.1076
   -7.5000   45.0000   37.5000 9588.2129   26.3953
    0.0000   45.0000   37.5000 9966.1240   26.4530
    7.5000   45.0000   37.5000 9560.4541   26.4901
   -7.5000  -45.0000   45.0000 7527.8276   28.3448
    0.0000  -45.0000   45.0000 7762.7822   28.3946
    7.5000  -45.0000   45.0000 7407.0957   28.4388
   -7.5000  -37.5000   45.0000 8047.8301   28.1053
    0.0000  -37.5000   45.0000 8300.0137   28.1518
    7.5000  -37.5000   45.0000 7907.4863   28.1933
   -7.5000  -30.0000   45.0000 8881.9600   28.0246
    0.0000  -30.0000   45.0000 9189.6270   28.0645
    7.5000  -30.0000   45.0000 8727.9395   28.1157
   -7.5000  -22.5000   45.0000 9738.6934   27.9511
    0.0000  -22.5000   45.000010093.5332   27.9851
    7.5000  -22.5000   45.0000 9583.2861   28.0438
   -7.5000  -15.0000   45.000010563.0596   27.9142
    0.0000  -15.0000   45.000010949.5225   27.9516
    7.5000  -15.0000   45.000010401.4141   28.0107
   -7.5000   -7.5000   45.000011311.7969   27.9156
    0.0000   -7.5000   45.000011717.0986   27.9608
    7.5000   -7.5000   45.000011185.4268   28.0131
   -7.5000    0.0000   45.000011968.4062   27.9480
    0.0000    0.0000   45.000012395.1514   27.9961
    7.5000    0.0000   45.000011865.9531   28.0373
   -7.5000    7.5000   45.000011775.9131   27.9772
    0.0000    7.5000   45.000012197.5918   28.0232
    7.5000    7.5000   45.000011715.1963   28.0636
   -7.5000   15.0000   45.000011362.2129   27.9760
    0.0000   15.0000   45.000011763.1328   28.0158
    7.5000   15.0000   45.000011332.2275   28.0666
   -7.5000   22.5000   45.000010744.6992   27.9325
    0.0000   22.5000   45.000011126.3008   27.9666
    7.5000   22.5000   45.000010727.2725   28.0251
   -7.5000   30.0000   45.0000 9974.8066   27.5506
    0.0000   30.0000   45.000010370.2979   27.5874
    7.5000   30.0000   45.0000 9965.5498   27.6458
   -7.5000   37.5000   45.0000 9636.9824   27.5519
    0.0000   37.5000   45.000010019.7158   27.5965
    7.5000   37.5000   45.0000 9609.8916   27.6482
   -7.5000   45.0000   45.0000 8756.8076   26.9509
    0.0000   45.0000   45.0000 9096.6084   26.9972
    7.5000   45.0000   45.0000 8716.9385   27.0370

---------------------------------------------------------------------
imgreg_4dfp /opt/freesurfer/average/711-2C_as_mni_average_305 /opt/freesurfer/average/711-2B_as_mni_average_305_mask talsrcimg_g11 none talsrcimg_to_711-2C_as_mni_average_305_t4 4355
---------------------------------------------------------------------

freesurfer imgreg_4dfp.c
/opt/freesurfer/average/711-2C_as_mni_average_305.4dfp.img
       256       256       256         1
  1.000000  1.000000  1.000000
orientation T byte_order littleendian
Reading image: /opt/freesurfer/average/711-2C_as_mni_average_305.4dfp.img
dimensions:      256       256       256
mmppix:       1.0000   -1.0000   -1.0000
center:     128.0000 -129.0000 -129.0000
/opt/freesurfer/average/711-2B_as_mni_average_305_mask.4dfp.img
       256       256       256         1
  1.000000  1.000000  1.000000
orientation T byte_order littleendian
Reading mask: /opt/freesurfer/average/711-2B_as_mni_average_305_mask.4dfp.img (2306576 pixels)
talsrcimg_g11.4dfp.img
       256       256       256         1
  1.000000  1.000000  1.000000
orientation T byte_order littleendian
Reading image: talsrcimg_g11.4dfp.img
dimensions:      256       256       256
mmppix:       1.0000   -1.0000   -1.0000
center:     128.0000 -129.0000 -129.0000
rotation matrix determinant  1.000000
image alignment mode   4355 decimal     1103 hex
   -7.5000  -45.0000  -45.0000 1997.4191   33.0923
    0.0000  -45.0000  -45.0000 1990.0551   33.1573
    7.5000  -45.0000  -45.0000 1969.2864   33.9227
   -7.5000  -37.5000  -45.0000 2093.8264   30.0295
    0.0000  -37.5000  -45.0000 2082.6104   30.0813
    7.5000  -37.5000  -45.0000 2052.8481   30.7524
   -7.5000  -30.0000  -45.0000 2179.4644   27.8443
    0.0000  -30.0000  -45.0000 2171.1118   27.8767
    7.5000  -30.0000  -45.0000 2140.7676   28.4372
   -7.5000  -22.5000  -45.0000 2230.0676   26.2313
    0.0000  -22.5000  -45.0000 2223.7693   26.3041
    7.5000  -22.5000  -45.0000 2193.5083   26.7494
   -7.5000  -15.0000  -45.0000 2260.7363   25.1630
    0.0000  -15.0000  -45.0000 2258.5586   25.2073
    7.5000  -15.0000  -45.0000 2236.5657   25.6868
   -7.5000   -7.5000  -45.0000 2286.2219   24.4511
    0.0000   -7.5000  -45.0000 2289.7551   24.5408
    7.5000   -7.5000  -45.0000 2264.2312   25.0194
   -7.5000    0.0000  -45.0000 2290.6960   24.2280
    0.0000    0.0000  -45.0000 2297.6919   24.3608
    7.5000    0.0000  -45.0000 2272.8379   24.9278
   -7.5000    7.5000  -45.0000 2287.4651   24.3181
    0.0000    7.5000  -45.0000 2293.8721   24.3856
    7.5000    7.5000  -45.0000 2269.4243   24.9382
   -7.5000   15.0000  -45.0000 2276.2197   24.5777
    0.0000   15.0000  -45.0000 2275.0137   24.5627
    7.5000   15.0000  -45.0000 2252.9414   25.1387
   -7.5000   22.5000  -45.0000 2258.8655   25.3229
    0.0000   22.5000  -45.0000 2256.0588   25.2753
    7.5000   22.5000  -45.0000 2222.6104   25.8360
   -7.5000   30.0000  -45.0000 2220.1338   26.4603
    0.0000   30.0000  -45.0000 2220.5747   26.4196
    7.5000   30.0000  -45.0000 2187.0901   27.0388
   -7.5000   37.5000  -45.0000 2162.0269   28.0193
    0.0000   37.5000  -45.0000 2162.9968   27.9647
    7.5000   37.5000  -45.0000 2139.3164   28.6953
   -7.5000   45.0000  -45.0000 2070.9448   30.1310
    0.0000   45.0000  -45.0000 2076.2063   30.0606
    7.5000   45.0000  -45.0000 2052.4966   30.8748
   -7.5000  -45.0000  -37.5000 2067.8091   31.1962
    0.0000  -45.0000  -37.5000 2065.7141   31.3858
    7.5000  -45.0000  -37.5000 2041.0547   32.0183
   -7.5000  -37.5000  -37.5000 2173.3232   28.3264
    0.0000  -37.5000  -37.5000 2170.3584   28.4223
    7.5000  -37.5000  -37.5000 2139.6179   28.9009
   -7.5000  -30.0000  -37.5000 2265.0386   26.0553
    0.0000  -30.0000  -37.5000 2258.9739   26.1355
    7.5000  -30.0000  -37.5000 2228.4561   26.5753
   -7.5000  -22.5000  -37.5000 2325.5830   24.4154
    0.0000  -22.5000  -37.5000 2321.3491   24.5109
    7.5000  -22.5000  -37.5000 2286.7402   24.9507
   -7.5000  -15.0000  -37.5000 2360.7305   23.3597
    0.0000  -15.0000  -37.5000 2354.3748   23.4571
    7.5000  -15.0000  -37.5000 2314.6519   23.8490
   -7.5000   -7.5000  -37.5000 2376.5071   22.6015
    0.0000   -7.5000  -37.5000 2378.7620   22.7552
    7.5000   -7.5000  -37.5000 2344.2917   23.1763
   -7.5000    0.0000  -37.5000 2378.1462   22.3251
    0.0000    0.0000  -37.5000 2383.1904   22.4326
    7.5000    0.0000  -37.5000 2352.4622   22.9103
   -7.5000    7.5000  -37.5000 2385.5022   22.4628
    0.0000    7.5000  -37.5000 2391.7312   22.5596
    7.5000    7.5000  -37.5000 2358.8962   22.9649
   -7.5000   15.0000  -37.5000 2375.1250   22.8473
    0.0000   15.0000  -37.5000 2380.0737   22.8564
    7.5000   15.0000  -37.5000 2352.0151   23.2440
   -7.5000   22.5000  -37.5000 2356.0881   23.5429
    0.0000   22.5000  -37.5000 2357.2800   23.5034
    7.5000   22.5000  -37.5000 2325.3159   23.9630
   -7.5000   30.0000  -37.5000 2312.9468   24.6192
    0.0000   30.0000  -37.5000 2313.0176   24.5307
    7.5000   30.0000  -37.5000 2281.4238   25.0329
   -7.5000   37.5000  -37.5000 2250.5696   26.0817
    0.0000   37.5000  -37.5000 2247.9070   25.9566
    7.5000   37.5000  -37.5000 2218.9541   26.5617
   -7.5000   45.0000  -37.5000 2156.8008   28.0805
    0.0000   45.0000  -37.5000 2154.3750   27.9390
    7.5000   45.0000  -37.5000 2128.3718   28.6530
   -7.5000  -45.0000  -30.0000 2170.0374   30.4302
    0.0000  -45.0000  -30.0000 2169.2939   30.7163
    7.5000  -45.0000  -30.0000 2144.3765   31.2163
   -7.5000  -37.5000  -30.0000 2284.0217   27.5784
    0.0000  -37.5000  -30.0000 2282.5081   27.8332
    7.5000  -37.5000  -30.0000 2249.6592   28.2314
   -7.5000  -30.0000  -30.0000 2385.6565   25.3541
    0.0000  -30.0000  -30.0000 2384.9490   25.5237
    7.5000  -30.0000  -30.0000 2344.5022   25.9225
   -7.5000  -22.5000  -30.0000 2454.9670   23.5920
    0.0000  -22.5000  -30.0000 2453.3196   23.8096
    7.5000  -22.5000  -30.0000 2411.2639   24.1923
   -7.5000  -15.0000  -30.0000 2494.1074   22.3468
    0.0000  -15.0000  -30.0000 2492.6055   22.5466
    7.5000  -15.0000  -30.0000 2450.4214   22.9622
   -7.5000   -7.5000  -30.0000 2512.9092   21.5957
    0.0000   -7.5000  -30.0000 2512.8022   21.8129
    7.5000   -7.5000  -30.0000 2475.0706   22.2273
   -7.5000    0.0000  -30.0000 2512.3101   21.2835
    0.0000    0.0000  -30.0000 2516.0640   21.4578
    7.5000    0.0000  -30.0000 2485.7441   21.9015
   -7.5000    7.5000  -30.0000 2525.2036   21.4503
    0.0000    7.5000  -30.0000 2530.1016   21.5636
    7.5000    7.5000  -30.0000 2492.8235   21.9315
   -7.5000   15.0000  -30.0000 2526.0471   21.9053
    0.0000   15.0000  -30.0000 2525.0469   21.9103
    7.5000   15.0000  -30.0000 2490.0933   22.2605
   -7.5000   22.5000  -30.0000 2507.4983   22.6593
    0.0000   22.5000  -30.0000 2510.3804   22.6551
    7.5000   22.5000  -30.0000 2466.3948   22.9995
   -7.5000   30.0000  -30.0000 2460.4607   23.7255
    0.0000   30.0000  -30.0000 2464.3369   23.7255
    7.5000   30.0000  -30.0000 2422.9700   24.0798
   -7.5000   37.5000  -30.0000 2386.2219   25.0927
    0.0000   37.5000  -30.0000 2389.9456   25.0927
    7.5000   37.5000  -30.0000 2353.1133   25.5180
   -7.5000   45.0000  -30.0000 2281.4365   26.9196
    0.0000   45.0000  -30.0000 2283.6548   26.8548
    7.5000   45.0000  -30.0000 2248.2280   27.3788
   -7.5000  -45.0000  -22.5000 2250.4080   29.5254
    0.0000  -45.0000  -22.5000 2251.3184   29.9325
    7.5000  -45.0000  -22.5000 2218.4341   30.4783
   -7.5000  -37.5000  -22.5000 2370.5522   26.6493
    0.0000  -37.5000  -22.5000 2370.1421   27.0209
    7.5000  -37.5000  -22.5000 2326.4053   27.4302
   -7.5000  -30.0000  -22.5000 2476.4685   24.3949
    0.0000  -30.0000  -22.5000 2475.6099   24.6536
    7.5000  -30.0000  -22.5000 2429.1052   25.0753
   -7.5000  -22.5000  -22.5000 2550.7563   22.6497
    0.0000  -22.5000  -22.5000 2549.7983   22.8854
    7.5000  -22.5000  -22.5000 2510.9541   23.3196
   -7.5000  -15.0000  -22.5000 2599.5247   21.3657
    0.0000  -15.0000  -22.5000 2603.3171   21.6116
    7.5000  -15.0000  -22.5000 2558.9841   22.0240
   -7.5000   -7.5000  -22.5000 2623.5500   20.4910
    0.0000   -7.5000  -22.5000 2627.3606   20.7782
    7.5000   -7.5000  -22.5000 2595.2356   21.2107
   -7.5000    0.0000  -22.5000 2626.8411   20.1207
    0.0000    0.0000  -22.5000 2627.4207   20.3717
    7.5000    0.0000  -22.5000 2602.1162   20.7922
   -7.5000    7.5000  -22.5000 2637.1323   20.2725
    0.0000    7.5000  -22.5000 2643.7666   20.4418
    7.5000    7.5000  -22.5000 2603.0259   20.8209
   -7.5000   15.0000  -22.5000 2643.0479   20.8210
    0.0000   15.0000  -22.5000 2647.5039   20.9209
    7.5000   15.0000  -22.5000 2602.8887   21.2193
   -7.5000   22.5000  -22.5000 2629.7437   21.5917
    0.0000   22.5000  -22.5000 2636.5466   21.6851
    7.5000   22.5000  -22.5000 2587.1780   21.9492
   -7.5000   30.0000  -22.5000 2576.8572   22.6441
    0.0000   30.0000  -22.5000 2588.2959   22.7198
    7.5000   30.0000  -22.5000 2538.4028   23.0343
   -7.5000   37.5000  -22.5000 2498.9199   24.0131
    0.0000   37.5000  -22.5000 2512.0898   24.0744
    7.5000   37.5000  -22.5000 2467.4055   24.4680
   -7.5000   45.0000  -22.5000 2389.0420   25.7858
    0.0000   45.0000  -22.5000 2400.2649   25.8204
    7.5000   45.0000  -22.5000 2363.2126   26.2730
   -7.5000  -45.0000  -15.0000 2296.9324   28.6689
    0.0000  -45.0000  -15.0000 2295.6960   29.0628
    7.5000  -45.0000  -15.0000 2263.3853   29.6694
   -7.5000  -37.5000  -15.0000 2412.3838   25.7433
    0.0000  -37.5000  -15.0000 2414.6548   26.1037
    7.5000  -37.5000  -15.0000 2376.3389   26.6660
   -7.5000  -30.0000  -15.0000 2520.3455   23.4817
    0.0000  -30.0000  -15.0000 2526.5667   23.7818
    7.5000  -30.0000  -15.0000 2486.3147   24.3267
   -7.5000  -22.5000  -15.0000 2609.7170   21.7876
    0.0000  -22.5000  -15.0000 2617.7986   22.0772
    7.5000  -22.5000  -15.0000 2576.6021   22.5732
   -7.5000  -15.0000  -15.0000 2662.7505   20.5054
    0.0000  -15.0000  -15.0000 2671.2517   20.7752
    7.5000  -15.0000  -15.0000 2635.3379   21.2871
   -7.5000   -7.5000  -15.0000 2693.1768   19.5781
    0.0000   -7.5000  -15.0000 2704.1096   19.8798
    7.5000   -7.5000  -15.0000 2670.0508   20.3401
   -7.5000    0.0000  -15.0000 2698.0154   19.0368
    0.0000    0.0000  -15.0000 2707.1829   19.3546
    7.5000    0.0000  -15.0000 2675.9089   19.7603
   -7.5000    7.5000  -15.0000 2712.8374   19.1524
    0.0000    7.5000  -15.0000 2723.2173   19.3815
    7.5000    7.5000  -15.0000 2683.9548   19.7854
   -7.5000   15.0000  -15.0000 2717.1790   19.7539
    0.0000   15.0000  -15.0000 2728.8269   19.9124
    7.5000   15.0000  -15.0000 2683.0588   20.2455
   -7.5000   22.5000  -15.0000 2707.2058   20.5665
    0.0000   22.5000  -15.0000 2718.4026   20.7041
    7.5000   22.5000  -15.0000 2674.2329   20.9990
   -7.5000   30.0000  -15.0000 2658.3450   21.6271
    0.0000   30.0000  -15.0000 2670.4600   21.7225
    7.5000   30.0000  -15.0000 2626.1494   22.0601
   -7.5000   37.5000  -15.0000 2579.6519   22.9657
    0.0000   37.5000  -15.0000 2589.4290   23.0198
    7.5000   37.5000  -15.0000 2547.3184   23.4331
   -7.5000   45.0000  -15.0000 2462.3149   24.8140
    0.0000   45.0000  -15.0000 2469.6509   24.8199
    7.5000   45.0000  -15.0000 2435.1807   25.2904
   -7.5000  -45.0000   -7.5000 2325.6836   27.7688
    0.0000  -45.0000   -7.5000 2327.3162   28.1371
    7.5000  -45.0000   -7.5000 2301.5286   28.8288
   -7.5000  -37.5000   -7.5000 2436.3923   24.8717
    0.0000  -37.5000   -7.5000 2450.8098   25.2254
    7.5000  -37.5000   -7.5000 2422.2258   25.8829
   -7.5000  -30.0000   -7.5000 2548.6370   22.6904
    0.0000  -30.0000   -7.5000 2566.6365   23.0444
    7.5000  -30.0000   -7.5000 2533.7766   23.6101
   -7.5000  -22.5000   -7.5000 2646.7004   21.0659
    0.0000  -22.5000   -7.5000 2662.7859   21.3388
    7.5000  -22.5000   -7.5000 2631.0532   21.9409
   -7.5000  -15.0000   -7.5000 2708.7817   19.8038
    0.0000  -15.0000   -7.5000 2725.6470   20.0543
    7.5000  -15.0000   -7.5000 2693.5049   20.6646
   -7.5000   -7.5000   -7.5000 2750.7610   18.8462
    0.0000   -7.5000   -7.5000 2768.7903   19.1189
    7.5000   -7.5000   -7.5000 2725.9031   19.6746
   -7.5000    0.0000   -7.5000 2755.0286   18.1087
    0.0000    0.0000   -7.5000 2771.1052   18.4160
    7.5000    0.0000   -7.5000 2738.9819   19.0100
   -7.5000    7.5000   -7.5000 2778.5186   18.2219
    0.0000    7.5000   -7.5000 2787.4783   18.4023
    7.5000    7.5000   -7.5000 2758.9500   18.9878
   -7.5000   15.0000   -7.5000 2788.1833   18.8371
    0.0000   15.0000   -7.5000 2803.9883   18.9764
    7.5000   15.0000   -7.5000 2756.7844   19.3929
   -7.5000   22.5000   -7.5000 2773.4207   19.6584
    0.0000   22.5000   -7.5000 2784.2402   19.7310
    7.5000   22.5000   -7.5000 2741.4561   20.1458
   -7.5000   30.0000   -7.5000 2723.6497   20.7091
    0.0000   30.0000   -7.5000 2732.0071   20.7341
    7.5000   30.0000   -7.5000 2693.2607   21.1688
   -7.5000   37.5000   -7.5000 2641.1589   22.1400
    0.0000   37.5000   -7.5000 2649.5356   22.1497
    7.5000   37.5000   -7.5000 2604.9482   22.6029
   -7.5000   45.0000   -7.5000 2521.1982   24.0366
    0.0000   45.0000   -7.5000 2527.6980   24.0522
    7.5000   45.0000   -7.5000 2487.2219   24.5295
   -7.5000  -45.0000    0.0000 2321.6252   26.8988
    0.0000  -45.0000    0.0000 2330.4360   27.2502
    7.5000  -45.0000    0.0000 2315.4993   28.0978
   -7.5000  -37.5000    0.0000 2443.0059   24.1176
    0.0000  -37.5000    0.0000 2453.0859   24.4075
    7.5000  -37.5000    0.0000 2439.4692   25.2894
   -7.5000  -30.0000    0.0000 2562.2219   22.0033
    0.0000  -30.0000    0.0000 2575.2673   22.2529
    7.5000  -30.0000    0.0000 2552.8330   23.0898
   -7.5000  -22.5000    0.0000 2663.7358   20.4431
    0.0000  -22.5000    0.0000 2678.1731   20.6811
    7.5000  -22.5000    0.0000 2647.0776   21.4448
   -7.5000  -15.0000    0.0000 2730.5007   19.2719
    0.0000  -15.0000    0.0000 2744.5952   19.4759
    7.5000  -15.0000    0.0000 2716.8149   20.2169
   -7.5000   -7.5000    0.0000 2787.2312   18.3707
    0.0000   -7.5000    0.0000 2804.3567   18.5671
    7.5000   -7.5000    0.0000 2769.1348   19.3065
   -7.5000    0.0000    0.0000 2799.1250   17.4897
    0.0000    0.0000    0.0000 2820.2466   17.7445
    7.5000    0.0000    0.0000 2794.6331   18.6597
   -7.5000    7.5000    0.0000 2813.9380   17.4603
    0.0000    7.5000    0.0000 2826.6631   17.5531
    7.5000    7.5000    0.0000 2809.5986   18.5327
   -7.5000   15.0000    0.0000 2821.7039   18.1073
    0.0000   15.0000    0.0000 2845.1289   18.1703
    7.5000   15.0000    0.0000 2809.1069   18.8752
   -7.5000   22.5000    0.0000 2803.2949   18.9760
    0.0000   22.5000    0.0000 2820.5049   18.9555
    7.5000   22.5000    0.0000 2781.3550   19.6286
   -7.5000   30.0000    0.0000 2753.0557   20.0477
    0.0000   30.0000    0.0000 2765.1609   20.0884
    7.5000   30.0000    0.0000 2725.0222   20.6489
   -7.5000   37.5000    0.0000 2669.2739   21.5047
    0.0000   37.5000    0.0000 2677.2534   21.5571
    7.5000   37.5000    0.0000 2642.5427   22.0897
   -7.5000   45.0000    0.0000 2550.0371   23.4177
    0.0000   45.0000    0.0000 2555.9370   23.4713
    7.5000   45.0000    0.0000 2524.0645   24.0215
   -7.5000  -45.0000    7.5000 2318.8032   26.3765
    0.0000  -45.0000    7.5000 2326.9119   26.5446
    7.5000  -45.0000    7.5000 2312.1035   27.6319
   -7.5000  -37.5000    7.5000 2440.8333   23.6914
    0.0000  -37.5000    7.5000 2446.5544   23.7669
    7.5000  -37.5000    7.5000 2431.7334   24.8525
   -7.5000  -30.0000    7.5000 2556.7734   21.5713
    0.0000  -30.0000    7.5000 2562.4941   21.6570
    7.5000  -30.0000    7.5000 2542.3979   22.7098
   -7.5000  -22.5000    7.5000 2658.0940   20.0237
    0.0000  -22.5000    7.5000 2670.4021   20.1221
    7.5000  -22.5000    7.5000 2639.9072   21.0535
   -7.5000  -15.0000    7.5000 2735.2490   18.8695
    0.0000  -15.0000    7.5000 2747.1941   18.9974
    7.5000  -15.0000    7.5000 2722.3577   19.8837
   -7.5000   -7.5000    7.5000 2795.0754   18.0434
    0.0000   -7.5000    7.5000 2811.9863   18.1787
    7.5000   -7.5000    7.5000 2788.3418   19.0999
   -7.5000    0.0000    7.5000 2827.4216   17.3110
    0.0000    0.0000    7.5000 2853.3281   17.4425
    7.5000    0.0000    7.5000 2836.8884   18.6341
   -7.5000    7.5000    7.5000 2829.9968   17.0752
    0.0000    7.5000    7.5000 2850.0813   17.1121
    7.5000    7.5000    7.5000 2850.4736   18.4618
   -7.5000   15.0000    7.5000 2841.3281   17.6058
    0.0000   15.0000    7.5000 2852.0896   17.5941
    7.5000   15.0000    7.5000 2828.1929   18.5697
   -7.5000   22.5000    7.5000 2813.0698   18.5600
    0.0000   22.5000    7.5000 2832.0884   18.5791
    7.5000   22.5000    7.5000 2793.1729   19.2087
   -7.5000   30.0000    7.5000 2754.3459   19.7211
    0.0000   30.0000    7.5000 2765.7253   19.7727
    7.5000   30.0000    7.5000 2726.7258   20.2802
   -7.5000   37.5000    7.5000 2666.7502   21.2140
    0.0000   37.5000    7.5000 2676.2954   21.2131
    7.5000   37.5000    7.5000 2639.8301   21.7252
   -7.5000   45.0000    7.5000 2553.1677   23.1310
    0.0000   45.0000    7.5000 2560.8140   23.1112
    7.5000   45.0000    7.5000 2522.4216   23.6335
   -7.5000  -45.0000   15.0000 2325.8926   26.5067
    0.0000  -45.0000   15.0000 2318.7354   26.4117
    7.5000  -45.0000   15.0000 2307.9924   27.6425
   -7.5000  -37.5000   15.0000 2448.4443   23.8569
    0.0000  -37.5000   15.0000 2441.6213   23.7692
    7.5000  -37.5000   15.0000 2431.1885   24.9493
   -7.5000  -30.0000   15.0000 2554.6333   21.6798
    0.0000  -30.0000   15.0000 2556.6018   21.6384
    7.5000  -30.0000   15.0000 2540.2649   22.7871
   -7.5000  -22.5000   15.0000 2640.8552   19.9736
    0.0000  -22.5000   15.0000 2650.7827   19.9660
    7.5000  -22.5000   15.0000 2643.4075   21.0719
   -7.5000  -15.0000   15.0000 2709.5142   18.8469
    0.0000  -15.0000   15.0000 2732.2380   18.8654
    7.5000  -15.0000   15.0000 2730.5164   19.9452
   -7.5000   -7.5000   15.0000 2787.0764   18.2014
    0.0000   -7.5000   15.0000 2817.1414   18.2305
    7.5000   -7.5000   15.0000 2806.3926   19.2311
   -7.5000    0.0000   15.0000 2845.0544   17.6989
    0.0000    0.0000   15.0000 2880.5007   17.7417
    7.5000    0.0000   15.0000 2854.2866   18.7822
   -7.5000    7.5000   15.0000 2877.9370   17.7883
    0.0000    7.5000   15.0000 2891.2004   17.7147
    7.5000    7.5000   15.0000 2869.8000   18.6968
   -7.5000   15.0000   15.0000 2863.1438   18.1094
    0.0000   15.0000   15.0000 2890.2764   18.1614
    7.5000   15.0000   15.0000 2847.7231   18.8122
   -7.5000   22.5000   15.0000 2822.9827   18.8028
    0.0000   22.5000   15.0000 2856.6763   18.8680
    7.5000   22.5000   15.0000 2808.4614   19.4268
   -7.5000   30.0000   15.0000 2745.0044   19.8778
    0.0000   30.0000   15.0000 2775.2209   19.9828
    7.5000   30.0000   15.0000 2736.6724   20.4929
   -7.5000   37.5000   15.0000 2651.4932   21.3367
    0.0000   37.5000   15.0000 2673.2573   21.4449
    7.5000   37.5000   15.0000 2642.6687   21.9359
   -7.5000   45.0000   15.0000 2541.1504   23.2199
    0.0000   45.0000   15.0000 2553.1560   23.2941
    7.5000   45.0000   15.0000 2522.1384   23.7954
   -7.5000  -45.0000   22.5000 2318.9922   26.9032
    0.0000  -45.0000   22.5000 2320.6792   26.7211
    7.5000  -45.0000   22.5000 2303.7712   28.0117
   -7.5000  -37.5000   22.5000 2433.2246   24.2157
    0.0000  -37.5000   22.5000 2439.5273   24.0928
    7.5000  -37.5000   22.5000 2428.8591   25.2956
   -7.5000  -30.0000   22.5000 2536.1895   22.1475
    0.0000  -30.0000   22.5000 2547.0869   22.0255
    7.5000  -30.0000   22.5000 2540.6013   23.1833
   -7.5000  -22.5000   22.5000 2635.6270   20.5616
    0.0000  -22.5000   22.5000 2648.1055   20.5206
    7.5000  -22.5000   22.5000 2641.1289   21.5759
   -7.5000  -15.0000   22.5000 2724.7222   19.6117
    0.0000  -15.0000   22.5000 2743.3201   19.5732
    7.5000  -15.0000   22.5000 2735.1040   20.5098
   -7.5000   -7.5000   22.5000 2795.4436   18.9747
    0.0000   -7.5000   22.5000 2823.5774   18.9492
    7.5000   -7.5000   22.5000 2802.2361   19.7730
   -7.5000    0.0000   22.5000 2849.5166   18.5131
    0.0000    0.0000   22.5000 2867.7380   18.4154
    7.5000    0.0000   22.5000 2848.8071   19.3166
   -7.5000    7.5000   22.5000 2874.7666   18.6947
    0.0000    7.5000   22.5000 2894.8438   18.6364
    7.5000    7.5000   22.5000 2862.9373   19.2838
   -7.5000   15.0000   22.5000 2862.4619   19.1891
    0.0000   15.0000   22.5000 2878.4119   19.1195
    7.5000   15.0000   22.5000 2853.2837   19.6621
   -7.5000   22.5000   22.5000 2808.7722   19.8052
    0.0000   22.5000   22.5000 2836.1731   19.7724
    7.5000   22.5000   22.5000 2803.2019   20.3190
   -7.5000   30.0000   22.5000 2738.9749   20.7671
    0.0000   30.0000   22.5000 2771.0278   20.8401
    7.5000   30.0000   22.5000 2735.9626   21.3245
   -7.5000   37.5000   22.5000 2634.8809   22.0738
    0.0000   37.5000   22.5000 2660.4011   22.1838
    7.5000   37.5000   22.5000 2631.8174   22.6779
   -7.5000   45.0000   22.5000 2517.9004   23.8166
    0.0000   45.0000   22.5000 2537.5781   23.8569
    7.5000   45.0000   22.5000 2515.9714   24.3936
   -7.5000  -45.0000   30.0000 2297.8767   27.7986
    0.0000  -45.0000   30.0000 2306.4792   27.7015
    7.5000  -45.0000   30.0000 2299.1018   28.8255
   -7.5000  -37.5000   30.0000 2415.2019   25.2096
    0.0000  -37.5000   30.0000 2419.7698   25.1124
    7.5000  -37.5000   30.0000 2410.5945   26.0697
   -7.5000  -30.0000   30.0000 2523.1216   23.2452
    0.0000  -30.0000   30.0000 2532.0938   23.1583
    7.5000  -30.0000   30.0000 2510.1562   23.9956
   -7.5000  -22.5000   30.0000 2626.3137   21.6984
    0.0000  -22.5000   30.0000 2634.0791   21.5998
    7.5000  -22.5000   30.0000 2612.1045   22.4146
   -7.5000  -15.0000   30.0000 2713.9763   20.5238
    0.0000  -15.0000   30.0000 2730.6094   20.4183
    7.5000  -15.0000   30.0000 2705.5356   21.1597
   -7.5000   -7.5000   30.0000 2772.5356   19.6917
    0.0000   -7.5000   30.0000 2782.3608   19.5518
    7.5000   -7.5000   30.0000 2765.5486   20.3675
   -7.5000    0.0000   30.0000 2811.9160   19.2705
    0.0000    0.0000   30.0000 2825.1912   19.2442
    7.5000    0.0000   30.0000 2805.1782   19.9203
   -7.5000    7.5000   30.0000 2829.2341   19.5604
    0.0000    7.5000   30.0000 2851.8770   19.5205
    7.5000    7.5000   30.0000 2826.3323   20.0301
   -7.5000   15.0000   30.0000 2811.2214   20.1705
    0.0000   15.0000   30.0000 2827.2969   20.1035
    7.5000   15.0000   30.0000 2802.9045   20.5357
   -7.5000   22.5000   30.0000 2758.4351   20.8753
    0.0000   22.5000   30.0000 2778.2041   20.7997
    7.5000   22.5000   30.0000 2759.2056   21.3116
   -7.5000   30.0000   30.0000 2683.5583   21.8261
    0.0000   30.0000   30.0000 2714.0859   21.7772
    7.5000   30.0000   30.0000 2687.2532   22.3161
   -7.5000   37.5000   30.0000 2593.3638   23.1779
    0.0000   37.5000   30.0000 2621.2197   23.1839
    7.5000   37.5000   30.0000 2592.8169   23.6428
   -7.5000   45.0000   30.0000 2481.0398   24.8855
    0.0000   45.0000   30.0000 2502.2717   24.8783
    7.5000   45.0000   30.0000 2482.6775   25.3619
   -7.5000  -45.0000   37.5000 2286.0549   29.4213
    0.0000  -45.0000   37.5000 2287.8828   29.2927
    7.5000  -45.0000   37.5000 2272.0908   30.1651
   -7.5000  -37.5000   37.5000 2393.9255   26.7217
    0.0000  -37.5000   37.5000 2398.4756   26.6125
    7.5000  -37.5000   37.5000 2376.3726   27.2566
   -7.5000  -30.0000   37.5000 2488.6448   24.5568
    0.0000  -30.0000   37.5000 2495.5776   24.4521
    7.5000  -30.0000   37.5000 2469.0674   25.0864
   -7.5000  -22.5000   37.5000 2582.5757   22.8238
    0.0000  -22.5000   37.5000 2596.3345   22.7136
    7.5000  -22.5000   37.5000 2565.4795   23.3231
   -7.5000  -15.0000   37.5000 2670.3376   21.4127
    0.0000  -15.0000   37.5000 2687.8506   21.2604
    7.5000  -15.0000   37.5000 2658.9963   21.9521
   -7.5000   -7.5000   37.5000 2728.7485   20.5459
    0.0000   -7.5000   37.5000 2746.6721   20.3981
    7.5000   -7.5000   37.5000 2716.7112   21.1121
   -7.5000    0.0000   37.5000 2761.3391   20.2755
    0.0000    0.0000   37.5000 2775.7419   20.2230
    7.5000    0.0000   37.5000 2758.0759   20.8012
   -7.5000    7.5000   37.5000 2766.3284   20.6184
    0.0000    7.5000   37.5000 2790.5176   20.4989
    7.5000    7.5000   37.5000 2772.2495   20.9882
   -7.5000   15.0000   37.5000 2735.7473   21.2861
    0.0000   15.0000   37.5000 2760.0967   21.1775
    7.5000   15.0000   37.5000 2742.5159   21.6231
   -7.5000   22.5000   37.5000 2690.6626   22.0988
    0.0000   22.5000   37.5000 2711.5791   21.9925
    7.5000   22.5000   37.5000 2693.5850   22.4606
   -7.5000   30.0000   37.5000 2621.8650   23.0894
    0.0000   30.0000   37.5000 2651.8804   23.0027
    7.5000   30.0000   37.5000 2621.7180   23.4833
   -7.5000   37.5000   37.5000 2528.6531   24.3608
    0.0000   37.5000   37.5000 2561.6450   24.3556
    7.5000   37.5000   37.5000 2540.9878   24.8386
   -7.5000   45.0000   37.5000 2421.1023   26.1136
    0.0000   45.0000   37.5000 2441.0186   26.1062
    7.5000   45.0000   37.5000 2423.2229   26.5507
   -7.5000  -45.0000   45.0000 2235.1907   31.0749
    0.0000  -45.0000   45.0000 2237.1333   30.8945
    7.5000  -45.0000   45.0000 2214.4280   31.5781
   -7.5000  -37.5000   45.0000 2332.9722   28.2059
    0.0000  -37.5000   45.0000 2335.9253   28.0534
    7.5000  -37.5000   45.0000 2313.8401   28.6129
   -7.5000  -30.0000   45.0000 2425.1838   25.9495
    0.0000  -30.0000   45.0000 2438.1736   25.8137
    7.5000  -30.0000   45.0000 2405.9019   26.3196
   -7.5000  -22.5000   45.0000 2521.2341   24.1174
    0.0000  -22.5000   45.0000 2540.3701   23.9647
    7.5000  -22.5000   45.0000 2503.6445   24.4614
   -7.5000  -15.0000   45.0000 2604.9294   22.5783
    0.0000  -15.0000   45.0000 2628.8616   22.3969
    7.5000  -15.0000   45.0000 2587.7305   22.9523
   -7.5000   -7.5000   45.0000 2660.5569   21.6600
    0.0000   -7.5000   45.0000 2686.8140   21.5621
    7.5000   -7.5000   45.0000 2652.6646   22.1227
   -7.5000    0.0000   45.0000 2683.2266   21.4215
    0.0000    0.0000   45.0000 2707.2793   21.3163
    7.5000    0.0000   45.0000 2686.6143   21.8299
   -7.5000    7.5000   45.0000 2687.9182   21.7487
    0.0000    7.5000   45.0000 2717.5889   21.6338
    7.5000    7.5000   45.0000 2700.5798   22.0630
   -7.5000   15.0000   45.0000 2656.1648   22.5335
    0.0000   15.0000   45.0000 2680.6040   22.4351
    7.5000   15.0000   45.0000 2666.9165   22.8390
   -7.5000   22.5000   45.0000 2607.6951   23.4733
    0.0000   22.5000   45.0000 2627.9790   23.3591
    7.5000   22.5000   45.0000 2615.9539   23.7834
   -7.5000   30.0000   45.0000 2539.2793   24.5003
    0.0000   30.0000   45.0000 2571.8308   24.4180
    7.5000   30.0000   45.0000 2552.8091   24.8291
   -7.5000   37.5000   45.0000 2458.3035   25.8529
    0.0000   37.5000   45.0000 2487.0767   25.7417
    7.5000   37.5000   45.0000 2469.5552   26.1644
   -7.5000   45.0000   45.0000 2349.5352   27.6136
    0.0000   45.0000   45.0000 2371.5938   27.5324
    7.5000   45.0000   45.0000 2359.7310   27.9675

---------------------------------------------------------------------
imgreg_4dfp /opt/freesurfer/average/711-2C_as_mni_average_305 /opt/freesurfer/average/711-2B_as_mni_average_305_mask talsrcimg_g11 none talsrcimg_to_711-2C_as_mni_average_305_t4 1283
---------------------------------------------------------------------

freesurfer imgreg_4dfp.c
/opt/freesurfer/average/711-2C_as_mni_average_305.4dfp.img
       256       256       256         1
  1.000000  1.000000  1.000000
orientation T byte_order littleendian
Reading image: /opt/freesurfer/average/711-2C_as_mni_average_305.4dfp.img
dimensions:      256       256       256
mmppix:       1.0000   -1.0000   -1.0000
center:     128.0000 -129.0000 -129.0000
/opt/freesurfer/average/711-2B_as_mni_average_305_mask.4dfp.img
       256       256       256         1
  1.000000  1.000000  1.000000
orientation T byte_order littleendian
Reading mask: /opt/freesurfer/average/711-2B_as_mni_average_305_mask.4dfp.img (2306576 pixels)
talsrcimg_g11.4dfp.img
       256       256       256         1
  1.000000  1.000000  1.000000
orientation T byte_order littleendian
Reading image: talsrcimg_g11.4dfp.img
dimensions:      256       256       256
mmppix:       1.0000   -1.0000   -1.0000
center:     128.0000 -129.0000 -129.0000
rotation matrix determinant  1.000000
fimgreg.f
image alignment mode   1283 decimal      503 hex
parameters
    0.0000    7.5000   22.5000    0.0000    0.0000    0.0000
eta,q 0.90923 18.62207
niter,ni,del,rscale     5    3   12.0000    1.2000
parameter  3 26.415915 ->  0.500000 qaram    1.1500
parameter  4-46.499874 -> -0.500000 qaram    1.1500
parameters
    0.4459   10.1192   19.0500    3.4500   -1.9182   -2.6747
eta,q 0.91474 18.58651
  0.1017  0.0970  0.0877  0.0906  0.0897  0.0867
  0.1007  0.0962  0.0875  0.0904  0.0879  0.0854
  0.0979  0.0937  0.0909  0.0898  0.0862  0.0854
  0.0946  0.0933  0.0931  0.0886  0.0869  0.0862
  0.0932  0.0933  0.0947  0.0874  0.0902  0.0874
  0.0970  0.0920  0.0963  0.0867  0.0930  0.0892
  0.1023  0.0939  0.0983  0.0866  0.0948  0.0911
niter,ni,del,rscale     6    3   12.0000    1.2000
parameter  4 -0.694672 -> -0.500000 qaram    1.3225
parameters
   -0.3327    8.5059   19.0344    7.4175   -1.7497   -2.3349
eta,q 0.91744 18.42704
  0.0946  0.0903  0.0970  0.0919  0.0901  0.0880
  0.0926  0.0873  0.0887  0.0898  0.0882  0.0853
  0.0881  0.0841  0.0834  0.0868  0.0857  0.0833
  0.0853  0.0859  0.0839  0.0839  0.0827  0.0825
  0.0888  0.0906  0.0876  0.0828  0.0828  0.0829
  0.0959  0.0928  0.0908  0.0828  0.0866  0.0845
  0.1016  0.0954  0.0943  0.0832  0.0909  0.0869
niter,ni,del,rscale     6    3   12.0000    1.2000
parameters
   -0.5751    7.2670   19.2254    8.0019   -2.1379   -1.8979
eta,q 0.91778 18.39865
  0.0929  0.0891  0.0969  0.0917  0.0883  0.0888
  0.0907  0.0858  0.0899  0.0876  0.0867  0.0858
  0.0869  0.0821  0.0822  0.0839  0.0845  0.0834
  0.0826  0.0829  0.0817  0.0819  0.0819  0.0822
  0.0834  0.0872  0.0841  0.0830  0.0827  0.0827
  0.0899  0.0906  0.0889  0.0856  0.0869  0.0846
  0.0977  0.0962  0.0946  0.0895  0.0918  0.0873
niter,ni,del,rscale     5    3   12.0000    1.2000
parameters
   -0.5433    6.9436   19.3214    8.2455   -2.3190   -1.7662
eta,q 0.91763 18.39465
  0.0944  0.0908  0.0966  0.0918  0.0887  0.0885
  0.0903  0.0878  0.0895  0.0879  0.0867  0.0856
  0.0863  0.0841  0.0822  0.0839  0.0849  0.0833
  0.0822  0.0822  0.0822  0.0822  0.0822  0.0824
  0.0820  0.0850  0.0840  0.0837  0.0824  0.0831
  0.0886  0.0889  0.0891  0.0868  0.0861  0.0853
  0.0965  0.0927  0.0951  0.0909  0.0913  0.0880
niter,ni,del,rscale     4    3   12.0000    1.2000
parameters
   -0.5073    6.8566   19.3663    8.3388   -2.3599   -1.7284
eta,q 0.91760 18.39668
  0.0947  0.0914  0.0966  0.0918  0.0890  0.0884
  0.0903  0.0882  0.0894  0.0878  0.0867  0.0855
  0.0862  0.0847  0.0823  0.0838  0.0851  0.0832
  0.0824  0.0823  0.0823  0.0824  0.0824  0.0824
  0.0822  0.0845  0.0841  0.0840  0.0823  0.0833
  0.0887  0.0884  0.0894  0.0872  0.0857  0.0855
  0.0966  0.0921  0.0954  0.0915  0.0910  0.0881
niter,ni,del,rscale     3    3   12.0000    1.2000
parameters
   -0.4937    6.8352   19.3882    8.3720   -2.3713   -1.7117
eta,q 0.91759 18.39840
  0.0947  0.0916  0.0965  0.0918  0.0891  0.0883
  0.0902  0.0883  0.0894  0.0878  0.0868  0.0854
  0.0862  0.0848  0.0824  0.0838  0.0852  0.0832
  0.0824  0.0824  0.0824  0.0824  0.0824  0.0824
  0.0823  0.0843  0.0841  0.0841  0.0823  0.0833
  0.0889  0.0883  0.0896  0.0874  0.0856  0.0855
  0.0967  0.0920  0.0956  0.0917  0.0909  0.0881
registration optimization eta report
parameter search radius
    6.0000    6.0000    6.9000    7.9350    6.0000    6.0000
100000*second partial in parameter space
       36.       24.       30.       14.       20.       16.
  0.0947  0.0916  0.0965  0.0918  0.0891  0.0883
  0.0902  0.0883  0.0894  0.0878  0.0868  0.0854
  0.0862  0.0848  0.0824  0.0838  0.0852  0.0832
  0.0824  0.0824  0.0824  0.0824  0.0824  0.0824
  0.0823  0.0843  0.0841  0.0841  0.0823  0.0833
  0.0889  0.0883  0.0896  0.0874  0.0856  0.0855
  0.0967  0.0920  0.0956  0.0917  0.0909  0.0881
   -0.4937    6.8352   19.3882    8.3720   -2.3713   -1.7117
eta,q 0.91759 18.39840

---------------------------------------------------------------------
imgreg_4dfp /opt/freesurfer/average/711-2C_as_mni_average_305 /opt/freesurfer/average/711-2B_as_mni_average_305_mask talsrcimg_g11 none talsrcimg_to_711-2C_as_mni_average_305_t4 3335
---------------------------------------------------------------------

freesurfer imgreg_4dfp.c
/opt/freesurfer/average/711-2C_as_mni_average_305.4dfp.img
       256       256       256         1
  1.000000  1.000000  1.000000
orientation T byte_order littleendian
Reading image: /opt/freesurfer/average/711-2C_as_mni_average_305.4dfp.img
dimensions:      256       256       256
mmppix:       1.0000   -1.0000   -1.0000
center:     128.0000 -129.0000 -129.0000
/opt/freesurfer/average/711-2B_as_mni_average_305_mask.4dfp.img
       256       256       256         1
  1.000000  1.000000  1.000000
orientation T byte_order littleendian
Reading mask: /opt/freesurfer/average/711-2B_as_mni_average_305_mask.4dfp.img (2306576 pixels)
talsrcimg_g11.4dfp.img
       256       256       256         1
  1.000000  1.000000  1.000000
orientation T byte_order littleendian
Reading image: talsrcimg_g11.4dfp.img
dimensions:      256       256       256
mmppix:       1.0000   -1.0000   -1.0000
center:     128.0000 -129.0000 -129.0000
fimgreg.f
image alignment mode   3335 decimal      D07 hex
parameters
   -0.4937    6.8352   19.3882   -0.1302   -1.1278   -1.1504
    3.5574    3.6568   -2.9845  -14.6757   -4.1376   14.5475
eta,q 0.91283 18.37484
niter,ni,del,rscale     5    3    5.0000    1.2000
parameter  4  3.448670 ->  0.500000 qaram    1.1500
parameter  5  1.289331 ->  0.500000 qaram    1.1500
parameter  9  0.943973 ->  0.500000 qaram    1.1500
parameter 10 -1.507869 -> -0.500000 qaram    1.1500
parameter 12 -2.520153 -> -0.500000 qaram    1.1500
parameters
   -1.1251    7.9954   19.6143   -4.2702   -5.2678   -2.5128
    0.5346    3.2667   -7.1245  -10.5357   -2.1026   18.6875
eta,q 0.92433 18.01285
  0.0879  0.0886  0.0884  0.0780  0.0790  0.0824  0.0805  0.0832  0.0796  0.0861  0.0786  0.0807
  0.0873  0.0880  0.0875  0.0806  0.0797  0.0815  0.0802  0.0813  0.0796  0.0835  0.0779  0.0795
  0.0871  0.0875  0.0870  0.0836  0.0805  0.0806  0.0801  0.0802  0.0797  0.0814  0.0775  0.0784
  0.0872  0.0871  0.0869  0.0869  0.0814  0.0800  0.0804  0.0801  0.0801  0.0796  0.0773  0.0773
  0.0876  0.0869  0.0870  0.0905  0.0829  0.0801  0.0808  0.0808  0.0806  0.0782  0.0773  0.0763
  0.0885  0.0869  0.0873  0.0944  0.0848  0.0826  0.0813  0.0821  0.0813  0.0771  0.0774  0.0755
  0.0895  0.0871  0.0878  0.0987  0.0870  0.0882  0.0819  0.0837  0.0819  0.0763  0.0776  0.0750
niter,ni,del,rscale     7    3    5.0000    1.2000
parameter  2 -0.823273 -> -0.500000 qaram    1.1500
parameter  3  0.866548 ->  0.500000 qaram    1.1500
parameter  4  2.198951 ->  0.500000 qaram    1.3225
parameter  5  1.161244 ->  0.500000 qaram    1.3225
parameter 10 -3.274381 -> -0.500000 qaram    1.3225
parameter 12 -0.729739 -> -0.500000 qaram    1.3225
parameters
   -0.8266    9.3754   18.2343   -9.0312  -10.0288   -2.3205
    3.6792    3.2928   -6.5358   -5.7747   -1.8624   23.4485
eta,q 0.93474 17.65827
  0.0773  0.0781  0.0745  0.0669  0.0675  0.0709  0.0704  0.0709  0.0690  0.0737  0.0664  0.0680
  0.0765  0.0772  0.0745  0.0687  0.0685  0.0704  0.0696  0.0692  0.0687  0.0717  0.0659  0.0673
  0.0759  0.0763  0.0747  0.0713  0.0689  0.0697  0.0690  0.0683  0.0685  0.0699  0.0658  0.0666
  0.0757  0.0756  0.0751  0.0746  0.0694  0.0687  0.0686  0.0683  0.0684  0.0684  0.0658  0.0658
  0.0758  0.0753  0.0758  0.0786  0.0703  0.0679  0.0683  0.0687  0.0685  0.0668  0.0659  0.0654
  0.0761  0.0751  0.0766  0.0826  0.0717  0.0690  0.0684  0.0692  0.0686  0.0655  0.0661  0.0653
  0.0766  0.0751  0.0774  0.0870  0.0738  0.0720  0.0687  0.0707  0.0688  0.0644  0.0661  0.0656
niter,ni,del,rscale     7    3    5.0000    1.2000
parameter  4  1.032085 ->  0.500000 qaram    1.5209
parameter  5  1.766154 ->  0.500000 qaram    1.5209
parameter  9 -0.932378 -> -0.500000 qaram    1.3225
parameter 10 -5.398958 -> -0.500000 qaram    1.5209
parameter 11 -1.043156 -> -0.500000 qaram    1.1500
parameter 12  0.702596 ->  0.500000 qaram    1.5209
parameters
   -0.7872   10.3939   17.3688  -14.5064  -15.5039   -3.7362
    5.7049    5.4961   -1.7748   -0.2996    2.2776   17.9734
eta,q 0.94244 17.21840
  0.0670  0.0665  0.0656  0.0603  0.0600  0.0622  0.0630  0.0628  0.0626  0.0655  0.0590  0.0573
  0.0661  0.0659  0.0650  0.0614  0.0608  0.0620  0.0622  0.0619  0.0620  0.0639  0.0587  0.0575
  0.0655  0.0655  0.0650  0.0630  0.0613  0.0615  0.0616  0.0615  0.0615  0.0624  0.0585  0.0577
  0.0653  0.0653  0.0652  0.0650  0.0618  0.0610  0.0613  0.0612  0.0612  0.0608  0.0583  0.0581
  0.0654  0.0652  0.0655  0.0683  0.0620  0.0609  0.0612  0.0612  0.0610  0.0594  0.0582  0.0588
  0.0660  0.0652  0.0660  0.0729  0.0629  0.0625  0.0614  0.0613  0.0608  0.0580  0.0581  0.0600
  0.0669  0.0654  0.0668  0.0784  0.0645  0.0660  0.0618  0.0615  0.0608  0.0570  0.0581  0.0620
niter,ni,del,rscale     7    3    5.0000    1.2000
parameter  3  9.249964 ->  0.500000 qaram    1.3225
parameter  5  2.396381 ->  0.500000 qaram    1.7490
parameter  6 10.185323 ->  0.500000 qaram    1.1500
parameter  9  0.804254 ->  0.500000 qaram    1.5209
parameter 10 -1.000592 -> -0.500000 qaram    1.7490
parameter 12  4.539712 ->  0.500000 qaram    1.7490
parameters
   -0.2646    9.9257   15.7818  -19.3135  -21.8004   -7.8762
    3.4729    5.9202   -7.2500    5.9969    4.2402   11.6769
eta,q 0.95046 16.83511
  0.0602  0.0579  0.0550  0.0558  0.0531  0.0501  0.0530  0.0536  0.0515  0.0524  0.0518  0.0490
  0.0589  0.0576  0.0557  0.0553  0.0533  0.0519  0.0524  0.0528  0.0513  0.0521  0.0514  0.0494
  0.0580  0.0575  0.0566  0.0553  0.0541  0.0531  0.0521  0.0523  0.0515  0.0516  0.0512  0.0501
  0.0576  0.0575  0.0575  0.0559  0.0552  0.0535  0.0523  0.0521  0.0521  0.0513  0.0510  0.0510
  0.0575  0.0577  0.0584  0.0574  0.0564  0.0539  0.0529  0.0523  0.0530  0.0511  0.0510  0.0519
  0.0579  0.0579  0.0593  0.0614  0.0575  0.0550  0.0539  0.0527  0.0540  0.0510  0.0511  0.0528
  0.0586  0.0582  0.0603  0.0684  0.0585  0.0572  0.0551  0.0533  0.0551  0.0510  0.0513  0.0534
niter,ni,del,rscale     7    3    5.0000    1.2000
parameter  2 -0.736910 -> -0.500000 qaram    1.3225
parameter  3 -5.157647 ->  0.500000 qaram    1.5209
parameter  6 -1.986775 ->  0.500000 qaram    1.3225
parameter 11  0.903032 ->  0.500000 qaram    1.3225
parameter 12  0.544299 ->  0.500000 qaram    2.0114
parameters
   -0.7217   11.5127   13.9568  -20.2917  -25.7068  -12.6372
    3.7494    3.3719   -6.1385    3.1091   -0.5208    4.4360
eta,q 0.96270 16.65204
  0.0508  0.0536  0.0417  0.0477  0.0467  0.0363  0.0417  0.0405  0.0425  0.0419  0.0382  0.0379
  0.0499  0.0519  0.0441  0.0461  0.0454  0.0388  0.0406  0.0395  0.0410  0.0401  0.0381  0.0374
  0.0495  0.0505  0.0464  0.0450  0.0446  0.0417  0.0399  0.0392  0.0398  0.0390  0.0383  0.0373
  0.0495  0.0495  0.0486  0.0447  0.0447  0.0445  0.0396  0.0396  0.0392  0.0391  0.0389  0.0381
  0.0500  0.0488  0.0506  0.0453  0.0465  0.0463  0.0398  0.0406  0.0393  0.0407  0.0397  0.0399
  0.0510  0.0486  0.0525  0.0464  0.0492  0.0474  0.0404  0.0421  0.0401  0.0431  0.0407  0.0423
  0.0522  0.0487  0.0543  0.0496  0.0517  0.0491  0.0415  0.0438  0.0415  0.0459  0.0417  0.0452
niter,ni,del,rscale     7    3    5.0000    1.2000
parameter  2 -0.638974 -> -0.500000 qaram    1.5209
parameter  3  1.349070 ->  0.500000 qaram    1.7490
parameters
   -0.8082   13.3378   11.8580  -16.6867  -23.6914  -16.2009
    3.9972    4.0387   -4.8753    5.7508   -3.2108    2.4094
eta,q 0.96913 16.96114
  0.0393  0.0419  0.0316  0.0377  0.0394  0.0335  0.0335  0.0344  0.0348  0.0382  0.0311  0.0333
  0.0382  0.0400  0.0326  0.0356  0.0371  0.0323  0.0323  0.0330  0.0328  0.0353  0.0309  0.0322
  0.0375  0.0384  0.0342  0.0339  0.0348  0.0313  0.0316  0.0319  0.0317  0.0329  0.0307  0.0312
  0.0373  0.0373  0.0364  0.0329  0.0327  0.0318  0.0313  0.0313  0.0313  0.0313  0.0308  0.0307
  0.0376  0.0366  0.0395  0.0327  0.0312  0.0343  0.0315  0.0315  0.0315  0.0308  0.0310  0.0311
  0.0384  0.0364  0.0431  0.0328  0.0326  0.0381  0.0322  0.0322  0.0321  0.0318  0.0314  0.0329
  0.0396  0.0368  0.0471  0.0340  0.0376  0.0419  0.0332  0.0335  0.0333  0.0346  0.0321  0.0364
niter,ni,del,rscale     7    3    5.0000    1.2000
parameter  3  0.629713 ->  0.500000 qaram    2.0114
parameters
   -0.7668   13.6598    9.4444  -15.9027  -21.5650  -13.8375
    3.8989    4.3154   -4.6651    6.9319   -3.3942   -2.2723
eta,q 0.97216 17.01102
  0.0330  0.0347  0.0297  0.0336  0.0374  0.0327  0.0304  0.0310  0.0321  0.0350  0.0286  0.0290
  0.0318  0.0327  0.0299  0.0317  0.0349  0.0314  0.0291  0.0296  0.0298  0.0319  0.0282  0.0282
  0.0311  0.0314  0.0302  0.0305  0.0324  0.0301  0.0284  0.0286  0.0285  0.0295  0.0281  0.0278
  0.0309  0.0309  0.0308  0.0299  0.0299  0.0289  0.0281  0.0282  0.0282  0.0282  0.0280  0.0280
  0.0311  0.0310  0.0321  0.0298  0.0284  0.0280  0.0284  0.0284  0.0286  0.0282  0.0280  0.0289
  0.0318  0.0319  0.0345  0.0301  0.0304  0.0284  0.0292  0.0293  0.0298  0.0299  0.0282  0.0309
  0.0328  0.0336  0.0381  0.0332  0.0350  0.0308  0.0305  0.0306  0.0316  0.0333  0.0286  0.0345
niter,ni,del,rscale     7    3    5.0000    1.2000
parameters
   -0.8558   13.7641    7.2477  -15.6772  -20.6206  -12.0958
    3.6590    4.6346   -4.5728    9.0013   -4.7805   -6.7535
eta,q 0.97420 17.03930
  0.0299  0.0320  0.0278  0.0313  0.0349  0.0305  0.0285  0.0290  0.0304  0.0331  0.0264  0.0270
  0.0288  0.0298  0.0274  0.0293  0.0323  0.0291  0.0272  0.0274  0.0279  0.0298  0.0261  0.0261
  0.0280  0.0284  0.0274  0.0279  0.0297  0.0279  0.0264  0.0265  0.0266  0.0275  0.0260  0.0258
  0.0278  0.0278  0.0278  0.0273  0.0273  0.0269  0.0262  0.0262  0.0262  0.0262  0.0261  0.0260
  0.0282  0.0282  0.0290  0.0270  0.0263  0.0257  0.0265  0.0265  0.0268  0.0262  0.0262  0.0268
  0.0290  0.0294  0.0312  0.0279  0.0294  0.0256  0.0274  0.0272  0.0280  0.0273  0.0264  0.0282
  0.0303  0.0317  0.0352  0.0320  0.0345  0.0296  0.0288  0.0284  0.0300  0.0299  0.0267  0.0309
niter,ni,del,rscale     6    3    5.0000    1.2000
parameters
   -0.8874   14.1267    6.2894  -15.8359  -20.3294  -12.8896
    3.5983    4.6207   -4.3585   10.4396   -5.0204   -7.4963
eta,q 0.97410 17.01035
  0.0281  0.0308  0.0278  0.0300  0.0336  0.0294  0.0283  0.0285  0.0299  0.0317  0.0265  0.0281
  0.0269  0.0283  0.0263  0.0279  0.0308  0.0279  0.0270  0.0269  0.0275  0.0285  0.0261  0.0269
  0.0261  0.0266  0.0257  0.0264  0.0281  0.0268  0.0262  0.0261  0.0263  0.0266  0.0260  0.0261
  0.0258  0.0258  0.0258  0.0257  0.0257  0.0256  0.0259  0.0259  0.0259  0.0259  0.0259  0.0259
  0.0261  0.0259  0.0264  0.0253  0.0250  0.0245  0.0262  0.0263  0.0263  0.0262  0.0260  0.0263
  0.0269  0.0270  0.0280  0.0267  0.0289  0.0263  0.0270  0.0271  0.0275  0.0273  0.0262  0.0272
  0.0283  0.0293  0.0311  0.0317  0.0347  0.0349  0.0284  0.0283  0.0295  0.0293  0.0265  0.0287
niter,ni,del,rscale     5    3    5.0000    1.2000
parameters
   -0.9131   14.3768    5.9675  -15.8479  -20.4519  -13.2362
    3.4929    4.5542   -4.3209   10.9377   -5.0669   -7.5522
eta,q 0.97396 16.98625
  0.0282  0.0305  0.0285  0.0303  0.0334  0.0296  0.0284  0.0285  0.0298  0.0307  0.0267  0.0285
  0.0270  0.0282  0.0268  0.0281  0.0307  0.0282  0.0271  0.0270  0.0275  0.0279  0.0263  0.0271
  0.0262  0.0266  0.0260  0.0266  0.0281  0.0271  0.0263  0.0262  0.0264  0.0264  0.0261  0.0263
  0.0259  0.0259  0.0259  0.0258  0.0258  0.0259  0.0260  0.0260  0.0260  0.0260  0.0260  0.0260
  0.0262  0.0261  0.0263  0.0255  0.0256  0.0247  0.0263  0.0264  0.0265  0.0265  0.0261  0.0263
  0.0270  0.0272  0.0273  0.0268  0.0298  0.0258  0.0271  0.0273  0.0276  0.0277  0.0264  0.0271
  0.0284  0.0295  0.0294  0.0316  0.0354  0.0333  0.0285  0.0284  0.0296  0.0298  0.0267  0.0285
niter,ni,del,rscale     4    3    5.0000    1.2000
parameters
   -0.9207   14.5232    5.8252  -15.8295  -20.6311  -13.4346
    3.4601    4.5304   -4.3256   11.2160   -5.0003   -7.4645
eta,q 0.97383 16.96978
  0.0284  0.0303  0.0288  0.0305  0.0334  0.0297  0.0285  0.0286  0.0298  0.0304  0.0269  0.0286
  0.0271  0.0281  0.0271  0.0283  0.0308  0.0283  0.0272  0.0271  0.0276  0.0278  0.0265  0.0273
  0.0263  0.0267  0.0262  0.0268  0.0282  0.0272  0.0264  0.0263  0.0265  0.0265  0.0263  0.0265
  0.0260  0.0260  0.0260  0.0260  0.0260  0.0261  0.0262  0.0262  0.0262  0.0262  0.0262  0.0262
  0.0263  0.0263  0.0264  0.0257  0.0258  0.0249  0.0264  0.0265  0.0266  0.0266  0.0263  0.0264
  0.0271  0.0275  0.0273  0.0270  0.0300  0.0257  0.0272  0.0273  0.0278  0.0277  0.0265  0.0272
  0.0284  0.0298  0.0292  0.0317  0.0355  0.0328  0.0286  0.0284  0.0297  0.0299  0.0268  0.0286
niter,ni,del,rscale     3    3    5.0000    1.2000
parameters
   -0.9206   14.6268    5.7369  -15.7926  -20.7920  -13.5775
    3.4526    4.5182   -4.3637   11.4127   -4.8797   -7.3479
eta,q 0.97374 16.95805
  0.0285  0.0302  0.0289  0.0306  0.0334  0.0297  0.0286  0.0287  0.0299  0.0303  0.0270  0.0287
  0.0272  0.0282  0.0272  0.0284  0.0309  0.0283  0.0273  0.0272  0.0277  0.0279  0.0266  0.0274
  0.0264  0.0268  0.0264  0.0269  0.0283  0.0272  0.0265  0.0264  0.0266  0.0266  0.0264  0.0266
  0.0262  0.0262  0.0262  0.0262  0.0261  0.0262  0.0263  0.0263  0.0263  0.0263  0.0263  0.0263
  0.0264  0.0264  0.0265  0.0258  0.0259  0.0250  0.0265  0.0266  0.0267  0.0267  0.0263  0.0265
  0.0272  0.0276  0.0274  0.0271  0.0300  0.0258  0.0273  0.0274  0.0279  0.0278  0.0266  0.0273
  0.0285  0.0300  0.0291  0.0318  0.0354  0.0326  0.0286  0.0285  0.0298  0.0300  0.0269  0.0286
niter,ni,del,rscale     2    3    5.0000    1.2000
parameters
   -0.9249   14.7035    5.6731  -15.7624  -20.9255  -13.6846
    3.4632    4.5175   -4.4132   11.5682   -4.7427   -7.2363
eta,q 0.97367 16.94875
  0.0285  0.0302  0.0290  0.0307  0.0334  0.0297  0.0286  0.0287  0.0299  0.0303  0.0271  0.0287
  0.0273  0.0282  0.0273  0.0285  0.0309  0.0283  0.0274  0.0272  0.0277  0.0279  0.0267  0.0275
  0.0265  0.0268  0.0265  0.0270  0.0284  0.0273  0.0266  0.0265  0.0266  0.0267  0.0264  0.0267
  0.0263  0.0263  0.0262  0.0262  0.0262  0.0263  0.0263  0.0263  0.0263  0.0263  0.0263  0.0263
  0.0265  0.0265  0.0266  0.0259  0.0260  0.0251  0.0266  0.0267  0.0268  0.0267  0.0264  0.0266
  0.0273  0.0278  0.0275  0.0272  0.0300  0.0258  0.0273  0.0274  0.0280  0.0278  0.0267  0.0273
  0.0286  0.0301  0.0291  0.0318  0.0354  0.0324  0.0286  0.0285  0.0298  0.0300  0.0270  0.0287
niter,ni,del,rscale     1    3    5.0000    1.2000
parameters
   -0.9263   14.7666    5.6178  -15.7337  -21.0387  -13.7757
    3.4798    4.5157   -4.4697   11.7035   -4.6441   -7.1420
eta,q 0.97361 16.94138
  0.0286  0.0302  0.0291  0.0307  0.0335  0.0297  0.0286  0.0287  0.0300  0.0302  0.0271  0.0288
  0.0274  0.0282  0.0274  0.0286  0.0310  0.0283  0.0274  0.0273  0.0278  0.0279  0.0267  0.0275
  0.0266  0.0269  0.0266  0.0271  0.0285  0.0273  0.0267  0.0265  0.0267  0.0268  0.0265  0.0267
  0.0263  0.0263  0.0263  0.0263  0.0263  0.0264  0.0264  0.0264  0.0264  0.0264  0.0264  0.0264
  0.0266  0.0266  0.0267  0.0260  0.0261  0.0252  0.0266  0.0267  0.0268  0.0268  0.0265  0.0267
  0.0274  0.0278  0.0275  0.0273  0.0301  0.0258  0.0274  0.0275  0.0280  0.0278  0.0267  0.0274
  0.0286  0.0302  0.0292  0.0319  0.0353  0.0323  0.0287  0.0285  0.0299  0.0301  0.0271  0.0288
registration optimization eta report
parameter search radius
    2.4000    3.6501    4.8273   10.9503   12.5928    9.5220
    7.2000    7.2000   10.9503   12.5928    9.5220   14.4818
100000*second partial in parameter space
       39.       29.       12.        4.        5.        6.
        4.        4.        3.        2.        1.        1.
  0.0286  0.0302  0.0291  0.0307  0.0335  0.0297  0.0286  0.0287  0.0300  0.0302  0.0271  0.0288
  0.0274  0.0282  0.0274  0.0286  0.0310  0.0283  0.0274  0.0273  0.0278  0.0279  0.0267  0.0275
  0.0266  0.0269  0.0266  0.0271  0.0285  0.0273  0.0267  0.0265  0.0267  0.0268  0.0265  0.0267
  0.0263  0.0263  0.0263  0.0263  0.0263  0.0264  0.0264  0.0264  0.0264  0.0264  0.0264  0.0264
  0.0266  0.0266  0.0267  0.0260  0.0261  0.0252  0.0266  0.0267  0.0268  0.0268  0.0265  0.0267
  0.0274  0.0278  0.0275  0.0273  0.0301  0.0258  0.0274  0.0275  0.0280  0.0278  0.0267  0.0274
  0.0286  0.0302  0.0292  0.0319  0.0353  0.0323  0.0287  0.0285  0.0299  0.0301  0.0271  0.0288
   -0.9263   14.7666    5.6178  -15.7337  -21.0387  -13.7757
    3.4798    4.5157   -4.4697   11.7035   -4.6441   -7.1420
eta,q 0.97361 16.94138

---------------------------------------------------------------------
imgreg_4dfp /opt/freesurfer/average/711-2C_as_mni_average_305 /opt/freesurfer/average/711-2B_as_mni_average_305_mask talsrcimg_g11 none talsrcimg_to_711-2C_as_mni_average_305_t4 2311
---------------------------------------------------------------------

freesurfer imgreg_4dfp.c
/opt/freesurfer/average/711-2C_as_mni_average_305.4dfp.img
       256       256       256         1
  1.000000  1.000000  1.000000
orientation T byte_order littleendian
Reading image: /opt/freesurfer/average/711-2C_as_mni_average_305.4dfp.img
dimensions:      256       256       256
mmppix:       1.0000   -1.0000   -1.0000
center:     128.0000 -129.0000 -129.0000
/opt/freesurfer/average/711-2B_as_mni_average_305_mask.4dfp.img
       256       256       256         1
  1.000000  1.000000  1.000000
orientation T byte_order littleendian
Reading mask: /opt/freesurfer/average/711-2B_as_mni_average_305_mask.4dfp.img (2306576 pixels)
talsrcimg_g11.4dfp.img
       256       256       256         1
  1.000000  1.000000  1.000000
orientation T byte_order littleendian
Reading image: talsrcimg_g11.4dfp.img
dimensions:      256       256       256
mmppix:       1.0000   -1.0000   -1.0000
center:     128.0000 -129.0000 -129.0000
fimgreg.f
image alignment mode   2311 decimal      907 hex
parameters
   -0.9263   14.7666    5.6178  -15.7337  -21.0387  -13.7757
    3.4798    4.5157   -4.4697   11.7035   -4.6441   -7.1420
eta,q 0.97361 16.94138
niter,ni,del,rscale     5    3    5.0000    0.8000
parameter  4 -0.719232 -> -0.500000 qaram    1.1500
parameter  6 -2.230785 -> -0.500000 qaram    1.1500
parameter 12  0.641374 ->  0.500000 qaram    1.1500
parameters
   -0.9188   14.9711    5.3780  -12.9737  -19.7196  -11.0157
    3.2586    5.1325   -4.3982   11.2615   -2.2944   -9.9020
eta,q 0.97547 17.19274
  0.0274  0.0273  0.0266  0.0275  0.0285  0.0273  0.0263  0.0271  0.0260  0.0254  0.0254  0.0246
  0.0269  0.0268  0.0264  0.0270  0.0276  0.0268  0.0253  0.0258  0.0252  0.0250  0.0251  0.0245
  0.0265  0.0265  0.0264  0.0266  0.0268  0.0263  0.0248  0.0250  0.0249  0.0248  0.0249  0.0246
  0.0264  0.0264  0.0264  0.0264  0.0261  0.0258  0.0247  0.0247  0.0247  0.0247  0.0247  0.0247
  0.0265  0.0264  0.0264  0.0262  0.0258  0.0252  0.0250  0.0248  0.0249  0.0249  0.0247  0.0249
  0.0268  0.0266  0.0266  0.0261  0.0260  0.0246  0.0256  0.0253  0.0253  0.0252  0.0247  0.0251
  0.0274  0.0269  0.0267  0.0261  0.0270  0.0248  0.0265  0.0261  0.0258  0.0258  0.0247  0.0255
niter,ni,del,rscale     7    3    5.0000    1.0000
parameters
   -0.8916   14.4022    5.8927  -14.2872  -18.8123  -11.3054
    3.4331    4.8286   -5.1007   10.2611   -2.9269   -9.6797
eta,q 0.97561 17.17192
  0.0268  0.0252  0.0258  0.0259  0.0280  0.0275  0.0271  0.0265  0.0257  0.0254  0.0246  0.0252
  0.0255  0.0247  0.0251  0.0252  0.0267  0.0266  0.0256  0.0252  0.0249  0.0247  0.0244  0.0248
  0.0248  0.0244  0.0247  0.0247  0.0255  0.0256  0.0248  0.0246  0.0245  0.0244  0.0244  0.0245
  0.0245  0.0245  0.0244  0.0244  0.0246  0.0243  0.0245  0.0245  0.0245  0.0245  0.0244  0.0244
  0.0248  0.0250  0.0244  0.0245  0.0242  0.0238  0.0247  0.0248  0.0248  0.0248  0.0244  0.0245
  0.0255  0.0259  0.0245  0.0260  0.0249  0.0247  0.0255  0.0255  0.0254  0.0254  0.0245  0.0247
  0.0266  0.0272  0.0248  0.0291  0.0269  0.0306  0.0267  0.0270  0.0263  0.0262  0.0247  0.0251
niter,ni,del,rscale     6    3    5.0000    0.9000
parameters
   -0.9131   14.1187    5.9285  -14.5946  -18.3620  -10.5624
    3.6454    4.8876   -5.0214    9.8225   -2.5060   -9.9683
eta,q 0.97612 17.18217
  0.0260  0.0253  0.0250  0.0257  0.0272  0.0272  0.0261  0.0260  0.0253  0.0250  0.0242  0.0245
  0.0251  0.0247  0.0246  0.0251  0.0261  0.0263  0.0249  0.0247  0.0245  0.0243  0.0240  0.0241
  0.0245  0.0244  0.0244  0.0246  0.0251  0.0254  0.0242  0.0240  0.0240  0.0239  0.0239  0.0239
  0.0244  0.0244  0.0244  0.0244  0.0244  0.0243  0.0239  0.0239  0.0239  0.0239  0.0239  0.0239
  0.0246  0.0247  0.0244  0.0243  0.0243  0.0235  0.0241  0.0241  0.0240  0.0241  0.0239  0.0240
  0.0251  0.0253  0.0246  0.0248  0.0250  0.0241  0.0247  0.0247  0.0245  0.0246  0.0240  0.0243
  0.0260  0.0262  0.0249  0.0266  0.0269  0.0271  0.0258  0.0258  0.0251  0.0254  0.0241  0.0246
niter,ni,del,rscale     5    3    5.0000    0.8000
parameters
   -0.9587   13.9820    6.0816  -14.3949  -18.1561  -10.0836
    3.6674    4.8658   -5.0805    9.7148   -2.4428  -10.0359
eta,q 0.97642 17.21309
  0.0251  0.0248  0.0246  0.0251  0.0262  0.0266  0.0253  0.0253  0.0247  0.0247  0.0238  0.0242
  0.0244  0.0243  0.0242  0.0245  0.0252  0.0258  0.0243  0.0242  0.0240  0.0240  0.0237  0.0238
  0.0240  0.0240  0.0240  0.0241  0.0244  0.0249  0.0238  0.0237  0.0237  0.0237  0.0236  0.0236
  0.0239  0.0239  0.0239  0.0239  0.0239  0.0238  0.0236  0.0236  0.0236  0.0236  0.0236  0.0236
  0.0240  0.0240  0.0239  0.0237  0.0238  0.0234  0.0238  0.0238  0.0237  0.0237  0.0236  0.0237
  0.0245  0.0245  0.0241  0.0240  0.0246  0.0240  0.0243  0.0243  0.0241  0.0242  0.0237  0.0239
  0.0252  0.0252  0.0244  0.0252  0.0262  0.0268  0.0252  0.0253  0.0247  0.0248  0.0238  0.0242
niter,ni,del,rscale     4    3    5.0000    0.7000
parameters
   -0.9655   13.9000    6.1981  -14.1816  -18.0198   -9.6386
    3.6726    4.8667   -5.0980    9.6387   -2.4176  -10.1029
eta,q 0.97664 17.23656
  0.0246  0.0244  0.0243  0.0245  0.0254  0.0261  0.0247  0.0248  0.0243  0.0243  0.0236  0.0239
  0.0240  0.0239  0.0239  0.0241  0.0246  0.0253  0.0240  0.0239  0.0237  0.0238  0.0234  0.0236
  0.0237  0.0237  0.0237  0.0238  0.0240  0.0245  0.0235  0.0235  0.0234  0.0234  0.0234  0.0234
  0.0236  0.0236  0.0236  0.0236  0.0236  0.0235  0.0234  0.0234  0.0234  0.0234  0.0234  0.0234
  0.0237  0.0237  0.0236  0.0235  0.0236  0.0233  0.0235  0.0235  0.0235  0.0235  0.0234  0.0234
  0.0240  0.0240  0.0238  0.0237  0.0242  0.0240  0.0240  0.0239  0.0238  0.0238  0.0235  0.0236
  0.0246  0.0246  0.0240  0.0246  0.0254  0.0260  0.0247  0.0248  0.0242  0.0244  0.0236  0.0239
niter,ni,del,rscale     3    3    5.0000    0.6000
parameters
   -0.9764   13.8377    6.3241  -13.9414  -17.9287   -9.2574
    3.6728    4.8550   -5.1058    9.5890   -2.4560  -10.1141
eta,q 0.97676 17.25754
  0.0241  0.0240  0.0240  0.0241  0.0248  0.0256  0.0243  0.0244  0.0239  0.0240  0.0234  0.0236
  0.0237  0.0236  0.0237  0.0238  0.0241  0.0249  0.0237  0.0237  0.0235  0.0235  0.0233  0.0234
  0.0234  0.0234  0.0235  0.0235  0.0236  0.0240  0.0233  0.0233  0.0233  0.0233  0.0233  0.0233
  0.0234  0.0234  0.0234  0.0234  0.0233  0.0233  0.0232  0.0232  0.0232  0.0232  0.0232  0.0232
  0.0235  0.0235  0.0234  0.0233  0.0234  0.0233  0.0234  0.0234  0.0233  0.0233  0.0233  0.0233
  0.0237  0.0237  0.0235  0.0235  0.0238  0.0239  0.0237  0.0237  0.0236  0.0236  0.0233  0.0234
  0.0242  0.0242  0.0238  0.0241  0.0248  0.0253  0.0243  0.0243  0.0239  0.0240  0.0234  0.0236
niter,ni,del,rscale     2    3    5.0000    0.5000
parameters
   -0.9908   13.7851    6.4501  -13.7103  -17.8600   -8.9740
    3.6676    4.8410   -5.0986    9.5423   -2.5434  -10.0987
eta,q 0.97683 17.27511
  0.0238  0.0237  0.0237  0.0238  0.0242  0.0250  0.0239  0.0240  0.0237  0.0237  0.0233  0.0235
  0.0235  0.0234  0.0235  0.0235  0.0238  0.0244  0.0235  0.0235  0.0234  0.0234  0.0232  0.0233
  0.0233  0.0233  0.0233  0.0234  0.0234  0.0237  0.0232  0.0232  0.0232  0.0232  0.0232  0.0232
  0.0232  0.0232  0.0232  0.0232  0.0232  0.0232  0.0232  0.0232  0.0232  0.0232  0.0232  0.0232
  0.0233  0.0233  0.0233  0.0232  0.0232  0.0233  0.0233  0.0233  0.0232  0.0233  0.0232  0.0232
  0.0235  0.0235  0.0233  0.0233  0.0236  0.0238  0.0235  0.0235  0.0234  0.0234  0.0232  0.0233
  0.0238  0.0238  0.0235  0.0238  0.0243  0.0247  0.0239  0.0240  0.0236  0.0237  0.0233  0.0235
niter,ni,del,rscale     1    3    5.0000    0.4000
parameters
   -1.0041   13.7386    6.5547  -13.4810  -17.8066   -8.8136
    3.6610    4.8324   -5.0924    9.5161   -2.5784  -10.0379
eta,q 0.97686 17.29109
  0.0235  0.0235  0.0235  0.0235  0.0238  0.0245  0.0236  0.0237  0.0235  0.0235  0.0232  0.0233
  0.0233  0.0233  0.0233  0.0234  0.0235  0.0239  0.0234  0.0234  0.0233  0.0233  0.0232  0.0232
  0.0232  0.0232  0.0232  0.0233  0.0233  0.0234  0.0232  0.0232  0.0232  0.0232  0.0231  0.0232
  0.0232  0.0232  0.0232  0.0232  0.0231  0.0231  0.0231  0.0231  0.0231  0.0231  0.0231  0.0231
  0.0232  0.0232  0.0232  0.0231  0.0232  0.0233  0.0232  0.0232  0.0232  0.0232  0.0232  0.0232
  0.0233  0.0233  0.0232  0.0232  0.0234  0.0237  0.0234  0.0234  0.0233  0.0233  0.0232  0.0232
  0.0235  0.0235  0.0234  0.0235  0.0238  0.0243  0.0236  0.0237  0.0235  0.0235  0.0232  0.0233
registration optimization eta report
parameter search radius
    0.8000    0.8000    0.8000    2.7600    2.4000    2.7600
    2.4000    2.4000    2.4000    2.4000    2.4000    2.7600
100000*second partial in parameter space
       57.       53.       40.        5.       12.       16.
        9.        9.        6.        7.        2.        2.
  0.0235  0.0235  0.0235  0.0235  0.0238  0.0245  0.0236  0.0237  0.0235  0.0235  0.0232  0.0233
  0.0233  0.0233  0.0233  0.0234  0.0235  0.0239  0.0234  0.0234  0.0233  0.0233  0.0232  0.0232
  0.0232  0.0232  0.0232  0.0233  0.0233  0.0234  0.0232  0.0232  0.0232  0.0232  0.0231  0.0232
  0.0232  0.0232  0.0232  0.0232  0.0231  0.0231  0.0231  0.0231  0.0231  0.0231  0.0231  0.0231
  0.0232  0.0232  0.0232  0.0231  0.0232  0.0233  0.0232  0.0232  0.0232  0.0232  0.0232  0.0232
  0.0233  0.0233  0.0232  0.0232  0.0234  0.0237  0.0234  0.0234  0.0233  0.0233  0.0232  0.0232
  0.0235  0.0235  0.0234  0.0235  0.0238  0.0243  0.0236  0.0237  0.0235  0.0235  0.0232  0.0233
   -1.0041   13.7386    6.5547  -13.4810  -17.8066   -8.8136
    3.6610    4.8324   -5.0924    9.5161   -2.5784  -10.0379
eta,q 0.97686 17.29109

---------------------------------------------------------------------
imgreg_4dfp /opt/freesurfer/average/711-2C_as_mni_average_305 /opt/freesurfer/average/711-2B_as_mni_average_305_mask talsrcimg_g11 none talsrcimg_to_711-2C_as_mni_average_305_t4 2311
---------------------------------------------------------------------

freesurfer imgreg_4dfp.c
/opt/freesurfer/average/711-2C_as_mni_average_305.4dfp.img
       256       256       256         1
  1.000000  1.000000  1.000000
orientation T byte_order littleendian
Reading image: /opt/freesurfer/average/711-2C_as_mni_average_305.4dfp.img
dimensions:      256       256       256
mmppix:       1.0000   -1.0000   -1.0000
center:     128.0000 -129.0000 -129.0000
/opt/freesurfer/average/711-2B_as_mni_average_305_mask.4dfp.img
       256       256       256         1
  1.000000  1.000000  1.000000
orientation T byte_order littleendian
Reading mask: /opt/freesurfer/average/711-2B_as_mni_average_305_mask.4dfp.img (2306576 pixels)
talsrcimg_g11.4dfp.img
       256       256       256         1
  1.000000  1.000000  1.000000
orientation T byte_order littleendian
Reading image: talsrcimg_g11.4dfp.img
dimensions:      256       256       256
mmppix:       1.0000   -1.0000   -1.0000
center:     128.0000 -129.0000 -129.0000
fimgreg.f
image alignment mode   2311 decimal      907 hex
parameters
   -1.0041   13.7386    6.5547  -13.4810  -17.8066   -8.8135
    3.6610    4.8324   -5.0924    9.5161   -2.5784  -10.0379
eta,q 0.97686 17.29109
niter,ni,del,rscale     5    3    5.0000    0.8000
parameters
   -0.9971   13.6600    6.6099  -14.2912  -18.0464   -9.4657
    3.7121    4.8120   -5.0678    9.3879   -2.8792   -9.7184
eta,q 0.97665 17.24637
  0.0247  0.0244  0.0242  0.0239  0.0253  0.0256  0.0251  0.0252  0.0245  0.0246  0.0236  0.0239
  0.0238  0.0237  0.0236  0.0236  0.0244  0.0247  0.0241  0.0241  0.0238  0.0239  0.0234  0.0236
  0.0233  0.0233  0.0233  0.0233  0.0236  0.0238  0.0235  0.0235  0.0235  0.0235  0.0234  0.0234
  0.0231  0.0231  0.0231  0.0231  0.0232  0.0232  0.0234  0.0234  0.0234  0.0234  0.0234  0.0234
  0.0233  0.0233  0.0232  0.0232  0.0234  0.0237  0.0236  0.0236  0.0235  0.0236  0.0234  0.0234
  0.0238  0.0238  0.0235  0.0238  0.0243  0.0248  0.0241  0.0241  0.0239  0.0240  0.0235  0.0235
  0.0247  0.0247  0.0241  0.0255  0.0262  0.0291  0.0250  0.0252  0.0244  0.0247  0.0237  0.0238
niter,ni,del,rscale     4    3    5.0000    0.7000
parameters
   -0.9751   13.7922    6.4388  -13.9361  -18.0680   -9.3084
    3.6671    4.8894   -5.0056    9.4892   -2.5597  -10.0015
eta,q 0.97674 17.25717
  0.0244  0.0245  0.0238  0.0241  0.0251  0.0255  0.0246  0.0249  0.0242  0.0244  0.0236  0.0236
  0.0238  0.0239  0.0235  0.0237  0.0243  0.0248  0.0238  0.0239  0.0237  0.0237  0.0234  0.0234
  0.0235  0.0235  0.0233  0.0235  0.0237  0.0240  0.0234  0.0234  0.0233  0.0234  0.0233  0.0233
  0.0234  0.0233  0.0233  0.0233  0.0233  0.0233  0.0233  0.0233  0.0233  0.0233  0.0233  0.0233
  0.0235  0.0234  0.0235  0.0232  0.0234  0.0234  0.0234  0.0234  0.0234  0.0234  0.0233  0.0233
  0.0238  0.0236  0.0238  0.0234  0.0240  0.0240  0.0239  0.0239  0.0237  0.0237  0.0234  0.0235
  0.0244  0.0241  0.0241  0.0240  0.0254  0.0257  0.0246  0.0247  0.0241  0.0242  0.0235  0.0237
niter,ni,del,rscale     3    3    5.0000    0.6000
parameters
   -0.9885   13.7981    6.4552  -13.7024  -18.0034   -9.0172
    3.6526    4.8747   -5.0437    9.5394   -2.5044  -10.0738
eta,q 0.97681 17.27135
  0.0240  0.0240  0.0238  0.0238  0.0247  0.0252  0.0242  0.0244  0.0239  0.0240  0.0234  0.0235
  0.0236  0.0236  0.0235  0.0236  0.0240  0.0245  0.0236  0.0236  0.0235  0.0235  0.0233  0.0233
  0.0233  0.0233  0.0233  0.0234  0.0235  0.0237  0.0233  0.0233  0.0232  0.0233  0.0232  0.0232
  0.0233  0.0233  0.0233  0.0233  0.0232  0.0232  0.0232  0.0232  0.0232  0.0232  0.0232  0.0232
  0.0234  0.0233  0.0233  0.0232  0.0233  0.0233  0.0233  0.0233  0.0233  0.0233  0.0232  0.0232
  0.0236  0.0236  0.0235  0.0233  0.0238  0.0238  0.0237  0.0237  0.0235  0.0235  0.0233  0.0233
  0.0241  0.0240  0.0238  0.0238  0.0247  0.0249  0.0242  0.0244  0.0239  0.0240  0.0234  0.0235
niter,ni,del,rscale     2    3    5.0000    0.5000
parameters
   -1.0025   13.7677    6.5475  -13.4993  -17.9375   -8.8405
    3.6610    4.8530   -5.0646    9.5348   -2.5525  -10.0631
eta,q 0.97685 17.28596
  0.0237  0.0237  0.0236  0.0236  0.0242  0.0247  0.0239  0.0240  0.0236  0.0237  0.0233  0.0234
  0.0234  0.0234  0.0234  0.0234  0.0237  0.0241  0.0235  0.0235  0.0234  0.0234  0.0232  0.0233
  0.0232  0.0232  0.0232  0.0233  0.0234  0.0235  0.0232  0.0232  0.0232  0.0232  0.0232  0.0232
  0.0232  0.0232  0.0232  0.0232  0.0232  0.0232  0.0232  0.0231  0.0231  0.0231  0.0231  0.0232
  0.0233  0.0232  0.0232  0.0231  0.0232  0.0233  0.0232  0.0232  0.0232  0.0232  0.0232  0.0232
  0.0235  0.0234  0.0233  0.0233  0.0235  0.0237  0.0235  0.0235  0.0234  0.0234  0.0232  0.0233
  0.0238  0.0237  0.0235  0.0236  0.0242  0.0244  0.0239  0.0240  0.0236  0.0237  0.0233  0.0234
niter,ni,del,rscale     1    3    5.0000    0.4000
parameters
   -1.0089   13.7257    6.6070  -13.3097  -17.8601   -8.7547
    3.6575    4.8309   -5.0630    9.5164   -2.5459  -10.0113
eta,q 0.97687 17.29932
  0.0235  0.0234  0.0235  0.0234  0.0238  0.0242  0.0236  0.0237  0.0235  0.0235  0.0232  0.0233
  0.0233  0.0233  0.0233  0.0233  0.0235  0.0237  0.0234  0.0234  0.0233  0.0233  0.0232  0.0232
  0.0232  0.0232  0.0232  0.0232  0.0233  0.0233  0.0232  0.0232  0.0232  0.0232  0.0231  0.0232
  0.0232  0.0232  0.0232  0.0231  0.0231  0.0231  0.0231  0.0231  0.0231  0.0231  0.0231  0.0231
  0.0232  0.0232  0.0232  0.0231  0.0232  0.0233  0.0232  0.0232  0.0232  0.0232  0.0231  0.0231
  0.0233  0.0233  0.0232  0.0232  0.0234  0.0236  0.0234  0.0234  0.0233  0.0233  0.0232  0.0232
  0.0235  0.0235  0.0234  0.0234  0.0238  0.0241  0.0236  0.0237  0.0235  0.0235  0.0232  0.0233
registration optimization eta report
parameter search radius
    0.8000    0.8000    0.8000    2.4000    2.4000    2.4000
    2.4000    2.4000    2.4000    2.4000    2.4000    2.4000
100000*second partial in parameter space
       59.       52.       40.        5.       12.       17.
        9.       10.        6.        6.        2.        3.
  0.0235  0.0234  0.0235  0.0234  0.0238  0.0242  0.0236  0.0237  0.0235  0.0235  0.0232  0.0233
  0.0233  0.0233  0.0233  0.0233  0.0235  0.0237  0.0234  0.0234  0.0233  0.0233  0.0232  0.0232
  0.0232  0.0232  0.0232  0.0232  0.0233  0.0233  0.0232  0.0232  0.0232  0.0232  0.0231  0.0232
  0.0232  0.0232  0.0232  0.0231  0.0231  0.0231  0.0231  0.0231  0.0231  0.0231  0.0231  0.0231
  0.0232  0.0232  0.0232  0.0231  0.0232  0.0233  0.0232  0.0232  0.0232  0.0232  0.0231  0.0231
  0.0233  0.0233  0.0232  0.0232  0.0234  0.0236  0.0234  0.0234  0.0233  0.0233  0.0232  0.0232
  0.0235  0.0235  0.0234  0.0234  0.0238  0.0241  0.0236  0.0237  0.0235  0.0235  0.0232  0.0233
   -1.0089   13.7257    6.6070  -13.3097  -17.8601   -8.7547
    3.6575    4.8309   -5.0630    9.5164   -2.5459  -10.0113
eta,q 0.97687 17.29932

---------------------------------------------------------------------
compute_vox2vox talsrcimg talsrcimg_to_711-2C_as_mni_average_305_t4 /opt/freesurfer/average/711-2C_as_mni_average_305
---------------------------------------------------------------------

freesurfer compute_vox2vox.c
Reading: talsrcimg.4dfp.ifh
Reading: talsrcimg_to_711-2C_as_mni_average_305_t4
Reading: /opt/freesurfer/average/711-2C_as_mni_average_305.4dfp.ifh
Writing: talsrcimg_to_711-2C_as_mni_average_305_t4_vox2vox.txt

start time Mon Mar 9 17:12:05 CET 2026
end		time Mon Mar 9 17:12:20 CET 2026

mpr2mni305 success

avi2talxfm orig_nu.mgz /opt/freesurfer/average/mni305.cor.mgz talsrcimg_to_711-2C_as_mni_average_305_t4_vox2vox.txt transforms/talairach.auto.xfm
avi2talxfm done
mv -f /out/sourcedata/freesurfer/sub-v1s23x0050553_ses-1/mri/talsrcimg_to_711-2C_as_mni_average_305_t4_vox2vox.txt /out/sourcedata/freesurfer/sub-v1s23x0050553_ses-1/mri/transforms/talsrcimg_to_711-2C_as_mni_average_305_t4_vox2vox.txt
lta_convert --src orig_nu.mgz --trg /opt/freesurfer/average/mni305.cor.mgz --inxfm transforms/talairach.auto.xfm --outlta transforms/talairach.auto.xfm.lta --subject fsaverage
7.3.2

--src: orig_nu.mgz src image (geometry).
--trg: /opt/freesurfer/average/mni305.cor.mgz trg image (geometry).
--inmni: transforms/talairach.auto.xfm input MNI/XFM transform.
--outlta: transforms/talairach.auto.xfm.lta output LTA.
--s: fsaverage subject name
 LTA read, type : 1
 1.14855  -0.05478  -0.05782  -39.35983;
 0.03931   1.08032   0.12992   28.25297;
 0.06624  -0.12854   1.19882  -84.05371;
 0.00000   0.00000   0.00000   1.00000;
setting subject to fsaverage
Writing  LTA to file transforms/talairach.auto.xfm.lta...
lta_convert successful.
 
 
Started at Mon Mar 9 17:12:05 CET 2026
Ended   at Mon Mar  9 17:12:20 CET 2026
talairach_avi done
