status file for recon-all
Mon Mar  9 17:15:33 CET 2026
#@# MotionCor Mon Mar  9 17:15:35 CET 2026
#@# Talairach Mon Mar  9 17:15:42 CET 2026
#@# Talairach Failure Detection Mon Mar  9 17:20:17 CET 2026
#@# Nu Intensity Correction Mon Mar  9 17:20:17 CET 2026
#@# Intensity Normalization Mon Mar  9 17:23:36 CET 2026
recon-all -s sub-v1s23x0050556_ses-1 finished without error at Mon Mar  9 17:25:09 CET 2026



#New# invocation of recon-all 



status file for recon-all
Mon Mar  9 17:32:15 CET 2026
#@# EM Registration Mon Mar  9 17:32:15 CET 2026
recon-all -s sub-v1s23x0050556_ses-1 finished without error at Mon Mar  9 17:34:10 CET 2026



#New# invocation of recon-all 



status file for recon-all
Mon Mar  9 17:34:13 CET 2026
#@# CA Normalize Mon Mar  9 17:34:13 CET 2026
#@# CA Reg Mon Mar  9 17:35:34 CET 2026
#@# SubCort Seg Mon Mar  9 18:29:34 CET 2026
#@# CC Seg Mon Mar  9 19:00:35 CET 2026
#@# Merge ASeg Mon Mar  9 19:01:13 CET 2026
#@# Intensity Normalization2 Mon Mar  9 19:01:13 CET 2026
#@# Mask BFS Mon Mar  9 19:03:27 CET 2026
#@# WM Segmentation Mon Mar  9 19:03:28 CET 2026
#@# Fill Mon Mar  9 19:05:30 CET 2026
recon-all -s sub-v1s23x0050556_ses-1 finished without error at Mon Mar  9 19:06:36 CET 2026



#New# invocation of recon-all 



status file for recon-all
Mon Mar  9 20:00:26 CET 2026
#@# white curv lh Mon Mar  9 20:00:26 CET 2026
#@# white area lh Mon Mar  9 20:00:26 CET 2026
#@# pial curv lh Mon Mar  9 20:00:26 CET 2026
#@# pial area lh Mon Mar  9 20:00:26 CET 2026
#@# thickness lh Mon Mar  9 20:00:26 CET 2026
#@# area and vertex vol lh Mon Mar  9 20:00:26 CET 2026
#@# white curv rh Mon Mar  9 20:00:26 CET 2026
#@# white area rh Mon Mar  9 20:00:26 CET 2026
#@# pial curv rh Mon Mar  9 20:00:26 CET 2026
#@# pial area rh Mon Mar  9 20:00:26 CET 2026
#@# thickness rh Mon Mar  9 20:00:26 CET 2026
#@# area and vertex vol rh Mon Mar  9 20:00:26 CET 2026
#@# Cortical ribbon mask Mon Mar  9 20:00:26 CET 2026
recon-all -s sub-v1s23x0050556_ses-1 finished without error at Mon Mar  9 20:05:53 CET 2026



#New# invocation of recon-all 



status file for recon-all
Mon Mar  9 20:12:46 CET 2026
#@# white curv lh Mon Mar  9 20:12:46 CET 2026
#@# white area lh Mon Mar  9 20:12:46 CET 2026
#@# pial curv lh Mon Mar  9 20:12:46 CET 2026
#@# pial area lh Mon Mar  9 20:12:46 CET 2026
#@# thickness lh Mon Mar  9 20:12:46 CET 2026
#@# area and vertex vol lh Mon Mar  9 20:12:46 CET 2026
#@# white curv rh Mon Mar  9 20:12:46 CET 2026
#@# white area rh Mon Mar  9 20:12:46 CET 2026
#@# pial curv rh Mon Mar  9 20:12:46 CET 2026
#@# pial area rh Mon Mar  9 20:12:46 CET 2026
#@# thickness rh Mon Mar  9 20:12:46 CET 2026
#@# area and vertex vol rh Mon Mar  9 20:12:46 CET 2026
#@# Curvature Stats lh Mon Mar  9 20:12:46 CET 2026
#@# Curvature Stats rh Mon Mar  9 20:12:49 CET 2026
#@# Relabel Hypointensities Mon Mar  9 20:12:51 CET 2026
#@# APas-to-ASeg Mon Mar  9 20:13:07 CET 2026
#@# AParc-to-ASeg aparc Mon Mar  9 20:13:16 CET 2026
#@# AParc-to-ASeg aparc.a2009s Mon Mar  9 20:13:53 CET 2026
#@# AParc-to-ASeg aparc.DKTatlas Mon Mar  9 20:14:25 CET 2026
#@# WMParc Mon Mar  9 20:15:03 CET 2026
#@# ASeg Stats Mon Mar  9 20:19:05 CET 2026
recon-all -s sub-v1s23x0050556_ses-1 finished without error at Mon Mar  9 20:19:43 CET 2026
