status file for recon-all
Mon Mar  9 19:06:39 CET 2026
#@# Tessellate lh Mon Mar  9 19:06:40 CET 2026
#@# Smooth1 lh Mon Mar  9 19:06:44 CET 2026
#@# Inflation1 lh Mon Mar  9 19:06:46 CET 2026
#@# QSphere lh Mon Mar  9 19:06:59 CET 2026
#@# Fix Topology lh Mon Mar  9 19:07:58 CET 2026
#@# Smooth2 lh Mon Mar  9 19:16:19 CET 2026
#@# Inflation2 lh Mon Mar  9 19:16:22 CET 2026
#@# Curv .H and .K lh Mon Mar  9 19:16:37 CET 2026
#@# Sphere lh Mon Mar  9 19:17:22 CET 2026
#@# Surf Reg lh Mon Mar  9 19:21:15 CET 2026
#@# Jacobian white lh Mon Mar  9 19:25:11 CET 2026
#@# AvgCurv lh Mon Mar  9 19:25:12 CET 2026
#@# Cortical Parc lh Mon Mar  9 19:25:13 CET 2026
#@# white curv lh Mon Mar  9 19:32:00 CET 2026
#@# white area lh Mon Mar  9 19:32:03 CET 2026
#@# pial curv lh Mon Mar  9 19:32:03 CET 2026
#@# pial area lh Mon Mar  9 19:32:05 CET 2026
#@# thickness lh Mon Mar  9 19:32:06 CET 2026
#@# area and vertex vol lh Mon Mar  9 19:32:38 CET 2026
#@# Curvature Stats lh Mon Mar  9 19:32:40 CET 2026
#@# Cortical Parc 2 lh Mon Mar  9 19:32:43 CET 2026
#@# Cortical Parc 3 lh Mon Mar  9 19:32:56 CET 2026
#@# WM/GM Contrast lh Mon Mar  9 19:33:06 CET 2026
recon-all -s sub-v1s23x0050556_ses-1 finished without error at Mon Mar  9 19:33:10 CET 2026



#New# invocation of recon-all 



status file for recon-all
Mon Mar  9 20:05:59 CET 2026
#@# white curv lh Mon Mar  9 20:05:59 CET 2026
#@# white area lh Mon Mar  9 20:05:59 CET 2026
#@# pial curv lh Mon Mar  9 20:05:59 CET 2026
#@# pial area lh Mon Mar  9 20:05:59 CET 2026
#@# thickness lh Mon Mar  9 20:05:59 CET 2026
#@# area and vertex vol lh Mon Mar  9 20:05:59 CET 2026
#@# Parcellation Stats lh Mon Mar  9 20:05:59 CET 2026
#@# Parcellation Stats 2 lh Mon Mar  9 20:06:17 CET 2026
#@# Parcellation Stats 3 lh Mon Mar  9 20:06:27 CET 2026
#@# BA_exvivo Labels lh Mon Mar  9 20:06:36 CET 2026
recon-all -s sub-v1s23x0050556_ses-1 finished without error at Mon Mar  9 20:09:17 CET 2026
