status file for recon-all
Mon Mar  9 22:02:33 CET 2026
#@# Tessellate lh Mon Mar  9 22:02:33 CET 2026
#@# Smooth1 lh Mon Mar  9 22:02:37 CET 2026
#@# Inflation1 lh Mon Mar  9 22:02:40 CET 2026
#@# QSphere lh Mon Mar  9 22:02:53 CET 2026
#@# Fix Topology lh Mon Mar  9 22:04:09 CET 2026
#@# Smooth2 lh Mon Mar  9 22:12:46 CET 2026
#@# Inflation2 lh Mon Mar  9 22:12:49 CET 2026
#@# Curv .H and .K lh Mon Mar  9 22:13:05 CET 2026
#@# Sphere lh Mon Mar  9 22:13:58 CET 2026
#@# Surf Reg lh Mon Mar  9 22:19:25 CET 2026
#@# Jacobian white lh Mon Mar  9 22:24:16 CET 2026
#@# AvgCurv lh Mon Mar  9 22:24:18 CET 2026
#@# Cortical Parc lh Mon Mar  9 22:24:19 CET 2026
#@# white curv lh Mon Mar  9 22:32:40 CET 2026
#@# white area lh Mon Mar  9 22:32:42 CET 2026
#@# pial curv lh Mon Mar  9 22:32:43 CET 2026
#@# pial area lh Mon Mar  9 22:32:45 CET 2026
#@# thickness lh Mon Mar  9 22:32:46 CET 2026
#@# area and vertex vol lh Mon Mar  9 22:33:22 CET 2026
#@# Curvature Stats lh Mon Mar  9 22:33:24 CET 2026
#@# Cortical Parc 2 lh Mon Mar  9 22:33:27 CET 2026
#@# Cortical Parc 3 lh Mon Mar  9 22:33:43 CET 2026
#@# WM/GM Contrast lh Mon Mar  9 22:33:56 CET 2026
recon-all -s sub-v1s23x0050605_ses-1 finished without error at Mon Mar  9 22:34:00 CET 2026



#New# invocation of recon-all 



status file for recon-all
Mon Mar  9 23:11:57 CET 2026
#@# white curv lh Mon Mar  9 23:11:57 CET 2026
#@# white area lh Mon Mar  9 23:11:57 CET 2026
#@# pial curv lh Mon Mar  9 23:11:57 CET 2026
#@# pial area lh Mon Mar  9 23:11:57 CET 2026
#@# thickness lh Mon Mar  9 23:11:57 CET 2026
#@# area and vertex vol lh Mon Mar  9 23:11:57 CET 2026
#@# Parcellation Stats lh Mon Mar  9 23:11:57 CET 2026
#@# Parcellation Stats 2 lh Mon Mar  9 23:12:20 CET 2026
#@# Parcellation Stats 3 lh Mon Mar  9 23:12:32 CET 2026
#@# BA_exvivo Labels lh Mon Mar  9 23:12:43 CET 2026
recon-all -s sub-v1s23x0050605_ses-1 finished without error at Mon Mar  9 23:15:56 CET 2026
