status file for recon-all
Mon Mar  9 22:34:03 CET 2026
#@# Tessellate rh Mon Mar  9 22:34:03 CET 2026
#@# Smooth1 rh Mon Mar  9 22:34:07 CET 2026
#@# Inflation1 rh Mon Mar  9 22:34:11 CET 2026
#@# QSphere rh Mon Mar  9 22:34:26 CET 2026
#@# Fix Topology rh Mon Mar  9 22:35:58 CET 2026
#@# Smooth2 rh Mon Mar  9 22:44:00 CET 2026
#@# Inflation2 rh Mon Mar  9 22:44:04 CET 2026
#@# Curv .H and .K rh Mon Mar  9 22:44:21 CET 2026
#@# Sphere rh Mon Mar  9 22:45:18 CET 2026
#@# Surf Reg rh Mon Mar  9 22:51:13 CET 2026
#@# Jacobian white rh Mon Mar  9 22:56:11 CET 2026
#@# AvgCurv rh Mon Mar  9 22:56:12 CET 2026
#@# Cortical Parc rh Mon Mar  9 22:56:14 CET 2026
#@# white curv rh Mon Mar  9 23:04:23 CET 2026
#@# white area rh Mon Mar  9 23:04:25 CET 2026
#@# pial curv rh Mon Mar  9 23:04:26 CET 2026
#@# pial area rh Mon Mar  9 23:04:29 CET 2026
#@# thickness rh Mon Mar  9 23:04:30 CET 2026
#@# area and vertex vol rh Mon Mar  9 23:05:06 CET 2026
#@# Curvature Stats rh Mon Mar  9 23:05:08 CET 2026
#@# Cortical Parc 2 rh Mon Mar  9 23:05:11 CET 2026
#@# Cortical Parc 3 rh Mon Mar  9 23:05:29 CET 2026
#@# WM/GM Contrast rh Mon Mar  9 23:05:42 CET 2026
recon-all -s sub-v1s23x0050605_ses-1 finished without error at Mon Mar  9 23:05:46 CET 2026



#New# invocation of recon-all 



status file for recon-all
Mon Mar  9 23:15:57 CET 2026
#@# white curv rh Mon Mar  9 23:15:57 CET 2026
#@# white area rh Mon Mar  9 23:15:57 CET 2026
#@# pial curv rh Mon Mar  9 23:15:57 CET 2026
#@# pial area rh Mon Mar  9 23:15:57 CET 2026
#@# thickness rh Mon Mar  9 23:15:57 CET 2026
#@# area and vertex vol rh Mon Mar  9 23:15:57 CET 2026
#@# Parcellation Stats rh Mon Mar  9 23:15:57 CET 2026
#@# Parcellation Stats 2 rh Mon Mar  9 23:16:21 CET 2026
#@# Parcellation Stats 3 rh Mon Mar  9 23:16:34 CET 2026
#@# BA_exvivo Labels rh Mon Mar  9 23:16:46 CET 2026
recon-all -s sub-v1s23x0050605_ses-1 finished without error at Mon Mar  9 23:20:05 CET 2026
