/out/sourcedata/freesurfer/sub-v1s23x0050573_ses-1/mri
/opt/freesurfer/bin/talairach_avi
--i orig_nu.mgz --xfm transforms/talairach.auto.xfm
talairach_avi 7.3.2
Linux dna086 5.14.0-427.37.1.el9_4.x86_64 #1 SMP PREEMPT_DYNAMIC Fri Sep 13 12:41:50 EDT 2024 x86_64 x86_64 x86_64 GNU/Linux
Thu Mar 12 16:09:42 CET 2026
mri_convert orig_nu.mgz talsrcimg.img 
reading from orig_nu.mgz...
TR=0.00, TE=0.00, TI=0.00, flip angle=0.00
i_ras = (-1, 0, 0)
j_ras = (0, 0, -1)
k_ras = (0, 1, 0)
writing to talsrcimg.img...
Analyze Output Matrix
-1.00000   0.00000   0.00000   162.62770;
 0.00000   0.00000   1.00000  -176.95494;
 0.00000  -1.00000   0.00000   157.42021;
 0.00000   0.00000   0.00000   1.00000;
--------------------
INFO: set hdr.hist.orient to -1
mpr2mni305 talsrcimg
Thu Mar 12 16:09:42 CET 2026
/opt/freesurfer/bin/mpr2mni305 talsrcimg
mpr2mni305 7.3.2
target=711-2C_as_mni_average_305

---------------------------------------------------------------------
analyzeto4dfp talsrcimg -O0 -y
---------------------------------------------------------------------

freesurfer ifh2hdr.c
Thu Mar 12 16:09:42 2026
Writing: talsrcimg.4dfp.hdr
freesurfer analyzeto4dfp.c
Reading: talsrcimg.hdr
header size 348 bytes
hdr.dime.datatype	offset=70	value=2
hdr.dime.bitpix		offset=72	value=8
hdr.hist.orient		offset=252	value=-1
dimensionality     4
dimensions       256       256       256         1
Reading: talsrcimg.img
Writing: talsrcimg.4dfp.img
Writing: talsrcimg.4dfp.ifh
ifh2hdr talsrcimg -r0to230
ori=2

---------------------------------------------------------------------
gauss_4dfp talsrcimg 1.1
---------------------------------------------------------------------

freesurfer gauss_4dfp.c
Reading: talsrcimg.4dfp.img
Writing: talsrcimg_g11.4dfp.img
image dimensions 256 256 256 padded to 288 288 288
processing volume 1freesurfer ifh2hdr.c
Thu Mar 12 16:09:43 2026
Writing: talsrcimg_g11.4dfp.hdr

Writing: talsrcimg_g11.4dfp.ifh
including: talsrcimg.4dfp.img.rec in talsrcimg_g11.4dfp.img.rec

---------------------------------------------------------------------
imgreg_4dfp /opt/freesurfer/average/711-2C_as_mni_average_305 none talsrcimg_g11 none talsrcimg_to_711-2C_as_mni_average_305_t4 4355
---------------------------------------------------------------------

freesurfer imgreg_4dfp.c
/opt/freesurfer/average/711-2C_as_mni_average_305.4dfp.img
       256       256       256         1
  1.000000  1.000000  1.000000
orientation T byte_order littleendian
Reading image: /opt/freesurfer/average/711-2C_as_mni_average_305.4dfp.img
dimensions:      256       256       256
mmppix:       1.0000   -1.0000   -1.0000
center:     128.0000 -129.0000 -129.0000
talsrcimg_g11.4dfp.img
       256       256       256         1
  1.000000  1.000000  1.000000
orientation T byte_order littleendian
Reading image: talsrcimg_g11.4dfp.img
dimensions:      256       256       256
mmppix:       1.0000   -1.0000   -1.0000
center:     128.0000 -129.0000 -129.0000
t4_read: open error in t4_sub.f l:  41 t4_file(1:l)talsrcimg_to_711-2C_as_mni_average_305_t4 
t4_read: transform initialized to I4
rotation matrix determinant  1.000000
image alignment mode   4355 decimal     1103 hex
   -7.5000  -45.0000  -45.0000 8753.4609   19.3211
    0.0000  -45.0000  -45.0000 9144.7910   19.3456
    7.5000  -45.0000  -45.0000 8744.0410   19.3469
   -7.5000  -37.5000  -45.0000 9231.3145   19.3018
    0.0000  -37.5000  -45.0000 9648.4775   19.3236
    7.5000  -37.5000  -45.0000 9208.9258   19.3275
   -7.5000  -30.0000  -45.0000 9987.7207   19.3170
    0.0000  -30.0000  -45.000010445.0137   19.3446
    7.5000  -30.0000  -45.0000 9947.4561   19.3370
   -7.5000  -22.5000  -45.000010656.8291   19.3535
    0.0000  -22.5000  -45.000011148.0098   19.3892
    7.5000  -22.5000  -45.000010618.0674   19.3659
   -7.5000  -15.0000  -45.000011357.6465   19.3771
    0.0000  -15.0000  -45.000011839.6299   19.4164
    7.5000  -15.0000  -45.000011253.3193   19.3897
   -7.5000   -7.5000  -45.000012002.4531   19.3599
    0.0000   -7.5000  -45.000012504.2783   19.3938
    7.5000   -7.5000  -45.000011905.5264   19.3803
   -7.5000    0.0000  -45.000012388.2402   19.3211
    0.0000    0.0000  -45.000012913.7344   19.3455
    7.5000    0.0000  -45.000012276.4766   19.3469
   -7.5000    7.5000  -45.000011760.6797   19.3018
    0.0000    7.5000  -45.000012245.8877   19.3236
    7.5000    7.5000  -45.000011634.5566   19.3275
   -7.5000   15.0000  -45.000011140.6416   19.3170
    0.0000   15.0000  -45.000011612.4307   19.3446
    7.5000   15.0000  -45.000010984.0479   19.3370
   -7.5000   22.5000  -45.000010377.1572   19.3508
    0.0000   22.5000  -45.000010807.1650   19.3865
    7.5000   22.5000  -45.000010217.2959   19.3632
   -7.5000   30.0000  -45.0000 9445.8145   19.1188
    0.0000   30.0000  -45.0000 9819.0596   19.1577
    7.5000   30.0000  -45.0000 9312.3418   19.1313
   -7.5000   37.5000  -45.0000 8852.8291   19.1019
    0.0000   37.5000  -45.0000 9228.0898   19.1354
    7.5000   37.5000  -45.0000 8756.5625   19.1221
   -7.5000   45.0000  -45.0000 7990.0981   18.5858
    0.0000   45.0000  -45.0000 8305.2031   18.6095
    7.5000   45.0000  -45.0000 7876.8037   18.6109
   -7.5000  -45.0000  -37.5000 9228.4150   19.3585
    0.0000  -45.0000  -37.5000 9632.4297   19.3801
    7.5000  -45.0000  -37.5000 9175.1758   19.3719
   -7.5000  -37.5000  -37.5000 9703.3086   19.3177
    0.0000  -37.5000  -37.500010127.6865   19.3386
    7.5000  -37.5000  -37.5000 9635.7744   19.3395
   -7.5000  -30.0000  -37.500010489.1709   19.3175
    0.0000  -30.0000  -37.500010951.3271   19.3407
    7.5000  -30.0000  -37.500010408.0000   19.3345
   -7.5000  -22.5000  -37.500011210.5889   19.3616
    0.0000  -22.5000  -37.500011691.4707   19.3876
    7.5000  -22.5000  -37.500011112.7539   19.3632
   -7.5000  -15.0000  -37.500011921.9443   19.4053
    0.0000  -15.0000  -37.500012428.6055   19.4328
    7.5000  -15.0000  -37.500011783.6514   19.3985
   -7.5000   -7.5000  -37.500012586.1865   19.4020
    0.0000   -7.5000  -37.500013134.8359   19.4274
    7.5000   -7.5000  -37.500012431.5283   19.4023
   -7.5000    0.0000  -37.500013010.1953   19.3585
    0.0000    0.0000  -37.500013549.7764   19.3800
    7.5000    0.0000  -37.500012837.7383   19.3719
   -7.5000    7.5000  -37.500012328.0000   19.3177
    0.0000    7.5000  -37.500012822.9590   19.3386
    7.5000    7.5000  -37.500012148.1172   19.3395
   -7.5000   15.0000  -37.500011649.2461   19.3175
    0.0000   15.0000  -37.500012115.5859   19.3407
    7.5000   15.0000  -37.500011452.7900   19.3345
   -7.5000   22.5000  -37.500010870.5635   19.3589
    0.0000   22.5000  -37.500011287.2881   19.3849
    7.5000   22.5000  -37.500010665.9727   19.3606
   -7.5000   30.0000  -37.5000 9878.1016   19.1467
    0.0000   30.0000  -37.500010248.5078   19.1739
    7.5000   30.0000  -37.5000 9706.8223   19.1400
   -7.5000   37.5000  -37.5000 9230.0615   19.1434
    0.0000   37.5000  -37.5000 9586.2246   19.1685
    7.5000   37.5000  -37.5000 9088.9180   19.1437
   -7.5000   45.0000  -37.5000 8308.1504   18.6225
    0.0000   45.0000  -37.5000 8649.2363   18.6432
    7.5000   45.0000  -37.5000 8176.3555   18.6354
   -7.5000  -45.0000  -30.0000 9828.9375   20.2003
    0.0000  -45.0000  -30.000010257.2051   20.2341
    7.5000  -45.0000  -30.0000 9737.7441   20.2190
   -7.5000  -37.5000  -30.000010325.7461   20.1510
    0.0000  -37.5000  -30.000010760.1816   20.1822
    7.5000  -37.5000  -30.000010221.4209   20.1787
   -7.5000  -30.0000  -30.000011152.8984   20.1412
    0.0000  -30.0000  -30.000011601.6777   20.1672
    7.5000  -30.0000  -30.000011021.8682   20.1593
   -7.5000  -22.5000  -30.000011895.0879   20.1857
    0.0000  -22.5000  -30.000012357.4951   20.2088
    7.5000  -22.5000  -30.000011739.7637   20.1825
   -7.5000  -15.0000  -30.000012591.8398   20.2368
    0.0000  -15.0000  -30.000013112.7793   20.2632
    7.5000  -15.0000  -30.000012407.7275   20.2243
   -7.5000   -7.5000  -30.000013340.7119   20.2417
    0.0000   -7.5000  -30.000013920.1113   20.2734
    7.5000   -7.5000  -30.000013116.1230   20.2413
   -7.5000    0.0000  -30.000013834.0195   20.2002
    0.0000    0.0000  -30.000014401.3984   20.2340
    7.5000    0.0000  -30.000013566.8086   20.2190
   -7.5000    7.5000  -30.000013105.2764   20.1510
    0.0000    7.5000  -30.000013628.7695   20.1822
    7.5000    7.5000  -30.000012836.6318   20.1787
   -7.5000   15.0000  -30.000012292.5723   20.1412
    0.0000   15.0000  -30.000012756.4805   20.1672
    7.5000   15.0000  -30.000012021.1035   20.1593
   -7.5000   22.5000  -30.000011461.4336   20.1808
    0.0000   22.5000  -30.000011858.5000   20.2039
    7.5000   22.5000  -30.000011180.2305   20.1777
   -7.5000   30.0000  -30.000010471.0293   19.9690
    0.0000   30.0000  -30.000010843.7920   19.9951
    7.5000   30.0000  -30.000010231.4980   19.9567
   -7.5000   37.5000  -30.0000 9748.4795   19.9739
    0.0000   37.5000  -30.000010097.3936   20.0052
    7.5000   37.5000  -30.0000 9553.6338   19.9735
   -7.5000   45.0000  -30.0000 8741.4111   19.4463
    0.0000   45.0000  -30.0000 9081.3027   19.4789
    7.5000   45.0000  -30.0000 8580.6201   19.4643
   -7.5000  -45.0000  -22.500010359.3525   20.8857
    0.0000  -45.0000  -22.500010812.3691   20.9369
    7.5000  -45.0000  -22.500010302.1455   20.9244
   -7.5000  -37.5000  -22.500010944.2510   20.8547
    0.0000  -37.5000  -22.500011395.3262   20.8987
    7.5000  -37.5000  -22.500010851.7695   20.8924
   -7.5000  -30.0000  -22.500011762.0391   20.8534
    0.0000  -30.0000  -22.500012249.7324   20.8871
    7.5000  -30.0000  -22.500011640.4775   20.8743
   -7.5000  -22.5000  -22.500012486.8066   20.8869
    0.0000  -22.5000  -22.500012994.0156   20.9177
    7.5000  -22.5000  -22.500012347.2480   20.8899
   -7.5000  -15.0000  -22.500013212.4102   20.9197
    0.0000  -15.0000  -22.500013777.8838   20.9583
    7.5000  -15.0000  -22.500013020.2168   20.9234
   -7.5000   -7.5000  -22.500014044.8564   20.9171
    0.0000   -7.5000  -22.500014679.4248   20.9659
    7.5000   -7.5000  -22.500013816.0908   20.9398
   -7.5000    0.0000  -22.500014596.4248   20.8857
    0.0000    0.0000  -22.500015207.5312   20.9369
    7.5000    0.0000  -22.500014305.6143   20.9244
   -7.5000    7.5000  -22.500013815.2725   20.8547
    0.0000    7.5000  -22.500014378.1611   20.8987
    7.5000    7.5000  -22.500013511.9756   20.8924
   -7.5000   15.0000  -22.500012942.4316   20.8534
    0.0000   15.0000  -22.500013419.3047   20.8871
    7.5000   15.0000  -22.500012634.0547   20.8743
   -7.5000   22.5000  -22.500012041.6260   20.8805
    0.0000   22.5000  -22.500012459.3496   20.9113
    7.5000   22.5000  -22.500011731.7080   20.8835
   -7.5000   30.0000  -22.500011035.5449   20.6461
    0.0000   30.0000  -22.500011441.9492   20.6842
    7.5000   30.0000  -22.500010760.9424   20.6497
   -7.5000   37.5000  -22.500010293.7676   20.6435
    0.0000   37.5000  -22.500010663.3516   20.6917
    7.5000   37.5000  -22.500010049.9824   20.6659
   -7.5000   45.0000  -22.5000 9220.1309   20.1203
    0.0000   45.0000  -22.5000 9545.8926   20.1696
    7.5000   45.0000  -22.5000 8981.8232   20.1575
   -7.5000  -45.0000  -15.000010847.2070   21.3509
    0.0000  -45.0000  -15.000011312.5205   21.4080
    7.5000  -45.0000  -15.000010761.3359   21.4046
   -7.5000  -37.5000  -15.000011523.2285   21.3440
    0.0000  -37.5000  -15.000011991.8477   21.3903
    7.5000  -37.5000  -15.000011399.9092   21.3857
   -7.5000  -30.0000  -15.000012454.2402   21.3593
    0.0000  -30.0000  -15.000012991.8994   21.3978
    7.5000  -30.0000  -15.000012317.9541   21.3825
   -7.5000  -22.5000  -15.000013211.4473   21.3832
    0.0000  -22.5000  -15.000013774.9092   21.4249
    7.5000  -22.5000  -15.000013048.0820   21.3981
   -7.5000  -15.0000  -15.000013926.2773   21.3932
    0.0000  -15.0000  -15.000014513.6924   21.4464
    7.5000  -15.0000  -15.000013679.4639   21.4200
   -7.5000   -7.5000  -15.000014796.2646   21.3762
    0.0000   -7.5000  -15.000015408.1045   21.4369
    7.5000   -7.5000  -15.000014492.8779   21.4232
   -7.5000    0.0000  -15.000015323.4160   21.3509
    0.0000    0.0000  -15.000015952.7861   21.4080
    7.5000    0.0000  -15.000015004.3955   21.4046
   -7.5000    7.5000  -15.000014533.2432   21.3440
    0.0000    7.5000  -15.000015112.6748   21.3903
    7.5000    7.5000  -15.000014237.3564   21.3857
   -7.5000   15.0000  -15.000013580.3203   21.3593
    0.0000   15.0000  -15.000014099.4854   21.3978
    7.5000   15.0000  -15.000013268.3867   21.3825
   -7.5000   22.5000  -15.000012640.5430   21.3756
    0.0000   22.5000  -15.000013103.2988   21.4174
    7.5000   22.5000  -15.000012321.6787   21.3905
   -7.5000   30.0000  -15.000011644.4707   21.1163
    0.0000   30.0000  -15.000012071.9014   21.1688
    7.5000   30.0000  -15.000011332.5859   21.1427
   -7.5000   37.5000  -15.000010842.8770   21.0995
    0.0000   37.5000  -15.000011244.7178   21.1595
    7.5000   37.5000  -15.000010571.2373   21.1460
   -7.5000   45.0000  -15.0000 9696.4854   20.5801
    0.0000   45.0000  -15.000010053.7275   20.6351
    7.5000   45.0000  -15.0000 9420.5361   20.6319
   -7.5000  -45.0000   -7.500011290.1973   21.5708
    0.0000  -45.0000   -7.500011718.6250   21.6149
    7.5000  -45.0000   -7.500011155.3711   21.6189
   -7.5000  -37.5000   -7.500012061.4785   21.5672
    0.0000  -37.5000   -7.500012557.2139   21.6029
    7.5000  -37.5000   -7.500011889.7861   21.6044
   -7.5000  -30.0000   -7.500013202.1104   21.5908
    0.0000  -30.0000   -7.500013888.4658   21.6276
    7.5000  -30.0000   -7.500013015.9346   21.6153
   -7.5000  -22.5000   -7.500014163.8672   21.6194
    0.0000  -22.5000   -7.500014934.6885   21.6653
    7.5000  -22.5000   -7.500013941.5527   21.6399
   -7.5000  -15.0000   -7.500014829.8369   21.6278
    0.0000  -15.0000   -7.500015478.2832   21.6830
    7.5000  -15.0000   -7.500014545.8867   21.6592
   -7.5000   -7.5000   -7.500015504.3613   21.6029
    0.0000   -7.5000   -7.500016069.0361   21.6572
    7.5000   -7.5000   -7.500015281.7490   21.6491
   -7.5000    0.0000   -7.500016024.1729   21.5708
    0.0000    0.0000   -7.500016617.7969   21.6149
    7.5000    0.0000   -7.500015830.1074   21.6189
   -7.5000    7.5000   -7.500015319.0059   21.5672
    0.0000    7.5000   -7.500015890.2715   21.6029
    7.5000    7.5000   -7.500015062.7461   21.6044
   -7.5000   15.0000   -7.500014377.3789   21.5908
    0.0000   15.0000   -7.500014941.7764   21.6276
    7.5000   15.0000   -7.500014068.6094   21.6153
   -7.5000   22.5000   -7.500013379.7363   21.6094
    0.0000   22.5000   -7.500013892.3535   21.6553
    7.5000   22.5000   -7.500013008.5615   21.6299
   -7.5000   30.0000   -7.500012294.0420   21.3474
    0.0000   30.0000   -7.500012770.3760   21.4018
    7.5000   30.0000   -7.500011915.6992   21.3783
   -7.5000   37.5000   -7.500011454.8301   21.3228
    0.0000   37.5000   -7.500011897.6738   21.3764
    7.5000   37.5000   -7.500011110.6133   21.3683
   -7.5000   45.0000   -7.500010254.0586   20.7964
    0.0000   45.0000   -7.500010616.9971   20.8389
    7.5000   45.0000   -7.5000 9933.6543   20.8429
   -7.5000  -45.0000    0.000011622.9561   21.6208
    0.0000  -45.0000    0.000012096.6055   21.6482
    7.5000  -45.0000    0.000011477.2920   21.6497
   -7.5000  -37.5000    0.000012426.6240   21.5992
    0.0000  -37.5000    0.000012910.4033   21.6236
    7.5000  -37.5000    0.000012238.8428   21.6280
   -7.5000  -30.0000    0.000013666.8037   21.6163
    0.0000  -30.0000    0.000014424.4619   21.6471
    7.5000  -30.0000    0.000013505.2236   21.6386
   -7.5000  -22.5000    0.000014844.4189   21.6571
    0.0000  -22.5000    0.000015708.9922   21.6970
    7.5000  -22.5000    0.000014662.3926   21.6709
   -7.5000  -15.0000    0.000015490.3398   21.6834
    0.0000  -15.0000    0.000016133.0635   21.7275
    7.5000  -15.0000    0.000015380.8350   21.6976
   -7.5000   -7.5000    0.000016156.5947   21.6642
    0.0000   -7.5000    0.000016733.2812   21.7022
    7.5000   -7.5000    0.000016096.7041   21.6871
   -7.5000    0.0000    0.000016756.1387   21.6208
    0.0000    0.0000    0.000017422.3711   21.6482
    7.5000    0.0000    0.000016590.7910   21.6497
   -7.5000    7.5000    0.000016068.3301   21.5992
    0.0000    7.5000    0.000016764.0508   21.6236
    7.5000    7.5000    0.000015737.6328   21.6280
   -7.5000   15.0000    0.000015026.9102   21.6163
    0.0000   15.0000    0.000015706.1406   21.6471
    7.5000   15.0000    0.000014652.0215   21.6386
   -7.5000   22.5000    0.000013893.5430   21.6471
    0.0000   22.5000    0.000014481.6338   21.6870
    7.5000   22.5000    0.000013472.5264   21.6609
   -7.5000   30.0000    0.000012742.9482   21.4028
    0.0000   30.0000    0.000013287.0801   21.4463
    7.5000   30.0000    0.000012342.1777   21.4168
   -7.5000   37.5000    0.000011865.3281   21.3838
    0.0000   37.5000    0.000012354.4629   21.4213
    7.5000   37.5000    0.000011536.4014   21.4064
   -7.5000   45.0000    0.000010580.8467   20.8470
    0.0000   45.0000    0.000011020.6875   20.8735
    7.5000   45.0000    0.000010300.3281   20.8751
   -7.5000  -45.0000    7.500011066.7500   21.6627
    0.0000  -45.0000    7.500011473.5283   21.6868
    7.5000  -45.0000    7.500010915.9033   21.6777
   -7.5000  -37.5000    7.500011788.6982   21.6170
    0.0000  -37.5000    7.500012207.0469   21.6404
    7.5000  -37.5000    7.500011626.1904   21.6414
   -7.5000  -30.0000    7.500013003.0986   21.6167
    0.0000  -30.0000    7.500013667.1729   21.6428
    7.5000  -30.0000    7.500012882.1221   21.6358
   -7.5000  -22.5000    7.500014156.9912   21.6661
    0.0000  -22.5000    7.500015018.7178   21.6952
    7.5000  -22.5000    7.500014110.1143   21.6680
   -7.5000  -15.0000    7.500014901.2793   21.7150
    0.0000  -15.0000    7.500015813.2402   21.7459
    7.5000  -15.0000    7.500014935.0586   21.7075
   -7.5000   -7.5000    7.500015685.7119   21.7113
    0.0000   -7.5000    7.500016693.4961   21.7398
    7.5000   -7.5000    7.500015659.3398   21.7116
   -7.5000    0.0000    7.500016219.4600   21.6627
    0.0000    0.0000    7.500017253.7910   21.6868
    7.5000    0.0000    7.500016050.5908   21.6777
   -7.5000    7.5000    7.500015453.8115   21.6170
    0.0000    7.5000    7.500016306.3613   21.6404
    7.5000    7.5000    7.500015131.6055   21.6414
   -7.5000   15.0000    7.500014407.1289   21.6167
    0.0000   15.0000    7.500015106.6729   21.6428
    7.5000   15.0000    7.500014064.8135   21.6358
   -7.5000   22.5000    7.500013213.2969   21.6561
    0.0000   22.5000    7.500013805.2822   21.6852
    7.5000   22.5000    7.500012890.1494   21.6580
   -7.5000   30.0000    7.500012116.2256   21.4340
    0.0000   30.0000    7.500012627.3857   21.4644
    7.5000   30.0000    7.500011825.6826   21.4266
   -7.5000   37.5000    7.500011308.3359   21.4304
    0.0000   37.5000    7.500011765.8115   21.4585
    7.5000   37.5000    7.500011069.3359   21.4307
   -7.5000   45.0000    7.500010108.7012   20.8881
    0.0000   45.0000    7.500010511.2705   20.9114
    7.5000   45.0000    7.5000 9908.8457   20.9027
   -7.5000  -45.0000   15.000010406.8506   21.6982
    0.0000  -45.0000   15.000010829.6318   21.7344
    7.5000  -45.0000   15.000010319.6445   21.7182
   -7.5000  -37.5000   15.000011148.4775   21.6453
    0.0000  -37.5000   15.000011602.0352   21.6787
    7.5000  -37.5000   15.000011057.0645   21.6749
   -7.5000  -30.0000   15.000012318.0742   21.6347
    0.0000  -30.0000   15.000012960.3301   21.6625
    7.5000  -30.0000   15.000012236.4922   21.6540
   -7.5000  -22.5000   15.000013310.6895   21.6823
    0.0000  -22.5000   15.000014005.0830   21.7071
    7.5000  -22.5000   15.000013280.6504   21.6788
   -7.5000  -15.0000   15.000013982.9570   21.7372
    0.0000  -15.0000   15.000014653.4932   21.7655
    7.5000  -15.0000   15.000013955.9443   21.7236
   -7.5000   -7.5000   15.000014701.3574   21.7425
    0.0000   -7.5000   15.000015435.4600   21.7766
    7.5000   -7.5000   15.000014644.3037   21.7420
   -7.5000    0.0000   15.000015193.8369   21.6982
    0.0000    0.0000   15.000015964.6660   21.7344
    7.5000    0.0000   15.000015086.5830   21.7181
   -7.5000    7.5000   15.000014469.0029   21.6453
    0.0000    7.5000   15.000015128.3926   21.6787
    7.5000    7.5000   15.000014274.5723   21.6749
   -7.5000   15.0000   15.000013547.5488   21.6347
    0.0000   15.0000   15.000014108.3818   21.6625
    7.5000   15.0000   15.000013315.0410   21.6540
   -7.5000   22.5000   15.000012427.6670   21.6723
    0.0000   22.5000   15.000012951.5664   21.6971
    7.5000   22.5000   15.000012208.6377   21.6688
   -7.5000   30.0000   15.000011372.1934   21.4559
    0.0000   30.0000   15.000011857.6748   21.4838
    7.5000   30.0000   15.000011146.0742   21.4425
   -7.5000   37.5000   15.000010609.0254   21.4612
    0.0000   37.5000   15.000011059.6484   21.4948
    7.5000   37.5000   15.000010434.3770   21.4606
   -7.5000   45.0000   15.0000 9468.0869   20.9222
    0.0000   45.0000   15.0000 9853.5342   20.9571
    7.5000   45.0000   15.0000 9304.1719   20.9414
   -7.5000  -45.0000   22.5000 9703.8896   21.7158
    0.0000  -45.0000   22.500010176.2432   21.7693
    7.5000  -45.0000   22.5000 9678.0830   21.7566
   -7.5000  -37.5000   22.500010374.9854   21.6835
    0.0000  -37.5000   22.500010865.5723   21.7295
    7.5000  -37.5000   22.500010321.2500   21.7233
   -7.5000  -30.0000   22.500011352.4277   21.6820
    0.0000  -30.0000   22.500011926.5020   21.7173
    7.5000  -30.0000   22.500011294.6270   21.7045
   -7.5000  -22.5000   22.500012171.2549   21.7169
    0.0000  -22.5000   22.500012721.5449   21.7491
    7.5000  -22.5000   22.500012139.3311   21.7206
   -7.5000  -15.0000   22.500012771.1680   21.7511
    0.0000  -15.0000   22.500013316.5146   21.7914
    7.5000  -15.0000   22.500012751.7891   21.7553
   -7.5000   -7.5000   22.500013418.6738   21.7485
    0.0000   -7.5000   22.500014010.9980   21.7994
    7.5000   -7.5000   22.500013374.7607   21.7725
   -7.5000    0.0000   22.500013879.5762   21.7158
    0.0000    0.0000   22.500014485.3975   21.7693
    7.5000    0.0000   22.500013818.7266   21.7566
   -7.5000    7.5000   22.500013271.8291   21.6835
    0.0000    7.5000   22.500013812.2266   21.7295
    7.5000    7.5000   22.500013149.0420   21.7233
   -7.5000   15.0000   22.500012488.1514   21.6820
    0.0000   15.0000   22.500012993.1533   21.7173
    7.5000   15.0000   22.500012321.9424   21.7045
   -7.5000   22.5000   22.500011513.0605   21.7069
    0.0000   22.5000   22.500011982.1270   21.7391
    7.5000   22.5000   22.500011357.2598   21.7106
   -7.5000   30.0000   22.500010505.2656   21.4696
    0.0000   30.0000   22.500010934.3604   21.5094
    7.5000   30.0000   22.500010352.8750   21.4738
   -7.5000   37.5000   22.5000 9813.6035   21.4670
    0.0000   37.5000   22.500010203.3018   21.5173
    7.5000   37.5000   22.5000 9670.0146   21.4907
   -7.5000   45.0000   22.5000 8752.6709   20.9382
    0.0000   45.0000   22.5000 9098.6084   20.9897
    7.5000   45.0000   22.5000 8614.5576   20.9774
   -7.5000  -45.0000   30.0000 8934.0977   22.1309
    0.0000  -45.0000   30.0000 9351.0889   22.1924
    7.5000  -45.0000   30.0000 8879.1592   22.1889
   -7.5000  -37.5000   30.0000 9537.1445   22.1245
    0.0000  -37.5000   30.0000 9973.7607   22.1748
    7.5000  -37.5000   30.0000 9449.3936   22.1701
   -7.5000  -30.0000   30.000010422.5557   22.1402
    0.0000  -30.0000   30.000010910.7480   22.1825
    7.5000  -30.0000   30.000010344.4834   22.1668
   -7.5000  -22.5000   30.000011160.7168   22.1640
    0.0000  -22.5000   30.000011642.1738   22.2096
    7.5000  -22.5000   30.000011120.6934   22.1820
   -7.5000  -15.0000   30.000011733.7715   22.1734
    0.0000  -15.0000   30.000012204.6895   22.2310
    7.5000  -15.0000   30.000011703.7734   22.2038
   -7.5000   -7.5000   30.000012310.6455   22.1561
    0.0000   -7.5000   30.000012816.0732   22.2214
    7.5000   -7.5000   30.000012268.4941   22.2073
   -7.5000    0.0000   30.000012744.4053   22.1309
    0.0000    0.0000   30.000013270.9814   22.1924
    7.5000    0.0000   30.000012710.2100   22.1889
   -7.5000    7.5000   30.000012205.8037   22.1245
    0.0000    7.5000   30.000012702.0635   22.1748
    7.5000    7.5000   30.000012136.7676   22.1701
   -7.5000   15.0000   30.000011517.9707   22.1402
    0.0000   15.0000   30.000011979.1738   22.1825
    7.5000   15.0000   30.000011407.8398   22.1668
   -7.5000   22.5000   30.000010663.7803   22.1538
    0.0000   22.5000   30.000011086.0244   22.1994
    7.5000   22.5000   30.000010532.3584   22.1718
   -7.5000   30.0000   30.0000 9708.5352   21.8865
    0.0000   30.0000   30.000010108.5898   21.9432
    7.5000   30.0000   30.0000 9585.1963   21.9164
   -7.5000   37.5000   30.0000 9086.3711   21.8693
    0.0000   37.5000   30.0000 9447.7559   21.9338
    7.5000   37.5000   30.0000 8955.2285   21.9199
   -7.5000   45.0000   30.0000 8121.9468   21.3375
    0.0000   45.0000   30.0000 8437.6738   21.3968
    7.5000   45.0000   30.0000 8014.2280   21.3935
   -7.5000  -45.0000   37.5000 8480.3535   22.6913
    0.0000  -45.0000   37.5000 8840.7832   22.7401
    7.5000  -45.0000   37.5000 8383.0449   22.7419
   -7.5000  -37.5000   37.5000 9032.1445   22.6854
    0.0000  -37.5000   37.5000 9415.5586   22.7259
    7.5000  -37.5000   37.5000 8935.8076   22.7257
   -7.5000  -30.0000   37.5000 9852.8984   22.7075
    0.0000  -30.0000   37.500010286.5801   22.7494
    7.5000  -30.0000   37.5000 9775.0078   22.7345
   -7.5000  -22.5000   37.500010611.6660   22.7370
    0.0000  -22.5000   37.500011053.8857   22.7883
    7.5000  -22.5000   37.500010547.0488   22.7585
   -7.5000  -15.0000   37.500011195.4893   22.7478
    0.0000  -15.0000   37.500011653.2197   22.8083
    7.5000  -15.0000   37.500011120.6016   22.7796
   -7.5000   -7.5000   37.500011721.3965   22.7241
    0.0000   -7.5000   37.500012206.7822   22.7836
    7.5000   -7.5000   37.500011665.4824   22.7718
   -7.5000    0.0000   37.500012140.8262   22.6913
    0.0000    0.0000   37.500012618.5059   22.7401
    7.5000    0.0000   37.500012098.7686   22.7419
   -7.5000    7.5000   37.500011637.9756   22.6854
    0.0000    7.5000   37.500012108.7715   22.7259
    7.5000    7.5000   37.500011596.7031   22.7257
   -7.5000   15.0000   37.500011002.3760   22.7075
    0.0000   15.0000   37.500011474.2471   22.7494
    7.5000   15.0000   37.500010920.3906   22.7345
   -7.5000   22.5000   37.500010211.5371   22.7265
    0.0000   22.5000   37.500010639.2051   22.7778
    7.5000   22.5000   37.500010101.4795   22.7480
   -7.5000   30.0000   37.5000 9276.6182   22.4534
    0.0000   30.0000   37.5000 9653.8350   22.5131
    7.5000   30.0000   37.5000 9184.4111   22.4848
   -7.5000   37.5000   37.5000 8702.1729   22.4300
    0.0000   37.5000   37.5000 9055.9023   22.4887
    7.5000   37.5000   37.5000 8604.7002   22.4771
   -7.5000   45.0000   37.5000 7796.8481   21.8760
    0.0000   45.0000   37.5000 8124.1035   21.9232
    7.5000   45.0000   37.5000 7720.5161   21.9250
   -7.5000  -45.0000   45.0000 7723.3101   23.4638
    0.0000  -45.0000   45.0000 8060.0962   23.5014
    7.5000  -45.0000   45.0000 7631.3965   23.5062
   -7.5000  -37.5000   45.0000 8250.7500   23.4362
    0.0000  -37.5000   45.0000 8600.2285   23.4711
    7.5000  -37.5000   45.0000 8146.6069   23.4804
   -7.5000  -30.0000   45.0000 9013.9121   23.4492
    0.0000  -30.0000   45.0000 9395.2217   23.4918
    7.5000  -30.0000   45.0000 8919.2139   23.4869
   -7.5000  -22.5000   45.0000 9711.5137   23.4922
    0.0000  -22.5000   45.000010109.4814   23.5445
    7.5000  -22.5000   45.0000 9632.3945   23.5186
   -7.5000  -15.0000   45.000010244.9375   23.5244
    0.0000  -15.0000   45.000010669.0576   23.5806
    7.5000  -15.0000   45.000010162.1377   23.5492
   -7.5000   -7.5000   45.000010723.6816   23.5091
    0.0000   -7.5000   45.000011183.5264   23.5581
    7.5000   -7.5000   45.000010670.8936   23.5433
   -7.5000    0.0000   45.000011125.4131   23.4638
    0.0000    0.0000   45.000011599.5020   23.5014
    7.5000    0.0000   45.000011083.7529   23.5062
   -7.5000    7.5000   45.000010705.8223   23.4362
    0.0000    7.5000   45.000011178.9443   23.4711
    7.5000    7.5000   45.000010669.4658   23.4804
   -7.5000   15.0000   45.000010146.2373   23.4492
    0.0000   15.0000   45.000010604.0381   23.4918
    7.5000   15.0000   45.000010085.0762   23.4869
   -7.5000   22.5000   45.0000 9405.6699   23.4813
    0.0000   22.5000   45.0000 9815.2314   23.5335
    7.5000   22.5000   45.0000 9320.3066   23.5077
   -7.5000   30.0000   45.0000 8568.9961   23.2180
    0.0000   30.0000   45.0000 8927.0049   23.2734
    7.5000   30.0000   45.0000 8478.6729   23.2424
   -7.5000   37.5000   45.0000 8077.1333   23.2028
    0.0000   37.5000   45.0000 8406.5859   23.2512
    7.5000   37.5000   45.0000 7974.0371   23.2366
   -7.5000   45.0000   45.0000 7253.5127   22.6315
    0.0000   45.0000   45.0000 7539.6323   22.6678
    7.5000   45.0000   45.0000 7180.9863   22.6725

---------------------------------------------------------------------
imgreg_4dfp /opt/freesurfer/average/711-2C_as_mni_average_305 /opt/freesurfer/average/711-2B_as_mni_average_305_mask talsrcimg_g11 none talsrcimg_to_711-2C_as_mni_average_305_t4 4355
---------------------------------------------------------------------

freesurfer imgreg_4dfp.c
/opt/freesurfer/average/711-2C_as_mni_average_305.4dfp.img
       256       256       256         1
  1.000000  1.000000  1.000000
orientation T byte_order littleendian
Reading image: /opt/freesurfer/average/711-2C_as_mni_average_305.4dfp.img
dimensions:      256       256       256
mmppix:       1.0000   -1.0000   -1.0000
center:     128.0000 -129.0000 -129.0000
/opt/freesurfer/average/711-2B_as_mni_average_305_mask.4dfp.img
       256       256       256         1
  1.000000  1.000000  1.000000
orientation T byte_order littleendian
Reading mask: /opt/freesurfer/average/711-2B_as_mni_average_305_mask.4dfp.img (2306576 pixels)
talsrcimg_g11.4dfp.img
       256       256       256         1
  1.000000  1.000000  1.000000
orientation T byte_order littleendian
Reading image: talsrcimg_g11.4dfp.img
dimensions:      256       256       256
mmppix:       1.0000   -1.0000   -1.0000
center:     128.0000 -129.0000 -129.0000
rotation matrix determinant  1.000000
image alignment mode   4355 decimal     1103 hex
   -7.5000  -45.0000  -45.0000 2234.5342   18.1413
    0.0000  -45.0000  -45.0000 2247.7754   18.1346
    7.5000  -45.0000  -45.0000 2232.5315   18.2807
   -7.5000  -37.5000  -45.0000 2310.5212   16.8499
    0.0000  -37.5000  -45.0000 2329.9580   16.8265
    7.5000  -37.5000  -45.0000 2312.4231   16.9802
   -7.5000  -30.0000  -45.0000 2356.5081   16.0667
    0.0000  -30.0000  -45.0000 2382.3113   16.0564
    7.5000  -30.0000  -45.0000 2356.0085   16.1942
   -7.5000  -22.5000  -45.0000 2378.4771   15.7197
    0.0000  -22.5000  -45.0000 2404.2361   15.6623
    7.5000  -22.5000  -45.0000 2379.8374   15.8205
   -7.5000  -15.0000  -45.0000 2397.4827   15.7353
    0.0000  -15.0000  -45.0000 2417.8022   15.6372
    7.5000  -15.0000  -45.0000 2383.5500   15.8004
   -7.5000   -7.5000  -45.0000 2392.2258   15.8723
    0.0000   -7.5000  -45.0000 2414.3569   15.7861
    7.5000   -7.5000  -45.0000 2386.8423   15.9403
   -7.5000    0.0000  -45.0000 2378.4963   16.2825
    0.0000    0.0000  -45.0000 2403.8638   16.1699
    7.5000    0.0000  -45.0000 2373.6216   16.3562
   -7.5000    7.5000  -45.0000 2344.3398   16.9799
    0.0000    7.5000  -45.0000 2363.6531   16.8607
    7.5000    7.5000  -45.0000 2342.1108   17.0723
   -7.5000   15.0000  -45.0000 2279.7056   17.9179
    0.0000   15.0000  -45.0000 2300.2014   17.8556
    7.5000   15.0000  -45.0000 2271.7900   18.0330
   -7.5000   22.5000  -45.0000 2197.2532   19.1958
    0.0000   22.5000  -45.0000 2212.3005   19.1357
    7.5000   22.5000  -45.0000 2183.9106   19.3272
   -7.5000   30.0000  -45.0000 2091.5405   20.9043
    0.0000   30.0000  -45.0000 2100.4998   20.8328
    7.5000   30.0000  -45.0000 2074.5852   21.0047
   -7.5000   37.5000  -45.0000 1972.5562   23.1650
    0.0000   37.5000  -45.0000 1994.0150   23.0474
    7.5000   37.5000  -45.0000 1965.3062   23.2268
   -7.5000   45.0000  -45.0000 1841.9185   26.1529
    0.0000   45.0000  -45.0000 1849.1100   26.0326
    7.5000   45.0000  -45.0000 1828.5568   26.3800
   -7.5000  -45.0000  -37.5000 2315.3191   17.3491
    0.0000  -45.0000  -37.5000 2333.7168   17.3215
    7.5000  -45.0000  -37.5000 2308.7305   17.4456
   -7.5000  -37.5000  -37.5000 2389.4077   15.9805
    0.0000  -37.5000  -37.5000 2409.0417   15.9203
    7.5000  -37.5000  -37.5000 2380.5833   16.0676
   -7.5000  -30.0000  -37.5000 2449.9290   15.0785
    0.0000  -30.0000  -37.5000 2471.7688   15.0211
    7.5000  -30.0000  -37.5000 2444.3330   15.1661
   -7.5000  -22.5000  -37.5000 2480.0928   14.6641
    0.0000  -22.5000  -37.5000 2502.4028   14.5985
    7.5000  -22.5000  -37.5000 2472.9524   14.7603
   -7.5000  -15.0000  -37.5000 2502.3899   14.6477
    0.0000  -15.0000  -37.5000 2520.9844   14.5363
    7.5000  -15.0000  -37.5000 2488.8909   14.6990
   -7.5000   -7.5000  -37.5000 2497.5845   14.8483
    0.0000   -7.5000  -37.5000 2519.2532   14.7843
    7.5000   -7.5000  -37.5000 2487.4116   14.9144
   -7.5000    0.0000  -37.5000 2484.0542   15.2596
    0.0000    0.0000  -37.5000 2502.9834   15.1673
    7.5000    0.0000  -37.5000 2472.5906   15.3405
   -7.5000    7.5000  -37.5000 2447.2761   15.8517
    0.0000    7.5000  -37.5000 2466.0969   15.7564
    7.5000    7.5000  -37.5000 2435.3035   15.9513
   -7.5000   15.0000  -37.5000 2386.8879   16.6701
    0.0000   15.0000  -37.5000 2401.7268   16.6155
    7.5000   15.0000  -37.5000 2370.4473   16.8016
   -7.5000   22.5000  -37.5000 2295.3826   17.8562
    0.0000   22.5000  -37.5000 2311.7583   17.8065
    7.5000   22.5000  -37.5000 2278.9929   17.9892
   -7.5000   30.0000  -37.5000 2175.8879   19.4792
    0.0000   30.0000  -37.5000 2190.1941   19.3882
    7.5000   30.0000  -37.5000 2161.1907   19.5852
   -7.5000   37.5000  -37.5000 2053.8672   21.5405
    0.0000   37.5000  -37.5000 2070.3477   21.4676
    7.5000   37.5000  -37.5000 2041.8562   21.6688
   -7.5000   45.0000  -37.5000 1919.1361   24.3109
    0.0000   45.0000  -37.5000 1932.5559   24.2968
    7.5000   45.0000  -37.5000 1902.2690   24.5822
   -7.5000  -45.0000  -30.0000 2414.3291   17.1439
    0.0000  -45.0000  -30.0000 2435.5667   17.0895
    7.5000  -45.0000  -30.0000 2407.8440   17.2821
   -7.5000  -37.5000  -30.0000 2495.8232   15.7491
    0.0000  -37.5000  -30.0000 2516.9180   15.7192
    7.5000  -37.5000  -30.0000 2489.3320   15.8786
   -7.5000  -30.0000  -30.0000 2568.9236   14.7581
    0.0000  -30.0000  -30.0000 2582.2444   14.6777
    7.5000  -30.0000  -30.0000 2558.8618   14.8552
   -7.5000  -22.5000  -30.0000 2605.9163   14.2353
    0.0000  -22.5000  -30.0000 2622.3550   14.1388
    7.5000  -22.5000  -30.0000 2597.7810   14.3138
   -7.5000  -15.0000  -30.0000 2632.4573   14.1120
    0.0000  -15.0000  -30.0000 2649.5229   14.0442
    7.5000  -15.0000  -30.0000 2615.9075   14.1816
   -7.5000   -7.5000  -30.0000 2639.9546   14.3378
    0.0000   -7.5000  -30.0000 2665.2268   14.3032
    7.5000   -7.5000  -30.0000 2629.3408   14.4249
   -7.5000    0.0000  -30.0000 2630.9211   14.7875
    0.0000    0.0000  -30.0000 2655.3845   14.7433
    7.5000    0.0000  -30.0000 2616.4180   14.8987
   -7.5000    7.5000  -30.0000 2589.1936   15.3443
    0.0000    7.5000  -30.0000 2607.8904   15.2760
    7.5000    7.5000  -30.0000 2573.2366   15.4556
   -7.5000   15.0000  -30.0000 2523.4060   16.1515
    0.0000   15.0000  -30.0000 2539.9485   16.0787
    7.5000   15.0000  -30.0000 2503.7690   16.2920
   -7.5000   22.5000  -30.0000 2429.4707   17.2930
    0.0000   22.5000  -30.0000 2443.9783   17.1778
    7.5000   22.5000  -30.0000 2410.0574   17.4125
   -7.5000   30.0000  -30.0000 2305.5945   18.8677
    0.0000   30.0000  -30.0000 2321.8958   18.7589
    7.5000   30.0000  -30.0000 2289.6658   18.9738
   -7.5000   37.5000  -30.0000 2166.8088   20.9394
    0.0000   37.5000  -30.0000 2175.8245   20.8836
    7.5000   37.5000  -30.0000 2148.8181   21.0980
   -7.5000   45.0000  -30.0000 2014.7771   23.6579
    0.0000   45.0000  -30.0000 2024.8959   23.6225
    7.5000   45.0000  -30.0000 1998.4337   23.8864
   -7.5000  -45.0000  -22.5000 2473.0215   16.8329
    0.0000  -45.0000  -22.5000 2499.7354   16.8157
    7.5000  -45.0000  -22.5000 2476.8760   17.0299
   -7.5000  -37.5000  -22.5000 2569.2356   15.4462
    0.0000  -37.5000  -22.5000 2594.4507   15.4196
    7.5000  -37.5000  -22.5000 2572.9326   15.6468
   -7.5000  -30.0000  -22.5000 2643.3225   14.4331
    0.0000  -30.0000  -22.5000 2668.3469   14.3921
    7.5000  -30.0000  -22.5000 2643.8828   14.5937
   -7.5000  -22.5000  -22.5000 2687.0071   13.7112
    0.0000  -22.5000  -22.5000 2712.7554   13.6540
    7.5000  -22.5000  -22.5000 2687.6050   13.8652
   -7.5000  -15.0000  -22.5000 2717.1477   13.4602
    0.0000  -15.0000  -22.5000 2744.9521   13.4410
    7.5000  -15.0000  -22.5000 2710.0715   13.5979
   -7.5000   -7.5000  -22.5000 2745.0635   13.6914
    0.0000   -7.5000  -22.5000 2776.5002   13.6765
    7.5000   -7.5000  -22.5000 2738.9675   13.7948
   -7.5000    0.0000  -22.5000 2748.8184   14.2085
    0.0000    0.0000  -22.5000 2770.2397   14.1244
    7.5000    0.0000  -22.5000 2732.1736   14.2880
   -7.5000    7.5000  -22.5000 2700.0205   14.7683
    0.0000    7.5000  -22.5000 2722.0603   14.7009
    7.5000    7.5000  -22.5000 2686.3521   14.8898
   -7.5000   15.0000  -22.5000 2625.7283   15.5525
    0.0000   15.0000  -22.5000 2643.6462   15.4757
    7.5000   15.0000  -22.5000 2610.0034   15.7069
   -7.5000   22.5000  -22.5000 2525.9558   16.6785
    0.0000   22.5000  -22.5000 2544.2910   16.5707
    7.5000   22.5000  -22.5000 2509.4331   16.8191
   -7.5000   30.0000  -22.5000 2398.4568   18.2484
    0.0000   30.0000  -22.5000 2419.1355   18.1331
    7.5000   30.0000  -22.5000 2383.2170   18.3892
   -7.5000   37.5000  -22.5000 2248.3506   20.3115
    0.0000   37.5000  -22.5000 2260.7114   20.2142
    7.5000   37.5000  -22.5000 2232.9846   20.4844
   -7.5000   45.0000  -22.5000 2089.5112   22.9403
    0.0000   45.0000  -22.5000 2095.1335   22.8798
    7.5000   45.0000  -22.5000 2070.7710   23.1906
   -7.5000  -45.0000  -15.0000 2491.7346   16.5776
    0.0000  -45.0000  -15.0000 2523.4536   16.5729
    7.5000  -45.0000  -15.0000 2497.4839   16.8074
   -7.5000  -37.5000  -15.0000 2596.5017   15.2259
    0.0000  -37.5000  -15.0000 2624.6702   15.2187
    7.5000  -37.5000  -15.0000 2602.2778   15.4556
   -7.5000  -30.0000  -15.0000 2681.9548   14.2029
    0.0000  -30.0000  -15.0000 2713.2234   14.2007
    7.5000  -30.0000  -15.0000 2688.3840   14.4135
   -7.5000  -22.5000  -15.0000 2745.8799   13.3678
    0.0000  -22.5000  -15.0000 2781.7871   13.3507
    7.5000  -22.5000  -15.0000 2746.4448   13.5812
   -7.5000  -15.0000  -15.0000 2781.0034   12.9714
    0.0000  -15.0000  -15.0000 2809.7935   12.9094
    7.5000  -15.0000  -15.0000 2771.0415   13.1690
   -7.5000   -7.5000  -15.0000 2820.6072   13.1195
    0.0000   -7.5000  -15.0000 2842.7231   13.0604
    7.5000   -7.5000  -15.0000 2807.9915   13.2741
   -7.5000    0.0000  -15.0000 2815.4688   13.5810
    0.0000    0.0000  -15.0000 2836.8264   13.4728
    7.5000    0.0000  -15.0000 2800.9441   13.6772
   -7.5000    7.5000  -15.0000 2770.0415   14.2116
    0.0000    7.5000  -15.0000 2795.7434   14.1360
    7.5000    7.5000  -15.0000 2760.9453   14.3744
   -7.5000   15.0000  -15.0000 2691.7612   15.0453
    0.0000   15.0000  -15.0000 2714.3018   14.9496
    7.5000   15.0000  -15.0000 2681.0647   15.2690
   -7.5000   22.5000  -15.0000 2585.2642   16.1818
    0.0000   22.5000  -15.0000 2609.5217   16.0718
    7.5000   22.5000  -15.0000 2572.9421   16.4111
   -7.5000   30.0000  -15.0000 2454.6963   17.7270
    0.0000   30.0000  -15.0000 2477.0034   17.6334
    7.5000   30.0000  -15.0000 2440.5359   17.9399
   -7.5000   37.5000  -15.0000 2295.1616   19.6937
    0.0000   37.5000  -15.0000 2317.0286   19.6276
    7.5000   37.5000  -15.0000 2286.3682   19.9351
   -7.5000   45.0000  -15.0000 2131.6794   22.2233
    0.0000   45.0000  -15.0000 2145.3516   22.2491
    7.5000   45.0000  -15.0000 2112.9788   22.5578
   -7.5000  -45.0000   -7.5000 2486.2678   16.4911
    0.0000  -45.0000   -7.5000 2510.3848   16.4370
    7.5000  -45.0000   -7.5000 2490.8831   16.7421
   -7.5000  -37.5000   -7.5000 2595.5974   15.1257
    0.0000  -37.5000   -7.5000 2624.0784   15.0757
    7.5000  -37.5000   -7.5000 2598.8020   15.3531
   -7.5000  -30.0000   -7.5000 2687.9294   14.0691
    0.0000  -30.0000   -7.5000 2723.7078   14.0776
    7.5000  -30.0000   -7.5000 2695.8088   14.2742
   -7.5000  -22.5000   -7.5000 2778.1140   13.2422
    0.0000  -22.5000   -7.5000 2823.4817   13.2717
    7.5000  -22.5000   -7.5000 2778.2756   13.4505
   -7.5000  -15.0000   -7.5000 2820.2942   12.6446
    0.0000  -15.0000   -7.5000 2852.4033   12.5544
    7.5000  -15.0000   -7.5000 2811.5369   12.8979
   -7.5000   -7.5000   -7.5000 2861.2805   12.6754
    0.0000   -7.5000   -7.5000 2885.8176   12.5370
    7.5000   -7.5000   -7.5000 2845.2485   12.9021
   -7.5000    0.0000   -7.5000 2858.3926   13.1111
    0.0000    0.0000   -7.5000 2883.2649   12.9721
    7.5000    0.0000   -7.5000 2847.5583   13.3323
   -7.5000    7.5000   -7.5000 2817.2034   13.8275
    0.0000    7.5000   -7.5000 2835.5676   13.6558
    7.5000    7.5000   -7.5000 2803.8604   14.0512
   -7.5000   15.0000   -7.5000 2736.1177   14.7317
    0.0000   15.0000   -7.5000 2758.7778   14.5929
    7.5000   15.0000   -7.5000 2725.7578   14.9191
   -7.5000   22.5000   -7.5000 2626.9060   15.9142
    0.0000   22.5000   -7.5000 2646.4685   15.8067
    7.5000   22.5000   -7.5000 2611.6731   16.0885
   -7.5000   30.0000   -7.5000 2495.7971   17.4682
    0.0000   30.0000   -7.5000 2514.2312   17.3599
    7.5000   30.0000   -7.5000 2478.9492   17.6250
   -7.5000   37.5000   -7.5000 2335.4233   19.4312
    0.0000   37.5000   -7.5000 2351.2712   19.3351
    7.5000   37.5000   -7.5000 2319.3936   19.5919
   -7.5000   45.0000   -7.5000 2162.1809   21.9189
    0.0000   45.0000   -7.5000 2171.5212   21.8376
    7.5000   45.0000   -7.5000 2141.3486   22.1307
   -7.5000  -45.0000    0.0000 2453.5178   16.5700
    0.0000  -45.0000    0.0000 2479.7546   16.5322
    7.5000  -45.0000    0.0000 2456.8979   16.8730
   -7.5000  -37.5000    0.0000 2572.9219   15.1627
    0.0000  -37.5000    0.0000 2597.8174   15.1153
    7.5000  -37.5000    0.0000 2574.1958   15.4258
   -7.5000  -30.0000    0.0000 2674.4241   14.1026
    0.0000  -30.0000    0.0000 2699.7117   14.0590
    7.5000  -30.0000    0.0000 2680.0745   14.3166
   -7.5000  -22.5000    0.0000 2776.9597   13.3776
    0.0000  -22.5000    0.0000 2805.2339   13.3769
    7.5000  -22.5000    0.0000 2775.7102   13.6117
   -7.5000  -15.0000    0.0000 2845.2454   12.7908
    0.0000  -15.0000    0.0000 2876.4102   12.7405
    7.5000  -15.0000    0.0000 2838.6350   13.0693
   -7.5000   -7.5000    0.0000 2882.4270   12.6037
    0.0000   -7.5000    0.0000 2913.9978   12.4876
    7.5000   -7.5000    0.0000 2880.0989   12.9535
   -7.5000    0.0000    0.0000 2877.4155   12.9045
    0.0000    0.0000    0.0000 2902.1033   12.8099
    7.5000    0.0000    0.0000 2866.5852   13.1947
   -7.5000    7.5000    0.0000 2839.1523   13.6081
    0.0000    7.5000    0.0000 2860.4690   13.5333
    7.5000    7.5000    0.0000 2817.2637   13.7739
   -7.5000   15.0000    0.0000 2744.5125   14.6357
    0.0000   15.0000    0.0000 2766.6213   14.5724
    7.5000   15.0000    0.0000 2734.1663   14.7516
   -7.5000   22.5000    0.0000 2633.9421   15.9353
    0.0000   22.5000    0.0000 2649.8896   15.8590
    7.5000   22.5000    0.0000 2616.3044   16.0113
   -7.5000   30.0000    0.0000 2503.6201   17.5121
    0.0000   30.0000    0.0000 2523.1648   17.4501
    7.5000   30.0000    0.0000 2484.1392   17.6011
   -7.5000   37.5000    0.0000 2346.8887   19.4126
    0.0000   37.5000    0.0000 2362.1206   19.3777
    7.5000   37.5000    0.0000 2331.0332   19.5100
   -7.5000   45.0000    0.0000 2167.5535   21.7066
    0.0000   45.0000    0.0000 2182.3987   21.7543
    7.5000   45.0000    0.0000 2152.9321   21.8900
   -7.5000  -45.0000    7.5000 2414.5708   16.8278
    0.0000  -45.0000    7.5000 2432.2834   16.6946
    7.5000  -45.0000    7.5000 2410.8364   17.1168
   -7.5000  -37.5000    7.5000 2537.2798   15.4308
    0.0000  -37.5000    7.5000 2549.2979   15.3131
    7.5000  -37.5000    7.5000 2532.3989   15.7222
   -7.5000  -30.0000    7.5000 2652.8596   14.4447
    0.0000  -30.0000    7.5000 2671.2146   14.4317
    7.5000  -30.0000    7.5000 2656.5085   14.8149
   -7.5000  -22.5000    7.5000 2765.5193   13.8263
    0.0000  -22.5000    7.5000 2800.4744   13.9212
    7.5000  -22.5000    7.5000 2767.8992   14.2025
   -7.5000  -15.0000    7.5000 2838.2871   13.2084
    0.0000  -15.0000    7.5000 2885.1091   13.3132
    7.5000  -15.0000    7.5000 2838.2471   13.6404
   -7.5000   -7.5000    7.5000 2885.6694   13.0470
    0.0000   -7.5000    7.5000 2928.5383   13.1021
    7.5000   -7.5000    7.5000 2879.6738   13.4306
   -7.5000    0.0000    7.5000 2884.9209   13.2449
    0.0000    0.0000    7.5000 2920.2078   13.3274
    7.5000    0.0000    7.5000 2866.0164   13.5135
   -7.5000    7.5000    7.5000 2834.9856   13.8212
    0.0000    7.5000    7.5000 2857.0647   13.8226
    7.5000    7.5000    7.5000 2809.1978   14.0090
   -7.5000   15.0000    7.5000 2732.6062   14.7720
    0.0000   15.0000    7.5000 2750.7959   14.7115
    7.5000   15.0000    7.5000 2717.3120   14.8758
   -7.5000   22.5000    7.5000 2615.2266   16.0651
    0.0000   22.5000    7.5000 2632.6814   15.9649
    7.5000   22.5000    7.5000 2601.4719   16.1328
   -7.5000   30.0000    7.5000 2489.0151   17.6606
    0.0000   30.0000    7.5000 2503.1736   17.5739
    7.5000   30.0000    7.5000 2473.2175   17.7318
   -7.5000   37.5000    7.5000 2336.7131   19.5474
    0.0000   37.5000    7.5000 2349.7805   19.4722
    7.5000   37.5000    7.5000 2320.7832   19.6642
   -7.5000   45.0000    7.5000 2157.4563   21.8623
    0.0000   45.0000    7.5000 2170.8025   21.8272
    7.5000   45.0000    7.5000 2145.1589   22.0689
   -7.5000  -45.0000   15.0000 2381.8113   17.5993
    0.0000  -45.0000   15.0000 2394.2732   17.4745
    7.5000  -45.0000   15.0000 2370.2534   17.9769
   -7.5000  -37.5000   15.0000 2506.1753   16.1813
    0.0000  -37.5000   15.0000 2523.1907   16.1588
    7.5000  -37.5000   15.0000 2504.8823   16.6698
   -7.5000  -30.0000   15.0000 2626.0171   15.2367
    0.0000  -30.0000   15.0000 2646.5676   15.2759
    7.5000  -30.0000   15.0000 2626.4158   15.7254
   -7.5000  -22.5000   15.0000 2727.8162   14.4545
    0.0000  -22.5000   15.0000 2760.8096   14.5091
    7.5000  -22.5000   15.0000 2727.5999   14.8916
   -7.5000  -15.0000   15.0000 2798.4304   13.7999
    0.0000  -15.0000   15.0000 2827.3723   13.7831
    7.5000  -15.0000   15.0000 2794.3242   14.2642
   -7.5000   -7.5000   15.0000 2841.7952   13.6687
    0.0000   -7.5000   15.0000 2875.2969   13.6395
    7.5000   -7.5000   15.0000 2830.8689   13.9837
   -7.5000    0.0000   15.0000 2835.8979   13.8888
    0.0000    0.0000   15.0000 2869.9473   13.8674
    7.5000    0.0000   15.0000 2822.0994   14.1292
   -7.5000    7.5000   15.0000 2787.4504   14.4258
    0.0000    7.5000   15.0000 2810.3137   14.4064
    7.5000    7.5000   15.0000 2765.5046   14.6620
   -7.5000   15.0000   15.0000 2697.5032   15.3048
    0.0000   15.0000   15.0000 2709.2107   15.2266
    7.5000   15.0000   15.0000 2674.1768   15.4795
   -7.5000   22.5000   15.0000 2578.4827   16.5316
    0.0000   22.5000   15.0000 2595.0525   16.3999
    7.5000   22.5000   15.0000 2563.5220   16.6202
   -7.5000   30.0000   15.0000 2456.3916   18.0619
    0.0000   30.0000   15.0000 2472.2163   17.9660
    7.5000   30.0000   15.0000 2438.0220   18.1051
   -7.5000   37.5000   15.0000 2300.1140   19.9445
    0.0000   37.5000   15.0000 2315.8625   19.8434
    7.5000   37.5000   15.0000 2294.0691   19.9764
   -7.5000   45.0000   15.0000 2125.7056   22.1459
    0.0000   45.0000   15.0000 2139.2712   22.0865
    7.5000   45.0000   15.0000 2116.8062   22.3081
   -7.5000  -45.0000   22.5000 2349.7341   18.7154
    0.0000  -45.0000   22.5000 2371.1836   18.7414
    7.5000  -45.0000   22.5000 2341.0144   19.2936
   -7.5000  -37.5000   22.5000 2468.1396   17.2496
    0.0000  -37.5000   22.5000 2490.5039   17.2544
    7.5000  -37.5000   22.5000 2462.3677   17.7960
   -7.5000  -30.0000   22.5000 2577.9121   16.0888
    0.0000  -30.0000   22.5000 2598.3857   16.1201
    7.5000  -30.0000   22.5000 2571.1560   16.5710
   -7.5000  -22.5000   22.5000 2678.4670   15.1804
    0.0000  -22.5000   22.5000 2697.2200   15.1563
    7.5000  -22.5000   22.5000 2666.9390   15.6502
   -7.5000  -15.0000   22.5000 2741.1125   14.5338
    0.0000  -15.0000   22.5000 2757.5149   14.4984
    7.5000  -15.0000   22.5000 2719.6287   14.9845
   -7.5000   -7.5000   22.5000 2774.7739   14.3708
    0.0000   -7.5000   22.5000 2796.0090   14.3341
    7.5000   -7.5000   22.5000 2754.4246   14.6918
   -7.5000    0.0000   22.5000 2758.3984   14.6100
    0.0000    0.0000   22.5000 2782.4001   14.5541
    7.5000    0.0000   22.5000 2745.2688   14.8719
   -7.5000    7.5000   22.5000 2714.3457   15.1638
    0.0000    7.5000   22.5000 2733.9006   15.1110
    7.5000    7.5000   22.5000 2694.4883   15.4032
   -7.5000   15.0000   22.5000 2634.4114   16.0446
    0.0000   15.0000   22.5000 2651.1011   15.9728
    7.5000   15.0000   22.5000 2611.2021   16.2264
   -7.5000   22.5000   22.5000 2525.5605   17.1966
    0.0000   22.5000   22.5000 2543.3411   17.1238
    7.5000   22.5000   22.5000 2510.5222   17.3592
   -7.5000   30.0000   22.5000 2400.4136   18.6160
    0.0000   30.0000   22.5000 2415.9036   18.5487
    7.5000   30.0000   22.5000 2385.3782   18.7908
   -7.5000   37.5000   22.5000 2249.9099   20.4402
    0.0000   37.5000   22.5000 2263.2578   20.3796
    7.5000   37.5000   22.5000 2237.7722   20.6097
   -7.5000   45.0000   22.5000 2085.3333   22.7160
    0.0000   45.0000   22.5000 2101.7505   22.6624
    7.5000   45.0000   22.5000 2073.1526   22.9272
   -7.5000  -45.0000   30.0000 2297.2388   19.9449
    0.0000  -45.0000   30.0000 2311.6992   20.0047
    7.5000  -45.0000   30.0000 2278.9878   20.5949
   -7.5000  -37.5000   30.0000 2411.7388   18.3441
    0.0000  -37.5000   30.0000 2432.4011   18.3489
    7.5000  -37.5000   30.0000 2396.3945   18.8661
   -7.5000  -30.0000   30.0000 2520.5344   17.0727
    0.0000  -30.0000   30.0000 2539.1187   17.0371
    7.5000  -30.0000   30.0000 2503.0881   17.5428
   -7.5000  -22.5000   30.0000 2609.4343   16.1142
    0.0000  -22.5000   30.0000 2626.7556   16.0487
    7.5000  -22.5000   30.0000 2590.0176   16.6098
   -7.5000  -15.0000   30.0000 2665.9968   15.4663
    0.0000  -15.0000   30.0000 2676.4644   15.4257
    7.5000  -15.0000   30.0000 2640.4231   15.9241
   -7.5000   -7.5000   30.0000 2691.0703   15.2507
    0.0000   -7.5000   30.0000 2707.2922   15.1929
    7.5000   -7.5000   30.0000 2669.4236   15.6049
   -7.5000    0.0000   30.0000 2666.8123   15.4725
    0.0000    0.0000   30.0000 2685.9841   15.4253
    7.5000    0.0000   30.0000 2656.3574   15.7819
   -7.5000    7.5000   30.0000 2623.2073   16.0301
    0.0000    7.5000   30.0000 2640.3813   15.9507
    7.5000    7.5000   30.0000 2607.1934   16.2710
   -7.5000   15.0000   30.0000 2549.5710   16.8791
    0.0000   15.0000   30.0000 2570.1313   16.7860
    7.5000   15.0000   30.0000 2530.4146   17.0909
   -7.5000   22.5000   30.0000 2458.2415   18.0274
    0.0000   22.5000   30.0000 2472.8135   17.9323
    7.5000   22.5000   30.0000 2435.5823   18.2179
   -7.5000   30.0000   30.0000 2332.5203   19.4613
    0.0000   30.0000   30.0000 2349.0422   19.3980
    7.5000   30.0000   30.0000 2321.0693   19.6639
   -7.5000   37.5000   30.0000 2190.6096   21.2637
    0.0000   37.5000   30.0000 2198.9270   21.1926
    7.5000   37.5000   30.0000 2177.9998   21.4841
   -7.5000   45.0000   30.0000 2046.6577   23.5888
    0.0000   45.0000   30.0000 2053.2454   23.5265
    7.5000   45.0000   30.0000 2033.0029   23.7895
   -7.5000  -45.0000   37.5000 2240.3638   21.4329
    0.0000  -45.0000   37.5000 2253.2930   21.3686
    7.5000  -45.0000   37.5000 2213.7122   22.0034
   -7.5000  -37.5000   37.5000 2351.0435   19.6004
    0.0000  -37.5000   37.5000 2363.9336   19.5512
    7.5000  -37.5000   37.5000 2325.3025   20.1184
   -7.5000  -30.0000   37.5000 2445.2817   18.2232
    0.0000  -30.0000   37.5000 2459.7246   18.1566
    7.5000  -30.0000   37.5000 2421.7720   18.7485
   -7.5000  -22.5000   37.5000 2528.9653   17.2597
    0.0000  -22.5000   37.5000 2543.8994   17.2080
    7.5000  -22.5000   37.5000 2503.6343   17.7646
   -7.5000  -15.0000   37.5000 2578.2888   16.5963
    0.0000  -15.0000   37.5000 2590.8184   16.5618
    7.5000  -15.0000   37.5000 2551.9006   17.0263
   -7.5000   -7.5000   37.5000 2596.9116   16.3482
    0.0000   -7.5000   37.5000 2615.4629   16.3153
    7.5000   -7.5000   37.5000 2579.3928   16.7202
   -7.5000    0.0000   37.5000 2576.3135   16.5231
    0.0000    0.0000   37.5000 2591.5229   16.4669
    7.5000    0.0000   37.5000 2566.7932   16.8520
   -7.5000    7.5000   37.5000 2527.8269   17.1011
    0.0000    7.5000   37.5000 2544.0073   17.0135
    7.5000    7.5000   37.5000 2518.7703   17.3649
   -7.5000   15.0000   37.5000 2463.7310   17.8908
    0.0000   15.0000   37.5000 2484.2993   17.7731
    7.5000   15.0000   37.5000 2448.2952   18.0984
   -7.5000   22.5000   37.5000 2382.7676   18.9445
    0.0000   22.5000   37.5000 2397.1982   18.8491
    7.5000   22.5000   37.5000 2362.0920   19.1643
   -7.5000   30.0000   37.5000 2258.1348   20.4029
    0.0000   30.0000   37.5000 2268.6396   20.3625
    7.5000   30.0000   37.5000 2248.8501   20.6356
   -7.5000   37.5000   37.5000 2132.6863   22.3091
    0.0000   37.5000   37.5000 2139.0068   22.2919
    7.5000   37.5000   37.5000 2118.7200   22.5708
   -7.5000   45.0000   37.5000 1997.4751   24.6562
    0.0000   45.0000   37.5000 2003.8151   24.6010
    7.5000   45.0000   37.5000 1981.6875   24.8685
   -7.5000  -45.0000   45.0000 2164.6614   23.0815
    0.0000  -45.0000   45.0000 2181.6672   23.0668
    7.5000  -45.0000   45.0000 2138.0720   23.6716
   -7.5000  -37.5000   45.0000 2273.1714   21.1755
    0.0000  -37.5000   45.0000 2286.6953   21.0822
    7.5000  -37.5000   45.0000 2243.2583   21.6769
   -7.5000  -30.0000   45.0000 2362.6467   19.6783
    0.0000  -30.0000   45.0000 2375.3713   19.6069
    7.5000  -30.0000   45.0000 2335.0986   20.2042
   -7.5000  -22.5000   45.0000 2438.7407   18.6181
    0.0000  -22.5000   45.0000 2445.8896   18.6322
    7.5000  -22.5000   45.0000 2409.3435   19.1404
   -7.5000  -15.0000   45.0000 2475.1252   17.9365
    0.0000  -15.0000   45.0000 2485.7798   17.9218
    7.5000  -15.0000   45.0000 2451.8796   18.3856
   -7.5000   -7.5000   45.0000 2488.2024   17.7027
    0.0000   -7.5000   45.0000 2504.8108   17.6867
    7.5000   -7.5000   45.0000 2472.8701   18.0985
   -7.5000    0.0000   45.0000 2471.0559   17.8150
    0.0000    0.0000   45.0000 2490.5671   17.8124
    7.5000    0.0000   45.0000 2465.2283   18.1533
   -7.5000    7.5000   45.0000 2431.6758   18.3551
    0.0000    7.5000   45.0000 2452.3381   18.3417
    7.5000    7.5000   45.0000 2427.3616   18.6427
   -7.5000   15.0000   45.0000 2372.3362   19.1268
    0.0000   15.0000   45.0000 2393.0317   19.0840
    7.5000   15.0000   45.0000 2362.4146   19.3680
   -7.5000   22.5000   45.0000 2287.2224   20.1301
    0.0000   22.5000   45.0000 2301.7039   20.0670
    7.5000   22.5000   45.0000 2271.1731   20.3838
   -7.5000   30.0000   45.0000 2180.3601   21.6276
    0.0000   30.0000   45.0000 2187.1726   21.5581
    7.5000   30.0000   45.0000 2167.4116   21.8221
   -7.5000   37.5000   45.0000 2070.4241   23.5689
    0.0000   37.5000   45.0000 2073.6782   23.5263
    7.5000   37.5000   45.0000 2053.7168   23.7963
   -7.5000   45.0000   45.0000 1938.7694   26.2091
    0.0000   45.0000   45.0000 1940.8292   26.0710
    7.5000   45.0000   45.0000 1924.0284   26.3654

---------------------------------------------------------------------
imgreg_4dfp /opt/freesurfer/average/711-2C_as_mni_average_305 /opt/freesurfer/average/711-2B_as_mni_average_305_mask talsrcimg_g11 none talsrcimg_to_711-2C_as_mni_average_305_t4 1283
---------------------------------------------------------------------

freesurfer imgreg_4dfp.c
/opt/freesurfer/average/711-2C_as_mni_average_305.4dfp.img
       256       256       256         1
  1.000000  1.000000  1.000000
orientation T byte_order littleendian
Reading image: /opt/freesurfer/average/711-2C_as_mni_average_305.4dfp.img
dimensions:      256       256       256
mmppix:       1.0000   -1.0000   -1.0000
center:     128.0000 -129.0000 -129.0000
/opt/freesurfer/average/711-2B_as_mni_average_305_mask.4dfp.img
       256       256       256         1
  1.000000  1.000000  1.000000
orientation T byte_order littleendian
Reading mask: /opt/freesurfer/average/711-2B_as_mni_average_305_mask.4dfp.img (2306576 pixels)
talsrcimg_g11.4dfp.img
       256       256       256         1
  1.000000  1.000000  1.000000
orientation T byte_order littleendian
Reading image: talsrcimg_g11.4dfp.img
dimensions:      256       256       256
mmppix:       1.0000   -1.0000   -1.0000
center:     128.0000 -129.0000 -129.0000
rotation matrix determinant  1.000000
fimgreg.f
image alignment mode   1283 decimal      503 hex
parameters
    0.0000   -7.5000    7.5000    0.0000    0.0000    0.0000
eta,q 0.91676 13.10058
niter,ni,del,rscale     5    3   12.0000    1.2000
parameter  4  0.809842 ->  0.500000 qaram    1.1500
parameters
    0.2970   -5.0075    5.9376   -3.4500   -0.1429    1.7814
eta,q 0.92500 12.96214
  0.0938  0.0895  0.0849  0.0759  0.0836  0.0832
  0.0896  0.0867  0.0818  0.0753  0.0787  0.0797
  0.0852  0.0841  0.0786  0.0761  0.0761  0.0770
  0.0819  0.0815  0.0792  0.0786  0.0754  0.0755
  0.0827  0.0791  0.0829  0.0815  0.0765  0.0750
  0.0865  0.0791  0.0898  0.0854  0.0797  0.0756
  0.0933  0.0831  0.0967  0.0898  0.0840  0.0775
niter,ni,del,rscale     5    3   12.0000    1.2000
parameter  4  0.712683 ->  0.500000 qaram    1.3225
parameters
    0.2518   -4.6356    5.0254   -7.4175    0.1686    2.7828
eta,q 0.92730 12.84227
  0.0881  0.0820  0.0810  0.0727  0.0811  0.0797
  0.0820  0.0790  0.0783  0.0732  0.0772  0.0773
  0.0767  0.0777  0.0755  0.0731  0.0741  0.0749
  0.0750  0.0750  0.0746  0.0746  0.0731  0.0731
  0.0772  0.0740  0.0764  0.0770  0.0737  0.0728
  0.0818  0.0768  0.0809  0.0808  0.0760  0.0743
  0.0887  0.0820  0.0885  0.0850  0.0797  0.0771
niter,ni,del,rscale     5    3   12.0000    1.2000
parameters
   -0.2292   -3.0299    3.9538   -9.4456    0.9978    2.2104
eta,q 0.93004 12.82782
  0.0833  0.0834  0.0775  0.0745  0.0798  0.0734
  0.0774  0.0766  0.0742  0.0708  0.0752  0.0718
  0.0729  0.0747  0.0709  0.0700  0.0713  0.0708
  0.0727  0.0723  0.0698  0.0698  0.0698  0.0697
  0.0761  0.0697  0.0739  0.0725  0.0703  0.0704
  0.0801  0.0710  0.0789  0.0777  0.0723  0.0726
  0.0863  0.0757  0.0852  0.0822  0.0754  0.0757
niter,ni,del,rscale     4    3   12.0000    1.2000
parameters
   -0.7752   -1.8768    3.0758  -10.7536    1.8182    0.8481
eta,q 0.93157 12.82719
  0.0808  0.0795  0.0767  0.0749  0.0770  0.0701
  0.0751  0.0731  0.0740  0.0711  0.0726  0.0684
  0.0710  0.0722  0.0698  0.0690  0.0698  0.0684
  0.0700  0.0698  0.0685  0.0686  0.0687  0.0685
  0.0729  0.0683  0.0722  0.0698  0.0685  0.0688
  0.0781  0.0701  0.0776  0.0754  0.0700  0.0705
  0.0853  0.0742  0.0832  0.0821  0.0734  0.0733
niter,ni,del,rscale     3    3   12.0000    1.2000
parameters
   -1.3182   -0.9445    2.3070  -11.6039    2.6881    0.5340
eta,q 0.93319 12.79551
  0.0785  0.0767  0.0751  0.0752  0.0764  0.0705
  0.0730  0.0728  0.0730  0.0715  0.0723  0.0675
  0.0691  0.0716  0.0689  0.0682  0.0695  0.0665
  0.0684  0.0683  0.0676  0.0676  0.0675  0.0669
  0.0708  0.0677  0.0706  0.0684  0.0667  0.0675
  0.0756  0.0697  0.0754  0.0735  0.0688  0.0686
  0.0832  0.0738  0.0806  0.0810  0.0731  0.0708
niter,ni,del,rscale     2    3   12.0000    1.2000
parameters
   -1.7690   -0.6771    1.8964  -12.0617    3.1813    0.7845
eta,q 0.93368 12.75388
  0.0787  0.0755  0.0748  0.0750  0.0758  0.0714
  0.0720  0.0726  0.0728  0.0715  0.0720  0.0680
  0.0675  0.0695  0.0688  0.0678  0.0690  0.0662
  0.0668  0.0666  0.0666  0.0666  0.0666  0.0663
  0.0697  0.0675  0.0689  0.0677  0.0664  0.0668
  0.0751  0.0702  0.0735  0.0712  0.0694  0.0679
  0.0823  0.0755  0.0782  0.0789  0.0742  0.0701
niter,ni,del,rscale     1    3   12.0000    1.2000
parameters
   -2.0293   -0.5404    1.7515  -12.2613    3.4250    0.9625
eta,q 0.93389 12.74056
  0.0802  0.0756  0.0753  0.0751  0.0753  0.0712
  0.0725  0.0721  0.0731  0.0712  0.0717  0.0677
  0.0675  0.0688  0.0690  0.0677  0.0686  0.0660
  0.0663  0.0662  0.0662  0.0662  0.0662  0.0661
  0.0694  0.0673  0.0682  0.0672  0.0667  0.0665
  0.0750  0.0703  0.0726  0.0703  0.0700  0.0678
  0.0819  0.0760  0.0772  0.0774  0.0749  0.0701
registration optimization eta report
parameter search radius
    6.0000    6.0000    6.0000    7.9350    6.0000    6.0000
100000*second partial in parameter space
       40.       25.       26.       16.       24.       13.
  0.0802  0.0756  0.0753  0.0751  0.0753  0.0712
  0.0725  0.0721  0.0731  0.0712  0.0717  0.0677
  0.0675  0.0688  0.0690  0.0677  0.0686  0.0660
  0.0663  0.0662  0.0662  0.0662  0.0662  0.0661
  0.0694  0.0673  0.0682  0.0672  0.0667  0.0665
  0.0750  0.0703  0.0726  0.0703  0.0700  0.0678
  0.0819  0.0760  0.0772  0.0774  0.0749  0.0701
   -2.0293   -0.5404    1.7515  -12.2613    3.4250    0.9625
eta,q 0.93389 12.74056

---------------------------------------------------------------------
imgreg_4dfp /opt/freesurfer/average/711-2C_as_mni_average_305 /opt/freesurfer/average/711-2B_as_mni_average_305_mask talsrcimg_g11 none talsrcimg_to_711-2C_as_mni_average_305_t4 3335
---------------------------------------------------------------------

freesurfer imgreg_4dfp.c
/opt/freesurfer/average/711-2C_as_mni_average_305.4dfp.img
       256       256       256         1
  1.000000  1.000000  1.000000
orientation T byte_order littleendian
Reading image: /opt/freesurfer/average/711-2C_as_mni_average_305.4dfp.img
dimensions:      256       256       256
mmppix:       1.0000   -1.0000   -1.0000
center:     128.0000 -129.0000 -129.0000
/opt/freesurfer/average/711-2B_as_mni_average_305_mask.4dfp.img
       256       256       256         1
  1.000000  1.000000  1.000000
orientation T byte_order littleendian
Reading mask: /opt/freesurfer/average/711-2B_as_mni_average_305_mask.4dfp.img (2306576 pixels)
talsrcimg_g11.4dfp.img
       256       256       256         1
  1.000000  1.000000  1.000000
orientation T byte_order littleendian
Reading image: talsrcimg_g11.4dfp.img
dimensions:      256       256       256
mmppix:       1.0000   -1.0000   -1.0000
center:     128.0000 -129.0000 -129.0000
fimgreg.f
image alignment mode   3335 decimal      D07 hex
parameters
   -2.0293   -0.5404    1.7515   -0.1927   -2.2736   -2.4556
   -0.3729   -6.1939    1.6768   21.1360    5.9742  -21.1992
eta,q 0.93334 12.75027
niter,ni,del,rscale     5    3    5.0000    1.2000
parameter  4  1.734979 ->  0.500000 qaram    1.1500
parameter  5  1.327958 ->  0.500000 qaram    1.1500
parameter  6  0.815229 ->  0.500000 qaram    1.1500
parameter 12 -1.855283 -> -0.500000 qaram    1.1500
parameters
   -2.0721   -0.2474    1.9387   -4.3327   -6.4136   -6.5956
   -0.4384   -4.5436    3.5044   22.8513    3.4010  -17.0592
eta,q 0.94536 12.42486
  0.0694  0.0689  0.0684  0.0595  0.0582  0.0563  0.0594  0.0614  0.0588  0.0599  0.0572  0.0630
  0.0679  0.0677  0.0677  0.0614  0.0592  0.0573  0.0585  0.0594  0.0582  0.0590  0.0571  0.0611
  0.0669  0.0670  0.0671  0.0637  0.0603  0.0584  0.0579  0.0583  0.0577  0.0581  0.0571  0.0590
  0.0667  0.0667  0.0666  0.0666  0.0620  0.0595  0.0576  0.0576  0.0575  0.0574  0.0571  0.0571
  0.0671  0.0667  0.0666  0.0703  0.0643  0.0628  0.0579  0.0575  0.0574  0.0571  0.0572  0.0555
  0.0681  0.0672  0.0671  0.0748  0.0668  0.0684  0.0585  0.0578  0.0575  0.0576  0.0575  0.0544
  0.0695  0.0679  0.0682  0.0796  0.0702  0.0737  0.0594  0.0590  0.0579  0.0585  0.0581  0.0538
niter,ni,del,rscale     7    3    5.0000    1.2000
parameter  2  0.770786 ->  0.500000 qaram    1.1500
parameter  3  2.069693 ->  0.500000 qaram    1.1500
parameter  4  1.566464 ->  0.500000 qaram    1.3225
parameter  5 -2.966440 ->  0.500000 qaram    1.3225
parameter  6  0.725543 ->  0.500000 qaram    1.3225
parameter 10  0.907509 ->  0.500000 qaram    1.1500
parameters
   -1.7591   -1.6274    0.5587   -9.0937  -11.1746  -11.3566
    0.4453   -4.5220    2.9847   18.7113    3.3480  -18.5485
eta,q 0.96061 11.96892
  0.0574  0.0538  0.0504  0.0452  0.0384  0.0398  0.0434  0.0444  0.0421  0.0391  0.0406  0.0409
  0.0560  0.0537  0.0511  0.0468  0.0421  0.0404  0.0422  0.0424  0.0414  0.0393  0.0400  0.0399
  0.0551  0.0539  0.0523  0.0489  0.0454  0.0419  0.0413  0.0412  0.0409  0.0399  0.0396  0.0394
  0.0546  0.0546  0.0537  0.0514  0.0473  0.0431  0.0408  0.0408  0.0408  0.0408  0.0395  0.0395
  0.0547  0.0558  0.0555  0.0544  0.0496  0.0453  0.0409  0.0412  0.0410  0.0421  0.0396  0.0400
  0.0553  0.0573  0.0573  0.0582  0.0515  0.0498  0.0414  0.0424  0.0416  0.0441  0.0400  0.0411
  0.0562  0.0589  0.0592  0.0631  0.0541  0.0574  0.0424  0.0443  0.0426  0.0464  0.0407  0.0424
niter,ni,del,rscale     7    3    5.0000    1.2000
parameter  2  3.564770 ->  0.500000 qaram    1.3225
parameter  3  0.816841 ->  0.500000 qaram    1.3225
parameter  4  0.638799 ->  0.500000 qaram    1.5209
parameter  5  1.008409 ->  0.500000 qaram    1.5209
parameters
   -1.5493   -3.2144   -1.0283  -14.5689  -16.6498  -11.8798
   -1.4649   -4.3008    1.4541   20.3231    4.0074  -21.6831
eta,q 0.97421 11.77043
  0.0432  0.0320  0.0325  0.0313  0.0274  0.0303  0.0279  0.0300  0.0276  0.0311  0.0268  0.0267
  0.0412  0.0336  0.0324  0.0308  0.0265  0.0287  0.0268  0.0281  0.0267  0.0286  0.0265  0.0260
  0.0399  0.0362  0.0329  0.0312  0.0274  0.0274  0.0264  0.0269  0.0263  0.0270  0.0263  0.0258
  0.0394  0.0394  0.0342  0.0324  0.0308  0.0265  0.0266  0.0264  0.0263  0.0262  0.0261  0.0261
  0.0396  0.0427  0.0362  0.0346  0.0349  0.0270  0.0275  0.0266  0.0269  0.0262  0.0261  0.0269
  0.0405  0.0460  0.0388  0.0376  0.0386  0.0285  0.0289  0.0278  0.0280  0.0268  0.0263  0.0280
  0.0420  0.0492  0.0418  0.0416  0.0422  0.0321  0.0307  0.0297  0.0293  0.0283  0.0266  0.0293
niter,ni,del,rscale     7    3    5.0000    1.2000
parameters
   -1.5969   -4.0527   -2.4929  -13.3370  -18.7972  -11.2795
   -1.2687   -4.3070    1.6861   21.7727    3.8252  -24.4852
eta,q 0.97539 11.85895
  0.0289  0.0283  0.0256  0.0305  0.0302  0.0299  0.0279  0.0285  0.0272  0.0289  0.0255  0.0256
  0.0271  0.0263  0.0250  0.0278  0.0277  0.0278  0.0264  0.0266  0.0260  0.0268  0.0251  0.0248
  0.0261  0.0255  0.0250  0.0258  0.0257  0.0262  0.0253  0.0254  0.0253  0.0255  0.0249  0.0246
  0.0258  0.0258  0.0255  0.0249  0.0249  0.0252  0.0250  0.0250  0.0250  0.0250  0.0249  0.0249
  0.0262  0.0273  0.0266  0.0252  0.0268  0.0242  0.0253  0.0254  0.0252  0.0249  0.0250  0.0256
  0.0274  0.0300  0.0286  0.0265  0.0323  0.0255  0.0262  0.0266  0.0259  0.0253  0.0252  0.0267
  0.0291  0.0338  0.0312  0.0284  0.0374  0.0301  0.0276  0.0285  0.0269  0.0268  0.0255  0.0280
niter,ni,del,rscale     6    3    5.0000    1.2000
parameters
   -1.6517   -3.8077   -3.1155  -12.9363  -19.9277  -11.8091
   -1.2122   -4.3357    1.8097   23.2273    3.5700  -25.3774
eta,q 0.97513 11.85322
  0.0278  0.0299  0.0261  0.0293  0.0307  0.0294  0.0278  0.0283  0.0270  0.0283  0.0255  0.0266
  0.0260  0.0272  0.0251  0.0268  0.0282  0.0274  0.0263  0.0266  0.0260  0.0264  0.0252  0.0255
  0.0249  0.0254  0.0246  0.0251  0.0260  0.0259  0.0253  0.0254  0.0253  0.0254  0.0250  0.0249
  0.0246  0.0246  0.0246  0.0245  0.0246  0.0249  0.0250  0.0250  0.0250  0.0250  0.0249  0.0249
  0.0251  0.0249  0.0251  0.0252  0.0250  0.0238  0.0254  0.0254  0.0252  0.0249  0.0250  0.0254
  0.0262  0.0262  0.0264  0.0265  0.0297  0.0263  0.0263  0.0265  0.0259  0.0252  0.0252  0.0262
  0.0280  0.0285  0.0285  0.0285  0.0356  0.0332  0.0277  0.0284  0.0269  0.0266  0.0256  0.0273
niter,ni,del,rscale     5    3    5.0000    1.2000
parameters
   -1.6434   -3.4356   -3.5064  -13.2723  -20.7976  -12.3856
   -1.2902   -4.2994    1.8393   24.7870    3.2506  -25.8134
eta,q 0.97496 11.80040
  0.0282  0.0300  0.0266  0.0289  0.0308  0.0292  0.0279  0.0285  0.0270  0.0281  0.0255  0.0268
  0.0263  0.0274  0.0255  0.0266  0.0284  0.0274  0.0264  0.0268  0.0261  0.0265  0.0253  0.0258
  0.0252  0.0257  0.0249  0.0251  0.0263  0.0260  0.0255  0.0256  0.0255  0.0256  0.0251  0.0252
  0.0249  0.0249  0.0248  0.0248  0.0248  0.0251  0.0252  0.0252  0.0252  0.0252  0.0251  0.0251
  0.0253  0.0250  0.0252  0.0257  0.0248  0.0239  0.0256  0.0255  0.0254  0.0250  0.0251  0.0254
  0.0263  0.0261  0.0262  0.0271  0.0286  0.0262  0.0265  0.0267  0.0260  0.0252  0.0253  0.0261
  0.0281  0.0281  0.0279  0.0291  0.0352  0.0332  0.0279  0.0285  0.0270  0.0266  0.0256  0.0271
niter,ni,del,rscale     4    3    5.0000    1.2000
parameters
   -1.6034   -2.9309   -4.0180  -13.8342  -21.7770  -13.3231
   -1.4063   -4.2619    1.8392   26.9563    2.9968  -25.9376
eta,q 0.97496 11.71379
  0.0283  0.0302  0.0264  0.0288  0.0303  0.0287  0.0279  0.0286  0.0271  0.0284  0.0256  0.0268
  0.0265  0.0277  0.0255  0.0265  0.0281  0.0270  0.0265  0.0269  0.0262  0.0270  0.0253  0.0258
  0.0254  0.0259  0.0250  0.0252  0.0263  0.0259  0.0256  0.0258  0.0256  0.0260  0.0251  0.0252
  0.0250  0.0250  0.0250  0.0249  0.0249  0.0251  0.0254  0.0254  0.0254  0.0254  0.0250  0.0250
  0.0254  0.0251  0.0254  0.0259  0.0248  0.0243  0.0258  0.0257  0.0256  0.0250  0.0251  0.0253
  0.0264  0.0260  0.0264  0.0274  0.0283  0.0264  0.0267  0.0268  0.0262  0.0251  0.0253  0.0259
  0.0281  0.0277  0.0279  0.0294  0.0351  0.0337  0.0281  0.0286  0.0272  0.0265  0.0256  0.0269
niter,ni,del,rscale     3    3    5.0000    1.2000
parameters
   -1.5608   -2.2533   -4.7907  -14.4863  -22.9868  -14.6688
   -1.5332   -4.2732    1.6580   28.8202    2.7952  -26.6677
eta,q 0.97509 11.58603
  0.0283  0.0307  0.0259  0.0288  0.0296  0.0281  0.0278  0.0286  0.0271  0.0287  0.0256  0.0263
  0.0265  0.0281  0.0251  0.0264  0.0277  0.0265  0.0264  0.0269  0.0261  0.0271  0.0252  0.0255
  0.0254  0.0261  0.0248  0.0250  0.0260  0.0256  0.0255  0.0257  0.0255  0.0260  0.0250  0.0250
  0.0250  0.0250  0.0248  0.0247  0.0247  0.0250  0.0253  0.0253  0.0253  0.0253  0.0249  0.0249
  0.0254  0.0249  0.0254  0.0257  0.0248  0.0245  0.0256  0.0257  0.0255  0.0248  0.0250  0.0253
  0.0264  0.0257  0.0265  0.0275  0.0281  0.0266  0.0266  0.0268  0.0263  0.0251  0.0253  0.0260
  0.0281  0.0274  0.0280  0.0295  0.0351  0.0341  0.0280  0.0287  0.0274  0.0268  0.0257  0.0269
niter,ni,del,rscale     2    3    5.0000    1.2000
parameters
   -1.5173   -1.6879   -5.3611  -14.9479  -23.9906  -15.5337
   -1.6232   -4.2819    1.4758   29.8687    2.4953  -27.7287
eta,q 0.97494 11.49708
  0.0283  0.0305  0.0261  0.0292  0.0297  0.0283  0.0277  0.0287  0.0272  0.0285  0.0258  0.0263
  0.0264  0.0279  0.0253  0.0268  0.0277  0.0267  0.0264  0.0269  0.0261  0.0269  0.0254  0.0255
  0.0253  0.0259  0.0249  0.0252  0.0261  0.0256  0.0255  0.0256  0.0255  0.0258  0.0252  0.0251
  0.0249  0.0249  0.0248  0.0248  0.0248  0.0251  0.0252  0.0252  0.0252  0.0252  0.0251  0.0251
  0.0253  0.0249  0.0252  0.0257  0.0248  0.0243  0.0256  0.0256  0.0255  0.0250  0.0252  0.0254
  0.0263  0.0259  0.0262  0.0276  0.0276  0.0259  0.0265  0.0269  0.0263  0.0255  0.0255  0.0261
  0.0280  0.0276  0.0276  0.0297  0.0344  0.0326  0.0278  0.0287  0.0274  0.0274  0.0259  0.0269
niter,ni,del,rscale     1    3    5.0000    1.2000
parameters
   -1.4740   -1.3598   -5.7121  -15.2632  -24.6796  -15.9119
   -1.6726   -4.2761    1.3948   30.6246    2.3257  -28.4070
eta,q 0.97476 11.45161
  0.0284  0.0298  0.0265  0.0297  0.0299  0.0287  0.0278  0.0288  0.0273  0.0284  0.0259  0.0265
  0.0265  0.0274  0.0257  0.0272  0.0280  0.0270  0.0265  0.0270  0.0262  0.0268  0.0256  0.0257
  0.0254  0.0257  0.0252  0.0255  0.0264  0.0259  0.0256  0.0258  0.0256  0.0258  0.0253  0.0253
  0.0251  0.0251  0.0251  0.0251  0.0250  0.0253  0.0253  0.0253  0.0253  0.0253  0.0253  0.0253
  0.0254  0.0253  0.0253  0.0260  0.0248  0.0244  0.0257  0.0257  0.0256  0.0252  0.0254  0.0255
  0.0264  0.0264  0.0261  0.0279  0.0272  0.0256  0.0265  0.0270  0.0263  0.0257  0.0256  0.0261
  0.0281  0.0281  0.0274  0.0300  0.0335  0.0314  0.0279  0.0288  0.0274  0.0277  0.0260  0.0269
registration optimization eta report
parameter search radius
    2.4000    3.1740    3.1740   10.9503   10.9503    9.5220
    7.2000    7.2000    7.2000    8.2800    7.2000    8.2800
100000*second partial in parameter space
       55.       38.       19.        4.        6.        6.
        5.        7.        4.        4.        1.        2.
  0.0284  0.0298  0.0265  0.0297  0.0299  0.0287  0.0278  0.0288  0.0273  0.0284  0.0259  0.0265
  0.0265  0.0274  0.0257  0.0272  0.0280  0.0270  0.0265  0.0270  0.0262  0.0268  0.0256  0.0257
  0.0254  0.0257  0.0252  0.0255  0.0264  0.0259  0.0256  0.0258  0.0256  0.0258  0.0253  0.0253
  0.0251  0.0251  0.0251  0.0251  0.0250  0.0253  0.0253  0.0253  0.0253  0.0253  0.0253  0.0253
  0.0254  0.0253  0.0253  0.0260  0.0248  0.0244  0.0257  0.0257  0.0256  0.0252  0.0254  0.0255
  0.0264  0.0264  0.0261  0.0279  0.0272  0.0256  0.0265  0.0270  0.0263  0.0257  0.0256  0.0261
  0.0281  0.0281  0.0274  0.0300  0.0335  0.0314  0.0279  0.0288  0.0274  0.0277  0.0260  0.0269
   -1.4740   -1.3598   -5.7121  -15.2632  -24.6796  -15.9119
   -1.6726   -4.2761    1.3948   30.6246    2.3257  -28.4070
eta,q 0.97476 11.45161

---------------------------------------------------------------------
imgreg_4dfp /opt/freesurfer/average/711-2C_as_mni_average_305 /opt/freesurfer/average/711-2B_as_mni_average_305_mask talsrcimg_g11 none talsrcimg_to_711-2C_as_mni_average_305_t4 2311
---------------------------------------------------------------------

freesurfer imgreg_4dfp.c
/opt/freesurfer/average/711-2C_as_mni_average_305.4dfp.img
       256       256       256         1
  1.000000  1.000000  1.000000
orientation T byte_order littleendian
Reading image: /opt/freesurfer/average/711-2C_as_mni_average_305.4dfp.img
dimensions:      256       256       256
mmppix:       1.0000   -1.0000   -1.0000
center:     128.0000 -129.0000 -129.0000
/opt/freesurfer/average/711-2B_as_mni_average_305_mask.4dfp.img
       256       256       256         1
  1.000000  1.000000  1.000000
orientation T byte_order littleendian
Reading mask: /opt/freesurfer/average/711-2B_as_mni_average_305_mask.4dfp.img (2306576 pixels)
talsrcimg_g11.4dfp.img
       256       256       256         1
  1.000000  1.000000  1.000000
orientation T byte_order littleendian
Reading image: talsrcimg_g11.4dfp.img
dimensions:      256       256       256
mmppix:       1.0000   -1.0000   -1.0000
center:     128.0000 -129.0000 -129.0000
fimgreg.f
image alignment mode   2311 decimal      907 hex
parameters
   -1.4740   -1.3598   -5.7121  -15.2632  -24.6796  -15.9119
   -1.6726   -4.2761    1.3948   30.6246    2.3257  -28.4070
eta,q 0.97476 11.45161
niter,ni,del,rscale     5    3    5.0000    0.8000
parameter  5 -0.616593 -> -0.500000 qaram    1.1500
parameter  6 -1.086720 -> -0.500000 qaram    1.1500
parameters
   -1.4541   -1.2705   -5.8525  -15.6265  -21.9196  -13.1519
   -1.5164   -4.0711    1.7033   30.7029    2.3638  -28.4310
eta,q 0.97613 11.64090
  0.0267  0.0263  0.0256  0.0262  0.0271  0.0262  0.0253  0.0259  0.0251  0.0258  0.0242  0.0246
  0.0259  0.0257  0.0254  0.0256  0.0264  0.0256  0.0245  0.0248  0.0245  0.0250  0.0240  0.0242
  0.0254  0.0254  0.0253  0.0253  0.0258  0.0252  0.0241  0.0241  0.0241  0.0243  0.0239  0.0239
  0.0252  0.0252  0.0252  0.0252  0.0252  0.0248  0.0239  0.0239  0.0239  0.0239  0.0239  0.0239
  0.0254  0.0253  0.0253  0.0254  0.0248  0.0242  0.0240  0.0240  0.0240  0.0239  0.0239  0.0240
  0.0259  0.0256  0.0255  0.0259  0.0248  0.0238  0.0244  0.0246  0.0243  0.0246  0.0240  0.0242
  0.0266  0.0261  0.0258  0.0266  0.0251  0.0242  0.0251  0.0256  0.0248  0.0260  0.0242  0.0246
niter,ni,del,rscale     6    3    5.0000    0.9000
parameters
   -1.4460   -1.6055   -5.4847  -15.0844  -22.8007  -13.8933
   -1.5847   -4.0835    1.7350   30.5830    2.3868  -27.9612
eta,q 0.97592 11.61961
  0.0257  0.0250  0.0253  0.0254  0.0258  0.0260  0.0256  0.0262  0.0254  0.0258  0.0245  0.0251
  0.0247  0.0242  0.0246  0.0246  0.0248  0.0253  0.0248  0.0250  0.0247  0.0251  0.0243  0.0245
  0.0241  0.0238  0.0241  0.0240  0.0241  0.0246  0.0242  0.0243  0.0242  0.0245  0.0241  0.0242
  0.0239  0.0239  0.0238  0.0238  0.0238  0.0238  0.0241  0.0241  0.0241  0.0241  0.0241  0.0241
  0.0241  0.0243  0.0238  0.0238  0.0242  0.0239  0.0243  0.0243  0.0242  0.0241  0.0241  0.0241
  0.0247  0.0251  0.0240  0.0242  0.0255  0.0252  0.0248  0.0250  0.0247  0.0248  0.0243  0.0244
  0.0257  0.0261  0.0244  0.0249  0.0282  0.0290  0.0257  0.0262  0.0254  0.0264  0.0245  0.0248
niter,ni,del,rscale     5    3    5.0000    0.8000
parameters
   -1.4675   -1.6198   -5.6141  -15.1016  -22.4560  -13.6769
   -1.5849   -4.0838    1.8295   30.5940    2.4479  -28.0218
eta,q 0.97605 11.63974
  0.0255  0.0254  0.0246  0.0252  0.0262  0.0258  0.0252  0.0257  0.0251  0.0256  0.0243  0.0246
  0.0247  0.0246  0.0243  0.0246  0.0254  0.0253  0.0245  0.0247  0.0245  0.0249  0.0241  0.0242
  0.0242  0.0242  0.0241  0.0242  0.0246  0.0247  0.0241  0.0241  0.0241  0.0243  0.0240  0.0240
  0.0241  0.0241  0.0241  0.0241  0.0241  0.0240  0.0239  0.0239  0.0239  0.0240  0.0239  0.0239
  0.0243  0.0242  0.0242  0.0242  0.0241  0.0237  0.0241  0.0241  0.0241  0.0240  0.0240  0.0240
  0.0248  0.0247  0.0244  0.0246  0.0247  0.0245  0.0245  0.0247  0.0244  0.0246  0.0241  0.0243
  0.0256  0.0254  0.0248  0.0252  0.0260  0.0262  0.0252  0.0257  0.0250  0.0259  0.0243  0.0246
niter,ni,del,rscale     4    3    5.0000    0.7000
parameters
   -1.4752   -1.6523   -5.5894  -15.0634  -22.2857  -13.2914
   -1.5784   -4.0665    1.8846   30.5766    2.3969  -28.1109
eta,q 0.97619 11.66328
  0.0251  0.0249  0.0245  0.0248  0.0256  0.0256  0.0248  0.0252  0.0247  0.0252  0.0241  0.0243
  0.0244  0.0244  0.0242  0.0243  0.0249  0.0251  0.0243  0.0244  0.0242  0.0246  0.0239  0.0240
  0.0241  0.0240  0.0240  0.0241  0.0243  0.0245  0.0239  0.0240  0.0239  0.0241  0.0238  0.0238
  0.0239  0.0239  0.0239  0.0239  0.0239  0.0239  0.0238  0.0238  0.0238  0.0238  0.0238  0.0238
  0.0241  0.0241  0.0240  0.0240  0.0240  0.0237  0.0239  0.0239  0.0239  0.0239  0.0238  0.0239
  0.0245  0.0245  0.0242  0.0243  0.0245  0.0243  0.0243  0.0244  0.0242  0.0244  0.0239  0.0241
  0.0251  0.0250  0.0245  0.0248  0.0256  0.0256  0.0248  0.0252  0.0246  0.0255  0.0241  0.0243
niter,ni,del,rscale     3    3    5.0000    0.6000
parameters
   -1.4790   -1.6797   -5.5043  -15.0305  -22.1704  -12.8983
   -1.5852   -4.0287    1.9148   30.5136    2.2681  -28.2207
eta,q 0.97631 11.68405
  0.0246  0.0246  0.0243  0.0245  0.0251  0.0253  0.0244  0.0247  0.0243  0.0249  0.0239  0.0241
  0.0242  0.0241  0.0240  0.0241  0.0245  0.0248  0.0240  0.0242  0.0240  0.0243  0.0238  0.0238
  0.0239  0.0239  0.0239  0.0239  0.0240  0.0243  0.0238  0.0238  0.0238  0.0239  0.0237  0.0237
  0.0238  0.0238  0.0238  0.0238  0.0238  0.0238  0.0237  0.0237  0.0237  0.0237  0.0237  0.0237
  0.0239  0.0239  0.0238  0.0239  0.0239  0.0236  0.0238  0.0238  0.0238  0.0238  0.0237  0.0237
  0.0242  0.0242  0.0240  0.0241  0.0243  0.0242  0.0240  0.0241  0.0240  0.0242  0.0238  0.0239
  0.0246  0.0246  0.0242  0.0244  0.0251  0.0251  0.0244  0.0247  0.0243  0.0251  0.0239  0.0241
niter,ni,del,rscale     2    3    5.0000    0.5000
parameters
   -1.4792   -1.7038   -5.4057  -14.9968  -22.0950  -12.5427
   -1.5940   -3.9857    1.9452   30.4307    2.1284  -28.2943
eta,q 0.97639 11.70093
  0.0243  0.0242  0.0241  0.0241  0.0246  0.0250  0.0241  0.0244  0.0241  0.0245  0.0238  0.0239
  0.0239  0.0239  0.0239  0.0239  0.0242  0.0246  0.0238  0.0240  0.0238  0.0240  0.0237  0.0237
  0.0238  0.0237  0.0238  0.0237  0.0238  0.0241  0.0237  0.0237  0.0237  0.0237  0.0236  0.0236
  0.0237  0.0237  0.0237  0.0237  0.0237  0.0237  0.0236  0.0236  0.0236  0.0236  0.0236  0.0236
  0.0238  0.0238  0.0237  0.0237  0.0238  0.0236  0.0237  0.0237  0.0237  0.0237  0.0236  0.0237
  0.0240  0.0240  0.0238  0.0239  0.0241  0.0240  0.0238  0.0239  0.0238  0.0241  0.0237  0.0238
  0.0243  0.0243  0.0240  0.0241  0.0246  0.0247  0.0241  0.0243  0.0240  0.0247  0.0238  0.0239
niter,ni,del,rscale     1    3    5.0000    0.4000
parameters
   -1.4830   -1.7312   -5.2948  -14.9751  -22.0351  -12.2314
   -1.6170   -3.9576    1.9640   30.3213    1.9974  -28.3580
eta,q 0.97644 11.71453
  0.0240  0.0240  0.0239  0.0239  0.0242  0.0246  0.0239  0.0240  0.0239  0.0241  0.0237  0.0237
  0.0238  0.0238  0.0238  0.0237  0.0239  0.0243  0.0237  0.0238  0.0237  0.0238  0.0236  0.0236
  0.0237  0.0236  0.0237  0.0236  0.0237  0.0239  0.0236  0.0236  0.0236  0.0236  0.0236  0.0236
  0.0236  0.0236  0.0236  0.0236  0.0236  0.0236  0.0236  0.0236  0.0236  0.0236  0.0236  0.0236
  0.0237  0.0237  0.0236  0.0236  0.0237  0.0236  0.0236  0.0236  0.0236  0.0236  0.0236  0.0236
  0.0238  0.0238  0.0237  0.0237  0.0239  0.0239  0.0237  0.0238  0.0237  0.0239  0.0236  0.0237
  0.0240  0.0240  0.0238  0.0239  0.0242  0.0244  0.0239  0.0240  0.0238  0.0243  0.0237  0.0238
registration optimization eta report
parameter search radius
    0.8000    0.8000    0.8000    2.4000    2.7600    2.7600
    2.4000    2.4000    2.4000    2.4000    2.4000    2.4000
100000*second partial in parameter space
       59.       56.       37.        5.        8.       12.
        6.        8.        5.       11.        2.        3.
  0.0240  0.0240  0.0239  0.0239  0.0242  0.0246  0.0239  0.0240  0.0239  0.0241  0.0237  0.0237
  0.0238  0.0238  0.0238  0.0237  0.0239  0.0243  0.0237  0.0238  0.0237  0.0238  0.0236  0.0236
  0.0237  0.0236  0.0237  0.0236  0.0237  0.0239  0.0236  0.0236  0.0236  0.0236  0.0236  0.0236
  0.0236  0.0236  0.0236  0.0236  0.0236  0.0236  0.0236  0.0236  0.0236  0.0236  0.0236  0.0236
  0.0237  0.0237  0.0236  0.0236  0.0237  0.0236  0.0236  0.0236  0.0236  0.0236  0.0236  0.0236
  0.0238  0.0238  0.0237  0.0237  0.0239  0.0239  0.0237  0.0238  0.0237  0.0239  0.0236  0.0237
  0.0240  0.0240  0.0238  0.0239  0.0242  0.0244  0.0239  0.0240  0.0238  0.0243  0.0237  0.0238
   -1.4830   -1.7312   -5.2948  -14.9751  -22.0351  -12.2314
   -1.6170   -3.9576    1.9640   30.3213    1.9974  -28.3580
eta,q 0.97644 11.71453

---------------------------------------------------------------------
imgreg_4dfp /opt/freesurfer/average/711-2C_as_mni_average_305 /opt/freesurfer/average/711-2B_as_mni_average_305_mask talsrcimg_g11 none talsrcimg_to_711-2C_as_mni_average_305_t4 2311
---------------------------------------------------------------------

freesurfer imgreg_4dfp.c
/opt/freesurfer/average/711-2C_as_mni_average_305.4dfp.img
       256       256       256         1
  1.000000  1.000000  1.000000
orientation T byte_order littleendian
Reading image: /opt/freesurfer/average/711-2C_as_mni_average_305.4dfp.img
dimensions:      256       256       256
mmppix:       1.0000   -1.0000   -1.0000
center:     128.0000 -129.0000 -129.0000
/opt/freesurfer/average/711-2B_as_mni_average_305_mask.4dfp.img
       256       256       256         1
  1.000000  1.000000  1.000000
orientation T byte_order littleendian
Reading mask: /opt/freesurfer/average/711-2B_as_mni_average_305_mask.4dfp.img (2306576 pixels)
talsrcimg_g11.4dfp.img
       256       256       256         1
  1.000000  1.000000  1.000000
orientation T byte_order littleendian
Reading image: talsrcimg_g11.4dfp.img
dimensions:      256       256       256
mmppix:       1.0000   -1.0000   -1.0000
center:     128.0000 -129.0000 -129.0000
fimgreg.f
image alignment mode   2311 decimal      907 hex
parameters
   -1.4830   -1.7312   -5.2948  -14.9751  -22.0351  -12.2314
   -1.6170   -3.9576    1.9640   30.3213    1.9974  -28.3580
eta,q 0.97644 11.71453
niter,ni,del,rscale     5    3    5.0000    0.8000
parameters
   -1.4739   -1.7344   -5.1317  -14.9332  -22.3413  -12.6945
   -1.6333   -4.0317    1.8629   30.1667    2.2096  -27.8887
eta,q 0.97631 11.68589
  0.0251  0.0250  0.0247  0.0247  0.0250  0.0253  0.0250  0.0254  0.0247  0.0254  0.0241  0.0245
  0.0242  0.0242  0.0241  0.0241  0.0243  0.0247  0.0243  0.0244  0.0241  0.0247  0.0239  0.0241
  0.0237  0.0237  0.0237  0.0237  0.0238  0.0241  0.0238  0.0239  0.0238  0.0240  0.0237  0.0238
  0.0236  0.0236  0.0236  0.0236  0.0236  0.0236  0.0237  0.0237  0.0237  0.0237  0.0237  0.0237
  0.0237  0.0237  0.0236  0.0237  0.0238  0.0238  0.0238  0.0239  0.0238  0.0238  0.0237  0.0237
  0.0242  0.0242  0.0239  0.0241  0.0244  0.0247  0.0243  0.0245  0.0242  0.0246  0.0238  0.0239
  0.0250  0.0250  0.0243  0.0247  0.0257  0.0269  0.0250  0.0256  0.0248  0.0260  0.0240  0.0243
niter,ni,del,rscale     4    3    5.0000    0.7000
parameters
   -1.4798   -1.7759   -5.2592  -14.9473  -22.0341  -12.6249
   -1.6043   -4.0196    1.9219   30.1097    2.3447  -27.9064
eta,q 0.97635 11.69785
  0.0248  0.0247  0.0242  0.0245  0.0251  0.0252  0.0247  0.0251  0.0245  0.0251  0.0239  0.0242
  0.0242  0.0241  0.0239  0.0241  0.0245  0.0247  0.0241  0.0243  0.0240  0.0245  0.0238  0.0239
  0.0238  0.0238  0.0237  0.0238  0.0240  0.0242  0.0238  0.0238  0.0238  0.0239  0.0237  0.0237
  0.0237  0.0237  0.0237  0.0237  0.0237  0.0237  0.0236  0.0236  0.0236  0.0236  0.0236  0.0236
  0.0238  0.0238  0.0238  0.0238  0.0237  0.0236  0.0238  0.0238  0.0237  0.0237  0.0237  0.0237
  0.0242  0.0242  0.0241  0.0241  0.0241  0.0243  0.0241  0.0242  0.0240  0.0243  0.0238  0.0239
  0.0248  0.0248  0.0244  0.0246  0.0248  0.0254  0.0246  0.0251  0.0245  0.0254  0.0239  0.0242
niter,ni,del,rscale     3    3    5.0000    0.6000
parameters
   -1.4864   -1.7936   -5.2531  -14.9351  -21.9158  -12.3905
   -1.6017   -4.0077    1.9413   30.0862    2.2965  -27.9904
eta,q 0.97640 11.71118
  0.0245  0.0244  0.0241  0.0243  0.0247  0.0249  0.0243  0.0246  0.0242  0.0248  0.0238  0.0240
  0.0240  0.0240  0.0239  0.0239  0.0242  0.0245  0.0239  0.0241  0.0239  0.0243  0.0237  0.0238
  0.0237  0.0237  0.0237  0.0237  0.0238  0.0241  0.0237  0.0237  0.0237  0.0238  0.0236  0.0236
  0.0236  0.0236  0.0236  0.0236  0.0236  0.0236  0.0236  0.0236  0.0236  0.0236  0.0236  0.0236
  0.0237  0.0238  0.0237  0.0237  0.0237  0.0236  0.0237  0.0237  0.0237  0.0237  0.0236  0.0236
  0.0240  0.0240  0.0239  0.0239  0.0240  0.0241  0.0239  0.0240  0.0239  0.0242  0.0237  0.0238
  0.0245  0.0245  0.0241  0.0243  0.0246  0.0249  0.0243  0.0246  0.0242  0.0250  0.0238  0.0240
niter,ni,del,rscale     2    3    5.0000    0.5000
parameters
   -1.4901   -1.8039   -5.1896  -14.9243  -21.8748  -12.1441
   -1.6041   -3.9823    1.9648   30.0626    2.1824  -28.0867
eta,q 0.97644 11.72223
  0.0242  0.0241  0.0240  0.0240  0.0243  0.0247  0.0241  0.0243  0.0240  0.0245  0.0237  0.0238
  0.0239  0.0238  0.0238  0.0238  0.0240  0.0243  0.0238  0.0239  0.0238  0.0240  0.0236  0.0237
  0.0237  0.0237  0.0236  0.0236  0.0237  0.0239  0.0236  0.0236  0.0236  0.0237  0.0236  0.0236
  0.0236  0.0236  0.0236  0.0236  0.0236  0.0236  0.0236  0.0236  0.0236  0.0236  0.0236  0.0236
  0.0237  0.0237  0.0236  0.0236  0.0237  0.0236  0.0236  0.0236  0.0236  0.0236  0.0236  0.0236
  0.0239  0.0239  0.0237  0.0238  0.0239  0.0239  0.0238  0.0239  0.0237  0.0240  0.0236  0.0237
  0.0242  0.0242  0.0239  0.0240  0.0243  0.0245  0.0241  0.0243  0.0240  0.0246  0.0237  0.0239
niter,ni,del,rscale     1    3    5.0000    0.4000
parameters
   -1.4929   -1.8102   -5.1055  -14.9123  -21.8663  -11.9206
   -1.6118   -3.9545    1.9855   30.0358    2.0962  -28.1443
eta,q 0.97648 11.73099
  0.0239  0.0239  0.0238  0.0238  0.0240  0.0244  0.0239  0.0240  0.0238  0.0241  0.0236  0.0237
  0.0237  0.0237  0.0237  0.0237  0.0238  0.0241  0.0237  0.0237  0.0237  0.0238  0.0236  0.0236
  0.0236  0.0236  0.0236  0.0236  0.0236  0.0238  0.0236  0.0236  0.0236  0.0236  0.0235  0.0235
  0.0236  0.0236  0.0236  0.0236  0.0236  0.0236  0.0235  0.0235  0.0235  0.0235  0.0235  0.0235
  0.0236  0.0236  0.0236  0.0236  0.0236  0.0235  0.0236  0.0236  0.0236  0.0236  0.0235  0.0236
  0.0237  0.0237  0.0236  0.0237  0.0238  0.0238  0.0237  0.0237  0.0237  0.0238  0.0236  0.0236
  0.0239  0.0239  0.0237  0.0238  0.0240  0.0242  0.0239  0.0240  0.0238  0.0242  0.0236  0.0237
registration optimization eta report
parameter search radius
    0.8000    0.8000    0.8000    2.4000    2.4000    2.4000
    2.4000    2.4000    2.4000    2.4000    2.4000    2.4000
100000*second partial in parameter space
       60.       57.       37.        5.        8.       13.
        6.        8.        5.       11.        2.        3.
  0.0239  0.0239  0.0238  0.0238  0.0240  0.0244  0.0239  0.0240  0.0238  0.0241  0.0236  0.0237
  0.0237  0.0237  0.0237  0.0237  0.0238  0.0241  0.0237  0.0237  0.0237  0.0238  0.0236  0.0236
  0.0236  0.0236  0.0236  0.0236  0.0236  0.0238  0.0236  0.0236  0.0236  0.0236  0.0235  0.0235
  0.0236  0.0236  0.0236  0.0236  0.0236  0.0236  0.0235  0.0235  0.0235  0.0235  0.0235  0.0235
  0.0236  0.0236  0.0236  0.0236  0.0236  0.0235  0.0236  0.0236  0.0236  0.0236  0.0235  0.0236
  0.0237  0.0237  0.0236  0.0237  0.0238  0.0238  0.0237  0.0237  0.0237  0.0238  0.0236  0.0236
  0.0239  0.0239  0.0237  0.0238  0.0240  0.0242  0.0239  0.0240  0.0238  0.0242  0.0236  0.0237
   -1.4929   -1.8102   -5.1055  -14.9123  -21.8663  -11.9206
   -1.6118   -3.9545    1.9855   30.0358    2.0962  -28.1443
eta,q 0.97648 11.73099

---------------------------------------------------------------------
compute_vox2vox talsrcimg talsrcimg_to_711-2C_as_mni_average_305_t4 /opt/freesurfer/average/711-2C_as_mni_average_305
---------------------------------------------------------------------

freesurfer compute_vox2vox.c
Reading: talsrcimg.4dfp.ifh
Reading: talsrcimg_to_711-2C_as_mni_average_305_t4
Reading: /opt/freesurfer/average/711-2C_as_mni_average_305.4dfp.ifh
Writing: talsrcimg_to_711-2C_as_mni_average_305_t4_vox2vox.txt

start time Thu Mar 12 16:09:42 CET 2026
end		time Thu Mar 12 16:09:56 CET 2026

mpr2mni305 success

avi2talxfm orig_nu.mgz /opt/freesurfer/average/mni305.cor.mgz talsrcimg_to_711-2C_as_mni_average_305_t4_vox2vox.txt transforms/talairach.auto.xfm
avi2talxfm done
mv -f /out/sourcedata/freesurfer/sub-v1s23x0050573_ses-1/mri/talsrcimg_to_711-2C_as_mni_average_305_t4_vox2vox.txt /out/sourcedata/freesurfer/sub-v1s23x0050573_ses-1/mri/transforms/talsrcimg_to_711-2C_as_mni_average_305_t4_vox2vox.txt
lta_convert --src orig_nu.mgz --trg /opt/freesurfer/average/mni305.cor.mgz --inxfm transforms/talairach.auto.xfm --outlta transforms/talairach.auto.xfm.lta --subject fsaverage
7.3.2

--src: orig_nu.mgz src image (geometry).
--trg: /opt/freesurfer/average/mni305.cor.mgz trg image (geometry).
--inmni: transforms/talairach.auto.xfm input MNI/XFM transform.
--outlta: transforms/talairach.auto.xfm.lta output LTA.
--s: fsaverage subject name
 LTA read, type : 1
 1.17339   0.03957   0.03846  -36.59093;
-0.03336   1.01001   0.36313   45.01089;
-0.01699  -0.38927   1.13929  -50.81448;
 0.00000   0.00000   0.00000   1.00000;
setting subject to fsaverage
Writing  LTA to file transforms/talairach.auto.xfm.lta...
lta_convert successful.
 
 
Started at Thu Mar 12 16:09:42 CET 2026
Ended   at Thu Mar 12 16:09:56 CET 2026
talairach_avi done
