/out/sourcedata/freesurfer/sub-v1s23x0050603_ses-1/mri
/opt/freesurfer/bin/talairach_avi
--i orig_nu.mgz --xfm transforms/talairach.auto.xfm
talairach_avi 7.3.2
Linux dna020 5.14.0-427.37.1.el9_4.x86_64 #1 SMP PREEMPT_DYNAMIC Fri Sep 13 12:41:50 EDT 2024 x86_64 x86_64 x86_64 GNU/Linux
Mon Mar  9 19:55:11 CET 2026
mri_convert orig_nu.mgz talsrcimg.img 
reading from orig_nu.mgz...
TR=0.00, TE=0.00, TI=0.00, flip angle=0.00
i_ras = (-1, 0, 0)
j_ras = (0, 0, -1)
k_ras = (0, 1, 0)
writing to talsrcimg.img...
Analyze Output Matrix
-1.00000   0.00000   0.00000   172.47145;
 0.00000   0.00000   1.00000  -178.04869;
 0.00000  -1.00000   0.00000   167.81084;
 0.00000   0.00000   0.00000   1.00000;
--------------------
INFO: set hdr.hist.orient to -1
mpr2mni305 talsrcimg
Mon Mar  9 19:55:11 CET 2026
/opt/freesurfer/bin/mpr2mni305 talsrcimg
mpr2mni305 7.3.2
target=711-2C_as_mni_average_305

---------------------------------------------------------------------
analyzeto4dfp talsrcimg -O0 -y
---------------------------------------------------------------------

freesurfer ifh2hdr.c
Mon Mar  9 19:55:11 2026
Writing: talsrcimg.4dfp.hdr
freesurfer analyzeto4dfp.c
Reading: talsrcimg.hdr
header size 348 bytes
hdr.dime.datatype	offset=70	value=2
hdr.dime.bitpix		offset=72	value=8
hdr.hist.orient		offset=252	value=-1
dimensionality     4
dimensions       256       256       256         1
Reading: talsrcimg.img
Writing: talsrcimg.4dfp.img
Writing: talsrcimg.4dfp.ifh
ifh2hdr talsrcimg -r0to221
ori=2

---------------------------------------------------------------------
gauss_4dfp talsrcimg 1.1
---------------------------------------------------------------------

freesurfer gauss_4dfp.c
Reading: talsrcimg.4dfp.img
Writing: talsrcimg_g11.4dfp.img
image dimensions 256 256 256 padded to 288 288 288
processing volume 1freesurfer ifh2hdr.c
Mon Mar  9 19:55:13 2026
Writing: talsrcimg_g11.4dfp.hdr

Writing: talsrcimg_g11.4dfp.ifh
including: talsrcimg.4dfp.img.rec in talsrcimg_g11.4dfp.img.rec

---------------------------------------------------------------------
imgreg_4dfp /opt/freesurfer/average/711-2C_as_mni_average_305 none talsrcimg_g11 none talsrcimg_to_711-2C_as_mni_average_305_t4 4355
---------------------------------------------------------------------

freesurfer imgreg_4dfp.c
/opt/freesurfer/average/711-2C_as_mni_average_305.4dfp.img
       256       256       256         1
  1.000000  1.000000  1.000000
orientation T byte_order littleendian
Reading image: /opt/freesurfer/average/711-2C_as_mni_average_305.4dfp.img
dimensions:      256       256       256
mmppix:       1.0000   -1.0000   -1.0000
center:     128.0000 -129.0000 -129.0000
talsrcimg_g11.4dfp.img
       256       256       256         1
  1.000000  1.000000  1.000000
orientation T byte_order littleendian
Reading image: talsrcimg_g11.4dfp.img
dimensions:      256       256       256
mmppix:       1.0000   -1.0000   -1.0000
center:     128.0000 -129.0000 -129.0000
t4_read: open error in t4_sub.f l:  41 t4_file(1:l)talsrcimg_to_711-2C_as_mni_average_305_t4 
t4_read: transform initialized to I4
rotation matrix determinant  1.000000
image alignment mode   4355 decimal     1103 hex
   -7.5000  -45.0000  -45.0000 7615.5610   33.1530
    0.0000  -45.0000  -45.0000 7941.3735   33.1783
    7.5000  -45.0000  -45.0000 7553.9458   33.1990
   -7.5000  -37.5000  -45.0000 8047.9595   33.0729
    0.0000  -37.5000  -45.0000 8393.6270   33.1111
    7.5000  -37.5000  -45.0000 7973.2310   33.1374
   -7.5000  -30.0000  -45.0000 8752.6338   33.0497
    0.0000  -30.0000  -45.0000 9125.1211   33.0976
    7.5000  -30.0000  -45.0000 8636.8613   33.1151
   -7.5000  -22.5000  -45.0000 9437.3467   33.1109
    0.0000  -22.5000  -45.0000 9848.1172   33.1567
    7.5000  -22.5000  -45.0000 9303.5635   33.1564
   -7.5000  -15.0000  -45.000010036.5059   33.1893
    0.0000  -15.0000  -45.000010478.9238   33.2222
    7.5000  -15.0000  -45.0000 9926.3086   33.2124
   -7.5000   -7.5000  -45.000010508.7881   33.2072
    0.0000   -7.5000  -45.000010959.9473   33.2296
    7.5000   -7.5000  -45.000010403.1582   33.2318
   -7.5000    0.0000  -45.000010883.5215   33.1518
    0.0000    0.0000  -45.000011342.4121   33.1771
    7.5000    0.0000  -45.000010738.9824   33.1978
   -7.5000    7.5000  -45.000010394.1396   33.0724
    0.0000    7.5000  -45.000010866.6826   33.1105
    7.5000    7.5000  -45.000010250.3613   33.1369
   -7.5000   15.0000  -45.0000 9758.8936   33.0496
    0.0000   15.0000  -45.000010204.5264   33.0975
    7.5000   15.0000  -45.0000 9610.5088   33.1151
   -7.5000   22.5000  -45.0000 9121.7715   33.1064
    0.0000   22.5000  -45.0000 9505.4961   33.1522
    7.5000   22.5000  -45.0000 8945.1582   33.1519
   -7.5000   30.0000  -45.0000 8403.4531   32.7471
    0.0000   30.0000  -45.0000 8746.7607   32.7795
    7.5000   30.0000  -45.0000 8238.4707   32.7698
   -7.5000   37.5000  -45.0000 7955.9385   32.8152
    0.0000   37.5000  -45.0000 8295.3281   32.8376
    7.5000   37.5000  -45.0000 7818.5488   32.8408
   -7.5000   45.0000  -45.0000 7139.2310   32.1696
    0.0000   45.0000  -45.0000 7419.2734   32.1954
    7.5000   45.0000  -45.0000 7033.1992   32.2173
   -7.5000  -45.0000  -37.5000 8086.6953   33.0985
    0.0000  -45.0000  -37.5000 8414.8203   33.1110
    7.5000  -45.0000  -37.5000 7988.4438   33.1331
   -7.5000  -37.5000  -37.5000 8567.0527   33.0392
    0.0000  -37.5000  -37.5000 8926.3994   33.0627
    7.5000  -37.5000  -37.5000 8450.0605   33.0807
   -7.5000  -30.0000  -37.5000 9333.5830   33.0263
    0.0000  -30.0000  -37.5000 9723.3047   33.0632
    7.5000  -30.0000  -37.5000 9199.0107   33.0696
   -7.5000  -22.5000  -37.500010064.6914   33.0771
    0.0000  -22.5000  -37.500010499.8008   33.1182
    7.5000  -22.5000  -37.5000 9912.7949   33.1160
   -7.5000  -15.0000  -37.500010653.2988   33.1349
    0.0000  -15.0000  -37.500011119.7158   33.1667
    7.5000  -15.0000  -37.500010533.8408   33.1672
   -7.5000   -7.5000  -37.500011128.6328   33.1424
    0.0000   -7.5000  -37.500011600.5146   33.1592
    7.5000   -7.5000  -37.500010990.6904   33.1724
   -7.5000    0.0000  -37.500011540.2422   33.0973
    0.0000    0.0000  -37.500012031.3906   33.1098
    7.5000    0.0000  -37.500011357.1289   33.1319
   -7.5000    7.5000  -37.500011053.8721   33.0387
    0.0000    7.5000  -37.500011544.3574   33.0621
    7.5000    7.5000  -37.500010872.4609   33.0801
   -7.5000   15.0000  -37.500010424.0508   33.0262
    0.0000   15.0000  -37.500010902.0029   33.0631
    7.5000   15.0000  -37.500010235.3457   33.0696
   -7.5000   22.5000  -37.5000 9714.0156   33.0726
    0.0000   22.5000  -37.500010142.6592   33.1136
    7.5000   22.5000  -37.5000 9526.5020   33.1115
   -7.5000   30.0000  -37.5000 8918.0430   32.6935
    0.0000   30.0000  -37.5000 9277.6348   32.7248
    7.5000   30.0000  -37.5000 8747.9189   32.7253
   -7.5000   37.5000  -37.5000 8395.5703   32.7504
    0.0000   37.5000  -37.5000 8755.3340   32.7671
    7.5000   37.5000  -37.5000 8269.8652   32.7808
   -7.5000   45.0000  -37.5000 7540.6353   32.1162
    0.0000   45.0000  -37.5000 7837.1201   32.1294
    7.5000   45.0000  -37.5000 7440.6997   32.1521
   -7.5000  -45.0000  -30.0000 8684.6465   34.4694
    0.0000  -45.0000  -30.0000 9030.3428   34.4812
    7.5000  -45.0000  -30.0000 8559.7285   34.4981
   -7.5000  -37.5000  -30.0000 9242.9873   34.4508
    0.0000  -37.5000  -30.0000 9624.3623   34.4743
    7.5000  -37.5000  -30.0000 9107.7578   34.4838
   -7.5000  -30.0000  -30.000010091.0664   34.4525
    0.0000  -30.0000  -30.000010492.5596   34.4946
    7.5000  -30.0000  -30.0000 9932.4863   34.4987
   -7.5000  -22.5000  -30.000010845.8369   34.4751
    0.0000  -22.5000  -30.000011289.3838   34.5273
    7.5000  -22.5000  -30.000010682.8750   34.5354
   -7.5000  -15.0000  -30.000011440.8887   34.4913
    0.0000  -15.0000  -30.000011926.5820   34.5355
    7.5000  -15.0000  -30.000011300.9512   34.5528
   -7.5000   -7.5000  -30.000011973.2529   34.4865
    0.0000   -7.5000  -30.000012477.7354   34.5088
    7.5000   -7.5000  -30.000011791.6729   34.5296
   -7.5000    0.0000  -30.000012415.3838   34.4682
    0.0000    0.0000  -30.000012965.9785   34.4799
    7.5000    0.0000  -30.000012192.4482   34.4968
   -7.5000    7.5000  -30.000011920.6240   34.4502
    0.0000    7.5000  -30.000012436.7021   34.4737
    7.5000    7.5000  -30.000011686.5586   34.4831
   -7.5000   15.0000  -30.000011227.8584   34.4524
    0.0000   15.0000  -30.000011713.7422   34.4946
    7.5000   15.0000  -30.000011007.3135   34.4986
   -7.5000   22.5000  -30.000010444.7705   34.4668
    0.0000   22.5000  -30.000010891.0869   34.5190
    7.5000   22.5000  -30.000010250.9248   34.5271
   -7.5000   30.0000  -30.0000 9583.4463   34.0351
    0.0000   30.0000  -30.0000 9978.7695   34.0787
    7.5000   30.0000  -30.0000 9407.8486   34.0958
   -7.5000   37.5000  -30.0000 9022.0635   34.0814
    0.0000   37.5000  -30.0000 9400.4248   34.1038
    7.5000   37.5000  -30.0000 8882.9160   34.1245
   -7.5000   45.0000  -30.0000 8093.5908   33.4739
    0.0000   45.0000  -30.0000 8407.6182   33.4866
    7.5000   45.0000  -30.0000 7982.2593   33.5035
   -7.5000  -45.0000  -22.5000 9305.3955   35.6961
    0.0000  -45.0000  -22.5000 9658.1230   35.7250
    7.5000  -45.0000  -22.5000 9150.1611   35.7350
   -7.5000  -37.5000  -22.5000 9975.0889   35.6995
    0.0000  -37.5000  -22.500010373.6426   35.7424
    7.5000  -37.5000  -22.5000 9820.2539   35.7531
   -7.5000  -30.0000  -22.500010921.1152   35.7069
    0.0000  -30.0000  -22.500011364.2070   35.7685
    7.5000  -30.0000  -22.500010747.3311   35.7835
   -7.5000  -22.5000  -22.500011658.2949   35.7093
    0.0000  -22.5000  -22.500012154.2588   35.7800
    7.5000  -22.5000  -22.500011508.9385   35.8018
   -7.5000  -15.0000  -22.500012283.9131   35.7018
    0.0000  -15.0000  -22.500012784.8779   35.7628
    7.5000  -15.0000  -22.500012109.7393   35.7860
   -7.5000   -7.5000  -22.500012904.5918   35.6950
    0.0000   -7.5000  -22.500013479.5488   35.7329
    7.5000   -7.5000  -22.500012691.8877   35.7485
   -7.5000    0.0000  -22.500013379.5029   35.6948
    0.0000    0.0000  -22.500013946.9033   35.7237
    7.5000    0.0000  -22.500013142.9932   35.7337
   -7.5000    7.5000  -22.500012820.0996   35.6989
    0.0000    7.5000  -22.500013335.6455   35.7418
    7.5000    7.5000  -22.500012578.6006   35.7525
   -7.5000   15.0000  -22.500012076.9951   35.7068
    0.0000   15.0000  -22.500012582.5459   35.7684
    7.5000   15.0000  -22.500011856.0508   35.7833
   -7.5000   22.5000  -22.500011252.1797   35.6983
    0.0000   22.5000  -22.500011725.0215   35.7690
    7.5000   22.5000  -22.500011051.4863   35.7908
   -7.5000   30.0000  -22.500010335.6152   35.2350
    0.0000   30.0000  -22.500010778.8154   35.2952
    7.5000   30.0000  -22.500010157.7832   35.3181
   -7.5000   37.5000  -22.5000 9715.5410   35.2814
    0.0000   37.5000  -22.500010119.5986   35.3197
    7.5000   37.5000  -22.5000 9570.0762   35.3355
   -7.5000   45.0000  -22.5000 8682.5127   34.6948
    0.0000   45.0000  -22.5000 9037.9082   34.7245
    7.5000   45.0000  -22.5000 8569.3340   34.7346
   -7.5000  -45.0000  -15.0000 9903.8506   36.5997
    0.0000  -45.0000  -15.000010241.7314   36.6463
    7.5000  -45.0000  -15.0000 9739.4814   36.6542
   -7.5000  -37.5000  -15.000010696.9648   36.5840
    0.0000  -37.5000  -15.000011082.1387   36.6456
    7.5000  -37.5000  -15.000010515.8994   36.6657
   -7.5000  -30.0000  -15.000011813.4609   36.5826
    0.0000  -30.0000  -15.000012321.6514   36.6582
    7.5000  -30.0000  -15.000011649.4111   36.6870
   -7.5000  -22.5000  -15.000012577.3057   36.5939
    0.0000  -22.5000  -15.000013134.7041   36.6733
    7.5000  -22.5000  -15.000012442.8389   36.6999
   -7.5000  -15.0000  -15.000013206.8438   36.6050
    0.0000  -15.0000  -15.000013765.0000   36.6724
    7.5000  -15.0000  -15.000013060.1543   36.6860
   -7.5000   -7.5000  -15.000013832.7461   36.6085
    0.0000   -7.5000  -15.000014428.7461   36.6569
    7.5000   -7.5000  -15.000013709.9336   36.6607
   -7.5000    0.0000  -15.000014351.8164   36.5984
    0.0000    0.0000  -15.000014964.7959   36.6449
    7.5000    0.0000  -15.000014205.9980   36.6529
   -7.5000    7.5000  -15.000013756.7998   36.5834
    0.0000    7.5000  -15.000014329.7559   36.6450
    7.5000    7.5000  -15.000013570.2012   36.6651
   -7.5000   15.0000  -15.000012985.0654   36.5825
    0.0000   15.0000  -15.000013541.3359   36.6581
    7.5000   15.0000  -15.000012780.5879   36.6869
   -7.5000   22.5000  -15.000012125.4502   36.5810
    0.0000   22.5000  -15.000012649.8789   36.6603
    7.5000   22.5000  -15.000011919.5430   36.6869
   -7.5000   30.0000  -15.000011147.4248   36.1313
    0.0000   30.0000  -15.000011619.0537   36.1979
    7.5000   30.0000  -15.000010936.8789   36.2114
   -7.5000   37.5000  -15.000010461.1738   36.1901
    0.0000   37.5000  -15.000010909.7109   36.2390
    7.5000   37.5000  -15.000010269.1895   36.2438
   -7.5000   45.0000  -15.0000 9291.6846   35.5953
    0.0000   45.0000  -15.0000 9709.2568   35.6422
    7.5000   45.0000  -15.0000 9160.7627   35.6511
   -7.5000  -45.0000   -7.500010480.4639   37.0262
    0.0000  -45.0000   -7.500010812.4043   37.0700
    7.5000  -45.0000   -7.500010289.3584   37.0841
   -7.5000  -37.5000   -7.500011440.5840   36.9642
    0.0000  -37.5000   -7.500011910.4453   37.0234
    7.5000  -37.5000   -7.500011233.2041   37.0517
   -7.5000  -30.0000   -7.500012887.8193   36.9455
    0.0000  -30.0000   -7.500013761.2363   37.0158
    7.5000  -30.0000   -7.500012788.9053   37.0455
   -7.5000  -22.5000   -7.500013808.8252   36.9900
    0.0000  -22.5000   -7.500014692.5322   37.0586
    7.5000  -22.5000   -7.500013853.9229   37.0732
   -7.5000  -15.0000   -7.500014321.7852   37.0488
    0.0000  -15.0000   -7.500014976.2764   37.1029
    7.5000  -15.0000   -7.500014371.8271   37.0995
   -7.5000   -7.5000   -7.500014894.2607   37.0656
    0.0000   -7.5000   -7.500015524.6162   37.1058
    7.5000   -7.5000   -7.500014880.5312   37.1033
   -7.5000    0.0000   -7.500015434.6709   37.0248
    0.0000    0.0000   -7.500016158.3730   37.0687
    7.5000    0.0000   -7.500015342.4805   37.0828
   -7.5000    7.5000   -7.500014806.7900   36.9637
    0.0000    7.5000   -7.500015507.6074   37.0228
    7.5000    7.5000   -7.500014615.2939   37.0512
   -7.5000   15.0000   -7.500013971.2871   36.9455
    0.0000   15.0000   -7.500014648.9883   37.0157
    7.5000   15.0000   -7.500013716.2432   37.0454
   -7.5000   22.5000   -7.500013040.0928   36.9729
    0.0000   22.5000   -7.500013660.3311   37.0415
    7.5000   22.5000   -7.500012771.7295   37.0561
   -7.5000   30.0000   -7.500011965.1934   36.5684
    0.0000   30.0000   -7.500012525.5498   36.6219
    7.5000   30.0000   -7.500011725.2568   36.6185
   -7.5000   37.5000   -7.500011204.5244   36.6414
    0.0000   37.5000   -7.500011717.9150   36.6820
    7.5000   37.5000   -7.500011008.9072   36.6809
   -7.5000   45.0000   -7.5000 9980.7588   36.0133
    0.0000   45.0000   -7.500010428.1855   36.0575
    7.5000   45.0000   -7.5000 9845.6045   36.0732
   -7.5000  -45.0000    0.000010984.1885   37.0499
    0.0000  -45.0000    0.000011422.7949   37.0779
    7.5000  -45.0000    0.000010813.5635   37.1004
   -7.5000  -37.5000    0.000012041.1514   36.9609
    0.0000  -37.5000    0.000012836.5625   37.0032
    7.5000  -37.5000    0.000011915.4990   37.0320
   -7.5000  -30.0000    0.000013580.0898   36.9353
    0.0000  -30.0000    0.000014767.7900   36.9886
    7.5000  -30.0000    0.000013648.4131   37.0078
   -7.5000  -22.5000    0.000014526.0332   37.0037
    0.0000  -22.5000    0.000015581.8105   37.0550
    7.5000  -22.5000    0.000014795.8076   37.0543
   -7.5000  -15.0000    0.000015068.2002   37.0908
    0.0000  -15.0000    0.000015870.9219   37.1278
    7.5000  -15.0000    0.000015268.4521   37.1166
   -7.5000   -7.5000    0.000015644.7031   37.1104
    0.0000   -7.5000    0.000016399.6797   37.1355
    7.5000   -7.5000    0.000015670.2393   37.1377
   -7.5000    0.0000    0.000016138.6152   37.0486
    0.0000    0.0000    0.000016935.7402   37.0766
    7.5000    0.0000    0.000016037.3203   37.0990
   -7.5000    7.5000    0.000015458.8779   36.9603
    0.0000    7.5000    0.000016154.6689   37.0026
    7.5000    7.5000    0.000015260.5215   37.0314
   -7.5000   15.0000    0.000014548.1553   36.9352
    0.0000   15.0000    0.000015207.8311   36.9885
    7.5000   15.0000    0.000014301.5664   37.0077
   -7.5000   22.5000    0.000013565.8428   36.9866
    0.0000   22.5000    0.000014236.3018   37.0379
    7.5000   22.5000    0.000013317.0586   37.0373
   -7.5000   30.0000    0.000012502.5400   36.6109
    0.0000   30.0000    0.000013099.5957   36.6474
    7.5000   30.0000    0.000012289.0225   36.6364
   -7.5000   37.5000    0.000011758.5098   36.6865
    0.0000   37.5000    0.000012310.8721   36.7117
    7.5000   37.5000    0.000011567.1494   36.7149
   -7.5000   45.0000    0.000010531.3740   36.0352
    0.0000   45.0000    0.000011023.3359   36.0638
    7.5000   45.0000    0.000010380.1123   36.0876
   -7.5000  -45.0000    7.500010579.8213   37.0066
    0.0000  -45.0000    7.500011093.2070   37.0202
    7.5000  -45.0000    7.500010473.0049   37.0443
   -7.5000  -37.5000    7.500011519.2129   36.9404
    0.0000  -37.5000    7.500012289.3799   36.9662
    7.5000  -37.5000    7.500011514.5039   36.9858
   -7.5000  -30.0000    7.500012712.0156   36.9257
    0.0000  -30.0000    7.500013514.6885   36.9667
    7.5000  -30.0000    7.500012800.9756   36.9735
   -7.5000  -22.5000    7.500013521.2461   36.9822
    0.0000  -22.5000    7.500014184.0107   37.0280
    7.5000  -22.5000    7.500013627.9551   37.0253
   -7.5000  -15.0000    7.500014291.5645   37.0469
    0.0000  -15.0000    7.500014998.2520   37.0822
    7.5000  -15.0000    7.500014362.7158   37.0825
   -7.5000   -7.5000    7.500015022.7012   37.0554
    0.0000   -7.5000    7.500015902.0342   37.0740
    7.5000   -7.5000    7.500015020.5811   37.0883
   -7.5000    0.0000    7.500015466.6709   37.0053
    0.0000    0.0000    7.500016376.3066   37.0189
    7.5000    0.0000    7.500015384.7266   37.0429
   -7.5000    7.5000    7.500014735.3984   36.9397
    0.0000    7.5000    7.500015532.5879   36.9656
    7.5000    7.5000    7.500014596.6904   36.9851
   -7.5000   15.0000    7.500013911.9551   36.9256
    0.0000   15.0000    7.500014605.7988   36.9666
    7.5000   15.0000    7.500013749.6416   36.9734
   -7.5000   22.5000    7.500013021.6982   36.9652
    0.0000   22.5000    7.500013674.7764   37.0109
    7.5000   22.5000    7.500012849.2100   37.0082
   -7.5000   30.0000    7.500011979.9814   36.5676
    0.0000   30.0000    7.500012556.2432   36.6025
    7.5000   30.0000    7.500011835.1924   36.6027
   -7.5000   37.5000    7.500011278.4414   36.6314
    0.0000   37.5000    7.500011813.2441   36.6499
    7.5000   37.5000    7.500011129.0752   36.6646
   -7.5000   45.0000    7.500010186.9287   35.9927
    0.0000   45.0000    7.500010679.8418   36.0071
    7.5000   45.0000    7.500010065.9961   36.0319
   -7.5000  -45.0000   15.000010045.3711   37.0136
    0.0000  -45.0000   15.000010489.7119   37.0260
    7.5000  -45.0000   15.0000 9970.1377   37.0438
   -7.5000  -37.5000   15.000010850.8838   36.9936
    0.0000  -37.5000   15.000011431.2627   37.0187
    7.5000  -37.5000   15.000010878.0449   37.0287
   -7.5000  -30.0000   15.000011801.2617   36.9953
    0.0000  -30.0000   15.000012299.6113   37.0403
    7.5000  -30.0000   15.000011809.0088   37.0447
   -7.5000  -22.5000   15.000012555.0156   37.0192
    0.0000  -22.5000   15.000012971.4922   37.0749
    7.5000  -22.5000   15.000012542.2783   37.0837
   -7.5000  -15.0000   15.000013374.9248   37.0366
    0.0000  -15.0000   15.000013905.6055   37.0837
    7.5000  -15.0000   15.000013362.4170   37.1021
   -7.5000   -7.5000   15.000014169.1582   37.0316
    0.0000   -7.5000   15.000014784.4082   37.0554
    7.5000   -7.5000   15.000014103.3701   37.0774
   -7.5000    0.0000   15.000014627.9648   37.0122
    0.0000    0.0000   15.000015283.7266   37.0246
    7.5000    0.0000   15.000014516.7480   37.0424
   -7.5000    7.5000   15.000013909.7637   36.9930
    0.0000    7.5000   15.000014534.3916   37.0180
    7.5000    7.5000   15.000013783.6846   37.0280
   -7.5000   15.0000   15.000013089.5371   36.9952
    0.0000   15.0000   15.000013702.0928   37.0402
    7.5000   15.0000   15.000012972.8223   37.0446
   -7.5000   22.5000   15.000012204.2246   37.0022
    0.0000   22.5000   15.000012814.2197   37.0579
    7.5000   22.5000   15.000012106.2363   37.0667
   -7.5000   30.0000   15.000011188.3916   36.5574
    0.0000   30.0000   15.000011715.7031   36.6040
    7.5000   30.0000   15.000011090.7236   36.6222
   -7.5000   37.5000   15.000010561.3018   36.6074
    0.0000   37.5000   15.000011026.7051   36.6312
    7.5000   37.5000   15.000010472.5840   36.6532
   -7.5000   45.0000   15.0000 9608.8506   36.0028
    0.0000   45.0000   15.000010021.8857   36.0162
    7.5000   45.0000   15.0000 9544.0078   36.0341
   -7.5000  -45.0000   22.5000 9500.7842   37.4935
    0.0000  -45.0000   22.5000 9954.2734   37.5241
    7.5000  -45.0000   22.5000 9468.9385   37.5353
   -7.5000  -37.5000   22.500010161.0742   37.4974
    0.0000  -37.5000   22.500010644.2393   37.5430
    7.5000  -37.5000   22.500010152.5166   37.5553
   -7.5000  -30.0000   22.500010981.2910   37.5063
    0.0000  -30.0000   22.500011407.2686   37.5716
    7.5000  -30.0000   22.500010945.4424   37.5884
   -7.5000  -22.5000   22.500011718.0674   37.5092
    0.0000  -22.5000   22.500012156.7021   37.5842
    7.5000  -22.5000   22.500011692.8994   37.6080
   -7.5000  -15.0000   22.500012491.9404   37.5011
    0.0000  -15.0000   22.500013008.9863   37.5657
    7.5000  -15.0000   22.500012474.0996   37.5905
   -7.5000   -7.5000   22.500013219.2363   37.4931
    0.0000   -7.5000   22.500013764.0352   37.5332
    7.5000   -7.5000   22.500013167.0430   37.5499
   -7.5000    0.0000   22.500013709.8574   37.4921
    0.0000    0.0000   22.500014286.8301   37.5227
    7.5000    0.0000   22.500013620.9756   37.5339
   -7.5000    7.5000   22.500013079.9492   37.4968
    0.0000    7.5000   22.500013646.2051   37.5423
    7.5000    7.5000   22.500012985.9658   37.5546
   -7.5000   15.0000   22.500012302.1260   37.5062
    0.0000   15.0000   22.500012869.9443   37.5715
    7.5000   15.0000   22.500012219.8828   37.5883
   -7.5000   22.5000   22.500011450.0322   37.4919
    0.0000   22.5000   22.500011965.2207   37.5669
    7.5000   22.5000   22.500011383.9727   37.5906
   -7.5000   30.0000   22.500010464.2852   37.0159
    0.0000   30.0000   22.500010889.1289   37.0797
    7.5000   30.0000   22.500010383.1875   37.1042
   -7.5000   37.5000   22.5000 9864.9824   37.0645
    0.0000   37.5000   22.500010253.1328   37.1050
    7.5000   37.5000   22.5000 9768.2930   37.1220
   -7.5000   45.0000   22.5000 8961.2568   36.4774
    0.0000   45.0000   22.5000 9304.9443   36.5088
    7.5000   45.0000   22.5000 8895.0625   36.5202
   -7.5000  -45.0000   30.0000 8875.9854   38.2928
    0.0000  -45.0000   30.0000 9289.3320   38.3416
    7.5000  -45.0000   30.0000 8835.3428   38.3487
   -7.5000  -37.5000   30.0000 9401.5420   38.2799
    0.0000  -37.5000   30.0000 9815.1318   38.3449
    7.5000  -37.5000   30.0000 9367.1709   38.3639
   -7.5000  -30.0000   30.000010159.9873   38.2800
    0.0000  -30.0000   30.000010554.6074   38.3600
    7.5000  -30.0000   30.000010107.6865   38.3886
   -7.5000  -22.5000   30.000010899.2119   38.2889
    0.0000  -22.5000   30.000011331.1807   38.3734
    7.5000  -22.5000   30.000010856.1309   38.4012
   -7.5000  -15.0000   30.000011602.7227   38.2968
    0.0000  -15.0000   30.000012072.0615   38.3686
    7.5000  -15.0000   30.000011553.2373   38.3837
   -7.5000   -7.5000   30.000012214.3213   38.2997
    0.0000   -7.5000   30.000012705.7939   38.3508
    7.5000   -7.5000   30.000012173.3359   38.3549
   -7.5000    0.0000   30.000012663.0225   38.2914
    0.0000    0.0000   30.000013173.3271   38.3402
    7.5000    0.0000   30.000012597.3447   38.3473
   -7.5000    7.5000   30.000012124.7939   38.2794
    0.0000    7.5000   30.000012601.3379   38.3442
    7.5000    7.5000   30.000012042.0107   38.3632
   -7.5000   15.0000   30.000011412.1436   38.2798
    0.0000   15.0000   30.000011867.2930   38.3599
    7.5000   15.0000   30.000011334.2520   38.3885
   -7.5000   22.5000   30.000010593.7256   38.2712
    0.0000   22.5000   30.000011019.0811   38.3557
    7.5000   22.5000   30.000010522.1748   38.3836
   -7.5000   30.0000   30.0000 9664.5146   37.8013
    0.0000   30.0000   30.000010071.7031   37.8722
    7.5000   30.0000   30.0000 9571.2324   37.8871
   -7.5000   37.5000   30.0000 9108.0742   37.8639
    0.0000   37.5000   30.0000 9491.9805   37.9155
    7.5000   37.5000   30.0000 9024.3203   37.9207
   -7.5000   45.0000   30.0000 8236.5664   37.2628
    0.0000   45.0000   30.0000 8565.0547   37.3120
    7.5000   45.0000   30.0000 8194.7041   37.3203
   -7.5000  -45.0000   37.5000 8581.2363   39.4376
    0.0000  -45.0000   37.5000 8985.1592   39.4863
    7.5000  -45.0000   37.5000 8559.7480   39.5032
   -7.5000  -37.5000   37.5000 9049.0928   39.3665
    0.0000  -37.5000   37.5000 9444.6074   39.4340
    7.5000  -37.5000   37.5000 9010.4268   39.4656
   -7.5000  -30.0000   37.5000 9798.6699   39.3448
    0.0000  -30.0000   37.500010195.2021   39.4255
    7.5000  -30.0000   37.5000 9735.7598   39.4579
   -7.5000  -22.5000   37.500010543.2012   39.3953
    0.0000  -22.5000   37.500010969.9385   39.4734
    7.5000  -22.5000   37.500010490.3428   39.4894
   -7.5000  -15.0000   37.500011188.9824   39.4632
    0.0000  -15.0000   37.500011658.8037   39.5230
    7.5000  -15.0000   37.500011161.3203   39.5198
   -7.5000   -7.5000   37.500011735.9668   39.4828
    0.0000   -7.5000   37.500012217.2285   39.5264
    7.5000   -7.5000   37.500011719.2979   39.5249
   -7.5000    0.0000   37.500012140.4648   39.4361
    0.0000    0.0000   37.500012666.9072   39.4848
    7.5000    0.0000   37.500012117.8779   39.5016
   -7.5000    7.5000   37.500011617.6982   39.3659
    0.0000    7.5000   37.500012111.8975   39.4334
    7.5000    7.5000   37.500011574.7520   39.4650
   -7.5000   15.0000   37.500010935.1865   39.3447
    0.0000   15.0000   37.500011380.6436   39.4254
    7.5000   15.0000   37.500010876.2061   39.4578
   -7.5000   22.5000   37.500010135.9541   39.3772
    0.0000   22.5000   37.500010540.1191   39.4552
    7.5000   22.5000   37.500010062.7129   39.4712
   -7.5000   30.0000   37.5000 9301.3301   38.9525
    0.0000   30.0000   37.5000 9647.4717   39.0116
    7.5000   30.0000   37.5000 9220.3945   39.0085
   -7.5000   37.5000   37.5000 8760.0039   39.0359
    0.0000   37.5000   37.5000 9065.2969   39.0799
    7.5000   37.5000   37.5000 8716.2666   39.0799
   -7.5000   45.0000   37.5000 7884.1846   38.3839
    0.0000   45.0000   37.5000 8173.8887   38.4330
    7.5000   45.0000   37.5000 7869.7642   38.4517
   -7.5000  -45.0000   45.0000 7938.4746   40.6732
    0.0000  -45.0000   45.0000 8320.4482   40.7057
    7.5000  -45.0000   45.0000 7916.1997   40.7370
   -7.5000  -37.5000   45.0000 8351.3008   40.5721
    0.0000  -37.5000   45.0000 8706.6104   40.6228
    7.5000  -37.5000   45.0000 8310.8125   40.6625
   -7.5000  -30.0000   45.0000 9038.1582   40.5532
    0.0000  -30.0000   45.0000 9418.6377   40.6184
    7.5000  -30.0000   45.0000 8983.4336   40.6465
   -7.5000  -22.5000   45.0000 9719.0322   40.6404
    0.0000  -22.5000   45.000010136.9443   40.7034
    7.5000  -22.5000   45.0000 9668.5752   40.7071
   -7.5000  -15.0000   45.000010284.2979   40.7406
    0.0000  -15.0000   45.000010734.1367   40.7852
    7.5000  -15.0000   45.000010270.2695   40.7755
   -7.5000   -7.5000   45.000010780.9893   40.7532
    0.0000   -7.5000   45.000011236.9180   40.7824
    7.5000   -7.5000   45.000010766.0254   40.7884
   -7.5000    0.0000   45.000011119.6572   40.6716
    0.0000    0.0000   45.000011596.1396   40.7041
    7.5000    0.0000   45.000011108.4453   40.7354
   -7.5000    7.5000   45.000010644.2188   40.5714
    0.0000    7.5000   45.000011103.5557   40.6221
    7.5000    7.5000   45.000010624.7627   40.6618
   -7.5000   15.0000   45.0000 9976.0752   40.5531
    0.0000   15.0000   45.000010411.2178   40.6183
    7.5000   15.0000   45.0000 9964.8594   40.6464
   -7.5000   22.5000   45.0000 9263.6348   40.6215
    0.0000   22.5000   45.0000 9651.9395   40.6845
    7.5000   22.5000   45.0000 9237.1553   40.6882
   -7.5000   30.0000   45.0000 8535.5801   40.2099
    0.0000   30.0000   45.0000 8901.5527   40.2540
    7.5000   30.0000   45.0000 8502.0986   40.2444
   -7.5000   37.5000   45.0000 8058.3862   40.2907
    0.0000   37.5000   45.0000 8411.6387   40.3199
    7.5000   37.5000   45.0000 8049.9688   40.3273
   -7.5000   45.0000   45.0000 7253.6680   39.6147
    0.0000   45.0000   45.0000 7549.1938   39.6480
    7.5000   45.0000   45.0000 7264.6128   39.6811

---------------------------------------------------------------------
imgreg_4dfp /opt/freesurfer/average/711-2C_as_mni_average_305 /opt/freesurfer/average/711-2B_as_mni_average_305_mask talsrcimg_g11 none talsrcimg_to_711-2C_as_mni_average_305_t4 4355
---------------------------------------------------------------------

freesurfer imgreg_4dfp.c
/opt/freesurfer/average/711-2C_as_mni_average_305.4dfp.img
       256       256       256         1
  1.000000  1.000000  1.000000
orientation T byte_order littleendian
Reading image: /opt/freesurfer/average/711-2C_as_mni_average_305.4dfp.img
dimensions:      256       256       256
mmppix:       1.0000   -1.0000   -1.0000
center:     128.0000 -129.0000 -129.0000
/opt/freesurfer/average/711-2B_as_mni_average_305_mask.4dfp.img
       256       256       256         1
  1.000000  1.000000  1.000000
orientation T byte_order littleendian
Reading mask: /opt/freesurfer/average/711-2B_as_mni_average_305_mask.4dfp.img (2306576 pixels)
talsrcimg_g11.4dfp.img
       256       256       256         1
  1.000000  1.000000  1.000000
orientation T byte_order littleendian
Reading image: talsrcimg_g11.4dfp.img
dimensions:      256       256       256
mmppix:       1.0000   -1.0000   -1.0000
center:     128.0000 -129.0000 -129.0000
rotation matrix determinant  1.000000
image alignment mode   4355 decimal     1103 hex
   -7.5000  -45.0000  -45.0000 2355.0054   37.3785
    0.0000  -45.0000  -45.0000 2376.5901   37.5993
    7.5000  -45.0000  -45.0000 2350.9011   37.7934
   -7.5000  -37.5000  -45.0000 2397.4995   35.1975
    0.0000  -37.5000  -45.0000 2412.0886   35.3537
    7.5000  -37.5000  -45.0000 2386.1152   35.6635
   -7.5000  -30.0000  -45.0000 2411.6287   33.5690
    0.0000  -30.0000  -45.0000 2432.5823   33.7066
    7.5000  -30.0000  -45.0000 2403.7102   34.0150
   -7.5000  -22.5000  -45.0000 2399.8921   32.2455
    0.0000  -22.5000  -45.0000 2423.4915   32.3367
    7.5000  -22.5000  -45.0000 2401.1082   32.6240
   -7.5000  -15.0000  -45.0000 2402.5107   31.4955
    0.0000  -15.0000  -45.0000 2432.4353   31.6035
    7.5000  -15.0000  -45.0000 2411.3828   31.9502
   -7.5000   -7.5000  -45.0000 2386.0708   31.4526
    0.0000   -7.5000  -45.0000 2410.3245   31.4430
    7.5000   -7.5000  -45.0000 2398.8530   31.8522
   -7.5000    0.0000  -45.0000 2355.3137   31.9539
    0.0000    0.0000  -45.0000 2376.0659   31.8877
    7.5000    0.0000  -45.0000 2355.7573   32.3174
   -7.5000    7.5000  -45.0000 2304.7810   32.9388
    0.0000    7.5000  -45.0000 2327.8533   32.9488
    7.5000    7.5000  -45.0000 2303.0344   33.3029
   -7.5000   15.0000  -45.0000 2231.8613   34.5034
    0.0000   15.0000  -45.0000 2258.3330   34.5793
    7.5000   15.0000  -45.0000 2234.0654   35.0204
   -7.5000   22.5000  -45.0000 2147.8101   36.9581
    0.0000   22.5000  -45.0000 2166.4229   36.9101
    7.5000   22.5000  -45.0000 2144.4470   37.3885
   -7.5000   30.0000  -45.0000 2025.5894   40.3140
    0.0000   30.0000  -45.0000 2042.7769   40.1704
    7.5000   30.0000  -45.0000 2022.4386   40.6871
   -7.5000   37.5000  -45.0000 1900.9314   44.6716
    0.0000   37.5000  -45.0000 1925.6913   44.4607
    7.5000   37.5000  -45.0000 1899.9351   45.1265
   -7.5000   45.0000  -45.0000 1750.9446   50.4269
    0.0000   45.0000  -45.0000 1762.0796   49.9904
    7.5000   45.0000  -45.0000 1748.0837   50.9226
   -7.5000  -45.0000  -37.5000 2426.4094   35.2683
    0.0000  -45.0000  -37.5000 2446.6260   35.4179
    7.5000  -45.0000  -37.5000 2416.6245   35.6558
   -7.5000  -37.5000  -37.5000 2464.6377   32.9949
    0.0000  -37.5000  -37.5000 2484.2698   33.0817
    7.5000  -37.5000  -37.5000 2457.4124   33.3134
   -7.5000  -30.0000  -37.5000 2486.8550   31.2073
    0.0000  -30.0000  -37.5000 2508.9602   31.3073
    7.5000  -30.0000  -37.5000 2482.4814   31.5681
   -7.5000  -22.5000  -37.5000 2486.6465   29.8173
    0.0000  -22.5000  -37.5000 2510.2300   29.9051
    7.5000  -22.5000  -37.5000 2486.8801   30.2390
   -7.5000  -15.0000  -37.5000 2481.6821   29.0682
    0.0000  -15.0000  -37.5000 2507.2837   29.1570
    7.5000  -15.0000  -37.5000 2490.8481   29.5126
   -7.5000   -7.5000  -37.5000 2472.1035   28.9853
    0.0000   -7.5000  -37.5000 2489.2148   28.9453
    7.5000   -7.5000  -37.5000 2475.3813   29.3803
   -7.5000    0.0000  -37.5000 2438.4832   29.4076
    0.0000    0.0000  -37.5000 2459.7339   29.3514
    7.5000    0.0000  -37.5000 2435.1758   29.7127
   -7.5000    7.5000  -37.5000 2384.2544   30.2849
    0.0000    7.5000  -37.5000 2410.2822   30.3045
    7.5000    7.5000  -37.5000 2383.7759   30.6593
   -7.5000   15.0000  -37.5000 2308.6904   31.8343
    0.0000   15.0000  -37.5000 2337.6880   31.8599
    7.5000   15.0000  -37.5000 2312.5601   32.2569
   -7.5000   22.5000  -37.5000 2218.6270   34.0599
    0.0000   22.5000  -37.5000 2246.1724   34.0075
    7.5000   22.5000  -37.5000 2220.3433   34.4335
   -7.5000   30.0000  -37.5000 2092.1157   37.1639
    0.0000   30.0000  -37.5000 2108.9783   37.0836
    7.5000   30.0000  -37.5000 2092.1187   37.5139
   -7.5000   37.5000  -37.5000 1953.0555   41.3152
    0.0000   37.5000  -37.5000 1974.5697   41.1489
    7.5000   37.5000  -37.5000 1955.3156   41.7267
   -7.5000   45.0000  -37.5000 1798.6415   46.6375
    0.0000   45.0000  -37.5000 1807.4989   46.4191
    7.5000   45.0000  -37.5000 1799.7776   47.0623
   -7.5000  -45.0000  -30.0000 2526.9541   34.4487
    0.0000  -45.0000  -30.0000 2547.0847   34.5403
    7.5000  -45.0000  -30.0000 2519.5208   34.8712
   -7.5000  -37.5000  -30.0000 2581.8499   32.0270
    0.0000  -37.5000  -30.0000 2605.7854   32.1050
    7.5000  -37.5000  -30.0000 2583.2588   32.4520
   -7.5000  -30.0000  -30.0000 2606.2715   30.1832
    0.0000  -30.0000  -30.0000 2628.3389   30.1646
    7.5000  -30.0000  -30.0000 2610.4883   30.5365
   -7.5000  -22.5000  -30.0000 2605.5071   28.5618
    0.0000  -22.5000  -30.0000 2629.8103   28.6391
    7.5000  -22.5000  -30.0000 2612.5730   28.9979
   -7.5000  -15.0000  -30.0000 2598.8374   27.7266
    0.0000  -15.0000  -30.0000 2619.1821   27.8208
    7.5000  -15.0000  -30.0000 2605.4644   28.2142
   -7.5000   -7.5000  -30.0000 2593.2122   27.6310
    0.0000   -7.5000  -30.0000 2613.6201   27.6344
    7.5000   -7.5000  -30.0000 2594.4980   28.0324
   -7.5000    0.0000  -30.0000 2561.4246   28.0491
    0.0000    0.0000  -30.0000 2587.6265   28.0096
    7.5000    0.0000  -30.0000 2557.6118   28.3615
   -7.5000    7.5000  -30.0000 2502.1543   29.0241
    0.0000    7.5000  -30.0000 2529.8799   28.9520
    7.5000    7.5000  -30.0000 2507.7913   29.3423
   -7.5000   15.0000  -30.0000 2411.8340   30.5285
    0.0000   15.0000  -30.0000 2435.0491   30.4496
    7.5000   15.0000  -30.0000 2416.0923   30.8667
   -7.5000   22.5000  -30.0000 2313.1848   32.7966
    0.0000   22.5000  -30.0000 2339.6133   32.6960
    7.5000   22.5000  -30.0000 2318.3262   33.0686
   -7.5000   30.0000  -30.0000 2186.4497   35.8556
    0.0000   30.0000  -30.0000 2209.4919   35.7731
    7.5000   30.0000  -30.0000 2190.1987   36.2098
   -7.5000   37.5000  -30.0000 2039.6843   39.9807
    0.0000   37.5000  -30.0000 2056.9685   39.8256
    7.5000   37.5000  -30.0000 2042.7229   40.3459
   -7.5000   45.0000  -30.0000 1873.2035   45.1935
    0.0000   45.0000  -30.0000 1880.3759   44.9041
    7.5000   45.0000  -30.0000 1874.8385   45.4468
   -7.5000  -45.0000  -22.5000 2598.3066   33.5410
    0.0000  -45.0000  -22.5000 2626.9172   33.6389
    7.5000  -45.0000  -22.5000 2605.7439   34.1577
   -7.5000  -37.5000  -22.5000 2665.4272   30.9792
    0.0000  -37.5000  -22.5000 2692.7185   31.0172
    7.5000  -37.5000  -22.5000 2676.4656   31.5483
   -7.5000  -30.0000  -22.5000 2703.5637   29.0582
    0.0000  -30.0000  -22.5000 2738.3967   29.0952
    7.5000  -30.0000  -22.5000 2714.5457   29.5310
   -7.5000  -22.5000  -22.5000 2690.5723   27.1798
    0.0000  -22.5000  -22.5000 2725.5730   27.2310
    7.5000  -22.5000  -22.5000 2701.8301   27.7141
   -7.5000  -15.0000  -22.5000 2685.2825   26.1895
    0.0000  -15.0000  -22.5000 2708.6589   26.2575
    7.5000  -15.0000  -22.5000 2693.9956   26.7597
   -7.5000   -7.5000  -22.5000 2679.0569   26.1171
    0.0000   -7.5000  -22.5000 2708.5144   26.0981
    7.5000   -7.5000  -22.5000 2686.2258   26.5449
   -7.5000    0.0000  -22.5000 2640.7422   26.5896
    0.0000    0.0000  -22.5000 2671.3562   26.5130
    7.5000    0.0000  -22.5000 2654.7529   26.9656
   -7.5000    7.5000  -22.5000 2577.7097   27.6367
    0.0000    7.5000  -22.5000 2604.3264   27.5218
    7.5000    7.5000  -22.5000 2592.1057   28.0118
   -7.5000   15.0000  -22.5000 2485.4912   29.1941
    0.0000   15.0000  -22.5000 2511.5928   29.0776
    7.5000   15.0000  -22.5000 2493.0708   29.5433
   -7.5000   22.5000  -22.5000 2386.8489   31.4699
    0.0000   22.5000  -22.5000 2410.9197   31.3449
    7.5000   22.5000  -22.5000 2397.7383   31.8533
   -7.5000   30.0000  -22.5000 2252.9319   34.5303
    0.0000   30.0000  -22.5000 2275.6382   34.3915
    7.5000   30.0000  -22.5000 2265.7053   34.9861
   -7.5000   37.5000  -22.5000 2094.1646   38.4668
    0.0000   37.5000  -22.5000 2112.0544   38.2784
    7.5000   37.5000  -22.5000 2103.6768   38.8199
   -7.5000   45.0000  -22.5000 1923.0232   43.4586
    0.0000   45.0000  -22.5000 1933.5236   43.1120
    7.5000   45.0000  -22.5000 1923.5107   43.7947
   -7.5000  -45.0000  -15.0000 2618.9219   32.9298
    0.0000  -45.0000  -15.0000 2650.7639   32.9942
    7.5000  -45.0000  -15.0000 2635.3586   33.6455
   -7.5000  -37.5000  -15.0000 2702.6770   30.1217
    0.0000  -37.5000  -15.0000 2733.8040   30.1352
    7.5000  -37.5000  -15.0000 2717.7852   30.8000
   -7.5000  -30.0000  -15.0000 2752.2576   27.9986
    0.0000  -30.0000  -15.0000 2793.1516   28.0799
    7.5000  -30.0000  -15.0000 2769.1611   28.6752
   -7.5000  -22.5000  -15.0000 2736.7363   25.9397
    0.0000  -22.5000  -15.0000 2786.3037   25.9808
    7.5000  -22.5000  -15.0000 2762.5813   26.7396
   -7.5000  -15.0000  -15.0000 2729.1304   24.7460
    0.0000  -15.0000  -15.0000 2762.2993   24.6681
    7.5000  -15.0000  -15.0000 2743.6831   25.4808
   -7.5000   -7.5000  -15.0000 2709.0090   24.6524
    0.0000   -7.5000  -15.0000 2748.9883   24.5935
    7.5000   -7.5000  -15.0000 2730.0437   25.2256
   -7.5000    0.0000  -15.0000 2669.2043   25.2524
    0.0000    0.0000  -15.0000 2706.0647   25.1184
    7.5000    0.0000  -15.0000 2703.6570   25.8001
   -7.5000    7.5000  -15.0000 2612.4458   26.4154
    0.0000    7.5000  -15.0000 2638.1968   26.1442
    7.5000    7.5000  -15.0000 2628.3696   26.8443
   -7.5000   15.0000  -15.0000 2522.0388   28.0699
    0.0000   15.0000  -15.0000 2548.0613   27.8214
    7.5000   15.0000  -15.0000 2536.1963   28.4924
   -7.5000   22.5000  -15.0000 2422.9736   30.3851
    0.0000   22.5000  -15.0000 2449.5771   30.1657
    7.5000   22.5000  -15.0000 2434.7671   30.8238
   -7.5000   30.0000  -15.0000 2289.9006   33.3441
    0.0000   30.0000  -15.0000 2313.0520   33.1780
    7.5000   30.0000  -15.0000 2294.1462   33.7061
   -7.5000   37.5000  -15.0000 2133.1067   37.1465
    0.0000   37.5000  -15.0000 2156.2473   36.9009
    7.5000   37.5000  -15.0000 2137.0122   37.4070
   -7.5000   45.0000  -15.0000 1951.6826   41.9673
    0.0000   45.0000  -15.0000 1977.5922   41.6100
    7.5000   45.0000  -15.0000 1961.2606   42.3176
   -7.5000  -45.0000   -7.5000 2607.0542   32.2803
    0.0000  -45.0000   -7.5000 2646.3096   32.4425
    7.5000  -45.0000   -7.5000 2624.7019   33.0756
   -7.5000  -37.5000   -7.5000 2702.5955   29.3709
    0.0000  -37.5000   -7.5000 2740.2617   29.4935
    7.5000  -37.5000   -7.5000 2716.1519   30.1289
   -7.5000  -30.0000   -7.5000 2774.7063   27.2195
    0.0000  -30.0000   -7.5000 2824.4893   27.4495
    7.5000  -30.0000   -7.5000 2797.3091   27.9543
   -7.5000  -22.5000   -7.5000 2758.7322   25.1189
    0.0000  -22.5000   -7.5000 2838.1125   25.3488
    7.5000  -22.5000   -7.5000 2818.8887   26.1893
   -7.5000  -15.0000   -7.5000 2713.2695   23.6523
    0.0000  -15.0000   -7.5000 2777.6360   23.6207
    7.5000  -15.0000   -7.5000 2760.2090   24.6844
   -7.5000   -7.5000   -7.5000 2689.7229   23.4827
    0.0000   -7.5000   -7.5000 2736.7080   23.3125
    7.5000   -7.5000   -7.5000 2723.8950   24.2422
   -7.5000    0.0000   -7.5000 2665.1165   24.1255
    0.0000    0.0000   -7.5000 2690.5676   23.8734
    7.5000    0.0000   -7.5000 2685.5300   24.6073
   -7.5000    7.5000   -7.5000 2619.4851   25.2742
    0.0000    7.5000   -7.5000 2649.6206   25.0919
    7.5000    7.5000   -7.5000 2635.4453   25.6703
   -7.5000   15.0000   -7.5000 2538.7578   27.0317
    0.0000   15.0000   -7.5000 2567.4639   26.9260
    7.5000   15.0000   -7.5000 2547.6616   27.4031
   -7.5000   22.5000   -7.5000 2446.7996   29.4014
    0.0000   22.5000   -7.5000 2473.0879   29.3399
    7.5000   22.5000   -7.5000 2447.0303   29.7107
   -7.5000   30.0000   -7.5000 2319.8982   32.4356
    0.0000   30.0000   -7.5000 2341.7366   32.3091
    7.5000   30.0000   -7.5000 2317.9463   32.7020
   -7.5000   37.5000   -7.5000 2157.2761   36.2589
    0.0000   37.5000   -7.5000 2182.0042   35.9860
    7.5000   37.5000   -7.5000 2164.0786   36.4721
   -7.5000   45.0000   -7.5000 1974.4614   40.9549
    0.0000   45.0000   -7.5000 1994.5273   40.5827
    7.5000   45.0000   -7.5000 1979.9434   41.2007
   -7.5000  -45.0000    0.0000 2582.3020   31.8415
    0.0000  -45.0000    0.0000 2614.7036   31.9630
    7.5000  -45.0000    0.0000 2604.3726   32.8295
   -7.5000  -37.5000    0.0000 2667.5725   28.8319
    0.0000  -37.5000    0.0000 2716.1194   29.0748
    7.5000  -37.5000    0.0000 2699.8354   29.7964
   -7.5000  -30.0000    0.0000 2734.6702   26.5764
    0.0000  -30.0000    0.0000 2821.1831   27.0925
    7.5000  -30.0000    0.0000 2787.4094   27.5649
   -7.5000  -22.5000    0.0000 2706.4141   24.6339
    0.0000  -22.5000    0.0000 2818.2522   25.1396
    7.5000  -22.5000    0.0000 2794.3967   25.9104
   -7.5000  -15.0000    0.0000 2664.6975   23.3029
    0.0000  -15.0000    0.0000 2703.2778   23.1604
    7.5000  -15.0000    0.0000 2718.7327   24.3918
   -7.5000   -7.5000    0.0000 2654.3494   22.9399
    0.0000   -7.5000    0.0000 2670.2148   22.5923
    7.5000   -7.5000    0.0000 2669.6655   23.5931
   -7.5000    0.0000    0.0000 2640.5950   23.3739
    0.0000    0.0000    0.0000 2662.2874   23.2031
    7.5000    0.0000    0.0000 2654.7751   23.8407
   -7.5000    7.5000    0.0000 2613.3843   24.6002
    0.0000    7.5000    0.0000 2628.1843   24.4479
    7.5000    7.5000    0.0000 2621.6436   24.9437
   -7.5000   15.0000    0.0000 2542.4910   26.4790
    0.0000   15.0000    0.0000 2561.3828   26.3257
    7.5000   15.0000    0.0000 2544.5413   26.7589
   -7.5000   22.5000    0.0000 2451.7583   28.9745
    0.0000   22.5000    0.0000 2482.1172   28.8347
    7.5000   22.5000    0.0000 2452.5015   29.2347
   -7.5000   30.0000    0.0000 2325.4446   32.1185
    0.0000   30.0000    0.0000 2346.8110   31.9445
    7.5000   30.0000    0.0000 2325.7180   32.3401
   -7.5000   37.5000    0.0000 2162.9583   35.8116
    0.0000   37.5000    0.0000 2191.0244   35.7315
    7.5000   37.5000    0.0000 2173.8208   36.0991
   -7.5000   45.0000    0.0000 1976.8475   40.1731
    0.0000   45.0000    0.0000 2003.5732   40.1666
    7.5000   45.0000    0.0000 1983.5483   40.6213
   -7.5000  -45.0000    7.5000 2524.5852   31.8568
    0.0000  -45.0000    7.5000 2567.8857   32.0353
    7.5000  -45.0000    7.5000 2557.8755   32.9563
   -7.5000  -37.5000    7.5000 2596.0449   28.8449
    0.0000  -37.5000    7.5000 2644.6230   29.0481
    7.5000  -37.5000    7.5000 2641.3435   29.9506
   -7.5000  -30.0000    7.5000 2621.6589   26.5333
    0.0000  -30.0000    7.5000 2698.9849   26.8936
    7.5000  -30.0000    7.5000 2693.5220   27.7208
   -7.5000  -22.5000    7.5000 2607.5286   24.3627
    0.0000  -22.5000    7.5000 2646.2268   24.3013
    7.5000  -22.5000    7.5000 2667.6638   25.5661
   -7.5000  -15.0000    7.5000 2635.1282   23.3197
    0.0000  -15.0000    7.5000 2649.6360   23.0756
    7.5000  -15.0000    7.5000 2650.7520   24.1898
   -7.5000   -7.5000    7.5000 2661.2283   23.2116
    0.0000   -7.5000    7.5000 2694.4878   23.2096
    7.5000   -7.5000    7.5000 2668.3328   23.8423
   -7.5000    0.0000    7.5000 2645.5452   23.7923
    0.0000    0.0000    7.5000 2675.9866   23.8604
    7.5000    0.0000    7.5000 2649.9485   24.2935
   -7.5000    7.5000    7.5000 2614.4390   24.9403
    0.0000    7.5000    7.5000 2633.4199   24.9318
    7.5000    7.5000    7.5000 2612.9502   25.2763
   -7.5000   15.0000    7.5000 2547.2703   26.7144
    0.0000   15.0000    7.5000 2566.8887   26.6620
    7.5000   15.0000    7.5000 2546.5513   26.9507
   -7.5000   22.5000    7.5000 2451.7817   29.0099
    0.0000   22.5000    7.5000 2485.4009   28.9840
    7.5000   22.5000    7.5000 2456.6548   29.2576
   -7.5000   30.0000    7.5000 2303.4426   31.9262
    0.0000   30.0000    7.5000 2333.3584   31.8777
    7.5000   30.0000    7.5000 2318.7292   32.1805
   -7.5000   37.5000    7.5000 2132.0579   35.5708
    0.0000   37.5000    7.5000 2155.0845   35.4174
    7.5000   37.5000    7.5000 2141.6956   35.8547
   -7.5000   45.0000    7.5000 1974.6101   40.2218
    0.0000   45.0000    7.5000 1991.3655   39.8122
    7.5000   45.0000    7.5000 1979.6361   40.4366
   -7.5000  -45.0000   15.0000 2430.6426   32.2079
    0.0000  -45.0000   15.0000 2467.0171   32.2064
    7.5000  -45.0000   15.0000 2480.6355   33.4229
   -7.5000  -37.5000   15.0000 2501.3040   29.3366
    0.0000  -37.5000   15.0000 2552.5254   29.3856
    7.5000  -37.5000   15.0000 2568.0381   30.5602
   -7.5000  -30.0000   15.0000 2533.1790   26.9184
    0.0000  -30.0000   15.0000 2582.5842   26.7520
    7.5000  -30.0000   15.0000 2587.5225   27.9885
   -7.5000  -22.5000   15.0000 2563.6096   24.8437
    0.0000  -22.5000   15.0000 2578.6973   24.4630
    7.5000  -22.5000   15.0000 2578.6394   25.7086
   -7.5000  -15.0000   15.0000 2624.3909   24.0059
    0.0000  -15.0000   15.0000 2657.1855   23.8060
    7.5000  -15.0000   15.0000 2633.9636   24.6851
   -7.5000   -7.5000   15.0000 2667.4595   24.0266
    0.0000   -7.5000   15.0000 2704.6614   23.9524
    7.5000   -7.5000   15.0000 2671.6423   24.5471
   -7.5000    0.0000   15.0000 2640.4004   24.7052
    0.0000    0.0000   15.0000 2668.8687   24.6422
    7.5000    0.0000   15.0000 2644.0349   25.0850
   -7.5000    7.5000   15.0000 2584.2375   25.8294
    0.0000    7.5000   15.0000 2606.0803   25.8003
    7.5000    7.5000   15.0000 2582.3923   26.1510
   -7.5000   15.0000   15.0000 2500.3972   27.4352
    0.0000   15.0000   15.0000 2529.1721   27.4805
    7.5000   15.0000   15.0000 2504.1824   27.7631
   -7.5000   22.5000   15.0000 2407.4653   29.5736
    0.0000   22.5000   15.0000 2435.9363   29.5860
    7.5000   22.5000   15.0000 2414.5349   29.8718
   -7.5000   30.0000   15.0000 2268.1072   32.3387
    0.0000   30.0000   15.0000 2285.2456   32.3128
    7.5000   30.0000   15.0000 2278.6074   32.6349
   -7.5000   37.5000   15.0000 2112.5806   35.9468
    0.0000   37.5000   15.0000 2123.0298   35.7924
    7.5000   37.5000   15.0000 2117.6892   36.1346
   -7.5000   45.0000   15.0000 1963.6510   40.3879
    0.0000   45.0000   15.0000 1984.1733   39.9813
    7.5000   45.0000   15.0000 1967.3779   40.4928
   -7.5000  -45.0000   22.5000 2371.4780   33.1982
    0.0000  -45.0000   22.5000 2404.1394   33.0890
    7.5000  -45.0000   22.5000 2411.8118   34.3990
   -7.5000  -37.5000   22.5000 2439.0078   30.0925
    0.0000  -37.5000   22.5000 2481.0549   29.9942
    7.5000  -37.5000   22.5000 2475.7153   31.1566
   -7.5000  -30.0000   22.5000 2475.2549   27.5619
    0.0000  -30.0000   22.5000 2488.7058   27.0464
    7.5000  -30.0000   22.5000 2492.9731   28.3272
   -7.5000  -22.5000   22.5000 2527.8105   25.7039
    0.0000  -22.5000   22.5000 2558.3796   25.4142
    7.5000  -22.5000   22.5000 2538.8250   26.4439
   -7.5000  -15.0000   22.5000 2599.0874   25.0932
    0.0000  -15.0000   22.5000 2630.7810   24.9966
    7.5000  -15.0000   22.5000 2607.1250   25.7430
   -7.5000   -7.5000   22.5000 2636.5051   25.1617
    0.0000   -7.5000   22.5000 2666.8289   25.0590
    7.5000   -7.5000   22.5000 2638.6536   25.6640
   -7.5000    0.0000   22.5000 2617.1345   25.7576
    0.0000    0.0000   22.5000 2644.7866   25.6992
    7.5000    0.0000   22.5000 2613.4846   26.1286
   -7.5000    7.5000   22.5000 2555.1577   26.9388
    0.0000    7.5000   22.5000 2581.0686   26.8449
    7.5000    7.5000   22.5000 2552.1968   27.1401
   -7.5000   15.0000   22.5000 2462.8110   28.5425
    0.0000   15.0000   22.5000 2492.1978   28.5209
    7.5000   15.0000   22.5000 2467.8381   28.7310
   -7.5000   22.5000   22.5000 2348.7593   30.5737
    0.0000   22.5000   22.5000 2374.3289   30.6188
    7.5000   22.5000   22.5000 2361.7119   30.7692
   -7.5000   30.0000   22.5000 2200.8511   33.0711
    0.0000   30.0000   22.5000 2215.8835   33.0523
    7.5000   30.0000   22.5000 2210.9116   33.3035
   -7.5000   37.5000   22.5000 2063.9895   36.4118
    0.0000   37.5000   22.5000 2082.2214   36.2779
    7.5000   37.5000   22.5000 2069.2820   36.7504
   -7.5000   45.0000   22.5000 1935.2533   40.8298
    0.0000   45.0000   22.5000 1958.8788   40.4478
    7.5000   45.0000   22.5000 1941.9730   41.1272
   -7.5000  -45.0000   30.0000 2294.8655   34.1916
    0.0000  -45.0000   30.0000 2325.8386   34.1032
    7.5000  -45.0000   30.0000 2319.6831   35.2185
   -7.5000  -37.5000   30.0000 2359.2219   30.9762
    0.0000  -37.5000   30.0000 2378.9348   30.6017
    7.5000  -37.5000   30.0000 2376.9895   31.7477
   -7.5000  -30.0000   30.0000 2409.3811   28.4515
    0.0000  -30.0000   30.0000 2433.5144   28.0101
    7.5000  -30.0000   30.0000 2418.5674   29.1084
   -7.5000  -22.5000   30.0000 2491.5186   26.9249
    0.0000  -22.5000   30.0000 2515.0269   26.7314
    7.5000  -22.5000   30.0000 2493.1357   27.6182
   -7.5000  -15.0000   30.0000 2548.9041   26.4900
    0.0000  -15.0000   30.0000 2575.3396   26.3613
    7.5000  -15.0000   30.0000 2550.0491   27.0453
   -7.5000   -7.5000   30.0000 2571.6274   26.5175
    0.0000   -7.5000   30.0000 2600.7693   26.3729
    7.5000   -7.5000   30.0000 2578.4490   26.9746
   -7.5000    0.0000   30.0000 2546.4822   27.0379
    0.0000    0.0000   30.0000 2576.8569   26.9043
    7.5000    0.0000   30.0000 2550.1704   27.4019
   -7.5000    7.5000   30.0000 2487.8833   28.0681
    0.0000    7.5000   30.0000 2511.6248   27.9647
    7.5000    7.5000   30.0000 2491.4062   28.3721
   -7.5000   15.0000   30.0000 2393.7268   29.4971
    0.0000   15.0000   30.0000 2419.3228   29.4703
    7.5000   15.0000   30.0000 2406.4331   29.8514
   -7.5000   22.5000   30.0000 2271.6516   31.5719
    0.0000   22.5000   30.0000 2301.3787   31.6077
    7.5000   22.5000   30.0000 2290.5710   31.9488
   -7.5000   30.0000   30.0000 2129.4136   34.1512
    0.0000   30.0000   30.0000 2151.9692   34.1274
    7.5000   30.0000   30.0000 2133.5291   34.4571
   -7.5000   37.5000   30.0000 2018.0325   37.4894
    0.0000   37.5000   30.0000 2028.6184   37.3163
    7.5000   37.5000   30.0000 2010.3536   37.6954
   -7.5000   45.0000   30.0000 1898.5872   41.8465
    0.0000   45.0000   30.0000 1906.4794   41.4307
    7.5000   45.0000   30.0000 1894.4417   41.9342
   -7.5000  -45.0000   37.5000 2235.9731   35.5420
    0.0000  -45.0000   37.5000 2261.4656   35.3221
    7.5000  -45.0000   37.5000 2242.2900   36.2943
   -7.5000  -37.5000   37.5000 2285.4810   32.1782
    0.0000  -37.5000   37.5000 2303.9036   31.7123
    7.5000  -37.5000   37.5000 2294.5322   32.8760
   -7.5000  -30.0000   37.5000 2362.2795   29.7694
    0.0000  -30.0000   37.5000 2385.6067   29.4752
    7.5000  -30.0000   37.5000 2358.3511   30.3803
   -7.5000  -22.5000   37.5000 2449.0940   28.4966
    0.0000  -22.5000   37.5000 2470.7131   28.2952
    7.5000  -22.5000   37.5000 2446.1531   29.0504
   -7.5000  -15.0000   37.5000 2488.1311   28.1026
    0.0000  -15.0000   37.5000 2519.7959   27.9150
    7.5000  -15.0000   37.5000 2497.9133   28.5090
   -7.5000   -7.5000   37.5000 2495.5452   28.1271
    0.0000   -7.5000   37.5000 2524.5120   27.9640
    7.5000   -7.5000   37.5000 2509.0752   28.5332
   -7.5000    0.0000   37.5000 2468.2371   28.4791
    0.0000    0.0000   37.5000 2506.0081   28.3516
    7.5000    0.0000   37.5000 2481.9753   28.8503
   -7.5000    7.5000   37.5000 2411.3560   29.2917
    0.0000    7.5000   37.5000 2444.2029   29.1589
    7.5000    7.5000   37.5000 2423.5227   29.6240
   -7.5000   15.0000   37.5000 2320.4104   30.6661
    0.0000   15.0000   37.5000 2343.2737   30.5981
    7.5000   15.0000   37.5000 2328.3984   30.9419
   -7.5000   22.5000   37.5000 2201.9883   32.7952
    0.0000   22.5000   37.5000 2219.8613   32.8154
    7.5000   22.5000   37.5000 2204.3467   33.0639
   -7.5000   30.0000   37.5000 2074.5344   35.4546
    0.0000   30.0000   37.5000 2088.3359   35.4289
    7.5000   30.0000   37.5000 2075.8628   35.7173
   -7.5000   37.5000   37.5000 1960.0513   38.9094
    0.0000   37.5000   37.5000 1971.0012   38.6832
    7.5000   37.5000   37.5000 1967.1742   39.1828
   -7.5000   45.0000   37.5000 1830.5653   43.1781
    0.0000   45.0000   37.5000 1843.7773   42.7254
    7.5000   45.0000   37.5000 1838.3215   43.4311
   -7.5000  -45.0000   45.0000 2148.0186   37.1445
    0.0000  -45.0000   45.0000 2177.3362   36.8495
    7.5000  -45.0000   45.0000 2159.1846   37.8016
   -7.5000  -37.5000   45.0000 2216.9177   33.7581
    0.0000  -37.5000   45.0000 2238.1956   33.4013
    7.5000  -37.5000   45.0000 2218.5410   34.3208
   -7.5000  -30.0000   45.0000 2298.7349   31.4609
    0.0000  -30.0000   45.0000 2318.3689   31.3179
    7.5000  -30.0000   45.0000 2289.7559   32.0092
   -7.5000  -22.5000   45.0000 2374.1892   30.3699
    0.0000  -22.5000   45.0000 2398.7856   30.1918
    7.5000  -22.5000   45.0000 2367.7798   30.8136
   -7.5000  -15.0000   45.0000 2401.8208   29.8940
    0.0000  -15.0000   45.0000 2433.8718   29.7549
    7.5000  -15.0000   45.0000 2413.0664   30.2530
   -7.5000   -7.5000   45.0000 2398.5457   29.9266
    0.0000   -7.5000   45.0000 2428.7505   29.7974
    7.5000   -7.5000   45.0000 2413.9758   30.2932
   -7.5000    0.0000   45.0000 2359.5005   30.2503
    0.0000    0.0000   45.0000 2393.5620   30.1248
    7.5000    0.0000   45.0000 2376.7183   30.5511
   -7.5000    7.5000   45.0000 2313.4587   30.8738
    0.0000    7.5000   45.0000 2346.5408   30.7232
    7.5000    7.5000   45.0000 2329.9326   31.1290
   -7.5000   15.0000   45.0000 2221.5354   32.1710
    0.0000   15.0000   45.0000 2250.3184   32.0565
    7.5000   15.0000   45.0000 2236.4902   32.3205
   -7.5000   22.5000   45.0000 2114.8347   34.2573
    0.0000   22.5000   45.0000 2134.6609   34.1951
    7.5000   22.5000   45.0000 2123.7085   34.4911
   -7.5000   30.0000   45.0000 2003.4803   37.0302
    0.0000   30.0000   45.0000 2021.6752   36.8773
    7.5000   30.0000   45.0000 2007.1799   37.2013
   -7.5000   37.5000   45.0000 1889.5106   40.4390
    0.0000   37.5000   45.0000 1908.6970   40.1775
    7.5000   37.5000   45.0000 1895.6086   40.5955
   -7.5000   45.0000   45.0000 1751.8048   44.7870
    0.0000   45.0000   45.0000 1769.4729   44.5149
    7.5000   45.0000   45.0000 1758.6750   45.0262

---------------------------------------------------------------------
imgreg_4dfp /opt/freesurfer/average/711-2C_as_mni_average_305 /opt/freesurfer/average/711-2B_as_mni_average_305_mask talsrcimg_g11 none talsrcimg_to_711-2C_as_mni_average_305_t4 1283
---------------------------------------------------------------------

freesurfer imgreg_4dfp.c
/opt/freesurfer/average/711-2C_as_mni_average_305.4dfp.img
       256       256       256         1
  1.000000  1.000000  1.000000
orientation T byte_order littleendian
Reading image: /opt/freesurfer/average/711-2C_as_mni_average_305.4dfp.img
dimensions:      256       256       256
mmppix:       1.0000   -1.0000   -1.0000
center:     128.0000 -129.0000 -129.0000
/opt/freesurfer/average/711-2B_as_mni_average_305_mask.4dfp.img
       256       256       256         1
  1.000000  1.000000  1.000000
orientation T byte_order littleendian
Reading mask: /opt/freesurfer/average/711-2B_as_mni_average_305_mask.4dfp.img (2306576 pixels)
talsrcimg_g11.4dfp.img
       256       256       256         1
  1.000000  1.000000  1.000000
orientation T byte_order littleendian
Reading image: talsrcimg_g11.4dfp.img
dimensions:      256       256       256
mmppix:       1.0000   -1.0000   -1.0000
center:     128.0000 -129.0000 -129.0000
rotation matrix determinant  1.000000
fimgreg.f
image alignment mode   1283 decimal      503 hex
parameters
    0.0000  -22.5000   -7.5000    0.0000    0.0000    0.0000
eta,q 0.89065 25.45900
niter,ni,del,rscale     5    3   12.0000    1.2000
parameter  3 -1.195431 -> -0.500000 qaram    1.1500
parameter  4  1.691719 ->  0.500000 qaram    1.1500
parameters
    2.3364  -23.9004   -4.0500   -3.4500   -0.9114    2.0708
eta,q 0.90809 26.28018
  0.1270  0.1124  0.1174  0.0923  0.0970  0.0976
  0.1185  0.1069  0.1129  0.0927  0.0948  0.0954
  0.1099  0.1029  0.1088  0.0939  0.0930  0.0937
  0.1052  0.1035  0.1027  0.0970  0.0930  0.0928
  0.1039  0.1081  0.0978  0.1002  0.0944  0.0919
  0.1048  0.1173  0.0966  0.1038  0.0971  0.0921
  0.1083  0.1273  0.0974  0.1059  0.1003  0.0938
niter,ni,del,rscale     6    3   12.0000    1.2000
parameter  4  0.607556 ->  0.500000 qaram    1.3225
parameters
    2.1259  -23.5054   -5.0803   -7.4175   -0.0003    1.1971
eta,q 0.90817 26.67685
  0.1119  0.1139  0.1087  0.0917  0.0978  0.0933
  0.1000  0.1056  0.1034  0.0920  0.0962  0.0922
  0.0935  0.0972  0.0962  0.0925  0.0942  0.0919
  0.0919  0.0918  0.0916  0.0929  0.0922  0.0919
  0.0957  0.0944  0.0929  0.0954  0.0921  0.0922
  0.1040  0.1025  0.1066  0.1000  0.0937  0.0930
  0.1130  0.1093  0.1372  0.1049  0.0959  0.0945
niter,ni,del,rscale     6    3   12.0000    1.2000
parameters
    1.9693  -22.5829   -5.7432   -9.6461   -0.1011    1.4660
eta,q 0.90930 26.80790
  0.1074  0.1136  0.1073  0.0940  0.0954  0.0941
  0.0982  0.1070  0.1001  0.0922  0.0937  0.0922
  0.0936  0.0995  0.0954  0.0909  0.0914  0.0908
  0.0918  0.0919  0.0899  0.0912  0.0907  0.0906
  0.0933  0.0902  0.0887  0.0935  0.0914  0.0915
  0.1000  0.0973  0.0975  0.0962  0.0936  0.0925
  0.1090  0.1064  0.1284  0.1012  0.0960  0.0929
niter,ni,del,rscale     5    3   12.0000    1.2000
parameters
    2.0305  -22.1775   -5.8102  -10.5879   -0.1626    1.7686
eta,q 0.90934 26.78689
  0.1070  0.1130  0.1114  0.0948  0.0954  0.0940
  0.0982  0.1044  0.1029  0.0926  0.0933  0.0922
  0.0930  0.0964  0.0967  0.0914  0.0912  0.0909
  0.0907  0.0907  0.0901  0.0903  0.0906  0.0906
  0.0912  0.0914  0.0874  0.0914  0.0914  0.0914
  0.0972  0.0996  0.0937  0.0943  0.0933  0.0924
  0.1072  0.1095  0.1223  0.0979  0.0956  0.0928
niter,ni,del,rscale     4    3   12.0000    1.2000
parameters
    2.1232  -22.0301   -5.8121  -10.8479   -0.1845    2.1268
eta,q 0.90939 26.76253
  0.1070  0.1115  0.1122  0.0956  0.0955  0.0939
  0.0985  0.1027  0.1039  0.0925  0.0933  0.0919
  0.0932  0.0953  0.0974  0.0915  0.0912  0.0909
  0.0907  0.0906  0.0905  0.0905  0.0906  0.0906
  0.0910  0.0925  0.0874  0.0907  0.0914  0.0912
  0.0968  0.1006  0.0937  0.0931  0.0933  0.0922
  0.1073  0.1108  0.1224  0.0966  0.0955  0.0926
niter,ni,del,rscale     3    3   12.0000    1.2000
parameters
    2.2240  -21.9785   -5.8141  -10.8836   -0.1901    2.4567
eta,q 0.90945 26.75667
  0.1071  0.1108  0.1124  0.0958  0.0956  0.0937
  0.0987  0.1021  0.1042  0.0924  0.0934  0.0918
  0.0934  0.0947  0.0976  0.0914  0.0913  0.0908
  0.0906  0.0905  0.0905  0.0905  0.0905  0.0905
  0.0909  0.0929  0.0875  0.0905  0.0914  0.0912
  0.0968  0.1008  0.0938  0.0927  0.0934  0.0921
  0.1075  0.1112  0.1227  0.0961  0.0956  0.0925
niter,ni,del,rscale     2    3   12.0000    1.2000
parameters
    2.3089  -21.9654   -5.8031  -10.8716   -0.1993    2.6415
eta,q 0.90954 26.75931
  0.1072  0.1107  0.1125  0.0958  0.0956  0.0935
  0.0987  0.1018  0.1044  0.0923  0.0934  0.0916
  0.0935  0.0945  0.0977  0.0912  0.0912  0.0906
  0.0906  0.0905  0.0905  0.0904  0.0904  0.0904
  0.0908  0.0930  0.0874  0.0905  0.0913  0.0912
  0.0969  0.1010  0.0938  0.0924  0.0934  0.0920
  0.1078  0.1114  0.1227  0.0959  0.0957  0.0925
niter,ni,del,rscale     1    3   12.0000    1.2000
parameters
    2.3587  -21.9644   -5.7935  -10.8554   -0.1993    2.7371
eta,q 0.90959 26.76276
  0.1071  0.1106  0.1125  0.0958  0.0957  0.0934
  0.0986  0.1018  0.1044  0.0922  0.0934  0.0915
  0.0935  0.0944  0.0977  0.0911  0.0912  0.0904
  0.0905  0.0904  0.0904  0.0904  0.0904  0.0904
  0.0908  0.0930  0.0874  0.0905  0.0913  0.0912
  0.0971  0.1011  0.0939  0.0923  0.0934  0.0920
  0.1081  0.1115  0.1227  0.0958  0.0957  0.0926
registration optimization eta report
parameter search radius
    6.0000    6.0000    6.9000    7.9350    6.0000    6.0000
100000*second partial in parameter space
       48.       56.       58.        9.       14.        7.
  0.1071  0.1106  0.1125  0.0958  0.0957  0.0934
  0.0986  0.1018  0.1044  0.0922  0.0934  0.0915
  0.0935  0.0944  0.0977  0.0911  0.0912  0.0904
  0.0905  0.0904  0.0904  0.0904  0.0904  0.0904
  0.0908  0.0930  0.0874  0.0905  0.0913  0.0912
  0.0971  0.1011  0.0939  0.0923  0.0934  0.0920
  0.1081  0.1115  0.1227  0.0958  0.0957  0.0926
    2.3587  -21.9644   -5.7935  -10.8554   -0.1993    2.7371
eta,q 0.90959 26.76276

---------------------------------------------------------------------
imgreg_4dfp /opt/freesurfer/average/711-2C_as_mni_average_305 /opt/freesurfer/average/711-2B_as_mni_average_305_mask talsrcimg_g11 none talsrcimg_to_711-2C_as_mni_average_305_t4 3335
---------------------------------------------------------------------

freesurfer imgreg_4dfp.c
/opt/freesurfer/average/711-2C_as_mni_average_305.4dfp.img
       256       256       256         1
  1.000000  1.000000  1.000000
orientation T byte_order littleendian
Reading image: /opt/freesurfer/average/711-2C_as_mni_average_305.4dfp.img
dimensions:      256       256       256
mmppix:       1.0000   -1.0000   -1.0000
center:     128.0000 -129.0000 -129.0000
/opt/freesurfer/average/711-2B_as_mni_average_305_mask.4dfp.img
       256       256       256         1
  1.000000  1.000000  1.000000
orientation T byte_order littleendian
Reading mask: /opt/freesurfer/average/711-2B_as_mni_average_305_mask.4dfp.img (2306576 pixels)
talsrcimg_g11.4dfp.img
       256       256       256         1
  1.000000  1.000000  1.000000
orientation T byte_order littleendian
Reading image: talsrcimg_g11.4dfp.img
dimensions:      256       256       256
mmppix:       1.0000   -1.0000   -1.0000
center:     128.0000 -129.0000 -129.0000
fimgreg.f
image alignment mode   3335 decimal      D07 hex
parameters
    2.3587  -21.9644   -5.7935   -0.1147   -1.9046   -1.7900
   -4.7553   -0.5581    4.7752   18.8280   -0.3479  -18.8330
eta,q 0.90573 26.63355
niter,ni,del,rscale     5    3    5.0000    1.2000
parameter  4  1.274350 ->  0.500000 qaram    1.1500
parameter  5  0.598973 ->  0.500000 qaram    1.1500
parameter  6  0.862042 ->  0.500000 qaram    1.1500
parameter  9  0.744507 ->  0.500000 qaram    1.1500
parameter 10  1.906085 ->  0.500000 qaram    1.1500
parameter 12  0.687339 ->  0.500000 qaram    1.1500
parameters
    1.3424  -21.3141   -4.9787   -4.2547   -6.0446   -5.9300
   -5.3522   -3.3285    0.6352   14.6880    1.3659  -22.9730
eta,q 0.92588 26.81005
  0.0947  0.1006  0.0971  0.0864  0.0855  0.0774  0.0805  0.0801  0.0781  0.0727  0.0761  0.0745
  0.0939  0.0978  0.0954  0.0878  0.0852  0.0788  0.0796  0.0790  0.0781  0.0744  0.0756  0.0741
  0.0938  0.0954  0.0941  0.0898  0.0856  0.0806  0.0793  0.0786  0.0783  0.0761  0.0752  0.0743
  0.0943  0.0937  0.0932  0.0927  0.0882  0.0852  0.0792  0.0792  0.0787  0.0781  0.0748  0.0747
  0.0954  0.0932  0.0927  0.0968  0.0949  0.0901  0.0794  0.0806  0.0792  0.0804  0.0747  0.0753
  0.0971  0.0940  0.0929  0.1017  0.1056  0.0985  0.0799  0.0829  0.0801  0.0832  0.0748  0.0759
  0.0992  0.0961  0.0941  0.1073  0.1181  0.1103  0.0811  0.0856  0.0814  0.0872  0.0754  0.0766
niter,ni,del,rscale     7    3    5.0000    1.2000
parameter  2 -4.186462 -> -0.500000 qaram    1.1500
parameter  3 -1.468596 -> -0.500000 qaram    1.1500
parameter  7 -1.236569 -> -0.500000 qaram    1.1500
parameter  8 -0.653517 -> -0.500000 qaram    1.1500
parameter 10  1.147614 ->  0.500000 qaram    1.3225
parameters
    1.0986  -19.9341   -3.5987   -6.4029   -9.0676   -8.2649
   -1.2122    0.8115    2.4391    9.9270    2.7030  -23.5224
eta,q 0.93786 26.56748
  0.0758  0.0850  0.0767  0.0679  0.0673  0.0704  0.0706  0.0725  0.0660  0.0612  0.0631  0.0641
  0.0746  0.0813  0.0735  0.0669  0.0669  0.0692  0.0692  0.0699  0.0655  0.0620  0.0628  0.0623
  0.0741  0.0777  0.0708  0.0661  0.0663  0.0676  0.0682  0.0678  0.0651  0.0633  0.0625  0.0620
  0.0741  0.0741  0.0685  0.0657  0.0659  0.0663  0.0673  0.0662  0.0649  0.0648  0.0623  0.0622
  0.0745  0.0707  0.0667  0.0666  0.0679  0.0683  0.0666  0.0652  0.0648  0.0669  0.0622  0.0627
  0.0753  0.0678  0.0654  0.0699  0.0763  0.0761  0.0661  0.0649  0.0649  0.0698  0.0623  0.0633
  0.0764  0.0655  0.0645  0.0758  0.0908  0.0878  0.0659  0.0655  0.0654  0.0736  0.0628  0.0640
niter,ni,del,rscale     7    3    5.0000    1.2000
parameter  2 -3.347864 -> -0.500000 qaram    1.3225
parameter  3 -0.510379 -> -0.500000 qaram    1.3225
parameter 10  0.650406 ->  0.500000 qaram    1.5209
parameters
    1.0373  -18.3471   -2.0117   -6.7941  -11.7248   -9.0252
    2.3597    1.4744    0.0202    4.4518    0.4754  -22.9856
eta,q 0.94472 26.01500
  0.0643  0.0729  0.0599  0.0600  0.0585  0.0610  0.0618  0.0618  0.0575  0.0559  0.0555  0.0582
  0.0630  0.0693  0.0583  0.0585  0.0580  0.0597  0.0601  0.0595  0.0569  0.0552  0.0553  0.0559
  0.0623  0.0657  0.0574  0.0572  0.0571  0.0583  0.0586  0.0577  0.0566  0.0556  0.0552  0.0551
  0.0621  0.0621  0.0568  0.0565  0.0566  0.0571  0.0574  0.0568  0.0566  0.0566  0.0552  0.0552
  0.0625  0.0589  0.0566  0.0566  0.0579  0.0559  0.0568  0.0566  0.0572  0.0581  0.0554  0.0556
  0.0632  0.0562  0.0565  0.0582  0.0639  0.0582  0.0569  0.0578  0.0585  0.0602  0.0558  0.0562
  0.0644  0.0542  0.0567  0.0616  0.0759  0.0671  0.0579  0.0610  0.0603  0.0626  0.0566  0.0568
niter,ni,del,rscale     7    3    5.0000    1.2000
parameter  2 -1.377038 -> -0.500000 qaram    1.5209
parameter 12  0.562935 ->  0.500000 qaram    1.3225
parameters
    0.6409  -16.5221   -0.6654   -7.5127  -14.6651  -10.0080
    3.0116    1.9842   -2.0277    5.0861   -0.6723  -27.7466
eta,q 0.94938 25.57704
  0.0569  0.0665  0.0554  0.0538  0.0526  0.0540  0.0548  0.0554  0.0522  0.0573  0.0515  0.0510
  0.0558  0.0626  0.0532  0.0523  0.0517  0.0529  0.0530  0.0534  0.0514  0.0526  0.0513  0.0506
  0.0553  0.0587  0.0517  0.0511  0.0508  0.0518  0.0518  0.0520  0.0510  0.0510  0.0511  0.0507
  0.0553  0.0552  0.0509  0.0505  0.0506  0.0509  0.0512  0.0511  0.0511  0.0510  0.0511  0.0510
  0.0558  0.0524  0.0506  0.0509  0.0529  0.0502  0.0513  0.0513  0.0517  0.0517  0.0512  0.0515
  0.0569  0.0505  0.0506  0.0526  0.0603  0.0523  0.0523  0.0524  0.0529  0.0532  0.0515  0.0522
  0.0585  0.0501  0.0511  0.0561  0.0720  0.0596  0.0539  0.0548  0.0546  0.0549  0.0520  0.0528
niter,ni,del,rscale     7    3    5.0000    1.2000
parameter  2 -0.739416 -> -0.500000 qaram    1.7490
parameters
    0.7818  -14.4233   -0.0412   -7.5781  -17.0574  -11.0220
    3.4225    1.6308   -2.7047    6.9477   -2.1499  -26.9278
eta,q 0.95101 25.14163
  0.0536  0.0622  0.0517  0.0514  0.0513  0.0522  0.0522  0.0523  0.0506  0.0577  0.0493  0.0509
  0.0521  0.0579  0.0494  0.0496  0.0499  0.0508  0.0503  0.0504  0.0495  0.0514  0.0491  0.0492
  0.0511  0.0540  0.0481  0.0483  0.0484  0.0495  0.0492  0.0492  0.0488  0.0489  0.0490  0.0489
  0.0506  0.0506  0.0475  0.0474  0.0474  0.0482  0.0487  0.0487  0.0487  0.0487  0.0490  0.0490
  0.0508  0.0482  0.0475  0.0475  0.0494  0.0476  0.0489  0.0491  0.0490  0.0494  0.0491  0.0491
  0.0516  0.0475  0.0480  0.0489  0.0569  0.0504  0.0499  0.0506  0.0499  0.0505  0.0494  0.0494
  0.0530  0.0487  0.0492  0.0523  0.0685  0.0590  0.0516  0.0533  0.0514  0.0517  0.0499  0.0499
niter,ni,del,rscale     7    3    5.0000    1.2000
parameter 12 -0.549641 -> -0.500000 qaram    1.5209
parameters
    0.7094  -12.5970   -0.0951   -7.0194  -18.5196  -10.9496
    3.1067    1.6083   -2.9848   10.5813   -3.2987  -21.4527
eta,q 0.95182 24.83452
  0.0514  0.0581  0.0488  0.0520  0.0525  0.0528  0.0516  0.0527  0.0503  0.0552  0.0491  0.0492
  0.0501  0.0541  0.0482  0.0503  0.0511  0.0516  0.0497  0.0501  0.0492  0.0502  0.0485  0.0486
  0.0493  0.0511  0.0479  0.0489  0.0493  0.0501  0.0487  0.0488  0.0486  0.0486  0.0483  0.0485
  0.0490  0.0490  0.0478  0.0478  0.0476  0.0485  0.0484  0.0484  0.0484  0.0484  0.0484  0.0483
  0.0493  0.0479  0.0477  0.0474  0.0476  0.0468  0.0489  0.0488  0.0487  0.0484  0.0486  0.0482
  0.0503  0.0480  0.0481  0.0485  0.0526  0.0479  0.0501  0.0502  0.0494  0.0484  0.0490  0.0482
  0.0518  0.0498  0.0491  0.0520  0.0638  0.0560  0.0520  0.0527  0.0506  0.0488  0.0495  0.0482
niter,ni,del,rscale     7    3    5.0000    1.2000
parameters
    0.7226  -11.1119   -0.7963   -7.6422  -19.9334  -11.3783
    2.5768    2.0787   -3.4072   12.6145   -3.3256  -17.9155
eta,q 0.95239 24.48758
  0.0511  0.0555  0.0481  0.0511  0.0522  0.0526  0.0513  0.0533  0.0503  0.0517  0.0487  0.0487
  0.0494  0.0525  0.0477  0.0496  0.0508  0.0515  0.0496  0.0504  0.0491  0.0507  0.0480  0.0484
  0.0485  0.0501  0.0473  0.0482  0.0491  0.0500  0.0487  0.0490  0.0486  0.0497  0.0478  0.0481
  0.0482  0.0482  0.0470  0.0472  0.0474  0.0482  0.0485  0.0485  0.0485  0.0485  0.0478  0.0478
  0.0485  0.0470  0.0471  0.0470  0.0472  0.0466  0.0490  0.0488  0.0487  0.0473  0.0479  0.0476
  0.0494  0.0472  0.0484  0.0492  0.0519  0.0489  0.0502  0.0500  0.0494  0.0472  0.0482  0.0477
  0.0509  0.0499  0.0516  0.0544  0.0637  0.0579  0.0521  0.0521  0.0507  0.0512  0.0486  0.0481
niter,ni,del,rscale     6    3    5.0000    1.2000
parameters
    0.8872  -10.8176   -1.4448   -7.6764  -21.1846  -11.7932
    2.3787    2.1747   -3.6378   12.2556   -4.4005  -15.1759
eta,q 0.95162 24.29517
  0.0507  0.0550  0.0482  0.0511  0.0522  0.0522  0.0512  0.0527  0.0504  0.0523  0.0488  0.0494
  0.0490  0.0520  0.0479  0.0498  0.0507  0.0511  0.0495  0.0501  0.0491  0.0512  0.0486  0.0491
  0.0480  0.0495  0.0476  0.0485  0.0490  0.0498  0.0487  0.0488  0.0485  0.0499  0.0485  0.0488
  0.0476  0.0476  0.0473  0.0475  0.0475  0.0481  0.0484  0.0484  0.0484  0.0484  0.0485  0.0485
  0.0478  0.0469  0.0474  0.0470  0.0470  0.0466  0.0487  0.0488  0.0487  0.0474  0.0486  0.0484
  0.0486  0.0486  0.0483  0.0483  0.0510  0.0488  0.0497  0.0501  0.0493  0.0486  0.0488  0.0485
  0.0499  0.0549  0.0510  0.0526  0.0621  0.0570  0.0514  0.0524  0.0506  0.0560  0.0491  0.0490
niter,ni,del,rscale     5    3    5.0000    1.2000
parameters
    1.0360  -10.2463   -1.6858   -7.9902  -22.3657  -12.1221
    2.3400    2.4202   -3.5331   12.1772   -5.1055  -14.4666
eta,q 0.95115 24.11470
  0.0511  0.0557  0.0489  0.0511  0.0530  0.0524  0.0517  0.0531  0.0510  0.0534  0.0492  0.0499
  0.0496  0.0527  0.0485  0.0500  0.0514  0.0514  0.0500  0.0505  0.0496  0.0522  0.0489  0.0495
  0.0487  0.0502  0.0481  0.0489  0.0496  0.0501  0.0491  0.0493  0.0490  0.0506  0.0489  0.0492
  0.0484  0.0484  0.0479  0.0479  0.0480  0.0487  0.0489  0.0489  0.0489  0.0489  0.0489  0.0489
  0.0485  0.0475  0.0478  0.0475  0.0475  0.0472  0.0491  0.0492  0.0491  0.0477  0.0490  0.0489
  0.0492  0.0486  0.0482  0.0490  0.0515  0.0489  0.0501  0.0504  0.0497  0.0489  0.0491  0.0491
  0.0505  0.0538  0.0499  0.0534  0.0626  0.0565  0.0516  0.0525  0.0508  0.0568  0.0493  0.0499
niter,ni,del,rscale     4    3    5.0000    1.2000
parameters
    1.1027   -9.6860   -1.5984   -8.2123  -23.2912  -12.5972
    2.2216    2.5771   -3.4366   12.1929   -5.3507  -13.8630
eta,q 0.95069 23.97301
  0.0511  0.0553  0.0495  0.0515  0.0536  0.0528  0.0520  0.0535  0.0513  0.0541  0.0497  0.0504
  0.0499  0.0526  0.0491  0.0504  0.0520  0.0517  0.0504  0.0510  0.0500  0.0529  0.0494  0.0500
  0.0491  0.0504  0.0487  0.0494  0.0502  0.0505  0.0495  0.0497  0.0494  0.0511  0.0493  0.0496
  0.0489  0.0489  0.0485  0.0485  0.0485  0.0491  0.0493  0.0493  0.0493  0.0493  0.0493  0.0493
  0.0490  0.0482  0.0483  0.0480  0.0477  0.0477  0.0496  0.0497  0.0495  0.0481  0.0494  0.0493
  0.0497  0.0492  0.0485  0.0492  0.0511  0.0495  0.0506  0.0510  0.0501  0.0492  0.0495  0.0496
  0.0509  0.0536  0.0497  0.0535  0.0617  0.0575  0.0521  0.0531  0.0511  0.0575  0.0496  0.0504
niter,ni,del,rscale     3    3    5.0000    1.2000
parameters
    1.1698   -9.3693   -1.4346   -8.2492  -23.9049  -13.0499
    2.0854    2.6334   -3.3955   12.0618   -5.5819  -13.2520
eta,q 0.95022 23.89041
  0.0515  0.0548  0.0500  0.0521  0.0543  0.0532  0.0524  0.0539  0.0516  0.0546  0.0501  0.0509
  0.0503  0.0524  0.0496  0.0510  0.0526  0.0522  0.0508  0.0513  0.0503  0.0533  0.0498  0.0505
  0.0496  0.0505  0.0493  0.0501  0.0509  0.0509  0.0499  0.0501  0.0498  0.0515  0.0498  0.0500
  0.0493  0.0493  0.0491  0.0491  0.0491  0.0495  0.0497  0.0497  0.0498  0.0498  0.0498  0.0498
  0.0495  0.0489  0.0490  0.0486  0.0481  0.0481  0.0500  0.0502  0.0499  0.0485  0.0499  0.0497
  0.0501  0.0499  0.0491  0.0496  0.0507  0.0499  0.0510  0.0514  0.0504  0.0497  0.0499  0.0500
  0.0513  0.0544  0.0501  0.0536  0.0605  0.0579  0.0525  0.0536  0.0514  0.0585  0.0501  0.0509
niter,ni,del,rscale     2    3    5.0000    1.2000
parameters
    1.2296   -9.1764   -1.3150   -8.2597  -24.2691  -13.3561
    2.0161    2.6680   -3.3537   11.8383   -5.6719  -12.7116
eta,q 0.94986 23.83864
  0.0519  0.0548  0.0504  0.0525  0.0548  0.0536  0.0528  0.0542  0.0519  0.0549  0.0505  0.0512
  0.0507  0.0525  0.0501  0.0515  0.0532  0.0525  0.0511  0.0516  0.0506  0.0536  0.0502  0.0508
  0.0500  0.0508  0.0499  0.0506  0.0515  0.0513  0.0503  0.0504  0.0501  0.0518  0.0501  0.0504
  0.0498  0.0498  0.0497  0.0497  0.0497  0.0499  0.0501  0.0501  0.0501  0.0501  0.0502  0.0502
  0.0499  0.0494  0.0495  0.0491  0.0485  0.0485  0.0503  0.0505  0.0503  0.0488  0.0502  0.0501
  0.0506  0.0505  0.0496  0.0501  0.0506  0.0499  0.0513  0.0518  0.0507  0.0501  0.0503  0.0504
  0.0517  0.0550  0.0506  0.0540  0.0598  0.0577  0.0528  0.0540  0.0517  0.0592  0.0504  0.0513
niter,ni,del,rscale     1    3    5.0000    1.2000
parameters
    1.2637   -9.0618   -1.1856   -8.2842  -24.5009  -13.5637
    1.9798    2.6616   -3.3214   11.5804   -5.6913  -12.2501
eta,q 0.94959 23.80186
  0.0522  0.0548  0.0507  0.0529  0.0553  0.0539  0.0531  0.0544  0.0521  0.0551  0.0508  0.0515
  0.0510  0.0527  0.0504  0.0519  0.0537  0.0529  0.0514  0.0519  0.0508  0.0538  0.0505  0.0511
  0.0504  0.0511  0.0503  0.0510  0.0519  0.0516  0.0505  0.0507  0.0504  0.0521  0.0504  0.0507
  0.0501  0.0501  0.0501  0.0501  0.0501  0.0502  0.0503  0.0503  0.0503  0.0503  0.0504  0.0504
  0.0503  0.0498  0.0499  0.0495  0.0488  0.0488  0.0506  0.0508  0.0505  0.0491  0.0505  0.0504
  0.0510  0.0509  0.0500  0.0505  0.0507  0.0500  0.0515  0.0521  0.0510  0.0504  0.0505  0.0507
  0.0521  0.0555  0.0509  0.0543  0.0596  0.0576  0.0531  0.0543  0.0519  0.0595  0.0507  0.0516
registration optimization eta report
parameter search radius
    2.4000    4.1976    3.1740    8.2800    8.2800    8.2800
    8.2800    8.2800    8.2800   10.9503    7.2000   10.9503
100000*second partial in parameter space
       35.       29.        7.        5.       11.        9.
        4.        6.        3.        6.        1.        1.
  0.0522  0.0548  0.0507  0.0529  0.0553  0.0539  0.0531  0.0544  0.0521  0.0551  0.0508  0.0515
  0.0510  0.0527  0.0504  0.0519  0.0537  0.0529  0.0514  0.0519  0.0508  0.0538  0.0505  0.0511
  0.0504  0.0511  0.0503  0.0510  0.0519  0.0516  0.0505  0.0507  0.0504  0.0521  0.0504  0.0507
  0.0501  0.0501  0.0501  0.0501  0.0501  0.0502  0.0503  0.0503  0.0503  0.0503  0.0504  0.0504
  0.0503  0.0498  0.0499  0.0495  0.0488  0.0488  0.0506  0.0508  0.0505  0.0491  0.0505  0.0504
  0.0510  0.0509  0.0500  0.0505  0.0507  0.0500  0.0515  0.0521  0.0510  0.0504  0.0505  0.0507
  0.0521  0.0555  0.0509  0.0543  0.0596  0.0576  0.0531  0.0543  0.0519  0.0595  0.0507  0.0516
    1.2637   -9.0618   -1.1856   -8.2842  -24.5009  -13.5637
    1.9798    2.6616   -3.3214   11.5804   -5.6913  -12.2501
eta,q 0.94959 23.80186

---------------------------------------------------------------------
imgreg_4dfp /opt/freesurfer/average/711-2C_as_mni_average_305 /opt/freesurfer/average/711-2B_as_mni_average_305_mask talsrcimg_g11 none talsrcimg_to_711-2C_as_mni_average_305_t4 2311
---------------------------------------------------------------------

freesurfer imgreg_4dfp.c
/opt/freesurfer/average/711-2C_as_mni_average_305.4dfp.img
       256       256       256         1
  1.000000  1.000000  1.000000
orientation T byte_order littleendian
Reading image: /opt/freesurfer/average/711-2C_as_mni_average_305.4dfp.img
dimensions:      256       256       256
mmppix:       1.0000   -1.0000   -1.0000
center:     128.0000 -129.0000 -129.0000
/opt/freesurfer/average/711-2B_as_mni_average_305_mask.4dfp.img
       256       256       256         1
  1.000000  1.000000  1.000000
orientation T byte_order littleendian
Reading mask: /opt/freesurfer/average/711-2B_as_mni_average_305_mask.4dfp.img (2306576 pixels)
talsrcimg_g11.4dfp.img
       256       256       256         1
  1.000000  1.000000  1.000000
orientation T byte_order littleendian
Reading image: talsrcimg_g11.4dfp.img
dimensions:      256       256       256
mmppix:       1.0000   -1.0000   -1.0000
center:     128.0000 -129.0000 -129.0000
fimgreg.f
image alignment mode   2311 decimal      907 hex
parameters
    1.2637   -9.0618   -1.1856   -8.2842  -24.5009  -13.5637
    1.9798    2.6616   -3.3214   11.5804   -5.6913  -12.2501
eta,q 0.94959 23.80186
niter,ni,del,rscale     5    3    5.0000    0.8000
parameter  2 -0.811036 -> -0.500000 qaram    1.1500
parameters
    1.2864   -8.1418   -0.4928   -7.8939  -24.2393  -13.0224
    2.0120    2.8813   -3.2514   12.0954   -4.9807  -14.4535
eta,q 0.95055 23.83248
  0.0513  0.0515  0.0504  0.0515  0.0530  0.0523  0.0512  0.0520  0.0509  0.0520  0.0504  0.0495
  0.0508  0.0511  0.0503  0.0510  0.0519  0.0515  0.0503  0.0507  0.0501  0.0511  0.0499  0.0495
  0.0505  0.0507  0.0502  0.0505  0.0509  0.0507  0.0498  0.0499  0.0497  0.0503  0.0496  0.0494
  0.0504  0.0504  0.0501  0.0501  0.0500  0.0499  0.0497  0.0496  0.0496  0.0497  0.0495  0.0495
  0.0505  0.0502  0.0501  0.0499  0.0496  0.0494  0.0498  0.0499  0.0498  0.0494  0.0495  0.0498
  0.0508  0.0501  0.0501  0.0503  0.0504  0.0498  0.0503  0.0505  0.0501  0.0499  0.0497  0.0502
  0.0513  0.0502  0.0502  0.0514  0.0534  0.0522  0.0512  0.0515  0.0507  0.0516  0.0500  0.0510
niter,ni,del,rscale     5    3    5.0000    0.8000
parameter 12  0.506420 ->  0.500000 qaram    1.1500
parameters
    1.2216   -8.4159   -0.7626   -7.2178  -23.2817  -12.4269
    1.8241    2.7177   -3.1991   12.6255   -4.7191  -17.2135
eta,q 0.95162 24.02141
  0.0506  0.0502  0.0497  0.0510  0.0524  0.0513  0.0503  0.0508  0.0501  0.0510  0.0494  0.0485
  0.0499  0.0498  0.0496  0.0504  0.0514  0.0505  0.0493  0.0495  0.0492  0.0501  0.0489  0.0484
  0.0495  0.0495  0.0495  0.0499  0.0503  0.0497  0.0488  0.0488  0.0488  0.0493  0.0486  0.0484
  0.0494  0.0494  0.0495  0.0495  0.0494  0.0489  0.0487  0.0487  0.0486  0.0487  0.0485  0.0485
  0.0496  0.0496  0.0495  0.0493  0.0488  0.0484  0.0489  0.0490  0.0488  0.0484  0.0486  0.0488
  0.0501  0.0501  0.0496  0.0496  0.0491  0.0487  0.0495  0.0498  0.0493  0.0489  0.0488  0.0492
  0.0508  0.0512  0.0500  0.0506  0.0513  0.0511  0.0505  0.0510  0.0499  0.0506  0.0492  0.0499
niter,ni,del,rscale     5    3    5.0000    0.8000
parameters
    1.1734   -8.6784   -1.0998   -7.0494  -22.3198  -11.4538
    1.7626    2.6991   -3.2653   13.1980   -4.5667  -19.5252
eta,q 0.95277 24.19024
  0.0497  0.0492  0.0486  0.0499  0.0514  0.0506  0.0492  0.0499  0.0489  0.0500  0.0483  0.0474
  0.0489  0.0488  0.0485  0.0493  0.0504  0.0497  0.0482  0.0484  0.0480  0.0490  0.0477  0.0473
  0.0485  0.0485  0.0484  0.0488  0.0493  0.0489  0.0476  0.0477  0.0476  0.0481  0.0474  0.0472
  0.0484  0.0484  0.0484  0.0484  0.0484  0.0479  0.0475  0.0475  0.0475  0.0475  0.0473  0.0473
  0.0486  0.0485  0.0484  0.0483  0.0478  0.0472  0.0477  0.0478  0.0477  0.0472  0.0474  0.0476
  0.0491  0.0491  0.0487  0.0488  0.0481  0.0475  0.0483  0.0486  0.0481  0.0477  0.0477  0.0481
  0.0498  0.0502  0.0491  0.0501  0.0503  0.0497  0.0493  0.0498  0.0489  0.0494  0.0481  0.0490
niter,ni,del,rscale     4    3    5.0000    0.7000
parameters
    1.1201   -8.9062   -1.3839   -6.8850  -21.4135  -10.7349
    1.7467    2.6872   -3.3136   13.8261   -4.4887  -21.8014
eta,q 0.95373 24.36835
  0.0483  0.0480  0.0475  0.0485  0.0498  0.0493  0.0479  0.0485  0.0477  0.0487  0.0472  0.0464
  0.0476  0.0476  0.0474  0.0480  0.0489  0.0485  0.0471  0.0473  0.0470  0.0478  0.0467  0.0463
  0.0473  0.0473  0.0473  0.0476  0.0480  0.0477  0.0466  0.0467  0.0466  0.0471  0.0464  0.0463
  0.0472  0.0472  0.0472  0.0473  0.0472  0.0469  0.0465  0.0465  0.0465  0.0465  0.0464  0.0464
  0.0474  0.0474  0.0473  0.0472  0.0468  0.0463  0.0467  0.0468  0.0467  0.0463  0.0465  0.0466
  0.0478  0.0479  0.0475  0.0476  0.0470  0.0467  0.0472  0.0474  0.0471  0.0467  0.0467  0.0470
  0.0484  0.0488  0.0480  0.0486  0.0487  0.0487  0.0479  0.0484  0.0477  0.0480  0.0470  0.0477
niter,ni,del,rscale     3    3    5.0000    0.6000
parameters
    1.0774   -9.1188   -1.6314   -6.7467  -20.6049  -10.1047
    1.7453    2.6701   -3.3216   14.3625   -4.4421  -23.8109
eta,q 0.95445 24.54078
  0.0471  0.0469  0.0465  0.0473  0.0484  0.0482  0.0468  0.0473  0.0467  0.0474  0.0463  0.0456
  0.0466  0.0465  0.0464  0.0469  0.0476  0.0475  0.0462  0.0464  0.0461  0.0467  0.0459  0.0456
  0.0463  0.0463  0.0463  0.0465  0.0469  0.0467  0.0458  0.0459  0.0458  0.0461  0.0457  0.0456
  0.0463  0.0463  0.0463  0.0463  0.0463  0.0460  0.0457  0.0457  0.0457  0.0457  0.0456  0.0456
  0.0464  0.0464  0.0464  0.0463  0.0459  0.0456  0.0458  0.0459  0.0458  0.0456  0.0457  0.0458
  0.0467  0.0468  0.0466  0.0466  0.0462  0.0460  0.0462  0.0464  0.0461  0.0459  0.0459  0.0461
  0.0472  0.0476  0.0470  0.0474  0.0474  0.0475  0.0468  0.0473  0.0466  0.0468  0.0462  0.0465
niter,ni,del,rscale     2    3    5.0000    0.5000
parameter 12  0.529152 ->  0.500000 qaram    1.3225
parameters
    1.0548   -9.3285   -1.8213   -6.6579  -19.8798   -9.6116
    1.7286    2.6011   -3.2847   14.7927   -4.4038  -25.7947
eta,q 0.95494 24.70408
  0.0462  0.0460  0.0458  0.0463  0.0472  0.0472  0.0459  0.0463  0.0459  0.0464  0.0456  0.0451
  0.0458  0.0457  0.0456  0.0460  0.0466  0.0466  0.0455  0.0456  0.0455  0.0459  0.0453  0.0451
  0.0456  0.0456  0.0456  0.0457  0.0460  0.0459  0.0452  0.0453  0.0452  0.0454  0.0451  0.0451
  0.0456  0.0455  0.0455  0.0455  0.0455  0.0453  0.0452  0.0452  0.0452  0.0452  0.0451  0.0451
  0.0456  0.0457  0.0456  0.0455  0.0453  0.0451  0.0453  0.0453  0.0452  0.0451  0.0452  0.0452
  0.0459  0.0460  0.0458  0.0458  0.0455  0.0455  0.0455  0.0457  0.0455  0.0453  0.0453  0.0454
  0.0462  0.0466  0.0461  0.0464  0.0463  0.0466  0.0459  0.0463  0.0458  0.0460  0.0455  0.0457
niter,ni,del,rscale     2    3    5.0000    0.5000
parameters
    1.0609   -9.5460   -2.0210   -6.6165  -19.3777   -9.2341
    1.7281    2.5257   -3.2527   15.2513   -4.3769  -27.3905
eta,q 0.95530 24.83733
  0.0458  0.0455  0.0453  0.0458  0.0466  0.0468  0.0456  0.0459  0.0455  0.0460  0.0452  0.0448
  0.0454  0.0452  0.0451  0.0455  0.0460  0.0461  0.0451  0.0452  0.0451  0.0455  0.0449  0.0447
  0.0451  0.0451  0.0451  0.0452  0.0455  0.0454  0.0449  0.0449  0.0449  0.0451  0.0448  0.0447
  0.0451  0.0451  0.0450  0.0450  0.0450  0.0449  0.0448  0.0448  0.0448  0.0448  0.0447  0.0447
  0.0451  0.0452  0.0451  0.0451  0.0449  0.0447  0.0449  0.0450  0.0449  0.0447  0.0448  0.0448
  0.0454  0.0456  0.0453  0.0453  0.0451  0.0452  0.0451  0.0453  0.0451  0.0450  0.0449  0.0450
  0.0457  0.0462  0.0457  0.0459  0.0461  0.0464  0.0455  0.0459  0.0454  0.0455  0.0451  0.0452
niter,ni,del,rscale     1    3    5.0000    0.4000
parameters
    1.0649   -9.6683   -2.2235   -6.4927  -18.9131   -8.8824
    1.6864    2.4536   -3.1998   15.6558   -4.4053  -28.1835
eta,q 0.95557 24.93029
  0.0451  0.0450  0.0448  0.0453  0.0458  0.0460  0.0450  0.0452  0.0450  0.0454  0.0448  0.0446
  0.0449  0.0448  0.0447  0.0450  0.0454  0.0455  0.0447  0.0448  0.0447  0.0450  0.0446  0.0445
  0.0447  0.0447  0.0447  0.0448  0.0450  0.0450  0.0445  0.0446  0.0445  0.0447  0.0445  0.0444
  0.0447  0.0447  0.0447  0.0447  0.0447  0.0446  0.0445  0.0445  0.0445  0.0445  0.0445  0.0445
  0.0448  0.0448  0.0448  0.0447  0.0446  0.0445  0.0446  0.0446  0.0445  0.0445  0.0445  0.0445
  0.0449  0.0450  0.0449  0.0449  0.0447  0.0448  0.0447  0.0449  0.0447  0.0446  0.0446  0.0446
  0.0451  0.0453  0.0452  0.0452  0.0453  0.0456  0.0450  0.0453  0.0449  0.0450  0.0448  0.0448
registration optimization eta report
parameter search radius
    0.8000    0.9200    0.8000    2.4000    2.4000    2.4000
    2.4000    2.4000    2.4000    2.4000    2.4000    3.1740
100000*second partial in parameter space
       68.       59.       49.        9.       16.       21.
        9.       13.        8.       12.        5.        2.
  0.0451  0.0450  0.0448  0.0453  0.0458  0.0460  0.0450  0.0452  0.0450  0.0454  0.0448  0.0446
  0.0449  0.0448  0.0447  0.0450  0.0454  0.0455  0.0447  0.0448  0.0447  0.0450  0.0446  0.0445
  0.0447  0.0447  0.0447  0.0448  0.0450  0.0450  0.0445  0.0446  0.0445  0.0447  0.0445  0.0444
  0.0447  0.0447  0.0447  0.0447  0.0447  0.0446  0.0445  0.0445  0.0445  0.0445  0.0445  0.0445
  0.0448  0.0448  0.0448  0.0447  0.0446  0.0445  0.0446  0.0446  0.0445  0.0445  0.0445  0.0445
  0.0449  0.0450  0.0449  0.0449  0.0447  0.0448  0.0447  0.0449  0.0447  0.0446  0.0446  0.0446
  0.0451  0.0453  0.0452  0.0452  0.0453  0.0456  0.0450  0.0453  0.0449  0.0450  0.0448  0.0448
    1.0649   -9.6683   -2.2235   -6.4927  -18.9131   -8.8824
    1.6864    2.4536   -3.1998   15.6558   -4.4053  -28.1835
eta,q 0.95557 24.93029

---------------------------------------------------------------------
imgreg_4dfp /opt/freesurfer/average/711-2C_as_mni_average_305 /opt/freesurfer/average/711-2B_as_mni_average_305_mask talsrcimg_g11 none talsrcimg_to_711-2C_as_mni_average_305_t4 2311
---------------------------------------------------------------------

freesurfer imgreg_4dfp.c
/opt/freesurfer/average/711-2C_as_mni_average_305.4dfp.img
       256       256       256         1
  1.000000  1.000000  1.000000
orientation T byte_order littleendian
Reading image: /opt/freesurfer/average/711-2C_as_mni_average_305.4dfp.img
dimensions:      256       256       256
mmppix:       1.0000   -1.0000   -1.0000
center:     128.0000 -129.0000 -129.0000
/opt/freesurfer/average/711-2B_as_mni_average_305_mask.4dfp.img
       256       256       256         1
  1.000000  1.000000  1.000000
orientation T byte_order littleendian
Reading mask: /opt/freesurfer/average/711-2B_as_mni_average_305_mask.4dfp.img (2306576 pixels)
talsrcimg_g11.4dfp.img
       256       256       256         1
  1.000000  1.000000  1.000000
orientation T byte_order littleendian
Reading image: talsrcimg_g11.4dfp.img
dimensions:      256       256       256
mmppix:       1.0000   -1.0000   -1.0000
center:     128.0000 -129.0000 -129.0000
fimgreg.f
image alignment mode   2311 decimal      907 hex
parameters
    1.0649   -9.6683   -2.2235   -6.4927  -18.9131   -8.8824
    1.6864    2.4536   -3.1998   15.6558   -4.4053  -28.1835
eta,q 0.95557 24.93030
niter,ni,del,rscale     5    3    5.0000    0.8000
parameters
    1.1229   -9.9769   -2.5198   -6.9299  -19.4510   -9.4067
    1.6955    2.5040   -3.2544   16.8741   -4.4057  -27.5378
eta,q 0.95531 24.91768
  0.0465  0.0454  0.0452  0.0461  0.0471  0.0478  0.0464  0.0473  0.0462  0.0474  0.0456  0.0451
  0.0453  0.0448  0.0448  0.0454  0.0462  0.0468  0.0456  0.0458  0.0454  0.0464  0.0450  0.0448
  0.0447  0.0445  0.0445  0.0448  0.0452  0.0457  0.0451  0.0451  0.0451  0.0456  0.0447  0.0447
  0.0444  0.0444  0.0444  0.0444  0.0445  0.0447  0.0449  0.0449  0.0449  0.0449  0.0447  0.0447
  0.0446  0.0447  0.0447  0.0446  0.0445  0.0447  0.0451  0.0452  0.0451  0.0447  0.0448  0.0447
  0.0452  0.0455  0.0453  0.0455  0.0461  0.0467  0.0456  0.0459  0.0455  0.0449  0.0451  0.0448
  0.0462  0.0469  0.0464  0.0475  0.0505  0.0517  0.0463  0.0470  0.0462  0.0459  0.0455  0.0449
niter,ni,del,rscale     4    3    5.0000    0.7000
parameters
    1.0612   -9.5296   -2.8160   -6.8926  -19.8757   -9.5251
    1.6646    2.5601   -3.1811   17.0417   -4.5979  -27.6448
eta,q 0.95534 24.86058
  0.0458  0.0463  0.0450  0.0460  0.0467  0.0472  0.0458  0.0466  0.0458  0.0465  0.0452  0.0449
  0.0451  0.0456  0.0447  0.0454  0.0458  0.0463  0.0452  0.0455  0.0452  0.0457  0.0449  0.0447
  0.0448  0.0451  0.0446  0.0449  0.0450  0.0454  0.0448  0.0448  0.0448  0.0451  0.0447  0.0447
  0.0447  0.0447  0.0445  0.0445  0.0445  0.0446  0.0447  0.0447  0.0447  0.0447  0.0447  0.0447
  0.0449  0.0445  0.0447  0.0445  0.0446  0.0445  0.0448  0.0449  0.0448  0.0447  0.0448  0.0447
  0.0453  0.0446  0.0451  0.0450  0.0458  0.0456  0.0452  0.0455  0.0451  0.0452  0.0450  0.0448
  0.0459  0.0451  0.0459  0.0463  0.0489  0.0486  0.0459  0.0464  0.0457  0.0465  0.0453  0.0449
niter,ni,del,rscale     3    3    5.0000    0.6000
parameters
    1.0700   -9.2381   -2.9132   -6.7601  -20.0472   -9.4510
    1.5831    2.6005   -3.0758   17.1211   -4.7872  -28.2936
eta,q 0.95543 24.85221
  0.0455  0.0457  0.0450  0.0457  0.0464  0.0468  0.0455  0.0461  0.0455  0.0461  0.0450  0.0447
  0.0450  0.0453  0.0448  0.0452  0.0456  0.0460  0.0450  0.0452  0.0450  0.0454  0.0447  0.0446
  0.0448  0.0449  0.0447  0.0448  0.0450  0.0452  0.0447  0.0447  0.0447  0.0449  0.0446  0.0446
  0.0447  0.0447  0.0446  0.0446  0.0446  0.0446  0.0446  0.0446  0.0446  0.0446  0.0446  0.0446
  0.0448  0.0446  0.0446  0.0446  0.0446  0.0445  0.0447  0.0448  0.0447  0.0446  0.0447  0.0446
  0.0450  0.0447  0.0449  0.0449  0.0454  0.0452  0.0450  0.0452  0.0449  0.0451  0.0449  0.0447
  0.0455  0.0451  0.0453  0.0458  0.0474  0.0472  0.0456  0.0460  0.0454  0.0461  0.0451  0.0449
niter,ni,del,rscale     2    3    5.0000    0.5000
parameters
    1.0934   -9.1280   -2.9536   -6.6190  -19.9286   -9.3066
    1.4710    2.6199   -2.9849   17.2381   -4.9217  -28.8891
eta,q 0.95555 24.87619
  0.0452  0.0452  0.0449  0.0454  0.0460  0.0462  0.0451  0.0456  0.0452  0.0457  0.0448  0.0446
  0.0449  0.0449  0.0447  0.0450  0.0454  0.0456  0.0447  0.0449  0.0448  0.0451  0.0446  0.0445
  0.0446  0.0447  0.0446  0.0447  0.0449  0.0450  0.0445  0.0446  0.0446  0.0447  0.0445  0.0444
  0.0446  0.0446  0.0446  0.0446  0.0445  0.0445  0.0445  0.0445  0.0445  0.0445  0.0445  0.0445
  0.0446  0.0446  0.0446  0.0446  0.0445  0.0444  0.0446  0.0446  0.0445  0.0445  0.0445  0.0445
  0.0448  0.0447  0.0447  0.0448  0.0449  0.0449  0.0448  0.0450  0.0447  0.0449  0.0447  0.0446
  0.0452  0.0450  0.0450  0.0454  0.0461  0.0463  0.0452  0.0455  0.0451  0.0456  0.0449  0.0447
niter,ni,del,rscale     1    3    5.0000    0.4000
parameters
    1.1172   -9.1767   -2.9795   -6.5070  -19.6664   -9.1369
    1.3409    2.6193   -2.9007   17.3574   -4.9942  -29.1849
eta,q 0.95566 24.91570
  0.0449  0.0448  0.0447  0.0450  0.0455  0.0457  0.0448  0.0451  0.0448  0.0452  0.0446  0.0445
  0.0447  0.0446  0.0446  0.0448  0.0451  0.0452  0.0445  0.0447  0.0446  0.0448  0.0444  0.0444
  0.0445  0.0445  0.0445  0.0446  0.0447  0.0447  0.0444  0.0444  0.0444  0.0445  0.0444  0.0443
  0.0444  0.0444  0.0444  0.0444  0.0444  0.0444  0.0444  0.0444  0.0444  0.0444  0.0443  0.0443
  0.0445  0.0445  0.0445  0.0445  0.0444  0.0443  0.0444  0.0445  0.0444  0.0444  0.0444  0.0444
  0.0446  0.0446  0.0446  0.0446  0.0446  0.0447  0.0446  0.0447  0.0445  0.0446  0.0445  0.0445
  0.0448  0.0449  0.0448  0.0450  0.0453  0.0456  0.0449  0.0451  0.0448  0.0451  0.0446  0.0446
registration optimization eta report
parameter search radius
    0.8000    0.8000    0.8000    2.4000    2.4000    2.4000
    2.4000    2.4000    2.4000    2.4000    2.4000    2.4000
100000*second partial in parameter space
       66.       60.       46.       10.       16.       22.
        8.       13.        8.       14.        5.        3.
  0.0449  0.0448  0.0447  0.0450  0.0455  0.0457  0.0448  0.0451  0.0448  0.0452  0.0446  0.0445
  0.0447  0.0446  0.0446  0.0448  0.0451  0.0452  0.0445  0.0447  0.0446  0.0448  0.0444  0.0444
  0.0445  0.0445  0.0445  0.0446  0.0447  0.0447  0.0444  0.0444  0.0444  0.0445  0.0444  0.0443
  0.0444  0.0444  0.0444  0.0444  0.0444  0.0444  0.0444  0.0444  0.0444  0.0444  0.0443  0.0443
  0.0445  0.0445  0.0445  0.0445  0.0444  0.0443  0.0444  0.0445  0.0444  0.0444  0.0444  0.0444
  0.0446  0.0446  0.0446  0.0446  0.0446  0.0447  0.0446  0.0447  0.0445  0.0446  0.0445  0.0445
  0.0448  0.0449  0.0448  0.0450  0.0453  0.0456  0.0449  0.0451  0.0448  0.0451  0.0446  0.0446
    1.1172   -9.1767   -2.9795   -6.5070  -19.6664   -9.1369
    1.3409    2.6193   -2.9007   17.3574   -4.9942  -29.1849
eta,q 0.95566 24.91570

---------------------------------------------------------------------
compute_vox2vox talsrcimg talsrcimg_to_711-2C_as_mni_average_305_t4 /opt/freesurfer/average/711-2C_as_mni_average_305
---------------------------------------------------------------------

freesurfer compute_vox2vox.c
Reading: talsrcimg.4dfp.ifh
Reading: talsrcimg_to_711-2C_as_mni_average_305_t4
Reading: /opt/freesurfer/average/711-2C_as_mni_average_305.4dfp.ifh
Writing: talsrcimg_to_711-2C_as_mni_average_305_t4_vox2vox.txt

start time Mon Mar 9 19:55:11 CET 2026
end		time Mon Mar 9 19:56:38 CET 2026

mpr2mni305 success

avi2talxfm orig_nu.mgz /opt/freesurfer/average/mni305.cor.mgz talsrcimg_to_711-2C_as_mni_average_305_t4_vox2vox.txt transforms/talairach.auto.xfm
avi2talxfm done
mv -f /out/sourcedata/freesurfer/sub-v1s23x0050603_ses-1/mri/talsrcimg_to_711-2C_as_mni_average_305_t4_vox2vox.txt /out/sourcedata/freesurfer/sub-v1s23x0050603_ses-1/mri/transforms/talsrcimg_to_711-2C_as_mni_average_305_t4_vox2vox.txt
lta_convert --src orig_nu.mgz --trg /opt/freesurfer/average/mni305.cor.mgz --inxfm transforms/talairach.auto.xfm --outlta transforms/talairach.auto.xfm.lta --subject fsaverage
7.3.2

--src: orig_nu.mgz src image (geometry).
--trg: /opt/freesurfer/average/mni305.cor.mgz trg image (geometry).
--inmni: transforms/talairach.auto.xfm input MNI/XFM transform.
--outlta: transforms/talairach.auto.xfm.lta output LTA.
--s: fsaverage subject name
 LTA read, type : 1
 1.06739  -0.02559  -0.02711  -48.14705;
 0.06644   1.02754   0.37219   39.49677;
 0.02419  -0.22294   1.16341  -47.37732;
 0.00000   0.00000   0.00000   1.00000;
setting subject to fsaverage
Writing  LTA to file transforms/talairach.auto.xfm.lta...
lta_convert successful.
 
 
Started at Mon Mar 9 19:55:11 CET 2026
Ended   at Mon Mar  9 19:56:38 CET 2026
talairach_avi done
