/out/sourcedata/freesurfer/sub-v1s23x0050561_ses-1/mri
/opt/freesurfer/bin/talairach_avi
--i orig_nu.mgz --xfm transforms/talairach.auto.xfm
talairach_avi 7.3.2
Linux dna069 5.14.0-427.37.1.el9_4.x86_64 #1 SMP PREEMPT_DYNAMIC Fri Sep 13 12:41:50 EDT 2024 x86_64 x86_64 x86_64 GNU/Linux
Thu Mar 12 16:08:16 CET 2026
mri_convert orig_nu.mgz talsrcimg.img 
reading from orig_nu.mgz...
TR=0.00, TE=0.00, TI=0.00, flip angle=0.00
i_ras = (-1, 0, 0)
j_ras = (0, 0, -1)
k_ras = (0, 1, 0)
writing to talsrcimg.img...
Analyze Output Matrix
-1.00000   0.00000   0.00000   218.40895;
 0.00000   0.00000   1.00000  -176.40807;
 0.00000  -1.00000   0.00000   179.29521;
 0.00000   0.00000   0.00000   1.00000;
--------------------
INFO: set hdr.hist.orient to -1
mpr2mni305 talsrcimg
Thu Mar 12 16:08:17 CET 2026
/opt/freesurfer/bin/mpr2mni305 talsrcimg
mpr2mni305 7.3.2
target=711-2C_as_mni_average_305

---------------------------------------------------------------------
analyzeto4dfp talsrcimg -O0 -y
---------------------------------------------------------------------

freesurfer ifh2hdr.c
Thu Mar 12 16:08:17 2026
Writing: talsrcimg.4dfp.hdr
freesurfer analyzeto4dfp.c
Reading: talsrcimg.hdr
header size 348 bytes
hdr.dime.datatype	offset=70	value=2
hdr.dime.bitpix		offset=72	value=8
hdr.hist.orient		offset=252	value=-1
dimensionality     4
dimensions       256       256       256         1
Reading: talsrcimg.img
Writing: talsrcimg.4dfp.img
Writing: talsrcimg.4dfp.ifh
ifh2hdr talsrcimg -r0to248
ori=2

---------------------------------------------------------------------
gauss_4dfp talsrcimg 1.1
---------------------------------------------------------------------

freesurfer gauss_4dfp.c
Reading: talsrcimg.4dfp.img
Writing: talsrcimg_g11.4dfp.img
image dimensions 256 256 256 padded to 288 288 288
processing volume 1freesurfer ifh2hdr.c
Thu Mar 12 16:08:18 2026
Writing: talsrcimg_g11.4dfp.hdr

Writing: talsrcimg_g11.4dfp.ifh
including: talsrcimg.4dfp.img.rec in talsrcimg_g11.4dfp.img.rec

---------------------------------------------------------------------
imgreg_4dfp /opt/freesurfer/average/711-2C_as_mni_average_305 none talsrcimg_g11 none talsrcimg_to_711-2C_as_mni_average_305_t4 4355
---------------------------------------------------------------------

freesurfer imgreg_4dfp.c
/opt/freesurfer/average/711-2C_as_mni_average_305.4dfp.img
       256       256       256         1
  1.000000  1.000000  1.000000
orientation T byte_order littleendian
Reading image: /opt/freesurfer/average/711-2C_as_mni_average_305.4dfp.img
dimensions:      256       256       256
mmppix:       1.0000   -1.0000   -1.0000
center:     128.0000 -129.0000 -129.0000
talsrcimg_g11.4dfp.img
       256       256       256         1
  1.000000  1.000000  1.000000
orientation T byte_order littleendian
Reading image: talsrcimg_g11.4dfp.img
dimensions:      256       256       256
mmppix:       1.0000   -1.0000   -1.0000
center:     128.0000 -129.0000 -129.0000
t4_read: open error in t4_sub.f l:  41 t4_file(1:l)talsrcimg_to_711-2C_as_mni_average_305_t4 
t4_read: transform initialized to I4
rotation matrix determinant  1.000000
image alignment mode   4355 decimal     1103 hex
   -7.5000  -45.0000  -45.0000 7221.2910   14.7533
    0.0000  -45.0000  -45.0000 7560.6094   14.7742
    7.5000  -45.0000  -45.0000 7263.0557   14.7600
   -7.5000  -37.5000  -45.0000 7795.8828   14.7486
    0.0000  -37.5000  -45.0000 8184.0117   14.7653
    7.5000  -37.5000  -45.0000 7849.8394   14.7516
   -7.5000  -30.0000  -45.0000 8685.0059   14.7455
    0.0000  -30.0000  -45.0000 9115.3057   14.7561
    7.5000  -30.0000  -45.0000 8761.0420   14.7395
   -7.5000  -22.5000  -45.0000 9532.6182   14.7251
    0.0000  -22.5000  -45.0000 9976.4648   14.7322
    7.5000  -22.5000  -45.0000 9592.8945   14.7112
   -7.5000  -15.0000  -45.000010240.2715   14.6972
    0.0000  -15.0000  -45.000010729.0332   14.7073
    7.5000  -15.0000  -45.000010292.6182   14.6848
   -7.5000   -7.5000  -45.000010885.2852   14.6854
    0.0000   -7.5000  -45.000011395.4199   14.7031
    7.5000   -7.5000  -45.000010939.5645   14.6842
   -7.5000    0.0000  -45.000011444.5498   14.7025
    0.0000    0.0000  -45.000011974.6289   14.7233
    7.5000    0.0000  -45.000011507.9082   14.7089
   -7.5000    7.5000  -45.000011155.1953   14.7349
    0.0000    7.5000  -45.000011648.6152   14.7515
    7.5000    7.5000  -45.000011216.1143   14.7378
   -7.5000   15.0000  -45.000010814.2891   14.7455
    0.0000   15.0000  -45.000011304.3232   14.7561
    7.5000   15.0000  -45.000010893.7295   14.7395
   -7.5000   22.5000  -45.000010368.8721   14.7231
    0.0000   22.5000  -45.000010832.3438   14.7302
    7.5000   22.5000  -45.000010438.5430   14.7092
   -7.5000   30.0000  -45.0000 9676.2969   14.5014
    0.0000   30.0000  -45.000010097.0391   14.5113
    7.5000   30.0000  -45.0000 9716.3467   14.4891
   -7.5000   37.5000  -45.0000 9288.5674   14.4897
    0.0000   37.5000  -45.0000 9675.8369   14.5071
    7.5000   37.5000  -45.0000 9298.8418   14.4886
   -7.5000   45.0000  -45.0000 8555.4014   14.1383
    0.0000   45.0000  -45.0000 8913.1914   14.1582
    7.5000   45.0000  -45.0000 8562.1064   14.1444
   -7.5000  -45.0000  -37.5000 7683.6704   14.6596
    0.0000  -45.0000  -37.5000 8061.6367   14.6770
    7.5000  -45.0000  -37.5000 7748.9722   14.6568
   -7.5000  -37.5000  -37.5000 8328.5410   14.6516
    0.0000  -37.5000  -37.5000 8748.3242   14.6656
    7.5000  -37.5000  -37.5000 8388.2725   14.6501
   -7.5000  -30.0000  -37.5000 9267.9131   14.6328
    0.0000  -30.0000  -37.5000 9714.9316   14.6425
    7.5000  -30.0000  -37.5000 9322.2275   14.6283
   -7.5000  -22.5000  -37.500010138.1494   14.6009
    0.0000  -22.5000  -37.500010609.6045   14.6082
    7.5000  -22.5000  -37.500010175.9766   14.5891
   -7.5000  -15.0000  -37.500010869.7275   14.5757
    0.0000  -15.0000  -37.500011386.4072   14.5850
    7.5000  -15.0000  -37.500010915.7646   14.5600
   -7.5000   -7.5000  -37.500011533.1768   14.5789
    0.0000   -7.5000  -37.500012077.7676   14.5940
    7.5000   -7.5000  -37.500011596.4561   14.5688
   -7.5000    0.0000  -37.500012093.0859   14.6093
    0.0000    0.0000  -37.500012657.5869   14.6266
    7.5000    0.0000  -37.500012169.8525   14.6062
   -7.5000    7.5000  -37.500011761.3252   14.6380
    0.0000    7.5000  -37.500012284.4902   14.6519
    7.5000    7.5000  -37.500011822.2529   14.6365
   -7.5000   15.0000  -37.500011405.6094   14.6328
    0.0000   15.0000  -37.500011929.3584   14.6425
    7.5000   15.0000  -37.500011479.2471   14.6283
   -7.5000   22.5000  -37.500010944.0449   14.5989
    0.0000   22.5000  -37.500011417.4219   14.6062
    7.5000   22.5000  -37.500010976.9619   14.5871
   -7.5000   30.0000  -37.500010174.5010   14.3815
    0.0000   30.0000  -37.500010608.6982   14.3906
    7.5000   30.0000  -37.500010186.5859   14.3659
   -7.5000   37.5000  -37.5000 9717.5166   14.3846
    0.0000   37.5000  -37.500010124.5234   14.3995
    7.5000   37.5000  -37.5000 9713.4531   14.3747
   -7.5000   45.0000  -37.5000 8940.1221   14.0486
    0.0000   45.0000  -37.5000 9309.2871   14.0652
    7.5000   45.0000  -37.5000 8918.9512   14.0456
   -7.5000  -45.0000  -30.0000 8344.3457   15.2478
    0.0000  -45.0000  -30.0000 8735.0088   15.2605
    7.5000  -45.0000  -30.0000 8374.1846   15.2412
   -7.5000  -37.5000  -30.0000 9033.1523   15.2393
    0.0000  -37.5000  -30.0000 9450.7031   15.2481
    7.5000  -37.5000  -30.0000 9055.9043   15.2336
   -7.5000  -30.0000  -30.000010036.3994   15.2056
    0.0000  -30.0000  -30.000010498.3877   15.2114
    7.5000  -30.0000  -30.000010065.4150   15.1998
   -7.5000  -22.5000  -30.000010950.2295   15.1575
    0.0000  -22.5000  -30.000011445.3701   15.1627
    7.5000  -22.5000  -30.000010981.4990   15.1482
   -7.5000  -15.0000  -30.000011721.6963   15.1295
    0.0000  -15.0000  -30.000012257.5586   15.1372
    7.5000  -15.0000  -30.000011755.1162   15.1167
   -7.5000   -7.5000  -30.000012417.8340   15.1481
    0.0000   -7.5000  -30.000013011.5986   15.1603
    7.5000   -7.5000  -30.000012483.2549   15.1376
   -7.5000    0.0000  -30.000013005.2021   15.1958
    0.0000    0.0000  -30.000013620.7852   15.2084
    7.5000    0.0000  -30.000013071.1055   15.1889
   -7.5000    7.5000  -30.000012628.8730   15.2253
    0.0000    7.5000  -30.000013213.2578   15.2340
    7.5000    7.5000  -30.000012695.5977   15.2195
   -7.5000   15.0000  -30.000012222.0977   15.2056
    0.0000   15.0000  -30.000012788.6338   15.2114
    7.5000   15.0000  -30.000012285.7285   15.1998
   -7.5000   22.5000  -30.000011696.6855   15.1538
    0.0000   22.5000  -30.000012217.9775   15.1590
    7.5000   22.5000  -30.000011714.6953   15.1445
   -7.5000   30.0000  -30.000010859.7197   14.9293
    0.0000   30.0000  -30.000011347.1387   14.9369
    7.5000   30.0000  -30.000010868.8809   14.9167
   -7.5000   37.5000  -30.000010359.3447   14.9477
    0.0000   37.5000  -30.000010798.7285   14.9597
    7.5000   37.5000  -30.000010337.4121   14.9373
   -7.5000   45.0000  -30.0000 9529.2852   14.6233
    0.0000   45.0000  -30.0000 9892.5088   14.6355
    7.5000   45.0000  -30.0000 9480.7236   14.6167
   -7.5000  -45.0000  -22.5000 9003.2939   15.7349
    0.0000  -45.0000  -22.5000 9424.6797   15.7462
    7.5000  -45.0000  -22.5000 9030.5566   15.7358
   -7.5000  -37.5000  -22.5000 9730.0342   15.7279
    0.0000  -37.5000  -22.500010184.5684   15.7339
    7.5000  -37.5000  -22.5000 9756.8828   15.7235
   -7.5000  -30.0000  -22.500010794.3057   15.6945
    0.0000  -30.0000  -22.500011293.1807   15.6967
    7.5000  -30.0000  -22.500010825.8750   15.6864
   -7.5000  -22.5000  -22.500011757.8701   15.6425
    0.0000  -22.5000  -22.500012308.3701   15.6447
    7.5000  -22.5000  -22.500011790.5908   15.6341
   -7.5000  -15.0000  -22.500012585.0010   15.6107
    0.0000  -15.0000  -22.500013163.3760   15.6171
    7.5000  -15.0000  -22.500012624.8535   15.6056
   -7.5000   -7.5000  -22.500013324.0049   15.6309
    0.0000   -7.5000  -22.500013964.2119   15.6424
    7.5000   -7.5000  -22.500013372.6973   15.6312
   -7.5000    0.0000  -22.500013927.9492   15.6817
    0.0000    0.0000  -22.500014608.3184   15.6929
    7.5000    0.0000  -22.500013983.9863   15.6822
   -7.5000    7.5000  -22.500013517.0439   15.7135
    0.0000    7.5000  -22.500014157.6777   15.7195
    7.5000    7.5000  -22.500013567.7354   15.7090
   -7.5000   15.0000  -22.500013074.5928   15.6945
    0.0000   15.0000  -22.500013690.1162   15.6967
    7.5000   15.0000  -22.500013116.0430   15.6864
   -7.5000   22.5000  -22.500012464.2793   15.6377
    0.0000   22.5000  -22.500013034.8496   15.6399
    7.5000   22.5000  -22.500012477.9141   15.6292
   -7.5000   30.0000  -22.500011574.1494   15.4065
    0.0000   30.0000  -22.500012093.3223   15.4128
    7.5000   30.0000  -22.500011575.8535   15.4015
   -7.5000   37.5000  -22.500011025.9229   15.4264
    0.0000   37.5000  -22.500011476.1992   15.4378
    7.5000   37.5000  -22.500011005.2432   15.4267
   -7.5000   45.0000  -22.500010104.8223   15.1022
    0.0000   45.0000  -22.500010470.3828   15.1130
    7.5000   45.0000  -22.500010043.5986   15.1027
   -7.5000  -45.0000  -15.0000 9636.4629   16.0995
    0.0000  -45.0000  -15.000010095.1523   16.1144
    7.5000  -45.0000  -15.0000 9674.7725   16.1107
   -7.5000  -37.5000  -15.000010401.8965   16.0937
    0.0000  -37.5000  -15.000010906.2090   16.1025
    7.5000  -37.5000  -15.000010440.6006   16.0941
   -7.5000  -30.0000  -15.000011536.5186   16.0732
    0.0000  -30.0000  -15.000012099.9609   16.0765
    7.5000  -30.0000  -15.000011584.1807   16.0646
   -7.5000  -22.5000  -15.000012538.2998   16.0312
    0.0000  -22.5000  -15.000013173.9463   16.0338
    7.5000  -22.5000  -15.000012604.4678   16.0226
   -7.5000  -15.0000  -15.000013403.1436   15.9977
    0.0000  -15.0000  -15.000014047.7109   16.0056
    7.5000  -15.0000  -15.000013469.4287   15.9984
   -7.5000   -7.5000  -15.000014141.4971   16.0058
    0.0000   -7.5000  -15.000014837.6514   16.0205
    7.5000   -7.5000  -15.000014224.8721   16.0169
   -7.5000    0.0000  -15.000014797.2207   16.0450
    0.0000    0.0000  -15.000015511.3760   16.0598
    7.5000    0.0000  -15.000014872.4336   16.0558
   -7.5000    7.5000  -15.000014398.9336   16.0789
    0.0000    7.5000  -15.000015108.1416   16.0877
    7.5000    7.5000  -15.000014479.3408   16.0793
   -7.5000   15.0000  -15.000013951.4580   16.0732
    0.0000   15.0000  -15.000014631.9355   16.0765
    7.5000   15.0000  -15.000014011.3105   16.0646
   -7.5000   22.5000  -15.000013247.8740   16.0255
    0.0000   22.5000  -15.000013860.3906   16.0281
    7.5000   22.5000  -15.000013262.8213   16.0170
   -7.5000   30.0000  -15.000012282.4355   15.7907
    0.0000   30.0000  -15.000012813.4209   15.7985
    7.5000   30.0000  -15.000012254.5732   15.7913
   -7.5000   37.5000  -15.000011678.6787   15.7987
    0.0000   37.5000  -15.000012142.7656   15.8132
    7.5000   37.5000  -15.000011630.0635   15.8096
   -7.5000   45.0000  -15.000010660.8887   15.4615
    0.0000   45.0000  -15.000011089.6318   15.4757
    7.5000   45.0000  -15.000010618.2002   15.4719
   -7.5000  -45.0000   -7.500010290.1650   16.3151
    0.0000  -45.0000   -7.500010793.2266   16.3355
    7.5000  -45.0000   -7.500010343.6465   16.3287
   -7.5000  -37.5000   -7.500011082.0615   16.3109
    0.0000  -37.5000   -7.500011639.8271   16.3257
    7.5000  -37.5000   -7.500011143.9492   16.3146
   -7.5000  -30.0000   -7.500012277.7041   16.3061
    0.0000  -30.0000   -7.500012910.8145   16.3143
    7.5000  -30.0000   -7.500012360.7129   16.2980
   -7.5000  -22.5000   -7.500013344.3047   16.2789
    0.0000  -22.5000   -7.500014060.2725   16.2846
    7.5000  -22.5000   -7.500013476.9805   16.2668
   -7.5000  -15.0000   -7.500014247.9951   16.2455
    0.0000  -15.0000   -7.500014987.1240   16.2557
    7.5000  -15.0000   -7.500014377.6699   16.2415
   -7.5000   -7.5000   -7.500014991.6270   16.2362
    0.0000   -7.5000   -7.500015748.5273   16.2545
    7.5000   -7.5000   -7.500015126.3379   16.2458
   -7.5000    0.0000   -7.500015699.8018   16.2595
    0.0000    0.0000   -7.500016474.3945   16.2798
    7.5000    0.0000   -7.500015824.2363   16.2727
   -7.5000    7.5000   -7.500015292.1348   16.2958
    0.0000    7.5000   -7.500016070.4756   16.3106
    7.5000    7.5000   -7.500015414.5635   16.2995
   -7.5000   15.0000   -7.500014787.1797   16.3061
    0.0000   15.0000   -7.500015536.3848   16.3143
    7.5000   15.0000   -7.500014886.7393   16.2980
   -7.5000   22.5000   -7.500014003.9902   16.2714
    0.0000   22.5000   -7.500014656.0996   16.2770
    7.5000   22.5000   -7.500014031.0684   16.2593
   -7.5000   30.0000   -7.500012968.8818   16.0348
    0.0000   30.0000   -7.500013545.7441   16.0449
    7.5000   30.0000   -7.500012970.5166   16.0309
   -7.5000   37.5000   -7.500012361.6475   16.0256
    0.0000   37.5000   -7.500012876.6504   16.0437
    7.5000   37.5000   -7.500012346.1494   16.0351
   -7.5000   45.0000   -7.500011264.5254   15.6711
    0.0000   45.0000   -7.500011743.3828   15.6907
    7.5000   45.0000   -7.500011270.3936   15.6838
   -7.5000  -45.0000    0.000010875.6602   16.3842
    0.0000  -45.0000    0.000011408.3262   16.4071
    7.5000  -45.0000    0.000010950.3223   16.3914
   -7.5000  -37.5000    0.000011686.7461   16.3787
    0.0000  -37.5000    0.000012263.5088   16.3970
    7.5000  -37.5000    0.000011764.4150   16.3817
   -7.5000  -30.0000    0.000012910.8301   16.3751
    0.0000  -30.0000    0.000013561.0010   16.3868
    7.5000  -30.0000    0.000013020.2461   16.3682
   -7.5000  -22.5000    0.000014048.8477   16.3526
    0.0000  -22.5000    0.000014767.4277   16.3605
    7.5000  -22.5000    0.000014174.2559   16.3372
   -7.5000  -15.0000    0.000015047.6953   16.3220
    0.0000  -15.0000    0.000015824.5527   16.3332
    7.5000  -15.0000    0.000015219.5410   16.3082
   -7.5000   -7.5000    0.000015806.6230   16.3091
    0.0000   -7.5000    0.000016618.8418   16.3286
    7.5000   -7.5000    0.000016025.8525   16.3077
   -7.5000    0.0000    0.000016511.7012   16.3280
    0.0000    0.0000    0.000017353.0938   16.3508
    7.5000    0.0000    0.000016749.9297   16.3348
   -7.5000    7.5000    0.000016058.3018   16.3635
    0.0000    7.5000    0.000016888.0078   16.3817
    7.5000    7.5000    0.000016283.8779   16.3664
   -7.5000   15.0000    0.000015507.5977   16.3751
    0.0000   15.0000    0.000016277.7559   16.3868
    7.5000   15.0000    0.000015670.1230   16.3682
   -7.5000   22.5000    0.000014636.5859   16.3451
    0.0000   22.5000    0.000015308.0332   16.3530
    7.5000   22.5000    0.000014727.1562   16.3296
   -7.5000   30.0000    0.000013544.0166   16.1108
    0.0000   30.0000    0.000014161.3799   16.1218
    7.5000   30.0000    0.000013626.4014   16.0972
   -7.5000   37.5000    0.000012941.9609   16.0980
    0.0000   37.5000    0.000013523.9316   16.1172
    7.5000   37.5000    0.000012990.4424   16.0967
   -7.5000   45.0000    0.000011865.3447   15.7383
    0.0000   45.0000    0.000012383.7451   15.7603
    7.5000   45.0000    0.000011903.4590   15.7449
   -7.5000  -45.0000    7.500010597.3730   16.3963
    0.0000  -45.0000    7.500011104.2266   16.4158
    7.5000  -45.0000    7.500010675.7607   16.3931
   -7.5000  -37.5000    7.500011380.1006   16.3871
    0.0000  -37.5000    7.500011941.0771   16.4027
    7.5000  -37.5000    7.500011470.7959   16.3854
   -7.5000  -30.0000    7.500012511.6191   16.3660
    0.0000  -30.0000    7.500013118.6416   16.3768
    7.5000  -30.0000    7.500012630.9795   16.3609
   -7.5000  -22.5000    7.500013660.2402   16.3304
    0.0000  -22.5000    7.500014307.1992   16.3385
    7.5000  -22.5000    7.500013745.3037   16.3172
   -7.5000  -15.0000    7.500014714.3613   16.3025
    0.0000  -15.0000    7.500015521.8799   16.3129
    7.5000  -15.0000    7.500014986.1494   16.2848
   -7.5000   -7.5000    7.500015507.3555   16.3062
    0.0000   -7.5000    7.500016352.8574   16.3230
    7.5000   -7.5000    7.500015898.3408   16.2948
   -7.5000    0.0000    7.500016195.7686   16.3400
    0.0000    0.0000    7.500017038.2285   16.3594
    7.5000    0.0000    7.500016593.8809   16.3365
   -7.5000    7.5000    7.500015746.0400   16.3720
    0.0000    7.5000    7.500016537.8535   16.3875
    7.5000    7.5000    7.500016098.3467   16.3701
   -7.5000   15.0000    7.500015201.2549   16.3660
    0.0000   15.0000    7.500015916.8076   16.3768
    7.5000   15.0000    7.500015455.6924   16.3609
   -7.5000   22.5000    7.500014309.1768   16.3229
    0.0000   22.5000    7.500014962.7197   16.3310
    7.5000   22.5000    7.500014457.4316   16.3096
   -7.5000   30.0000    7.500013184.7266   16.0916
    0.0000   30.0000    7.500013830.5332   16.1018
    7.5000   30.0000    7.500013313.0781   16.0741
   -7.5000   37.5000    7.500012598.8994   16.0952
    0.0000   37.5000    7.500013216.0566   16.1118
    7.5000   37.5000    7.500012662.5459   16.0839
   -7.5000   45.0000    7.500011538.4248   15.7499
    0.0000   45.0000    7.500012107.6338   15.7686
    7.5000   45.0000    7.500011598.5508   15.7465
   -7.5000  -45.0000   15.000010193.2285   16.3736
    0.0000  -45.0000   15.000010713.9697   16.3873
    7.5000  -45.0000   15.000010284.0771   16.3666
   -7.5000  -37.5000   15.000010938.5400   16.3645
    0.0000  -37.5000   15.000011488.9834   16.3740
    7.5000  -37.5000   15.000011053.3184   16.3584
   -7.5000  -30.0000   15.000012060.1797   16.3283
    0.0000  -30.0000   15.000012603.5742   16.3345
    7.5000  -30.0000   15.000012168.9141   16.3221
   -7.5000  -22.5000   15.000013165.0381   16.2766
    0.0000  -22.5000   15.000013724.8760   16.2822
    7.5000  -22.5000   15.000013298.7314   16.2666
   -7.5000  -15.0000   15.000014131.2393   16.2466
    0.0000  -15.0000   15.000014783.3613   16.2548
    7.5000  -15.0000   15.000014384.5322   16.2328
   -7.5000   -7.5000   15.000014959.6660   16.2666
    0.0000   -7.5000   15.000015721.2188   16.2797
    7.5000   -7.5000   15.000015281.4229   16.2553
   -7.5000    0.0000   15.000015718.0000   16.3178
    0.0000    0.0000   15.000016589.0020   16.3313
    7.5000    0.0000   15.000016070.4824   16.3104
   -7.5000    7.5000   15.000015275.7539   16.3494
    0.0000    7.5000   15.000016141.8750   16.3588
    7.5000    7.5000   15.000015577.7354   16.3433
   -7.5000   15.0000   15.000014681.3984   16.3283
    0.0000   15.0000   15.000015454.5156   16.3345
    7.5000   15.0000   15.000014896.2285   16.3221
   -7.5000   22.5000   15.000013766.0029   16.2691
    0.0000   22.5000   15.000014439.2031   16.2747
    7.5000   22.5000   15.000013891.0293   16.2591
   -7.5000   30.0000   15.000012673.0283   16.0364
    0.0000   30.0000   15.000013284.8105   16.0445
    7.5000   30.0000   15.000012767.2383   16.0227
   -7.5000   37.5000   15.000012138.5596   16.0561
    0.0000   37.5000   15.000012702.6406   16.0690
    7.5000   37.5000   15.000012198.0791   16.0450
   -7.5000   45.0000   15.000011145.7314   15.7285
    0.0000   45.0000   15.000011673.5176   15.7415
    7.5000   45.0000   15.000011206.3379   15.7214
   -7.5000  -45.0000   22.5000 9632.7441   16.3462
    0.0000  -45.0000   22.500010104.4482   16.3578
    7.5000  -45.0000   22.5000 9717.6826   16.3471
   -7.5000  -37.5000   22.500010355.3066   16.3389
    0.0000  -37.5000   22.500010866.9453   16.3450
    7.5000  -37.5000   22.500010457.9102   16.3342
   -7.5000  -30.0000   22.500011470.8486   16.3042
    0.0000  -30.0000   22.500012029.8115   16.3063
    7.5000  -30.0000   22.500011563.2158   16.2957
   -7.5000  -22.5000   22.500012541.6758   16.2501
    0.0000  -22.5000   22.500013162.6729   16.2523
    7.5000  -22.5000   22.500012679.4756   16.2413
   -7.5000  -15.0000   22.500013478.9170   16.2170
    0.0000  -15.0000   22.500014145.1914   16.2236
    7.5000  -15.0000   22.500013644.1992   16.2117
   -7.5000   -7.5000   22.500014303.1514   16.2380
    0.0000   -7.5000   22.500014991.6445   16.2498
    7.5000   -7.5000   22.500014433.6904   16.2383
   -7.5000    0.0000   22.500015006.7236   16.2908
    0.0000    0.0000   22.500015756.7793   16.3023
    7.5000    0.0000   22.500015158.9102   16.2913
   -7.5000    7.5000   22.500014557.4990   16.3239
    0.0000    7.5000   22.500015313.2861   16.3300
    7.5000    7.5000   22.500014740.3203   16.3192
   -7.5000   15.0000   22.500013984.2324   16.3042
    0.0000   15.0000   22.500014684.2393   16.3063
    7.5000   15.0000   22.500014140.3027   16.2957
   -7.5000   22.5000   22.500013094.5977   16.2426
    0.0000   22.5000   22.500013713.2520   16.2448
    7.5000   22.5000   22.500013190.9795   16.2338
   -7.5000   30.0000   22.500012096.8994   16.0071
    0.0000   30.0000   22.500012652.3906   16.0136
    7.5000   30.0000   22.500012150.5107   16.0019
   -7.5000   37.5000   22.500011591.6152   16.0278
    0.0000   37.5000   22.500012123.9297   16.0395
    7.5000   37.5000   22.500011642.0029   16.0281
   -7.5000   45.0000   22.500010632.8896   15.7024
    0.0000   45.0000   22.500011092.1162   15.7136
    7.5000   45.0000   22.500010655.8252   15.7029
   -7.5000  -45.0000   30.0000 8963.8438   16.3673
    0.0000  -45.0000   30.0000 9409.4834   16.3820
    7.5000  -45.0000   30.0000 9028.1729   16.3785
   -7.5000  -37.5000   30.0000 9672.9600   16.3612
    0.0000  -37.5000   30.000010175.1387   16.3698
    7.5000  -37.5000   30.0000 9754.3408   16.3614
   -7.5000  -30.0000   30.000010719.1973   16.3398
    0.0000  -30.0000   30.000011255.6357   16.3428
    7.5000  -30.0000   30.000010803.9805   16.3309
   -7.5000  -22.5000   30.000011686.3262   16.2967
    0.0000  -22.5000   30.000012253.7422   16.2990
    7.5000  -22.5000   30.000011803.5723   16.2879
   -7.5000  -15.0000   30.000012553.5176   16.2628
    0.0000  -15.0000   30.000013113.0596   16.2705
    7.5000  -15.0000   30.000012638.7529   16.2633
   -7.5000   -7.5000   30.000013337.7256   16.2715
    0.0000   -7.5000   30.000013913.7461   16.2861
    7.5000   -7.5000   30.000013394.0029   16.2826
   -7.5000    0.0000   30.000014010.6611   16.3118
    0.0000    0.0000   30.000014632.0264   16.3264
    7.5000    0.0000   30.000014085.6729   16.3225
   -7.5000    7.5000   30.000013610.7832   16.3461
    0.0000    7.5000   30.000014204.6406   16.3547
    7.5000    7.5000   30.000013694.3896   16.3463
   -7.5000   15.0000   30.000013114.7100   16.3398
    0.0000   15.0000   30.000013652.5410   16.3428
    7.5000   15.0000   30.000013189.3701   16.3309
   -7.5000   22.5000   30.000012272.0479   16.2892
    0.0000   22.5000   30.000012778.4434   16.2915
    7.5000   22.5000   30.000012318.1289   16.2804
   -7.5000   30.0000   30.000011365.7129   16.0523
    0.0000   30.0000   30.000011845.2539   16.0599
    7.5000   30.0000   30.000011395.8516   16.0528
   -7.5000   37.5000   30.000010902.0986   16.0609
    0.0000   37.5000   30.000011352.0479   16.0753
    7.5000   37.5000   30.000010919.1387   16.0718
   -7.5000   45.0000   30.0000 9970.2275   15.7227
    0.0000   45.0000   30.000010364.6279   15.7368
    7.5000   45.0000   30.0000 9964.0312   15.7331
   -7.5000  -45.0000   37.5000 8605.5518   16.5155
    0.0000  -45.0000   37.5000 9019.9844   16.5357
    7.5000  -45.0000   37.5000 8662.0713   16.5286
   -7.5000  -37.5000   37.5000 9271.3594   16.5128
    0.0000  -37.5000   37.5000 9730.9316   16.5275
    7.5000  -37.5000   37.5000 9347.6875   16.5160
   -7.5000  -30.0000   37.500010255.8232   16.5075
    0.0000  -30.0000   37.500010735.5059   16.5156
    7.5000  -30.0000   37.500010341.7305   16.4987
   -7.5000  -22.5000   37.500011179.9590   16.4792
    0.0000  -22.5000   37.500011693.7607   16.4843
    7.5000  -22.5000   37.500011278.3730   16.4659
   -7.5000  -15.0000   37.500012020.8115   16.4449
    0.0000  -15.0000   37.500012569.0000   16.4544
    7.5000  -15.0000   37.500012104.5684   16.4397
   -7.5000   -7.5000   37.500012781.8262   16.4360
    0.0000   -7.5000   37.500013359.5879   16.4538
    7.5000   -7.5000   37.500012872.4912   16.4447
   -7.5000    0.0000   37.500013460.2588   16.4604
    0.0000    0.0000   37.500014057.8164   16.4805
    7.5000    0.0000   37.500013548.2803   16.4730
   -7.5000    7.5000   37.500013093.5225   16.4975
    0.0000    7.5000   37.500013678.0850   16.5122
    7.5000    7.5000   37.500013194.7686   16.5007
   -7.5000   15.0000   37.500012642.3506   16.5075
    0.0000   15.0000   37.500013180.0322   16.5156
    7.5000   15.0000   37.500012709.4072   16.4987
   -7.5000   22.5000   37.500011844.5479   16.4716
    0.0000   22.5000   37.500012350.4346   16.4767
    7.5000   22.5000   37.500011878.6621   16.4584
   -7.5000   30.0000   37.500010969.6475   16.2320
    0.0000   30.0000   37.500011436.9365   16.2415
    7.5000   30.0000   37.500010996.6855   16.2270
   -7.5000   37.5000   37.500010539.0488   16.2233
    0.0000   37.5000   37.500010977.0977   16.2408
    7.5000   37.5000   37.500010545.7627   16.2319
   -7.5000   45.0000   37.5000 9656.8340   15.8659
    0.0000   45.0000   37.500010035.8828   15.8853
    7.5000   45.0000   37.5000 9643.7930   15.8781
   -7.5000  -45.0000   45.0000 7841.3784   16.6793
    0.0000  -45.0000   45.0000 8229.7119   16.7035
    7.5000  -45.0000   45.0000 7916.8691   16.6885
   -7.5000  -37.5000   45.0000 8434.4404   16.6745
    0.0000  -37.5000   45.0000 8861.6299   16.6937
    7.5000  -37.5000   45.0000 8529.9082   16.6790
   -7.5000  -30.0000   45.0000 9332.3545   16.6688
    0.0000  -30.0000   45.0000 9786.2559   16.6812
    7.5000  -30.0000   45.0000 9417.3555   16.6631
   -7.5000  -22.5000   45.000010168.1836   16.6453
    0.0000  -22.5000   45.000010654.2490   16.6538
    7.5000  -22.5000   45.000010258.3662   16.6311
   -7.5000  -15.0000   45.000010946.2295   16.6153
    0.0000  -15.0000   45.000011470.1172   16.6272
    7.5000  -15.0000   45.000011038.9932   16.6031
   -7.5000   -7.5000   45.000011640.8691   16.6040
    0.0000   -7.5000   45.000012179.1279   16.6246
    7.5000   -7.5000   45.000011732.3467   16.6047
   -7.5000    0.0000   45.000012238.5117   16.6241
    0.0000    0.0000   45.000012804.1113   16.6481
    7.5000    0.0000   45.000012336.2793   16.6329
   -7.5000    7.5000   45.000011933.1797   16.6590
    0.0000    7.5000   45.000012486.7129   16.6781
    7.5000    7.5000   45.000012037.9395   16.6634
   -7.5000   15.0000   45.000011572.0215   16.6688
    0.0000   15.0000   45.000012086.6709   16.6812
    7.5000   15.0000   45.000011639.0479   16.6631
   -7.5000   22.5000   45.000010853.7510   16.6376
    0.0000   22.5000   45.000011342.5811   16.6461
    7.5000   22.5000   45.000010903.7969   16.6234
   -7.5000   30.0000   45.000010067.6738   16.3988
    0.0000   30.0000   45.000010511.8623   16.4106
    7.5000   30.0000   45.000010110.4189   16.3868
   -7.5000   37.5000   45.0000 9660.0820   16.3877
    0.0000   37.5000   45.000010073.5029   16.4080
    7.5000   37.5000   45.0000 9705.2256   16.3883
   -7.5000   45.0000   45.0000 8874.5186   16.0310
    0.0000   45.0000   45.0000 9247.8447   16.0541
    7.5000   45.0000   45.0000 8918.9014   16.0395

---------------------------------------------------------------------
imgreg_4dfp /opt/freesurfer/average/711-2C_as_mni_average_305 /opt/freesurfer/average/711-2B_as_mni_average_305_mask talsrcimg_g11 none talsrcimg_to_711-2C_as_mni_average_305_t4 4355
---------------------------------------------------------------------

freesurfer imgreg_4dfp.c
/opt/freesurfer/average/711-2C_as_mni_average_305.4dfp.img
       256       256       256         1
  1.000000  1.000000  1.000000
orientation T byte_order littleendian
Reading image: /opt/freesurfer/average/711-2C_as_mni_average_305.4dfp.img
dimensions:      256       256       256
mmppix:       1.0000   -1.0000   -1.0000
center:     128.0000 -129.0000 -129.0000
/opt/freesurfer/average/711-2B_as_mni_average_305_mask.4dfp.img
       256       256       256         1
  1.000000  1.000000  1.000000
orientation T byte_order littleendian
Reading mask: /opt/freesurfer/average/711-2B_as_mni_average_305_mask.4dfp.img (2306576 pixels)
talsrcimg_g11.4dfp.img
       256       256       256         1
  1.000000  1.000000  1.000000
orientation T byte_order littleendian
Reading image: talsrcimg_g11.4dfp.img
dimensions:      256       256       256
mmppix:       1.0000   -1.0000   -1.0000
center:     128.0000 -129.0000 -129.0000
rotation matrix determinant  1.000000
image alignment mode   4355 decimal     1103 hex
   -7.5000  -45.0000  -45.0000 1927.1562   17.9652
    0.0000  -45.0000  -45.0000 1945.0529   17.7497
    7.5000  -45.0000  -45.0000 1932.0116   17.8682
   -7.5000  -37.5000  -45.0000 2025.2637   16.2999
    0.0000  -37.5000  -45.0000 2049.0737   16.1119
    7.5000  -37.5000  -45.0000 2035.5693   16.1781
   -7.5000  -30.0000  -45.0000 2116.7769   14.9610
    0.0000  -30.0000  -45.0000 2141.4573   14.8315
    7.5000  -30.0000  -45.0000 2129.2629   14.9327
   -7.5000  -22.5000  -45.0000 2185.2483   13.9591
    0.0000  -22.5000  -45.0000 2205.4785   13.8088
    7.5000  -22.5000  -45.0000 2196.7957   13.8958
   -7.5000  -15.0000  -45.0000 2221.1533   13.2127
    0.0000  -15.0000  -45.0000 2244.4490   13.0840
    7.5000  -15.0000  -45.0000 2234.4126   13.1738
   -7.5000   -7.5000  -45.0000 2240.7937   12.7652
    0.0000   -7.5000  -45.0000 2262.0002   12.6434
    7.5000   -7.5000  -45.0000 2250.8499   12.7441
   -7.5000    0.0000  -45.0000 2242.8506   12.6315
    0.0000    0.0000  -45.0000 2262.7429   12.4701
    7.5000    0.0000  -45.0000 2253.1665   12.5715
   -7.5000    7.5000  -45.0000 2235.4509   12.7296
    0.0000    7.5000  -45.0000 2254.7561   12.5804
    7.5000    7.5000  -45.0000 2242.7107   12.7103
   -7.5000   15.0000  -45.0000 2203.3474   13.2090
    0.0000   15.0000  -45.0000 2227.6096   13.0353
    7.5000   15.0000  -45.0000 2215.7395   13.1519
   -7.5000   22.5000  -45.0000 2157.9600   13.9407
    0.0000   22.5000  -45.0000 2187.7117   13.7450
    7.5000   22.5000  -45.0000 2178.1782   13.8847
   -7.5000   30.0000  -45.0000 2089.9824   14.9838
    0.0000   30.0000  -45.0000 2120.1023   14.7788
    7.5000   30.0000  -45.0000 2109.6985   14.9172
   -7.5000   37.5000  -45.0000 2005.3269   16.3103
    0.0000   37.5000  -45.0000 2034.9231   16.0750
    7.5000   37.5000  -45.0000 2024.7065   16.2598
   -7.5000   45.0000  -45.0000 1896.2396   18.0599
    0.0000   45.0000  -45.0000 1922.7349   17.8128
    7.5000   45.0000  -45.0000 1911.7178   18.0090
   -7.5000  -45.0000  -37.5000 1997.1779   16.7249
    0.0000  -45.0000  -37.5000 2018.5609   16.5294
    7.5000  -45.0000  -37.5000 2008.3925   16.6243
   -7.5000  -37.5000  -37.5000 2114.0503   15.1481
    0.0000  -37.5000  -37.5000 2141.1440   15.0105
    7.5000  -37.5000  -37.5000 2126.7205   15.0747
   -7.5000  -30.0000  -37.5000 2209.0576   13.8852
    0.0000  -30.0000  -37.5000 2232.6123   13.7493
    7.5000  -30.0000  -37.5000 2219.9631   13.8528
   -7.5000  -22.5000  -37.5000 2280.2205   12.9167
    0.0000  -22.5000  -37.5000 2299.7085   12.8006
    7.5000  -22.5000  -37.5000 2287.8638   12.8735
   -7.5000  -15.0000  -37.5000 2322.5203   12.2258
    0.0000  -15.0000  -37.5000 2348.4819   12.0973
    7.5000  -15.0000  -37.5000 2332.6855   12.1500
   -7.5000   -7.5000  -37.5000 2345.7529   11.8139
    0.0000   -7.5000  -37.5000 2371.3137   11.6831
    7.5000   -7.5000  -37.5000 2358.7102   11.7594
   -7.5000    0.0000  -37.5000 2347.8577   11.6865
    0.0000    0.0000  -37.5000 2371.5393   11.5491
    7.5000    0.0000  -37.5000 2361.5151   11.6293
   -7.5000    7.5000  -37.5000 2333.3262   11.7980
    0.0000    7.5000  -37.5000 2356.7927   11.6652
    7.5000    7.5000  -37.5000 2348.1987   11.7586
   -7.5000   15.0000  -37.5000 2302.8386   12.2098
    0.0000   15.0000  -37.5000 2333.9465   12.0339
    7.5000   15.0000  -37.5000 2322.8215   12.1216
   -7.5000   22.5000  -37.5000 2258.3643   12.8962
    0.0000   22.5000  -37.5000 2285.6331   12.6941
    7.5000   22.5000  -37.5000 2276.4207   12.7820
   -7.5000   30.0000  -37.5000 2183.3657   13.8608
    0.0000   30.0000  -37.5000 2211.5303   13.6458
    7.5000   30.0000  -37.5000 2201.0483   13.7316
   -7.5000   37.5000  -37.5000 2087.1736   15.0881
    0.0000   37.5000  -37.5000 2117.8511   14.8758
    7.5000   37.5000  -37.5000 2106.4570   14.9984
   -7.5000   45.0000  -37.5000 1971.0344   16.7075
    0.0000   45.0000  -37.5000 1999.0798   16.4805
    7.5000   45.0000  -37.5000 1984.9502   16.6301
   -7.5000  -45.0000  -30.0000 2116.0649   16.1010
    0.0000  -45.0000  -30.0000 2135.9221   15.9602
    7.5000  -45.0000  -30.0000 2122.8911   16.0294
   -7.5000  -37.5000  -30.0000 2237.0798   14.5923
    0.0000  -37.5000  -30.0000 2262.1934   14.4449
    7.5000  -37.5000  -30.0000 2247.6633   14.5085
   -7.5000  -30.0000  -30.0000 2335.3628   13.3338
    0.0000  -30.0000  -30.0000 2360.9639   13.1972
    7.5000  -30.0000  -30.0000 2346.3157   13.2733
   -7.5000  -22.5000  -30.0000 2411.6045   12.3578
    0.0000  -22.5000  -30.0000 2435.4382   12.2344
    7.5000  -22.5000  -30.0000 2423.6304   12.3132
   -7.5000  -15.0000  -30.0000 2464.0767   11.6718
    0.0000  -15.0000  -30.0000 2489.6289   11.5598
    7.5000  -15.0000  -30.0000 2472.9482   11.6245
   -7.5000   -7.5000  -30.0000 2495.0835   11.2848
    0.0000   -7.5000  -30.0000 2527.3921   11.1522
    7.5000   -7.5000  -30.0000 2510.8191   11.2242
   -7.5000    0.0000  -30.0000 2503.6218   11.1846
    0.0000    0.0000  -30.0000 2530.8145   11.0561
    7.5000    0.0000  -30.0000 2520.7351   11.1059
   -7.5000    7.5000  -30.0000 2489.7537   11.3230
    0.0000    7.5000  -30.0000 2520.2849   11.1754
    7.5000    7.5000  -30.0000 2507.1714   11.2419
   -7.5000   15.0000  -30.0000 2454.1116   11.7077
    0.0000   15.0000  -30.0000 2490.7366   11.5669
    7.5000   15.0000  -30.0000 2475.5388   11.6272
   -7.5000   22.5000  -30.0000 2401.7698   12.3389
    0.0000   22.5000  -30.0000 2438.0588   12.1788
    7.5000   22.5000  -30.0000 2422.8425   12.2352
   -7.5000   30.0000  -30.0000 2317.1008   13.2356
    0.0000   30.0000  -30.0000 2353.4763   13.0548
    7.5000   30.0000  -30.0000 2340.3630   13.1241
   -7.5000   37.5000  -30.0000 2212.1611   14.4020
    0.0000   37.5000  -30.0000 2245.6646   14.2015
    7.5000   37.5000  -30.0000 2233.0396   14.3310
   -7.5000   45.0000  -30.0000 2088.2568   15.9807
    0.0000   45.0000  -30.0000 2113.2634   15.7532
    7.5000   45.0000  -30.0000 2102.5642   15.8824
   -7.5000  -45.0000  -22.5000 2202.0276   15.3992
    0.0000  -45.0000  -22.5000 2225.1526   15.2550
    7.5000  -45.0000  -22.5000 2209.7031   15.3697
   -7.5000  -37.5000  -22.5000 2327.0730   13.8884
    0.0000  -37.5000  -22.5000 2355.9229   13.7492
    7.5000  -37.5000  -22.5000 2336.4910   13.8494
   -7.5000  -30.0000  -22.5000 2434.0435   12.6844
    0.0000  -30.0000  -22.5000 2456.9810   12.5794
    7.5000  -30.0000  -22.5000 2442.9561   12.6753
   -7.5000  -22.5000  -22.5000 2514.1626   11.7291
    0.0000  -22.5000  -22.5000 2539.7871   11.6377
    7.5000  -22.5000  -22.5000 2526.0667   11.6971
   -7.5000  -15.0000  -22.5000 2575.7253   11.0669
    0.0000  -15.0000  -22.5000 2604.5125   10.9590
    7.5000  -15.0000  -22.5000 2591.4185   11.0240
   -7.5000   -7.5000  -22.5000 2623.4299   10.6919
    0.0000   -7.5000  -22.5000 2653.3547   10.5613
    7.5000   -7.5000  -22.5000 2636.2751   10.6303
   -7.5000    0.0000  -22.5000 2635.6865   10.5822
    0.0000    0.0000  -22.5000 2668.8403   10.4612
    7.5000    0.0000  -22.5000 2651.8325   10.5124
   -7.5000    7.5000  -22.5000 2622.2017   10.7328
    0.0000    7.5000  -22.5000 2656.8691   10.5956
    7.5000    7.5000  -22.5000 2640.4504   10.6585
   -7.5000   15.0000  -22.5000 2582.7954   11.1289
    0.0000   15.0000  -22.5000 2625.2234   10.9839
    7.5000   15.0000  -22.5000 2605.2056   11.0356
   -7.5000   22.5000  -22.5000 2521.5898   11.7320
    0.0000   22.5000  -22.5000 2561.9495   11.5786
    7.5000   22.5000  -22.5000 2544.3650   11.6214
   -7.5000   30.0000  -22.5000 2430.9521   12.5605
    0.0000   30.0000  -22.5000 2468.6301   12.3930
    7.5000   30.0000  -22.5000 2451.0125   12.4549
   -7.5000   37.5000  -22.5000 2317.9238   13.6746
    0.0000   37.5000  -22.5000 2351.5845   13.4897
    7.5000   37.5000  -22.5000 2338.7568   13.5968
   -7.5000   45.0000  -22.5000 2180.9292   15.1518
    0.0000   45.0000  -22.5000 2205.4697   14.9580
    7.5000   45.0000  -22.5000 2197.0156   15.0796
   -7.5000  -45.0000  -15.0000 2253.8999   14.7739
    0.0000  -45.0000  -15.0000 2277.6289   14.6654
    7.5000  -45.0000  -15.0000 2261.7166   14.7937
   -7.5000  -37.5000  -15.0000 2381.2820   13.2978
    0.0000  -37.5000  -15.0000 2404.2666   13.1959
    7.5000  -37.5000  -15.0000 2388.4092   13.3080
   -7.5000  -30.0000  -15.0000 2493.5239   12.0851
    0.0000  -30.0000  -15.0000 2518.9958   12.0016
    7.5000  -30.0000  -15.0000 2501.7922   12.1029
   -7.5000  -22.5000  -15.0000 2584.7432   11.1608
    0.0000  -22.5000  -15.0000 2613.0269   11.0788
    7.5000  -22.5000  -15.0000 2596.9290   11.1557
   -7.5000  -15.0000  -15.0000 2657.5225   10.5254
    0.0000  -15.0000  -15.0000 2682.4792   10.4263
    7.5000  -15.0000  -15.0000 2671.8760   10.4889
   -7.5000   -7.5000  -15.0000 2708.0447   10.1320
    0.0000   -7.5000  -15.0000 2743.3943   10.0246
    7.5000   -7.5000  -15.0000 2727.3027   10.0946
   -7.5000    0.0000  -15.0000 2732.9629   10.0127
    0.0000    0.0000  -15.0000 2767.4692    9.8909
    7.5000    0.0000  -15.0000 2752.9158    9.9560
   -7.5000    7.5000  -15.0000 2724.5901   10.1810
    0.0000    7.5000  -15.0000 2763.3018   10.0481
    7.5000    7.5000  -15.0000 2749.0759   10.1163
   -7.5000   15.0000  -15.0000 2686.0422   10.5876
    0.0000   15.0000  -15.0000 2729.0552   10.4561
    7.5000   15.0000  -15.0000 2710.7834   10.5115
   -7.5000   22.5000  -15.0000 2611.5767   11.1835
    0.0000   22.5000  -15.0000 2653.7725   11.0381
    7.5000   22.5000  -15.0000 2638.2925   11.0883
   -7.5000   30.0000  -15.0000 2510.7908   11.9662
    0.0000   30.0000  -15.0000 2545.9939   11.8135
    7.5000   30.0000  -15.0000 2529.1233   11.8720
   -7.5000   37.5000  -15.0000 2389.9692   13.0249
    0.0000   37.5000  -15.0000 2420.1035   12.8786
    7.5000   37.5000  -15.0000 2405.6155   12.9540
   -7.5000   45.0000  -15.0000 2244.5723   14.4727
    0.0000   45.0000  -15.0000 2276.7136   14.3131
    7.5000   45.0000  -15.0000 2261.3552   14.4119
   -7.5000  -45.0000   -7.5000 2278.9937   14.3420
    0.0000  -45.0000   -7.5000 2303.3008   14.2263
    7.5000  -45.0000   -7.5000 2285.8250   14.3749
   -7.5000  -37.5000   -7.5000 2403.5286   12.8345
    0.0000  -37.5000   -7.5000 2429.0356   12.7387
    7.5000  -37.5000   -7.5000 2415.1975   12.8669
   -7.5000  -30.0000   -7.5000 2527.7812   11.6498
    0.0000  -30.0000   -7.5000 2555.0571   11.5553
    7.5000  -30.0000   -7.5000 2537.5164   11.6623
   -7.5000  -22.5000   -7.5000 2630.5671   10.7284
    0.0000  -22.5000   -7.5000 2662.0830   10.6322
    7.5000  -22.5000   -7.5000 2645.8357   10.7342
   -7.5000  -15.0000   -7.5000 2716.0330   10.0864
    0.0000  -15.0000   -7.5000 2750.0193    9.9842
    7.5000  -15.0000   -7.5000 2735.5171   10.0778
   -7.5000   -7.5000   -7.5000 2779.4463    9.6828
    0.0000   -7.5000   -7.5000 2818.6099    9.5753
    7.5000   -7.5000   -7.5000 2801.6636    9.6583
   -7.5000    0.0000   -7.5000 2817.2141    9.5632
    0.0000    0.0000   -7.5000 2861.4370    9.4266
    7.5000    0.0000   -7.5000 2844.5999    9.5006
   -7.5000    7.5000   -7.5000 2814.2705    9.7155
    0.0000    7.5000   -7.5000 2857.6055    9.5756
    7.5000    7.5000   -7.5000 2841.8379    9.6488
   -7.5000   15.0000   -7.5000 2761.1897   10.1118
    0.0000   15.0000   -7.5000 2806.2764    9.9689
    7.5000   15.0000   -7.5000 2791.8667   10.0324
   -7.5000   22.5000   -7.5000 2673.8555   10.7102
    0.0000   22.5000   -7.5000 2716.8726   10.5524
    7.5000   22.5000   -7.5000 2705.3428   10.6134
   -7.5000   30.0000   -7.5000 2562.8162   11.4966
    0.0000   30.0000   -7.5000 2601.5173   11.3425
    7.5000   30.0000   -7.5000 2590.7505   11.4100
   -7.5000   37.5000   -7.5000 2435.8296   12.5230
    0.0000   37.5000   -7.5000 2466.9546   12.3913
    7.5000   37.5000   -7.5000 2453.9058   12.4703
   -7.5000   45.0000   -7.5000 2285.6233   13.9195
    0.0000   45.0000   -7.5000 2319.8076   13.7559
    7.5000   45.0000   -7.5000 2307.0459   13.8690
   -7.5000  -45.0000    0.0000 2291.7224   14.1006
    0.0000  -45.0000    0.0000 2317.0962   13.9748
    7.5000  -45.0000    0.0000 2297.3987   14.1372
   -7.5000  -37.5000    0.0000 2415.1282   12.5669
    0.0000  -37.5000    0.0000 2442.8823   12.4317
    7.5000  -37.5000    0.0000 2424.2371   12.5916
   -7.5000  -30.0000    0.0000 2536.0972   11.3664
    0.0000  -30.0000    0.0000 2568.1658   11.2508
    7.5000  -30.0000    0.0000 2551.1846   11.3772
   -7.5000  -22.5000    0.0000 2649.3623   10.4428
    0.0000  -22.5000    0.0000 2685.2983   10.3215
    7.5000  -22.5000    0.0000 2669.2310   10.4456
   -7.5000  -15.0000    0.0000 2756.1423    9.8250
    0.0000  -15.0000    0.0000 2797.1497    9.7069
    7.5000  -15.0000    0.0000 2779.2920    9.8117
   -7.5000   -7.5000    0.0000 2834.8743    9.4077
    0.0000   -7.5000    0.0000 2886.6375    9.2779
    7.5000   -7.5000    0.0000 2866.8706    9.3886
   -7.5000    0.0000    0.0000 2874.7446    9.2646
    0.0000    0.0000    0.0000 2934.9541    9.1059
    7.5000    0.0000    0.0000 2917.6729    9.2210
   -7.5000    7.5000    0.0000 2872.6973    9.4074
    0.0000    7.5000    0.0000 2927.9697    9.2613
    7.5000    7.5000    0.0000 2912.4048    9.3579
   -7.5000   15.0000    0.0000 2814.8538    9.7716
    0.0000   15.0000    0.0000 2866.0203    9.6135
    7.5000   15.0000    0.0000 2851.6829    9.6997
   -7.5000   22.5000    0.0000 2721.4954   10.3592
    0.0000   22.5000    0.0000 2765.2869   10.1845
    7.5000   22.5000    0.0000 2754.6104   10.2761
   -7.5000   30.0000    0.0000 2599.0764   11.1577
    0.0000   30.0000    0.0000 2638.5171   10.9842
    7.5000   30.0000    0.0000 2627.8003   11.0865
   -7.5000   37.5000    0.0000 2461.9055   12.1901
    0.0000   37.5000    0.0000 2498.2944   12.0243
    7.5000   37.5000    0.0000 2484.0354   12.1331
   -7.5000   45.0000    0.0000 2309.0291   13.5479
    0.0000   45.0000    0.0000 2344.9678   13.3615
    7.5000   45.0000    0.0000 2332.9197   13.4939
   -7.5000  -45.0000    7.5000 2293.9150   14.0067
    0.0000  -45.0000    7.5000 2319.8784   13.8143
    7.5000  -45.0000    7.5000 2304.1621   14.0200
   -7.5000  -37.5000    7.5000 2417.9302   12.4813
    0.0000  -37.5000    7.5000 2446.0693   12.2980
    7.5000  -37.5000    7.5000 2428.2854   12.4511
   -7.5000  -30.0000    7.5000 2539.6316   11.2255
    0.0000  -30.0000    7.5000 2569.9473   11.0833
    7.5000  -30.0000    7.5000 2557.8120   11.2473
   -7.5000  -22.5000    7.5000 2663.1372   10.2593
    0.0000  -22.5000    7.5000 2697.1438   10.1286
    7.5000  -22.5000    7.5000 2681.8997   10.2716
   -7.5000  -15.0000    7.5000 2781.4404    9.6615
    0.0000  -15.0000    7.5000 2821.1604    9.5293
    7.5000  -15.0000    7.5000 2805.1873    9.6413
   -7.5000   -7.5000    7.5000 2868.0510    9.2913
    0.0000   -7.5000    7.5000 2927.7769    9.1841
    7.5000   -7.5000    7.5000 2911.8855    9.3083
   -7.5000    0.0000    7.5000 2918.2737    9.1365
    0.0000    0.0000    7.5000 2990.6826    8.9954
    7.5000    0.0000    7.5000 2971.9417    9.1723
   -7.5000    7.5000    7.5000 2911.6074    9.2648
    0.0000    7.5000    7.5000 2973.3428    9.1280
    7.5000    7.5000    7.5000 2959.9504    9.2871
   -7.5000   15.0000    7.5000 2844.1609    9.6061
    0.0000   15.0000    7.5000 2894.9932    9.4545
    7.5000   15.0000    7.5000 2886.2996    9.5675
   -7.5000   22.5000    7.5000 2748.4814   10.1352
    0.0000   22.5000    7.5000 2792.3462    9.9720
    7.5000   22.5000    7.5000 2782.7468   10.0669
   -7.5000   30.0000    7.5000 2615.4595   10.9122
    0.0000   30.0000    7.5000 2658.2957   10.7620
    7.5000   30.0000    7.5000 2647.4521   10.8366
   -7.5000   37.5000    7.5000 2473.3474   11.9550
    0.0000   37.5000    7.5000 2512.4258   11.8043
    7.5000   37.5000    7.5000 2494.6992   11.8871
   -7.5000   45.0000    7.5000 2315.6953   13.3025
    0.0000   45.0000    7.5000 2352.3362   13.1716
    7.5000   45.0000    7.5000 2340.4790   13.2615
   -7.5000  -45.0000   15.0000 2288.2712   14.1247
    0.0000  -45.0000   15.0000 2318.0991   13.9286
    7.5000  -45.0000   15.0000 2298.7830   14.1176
   -7.5000  -37.5000   15.0000 2409.9683   12.5442
    0.0000  -37.5000   15.0000 2442.9409   12.3396
    7.5000  -37.5000   15.0000 2427.3250   12.5312
   -7.5000  -30.0000   15.0000 2534.4688   11.2706
    0.0000  -30.0000   15.0000 2565.4980   11.0775
    7.5000  -30.0000   15.0000 2555.3916   11.2702
   -7.5000  -22.5000   15.0000 2660.4053   10.3237
    0.0000  -22.5000   15.0000 2693.8362   10.1222
    7.5000  -22.5000   15.0000 2683.7070   10.3177
   -7.5000  -15.0000   15.0000 2776.6592    9.6854
    0.0000  -15.0000   15.0000 2817.8560    9.5055
    7.5000  -15.0000   15.0000 2810.5684    9.6883
   -7.5000   -7.5000   15.0000 2863.5688    9.3124
    0.0000   -7.5000   15.0000 2921.6970    9.1743
    7.5000   -7.5000   15.0000 2909.1631    9.3407
   -7.5000    0.0000   15.0000 2907.7898    9.2227
    0.0000    0.0000   15.0000 2984.5696    9.1106
    7.5000    0.0000   15.0000 2966.6089    9.2317
   -7.5000    7.5000   15.0000 2898.4050    9.3115
    0.0000    7.5000   15.0000 2975.8403    9.2176
    7.5000    7.5000   15.0000 2952.2234    9.3172
   -7.5000   15.0000   15.0000 2835.1443    9.5691
    0.0000   15.0000   15.0000 2893.7166    9.4602
    7.5000   15.0000   15.0000 2882.3928    9.5327
   -7.5000   22.5000   15.0000 2741.9617   10.0735
    0.0000   22.5000   15.0000 2788.7014    9.9312
    7.5000   22.5000   15.0000 2781.0469   10.0084
   -7.5000   30.0000   15.0000 2610.5884   10.8371
    0.0000   30.0000   15.0000 2651.0054   10.6823
    7.5000   30.0000   15.0000 2642.9714   10.7650
   -7.5000   37.5000   15.0000 2472.3577   11.8927
    0.0000   37.5000   15.0000 2509.4888   11.7223
    7.5000   37.5000   15.0000 2497.3408   11.8207
   -7.5000   45.0000   15.0000 2309.7212   13.2763
    0.0000   45.0000   15.0000 2348.3789   13.0676
    7.5000   45.0000   15.0000 2338.2949   13.1984
   -7.5000  -45.0000   22.5000 2272.3862   14.3966
    0.0000  -45.0000   22.5000 2303.8965   14.1312
    7.5000  -45.0000   22.5000 2288.6484   14.3316
   -7.5000  -37.5000   22.5000 2396.1130   12.8193
    0.0000  -37.5000   22.5000 2429.3342   12.5731
    7.5000  -37.5000   22.5000 2421.1018   12.7580
   -7.5000  -30.0000   22.5000 2520.1794   11.5854
    0.0000  -30.0000   22.5000 2557.0762   11.3789
    7.5000  -30.0000   22.5000 2549.2615   11.5340
   -7.5000  -22.5000   22.5000 2646.7163   10.6647
    0.0000  -22.5000   22.5000 2683.9385   10.4737
    7.5000  -22.5000   22.5000 2676.4099   10.6256
   -7.5000  -15.0000   22.5000 2755.1006    9.9955
    0.0000  -15.0000   22.5000 2798.4768    9.8647
    7.5000  -15.0000   22.5000 2789.2432   10.0105
   -7.5000   -7.5000   22.5000 2833.6338    9.6116
    0.0000   -7.5000   22.5000 2885.4041    9.4738
    7.5000   -7.5000   22.5000 2873.8337    9.6025
   -7.5000    0.0000   22.5000 2866.6233    9.4907
    0.0000    0.0000   22.5000 2929.9807    9.3541
    7.5000    0.0000   22.5000 2916.6511    9.4722
   -7.5000    7.5000   22.5000 2855.1091    9.5504
    0.0000    7.5000   22.5000 2915.7585    9.4439
    7.5000    7.5000   22.5000 2903.3467    9.5499
   -7.5000   15.0000   22.5000 2794.5698    9.8416
    0.0000   15.0000   22.5000 2842.3796    9.7417
    7.5000   15.0000   22.5000 2836.6963    9.8164
   -7.5000   22.5000   22.5000 2704.3606   10.3215
    0.0000   22.5000   22.5000 2744.2981   10.2016
    7.5000   22.5000   22.5000 2740.8525   10.2683
   -7.5000   30.0000   22.5000 2583.5234   11.0353
    0.0000   30.0000   22.5000 2622.6714   10.8885
    7.5000   30.0000   22.5000 2615.6931   10.9639
   -7.5000   37.5000   22.5000 2449.0762   12.0284
    0.0000   37.5000   22.5000 2489.7712   11.8591
    7.5000   37.5000   22.5000 2481.3979   11.9454
   -7.5000   45.0000   22.5000 2293.5017   13.3598
    0.0000   45.0000   22.5000 2327.5713   13.1463
    7.5000   45.0000   22.5000 2321.0674   13.2318
   -7.5000  -45.0000   30.0000 2244.0955   14.9231
    0.0000  -45.0000   30.0000 2270.7502   14.6598
    7.5000  -45.0000   30.0000 2258.6104   14.8336
   -7.5000  -37.5000   30.0000 2370.6577   13.3412
    0.0000  -37.5000   30.0000 2407.0347   13.1279
    7.5000  -37.5000   30.0000 2394.7295   13.2700
   -7.5000  -30.0000   30.0000 2497.0293   12.1197
    0.0000  -30.0000   30.0000 2535.3005   11.9099
    7.5000  -30.0000   30.0000 2524.8806   12.0367
   -7.5000  -22.5000   30.0000 2614.0811   11.1796
    0.0000  -22.5000   30.0000 2654.0100   10.9979
    7.5000  -22.5000   30.0000 2647.8958   11.1320
   -7.5000  -15.0000   30.0000 2708.8967   10.5117
    0.0000  -15.0000   30.0000 2754.7285   10.3335
    7.5000  -15.0000   30.0000 2747.3250   10.4629
   -7.5000   -7.5000   30.0000 2777.7532   10.1122
    0.0000   -7.5000   30.0000 2827.9893    9.9307
    7.5000   -7.5000   30.0000 2817.9419   10.0348
   -7.5000    0.0000   30.0000 2801.1660    9.9781
    0.0000    0.0000   30.0000 2857.3704    9.8160
    7.5000    0.0000   30.0000 2846.3552    9.9224
   -7.5000    7.5000   30.0000 2782.5034   10.0267
    0.0000    7.5000   30.0000 2839.3474    9.8659
    7.5000    7.5000   30.0000 2826.7170    9.9838
   -7.5000   15.0000   30.0000 2722.2671   10.3101
    0.0000   15.0000   30.0000 2766.3914   10.1566
    7.5000   15.0000   30.0000 2760.5010   10.2470
   -7.5000   22.5000   30.0000 2636.1943   10.7856
    0.0000   22.5000   30.0000 2676.7493   10.6293
    7.5000   22.5000   30.0000 2671.9805   10.7080
   -7.5000   30.0000   30.0000 2526.6270   11.4823
    0.0000   30.0000   30.0000 2567.1738   11.3140
    7.5000   30.0000   30.0000 2564.2842   11.3912
   -7.5000   37.5000   30.0000 2407.0273   12.3843
    0.0000   37.5000   30.0000 2444.1082   12.1940
    7.5000   37.5000   30.0000 2441.9470   12.2875
   -7.5000   45.0000   30.0000 2264.8337   13.6391
    0.0000   45.0000   30.0000 2291.4001   13.4087
    7.5000   45.0000   30.0000 2287.0098   13.5098
   -7.5000  -45.0000   37.5000 2198.5754   15.7234
    0.0000  -45.0000   37.5000 2223.4871   15.4557
    7.5000  -45.0000   37.5000 2213.0217   15.5539
   -7.5000  -37.5000   37.5000 2327.9797   14.0675
    0.0000  -37.5000   37.5000 2363.3862   13.8122
    7.5000  -37.5000   37.5000 2353.7271   13.9286
   -7.5000  -30.0000   37.5000 2452.7983   12.7928
    0.0000  -30.0000   37.5000 2492.0635   12.5643
    7.5000  -30.0000   37.5000 2486.5178   12.6620
   -7.5000  -22.5000   37.5000 2566.0630   11.8324
    0.0000  -22.5000   37.5000 2609.7966   11.6059
    7.5000  -22.5000   37.5000 2603.2754   11.7300
   -7.5000  -15.0000   37.5000 2651.5801   11.1748
    0.0000  -15.0000   37.5000 2702.3843   10.9648
    7.5000  -15.0000   37.5000 2696.7246   11.0541
   -7.5000   -7.5000   37.5000 2708.9192   10.7844
    0.0000   -7.5000   37.5000 2761.1460   10.5878
    7.5000   -7.5000   37.5000 2754.7827   10.6850
   -7.5000    0.0000   37.5000 2723.9800   10.6293
    0.0000    0.0000   37.5000 2773.6355   10.4546
    7.5000    0.0000   37.5000 2768.3020   10.5395
   -7.5000    7.5000   37.5000 2697.1030   10.6707
    0.0000    7.5000   37.5000 2746.5825   10.4973
    7.5000    7.5000   37.5000 2740.3857   10.5827
   -7.5000   15.0000   37.5000 2636.2053   10.9233
    0.0000   15.0000   37.5000 2676.3889   10.7680
    7.5000   15.0000   37.5000 2673.9111   10.8534
   -7.5000   22.5000   37.5000 2556.3508   11.3826
    0.0000   22.5000   37.5000 2595.9937   11.2219
    7.5000   22.5000   37.5000 2590.5913   11.2907
   -7.5000   30.0000   37.5000 2456.6396   12.0272
    0.0000   30.0000   37.5000 2493.7974   11.8607
    7.5000   30.0000   37.5000 2492.4834   11.9277
   -7.5000   37.5000   37.5000 2347.3748   12.9199
    0.0000   37.5000   37.5000 2382.0640   12.7196
    7.5000   37.5000   37.5000 2379.9458   12.7747
   -7.5000   45.0000   37.5000 2214.7815   14.1226
    0.0000   45.0000   37.5000 2240.5938   13.8987
    7.5000   45.0000   37.5000 2237.5776   13.9853
   -7.5000  -45.0000   45.0000 2144.4460   16.7007
    0.0000  -45.0000   45.0000 2172.4387   16.3964
    7.5000  -45.0000   45.0000 2167.8818   16.4600
   -7.5000  -37.5000   45.0000 2274.6697   14.9245
    0.0000  -37.5000   45.0000 2309.7600   14.6687
    7.5000  -37.5000   45.0000 2305.8438   14.7428
   -7.5000  -30.0000   45.0000 2398.5693   13.5905
    0.0000  -30.0000   45.0000 2436.0894   13.3430
    7.5000  -30.0000   45.0000 2432.1472   13.4272
   -7.5000  -22.5000   45.0000 2503.3125   12.6183
    0.0000  -22.5000   45.0000 2545.9734   12.3790
    7.5000  -22.5000   45.0000 2542.4009   12.4637
   -7.5000  -15.0000   45.0000 2577.9678   11.9702
    0.0000  -15.0000   45.0000 2630.2861   11.7497
    7.5000  -15.0000   45.0000 2627.5940   11.8231
   -7.5000   -7.5000   45.0000 2623.8726   11.5980
    0.0000   -7.5000   45.0000 2673.1011   11.3921
    7.5000   -7.5000   45.0000 2669.6973   11.4687
   -7.5000    0.0000   45.0000 2630.3567   11.4009
    0.0000    0.0000   45.0000 2675.0525   11.2451
    7.5000    0.0000   45.0000 2672.8499   11.3101
   -7.5000    7.5000   45.0000 2606.1421   11.4385
    0.0000    7.5000   45.0000 2651.6536   11.2618
    7.5000    7.5000   45.0000 2650.4495   11.3284
   -7.5000   15.0000   45.0000 2551.1301   11.6891
    0.0000   15.0000   45.0000 2591.4321   11.5222
    7.5000   15.0000   45.0000 2586.7168   11.5824
   -7.5000   22.5000   45.0000 2472.0310   12.1488
    0.0000   22.5000   45.0000 2511.7322   11.9635
    7.5000   22.5000   45.0000 2508.5405   12.0155
   -7.5000   30.0000   45.0000 2379.9482   12.7597
    0.0000   30.0000   45.0000 2414.7825   12.5659
    7.5000   30.0000   45.0000 2414.7988   12.6052
   -7.5000   37.5000   45.0000 2271.5632   13.5878
    0.0000   37.5000   45.0000 2301.5073   13.3878
    7.5000   37.5000   45.0000 2304.6782   13.4438
   -7.5000   45.0000   45.0000 2145.0562   14.8049
    0.0000   45.0000   45.0000 2175.3577   14.5878
    7.5000   45.0000   45.0000 2178.5793   14.6546

---------------------------------------------------------------------
imgreg_4dfp /opt/freesurfer/average/711-2C_as_mni_average_305 /opt/freesurfer/average/711-2B_as_mni_average_305_mask talsrcimg_g11 none talsrcimg_to_711-2C_as_mni_average_305_t4 1283
---------------------------------------------------------------------

freesurfer imgreg_4dfp.c
/opt/freesurfer/average/711-2C_as_mni_average_305.4dfp.img
       256       256       256         1
  1.000000  1.000000  1.000000
orientation T byte_order littleendian
Reading image: /opt/freesurfer/average/711-2C_as_mni_average_305.4dfp.img
dimensions:      256       256       256
mmppix:       1.0000   -1.0000   -1.0000
center:     128.0000 -129.0000 -129.0000
/opt/freesurfer/average/711-2B_as_mni_average_305_mask.4dfp.img
       256       256       256         1
  1.000000  1.000000  1.000000
orientation T byte_order littleendian
Reading mask: /opt/freesurfer/average/711-2B_as_mni_average_305_mask.4dfp.img (2306576 pixels)
talsrcimg_g11.4dfp.img
       256       256       256         1
  1.000000  1.000000  1.000000
orientation T byte_order littleendian
Reading image: talsrcimg_g11.4dfp.img
dimensions:      256       256       256
mmppix:       1.0000   -1.0000   -1.0000
center:     128.0000 -129.0000 -129.0000
rotation matrix determinant  1.000000
fimgreg.f
image alignment mode   1283 decimal      503 hex
parameters
    0.0000    0.0000    7.5000    0.0000    0.0000    0.0000
eta,q 0.93956  8.93835
niter,ni,del,rscale     5    3   12.0000    1.2000
parameter  1 -0.581496 -> -0.500000 qaram    1.1500
parameter  3 -0.734271 -> -0.500000 qaram    1.1500
parameters
    3.4500    1.7438   10.9500   -0.5924   -1.1688   -2.9648
eta,q 0.94575  8.96948
  0.0815  0.0744  0.0686  0.0603  0.0597  0.0551
  0.0760  0.0671  0.0646  0.0560  0.0568  0.0544
  0.0696  0.0622  0.0616  0.0545  0.0552  0.0543
  0.0632  0.0592  0.0582  0.0556  0.0551  0.0549
  0.0599  0.0585  0.0555  0.0569  0.0571  0.0570
  0.0597  0.0602  0.0556  0.0585  0.0606  0.0603
  0.0634  0.0631  0.0565  0.0611  0.0654  0.0638
niter,ni,del,rscale     6    3   12.0000    1.2000
parameters
    2.8154    2.7900   11.1302   -1.6028   -0.8300   -3.0104
eta,q 0.94570  8.94999
  0.0709  0.0678  0.0620  0.0579  0.0626  0.0582
  0.0630  0.0601  0.0592  0.0551  0.0580  0.0559
  0.0565  0.0557  0.0560  0.0542  0.0553  0.0547
  0.0543  0.0545  0.0548  0.0548  0.0544  0.0543
  0.0575  0.0554  0.0551  0.0560  0.0548  0.0543
  0.0678  0.0574  0.0577  0.0577  0.0571  0.0557
  0.0792  0.0597  0.0621  0.0602  0.0608  0.0586
niter,ni,del,rscale     5    3   12.0000    1.2000
parameters
    2.6171    3.4677   10.9655   -2.3766   -0.6832   -2.7952
eta,q 0.94545  8.94294
  0.0723  0.0659  0.0618  0.0581  0.0628  0.0585
  0.0649  0.0583  0.0591  0.0556  0.0580  0.0564
  0.0576  0.0545  0.0559  0.0546  0.0554  0.0552
  0.0543  0.0544  0.0549  0.0548  0.0546  0.0546
  0.0561  0.0558  0.0556  0.0559  0.0555  0.0544
  0.0649  0.0575  0.0588  0.0574  0.0579  0.0556
  0.0763  0.0599  0.0632  0.0598  0.0616  0.0584
niter,ni,del,rscale     4    3   12.0000    1.2000
parameters
    2.5585    3.9837   10.7764   -3.1081   -0.6370   -2.6762
eta,q 0.94534  8.93880
  0.0728  0.0650  0.0623  0.0582  0.0629  0.0585
  0.0656  0.0576  0.0595  0.0556  0.0580  0.0564
  0.0582  0.0543  0.0562  0.0546  0.0552  0.0553
  0.0546  0.0546  0.0549  0.0549  0.0547  0.0547
  0.0560  0.0559  0.0559  0.0560  0.0558  0.0545
  0.0643  0.0574  0.0594  0.0574  0.0585  0.0558
  0.0754  0.0602  0.0638  0.0597  0.0620  0.0587
niter,ni,del,rscale     3    3   12.0000    1.2000
parameters
    2.5518    4.4630   10.5736   -3.7690   -0.5959   -2.6635
eta,q 0.94539  8.93225
  0.0730  0.0645  0.0629  0.0585  0.0630  0.0585
  0.0658  0.0574  0.0599  0.0556  0.0579  0.0563
  0.0584  0.0545  0.0563  0.0545  0.0551  0.0552
  0.0547  0.0547  0.0549  0.0548  0.0546  0.0546
  0.0558  0.0556  0.0562  0.0560  0.0558  0.0546
  0.0641  0.0572  0.0599  0.0575  0.0585  0.0560
  0.0751  0.0603  0.0644  0.0595  0.0620  0.0589
niter,ni,del,rscale     2    3   12.0000    1.2000
parameters
    2.5487    4.8759   10.3802   -4.2497   -0.5457   -2.6880
eta,q 0.94547  8.92937
  0.0727  0.0639  0.0632  0.0589  0.0628  0.0585
  0.0656  0.0575  0.0602  0.0557  0.0578  0.0563
  0.0584  0.0547  0.0564  0.0543  0.0550  0.0551
  0.0546  0.0546  0.0547  0.0547  0.0545  0.0545
  0.0556  0.0553  0.0562  0.0560  0.0557  0.0545
  0.0638  0.0571  0.0601  0.0576  0.0583  0.0561
  0.0749  0.0606  0.0649  0.0593  0.0618  0.0589
niter,ni,del,rscale     1    3   12.0000    1.2000
parameters
    2.5384    5.1539   10.2416   -4.5586   -0.5040   -2.7122
eta,q 0.94556  8.92711
  0.0724  0.0634  0.0634  0.0594  0.0625  0.0585
  0.0654  0.0576  0.0604  0.0559  0.0576  0.0564
  0.0582  0.0549  0.0564  0.0543  0.0549  0.0551
  0.0545  0.0545  0.0546  0.0546  0.0544  0.0544
  0.0555  0.0552  0.0560  0.0559  0.0555  0.0545
  0.0636  0.0573  0.0599  0.0576  0.0581  0.0561
  0.0747  0.0612  0.0650  0.0592  0.0616  0.0590
registration optimization eta report
parameter search radius
    6.9000    6.0000    6.9000    6.0000    6.0000    6.0000
100000*second partial in parameter space
       40.       22.       19.       13.       21.       12.
  0.0724  0.0634  0.0634  0.0594  0.0625  0.0585
  0.0654  0.0576  0.0604  0.0559  0.0576  0.0564
  0.0582  0.0549  0.0564  0.0543  0.0549  0.0551
  0.0545  0.0545  0.0546  0.0546  0.0544  0.0544
  0.0555  0.0552  0.0560  0.0559  0.0555  0.0545
  0.0636  0.0573  0.0599  0.0576  0.0581  0.0561
  0.0747  0.0612  0.0650  0.0592  0.0616  0.0590
    2.5384    5.1539   10.2416   -4.5586   -0.5040   -2.7122
eta,q 0.94556  8.92711

---------------------------------------------------------------------
imgreg_4dfp /opt/freesurfer/average/711-2C_as_mni_average_305 /opt/freesurfer/average/711-2B_as_mni_average_305_mask talsrcimg_g11 none talsrcimg_to_711-2C_as_mni_average_305_t4 3335
---------------------------------------------------------------------

freesurfer imgreg_4dfp.c
/opt/freesurfer/average/711-2C_as_mni_average_305.4dfp.img
       256       256       256         1
  1.000000  1.000000  1.000000
orientation T byte_order littleendian
Reading image: /opt/freesurfer/average/711-2C_as_mni_average_305.4dfp.img
dimensions:      256       256       256
mmppix:       1.0000   -1.0000   -1.0000
center:     128.0000 -129.0000 -129.0000
/opt/freesurfer/average/711-2B_as_mni_average_305_mask.4dfp.img
       256       256       256         1
  1.000000  1.000000  1.000000
orientation T byte_order littleendian
Reading mask: /opt/freesurfer/average/711-2B_as_mni_average_305_mask.4dfp.img (2306576 pixels)
talsrcimg_g11.4dfp.img
       256       256       256         1
  1.000000  1.000000  1.000000
orientation T byte_order littleendian
Reading image: talsrcimg_g11.4dfp.img
dimensions:      256       256       256
mmppix:       1.0000   -1.0000   -1.0000
center:     128.0000 -129.0000 -129.0000
fimgreg.f
image alignment mode   3335 decimal      D07 hex
parameters
    2.5384    5.1539   10.2416   -0.1159   -0.4247   -0.3202
    4.6471    1.2520   -4.7317    7.8975   -0.8797   -7.9476
eta,q 0.94709  9.01862
niter,ni,del,rscale     5    3    5.0000    1.2000
parameter  4  1.973950 ->  0.500000 qaram    1.1500
parameter  5  3.046894 ->  0.500000 qaram    1.1500
parameter  6  0.567739 ->  0.500000 qaram    1.1500
parameter 10  0.597669 ->  0.500000 qaram    1.1500
parameters
    2.7144    4.9515   10.2336   -4.2559   -4.5647   -4.4602
    4.0369    2.6156   -3.3505    3.7575   -1.9937   -7.9083
eta,q 0.96005  8.51660
  0.0556  0.0538  0.0545  0.0450  0.0400  0.0424  0.0428  0.0469  0.0432  0.0405  0.0409  0.0412
  0.0543  0.0533  0.0538  0.0469  0.0422  0.0414  0.0420  0.0445  0.0422  0.0400  0.0403  0.0406
  0.0534  0.0530  0.0532  0.0495  0.0446  0.0413  0.0414  0.0425  0.0414  0.0401  0.0400  0.0402
  0.0529  0.0529  0.0529  0.0529  0.0476  0.0428  0.0413  0.0412  0.0410  0.0409  0.0400  0.0400
  0.0530  0.0530  0.0530  0.0569  0.0506  0.0459  0.0416  0.0411  0.0409  0.0425  0.0403  0.0401
  0.0537  0.0535  0.0537  0.0613  0.0540  0.0493  0.0424  0.0421  0.0413  0.0446  0.0408  0.0405
  0.0550  0.0543  0.0546  0.0661  0.0579  0.0536  0.0435  0.0441  0.0420  0.0470  0.0416  0.0412
niter,ni,del,rscale     7    3    5.0000    1.2000
parameter  3  0.840869 ->  0.500000 qaram    1.1500
parameter  4  1.037086 ->  0.500000 qaram    1.3225
parameter  5  1.324760 ->  0.500000 qaram    1.3225
parameters
    2.7293    4.2433    8.8536   -9.0169   -9.3257   -6.8572
    3.9973    3.2613   -3.2049    4.3756   -1.5399   -6.7623
eta,q 0.96653  8.00920
  0.0429  0.0406  0.0388  0.0348  0.0319  0.0347  0.0356  0.0377  0.0352  0.0365  0.0343  0.0346
  0.0413  0.0400  0.0387  0.0356  0.0328  0.0341  0.0346  0.0357  0.0343  0.0351  0.0339  0.0340
  0.0403  0.0398  0.0390  0.0369  0.0341  0.0338  0.0339  0.0343  0.0338  0.0341  0.0336  0.0337
  0.0400  0.0400  0.0398  0.0388  0.0359  0.0331  0.0336  0.0337  0.0336  0.0336  0.0335  0.0335
  0.0403  0.0405  0.0409  0.0416  0.0382  0.0341  0.0339  0.0337  0.0337  0.0335  0.0336  0.0335
  0.0413  0.0413  0.0424  0.0455  0.0413  0.0370  0.0345  0.0346  0.0342  0.0343  0.0338  0.0337
  0.0428  0.0425  0.0439  0.0501  0.0447  0.0409  0.0356  0.0366  0.0350  0.0360  0.0341  0.0341
niter,ni,del,rscale     7    3    5.0000    1.2000
parameter  3  0.878179 ->  0.500000 qaram    1.3225
parameter  5  0.807927 ->  0.500000 qaram    1.5209
parameters
    2.9573    4.4636    7.2666  -13.7426  -14.8009   -9.4234
    3.7382    3.4588   -4.0354    5.2612   -1.4714   -7.8227
eta,q 0.97030  7.46764
  0.0366  0.0356  0.0325  0.0323  0.0297  0.0306  0.0317  0.0333  0.0310  0.0332  0.0307  0.0304
  0.0350  0.0344  0.0324  0.0314  0.0296  0.0299  0.0307  0.0314  0.0302  0.0315  0.0301  0.0299
  0.0339  0.0337  0.0327  0.0315  0.0302  0.0297  0.0300  0.0302  0.0298  0.0302  0.0298  0.0297
  0.0335  0.0334  0.0335  0.0324  0.0313  0.0297  0.0298  0.0297  0.0298  0.0297  0.0297  0.0297
  0.0336  0.0336  0.0345  0.0341  0.0330  0.0301  0.0300  0.0302  0.0301  0.0299  0.0298  0.0299
  0.0343  0.0341  0.0358  0.0366  0.0351  0.0322  0.0309  0.0312  0.0307  0.0307  0.0301  0.0304
  0.0356  0.0348  0.0372  0.0403  0.0382  0.0352  0.0321  0.0329  0.0317  0.0320  0.0306  0.0309
niter,ni,del,rscale     7    3    5.0000    1.2000
parameter  2 -0.519489 -> -0.500000 qaram    1.1500
parameters
    3.4182    5.8436    6.7186  -14.5765  -18.2447  -10.7541
    3.2559    3.8997   -4.3514    6.6591   -1.9578   -8.5631
eta,q 0.97144  7.24822
  0.0335  0.0334  0.0301  0.0323  0.0305  0.0300  0.0304  0.0324  0.0301  0.0326  0.0295  0.0294
  0.0317  0.0318  0.0294  0.0305  0.0293  0.0291  0.0294  0.0305  0.0293  0.0307  0.0289  0.0289
  0.0304  0.0305  0.0291  0.0293  0.0287  0.0286  0.0288  0.0292  0.0288  0.0293  0.0286  0.0286
  0.0297  0.0296  0.0291  0.0290  0.0290  0.0287  0.0286  0.0286  0.0286  0.0286  0.0286  0.0286
  0.0296  0.0291  0.0294  0.0298  0.0305  0.0288  0.0290  0.0290  0.0289  0.0287  0.0288  0.0288
  0.0302  0.0291  0.0302  0.0315  0.0323  0.0297  0.0298  0.0300  0.0294  0.0295  0.0292  0.0292
  0.0315  0.0295  0.0314  0.0336  0.0345  0.0320  0.0310  0.0315  0.0304  0.0306  0.0297  0.0298
niter,ni,del,rscale     7    3    5.0000    1.2000
parameters
    3.6177    6.4875    6.5681  -14.9104  -18.9180  -11.0963
    3.0444    4.1646   -4.3222    7.5509   -2.1904   -9.0881
eta,q 0.97153  7.20694
  0.0316  0.0318  0.0300  0.0321  0.0314  0.0301  0.0304  0.0321  0.0300  0.0319  0.0294  0.0294
  0.0301  0.0302  0.0291  0.0303  0.0301  0.0293  0.0294  0.0303  0.0292  0.0302  0.0289  0.0288
  0.0290  0.0291  0.0286  0.0290  0.0290  0.0286  0.0287  0.0290  0.0287  0.0290  0.0286  0.0285
  0.0286  0.0285  0.0284  0.0284  0.0285  0.0285  0.0285  0.0285  0.0285  0.0285  0.0285  0.0285
  0.0287  0.0285  0.0287  0.0290  0.0289  0.0286  0.0288  0.0289  0.0287  0.0287  0.0286  0.0287
  0.0294  0.0289  0.0293  0.0306  0.0305  0.0291  0.0295  0.0300  0.0292  0.0295  0.0290  0.0291
  0.0308  0.0297  0.0303  0.0328  0.0325  0.0308  0.0306  0.0316  0.0300  0.0306  0.0295  0.0296
niter,ni,del,rscale     6    3    5.0000    1.2000
parameters
    3.7036    6.8325    6.3885  -15.0602  -19.1908  -11.3879
    2.9345    4.2812   -4.3191    8.1217   -2.2158   -9.4388
eta,q 0.97153  7.18884
  0.0312  0.0310  0.0299  0.0322  0.0315  0.0301  0.0304  0.0319  0.0300  0.0316  0.0295  0.0294
  0.0298  0.0296  0.0291  0.0304  0.0302  0.0292  0.0294  0.0302  0.0291  0.0300  0.0289  0.0289
  0.0289  0.0288  0.0286  0.0291  0.0291  0.0286  0.0287  0.0289  0.0286  0.0289  0.0286  0.0285
  0.0285  0.0285  0.0284  0.0284  0.0285  0.0285  0.0285  0.0285  0.0285  0.0285  0.0285  0.0285
  0.0287  0.0286  0.0287  0.0289  0.0287  0.0286  0.0287  0.0289  0.0286  0.0288  0.0286  0.0287
  0.0295  0.0291  0.0294  0.0305  0.0302  0.0290  0.0294  0.0301  0.0291  0.0296  0.0289  0.0290
  0.0309  0.0299  0.0303  0.0326  0.0322  0.0307  0.0306  0.0317  0.0300  0.0307  0.0295  0.0296
niter,ni,del,rscale     5    3    5.0000    1.2000
parameters
    3.7394    7.0601    6.2433  -15.1417  -19.3480  -11.6146
    2.8969    4.3232   -4.3308    8.5104   -2.1990   -9.6647
eta,q 0.97154  7.17807
  0.0310  0.0307  0.0300  0.0322  0.0316  0.0301  0.0304  0.0319  0.0300  0.0314  0.0295  0.0295
  0.0297  0.0295  0.0291  0.0304  0.0302  0.0292  0.0294  0.0301  0.0291  0.0299  0.0289  0.0289
  0.0288  0.0287  0.0286  0.0291  0.0291  0.0286  0.0287  0.0289  0.0286  0.0289  0.0286  0.0285
  0.0285  0.0285  0.0285  0.0285  0.0285  0.0285  0.0285  0.0285  0.0285  0.0285  0.0285  0.0285
  0.0287  0.0286  0.0287  0.0289  0.0287  0.0286  0.0287  0.0289  0.0286  0.0288  0.0286  0.0286
  0.0295  0.0291  0.0293  0.0304  0.0301  0.0290  0.0294  0.0301  0.0291  0.0297  0.0289  0.0290
  0.0310  0.0300  0.0303  0.0326  0.0320  0.0306  0.0305  0.0317  0.0300  0.0308  0.0295  0.0296
niter,ni,del,rscale     4    3    5.0000    1.2000
parameters
    3.7519    7.2202    6.1315  -15.1857  -19.4647  -11.7814
    2.8884    4.3346   -4.3557    8.7883   -2.1432   -9.8240
eta,q 0.97153  7.17074
  0.0310  0.0305  0.0300  0.0323  0.0316  0.0301  0.0304  0.0318  0.0299  0.0313  0.0295  0.0295
  0.0296  0.0294  0.0292  0.0305  0.0302  0.0292  0.0294  0.0301  0.0291  0.0299  0.0289  0.0289
  0.0288  0.0287  0.0286  0.0291  0.0291  0.0286  0.0287  0.0289  0.0286  0.0288  0.0286  0.0286
  0.0285  0.0285  0.0285  0.0285  0.0285  0.0285  0.0285  0.0285  0.0285  0.0285  0.0285  0.0285
  0.0287  0.0286  0.0287  0.0288  0.0287  0.0286  0.0287  0.0290  0.0286  0.0288  0.0286  0.0286
  0.0296  0.0292  0.0293  0.0304  0.0301  0.0290  0.0294  0.0302  0.0292  0.0297  0.0289  0.0290
  0.0310  0.0301  0.0303  0.0325  0.0320  0.0305  0.0305  0.0317  0.0300  0.0309  0.0294  0.0295
niter,ni,del,rscale     3    3    5.0000    1.2000
parameters
    3.7557    7.3375    6.0478  -15.2143  -19.5502  -11.9067
    2.8969    4.3383   -4.3760    8.9949   -2.0984   -9.9479
eta,q 0.97152  7.16570
  0.0309  0.0305  0.0300  0.0323  0.0316  0.0301  0.0304  0.0318  0.0299  0.0313  0.0295  0.0295
  0.0296  0.0293  0.0292  0.0305  0.0302  0.0292  0.0294  0.0301  0.0291  0.0298  0.0290  0.0289
  0.0288  0.0287  0.0286  0.0291  0.0291  0.0286  0.0287  0.0289  0.0286  0.0288  0.0286  0.0286
  0.0285  0.0285  0.0285  0.0285  0.0285  0.0285  0.0285  0.0285  0.0285  0.0285  0.0285  0.0285
  0.0287  0.0286  0.0287  0.0288  0.0287  0.0286  0.0287  0.0290  0.0286  0.0289  0.0286  0.0287
  0.0296  0.0292  0.0293  0.0303  0.0300  0.0290  0.0294  0.0302  0.0292  0.0298  0.0289  0.0290
  0.0310  0.0301  0.0302  0.0325  0.0320  0.0304  0.0305  0.0317  0.0300  0.0309  0.0295  0.0295
niter,ni,del,rscale     2    3    5.0000    1.2000
parameters
    3.7547    7.4234    5.9874  -15.2385  -19.6179  -12.0080
    2.9101    4.3300   -4.3952    9.1409   -2.0646  -10.0369
eta,q 0.97152  7.16146
  0.0309  0.0304  0.0301  0.0323  0.0316  0.0301  0.0304  0.0318  0.0300  0.0312  0.0295  0.0295
  0.0296  0.0293  0.0292  0.0305  0.0302  0.0293  0.0294  0.0301  0.0291  0.0298  0.0290  0.0289
  0.0288  0.0287  0.0287  0.0291  0.0291  0.0286  0.0287  0.0289  0.0286  0.0288  0.0286  0.0286
  0.0285  0.0285  0.0285  0.0285  0.0285  0.0285  0.0285  0.0285  0.0285  0.0285  0.0285  0.0285
  0.0287  0.0287  0.0287  0.0288  0.0287  0.0286  0.0287  0.0290  0.0286  0.0289  0.0286  0.0287
  0.0296  0.0292  0.0293  0.0303  0.0300  0.0290  0.0294  0.0302  0.0292  0.0298  0.0289  0.0290
  0.0310  0.0301  0.0302  0.0325  0.0320  0.0304  0.0305  0.0318  0.0300  0.0309  0.0295  0.0295
niter,ni,del,rscale     1    3    5.0000    1.2000
parameters
    3.7506    7.4878    5.9410  -15.2504  -19.6628  -12.0757
    2.9180    4.3234   -4.4095    9.2544   -2.0294  -10.0957
eta,q 0.97152  7.15897
  0.0309  0.0304  0.0301  0.0323  0.0316  0.0301  0.0304  0.0318  0.0300  0.0312  0.0295  0.0295
  0.0296  0.0293  0.0292  0.0305  0.0302  0.0293  0.0294  0.0301  0.0291  0.0298  0.0290  0.0289
  0.0288  0.0287  0.0287  0.0291  0.0291  0.0286  0.0288  0.0289  0.0287  0.0288  0.0286  0.0286
  0.0285  0.0285  0.0285  0.0285  0.0285  0.0285  0.0285  0.0285  0.0285  0.0285  0.0285  0.0285
  0.0287  0.0287  0.0287  0.0288  0.0287  0.0286  0.0287  0.0290  0.0287  0.0289  0.0286  0.0287
  0.0296  0.0292  0.0293  0.0303  0.0300  0.0290  0.0294  0.0302  0.0292  0.0298  0.0289  0.0290
  0.0310  0.0301  0.0302  0.0325  0.0319  0.0304  0.0305  0.0318  0.0300  0.0310  0.0295  0.0295
registration optimization eta report
parameter search radius
    2.4000    2.7600    3.1740    9.5220   10.9503    8.2800
    7.2000    7.2000    7.2000    8.2800    7.2000    7.2000
100000*second partial in parameter space
       43.       23.       16.        4.        3.        3.
        4.        6.        3.        4.        2.        2.
  0.0309  0.0304  0.0301  0.0323  0.0316  0.0301  0.0304  0.0318  0.0300  0.0312  0.0295  0.0295
  0.0296  0.0293  0.0292  0.0305  0.0302  0.0293  0.0294  0.0301  0.0291  0.0298  0.0290  0.0289
  0.0288  0.0287  0.0287  0.0291  0.0291  0.0286  0.0288  0.0289  0.0287  0.0288  0.0286  0.0286
  0.0285  0.0285  0.0285  0.0285  0.0285  0.0285  0.0285  0.0285  0.0285  0.0285  0.0285  0.0285
  0.0287  0.0287  0.0287  0.0288  0.0287  0.0286  0.0287  0.0290  0.0287  0.0289  0.0286  0.0287
  0.0296  0.0292  0.0293  0.0303  0.0300  0.0290  0.0294  0.0302  0.0292  0.0298  0.0289  0.0290
  0.0310  0.0301  0.0302  0.0325  0.0319  0.0304  0.0305  0.0318  0.0300  0.0310  0.0295  0.0295
    3.7506    7.4878    5.9410  -15.2504  -19.6628  -12.0757
    2.9180    4.3234   -4.4095    9.2544   -2.0294  -10.0957
eta,q 0.97152  7.15897

---------------------------------------------------------------------
imgreg_4dfp /opt/freesurfer/average/711-2C_as_mni_average_305 /opt/freesurfer/average/711-2B_as_mni_average_305_mask talsrcimg_g11 none talsrcimg_to_711-2C_as_mni_average_305_t4 2311
---------------------------------------------------------------------

freesurfer imgreg_4dfp.c
/opt/freesurfer/average/711-2C_as_mni_average_305.4dfp.img
       256       256       256         1
  1.000000  1.000000  1.000000
orientation T byte_order littleendian
Reading image: /opt/freesurfer/average/711-2C_as_mni_average_305.4dfp.img
dimensions:      256       256       256
mmppix:       1.0000   -1.0000   -1.0000
center:     128.0000 -129.0000 -129.0000
/opt/freesurfer/average/711-2B_as_mni_average_305_mask.4dfp.img
       256       256       256         1
  1.000000  1.000000  1.000000
orientation T byte_order littleendian
Reading mask: /opt/freesurfer/average/711-2B_as_mni_average_305_mask.4dfp.img (2306576 pixels)
talsrcimg_g11.4dfp.img
       256       256       256         1
  1.000000  1.000000  1.000000
orientation T byte_order littleendian
Reading image: talsrcimg_g11.4dfp.img
dimensions:      256       256       256
mmppix:       1.0000   -1.0000   -1.0000
center:     128.0000 -129.0000 -129.0000
fimgreg.f
image alignment mode   2311 decimal      907 hex
parameters
    3.7506    7.4878    5.9410  -15.2504  -19.6628  -12.0757
    2.9180    4.3234   -4.4095    9.2544   -2.0294  -10.0957
eta,q 0.97152  7.15897
niter,ni,del,rscale     5    3    5.0000    0.8000
parameters
    3.7696    7.5004    5.9391  -14.8761  -18.8043  -11.6309
    2.9542    4.2790   -4.3532    9.0280   -2.0124  -10.2653
eta,q 0.97157  7.21386
  0.0296  0.0291  0.0289  0.0298  0.0294  0.0290  0.0294  0.0301  0.0292  0.0294  0.0289  0.0289
  0.0290  0.0287  0.0287  0.0292  0.0290  0.0287  0.0289  0.0292  0.0288  0.0289  0.0287  0.0287
  0.0286  0.0286  0.0285  0.0287  0.0287  0.0284  0.0286  0.0286  0.0285  0.0285  0.0285  0.0285
  0.0285  0.0285  0.0285  0.0285  0.0285  0.0284  0.0284  0.0284  0.0284  0.0284  0.0284  0.0284
  0.0286  0.0286  0.0285  0.0285  0.0284  0.0285  0.0285  0.0287  0.0285  0.0286  0.0285  0.0285
  0.0290  0.0287  0.0287  0.0289  0.0286  0.0286  0.0289  0.0293  0.0287  0.0290  0.0287  0.0287
  0.0296  0.0291  0.0290  0.0295  0.0290  0.0288  0.0294  0.0301  0.0291  0.0296  0.0289  0.0290
niter,ni,del,rscale     4    3    5.0000    0.7000
parameters
    3.7532    7.3120    6.0556  -14.8116  -18.6163  -11.3971
    2.9705    4.2498   -4.3273    8.7624   -2.0424  -10.1083
eta,q 0.97158  7.22674
  0.0293  0.0288  0.0288  0.0293  0.0291  0.0288  0.0292  0.0297  0.0290  0.0292  0.0288  0.0289
  0.0288  0.0286  0.0286  0.0289  0.0288  0.0285  0.0288  0.0290  0.0287  0.0287  0.0286  0.0286
  0.0285  0.0284  0.0285  0.0286  0.0285  0.0284  0.0285  0.0286  0.0285  0.0285  0.0285  0.0285
  0.0284  0.0284  0.0284  0.0284  0.0284  0.0284  0.0284  0.0284  0.0284  0.0284  0.0284  0.0284
  0.0285  0.0285  0.0284  0.0285  0.0284  0.0285  0.0285  0.0286  0.0285  0.0286  0.0285  0.0285
  0.0288  0.0287  0.0285  0.0288  0.0286  0.0285  0.0288  0.0291  0.0287  0.0289  0.0286  0.0286
  0.0293  0.0290  0.0287  0.0293  0.0290  0.0287  0.0292  0.0297  0.0290  0.0293  0.0288  0.0288
niter,ni,del,rscale     3    3    5.0000    0.6000
parameters
    3.7484    7.1753    6.1517  -14.7565  -18.4438  -11.2871
    2.9923    4.2403   -4.2987    8.4889   -2.0645   -9.9961
eta,q 0.97159  7.23522
  0.0291  0.0287  0.0287  0.0291  0.0289  0.0287  0.0290  0.0294  0.0288  0.0289  0.0287  0.0287
  0.0287  0.0285  0.0286  0.0288  0.0287  0.0285  0.0287  0.0289  0.0286  0.0286  0.0285  0.0286
  0.0285  0.0284  0.0285  0.0285  0.0285  0.0284  0.0285  0.0285  0.0285  0.0285  0.0284  0.0285
  0.0284  0.0284  0.0284  0.0284  0.0284  0.0284  0.0284  0.0284  0.0284  0.0284  0.0284  0.0284
  0.0285  0.0285  0.0284  0.0285  0.0284  0.0285  0.0285  0.0285  0.0285  0.0285  0.0284  0.0284
  0.0287  0.0286  0.0285  0.0287  0.0286  0.0285  0.0287  0.0289  0.0286  0.0288  0.0285  0.0285
  0.0291  0.0289  0.0286  0.0291  0.0289  0.0286  0.0290  0.0294  0.0288  0.0291  0.0287  0.0287
niter,ni,del,rscale     2    3    5.0000    0.5000
parameters
    3.7487    7.0468    6.2158  -14.6990  -18.2585  -11.3977
    3.0072    4.2261   -4.2734    8.1942   -2.0850   -9.9242
eta,q 0.97161  7.23732
  0.0289  0.0286  0.0286  0.0289  0.0288  0.0285  0.0288  0.0291  0.0287  0.0288  0.0286  0.0286
  0.0286  0.0285  0.0285  0.0286  0.0286  0.0284  0.0286  0.0287  0.0285  0.0285  0.0285  0.0285
  0.0285  0.0284  0.0284  0.0285  0.0285  0.0284  0.0284  0.0285  0.0284  0.0284  0.0284  0.0284
  0.0284  0.0284  0.0284  0.0284  0.0284  0.0284  0.0284  0.0284  0.0284  0.0284  0.0284  0.0284
  0.0285  0.0285  0.0284  0.0284  0.0284  0.0284  0.0284  0.0285  0.0284  0.0285  0.0284  0.0284
  0.0286  0.0286  0.0285  0.0286  0.0285  0.0285  0.0286  0.0287  0.0285  0.0287  0.0285  0.0285
  0.0289  0.0287  0.0286  0.0289  0.0287  0.0285  0.0288  0.0291  0.0287  0.0289  0.0286  0.0286
niter,ni,del,rscale     1    3    5.0000    0.4000
parameters
    3.7473    6.9516    6.2426  -14.6439  -18.0851  -11.6714
    3.0305    4.2094   -4.2492    7.9188   -2.0727   -9.9301
eta,q 0.97164  7.23437
  0.0287  0.0285  0.0285  0.0287  0.0286  0.0285  0.0286  0.0288  0.0285  0.0286  0.0285  0.0285
  0.0285  0.0284  0.0284  0.0285  0.0285  0.0284  0.0285  0.0286  0.0284  0.0285  0.0284  0.0284
  0.0284  0.0284  0.0284  0.0284  0.0284  0.0284  0.0284  0.0284  0.0284  0.0284  0.0284  0.0284
  0.0284  0.0284  0.0284  0.0284  0.0284  0.0284  0.0284  0.0284  0.0284  0.0284  0.0284  0.0284
  0.0284  0.0284  0.0284  0.0284  0.0284  0.0284  0.0284  0.0284  0.0284  0.0284  0.0284  0.0284
  0.0285  0.0285  0.0284  0.0285  0.0285  0.0285  0.0285  0.0286  0.0284  0.0285  0.0284  0.0284
  0.0287  0.0286  0.0285  0.0287  0.0286  0.0285  0.0286  0.0288  0.0285  0.0287  0.0285  0.0285
registration optimization eta report
parameter search radius
    0.8000    0.8000    0.8000    2.4000    2.4000    2.4000
    2.4000    2.4000    2.4000    2.4000    2.4000    2.4000
100000*second partial in parameter space
       46.       26.       19.        5.        4.        2.
        4.        8.        3.        5.        2.        2.
  0.0287  0.0285  0.0285  0.0287  0.0286  0.0285  0.0286  0.0288  0.0285  0.0286  0.0285  0.0285
  0.0285  0.0284  0.0284  0.0285  0.0285  0.0284  0.0285  0.0286  0.0284  0.0285  0.0284  0.0284
  0.0284  0.0284  0.0284  0.0284  0.0284  0.0284  0.0284  0.0284  0.0284  0.0284  0.0284  0.0284
  0.0284  0.0284  0.0284  0.0284  0.0284  0.0284  0.0284  0.0284  0.0284  0.0284  0.0284  0.0284
  0.0284  0.0284  0.0284  0.0284  0.0284  0.0284  0.0284  0.0284  0.0284  0.0284  0.0284  0.0284
  0.0285  0.0285  0.0284  0.0285  0.0285  0.0285  0.0285  0.0286  0.0284  0.0285  0.0284  0.0284
  0.0287  0.0286  0.0285  0.0287  0.0286  0.0285  0.0286  0.0288  0.0285  0.0287  0.0285  0.0285
    3.7473    6.9516    6.2426  -14.6439  -18.0851  -11.6714
    3.0305    4.2094   -4.2492    7.9188   -2.0727   -9.9301
eta,q 0.97164  7.23437

---------------------------------------------------------------------
imgreg_4dfp /opt/freesurfer/average/711-2C_as_mni_average_305 /opt/freesurfer/average/711-2B_as_mni_average_305_mask talsrcimg_g11 none talsrcimg_to_711-2C_as_mni_average_305_t4 2311
---------------------------------------------------------------------

freesurfer imgreg_4dfp.c
/opt/freesurfer/average/711-2C_as_mni_average_305.4dfp.img
       256       256       256         1
  1.000000  1.000000  1.000000
orientation T byte_order littleendian
Reading image: /opt/freesurfer/average/711-2C_as_mni_average_305.4dfp.img
dimensions:      256       256       256
mmppix:       1.0000   -1.0000   -1.0000
center:     128.0000 -129.0000 -129.0000
/opt/freesurfer/average/711-2B_as_mni_average_305_mask.4dfp.img
       256       256       256         1
  1.000000  1.000000  1.000000
orientation T byte_order littleendian
Reading mask: /opt/freesurfer/average/711-2B_as_mni_average_305_mask.4dfp.img (2306576 pixels)
talsrcimg_g11.4dfp.img
       256       256       256         1
  1.000000  1.000000  1.000000
orientation T byte_order littleendian
Reading image: talsrcimg_g11.4dfp.img
dimensions:      256       256       256
mmppix:       1.0000   -1.0000   -1.0000
center:     128.0000 -129.0000 -129.0000
fimgreg.f
image alignment mode   2311 decimal      907 hex
parameters
    3.7473    6.9516    6.2426  -14.6439  -18.0851  -11.6714
    3.0305    4.2094   -4.2492    7.9188   -2.0727   -9.9301
eta,q 0.97164  7.23438
niter,ni,del,rscale     5    3    5.0000    0.8000
parameters
    3.7249    6.9081    6.2145  -14.7573  -18.2971  -10.9410
    2.9759    4.2342   -4.2447    8.1894   -2.1293   -9.7304
eta,q 0.97159  7.24852
  0.0295  0.0290  0.0288  0.0295  0.0291  0.0291  0.0294  0.0301  0.0291  0.0296  0.0289  0.0290
  0.0289  0.0286  0.0286  0.0289  0.0287  0.0287  0.0288  0.0292  0.0287  0.0290  0.0286  0.0287
  0.0285  0.0284  0.0284  0.0285  0.0285  0.0284  0.0285  0.0286  0.0285  0.0286  0.0285  0.0285
  0.0284  0.0284  0.0284  0.0284  0.0284  0.0284  0.0284  0.0284  0.0284  0.0284  0.0284  0.0284
  0.0285  0.0285  0.0284  0.0285  0.0284  0.0285  0.0285  0.0286  0.0285  0.0285  0.0285  0.0285
  0.0289  0.0287  0.0286  0.0289  0.0288  0.0285  0.0289  0.0292  0.0287  0.0288  0.0286  0.0286
  0.0296  0.0291  0.0289  0.0297  0.0293  0.0287  0.0294  0.0301  0.0291  0.0293  0.0289  0.0289
niter,ni,del,rscale     4    3    5.0000    0.7000
parameters
    3.7426    6.9162    6.3077  -14.7463  -18.3516  -10.8749
    2.9722    4.2495   -4.2589    8.1263   -2.1825   -9.6929
eta,q 0.97159  7.24813
  0.0293  0.0289  0.0288  0.0293  0.0290  0.0287  0.0292  0.0297  0.0290  0.0292  0.0288  0.0288
  0.0288  0.0286  0.0286  0.0289  0.0287  0.0285  0.0288  0.0290  0.0287  0.0288  0.0286  0.0286
  0.0285  0.0285  0.0285  0.0285  0.0285  0.0284  0.0285  0.0286  0.0285  0.0285  0.0285  0.0285
  0.0284  0.0284  0.0284  0.0284  0.0284  0.0284  0.0284  0.0284  0.0284  0.0284  0.0284  0.0284
  0.0285  0.0285  0.0284  0.0285  0.0285  0.0285  0.0285  0.0286  0.0285  0.0285  0.0285  0.0285
  0.0288  0.0286  0.0285  0.0288  0.0287  0.0285  0.0287  0.0290  0.0287  0.0288  0.0286  0.0286
  0.0293  0.0289  0.0287  0.0294  0.0291  0.0287  0.0292  0.0297  0.0290  0.0292  0.0288  0.0288
niter,ni,del,rscale     3    3    5.0000    0.6000
parameters
    3.7512    6.8787    6.3390  -14.7074  -18.2451  -10.9024
    2.9732    4.2523   -4.2155    8.0118   -2.2052   -9.6864
eta,q 0.97160  7.25137
  0.0291  0.0288  0.0287  0.0291  0.0289  0.0286  0.0290  0.0294  0.0288  0.0290  0.0287  0.0287
  0.0287  0.0286  0.0285  0.0287  0.0287  0.0284  0.0287  0.0289  0.0286  0.0287  0.0285  0.0285
  0.0285  0.0284  0.0284  0.0285  0.0285  0.0284  0.0285  0.0285  0.0285  0.0285  0.0284  0.0284
  0.0284  0.0284  0.0284  0.0284  0.0284  0.0284  0.0284  0.0284  0.0284  0.0284  0.0284  0.0284
  0.0285  0.0285  0.0284  0.0285  0.0284  0.0284  0.0285  0.0285  0.0284  0.0285  0.0284  0.0284
  0.0287  0.0286  0.0285  0.0287  0.0286  0.0285  0.0287  0.0289  0.0286  0.0287  0.0285  0.0285
  0.0291  0.0288  0.0287  0.0291  0.0289  0.0286  0.0290  0.0294  0.0288  0.0291  0.0287  0.0287
niter,ni,del,rscale     2    3    5.0000    0.5000
parameters
    3.7545    6.8351    6.3700  -14.6683  -18.1298  -11.0362
    2.9762    4.2433   -4.2003    7.8568   -2.1950   -9.6770
eta,q 0.97161  7.25100
  0.0289  0.0286  0.0286  0.0289  0.0287  0.0285  0.0288  0.0291  0.0287  0.0288  0.0286  0.0286
  0.0286  0.0285  0.0285  0.0286  0.0286  0.0284  0.0286  0.0287  0.0285  0.0286  0.0285  0.0285
  0.0285  0.0284  0.0284  0.0285  0.0285  0.0284  0.0284  0.0285  0.0284  0.0284  0.0284  0.0284
  0.0284  0.0284  0.0284  0.0284  0.0284  0.0284  0.0284  0.0284  0.0284  0.0284  0.0284  0.0284
  0.0285  0.0284  0.0284  0.0284  0.0284  0.0284  0.0284  0.0285  0.0284  0.0285  0.0284  0.0284
  0.0286  0.0285  0.0285  0.0286  0.0285  0.0285  0.0286  0.0287  0.0285  0.0286  0.0285  0.0285
  0.0289  0.0287  0.0286  0.0289  0.0287  0.0285  0.0288  0.0291  0.0287  0.0289  0.0286  0.0286
niter,ni,del,rscale     1    3    5.0000    0.4000
parameters
    3.7523    6.7952    6.3651  -14.6253  -18.0027  -11.4413
    3.0027    4.2295   -4.1669    7.6546   -2.1668   -9.7433
eta,q 0.97163  7.24242
  0.0287  0.0285  0.0285  0.0287  0.0286  0.0285  0.0286  0.0288  0.0286  0.0286  0.0285  0.0285
  0.0285  0.0285  0.0284  0.0285  0.0285  0.0284  0.0285  0.0286  0.0285  0.0285  0.0284  0.0284
  0.0284  0.0284  0.0284  0.0284  0.0284  0.0284  0.0284  0.0284  0.0284  0.0284  0.0284  0.0284
  0.0284  0.0284  0.0284  0.0284  0.0284  0.0284  0.0284  0.0284  0.0284  0.0284  0.0284  0.0284
  0.0284  0.0284  0.0284  0.0284  0.0284  0.0284  0.0284  0.0284  0.0284  0.0284  0.0284  0.0284
  0.0285  0.0285  0.0284  0.0285  0.0285  0.0284  0.0285  0.0286  0.0284  0.0285  0.0284  0.0284
  0.0287  0.0286  0.0285  0.0287  0.0286  0.0285  0.0286  0.0288  0.0286  0.0287  0.0285  0.0285
registration optimization eta report
parameter search radius
    0.8000    0.8000    0.8000    2.4000    2.4000    2.4000
    2.4000    2.4000    2.4000    2.4000    2.4000    2.4000
100000*second partial in parameter space
       47.       26.       19.        6.        4.        1.
        4.        8.        3.        5.        2.        2.
  0.0287  0.0285  0.0285  0.0287  0.0286  0.0285  0.0286  0.0288  0.0286  0.0286  0.0285  0.0285
  0.0285  0.0285  0.0284  0.0285  0.0285  0.0284  0.0285  0.0286  0.0285  0.0285  0.0284  0.0284
  0.0284  0.0284  0.0284  0.0284  0.0284  0.0284  0.0284  0.0284  0.0284  0.0284  0.0284  0.0284
  0.0284  0.0284  0.0284  0.0284  0.0284  0.0284  0.0284  0.0284  0.0284  0.0284  0.0284  0.0284
  0.0284  0.0284  0.0284  0.0284  0.0284  0.0284  0.0284  0.0284  0.0284  0.0284  0.0284  0.0284
  0.0285  0.0285  0.0284  0.0285  0.0285  0.0284  0.0285  0.0286  0.0284  0.0285  0.0284  0.0284
  0.0287  0.0286  0.0285  0.0287  0.0286  0.0285  0.0286  0.0288  0.0286  0.0287  0.0285  0.0285
    3.7523    6.7952    6.3651  -14.6253  -18.0027  -11.4413
    3.0027    4.2295   -4.1669    7.6546   -2.1668   -9.7433
eta,q 0.97163  7.24242

---------------------------------------------------------------------
compute_vox2vox talsrcimg talsrcimg_to_711-2C_as_mni_average_305_t4 /opt/freesurfer/average/711-2C_as_mni_average_305
---------------------------------------------------------------------

freesurfer compute_vox2vox.c
Reading: talsrcimg.4dfp.ifh
Reading: talsrcimg_to_711-2C_as_mni_average_305_t4
Reading: /opt/freesurfer/average/711-2C_as_mni_average_305.4dfp.ifh
Writing: talsrcimg_to_711-2C_as_mni_average_305_t4_vox2vox.txt

start time Thu Mar 12 16:08:17 CET 2026
end		time Thu Mar 12 16:08:31 CET 2026

mpr2mni305 success

avi2talxfm orig_nu.mgz /opt/freesurfer/average/mni305.cor.mgz talsrcimg_to_711-2C_as_mni_average_305_t4_vox2vox.txt transforms/talairach.auto.xfm
avi2talxfm done
mv -f /out/sourcedata/freesurfer/sub-v1s23x0050561_ses-1/mri/talsrcimg_to_711-2C_as_mni_average_305_t4_vox2vox.txt /out/sourcedata/freesurfer/sub-v1s23x0050561_ses-1/mri/transforms/talsrcimg_to_711-2C_as_mni_average_305_t4_vox2vox.txt
lta_convert --src orig_nu.mgz --trg /opt/freesurfer/average/mni305.cor.mgz --inxfm transforms/talairach.auto.xfm --outlta transforms/talairach.auto.xfm.lta --subject fsaverage
7.3.2

--src: orig_nu.mgz src image (geometry).
--trg: /opt/freesurfer/average/mni305.cor.mgz trg image (geometry).
--inmni: transforms/talairach.auto.xfm input MNI/XFM transform.
--outlta: transforms/talairach.auto.xfm.lta output LTA.
--s: fsaverage subject name
 LTA read, type : 1
 1.16761  -0.05154  -0.04888  -108.15250;
 0.03474   1.11618   0.13136   35.19194;
 0.05609  -0.10682   1.20481  -78.49939;
 0.00000   0.00000   0.00000   1.00000;
setting subject to fsaverage
Writing  LTA to file transforms/talairach.auto.xfm.lta...
lta_convert successful.
 
 
Started at Thu Mar 12 16:08:16 CET 2026
Ended   at Thu Mar 12 16:08:31 CET 2026
talairach_avi done
