/out/sourcedata/freesurfer/sub-v1s23x0050551_ses-1/mri
/opt/freesurfer/bin/talairach_avi
--i orig_nu.mgz --xfm transforms/talairach.auto.xfm
talairach_avi 7.3.2
Linux dna058 5.14.0-427.37.1.el9_4.x86_64 #1 SMP PREEMPT_DYNAMIC Fri Sep 13 12:41:50 EDT 2024 x86_64 x86_64 x86_64 GNU/Linux
Mon Mar  9 16:59:07 CET 2026
mri_convert orig_nu.mgz talsrcimg.img 
reading from orig_nu.mgz...
TR=0.00, TE=0.00, TI=0.00, flip angle=0.00
i_ras = (-1, 0, 0)
j_ras = (0, 0, -1)
k_ras = (0, 1, 0)
writing to talsrcimg.img...
Analyze Output Matrix
-1.00000   0.00000   0.00000   181.78941;
 0.00000   0.00000   1.00000  -177.59407;
 0.00000  -1.00000   0.00000   141.63991;
 0.00000   0.00000   0.00000   1.00000;
--------------------
INFO: set hdr.hist.orient to -1
mpr2mni305 talsrcimg
Mon Mar  9 16:59:08 CET 2026
/opt/freesurfer/bin/mpr2mni305 talsrcimg
mpr2mni305 7.3.2
target=711-2C_as_mni_average_305

---------------------------------------------------------------------
analyzeto4dfp talsrcimg -O0 -y
---------------------------------------------------------------------

freesurfer ifh2hdr.c
Mon Mar  9 16:59:08 2026
Writing: talsrcimg.4dfp.hdr
freesurfer analyzeto4dfp.c
Reading: talsrcimg.hdr
header size 348 bytes
hdr.dime.datatype	offset=70	value=2
hdr.dime.bitpix		offset=72	value=8
hdr.hist.orient		offset=252	value=-1
dimensionality     4
dimensions       256       256       256         1
Reading: talsrcimg.img
Writing: talsrcimg.4dfp.img
Writing: talsrcimg.4dfp.ifh
ifh2hdr talsrcimg -r0to234
ori=2

---------------------------------------------------------------------
gauss_4dfp talsrcimg 1.1
---------------------------------------------------------------------

freesurfer gauss_4dfp.c
Reading: talsrcimg.4dfp.img
Writing: talsrcimg_g11.4dfp.img
image dimensions 256 256 256 padded to 288 288 288
processing volume 1freesurfer ifh2hdr.c
Mon Mar  9 16:59:10 2026
Writing: talsrcimg_g11.4dfp.hdr

Writing: talsrcimg_g11.4dfp.ifh
including: talsrcimg.4dfp.img.rec in talsrcimg_g11.4dfp.img.rec

---------------------------------------------------------------------
imgreg_4dfp /opt/freesurfer/average/711-2C_as_mni_average_305 none talsrcimg_g11 none talsrcimg_to_711-2C_as_mni_average_305_t4 4355
---------------------------------------------------------------------

freesurfer imgreg_4dfp.c
/opt/freesurfer/average/711-2C_as_mni_average_305.4dfp.img
       256       256       256         1
  1.000000  1.000000  1.000000
orientation T byte_order littleendian
Reading image: /opt/freesurfer/average/711-2C_as_mni_average_305.4dfp.img
dimensions:      256       256       256
mmppix:       1.0000   -1.0000   -1.0000
center:     128.0000 -129.0000 -129.0000
talsrcimg_g11.4dfp.img
       256       256       256         1
  1.000000  1.000000  1.000000
orientation T byte_order littleendian
Reading image: talsrcimg_g11.4dfp.img
dimensions:      256       256       256
mmppix:       1.0000   -1.0000   -1.0000
center:     128.0000 -129.0000 -129.0000
t4_read: open error in t4_sub.f l:  41 t4_file(1:l)talsrcimg_to_711-2C_as_mni_average_305_t4 
t4_read: transform initialized to I4
rotation matrix determinant  1.000000
image alignment mode   4355 decimal     1103 hex
   -7.5000  -45.0000  -45.0000 6532.4468   18.7569
    0.0000  -45.0000  -45.0000 6828.0205   18.7421
    7.5000  -45.0000  -45.0000 6556.3848   18.7274
   -7.5000  -37.5000  -45.0000 6981.1362   18.5011
    0.0000  -37.5000  -45.0000 7277.1865   18.4865
    7.5000  -37.5000  -45.0000 6980.2715   18.4711
   -7.5000  -30.0000  -45.0000 7775.2393   18.5105
    0.0000  -30.0000  -45.0000 8123.0093   18.5010
    7.5000  -30.0000  -45.0000 7772.7983   18.4828
   -7.5000  -22.5000  -45.0000 8618.6416   18.5211
    0.0000  -22.5000  -45.0000 9015.0498   18.5164
    7.5000  -22.5000  -45.0000 8630.9941   18.4965
   -7.5000  -15.0000  -45.0000 9392.0049   18.5006
    0.0000  -15.0000  -45.0000 9811.6289   18.4958
    7.5000  -15.0000  -45.0000 9386.6113   18.4766
   -7.5000   -7.5000  -45.000010014.1094   18.4689
    0.0000   -7.5000  -45.000010465.5186   18.4595
    7.5000   -7.5000  -45.000010024.9053   18.4429
   -7.5000    0.0000  -45.000010626.8994   18.4558
    0.0000    0.0000  -45.000011127.0166   18.4414
    7.5000    0.0000  -45.000010643.8174   18.4272
   -7.5000    7.5000  -45.000010499.5195   18.4766
    0.0000    7.5000  -45.000010975.1904   18.4621
    7.5000    7.5000  -45.000010493.2363   18.4468
   -7.5000   15.0000  -45.000010268.7773   18.5103
    0.0000   15.0000  -45.000010732.3428   18.5008
    7.5000   15.0000  -45.000010276.8857   18.4826
   -7.5000   22.5000  -45.0000 9954.9561   18.5186
    0.0000   22.5000  -45.000010393.0625   18.5138
    7.5000   22.5000  -45.0000 9981.4512   18.4940
   -7.5000   30.0000  -45.0000 9457.0137   18.2541
    0.0000   30.0000  -45.0000 9834.4443   18.2493
    7.5000   30.0000  -45.0000 9443.1758   18.2303
   -7.5000   37.5000  -45.0000 9192.0117   18.2227
    0.0000   37.5000  -45.0000 9545.4766   18.2135
    7.5000   37.5000  -45.0000 9163.8027   18.1972
   -7.5000   45.0000  -45.0000 8422.3604   17.7474
    0.0000   45.0000  -45.0000 8753.7871   17.7336
    7.5000   45.0000  -45.0000 8380.6484   17.7199
   -7.5000  -45.0000  -37.5000 6948.0654   18.5586
    0.0000  -45.0000  -37.5000 7267.4102   18.5470
    7.5000  -45.0000  -37.5000 6975.8145   18.5336
   -7.5000  -37.5000  -37.5000 7434.3677   18.3016
    0.0000  -37.5000  -37.5000 7764.4702   18.2891
    7.5000  -37.5000  -37.5000 7433.5415   18.2745
   -7.5000  -30.0000  -37.5000 8278.1963   18.3018
    0.0000  -30.0000  -37.5000 8670.2832   18.2966
    7.5000  -30.0000  -37.5000 8309.9707   18.2827
   -7.5000  -22.5000  -37.5000 9184.6426   18.3104
    0.0000  -22.5000  -37.5000 9629.2793   18.3142
    7.5000  -22.5000  -37.5000 9227.6543   18.3025
   -7.5000  -15.0000  -37.500010028.9160   18.2966
    0.0000  -15.0000  -37.500010492.0039   18.3028
    7.5000  -15.0000  -37.500010017.8320   18.2928
   -7.5000   -7.5000  -37.500010710.2236   18.2741
    0.0000   -7.5000  -37.500011211.2939   18.2724
    7.5000   -7.5000  -37.500010697.1426   18.2616
   -7.5000    0.0000  -37.500011333.4932   18.2639
    0.0000    0.0000  -37.500011875.9492   18.2526
    7.5000    0.0000  -37.500011330.4414   18.2396
   -7.5000    7.5000  -37.500011159.6475   18.2776
    0.0000    7.5000  -37.500011676.4189   18.2652
    7.5000    7.5000  -37.500011117.1064   18.2507
   -7.5000   15.0000  -37.500010902.3057   18.3015
    0.0000   15.0000  -37.500011400.5098   18.2964
    7.5000   15.0000  -37.500010883.3174   18.2824
   -7.5000   22.5000  -37.500010556.8369   18.3079
    0.0000   22.5000  -37.500011029.5078   18.3117
    7.5000   22.5000  -37.500010555.5547   18.2999
   -7.5000   30.0000  -37.500010043.2930   18.0528
    0.0000   30.0000  -37.500010480.9014   18.0588
    7.5000   30.0000  -37.500010028.8408   18.0490
   -7.5000   37.5000  -37.5000 9777.6123   18.0306
    0.0000   37.5000  -37.500010180.4268   18.0289
    7.5000   37.5000  -37.5000 9730.8574   18.0182
   -7.5000   45.0000  -37.5000 8957.8242   17.5629
    0.0000   45.0000  -37.5000 9319.5078   17.5521
    7.5000   45.0000  -37.5000 8888.9863   17.5395
   -7.5000  -45.0000  -30.0000 7477.1577   19.2182
    0.0000  -45.0000  -30.0000 7812.5620   19.2117
    7.5000  -45.0000  -30.0000 7502.3735   19.2032
   -7.5000  -37.5000  -30.0000 8026.0874   18.9551
    0.0000  -37.5000  -30.0000 8376.5977   18.9519
    7.5000  -37.5000  -30.0000 8018.9521   18.9410
   -7.5000  -30.0000  -30.0000 8981.6680   18.9582
    0.0000  -30.0000  -30.0000 9407.9229   18.9629
    7.5000  -30.0000  -30.0000 8991.1816   18.9533
   -7.5000  -22.5000  -30.0000 9961.7100   18.9679
    0.0000  -22.5000  -30.000010450.6582   18.9780
    7.5000  -22.5000  -30.0000 9978.3232   18.9729
   -7.5000  -15.0000  -30.000010869.5859   18.9529
    0.0000  -15.0000  -30.000011372.6738   18.9613
    7.5000  -15.0000  -30.000010827.5127   18.9597
   -7.5000   -7.5000  -30.000011628.9629   18.9278
    0.0000   -7.5000  -30.000012149.1934   18.9275
    7.5000   -7.5000  -30.000011567.4658   18.9237
   -7.5000    0.0000  -30.000012278.1982   18.9153
    0.0000    0.0000  -30.000012862.3838   18.9089
    7.5000    0.0000  -30.000012245.2812   18.9003
   -7.5000    7.5000  -30.000012039.7109   18.9306
    0.0000    7.5000  -30.000012606.2783   18.9273
    7.5000    7.5000  -30.000012010.4043   18.9165
   -7.5000   15.0000  -30.000011752.3301   18.9580
    0.0000   15.0000  -30.000012290.6104   18.9627
    7.5000   15.0000  -30.000011718.9844   18.9531
   -7.5000   22.5000  -30.000011353.3643   18.9634
    0.0000   22.5000  -30.000011866.7598   18.9735
    7.5000   22.5000  -30.000011298.3076   18.9683
   -7.5000   30.0000  -30.000010811.9082   18.7021
    0.0000   30.0000  -30.000011300.7217   18.7104
    7.5000   30.0000  -30.000010752.5117   18.7088
   -7.5000   37.5000  -30.000010490.2959   18.6773
    0.0000   37.5000  -30.000010954.4961   18.6770
    7.5000   37.5000  -30.000010424.3965   18.6733
   -7.5000   45.0000  -30.0000 9595.7539   18.2027
    0.0000   45.0000  -30.0000 9995.8760   18.1965
    7.5000   45.0000  -30.0000 9500.9502   18.1883
   -7.5000  -45.0000  -22.5000 8064.4102   19.8349
    0.0000  -45.0000  -22.5000 8420.2773   19.8305
    7.5000  -45.0000  -22.5000 8069.4678   19.8237
   -7.5000  -37.5000  -22.5000 8693.1846   19.5715
    0.0000  -37.5000  -22.5000 9083.4570   19.5766
    7.5000  -37.5000  -22.5000 8666.0557   19.5671
   -7.5000  -30.0000  -22.5000 9738.4854   19.5914
    0.0000  -30.0000  -22.500010195.0762   19.6025
    7.5000  -30.0000  -22.5000 9709.2285   19.5915
   -7.5000  -22.5000  -22.500010793.0420   19.6094
    0.0000  -22.5000  -22.500011303.3828   19.6166
    7.5000  -22.5000  -22.500010757.2764   19.6080
   -7.5000  -15.0000  -22.500011755.8262   19.5875
    0.0000  -15.0000  -22.500012288.9082   19.5854
    7.5000  -15.0000  -22.500011679.3047   19.5807
   -7.5000   -7.5000  -22.500012593.6953   19.5461
    0.0000   -7.5000  -22.500013134.5615   19.5384
    7.5000   -7.5000  -22.500012499.6133   19.5335
   -7.5000    0.0000  -22.500013287.6016   19.5231
    0.0000    0.0000  -22.500013910.7295   19.5187
    7.5000    0.0000  -22.500013236.3291   19.5117
   -7.5000    7.5000  -22.500013025.1582   19.5463
    0.0000    7.5000  -22.500013627.0791   19.5515
    7.5000    7.5000  -22.500012945.4229   19.5421
   -7.5000   15.0000  -22.500012685.2559   19.5912
    0.0000   15.0000  -22.500013235.3203   19.6022
    7.5000   15.0000  -22.500012578.3252   19.5912
   -7.5000   22.5000  -22.500012200.0205   19.6034
    0.0000   22.5000  -22.500012734.7480   19.6105
    7.5000   22.5000  -22.500012111.0928   19.6020
   -7.5000   30.0000  -22.500011606.0645   19.3313
    0.0000   30.0000  -22.500012095.4707   19.3293
    7.5000   30.0000  -22.500011499.1191   19.3245
   -7.5000   37.5000  -22.500011258.6768   19.2904
    0.0000   37.5000  -22.500011752.6641   19.2828
    7.5000   37.5000  -22.500011152.8291   19.2780
   -7.5000   45.0000  -22.500010304.7354   18.8017
    0.0000   45.0000  -22.500010733.4775   18.7975
    7.5000   45.0000  -22.500010176.6992   18.7907
   -7.5000  -45.0000  -15.0000 8670.4297   20.3133
    0.0000  -45.0000  -15.0000 9055.7588   20.3060
    7.5000  -45.0000  -15.0000 8662.4336   20.2957
   -7.5000  -37.5000  -15.0000 9392.0127   20.0506
    0.0000  -37.5000  -15.0000 9807.1084   20.0550
    7.5000  -37.5000  -15.0000 9337.4668   20.0426
   -7.5000  -30.0000  -15.000010527.3008   20.0831
    0.0000  -30.0000  -15.000010997.2734   20.0914
    7.5000  -30.0000  -15.000010472.0029   20.0743
   -7.5000  -22.5000  -15.000011633.4209   20.1063
    0.0000  -22.5000  -15.000012143.1660   20.1053
    7.5000  -22.5000  -15.000011561.6572   20.0868
   -7.5000  -15.0000  -15.000012664.8105   20.0774
    0.0000  -15.0000  -15.000013236.0059   20.0636
    7.5000  -15.0000  -15.000012586.8076   20.0477
   -7.5000   -7.5000  -15.000013566.6406   20.0230
    0.0000   -7.5000  -15.000014158.4600   20.0067
    7.5000   -7.5000  -15.000013489.9668   19.9942
   -7.5000    0.0000  -15.000014316.0479   19.9938
    0.0000    0.0000  -15.000014952.5518   19.9866
    7.5000    0.0000  -15.000014238.1982   19.9762
   -7.5000    7.5000  -15.000013999.3408   20.0247
    0.0000    7.5000  -15.000014635.4268   20.0292
    7.5000    7.5000  -15.000013907.1426   20.0170
   -7.5000   15.0000  -15.000013651.6553   20.0828
    0.0000   15.0000  -15.000014243.3643   20.0911
    7.5000   15.0000  -15.000013502.2578   20.0740
   -7.5000   22.5000  -15.000013116.8340   20.0992
    0.0000   22.5000  -15.000013701.6074   20.0981
    7.5000   22.5000  -15.000012991.6084   20.0796
   -7.5000   30.0000  -15.000012452.3320   19.8175
    0.0000   30.0000  -15.000012978.1934   19.8039
    7.5000   30.0000  -15.000012312.2432   19.7882
   -7.5000   37.5000  -15.000012044.9707   19.7639
    0.0000   37.5000  -15.000012555.7988   19.7478
    7.5000   37.5000  -15.000011936.3613   19.7354
   -7.5000   45.0000  -15.000011026.8018   19.2667
    0.0000   45.0000  -15.000011477.4346   19.2597
    7.5000   45.0000  -15.000010902.7305   19.2497
   -7.5000  -45.0000   -7.5000 9387.1309   20.5316
    0.0000  -45.0000   -7.5000 9785.8965   20.5177
    7.5000  -45.0000   -7.5000 9330.4297   20.5019
   -7.5000  -37.5000   -7.500010152.6250   20.2666
    0.0000  -37.5000   -7.500010599.5732   20.2594
    7.5000  -37.5000   -7.500010073.0723   20.2424
   -7.5000  -30.0000   -7.500011342.9473   20.2933
    0.0000  -30.0000   -7.500011859.4561   20.2900
    7.5000  -30.0000   -7.500011294.2373   20.2677
   -7.5000  -22.5000   -7.500012543.9229   20.3107
    0.0000  -22.5000   -7.500013109.7803   20.3036
    7.5000  -22.5000   -7.500012478.8252   20.2782
   -7.5000  -15.0000   -7.500013661.6641   20.2803
    0.0000  -15.0000   -7.500014285.9697   20.2655
    7.5000  -15.0000   -7.500013582.0645   20.2413
   -7.5000   -7.5000   -7.500014628.8447   20.2309
    0.0000   -7.5000   -7.500015249.1768   20.2134
    7.5000   -7.5000   -7.500014544.2324   20.1939
   -7.5000    0.0000   -7.500015408.3701   20.2087
    0.0000    0.0000   -7.500016065.2109   20.1951
    7.5000    0.0000   -7.500015297.6240   20.1796
   -7.5000    7.5000   -7.500015067.0391   20.2404
    0.0000    7.5000   -7.500015733.6924   20.2332
    7.5000    7.5000   -7.500014930.7754   20.2164
   -7.5000   15.0000   -7.500014717.9570   20.2931
    0.0000   15.0000   -7.500015379.0840   20.2897
    7.5000   15.0000   -7.500014567.9980   20.2675
   -7.5000   22.5000   -7.500014133.6582   20.3014
    0.0000   22.5000   -7.500014779.7490   20.2942
    7.5000   22.5000   -7.500014007.9639   20.2688
   -7.5000   30.0000   -7.500013364.6338   20.0173
    0.0000   30.0000   -7.500013926.1533   20.0026
    7.5000   30.0000   -7.500013217.4746   19.9788
   -7.5000   37.5000   -7.500012890.8896   19.9685
    0.0000   37.5000   -7.500013411.5664   19.9512
    7.5000   37.5000   -7.500012748.4990   19.9320
   -7.5000   45.0000   -7.500011779.1406   19.4773
    0.0000   45.0000   -7.500012242.0723   19.4643
    7.5000   45.0000   -7.500011644.5518   19.4493
   -7.5000  -45.0000    0.0000 9988.0762   20.5534
    0.0000  -45.0000    0.000010415.4365   20.5365
    7.5000  -45.0000    0.0000 9936.1787   20.5193
   -7.5000  -37.5000    0.000010791.3115   20.2804
    0.0000  -37.5000    0.000011244.5576   20.2638
    7.5000  -37.5000    0.000010704.5957   20.2455
   -7.5000  -30.0000    0.000012067.6982   20.2909
    0.0000  -30.0000    0.000012588.3281   20.2801
    7.5000  -30.0000    0.000011987.2930   20.2590
   -7.5000  -22.5000    0.000013337.3193   20.3012
    0.0000  -22.5000    0.000013922.7520   20.2959
    7.5000  -22.5000    0.000013266.8730   20.2733
   -7.5000  -15.0000    0.000014557.2129   20.2775
    0.0000  -15.0000    0.000015191.2432   20.2721
    7.5000  -15.0000    0.000014484.3330   20.2505
   -7.5000   -7.5000    0.000015621.9014   20.2430
    0.0000   -7.5000    0.000016303.1611   20.2323
    7.5000   -7.5000    0.000015564.2744   20.2134
   -7.5000    0.0000    0.000016447.6016   20.2302
    0.0000    0.0000    0.000017129.7246   20.2137
    7.5000    0.0000    0.000016329.9131   20.1970
   -7.5000    7.5000    0.000016081.5566   20.2541
    0.0000    7.5000    0.000016713.0234   20.2375
    7.5000    7.5000    0.000015905.2529   20.2194
   -7.5000   15.0000    0.000015649.7656   20.2907
    0.0000   15.0000    0.000016344.2510   20.2799
    7.5000   15.0000    0.000015529.2217   20.2587
   -7.5000   22.5000    0.000015037.7607   20.2918
    0.0000   22.5000    0.000015719.4102   20.2865
    7.5000   22.5000    0.000014946.0928   20.2639
   -7.5000   30.0000    0.000014219.1270   20.0150
    0.0000   30.0000    0.000014785.0645   20.0098
    7.5000   30.0000    0.000014068.0977   19.9884
   -7.5000   37.5000    0.000013682.0879   19.9810
    0.0000   37.5000    0.000014202.3467   19.9705
    7.5000   37.5000    0.000013522.6729   19.9518
   -7.5000   45.0000    0.000012535.5029   19.4996
    0.0000   45.0000    0.000013015.8945   19.4837
    7.5000   45.0000    0.000012396.3887   19.4676
   -7.5000  -45.0000    7.5000 9848.4561   20.5558
    0.0000  -45.0000    7.500010290.3945   20.5433
    7.5000  -45.0000    7.5000 9796.3887   20.5295
   -7.5000  -37.5000    7.500010643.3682   20.2750
    0.0000  -37.5000    7.500011090.7617   20.2617
    7.5000  -37.5000    7.500010556.6992   20.2461
   -7.5000  -30.0000    7.500011860.8467   20.2744
    0.0000  -30.0000    7.500012355.0020   20.2691
    7.5000  -30.0000    7.500011776.3232   20.2541
   -7.5000  -22.5000    7.500013099.2734   20.2822
    0.0000  -22.5000    7.500013639.9453   20.2864
    7.5000  -22.5000    7.500013001.0869   20.2740
   -7.5000  -15.0000    7.500014319.8584   20.2660
    0.0000  -15.0000    7.500014932.4697   20.2725
    7.5000  -15.0000    7.500014277.9209   20.2623
   -7.5000   -7.5000    7.500015436.7217   20.2421
    0.0000   -7.5000    7.500016166.9404   20.2400
    7.5000   -7.5000    7.500015459.2754   20.2291
   -7.5000    0.0000    7.500016295.4590   20.2327
    0.0000    0.0000    7.500017056.6406   20.2205
    7.5000    0.0000    7.500016319.7578   20.2070
   -7.5000    7.5000    7.500015853.2891   20.2487
    0.0000    7.5000    7.500016482.8574   20.2354
    7.5000    7.5000    7.500015796.6416   20.2200
   -7.5000   15.0000    7.500015405.9102   20.2742
    0.0000   15.0000    7.500016063.1436   20.2689
    7.5000   15.0000    7.500015361.7451   20.2539
   -7.5000   22.5000    7.500014849.0703   20.2728
    0.0000   22.5000    7.500015485.3955   20.2771
    7.5000   22.5000    7.500014792.7041   20.2647
   -7.5000   30.0000    7.500014078.4658   20.0038
    0.0000   30.0000    7.500014643.4365   20.0102
    7.5000   30.0000    7.500013944.2070   20.0001
   -7.5000   37.5000    7.500013576.8701   19.9801
    0.0000   37.5000    7.500014100.4551   19.9781
    7.5000   37.5000    7.500013396.1689   19.9673
   -7.5000   45.0000    7.500012474.4170   19.5020
    0.0000   45.0000    7.500012946.9873   19.4902
    7.5000   45.0000    7.500012289.5869   19.4772
   -7.5000  -45.0000   15.0000 9570.8291   20.5737
    0.0000  -45.0000   15.000010000.5820   20.5668
    7.5000  -45.0000   15.0000 9493.4688   20.5579
   -7.5000  -37.5000   15.000010319.9678   20.2932
    0.0000  -37.5000   15.000010798.1416   20.2899
    7.5000  -37.5000   15.000010245.8867   20.2785
   -7.5000  -30.0000   15.000011492.4932   20.2965
    0.0000  -30.0000   15.000012014.5400   20.3018
    7.5000  -30.0000   15.000011408.5117   20.2917
   -7.5000  -22.5000   15.000012677.8760   20.3067
    0.0000  -22.5000   15.000013245.1650   20.3175
    7.5000  -22.5000   15.000012590.3887   20.3121
   -7.5000  -15.0000   15.000013818.8643   20.2903
    0.0000  -15.0000   15.000014465.1357   20.2991
    7.5000  -15.0000   15.000013839.0244   20.2976
   -7.5000   -7.5000   15.000014969.1719   20.2635
    0.0000   -7.5000   15.000015870.3682   20.2630
    7.5000   -7.5000   15.000015169.3740   20.2591
   -7.5000    0.0000   15.000016003.8916   20.2504
    0.0000    0.0000   15.000017026.6953   20.2436
    7.5000    0.0000   15.000016314.2217   20.2347
   -7.5000    7.5000   15.000015730.1895   20.2670
    0.0000    7.5000   15.000016490.8730   20.2638
    7.5000    7.5000   15.000015810.9814   20.2524
   -7.5000   15.0000   15.000015306.5557   20.2963
    0.0000   15.0000   15.000016019.0508   20.3015
    7.5000   15.0000   15.000015268.0156   20.2914
   -7.5000   22.5000   15.000014716.1133   20.2973
    0.0000   22.5000   15.000015432.5596   20.3081
    7.5000   22.5000   15.000014603.5156   20.3028
   -7.5000   30.0000   15.000013876.6934   20.0278
    0.0000   30.0000   15.000014530.1553   20.0364
    7.5000   30.0000   15.000013688.2275   20.0349
   -7.5000   37.5000   15.000013306.3154   20.0013
    0.0000   37.5000   15.000013919.2754   20.0008
    7.5000   37.5000   15.000013084.9941   19.9969
   -7.5000   45.0000   15.000012161.0537   19.5191
    0.0000   45.0000   15.000012728.1836   19.5125
    7.5000   45.0000   15.000011943.0488   19.5039
   -7.5000  -45.0000   22.5000 9219.3506   20.5901
    0.0000  -45.0000   22.5000 9645.9961   20.5856
    7.5000  -45.0000   22.5000 9128.4785   20.5785
   -7.5000  -37.5000   22.5000 9905.1729   20.3167
    0.0000  -37.5000   22.500010370.3643   20.3221
    7.5000  -37.5000   22.5000 9860.3408   20.3122
   -7.5000  -30.0000   22.500011004.7217   20.3374
    0.0000  -30.0000   22.500011521.1719   20.3489
    7.5000  -30.0000   22.500010980.1602   20.3375
   -7.5000  -22.5000   22.500012150.1260   20.3561
    0.0000  -22.5000   22.500012702.5225   20.3636
    7.5000  -22.5000   22.500012125.1152   20.3547
   -7.5000  -15.0000   22.500013260.6924   20.3333
    0.0000  -15.0000   22.500013951.3945   20.3312
    7.5000  -15.0000   22.500013321.1367   20.3263
   -7.5000   -7.5000   22.500014351.4326   20.2904
    0.0000   -7.5000   22.500015437.5146   20.2823
    7.5000   -7.5000   22.500014580.9385   20.2773
   -7.5000    0.0000   22.500015442.8535   20.2665
    0.0000    0.0000   22.500016701.4648   20.2619
    7.5000    0.0000   22.500015711.4688   20.2547
   -7.5000    7.5000   22.500015290.7412   20.2906
    0.0000    7.5000   22.500016347.2129   20.2959
    7.5000    7.5000   22.500015337.3516   20.2862
   -7.5000   15.0000   22.500014977.8271   20.3372
    0.0000   15.0000   22.500015984.6553   20.3486
    7.5000   15.0000   22.500014909.1592   20.3372
   -7.5000   22.5000   22.500014333.5068   20.3468
    0.0000   22.5000   22.500015262.3457   20.3542
    7.5000   22.5000   22.500014213.7656   20.3453
   -7.5000   30.0000   22.500013381.7236   20.0702
    0.0000   30.0000   22.500014120.1826   20.0681
    7.5000   30.0000   22.500013225.0918   20.0632
   -7.5000   37.5000   22.500012746.7803   20.0278
    0.0000   37.5000   22.500013368.1406   20.0198
    7.5000   37.5000   22.500012592.1299   20.0149
   -7.5000   45.0000   22.500011604.8477   19.5346
    0.0000   45.0000   22.500012162.7598   19.5302
    7.5000   45.0000   22.500011473.0322   19.5232
   -7.5000  -45.0000   30.0000 8697.2998   20.5929
    0.0000  -45.0000   30.0000 9138.1211   20.5855
    7.5000  -45.0000   30.0000 8655.7393   20.5750
   -7.5000  -37.5000   30.0000 9382.1055   20.3265
    0.0000  -37.5000   30.0000 9859.8486   20.3310
    7.5000  -37.5000   30.0000 9350.2178   20.3185
   -7.5000  -30.0000   30.000010443.3008   20.3596
    0.0000  -30.0000   30.000010995.6816   20.3679
    7.5000  -30.0000   30.000010426.0039   20.3506
   -7.5000  -22.5000   30.000011558.4990   20.3831
    0.0000  -22.5000   30.000012174.4971   20.3821
    7.5000  -22.5000   30.000011534.0088   20.3633
   -7.5000  -15.0000   30.000012621.2861   20.3537
    0.0000  -15.0000   30.000013389.7246   20.3398
    7.5000  -15.0000   30.000012658.3721   20.3236
   -7.5000   -7.5000   30.000013663.3896   20.2986
    0.0000   -7.5000   30.000014601.9912   20.2821
    7.5000   -7.5000   30.000013745.5498   20.2693
   -7.5000    0.0000   30.000014562.9639   20.2690
    0.0000    0.0000   30.000015448.2080   20.2617
    7.5000    0.0000   30.000014591.2383   20.2511
   -7.5000    7.5000   30.000014329.1289   20.3003
    0.0000    7.5000   30.000015061.1699   20.3049
    7.5000    7.5000   30.000014251.4531   20.2925
   -7.5000   15.0000   30.000014019.4805   20.3593
    0.0000   15.0000   30.000014827.0352   20.3677
    7.5000   15.0000   30.000013960.9883   20.3504
   -7.5000   22.5000   30.000013490.8164   20.3737
    0.0000   22.5000   30.000014320.8750   20.3727
    7.5000   22.5000   30.000013422.6230   20.3539
   -7.5000   30.0000   30.000012573.0371   20.0903
    0.0000   30.0000   30.000013289.1953   20.0765
    7.5000   30.0000   30.000012518.0303   20.0606
   -7.5000   37.5000   30.000011997.2148   20.0359
    0.0000   37.5000   30.000012639.9326   20.0196
    7.5000   37.5000   30.000011917.8857   20.0070
   -7.5000   45.0000   30.000010940.3076   19.5370
    0.0000   45.0000   30.000011505.3799   19.5299
    7.5000   45.0000   30.000010856.0596   19.5198
   -7.5000  -45.0000   37.5000 8416.9971   20.5933
    0.0000  -45.0000   37.5000 8883.4385   20.5792
    7.5000  -45.0000   37.5000 8389.5811   20.5634
   -7.5000  -37.5000   37.5000 9143.6738   20.3274
    0.0000  -37.5000   37.5000 9623.6895   20.3200
    7.5000  -37.5000   37.5000 9078.7529   20.3030
   -7.5000  -30.0000   37.500010221.7881   20.3543
    0.0000  -30.0000   37.500010736.3447   20.3509
    7.5000  -30.0000   37.500010144.3125   20.3285
   -7.5000  -22.5000   37.500011305.2881   20.3718
    0.0000  -22.5000   37.500011843.3018   20.3645
    7.5000  -22.5000   37.500011219.1846   20.3390
   -7.5000  -15.0000   37.500012281.1943   20.3410
    0.0000  -15.0000   37.500012903.7490   20.3261
    7.5000  -15.0000   37.500012267.5244   20.3018
   -7.5000   -7.5000   37.500013181.7705   20.2914
    0.0000   -7.5000   37.500013899.0498   20.2736
    7.5000   -7.5000   37.500013209.7734   20.2541
   -7.5000    0.0000   37.500014003.8457   20.2690
    0.0000    0.0000   37.500014644.1436   20.2553
    7.5000    0.0000   37.500013958.0303   20.2398
   -7.5000    7.5000   37.500013708.1396   20.3010
    0.0000    7.5000   37.500014325.5430   20.2938
    7.5000    7.5000   37.500013670.3682   20.2769
   -7.5000   15.0000   37.500013401.7676   20.3541
    0.0000   15.0000   37.500014094.4814   20.3506
    7.5000   15.0000   37.500013435.5508   20.3283
   -7.5000   22.5000   37.500012939.2676   20.3624
    0.0000   22.5000   37.500013618.2754   20.3551
    7.5000   22.5000   37.500012926.7168   20.3296
   -7.5000   30.0000   37.500012119.4678   20.0778
    0.0000   30.0000   37.500012743.1963   20.0630
    7.5000   30.0000   37.500012091.0283   20.0391
   -7.5000   37.5000   37.500011610.7480   20.0287
    0.0000   37.5000   37.500012179.4570   20.0113
    7.5000   37.5000   37.500011564.4229   19.9920
   -7.5000   45.0000   37.500010618.7578   19.5370
    0.0000   45.0000   37.500011139.4561   19.5238
    7.5000   45.0000   37.500010573.9443   19.5088
   -7.5000  -45.0000   45.0000 7849.5820   20.7943
    0.0000  -45.0000   45.0000 8239.9082   20.7763
    7.5000  -45.0000   45.0000 7800.2026   20.7582
   -7.5000  -37.5000   45.0000 8505.1338   20.5137
    0.0000  -37.5000   45.0000 8893.9980   20.4962
    7.5000  -37.5000   45.0000 8439.1758   20.4770
   -7.5000  -30.0000   45.0000 9500.8301   20.5247
    0.0000  -30.0000   45.0000 9926.0195   20.5131
    7.5000  -30.0000   45.0000 9437.6211   20.4908
   -7.5000  -22.5000   45.000010449.2822   20.5348
    0.0000  -22.5000   45.000010927.6016   20.5288
    7.5000  -22.5000   45.000010432.3291   20.5049
   -7.5000  -15.0000   45.000011359.8926   20.5099
    0.0000  -15.0000   45.000011896.6318   20.5037
    7.5000  -15.0000   45.000011383.5684   20.4808
   -7.5000   -7.5000   45.000012187.2363   20.4743
    0.0000   -7.5000   45.000012773.0234   20.4627
    7.5000   -7.5000   45.000012219.4893   20.4427
   -7.5000    0.0000   45.000012922.4023   20.4615
    0.0000    0.0000   45.000013475.6270   20.4440
    7.5000    0.0000   45.000012893.7324   20.4265
   -7.5000    7.5000   45.000012671.6875   20.4866
    0.0000    7.5000   45.000013223.2061   20.4691
    7.5000    7.5000   45.000012661.9482   20.4501
   -7.5000   15.0000   45.000012385.4072   20.5245
    0.0000   15.0000   45.000012978.0635   20.5129
    7.5000   15.0000   45.000012413.0713   20.4906
   -7.5000   22.5000   45.000011973.1396   20.5253
    0.0000   22.5000   45.000012545.9092   20.5193
    7.5000   22.5000   45.000011978.9531   20.4954
   -7.5000   30.0000   45.000011260.7520   20.2427
    0.0000   30.0000   45.000011779.3057   20.2366
    7.5000   30.0000   45.000011233.9072   20.2139
   -7.5000   37.5000   45.000010799.2588   20.2076
    0.0000   37.5000   45.000011275.4512   20.1961
    7.5000   37.5000   45.000010746.2354   20.1764
   -7.5000   45.0000   45.0000 9888.5176   19.7315
    0.0000   45.0000   45.000010340.8389   19.7146
    7.5000   45.0000   45.0000 9837.9414   19.6977

---------------------------------------------------------------------
imgreg_4dfp /opt/freesurfer/average/711-2C_as_mni_average_305 /opt/freesurfer/average/711-2B_as_mni_average_305_mask talsrcimg_g11 none talsrcimg_to_711-2C_as_mni_average_305_t4 4355
---------------------------------------------------------------------

freesurfer imgreg_4dfp.c
/opt/freesurfer/average/711-2C_as_mni_average_305.4dfp.img
       256       256       256         1
  1.000000  1.000000  1.000000
orientation T byte_order littleendian
Reading image: /opt/freesurfer/average/711-2C_as_mni_average_305.4dfp.img
dimensions:      256       256       256
mmppix:       1.0000   -1.0000   -1.0000
center:     128.0000 -129.0000 -129.0000
/opt/freesurfer/average/711-2B_as_mni_average_305_mask.4dfp.img
       256       256       256         1
  1.000000  1.000000  1.000000
orientation T byte_order littleendian
Reading mask: /opt/freesurfer/average/711-2B_as_mni_average_305_mask.4dfp.img (2306576 pixels)
talsrcimg_g11.4dfp.img
       256       256       256         1
  1.000000  1.000000  1.000000
orientation T byte_order littleendian
Reading image: talsrcimg_g11.4dfp.img
dimensions:      256       256       256
mmppix:       1.0000   -1.0000   -1.0000
center:     128.0000 -129.0000 -129.0000
rotation matrix determinant  1.000000
image alignment mode   4355 decimal     1103 hex
   -7.5000  -45.0000  -45.0000 1834.3101   26.7381
    0.0000  -45.0000  -45.0000 1849.1067   26.4484
    7.5000  -45.0000  -45.0000 1834.5593   26.7133
   -7.5000  -37.5000  -45.0000 1928.7157   24.1148
    0.0000  -37.5000  -45.0000 1940.7197   23.8539
    7.5000  -37.5000  -45.0000 1925.4828   24.0876
   -7.5000  -30.0000  -45.0000 2018.8055   22.1317
    0.0000  -30.0000  -45.0000 2032.0023   21.9703
    7.5000  -30.0000  -45.0000 2016.5708   22.1849
   -7.5000  -22.5000  -45.0000 2102.2087   20.6392
    0.0000  -22.5000  -45.0000 2119.3289   20.5547
    7.5000  -22.5000  -45.0000 2102.5640   20.7158
   -7.5000  -15.0000  -45.0000 2152.0750   19.5938
    0.0000  -15.0000  -45.0000 2167.9358   19.4729
    7.5000  -15.0000  -45.0000 2150.2102   19.6528
   -7.5000   -7.5000  -45.0000 2169.0955   18.8511
    0.0000   -7.5000  -45.0000 2185.1482   18.7304
    7.5000   -7.5000  -45.0000 2173.2622   18.9173
   -7.5000    0.0000  -45.0000 2182.6699   18.5576
    0.0000    0.0000  -45.0000 2199.0459   18.3900
    7.5000    0.0000  -45.0000 2191.1599   18.6549
   -7.5000    7.5000  -45.0000 2183.6985   18.7667
    0.0000    7.5000  -45.0000 2206.1819   18.6188
    7.5000    7.5000  -45.0000 2196.4246   18.8408
   -7.5000   15.0000  -45.0000 2170.2756   19.1571
    0.0000   15.0000  -45.0000 2193.8435   19.0340
    7.5000   15.0000  -45.0000 2181.7405   19.3068
   -7.5000   22.5000  -45.0000 2137.2859   19.9031
    0.0000   22.5000  -45.0000 2161.3687   19.7310
    7.5000   22.5000  -45.0000 2151.5557   19.9632
   -7.5000   30.0000  -45.0000 2089.0176   20.8980
    0.0000   30.0000  -45.0000 2105.5645   20.6525
    7.5000   30.0000  -45.0000 2100.7842   20.8616
   -7.5000   37.5000  -45.0000 2032.9558   22.1762
    0.0000   37.5000  -45.0000 2055.9971   21.8923
    7.5000   37.5000  -45.0000 2046.6501   22.1438
   -7.5000   45.0000  -45.0000 1953.2469   23.9288
    0.0000   45.0000  -45.0000 1981.2008   23.5509
    7.5000   45.0000  -45.0000 1967.1584   23.9148
   -7.5000  -45.0000  -37.5000 1907.4510   24.7730
    0.0000  -45.0000  -37.5000 1919.6774   24.5887
    7.5000  -45.0000  -37.5000 1909.5115   24.7479
   -7.5000  -37.5000  -37.5000 2014.7767   22.3296
    0.0000  -37.5000  -37.5000 2025.0198   22.1620
    7.5000  -37.5000  -37.5000 2012.2960   22.3096
   -7.5000  -30.0000  -37.5000 2108.0176   20.4649
    0.0000  -30.0000  -37.5000 2123.2754   20.3832
    7.5000  -30.0000  -37.5000 2114.6392   20.5031
   -7.5000  -22.5000  -37.5000 2195.2244   19.0718
    0.0000  -22.5000  -37.5000 2210.6829   19.0087
    7.5000  -22.5000  -37.5000 2208.2942   19.1341
   -7.5000  -15.0000  -37.5000 2253.4419   18.0442
    0.0000  -15.0000  -37.5000 2265.4351   18.0174
    7.5000  -15.0000  -37.5000 2256.6670   18.1542
   -7.5000   -7.5000  -37.5000 2273.9036   17.3860
    0.0000   -7.5000  -37.5000 2295.4875   17.3650
    7.5000   -7.5000  -37.5000 2281.5847   17.4878
   -7.5000    0.0000  -37.5000 2284.8044   17.1020
    0.0000    0.0000  -37.5000 2304.6907   17.0324
    7.5000    0.0000  -37.5000 2292.4309   17.1896
   -7.5000    7.5000  -37.5000 2281.9211   17.2028
    0.0000    7.5000  -37.5000 2301.9961   17.0708
    7.5000    7.5000  -37.5000 2290.6326   17.2442
   -7.5000   15.0000  -37.5000 2265.6724   17.4475
    0.0000   15.0000  -37.5000 2284.8899   17.2978
    7.5000   15.0000  -37.5000 2276.6047   17.4897
   -7.5000   22.5000  -37.5000 2243.0205   18.0491
    0.0000   22.5000  -37.5000 2263.6189   17.9016
    7.5000   22.5000  -37.5000 2256.8086   18.0585
   -7.5000   30.0000  -37.5000 2202.9319   18.9891
    0.0000   30.0000  -37.5000 2223.6379   18.8250
    7.5000   30.0000  -37.5000 2221.3584   19.0177
   -7.5000   37.5000  -37.5000 2145.8257   20.2830
    0.0000   37.5000  -37.5000 2164.6162   20.0407
    7.5000   37.5000  -37.5000 2164.0964   20.2270
   -7.5000   45.0000  -37.5000 2063.7188   21.9465
    0.0000   45.0000  -37.5000 2084.0903   21.6384
    7.5000   45.0000  -37.5000 2074.8054   21.9140
   -7.5000  -45.0000  -30.0000 2017.3735   23.9647
    0.0000  -45.0000  -30.0000 2030.9301   23.8285
    7.5000  -45.0000  -30.0000 2019.7731   23.9352
   -7.5000  -37.5000  -30.0000 2130.9717   21.6339
    0.0000  -37.5000  -30.0000 2142.5825   21.5085
    7.5000  -37.5000  -30.0000 2130.4685   21.5900
   -7.5000  -30.0000  -30.0000 2241.5657   19.8130
    0.0000  -30.0000  -30.0000 2262.3569   19.7647
    7.5000  -30.0000  -30.0000 2250.4006   19.8276
   -7.5000  -22.5000  -30.0000 2336.4634   18.3734
    0.0000  -22.5000  -30.0000 2360.8232   18.3461
    7.5000  -22.5000  -30.0000 2351.2517   18.4263
   -7.5000  -15.0000  -30.0000 2399.8728   17.3368
    0.0000  -15.0000  -30.0000 2416.4250   17.3143
    7.5000  -15.0000  -30.0000 2401.9028   17.4303
   -7.5000   -7.5000  -30.0000 2428.6262   16.6347
    0.0000   -7.5000  -30.0000 2446.7627   16.5983
    7.5000   -7.5000  -30.0000 2431.1091   16.7443
   -7.5000    0.0000  -30.0000 2429.6133   16.3192
    0.0000    0.0000  -30.0000 2456.5229   16.2919
    7.5000    0.0000  -30.0000 2443.5789   16.4517
   -7.5000    7.5000  -30.0000 2428.0593   16.3820
    0.0000    7.5000  -30.0000 2451.3259   16.2934
    7.5000    7.5000  -30.0000 2440.4976   16.4258
   -7.5000   15.0000  -30.0000 2414.3315   16.5954
    0.0000   15.0000  -30.0000 2438.2249   16.5067
    7.5000   15.0000  -30.0000 2432.4636   16.6755
   -7.5000   22.5000  -30.0000 2391.6575   17.1844
    0.0000   22.5000  -30.0000 2419.2009   17.0357
    7.5000   22.5000  -30.0000 2408.7798   17.2064
   -7.5000   30.0000  -30.0000 2350.9824   18.0714
    0.0000   30.0000  -30.0000 2378.3518   17.9306
    7.5000   30.0000  -30.0000 2373.5996   18.0834
   -7.5000   37.5000  -30.0000 2289.7734   19.3189
    0.0000   37.5000  -30.0000 2314.5808   19.1255
    7.5000   37.5000  -30.0000 2309.7065   19.2876
   -7.5000   45.0000  -30.0000 2203.2151   20.9148
    0.0000   45.0000  -30.0000 2222.6235   20.7199
    7.5000   45.0000  -30.0000 2214.0981   20.9861
   -7.5000  -45.0000  -22.5000 2100.8357   23.0524
    0.0000  -45.0000  -22.5000 2113.7256   22.9496
    7.5000  -45.0000  -22.5000 2102.9280   22.9654
   -7.5000  -37.5000  -22.5000 2229.6514   20.7738
    0.0000  -37.5000  -22.5000 2247.7478   20.6989
    7.5000  -37.5000  -22.5000 2229.5168   20.7038
   -7.5000  -30.0000  -22.5000 2351.1277   18.9960
    0.0000  -30.0000  -22.5000 2375.8992   18.9728
    7.5000  -30.0000  -22.5000 2359.2200   19.0122
   -7.5000  -22.5000  -22.5000 2449.8010   17.5742
    0.0000  -22.5000  -22.5000 2477.3191   17.5546
    7.5000  -22.5000  -22.5000 2461.2351   17.6253
   -7.5000  -15.0000  -22.5000 2514.4343   16.5264
    0.0000  -15.0000  -22.5000 2535.6758   16.4839
    7.5000  -15.0000  -22.5000 2515.6279   16.5908
   -7.5000   -7.5000  -22.5000 2555.3948   15.7677
    0.0000   -7.5000  -22.5000 2573.9404   15.7233
    7.5000   -7.5000  -22.5000 2556.4023   15.8731
   -7.5000    0.0000  -22.5000 2567.3279   15.4006
    0.0000    0.0000  -22.5000 2594.8950   15.3974
    7.5000    0.0000  -22.5000 2581.5840   15.5629
   -7.5000    7.5000  -22.5000 2569.7881   15.4511
    0.0000    7.5000  -22.5000 2592.5925   15.3786
    7.5000    7.5000  -22.5000 2577.9260   15.5410
   -7.5000   15.0000  -22.5000 2551.7498   15.7326
    0.0000   15.0000  -22.5000 2576.1792   15.6388
    7.5000   15.0000  -22.5000 2563.8037   15.7623
   -7.5000   22.5000  -22.5000 2523.8755   16.2641
    0.0000   22.5000  -22.5000 2552.2102   16.1533
    7.5000   22.5000  -22.5000 2540.4377   16.2971
   -7.5000   30.0000  -22.5000 2480.0977   17.1115
    0.0000   30.0000  -22.5000 2509.3887   16.9749
    7.5000   30.0000  -22.5000 2500.3525   17.1062
   -7.5000   37.5000  -22.5000 2415.3176   18.2426
    0.0000   37.5000  -22.5000 2443.1450   18.1048
    7.5000   37.5000  -22.5000 2434.8784   18.2043
   -7.5000   45.0000  -22.5000 2319.5984   19.7709
    0.0000   45.0000  -22.5000 2345.0933   19.6041
    7.5000   45.0000  -22.5000 2330.4221   19.8186
   -7.5000  -45.0000  -15.0000 2151.8154   22.0894
    0.0000  -45.0000  -15.0000 2171.7439   21.9689
    7.5000  -45.0000  -15.0000 2161.6438   22.0464
   -7.5000  -37.5000  -15.0000 2300.4578   19.9227
    0.0000  -37.5000  -15.0000 2318.1243   19.8318
    7.5000  -37.5000  -15.0000 2297.2581   19.8881
   -7.5000  -30.0000  -15.0000 2421.9656   18.1417
    0.0000  -30.0000  -15.0000 2448.3987   18.0827
    7.5000  -30.0000  -15.0000 2427.9443   18.1784
   -7.5000  -22.5000  -15.0000 2518.4658   16.6977
    0.0000  -22.5000  -15.0000 2546.3733   16.6616
    7.5000  -22.5000  -15.0000 2526.7451   16.7597
   -7.5000  -15.0000  -15.0000 2588.4480   15.6549
    0.0000  -15.0000  -15.0000 2615.5095   15.6050
    7.5000  -15.0000  -15.0000 2594.2917   15.7589
   -7.5000   -7.5000  -15.0000 2638.2446   14.8850
    0.0000   -7.5000  -15.0000 2664.8093   14.8305
    7.5000   -7.5000  -15.0000 2651.2627   15.0068
   -7.5000    0.0000  -15.0000 2664.0942   14.4888
    0.0000    0.0000  -15.0000 2691.9116   14.4426
    7.5000    0.0000  -15.0000 2676.8508   14.6168
   -7.5000    7.5000  -15.0000 2671.6584   14.4424
    0.0000    7.5000  -15.0000 2696.1599   14.4091
    7.5000    7.5000  -15.0000 2680.1311   14.5403
   -7.5000   15.0000  -15.0000 2661.6116   14.7591
    0.0000   15.0000  -15.0000 2692.0986   14.7017
    7.5000   15.0000  -15.0000 2672.7344   14.8307
   -7.5000   22.5000  -15.0000 2633.2297   15.3218
    0.0000   22.5000  -15.0000 2666.7253   15.2141
    7.5000   22.5000  -15.0000 2648.3418   15.3299
   -7.5000   30.0000  -15.0000 2581.8806   16.1189
    0.0000   30.0000  -15.0000 2616.2942   16.0086
    7.5000   30.0000  -15.0000 2598.7695   16.1213
   -7.5000   37.5000  -15.0000 2512.0312   17.2086
    0.0000   37.5000  -15.0000 2543.8474   17.0656
    7.5000   37.5000  -15.0000 2529.6648   17.1760
   -7.5000   45.0000  -15.0000 2410.1687   18.6523
    0.0000   45.0000  -15.0000 2438.1721   18.4867
    7.5000   45.0000  -15.0000 2423.2668   18.6388
   -7.5000  -45.0000   -7.5000 2196.8792   21.2688
    0.0000  -45.0000   -7.5000 2218.2915   21.1262
    7.5000  -45.0000   -7.5000 2201.6035   21.2943
   -7.5000  -37.5000   -7.5000 2344.8357   19.0644
    0.0000  -37.5000   -7.5000 2370.2485   18.9734
    7.5000  -37.5000   -7.5000 2344.4585   19.0914
   -7.5000  -30.0000   -7.5000 2464.2876   17.2895
    0.0000  -30.0000   -7.5000 2492.8091   17.2268
    7.5000  -30.0000   -7.5000 2476.2825   17.3603
   -7.5000  -22.5000   -7.5000 2570.2705   15.8723
    0.0000  -22.5000   -7.5000 2596.2375   15.8007
    7.5000  -22.5000   -7.5000 2579.1794   15.9625
   -7.5000  -15.0000   -7.5000 2650.3442   14.7918
    0.0000  -15.0000   -7.5000 2679.0837   14.7541
    7.5000  -15.0000   -7.5000 2656.8140   14.9150
   -7.5000   -7.5000   -7.5000 2706.6680   14.0167
    0.0000   -7.5000   -7.5000 2735.8420   13.9710
    7.5000   -7.5000   -7.5000 2722.6008   14.1500
   -7.5000    0.0000   -7.5000 2743.4609   13.5722
    0.0000    0.0000   -7.5000 2772.1675   13.5166
    7.5000    0.0000   -7.5000 2752.8816   13.6774
   -7.5000    7.5000   -7.5000 2760.7397   13.4707
    0.0000    7.5000   -7.5000 2789.4712   13.4267
    7.5000    7.5000   -7.5000 2765.3877   13.5568
   -7.5000   15.0000   -7.5000 2754.3367   13.7905
    0.0000   15.0000   -7.5000 2792.4783   13.7174
    7.5000   15.0000   -7.5000 2765.9954   13.8638
   -7.5000   22.5000   -7.5000 2730.2812   14.3746
    0.0000   22.5000   -7.5000 2768.3953   14.2701
    7.5000   22.5000   -7.5000 2749.6406   14.4270
   -7.5000   30.0000   -7.5000 2675.7949   15.1562
    0.0000   30.0000   -7.5000 2712.4802   15.0171
    7.5000   30.0000   -7.5000 2695.3857   15.1311
   -7.5000   37.5000   -7.5000 2592.0903   16.2207
    0.0000   37.5000   -7.5000 2627.1108   16.0512
    7.5000   37.5000   -7.5000 2608.3740   16.1693
   -7.5000   45.0000   -7.5000 2479.9990   17.6172
    0.0000   45.0000   -7.5000 2509.4653   17.4521
    7.5000   45.0000   -7.5000 2492.2268   17.5590
   -7.5000  -45.0000    0.0000 2218.6169   20.6734
    0.0000  -45.0000    0.0000 2240.3591   20.5688
    7.5000  -45.0000    0.0000 2226.0012   20.7708
   -7.5000  -37.5000    0.0000 2359.1821   18.4333
    0.0000  -37.5000    0.0000 2386.5627   18.3555
    7.5000  -37.5000    0.0000 2364.6484   18.5423
   -7.5000  -30.0000    0.0000 2483.1257   16.6555
    0.0000  -30.0000    0.0000 2507.5107   16.5520
    7.5000  -30.0000    0.0000 2491.4756   16.7769
   -7.5000  -22.5000    0.0000 2594.2437   15.2264
    0.0000  -22.5000    0.0000 2620.8215   15.1677
    7.5000  -22.5000    0.0000 2602.2144   15.3820
   -7.5000  -15.0000    0.0000 2688.6846   14.1393
    0.0000  -15.0000    0.0000 2717.7207   14.0863
    7.5000  -15.0000    0.0000 2698.7397   14.2972
   -7.5000   -7.5000    0.0000 2759.0356   13.3651
    0.0000   -7.5000    0.0000 2793.1145   13.3258
    7.5000   -7.5000    0.0000 2778.1169   13.5228
   -7.5000    0.0000    0.0000 2800.1211   12.8820
    0.0000    0.0000    0.0000 2835.4119   12.8151
    7.5000    0.0000    0.0000 2814.6729   13.0133
   -7.5000    7.5000    0.0000 2832.3870   12.6942
    0.0000    7.5000    0.0000 2862.2451   12.5976
    7.5000    7.5000    0.0000 2838.5381   12.8087
   -7.5000   15.0000    0.0000 2830.4448   12.9849
    0.0000   15.0000    0.0000 2867.7344   12.9010
    7.5000   15.0000    0.0000 2842.9150   13.0987
   -7.5000   22.5000    0.0000 2799.5063   13.6041
    0.0000   22.5000    0.0000 2840.0818   13.5042
    7.5000   22.5000    0.0000 2824.1206   13.6584
   -7.5000   30.0000    0.0000 2738.5598   14.4436
    0.0000   30.0000    0.0000 2775.4917   14.2780
    7.5000   30.0000    0.0000 2762.3242   14.4253
   -7.5000   37.5000    0.0000 2647.3081   15.4797
    0.0000   37.5000    0.0000 2681.6799   15.3055
    7.5000   37.5000    0.0000 2666.2690   15.4604
   -7.5000   45.0000    0.0000 2527.4216   16.8476
    0.0000   45.0000    0.0000 2559.7527   16.6739
    7.5000   45.0000    0.0000 2542.7837   16.8345
   -7.5000  -45.0000    7.5000 2235.5476   20.4109
    0.0000  -45.0000    7.5000 2267.2507   20.3781
    7.5000  -45.0000    7.5000 2247.9382   20.5839
   -7.5000  -37.5000    7.5000 2375.2598   18.1662
    0.0000  -37.5000    7.5000 2400.9675   18.0871
    7.5000  -37.5000    7.5000 2384.2788   18.3382
   -7.5000  -30.0000    7.5000 2491.1094   16.3460
    0.0000  -30.0000    7.5000 2517.8704   16.2780
    7.5000  -30.0000    7.5000 2504.2573   16.5313
   -7.5000  -22.5000    7.5000 2604.6416   14.9043
    0.0000  -22.5000    7.5000 2631.7119   14.8276
    7.5000  -22.5000    7.5000 2619.7119   15.1208
   -7.5000  -15.0000    7.5000 2709.9919   13.7901
    0.0000  -15.0000    7.5000 2740.5012   13.7335
    7.5000  -15.0000    7.5000 2730.0845   14.0129
   -7.5000   -7.5000    7.5000 2792.0117   13.0003
    0.0000   -7.5000    7.5000 2828.7256   12.9329
    7.5000   -7.5000    7.5000 2821.7610   13.2113
   -7.5000    0.0000    7.5000 2845.5615   12.4863
    0.0000    0.0000    7.5000 2889.8486   12.4237
    7.5000    0.0000    7.5000 2874.9163   12.6885
   -7.5000    7.5000    7.5000 2881.1968   12.2504
    0.0000    7.5000    7.5000 2918.1045   12.0782
    7.5000    7.5000    7.5000 2902.1245   12.4034
   -7.5000   15.0000    7.5000 2883.6455   12.5166
    0.0000   15.0000    7.5000 2920.0781   12.3643
    7.5000   15.0000    7.5000 2904.1553   12.6800
   -7.5000   22.5000    7.5000 2854.6619   13.1551
    0.0000   22.5000    7.5000 2888.3384   13.0183
    7.5000   22.5000    7.5000 2883.7957   13.2697
   -7.5000   30.0000    7.5000 2789.6323   14.0143
    0.0000   30.0000    7.5000 2825.3472   13.8005
    7.5000   30.0000    7.5000 2820.3176   14.0196
   -7.5000   37.5000    7.5000 2693.9961   15.1025
    0.0000   37.5000    7.5000 2729.0127   14.8737
    7.5000   37.5000    7.5000 2718.2522   15.0838
   -7.5000   45.0000    7.5000 2571.6072   16.4865
    0.0000   45.0000    7.5000 2600.6790   16.2682
    7.5000   45.0000    7.5000 2587.1714   16.4997
   -7.5000  -45.0000   15.0000 2237.9624   20.3633
    0.0000  -45.0000   15.0000 2263.3743   20.3433
    7.5000  -45.0000   15.0000 2247.9487   20.5713
   -7.5000  -37.5000   15.0000 2369.1917   18.0667
    0.0000  -37.5000   15.0000 2396.7883   18.0699
    7.5000  -37.5000   15.0000 2379.4670   18.2957
   -7.5000  -30.0000   15.0000 2483.2183   16.2509
    0.0000  -30.0000   15.0000 2510.1846   16.2272
    7.5000  -30.0000   15.0000 2496.9180   16.5020
   -7.5000  -22.5000   15.0000 2600.1106   14.7739
    0.0000  -22.5000   15.0000 2632.6606   14.7531
    7.5000  -22.5000   15.0000 2617.4707   15.0545
   -7.5000  -15.0000   15.0000 2706.4744   13.6282
    0.0000  -15.0000   15.0000 2743.1411   13.6245
    7.5000  -15.0000   15.0000 2735.8687   13.9536
   -7.5000   -7.5000   15.0000 2801.4927   12.8136
    0.0000   -7.5000   15.0000 2841.5576   12.8237
    7.5000   -7.5000   15.0000 2839.8674   13.1430
   -7.5000    0.0000   15.0000 2870.1697   12.3713
    0.0000    0.0000   15.0000 2916.5676   12.3691
    7.5000    0.0000   15.0000 2916.0903   12.6823
   -7.5000    7.5000   15.0000 2924.3420   12.2411
    0.0000    7.5000   15.0000 2974.1379   12.1248
    7.5000    7.5000   15.0000 2962.2810   12.5021
   -7.5000   15.0000   15.0000 2931.0664   12.4304
    0.0000   15.0000   15.0000 2978.1384   12.3236
    7.5000   15.0000   15.0000 2957.9077   12.6282
   -7.5000   22.5000   15.0000 2889.7202   13.0207
    0.0000   22.5000   15.0000 2930.1777   12.8818
    7.5000   22.5000   15.0000 2914.1345   13.0952
   -7.5000   30.0000   15.0000 2814.6721   13.7886
    0.0000   30.0000   15.0000 2851.4104   13.6319
    7.5000   30.0000   15.0000 2843.7048   13.7730
   -7.5000   37.5000   15.0000 2717.5215   14.8603
    0.0000   37.5000   15.0000 2752.7283   14.7017
    7.5000   37.5000   15.0000 2739.3323   14.8388
   -7.5000   45.0000   15.0000 2585.6238   16.2679
    0.0000   45.0000   15.0000 2621.4092   16.1310
    7.5000   45.0000   15.0000 2604.5193   16.2765
   -7.5000  -45.0000   22.5000 2231.9248   20.5030
    0.0000  -45.0000   22.5000 2258.5837   20.5377
    7.5000  -45.0000   22.5000 2235.6165   20.8583
   -7.5000  -37.5000   22.5000 2355.7085   18.1284
    0.0000  -37.5000   22.5000 2385.9824   18.1424
    7.5000  -37.5000   22.5000 2366.0640   18.5035
   -7.5000  -30.0000   22.5000 2459.6392   16.2667
    0.0000  -30.0000   22.5000 2491.9463   16.2565
    7.5000  -30.0000   22.5000 2486.8325   16.6711
   -7.5000  -22.5000   22.5000 2575.9888   14.8166
    0.0000  -22.5000   22.5000 2613.6455   14.7914
    7.5000  -22.5000   22.5000 2610.3406   15.2026
   -7.5000  -15.0000   22.5000 2688.4023   13.7042
    0.0000  -15.0000   22.5000 2728.3518   13.7059
    7.5000  -15.0000   22.5000 2730.6016   14.0899
   -7.5000   -7.5000   22.5000 2795.8765   12.9246
    0.0000   -7.5000   22.5000 2838.6145   13.0280
    7.5000   -7.5000   22.5000 2835.6677   13.3164
   -7.5000    0.0000   22.5000 2888.9900   12.5126
    0.0000    0.0000   22.5000 2948.6943   12.7046
    7.5000    0.0000   22.5000 2927.3669   12.8809
   -7.5000    7.5000   22.5000 2950.2522   12.3806
    0.0000    7.5000   22.5000 3011.7976   12.4600
    7.5000    7.5000   22.5000 2973.3687   12.6875
   -7.5000   15.0000   22.5000 2953.2961   12.6347
    0.0000   15.0000   22.5000 3012.5605   12.6127
    7.5000   15.0000   22.5000 2972.3474   12.8406
   -7.5000   22.5000   22.5000 2900.0413   13.1341
    0.0000   22.5000   22.5000 2948.2278   13.0860
    7.5000   22.5000   22.5000 2920.5754   13.2505
   -7.5000   30.0000   22.5000 2817.0613   13.8249
    0.0000   30.0000   22.5000 2846.3882   13.6925
    7.5000   30.0000   22.5000 2837.1472   13.8281
   -7.5000   37.5000   22.5000 2714.0728   14.8367
    0.0000   37.5000   22.5000 2737.2996   14.6475
    7.5000   37.5000   22.5000 2733.6282   14.7752
   -7.5000   45.0000   22.5000 2581.4746   16.2202
    0.0000   45.0000   22.5000 2610.1804   16.0169
    7.5000   45.0000   22.5000 2601.0366   16.1975
   -7.5000  -45.0000   30.0000 2198.5996   20.8610
    0.0000  -45.0000   30.0000 2231.1345   20.9194
    7.5000  -45.0000   30.0000 2213.3127   21.3560
   -7.5000  -37.5000   30.0000 2327.8179   18.4364
    0.0000  -37.5000   30.0000 2362.2788   18.4772
    7.5000  -37.5000   30.0000 2349.3389   18.9530
   -7.5000  -30.0000   30.0000 2435.1660   16.6081
    0.0000  -30.0000   30.0000 2472.0115   16.6341
    7.5000  -30.0000   30.0000 2466.4387   17.0672
   -7.5000  -22.5000   30.0000 2560.0288   15.2445
    0.0000  -22.5000   30.0000 2597.1409   15.2780
    7.5000  -22.5000   30.0000 2594.3667   15.6336
   -7.5000  -15.0000   30.0000 2672.5103   14.1512
    0.0000  -15.0000   30.0000 2714.3733   14.2165
    7.5000  -15.0000   30.0000 2711.3774   14.5195
   -7.5000   -7.5000   30.0000 2780.6045   13.3506
    0.0000   -7.5000   30.0000 2824.3037   13.4478
    7.5000   -7.5000   30.0000 2812.7207   13.6813
   -7.5000    0.0000   30.0000 2864.3552   12.8131
    0.0000    0.0000   30.0000 2917.0437   12.9008
    7.5000    0.0000   30.0000 2893.4709   13.1139
   -7.5000    7.5000   30.0000 2922.5513   12.6560
    0.0000    7.5000   30.0000 2968.1523   12.5560
    7.5000    7.5000   30.0000 2938.3345   12.8729
   -7.5000   15.0000   30.0000 2928.2991   12.8688
    0.0000   15.0000   30.0000 2982.3000   12.7948
    7.5000   15.0000   30.0000 2944.9995   13.0541
   -7.5000   22.5000   30.0000 2883.0972   13.4242
    0.0000   22.5000   30.0000 2929.0339   13.3864
    7.5000   22.5000   30.0000 2898.0227   13.5853
   -7.5000   30.0000   30.0000 2787.3091   14.1817
    0.0000   30.0000   30.0000 2817.8259   14.1314
    7.5000   30.0000   30.0000 2808.1907   14.2807
   -7.5000   37.5000   30.0000 2683.8015   15.1614
    0.0000   37.5000   30.0000 2707.6335   15.0470
    7.5000   37.5000   30.0000 2695.2810   15.1828
   -7.5000   45.0000   30.0000 2556.1562   16.4830
    0.0000   45.0000   30.0000 2580.1255   16.3076
    7.5000   45.0000   30.0000 2568.7654   16.4481
   -7.5000  -45.0000   37.5000 2155.8953   21.5831
    0.0000  -45.0000   37.5000 2195.9116   21.6632
    7.5000  -45.0000   37.5000 2186.1528   22.1424
   -7.5000  -37.5000   37.5000 2302.1255   19.1654
    0.0000  -37.5000   37.5000 2337.9229   19.2226
    7.5000  -37.5000   37.5000 2323.3831   19.6648
   -7.5000  -30.0000   37.5000 2422.2578   17.3829
    0.0000  -30.0000   37.5000 2456.9209   17.3638
    7.5000  -30.0000   37.5000 2440.8545   17.7331
   -7.5000  -22.5000   37.5000 2541.1021   15.9521
    0.0000  -22.5000   37.5000 2573.6440   15.9148
    7.5000  -22.5000   37.5000 2564.8140   16.2907
   -7.5000  -15.0000   37.5000 2644.1948   14.7734
    0.0000  -15.0000   37.5000 2679.7424   14.7415
    7.5000  -15.0000   37.5000 2676.8586   15.0929
   -7.5000   -7.5000   37.5000 2739.5061   13.9121
    0.0000   -7.5000   37.5000 2780.4099   13.9082
    7.5000   -7.5000   37.5000 2771.9453   14.1817
   -7.5000    0.0000   37.5000 2819.2510   13.3724
    0.0000    0.0000   37.5000 2863.7710   13.2832
    7.5000    0.0000   37.5000 2849.7202   13.5942
   -7.5000    7.5000   37.5000 2863.3657   13.1634
    0.0000    7.5000   37.5000 2903.4949   13.0415
    7.5000    7.5000   37.5000 2886.6765   13.3337
   -7.5000   15.0000   37.5000 2865.8533   13.3622
    0.0000   15.0000   37.5000 2917.6785   13.3011
    7.5000   15.0000   37.5000 2893.6570   13.5498
   -7.5000   22.5000   37.5000 2827.0542   13.9037
    0.0000   22.5000   37.5000 2874.2776   13.8441
    7.5000   22.5000   37.5000 2848.3611   14.0611
   -7.5000   30.0000   37.5000 2739.8503   14.6846
    0.0000   30.0000   37.5000 2775.7764   14.6226
    7.5000   30.0000   37.5000 2759.9441   14.7955
   -7.5000   37.5000   37.5000 2638.6255   15.6827
    0.0000   37.5000   37.5000 2666.1582   15.6120
    7.5000   37.5000   37.5000 2652.0713   15.7712
   -7.5000   45.0000   37.5000 2515.7793   16.9782
    0.0000   45.0000   37.5000 2541.4429   16.8655
    7.5000   45.0000   37.5000 2526.5173   17.0093
   -7.5000  -45.0000   45.0000 2117.6655   22.7707
    0.0000  -45.0000   45.0000 2149.2476   22.7808
    7.5000  -45.0000   45.0000 2148.2505   23.2485
   -7.5000  -37.5000   45.0000 2265.2046   20.2040
    0.0000  -37.5000   45.0000 2292.3904   20.1476
    7.5000  -37.5000   45.0000 2283.0066   20.5964
   -7.5000  -30.0000   45.0000 2387.9912   18.2781
    0.0000  -30.0000   45.0000 2417.1792   18.1845
    7.5000  -30.0000   45.0000 2406.9209   18.5998
   -7.5000  -22.5000   45.0000 2500.9622   16.7366
    0.0000  -22.5000   45.0000 2531.3652   16.6341
    7.5000  -22.5000   45.0000 2528.4575   17.0679
   -7.5000  -15.0000   45.0000 2606.0901   15.5243
    0.0000  -15.0000   45.0000 2636.8325   15.4274
    7.5000  -15.0000   45.0000 2636.1472   15.8107
   -7.5000   -7.5000   45.0000 2693.6865   14.6288
    0.0000   -7.5000   45.0000 2729.6797   14.4955
    7.5000   -7.5000   45.0000 2723.4517   14.8397
   -7.5000    0.0000   45.0000 2759.0793   14.0726
    0.0000    0.0000   45.0000 2796.8977   13.8957
    7.5000    0.0000   45.0000 2782.9446   14.2246
   -7.5000    7.5000   45.0000 2794.7444   13.8493
    0.0000    7.5000   45.0000 2827.4539   13.7174
    7.5000    7.5000   45.0000 2816.1326   14.0194
   -7.5000   15.0000   45.0000 2786.2212   14.0363
    0.0000   15.0000   45.0000 2831.4517   13.9700
    7.5000   15.0000   45.0000 2814.2705   14.2299
   -7.5000   22.5000   45.0000 2745.6130   14.5608
    0.0000   22.5000   45.0000 2791.9048   14.5096
    7.5000   22.5000   45.0000 2772.7283   14.7283
   -7.5000   30.0000   45.0000 2669.9746   15.3503
    0.0000   30.0000   45.0000 2705.6511   15.2746
    7.5000   30.0000   45.0000 2687.4817   15.4556
   -7.5000   37.5000   45.0000 2574.7490   16.3508
    0.0000   37.5000   45.0000 2603.3792   16.2547
    7.5000   37.5000   45.0000 2589.8406   16.4083
   -7.5000   45.0000   45.0000 2462.0100   17.6807
    0.0000   45.0000   45.0000 2490.2329   17.5774
    7.5000   45.0000   45.0000 2473.7236   17.7290

---------------------------------------------------------------------
imgreg_4dfp /opt/freesurfer/average/711-2C_as_mni_average_305 /opt/freesurfer/average/711-2B_as_mni_average_305_mask talsrcimg_g11 none talsrcimg_to_711-2C_as_mni_average_305_t4 1283
---------------------------------------------------------------------

freesurfer imgreg_4dfp.c
/opt/freesurfer/average/711-2C_as_mni_average_305.4dfp.img
       256       256       256         1
  1.000000  1.000000  1.000000
orientation T byte_order littleendian
Reading image: /opt/freesurfer/average/711-2C_as_mni_average_305.4dfp.img
dimensions:      256       256       256
mmppix:       1.0000   -1.0000   -1.0000
center:     128.0000 -129.0000 -129.0000
/opt/freesurfer/average/711-2B_as_mni_average_305_mask.4dfp.img
       256       256       256         1
  1.000000  1.000000  1.000000
orientation T byte_order littleendian
Reading mask: /opt/freesurfer/average/711-2B_as_mni_average_305_mask.4dfp.img (2306576 pixels)
talsrcimg_g11.4dfp.img
       256       256       256         1
  1.000000  1.000000  1.000000
orientation T byte_order littleendian
Reading image: talsrcimg_g11.4dfp.img
dimensions:      256       256       256
mmppix:       1.0000   -1.0000   -1.0000
center:     128.0000 -129.0000 -129.0000
rotation matrix determinant  1.000000
fimgreg.f
image alignment mode   1283 decimal      503 hex
parameters
    0.0000   15.0000   22.5000    0.0000    0.0000    0.0000
eta,q 0.94611 12.57750
niter,ni,del,rscale     5    3   12.0000    1.2000
parameter  2  0.693391 ->  0.500000 qaram    1.1500
parameter  6  1.196347 ->  0.500000 qaram    1.1500
parameters
    1.0493   11.5500   21.7813   -1.3089   -0.2327   -3.4500
eta,q 0.95371 12.40922
  0.0739  0.0509  0.0573  0.0528  0.0570  0.0461
  0.0649  0.0507  0.0525  0.0515  0.0533  0.0461
  0.0574  0.0525  0.0500  0.0505  0.0508  0.0474
  0.0537  0.0535  0.0508  0.0503  0.0504  0.0503
  0.0543  0.0562  0.0527  0.0515  0.0517  0.0543
  0.0580  0.0614  0.0555  0.0538  0.0545  0.0586
  0.0636  0.0684  0.0607  0.0571  0.0575  0.0618
niter,ni,del,rscale     6    3   12.0000    1.2000
parameters
    1.1601   11.3532   21.5298   -3.2531   -0.3523   -6.1930
eta,q 0.95444 12.40393
  0.0641  0.0547  0.0556  0.0477  0.0538  0.0477
  0.0551  0.0507  0.0499  0.0456  0.0499  0.0460
  0.0485  0.0478  0.0466  0.0461  0.0470  0.0455
  0.0463  0.0463  0.0463  0.0462  0.0461  0.0461
  0.0480  0.0482  0.0479  0.0470  0.0472  0.0486
  0.0540  0.0507  0.0514  0.0499  0.0499  0.0536
  0.0630  0.0561  0.0568  0.0532  0.0548  0.0583
niter,ni,del,rscale     5    3   12.0000    1.2000
parameters
    1.3553   11.9089   21.4224   -3.8059   -0.3190   -6.2614
eta,q 0.95494 12.41384
  0.0639  0.0576  0.0566  0.0507  0.0537  0.0518
  0.0540  0.0497  0.0493  0.0451  0.0489  0.0479
  0.0477  0.0472  0.0457  0.0447  0.0461  0.0458
  0.0456  0.0456  0.0453  0.0453  0.0450  0.0450
  0.0471  0.0457  0.0469  0.0461  0.0458  0.0454
  0.0527  0.0482  0.0509  0.0479  0.0487  0.0477
  0.0615  0.0539  0.0564  0.0520  0.0537  0.0524
niter,ni,del,rscale     4    3   12.0000    1.2000
parameters
    1.3582   11.9564   21.3140   -3.8282   -0.3178   -6.2415
eta,q 0.95499 12.41095
  0.0626  0.0560  0.0563  0.0521  0.0536  0.0518
  0.0524  0.0490  0.0490  0.0461  0.0488  0.0479
  0.0465  0.0465  0.0455  0.0443  0.0460  0.0457
  0.0451  0.0451  0.0450  0.0450  0.0450  0.0450
  0.0471  0.0459  0.0467  0.0459  0.0457  0.0453
  0.0531  0.0491  0.0507  0.0472  0.0487  0.0475
  0.0619  0.0557  0.0561  0.0510  0.0537  0.0521
niter,ni,del,rscale     3    3   12.0000    1.2000
parameters
    1.3546   11.9368   21.3028   -3.8198   -0.3206   -6.2384
eta,q 0.95499 12.41031
  0.0625  0.0558  0.0567  0.0522  0.0535  0.0518
  0.0524  0.0488  0.0493  0.0462  0.0488  0.0479
  0.0464  0.0464  0.0456  0.0443  0.0460  0.0457
  0.0450  0.0450  0.0450  0.0450  0.0450  0.0450
  0.0471  0.0459  0.0466  0.0459  0.0457  0.0453
  0.0531  0.0492  0.0504  0.0471  0.0487  0.0475
  0.0619  0.0559  0.0558  0.0510  0.0537  0.0522
registration optimization eta report
parameter search radius
    6.0000    6.9000    6.0000    6.0000    6.0000    6.9000
100000*second partial in parameter space
       48.       23.       32.       19.       24.       15.
  0.0625  0.0558  0.0567  0.0522  0.0535  0.0518
  0.0524  0.0488  0.0493  0.0462  0.0488  0.0479
  0.0464  0.0464  0.0456  0.0443  0.0460  0.0457
  0.0450  0.0450  0.0450  0.0450  0.0450  0.0450
  0.0471  0.0459  0.0466  0.0459  0.0457  0.0453
  0.0531  0.0492  0.0504  0.0471  0.0487  0.0475
  0.0619  0.0559  0.0558  0.0510  0.0537  0.0522
    1.3546   11.9368   21.3028   -3.8198   -0.3206   -6.2384
eta,q 0.95499 12.41031

---------------------------------------------------------------------
imgreg_4dfp /opt/freesurfer/average/711-2C_as_mni_average_305 /opt/freesurfer/average/711-2B_as_mni_average_305_mask talsrcimg_g11 none talsrcimg_to_711-2C_as_mni_average_305_t4 3335
---------------------------------------------------------------------

freesurfer imgreg_4dfp.c
/opt/freesurfer/average/711-2C_as_mni_average_305.4dfp.img
       256       256       256         1
  1.000000  1.000000  1.000000
orientation T byte_order littleendian
Reading image: /opt/freesurfer/average/711-2C_as_mni_average_305.4dfp.img
dimensions:      256       256       256
mmppix:       1.0000   -1.0000   -1.0000
center:     128.0000 -129.0000 -129.0000
/opt/freesurfer/average/711-2B_as_mni_average_305_mask.4dfp.img
       256       256       256         1
  1.000000  1.000000  1.000000
orientation T byte_order littleendian
Reading mask: /opt/freesurfer/average/711-2B_as_mni_average_305_mask.4dfp.img (2306576 pixels)
talsrcimg_g11.4dfp.img
       256       256       256         1
  1.000000  1.000000  1.000000
orientation T byte_order littleendian
Reading image: talsrcimg_g11.4dfp.img
dimensions:      256       256       256
mmppix:       1.0000   -1.0000   -1.0000
center:     128.0000 -129.0000 -129.0000
fimgreg.f
image alignment mode   3335 decimal      D07 hex
parameters
    1.3546   11.9368   21.3028   -0.5937   -0.8089   -0.2237
   10.8054    1.2790  -10.8665    6.5617   -0.5596   -6.6617
eta,q 0.95492 12.48200
niter,ni,del,rscale     5    3    5.0000    1.2000
parameter  4  1.550660 ->  0.500000 qaram    1.1500
parameter  5-37.642929 ->  0.500000 qaram    1.1500
parameter 12  0.579320 ->  0.500000 qaram    1.1500
parameters
    1.5131   13.1356   21.0659   -4.7337   -4.9489   -3.5419
    7.4987    1.7311   -8.7679    5.4871   -1.7388  -10.8017
eta,q 0.96744 12.24027
  0.0486  0.0465  0.0465  0.0383  0.0304  0.0343  0.0342  0.0384  0.0364  0.0362  0.0337  0.0329
  0.0468  0.0459  0.0454  0.0397  0.0334  0.0340  0.0335  0.0358  0.0351  0.0344  0.0333  0.0326
  0.0456  0.0455  0.0448  0.0417  0.0368  0.0339  0.0335  0.0341  0.0340  0.0333  0.0331  0.0327
  0.0451  0.0451  0.0447  0.0447  0.0401  0.0343  0.0339  0.0334  0.0334  0.0332  0.0331  0.0331
  0.0453  0.0448  0.0452  0.0485  0.0436  0.0365  0.0350  0.0336  0.0332  0.0341  0.0333  0.0339
  0.0462  0.0447  0.0461  0.0528  0.0469  0.0409  0.0366  0.0350  0.0335  0.0361  0.0337  0.0351
  0.0479  0.0451  0.0473  0.0573  0.0497  0.0476  0.0386  0.0374  0.0342  0.0389  0.0344  0.0363
niter,ni,del,rscale     7    3    5.0000    1.2000
parameter  3  0.572446 ->  0.500000 qaram    1.1500
parameter  4  0.791411 ->  0.500000 qaram    1.3225
parameter  5  1.199617 ->  0.500000 qaram    1.3225
parameters
    1.4847   11.9661   19.6859   -9.4947   -9.7099   -4.4239
    7.5179    1.4414   -9.1884    5.4027   -3.3526  -13.8323
eta,q 0.97456 11.92090
  0.0357  0.0327  0.0318  0.0293  0.0254  0.0269  0.0285  0.0293  0.0278  0.0293  0.0261  0.0262
  0.0340  0.0321  0.0315  0.0296  0.0255  0.0262  0.0271  0.0272  0.0266  0.0273  0.0258  0.0256
  0.0329  0.0320  0.0316  0.0303  0.0268  0.0258  0.0261  0.0260  0.0259  0.0261  0.0257  0.0254
  0.0326  0.0326  0.0320  0.0315  0.0297  0.0257  0.0257  0.0257  0.0257  0.0257  0.0257  0.0257
  0.0329  0.0337  0.0327  0.0336  0.0337  0.0254  0.0260  0.0263  0.0261  0.0262  0.0259  0.0263
  0.0340  0.0352  0.0337  0.0367  0.0378  0.0262  0.0270  0.0277  0.0270  0.0275  0.0262  0.0273
  0.0358  0.0370  0.0350  0.0407  0.0413  0.0288  0.0286  0.0298  0.0283  0.0295  0.0267  0.0286
niter,ni,del,rscale     7    3    5.0000    1.2000
parameters
    1.5902   12.3176   19.5638  -11.6532  -13.2786   -4.7122
    7.5647    1.5512   -9.5759    6.1337   -2.9828  -14.5390
eta,q 0.97525 11.65605
  0.0290  0.0293  0.0269  0.0271  0.0269  0.0263  0.0273  0.0285  0.0267  0.0283  0.0257  0.0265
  0.0272  0.0274  0.0260  0.0258  0.0255  0.0254  0.0260  0.0265  0.0256  0.0266  0.0252  0.0254
  0.0259  0.0261  0.0255  0.0253  0.0248  0.0249  0.0251  0.0253  0.0250  0.0254  0.0249  0.0248
  0.0254  0.0254  0.0253  0.0253  0.0253  0.0249  0.0248  0.0248  0.0248  0.0248  0.0248  0.0248
  0.0257  0.0254  0.0256  0.0261  0.0276  0.0249  0.0251  0.0253  0.0251  0.0249  0.0248  0.0252
  0.0267  0.0262  0.0262  0.0277  0.0316  0.0252  0.0259  0.0265  0.0259  0.0258  0.0251  0.0260
  0.0285  0.0276  0.0273  0.0307  0.0361  0.0269  0.0272  0.0282  0.0271  0.0272  0.0255  0.0270
niter,ni,del,rscale     6    3    5.0000    1.2000
parameters
    1.4998   12.5138   19.8995  -11.1159  -14.0492   -3.8155
    7.6431    1.5280   -9.7379    6.5871   -3.0816  -14.6235
eta,q 0.97525 11.70967
  0.0276  0.0279  0.0271  0.0281  0.0288  0.0268  0.0272  0.0282  0.0267  0.0278  0.0255  0.0268
  0.0260  0.0262  0.0260  0.0261  0.0269  0.0257  0.0259  0.0263  0.0256  0.0263  0.0251  0.0257
  0.0250  0.0252  0.0252  0.0249  0.0254  0.0250  0.0251  0.0251  0.0250  0.0253  0.0248  0.0249
  0.0247  0.0247  0.0247  0.0247  0.0247  0.0248  0.0248  0.0248  0.0248  0.0248  0.0248  0.0248
  0.0252  0.0249  0.0248  0.0249  0.0251  0.0247  0.0250  0.0252  0.0250  0.0250  0.0249  0.0251
  0.0263  0.0257  0.0253  0.0256  0.0274  0.0248  0.0258  0.0264  0.0258  0.0258  0.0251  0.0258
  0.0281  0.0270  0.0262  0.0273  0.0313  0.0261  0.0271  0.0282  0.0269  0.0272  0.0256  0.0268
niter,ni,del,rscale     5    3    5.0000    1.2000
parameters
    1.5204   12.5221   20.0313  -10.9103  -14.1802   -3.7275
    7.6500    1.5510   -9.7601    6.5944   -3.0925  -14.5435
eta,q 0.97523 11.72185
  0.0279  0.0274  0.0268  0.0278  0.0292  0.0265  0.0272  0.0283  0.0268  0.0275  0.0256  0.0269
  0.0262  0.0259  0.0258  0.0259  0.0273  0.0255  0.0259  0.0263  0.0257  0.0261  0.0251  0.0257
  0.0251  0.0250  0.0251  0.0249  0.0257  0.0249  0.0250  0.0251  0.0250  0.0251  0.0249  0.0250
  0.0248  0.0248  0.0248  0.0247  0.0248  0.0248  0.0248  0.0248  0.0248  0.0248  0.0248  0.0248
  0.0251  0.0251  0.0249  0.0250  0.0249  0.0246  0.0251  0.0252  0.0250  0.0251  0.0249  0.0250
  0.0261  0.0260  0.0255  0.0257  0.0267  0.0250  0.0259  0.0264  0.0257  0.0260  0.0251  0.0257
  0.0278  0.0273  0.0265  0.0275  0.0303  0.0268  0.0272  0.0281  0.0268  0.0276  0.0256  0.0268
niter,ni,del,rscale     4    3    5.0000    1.2000
parameters
    1.5260   12.5090   20.0600  -10.9039  -14.1901   -3.7097
    7.6415    1.5597   -9.7665    6.5729   -3.0695  -14.4981
eta,q 0.97523 11.72229
  0.0278  0.0274  0.0267  0.0277  0.0293  0.0265  0.0272  0.0283  0.0268  0.0275  0.0256  0.0269
  0.0262  0.0259  0.0257  0.0258  0.0274  0.0255  0.0259  0.0263  0.0257  0.0261  0.0251  0.0257
  0.0251  0.0250  0.0250  0.0249  0.0257  0.0249  0.0250  0.0251  0.0250  0.0251  0.0249  0.0250
  0.0248  0.0248  0.0248  0.0248  0.0248  0.0248  0.0248  0.0248  0.0248  0.0248  0.0248  0.0248
  0.0251  0.0251  0.0249  0.0250  0.0248  0.0246  0.0251  0.0252  0.0250  0.0251  0.0249  0.0251
  0.0261  0.0260  0.0256  0.0258  0.0266  0.0250  0.0259  0.0264  0.0257  0.0260  0.0251  0.0258
  0.0278  0.0274  0.0267  0.0276  0.0302  0.0269  0.0272  0.0282  0.0268  0.0276  0.0256  0.0268
niter,ni,del,rscale     3    3    5.0000    1.2000
parameters
    1.5263   12.5042   20.0721  -10.9041  -14.1871   -3.7008
    7.6413    1.5604   -9.7640    6.5638   -3.0680  -14.4768
eta,q 0.97523 11.72255
  0.0278  0.0274  0.0266  0.0277  0.0293  0.0265  0.0272  0.0283  0.0268  0.0275  0.0256  0.0269
  0.0262  0.0259  0.0257  0.0258  0.0274  0.0255  0.0259  0.0263  0.0257  0.0261  0.0251  0.0257
  0.0251  0.0250  0.0250  0.0249  0.0257  0.0249  0.0250  0.0251  0.0250  0.0251  0.0249  0.0250
  0.0248  0.0248  0.0248  0.0248  0.0248  0.0248  0.0248  0.0248  0.0248  0.0248  0.0248  0.0248
  0.0251  0.0251  0.0250  0.0250  0.0248  0.0246  0.0251  0.0252  0.0250  0.0251  0.0249  0.0251
  0.0261  0.0260  0.0256  0.0258  0.0266  0.0250  0.0259  0.0264  0.0257  0.0260  0.0251  0.0258
  0.0278  0.0274  0.0267  0.0276  0.0301  0.0269  0.0272  0.0282  0.0268  0.0276  0.0256  0.0268
registration optimization eta report
parameter search radius
    2.4000    2.4000    2.7600    9.5220    9.5220    7.2000
    7.2000    7.2000    7.2000    7.2000    7.2000    8.2800
100000*second partial in parameter space
       53.       46.       25.        3.        5.        4.
        5.        7.        4.        5.        2.        3.
  0.0278  0.0274  0.0266  0.0277  0.0293  0.0265  0.0272  0.0283  0.0268  0.0275  0.0256  0.0269
  0.0262  0.0259  0.0257  0.0258  0.0274  0.0255  0.0259  0.0263  0.0257  0.0261  0.0251  0.0257
  0.0251  0.0250  0.0250  0.0249  0.0257  0.0249  0.0250  0.0251  0.0250  0.0251  0.0249  0.0250
  0.0248  0.0248  0.0248  0.0248  0.0248  0.0248  0.0248  0.0248  0.0248  0.0248  0.0248  0.0248
  0.0251  0.0251  0.0250  0.0250  0.0248  0.0246  0.0251  0.0252  0.0250  0.0251  0.0249  0.0251
  0.0261  0.0260  0.0256  0.0258  0.0266  0.0250  0.0259  0.0264  0.0257  0.0260  0.0251  0.0258
  0.0278  0.0274  0.0267  0.0276  0.0301  0.0269  0.0272  0.0282  0.0268  0.0276  0.0256  0.0268
    1.5263   12.5042   20.0721  -10.9041  -14.1871   -3.7008
    7.6413    1.5604   -9.7640    6.5638   -3.0680  -14.4768
eta,q 0.97523 11.72255

---------------------------------------------------------------------
imgreg_4dfp /opt/freesurfer/average/711-2C_as_mni_average_305 /opt/freesurfer/average/711-2B_as_mni_average_305_mask talsrcimg_g11 none talsrcimg_to_711-2C_as_mni_average_305_t4 2311
---------------------------------------------------------------------

freesurfer imgreg_4dfp.c
/opt/freesurfer/average/711-2C_as_mni_average_305.4dfp.img
       256       256       256         1
  1.000000  1.000000  1.000000
orientation T byte_order littleendian
Reading image: /opt/freesurfer/average/711-2C_as_mni_average_305.4dfp.img
dimensions:      256       256       256
mmppix:       1.0000   -1.0000   -1.0000
center:     128.0000 -129.0000 -129.0000
/opt/freesurfer/average/711-2B_as_mni_average_305_mask.4dfp.img
       256       256       256         1
  1.000000  1.000000  1.000000
orientation T byte_order littleendian
Reading mask: /opt/freesurfer/average/711-2B_as_mni_average_305_mask.4dfp.img (2306576 pixels)
talsrcimg_g11.4dfp.img
       256       256       256         1
  1.000000  1.000000  1.000000
orientation T byte_order littleendian
Reading image: talsrcimg_g11.4dfp.img
dimensions:      256       256       256
mmppix:       1.0000   -1.0000   -1.0000
center:     128.0000 -129.0000 -129.0000
fimgreg.f
image alignment mode   2311 decimal      907 hex
parameters
    1.5263   12.5042   20.0721  -10.9041  -14.1871   -3.7008
    7.6413    1.5604   -9.7640    6.5638   -3.0680  -14.4768
eta,q 0.97523 11.72254
niter,ni,del,rscale     5    3    5.0000    0.8000
parameters
    1.5321   12.4706   20.1214  -11.1741  -13.0486   -2.1686
    7.7296    1.4047   -9.6426    6.6729   -3.4882  -14.5019
eta,q 0.97547 11.83021
  0.0262  0.0259  0.0255  0.0253  0.0265  0.0254  0.0257  0.0260  0.0255  0.0259  0.0248  0.0252
  0.0254  0.0253  0.0251  0.0249  0.0257  0.0250  0.0250  0.0251  0.0250  0.0252  0.0246  0.0248
  0.0249  0.0249  0.0249  0.0248  0.0251  0.0247  0.0247  0.0246  0.0247  0.0247  0.0245  0.0246
  0.0248  0.0248  0.0248  0.0248  0.0248  0.0246  0.0245  0.0245  0.0245  0.0245  0.0245  0.0245
  0.0249  0.0249  0.0248  0.0248  0.0246  0.0245  0.0247  0.0248  0.0246  0.0246  0.0246  0.0246
  0.0254  0.0254  0.0250  0.0250  0.0248  0.0244  0.0250  0.0253  0.0249  0.0251  0.0247  0.0248
  0.0261  0.0260  0.0254  0.0253  0.0255  0.0248  0.0256  0.0261  0.0254  0.0258  0.0249  0.0252
niter,ni,del,rscale     4    3    5.0000    0.7000
parameters
    1.5697   12.5009   20.0964   -9.9463  -12.9165   -2.2730
    7.7676    1.3234   -9.6174    6.6206   -3.7374  -14.7316
eta,q 0.97552 11.90807
  0.0256  0.0255  0.0250  0.0251  0.0256  0.0250  0.0254  0.0257  0.0252  0.0255  0.0247  0.0249
  0.0250  0.0250  0.0247  0.0248  0.0251  0.0248  0.0249  0.0249  0.0248  0.0250  0.0246  0.0247
  0.0247  0.0246  0.0246  0.0246  0.0247  0.0246  0.0246  0.0246  0.0246  0.0246  0.0245  0.0245
  0.0245  0.0245  0.0245  0.0245  0.0245  0.0245  0.0245  0.0245  0.0245  0.0245  0.0245  0.0245
  0.0246  0.0246  0.0246  0.0245  0.0245  0.0243  0.0246  0.0247  0.0246  0.0246  0.0245  0.0246
  0.0249  0.0249  0.0248  0.0245  0.0249  0.0245  0.0249  0.0251  0.0248  0.0250  0.0246  0.0247
  0.0255  0.0254  0.0250  0.0247  0.0256  0.0254  0.0254  0.0257  0.0252  0.0256  0.0248  0.0250
niter,ni,del,rscale     3    3    5.0000    0.6000
parameters
    1.6140   12.5169   19.9339   -9.9249  -12.7387   -2.0518
    7.8235    1.2696   -9.5750    6.6518   -3.9027  -15.0504
eta,q 0.97558 11.92743
  0.0253  0.0252  0.0247  0.0248  0.0253  0.0249  0.0251  0.0254  0.0250  0.0252  0.0246  0.0247
  0.0249  0.0248  0.0246  0.0246  0.0249  0.0247  0.0247  0.0248  0.0247  0.0248  0.0245  0.0245
  0.0246  0.0246  0.0245  0.0245  0.0246  0.0246  0.0245  0.0245  0.0245  0.0245  0.0244  0.0244
  0.0245  0.0245  0.0245  0.0245  0.0245  0.0245  0.0244  0.0244  0.0244  0.0244  0.0244  0.0244
  0.0246  0.0246  0.0246  0.0245  0.0245  0.0243  0.0245  0.0246  0.0245  0.0245  0.0245  0.0245
  0.0248  0.0248  0.0247  0.0246  0.0247  0.0244  0.0247  0.0249  0.0247  0.0248  0.0245  0.0246
  0.0252  0.0252  0.0249  0.0248  0.0253  0.0250  0.0251  0.0253  0.0250  0.0252  0.0247  0.0249
niter,ni,del,rscale     2    3    5.0000    0.5000
parameters
    1.6268   12.5557   19.8651   -9.6818  -12.6026   -1.6857
    7.8461    1.2735   -9.5790    6.6856   -3.8108  -15.3079
eta,q 0.97565 11.96358
  0.0250  0.0249  0.0246  0.0247  0.0250  0.0248  0.0248  0.0251  0.0247  0.0249  0.0245  0.0246
  0.0247  0.0247  0.0245  0.0245  0.0247  0.0247  0.0246  0.0246  0.0245  0.0246  0.0244  0.0244
  0.0245  0.0245  0.0244  0.0245  0.0245  0.0245  0.0244  0.0244  0.0244  0.0244  0.0244  0.0244
  0.0244  0.0244  0.0244  0.0244  0.0244  0.0244  0.0244  0.0243  0.0244  0.0244  0.0244  0.0244
  0.0245  0.0245  0.0245  0.0244  0.0244  0.0243  0.0244  0.0244  0.0244  0.0244  0.0244  0.0244
  0.0247  0.0246  0.0246  0.0245  0.0246  0.0244  0.0246  0.0247  0.0245  0.0246  0.0244  0.0245
  0.0250  0.0249  0.0247  0.0246  0.0250  0.0248  0.0248  0.0250  0.0247  0.0249  0.0245  0.0246
niter,ni,del,rscale     1    3    5.0000    0.4000
parameters
    1.6271   12.5887   19.8450   -9.3991  -12.4684   -1.3200
    7.8556    1.3271   -9.6497    6.6897   -3.5767  -15.4854
eta,q 0.97571 12.00018
  0.0247  0.0247  0.0245  0.0245  0.0248  0.0247  0.0246  0.0248  0.0245  0.0247  0.0244  0.0244
  0.0245  0.0245  0.0244  0.0244  0.0246  0.0246  0.0244  0.0245  0.0244  0.0245  0.0244  0.0243
  0.0244  0.0244  0.0244  0.0244  0.0244  0.0245  0.0243  0.0243  0.0243  0.0243  0.0243  0.0243
  0.0243  0.0243  0.0243  0.0244  0.0243  0.0243  0.0243  0.0243  0.0243  0.0243  0.0243  0.0243
  0.0244  0.0244  0.0244  0.0243  0.0244  0.0243  0.0243  0.0243  0.0243  0.0243  0.0243  0.0243
  0.0245  0.0245  0.0244  0.0244  0.0245  0.0243  0.0244  0.0245  0.0244  0.0245  0.0243  0.0244
  0.0247  0.0246  0.0245  0.0245  0.0247  0.0246  0.0246  0.0247  0.0246  0.0247  0.0244  0.0245
registration optimization eta report
parameter search radius
    0.8000    0.8000    0.8000    2.4000    2.4000    2.4000
    2.4000    2.4000    2.4000    2.4000    2.4000    2.4000
100000*second partial in parameter space
       57.       50.       29.        3.        7.        6.
        6.        8.        5.        6.        2.        3.
  0.0247  0.0247  0.0245  0.0245  0.0248  0.0247  0.0246  0.0248  0.0245  0.0247  0.0244  0.0244
  0.0245  0.0245  0.0244  0.0244  0.0246  0.0246  0.0244  0.0245  0.0244  0.0245  0.0244  0.0243
  0.0244  0.0244  0.0244  0.0244  0.0244  0.0245  0.0243  0.0243  0.0243  0.0243  0.0243  0.0243
  0.0243  0.0243  0.0243  0.0244  0.0243  0.0243  0.0243  0.0243  0.0243  0.0243  0.0243  0.0243
  0.0244  0.0244  0.0244  0.0243  0.0244  0.0243  0.0243  0.0243  0.0243  0.0243  0.0243  0.0243
  0.0245  0.0245  0.0244  0.0244  0.0245  0.0243  0.0244  0.0245  0.0244  0.0245  0.0243  0.0244
  0.0247  0.0246  0.0245  0.0245  0.0247  0.0246  0.0246  0.0247  0.0246  0.0247  0.0244  0.0245
    1.6271   12.5887   19.8450   -9.3991  -12.4684   -1.3200
    7.8556    1.3271   -9.6497    6.6897   -3.5767  -15.4854
eta,q 0.97571 12.00018

---------------------------------------------------------------------
imgreg_4dfp /opt/freesurfer/average/711-2C_as_mni_average_305 /opt/freesurfer/average/711-2B_as_mni_average_305_mask talsrcimg_g11 none talsrcimg_to_711-2C_as_mni_average_305_t4 2311
---------------------------------------------------------------------

freesurfer imgreg_4dfp.c
/opt/freesurfer/average/711-2C_as_mni_average_305.4dfp.img
       256       256       256         1
  1.000000  1.000000  1.000000
orientation T byte_order littleendian
Reading image: /opt/freesurfer/average/711-2C_as_mni_average_305.4dfp.img
dimensions:      256       256       256
mmppix:       1.0000   -1.0000   -1.0000
center:     128.0000 -129.0000 -129.0000
/opt/freesurfer/average/711-2B_as_mni_average_305_mask.4dfp.img
       256       256       256         1
  1.000000  1.000000  1.000000
orientation T byte_order littleendian
Reading mask: /opt/freesurfer/average/711-2B_as_mni_average_305_mask.4dfp.img (2306576 pixels)
talsrcimg_g11.4dfp.img
       256       256       256         1
  1.000000  1.000000  1.000000
orientation T byte_order littleendian
Reading image: talsrcimg_g11.4dfp.img
dimensions:      256       256       256
mmppix:       1.0000   -1.0000   -1.0000
center:     128.0000 -129.0000 -129.0000
fimgreg.f
image alignment mode   2311 decimal      907 hex
parameters
    1.6271   12.5887   19.8450   -9.3991  -12.4684   -1.3200
    7.8556    1.3271   -9.6497    6.6897   -3.5767  -15.4854
eta,q 0.97571 12.00018
niter,ni,del,rscale     5    3    5.0000    0.8000
parameters
    1.6099   12.5871   19.8902   -9.8121  -12.9333   -2.4900
    7.8419    1.3667   -9.6075    6.6570   -3.8633  -15.1032
eta,q 0.97550 11.90879
  0.0257  0.0256  0.0252  0.0248  0.0256  0.0249  0.0257  0.0262  0.0255  0.0258  0.0248  0.0253
  0.0249  0.0249  0.0247  0.0246  0.0249  0.0247  0.0250  0.0252  0.0249  0.0251  0.0246  0.0249
  0.0245  0.0244  0.0244  0.0244  0.0245  0.0246  0.0246  0.0246  0.0246  0.0247  0.0245  0.0246
  0.0243  0.0243  0.0243  0.0243  0.0243  0.0243  0.0245  0.0245  0.0245  0.0245  0.0245  0.0245
  0.0245  0.0244  0.0244  0.0243  0.0245  0.0244  0.0246  0.0247  0.0246  0.0246  0.0246  0.0245
  0.0250  0.0249  0.0246  0.0246  0.0252  0.0254  0.0250  0.0252  0.0249  0.0251  0.0247  0.0247
  0.0258  0.0256  0.0250  0.0252  0.0265  0.0270  0.0257  0.0260  0.0255  0.0259  0.0249  0.0251
niter,ni,del,rscale     4    3    5.0000    0.7000
parameters
    1.6213   12.5506   19.8520  -10.0762  -12.8552   -2.5537
    7.8189    1.2778   -9.5278    6.6332   -3.9440  -15.1014
eta,q 0.97550 11.89141
  0.0256  0.0254  0.0250  0.0249  0.0256  0.0250  0.0254  0.0257  0.0253  0.0255  0.0248  0.0250
  0.0250  0.0249  0.0247  0.0247  0.0251  0.0248  0.0249  0.0250  0.0248  0.0250  0.0246  0.0247
  0.0246  0.0246  0.0245  0.0246  0.0247  0.0246  0.0246  0.0246  0.0246  0.0246  0.0245  0.0245
  0.0245  0.0245  0.0245  0.0245  0.0245  0.0245  0.0245  0.0245  0.0245  0.0245  0.0245  0.0245
  0.0246  0.0246  0.0246  0.0245  0.0245  0.0243  0.0246  0.0247  0.0246  0.0246  0.0245  0.0246
  0.0250  0.0250  0.0247  0.0247  0.0249  0.0245  0.0249  0.0251  0.0248  0.0250  0.0246  0.0247
  0.0256  0.0255  0.0250  0.0250  0.0257  0.0253  0.0254  0.0257  0.0252  0.0256  0.0248  0.0250
niter,ni,del,rscale     3    3    5.0000    0.6000
parameters
    1.6161   12.5565   19.8462   -9.9789  -12.7456   -2.0529
    7.8424    1.2513   -9.5346    6.6898   -3.9684  -15.2179
eta,q 0.97559 11.92454
  0.0253  0.0252  0.0249  0.0248  0.0253  0.0249  0.0251  0.0254  0.0250  0.0252  0.0246  0.0248
  0.0249  0.0248  0.0247  0.0247  0.0249  0.0247  0.0247  0.0248  0.0247  0.0248  0.0245  0.0246
  0.0246  0.0246  0.0245  0.0246  0.0246  0.0246  0.0245  0.0245  0.0245  0.0245  0.0244  0.0244
  0.0245  0.0245  0.0245  0.0245  0.0245  0.0245  0.0244  0.0244  0.0244  0.0244  0.0244  0.0244
  0.0246  0.0246  0.0245  0.0245  0.0245  0.0243  0.0245  0.0246  0.0245  0.0245  0.0244  0.0245
  0.0249  0.0248  0.0247  0.0246  0.0248  0.0244  0.0247  0.0249  0.0247  0.0247  0.0245  0.0246
  0.0253  0.0252  0.0249  0.0248  0.0253  0.0249  0.0251  0.0253  0.0250  0.0252  0.0246  0.0248
niter,ni,del,rscale     2    3    5.0000    0.5000
parameters
    1.6277   12.5747   19.8457   -9.6519  -12.6015   -1.7200
    7.8433    1.2692   -9.5681    6.6911   -3.8374  -15.3546
eta,q 0.97565 11.96406
  0.0250  0.0249  0.0247  0.0247  0.0250  0.0248  0.0248  0.0251  0.0247  0.0249  0.0245  0.0246
  0.0247  0.0246  0.0245  0.0246  0.0247  0.0247  0.0246  0.0246  0.0245  0.0246  0.0244  0.0244
  0.0245  0.0245  0.0244  0.0245  0.0245  0.0245  0.0244  0.0244  0.0244  0.0244  0.0244  0.0244
  0.0244  0.0244  0.0244  0.0244  0.0244  0.0244  0.0244  0.0244  0.0244  0.0244  0.0243  0.0244
  0.0245  0.0245  0.0244  0.0244  0.0244  0.0243  0.0244  0.0244  0.0244  0.0244  0.0244  0.0244
  0.0247  0.0246  0.0245  0.0245  0.0246  0.0244  0.0246  0.0247  0.0245  0.0246  0.0244  0.0245
  0.0250  0.0249  0.0247  0.0246  0.0250  0.0248  0.0248  0.0250  0.0248  0.0249  0.0245  0.0246
niter,ni,del,rscale     1    3    5.0000    0.4000
parameters
    1.6296   12.5897   19.8283   -9.4173  -12.4776   -1.3382
    7.8472    1.3316   -9.6361    6.6955   -3.5998  -15.5143
eta,q 0.97571 11.99809
  0.0247  0.0247  0.0245  0.0245  0.0248  0.0247  0.0246  0.0248  0.0245  0.0247  0.0244  0.0244
  0.0245  0.0245  0.0244  0.0245  0.0246  0.0246  0.0244  0.0245  0.0244  0.0245  0.0244  0.0243
  0.0244  0.0244  0.0244  0.0244  0.0244  0.0245  0.0243  0.0243  0.0243  0.0243  0.0243  0.0243
  0.0244  0.0244  0.0244  0.0244  0.0243  0.0243  0.0243  0.0243  0.0243  0.0243  0.0243  0.0243
  0.0244  0.0244  0.0244  0.0243  0.0244  0.0243  0.0243  0.0243  0.0243  0.0243  0.0243  0.0243
  0.0245  0.0245  0.0244  0.0244  0.0245  0.0243  0.0244  0.0245  0.0244  0.0245  0.0243  0.0244
  0.0247  0.0247  0.0245  0.0245  0.0247  0.0246  0.0246  0.0247  0.0246  0.0247  0.0244  0.0245
registration optimization eta report
parameter search radius
    0.8000    0.8000    0.8000    2.4000    2.4000    2.4000
    2.4000    2.4000    2.4000    2.4000    2.4000    2.4000
100000*second partial in parameter space
       57.       50.       29.        3.        7.        5.
        6.        8.        5.        6.        2.        3.
  0.0247  0.0247  0.0245  0.0245  0.0248  0.0247  0.0246  0.0248  0.0245  0.0247  0.0244  0.0244
  0.0245  0.0245  0.0244  0.0245  0.0246  0.0246  0.0244  0.0245  0.0244  0.0245  0.0244  0.0243
  0.0244  0.0244  0.0244  0.0244  0.0244  0.0245  0.0243  0.0243  0.0243  0.0243  0.0243  0.0243
  0.0244  0.0244  0.0244  0.0244  0.0243  0.0243  0.0243  0.0243  0.0243  0.0243  0.0243  0.0243
  0.0244  0.0244  0.0244  0.0243  0.0244  0.0243  0.0243  0.0243  0.0243  0.0243  0.0243  0.0243
  0.0245  0.0245  0.0244  0.0244  0.0245  0.0243  0.0244  0.0245  0.0244  0.0245  0.0243  0.0244
  0.0247  0.0247  0.0245  0.0245  0.0247  0.0246  0.0246  0.0247  0.0246  0.0247  0.0244  0.0245
    1.6296   12.5897   19.8283   -9.4173  -12.4776   -1.3382
    7.8472    1.3316   -9.6361    6.6955   -3.5998  -15.5143
eta,q 0.97571 11.99809

---------------------------------------------------------------------
compute_vox2vox talsrcimg talsrcimg_to_711-2C_as_mni_average_305_t4 /opt/freesurfer/average/711-2C_as_mni_average_305
---------------------------------------------------------------------

freesurfer compute_vox2vox.c
Reading: talsrcimg.4dfp.ifh
Reading: talsrcimg_to_711-2C_as_mni_average_305_t4
Reading: /opt/freesurfer/average/711-2C_as_mni_average_305.4dfp.ifh
Writing: talsrcimg_to_711-2C_as_mni_average_305_t4_vox2vox.txt

start time Mon Mar 9 16:59:08 CET 2026
end		time Mon Mar 9 17:00:41 CET 2026

mpr2mni305 success

avi2talxfm orig_nu.mgz /opt/freesurfer/average/mni305.cor.mgz talsrcimg_to_711-2C_as_mni_average_305_t4_vox2vox.txt transforms/talairach.auto.xfm
avi2talxfm done
mv -f /out/sourcedata/freesurfer/sub-v1s23x0050551_ses-1/mri/talsrcimg_to_711-2C_as_mni_average_305_t4_vox2vox.txt /out/sourcedata/freesurfer/sub-v1s23x0050551_ses-1/mri/transforms/talsrcimg_to_711-2C_as_mni_average_305_t4_vox2vox.txt
lta_convert --src orig_nu.mgz --trg /opt/freesurfer/average/mni305.cor.mgz --inxfm transforms/talairach.auto.xfm --outlta transforms/talairach.auto.xfm.lta --subject fsaverage
7.3.2

--src: orig_nu.mgz src image (geometry).
--trg: /opt/freesurfer/average/mni305.cor.mgz trg image (geometry).
--inmni: transforms/talairach.auto.xfm input MNI/XFM transform.
--outlta: transforms/talairach.auto.xfm.lta output LTA.
--s: fsaverage subject name
 LTA read, type : 1
 1.09307  -0.00801  -0.09942  -57.21357;
 0.05811   1.00109   0.17224   21.29037;
 0.11590  -0.07746   1.11844  -36.83084;
 0.00000   0.00000   0.00000   1.00000;
setting subject to fsaverage
Writing  LTA to file transforms/talairach.auto.xfm.lta...
lta_convert successful.
 
 
Started at Mon Mar 9 16:59:07 CET 2026
Ended   at Mon Mar  9 17:00:41 CET 2026
talairach_avi done
