/out/sourcedata/freesurfer/sub-v1s23x0050568_ses-1/mri
/opt/freesurfer/bin/talairach_avi
--i orig_nu.mgz --xfm transforms/talairach.auto.xfm
talairach_avi 7.3.2
Linux dna030 5.14.0-427.37.1.el9_4.x86_64 #1 SMP PREEMPT_DYNAMIC Fri Sep 13 12:41:50 EDT 2024 x86_64 x86_64 x86_64 GNU/Linux
Mon Mar  9 18:46:06 CET 2026
mri_convert orig_nu.mgz talsrcimg.img 
reading from orig_nu.mgz...
TR=0.00, TE=0.00, TI=0.00, flip angle=0.00
i_ras = (-1, 0, 0)
j_ras = (0, 0, -1)
k_ras = (0, 1, 0)
writing to talsrcimg.img...
Analyze Output Matrix
-1.00000   0.00000   0.00000   168.29544;
 0.00000   0.00000   1.00000  -178.26875;
 0.00000  -1.00000   0.00000   167.27846;
 0.00000   0.00000   0.00000   1.00000;
--------------------
INFO: set hdr.hist.orient to -1
mpr2mni305 talsrcimg
Mon Mar  9 18:46:06 CET 2026
/opt/freesurfer/bin/mpr2mni305 talsrcimg
mpr2mni305 7.3.2
target=711-2C_as_mni_average_305

---------------------------------------------------------------------
analyzeto4dfp talsrcimg -O0 -y
---------------------------------------------------------------------

freesurfer ifh2hdr.c
Mon Mar  9 18:46:07 2026
Writing: talsrcimg.4dfp.hdr
freesurfer analyzeto4dfp.c
Reading: talsrcimg.hdr
header size 348 bytes
hdr.dime.datatype	offset=70	value=2
hdr.dime.bitpix		offset=72	value=8
hdr.hist.orient		offset=252	value=-1
dimensionality     4
dimensions       256       256       256         1
Reading: talsrcimg.img
Writing: talsrcimg.4dfp.img
Writing: talsrcimg.4dfp.ifh
ifh2hdr talsrcimg -r0to234
ori=2

---------------------------------------------------------------------
gauss_4dfp talsrcimg 1.1
---------------------------------------------------------------------

freesurfer gauss_4dfp.c
Reading: talsrcimg.4dfp.img
Writing: talsrcimg_g11.4dfp.img
image dimensions 256 256 256 padded to 288 288 288
processing volume 1freesurfer ifh2hdr.c
Mon Mar  9 18:46:08 2026
Writing: talsrcimg_g11.4dfp.hdr

Writing: talsrcimg_g11.4dfp.ifh
including: talsrcimg.4dfp.img.rec in talsrcimg_g11.4dfp.img.rec

---------------------------------------------------------------------
imgreg_4dfp /opt/freesurfer/average/711-2C_as_mni_average_305 none talsrcimg_g11 none talsrcimg_to_711-2C_as_mni_average_305_t4 4355
---------------------------------------------------------------------

freesurfer imgreg_4dfp.c
/opt/freesurfer/average/711-2C_as_mni_average_305.4dfp.img
       256       256       256         1
  1.000000  1.000000  1.000000
orientation T byte_order littleendian
Reading image: /opt/freesurfer/average/711-2C_as_mni_average_305.4dfp.img
dimensions:      256       256       256
mmppix:       1.0000   -1.0000   -1.0000
center:     128.0000 -129.0000 -129.0000
talsrcimg_g11.4dfp.img
       256       256       256         1
  1.000000  1.000000  1.000000
orientation T byte_order littleendian
Reading image: talsrcimg_g11.4dfp.img
dimensions:      256       256       256
mmppix:       1.0000   -1.0000   -1.0000
center:     128.0000 -129.0000 -129.0000
t4_read: open error in t4_sub.f l:  41 t4_file(1:l)talsrcimg_to_711-2C_as_mni_average_305_t4 
t4_read: transform initialized to I4
rotation matrix determinant  1.000000
image alignment mode   4355 decimal     1103 hex
   -7.5000  -45.0000  -45.0000 6774.1396   17.9959
    0.0000  -45.0000  -45.0000 7075.5762   18.0076
    7.5000  -45.0000  -45.0000 6810.4873   17.9854
   -7.5000  -37.5000  -45.0000 7376.7046   17.5835
    0.0000  -37.5000  -45.0000 7695.4160   17.5981
    7.5000  -37.5000  -45.0000 7394.2798   17.5885
   -7.5000  -30.0000  -45.0000 8314.8203   17.3068
    0.0000  -30.0000  -45.0000 8682.3613   17.3107
    7.5000  -30.0000  -45.0000 8324.8447   17.3021
   -7.5000  -22.5000  -45.0000 9331.6748   17.2206
    0.0000  -22.5000  -45.0000 9739.6582   17.2121
    7.5000  -22.5000  -45.0000 9343.5742   17.1925
   -7.5000  -15.0000  -45.000010311.4258   17.1282
    0.0000  -15.0000  -45.000010771.3213   17.1153
    7.5000  -15.0000  -45.000010317.9912   17.0849
   -7.5000   -7.5000  -45.000011306.5879   17.1047
    0.0000   -7.5000  -45.000011847.7402   17.1015
    7.5000   -7.5000  -45.000011302.6641   17.0714
   -7.5000    0.0000  -45.000012140.1436   17.1601
    0.0000    0.0000  -45.000012716.9717   17.1709
    7.5000    0.0000  -45.000012151.1855   17.1513
   -7.5000    7.5000  -45.000011998.5879   17.2457
    0.0000    7.5000  -45.000012589.3486   17.2592
    7.5000    7.5000  -45.000011990.6992   17.2501
   -7.5000   15.0000  -45.000011735.6680   17.2826
    0.0000   15.0000  -45.000012331.9697   17.2863
    7.5000   15.0000  -45.000011727.0664   17.2776
   -7.5000   22.5000  -45.000011431.7490   17.2179
    0.0000   22.5000  -45.000012003.6904   17.2094
    7.5000   22.5000  -45.000011436.0000   17.1899
   -7.5000   30.0000  -45.000011070.8281   16.8999
    0.0000   30.0000  -45.000011624.4111   16.8872
    7.5000   30.0000  -45.000011087.8311   16.8572
   -7.5000   37.5000  -45.000010983.6953   16.8768
    0.0000   37.5000  -45.000011524.7715   16.8736
    7.5000   37.5000  -45.000010981.7324   16.8439
   -7.5000   45.0000  -45.000010461.2549   16.5015
    0.0000   45.0000  -45.000010977.7520   16.5119
    7.5000   45.0000  -45.000010453.5830   16.4930
   -7.5000  -45.0000  -37.5000 7080.3569   18.0124
    0.0000  -45.0000  -37.5000 7385.6431   18.0272
    7.5000  -45.0000  -37.5000 7093.1738   18.0097
   -7.5000  -37.5000  -37.5000 7749.4863   17.6001
    0.0000  -37.5000  -37.5000 8076.3633   17.6151
    7.5000  -37.5000  -37.5000 7743.4336   17.6100
   -7.5000  -30.0000  -37.5000 8769.9336   17.3239
    0.0000  -30.0000  -37.5000 9151.5283   17.3302
    7.5000  -30.0000  -37.5000 8760.2285   17.3267
   -7.5000  -22.5000  -37.5000 9818.9150   17.2369
    0.0000  -22.5000  -37.500010256.4160   17.2347
    7.5000  -22.5000  -37.5000 9818.8564   17.2205
   -7.5000  -15.0000  -37.500010833.6084   17.1444
    0.0000  -15.0000  -37.500011323.0684   17.1400
    7.5000  -15.0000  -37.500010816.7168   17.1149
   -7.5000   -7.5000  -37.500011843.5850   17.1198
    0.0000   -7.5000  -37.500012400.8447   17.1234
    7.5000   -7.5000  -37.500011821.3828   17.0980
   -7.5000    0.0000  -37.500012726.8008   17.1743
    0.0000    0.0000  -37.500013311.6055   17.1877
    7.5000    0.0000  -37.500012722.4834   17.1722
   -7.5000    7.5000  -37.500012583.2910   17.2620
    0.0000    7.5000  -37.500013195.2783   17.2758
    7.5000    7.5000  -37.500012562.4404   17.2709
   -7.5000   15.0000  -37.500012295.9473   17.2997
    0.0000   15.0000  -37.500012910.3955   17.3058
    7.5000   15.0000  -37.500012282.2168   17.3021
   -7.5000   22.5000  -37.500011978.7314   17.2342
    0.0000   22.5000  -37.500012592.5527   17.2321
    7.5000   22.5000  -37.500011953.3008   17.2179
   -7.5000   30.0000  -37.500011563.0283   16.9159
    0.0000   30.0000  -37.500012164.9111   16.9116
    7.5000   30.0000  -37.500011571.9287   16.8868
   -7.5000   37.5000  -37.500011415.4873   16.8916
    0.0000   37.5000  -37.500011996.5918   16.8952
    7.5000   37.5000  -37.500011418.5703   16.8702
   -7.5000   45.0000  -37.500010857.5635   16.5152
    0.0000   45.0000  -37.500011403.0693   16.5281
    7.5000   45.0000  -37.500010847.9795   16.5132
   -7.5000  -45.0000  -30.0000 7523.9707   18.7808
    0.0000  -45.0000  -30.0000 7843.9380   18.7982
    7.5000  -45.0000  -30.0000 7522.5151   18.7817
   -7.5000  -37.5000  -30.0000 8239.0049   18.3337
    0.0000  -37.5000  -30.0000 8609.1895   18.3527
    7.5000  -37.5000  -30.0000 8236.4600   18.3510
   -7.5000  -30.0000  -30.0000 9312.6016   18.0381
    0.0000  -30.0000  -30.0000 9752.4795   18.0513
    7.5000  -30.0000  -30.0000 9317.3281   18.0535
   -7.5000  -22.5000  -30.000010420.0801   17.9588
    0.0000  -22.5000  -30.000010924.9678   17.9649
    7.5000  -22.5000  -30.000010419.6113   17.9562
   -7.5000  -15.0000  -30.000011453.8945   17.8802
    0.0000  -15.0000  -30.000012016.3135   17.8830
    7.5000  -15.0000  -30.000011454.1582   17.8612
   -7.5000   -7.5000  -30.000012526.0352   17.8591
    0.0000   -7.5000  -30.000013158.4619   17.8669
    7.5000   -7.5000  -30.000012543.2480   17.8428
   -7.5000    0.0000  -30.000013446.9121   17.9063
    0.0000    0.0000  -30.000014096.9600   17.9220
    7.5000    0.0000  -30.000013484.5840   17.9074
   -7.5000    7.5000  -30.000013296.2461   17.9820
    0.0000    7.5000  -30.000013953.6953   17.9994
    7.5000    7.5000  -30.000013321.7031   17.9979
   -7.5000   15.0000  -30.000012988.3721   18.0130
    0.0000   15.0000  -30.000013643.7812   18.0259
    7.5000   15.0000  -30.000012998.3945   18.0280
   -7.5000   22.5000  -30.000012668.3564   17.9542
    0.0000   22.5000  -30.000013338.3691   17.9603
    7.5000   22.5000  -30.000012659.9746   17.9516
   -7.5000   30.0000  -30.000012259.6914   17.6436
    0.0000   30.0000  -30.000012926.8896   17.6464
    7.5000   30.0000  -30.000012276.4492   17.6249
   -7.5000   37.5000  -30.000012042.6992   17.6228
    0.0000   37.5000  -30.000012661.1582   17.6305
    7.5000   37.5000  -30.000012049.1787   17.6067
   -7.5000   45.0000  -30.000011415.9980   17.2317
    0.0000   45.0000  -30.000011966.5537   17.2468
    7.5000   45.0000  -30.000011379.7764   17.2328
   -7.5000  -45.0000  -22.5000 7953.0435   19.4245
    0.0000  -45.0000  -22.5000 8317.9160   19.4402
    7.5000  -45.0000  -22.5000 7957.7041   19.4193
   -7.5000  -37.5000  -22.5000 8678.4893   18.9424
    0.0000  -37.5000  -22.5000 9096.9502   18.9649
    7.5000  -37.5000  -22.5000 8703.0068   18.9617
   -7.5000  -30.0000  -22.5000 9782.6357   18.6252
    0.0000  -30.0000  -22.500010260.8877   18.6430
    7.5000  -30.0000  -22.5000 9812.0059   18.6456
   -7.5000  -22.5000  -22.500010934.0742   18.5546
    0.0000  -22.5000  -22.500011474.8320   18.5622
    7.5000  -22.5000  -22.500010969.7188   18.5532
   -7.5000  -15.0000  -22.500012026.2158   18.4929
    0.0000  -15.0000  -22.500012628.3389   18.4929
    7.5000  -15.0000  -22.500012064.5801   18.4684
   -7.5000   -7.5000  -22.500013174.1309   18.4794
    0.0000   -7.5000  -22.500013829.7812   18.4832
    7.5000   -7.5000  -22.500013235.8535   18.4545
   -7.5000    0.0000  -22.500014174.5176   18.5207
    0.0000    0.0000  -22.500014871.3066   18.5352
    7.5000    0.0000  -22.500014250.6416   18.5166
   -7.5000    7.5000  -22.500013972.3975   18.5793
    0.0000    7.5000  -22.500014686.3799   18.6001
    7.5000    7.5000  -22.500014042.5840   18.5971
   -7.5000   15.0000  -22.500013618.7920   18.5994
    0.0000   15.0000  -22.500014315.3799   18.6170
    7.5000   15.0000  -22.500013686.3818   18.6194
   -7.5000   22.5000  -22.500013289.3135   18.5486
    0.0000   22.5000  -22.500013991.4072   18.5561
    7.5000   22.5000  -22.500013341.5381   18.5472
   -7.5000   30.0000  -22.500012875.9248   18.2510
    0.0000   30.0000  -22.500013549.4727   18.2510
    7.5000   30.0000  -22.500012944.5205   18.2269
   -7.5000   37.5000  -22.500012638.2559   18.2377
    0.0000   37.5000  -22.500013263.8516   18.2414
    7.5000   37.5000  -22.500012673.8154   18.2131
   -7.5000   45.0000  -22.500011942.5234   17.8364
    0.0000   45.0000  -22.500012514.1562   17.8503
    7.5000   45.0000  -22.500011915.8193   17.8324
   -7.5000  -45.0000  -15.0000 8310.3682   19.8752
    0.0000  -45.0000  -15.0000 8691.9375   19.8872
    7.5000  -45.0000  -15.0000 8328.0898   19.8602
   -7.5000  -37.5000  -15.0000 9071.0049   19.3789
    0.0000  -37.5000  -15.0000 9516.9863   19.4014
    7.5000  -37.5000  -15.0000 9126.3320   19.3933
   -7.5000  -30.0000  -15.000010212.4092   19.0514
    0.0000  -30.0000  -15.000010720.2393   19.0668
    7.5000  -30.0000  -15.000010276.2510   19.0646
   -7.5000  -22.5000  -15.000011416.2432   18.9811
    0.0000  -22.5000  -15.000011978.4619   18.9811
    7.5000  -22.5000  -15.000011490.3896   18.9662
   -7.5000  -15.0000  -15.000012580.9072   18.9211
    0.0000  -15.0000  -15.000013193.4287   18.9104
    7.5000  -15.0000  -15.000012640.3613   18.8790
   -7.5000   -7.5000  -15.000013804.4707   18.9099
    0.0000   -7.5000  -15.000014444.0059   18.9051
    7.5000   -7.5000  -15.000013894.1348   18.8698
   -7.5000    0.0000  -15.000014914.9229   18.9521
    0.0000    0.0000  -15.000015656.5771   18.9635
    7.5000    0.0000  -15.000015043.1709   18.9395
   -7.5000    7.5000  -15.000014732.0986   19.0074
    0.0000    7.5000  -15.000015530.5518   19.0282
    7.5000    7.5000  -15.000014896.9932   19.0206
   -7.5000   15.0000  -15.000014288.4258   19.0249
    0.0000   15.0000  -15.000015011.2969   19.0401
    7.5000   15.0000  -15.000014451.4502   19.0378
   -7.5000   22.5000  -15.000013854.2861   18.9741
    0.0000   22.5000  -15.000014491.3867   18.9741
    7.5000   22.5000  -15.000013975.4199   18.9592
   -7.5000   30.0000  -15.000013404.4551   18.6763
    0.0000   30.0000  -15.000014022.0146   18.6657
    7.5000   30.0000  -15.000013555.7695   18.6347
   -7.5000   37.5000  -15.000013201.1982   18.6652
    0.0000   37.5000  -15.000013776.3223   18.6604
    7.5000   37.5000  -15.000013304.5479   18.6256
   -7.5000   45.0000  -15.000012473.6445   18.2628
    0.0000   45.0000  -15.000013013.5508   18.2738
    7.5000   45.0000  -15.000012496.1709   18.2507
   -7.5000  -45.0000   -7.5000 8680.4189   20.0935
    0.0000  -45.0000   -7.5000 9076.3887   20.1044
    7.5000  -45.0000   -7.5000 8710.2588   20.0758
   -7.5000  -37.5000   -7.5000 9474.3467   19.6115
    0.0000  -37.5000   -7.5000 9926.4238   19.6308
    7.5000  -37.5000   -7.5000 9537.0039   19.6191
   -7.5000  -30.0000   -7.500010642.9600   19.2914
    0.0000  -30.0000   -7.500011147.4326   19.2999
    7.5000  -30.0000   -7.500010716.5049   19.2916
   -7.5000  -22.5000   -7.500011887.7646   19.2093
    0.0000  -22.5000   -7.500012450.3477   19.2008
    7.5000  -22.5000   -7.500011959.8252   19.1798
   -7.5000  -15.0000   -7.500013064.7412   19.1284
    0.0000  -15.0000   -7.500013693.4268   19.1109
    7.5000  -15.0000   -7.500013154.8975   19.0754
   -7.5000   -7.5000   -7.500014351.0654   19.1097
    0.0000   -7.5000   -7.500015048.8174   19.1016
    7.5000   -7.5000   -7.500014481.6826   19.0645
   -7.5000    0.0000   -7.500015642.5596   19.1610
    0.0000    0.0000   -7.500016537.3574   19.1714
    7.5000    0.0000   -7.500015849.0781   19.1461
   -7.5000    7.5000   -7.500015636.1260   19.2352
    0.0000    7.5000   -7.500016541.7871   19.2530
    7.5000    7.5000   -7.500015901.4531   19.2419
   -7.5000   15.0000   -7.500015208.2598   19.2644
    0.0000   15.0000   -7.500015795.7324   19.2727
    7.5000   15.0000   -7.500015408.4629   19.2643
   -7.5000   22.5000   -7.500014664.5264   19.2001
    0.0000   22.5000   -7.500015099.3311   19.1917
    7.5000   22.5000   -7.500014810.9277   19.1707
   -7.5000   30.0000   -7.500014200.9043   18.8803
    0.0000   30.0000   -7.500014677.2578   18.8631
    7.5000   30.0000   -7.500014361.2197   18.8281
   -7.5000   37.5000   -7.500013998.6934   18.8619
    0.0000   37.5000   -7.500014524.0459   18.8539
    7.5000   37.5000   -7.500014123.9785   18.8173
   -7.5000   45.0000   -7.500013146.6328   18.4676
    0.0000   45.0000   -7.500013658.7100   18.4776
    7.5000   45.0000   -7.500013179.1182   18.4533
   -7.5000  -45.0000    0.0000 8898.5117   20.1379
    0.0000  -45.0000    0.0000 9338.9072   20.1510
    7.5000  -45.0000    0.0000 8953.9033   20.1262
   -7.5000  -37.5000    0.0000 9780.8115   19.6765
    0.0000  -37.5000    0.000010264.9375   19.6928
    7.5000  -37.5000    0.0000 9843.9033   19.6820
   -7.5000  -30.0000    0.000011011.9336   19.3668
    0.0000  -30.0000    0.000011554.4629   19.3712
    7.5000  -30.0000    0.000011085.4688   19.3615
   -7.5000  -22.5000    0.000012274.8125   19.2703
    0.0000  -22.5000    0.000012865.3877   19.2607
    7.5000  -22.5000    0.000012357.8027   19.2389
   -7.5000  -15.0000    0.000013439.2510   19.1669
    0.0000  -15.0000    0.000014037.4971   19.1524
    7.5000  -15.0000    0.000013541.0303   19.1185
   -7.5000   -7.5000    0.000014718.6836   19.1407
    0.0000   -7.5000    0.000015355.5322   19.1371
    7.5000   -7.5000    0.000014858.6699   19.1034
   -7.5000    0.0000    0.000016043.7402   19.2026
    0.0000    0.0000    0.000016881.3418   19.2147
    7.5000    0.0000    0.000016298.4951   19.1927
   -7.5000    7.5000    0.000016190.4043   19.2984
    0.0000    7.5000    0.000016987.9395   19.3135
    7.5000    7.5000    0.000016453.6113   19.3033
   -7.5000   15.0000    0.000015894.0234   19.3397
    0.0000   15.0000    0.000016449.9902   19.3438
    7.5000   15.0000    0.000016026.3047   19.3340
   -7.5000   22.5000    0.000015411.1270   19.2611
    0.0000   22.5000    0.000015947.7451   19.2516
    7.5000   22.5000    0.000015502.5723   19.2297
   -7.5000   30.0000    0.000014858.9893   18.9188
    0.0000   30.0000    0.000015447.6270   18.9046
    7.5000   30.0000    0.000014953.6777   18.8710
   -7.5000   37.5000    0.000014493.9629   18.8929
    0.0000   37.5000    0.000015093.0107   18.8894
    7.5000   37.5000    0.000014596.3369   18.8561
   -7.5000   45.0000    0.000013513.1621   18.5091
    0.0000   45.0000    0.000014053.1738   18.5208
    7.5000   45.0000    0.000013546.1279   18.4996
   -7.5000  -45.0000    7.5000 8419.2383   20.1563
    0.0000  -45.0000    7.5000 8822.7783   20.1729
    7.5000  -45.0000    7.5000 8496.5811   20.1533
   -7.5000  -37.5000    7.5000 9259.9746   19.6950
    0.0000  -37.5000    7.5000 9702.2578   19.7118
    7.5000  -37.5000    7.5000 9350.2773   19.7060
   -7.5000  -30.0000    7.500010451.4492   19.3859
    0.0000  -30.0000    7.500010930.5654   19.3930
    7.5000  -30.0000    7.500010518.5840   19.3890
   -7.5000  -22.5000    7.500011649.6455   19.2885
    0.0000  -22.5000    7.500012182.9971   19.2861
    7.5000  -22.5000    7.500011730.8564   19.2702
   -7.5000  -15.0000    7.500012792.1826   19.1850
    0.0000  -15.0000    7.500013359.6992   19.1801
    7.5000  -15.0000    7.500012869.4746   19.1520
   -7.5000   -7.5000    7.500014035.0938   19.1575
    0.0000   -7.5000    7.500014712.9502   19.1616
    7.5000   -7.5000    7.500014160.4209   19.1331
   -7.5000    0.0000    7.500015271.5947   19.2185
    0.0000    0.0000    7.500016092.1963   19.2335
    7.5000    0.0000    7.500015455.9443   19.2162
   -7.5000    7.5000    7.500015265.4902   19.3166
    0.0000    7.5000    7.500016058.3652   19.3321
    7.5000    7.5000    7.500015423.8721   19.3266
   -7.5000   15.0000    7.500014950.0947   19.3588
    0.0000   15.0000    7.500015656.8311   19.3656
    7.5000   15.0000    7.500015040.0029   19.3615
   -7.5000   22.5000    7.500014564.6621   19.2793
    0.0000   22.5000    7.500015329.2119   19.2769
    7.5000   22.5000    7.500014668.5723   19.2610
   -7.5000   30.0000    7.500014105.4580   18.9367
    0.0000   30.0000    7.500014867.9209   18.9319
    7.5000   30.0000    7.500014218.3721   18.9042
   -7.5000   37.5000    7.500013706.5898   18.9096
    0.0000   37.5000    7.500014407.1143   18.9136
    7.5000   37.5000    7.500013848.2705   18.8855
   -7.5000   45.0000    7.500012750.9043   18.5245
    0.0000   45.0000    7.500013332.7168   18.5389
    7.5000   45.0000    7.500012847.7764   18.5222
   -7.5000  -45.0000   15.0000 7828.8750   20.1805
    0.0000  -45.0000   15.0000 8183.3267   20.1991
    7.5000  -45.0000   15.0000 7881.6895   20.1814
   -7.5000  -37.5000   15.0000 8601.5732   19.6999
    0.0000  -37.5000   15.0000 9010.2598   19.7202
    7.5000  -37.5000   15.0000 8681.9707   19.7184
   -7.5000  -30.0000   15.0000 9742.0273   19.3819
    0.0000  -30.0000   15.000010214.3535   19.3961
    7.5000  -30.0000   15.0000 9809.1299   19.3985
   -7.5000  -22.5000   15.000010915.4180   19.2966
    0.0000  -22.5000   15.000011445.7373   19.3032
    7.5000  -22.5000   15.000010968.2256   19.2939
   -7.5000  -15.0000   15.000011995.5303   19.2121
    0.0000  -15.0000   15.000012594.5752   19.2152
    7.5000  -15.0000   15.000012043.2861   19.1917
   -7.5000   -7.5000   15.000013149.0225   19.1894
    0.0000   -7.5000   15.000013856.5420   19.1979
    7.5000   -7.5000   15.000013235.3838   19.1720
   -7.5000    0.0000   15.000014228.3896   19.2404
    0.0000    0.0000   15.000014993.2822   19.2572
    7.5000    0.0000   15.000014330.9189   19.2415
   -7.5000    7.5000   15.000014119.8701   19.3217
    0.0000    7.5000   15.000014800.4082   19.3404
    7.5000    7.5000   15.000014185.1270   19.3388
   -7.5000   15.0000   15.000013765.9434   19.3550
    0.0000   15.0000   15.000014355.7100   19.3689
    7.5000   15.0000   15.000013825.8809   19.3711
   -7.5000   22.5000   15.000013422.1240   19.2874
    0.0000   22.5000   15.000014034.5908   19.2940
    7.5000   22.5000   15.000013526.6582   19.2847
   -7.5000   30.0000   15.000013063.3086   18.9634
    0.0000   30.0000   15.000013669.5811   18.9665
    7.5000   30.0000   15.000013174.4219   18.9434
   -7.5000   37.5000   15.000012785.7607   18.9411
    0.0000   37.5000   15.000013388.7881   18.9495
    7.5000   37.5000   15.000012908.0645   18.9238
   -7.5000   45.0000   15.000011896.5010   18.5455
    0.0000   45.0000   15.000012456.2764   18.5617
    7.5000   45.0000   15.000011989.8691   18.5466
   -7.5000  -45.0000   22.5000 7245.3682   20.4638
    0.0000  -45.0000   22.5000 7598.6465   20.4812
    7.5000  -45.0000   22.5000 7273.4663   20.4591
   -7.5000  -37.5000   22.5000 7974.8115   19.9489
    0.0000  -37.5000   22.5000 8371.1123   19.9734
    7.5000  -37.5000   22.5000 8025.9619   19.9701
   -7.5000  -30.0000   22.5000 9036.0537   19.6100
    0.0000  -30.0000   22.5000 9471.6504   19.6294
    7.5000  -30.0000   22.5000 9081.7773   19.6324
   -7.5000  -22.5000   22.500010137.1416   19.5343
    0.0000  -22.5000   22.500010636.5117   19.5429
    7.5000  -22.5000   22.500010176.1797   19.5336
   -7.5000  -15.0000   22.500011164.9600   19.4685
    0.0000  -15.0000   22.500011725.0303   19.4691
    7.5000  -15.0000   22.500011207.7803   19.4433
   -7.5000   -7.5000   22.500012227.1650   19.4544
    0.0000   -7.5000   22.500012861.6504   19.4589
    7.5000   -7.5000   22.500012294.2041   19.4287
   -7.5000    0.0000   22.500013184.6533   19.4987
    0.0000    0.0000   22.500013858.9121   19.5146
    7.5000    0.0000   22.500013275.5195   19.4951
   -7.5000    7.5000   22.500013047.5254   19.5612
    0.0000    7.5000   22.500013660.9668   19.5839
    7.5000    7.5000   22.500013104.2090   19.5809
   -7.5000   15.0000   22.500012710.2480   19.5824
    0.0000   15.0000   22.500013284.1699   19.6016
    7.5000   15.0000   22.500012778.0518   19.6044
   -7.5000   22.5000   22.500012407.9639   19.5250
    0.0000   22.5000   22.500012987.9131   19.5336
    7.5000   22.5000   22.500012496.0020   19.5243
   -7.5000   30.0000   22.500012092.7998   19.2165
    0.0000   30.0000   22.500012655.4141   19.2171
    7.5000   30.0000   22.500012167.8330   19.1917
   -7.5000   37.5000   22.500011940.7930   19.2026
    0.0000   37.5000   22.500012475.3936   19.2071
    7.5000   37.5000   22.500012023.9297   19.1773
   -7.5000   45.0000   22.500011137.0000   18.7945
    0.0000   45.0000   22.500011631.7627   18.8099
    7.5000   45.0000   22.500011203.4912   18.7911
   -7.5000  -45.0000   30.0000 6628.8247   20.8760
    0.0000  -45.0000   30.0000 6957.5874   20.8903
    7.5000  -45.0000   30.0000 6666.6035   20.8605
   -7.5000  -37.5000   30.0000 7313.6040   20.3364
    0.0000  -37.5000   30.0000 7667.4341   20.3620
    7.5000  -37.5000   30.0000 7350.1055   20.3531
   -7.5000  -30.0000   30.0000 8280.8242   19.9806
    0.0000  -30.0000   30.0000 8682.0762   19.9984
    7.5000  -30.0000   30.0000 8328.0010   19.9964
   -7.5000  -22.5000   30.0000 9295.4033   19.9043
    0.0000  -22.5000   30.0000 9754.6826   19.9054
    7.5000  -22.5000   30.0000 9323.6123   19.8896
   -7.5000  -15.0000   30.000010257.6133   19.8396
    0.0000  -15.0000   30.000010761.2568   19.8291
    7.5000  -15.0000   30.000010292.7812   19.7953
   -7.5000   -7.5000   30.000011216.7412   19.8280
    0.0000   -7.5000   30.000011800.6045   19.8239
    7.5000   -7.5000   30.000011276.5723   19.7856
   -7.5000    0.0000   30.000012096.8135   19.8739
    0.0000    0.0000   30.000012743.0527   19.8874
    7.5000    0.0000   30.000012181.5732   19.8612
   -7.5000    7.5000   30.000011959.5234   19.9334
    0.0000    7.5000   30.000012549.4121   19.9571
    7.5000    7.5000   30.000012011.5283   19.9489
   -7.5000   15.0000   30.000011663.8809   19.9518
    0.0000   15.0000   30.000012232.7656   19.9695
    7.5000   15.0000   30.000011724.4912   19.9674
   -7.5000   22.5000   30.000011363.9395   19.8948
    0.0000   22.5000   30.000011926.4463   19.8959
    7.5000   22.5000   30.000011446.5205   19.8802
   -7.5000   30.0000   30.000011074.3115   19.5829
    0.0000   30.0000   30.000011608.6436   19.5725
    7.5000   30.0000   30.000011145.7578   19.5391
   -7.5000   37.5000   30.000011023.1895   19.5714
    0.0000   37.5000   30.000011546.6562   19.5673
    7.5000   37.5000   30.000011095.9443   19.5296
   -7.5000   45.0000   30.000010290.0156   19.1561
    0.0000   45.0000   30.000010740.2617   19.1691
    7.5000   45.0000   30.000010343.0469   19.1439
   -7.5000  -45.0000   37.5000 6334.6895   21.6153
    0.0000  -45.0000   37.5000 6648.1079   21.6283
    7.5000  -45.0000   37.5000 6368.8740   21.5951
   -7.5000  -37.5000   37.5000 6988.4697   21.0599
    0.0000  -37.5000   37.5000 7327.7871   21.0825
    7.5000  -37.5000   37.5000 7024.1274   21.0690
   -7.5000  -30.0000   37.5000 7934.6855   20.6886
    0.0000  -30.0000   37.5000 8320.0469   20.6993
    7.5000  -30.0000   37.5000 7961.5581   20.6905
   -7.5000  -22.5000   37.5000 8916.6738   20.5919
    0.0000  -22.5000   37.5000 9358.6992   20.5835
    7.5000  -22.5000   37.5000 8939.6680   20.5606
   -7.5000  -15.0000   37.5000 9827.9248   20.5003
    0.0000  -15.0000   37.500010332.1826   20.4815
    7.5000  -15.0000   37.5000 9876.9443   20.4420
   -7.5000   -7.5000   37.500010740.4160   20.4820
    0.0000   -7.5000   37.500011293.5059   20.4736
    7.5000   -7.5000   37.500010810.3643   20.4316
   -7.5000    0.0000   37.500011599.9014   20.5434
    0.0000    0.0000   37.500012170.7891   20.5557
    7.5000    0.0000   37.500011659.7480   20.5267
   -7.5000    7.5000   37.500011486.9766   20.6279
    0.0000    7.5000   37.500012027.0879   20.6487
    7.5000    7.5000   37.500011532.0830   20.6361
   -7.5000   15.0000   37.500011202.7744   20.6577
    0.0000   15.0000   37.500011746.9043   20.6682
    7.5000   15.0000   37.500011259.4336   20.6593
   -7.5000   22.5000   37.500010894.0791   20.5820
    0.0000   22.5000   37.500011409.9238   20.5737
    7.5000   22.5000   37.500010967.2246   20.5508
   -7.5000   30.0000   37.500010580.6631   20.2350
    0.0000   30.0000   37.500011063.4736   20.2165
    7.5000   30.0000   37.500010653.6201   20.1774
   -7.5000   37.5000   37.500010566.0068   20.2170
    0.0000   37.5000   37.500011065.7354   20.2087
    7.5000   37.5000   37.500010653.1162   20.1672
   -7.5000   45.0000   37.5000 9899.1172   19.8015
    0.0000   45.0000   37.500010348.0039   19.8134
    7.5000   45.0000   37.5000 9960.6494   19.7854
   -7.5000  -45.0000   45.0000 5791.5732   22.4499
    0.0000  -45.0000   45.0000 6067.6978   22.4681
    7.5000  -45.0000   45.0000 5825.5137   22.4345
   -7.5000  -37.5000   45.0000 6393.1553   21.8656
    0.0000  -37.5000   45.0000 6689.2949   21.8864
    7.5000  -37.5000   45.0000 6417.7397   21.8704
   -7.5000  -30.0000   45.0000 7252.5269   21.4631
    0.0000  -30.0000   45.0000 7596.5400   21.4694
    7.5000  -30.0000   45.0000 7275.6270   21.4567
   -7.5000  -22.5000   45.0000 8144.9849   21.3365
    0.0000  -22.5000   45.0000 8547.6689   21.3272
    7.5000  -22.5000   45.0000 8178.5688   21.3015
   -7.5000  -15.0000   45.0000 8990.7422   21.2193
    0.0000  -15.0000   45.0000 9440.4443   21.2050
    7.5000  -15.0000   45.0000 9047.4160   21.1649
   -7.5000   -7.5000   45.0000 9825.1748   21.2034
    0.0000   -7.5000   45.000010312.7773   21.2021
    7.5000   -7.5000   45.0000 9893.2383   21.1604
   -7.5000    0.0000   45.000010612.6885   21.2882
    0.0000    0.0000   45.000011108.0879   21.3049
    7.5000    0.0000   45.000010678.2617   21.2755
   -7.5000    7.5000   45.000010525.1953   21.3974
    0.0000    7.5000   45.000010989.4941   21.4166
    7.5000    7.5000   45.000010559.6875   21.4015
   -7.5000   15.0000   45.000010261.3555   21.4296
    0.0000   15.0000   45.000010744.0303   21.4356
    7.5000   15.0000   45.000010333.9883   21.4228
   -7.5000   22.5000   45.0000 9975.2246   21.3263
    0.0000   22.5000   45.000010429.2217   21.3170
    7.5000   22.5000   45.000010054.4834   21.2913
   -7.5000   30.0000   45.0000 9673.0791   20.9428
    0.0000   30.0000   45.000010100.5449   20.9288
    7.5000   30.0000   45.0000 9753.3047   20.8891
   -7.5000   37.5000   45.0000 9680.5059   20.9272
    0.0000   37.5000   45.000010116.4375   20.9259
    7.5000   37.5000   45.0000 9755.1709   20.8848
   -7.5000   45.0000   45.0000 9076.2168   20.5287
    0.0000   45.0000   45.0000 9495.5352   20.5448
    7.5000   45.0000   45.0000 9119.1367   20.5164

---------------------------------------------------------------------
imgreg_4dfp /opt/freesurfer/average/711-2C_as_mni_average_305 /opt/freesurfer/average/711-2B_as_mni_average_305_mask talsrcimg_g11 none talsrcimg_to_711-2C_as_mni_average_305_t4 4355
---------------------------------------------------------------------

freesurfer imgreg_4dfp.c
/opt/freesurfer/average/711-2C_as_mni_average_305.4dfp.img
       256       256       256         1
  1.000000  1.000000  1.000000
orientation T byte_order littleendian
Reading image: /opt/freesurfer/average/711-2C_as_mni_average_305.4dfp.img
dimensions:      256       256       256
mmppix:       1.0000   -1.0000   -1.0000
center:     128.0000 -129.0000 -129.0000
/opt/freesurfer/average/711-2B_as_mni_average_305_mask.4dfp.img
       256       256       256         1
  1.000000  1.000000  1.000000
orientation T byte_order littleendian
Reading mask: /opt/freesurfer/average/711-2B_as_mni_average_305_mask.4dfp.img (2306576 pixels)
talsrcimg_g11.4dfp.img
       256       256       256         1
  1.000000  1.000000  1.000000
orientation T byte_order littleendian
Reading image: talsrcimg_g11.4dfp.img
dimensions:      256       256       256
mmppix:       1.0000   -1.0000   -1.0000
center:     128.0000 -129.0000 -129.0000
rotation matrix determinant  1.000000
image alignment mode   4355 decimal     1103 hex
   -7.5000  -37.5000  -45.0000 1948.6464   21.0134
    0.0000  -37.5000  -45.0000 1969.1722   20.7990
    7.5000  -37.5000  -45.0000 1957.1368   21.0216
   -7.5000  -30.0000  -45.0000 2077.1687   18.8596
    0.0000  -30.0000  -45.0000 2098.4128   18.6748
    7.5000  -30.0000  -45.0000 2083.9229   18.8239
   -7.5000  -22.5000  -45.0000 2198.7061   17.0305
    0.0000  -22.5000  -45.0000 2221.4363   16.8629
    7.5000  -22.5000  -45.0000 2207.1787   16.9945
   -7.5000  -15.0000  -45.0000 2298.0906   15.5310
    0.0000  -15.0000  -45.0000 2321.6274   15.3771
    7.5000  -15.0000  -45.0000 2310.2878   15.4925
   -7.5000   -7.5000  -45.0000 2379.6511   14.4323
    0.0000   -7.5000  -45.0000 2412.0347   14.3372
    7.5000   -7.5000  -45.0000 2389.9333   14.4297
   -7.5000    0.0000  -45.0000 2422.9563   13.7946
    0.0000    0.0000  -45.0000 2454.9673   13.7327
    7.5000    0.0000  -45.0000 2432.5791   13.8026
   -7.5000    7.5000  -45.0000 2448.2720   13.3935
    0.0000    7.5000  -45.0000 2481.1777   13.3633
    7.5000    7.5000  -45.0000 2456.8923   13.4264
   -7.5000   15.0000  -45.0000 2459.8516   13.2698
    0.0000   15.0000  -45.0000 2491.8237   13.1884
    7.5000   15.0000  -45.0000 2466.2275   13.2393
   -7.5000   22.5000  -45.0000 2445.6338   13.3564
    0.0000   22.5000  -45.0000 2477.6558   13.2389
    7.5000   22.5000  -45.0000 2461.7251   13.3009
   -7.5000   30.0000  -45.0000 2418.8567   13.6852
    0.0000   30.0000  -45.0000 2454.3044   13.5469
    7.5000   30.0000  -45.0000 2435.3945   13.6255
   -7.5000   37.5000  -45.0000 2381.6345   14.3527
    0.0000   37.5000  -45.0000 2419.2737   14.2219
    7.5000   37.5000  -45.0000 2396.5339   14.2962
   -7.5000   45.0000  -45.0000 2318.2534   15.3253
    0.0000   45.0000  -45.0000 2351.5034   15.1874
    7.5000   45.0000  -45.0000 2332.0337   15.2932
   -7.5000   52.5000  -45.0000 2205.9114   16.4982
    0.0000   52.5000  -45.0000 2234.2004   16.3386
    7.5000   52.5000  -45.0000 2215.8137   16.4932
   -7.5000  -37.5000  -37.5000 1995.3036   20.0468
    0.0000  -37.5000  -37.5000 2016.2234   19.8792
    7.5000  -37.5000  -37.5000 2001.1268   20.1003
   -7.5000  -30.0000  -37.5000 2135.8496   17.8904
    0.0000  -30.0000  -37.5000 2155.2500   17.7731
    7.5000  -30.0000  -37.5000 2139.8523   17.9194
   -7.5000  -22.5000  -37.5000 2257.6382   16.0441
    0.0000  -22.5000  -37.5000 2280.8435   15.9407
    7.5000  -22.5000  -37.5000 2267.8521   16.0809
   -7.5000  -15.0000  -37.5000 2361.6785   14.6264
    0.0000  -15.0000  -37.5000 2387.6030   14.5388
    7.5000  -15.0000  -37.5000 2372.7112   14.6247
   -7.5000   -7.5000  -37.5000 2446.1873   13.5860
    0.0000   -7.5000  -37.5000 2478.8940   13.5093
    7.5000   -7.5000  -37.5000 2457.8113   13.5879
   -7.5000    0.0000  -37.5000 2502.0945   12.9236
    0.0000    0.0000  -37.5000 2530.5544   12.8382
    7.5000    0.0000  -37.5000 2514.8521   12.9422
   -7.5000    7.5000  -37.5000 2541.5569   12.5195
    0.0000    7.5000  -37.5000 2575.0283   12.4723
    7.5000    7.5000  -37.5000 2547.1025   12.5574
   -7.5000   15.0000  -37.5000 2558.3042   12.3688
    0.0000   15.0000  -37.5000 2590.8936   12.3310
    7.5000   15.0000  -37.5000 2564.1550   12.3890
   -7.5000   22.5000  -37.5000 2549.4333   12.4730
    0.0000   22.5000  -37.5000 2583.2964   12.3941
    7.5000   22.5000  -37.5000 2556.9631   12.4481
   -7.5000   30.0000  -37.5000 2515.3318   12.8158
    0.0000   30.0000  -37.5000 2553.0776   12.7205
    7.5000   30.0000  -37.5000 2530.1807   12.7713
   -7.5000   37.5000  -37.5000 2472.2498   13.4155
    0.0000   37.5000  -37.5000 2510.4021   13.3423
    7.5000   37.5000  -37.5000 2487.2864   13.3959
   -7.5000   45.0000  -37.5000 2403.7737   14.3269
    0.0000   45.0000  -37.5000 2441.9919   14.2116
    7.5000   45.0000  -37.5000 2419.8765   14.3091
   -7.5000   52.5000  -37.5000 2290.3269   15.4466
    0.0000   52.5000  -37.5000 2318.5088   15.2998
    7.5000   52.5000  -37.5000 2298.8433   15.4357
   -7.5000  -37.5000  -30.0000 2075.4055   19.8294
    0.0000  -37.5000  -30.0000 2099.1670   19.7087
    7.5000  -37.5000  -30.0000 2082.6450   19.9672
   -7.5000  -30.0000  -30.0000 2215.5972   17.6000
    0.0000  -30.0000  -30.0000 2245.0896   17.5666
    7.5000  -30.0000  -30.0000 2225.7324   17.7168
   -7.5000  -22.5000  -30.0000 2340.4763   15.7302
    0.0000  -22.5000  -30.0000 2370.6025   15.6639
    7.5000  -22.5000  -30.0000 2354.4209   15.8295
   -7.5000  -15.0000  -30.0000 2449.7908   14.2797
    0.0000  -15.0000  -30.0000 2483.8630   14.2261
    7.5000  -15.0000  -30.0000 2462.7197   14.3329
   -7.5000   -7.5000  -30.0000 2550.2002   13.2558
    0.0000   -7.5000  -30.0000 2588.5691   13.2005
    7.5000   -7.5000  -30.0000 2566.9033   13.2997
   -7.5000    0.0000  -30.0000 2615.6255   12.5644
    0.0000    0.0000  -30.0000 2651.5896   12.5175
    7.5000    0.0000  -30.0000 2637.3579   12.6238
   -7.5000    7.5000  -30.0000 2667.3691   12.1117
    0.0000    7.5000  -30.0000 2705.0857   12.0851
    7.5000    7.5000  -30.0000 2683.3728   12.1927
   -7.5000   15.0000  -30.0000 2694.5295   11.9201
    0.0000   15.0000  -30.0000 2732.8403   11.8844
    7.5000   15.0000  -30.0000 2703.0876   11.9777
   -7.5000   22.5000  -30.0000 2689.2688   12.0451
    0.0000   22.5000  -30.0000 2733.2446   11.9816
    7.5000   22.5000  -30.0000 2699.7434   12.0533
   -7.5000   30.0000  -30.0000 2663.2151   12.4505
    0.0000   30.0000  -30.0000 2706.5391   12.3660
    7.5000   30.0000  -30.0000 2677.8982   12.4179
   -7.5000   37.5000  -30.0000 2614.4192   13.0602
    0.0000   37.5000  -30.0000 2656.5398   12.9635
    7.5000   37.5000  -30.0000 2630.4185   13.0345
   -7.5000   45.0000  -30.0000 2533.6819   13.9034
    0.0000   45.0000  -30.0000 2569.1501   13.7868
    7.5000   45.0000  -30.0000 2547.1282   13.8779
   -7.5000   52.5000  -30.0000 2404.1553   15.0063
    0.0000   52.5000  -30.0000 2435.1936   14.8797
    7.5000   52.5000  -30.0000 2413.2734   14.9864
   -7.5000  -37.5000  -22.5000 2124.2878   19.5652
    0.0000  -37.5000  -22.5000 2156.5256   19.4778
    7.5000  -37.5000  -22.5000 2138.8728   19.7344
   -7.5000  -30.0000  -22.5000 2257.7380   17.2965
    0.0000  -30.0000  -22.5000 2295.0142   17.2252
    7.5000  -30.0000  -22.5000 2275.9294   17.4435
   -7.5000  -22.5000  -22.5000 2384.9666   15.4308
    0.0000  -22.5000  -22.5000 2420.7646   15.3413
    7.5000  -22.5000  -22.5000 2402.7554   15.5480
   -7.5000  -15.0000  -22.5000 2501.1816   13.9700
    0.0000  -15.0000  -22.5000 2537.1021   13.8826
    7.5000  -15.0000  -22.5000 2520.5542   14.0619
   -7.5000   -7.5000  -22.5000 2617.7703   12.9200
    0.0000   -7.5000  -22.5000 2659.4709   12.8408
    7.5000   -7.5000  -22.5000 2642.4231   12.9829
   -7.5000    0.0000  -22.5000 2703.5222   12.2069
    0.0000    0.0000  -22.5000 2745.9021   12.1422
    7.5000    0.0000  -22.5000 2729.5034   12.2775
   -7.5000    7.5000  -22.5000 2760.9492   11.7126
    0.0000    7.5000  -22.5000 2807.8550   11.6553
    7.5000    7.5000  -22.5000 2782.0571   11.7847
   -7.5000   15.0000  -22.5000 2794.5771   11.4540
    0.0000   15.0000  -22.5000 2843.8403   11.3895
    7.5000   15.0000  -22.5000 2811.7566   11.5278
   -7.5000   22.5000  -22.5000 2802.0420   11.5595
    0.0000   22.5000  -22.5000 2854.1646   11.4646
    7.5000   22.5000  -22.5000 2817.8462   11.6024
   -7.5000   30.0000  -22.5000 2774.5928   11.9827
    0.0000   30.0000  -22.5000 2820.6670   11.8909
    7.5000   30.0000  -22.5000 2795.9558   11.9652
   -7.5000   37.5000  -22.5000 2718.0537   12.6254
    0.0000   37.5000  -22.5000 2758.0007   12.5042
    7.5000   37.5000  -22.5000 2736.5112   12.5793
   -7.5000   45.0000  -22.5000 2627.9873   13.4925
    0.0000   45.0000  -22.5000 2665.3071   13.3575
    7.5000   45.0000  -22.5000 2641.3328   13.4493
   -7.5000   52.5000  -22.5000 2489.2732   14.5964
    0.0000   52.5000  -22.5000 2526.6575   14.4703
    7.5000   52.5000  -22.5000 2502.9294   14.5843
   -7.5000  -37.5000  -15.0000 2144.3345   19.3986
    0.0000  -37.5000  -15.0000 2173.5574   19.3064
    7.5000  -37.5000  -15.0000 2161.5110   19.6231
   -7.5000  -30.0000  -15.0000 2276.9202   17.1121
    0.0000  -30.0000  -15.0000 2313.9197   17.0189
    7.5000  -30.0000  -15.0000 2295.7446   17.2967
   -7.5000  -22.5000  -15.0000 2403.2922   15.2719
    0.0000  -22.5000  -15.0000 2443.1143   15.1200
    7.5000  -22.5000  -15.0000 2422.7058   15.3833
   -7.5000  -15.0000  -15.0000 2522.2002   13.8292
    0.0000  -15.0000  -15.0000 2561.6985   13.6581
    7.5000  -15.0000  -15.0000 2542.8857   13.8654
   -7.5000   -7.5000  -15.0000 2645.7656   12.7431
    0.0000   -7.5000  -15.0000 2686.7290   12.5956
    7.5000   -7.5000  -15.0000 2672.4629   12.7824
   -7.5000    0.0000  -15.0000 2744.0850   11.9841
    0.0000    0.0000  -15.0000 2793.6313   11.8456
    7.5000    0.0000  -15.0000 2777.9258   12.0250
   -7.5000    7.5000  -15.0000 2816.4180   11.4435
    0.0000    7.5000  -15.0000 2875.0103   11.3339
    7.5000    7.5000  -15.0000 2849.5132   11.5146
   -7.5000   15.0000  -15.0000 2858.3271   11.1189
    0.0000   15.0000  -15.0000 2920.3340   10.9738
    7.5000   15.0000  -15.0000 2886.0679   11.1945
   -7.5000   22.5000  -15.0000 2869.3440   11.1723
    0.0000   22.5000  -15.0000 2925.9082   10.9937
    7.5000   22.5000  -15.0000 2890.6323   11.2080
   -7.5000   30.0000  -15.0000 2838.2971   11.6230
    0.0000   30.0000  -15.0000 2886.7083   11.4402
    7.5000   30.0000  -15.0000 2864.6182   11.6109
   -7.5000   37.5000  -15.0000 2780.8174   12.2969
    0.0000   37.5000  -15.0000 2823.3464   12.0800
    7.5000   37.5000  -15.0000 2804.7292   12.2333
   -7.5000   45.0000  -15.0000 2684.8496   13.2136
    0.0000   45.0000  -15.0000 2727.8555   13.0076
    7.5000   45.0000  -15.0000 2703.6770   13.1696
   -7.5000   52.5000  -15.0000 2541.2590   14.3359
    0.0000   52.5000  -15.0000 2579.0469   14.1608
    7.5000   52.5000  -15.0000 2553.4194   14.3272
   -7.5000  -37.5000   -7.5000 2146.5957   19.3761
    0.0000  -37.5000   -7.5000 2176.3369   19.1624
    7.5000  -37.5000   -7.5000 2163.7354   19.5252
   -7.5000  -30.0000   -7.5000 2274.9937   17.0169
    0.0000  -30.0000   -7.5000 2304.8462   16.8087
    7.5000  -30.0000   -7.5000 2292.4126   17.1773
   -7.5000  -22.5000   -7.5000 2405.3289   15.1836
    0.0000  -22.5000   -7.5000 2436.0137   14.9566
    7.5000  -22.5000   -7.5000 2418.9233   15.2244
   -7.5000  -15.0000   -7.5000 2521.6663   13.7273
    0.0000  -15.0000   -7.5000 2560.9788   13.5070
    7.5000  -15.0000   -7.5000 2544.2600   13.7369
   -7.5000   -7.5000   -7.5000 2648.2124   12.6287
    0.0000   -7.5000   -7.5000 2694.0059   12.4260
    7.5000   -7.5000   -7.5000 2678.2119   12.6471
   -7.5000    0.0000   -7.5000 2758.7544   11.8686
    0.0000    0.0000   -7.5000 2811.5442   11.6667
    7.5000    0.0000   -7.5000 2789.7678   11.8882
   -7.5000    7.5000   -7.5000 2840.9353   11.3787
    0.0000    7.5000   -7.5000 2906.9338   11.1987
    7.5000    7.5000   -7.5000 2880.1523   11.4131
   -7.5000   15.0000   -7.5000 2897.9368   11.0536
    0.0000   15.0000   -7.5000 2965.1667   10.7915
    7.5000   15.0000   -7.5000 2933.8596   11.1025
   -7.5000   22.5000   -7.5000 2919.3113   11.0216
    0.0000   22.5000   -7.5000 2976.9666   10.6750
    7.5000   22.5000   -7.5000 2944.9409   11.0325
   -7.5000   30.0000   -7.5000 2877.6492   11.4763
    0.0000   30.0000   -7.5000 2925.1975   11.1669
    7.5000   30.0000   -7.5000 2902.1331   11.4136
   -7.5000   37.5000   -7.5000 2813.1763   12.1232
    0.0000   37.5000   -7.5000 2854.3372   11.8683
    7.5000   37.5000   -7.5000 2836.3394   12.0531
   -7.5000   45.0000   -7.5000 2710.8135   13.0185
    0.0000   45.0000   -7.5000 2751.5481   12.8171
    7.5000   45.0000   -7.5000 2730.4946   12.9578
   -7.5000   52.5000   -7.5000 2563.5073   14.1768
    0.0000   52.5000   -7.5000 2598.4109   14.0002
    7.5000   52.5000   -7.5000 2577.4939   14.1196
   -7.5000  -37.5000    0.0000 2130.4351   19.6046
    0.0000  -37.5000    0.0000 2163.4480   19.3908
    7.5000  -37.5000    0.0000 2149.1201   19.7259
   -7.5000  -30.0000    0.0000 2264.1609   17.2079
    0.0000  -30.0000    0.0000 2300.1050   16.9444
    7.5000  -30.0000    0.0000 2277.3730   17.2730
   -7.5000  -22.5000    0.0000 2390.0825   15.2542
    0.0000  -22.5000    0.0000 2428.6843   15.0072
    7.5000  -22.5000    0.0000 2405.0017   15.3036
   -7.5000  -15.0000    0.0000 2506.3735   13.7867
    0.0000  -15.0000    0.0000 2544.2271   13.5065
    7.5000  -15.0000    0.0000 2526.8726   13.7699
   -7.5000   -7.5000    0.0000 2632.3843   12.7014
    0.0000   -7.5000    0.0000 2670.8379   12.4249
    7.5000   -7.5000    0.0000 2657.9434   12.6872
   -7.5000    0.0000    0.0000 2745.2871   11.9756
    0.0000    0.0000    0.0000 2786.3677   11.7026
    7.5000    0.0000    0.0000 2772.0359   11.9699
   -7.5000    7.5000    0.0000 2842.6555   11.5389
    0.0000    7.5000    0.0000 2900.5679   11.3283
    7.5000    7.5000    0.0000 2877.3523   11.5838
   -7.5000   15.0000    0.0000 2908.8774   11.2625
    0.0000   15.0000    0.0000 2969.3794   10.9567
    7.5000   15.0000    0.0000 2936.5083   11.2748
   -7.5000   22.5000    0.0000 2930.6880   11.1753
    0.0000   22.5000    0.0000 2989.5840   10.8482
    7.5000   22.5000    0.0000 2955.0806   11.1222
   -7.5000   30.0000    0.0000 2880.6169   11.4771
    0.0000   30.0000    0.0000 2931.3115   11.2419
    7.5000   30.0000    0.0000 2904.1372   11.4324
   -7.5000   37.5000    0.0000 2807.3071   12.0669
    0.0000   37.5000    0.0000 2844.6877   11.8527
    7.5000   37.5000    0.0000 2829.2341   11.9991
   -7.5000   45.0000    0.0000 2702.2107   12.9886
    0.0000   45.0000    0.0000 2735.9558   12.7809
    7.5000   45.0000    0.0000 2720.0056   12.9029
   -7.5000   52.5000    0.0000 2557.6221   14.1686
    0.0000   52.5000    0.0000 2588.0889   13.9820
    7.5000   52.5000    0.0000 2570.0518   14.0920
   -7.5000  -37.5000    7.5000 2107.6482   20.1031
    0.0000  -37.5000    7.5000 2141.1228   19.7846
    7.5000  -37.5000    7.5000 2127.5002   20.2066
   -7.5000  -30.0000    7.5000 2247.3198   17.5896
    0.0000  -30.0000    7.5000 2278.7283   17.2693
    7.5000  -30.0000    7.5000 2261.3364   17.6251
   -7.5000  -22.5000    7.5000 2370.4006   15.6447
    0.0000  -22.5000    7.5000 2405.3235   15.3203
    7.5000  -22.5000    7.5000 2387.7366   15.6356
   -7.5000  -15.0000    7.5000 2485.3706   14.1889
    0.0000  -15.0000    7.5000 2518.0801   13.8989
    7.5000  -15.0000    7.5000 2503.1736   14.1569
   -7.5000   -7.5000    7.5000 2612.7578   13.1563
    0.0000   -7.5000    7.5000 2652.2864   12.9196
    7.5000   -7.5000    7.5000 2635.5657   13.1332
   -7.5000    0.0000    7.5000 2724.0049   12.4359
    0.0000    0.0000    7.5000 2766.1055   12.2585
    7.5000    0.0000    7.5000 2745.0066   12.4536
   -7.5000    7.5000    7.5000 2816.8794   11.9277
    0.0000    7.5000    7.5000 2871.3748   11.7571
    7.5000    7.5000    7.5000 2844.3894   11.9716
   -7.5000   15.0000    7.5000 2878.6987   11.5723
    0.0000   15.0000    7.5000 2931.2644   11.3559
    7.5000   15.0000    7.5000 2898.7275   11.5861
   -7.5000   22.5000    7.5000 2894.9915   11.4923
    0.0000   22.5000    7.5000 2956.2488   11.3312
    7.5000   22.5000    7.5000 2923.0662   11.4795
   -7.5000   30.0000    7.5000 2851.3313   11.8153
    0.0000   30.0000    7.5000 2911.0129   11.6813
    7.5000   30.0000    7.5000 2880.6394   11.8018
   -7.5000   37.5000    7.5000 2769.3496   12.4047
    0.0000   37.5000    7.5000 2812.9934   12.2600
    7.5000   37.5000    7.5000 2794.0959   12.3800
   -7.5000   45.0000    7.5000 2669.7212   13.2721
    0.0000   45.0000    7.5000 2703.2190   13.1089
    7.5000   45.0000    7.5000 2686.9785   13.2206
   -7.5000   52.5000    7.5000 2530.1165   14.3977
    0.0000   52.5000    7.5000 2564.6772   14.2205
    7.5000   52.5000    7.5000 2547.6477   14.3448
   -7.5000  -37.5000   15.0000 2070.3223   20.9652
    0.0000  -37.5000   15.0000 2100.4099   20.5783
    7.5000  -37.5000   15.0000 2089.1062   21.0249
   -7.5000  -30.0000   15.0000 2217.3423   18.3613
    0.0000  -30.0000   15.0000 2248.1062   18.0659
    7.5000  -30.0000   15.0000 2229.6108   18.4159
   -7.5000  -22.5000   15.0000 2345.2524   16.3373
    0.0000  -22.5000   15.0000 2379.2839   16.1457
    7.5000  -22.5000   15.0000 2357.2275   16.3940
   -7.5000  -15.0000   15.0000 2455.5923   14.8883
    0.0000  -15.0000   15.0000 2490.8408   14.7063
    7.5000  -15.0000   15.0000 2469.1497   14.8882
   -7.5000   -7.5000   15.0000 2576.1841   13.8153
    0.0000   -7.5000   15.0000 2618.9241   13.6586
    7.5000   -7.5000   15.0000 2593.6580   13.7980
   -7.5000    0.0000   15.0000 2679.2734   13.0624
    0.0000    0.0000   15.0000 2724.4570   12.9015
    7.5000    0.0000   15.0000 2697.1746   13.0343
   -7.5000    7.5000   15.0000 2761.5320   12.4960
    0.0000    7.5000   15.0000 2815.4465   12.2492
    7.5000    7.5000   15.0000 2784.2615   12.4441
   -7.5000   15.0000   15.0000 2815.1917   12.0592
    0.0000   15.0000   15.0000 2860.6477   11.8305
    7.5000   15.0000   15.0000 2833.7773   12.0465
   -7.5000   22.5000   15.0000 2828.2283   11.9862
    0.0000   22.5000   15.0000 2877.8586   11.8257
    7.5000   22.5000   15.0000 2854.5200   11.9924
   -7.5000   30.0000   15.0000 2791.2881   12.3252
    0.0000   30.0000   15.0000 2845.4580   12.1418
    7.5000   30.0000   15.0000 2822.6711   12.2969
   -7.5000   37.5000   15.0000 2710.9414   12.9591
    0.0000   37.5000   15.0000 2756.0046   12.7988
    7.5000   37.5000   15.0000 2738.2266   12.9383
   -7.5000   45.0000   15.0000 2610.4087   13.8280
    0.0000   45.0000   15.0000 2651.9753   13.6977
    7.5000   45.0000   15.0000 2633.3240   13.7967
   -7.5000   52.5000   15.0000 2477.6145   14.8788
    0.0000   52.5000   15.0000 2514.0193   14.7202
    7.5000   52.5000   15.0000 2496.4832   14.8329
   -7.5000  -37.5000   22.5000 2029.6140   22.0992
    0.0000  -37.5000   22.5000 2057.7461   21.8298
    7.5000  -37.5000   22.5000 2041.2504   22.1892
   -7.5000  -30.0000   22.5000 2176.9736   19.3746
    0.0000  -30.0000   22.5000 2205.6782   19.1588
    7.5000  -30.0000   22.5000 2186.5500   19.4237
   -7.5000  -22.5000   22.5000 2309.1072   17.2963
    0.0000  -22.5000   22.5000 2341.8640   17.0921
    7.5000  -22.5000   22.5000 2318.2368   17.3116
   -7.5000  -15.0000   22.5000 2415.3989   15.7629
    0.0000  -15.0000   22.5000 2455.0261   15.5832
    7.5000  -15.0000   22.5000 2429.4929   15.7202
   -7.5000   -7.5000   22.5000 2528.1650   14.6169
    0.0000   -7.5000   22.5000 2572.1272   14.4548
    7.5000   -7.5000   22.5000 2543.2473   14.5603
   -7.5000    0.0000   22.5000 2623.1809   13.7696
    0.0000    0.0000   22.5000 2670.5679   13.5536
    7.5000    0.0000   22.5000 2642.0630   13.6955
   -7.5000    7.5000   22.5000 2695.5173   13.1380
    0.0000    7.5000   22.5000 2747.3572   12.9047
    7.5000    7.5000   22.5000 2713.6958   13.0672
   -7.5000   15.0000   22.5000 2741.9773   12.7054
    0.0000   15.0000   22.5000 2781.4333   12.5203
    7.5000   15.0000   22.5000 2754.6582   12.6923
   -7.5000   22.5000   22.5000 2746.5393   12.6712
    0.0000   22.5000   22.5000 2790.1882   12.4868
    7.5000   22.5000   22.5000 2765.7598   12.6516
   -7.5000   30.0000   22.5000 2707.8013   12.9755
    0.0000   30.0000   22.5000 2753.4844   12.7738
    7.5000   30.0000   22.5000 2730.1296   12.9320
   -7.5000   37.5000   22.5000 2636.1841   13.5932
    0.0000   37.5000   22.5000 2679.3120   13.4093
    7.5000   37.5000   22.5000 2662.8555   13.5625
   -7.5000   45.0000   22.5000 2546.2136   14.4757
    0.0000   45.0000   22.5000 2586.0884   14.3334
    7.5000   45.0000   22.5000 2570.2776   14.4543
   -7.5000   52.5000   22.5000 2417.4595   15.5019
    0.0000   52.5000   22.5000 2452.6199   15.3525
    7.5000   52.5000   22.5000 2437.7292   15.4856
   -7.5000  -37.5000   30.0000 1982.4489   23.4351
    0.0000  -37.5000   30.0000 2003.6643   23.1982
    7.5000  -37.5000   30.0000 1985.3698   23.4881
   -7.5000  -30.0000   30.0000 2130.7178   20.5716
    0.0000  -30.0000   30.0000 2154.1321   20.3502
    7.5000  -30.0000   30.0000 2136.0027   20.5397
   -7.5000  -22.5000   30.0000 2257.9255   18.3543
    0.0000  -22.5000   30.0000 2292.6462   18.1539
    7.5000  -22.5000   30.0000 2268.0012   18.2832
   -7.5000  -15.0000   30.0000 2367.4595   16.7508
    0.0000  -15.0000   30.0000 2405.4094   16.5651
    7.5000  -15.0000   30.0000 2382.4116   16.6595
   -7.5000   -7.5000   30.0000 2468.3560   15.5298
    0.0000   -7.5000   30.0000 2507.5183   15.3261
    7.5000   -7.5000   30.0000 2483.1228   15.4334
   -7.5000    0.0000   30.0000 2551.9287   14.6240
    0.0000    0.0000   30.0000 2599.0159   14.4301
    7.5000    0.0000   30.0000 2572.2744   14.5428
   -7.5000    7.5000   30.0000 2617.9287   13.9248
    0.0000    7.5000   30.0000 2660.5217   13.7708
    7.5000    7.5000   30.0000 2631.7334   13.8908
   -7.5000   15.0000   30.0000 2651.9900   13.5176
    0.0000   15.0000   30.0000 2690.7532   13.3860
    7.5000   15.0000   30.0000 2663.1855   13.5139
   -7.5000   22.5000   30.0000 2650.7139   13.4726
    0.0000   22.5000   30.0000 2692.3145   13.3092
    7.5000   22.5000   30.0000 2668.0027   13.4435
   -7.5000   30.0000   30.0000 2612.1768   13.7729
    0.0000   30.0000   30.0000 2652.6338   13.5935
    7.5000   30.0000   30.0000 2630.0359   13.7332
   -7.5000   37.5000   30.0000 2555.5522   14.3703
    0.0000   37.5000   30.0000 2597.2234   14.1984
    7.5000   37.5000   30.0000 2578.4712   14.3352
   -7.5000   45.0000   30.0000 2474.0142   15.2205
    0.0000   45.0000   30.0000 2505.7219   15.0595
    7.5000   45.0000   30.0000 2490.1226   15.1923
   -7.5000   52.5000   30.0000 2350.3804   16.2146
    0.0000   52.5000   30.0000 2379.3713   16.0637
    7.5000   52.5000   30.0000 2361.8948   16.1795
   -7.5000  -37.5000   37.5000 1930.3569   24.9935
    0.0000  -37.5000   37.5000 1949.4484   24.7473
    7.5000  -37.5000   37.5000 1930.3514   25.0245
   -7.5000  -30.0000   37.5000 2076.4568   21.9394
    0.0000  -30.0000   37.5000 2099.6780   21.7298
    7.5000  -30.0000   37.5000 2077.0552   21.9213
   -7.5000  -22.5000   37.5000 2206.4392   19.6347
    0.0000  -22.5000   37.5000 2238.1641   19.4204
    7.5000  -22.5000   37.5000 2212.2490   19.5211
   -7.5000  -15.0000   37.5000 2310.0693   17.9485
    0.0000  -15.0000   37.5000 2346.9419   17.7501
    7.5000  -15.0000   37.5000 2324.0261   17.8064
   -7.5000   -7.5000   37.5000 2402.1191   16.6776
    0.0000   -7.5000   37.5000 2436.8140   16.4688
    7.5000   -7.5000   37.5000 2420.1252   16.5511
   -7.5000    0.0000   37.5000 2481.9192   15.7046
    0.0000    0.0000   37.5000 2514.7966   15.5218
    7.5000    0.0000   37.5000 2498.3701   15.6026
   -7.5000    7.5000   37.5000 2538.5994   14.9799
    0.0000    7.5000   37.5000 2565.5400   14.8312
    7.5000    7.5000   37.5000 2549.3921   14.9473
   -7.5000   15.0000   37.5000 2559.6829   14.5508
    0.0000   15.0000   37.5000 2592.3982   14.4058
    7.5000   15.0000   37.5000 2572.1519   14.5306
   -7.5000   22.5000   37.5000 2551.9128   14.5038
    0.0000   22.5000   37.5000 2585.8892   14.3344
    7.5000   22.5000   37.5000 2569.1406   14.4840
   -7.5000   30.0000   37.5000 2517.0449   14.7475
    0.0000   30.0000   37.5000 2547.4478   14.5611
    7.5000   30.0000   37.5000 2534.1523   14.7247
   -7.5000   37.5000   37.5000 2470.7568   15.3164
    0.0000   37.5000   37.5000 2507.4241   15.1522
    7.5000   37.5000   37.5000 2491.6484   15.2795
   -7.5000   45.0000   37.5000 2393.6599   16.1971
    0.0000   45.0000   37.5000 2424.0454   15.9995
    7.5000   45.0000   37.5000 2409.4944   16.1413
   -7.5000   52.5000   37.5000 2269.9243   17.1321
    0.0000   52.5000   37.5000 2296.4321   16.9683
    7.5000   52.5000   37.5000 2284.1975   17.1052
   -7.5000  -37.5000   45.0000 1869.5983   27.0015
    0.0000  -37.5000   45.0000 1884.9055   26.6641
    7.5000  -37.5000   45.0000 1868.6050   26.9846
   -7.5000  -30.0000   45.0000 2009.4741   23.6790
    0.0000  -30.0000   45.0000 2031.6490   23.4402
    7.5000  -30.0000   45.0000 2011.7047   23.6500
   -7.5000  -22.5000   45.0000 2133.2336   21.2490
    0.0000  -22.5000   45.0000 2164.6760   20.9722
    7.5000  -22.5000   45.0000 2143.7876   21.1275
   -7.5000  -15.0000   45.0000 2235.1865   19.4313
    0.0000  -15.0000   45.0000 2270.0913   19.1821
    7.5000  -15.0000   45.0000 2252.5457   19.2836
   -7.5000   -7.5000   45.0000 2324.2429   18.0880
    0.0000   -7.5000   45.0000 2357.6111   17.8499
    7.5000   -7.5000   45.0000 2344.4863   17.9496
   -7.5000    0.0000   45.0000 2399.5288   17.0300
    0.0000    0.0000   45.0000 2426.9612   16.8455
    7.5000    0.0000   45.0000 2414.9363   16.9708
   -7.5000    7.5000   45.0000 2446.1995   16.2831
    0.0000    7.5000   45.0000 2467.5776   16.1088
    7.5000    7.5000   45.0000 2452.9990   16.2521
   -7.5000   15.0000   45.0000 2454.9077   15.8453
    0.0000   15.0000   45.0000 2485.2766   15.6654
    7.5000   15.0000   45.0000 2472.7466   15.8079
   -7.5000   22.5000   45.0000 2444.3052   15.7617
    0.0000   22.5000   45.0000 2473.3992   15.5640
    7.5000   22.5000   45.0000 2465.9224   15.7413
   -7.5000   30.0000   45.0000 2416.5525   15.9389
    0.0000   30.0000   45.0000 2439.5725   15.7292
    7.5000   30.0000   45.0000 2434.7280   15.9533
   -7.5000   37.5000   45.0000 2371.1885   16.4985
    0.0000   37.5000   45.0000 2399.1453   16.3208
    7.5000   37.5000   45.0000 2391.4160   16.4799
   -7.5000   45.0000   45.0000 2296.5657   17.4152
    0.0000   45.0000   45.0000 2325.8396   17.1691
    7.5000   45.0000   45.0000 2311.8132   17.3119
   -7.5000   52.5000   45.0000 2182.9438   18.3724
    0.0000   52.5000   45.0000 2202.8640   18.1394
    7.5000   52.5000   45.0000 2191.2441   18.2452

---------------------------------------------------------------------
imgreg_4dfp /opt/freesurfer/average/711-2C_as_mni_average_305 /opt/freesurfer/average/711-2B_as_mni_average_305_mask talsrcimg_g11 none talsrcimg_to_711-2C_as_mni_average_305_t4 1283
---------------------------------------------------------------------

freesurfer imgreg_4dfp.c
/opt/freesurfer/average/711-2C_as_mni_average_305.4dfp.img
       256       256       256         1
  1.000000  1.000000  1.000000
orientation T byte_order littleendian
Reading image: /opt/freesurfer/average/711-2C_as_mni_average_305.4dfp.img
dimensions:      256       256       256
mmppix:       1.0000   -1.0000   -1.0000
center:     128.0000 -129.0000 -129.0000
/opt/freesurfer/average/711-2B_as_mni_average_305_mask.4dfp.img
       256       256       256         1
  1.000000  1.000000  1.000000
orientation T byte_order littleendian
Reading mask: /opt/freesurfer/average/711-2B_as_mni_average_305_mask.4dfp.img (2306576 pixels)
talsrcimg_g11.4dfp.img
       256       256       256         1
  1.000000  1.000000  1.000000
orientation T byte_order littleendian
Reading image: talsrcimg_g11.4dfp.img
dimensions:      256       256       256
mmppix:       1.0000   -1.0000   -1.0000
center:     128.0000 -129.0000 -129.0000
rotation matrix determinant  1.000000
fimgreg.f
image alignment mode   1283 decimal      503 hex
parameters
    0.0000   22.5000    0.0000    0.0000    0.0000    0.0000
eta,q 0.93749 10.86836
niter,ni,del,rscale     5    3   12.0000    1.2000
parameter  2  0.610792 ->  0.500000 qaram    1.1500
parameters
    1.0787   19.0500   -1.2931   -2.8913    0.1481   -1.7573
eta,q 0.93940 10.83232
  0.0798  0.0658  0.0678  0.0640  0.0670  0.0642
  0.0730  0.0641  0.0658  0.0615  0.0639  0.0620
  0.0684  0.0642  0.0637  0.0616  0.0618  0.0606
  0.0666  0.0665  0.0641  0.0632  0.0613  0.0613
  0.0670  0.0698  0.0669  0.0658  0.0620  0.0637
  0.0686  0.0731  0.0691  0.0690  0.0639  0.0671
  0.0726  0.0773  0.0714  0.0717  0.0661  0.0709
niter,ni,del,rscale     5    3   12.0000    1.2000
parameters
    0.9936   20.8381   -0.7270   -3.2280   -0.1618   -2.0046
eta,q 0.93939 10.81876
  0.0702  0.0775  0.0681  0.0670  0.0654  0.0655
  0.0654  0.0710  0.0657  0.0633  0.0626  0.0635
  0.0618  0.0646  0.0628  0.0599  0.0608  0.0617
  0.0606  0.0606  0.0609  0.0609  0.0606  0.0605
  0.0618  0.0612  0.0620  0.0628  0.0616  0.0608
  0.0650  0.0633  0.0643  0.0649  0.0636  0.0632
  0.0714  0.0664  0.0660  0.0673  0.0661  0.0675
niter,ni,del,rscale     4    3   12.0000    1.2000
parameters
    0.8116   21.0769   -0.6218   -3.3356   -0.1219   -2.0301
eta,q 0.93933 10.82062
  0.0698  0.0730  0.0675  0.0674  0.0659  0.0656
  0.0643  0.0669  0.0649  0.0638  0.0632  0.0636
  0.0611  0.0612  0.0617  0.0601  0.0612  0.0619
  0.0606  0.0606  0.0607  0.0607  0.0607  0.0607
  0.0622  0.0626  0.0626  0.0625  0.0613  0.0606
  0.0651  0.0652  0.0647  0.0645  0.0632  0.0627
  0.0707  0.0712  0.0667  0.0669  0.0657  0.0669
niter,ni,del,rscale     3    3   12.0000    1.2000
parameters
    0.7885   21.1329   -0.6179   -3.3711   -0.1062   -2.0325
eta,q 0.93933 10.82005
  0.0705  0.0726  0.0673  0.0675  0.0659  0.0657
  0.0647  0.0664  0.0647  0.0640  0.0632  0.0636
  0.0613  0.0611  0.0614  0.0602  0.0612  0.0619
  0.0607  0.0607  0.0607  0.0607  0.0607  0.0607
  0.0622  0.0627  0.0627  0.0625  0.0613  0.0605
  0.0650  0.0657  0.0648  0.0644  0.0632  0.0626
  0.0702  0.0719  0.0668  0.0667  0.0658  0.0668
registration optimization eta report
parameter search radius
    6.0000    6.9000    6.0000    6.0000    6.0000    6.0000
100000*second partial in parameter space
       27.       24.       16.       18.       14.       16.
  0.0705  0.0726  0.0673  0.0675  0.0659  0.0657
  0.0647  0.0664  0.0647  0.0640  0.0632  0.0636
  0.0613  0.0611  0.0614  0.0602  0.0612  0.0619
  0.0607  0.0607  0.0607  0.0607  0.0607  0.0607
  0.0622  0.0627  0.0627  0.0625  0.0613  0.0605
  0.0650  0.0657  0.0648  0.0644  0.0632  0.0626
  0.0702  0.0719  0.0668  0.0667  0.0658  0.0668
    0.7885   21.1329   -0.6179   -3.3711   -0.1062   -2.0325
eta,q 0.93933 10.82005

---------------------------------------------------------------------
imgreg_4dfp /opt/freesurfer/average/711-2C_as_mni_average_305 /opt/freesurfer/average/711-2B_as_mni_average_305_mask talsrcimg_g11 none talsrcimg_to_711-2C_as_mni_average_305_t4 3335
---------------------------------------------------------------------

freesurfer imgreg_4dfp.c
/opt/freesurfer/average/711-2C_as_mni_average_305.4dfp.img
       256       256       256         1
  1.000000  1.000000  1.000000
orientation T byte_order littleendian
Reading image: /opt/freesurfer/average/711-2C_as_mni_average_305.4dfp.img
dimensions:      256       256       256
mmppix:       1.0000   -1.0000   -1.0000
center:     128.0000 -129.0000 -129.0000
/opt/freesurfer/average/711-2B_as_mni_average_305_mask.4dfp.img
       256       256       256         1
  1.000000  1.000000  1.000000
orientation T byte_order littleendian
Reading mask: /opt/freesurfer/average/711-2B_as_mni_average_305_mask.4dfp.img (2306576 pixels)
talsrcimg_g11.4dfp.img
       256       256       256         1
  1.000000  1.000000  1.000000
orientation T byte_order littleendian
Reading image: talsrcimg_g11.4dfp.img
dimensions:      256       256       256
mmppix:       1.0000   -1.0000   -1.0000
center:     128.0000 -129.0000 -129.0000
fimgreg.f
image alignment mode   3335 decimal      D07 hex
parameters
    0.7885   21.1329   -0.6179   -0.0631   -0.2355   -0.1732
    3.5296    0.3935   -3.5467    5.8700   -0.1854   -5.8802
eta,q 0.94100 10.82486
niter,ni,del,rscale     5    3    5.0000    1.2000
parameter  4  5.830730 ->  0.500000 qaram    1.1500
parameter  5 11.041927 ->  0.500000 qaram    1.1500
parameter  6  1.100038 ->  0.500000 qaram    1.1500
parameters
    0.9198   21.4333   -1.7513   -4.2031   -4.3755   -4.3132
    1.7808    1.2141   -2.8318    5.1547   -0.1863   -9.2179
eta,q 0.96050 10.63436
  0.0612  0.0601  0.0590  0.0464  0.0414  0.0398  0.0415  0.0466  0.0419  0.0439  0.0413  0.0400
  0.0601  0.0594  0.0588  0.0503  0.0443  0.0400  0.0405  0.0437  0.0409  0.0418  0.0405  0.0396
  0.0593  0.0590  0.0588  0.0544  0.0479  0.0414  0.0401  0.0414  0.0402  0.0402  0.0400  0.0395
  0.0590  0.0590  0.0590  0.0588  0.0514  0.0452  0.0402  0.0401  0.0400  0.0399  0.0399  0.0399
  0.0592  0.0590  0.0594  0.0635  0.0542  0.0504  0.0409  0.0402  0.0401  0.0411  0.0400  0.0406
  0.0598  0.0592  0.0601  0.0685  0.0576  0.0558  0.0421  0.0417  0.0405  0.0431  0.0405  0.0417
  0.0608  0.0595  0.0612  0.0736  0.0618  0.0608  0.0439  0.0445  0.0413  0.0456  0.0413  0.0432
niter,ni,del,rscale     7    3    5.0000    1.2000
parameter  2  0.557886 ->  0.500000 qaram    1.1500
parameter  3  0.870818 ->  0.500000 qaram    1.1500
parameter  4  1.549361 ->  0.500000 qaram    1.3225
parameter  5  1.466555 ->  0.500000 qaram    1.3225
parameters
    1.2730   20.0533   -3.1313   -8.9641   -9.1365   -6.2696
    2.5555    1.4740   -2.4381    6.1422   -1.3069  -10.1499
eta,q 0.97322 10.49521
  0.0433  0.0392  0.0372  0.0294  0.0257  0.0300  0.0313  0.0329  0.0297  0.0325  0.0275  0.0281
  0.0414  0.0387  0.0371  0.0307  0.0260  0.0287  0.0293  0.0299  0.0283  0.0301  0.0271  0.0273
  0.0401  0.0388  0.0376  0.0333  0.0281  0.0275  0.0279  0.0279  0.0275  0.0284  0.0268  0.0269
  0.0395  0.0394  0.0387  0.0371  0.0313  0.0264  0.0272  0.0271  0.0271  0.0271  0.0268  0.0268
  0.0395  0.0407  0.0403  0.0417  0.0352  0.0276  0.0273  0.0276  0.0273  0.0268  0.0271  0.0272
  0.0402  0.0424  0.0423  0.0468  0.0392  0.0326  0.0282  0.0293  0.0280  0.0281  0.0275  0.0279
  0.0416  0.0444  0.0445  0.0524  0.0431  0.0390  0.0299  0.0323  0.0292  0.0306  0.0282  0.0290
niter,ni,del,rscale     7    3    5.0000    1.2000
parameter  4  0.589817 ->  0.500000 qaram    1.5209
parameters
    1.3033   20.2874   -4.4653  -14.4392  -12.1455   -7.2545
    2.8863    1.6207   -2.0438    6.4071   -3.2196  -12.7745
eta,q 0.97555 10.12639
  0.0310  0.0322  0.0269  0.0252  0.0273  0.0270  0.0276  0.0292  0.0268  0.0281  0.0250  0.0250
  0.0287  0.0294  0.0263  0.0248  0.0255  0.0257  0.0261  0.0267  0.0258  0.0263  0.0247  0.0245
  0.0273  0.0275  0.0263  0.0251  0.0244  0.0251  0.0252  0.0252  0.0250  0.0253  0.0246  0.0244
  0.0268  0.0268  0.0268  0.0262  0.0248  0.0244  0.0247  0.0247  0.0247  0.0247  0.0247  0.0246
  0.0272  0.0272  0.0277  0.0289  0.0272  0.0238  0.0249  0.0252  0.0249  0.0248  0.0249  0.0251
  0.0286  0.0285  0.0291  0.0331  0.0305  0.0260  0.0258  0.0265  0.0254  0.0258  0.0251  0.0259
  0.0308  0.0305  0.0308  0.0383  0.0344  0.0308  0.0272  0.0288  0.0264  0.0279  0.0256  0.0267
niter,ni,del,rscale     7    3    5.0000    1.2000
parameters
    1.4566   20.7854   -4.3148  -15.6435  -12.9117   -7.1419
    2.8738    1.4916   -1.9178    7.0580   -3.5074  -13.1328
eta,q 0.97570 10.04255
  0.0287  0.0298  0.0263  0.0283  0.0288  0.0270  0.0271  0.0285  0.0264  0.0279  0.0249  0.0256
  0.0265  0.0272  0.0251  0.0258  0.0266  0.0257  0.0256  0.0261  0.0253  0.0258  0.0246  0.0247
  0.0251  0.0254  0.0245  0.0245  0.0250  0.0248  0.0247  0.0247  0.0246  0.0247  0.0244  0.0243
  0.0244  0.0244  0.0243  0.0243  0.0243  0.0243  0.0243  0.0243  0.0243  0.0243  0.0243  0.0243
  0.0247  0.0244  0.0244  0.0250  0.0252  0.0236  0.0246  0.0250  0.0245  0.0245  0.0244  0.0246
  0.0258  0.0253  0.0249  0.0271  0.0275  0.0246  0.0256  0.0265  0.0252  0.0252  0.0246  0.0251
  0.0278  0.0270  0.0258  0.0310  0.0308  0.0279  0.0271  0.0286  0.0263  0.0267  0.0250  0.0258
niter,ni,del,rscale     6    3    5.0000    1.2000
parameters
    1.4391   20.9786   -4.3117  -15.5785  -13.0842   -7.1115
    2.8640    1.4961   -1.8793    7.3385   -3.5424  -13.3547
eta,q 0.97569 10.04479
  0.0280  0.0285  0.0260  0.0293  0.0292  0.0270  0.0270  0.0286  0.0262  0.0275  0.0250  0.0257
  0.0260  0.0264  0.0249  0.0265  0.0270  0.0257  0.0256  0.0262  0.0252  0.0255  0.0246  0.0248
  0.0247  0.0249  0.0244  0.0249  0.0253  0.0249  0.0247  0.0247  0.0245  0.0245  0.0244  0.0244
  0.0243  0.0243  0.0243  0.0243  0.0243  0.0243  0.0243  0.0243  0.0243  0.0243  0.0243  0.0243
  0.0248  0.0246  0.0245  0.0246  0.0247  0.0235  0.0246  0.0249  0.0245  0.0246  0.0244  0.0245
  0.0261  0.0257  0.0250  0.0262  0.0269  0.0246  0.0256  0.0263  0.0252  0.0253  0.0246  0.0250
  0.0281  0.0275  0.0259  0.0295  0.0300  0.0281  0.0271  0.0284  0.0262  0.0269  0.0250  0.0257
niter,ni,del,rscale     5    3    5.0000    1.2000
parameters
    1.4478   21.0419   -4.3520  -15.5561  -13.1451   -7.1436
    2.8612    1.5121   -1.8846    7.4475   -3.5704  -13.4649
eta,q 0.97567 10.04382
  0.0281  0.0281  0.0259  0.0293  0.0292  0.0270  0.0271  0.0287  0.0262  0.0273  0.0250  0.0258
  0.0260  0.0261  0.0249  0.0265  0.0271  0.0257  0.0256  0.0262  0.0252  0.0254  0.0246  0.0248
  0.0248  0.0248  0.0244  0.0249  0.0254  0.0249  0.0247  0.0247  0.0246  0.0245  0.0244  0.0244
  0.0243  0.0243  0.0243  0.0243  0.0243  0.0243  0.0243  0.0243  0.0243  0.0243  0.0243  0.0243
  0.0247  0.0247  0.0245  0.0247  0.0246  0.0236  0.0246  0.0249  0.0246  0.0246  0.0244  0.0245
  0.0260  0.0259  0.0251  0.0262  0.0268  0.0247  0.0256  0.0263  0.0252  0.0254  0.0246  0.0250
  0.0280  0.0278  0.0260  0.0295  0.0298  0.0282  0.0271  0.0284  0.0262  0.0270  0.0250  0.0257
niter,ni,del,rscale     4    3    5.0000    1.2000
parameters
    1.4525   21.0680   -4.3742  -15.5574  -13.1751   -7.1630
    2.8641    1.5204   -1.8823    7.4956   -3.5828  -13.5147
eta,q 0.97566 10.04234
  0.0281  0.0280  0.0260  0.0293  0.0293  0.0271  0.0271  0.0286  0.0262  0.0273  0.0250  0.0258
  0.0260  0.0260  0.0250  0.0265  0.0271  0.0257  0.0257  0.0262  0.0252  0.0254  0.0246  0.0249
  0.0248  0.0248  0.0244  0.0249  0.0254  0.0249  0.0247  0.0247  0.0246  0.0245  0.0244  0.0244
  0.0243  0.0243  0.0243  0.0243  0.0243  0.0243  0.0243  0.0243  0.0243  0.0243  0.0243  0.0243
  0.0247  0.0247  0.0245  0.0247  0.0246  0.0236  0.0246  0.0249  0.0246  0.0247  0.0244  0.0245
  0.0260  0.0259  0.0251  0.0262  0.0268  0.0247  0.0256  0.0264  0.0252  0.0254  0.0246  0.0250
  0.0280  0.0279  0.0260  0.0295  0.0298  0.0282  0.0271  0.0284  0.0262  0.0271  0.0250  0.0257
registration optimization eta report
parameter search radius
    2.4000    2.7600    2.7600   10.9503    9.5220    8.2800
    7.2000    7.2000    7.2000    7.2000    7.2000    7.2000
100000*second partial in parameter space
       65.       47.       22.        4.        6.        5.
        5.        8.        4.        6.        1.        3.
  0.0281  0.0280  0.0260  0.0293  0.0293  0.0271  0.0271  0.0286  0.0262  0.0273  0.0250  0.0258
  0.0260  0.0260  0.0250  0.0265  0.0271  0.0257  0.0257  0.0262  0.0252  0.0254  0.0246  0.0249
  0.0248  0.0248  0.0244  0.0249  0.0254  0.0249  0.0247  0.0247  0.0246  0.0245  0.0244  0.0244
  0.0243  0.0243  0.0243  0.0243  0.0243  0.0243  0.0243  0.0243  0.0243  0.0243  0.0243  0.0243
  0.0247  0.0247  0.0245  0.0247  0.0246  0.0236  0.0246  0.0249  0.0246  0.0247  0.0244  0.0245
  0.0260  0.0259  0.0251  0.0262  0.0268  0.0247  0.0256  0.0264  0.0252  0.0254  0.0246  0.0250
  0.0280  0.0279  0.0260  0.0295  0.0298  0.0282  0.0271  0.0284  0.0262  0.0271  0.0250  0.0257
    1.4525   21.0680   -4.3742  -15.5574  -13.1751   -7.1630
    2.8641    1.5204   -1.8823    7.4956   -3.5828  -13.5147
eta,q 0.97566 10.04234

---------------------------------------------------------------------
imgreg_4dfp /opt/freesurfer/average/711-2C_as_mni_average_305 /opt/freesurfer/average/711-2B_as_mni_average_305_mask talsrcimg_g11 none talsrcimg_to_711-2C_as_mni_average_305_t4 2311
---------------------------------------------------------------------

freesurfer imgreg_4dfp.c
/opt/freesurfer/average/711-2C_as_mni_average_305.4dfp.img
       256       256       256         1
  1.000000  1.000000  1.000000
orientation T byte_order littleendian
Reading image: /opt/freesurfer/average/711-2C_as_mni_average_305.4dfp.img
dimensions:      256       256       256
mmppix:       1.0000   -1.0000   -1.0000
center:     128.0000 -129.0000 -129.0000
/opt/freesurfer/average/711-2B_as_mni_average_305_mask.4dfp.img
       256       256       256         1
  1.000000  1.000000  1.000000
orientation T byte_order littleendian
Reading mask: /opt/freesurfer/average/711-2B_as_mni_average_305_mask.4dfp.img (2306576 pixels)
talsrcimg_g11.4dfp.img
       256       256       256         1
  1.000000  1.000000  1.000000
orientation T byte_order littleendian
Reading image: talsrcimg_g11.4dfp.img
dimensions:      256       256       256
mmppix:       1.0000   -1.0000   -1.0000
center:     128.0000 -129.0000 -129.0000
fimgreg.f
image alignment mode   2311 decimal      907 hex
parameters
    1.4525   21.0680   -4.3742  -15.5574  -13.1751   -7.1630
    2.8641    1.5204   -1.8823    7.4956   -3.5828  -13.5147
eta,q 0.97566 10.04234
niter,ni,del,rscale     5    3    5.0000    0.8000
parameter  6 -0.551121 -> -0.500000 qaram    1.1500
parameters
    1.4558   21.0701   -4.4507  -15.1391  -12.4891   -4.4030
    3.1425    1.9539   -1.6635    8.3022   -2.2590  -13.0211
eta,q 0.97664 10.20133
  0.0261  0.0256  0.0248  0.0253  0.0262  0.0254  0.0250  0.0263  0.0246  0.0259  0.0241  0.0246
  0.0251  0.0249  0.0245  0.0248  0.0255  0.0249  0.0242  0.0248  0.0240  0.0249  0.0238  0.0240
  0.0245  0.0245  0.0244  0.0245  0.0248  0.0246  0.0237  0.0239  0.0236  0.0240  0.0235  0.0235
  0.0243  0.0243  0.0243  0.0243  0.0243  0.0242  0.0235  0.0235  0.0235  0.0235  0.0234  0.0234
  0.0245  0.0245  0.0244  0.0244  0.0242  0.0237  0.0236  0.0236  0.0236  0.0234  0.0234  0.0234
  0.0251  0.0249  0.0246  0.0246  0.0246  0.0235  0.0240  0.0243  0.0239  0.0239  0.0234  0.0237
  0.0260  0.0256  0.0249  0.0250  0.0256  0.0242  0.0247  0.0254  0.0244  0.0248  0.0236  0.0242
niter,ni,del,rscale     5    3    5.0000    0.8000
parameters
    1.3723   20.9464   -3.9913  -14.4515  -12.5006   -5.1147
    3.1919    1.6489   -1.7591    7.8919   -2.8969  -12.7031
eta,q 0.97653 10.21766
  0.0249  0.0246  0.0250  0.0243  0.0252  0.0252  0.0248  0.0254  0.0244  0.0248  0.0238  0.0244
  0.0240  0.0239  0.0242  0.0238  0.0244  0.0247  0.0241  0.0242  0.0239  0.0241  0.0236  0.0239
  0.0235  0.0234  0.0236  0.0235  0.0237  0.0240  0.0237  0.0236  0.0236  0.0236  0.0235  0.0236
  0.0234  0.0234  0.0233  0.0233  0.0232  0.0232  0.0235  0.0235  0.0235  0.0235  0.0235  0.0235
  0.0236  0.0236  0.0233  0.0232  0.0233  0.0234  0.0236  0.0239  0.0236  0.0237  0.0236  0.0235
  0.0243  0.0242  0.0234  0.0234  0.0241  0.0250  0.0241  0.0246  0.0239  0.0244  0.0237  0.0238
  0.0253  0.0251  0.0238  0.0239  0.0256  0.0279  0.0248  0.0258  0.0245  0.0255  0.0239  0.0242
niter,ni,del,rscale     4    3    5.0000    0.7000
parameters
    1.4132   20.9005   -4.1452  -14.6032  -12.2155   -5.1589
    3.2224    1.6805   -1.6531    7.8522   -2.8724  -12.6827
eta,q 0.97657 10.21615
  0.0249  0.0245  0.0240  0.0241  0.0251  0.0250  0.0245  0.0252  0.0242  0.0248  0.0238  0.0241
  0.0242  0.0239  0.0236  0.0237  0.0244  0.0246  0.0239  0.0242  0.0238  0.0241  0.0236  0.0237
  0.0237  0.0236  0.0235  0.0235  0.0239  0.0241  0.0236  0.0236  0.0235  0.0236  0.0234  0.0235
  0.0235  0.0235  0.0235  0.0235  0.0235  0.0234  0.0234  0.0234  0.0234  0.0234  0.0234  0.0234
  0.0236  0.0236  0.0236  0.0235  0.0234  0.0232  0.0235  0.0236  0.0235  0.0236  0.0235  0.0235
  0.0240  0.0240  0.0238  0.0238  0.0239  0.0240  0.0239  0.0242  0.0238  0.0240  0.0236  0.0237
  0.0248  0.0246  0.0242  0.0242  0.0250  0.0259  0.0245  0.0251  0.0242  0.0249  0.0237  0.0241
niter,ni,del,rscale     3    3    5.0000    0.6000
parameters
    1.4134   20.8614   -4.1649  -14.5315  -12.0576   -4.8186
    3.2724    1.7433   -1.6062    7.9258   -2.6156  -12.6548
eta,q 0.97671 10.23583
  0.0244  0.0242  0.0239  0.0239  0.0247  0.0249  0.0241  0.0247  0.0239  0.0245  0.0236  0.0239
  0.0239  0.0238  0.0236  0.0237  0.0242  0.0245  0.0237  0.0239  0.0236  0.0239  0.0234  0.0235
  0.0235  0.0235  0.0235  0.0235  0.0237  0.0240  0.0234  0.0234  0.0234  0.0235  0.0233  0.0233
  0.0234  0.0234  0.0234  0.0234  0.0234  0.0234  0.0233  0.0233  0.0233  0.0233  0.0233  0.0233
  0.0235  0.0235  0.0235  0.0235  0.0234  0.0231  0.0234  0.0234  0.0234  0.0234  0.0233  0.0234
  0.0239  0.0239  0.0237  0.0236  0.0239  0.0236  0.0236  0.0239  0.0235  0.0238  0.0234  0.0235
  0.0244  0.0243  0.0239  0.0239  0.0247  0.0249  0.0241  0.0245  0.0239  0.0244  0.0235  0.0238
niter,ni,del,rscale     2    3    5.0000    0.5000
parameters
    1.3922   20.8404   -4.0954  -14.4141  -11.9590   -4.4102
    3.3168    1.7805   -1.5838    7.9764   -2.3614  -12.5981
eta,q 0.97684 10.25671
  0.0240  0.0239  0.0237  0.0237  0.0243  0.0246  0.0237  0.0241  0.0236  0.0241  0.0234  0.0236
  0.0236  0.0235  0.0235  0.0235  0.0238  0.0242  0.0234  0.0236  0.0234  0.0236  0.0233  0.0234
  0.0234  0.0234  0.0233  0.0233  0.0235  0.0238  0.0232  0.0233  0.0232  0.0233  0.0232  0.0232
  0.0233  0.0233  0.0233  0.0233  0.0233  0.0233  0.0232  0.0232  0.0232  0.0232  0.0232  0.0232
  0.0234  0.0234  0.0233  0.0233  0.0233  0.0231  0.0232  0.0233  0.0232  0.0233  0.0232  0.0232
  0.0236  0.0236  0.0234  0.0234  0.0236  0.0235  0.0234  0.0236  0.0234  0.0236  0.0232  0.0233
  0.0240  0.0239  0.0236  0.0236  0.0242  0.0244  0.0237  0.0241  0.0236  0.0241  0.0233  0.0236
niter,ni,del,rscale     1    3    5.0000    0.4000
parameters
    1.3664   20.8282   -3.9834  -14.3292  -11.9047   -4.0506
    3.3377    1.7893   -1.5996    7.9650   -2.2322  -12.5451
eta,q 0.97692 10.27147
  0.0236  0.0236  0.0235  0.0234  0.0238  0.0243  0.0234  0.0237  0.0233  0.0237  0.0232  0.0234
  0.0233  0.0233  0.0233  0.0233  0.0235  0.0239  0.0232  0.0234  0.0232  0.0234  0.0231  0.0232
  0.0232  0.0232  0.0232  0.0232  0.0233  0.0235  0.0231  0.0231  0.0231  0.0232  0.0231  0.0231
  0.0232  0.0232  0.0232  0.0232  0.0232  0.0231  0.0231  0.0231  0.0231  0.0231  0.0231  0.0231
  0.0232  0.0232  0.0232  0.0232  0.0232  0.0231  0.0231  0.0232  0.0231  0.0232  0.0231  0.0231
  0.0234  0.0234  0.0232  0.0232  0.0234  0.0233  0.0232  0.0234  0.0232  0.0234  0.0231  0.0232
  0.0237  0.0236  0.0233  0.0234  0.0238  0.0240  0.0234  0.0237  0.0234  0.0237  0.0232  0.0233
registration optimization eta report
parameter search radius
    0.8000    0.8000    0.8000    2.4000    2.4000    2.7600
    2.4000    2.4000    2.4000    2.4000    2.4000    2.4000
100000*second partial in parameter space
       72.       65.       41.        4.       11.       13.
        6.       11.        5.       11.        2.        5.
  0.0236  0.0236  0.0235  0.0234  0.0238  0.0243  0.0234  0.0237  0.0233  0.0237  0.0232  0.0234
  0.0233  0.0233  0.0233  0.0233  0.0235  0.0239  0.0232  0.0234  0.0232  0.0234  0.0231  0.0232
  0.0232  0.0232  0.0232  0.0232  0.0233  0.0235  0.0231  0.0231  0.0231  0.0232  0.0231  0.0231
  0.0232  0.0232  0.0232  0.0232  0.0232  0.0231  0.0231  0.0231  0.0231  0.0231  0.0231  0.0231
  0.0232  0.0232  0.0232  0.0232  0.0232  0.0231  0.0231  0.0232  0.0231  0.0232  0.0231  0.0231
  0.0234  0.0234  0.0232  0.0232  0.0234  0.0233  0.0232  0.0234  0.0232  0.0234  0.0231  0.0232
  0.0237  0.0236  0.0233  0.0234  0.0238  0.0240  0.0234  0.0237  0.0234  0.0237  0.0232  0.0233
    1.3664   20.8282   -3.9834  -14.3292  -11.9047   -4.0506
    3.3377    1.7893   -1.5996    7.9650   -2.2322  -12.5451
eta,q 0.97692 10.27147

---------------------------------------------------------------------
imgreg_4dfp /opt/freesurfer/average/711-2C_as_mni_average_305 /opt/freesurfer/average/711-2B_as_mni_average_305_mask talsrcimg_g11 none talsrcimg_to_711-2C_as_mni_average_305_t4 2311
---------------------------------------------------------------------

freesurfer imgreg_4dfp.c
/opt/freesurfer/average/711-2C_as_mni_average_305.4dfp.img
       256       256       256         1
  1.000000  1.000000  1.000000
orientation T byte_order littleendian
Reading image: /opt/freesurfer/average/711-2C_as_mni_average_305.4dfp.img
dimensions:      256       256       256
mmppix:       1.0000   -1.0000   -1.0000
center:     128.0000 -129.0000 -129.0000
/opt/freesurfer/average/711-2B_as_mni_average_305_mask.4dfp.img
       256       256       256         1
  1.000000  1.000000  1.000000
orientation T byte_order littleendian
Reading mask: /opt/freesurfer/average/711-2B_as_mni_average_305_mask.4dfp.img (2306576 pixels)
talsrcimg_g11.4dfp.img
       256       256       256         1
  1.000000  1.000000  1.000000
orientation T byte_order littleendian
Reading image: talsrcimg_g11.4dfp.img
dimensions:      256       256       256
mmppix:       1.0000   -1.0000   -1.0000
center:     128.0000 -129.0000 -129.0000
fimgreg.f
image alignment mode   2311 decimal      907 hex
parameters
    1.3664   20.8282   -3.9834  -14.3292  -11.9047   -4.0506
    3.3377    1.7893   -1.5996    7.9650   -2.2322  -12.5451
eta,q 0.97692 10.27147
niter,ni,del,rscale     5    3    5.0000    0.8000
parameters
    1.3373   20.8233   -3.8350  -14.5985  -12.4030   -4.6040
    3.1831    1.6793   -1.7359    7.6961   -2.6640  -12.3946
eta,q 0.97671 10.22751
  0.0248  0.0247  0.0244  0.0239  0.0248  0.0249  0.0245  0.0255  0.0242  0.0249  0.0237  0.0243
  0.0239  0.0238  0.0237  0.0235  0.0240  0.0244  0.0239  0.0242  0.0237  0.0240  0.0234  0.0237
  0.0233  0.0233  0.0233  0.0232  0.0234  0.0238  0.0234  0.0235  0.0234  0.0235  0.0233  0.0234
  0.0231  0.0231  0.0231  0.0231  0.0231  0.0231  0.0233  0.0233  0.0233  0.0233  0.0233  0.0233
  0.0233  0.0233  0.0232  0.0232  0.0234  0.0233  0.0235  0.0236  0.0234  0.0235  0.0234  0.0234
  0.0239  0.0238  0.0235  0.0235  0.0244  0.0246  0.0239  0.0244  0.0238  0.0242  0.0235  0.0237
  0.0250  0.0247  0.0240  0.0242  0.0261  0.0270  0.0247  0.0256  0.0243  0.0254  0.0238  0.0241
niter,ni,del,rscale     4    3    5.0000    0.7000
parameters
    1.3858   20.8400   -3.9702  -14.5849  -12.2354   -4.6122
    3.2344    1.7224   -1.6387    7.7517   -2.6238  -12.4605
eta,q 0.97675 10.23265
  0.0247  0.0245  0.0239  0.0239  0.0249  0.0248  0.0243  0.0251  0.0241  0.0248  0.0236  0.0240
  0.0240  0.0238  0.0235  0.0236  0.0242  0.0244  0.0238  0.0240  0.0236  0.0240  0.0234  0.0235
  0.0235  0.0234  0.0233  0.0234  0.0237  0.0238  0.0234  0.0234  0.0234  0.0235  0.0233  0.0233
  0.0233  0.0233  0.0233  0.0233  0.0233  0.0233  0.0233  0.0233  0.0233  0.0232  0.0233  0.0232
  0.0234  0.0234  0.0234  0.0233  0.0233  0.0231  0.0233  0.0235  0.0233  0.0234  0.0233  0.0234
  0.0238  0.0238  0.0237  0.0236  0.0238  0.0239  0.0237  0.0240  0.0236  0.0239  0.0234  0.0236
  0.0246  0.0244  0.0241  0.0240  0.0249  0.0254  0.0243  0.0249  0.0240  0.0248  0.0236  0.0240
niter,ni,del,rscale     3    3    5.0000    0.6000
parameters
    1.3866   20.8289   -3.9987  -14.4942  -12.0987   -4.3660
    3.2822    1.7676   -1.5988    7.8360   -2.4441  -12.4919
eta,q 0.97684 10.24865
  0.0243  0.0241  0.0238  0.0238  0.0245  0.0246  0.0240  0.0246  0.0238  0.0244  0.0235  0.0237
  0.0237  0.0236  0.0235  0.0235  0.0240  0.0242  0.0235  0.0238  0.0234  0.0238  0.0233  0.0234
  0.0234  0.0233  0.0233  0.0233  0.0235  0.0237  0.0233  0.0233  0.0232  0.0234  0.0232  0.0232
  0.0232  0.0233  0.0232  0.0232  0.0232  0.0232  0.0232  0.0232  0.0232  0.0232  0.0232  0.0232
  0.0234  0.0234  0.0233  0.0233  0.0233  0.0231  0.0232  0.0233  0.0232  0.0233  0.0232  0.0232
  0.0237  0.0237  0.0235  0.0234  0.0237  0.0236  0.0235  0.0237  0.0234  0.0237  0.0233  0.0234
  0.0243  0.0241  0.0238  0.0237  0.0245  0.0247  0.0239  0.0244  0.0237  0.0244  0.0234  0.0237
niter,ni,del,rscale     2    3    5.0000    0.5000
parameters
    1.3702   20.8223   -3.9448  -14.4094  -12.0116   -4.0786
    3.3082    1.7873   -1.5959    7.8932   -2.2878  -12.4897
eta,q 0.97692 10.26342
  0.0238  0.0238  0.0236  0.0235  0.0241  0.0244  0.0236  0.0241  0.0235  0.0241  0.0233  0.0235
  0.0235  0.0234  0.0234  0.0233  0.0237  0.0240  0.0233  0.0235  0.0233  0.0236  0.0232  0.0233
  0.0232  0.0232  0.0232  0.0232  0.0233  0.0235  0.0232  0.0232  0.0231  0.0232  0.0231  0.0231
  0.0232  0.0232  0.0232  0.0232  0.0232  0.0231  0.0231  0.0231  0.0231  0.0231  0.0231  0.0231
  0.0232  0.0232  0.0232  0.0232  0.0232  0.0231  0.0231  0.0232  0.0231  0.0232  0.0231  0.0231
  0.0235  0.0235  0.0233  0.0233  0.0235  0.0234  0.0233  0.0235  0.0233  0.0235  0.0232  0.0233
  0.0239  0.0238  0.0235  0.0235  0.0241  0.0242  0.0236  0.0240  0.0235  0.0240  0.0233  0.0235
niter,ni,del,rscale     1    3    5.0000    0.4000
parameters
    1.3558   20.8182   -3.8630  -14.3635  -11.9539   -3.8290
    3.3349    1.7817   -1.6013    7.9088   -2.2291  -12.4624
eta,q 0.97696 10.27337
  0.0235  0.0235  0.0234  0.0233  0.0237  0.0241  0.0234  0.0237  0.0233  0.0237  0.0232  0.0233
  0.0233  0.0233  0.0232  0.0232  0.0234  0.0237  0.0232  0.0233  0.0232  0.0233  0.0231  0.0232
  0.0231  0.0231  0.0231  0.0231  0.0232  0.0233  0.0231  0.0231  0.0231  0.0231  0.0231  0.0231
  0.0231  0.0231  0.0231  0.0231  0.0231  0.0231  0.0230  0.0230  0.0230  0.0230  0.0230  0.0230
  0.0231  0.0231  0.0231  0.0231  0.0231  0.0230  0.0231  0.0231  0.0231  0.0231  0.0231  0.0231
  0.0233  0.0233  0.0232  0.0232  0.0233  0.0233  0.0232  0.0233  0.0232  0.0233  0.0231  0.0232
  0.0236  0.0235  0.0233  0.0233  0.0237  0.0239  0.0234  0.0237  0.0233  0.0237  0.0232  0.0233
registration optimization eta report
parameter search radius
    0.8000    0.8000    0.8000    2.4000    2.4000    2.4000
    2.4000    2.4000    2.4000    2.4000    2.4000    2.4000
100000*second partial in parameter space
       72.       65.       44.        4.       11.       15.
        6.       11.        5.       11.        2.        5.
  0.0235  0.0235  0.0234  0.0233  0.0237  0.0241  0.0234  0.0237  0.0233  0.0237  0.0232  0.0233
  0.0233  0.0233  0.0232  0.0232  0.0234  0.0237  0.0232  0.0233  0.0232  0.0233  0.0231  0.0232
  0.0231  0.0231  0.0231  0.0231  0.0232  0.0233  0.0231  0.0231  0.0231  0.0231  0.0231  0.0231
  0.0231  0.0231  0.0231  0.0231  0.0231  0.0231  0.0230  0.0230  0.0230  0.0230  0.0230  0.0230
  0.0231  0.0231  0.0231  0.0231  0.0231  0.0230  0.0231  0.0231  0.0231  0.0231  0.0231  0.0231
  0.0233  0.0233  0.0232  0.0232  0.0233  0.0233  0.0232  0.0233  0.0232  0.0233  0.0231  0.0232
  0.0236  0.0235  0.0233  0.0233  0.0237  0.0239  0.0234  0.0237  0.0233  0.0237  0.0232  0.0233
    1.3558   20.8182   -3.8630  -14.3635  -11.9539   -3.8290
    3.3349    1.7817   -1.6013    7.9088   -2.2291  -12.4624
eta,q 0.97696 10.27337

---------------------------------------------------------------------
compute_vox2vox talsrcimg talsrcimg_to_711-2C_as_mni_average_305_t4 /opt/freesurfer/average/711-2C_as_mni_average_305
---------------------------------------------------------------------

freesurfer compute_vox2vox.c
Reading: talsrcimg.4dfp.ifh
Reading: talsrcimg_to_711-2C_as_mni_average_305_t4
Reading: /opt/freesurfer/average/711-2C_as_mni_average_305.4dfp.ifh
Writing: talsrcimg_to_711-2C_as_mni_average_305_t4_vox2vox.txt

start time Mon Mar 9 18:46:06 CET 2026
end		time Mon Mar 9 18:47:35 CET 2026

mpr2mni305 success

avi2talxfm orig_nu.mgz /opt/freesurfer/average/mni305.cor.mgz talsrcimg_to_711-2C_as_mni_average_305_t4_vox2vox.txt transforms/talairach.auto.xfm
avi2talxfm done
mv -f /out/sourcedata/freesurfer/sub-v1s23x0050568_ses-1/mri/talsrcimg_to_711-2C_as_mni_average_305_t4_vox2vox.txt /out/sourcedata/freesurfer/sub-v1s23x0050568_ses-1/mri/transforms/talsrcimg_to_711-2C_as_mni_average_305_t4_vox2vox.txt
lta_convert --src orig_nu.mgz --trg /opt/freesurfer/average/mni305.cor.mgz --inxfm transforms/talairach.auto.xfm --outlta transforms/talairach.auto.xfm.lta --subject fsaverage
7.3.2

--src: orig_nu.mgz src image (geometry).
--trg: /opt/freesurfer/average/mni305.cor.mgz trg image (geometry).
--inmni: transforms/talairach.auto.xfm input MNI/XFM transform.
--outlta: transforms/talairach.auto.xfm.lta output LTA.
--s: fsaverage subject name
 LTA read, type : 1
 1.16639  -0.01777  -0.04669  -45.61757;
 0.02944   1.02740   0.14431   44.89014;
 0.01857  -0.09261   1.12196  -72.07191;
 0.00000   0.00000   0.00000   1.00000;
setting subject to fsaverage
Writing  LTA to file transforms/talairach.auto.xfm.lta...
lta_convert successful.
 
 
Started at Mon Mar 9 18:46:06 CET 2026
Ended   at Mon Mar  9 18:47:35 CET 2026
talairach_avi done
