/out/sourcedata/freesurfer/sub-v1s23x0050552_ses-1/mri
/opt/freesurfer/bin/talairach_avi
--i orig_nu.mgz --xfm transforms/talairach.auto.xfm
talairach_avi 7.3.2
Linux dna062 5.14.0-427.37.1.el9_4.x86_64 #1 SMP PREEMPT_DYNAMIC Fri Sep 13 12:41:50 EDT 2024 x86_64 x86_64 x86_64 GNU/Linux
Mon Mar  9 16:59:17 CET 2026
mri_convert orig_nu.mgz talsrcimg.img 
reading from orig_nu.mgz...
TR=0.00, TE=0.00, TI=0.00, flip angle=0.00
i_ras = (-1, 0, 0)
j_ras = (0, 0, -1)
k_ras = (0, 1, 0)
writing to talsrcimg.img...
Analyze Output Matrix
-1.00000   0.00000   0.00000   164.81520;
 0.00000   0.00000   1.00000  -177.50182;
 0.00000  -1.00000   0.00000   156.87334;
 0.00000   0.00000   0.00000   1.00000;
--------------------
INFO: set hdr.hist.orient to -1
mpr2mni305 talsrcimg
Mon Mar  9 16:59:17 CET 2026
/opt/freesurfer/bin/mpr2mni305 talsrcimg
mpr2mni305 7.3.2
target=711-2C_as_mni_average_305

---------------------------------------------------------------------
analyzeto4dfp talsrcimg -O0 -y
---------------------------------------------------------------------

freesurfer ifh2hdr.c
Mon Mar  9 16:59:17 2026
Writing: talsrcimg.4dfp.hdr
freesurfer analyzeto4dfp.c
Reading: talsrcimg.hdr
header size 348 bytes
hdr.dime.datatype	offset=70	value=2
hdr.dime.bitpix		offset=72	value=8
hdr.hist.orient		offset=252	value=-1
dimensionality     4
dimensions       256       256       256         1
Reading: talsrcimg.img
Writing: talsrcimg.4dfp.img
Writing: talsrcimg.4dfp.ifh
ifh2hdr talsrcimg -r0to242
ori=2

---------------------------------------------------------------------
gauss_4dfp talsrcimg 1.1
---------------------------------------------------------------------

freesurfer gauss_4dfp.c
Reading: talsrcimg.4dfp.img
Writing: talsrcimg_g11.4dfp.img
image dimensions 256 256 256 padded to 288 288 288
processing volume 1freesurfer ifh2hdr.c
Mon Mar  9 16:59:19 2026
Writing: talsrcimg_g11.4dfp.hdr

Writing: talsrcimg_g11.4dfp.ifh
including: talsrcimg.4dfp.img.rec in talsrcimg_g11.4dfp.img.rec

---------------------------------------------------------------------
imgreg_4dfp /opt/freesurfer/average/711-2C_as_mni_average_305 none talsrcimg_g11 none talsrcimg_to_711-2C_as_mni_average_305_t4 4355
---------------------------------------------------------------------

freesurfer imgreg_4dfp.c
/opt/freesurfer/average/711-2C_as_mni_average_305.4dfp.img
       256       256       256         1
  1.000000  1.000000  1.000000
orientation T byte_order littleendian
Reading image: /opt/freesurfer/average/711-2C_as_mni_average_305.4dfp.img
dimensions:      256       256       256
mmppix:       1.0000   -1.0000   -1.0000
center:     128.0000 -129.0000 -129.0000
talsrcimg_g11.4dfp.img
       256       256       256         1
  1.000000  1.000000  1.000000
orientation T byte_order littleendian
Reading image: talsrcimg_g11.4dfp.img
dimensions:      256       256       256
mmppix:       1.0000   -1.0000   -1.0000
center:     128.0000 -129.0000 -129.0000
t4_read: open error in t4_sub.f l:  41 t4_file(1:l)talsrcimg_to_711-2C_as_mni_average_305_t4 
t4_read: transform initialized to I4
rotation matrix determinant  1.000000
image alignment mode   4355 decimal     1103 hex
   -7.5000  -45.0000  -45.0000 9832.8018   15.8457
    0.0000  -45.0000  -45.000010274.8213   15.8273
    7.5000  -45.0000  -45.0000 9853.9922   15.8367
   -7.5000  -37.5000  -45.000010170.1650   15.8201
    0.0000  -37.5000  -45.000010644.3340   15.7999
    7.5000  -37.5000  -45.000010195.1348   15.8085
   -7.5000  -30.0000  -45.000010728.5713   15.8256
    0.0000  -30.0000  -45.000011264.2832   15.8030
    7.5000  -30.0000  -45.000010778.4941   15.8148
   -7.5000  -22.5000  -45.000011218.7051   15.8620
    0.0000  -22.5000  -45.000011746.4287   15.8384
    7.5000  -22.5000  -45.000011259.1270   15.8535
   -7.5000  -15.0000  -45.000011630.3750   15.8925
    0.0000  -15.0000  -45.000012153.5654   15.8703
    7.5000  -15.0000  -45.000011669.3027   15.8853
   -7.5000   -7.5000  -45.000011964.3379   15.8818
    0.0000   -7.5000  -45.000012480.4961   15.8624
    7.5000   -7.5000  -45.000011990.7822   15.8749
   -7.5000    0.0000  -45.000012189.2754   15.8457
    0.0000    0.0000  -45.000012693.9316   15.8273
    7.5000    0.0000  -45.000012173.6455   15.8367
   -7.5000    7.5000  -45.000011433.8604   15.8201
    0.0000    7.5000  -45.000011903.3301   15.7999
    7.5000    7.5000  -45.000011417.4404   15.8085
   -7.5000   15.0000  -45.000010570.8643   15.8515
    0.0000   15.0000  -45.000011013.1494   15.8294
    7.5000   15.0000  -45.000010545.9160   15.8419
   -7.5000   22.5000  -45.0000 9646.1768   15.9858
    0.0000   22.5000  -45.000010051.2295   15.9614
    7.5000   22.5000  -45.0000 9623.8076   15.9770
   -7.5000   30.0000  -45.0000 8815.0537   15.9888
    0.0000   30.0000  -45.0000 9169.0674   15.9639
    7.5000   30.0000  -45.0000 8769.6895   15.9781
   -7.5000   37.5000  -45.0000 8339.9824   16.2584
    0.0000   37.5000  -45.0000 8668.0332   16.2397
    7.5000   37.5000  -45.0000 8311.6309   16.2539
   -7.5000   45.0000  -45.0000 7577.1919   16.1990
    0.0000   45.0000  -45.0000 7873.9609   16.1814
    7.5000   45.0000  -45.0000 7547.9399   16.1932
   -7.5000  -45.0000  -37.500010289.0342   15.8492
    0.0000  -45.0000  -37.500010763.5176   15.8317
    7.5000  -45.0000  -37.500010299.6162   15.8374
   -7.5000  -37.5000  -37.500010657.4736   15.8208
    0.0000  -37.5000  -37.500011148.3301   15.8039
    7.5000  -37.5000  -37.500010696.9443   15.8091
   -7.5000  -30.0000  -37.500011273.4336   15.8313
    0.0000  -30.0000  -37.500011817.3926   15.8126
    7.5000  -30.0000  -37.500011331.4297   15.8188
   -7.5000  -22.5000  -37.500011769.7949   15.8758
    0.0000  -22.5000  -37.500012365.3486   15.8541
    7.5000  -22.5000  -37.500011833.2578   15.8619
   -7.5000  -15.0000  -37.500012181.3350   15.9106
    0.0000  -15.0000  -37.500012773.4521   15.8875
    7.5000  -15.0000  -37.500012237.9336   15.8954
   -7.5000   -7.5000  -37.500012492.8779   15.8946
    0.0000   -7.5000  -37.500013073.2812   15.8738
    7.5000   -7.5000  -37.500012519.3262   15.8808
   -7.5000    0.0000  -37.500012709.7930   15.8492
    0.0000    0.0000  -37.500013261.5967   15.8317
    7.5000    0.0000  -37.500012691.2119   15.8374
   -7.5000    7.5000  -37.500011932.4395   15.8208
    0.0000    7.5000  -37.500012465.3721   15.8039
    7.5000    7.5000  -37.500011912.6338   15.8091
   -7.5000   15.0000  -37.500011050.1465   15.8569
    0.0000   15.0000  -37.500011540.2666   15.8389
    7.5000   15.0000  -37.500011027.4648   15.8452
   -7.5000   22.5000  -37.500010081.0098   16.0036
    0.0000   22.5000  -37.500010508.6641   15.9824
    7.5000   22.5000  -37.500010047.9766   15.9906
   -7.5000   30.0000  -37.5000 9194.3350   16.0126
    0.0000   30.0000  -37.5000 9564.8965   15.9875
    7.5000   30.0000  -37.5000 9138.3340   15.9942
   -7.5000   37.5000  -37.5000 8664.2061   16.2730
    0.0000   37.5000  -37.5000 8996.1914   16.2521
    7.5000   37.5000  -37.5000 8622.8955   16.2592
   -7.5000   45.0000  -37.5000 7844.4746   16.2122
    0.0000   45.0000  -37.5000 8140.7773   16.1965
    7.5000   45.0000  -37.5000 7807.0786   16.2033
   -7.5000  -45.0000  -30.000010925.2520   16.5232
    0.0000  -45.0000  -30.000011429.9590   16.5107
    7.5000  -45.0000  -30.000010951.5947   16.5107
   -7.5000  -37.5000  -30.000011325.0723   16.4952
    0.0000  -37.5000  -30.000011867.1943   16.4835
    7.5000  -37.5000  -30.000011379.6758   16.4820
   -7.5000  -30.0000  -30.000011987.5449   16.5133
    0.0000  -30.0000  -30.000012563.8184   16.4984
    7.5000  -30.0000  -30.000012049.9619   16.4958
   -7.5000  -22.5000  -30.000012502.8301   16.5659
    0.0000  -22.5000  -30.000013151.1670   16.5469
    7.5000  -22.5000  -30.000012571.5068   16.5447
   -7.5000  -15.0000  -30.000012932.7402   16.6025
    0.0000  -15.0000  -30.000013573.7178   16.5819
    7.5000  -15.0000  -30.000012963.7041   16.5807
   -7.5000   -7.5000  -30.000013254.7207   16.5779
    0.0000   -7.5000  -30.000013906.4141   16.5608
    7.5000   -7.5000  -30.000013250.1982   16.5606
   -7.5000    0.0000  -30.000013468.6973   16.5231
    0.0000    0.0000  -30.000014089.1240   16.5107
    7.5000    0.0000  -30.000013411.4170   16.5107
   -7.5000    7.5000  -30.000012622.5303   16.4952
    0.0000    7.5000  -30.000013204.7012   16.4834
    7.5000    7.5000  -30.000012567.2256   16.4820
   -7.5000   15.0000  -30.000011670.0967   16.5364
    0.0000   15.0000  -30.000012191.5967   16.5218
    7.5000   15.0000  -30.000011624.0098   16.5187
   -7.5000   22.5000  -30.000010643.3340   16.6954
    0.0000   22.5000  -30.000011096.1016   16.6776
    7.5000   22.5000  -30.000010595.3965   16.6750
   -7.5000   30.0000  -30.0000 9719.8525   16.7125
    0.0000   30.0000  -30.000010108.4004   16.6914
    7.5000   30.0000  -30.0000 9647.1562   16.6880
   -7.5000   37.5000  -30.0000 9128.2344   16.9736
    0.0000   37.5000  -30.0000 9477.7822   16.9547
    7.5000   37.5000  -30.0000 9071.4121   16.9523
   -7.5000   45.0000  -30.0000 8223.6660   16.9121
    0.0000   45.0000  -30.0000 8554.5078   16.9037
    7.5000   45.0000  -30.0000 8188.9106   16.9033
   -7.5000  -45.0000  -22.500011526.7725   17.0969
    0.0000  -45.0000  -22.500012068.1807   17.0891
    7.5000  -45.0000  -22.500011563.2197   17.0863
   -7.5000  -37.5000  -22.500011952.6885   17.0721
    0.0000  -37.5000  -22.500012552.8867   17.0622
    7.5000  -37.5000  -22.500012010.5986   17.0576
   -7.5000  -30.0000  -22.500012659.3633   17.0920
    0.0000  -30.0000  -22.500013300.6064   17.0770
    7.5000  -30.0000  -22.500012740.0010   17.0712
   -7.5000  -22.5000  -22.500013204.0879   17.1437
    0.0000  -22.5000  -22.500013888.7100   17.1255
    7.5000  -22.5000  -22.500013294.0586   17.1206
   -7.5000  -15.0000  -22.500013623.8076   17.1776
    0.0000  -15.0000  -22.500014336.0068   17.1605
    7.5000  -15.0000  -22.500013669.1006   17.1573
   -7.5000   -7.5000  -22.500013981.8750   17.1508
    0.0000   -7.5000  -22.500014703.2041   17.1390
    7.5000   -7.5000  -22.500013987.5713   17.1367
   -7.5000    0.0000  -22.500014181.7354   17.0969
    0.0000    0.0000  -22.500014895.0664   17.0891
    7.5000    0.0000  -22.500014146.7383   17.0863
   -7.5000    7.5000  -22.500013299.0635   17.0721
    0.0000    7.5000  -22.500013929.6670   17.0622
    7.5000    7.5000  -22.500013229.7305   17.0576
   -7.5000   15.0000  -22.500012294.0859   17.1127
    0.0000   15.0000  -22.500012863.7402   17.0973
    7.5000   15.0000  -22.500012241.3838   17.0908
   -7.5000   22.5000  -22.500011189.9668   17.2698
    0.0000   22.5000  -22.500011707.7979   17.2516
    7.5000   22.5000  -22.500011141.1758   17.2458
   -7.5000   30.0000  -22.500010213.8379   17.2898
    0.0000   30.0000  -22.500010646.2373   17.2726
    7.5000   30.0000  -22.500010145.2959   17.2667
   -7.5000   37.5000  -22.5000 9575.5527   17.5596
    0.0000   37.5000  -22.5000 9962.3262   17.5452
    7.5000   37.5000  -22.5000 9525.2549   17.5400
   -7.5000   45.0000  -22.5000 8596.6982   17.4991
    0.0000   45.0000  -22.5000 8946.7168   17.4969
    7.5000   45.0000  -22.5000 8565.3105   17.4942
   -7.5000  -45.0000  -15.000012092.9131   17.5049
    0.0000  -45.0000  -15.000012713.4199   17.4970
    7.5000  -45.0000  -15.000012189.7588   17.4974
   -7.5000  -37.5000  -15.000012554.4023   17.4825
    0.0000  -37.5000  -15.000013197.5273   17.4695
    7.5000  -37.5000  -15.000012659.5098   17.4681
   -7.5000  -30.0000  -15.000013367.0801   17.4975
    0.0000  -30.0000  -15.000014053.3623   17.4783
    7.5000  -30.0000  -15.000013494.0420   17.4778
   -7.5000  -22.5000  -15.000013951.9902   17.5418
    0.0000  -22.5000  -15.000014686.1768   17.5212
    7.5000  -22.5000  -15.000014082.4258   17.5234
   -7.5000  -15.0000  -15.000014343.2812   17.5722
    0.0000  -15.0000  -15.000015108.0010   17.5557
    7.5000  -15.0000  -15.000014431.6191   17.5594
   -7.5000   -7.5000  -15.000014686.8516   17.5504
    0.0000   -7.5000  -15.000015449.1592   17.5403
    7.5000   -7.5000  -15.000014702.5078   17.5432
   -7.5000    0.0000  -15.000014860.0928   17.5049
    0.0000    0.0000  -15.000015636.2354   17.4970
    7.5000    0.0000  -15.000014840.8584   17.4974
   -7.5000    7.5000  -15.000013933.3262   17.4824
    0.0000    7.5000  -15.000014598.8818   17.4695
    7.5000    7.5000  -15.000013865.2402   17.4681
   -7.5000   15.0000  -15.000012877.8408   17.5188
    0.0000   15.0000  -15.000013477.1025   17.4988
    7.5000   15.0000  -15.000012824.3613   17.4982
   -7.5000   22.5000  -15.000011743.0713   17.6656
    0.0000   22.5000  -15.000012299.5752   17.6432
    7.5000   22.5000  -15.000011711.0938   17.6448
   -7.5000   30.0000  -15.000010696.8398   17.6833
    0.0000   30.0000  -15.000011188.5381   17.6658
    7.5000   30.0000  -15.000010644.0850   17.6671
   -7.5000   37.5000  -15.000010031.0107   17.9689
    0.0000   37.5000  -15.000010477.7451   17.9569
    7.5000   37.5000  -15.0000 9982.3936   17.9583
   -7.5000   45.0000  -15.0000 8981.5449   17.9168
    0.0000   45.0000  -15.0000 9369.9346   17.9137
    7.5000   45.0000  -15.0000 8941.1104   17.9158
   -7.5000  -45.0000   -7.500012660.1885   17.6986
    0.0000  -45.0000   -7.500013284.6973   17.6844
    7.5000  -45.0000   -7.500012778.6201   17.6916
   -7.5000  -37.5000   -7.500013141.2559   17.6747
    0.0000  -37.5000   -7.500013813.5078   17.6555
    7.5000  -37.5000   -7.500013285.3584   17.6612
   -7.5000  -30.0000   -7.500014053.3486   17.6833
    0.0000  -30.0000   -7.500014812.3623   17.6592
    7.5000  -30.0000   -7.500014240.5439   17.6681
   -7.5000  -22.5000   -7.500014790.0156   17.7219
    0.0000  -22.5000   -7.500015608.4658   17.6976
    7.5000  -22.5000   -7.500014973.5000   17.7106
   -7.5000  -15.0000   -7.500015188.9980   17.7517
    0.0000  -15.0000   -7.500015978.9912   17.7319
    7.5000  -15.0000   -7.500015307.6309   17.7456
   -7.5000   -7.5000   -7.500015454.8096   17.7371
    0.0000   -7.5000   -7.500016232.6699   17.7224
    7.5000   -7.5000   -7.500015525.0723   17.7336
   -7.5000    0.0000   -7.500015583.3945   17.6985
    0.0000    0.0000   -7.500016347.4551   17.6844
    7.5000    0.0000   -7.500015611.2754   17.6916
   -7.5000    7.5000   -7.500014602.9424   17.6747
    0.0000    7.5000   -7.500015274.4365   17.6555
    7.5000    7.5000   -7.500014598.0547   17.6612
   -7.5000   15.0000   -7.500013537.5703   17.7084
    0.0000   15.0000   -7.500014156.9648   17.6841
    7.5000   15.0000   -7.500013521.3906   17.6937
   -7.5000   22.5000   -7.500012384.2002   17.8477
    0.0000   22.5000   -7.500012936.4883   17.8212
    7.5000   22.5000   -7.500012366.4980   17.8343
   -7.5000   30.0000   -7.500011250.9834   17.8618
    0.0000   30.0000   -7.500011748.3750   17.8396
    7.5000   30.0000   -7.500011220.2998   17.8518
   -7.5000   37.5000   -7.500010558.8174   18.1613
    0.0000   37.5000   -7.500011009.3213   18.1463
    7.5000   37.5000   -7.500010500.3926   18.1583
   -7.5000   45.0000   -7.5000 9450.2334   18.1215
    0.0000   45.0000   -7.5000 9859.4912   18.1094
    7.5000   45.0000   -7.5000 9403.6602   18.1194
   -7.5000  -45.0000    0.000013134.8076   17.7282
    0.0000  -45.0000    0.000013747.8984   17.7076
    7.5000  -45.0000    0.000013217.0059   17.7180
   -7.5000  -37.5000    0.000013633.0049   17.6996
    0.0000  -37.5000    0.000014249.3311   17.6770
    7.5000  -37.5000    0.000013751.5410   17.6865
   -7.5000  -30.0000    0.000014591.4971   17.7059
    0.0000  -30.0000    0.000015367.5596   17.6805
    7.5000  -30.0000    0.000014824.4463   17.6936
   -7.5000  -22.5000    0.000015431.5508   17.7466
    0.0000  -22.5000    0.000016238.4951   17.7201
    7.5000  -22.5000    0.000015702.4688   17.7370
   -7.5000  -15.0000    0.000015949.2217   17.7806
    0.0000  -15.0000    0.000016638.8867   17.7557
    7.5000  -15.0000    0.000016116.4209   17.7725
   -7.5000   -7.5000    0.000016216.4639   17.7686
    0.0000   -7.5000    0.000016885.9648   17.7468
    7.5000   -7.5000    0.000016302.8926   17.7607
   -7.5000    0.0000    0.000016281.4746   17.7282
    0.0000    0.0000    0.000016991.3184   17.7076
    7.5000    0.0000    0.000016305.3770   17.7180
   -7.5000    7.5000    0.000015173.0244   17.6996
    0.0000    7.5000    0.000015853.2939   17.6770
    7.5000    7.5000    0.000015202.5059   17.6865
   -7.5000   15.0000    0.000014036.2812   17.7348
    0.0000   15.0000    0.000014677.5215   17.7100
    7.5000   15.0000    0.000014043.0605   17.7239
   -7.5000   22.5000    0.000012864.1309   17.8792
    0.0000   22.5000    0.000013451.9932   17.8519
    7.5000   22.5000    0.000012856.4873   17.8693
   -7.5000   30.0000    0.000011676.1299   17.8953
    0.0000   30.0000    0.000012219.6182   17.8674
    7.5000   30.0000    0.000011660.4590   17.8832
   -7.5000   37.5000    0.000010915.7695   18.1969
    0.0000   37.5000    0.000011409.1924   18.1759
    7.5000   37.5000    0.000010882.9697   18.1917
   -7.5000   45.0000    0.0000 9766.1562   18.1660
    0.0000   45.0000    0.000010203.7402   18.1461
    7.5000   45.0000    0.0000 9729.0156   18.1593
   -7.5000  -45.0000    7.500012597.2695   17.7341
    0.0000  -45.0000    7.500013136.7520   17.7145
    7.5000  -45.0000    7.500012670.2119   17.7208
   -7.5000  -37.5000    7.500013070.3418   17.7023
    0.0000  -37.5000    7.500013623.3633   17.6834
    7.5000  -37.5000    7.500013198.3271   17.6891
   -7.5000  -30.0000    7.500013985.3926   17.7140
    0.0000  -30.0000    7.500014652.2129   17.6931
    7.5000  -30.0000    7.500014207.9561   17.7000
   -7.5000  -22.5000    7.500014769.2129   17.7639
    0.0000  -22.5000    7.500015509.6895   17.7395
    7.5000  -22.5000    7.500015026.6094   17.7482
   -7.5000  -15.0000    7.500015397.4385   17.8028
    0.0000  -15.0000    7.500016170.8848   17.7768
    7.5000  -15.0000    7.500015561.3271   17.7857
   -7.5000   -7.5000    7.500015708.6602   17.7849
    0.0000   -7.5000    7.500016545.4766   17.7616
    7.5000   -7.5000    7.500015810.4531   17.7693
   -7.5000    0.0000    7.500015705.8574   17.7341
    0.0000    0.0000    7.500016527.7285   17.7145
    7.5000    0.0000    7.500015747.6006   17.7208
   -7.5000    7.5000    7.500014554.0947   17.7023
    0.0000    7.5000    7.500015281.6631   17.6834
    7.5000    7.5000    7.500014618.7607   17.6891
   -7.5000   15.0000    7.500013431.8604   17.7427
    0.0000   15.0000    7.500014054.4199   17.7225
    7.5000   15.0000    7.500013488.8350   17.7295
   -7.5000   22.5000    7.500012313.9932   17.9010
    0.0000   22.5000    7.500012840.2227   17.8773
    7.5000   22.5000    7.500012348.5020   17.8864
   -7.5000   30.0000    7.500011192.0352   17.9239
    0.0000   30.0000    7.500011679.6885   17.8957
    7.5000   30.0000    7.500011208.4404   17.9032
   -7.5000   37.5000    7.500010458.0488   18.2154
    0.0000   37.5000    7.500010888.9062   18.1919
    7.5000   37.5000    7.500010452.0059   18.1998
   -7.5000   45.0000    7.5000 9340.7344   18.1829
    0.0000   45.0000    7.5000 9743.0107   18.1652
    7.5000   45.0000    7.5000 9342.5498   18.1728
   -7.5000  -45.0000   15.000011960.0752   17.7447
    0.0000  -45.0000   15.000012492.0059   17.7313
    7.5000  -45.0000   15.000012051.2295   17.7313
   -7.5000  -37.5000   15.000012474.9697   17.7146
    0.0000  -37.5000   15.000013018.6045   17.7020
    7.5000  -37.5000   15.000012581.7324   17.7005
   -7.5000  -30.0000   15.000013337.0635   17.7340
    0.0000  -30.0000   15.000013955.0752   17.7181
    7.5000  -30.0000   15.000013485.3486   17.7154
   -7.5000  -22.5000   15.000014046.3994   17.7905
    0.0000  -22.5000   15.000014641.3105   17.7702
    7.5000  -22.5000   15.000014169.0693   17.7679
   -7.5000  -15.0000   15.000014580.0215   17.8298
    0.0000  -15.0000   15.000015198.3271   17.8078
    7.5000  -15.0000   15.000014681.1699   17.8066
   -7.5000   -7.5000   15.000014842.1650   17.8034
    0.0000   -7.5000   15.000015531.7344   17.7851
    7.5000   -7.5000   15.000014970.7529   17.7849
   -7.5000    0.0000   15.000014876.6543   17.7446
    0.0000    0.0000   15.000015609.0107   17.7313
    7.5000    0.0000   15.000014989.9062   17.7313
   -7.5000    7.5000   15.000013809.3711   17.7146
    0.0000    7.5000   15.000014464.1230   17.7020
    7.5000    7.5000   15.000013878.1143   17.7005
   -7.5000   15.0000   15.000012719.8984   17.7589
    0.0000   15.0000   15.000013309.8262   17.7432
    7.5000   15.0000   15.000012762.0684   17.7399
   -7.5000   22.5000   15.000011646.1162   17.9256
    0.0000   22.5000   15.000012174.1416   17.9066
    7.5000   22.5000   15.000011667.6104   17.9039
   -7.5000   30.0000   15.000010545.6025   17.9534
    0.0000   30.0000   15.000011021.4854   17.9306
    7.5000   30.0000   15.000010587.3320   17.9272
   -7.5000   37.5000   15.0000 9839.3008   18.2338
    0.0000   37.5000   15.000010249.5371   18.2136
    7.5000   37.5000   15.0000 9854.1738   18.2110
   -7.5000   45.0000   15.0000 8800.3594   18.1919
    0.0000   45.0000   15.0000 9146.5254   18.1828
    7.5000   45.0000   15.0000 8802.3574   18.1825
   -7.5000  -45.0000   22.500011278.0469   17.7567
    0.0000  -45.0000   22.500011787.0264   17.7486
    7.5000  -45.0000   22.500011330.9746   17.7459
   -7.5000  -37.5000   22.500011731.9863   17.7308
    0.0000  -37.5000   22.500012240.7324   17.7206
    7.5000  -37.5000   22.500011795.9756   17.7160
   -7.5000  -30.0000   22.500012476.2412   17.7513
    0.0000  -30.0000   22.500013037.8125   17.7359
    7.5000  -30.0000   22.500012555.6699   17.7301
   -7.5000  -22.5000   22.500013088.6689   17.8051
    0.0000  -22.5000   22.500013661.2705   17.7864
    7.5000  -22.5000   22.500013170.4424   17.7814
   -7.5000  -15.0000   22.500013526.1719   17.8405
    0.0000  -15.0000   22.500014118.3076   17.8228
    7.5000  -15.0000   22.500013633.4766   17.8197
   -7.5000   -7.5000   22.500013780.0996   17.8127
    0.0000   -7.5000   22.500014400.6416   17.8006
    7.5000   -7.5000   22.500013898.6230   17.7983
   -7.5000    0.0000   22.500013858.0205   17.7566
    0.0000    0.0000   22.500014494.3975   17.7486
    7.5000    0.0000   22.500013947.3867   17.7459
   -7.5000    7.5000   22.500012908.2178   17.7308
    0.0000    7.5000   22.500013487.0547   17.7206
    7.5000    7.5000   22.500012949.4922   17.7160
   -7.5000   15.0000   22.500011903.2539   17.7729
    0.0000   15.0000   22.500012439.7168   17.7569
    7.5000   15.0000   22.500011929.7715   17.7504
   -7.5000   22.5000   22.500010905.3018   17.9334
    0.0000   22.5000   22.500011389.5195   17.9146
    7.5000   22.5000   22.500010919.1865   17.9089
   -7.5000   30.0000   22.5000 9875.2480   17.9597
    0.0000   30.0000   22.500010284.5664   17.9420
    7.5000   30.0000   22.5000 9870.0811   17.9360
   -7.5000   37.5000   22.5000 9183.5361   18.2401
    0.0000   37.5000   22.5000 9542.0244   18.2254
    7.5000   37.5000   22.5000 9166.1416   18.2201
   -7.5000   45.0000   22.5000 8180.9170   18.1907
    0.0000   45.0000   22.5000 8507.2275   18.1885
    7.5000   45.0000   22.5000 8177.9653   18.1859
   -7.5000  -45.0000   30.000010440.5850   17.9282
    0.0000  -45.0000   30.000010935.7842   17.9207
    7.5000  -45.0000   30.000010464.6035   17.9214
   -7.5000  -37.5000   30.000010797.4492   17.9049
    0.0000  -37.5000   30.000011325.1553   17.8922
    7.5000  -37.5000   30.000010862.4326   17.8911
   -7.5000  -30.0000   30.000011457.2363   17.9205
    0.0000  -30.0000   30.000012037.2500   17.9014
    7.5000  -30.0000   30.000011541.4766   17.9014
   -7.5000  -22.5000   30.000012027.0879   17.9664
    0.0000  -22.5000   30.000012589.5234   17.9460
    7.5000  -22.5000   30.000012100.0146   17.9487
   -7.5000  -15.0000   30.000012417.7402   17.9978
    0.0000  -15.0000   30.000012988.7549   17.9816
    7.5000  -15.0000   30.000012495.6016   17.9859
   -7.5000   -7.5000   30.000012670.1963   17.9753
    0.0000   -7.5000   30.000013249.9082   17.9656
    7.5000   -7.5000   30.000012756.2793   17.9689
   -7.5000    0.0000   30.000012735.1875   17.9281
    0.0000    0.0000   30.000013348.2422   17.9206
    7.5000    0.0000   30.000012815.9268   17.9214
   -7.5000    7.5000   30.000011856.9941   17.9049
    0.0000    7.5000   30.000012405.1123   17.8922
    7.5000    7.5000   30.000011909.2920   17.8911
   -7.5000   15.0000   30.000010951.1328   17.9425
    0.0000   15.0000   30.000011461.7188   17.9226
    7.5000   15.0000   30.000010985.9404   17.9226
   -7.5000   22.5000   30.000010055.7158   18.0926
    0.0000   22.5000   30.000010516.9268   18.0703
    7.5000   22.5000   30.000010066.7480   18.0725
   -7.5000   30.0000   30.0000 9104.9561   18.1153
    0.0000   30.0000   30.0000 9524.6406   18.0981
    7.5000   30.0000   30.0000 9103.3350   18.0998
   -7.5000   37.5000   30.0000 8462.6699   18.4110
    0.0000   37.5000   30.0000 8859.5342   18.3994
    7.5000   37.5000   30.0000 8476.2686   18.4012
   -7.5000   45.0000   30.0000 7558.4546   18.3663
    0.0000   45.0000   30.0000 7867.1846   18.3639
    7.5000   45.0000   30.0000 7570.3804   18.3663
   -7.5000  -45.0000   37.5000 9960.1660   18.2534
    0.0000  -45.0000   37.500010446.1250   18.2398
    7.5000  -45.0000   37.5000 9971.2441   18.2453
   -7.5000  -37.5000   37.500010299.8164   18.2267
    0.0000  -37.5000   37.500010798.5703   18.2079
    7.5000  -37.5000   37.500010329.7549   18.2124
   -7.5000  -30.0000   37.500010903.3701   18.2344
    0.0000  -30.0000   37.500011448.9531   18.2104
    7.5000  -30.0000   37.500010959.7646   18.2189
   -7.5000  -22.5000   37.500011417.4551   18.2754
    0.0000  -22.5000   37.500011984.5283   18.2509
    7.5000  -22.5000   37.500011499.2861   18.2637
   -7.5000  -15.0000   37.500011786.2588   18.3085
    0.0000  -15.0000   37.500012357.8301   18.2885
    7.5000  -15.0000   37.500011890.4414   18.3014
   -7.5000   -7.5000   37.500012043.5078   18.2943
    0.0000   -7.5000   37.500012591.7461   18.2799
    7.5000   -7.5000   37.500012140.7578   18.2896
   -7.5000    0.0000   37.500012148.6729   18.2533
    0.0000    0.0000   37.500012717.3896   18.2398
    7.5000    0.0000   37.500012243.5742   18.2452
   -7.5000    7.5000   37.500011315.6270   18.2267
    0.0000    7.5000   37.500011873.3594   18.2079
    7.5000    7.5000   37.500011387.1660   18.2124
   -7.5000   15.0000   37.500010444.0674   18.2610
    0.0000   15.0000   37.500010928.9229   18.2368
    7.5000   15.0000   37.500010490.4072   18.2460
   -7.5000   22.5000   37.5000 9599.2246   18.4091
    0.0000   22.5000   37.500010026.8545   18.3823
    7.5000   22.5000   37.5000 9616.7500   18.3952
   -7.5000   30.0000   37.5000 8696.9639   18.4328
    0.0000   30.0000   37.5000 9086.5215   18.4103
    7.5000   30.0000   37.5000 8722.4883   18.4216
   -7.5000   37.5000   37.5000 8104.9888   18.7526
    0.0000   37.5000   37.5000 8468.7646   18.7378
    7.5000   37.5000   37.5000 8139.8110   18.7484
   -7.5000   45.0000   37.5000 7248.2378   18.7240
    0.0000   45.0000   37.5000 7556.7124   18.7127
    7.5000   45.0000   37.5000 7276.6191   18.7210
   -7.5000  -45.0000   45.0000 9089.4365   18.6704
    0.0000  -45.0000   45.0000 9550.2988   18.6500
    7.5000  -45.0000   45.0000 9105.5068   18.6554
   -7.5000  -37.5000   45.0000 9389.9980   18.6358
    0.0000  -37.5000   45.0000 9860.1377   18.6132
    7.5000  -37.5000   45.0000 9414.9502   18.6187
   -7.5000  -30.0000   45.0000 9946.9971   18.6425
    0.0000  -30.0000   45.000010424.7197   18.6167
    7.5000  -30.0000   45.0000 9995.2373   18.6267
   -7.5000  -22.5000   45.000010395.4053   18.6905
    0.0000  -22.5000   45.000010882.2119   18.6631
    7.5000  -22.5000   45.000010454.4072   18.6765
   -7.5000  -15.0000   45.000010748.3594   18.7316
    0.0000  -15.0000   45.000011245.8506   18.7057
    7.5000  -15.0000   45.000010827.2646   18.7179
   -7.5000   -7.5000   45.000010996.4053   18.7183
    0.0000   -7.5000   45.000011492.3232   18.6962
    7.5000   -7.5000   45.000011079.8125   18.7048
   -7.5000    0.0000   45.000011104.1230   18.6704
    0.0000    0.0000   45.000011615.8379   18.6500
    7.5000    0.0000   45.000011178.3262   18.6554
   -7.5000    7.5000   45.000010381.5176   18.6357
    0.0000    7.5000   45.000010872.4766   18.6132
    7.5000    7.5000   45.000010451.1221   18.6187
   -7.5000   15.0000   45.0000 9574.6523   18.6745
    0.0000   15.0000   45.000010021.7500   18.6493
    7.5000   15.0000   45.0000 9615.6982   18.6602
   -7.5000   22.5000   45.0000 8804.9023   18.8385
    0.0000   22.5000   45.0000 9207.4453   18.8100
    7.5000   22.5000   45.0000 8829.0498   18.8240
   -7.5000   30.0000   45.0000 7990.5405   18.8720
    0.0000   30.0000   45.0000 8345.3486   18.8427
    7.5000   30.0000   45.0000 7995.0781   18.8538
   -7.5000   37.5000   45.0000 7474.0420   19.2096
    0.0000   37.5000   45.0000 7789.4033   19.1885
    7.5000   37.5000   45.0000 7469.7686   19.1989
   -7.5000   45.0000   45.0000 6699.1221   19.2095
    0.0000   45.0000   45.0000 6974.1289   19.1899
    7.5000   45.0000   45.0000 6705.2441   19.1980

---------------------------------------------------------------------
imgreg_4dfp /opt/freesurfer/average/711-2C_as_mni_average_305 /opt/freesurfer/average/711-2B_as_mni_average_305_mask talsrcimg_g11 none talsrcimg_to_711-2C_as_mni_average_305_t4 4355
---------------------------------------------------------------------

freesurfer imgreg_4dfp.c
/opt/freesurfer/average/711-2C_as_mni_average_305.4dfp.img
       256       256       256         1
  1.000000  1.000000  1.000000
orientation T byte_order littleendian
Reading image: /opt/freesurfer/average/711-2C_as_mni_average_305.4dfp.img
dimensions:      256       256       256
mmppix:       1.0000   -1.0000   -1.0000
center:     128.0000 -129.0000 -129.0000
/opt/freesurfer/average/711-2B_as_mni_average_305_mask.4dfp.img
       256       256       256         1
  1.000000  1.000000  1.000000
orientation T byte_order littleendian
Reading mask: /opt/freesurfer/average/711-2B_as_mni_average_305_mask.4dfp.img (2306576 pixels)
talsrcimg_g11.4dfp.img
       256       256       256         1
  1.000000  1.000000  1.000000
orientation T byte_order littleendian
Reading image: talsrcimg_g11.4dfp.img
dimensions:      256       256       256
mmppix:       1.0000   -1.0000   -1.0000
center:     128.0000 -129.0000 -129.0000
rotation matrix determinant  1.000000
image alignment mode   4355 decimal     1103 hex
   -7.5000  -45.0000  -45.0000 2356.1929   14.4587
    0.0000  -45.0000  -45.0000 2379.3882   14.3334
    7.5000  -45.0000  -45.0000 2363.3833   14.4741
   -7.5000  -37.5000  -45.0000 2377.9204   14.1102
    0.0000  -37.5000  -45.0000 2403.0295   13.9767
    7.5000  -37.5000  -45.0000 2385.7954   14.1098
   -7.5000  -30.0000  -45.0000 2380.5156   13.9329
    0.0000  -30.0000  -45.0000 2413.7124   13.7885
    7.5000  -30.0000  -45.0000 2396.8501   13.8999
   -7.5000  -22.5000  -45.0000 2378.6465   13.8744
    0.0000  -22.5000  -45.0000 2417.9280   13.6980
    7.5000  -22.5000  -45.0000 2400.5696   13.8198
   -7.5000  -15.0000  -45.0000 2380.2595   13.9273
    0.0000  -15.0000  -45.0000 2411.8499   13.7334
    7.5000  -15.0000  -45.0000 2402.2375   13.8318
   -7.5000   -7.5000  -45.0000 2367.3171   14.1760
    0.0000   -7.5000  -45.0000 2402.2798   13.9706
    7.5000   -7.5000  -45.0000 2394.0679   14.1048
   -7.5000    0.0000  -45.0000 2336.5049   14.6846
    0.0000    0.0000  -45.0000 2374.4807   14.4835
    7.5000    0.0000  -45.0000 2360.6062   14.6214
   -7.5000    7.5000  -45.0000 2287.7854   15.4574
    0.0000    7.5000  -45.0000 2322.7654   15.2403
    7.5000    7.5000  -45.0000 2309.3638   15.3599
   -7.5000   15.0000  -45.0000 2211.5806   16.5072
    0.0000   15.0000  -45.0000 2240.0901   16.2489
    7.5000   15.0000  -45.0000 2226.3833   16.3796
   -7.5000   22.5000  -45.0000 2114.8669   17.9144
    0.0000   22.5000  -45.0000 2143.5647   17.6346
    7.5000   22.5000  -45.0000 2129.0945   17.8317
   -7.5000   30.0000  -45.0000 1998.5055   19.8916
    0.0000   30.0000  -45.0000 2026.2736   19.5646
    7.5000   30.0000  -45.0000 2011.6550   19.7781
   -7.5000   37.5000  -45.0000 1870.4390   22.4756
    0.0000   37.5000  -45.0000 1897.0581   22.1223
    7.5000   37.5000  -45.0000 1887.6622   22.3853
   -7.5000   45.0000  -45.0000 1736.3306   26.0865
    0.0000   45.0000  -45.0000 1761.9979   25.7035
    7.5000   45.0000  -45.0000 1747.3394   25.9177
   -7.5000  -45.0000  -37.5000 2433.1772   13.4253
    0.0000  -45.0000  -37.5000 2461.4756   13.2982
    7.5000  -45.0000  -37.5000 2442.4287   13.4283
   -7.5000  -37.5000  -37.5000 2463.1570   13.0478
    0.0000  -37.5000  -37.5000 2488.0771   12.9212
    7.5000  -37.5000  -37.5000 2474.9390   13.0381
   -7.5000  -30.0000  -37.5000 2477.9343   12.9059
    0.0000  -30.0000  -37.5000 2507.7703   12.7409
    7.5000  -30.0000  -37.5000 2494.5681   12.8631
   -7.5000  -22.5000  -37.5000 2489.9800   12.8756
    0.0000  -22.5000  -37.5000 2526.5669   12.7229
    7.5000  -22.5000  -37.5000 2508.2830   12.8365
   -7.5000  -15.0000  -37.5000 2489.5034   12.9704
    0.0000  -15.0000  -37.5000 2523.1228   12.8194
    7.5000  -15.0000  -37.5000 2510.7424   12.9156
   -7.5000   -7.5000  -37.5000 2472.3772   13.2520
    0.0000   -7.5000  -37.5000 2513.0305   13.0844
    7.5000   -7.5000  -37.5000 2497.0740   13.1775
   -7.5000    0.0000  -37.5000 2438.3716   13.7310
    0.0000    0.0000  -37.5000 2477.4973   13.5460
    7.5000    0.0000  -37.5000 2462.2617   13.6533
   -7.5000    7.5000  -37.5000 2384.9548   14.4274
    0.0000    7.5000  -37.5000 2424.6997   14.2431
    7.5000    7.5000  -37.5000 2406.4902   14.3322
   -7.5000   15.0000  -37.5000 2303.2788   15.3945
    0.0000   15.0000  -37.5000 2337.7554   15.1795
    7.5000   15.0000  -37.5000 2320.8928   15.2773
   -7.5000   22.5000  -37.5000 2196.7256   16.7389
    0.0000   22.5000  -37.5000 2228.2139   16.4910
    7.5000   22.5000  -37.5000 2213.4006   16.6048
   -7.5000   30.0000  -37.5000 2072.7944   18.5560
    0.0000   30.0000  -37.5000 2104.4082   18.2890
    7.5000   30.0000  -37.5000 2088.2898   18.4377
   -7.5000   37.5000  -37.5000 1938.3574   20.9506
    0.0000   37.5000  -37.5000 1966.5458   20.6241
    7.5000   37.5000  -37.5000 1953.2786   20.8398
   -7.5000   45.0000  -37.5000 1795.2938   24.2149
    0.0000   45.0000  -37.5000 1820.1835   23.8467
    7.5000   45.0000  -37.5000 1805.3533   24.1082
   -7.5000  -45.0000  -30.0000 2557.3826   12.9079
    0.0000  -45.0000  -30.0000 2581.9856   12.8193
    7.5000  -45.0000  -30.0000 2565.2930   12.9471
   -7.5000  -37.5000  -30.0000 2592.8423   12.5247
    0.0000  -37.5000  -30.0000 2619.6707   12.4202
    7.5000  -37.5000  -30.0000 2605.3901   12.5327
   -7.5000  -30.0000  -30.0000 2612.0149   12.3907
    0.0000  -30.0000  -30.0000 2641.2317   12.2603
    7.5000  -30.0000  -30.0000 2631.3997   12.3574
   -7.5000  -22.5000  -30.0000 2632.0532   12.3710
    0.0000  -22.5000  -30.0000 2672.0906   12.2223
    7.5000  -22.5000  -30.0000 2650.5286   12.3193
   -7.5000  -15.0000  -30.0000 2639.7188   12.4801
    0.0000  -15.0000  -30.0000 2679.2834   12.3701
    7.5000  -15.0000  -30.0000 2658.4968   12.4400
   -7.5000   -7.5000  -30.0000 2627.2329   12.7925
    0.0000   -7.5000  -30.0000 2670.4468   12.6611
    7.5000   -7.5000  -30.0000 2647.0845   12.7269
   -7.5000    0.0000  -30.0000 2592.2485   13.2865
    0.0000    0.0000  -30.0000 2634.5278   13.1283
    7.5000    0.0000  -30.0000 2610.7305   13.2108
   -7.5000    7.5000  -30.0000 2526.2417   13.9687
    0.0000    7.5000  -30.0000 2568.3306   13.8077
    7.5000    7.5000  -30.0000 2546.3008   13.8894
   -7.5000   15.0000  -30.0000 2432.4360   14.9082
    0.0000   15.0000  -30.0000 2469.6262   14.7224
    7.5000   15.0000  -30.0000 2451.8330   14.8188
   -7.5000   22.5000  -30.0000 2319.0659   16.2334
    0.0000   22.5000  -30.0000 2348.1353   15.9971
    7.5000   22.5000  -30.0000 2334.0723   16.1252
   -7.5000   30.0000  -30.0000 2189.8713   18.0159
    0.0000   30.0000  -30.0000 2215.2739   17.7692
    7.5000   30.0000  -30.0000 2200.0095   17.8797
   -7.5000   37.5000  -30.0000 2035.6981   20.3302
    0.0000   37.5000  -30.0000 2063.2190   20.0503
    7.5000   37.5000  -30.0000 2046.3893   20.1822
   -7.5000   45.0000  -30.0000 1879.2247   23.4118
    0.0000   45.0000  -30.0000 1906.7522   23.1079
    7.5000   45.0000  -30.0000 1890.3479   23.2480
   -7.5000  -45.0000  -22.5000 2642.2073   12.4256
    0.0000  -45.0000  -22.5000 2666.1204   12.3537
    7.5000  -45.0000  -22.5000 2648.3667   12.4823
   -7.5000  -37.5000  -22.5000 2687.2854   11.9737
    0.0000  -37.5000  -22.5000 2719.2207   11.9126
    7.5000  -37.5000  -22.5000 2700.3193   12.0220
   -7.5000  -30.0000  -22.5000 2715.3096   11.7971
    0.0000  -30.0000  -22.5000 2752.0229   11.7196
    7.5000  -30.0000  -22.5000 2735.0383   11.8203
   -7.5000  -22.5000  -22.5000 2744.1848   11.7692
    0.0000  -22.5000  -22.5000 2786.4680   11.6536
    7.5000  -22.5000  -22.5000 2762.0742   11.7508
   -7.5000  -15.0000  -22.5000 2759.4355   11.8813
    0.0000  -15.0000  -22.5000 2805.3555   11.7840
    7.5000  -15.0000  -22.5000 2771.7454   11.8785
   -7.5000   -7.5000  -22.5000 2755.2188   12.2380
    0.0000   -7.5000  -22.5000 2800.3506   12.1129
    7.5000   -7.5000  -22.5000 2770.7981   12.1935
   -7.5000    0.0000  -22.5000 2710.9333   12.7245
    0.0000    0.0000  -22.5000 2757.4990   12.5989
    7.5000    0.0000  -22.5000 2732.5718   12.6730
   -7.5000    7.5000  -22.5000 2640.3284   13.3950
    0.0000    7.5000  -22.5000 2682.7866   13.2499
    7.5000    7.5000  -22.5000 2657.7478   13.3459
   -7.5000   15.0000  -22.5000 2538.2681   14.3230
    0.0000   15.0000  -22.5000 2575.5173   14.1639
    7.5000   15.0000  -22.5000 2553.3667   14.2525
   -7.5000   22.5000  -22.5000 2407.7332   15.6602
    0.0000   22.5000  -22.5000 2441.0244   15.4616
    7.5000   22.5000  -22.5000 2419.5115   15.5638
   -7.5000   30.0000  -22.5000 2269.9146   17.3992
    0.0000   30.0000  -22.5000 2297.0354   17.1449
    7.5000   30.0000  -22.5000 2277.6694   17.2625
   -7.5000   37.5000  -22.5000 2108.8811   19.6426
    0.0000   37.5000  -22.5000 2136.1108   19.3457
    7.5000   37.5000  -22.5000 2117.7339   19.4873
   -7.5000   45.0000  -22.5000 1942.7328   22.5753
    0.0000   45.0000  -22.5000 1968.3657   22.2541
    7.5000   45.0000  -22.5000 1954.7078   22.4025
   -7.5000  -45.0000  -15.0000 2689.5032   12.0080
    0.0000  -45.0000  -15.0000 2718.3606   11.9396
    7.5000  -45.0000  -15.0000 2701.5723   12.0949
   -7.5000  -37.5000  -15.0000 2750.1497   11.5120
    0.0000  -37.5000  -15.0000 2782.6438   11.4325
    7.5000  -37.5000  -15.0000 2766.5442   11.5654
   -7.5000  -30.0000  -15.0000 2793.5598   11.2900
    0.0000  -30.0000  -15.0000 2831.1477   11.2163
    7.5000  -30.0000  -15.0000 2814.7830   11.3238
   -7.5000  -22.5000  -15.0000 2833.6765   11.2662
    0.0000  -22.5000  -15.0000 2879.1982   11.1706
    7.5000  -22.5000  -15.0000 2851.9761   11.2729
   -7.5000  -15.0000  -15.0000 2855.5090   11.3758
    0.0000  -15.0000  -15.0000 2910.9319   11.2456
    7.5000  -15.0000  -15.0000 2870.5388   11.3783
   -7.5000   -7.5000  -15.0000 2848.5588   11.7112
    0.0000   -7.5000  -15.0000 2898.0132   11.5800
    7.5000   -7.5000  -15.0000 2864.4082   11.6794
   -7.5000    0.0000  -15.0000 2791.9377   12.1711
    0.0000    0.0000  -15.0000 2843.5962   12.0452
    7.5000    0.0000  -15.0000 2814.5364   12.1372
   -7.5000    7.5000  -15.0000 2713.9236   12.8588
    0.0000    7.5000  -15.0000 2758.0952   12.7002
    7.5000    7.5000  -15.0000 2732.9688   12.8111
   -7.5000   15.0000  -15.0000 2601.4011   13.8334
    0.0000   15.0000  -15.0000 2642.1746   13.6442
    7.5000   15.0000  -15.0000 2619.4575   13.7574
   -7.5000   22.5000  -15.0000 2461.6018   15.1574
    0.0000   22.5000  -15.0000 2499.8606   14.9525
    7.5000   22.5000  -15.0000 2476.6914   15.0913
   -7.5000   30.0000  -15.0000 2317.0884   16.8533
    0.0000   30.0000  -15.0000 2351.9233   16.6091
    7.5000   30.0000  -15.0000 2330.8403   16.7422
   -7.5000   37.5000  -15.0000 2147.3667   19.0356
    0.0000   37.5000  -15.0000 2181.4890   18.7308
    7.5000   37.5000  -15.0000 2162.1306   18.9053
   -7.5000   45.0000  -15.0000 1979.2639   21.8798
    0.0000   45.0000  -15.0000 2012.6766   21.5253
    7.5000   45.0000  -15.0000 1993.8052   21.7562
   -7.5000  -45.0000   -7.5000 2710.1282   11.6873
    0.0000  -45.0000   -7.5000 2740.5190   11.5776
    7.5000  -45.0000   -7.5000 2719.1716   11.7949
   -7.5000  -37.5000   -7.5000 2780.6101   11.1670
    0.0000  -37.5000   -7.5000 2821.6096   11.0416
    7.5000  -37.5000   -7.5000 2798.3362   11.2216
   -7.5000  -30.0000   -7.5000 2840.2334   10.9103
    0.0000  -30.0000   -7.5000 2888.6655   10.7818
    7.5000  -30.0000   -7.5000 2859.4294   10.9584
   -7.5000  -22.5000   -7.5000 2895.9883   10.8900
    0.0000  -22.5000   -7.5000 2956.1023   10.7623
    7.5000  -22.5000   -7.5000 2920.8577   10.9212
   -7.5000  -15.0000   -7.5000 2919.0276   11.0121
    0.0000  -15.0000   -7.5000 2997.1108   10.8164
    7.5000  -15.0000   -7.5000 2940.9453   11.0078
   -7.5000   -7.5000   -7.5000 2903.6792   11.2978
    0.0000   -7.5000   -7.5000 2973.8611   11.1155
    7.5000   -7.5000   -7.5000 2923.9934   11.2865
   -7.5000    0.0000   -7.5000 2839.5215   11.7877
    0.0000    0.0000   -7.5000 2892.2576   11.5961
    7.5000    0.0000   -7.5000 2859.0498   11.7527
   -7.5000    7.5000   -7.5000 2752.9419   12.4934
    0.0000    7.5000   -7.5000 2801.3538   12.2709
    7.5000    7.5000   -7.5000 2776.4395   12.4235
   -7.5000   15.0000   -7.5000 2635.4170   13.4716
    0.0000   15.0000   -7.5000 2679.4719   13.2508
    7.5000   15.0000   -7.5000 2654.6123   13.3937
   -7.5000   22.5000   -7.5000 2491.4404   14.8233
    0.0000   22.5000   -7.5000 2529.6204   14.5856
    7.5000   22.5000   -7.5000 2508.1924   14.7280
   -7.5000   30.0000   -7.5000 2337.9561   16.4875
    0.0000   30.0000   -7.5000 2374.1775   16.2230
    7.5000   30.0000   -7.5000 2356.1519   16.3852
   -7.5000   37.5000   -7.5000 2169.8203   18.6442
    0.0000   37.5000   -7.5000 2203.0593   18.3347
    7.5000   37.5000   -7.5000 2186.0693   18.5284
   -7.5000   45.0000   -7.5000 1996.6387   21.4027
    0.0000   45.0000   -7.5000 2030.1500   21.0428
    7.5000   45.0000   -7.5000 2012.6588   21.2521
   -7.5000  -45.0000    0.0000 2717.3147   11.5632
    0.0000  -45.0000    0.0000 2745.4492   11.4208
    7.5000  -45.0000    0.0000 2717.5403   11.6718
   -7.5000  -37.5000    0.0000 2791.1987   11.0001
    0.0000  -37.5000    0.0000 2827.5215   10.8427
    7.5000  -37.5000    0.0000 2800.0007   11.0800
   -7.5000  -30.0000    0.0000 2855.6370   10.7549
    0.0000  -30.0000    0.0000 2909.9553   10.5775
    7.5000  -30.0000    0.0000 2877.4058   10.8157
   -7.5000  -22.5000    0.0000 2917.6870   10.7644
    0.0000  -22.5000    0.0000 2989.6821   10.5683
    7.5000  -22.5000    0.0000 2948.2261   10.8206
   -7.5000  -15.0000    0.0000 2952.3088   10.9024
    0.0000  -15.0000    0.0000 3039.5039   10.6657
    7.5000  -15.0000    0.0000 2977.2153   10.9170
   -7.5000   -7.5000    0.0000 2929.4731   11.1730
    0.0000   -7.5000    0.0000 3006.4285   10.8993
    7.5000   -7.5000    0.0000 2948.4736   11.1538
   -7.5000    0.0000    0.0000 2855.6658   11.6405
    0.0000    0.0000    0.0000 2907.7473   11.4401
    7.5000    0.0000    0.0000 2871.4395   11.6024
   -7.5000    7.5000    0.0000 2758.0415   12.3532
    0.0000    7.5000    0.0000 2804.3115   12.1567
    7.5000    7.5000    0.0000 2780.9402   12.2577
   -7.5000   15.0000    0.0000 2635.9199   13.3516
    0.0000   15.0000    0.0000 2677.9946   13.1433
    7.5000   15.0000    0.0000 2657.8464   13.2376
   -7.5000   22.5000    0.0000 2498.4607   14.6746
    0.0000   22.5000    0.0000 2536.5566   14.4740
    7.5000   22.5000    0.0000 2515.6421   14.5729
   -7.5000   30.0000    0.0000 2341.6421   16.3378
    0.0000   30.0000    0.0000 2378.1914   16.1244
    7.5000   30.0000    0.0000 2359.7036   16.2166
   -7.5000   37.5000    0.0000 2177.9377   18.4612
    0.0000   37.5000    0.0000 2209.4927   18.2462
    7.5000   37.5000    0.0000 2195.7485   18.3330
   -7.5000   45.0000    0.0000 1998.6121   21.0824
    0.0000   45.0000    0.0000 2031.7505   20.8025
    7.5000   45.0000    0.0000 2016.9645   20.9270
   -7.5000  -45.0000    7.5000 2705.3240   11.6812
    0.0000  -45.0000    7.5000 2734.6089   11.4847
    7.5000  -45.0000    7.5000 2703.0786   11.7509
   -7.5000  -37.5000    7.5000 2779.3562   11.1138
    0.0000  -37.5000    7.5000 2815.7485   10.9073
    7.5000  -37.5000    7.5000 2786.0654   11.1787
   -7.5000  -30.0000    7.5000 2850.2566   10.8832
    0.0000  -30.0000    7.5000 2898.7170   10.6800
    7.5000  -30.0000    7.5000 2869.2930   10.9481
   -7.5000  -22.5000    7.5000 2902.1665   10.8913
    0.0000  -22.5000    7.5000 2971.3464   10.7139
    7.5000  -22.5000    7.5000 2930.5283   10.9476
   -7.5000  -15.0000    7.5000 2930.5920   11.0451
    0.0000  -15.0000    7.5000 3005.7017   10.8359
    7.5000  -15.0000    7.5000 2955.3193   11.0656
   -7.5000   -7.5000    7.5000 2911.7429   11.3240
    0.0000   -7.5000    7.5000 2976.5657   11.1820
    7.5000   -7.5000    7.5000 2929.0154   11.2997
   -7.5000    0.0000    7.5000 2837.9529   11.8026
    0.0000    0.0000    7.5000 2890.9702   11.6817
    7.5000    0.0000    7.5000 2851.7825   11.7743
   -7.5000    7.5000    7.5000 2735.0857   12.5292
    0.0000    7.5000    7.5000 2777.7874   12.3496
    7.5000    7.5000    7.5000 2755.8069   12.4237
   -7.5000   15.0000    7.5000 2615.8491   13.5150
    0.0000   15.0000    7.5000 2653.7227   13.2998
    7.5000   15.0000    7.5000 2637.1807   13.3696
   -7.5000   22.5000    7.5000 2480.6614   14.7867
    0.0000   22.5000    7.5000 2512.2280   14.5582
    7.5000   22.5000    7.5000 2500.6025   14.6435
   -7.5000   30.0000    7.5000 2332.3098   16.3987
    0.0000   30.0000    7.5000 2366.8770   16.1320
    7.5000   30.0000    7.5000 2348.2996   16.2452
   -7.5000   37.5000    7.5000 2163.5972   18.4682
    0.0000   37.5000    7.5000 2194.9478   18.1919
    7.5000   37.5000    7.5000 2182.8135   18.3156
   -7.5000   45.0000    7.5000 1981.7043   21.0282
    0.0000   45.0000    7.5000 2016.0363   20.7024
    7.5000   45.0000    7.5000 2003.1573   20.9216
   -7.5000  -45.0000   15.0000 2674.0896   12.0703
    0.0000  -45.0000   15.0000 2700.3948   11.8915
    7.5000  -45.0000   15.0000 2672.3906   12.1675
   -7.5000  -37.5000   15.0000 2752.8643   11.5224
    0.0000  -37.5000   15.0000 2778.3459   11.3451
    7.5000  -37.5000   15.0000 2753.1790   11.5982
   -7.5000  -30.0000   15.0000 2819.0601   11.2795
    0.0000  -30.0000   15.0000 2859.6450   11.0960
    7.5000  -30.0000   15.0000 2832.4695   11.3291
   -7.5000  -22.5000   15.0000 2860.7688   11.2811
    0.0000  -22.5000   15.0000 2909.0500   11.0413
    7.5000  -22.5000   15.0000 2881.7832   11.2845
   -7.5000  -15.0000   15.0000 2878.5149   11.4182
    0.0000  -15.0000   15.0000 2927.9368   11.1939
    7.5000  -15.0000   15.0000 2900.6257   11.4089
   -7.5000   -7.5000   15.0000 2848.8853   11.7183
    0.0000   -7.5000   15.0000 2903.5476   11.5344
    7.5000   -7.5000   15.0000 2872.7554   11.6977
   -7.5000    0.0000   15.0000 2784.1553   12.2312
    0.0000    0.0000   15.0000 2832.5815   12.0716
    7.5000    0.0000   15.0000 2799.2217   12.1952
   -7.5000    7.5000   15.0000 2679.5779   12.9733
    0.0000    7.5000   15.0000 2719.5500   12.7833
    7.5000    7.5000   15.0000 2699.4150   12.8787
   -7.5000   15.0000   15.0000 2568.0708   13.9188
    0.0000   15.0000   15.0000 2603.2861   13.7149
    7.5000   15.0000   15.0000 2586.8186   13.7948
   -7.5000   22.5000   15.0000 2439.8052   15.1476
    0.0000   22.5000   15.0000 2475.2087   14.9131
    7.5000   22.5000   15.0000 2458.6526   14.9933
   -7.5000   30.0000   15.0000 2293.4709   16.6974
    0.0000   30.0000   15.0000 2328.0483   16.4020
    7.5000   30.0000   15.0000 2313.7747   16.4964
   -7.5000   37.5000   15.0000 2132.2969   18.7101
    0.0000   37.5000   15.0000 2161.8303   18.3847
    7.5000   37.5000   15.0000 2150.6685   18.4911
   -7.5000   45.0000   15.0000 1958.4397   21.2396
    0.0000   45.0000   15.0000 1984.8905   20.8708
    7.5000   45.0000   15.0000 1979.0391   21.0397
   -7.5000  -45.0000   22.5000 2628.9136   12.7629
    0.0000  -45.0000   22.5000 2659.2732   12.5754
    7.5000  -45.0000   22.5000 2623.9568   12.8116
   -7.5000  -37.5000   22.5000 2708.3364   12.1476
    0.0000  -37.5000   22.5000 2739.3936   11.9384
    7.5000  -37.5000   22.5000 2707.1829   12.1833
   -7.5000  -30.0000   22.5000 2768.5486   11.8318
    0.0000  -30.0000   22.5000 2807.1072   11.6113
    7.5000  -30.0000   22.5000 2776.5200   11.8391
   -7.5000  -22.5000   22.5000 2803.9536   11.7933
    0.0000  -22.5000   22.5000 2850.5408   11.5556
    7.5000  -22.5000   22.5000 2813.9697   11.7780
   -7.5000  -15.0000   22.5000 2802.1021   11.9702
    0.0000  -15.0000   22.5000 2844.5554   11.7628
    7.5000  -15.0000   22.5000 2820.0806   11.9503
   -7.5000   -7.5000   22.5000 2765.9302   12.2954
    0.0000   -7.5000   22.5000 2812.8403   12.0956
    7.5000   -7.5000   22.5000 2791.2876   12.2678
   -7.5000    0.0000   22.5000 2704.0754   12.8212
    0.0000    0.0000   22.5000 2749.5864   12.6391
    7.5000    0.0000   22.5000 2721.9377   12.7779
   -7.5000    7.5000   22.5000 2611.5828   13.5815
    0.0000    7.5000   22.5000 2648.6631   13.3586
    7.5000    7.5000   22.5000 2629.8901   13.4693
   -7.5000   15.0000   22.5000 2507.3909   14.5149
    0.0000   15.0000   22.5000 2541.3308   14.3065
    7.5000   15.0000   22.5000 2526.0562   14.4012
   -7.5000   22.5000   22.5000 2388.4651   15.7342
    0.0000   22.5000   22.5000 2418.5771   15.5031
    7.5000   22.5000   22.5000 2405.6951   15.5826
   -7.5000   30.0000   22.5000 2247.3643   17.2448
    0.0000   30.0000   22.5000 2271.5930   16.9531
    7.5000   30.0000   22.5000 2263.3401   17.0483
   -7.5000   37.5000   22.5000 2092.4426   19.1689
    0.0000   37.5000   22.5000 2115.6096   18.8684
    7.5000   37.5000   22.5000 2102.0923   19.0088
   -7.5000   45.0000   22.5000 1927.3488   21.7060
    0.0000   45.0000   22.5000 1951.7764   21.3506
    7.5000   45.0000   22.5000 1936.7620   21.5293
   -7.5000  -45.0000   30.0000 2571.7827   13.6145
    0.0000  -45.0000   30.0000 2602.9844   13.4449
    7.5000  -45.0000   30.0000 2565.2495   13.6325
   -7.5000  -37.5000   30.0000 2641.9604   12.9061
    0.0000  -37.5000   30.0000 2679.9832   12.7124
    7.5000  -37.5000   30.0000 2645.4399   12.9340
   -7.5000  -30.0000   30.0000 2694.1511   12.5435
    0.0000  -30.0000   30.0000 2741.3757   12.3418
    7.5000  -30.0000   30.0000 2704.4097   12.5454
   -7.5000  -22.5000   30.0000 2728.8835   12.4790
    0.0000  -22.5000   30.0000 2771.2344   12.2864
    7.5000  -22.5000   30.0000 2734.5742   12.4738
   -7.5000  -15.0000   30.0000 2719.5000   12.6685
    0.0000  -15.0000   30.0000 2758.1726   12.4758
    7.5000  -15.0000   30.0000 2727.1819   12.6294
   -7.5000   -7.5000   30.0000 2679.0793   13.0482
    0.0000   -7.5000   30.0000 2724.2446   12.8294
    7.5000   -7.5000   30.0000 2697.4443   12.9876
   -7.5000    0.0000   30.0000 2608.2891   13.5888
    0.0000    0.0000   30.0000 2654.1736   13.3937
    7.5000    0.0000   30.0000 2624.4985   13.5208
   -7.5000    7.5000   30.0000 2528.7449   14.3163
    0.0000    7.5000   30.0000 2561.9033   14.0961
    7.5000    7.5000   30.0000 2541.7275   14.2040
   -7.5000   15.0000   30.0000 2434.4575   15.2281
    0.0000   15.0000   30.0000 2463.0437   15.0207
    7.5000   15.0000   30.0000 2445.6248   15.1367
   -7.5000   22.5000   30.0000 2325.3865   16.4158
    0.0000   22.5000   30.0000 2353.0986   16.2312
    7.5000   22.5000   30.0000 2336.5876   16.3258
   -7.5000   30.0000   30.0000 2183.2637   17.9629
    0.0000   30.0000   30.0000 2212.7681   17.7182
    7.5000   30.0000   30.0000 2197.4023   17.8192
   -7.5000   37.5000   30.0000 2035.7649   19.8997
    0.0000   37.5000   30.0000 2065.1345   19.6566
    7.5000   37.5000   30.0000 2048.2759   19.7856
   -7.5000   45.0000   30.0000 1887.5426   22.4953
    0.0000   45.0000   30.0000 1900.8527   22.0986
    7.5000   45.0000   30.0000 1896.0248   22.2916
   -7.5000  -45.0000   37.5000 2506.8140   14.6092
    0.0000  -45.0000   37.5000 2533.7988   14.4446
    7.5000  -45.0000   37.5000 2498.8413   14.6045
   -7.5000  -37.5000   37.5000 2572.3047   13.8538
    0.0000  -37.5000   37.5000 2604.0886   13.6828
    7.5000  -37.5000   37.5000 2571.1079   13.8546
   -7.5000  -30.0000   37.5000 2613.3833   13.4341
    0.0000  -30.0000   37.5000 2653.8892   13.2587
    7.5000  -30.0000   37.5000 2621.0586   13.4299
   -7.5000  -22.5000   37.5000 2636.1819   13.3350
    0.0000  -22.5000   37.5000 2674.8594   13.1791
    7.5000  -22.5000   37.5000 2645.4932   13.3327
   -7.5000  -15.0000   37.5000 2621.3416   13.5175
    0.0000  -15.0000   37.5000 2658.5046   13.3563
    7.5000  -15.0000   37.5000 2634.4746   13.5174
   -7.5000   -7.5000   37.5000 2584.2256   13.9252
    0.0000   -7.5000   37.5000 2617.1411   13.7359
    7.5000   -7.5000   37.5000 2599.7224   13.8883
   -7.5000    0.0000   37.5000 2523.5989   14.4658
    0.0000    0.0000   37.5000 2562.2395   14.2677
    7.5000    0.0000   37.5000 2542.3523   14.4033
   -7.5000    7.5000   37.5000 2446.4263   15.1897
    0.0000    7.5000   37.5000 2485.8774   14.9592
    7.5000    7.5000   37.5000 2463.2104   15.0700
   -7.5000   15.0000   37.5000 2356.1079   16.0896
    0.0000   15.0000   37.5000 2382.7473   15.8530
    7.5000   15.0000   37.5000 2369.2366   15.9766
   -7.5000   22.5000   37.5000 2249.0039   17.3018
    0.0000   22.5000   37.5000 2272.2258   17.0695
    7.5000   22.5000   37.5000 2258.2490   17.1698
   -7.5000   30.0000   37.5000 2115.3469   18.8817
    0.0000   30.0000   37.5000 2139.6108   18.6584
    7.5000   30.0000   37.5000 2127.7759   18.7802
   -7.5000   37.5000   37.5000 1976.3964   20.8791
    0.0000   37.5000   37.5000 2002.6963   20.6103
    7.5000   37.5000   37.5000 1990.9987   20.7645
   -7.5000   45.0000   37.5000 1830.7251   23.5487
    0.0000   45.0000   37.5000 1850.9756   23.1426
    7.5000   45.0000   37.5000 1843.8632   23.3815
   -7.5000  -45.0000   45.0000 2428.1575   15.7994
    0.0000  -45.0000   45.0000 2453.9243   15.6459
    7.5000  -45.0000   45.0000 2416.8635   15.7823
   -7.5000  -37.5000   45.0000 2489.7153   14.9843
    0.0000  -37.5000   45.0000 2518.6543   14.8086
    7.5000  -37.5000   45.0000 2487.3689   14.9617
   -7.5000  -30.0000   45.0000 2524.8628   14.5179
    0.0000  -30.0000   45.0000 2553.0713   14.3527
    7.5000  -30.0000   45.0000 2532.0151   14.5133
   -7.5000  -22.5000   45.0000 2534.6189   14.3997
    0.0000  -22.5000   45.0000 2559.5474   14.2334
    7.5000  -22.5000   45.0000 2541.0376   14.3847
   -7.5000  -15.0000   45.0000 2514.7893   14.5998
    0.0000  -15.0000   45.0000 2543.8384   14.4372
    7.5000  -15.0000   45.0000 2527.4143   14.5995
   -7.5000   -7.5000   45.0000 2482.9456   14.9994
    0.0000   -7.5000   45.0000 2505.8899   14.8048
    7.5000   -7.5000   45.0000 2500.5073   14.9582
   -7.5000    0.0000   45.0000 2426.9783   15.5562
    0.0000    0.0000   45.0000 2455.1077   15.3642
    7.5000    0.0000   45.0000 2442.4272   15.4950
   -7.5000    7.5000   45.0000 2354.8345   16.3054
    0.0000    7.5000   45.0000 2385.6270   16.0563
    7.5000    7.5000   45.0000 2374.6155   16.1822
   -7.5000   15.0000   45.0000 2268.4700   17.2115
    0.0000   15.0000   45.0000 2296.6042   16.9371
    7.5000   15.0000   45.0000 2283.2090   17.0408
   -7.5000   22.5000   45.0000 2166.3303   18.4059
    0.0000   22.5000   45.0000 2192.6328   18.1376
    7.5000   22.5000   45.0000 2178.4773   18.2467
   -7.5000   30.0000   45.0000 2041.2728   20.1172
    0.0000   30.0000   45.0000 2062.7427   19.8338
    7.5000   30.0000   45.0000 2051.3215   19.9312
   -7.5000   37.5000   45.0000 1913.1219   22.2320
    0.0000   37.5000   45.0000 1933.5642   21.8974
    7.5000   37.5000   45.0000 1920.1528   22.0305
   -7.5000   45.0000   45.0000 1771.9283   25.0388
    0.0000   45.0000   45.0000 1790.8610   24.5925
    7.5000   45.0000   45.0000 1784.9114   24.7534

---------------------------------------------------------------------
imgreg_4dfp /opt/freesurfer/average/711-2C_as_mni_average_305 /opt/freesurfer/average/711-2B_as_mni_average_305_mask talsrcimg_g11 none talsrcimg_to_711-2C_as_mni_average_305_t4 1283
---------------------------------------------------------------------

freesurfer imgreg_4dfp.c
/opt/freesurfer/average/711-2C_as_mni_average_305.4dfp.img
       256       256       256         1
  1.000000  1.000000  1.000000
orientation T byte_order littleendian
Reading image: /opt/freesurfer/average/711-2C_as_mni_average_305.4dfp.img
dimensions:      256       256       256
mmppix:       1.0000   -1.0000   -1.0000
center:     128.0000 -129.0000 -129.0000
/opt/freesurfer/average/711-2B_as_mni_average_305_mask.4dfp.img
       256       256       256         1
  1.000000  1.000000  1.000000
orientation T byte_order littleendian
Reading mask: /opt/freesurfer/average/711-2B_as_mni_average_305_mask.4dfp.img (2306576 pixels)
talsrcimg_g11.4dfp.img
       256       256       256         1
  1.000000  1.000000  1.000000
orientation T byte_order littleendian
Reading image: talsrcimg_g11.4dfp.img
dimensions:      256       256       256
mmppix:       1.0000   -1.0000   -1.0000
center:     128.0000 -129.0000 -129.0000
rotation matrix determinant  1.000000
fimgreg.f
image alignment mode   1283 decimal      503 hex
parameters
    0.0000  -15.0000    0.0000    0.0000    0.0000    0.0000
eta,q 0.95333 10.66448
niter,ni,del,rscale     5    3   12.0000    1.2000
parameter  4  2.824891 ->  0.500000 qaram    1.1500
parameter  6  0.501377 ->  0.500000 qaram    1.1500
parameters
    0.5755  -14.3961    0.4542   -3.4500    1.9611   -3.4500
eta,q 0.95732 10.63877
  0.0666  0.0587  0.0569  0.0449  0.0577  0.0449
  0.0588  0.0545  0.0529  0.0456  0.0537  0.0430
  0.0547  0.0525  0.0514  0.0477  0.0493  0.0428
  0.0523  0.0516  0.0511  0.0507  0.0460  0.0446
  0.0518  0.0515  0.0505  0.0540  0.0446  0.0470
  0.0551  0.0530  0.0515  0.0564  0.0459  0.0497
  0.0625  0.0563  0.0556  0.0591  0.0493  0.0530
niter,ni,del,rscale     6    3   12.0000    1.2000
parameters
    0.1580  -12.6299    0.0633   -5.9006    2.4688   -3.1356
eta,q 0.96069 10.69293
  0.0586  0.0601  0.0515  0.0449  0.0504  0.0482
  0.0498  0.0535  0.0463  0.0406  0.0455  0.0440
  0.0440  0.0472  0.0422  0.0394  0.0415  0.0411
  0.0427  0.0426  0.0411  0.0410  0.0395  0.0394
  0.0460  0.0411  0.0433  0.0459  0.0401  0.0402
  0.0533  0.0435  0.0484  0.0507  0.0431  0.0431
  0.0635  0.0481  0.0545  0.0556  0.0475  0.0468
niter,ni,del,rscale     5    3   12.0000    1.2000
parameters
    0.2473  -11.8759   -0.3770   -6.3487    2.4857   -2.9802
eta,q 0.96072 10.72173
  0.0590  0.0569  0.0495  0.0490  0.0485  0.0475
  0.0495  0.0491  0.0443  0.0443  0.0440  0.0435
  0.0423  0.0421  0.0404  0.0402  0.0406  0.0406
  0.0393  0.0393  0.0393  0.0393  0.0393  0.0393
  0.0417  0.0400  0.0413  0.0413  0.0406  0.0404
  0.0486  0.0433  0.0464  0.0463  0.0438  0.0431
  0.0581  0.0504  0.0533  0.0517  0.0485  0.0467
niter,ni,del,rscale     4    3   12.0000    1.2000
parameters
    0.1984  -11.7213   -0.4969   -6.5257    2.5237   -2.9282
eta,q 0.96068 10.72550
  0.0575  0.0544  0.0504  0.0495  0.0485  0.0472
  0.0481  0.0461  0.0450  0.0452  0.0441  0.0433
  0.0416  0.0406  0.0409  0.0407  0.0406  0.0405
  0.0393  0.0393  0.0393  0.0393  0.0393  0.0393
  0.0418  0.0407  0.0406  0.0407  0.0406  0.0405
  0.0486  0.0453  0.0451  0.0455  0.0438  0.0432
  0.0580  0.0526  0.0518  0.0510  0.0484  0.0469
niter,ni,del,rscale     3    3   12.0000    1.2000
parameters
    0.1660  -11.6697   -0.5333   -6.5898    2.5529   -2.9084
eta,q 0.96065 10.72605
  0.0575  0.0539  0.0506  0.0498  0.0485  0.0471
  0.0481  0.0456  0.0452  0.0455  0.0440  0.0433
  0.0417  0.0404  0.0411  0.0409  0.0406  0.0405
  0.0393  0.0393  0.0393  0.0393  0.0393  0.0393
  0.0417  0.0410  0.0405  0.0405  0.0406  0.0405
  0.0485  0.0457  0.0448  0.0452  0.0438  0.0433
  0.0578  0.0529  0.0515  0.0508  0.0484  0.0470
registration optimization eta report
parameter search radius
    6.0000    6.0000    6.0000    6.9000    6.0000    6.9000
100000*second partial in parameter space
       50.       39.       32.       23.       25.       16.
  0.0575  0.0539  0.0506  0.0498  0.0485  0.0471
  0.0481  0.0456  0.0452  0.0455  0.0440  0.0433
  0.0417  0.0404  0.0411  0.0409  0.0406  0.0405
  0.0393  0.0393  0.0393  0.0393  0.0393  0.0393
  0.0417  0.0410  0.0405  0.0405  0.0406  0.0405
  0.0485  0.0457  0.0448  0.0452  0.0438  0.0433
  0.0578  0.0529  0.0515  0.0508  0.0484  0.0470
    0.1660  -11.6697   -0.5333   -6.5898    2.5529   -2.9084
eta,q 0.96065 10.72605

---------------------------------------------------------------------
imgreg_4dfp /opt/freesurfer/average/711-2C_as_mni_average_305 /opt/freesurfer/average/711-2B_as_mni_average_305_mask talsrcimg_g11 none talsrcimg_to_711-2C_as_mni_average_305_t4 3335
---------------------------------------------------------------------

freesurfer imgreg_4dfp.c
/opt/freesurfer/average/711-2C_as_mni_average_305.4dfp.img
       256       256       256         1
  1.000000  1.000000  1.000000
orientation T byte_order littleendian
Reading image: /opt/freesurfer/average/711-2C_as_mni_average_305.4dfp.img
dimensions:      256       256       256
mmppix:       1.0000   -1.0000   -1.0000
center:     128.0000 -129.0000 -129.0000
/opt/freesurfer/average/711-2B_as_mni_average_305_mask.4dfp.img
       256       256       256         1
  1.000000  1.000000  1.000000
orientation T byte_order littleendian
Reading mask: /opt/freesurfer/average/711-2B_as_mni_average_305_mask.4dfp.img (2306576 pixels)
talsrcimg_g11.4dfp.img
       256       256       256         1
  1.000000  1.000000  1.000000
orientation T byte_order littleendian
Reading image: talsrcimg_g11.4dfp.img
dimensions:      256       256       256
mmppix:       1.0000   -1.0000   -1.0000
center:     128.0000 -129.0000 -129.0000
fimgreg.f
image alignment mode   3335 decimal      D07 hex
parameters
    0.1660  -11.6697   -0.5333   -0.2279   -0.8146   -0.7593
    5.5508   -3.8368   -5.0688   11.6857    4.4542  -11.4646
eta,q 0.96280 10.66344
niter,ni,del,rscale     5    3    5.0000    1.2000
parameter  4  1.362574 ->  0.500000 qaram    1.1500
parameter  5  0.956416 ->  0.500000 qaram    1.1500
parameter  6  0.516138 ->  0.500000 qaram    1.1500
parameters
    0.2449  -11.8556   -0.4690   -4.3679   -4.9546   -4.8993
    4.2901   -2.5021   -3.1620    9.8957    3.1876  -13.0137
eta,q 0.97266 10.29261
  0.0411  0.0392  0.0393  0.0302  0.0295  0.0299  0.0302  0.0353  0.0305  0.0294  0.0284  0.0283
  0.0390  0.0380  0.0382  0.0315  0.0296  0.0284  0.0288  0.0320  0.0292  0.0281  0.0278  0.0277
  0.0377  0.0373  0.0375  0.0337  0.0304  0.0281  0.0281  0.0295  0.0283  0.0275  0.0275  0.0274
  0.0372  0.0372  0.0372  0.0372  0.0320  0.0297  0.0281  0.0280  0.0277  0.0276  0.0274  0.0274
  0.0375  0.0376  0.0373  0.0416  0.0344  0.0329  0.0289  0.0278  0.0276  0.0286  0.0278  0.0278
  0.0387  0.0385  0.0380  0.0468  0.0373  0.0366  0.0304  0.0291  0.0279  0.0304  0.0284  0.0286
  0.0407  0.0398  0.0392  0.0524  0.0405  0.0412  0.0324  0.0316  0.0286  0.0330  0.0295  0.0297
niter,ni,del,rscale     7    3    5.0000    1.2000
parameter  4  0.612450 ->  0.500000 qaram    1.3225
parameters
    0.4988  -11.6246   -1.3464   -9.1289   -5.9739   -5.5042
    3.8097   -2.0772   -2.9129   10.2222    2.9901  -14.0870
eta,q 0.97397 10.01801
  0.0321  0.0304  0.0278  0.0256  0.0283  0.0292  0.0286  0.0309  0.0278  0.0289  0.0267  0.0271
  0.0298  0.0287  0.0272  0.0258  0.0270  0.0282  0.0272  0.0284  0.0269  0.0275  0.0263  0.0264
  0.0281  0.0277  0.0270  0.0262  0.0261  0.0271  0.0263  0.0267  0.0263  0.0265  0.0261  0.0261
  0.0273  0.0273  0.0273  0.0270  0.0259  0.0259  0.0261  0.0261  0.0261  0.0261  0.0261  0.0261
  0.0275  0.0274  0.0280  0.0290  0.0264  0.0258  0.0266  0.0264  0.0262  0.0262  0.0261  0.0264
  0.0286  0.0281  0.0292  0.0326  0.0278  0.0281  0.0277  0.0276  0.0267  0.0270  0.0263  0.0270
  0.0305  0.0293  0.0306  0.0376  0.0302  0.0318  0.0294  0.0299  0.0276  0.0286  0.0268  0.0279
niter,ni,del,rscale     7    3    5.0000    1.2000
parameters
    0.6675  -11.3204   -1.4676  -11.3723   -6.2134   -5.7096
    3.6929   -1.9871   -3.0604   10.4269    2.8851  -14.4503
eta,q 0.97423  9.87818
  0.0297  0.0288  0.0274  0.0276  0.0283  0.0286  0.0286  0.0300  0.0273  0.0283  0.0264  0.0270
  0.0278  0.0274  0.0266  0.0261  0.0270  0.0277  0.0271  0.0277  0.0265  0.0269  0.0261  0.0263
  0.0266  0.0264  0.0261  0.0257  0.0261  0.0268  0.0261  0.0263  0.0259  0.0261  0.0258  0.0259
  0.0260  0.0260  0.0260  0.0260  0.0257  0.0257  0.0258  0.0258  0.0258  0.0258  0.0258  0.0258
  0.0262  0.0261  0.0262  0.0265  0.0259  0.0254  0.0262  0.0262  0.0260  0.0260  0.0258  0.0260
  0.0272  0.0266  0.0268  0.0280  0.0270  0.0270  0.0272  0.0276  0.0266  0.0267  0.0261  0.0265
  0.0289  0.0277  0.0277  0.0313  0.0289  0.0301  0.0288  0.0298  0.0275  0.0280  0.0265  0.0273
niter,ni,del,rscale     6    3    5.0000    1.2000
parameters
    0.6703  -11.1978   -1.5767  -11.2036   -6.2285   -5.8128
    3.7241   -1.9893   -3.0016   10.6005    2.8152  -14.6723
eta,q 0.97419  9.88545
  0.0292  0.0281  0.0271  0.0292  0.0285  0.0287  0.0288  0.0299  0.0275  0.0282  0.0264  0.0271
  0.0273  0.0269  0.0263  0.0270  0.0271  0.0277  0.0272  0.0277  0.0266  0.0269  0.0261  0.0264
  0.0262  0.0261  0.0259  0.0259  0.0262  0.0269  0.0262  0.0262  0.0260  0.0261  0.0259  0.0259
  0.0258  0.0258  0.0258  0.0258  0.0258  0.0258  0.0258  0.0258  0.0258  0.0258  0.0258  0.0258
  0.0262  0.0259  0.0260  0.0262  0.0260  0.0254  0.0262  0.0263  0.0260  0.0260  0.0259  0.0260
  0.0273  0.0266  0.0266  0.0269  0.0269  0.0269  0.0272  0.0277  0.0265  0.0267  0.0261  0.0265
  0.0292  0.0277  0.0274  0.0288  0.0287  0.0300  0.0287  0.0299  0.0274  0.0280  0.0265  0.0273
niter,ni,del,rscale     5    3    5.0000    1.2000
parameters
    0.6727  -11.1578   -1.6339  -11.2362   -6.2401   -5.8639
    3.7302   -1.9862   -2.9666   10.6646    2.7995  -14.7516
eta,q 0.97418  9.88178
  0.0292  0.0280  0.0272  0.0291  0.0285  0.0287  0.0288  0.0299  0.0274  0.0282  0.0264  0.0272
  0.0274  0.0268  0.0264  0.0270  0.0272  0.0277  0.0272  0.0277  0.0266  0.0268  0.0261  0.0264
  0.0262  0.0261  0.0259  0.0259  0.0263  0.0269  0.0262  0.0263  0.0260  0.0261  0.0259  0.0260
  0.0258  0.0258  0.0258  0.0258  0.0258  0.0258  0.0258  0.0258  0.0258  0.0258  0.0258  0.0258
  0.0262  0.0260  0.0260  0.0263  0.0260  0.0254  0.0262  0.0263  0.0260  0.0260  0.0259  0.0260
  0.0273  0.0267  0.0265  0.0270  0.0269  0.0269  0.0272  0.0277  0.0265  0.0268  0.0261  0.0265
  0.0292  0.0278  0.0273  0.0290  0.0287  0.0299  0.0287  0.0299  0.0274  0.0281  0.0265  0.0272
niter,ni,del,rscale     4    3    5.0000    1.2000
parameters
    0.6738  -11.1364   -1.6583  -11.2413   -6.2498   -5.8877
    3.7320   -1.9858   -2.9536   10.6993    2.7668  -14.7908
eta,q 0.97417  9.88053
  0.0292  0.0280  0.0273  0.0291  0.0285  0.0287  0.0288  0.0299  0.0274  0.0281  0.0264  0.0272
  0.0274  0.0268  0.0265  0.0270  0.0272  0.0277  0.0272  0.0277  0.0266  0.0268  0.0261  0.0264
  0.0262  0.0261  0.0260  0.0259  0.0263  0.0269  0.0262  0.0263  0.0260  0.0261  0.0259  0.0260
  0.0258  0.0258  0.0258  0.0258  0.0258  0.0258  0.0258  0.0258  0.0258  0.0258  0.0258  0.0258
  0.0262  0.0261  0.0260  0.0263  0.0260  0.0254  0.0262  0.0263  0.0260  0.0260  0.0259  0.0260
  0.0274  0.0267  0.0265  0.0270  0.0269  0.0269  0.0272  0.0277  0.0265  0.0268  0.0261  0.0265
  0.0292  0.0279  0.0273  0.0290  0.0288  0.0299  0.0287  0.0299  0.0275  0.0281  0.0265  0.0272
niter,ni,del,rscale     3    3    5.0000    1.2000
parameters
    0.6731  -11.1259   -1.6716  -11.2502   -6.2546   -5.9017
    3.7334   -1.9870   -2.9416   10.7161    2.7552  -14.8089
eta,q 0.97416  9.87949
  0.0292  0.0280  0.0273  0.0291  0.0285  0.0287  0.0288  0.0299  0.0274  0.0281  0.0264  0.0272
  0.0274  0.0268  0.0265  0.0270  0.0272  0.0277  0.0272  0.0277  0.0266  0.0268  0.0261  0.0265
  0.0262  0.0261  0.0260  0.0259  0.0263  0.0270  0.0262  0.0263  0.0260  0.0261  0.0259  0.0260
  0.0258  0.0258  0.0258  0.0258  0.0258  0.0258  0.0258  0.0258  0.0258  0.0258  0.0258  0.0258
  0.0262  0.0261  0.0260  0.0263  0.0260  0.0254  0.0262  0.0263  0.0260  0.0260  0.0259  0.0260
  0.0274  0.0268  0.0265  0.0270  0.0270  0.0268  0.0272  0.0277  0.0266  0.0268  0.0261  0.0265
  0.0292  0.0279  0.0273  0.0290  0.0288  0.0299  0.0287  0.0299  0.0274  0.0281  0.0265  0.0272
registration optimization eta report
parameter search radius
    2.4000    2.4000    2.4000    9.5220    8.2800    8.2800
    7.2000    7.2000    7.2000    7.2000    7.2000    7.2000
100000*second partial in parameter space
       58.       36.       25.        4.        4.        5.
        6.        8.        3.        4.        1.        3.
  0.0292  0.0280  0.0273  0.0291  0.0285  0.0287  0.0288  0.0299  0.0274  0.0281  0.0264  0.0272
  0.0274  0.0268  0.0265  0.0270  0.0272  0.0277  0.0272  0.0277  0.0266  0.0268  0.0261  0.0265
  0.0262  0.0261  0.0260  0.0259  0.0263  0.0270  0.0262  0.0263  0.0260  0.0261  0.0259  0.0260
  0.0258  0.0258  0.0258  0.0258  0.0258  0.0258  0.0258  0.0258  0.0258  0.0258  0.0258  0.0258
  0.0262  0.0261  0.0260  0.0263  0.0260  0.0254  0.0262  0.0263  0.0260  0.0260  0.0259  0.0260
  0.0274  0.0268  0.0265  0.0270  0.0270  0.0268  0.0272  0.0277  0.0266  0.0268  0.0261  0.0265
  0.0292  0.0279  0.0273  0.0290  0.0288  0.0299  0.0287  0.0299  0.0274  0.0281  0.0265  0.0272
    0.6731  -11.1259   -1.6716  -11.2502   -6.2546   -5.9017
    3.7334   -1.9870   -2.9416   10.7161    2.7552  -14.8089
eta,q 0.97416  9.87949

---------------------------------------------------------------------
imgreg_4dfp /opt/freesurfer/average/711-2C_as_mni_average_305 /opt/freesurfer/average/711-2B_as_mni_average_305_mask talsrcimg_g11 none talsrcimg_to_711-2C_as_mni_average_305_t4 2311
---------------------------------------------------------------------

freesurfer imgreg_4dfp.c
/opt/freesurfer/average/711-2C_as_mni_average_305.4dfp.img
       256       256       256         1
  1.000000  1.000000  1.000000
orientation T byte_order littleendian
Reading image: /opt/freesurfer/average/711-2C_as_mni_average_305.4dfp.img
dimensions:      256       256       256
mmppix:       1.0000   -1.0000   -1.0000
center:     128.0000 -129.0000 -129.0000
/opt/freesurfer/average/711-2B_as_mni_average_305_mask.4dfp.img
       256       256       256         1
  1.000000  1.000000  1.000000
orientation T byte_order littleendian
Reading mask: /opt/freesurfer/average/711-2B_as_mni_average_305_mask.4dfp.img (2306576 pixels)
talsrcimg_g11.4dfp.img
       256       256       256         1
  1.000000  1.000000  1.000000
orientation T byte_order littleendian
Reading image: talsrcimg_g11.4dfp.img
dimensions:      256       256       256
mmppix:       1.0000   -1.0000   -1.0000
center:     128.0000 -129.0000 -129.0000
fimgreg.f
image alignment mode   2311 decimal      907 hex
parameters
    0.6731  -11.1259   -1.6716  -11.2502   -6.2546   -5.9017
    3.7334   -1.9870   -2.9416   10.7161    2.7552  -14.8089
eta,q 0.97416  9.87950
niter,ni,del,rscale     5    3    5.0000    0.8000
parameters
    0.6744  -11.1293   -1.7008  -11.9862   -5.8206   -4.0512
    3.7841   -2.0802   -2.9279   10.4527    2.2246  -15.2467
eta,q 0.97465  9.91396
  0.0274  0.0268  0.0265  0.0263  0.0268  0.0274  0.0268  0.0274  0.0261  0.0264  0.0256  0.0259
  0.0265  0.0262  0.0261  0.0259  0.0263  0.0270  0.0260  0.0262  0.0257  0.0258  0.0254  0.0256
  0.0260  0.0259  0.0259  0.0258  0.0260  0.0264  0.0255  0.0255  0.0254  0.0255  0.0254  0.0254
  0.0258  0.0258  0.0258  0.0258  0.0258  0.0258  0.0254  0.0254  0.0254  0.0254  0.0254  0.0253
  0.0260  0.0259  0.0259  0.0260  0.0258  0.0254  0.0255  0.0257  0.0254  0.0255  0.0254  0.0255
  0.0265  0.0263  0.0262  0.0263  0.0260  0.0254  0.0260  0.0264  0.0257  0.0260  0.0256  0.0258
  0.0274  0.0268  0.0265  0.0266  0.0266  0.0262  0.0267  0.0275  0.0261  0.0267  0.0258  0.0262
niter,ni,del,rscale     4    3    5.0000    0.7000
parameters
    0.6628  -11.1541   -1.2784  -11.4740   -5.9187   -3.8083
    3.7573   -2.1457   -2.8209   10.4415    1.9807  -14.9994
eta,q 0.97474  9.94843
  0.0266  0.0261  0.0263  0.0261  0.0261  0.0269  0.0263  0.0269  0.0259  0.0262  0.0255  0.0259
  0.0259  0.0257  0.0259  0.0256  0.0257  0.0263  0.0257  0.0259  0.0256  0.0257  0.0254  0.0255
  0.0255  0.0254  0.0255  0.0254  0.0254  0.0257  0.0254  0.0254  0.0253  0.0254  0.0253  0.0253
  0.0253  0.0253  0.0253  0.0253  0.0253  0.0253  0.0253  0.0253  0.0253  0.0253  0.0253  0.0253
  0.0255  0.0254  0.0253  0.0254  0.0254  0.0253  0.0254  0.0255  0.0253  0.0254  0.0253  0.0253
  0.0259  0.0257  0.0254  0.0255  0.0257  0.0258  0.0258  0.0261  0.0255  0.0257  0.0254  0.0255
  0.0266  0.0261  0.0256  0.0257  0.0262  0.0269  0.0264  0.0269  0.0258  0.0262  0.0256  0.0257
niter,ni,del,rscale     3    3    5.0000    0.6000
parameters
    0.6460  -11.2070   -1.1520  -11.5313   -5.9050   -3.5610
    3.7455   -2.1652   -2.7607   10.3570    1.9362  -14.9082
eta,q 0.97478  9.95248
  0.0261  0.0258  0.0258  0.0257  0.0258  0.0266  0.0260  0.0265  0.0257  0.0259  0.0255  0.0257
  0.0257  0.0255  0.0255  0.0254  0.0255  0.0261  0.0256  0.0258  0.0254  0.0255  0.0253  0.0254
  0.0253  0.0253  0.0253  0.0253  0.0253  0.0256  0.0253  0.0253  0.0253  0.0253  0.0252  0.0253
  0.0253  0.0253  0.0253  0.0253  0.0253  0.0253  0.0252  0.0252  0.0252  0.0252  0.0252  0.0252
  0.0254  0.0253  0.0253  0.0253  0.0253  0.0252  0.0253  0.0254  0.0253  0.0253  0.0253  0.0253
  0.0257  0.0255  0.0254  0.0255  0.0255  0.0256  0.0256  0.0258  0.0254  0.0255  0.0253  0.0254
  0.0262  0.0259  0.0256  0.0256  0.0259  0.0265  0.0260  0.0265  0.0257  0.0260  0.0255  0.0256
niter,ni,del,rscale     2    3    5.0000    0.5000
parameters
    0.6394  -11.2271   -1.0819  -11.6342   -5.8939   -3.3770
    3.7308   -2.1981   -2.7705   10.3222    1.9183  -14.8778
eta,q 0.97481  9.95235
  0.0259  0.0256  0.0256  0.0255  0.0256  0.0262  0.0258  0.0261  0.0255  0.0257  0.0254  0.0255
  0.0255  0.0254  0.0254  0.0253  0.0254  0.0258  0.0254  0.0256  0.0253  0.0254  0.0253  0.0253
  0.0253  0.0253  0.0253  0.0252  0.0253  0.0254  0.0253  0.0253  0.0252  0.0253  0.0252  0.0252
  0.0252  0.0252  0.0252  0.0252  0.0252  0.0252  0.0252  0.0252  0.0252  0.0252  0.0252  0.0252
  0.0253  0.0253  0.0252  0.0253  0.0253  0.0252  0.0253  0.0253  0.0252  0.0252  0.0252  0.0252
  0.0255  0.0254  0.0253  0.0254  0.0254  0.0255  0.0255  0.0256  0.0253  0.0254  0.0253  0.0253
  0.0259  0.0256  0.0255  0.0255  0.0256  0.0261  0.0258  0.0261  0.0255  0.0257  0.0254  0.0255
niter,ni,del,rscale     1    3    5.0000    0.4000
parameters
    0.6359  -11.2325   -1.0309  -11.7321   -5.8788   -3.2276
    3.7206   -2.2251   -2.8094   10.3001    1.9294  -14.8965
eta,q 0.97482  9.95181
  0.0256  0.0254  0.0254  0.0254  0.0255  0.0259  0.0255  0.0257  0.0254  0.0255  0.0253  0.0254
  0.0254  0.0253  0.0253  0.0253  0.0253  0.0256  0.0253  0.0254  0.0253  0.0253  0.0252  0.0253
  0.0252  0.0252  0.0252  0.0252  0.0252  0.0253  0.0252  0.0252  0.0252  0.0252  0.0252  0.0252
  0.0252  0.0252  0.0252  0.0252  0.0252  0.0252  0.0252  0.0252  0.0252  0.0252  0.0252  0.0252
  0.0252  0.0252  0.0252  0.0252  0.0252  0.0252  0.0252  0.0253  0.0252  0.0252  0.0252  0.0252
  0.0254  0.0253  0.0253  0.0253  0.0253  0.0254  0.0253  0.0255  0.0253  0.0253  0.0252  0.0253
  0.0256  0.0255  0.0254  0.0254  0.0255  0.0258  0.0255  0.0258  0.0254  0.0255  0.0253  0.0254
registration optimization eta report
parameter search radius
    0.8000    0.8000    0.8000    2.4000    2.4000    2.4000
    2.4000    2.4000    2.4000    2.4000    2.4000    2.4000
100000*second partial in parameter space
       65.       40.       33.        3.        5.       11.
        6.       10.        4.        6.        2.        3.
  0.0256  0.0254  0.0254  0.0254  0.0255  0.0259  0.0255  0.0257  0.0254  0.0255  0.0253  0.0254
  0.0254  0.0253  0.0253  0.0253  0.0253  0.0256  0.0253  0.0254  0.0253  0.0253  0.0252  0.0253
  0.0252  0.0252  0.0252  0.0252  0.0252  0.0253  0.0252  0.0252  0.0252  0.0252  0.0252  0.0252
  0.0252  0.0252  0.0252  0.0252  0.0252  0.0252  0.0252  0.0252  0.0252  0.0252  0.0252  0.0252
  0.0252  0.0252  0.0252  0.0252  0.0252  0.0252  0.0252  0.0253  0.0252  0.0252  0.0252  0.0252
  0.0254  0.0253  0.0253  0.0253  0.0253  0.0254  0.0253  0.0255  0.0253  0.0253  0.0252  0.0253
  0.0256  0.0255  0.0254  0.0254  0.0255  0.0258  0.0255  0.0258  0.0254  0.0255  0.0253  0.0254
    0.6359  -11.2325   -1.0309  -11.7321   -5.8788   -3.2276
    3.7206   -2.2251   -2.8094   10.3001    1.9294  -14.8965
eta,q 0.97482  9.95181

---------------------------------------------------------------------
imgreg_4dfp /opt/freesurfer/average/711-2C_as_mni_average_305 /opt/freesurfer/average/711-2B_as_mni_average_305_mask talsrcimg_g11 none talsrcimg_to_711-2C_as_mni_average_305_t4 2311
---------------------------------------------------------------------

freesurfer imgreg_4dfp.c
/opt/freesurfer/average/711-2C_as_mni_average_305.4dfp.img
       256       256       256         1
  1.000000  1.000000  1.000000
orientation T byte_order littleendian
Reading image: /opt/freesurfer/average/711-2C_as_mni_average_305.4dfp.img
dimensions:      256       256       256
mmppix:       1.0000   -1.0000   -1.0000
center:     128.0000 -129.0000 -129.0000
/opt/freesurfer/average/711-2B_as_mni_average_305_mask.4dfp.img
       256       256       256         1
  1.000000  1.000000  1.000000
orientation T byte_order littleendian
Reading mask: /opt/freesurfer/average/711-2B_as_mni_average_305_mask.4dfp.img (2306576 pixels)
talsrcimg_g11.4dfp.img
       256       256       256         1
  1.000000  1.000000  1.000000
orientation T byte_order littleendian
Reading image: talsrcimg_g11.4dfp.img
dimensions:      256       256       256
mmppix:       1.0000   -1.0000   -1.0000
center:     128.0000 -129.0000 -129.0000
fimgreg.f
image alignment mode   2311 decimal      907 hex
parameters
    0.6359  -11.2325   -1.0309  -11.7321   -5.8788   -3.2276
    3.7206   -2.2251   -2.8094   10.3001    1.9294  -14.8965
eta,q 0.97482  9.95181
niter,ni,del,rscale     5    3    5.0000    0.8000
parameters
    0.6320  -11.2399   -0.9703  -11.2768   -6.1309   -3.6410
    3.7267   -2.1377   -2.7974   10.2642    1.9935  -14.6997
eta,q 0.97475  9.95697
  0.0268  0.0262  0.0261  0.0262  0.0261  0.0270  0.0267  0.0275  0.0261  0.0264  0.0257  0.0260
  0.0259  0.0256  0.0256  0.0256  0.0256  0.0263  0.0259  0.0262  0.0256  0.0258  0.0254  0.0256
  0.0254  0.0253  0.0253  0.0253  0.0253  0.0256  0.0254  0.0255  0.0253  0.0254  0.0253  0.0253
  0.0252  0.0252  0.0252  0.0252  0.0252  0.0252  0.0253  0.0253  0.0253  0.0253  0.0253  0.0253
  0.0254  0.0253  0.0253  0.0253  0.0253  0.0254  0.0254  0.0255  0.0253  0.0254  0.0253  0.0253
  0.0259  0.0256  0.0255  0.0255  0.0257  0.0265  0.0259  0.0262  0.0256  0.0258  0.0254  0.0255
  0.0268  0.0262  0.0260  0.0258  0.0264  0.0281  0.0266  0.0273  0.0261  0.0265  0.0256  0.0259
niter,ni,del,rscale     4    3    5.0000    0.7000
parameters
    0.6440  -11.2600   -1.0495  -11.3981   -5.9961   -3.6203
    3.7312   -2.1404   -2.7982   10.2639    2.0028  -14.7464
eta,q 0.97476  9.95490
  0.0265  0.0260  0.0258  0.0258  0.0261  0.0269  0.0263  0.0269  0.0258  0.0262  0.0256  0.0258
  0.0258  0.0256  0.0255  0.0254  0.0257  0.0262  0.0257  0.0260  0.0255  0.0257  0.0254  0.0255
  0.0254  0.0253  0.0253  0.0253  0.0254  0.0256  0.0254  0.0254  0.0253  0.0254  0.0253  0.0253
  0.0253  0.0253  0.0253  0.0252  0.0252  0.0252  0.0252  0.0252  0.0252  0.0252  0.0252  0.0252
  0.0254  0.0253  0.0253  0.0254  0.0253  0.0253  0.0254  0.0255  0.0253  0.0253  0.0253  0.0253
  0.0258  0.0256  0.0256  0.0255  0.0255  0.0259  0.0257  0.0260  0.0255  0.0256  0.0254  0.0255
  0.0265  0.0261  0.0259  0.0258  0.0260  0.0271  0.0263  0.0269  0.0258  0.0262  0.0255  0.0258
niter,ni,del,rscale     3    3    5.0000    0.6000
parameters
    0.6445  -11.2558   -1.0671  -11.5147   -5.9332   -3.4919
    3.7332   -2.1699   -2.8080   10.2786    1.9873  -14.8006
eta,q 0.97479  9.95430
  0.0261  0.0258  0.0257  0.0256  0.0258  0.0266  0.0260  0.0265  0.0257  0.0259  0.0254  0.0256
  0.0257  0.0255  0.0254  0.0254  0.0255  0.0260  0.0256  0.0257  0.0254  0.0255  0.0253  0.0254
  0.0253  0.0253  0.0253  0.0252  0.0253  0.0255  0.0253  0.0253  0.0253  0.0253  0.0252  0.0253
  0.0252  0.0252  0.0252  0.0252  0.0252  0.0252  0.0252  0.0252  0.0252  0.0252  0.0252  0.0252
  0.0253  0.0253  0.0253  0.0253  0.0253  0.0252  0.0253  0.0254  0.0253  0.0253  0.0252  0.0253
  0.0256  0.0255  0.0254  0.0255  0.0255  0.0257  0.0256  0.0258  0.0254  0.0255  0.0253  0.0254
  0.0261  0.0258  0.0257  0.0256  0.0258  0.0266  0.0260  0.0265  0.0257  0.0259  0.0254  0.0256
niter,ni,del,rscale     2    3    5.0000    0.5000
parameters
    0.6416  -11.2469   -1.0457  -11.6320   -5.9054   -3.3523
    3.7234   -2.1975   -2.8006   10.2812    1.9640  -14.8279
eta,q 0.97480  9.95281
  0.0259  0.0256  0.0256  0.0255  0.0256  0.0262  0.0258  0.0261  0.0255  0.0257  0.0254  0.0255
  0.0255  0.0254  0.0254  0.0253  0.0254  0.0258  0.0254  0.0256  0.0253  0.0254  0.0253  0.0253
  0.0253  0.0253  0.0253  0.0252  0.0253  0.0254  0.0253  0.0253  0.0252  0.0253  0.0252  0.0252
  0.0252  0.0252  0.0252  0.0252  0.0252  0.0252  0.0252  0.0252  0.0252  0.0252  0.0252  0.0252
  0.0253  0.0253  0.0253  0.0253  0.0252  0.0252  0.0253  0.0253  0.0252  0.0252  0.0252  0.0252
  0.0255  0.0254  0.0254  0.0254  0.0254  0.0255  0.0254  0.0256  0.0253  0.0254  0.0253  0.0253
  0.0259  0.0256  0.0255  0.0255  0.0256  0.0262  0.0258  0.0261  0.0255  0.0257  0.0254  0.0255
niter,ni,del,rscale     1    3    5.0000    0.4000
parameters
    0.6352  -11.2468   -1.0199  -11.7297   -5.9028   -3.2193
    3.7279   -2.2309   -2.8235   10.2786    1.9565  -14.8588
eta,q 0.97482  9.95136
  0.0256  0.0254  0.0254  0.0254  0.0255  0.0259  0.0255  0.0257  0.0254  0.0255  0.0253  0.0254
  0.0254  0.0253  0.0253  0.0253  0.0253  0.0256  0.0253  0.0254  0.0253  0.0253  0.0252  0.0253
  0.0252  0.0252  0.0252  0.0252  0.0252  0.0253  0.0252  0.0252  0.0252  0.0252  0.0252  0.0252
  0.0252  0.0252  0.0252  0.0252  0.0252  0.0252  0.0252  0.0252  0.0252  0.0252  0.0252  0.0252
  0.0252  0.0252  0.0252  0.0252  0.0252  0.0252  0.0252  0.0253  0.0252  0.0252  0.0252  0.0252
  0.0254  0.0253  0.0253  0.0253  0.0253  0.0254  0.0253  0.0255  0.0253  0.0253  0.0252  0.0253
  0.0256  0.0254  0.0254  0.0254  0.0255  0.0258  0.0255  0.0258  0.0254  0.0255  0.0253  0.0254
registration optimization eta report
parameter search radius
    0.8000    0.8000    0.8000    2.4000    2.4000    2.4000
    2.4000    2.4000    2.4000    2.4000    2.4000    2.4000
100000*second partial in parameter space
       64.       40.       33.        3.        5.       11.
        6.       10.        3.        6.        2.        3.
  0.0256  0.0254  0.0254  0.0254  0.0255  0.0259  0.0255  0.0257  0.0254  0.0255  0.0253  0.0254
  0.0254  0.0253  0.0253  0.0253  0.0253  0.0256  0.0253  0.0254  0.0253  0.0253  0.0252  0.0253
  0.0252  0.0252  0.0252  0.0252  0.0252  0.0253  0.0252  0.0252  0.0252  0.0252  0.0252  0.0252
  0.0252  0.0252  0.0252  0.0252  0.0252  0.0252  0.0252  0.0252  0.0252  0.0252  0.0252  0.0252
  0.0252  0.0252  0.0252  0.0252  0.0252  0.0252  0.0252  0.0253  0.0252  0.0252  0.0252  0.0252
  0.0254  0.0253  0.0253  0.0253  0.0253  0.0254  0.0253  0.0255  0.0253  0.0253  0.0252  0.0253
  0.0256  0.0254  0.0254  0.0254  0.0255  0.0258  0.0255  0.0258  0.0254  0.0255  0.0253  0.0254
    0.6352  -11.2468   -1.0199  -11.7297   -5.9028   -3.2193
    3.7279   -2.2309   -2.8235   10.2786    1.9565  -14.8588
eta,q 0.97482  9.95136

---------------------------------------------------------------------
compute_vox2vox talsrcimg talsrcimg_to_711-2C_as_mni_average_305_t4 /opt/freesurfer/average/711-2C_as_mni_average_305
---------------------------------------------------------------------

freesurfer compute_vox2vox.c
Reading: talsrcimg.4dfp.ifh
Reading: talsrcimg_to_711-2C_as_mni_average_305_t4
Reading: /opt/freesurfer/average/711-2C_as_mni_average_305.4dfp.ifh
Writing: talsrcimg_to_711-2C_as_mni_average_305_t4_vox2vox.txt

start time Mon Mar 9 16:59:17 CET 2026
end		time Mon Mar 9 17:00:43 CET 2026

mpr2mni305 success

avi2talxfm orig_nu.mgz /opt/freesurfer/average/mni305.cor.mgz talsrcimg_to_711-2C_as_mni_average_305_t4_vox2vox.txt transforms/talairach.auto.xfm
avi2talxfm done
mv -f /out/sourcedata/freesurfer/sub-v1s23x0050552_ses-1/mri/talsrcimg_to_711-2C_as_mni_average_305_t4_vox2vox.txt /out/sourcedata/freesurfer/sub-v1s23x0050552_ses-1/mri/transforms/talsrcimg_to_711-2C_as_mni_average_305_t4_vox2vox.txt
lta_convert --src orig_nu.mgz --trg /opt/freesurfer/average/mni305.cor.mgz --inxfm transforms/talairach.auto.xfm --outlta transforms/talairach.auto.xfm.lta --subject fsaverage
7.3.2

--src: orig_nu.mgz src image (geometry).
--trg: /opt/freesurfer/average/mni305.cor.mgz trg image (geometry).
--inmni: transforms/talairach.auto.xfm input MNI/XFM transform.
--outlta: transforms/talairach.auto.xfm.lta output LTA.
--s: fsaverage subject name
 LTA read, type : 1
 1.13093   0.03032  -0.04002  -39.02576;
-0.01736   1.01576   0.16108   48.27222;
 0.03583  -0.11005   1.04393  -24.22275;
 0.00000   0.00000   0.00000   1.00000;
setting subject to fsaverage
Writing  LTA to file transforms/talairach.auto.xfm.lta...
lta_convert successful.
 
 
Started at Mon Mar 9 16:59:17 CET 2026
Ended   at Mon Mar  9 17:00:43 CET 2026
talairach_avi done
