status file for recon-all
Mon Mar  9 22:41:50 CET 2026
#@# Tessellate lh Mon Mar  9 22:41:50 CET 2026
#@# Smooth1 lh Mon Mar  9 22:41:53 CET 2026
#@# Inflation1 lh Mon Mar  9 22:41:55 CET 2026
#@# QSphere lh Mon Mar  9 22:42:05 CET 2026
#@# Fix Topology lh Mon Mar  9 22:43:02 CET 2026
#@# Smooth2 lh Mon Mar  9 22:47:35 CET 2026
#@# Inflation2 lh Mon Mar  9 22:47:37 CET 2026
#@# Curv .H and .K lh Mon Mar  9 22:47:47 CET 2026
#@# Sphere lh Mon Mar  9 22:48:23 CET 2026
#@# Surf Reg lh Mon Mar  9 22:51:28 CET 2026
#@# Jacobian white lh Mon Mar  9 22:54:16 CET 2026
#@# AvgCurv lh Mon Mar  9 22:54:17 CET 2026
#@# Cortical Parc lh Mon Mar  9 22:54:17 CET 2026
#@# white curv lh Mon Mar  9 22:59:27 CET 2026
#@# white area lh Mon Mar  9 22:59:28 CET 2026
#@# pial curv lh Mon Mar  9 22:59:29 CET 2026
#@# pial area lh Mon Mar  9 22:59:30 CET 2026
#@# thickness lh Mon Mar  9 22:59:31 CET 2026
#@# area and vertex vol lh Mon Mar  9 22:59:54 CET 2026
#@# Curvature Stats lh Mon Mar  9 22:59:55 CET 2026
#@# Cortical Parc 2 lh Mon Mar  9 22:59:57 CET 2026
#@# Cortical Parc 3 lh Mon Mar  9 23:00:08 CET 2026
#@# WM/GM Contrast lh Mon Mar  9 23:00:17 CET 2026
recon-all -s sub-v1s23x0050621_ses-1 finished without error at Mon Mar  9 23:00:21 CET 2026



#New# invocation of recon-all 



status file for recon-all
Mon Mar  9 23:24:00 CET 2026
#@# white curv lh Mon Mar  9 23:24:00 CET 2026
#@# white area lh Mon Mar  9 23:24:00 CET 2026
#@# pial curv lh Mon Mar  9 23:24:00 CET 2026
#@# pial area lh Mon Mar  9 23:24:00 CET 2026
#@# thickness lh Mon Mar  9 23:24:00 CET 2026
#@# area and vertex vol lh Mon Mar  9 23:24:00 CET 2026
#@# Parcellation Stats lh Mon Mar  9 23:24:00 CET 2026
#@# Parcellation Stats 2 lh Mon Mar  9 23:24:13 CET 2026
#@# Parcellation Stats 3 lh Mon Mar  9 23:24:20 CET 2026
#@# BA_exvivo Labels lh Mon Mar  9 23:24:26 CET 2026
recon-all -s sub-v1s23x0050621_ses-1 finished without error at Mon Mar  9 23:26:37 CET 2026
