status file for recon-all
Mon Mar  9 21:00:25 CET 2026
#@# MotionCor Mon Mar  9 21:00:27 CET 2026
#@# Talairach Mon Mar  9 21:00:36 CET 2026
#@# Talairach Failure Detection Mon Mar  9 21:05:04 CET 2026
#@# Nu Intensity Correction Mon Mar  9 21:05:04 CET 2026
#@# Intensity Normalization Mon Mar  9 21:08:19 CET 2026
recon-all -s sub-v1s23x0050621_ses-1 finished without error at Mon Mar  9 21:09:56 CET 2026



#New# invocation of recon-all 



status file for recon-all
Mon Mar  9 21:16:08 CET 2026
#@# EM Registration Mon Mar  9 21:16:08 CET 2026
recon-all -s sub-v1s23x0050621_ses-1 finished without error at Mon Mar  9 21:17:59 CET 2026



#New# invocation of recon-all 



status file for recon-all
Mon Mar  9 21:18:00 CET 2026
#@# CA Normalize Mon Mar  9 21:18:00 CET 2026
#@# CA Reg Mon Mar  9 21:19:19 CET 2026
#@# SubCort Seg Mon Mar  9 22:11:37 CET 2026
#@# CC Seg Mon Mar  9 22:36:03 CET 2026
#@# Merge ASeg Mon Mar  9 22:36:46 CET 2026
#@# Intensity Normalization2 Mon Mar  9 22:36:46 CET 2026
#@# Mask BFS Mon Mar  9 22:38:55 CET 2026
#@# WM Segmentation Mon Mar  9 22:38:56 CET 2026
#@# Fill Mon Mar  9 22:40:44 CET 2026
recon-all -s sub-v1s23x0050621_ses-1 finished without error at Mon Mar  9 22:41:46 CET 2026



#New# invocation of recon-all 



status file for recon-all
Mon Mar  9 23:19:22 CET 2026
#@# white curv lh Mon Mar  9 23:19:22 CET 2026
#@# white area lh Mon Mar  9 23:19:22 CET 2026
#@# pial curv lh Mon Mar  9 23:19:22 CET 2026
#@# pial area lh Mon Mar  9 23:19:22 CET 2026
#@# thickness lh Mon Mar  9 23:19:22 CET 2026
#@# area and vertex vol lh Mon Mar  9 23:19:22 CET 2026
#@# white curv rh Mon Mar  9 23:19:22 CET 2026
#@# white area rh Mon Mar  9 23:19:22 CET 2026
#@# pial curv rh Mon Mar  9 23:19:22 CET 2026
#@# pial area rh Mon Mar  9 23:19:22 CET 2026
#@# thickness rh Mon Mar  9 23:19:22 CET 2026
#@# area and vertex vol rh Mon Mar  9 23:19:22 CET 2026
#@# Cortical ribbon mask Mon Mar  9 23:19:22 CET 2026
recon-all -s sub-v1s23x0050621_ses-1 finished without error at Mon Mar  9 23:23:56 CET 2026



#New# invocation of recon-all 



status file for recon-all
Mon Mar  9 23:29:24 CET 2026
#@# white curv lh Mon Mar  9 23:29:24 CET 2026
#@# white area lh Mon Mar  9 23:29:24 CET 2026
#@# pial curv lh Mon Mar  9 23:29:24 CET 2026
#@# pial area lh Mon Mar  9 23:29:24 CET 2026
#@# thickness lh Mon Mar  9 23:29:24 CET 2026
#@# area and vertex vol lh Mon Mar  9 23:29:24 CET 2026
#@# white curv rh Mon Mar  9 23:29:24 CET 2026
#@# white area rh Mon Mar  9 23:29:24 CET 2026
#@# pial curv rh Mon Mar  9 23:29:24 CET 2026
#@# pial area rh Mon Mar  9 23:29:24 CET 2026
#@# thickness rh Mon Mar  9 23:29:24 CET 2026
#@# area and vertex vol rh Mon Mar  9 23:29:24 CET 2026
#@# Curvature Stats lh Mon Mar  9 23:29:24 CET 2026
#@# Curvature Stats rh Mon Mar  9 23:29:26 CET 2026
#@# Relabel Hypointensities Mon Mar  9 23:29:28 CET 2026
#@# APas-to-ASeg Mon Mar  9 23:29:42 CET 2026
#@# AParc-to-ASeg aparc Mon Mar  9 23:29:49 CET 2026
#@# AParc-to-ASeg aparc.a2009s Mon Mar  9 23:30:12 CET 2026
#@# AParc-to-ASeg aparc.DKTatlas Mon Mar  9 23:30:33 CET 2026
#@# WMParc Mon Mar  9 23:30:56 CET 2026
#@# ASeg Stats Mon Mar  9 23:35:19 CET 2026
recon-all -s sub-v1s23x0050621_ses-1 finished without error at Mon Mar  9 23:36:02 CET 2026
