status file for recon-all
Mon Mar  9 23:00:22 CET 2026
#@# Tessellate rh Mon Mar  9 23:00:22 CET 2026
#@# Smooth1 rh Mon Mar  9 23:00:26 CET 2026
#@# Inflation1 rh Mon Mar  9 23:00:28 CET 2026
#@# QSphere rh Mon Mar  9 23:00:40 CET 2026
#@# Fix Topology rh Mon Mar  9 23:01:48 CET 2026
#@# Smooth2 rh Mon Mar  9 23:06:03 CET 2026
#@# Inflation2 rh Mon Mar  9 23:06:06 CET 2026
#@# Curv .H and .K rh Mon Mar  9 23:06:19 CET 2026
#@# Sphere rh Mon Mar  9 23:06:57 CET 2026
#@# Surf Reg rh Mon Mar  9 23:09:43 CET 2026
#@# Jacobian white rh Mon Mar  9 23:12:46 CET 2026
#@# AvgCurv rh Mon Mar  9 23:12:47 CET 2026
#@# Cortical Parc rh Mon Mar  9 23:12:48 CET 2026
#@# white curv rh Mon Mar  9 23:18:26 CET 2026
#@# white area rh Mon Mar  9 23:18:27 CET 2026
#@# pial curv rh Mon Mar  9 23:18:27 CET 2026
#@# pial area rh Mon Mar  9 23:18:29 CET 2026
#@# thickness rh Mon Mar  9 23:18:30 CET 2026
#@# area and vertex vol rh Mon Mar  9 23:18:52 CET 2026
#@# Curvature Stats rh Mon Mar  9 23:18:54 CET 2026
#@# Cortical Parc 2 rh Mon Mar  9 23:18:56 CET 2026
#@# Cortical Parc 3 rh Mon Mar  9 23:19:06 CET 2026
#@# WM/GM Contrast rh Mon Mar  9 23:19:15 CET 2026
recon-all -s sub-v1s23x0050621_ses-1 finished without error at Mon Mar  9 23:19:18 CET 2026



#New# invocation of recon-all 



status file for recon-all
Mon Mar  9 23:26:40 CET 2026
#@# white curv rh Mon Mar  9 23:26:40 CET 2026
#@# white area rh Mon Mar  9 23:26:40 CET 2026
#@# pial curv rh Mon Mar  9 23:26:40 CET 2026
#@# pial area rh Mon Mar  9 23:26:40 CET 2026
#@# thickness rh Mon Mar  9 23:26:40 CET 2026
#@# area and vertex vol rh Mon Mar  9 23:26:40 CET 2026
#@# Parcellation Stats rh Mon Mar  9 23:26:40 CET 2026
#@# Parcellation Stats 2 rh Mon Mar  9 23:26:54 CET 2026
#@# Parcellation Stats 3 rh Mon Mar  9 23:27:01 CET 2026
#@# BA_exvivo Labels rh Mon Mar  9 23:27:08 CET 2026
recon-all -s sub-v1s23x0050621_ses-1 finished without error at Mon Mar  9 23:29:21 CET 2026
