status file for recon-all
Mon Mar  9 17:18:08 CET 2026
#@# MotionCor Mon Mar  9 17:18:10 CET 2026
#@# Talairach Mon Mar  9 17:18:17 CET 2026
#@# Talairach Failure Detection Mon Mar  9 17:22:49 CET 2026
#@# Nu Intensity Correction Mon Mar  9 17:22:49 CET 2026
#@# Intensity Normalization Mon Mar  9 17:26:05 CET 2026
recon-all -s sub-v1s23x0050562_ses-1 finished without error at Mon Mar  9 17:27:46 CET 2026



#New# invocation of recon-all 



status file for recon-all
Mon Mar  9 17:35:07 CET 2026
#@# EM Registration Mon Mar  9 17:35:07 CET 2026
recon-all -s sub-v1s23x0050562_ses-1 finished without error at Mon Mar  9 17:37:13 CET 2026



#New# invocation of recon-all 



status file for recon-all
Mon Mar  9 17:37:16 CET 2026
#@# CA Normalize Mon Mar  9 17:37:16 CET 2026
#@# CA Reg Mon Mar  9 17:38:37 CET 2026
#@# SubCort Seg Mon Mar  9 18:30:52 CET 2026
#@# CC Seg Mon Mar  9 18:58:42 CET 2026
#@# Merge ASeg Mon Mar  9 18:59:40 CET 2026
#@# Intensity Normalization2 Mon Mar  9 18:59:40 CET 2026
#@# Mask BFS Mon Mar  9 19:01:54 CET 2026
#@# WM Segmentation Mon Mar  9 19:01:55 CET 2026
#@# Fill Mon Mar  9 19:03:54 CET 2026
recon-all -s sub-v1s23x0050562_ses-1 finished without error at Mon Mar  9 19:04:56 CET 2026



#New# invocation of recon-all 



status file for recon-all
Mon Mar  9 20:06:34 CET 2026
#@# white curv lh Mon Mar  9 20:06:34 CET 2026
#@# white area lh Mon Mar  9 20:06:34 CET 2026
#@# pial curv lh Mon Mar  9 20:06:34 CET 2026
#@# pial area lh Mon Mar  9 20:06:34 CET 2026
#@# thickness lh Mon Mar  9 20:06:34 CET 2026
#@# area and vertex vol lh Mon Mar  9 20:06:34 CET 2026
#@# white curv rh Mon Mar  9 20:06:34 CET 2026
#@# white area rh Mon Mar  9 20:06:34 CET 2026
#@# pial curv rh Mon Mar  9 20:06:34 CET 2026
#@# pial area rh Mon Mar  9 20:06:34 CET 2026
#@# thickness rh Mon Mar  9 20:06:34 CET 2026
#@# area and vertex vol rh Mon Mar  9 20:06:34 CET 2026
#@# Cortical ribbon mask Mon Mar  9 20:06:34 CET 2026
recon-all -s sub-v1s23x0050562_ses-1 finished without error at Mon Mar  9 20:11:00 CET 2026



#New# invocation of recon-all 



status file for recon-all
Mon Mar  9 20:18:17 CET 2026
#@# white curv lh Mon Mar  9 20:18:17 CET 2026
#@# white area lh Mon Mar  9 20:18:17 CET 2026
#@# pial curv lh Mon Mar  9 20:18:17 CET 2026
#@# pial area lh Mon Mar  9 20:18:17 CET 2026
#@# thickness lh Mon Mar  9 20:18:17 CET 2026
#@# area and vertex vol lh Mon Mar  9 20:18:17 CET 2026
#@# white curv rh Mon Mar  9 20:18:17 CET 2026
#@# white area rh Mon Mar  9 20:18:17 CET 2026
#@# pial curv rh Mon Mar  9 20:18:17 CET 2026
#@# pial area rh Mon Mar  9 20:18:17 CET 2026
#@# thickness rh Mon Mar  9 20:18:17 CET 2026
#@# area and vertex vol rh Mon Mar  9 20:18:17 CET 2026
#@# Curvature Stats lh Mon Mar  9 20:18:17 CET 2026
#@# Curvature Stats rh Mon Mar  9 20:18:20 CET 2026
#@# Relabel Hypointensities Mon Mar  9 20:18:23 CET 2026
#@# APas-to-ASeg Mon Mar  9 20:18:38 CET 2026
#@# AParc-to-ASeg aparc Mon Mar  9 20:18:48 CET 2026
#@# AParc-to-ASeg aparc.a2009s Mon Mar  9 20:19:21 CET 2026
#@# AParc-to-ASeg aparc.DKTatlas Mon Mar  9 20:19:55 CET 2026
#@# WMParc Mon Mar  9 20:20:28 CET 2026
#@# ASeg Stats Mon Mar  9 20:24:09 CET 2026
recon-all -s sub-v1s23x0050562_ses-1 finished without error at Mon Mar  9 20:24:54 CET 2026
