status file for recon-all
Mon Mar  9 19:05:02 CET 2026
#@# Tessellate lh Mon Mar  9 19:05:02 CET 2026
#@# Smooth1 lh Mon Mar  9 19:05:05 CET 2026
#@# Inflation1 lh Mon Mar  9 19:05:08 CET 2026
#@# QSphere lh Mon Mar  9 19:05:22 CET 2026
#@# Fix Topology lh Mon Mar  9 19:06:36 CET 2026
#@# Smooth2 lh Mon Mar  9 19:22:19 CET 2026
#@# Inflation2 lh Mon Mar  9 19:22:22 CET 2026
#@# Curv .H and .K lh Mon Mar  9 19:22:40 CET 2026
#@# Sphere lh Mon Mar  9 19:23:28 CET 2026
#@# Surf Reg lh Mon Mar  9 19:28:00 CET 2026
#@# Jacobian white lh Mon Mar  9 19:32:40 CET 2026
#@# AvgCurv lh Mon Mar  9 19:32:41 CET 2026
#@# Cortical Parc lh Mon Mar  9 19:32:42 CET 2026
#@# white curv lh Mon Mar  9 19:39:20 CET 2026
#@# white area lh Mon Mar  9 19:39:21 CET 2026
#@# pial curv lh Mon Mar  9 19:39:22 CET 2026
#@# pial area lh Mon Mar  9 19:39:24 CET 2026
#@# thickness lh Mon Mar  9 19:39:25 CET 2026
#@# area and vertex vol lh Mon Mar  9 19:39:56 CET 2026
#@# Curvature Stats lh Mon Mar  9 19:39:58 CET 2026
#@# Cortical Parc 2 lh Mon Mar  9 19:40:01 CET 2026
#@# Cortical Parc 3 lh Mon Mar  9 19:40:15 CET 2026
#@# WM/GM Contrast lh Mon Mar  9 19:40:25 CET 2026
recon-all -s sub-v1s23x0050562_ses-1 finished without error at Mon Mar  9 19:40:28 CET 2026



#New# invocation of recon-all 



status file for recon-all
Mon Mar  9 20:11:04 CET 2026
#@# white curv lh Mon Mar  9 20:11:04 CET 2026
#@# white area lh Mon Mar  9 20:11:04 CET 2026
#@# pial curv lh Mon Mar  9 20:11:04 CET 2026
#@# pial area lh Mon Mar  9 20:11:04 CET 2026
#@# thickness lh Mon Mar  9 20:11:04 CET 2026
#@# area and vertex vol lh Mon Mar  9 20:11:04 CET 2026
#@# Parcellation Stats lh Mon Mar  9 20:11:04 CET 2026
#@# Parcellation Stats 2 lh Mon Mar  9 20:11:24 CET 2026
#@# Parcellation Stats 3 lh Mon Mar  9 20:11:35 CET 2026
#@# BA_exvivo Labels lh Mon Mar  9 20:11:46 CET 2026
recon-all -s sub-v1s23x0050562_ses-1 finished without error at Mon Mar  9 20:14:35 CET 2026
