status file for recon-all
Mon Mar  9 19:40:30 CET 2026
#@# Tessellate rh Mon Mar  9 19:40:30 CET 2026
#@# Smooth1 rh Mon Mar  9 19:40:34 CET 2026
#@# Inflation1 rh Mon Mar  9 19:40:36 CET 2026
#@# QSphere rh Mon Mar  9 19:40:50 CET 2026
#@# Fix Topology rh Mon Mar  9 19:42:10 CET 2026
#@# Smooth2 rh Mon Mar  9 19:49:26 CET 2026
#@# Inflation2 rh Mon Mar  9 19:49:29 CET 2026
#@# Curv .H and .K rh Mon Mar  9 19:49:44 CET 2026
#@# Sphere rh Mon Mar  9 19:50:31 CET 2026
#@# Surf Reg rh Mon Mar  9 19:54:35 CET 2026
#@# Jacobian white rh Mon Mar  9 19:58:59 CET 2026
#@# AvgCurv rh Mon Mar  9 19:59:00 CET 2026
#@# Cortical Parc rh Mon Mar  9 19:59:01 CET 2026
#@# white curv rh Mon Mar  9 20:05:21 CET 2026
#@# white area rh Mon Mar  9 20:05:24 CET 2026
#@# pial curv rh Mon Mar  9 20:05:24 CET 2026
#@# pial area rh Mon Mar  9 20:05:26 CET 2026
#@# thickness rh Mon Mar  9 20:05:27 CET 2026
#@# area and vertex vol rh Mon Mar  9 20:05:56 CET 2026
#@# Curvature Stats rh Mon Mar  9 20:05:58 CET 2026
#@# Cortical Parc 2 rh Mon Mar  9 20:06:01 CET 2026
#@# Cortical Parc 3 rh Mon Mar  9 20:06:14 CET 2026
#@# WM/GM Contrast rh Mon Mar  9 20:06:25 CET 2026
recon-all -s sub-v1s23x0050562_ses-1 finished without error at Mon Mar  9 20:06:28 CET 2026



#New# invocation of recon-all 



status file for recon-all
Mon Mar  9 20:14:36 CET 2026
#@# white curv rh Mon Mar  9 20:14:36 CET 2026
#@# white area rh Mon Mar  9 20:14:36 CET 2026
#@# pial curv rh Mon Mar  9 20:14:36 CET 2026
#@# pial area rh Mon Mar  9 20:14:36 CET 2026
#@# thickness rh Mon Mar  9 20:14:36 CET 2026
#@# area and vertex vol rh Mon Mar  9 20:14:36 CET 2026
#@# Parcellation Stats rh Mon Mar  9 20:14:36 CET 2026
#@# Parcellation Stats 2 rh Mon Mar  9 20:14:56 CET 2026
#@# Parcellation Stats 3 rh Mon Mar  9 20:15:06 CET 2026
#@# BA_exvivo Labels rh Mon Mar  9 20:15:15 CET 2026
recon-all -s sub-v1s23x0050562_ses-1 finished without error at Mon Mar  9 20:18:11 CET 2026
