/out/sourcedata/freesurfer/sub-v1s23x0050617_ses-1/mri
/opt/freesurfer/bin/talairach_avi
--i orig_nu.mgz --xfm transforms/talairach.auto.xfm
talairach_avi 7.3.2
Linux dna061 5.14.0-427.37.1.el9_4.x86_64 #1 SMP PREEMPT_DYNAMIC Fri Sep 13 12:41:50 EDT 2024 x86_64 x86_64 x86_64 GNU/Linux
Mon Mar  9 20:56:30 CET 2026
mri_convert orig_nu.mgz talsrcimg.img 
reading from orig_nu.mgz...
TR=0.00, TE=0.00, TI=0.00, flip angle=0.00
i_ras = (-1, 0, 0)
j_ras = (0, 0, -1)
k_ras = (0, 1, 0)
writing to talsrcimg.img...
Analyze Output Matrix
-1.00000   0.00000   0.00000   164.81520;
 0.00000   0.00000   1.00000  -191.72057;
 0.00000  -1.00000   0.00000   145.38896;
 0.00000   0.00000   0.00000   1.00000;
--------------------
INFO: set hdr.hist.orient to -1
mpr2mni305 talsrcimg
Mon Mar  9 20:56:30 CET 2026
/opt/freesurfer/bin/mpr2mni305 talsrcimg
mpr2mni305 7.3.2
target=711-2C_as_mni_average_305

---------------------------------------------------------------------
analyzeto4dfp talsrcimg -O0 -y
---------------------------------------------------------------------

freesurfer ifh2hdr.c
Mon Mar  9 20:56:30 2026
Writing: talsrcimg.4dfp.hdr
freesurfer analyzeto4dfp.c
Reading: talsrcimg.hdr
header size 348 bytes
hdr.dime.datatype	offset=70	value=2
hdr.dime.bitpix		offset=72	value=8
hdr.hist.orient		offset=252	value=-1
dimensionality     4
dimensions       256       256       256         1
Reading: talsrcimg.img
Writing: talsrcimg.4dfp.img
Writing: talsrcimg.4dfp.ifh
ifh2hdr talsrcimg -r0to231
ori=2

---------------------------------------------------------------------
gauss_4dfp talsrcimg 1.1
---------------------------------------------------------------------

freesurfer gauss_4dfp.c
Reading: talsrcimg.4dfp.img
Writing: talsrcimg_g11.4dfp.img
image dimensions 256 256 256 padded to 288 288 288
processing volume 1freesurfer ifh2hdr.c
Mon Mar  9 20:56:32 2026
Writing: talsrcimg_g11.4dfp.hdr

Writing: talsrcimg_g11.4dfp.ifh
including: talsrcimg.4dfp.img.rec in talsrcimg_g11.4dfp.img.rec

---------------------------------------------------------------------
imgreg_4dfp /opt/freesurfer/average/711-2C_as_mni_average_305 none talsrcimg_g11 none talsrcimg_to_711-2C_as_mni_average_305_t4 4355
---------------------------------------------------------------------

freesurfer imgreg_4dfp.c
/opt/freesurfer/average/711-2C_as_mni_average_305.4dfp.img
       256       256       256         1
  1.000000  1.000000  1.000000
orientation T byte_order littleendian
Reading image: /opt/freesurfer/average/711-2C_as_mni_average_305.4dfp.img
dimensions:      256       256       256
mmppix:       1.0000   -1.0000   -1.0000
center:     128.0000 -129.0000 -129.0000
talsrcimg_g11.4dfp.img
       256       256       256         1
  1.000000  1.000000  1.000000
orientation T byte_order littleendian
Reading image: talsrcimg_g11.4dfp.img
dimensions:      256       256       256
mmppix:       1.0000   -1.0000   -1.0000
center:     128.0000 -129.0000 -129.0000
t4_read: open error in t4_sub.f l:  41 t4_file(1:l)talsrcimg_to_711-2C_as_mni_average_305_t4 
t4_read: transform initialized to I4
rotation matrix determinant  1.000000
image alignment mode   4355 decimal     1103 hex
   -7.5000  -45.0000  -45.0000 7579.7588   22.0016
    0.0000  -45.0000  -45.0000 7898.2422   21.9781
    7.5000  -45.0000  -45.0000 7563.6152   21.9575
   -7.5000  -37.5000  -45.0000 7748.1333   21.9952
    0.0000  -37.5000  -45.0000 8066.8179   21.9673
    7.5000  -37.5000  -45.0000 7725.7002   21.9371
   -7.5000  -30.0000  -45.0000 8214.9658   22.0079
    0.0000  -30.0000  -45.0000 8558.7256   21.9906
    7.5000  -30.0000  -45.0000 8210.5850   21.9571
   -7.5000  -22.5000  -45.0000 8670.8447   22.0245
    0.0000  -22.5000  -45.0000 9027.6885   22.0251
    7.5000  -22.5000  -45.0000 8660.2676   22.0026
   -7.5000  -15.0000  -45.0000 8947.2383   22.0233
    0.0000  -15.0000  -45.0000 9322.7646   22.0301
    7.5000  -15.0000  -45.0000 8928.7012   22.0219
   -7.5000   -7.5000  -45.0000 9061.7969   22.0130
    0.0000   -7.5000  -45.0000 9432.9785   22.0064
    7.5000   -7.5000  -45.0000 9020.4453   21.9968
   -7.5000    0.0000  -45.0000 9056.4766   22.0016
    0.0000    0.0000  -45.0000 9408.5811   21.9781
    7.5000    0.0000  -45.0000 9001.9014   21.9575
   -7.5000    7.5000  -45.0000 8294.9814   21.9952
    0.0000    7.5000  -45.0000 8633.0469   21.9673
    7.5000    7.5000  -45.0000 8245.6934   21.9371
   -7.5000   15.0000  -45.0000 7542.4609   22.0113
    0.0000   15.0000  -45.0000 7855.1968   21.9940
    7.5000   15.0000  -45.0000 7509.3438   21.9606
   -7.5000   22.5000  -45.0000 6887.6880   22.1828
    0.0000   22.5000  -45.0000 7195.6387   22.1836
    7.5000   22.5000  -45.0000 6861.1270   22.1617
   -7.5000   30.0000  -45.0000 6276.7056   22.2090
    0.0000   30.0000  -45.0000 6550.5547   22.2157
    7.5000   30.0000  -45.0000 6241.1714   22.2090
   -7.5000   37.5000  -45.0000 5839.7026   22.7432
    0.0000   37.5000  -45.0000 6103.2041   22.7338
    7.5000   37.5000  -45.0000 5815.2725   22.7204
   -7.5000   45.0000  -45.0000 5221.2339   22.9783
    0.0000   45.0000  -45.0000 5456.6587   22.9512
    7.5000   45.0000  -45.0000 5190.0869   22.9223
   -7.5000  -45.0000  -37.5000 8202.2441   21.6699
    0.0000  -45.0000  -37.5000 8556.1084   21.6568
    7.5000  -45.0000  -37.5000 8179.8931   21.6285
   -7.5000  -37.5000  -37.5000 8359.3262   21.6638
    0.0000  -37.5000  -37.5000 8707.6406   21.6485
    7.5000  -37.5000  -37.5000 8339.2725   21.6118
   -7.5000  -30.0000  -37.5000 8808.1631   21.6659
    0.0000  -30.0000  -37.5000 9151.7852   21.6576
    7.5000  -30.0000  -37.5000 8774.0254   21.6173
   -7.5000  -22.5000  -37.5000 9247.4395   21.6712
    0.0000  -22.5000  -37.5000 9615.7197   21.6736
    7.5000  -22.5000  -37.5000 9198.6934   21.6413
   -7.5000  -15.0000  -37.5000 9542.4287   21.6696
    0.0000  -15.0000  -37.5000 9928.1045   21.6744
    7.5000  -15.0000  -37.5000 9492.7871   21.6541
   -7.5000   -7.5000  -37.5000 9688.8330   21.6704
    0.0000   -7.5000  -37.500010044.2363   21.6665
    7.5000   -7.5000  -37.5000 9626.0596   21.6468
   -7.5000    0.0000  -37.5000 9673.2803   21.6699
    0.0000    0.0000  -37.500010029.9268   21.6568
    7.5000    0.0000  -37.5000 9593.2393   21.6285
   -7.5000    7.5000  -37.5000 8883.2871   21.6638
    0.0000    7.5000  -37.5000 9212.2891   21.6485
    7.5000    7.5000  -37.5000 8821.7627   21.6118
   -7.5000   15.0000  -37.5000 8091.5151   21.6694
    0.0000   15.0000  -37.5000 8403.0693   21.6611
    7.5000   15.0000  -37.5000 8024.8662   21.6209
   -7.5000   22.5000  -37.5000 7342.2793   21.8312
    0.0000   22.5000  -37.5000 7632.4370   21.8327
    7.5000   22.5000  -37.5000 7284.5215   21.8001
   -7.5000   30.0000  -37.5000 6651.0835   21.8630
    0.0000   30.0000  -37.5000 6909.9663   21.8674
    7.5000   30.0000  -37.5000 6597.4507   21.8464
   -7.5000   37.5000  -37.5000 6171.8818   22.3879
    0.0000   37.5000  -37.5000 6424.4321   22.3815
    7.5000   37.5000  -37.5000 6132.6655   22.3535
   -7.5000   45.0000  -37.5000 5519.3374   22.6128
    0.0000   45.0000  -37.5000 5752.9883   22.5989
    7.5000   45.0000  -37.5000 5490.5698   22.5622
   -7.5000  -45.0000  -30.0000 8962.5811   22.3955
    0.0000  -45.0000  -30.0000 9364.4746   22.3915
    7.5000  -45.0000  -30.0000 8956.7324   22.3582
   -7.5000  -37.5000  -30.0000 9145.0352   22.4011
    0.0000  -37.5000  -30.0000 9547.7812   22.3956
    7.5000  -37.5000  -30.0000 9140.5674   22.3516
   -7.5000  -30.0000  -30.0000 9592.9756   22.3869
    0.0000  -30.0000  -30.0000 9965.1836   22.3852
    7.5000  -30.0000  -30.0000 9567.6328   22.3381
   -7.5000  -22.5000  -30.000010014.0557   22.3637
    0.0000  -22.5000  -30.000010361.7432   22.3684
    7.5000  -22.5000  -30.0000 9956.3223   22.3306
   -7.5000  -15.0000  -30.000010323.3477   22.3506
    0.0000  -15.0000  -30.000010694.5449   22.3562
    7.5000  -15.0000  -30.000010260.3486   22.3319
   -7.5000   -7.5000  -30.000010492.8135   22.3681
    0.0000   -7.5000  -30.000010876.5488   22.3689
    7.5000   -7.5000  -30.000010429.0020   22.3458
   -7.5000    0.0000  -30.000010457.4785   22.3955
    0.0000    0.0000  -30.000010865.1445   22.3915
    7.5000    0.0000  -30.000010413.0625   22.3582
   -7.5000    7.5000  -30.0000 9619.3643   22.4011
    0.0000    7.5000  -30.0000 9958.6016   22.3956
    7.5000    7.5000  -30.0000 9546.6367   22.3516
   -7.5000   15.0000  -30.0000 8732.7754   22.3907
    0.0000   15.0000  -30.0000 9030.3291   22.3890
    7.5000   15.0000  -30.0000 8662.8223   22.3418
   -7.5000   22.5000  -30.0000 7891.5127   22.5280
    0.0000   22.5000  -30.0000 8173.5273   22.5307
    7.5000   22.5000  -30.0000 7840.4434   22.4928
   -7.5000   30.0000  -30.0000 7128.9326   22.5601
    0.0000   30.0000  -30.0000 7399.1665   22.5654
    7.5000   30.0000  -30.0000 7081.7832   22.5405
   -7.5000   37.5000  -30.0000 6645.3550   23.1157
    0.0000   37.5000  -30.0000 6896.2593   23.1137
    7.5000   37.5000  -30.0000 6583.0435   23.0807
   -7.5000   45.0000  -30.0000 5918.6128   23.3736
    0.0000   45.0000  -30.0000 6168.1465   23.3693
    7.5000   45.0000  -30.0000 5872.5078   23.3285
   -7.5000  -45.0000  -22.5000 9811.0430   23.1572
    0.0000  -45.0000  -22.500010285.5303   23.1554
    7.5000  -45.0000  -22.5000 9835.2305   23.1233
   -7.5000  -37.5000  -22.5000 9993.3711   23.1766
    0.0000  -37.5000  -22.500010455.6904   23.1725
    7.5000  -37.5000  -22.500010030.3643   23.1263
   -7.5000  -30.0000  -22.500010443.3291   23.1579
    0.0000  -30.0000  -22.500010882.6445   23.1587
    7.5000  -30.0000  -22.500010446.3887   23.1101
   -7.5000  -22.5000  -22.500010860.3252   23.1172
    0.0000  -22.5000  -22.500011268.6191   23.1264
    7.5000  -22.5000  -22.500010810.6074   23.0922
   -7.5000  -15.0000  -22.500011198.0029   23.0906
    0.0000  -15.0000  -22.500011611.4365   23.1025
    7.5000  -15.0000  -22.500011107.2891   23.0862
   -7.5000   -7.5000  -22.500011343.8662   23.1119
    0.0000   -7.5000  -22.500011771.3145   23.1176
    7.5000   -7.5000  -22.500011268.1172   23.1009
   -7.5000    0.0000  -22.500011292.3613   23.1572
    0.0000    0.0000  -22.500011729.8965   23.1554
    7.5000    0.0000  -22.500011233.3135   23.1233
   -7.5000    7.5000  -22.500010417.3428   23.1766
    0.0000    7.5000  -22.500010797.0088   23.1725
    7.5000    7.5000  -22.500010334.0117   23.1263
   -7.5000   15.0000  -22.5000 9438.0781   23.1618
    0.0000   15.0000  -22.5000 9768.2529   23.1625
    7.5000   15.0000  -22.5000 9343.5059   23.1139
   -7.5000   22.5000  -22.5000 8482.0752   23.2805
    0.0000   22.5000  -22.5000 8791.2734   23.2879
    7.5000   22.5000  -22.5000 8413.1787   23.2546
   -7.5000   30.0000  -22.5000 7620.1904   23.3033
    0.0000   30.0000  -22.5000 7887.1475   23.3146
    7.5000   30.0000  -22.5000 7565.4575   23.3005
   -7.5000   37.5000  -22.5000 7093.8569   23.8857
    0.0000   37.5000  -22.5000 7352.5649   23.8882
    7.5000   37.5000  -22.5000 7038.6699   23.8651
   -7.5000   45.0000  -22.5000 6330.5015   24.1771
    0.0000   45.0000  -22.5000 6572.1138   24.1723
    7.5000   45.0000  -22.5000 6285.0063   24.1335
   -7.5000  -45.0000  -15.000010665.9717   23.7219
    0.0000  -45.0000  -15.000011149.7393   23.7155
    7.5000  -45.0000  -15.000010704.0010   23.6903
   -7.5000  -37.5000  -15.000010868.2500   23.7429
    0.0000  -37.5000  -15.000011369.8096   23.7317
    7.5000  -37.5000  -15.000010897.6582   23.6909
   -7.5000  -30.0000  -15.000011323.7070   23.7341
    0.0000  -30.0000  -15.000011842.5293   23.7297
    7.5000  -30.0000  -15.000011340.8057   23.6860
   -7.5000  -22.5000  -15.000011745.3779   23.7020
    0.0000  -22.5000  -15.000012242.3320   23.7115
    7.5000  -22.5000  -15.000011710.7168   23.6852
   -7.5000  -15.0000  -15.000012064.4521   23.6743
    0.0000  -15.0000  -15.000012547.1582   23.6906
    7.5000  -15.0000  -15.000012007.4795   23.6848
   -7.5000   -7.5000  -15.000012209.9443   23.6854
    0.0000   -7.5000  -15.000012680.5332   23.6926
    7.5000   -7.5000  -15.000012170.5635   23.6851
   -7.5000    0.0000  -15.000012181.3057   23.7219
    0.0000    0.0000  -15.000012671.6729   23.7155
    7.5000    0.0000  -15.000012135.5820   23.6903
   -7.5000    7.5000  -15.000011232.2129   23.7429
    0.0000    7.5000  -15.000011658.7871   23.7317
    7.5000    7.5000  -15.000011134.2285   23.6909
   -7.5000   15.0000  -15.000010157.6592   23.7380
    0.0000   15.0000  -15.000010547.2363   23.7334
    7.5000   15.0000  -15.000010049.6279   23.6898
   -7.5000   22.5000  -15.0000 9077.9385   23.8606
    0.0000   22.5000  -15.0000 9450.5137   23.8694
    7.5000   22.5000  -15.0000 9023.9346   23.8448
   -7.5000   30.0000  -15.0000 8099.1890   23.8762
    0.0000   30.0000  -15.0000 8422.1143   23.8918
    7.5000   30.0000  -15.0000 8059.2402   23.8906
   -7.5000   37.5000  -15.0000 7521.6885   24.4665
    0.0000   37.5000  -15.0000 7816.4497   24.4701
    7.5000   37.5000  -15.0000 7484.5859   24.4614
   -7.5000   45.0000  -15.0000 6717.1694   24.7709
    0.0000   45.0000  -15.0000 6955.1353   24.7583
    7.5000   45.0000  -15.0000 6674.9561   24.7265
   -7.5000  -45.0000   -7.500011565.6279   23.9910
    0.0000  -45.0000   -7.500012083.6895   23.9743
    7.5000  -45.0000   -7.500011578.2373   23.9523
   -7.5000  -37.5000   -7.500011774.8145   23.9965
    0.0000  -37.5000   -7.500012290.8076   23.9740
    7.5000  -37.5000   -7.500011769.9805   23.9390
   -7.5000  -30.0000   -7.500012247.2129   24.0030
    0.0000  -30.0000   -7.500012799.3447   23.9903
    7.5000  -30.0000   -7.500012268.0400   23.9521
   -7.5000  -22.5000   -7.500012686.2285   24.0021
    0.0000  -22.5000   -7.500013251.7920   24.0079
    7.5000  -22.5000   -7.500012697.0068   23.9850
   -7.5000  -15.0000   -7.500013033.0137   23.9894
    0.0000  -15.0000   -7.500013577.5215   24.0033
    7.5000  -15.0000   -7.500013021.2119   23.9990
   -7.5000   -7.5000   -7.500013192.1221   23.9848
    0.0000   -7.5000   -7.500013710.9297   23.9860
    7.5000   -7.5000   -7.500013151.1250   23.9794
   -7.5000    0.0000   -7.500013138.2021   23.9910
    0.0000    0.0000   -7.500013652.3643   23.9743
    7.5000    0.0000   -7.500013067.5361   23.9523
   -7.5000    7.5000   -7.500012058.9062   23.9965
    0.0000    7.5000   -7.500012522.4824   23.9740
    7.5000    7.5000   -7.500011964.0967   23.9390
   -7.5000   15.0000   -7.500010895.6611   24.0067
    0.0000   15.0000   -7.500011328.5967   23.9939
    7.5000   15.0000   -7.500010807.6787   23.9558
   -7.5000   22.5000   -7.5000 9750.0879   24.1577
    0.0000   22.5000   -7.500010147.4531   24.1640
    7.5000   22.5000   -7.5000 9696.6514   24.1426
   -7.5000   30.0000   -7.5000 8676.8057   24.1810
    0.0000   30.0000   -7.5000 9047.2217   24.1947
    7.5000   30.0000   -7.5000 8627.9160   24.1944
   -7.5000   37.5000   -7.5000 8033.2534   24.7607
    0.0000   37.5000   -7.5000 8350.0352   24.7586
    7.5000   37.5000   -7.5000 7986.9233   24.7516
   -7.5000   45.0000   -7.5000 7165.4302   25.0536
    0.0000   45.0000   -7.5000 7407.1348   25.0310
    7.5000   45.0000   -7.5000 7107.9546   25.0013
   -7.5000  -45.0000    0.000012435.1826   24.0121
    0.0000  -45.0000    0.000012960.4707   23.9897
    7.5000  -45.0000    0.000012423.5205   23.9658
   -7.5000  -37.5000    0.000012657.3760   24.0019
    0.0000  -37.5000    0.000013176.7480   23.9753
    7.5000  -37.5000    0.000012642.9609   23.9421
   -7.5000  -30.0000    0.000013166.6270   24.0146
    0.0000  -30.0000    0.000013695.4492   23.9992
    7.5000  -30.0000    0.000013167.5225   23.9627
   -7.5000  -22.5000    0.000013585.3301   24.0355
    0.0000  -22.5000    0.000014163.6396   24.0383
    7.5000  -22.5000    0.000013591.3037   24.0128
   -7.5000  -15.0000    0.000013917.3076   24.0379
    0.0000  -15.0000    0.000014481.9424   24.0465
    7.5000  -15.0000    0.000013908.7188   24.0355
   -7.5000   -7.5000    0.000014097.6904   24.0272
    0.0000   -7.5000    0.000014634.6377   24.0218
    7.5000   -7.5000    0.000014056.2549   24.0091
   -7.5000    0.0000    0.000014041.0352   24.0121
    0.0000    0.0000    0.000014556.8398   23.9897
    7.5000    0.0000    0.000013966.6562   23.9658
   -7.5000    7.5000    0.000012902.8760   24.0019
    0.0000    7.5000    0.000013366.8379   23.9753
    7.5000    7.5000    0.000012806.9590   23.9421
   -7.5000   15.0000    0.000011635.0361   24.0183
    0.0000   15.0000    0.000012076.8555   24.0028
    7.5000   15.0000    0.000011563.4473   23.9664
   -7.5000   22.5000    0.000010390.4004   24.1960
    0.0000   22.5000    0.000010787.7617   24.1991
    7.5000   22.5000    0.000010329.2041   24.1743
   -7.5000   30.0000    0.0000 9258.4775   24.2369
    0.0000   30.0000    0.0000 9614.2002   24.2455
    7.5000   30.0000    0.0000 9181.4141   24.2359
   -7.5000   37.5000    0.0000 8541.3818   24.8050
    0.0000   37.5000    0.0000 8849.1797   24.7969
    7.5000   37.5000    0.0000 8474.5713   24.7801
   -7.5000   45.0000    0.0000 7570.3140   25.0838
    0.0000   45.0000    0.0000 7834.1401   25.0580
    7.5000   45.0000    0.0000 7518.7007   25.0251
   -7.5000  -45.0000    7.500012371.3330   23.9925
    0.0000  -45.0000    7.500012883.8633   23.9773
    7.5000  -45.0000    7.500012365.8701   23.9474
   -7.5000  -37.5000    7.500012578.2070   23.9829
    0.0000  -37.5000    7.500013055.6191   23.9652
    7.5000  -37.5000    7.500012566.0225   23.9264
   -7.5000  -30.0000    7.500013073.0703   23.9838
    0.0000  -30.0000    7.500013521.2451   23.9738
    7.5000  -30.0000    7.500013053.3232   23.9315
   -7.5000  -22.5000    7.500013445.0156   23.9919
    0.0000  -22.5000    7.500013943.6621   23.9938
    7.5000  -22.5000    7.500013442.6514   23.9597
   -7.5000  -15.0000    7.500013736.4248   23.9933
    0.0000  -15.0000    7.500014267.9141   23.9981
    7.5000  -15.0000    7.500013741.8564   23.9766
   -7.5000   -7.5000    7.500013940.1572   23.9949
    0.0000   -7.5000    7.500014482.6377   23.9901
    7.5000   -7.5000    7.500013920.4492   23.9692
   -7.5000    0.0000    7.500013852.7480   23.9925
    0.0000    0.0000    7.500014392.6230   23.9773
    7.5000    0.0000    7.500013836.4590   23.9474
   -7.5000    7.5000    7.500012696.3643   23.9829
    0.0000    7.5000    7.500013180.6494   23.9652
    7.5000    7.5000    7.500012646.0068   23.9264
   -7.5000   15.0000    7.500011439.9355   23.9877
    0.0000   15.0000    7.500011845.0693   23.9777
    7.5000   15.0000    7.500011383.9170   23.9353
   -7.5000   22.5000    7.500010232.1396   24.1593
    0.0000   22.5000    7.500010574.4658   24.1601
    7.5000   22.5000    7.500010150.0186   24.1258
   -7.5000   30.0000    7.5000 9096.9443   24.2111
    0.0000   30.0000    7.5000 9422.7061   24.2154
    7.5000   30.0000    7.5000 9034.7246   24.1932
   -7.5000   37.5000    7.5000 8369.2061   24.7868
    0.0000   37.5000    7.5000 8658.7930   24.7792
    7.5000   37.5000    7.5000 8318.4727   24.7493
   -7.5000   45.0000    7.5000 7391.1704   25.0728
    0.0000   45.0000    7.5000 7642.0093   25.0567
    7.5000   45.0000    7.5000 7356.0581   25.0176
   -7.5000  -45.0000   15.000012170.2246   23.9991
    0.0000  -45.0000   15.000012703.2578   23.9940
    7.5000  -45.0000   15.000012168.7432   23.9582
   -7.5000  -37.5000   15.000012299.1221   24.0042
    0.0000  -37.5000   15.000012742.2314   23.9978
    7.5000  -37.5000   15.000012302.5869   23.9506
   -7.5000  -30.0000   15.000012765.6191   23.9888
    0.0000  -30.0000   15.000013192.3076   23.9868
    7.5000  -30.0000   15.000012769.2793   23.9364
   -7.5000  -22.5000   15.000013184.1592   23.9651
    0.0000  -22.5000   15.000013662.1143   23.9701
    7.5000  -22.5000   15.000013185.8496   23.9299
   -7.5000  -15.0000   15.000013487.1611   23.9520
    0.0000  -15.0000   15.000013989.5381   23.9578
    7.5000  -15.0000   15.000013493.4180   23.9321
   -7.5000   -7.5000   15.000013641.3467   23.9704
    0.0000   -7.5000   15.000014163.4258   23.9708
    7.5000   -7.5000   15.000013651.2246   23.9462
   -7.5000    0.0000   15.000013510.4648   23.9991
    0.0000    0.0000   15.000014012.4717   23.9940
    7.5000    0.0000   15.000013480.5723   23.9582
   -7.5000    7.5000   15.000012349.8066   24.0042
    0.0000    7.5000   15.000012785.5361   23.9978
    7.5000    7.5000   15.000012319.4268   23.9506
   -7.5000   15.0000   15.000011096.4893   23.9929
    0.0000   15.0000   15.000011453.3447   23.9908
    7.5000   15.0000   15.000011074.4258   23.9404
   -7.5000   22.5000   15.0000 9911.9336   24.1355
    0.0000   22.5000   15.000010233.1631   24.1383
    7.5000   22.5000   15.0000 9867.5654   24.0980
   -7.5000   30.0000   15.0000 8828.5234   24.1825
    0.0000   30.0000   15.0000 9119.7812   24.1880
    7.5000   30.0000   15.0000 8794.1445   24.1617
   -7.5000   37.5000   15.0000 8132.2632   24.7765
    0.0000   37.5000   15.0000 8394.6670   24.7738
    7.5000   37.5000   15.0000 8093.1187   24.7385
   -7.5000   45.0000   15.0000 7170.7842   25.0834
    0.0000   45.0000   15.0000 7396.3647   25.0779
    7.5000   45.0000   15.0000 7143.9946   25.0340
   -7.5000  -45.0000   22.500011826.2871   24.0245
    0.0000  -45.0000   22.500012373.4297   24.0225
    7.5000  -45.0000   22.500011849.7334   23.9892
   -7.5000  -37.5000   22.500011813.0068   24.0449
    0.0000  -37.5000   22.500012253.8008   24.0405
    7.5000  -37.5000   22.500011860.0713   23.9926
   -7.5000  -30.0000   22.500012252.6084   24.0258
    0.0000  -30.0000   22.500012711.8740   24.0265
    7.5000  -30.0000   22.500012277.6562   23.9762
   -7.5000  -22.5000   22.500012706.7236   23.9836
    0.0000  -22.5000   22.500013246.3643   23.9930
    7.5000  -22.5000   22.500012735.8027   23.9576
   -7.5000  -15.0000   22.500013004.2559   23.9558
    0.0000  -15.0000   22.500013497.9141   23.9680
    7.5000  -15.0000   22.500013009.3643   23.9511
   -7.5000   -7.5000   22.500013126.9658   23.9777
    0.0000   -7.5000   22.500013562.2236   23.9834
    7.5000   -7.5000   22.500013114.7588   23.9661
   -7.5000    0.0000   22.500012987.3926   24.0245
    0.0000    0.0000   22.500013403.7705   24.0225
    7.5000    0.0000   22.500012948.6543   23.9892
   -7.5000    7.5000   22.500011869.4453   24.0449
    0.0000    7.5000   22.500012219.7998   24.0405
    7.5000    7.5000   22.500011852.6924   23.9926
   -7.5000   15.0000   22.500010687.1875   24.0298
    0.0000   15.0000   22.500010996.3027   24.0305
    7.5000   15.0000   22.500010677.2881   23.9801
   -7.5000   22.5000   22.5000 9549.2461   24.1493
    0.0000   22.5000   22.5000 9831.7578   24.1569
    7.5000   22.5000   22.5000 9521.3867   24.1223
   -7.5000   30.0000   22.5000 8504.7725   24.1796
    0.0000   30.0000   22.5000 8755.0752   24.1912
    7.5000   30.0000   22.5000 8471.2285   24.1765
   -7.5000   37.5000   22.5000 7841.8457   24.7833
    0.0000   37.5000   22.5000 8089.8516   24.7856
    7.5000   37.5000   22.5000 7808.9336   24.7616
   -7.5000   45.0000   22.5000 6880.0840   25.1031
    0.0000   45.0000   22.5000 7089.9463   25.0979
    7.5000   45.0000   22.5000 6856.5596   25.0577
   -7.5000  -45.0000   30.000011350.2549   24.0455
    0.0000  -45.0000   30.000011898.5107   24.0389
    7.5000  -45.0000   30.000011354.4092   24.0134
   -7.5000  -37.5000   30.000011399.6416   24.0668
    0.0000  -37.5000   30.000011882.7393   24.0555
    7.5000  -37.5000   30.000011423.2178   24.0140
   -7.5000  -30.0000   30.000011826.9238   24.0581
    0.0000  -30.0000   30.000012324.3486   24.0535
    7.5000  -30.0000   30.000011858.7227   24.0093
   -7.5000  -22.5000   30.000012233.3428   24.0256
    0.0000  -22.5000   30.000012778.3701   24.0351
    7.5000  -22.5000   30.000012297.7207   24.0084
   -7.5000  -15.0000   30.000012478.9980   23.9974
    0.0000  -15.0000   30.000012968.3389   24.0139
    7.5000  -15.0000   30.000012541.5508   24.0079
   -7.5000   -7.5000   30.000012582.5508   24.0086
    0.0000   -7.5000   30.000012981.4297   24.0158
    7.5000   -7.5000   30.000012625.9561   24.0082
   -7.5000    0.0000   30.000012458.7314   24.0455
    0.0000    0.0000   30.000012824.3701   24.0389
    7.5000    0.0000   30.000012463.0215   24.0134
   -7.5000    7.5000   30.000011417.4951   24.0668
    0.0000    7.5000   30.000011734.4189   24.0555
    7.5000    7.5000   30.000011369.0381   24.0140
   -7.5000   15.0000   30.000010286.2246   24.0620
    0.0000   15.0000   30.000010563.3809   24.0573
    7.5000   15.0000   30.000010227.1992   24.0130
   -7.5000   22.5000   30.0000 9163.1875   24.1837
    0.0000   22.5000   30.0000 9420.0605   24.1926
    7.5000   22.5000   30.0000 9084.8457   24.1676
   -7.5000   30.0000   30.0000 8139.8770   24.2020
    0.0000   30.0000   30.0000 8366.9580   24.2178
    7.5000   30.0000   30.0000 8078.5933   24.2165
   -7.5000   37.5000   30.0000 7515.0127   24.8002
    0.0000   37.5000   30.0000 7717.6890   24.8038
    7.5000   37.5000   30.0000 7463.4116   24.7949
   -7.5000   45.0000   30.0000 6571.0049   25.1152
    0.0000   45.0000   30.0000 6759.8193   25.1024
    7.5000   45.0000   30.0000 6528.2349   25.0701
   -7.5000  -45.0000   37.500011217.0137   24.0426
    0.0000  -45.0000   37.500011719.9355   24.0258
    7.5000  -45.0000   37.500011185.3154   24.0038
   -7.5000  -37.5000   37.500011410.9365   24.0480
    0.0000  -37.5000   37.500011898.8027   24.0255
    7.5000  -37.5000   37.500011378.4443   23.9904
   -7.5000  -30.0000   37.500011910.9971   24.0545
    0.0000  -30.0000   37.500012404.4717   24.0418
    7.5000  -30.0000   37.500011929.3906   24.0036
   -7.5000  -22.5000   37.500012307.8018   24.0538
    0.0000  -22.5000   37.500012772.9990   24.0596
    7.5000  -22.5000   37.500012361.5352   24.0367
   -7.5000  -15.0000   37.500012536.2041   24.0411
    0.0000  -15.0000   37.500012984.4893   24.0551
    7.5000  -15.0000   37.500012606.8174   24.0508
   -7.5000   -7.5000   37.500012610.8076   24.0365
    0.0000   -7.5000   37.500013037.4150   24.0377
    7.5000   -7.5000   37.500012632.0156   24.0311
   -7.5000    0.0000   37.500012481.8477   24.0426
    0.0000    0.0000   37.500012889.7480   24.0258
    7.5000    0.0000   37.500012454.0508   24.0038
   -7.5000    7.5000   37.500011382.9932   24.0480
    0.0000    7.5000   37.500011725.1885   24.0255
    7.5000    7.5000   37.500011307.5029   23.9904
   -7.5000   15.0000   37.500010208.3076   24.0582
    0.0000   15.0000   37.500010500.6846   24.0455
    7.5000   15.0000   37.500010110.3213   24.0073
   -7.5000   22.5000   37.5000 9060.3018   24.2097
    0.0000   22.5000   37.5000 9353.7314   24.2161
    7.5000   22.5000   37.5000 8973.5273   24.1947
   -7.5000   30.0000   37.5000 8004.7153   24.2338
    0.0000   30.0000   37.5000 8268.7236   24.2477
    7.5000   30.0000   37.5000 7938.8237   24.2474
   -7.5000   37.5000   37.5000 7364.8882   24.8148
    0.0000   37.5000   37.5000 7612.5747   24.8128
    7.5000   37.5000   37.5000 7299.9131   24.8057
   -7.5000   45.0000   37.5000 6421.6465   25.1097
    0.0000   45.0000   37.5000 6643.5830   25.0870
    7.5000   45.0000   37.5000 6369.7065   25.0573
   -7.5000  -45.0000   45.000010498.6826   23.8627
    0.0000  -45.0000   45.000010942.9531   23.8406
    7.5000  -45.0000   45.000010472.2773   23.8169
   -7.5000  -37.5000   45.000010737.6182   23.8524
    0.0000  -37.5000   45.000011188.8789   23.8261
    7.5000  -37.5000   45.000010695.4990   23.7932
   -7.5000  -30.0000   45.000011329.5947   23.8650
    0.0000  -30.0000   45.000011836.0977   23.8498
    7.5000  -30.0000   45.000011299.9453   23.8137
   -7.5000  -22.5000   45.000011772.0615   23.8860
    0.0000  -22.5000   45.000012316.6221   23.8888
    7.5000  -22.5000   45.000011721.7803   23.8636
   -7.5000  -15.0000   45.000011954.7275   23.8885
    0.0000  -15.0000   45.000012507.1680   23.8972
    7.5000  -15.0000   45.000011906.3311   23.8863
   -7.5000   -7.5000   45.000011930.8760   23.8778
    0.0000   -7.5000   45.000012455.3955   23.8726
    7.5000   -7.5000   45.000011876.1982   23.8600
   -7.5000    0.0000   45.000011746.9883   23.8627
    0.0000    0.0000   45.000012237.3936   23.8406
    7.5000    0.0000   45.000011713.6426   23.8169
   -7.5000    7.5000   45.000010676.7383   23.8524
    0.0000    7.5000   45.000011078.0537   23.8261
    7.5000    7.5000   45.000010610.4502   23.7932
   -7.5000   15.0000   45.0000 9551.8584   23.8686
    0.0000   15.0000   45.0000 9880.3857   23.8535
    7.5000   15.0000   45.0000 9470.7900   23.8174
   -7.5000   22.5000   45.0000 8527.7598   24.0454
    0.0000   22.5000   45.0000 8819.3096   24.0487
    7.5000   22.5000   45.0000 8447.5771   24.0241
   -7.5000   30.0000   45.0000 7547.2163   24.0843
    0.0000   30.0000   45.0000 7796.6235   24.0930
    7.5000   30.0000   45.0000 7488.9365   24.0835
   -7.5000   37.5000   45.0000 6917.2461   24.6491
    0.0000   37.5000   45.0000 7155.2759   24.6411
    7.5000   37.5000   45.0000 6858.4531   24.6245
   -7.5000   45.0000   45.0000 6029.9116   24.9398
    0.0000   45.0000   45.0000 6234.5278   24.9143
    7.5000   45.0000   45.0000 5981.8169   24.8817

---------------------------------------------------------------------
imgreg_4dfp /opt/freesurfer/average/711-2C_as_mni_average_305 /opt/freesurfer/average/711-2B_as_mni_average_305_mask talsrcimg_g11 none talsrcimg_to_711-2C_as_mni_average_305_t4 4355
---------------------------------------------------------------------

freesurfer imgreg_4dfp.c
/opt/freesurfer/average/711-2C_as_mni_average_305.4dfp.img
       256       256       256         1
  1.000000  1.000000  1.000000
orientation T byte_order littleendian
Reading image: /opt/freesurfer/average/711-2C_as_mni_average_305.4dfp.img
dimensions:      256       256       256
mmppix:       1.0000   -1.0000   -1.0000
center:     128.0000 -129.0000 -129.0000
/opt/freesurfer/average/711-2B_as_mni_average_305_mask.4dfp.img
       256       256       256         1
  1.000000  1.000000  1.000000
orientation T byte_order littleendian
Reading mask: /opt/freesurfer/average/711-2B_as_mni_average_305_mask.4dfp.img (2306576 pixels)
talsrcimg_g11.4dfp.img
       256       256       256         1
  1.000000  1.000000  1.000000
orientation T byte_order littleendian
Reading image: talsrcimg_g11.4dfp.img
dimensions:      256       256       256
mmppix:       1.0000   -1.0000   -1.0000
center:     128.0000 -129.0000 -129.0000
rotation matrix determinant  1.000000
image alignment mode   4355 decimal     1103 hex
   -7.5000  -52.5000  -45.0000 1867.8347   26.0825
    0.0000  -52.5000  -45.0000 1875.8002   26.0177
    7.5000  -52.5000  -45.0000 1854.0487   26.3530
   -7.5000  -45.0000  -45.0000 1887.9338   25.7132
    0.0000  -45.0000  -45.0000 1894.8054   25.5854
    7.5000  -45.0000  -45.0000 1878.2159   25.9021
   -7.5000  -37.5000  -45.0000 1907.2689   25.3785
    0.0000  -37.5000  -45.0000 1919.5378   25.2465
    7.5000  -37.5000  -45.0000 1896.1708   25.5159
   -7.5000  -30.0000  -45.0000 1917.5558   25.2449
    0.0000  -30.0000  -45.0000 1930.7999   25.0398
    7.5000  -30.0000  -45.0000 1908.2589   25.4012
   -7.5000  -22.5000  -45.0000 1915.3641   25.5116
    0.0000  -22.5000  -45.0000 1932.8875   25.2906
    7.5000  -22.5000  -45.0000 1908.9895   25.6836
   -7.5000  -15.0000  -45.0000 1898.5254   26.2619
    0.0000  -15.0000  -45.0000 1910.9415   26.0673
    7.5000  -15.0000  -45.0000 1888.9045   26.4972
   -7.5000   -7.5000  -45.0000 1868.3104   27.4231
    0.0000   -7.5000  -45.0000 1879.3894   27.2122
    7.5000   -7.5000  -45.0000 1850.9308   27.7260
   -7.5000    0.0000  -45.0000 1821.5277   29.2171
    0.0000    0.0000  -45.0000 1829.9747   28.9912
    7.5000    0.0000  -45.0000 1803.1554   29.4719
   -7.5000    7.5000  -45.0000 1752.7720   31.5426
    0.0000    7.5000  -45.0000 1763.6172   31.3552
    7.5000    7.5000  -45.0000 1733.8378   31.9143
   -7.5000   15.0000  -45.0000 1661.4861   34.8194
    0.0000   15.0000  -45.0000 1670.9857   34.6126
    7.5000   15.0000  -45.0000 1646.7449   35.1715
   -7.5000   22.5000  -45.0000 1565.6017   39.3284
    0.0000   22.5000  -45.0000 1574.6467   39.1521
    7.5000   22.5000  -45.0000 1546.5370   39.7647
   -7.5000   30.0000  -45.0000 1457.9298   45.7695
    0.0000   30.0000  -45.0000 1461.9656   45.5335
    7.5000   30.0000  -45.0000 1438.5774   46.5043
   -7.5000   37.5000  -45.0000 1331.3660   55.3322
    0.0000   37.5000  -45.0000 1338.7061   55.0758
    7.5000   37.5000  -45.0000 1311.9185   56.4332
   -7.5000  -52.5000  -37.5000 1990.5479   23.2932
    0.0000  -52.5000  -37.5000 2007.1841   23.1838
    7.5000  -52.5000  -37.5000 1982.6982   23.5367
   -7.5000  -45.0000  -37.5000 2017.2645   22.9907
    0.0000  -45.0000  -37.5000 2030.6223   22.8518
    7.5000  -45.0000  -37.5000 2009.4785   23.1805
   -7.5000  -37.5000  -37.5000 2031.3961   22.7859
    0.0000  -37.5000  -37.5000 2046.7898   22.5899
    7.5000  -37.5000  -37.5000 2020.0629   22.9000
   -7.5000  -30.0000  -37.5000 2033.4419   22.7026
    0.0000  -30.0000  -37.5000 2047.8490   22.5478
    7.5000  -30.0000  -37.5000 2022.5565   22.8527
   -7.5000  -22.5000  -37.5000 2031.8693   22.9693
    0.0000  -22.5000  -37.5000 2050.1951   22.7372
    7.5000  -22.5000  -37.5000 2014.8105   23.1001
   -7.5000  -15.0000  -37.5000 2010.1008   23.6615
    0.0000  -15.0000  -37.5000 2028.8384   23.4314
    7.5000  -15.0000  -37.5000 1996.7434   23.8329
   -7.5000   -7.5000  -37.5000 1974.9294   24.8415
    0.0000   -7.5000  -37.5000 1986.0547   24.5619
    7.5000   -7.5000  -37.5000 1957.8057   24.9956
   -7.5000    0.0000  -37.5000 1919.1774   26.4431
    0.0000    0.0000  -37.5000 1930.7451   26.1518
    7.5000    0.0000  -37.5000 1902.9784   26.6496
   -7.5000    7.5000  -37.5000 1846.4954   28.6200
    0.0000    7.5000  -37.5000 1859.8964   28.3737
    7.5000    7.5000  -37.5000 1829.0707   28.9501
   -7.5000   15.0000  -37.5000 1755.1251   31.4664
    0.0000   15.0000  -37.5000 1766.5298   31.1926
    7.5000   15.0000  -37.5000 1736.2880   31.8026
   -7.5000   22.5000  -37.5000 1647.0071   35.3003
    0.0000   22.5000  -37.5000 1658.3772   35.1799
    7.5000   22.5000  -37.5000 1626.3959   35.7543
   -7.5000   30.0000  -37.5000 1530.8197   40.8886
    0.0000   30.0000  -37.5000 1540.2592   40.6188
    7.5000   30.0000  -37.5000 1512.5807   41.2904
   -7.5000   37.5000  -37.5000 1397.6003   49.0270
    0.0000   37.5000  -37.5000 1411.0513   48.7920
    7.5000   37.5000  -37.5000 1383.3016   49.5690
   -7.5000  -52.5000  -30.0000 2140.2373   21.6716
    0.0000  -52.5000  -30.0000 2167.6492   21.5836
    7.5000  -52.5000  -30.0000 2139.5771   21.8998
   -7.5000  -45.0000  -30.0000 2165.6882   21.3923
    0.0000  -45.0000  -30.0000 2189.1655   21.2940
    7.5000  -45.0000  -30.0000 2168.0046   21.5627
   -7.5000  -37.5000  -30.0000 2184.5378   21.2377
    0.0000  -37.5000  -30.0000 2198.9116   21.0443
    7.5000  -37.5000  -30.0000 2172.7935   21.3669
   -7.5000  -30.0000  -30.0000 2187.6619   21.2490
    0.0000  -30.0000  -30.0000 2198.3818   21.0979
    7.5000  -30.0000  -30.0000 2176.4775   21.4361
   -7.5000  -22.5000  -30.0000 2178.3103   21.5513
    0.0000  -22.5000  -30.0000 2189.6433   21.3600
    7.5000  -22.5000  -30.0000 2165.6660   21.7202
   -7.5000  -15.0000  -30.0000 2156.3330   22.2155
    0.0000  -15.0000  -30.0000 2168.9761   21.9668
    7.5000  -15.0000  -30.0000 2141.9138   22.3712
   -7.5000   -7.5000  -30.0000 2117.4360   23.3419
    0.0000   -7.5000  -30.0000 2131.3650   23.1107
    7.5000   -7.5000  -30.0000 2101.1318   23.4902
   -7.5000    0.0000  -30.0000 2055.4934   24.8747
    0.0000    0.0000  -30.0000 2070.0652   24.6906
    7.5000    0.0000  -30.0000 2038.4333   25.1575
   -7.5000    7.5000  -30.0000 1967.3995   26.8983
    0.0000    7.5000  -30.0000 1984.7118   26.6836
    7.5000    7.5000  -30.0000 1953.7268   27.2059
   -7.5000   15.0000  -30.0000 1869.4692   29.5038
    0.0000   15.0000  -30.0000 1886.5192   29.2170
    7.5000   15.0000  -30.0000 1854.5680   29.7873
   -7.5000   22.5000  -30.0000 1756.2877   33.0290
    0.0000   22.5000  -30.0000 1769.6055   32.7987
    7.5000   22.5000  -30.0000 1738.0350   33.3114
   -7.5000   30.0000  -30.0000 1633.0994   38.1370
    0.0000   30.0000  -30.0000 1641.3997   37.8552
    7.5000   30.0000  -30.0000 1617.0773   38.5598
   -7.5000   37.5000  -30.0000 1498.3835   45.5523
    0.0000   37.5000  -30.0000 1510.4612   45.2532
    7.5000   37.5000  -30.0000 1481.3119   46.0387
   -7.5000  -52.5000  -22.5000 2277.5950   20.0279
    0.0000  -52.5000  -22.5000 2303.7339   19.8688
    7.5000  -52.5000  -22.5000 2273.6636   20.1950
   -7.5000  -45.0000  -22.5000 2300.7439   19.6926
    0.0000  -45.0000  -22.5000 2327.5608   19.5302
    7.5000  -45.0000  -22.5000 2298.1982   19.8610
   -7.5000  -37.5000  -22.5000 2316.6755   19.6643
    0.0000  -37.5000  -22.5000 2331.0830   19.4960
    7.5000  -37.5000  -22.5000 2310.1746   19.7733
   -7.5000  -30.0000  -22.5000 2315.4287   19.8048
    0.0000  -30.0000  -22.5000 2325.5735   19.6078
    7.5000  -30.0000  -22.5000 2305.7043   19.9130
   -7.5000  -22.5000  -22.5000 2306.9055   20.1410
    0.0000  -22.5000  -22.5000 2317.4358   19.9941
    7.5000  -22.5000  -22.5000 2293.7144   20.3006
   -7.5000  -15.0000  -22.5000 2280.1914   20.7662
    0.0000  -15.0000  -22.5000 2291.6946   20.5955
    7.5000  -15.0000  -22.5000 2262.5168   20.8893
   -7.5000   -7.5000  -22.5000 2236.8044   21.7346
    0.0000   -7.5000  -22.5000 2250.9944   21.5299
    7.5000   -7.5000  -22.5000 2218.1018   21.8905
   -7.5000    0.0000  -22.5000 2168.0745   23.1774
    0.0000    0.0000  -22.5000 2184.7852   22.9500
    7.5000    0.0000  -22.5000 2151.2988   23.3645
   -7.5000    7.5000  -22.5000 2081.7104   25.0647
    0.0000    7.5000  -22.5000 2098.4465   24.8373
    7.5000    7.5000  -22.5000 2066.9932   25.3086
   -7.5000   15.0000  -22.5000 1971.9077   27.5365
    0.0000   15.0000  -22.5000 1988.5358   27.2929
    7.5000   15.0000  -22.5000 1957.5768   27.8002
   -7.5000   22.5000  -22.5000 1846.8285   30.8155
    0.0000   22.5000  -22.5000 1861.9320   30.5486
    7.5000   22.5000  -22.5000 1831.8535   31.0614
   -7.5000   30.0000  -22.5000 1711.1740   35.5198
    0.0000   30.0000  -22.5000 1718.3223   35.1632
    7.5000   30.0000  -22.5000 1695.8782   35.7660
   -7.5000   37.5000  -22.5000 1572.8331   42.0235
    0.0000   37.5000  -22.5000 1581.5558   41.6713
    7.5000   37.5000  -22.5000 1555.6234   42.3348
   -7.5000  -52.5000  -15.0000 2372.6865   18.5773
    0.0000  -52.5000  -15.0000 2400.3521   18.3780
    7.5000  -52.5000  -15.0000 2374.8582   18.7044
   -7.5000  -45.0000  -15.0000 2409.1768   18.1802
    0.0000  -45.0000  -15.0000 2430.0430   17.9891
    7.5000  -45.0000  -15.0000 2403.3572   18.3078
   -7.5000  -37.5000  -15.0000 2427.3503   18.1631
    0.0000  -37.5000  -15.0000 2445.9858   17.9952
    7.5000  -37.5000  -15.0000 2419.6440   18.2226
   -7.5000  -30.0000  -15.0000 2429.5784   18.3776
    0.0000  -30.0000  -15.0000 2454.3855   18.2428
    7.5000  -30.0000  -15.0000 2420.1438   18.4636
   -7.5000  -22.5000  -15.0000 2419.1541   18.7287
    0.0000  -22.5000  -15.0000 2439.0532   18.5883
    7.5000  -22.5000  -15.0000 2406.0374   18.8601
   -7.5000  -15.0000  -15.0000 2386.9597   19.2778
    0.0000  -15.0000  -15.0000 2404.8210   19.1440
    7.5000  -15.0000  -15.0000 2373.1367   19.4236
   -7.5000   -7.5000  -15.0000 2343.0649   20.2074
    0.0000   -7.5000  -15.0000 2359.8923   20.0228
    7.5000   -7.5000  -15.0000 2326.7292   20.3253
   -7.5000    0.0000  -15.0000 2271.7302   21.5627
    0.0000    0.0000  -15.0000 2289.7400   21.3702
    7.5000    0.0000  -15.0000 2255.9868   21.7121
   -7.5000    7.5000  -15.0000 2173.7505   23.3534
    0.0000    7.5000  -15.0000 2194.0510   23.1252
    7.5000    7.5000  -15.0000 2159.7261   23.5071
   -7.5000   15.0000  -15.0000 2054.5977   25.7287
    0.0000   15.0000  -15.0000 2074.0696   25.4665
    7.5000   15.0000  -15.0000 2039.9635   25.8625
   -7.5000   22.5000  -15.0000 1925.1483   28.8858
    0.0000   22.5000  -15.0000 1945.6785   28.6275
    7.5000   22.5000  -15.0000 1911.8667   29.0867
   -7.5000   30.0000  -15.0000 1780.1681   33.1118
    0.0000   30.0000  -15.0000 1792.7152   32.8400
    7.5000   30.0000  -15.0000 1763.3751   33.3348
   -7.5000   37.5000  -15.0000 1636.7400   38.8761
    0.0000   37.5000  -15.0000 1648.2690   38.5946
    7.5000   37.5000  -15.0000 1619.8555   39.2053
   -7.5000  -52.5000   -7.5000 2464.1101   17.2822
    0.0000  -52.5000   -7.5000 2491.1975   17.1442
    7.5000  -52.5000   -7.5000 2464.8396   17.4224
   -7.5000  -45.0000   -7.5000 2502.7351   16.8031
    0.0000  -45.0000   -7.5000 2528.4272   16.6650
    7.5000  -45.0000   -7.5000 2498.3364   16.9714
   -7.5000  -37.5000   -7.5000 2520.1672   16.7088
    0.0000  -37.5000   -7.5000 2544.2510   16.5395
    7.5000  -37.5000   -7.5000 2511.5085   16.7939
   -7.5000  -30.0000   -7.5000 2528.0037   16.9346
    0.0000  -30.0000   -7.5000 2557.3896   16.7730
    7.5000  -30.0000   -7.5000 2519.0742   16.9865
   -7.5000  -22.5000   -7.5000 2529.3560   17.3806
    0.0000  -22.5000   -7.5000 2558.1401   17.1946
    7.5000  -22.5000   -7.5000 2515.0388   17.4416
   -7.5000  -15.0000   -7.5000 2500.3030   17.9971
    0.0000  -15.0000   -7.5000 2528.8286   17.8706
    7.5000  -15.0000   -7.5000 2486.7644   18.1100
   -7.5000   -7.5000   -7.5000 2445.2458   18.8811
    0.0000   -7.5000   -7.5000 2474.6436   18.7159
    7.5000   -7.5000   -7.5000 2432.8513   18.9765
   -7.5000    0.0000   -7.5000 2365.1086   20.1215
    0.0000    0.0000   -7.5000 2392.3635   19.9361
    7.5000    0.0000   -7.5000 2349.2859   20.2006
   -7.5000    7.5000   -7.5000 2257.4316   21.8284
    0.0000    7.5000   -7.5000 2281.9570   21.6192
    7.5000    7.5000   -7.5000 2241.4243   21.9085
   -7.5000   15.0000   -7.5000 2126.4275   24.0482
    0.0000   15.0000   -7.5000 2147.3745   23.8149
    7.5000   15.0000   -7.5000 2112.2046   24.2263
   -7.5000   22.5000   -7.5000 1987.0094   27.0404
    0.0000   22.5000   -7.5000 2006.5565   26.7513
    7.5000   22.5000   -7.5000 1977.7622   27.1284
   -7.5000   30.0000   -7.5000 1840.5782   30.9908
    0.0000   30.0000   -7.5000 1857.2120   30.6881
    7.5000   30.0000   -7.5000 1821.8892   31.0862
   -7.5000   37.5000   -7.5000 1692.7408   36.1360
    0.0000   37.5000   -7.5000 1708.2146   35.8983
    7.5000   37.5000   -7.5000 1676.8295   36.4169
   -7.5000  -52.5000    0.0000 2535.6538   16.1787
    0.0000  -52.5000    0.0000 2562.8457   16.0573
    7.5000  -52.5000    0.0000 2533.7644   16.3283
   -7.5000  -45.0000    0.0000 2583.9956   15.6401
    0.0000  -45.0000    0.0000 2606.1965   15.4835
    7.5000  -45.0000    0.0000 2576.2981   15.7878
   -7.5000  -37.5000    0.0000 2615.0933   15.4767
    0.0000  -37.5000    0.0000 2639.5410   15.3129
    7.5000  -37.5000    0.0000 2602.9187   15.6077
   -7.5000  -30.0000    0.0000 2626.6101   15.7063
    0.0000  -30.0000    0.0000 2657.1853   15.5441
    7.5000  -30.0000    0.0000 2615.5962   15.7976
   -7.5000  -22.5000    0.0000 2631.9443   16.2144
    0.0000  -22.5000    0.0000 2670.1282   16.0328
    7.5000  -22.5000    0.0000 2617.0662   16.2914
   -7.5000  -15.0000    0.0000 2597.5708   16.9122
    0.0000  -15.0000    0.0000 2631.2722   16.7448
    7.5000  -15.0000    0.0000 2585.5183   16.9923
   -7.5000   -7.5000    0.0000 2537.8860   17.8062
    0.0000   -7.5000    0.0000 2569.3215   17.6545
    7.5000   -7.5000    0.0000 2520.6699   17.8696
   -7.5000    0.0000    0.0000 2453.1477   18.9842
    0.0000    0.0000    0.0000 2478.5271   18.8320
    7.5000    0.0000    0.0000 2433.2253   19.0629
   -7.5000    7.5000    0.0000 2340.1018   20.5997
    0.0000    7.5000    0.0000 2360.4604   20.4023
    7.5000    7.5000    0.0000 2318.4883   20.6634
   -7.5000   15.0000    0.0000 2195.8391   22.7650
    0.0000   15.0000    0.0000 2212.0483   22.5382
    7.5000   15.0000    0.0000 2174.9172   22.8038
   -7.5000   22.5000    0.0000 2046.1510   25.5353
    0.0000   22.5000    0.0000 2059.1260   25.2551
    7.5000   22.5000    0.0000 2027.3497   25.5738
   -7.5000   30.0000    0.0000 1890.6348   29.1519
    0.0000   30.0000    0.0000 1904.4957   28.8585
    7.5000   30.0000    0.0000 1872.7869   29.2930
   -7.5000   37.5000    0.0000 1741.3331   33.9562
    0.0000   37.5000    0.0000 1752.8206   33.6465
    7.5000   37.5000    0.0000 1727.6521   34.2054
   -7.5000  -52.5000    7.5000 2610.9656   15.3295
    0.0000  -52.5000    7.5000 2637.6790   15.1678
    7.5000  -52.5000    7.5000 2609.0413   15.4489
   -7.5000  -45.0000    7.5000 2665.3289   14.7648
    0.0000  -45.0000    7.5000 2690.5444   14.6018
    7.5000  -45.0000    7.5000 2657.6060   14.8744
   -7.5000  -37.5000    7.5000 2709.4355   14.5322
    0.0000  -37.5000    7.5000 2736.8306   14.3409
    7.5000  -37.5000    7.5000 2698.1340   14.6663
   -7.5000  -30.0000    7.5000 2724.8083   14.7773
    0.0000  -30.0000    7.5000 2756.3137   14.5600
    7.5000  -30.0000    7.5000 2710.0679   14.8599
   -7.5000  -22.5000    7.5000 2726.8005   15.2826
    0.0000  -22.5000    7.5000 2763.8491   15.0921
    7.5000  -22.5000    7.5000 2714.2837   15.3622
   -7.5000  -15.0000    7.5000 2689.3550   16.0035
    0.0000  -15.0000    7.5000 2721.6033   15.8371
    7.5000  -15.0000    7.5000 2675.0312   16.0600
   -7.5000   -7.5000    7.5000 2626.0171   16.9055
    0.0000   -7.5000    7.5000 2654.9238   16.7693
    7.5000   -7.5000    7.5000 2605.2153   16.9269
   -7.5000    0.0000    7.5000 2525.1018   18.0990
    0.0000    0.0000    7.5000 2552.4097   17.9781
    7.5000    0.0000    7.5000 2504.4663   18.1656
   -7.5000    7.5000    7.5000 2400.0859   19.6590
    0.0000    7.5000    7.5000 2425.3120   19.5225
    7.5000    7.5000    7.5000 2381.3438   19.7192
   -7.5000   15.0000    7.5000 2250.8110   21.7137
    0.0000   15.0000    7.5000 2271.3423   21.5058
    7.5000   15.0000    7.5000 2235.6304   21.7339
   -7.5000   22.5000    7.5000 2098.2690   24.3487
    0.0000   22.5000    7.5000 2110.6589   24.1518
    7.5000   22.5000    7.5000 2077.9856   24.3922
   -7.5000   30.0000    7.5000 1932.6144   27.7524
    0.0000   30.0000    7.5000 1951.3453   27.5789
    7.5000   30.0000    7.5000 1920.3782   27.9146
   -7.5000   37.5000    7.5000 1776.3521   32.2460
    0.0000   37.5000    7.5000 1788.9736   32.0597
    7.5000   37.5000    7.5000 1764.9524   32.5499
   -7.5000  -52.5000   15.0000 2668.9663   14.7098
    0.0000  -52.5000   15.0000 2698.8691   14.5420
    7.5000  -52.5000   15.0000 2664.7166   14.8028
   -7.5000  -45.0000   15.0000 2726.1670   14.1346
    0.0000  -45.0000   15.0000 2756.5776   13.9524
    7.5000  -45.0000   15.0000 2716.1636   14.2020
   -7.5000  -37.5000   15.0000 2777.4182   13.8718
    0.0000  -37.5000   15.0000 2813.9216   13.6419
    7.5000  -37.5000   15.0000 2767.9207   13.9538
   -7.5000  -30.0000   15.0000 2804.8054   14.0199
    0.0000  -30.0000   15.0000 2842.9150   13.7718
    7.5000  -30.0000   15.0000 2796.0083   14.0763
   -7.5000  -22.5000   15.0000 2808.2817   14.5063
    0.0000  -22.5000   15.0000 2849.2324   14.3191
    7.5000  -22.5000   15.0000 2799.9614   14.5570
   -7.5000  -15.0000   15.0000 2766.1465   15.2687
    0.0000  -15.0000   15.0000 2799.0339   15.1443
    7.5000  -15.0000   15.0000 2752.2651   15.3274
   -7.5000   -7.5000   15.0000 2689.9849   16.2590
    0.0000   -7.5000   15.0000 2715.0940   16.1225
    7.5000   -7.5000   15.0000 2670.2290   16.2604
   -7.5000    0.0000   15.0000 2576.8557   17.4195
    0.0000    0.0000   15.0000 2603.9551   17.3161
    7.5000    0.0000   15.0000 2560.2915   17.4689
   -7.5000    7.5000   15.0000 2442.1062   18.9564
    0.0000    7.5000   15.0000 2468.5549   18.8521
    7.5000    7.5000   15.0000 2424.9766   18.9959
   -7.5000   15.0000   15.0000 2288.0698   20.9653
    0.0000   15.0000   15.0000 2310.7957   20.8114
    7.5000   15.0000   15.0000 2275.1960   20.9925
   -7.5000   22.5000   15.0000 2122.6680   23.5101
    0.0000   22.5000   15.0000 2143.8384   23.3353
    7.5000   22.5000   15.0000 2109.8882   23.5871
   -7.5000   30.0000   15.0000 1958.0422   26.7186
    0.0000   30.0000   15.0000 1970.7329   26.5230
    7.5000   30.0000   15.0000 1944.0010   26.9104
   -7.5000   37.5000   15.0000 1797.6329   31.0088
    0.0000   37.5000   15.0000 1809.2401   30.7563
    7.5000   37.5000   15.0000 1786.1317   31.2818
   -7.5000  -52.5000   22.5000 2703.1912   14.3595
    0.0000  -52.5000   22.5000 2733.0847   14.2105
    7.5000  -52.5000   22.5000 2696.0203   14.4119
   -7.5000  -45.0000   22.5000 2763.3794   13.7371
    0.0000  -45.0000   22.5000 2800.4270   13.5975
    7.5000  -45.0000   22.5000 2757.6948   13.8037
   -7.5000  -37.5000   22.5000 2817.7559   13.4083
    0.0000  -37.5000   22.5000 2861.8276   13.2090
    7.5000  -37.5000   22.5000 2813.6760   13.4910
   -7.5000  -30.0000   22.5000 2856.0708   13.4619
    0.0000  -30.0000   22.5000 2896.0178   13.2038
    7.5000  -30.0000   22.5000 2847.1133   13.5083
   -7.5000  -22.5000   22.5000 2863.5383   13.9150
    0.0000  -22.5000   22.5000 2908.9707   13.7764
    7.5000  -22.5000   22.5000 2855.7607   13.9624
   -7.5000  -15.0000   22.5000 2815.6143   14.7222
    0.0000  -15.0000   22.5000 2849.5994   14.6111
    7.5000  -15.0000   22.5000 2805.9810   14.7869
   -7.5000   -7.5000   22.5000 2722.1392   15.7362
    0.0000   -7.5000   22.5000 2750.8059   15.6245
    7.5000   -7.5000   22.5000 2710.2378   15.7696
   -7.5000    0.0000   22.5000 2599.9385   16.9573
    0.0000    0.0000   22.5000 2630.0227   16.8284
    7.5000    0.0000   22.5000 2586.9075   17.0118
   -7.5000    7.5000   22.5000 2459.7747   18.5321
    0.0000    7.5000   22.5000 2487.6750   18.3835
    7.5000    7.5000   22.5000 2449.1216   18.5977
   -7.5000   15.0000   22.5000 2301.9304   20.5023
    0.0000   15.0000   22.5000 2327.8047   20.3494
    7.5000   15.0000   22.5000 2293.1990   20.6244
   -7.5000   22.5000   22.5000 2138.0022   22.9362
    0.0000   22.5000   22.5000 2157.8945   22.8202
    7.5000   22.5000   22.5000 2121.2620   23.1542
   -7.5000   30.0000   22.5000 1971.7601   26.0504
    0.0000   30.0000   22.5000 1984.7875   25.8732
    7.5000   30.0000   22.5000 1953.2852   26.2830
   -7.5000   37.5000   22.5000 1805.0538   30.0709
    0.0000   37.5000   22.5000 1818.3517   29.8502
    7.5000   37.5000   22.5000 1793.1349   30.3469
   -7.5000  -52.5000   30.0000 2715.9731   14.3213
    0.0000  -52.5000   30.0000 2749.8420   14.1662
    7.5000  -52.5000   30.0000 2709.5627   14.3534
   -7.5000  -45.0000   30.0000 2778.5637   13.6595
    0.0000  -45.0000   30.0000 2823.2744   13.5026
    7.5000  -45.0000   30.0000 2776.7488   13.7037
   -7.5000  -37.5000   30.0000 2834.9617   13.3114
    0.0000  -37.5000   30.0000 2884.3909   13.0969
    7.5000  -37.5000   30.0000 2832.3745   13.3664
   -7.5000  -30.0000   30.0000 2871.0159   13.3324
    0.0000  -30.0000   30.0000 2918.1548   13.1107
    7.5000  -30.0000   30.0000 2861.4534   13.3802
   -7.5000  -22.5000   30.0000 2873.8987   13.7832
    0.0000  -22.5000   30.0000 2922.7090   13.6043
    7.5000  -22.5000   30.0000 2868.4719   13.8466
   -7.5000  -15.0000   30.0000 2823.2893   14.5727
    0.0000  -15.0000   30.0000 2864.1106   14.4126
    7.5000  -15.0000   30.0000 2820.2957   14.7022
   -7.5000   -7.5000   30.0000 2725.7668   15.6500
    0.0000   -7.5000   30.0000 2758.8086   15.4685
    7.5000   -7.5000   30.0000 2721.4666   15.7576
   -7.5000    0.0000   30.0000 2601.1599   16.8899
    0.0000    0.0000   30.0000 2627.7349   16.6826
    7.5000    0.0000   30.0000 2590.5928   16.9559
   -7.5000    7.5000   30.0000 2460.6814   18.4788
    0.0000    7.5000   30.0000 2486.5842   18.2456
    7.5000    7.5000   30.0000 2447.3843   18.5103
   -7.5000   15.0000   30.0000 2301.4783   20.4262
    0.0000   15.0000   30.0000 2322.8269   20.1955
    7.5000   15.0000   30.0000 2291.7146   20.5009
   -7.5000   22.5000   30.0000 2134.7358   22.8632
    0.0000   22.5000   30.0000 2150.9460   22.6439
    7.5000   22.5000   30.0000 2119.3362   23.0332
   -7.5000   30.0000   30.0000 1967.4948   25.9674
    0.0000   30.0000   30.0000 1976.5250   25.7112
    7.5000   30.0000   30.0000 1954.5032   26.1529
   -7.5000   37.5000   30.0000 1805.6315   29.9650
    0.0000   37.5000   30.0000 1816.1913   29.6977
    7.5000   37.5000   30.0000 1791.8400   30.2781
   -7.5000  -52.5000   37.5000 2710.5361   14.4794
    0.0000  -52.5000   37.5000 2746.7410   14.3571
    7.5000  -52.5000   37.5000 2705.0825   14.5465
   -7.5000  -45.0000   37.5000 2770.5259   13.7582
    0.0000  -45.0000   37.5000 2813.8892   13.5916
    7.5000  -45.0000   37.5000 2766.6687   13.8241
   -7.5000  -37.5000   37.5000 2824.2996   13.4836
    0.0000  -37.5000   37.5000 2868.8062   13.2690
    7.5000  -37.5000   37.5000 2816.0598   13.5102
   -7.5000  -30.0000   37.5000 2847.3477   13.6357
    0.0000  -30.0000   37.5000 2890.2581   13.4038
    7.5000  -30.0000   37.5000 2846.2842   13.6490
   -7.5000  -22.5000   37.5000 2838.2634   14.1453
    0.0000  -22.5000   37.5000 2879.1128   13.8845
    7.5000  -22.5000   37.5000 2839.8826   14.1679
   -7.5000  -15.0000   37.5000 2793.7410   14.8873
    0.0000  -15.0000   37.5000 2831.2065   14.6406
    7.5000  -15.0000   37.5000 2795.8455   14.9849
   -7.5000   -7.5000   37.5000 2698.7854   15.8557
    0.0000   -7.5000   37.5000 2736.1118   15.6659
    7.5000   -7.5000   37.5000 2699.6443   15.9467
   -7.5000    0.0000   37.5000 2576.0085   17.0824
    0.0000    0.0000   37.5000 2606.2917   16.8900
    7.5000    0.0000   37.5000 2573.5051   17.1402
   -7.5000    7.5000   37.5000 2440.1165   18.6512
    0.0000    7.5000   37.5000 2461.1672   18.4376
    7.5000    7.5000   37.5000 2433.7920   18.6801
   -7.5000   15.0000   37.5000 2283.2407   20.6383
    0.0000   15.0000   37.5000 2297.2837   20.4168
    7.5000   15.0000   37.5000 2267.9556   20.6746
   -7.5000   22.5000   37.5000 2115.4758   23.0762
    0.0000   22.5000   37.5000 2134.6919   22.8871
    7.5000   22.5000   37.5000 2101.4663   23.1989
   -7.5000   30.0000   37.5000 1951.3027   26.1327
    0.0000   30.0000   37.5000 1965.0131   25.9445
    7.5000   30.0000   37.5000 1940.0826   26.3375
   -7.5000   37.5000   37.5000 1792.8644   30.1271
    0.0000   37.5000   37.5000 1802.7504   29.8948
    7.5000   37.5000   37.5000 1778.0697   30.3248
   -7.5000  -52.5000   45.0000 2669.4775   14.8438
    0.0000  -52.5000   45.0000 2704.5820   14.6958
    7.5000  -52.5000   45.0000 2668.4832   14.9025
   -7.5000  -45.0000   45.0000 2731.7283   14.1782
    0.0000  -45.0000   45.0000 2766.4888   13.9992
    7.5000  -45.0000   45.0000 2727.4316   14.2197
   -7.5000  -37.5000   45.0000 2781.0908   13.9872
    0.0000  -37.5000   45.0000 2816.1975   13.8244
    7.5000  -37.5000   45.0000 2771.4038   14.0058
   -7.5000  -30.0000   45.0000 2793.8733   14.2645
    0.0000  -30.0000   45.0000 2832.2410   14.1188
    7.5000  -30.0000   45.0000 2789.8315   14.2657
   -7.5000  -22.5000   45.0000 2768.4275   14.8086
    0.0000  -22.5000   45.0000 2809.7283   14.6550
    7.5000  -22.5000   45.0000 2765.3838   14.8064
   -7.5000  -15.0000   45.0000 2716.0635   15.4777
    0.0000  -15.0000   45.0000 2753.4319   15.3493
    7.5000  -15.0000   45.0000 2715.7749   15.5319
   -7.5000   -7.5000   45.0000 2629.2212   16.3781
    0.0000   -7.5000   45.0000 2662.4883   16.2256
    7.5000   -7.5000   45.0000 2627.8435   16.4333
   -7.5000    0.0000   45.0000 2517.1682   17.5045
    0.0000    0.0000   45.0000 2544.2427   17.3493
    7.5000    0.0000   45.0000 2516.9094   17.6034
   -7.5000    7.5000   45.0000 2389.5842   18.9538
    0.0000    7.5000   45.0000 2412.1189   18.8107
    7.5000    7.5000   45.0000 2385.7539   19.0979
   -7.5000   15.0000   45.0000 2238.1431   20.9472
    0.0000   15.0000   45.0000 2255.2844   20.7586
    7.5000   15.0000   45.0000 2229.0833   21.0365
   -7.5000   22.5000   45.0000 2083.8394   23.3975
    0.0000   22.5000   45.0000 2100.4185   23.1496
    7.5000   22.5000   45.0000 2073.4292   23.5353
   -7.5000   30.0000   45.0000 1928.4506   26.5768
    0.0000   30.0000   45.0000 1940.4968   26.2951
    7.5000   30.0000   45.0000 1919.4082   26.7689
   -7.5000   37.5000   45.0000 1762.7863   30.7223
    0.0000   37.5000   45.0000 1776.2234   30.4038
    7.5000   37.5000   45.0000 1754.6952   30.9126

---------------------------------------------------------------------
imgreg_4dfp /opt/freesurfer/average/711-2C_as_mni_average_305 /opt/freesurfer/average/711-2B_as_mni_average_305_mask talsrcimg_g11 none talsrcimg_to_711-2C_as_mni_average_305_t4 1283
---------------------------------------------------------------------

freesurfer imgreg_4dfp.c
/opt/freesurfer/average/711-2C_as_mni_average_305.4dfp.img
       256       256       256         1
  1.000000  1.000000  1.000000
orientation T byte_order littleendian
Reading image: /opt/freesurfer/average/711-2C_as_mni_average_305.4dfp.img
dimensions:      256       256       256
mmppix:       1.0000   -1.0000   -1.0000
center:     128.0000 -129.0000 -129.0000
/opt/freesurfer/average/711-2B_as_mni_average_305_mask.4dfp.img
       256       256       256         1
  1.000000  1.000000  1.000000
orientation T byte_order littleendian
Reading mask: /opt/freesurfer/average/711-2B_as_mni_average_305_mask.4dfp.img (2306576 pixels)
talsrcimg_g11.4dfp.img
       256       256       256         1
  1.000000  1.000000  1.000000
orientation T byte_order littleendian
Reading image: talsrcimg_g11.4dfp.img
dimensions:      256       256       256
mmppix:       1.0000   -1.0000   -1.0000
center:     128.0000 -129.0000 -129.0000
rotation matrix determinant  1.000000
fimgreg.f
image alignment mode   1283 decimal      503 hex
parameters
    0.0000  -22.5000   30.0000    0.0000    0.0000    0.0000
eta,q 0.91752 13.53779
niter,ni,del,rscale     5    3   12.0000    1.2000
parameter  4-10.831556 ->  0.500000 qaram    1.1500
parameters
   -0.8057  -24.4694   28.1362   -3.4500   -1.1927    2.8104
eta,q 0.91740 13.20517
  0.0932  0.0878  0.0869  0.0830  0.0852  0.0880
  0.0884  0.0864  0.0844  0.0832  0.0838  0.0870
  0.0859  0.0851  0.0852  0.0840  0.0834  0.0851
  0.0860  0.0853  0.0851  0.0850  0.0833  0.0832
  0.0887  0.0880  0.0858  0.0854  0.0842  0.0825
  0.0922  0.0919  0.0893  0.0859  0.0858  0.0831
  0.0974  0.0962  0.0948  0.0865  0.0866  0.0840
niter,ni,del,rscale     5    3   12.0000    1.2000
parameters
   -0.1291  -22.8660   28.0764   -5.8542   -1.9490    2.9115
eta,q 0.91927 13.25267
  0.0947  0.0909  0.0881  0.0829  0.0829  0.0853
  0.0870  0.0890  0.0850  0.0818  0.0811  0.0831
  0.0831  0.0858  0.0819  0.0809  0.0806  0.0812
  0.0826  0.0828  0.0816  0.0816  0.0809  0.0807
  0.0832  0.0815  0.0820  0.0834  0.0815  0.0821
  0.0848  0.0827  0.0848  0.0846  0.0822  0.0835
  0.0893  0.0867  0.0887  0.0859  0.0840  0.0844
niter,ni,del,rscale     4    3   12.0000    1.2000
parameters
   -0.1097  -22.4725   27.9267   -6.0769   -1.7090    2.8535
eta,q 0.91923 13.26872
  0.0910  0.0903  0.0870  0.0837  0.0836  0.0849
  0.0835  0.0878  0.0839  0.0830  0.0812  0.0828
  0.0803  0.0832  0.0811  0.0819  0.0805  0.0810
  0.0807  0.0807  0.0807  0.0807  0.0807  0.0808
  0.0827  0.0813  0.0815  0.0812  0.0812  0.0822
  0.0850  0.0841  0.0843  0.0831  0.0814  0.0835
  0.0890  0.0897  0.0876  0.0845  0.0826  0.0843
niter,ni,del,rscale     3    3   12.0000    1.2000
parameters
   -0.2246  -22.3459   27.8577   -6.0217   -1.6354    2.8091
eta,q 0.91934 13.27518
  0.0901  0.0900  0.0872  0.0839  0.0832  0.0849
  0.0828  0.0870  0.0841  0.0833  0.0810  0.0828
  0.0800  0.0825  0.0811  0.0820  0.0804  0.0810
  0.0808  0.0807  0.0807  0.0807  0.0807  0.0807
  0.0827  0.0815  0.0815  0.0810  0.0810  0.0820
  0.0848  0.0848  0.0843  0.0829  0.0813  0.0834
  0.0889  0.0906  0.0875  0.0844  0.0825  0.0843
niter,ni,del,rscale     2    3   12.0000    1.2000
parameters
   -0.2347  -22.3171   27.8432   -5.9823   -1.6314    2.7908
eta,q 0.91935 13.27804
  0.0904  0.0899  0.0874  0.0840  0.0830  0.0850
  0.0829  0.0867  0.0842  0.0833  0.0809  0.0828
  0.0799  0.0822  0.0811  0.0820  0.0804  0.0810
  0.0807  0.0807  0.0807  0.0807  0.0807  0.0807
  0.0825  0.0815  0.0815  0.0810  0.0810  0.0820
  0.0846  0.0851  0.0842  0.0829  0.0813  0.0834
  0.0886  0.0909  0.0874  0.0844  0.0825  0.0843
registration optimization eta report
parameter search radius
    6.0000    6.0000    6.0000    6.9000    6.0000    6.0000
100000*second partial in parameter space
       25.       27.       19.        7.        6.       10.
  0.0904  0.0899  0.0874  0.0840  0.0830  0.0850
  0.0829  0.0867  0.0842  0.0833  0.0809  0.0828
  0.0799  0.0822  0.0811  0.0820  0.0804  0.0810
  0.0807  0.0807  0.0807  0.0807  0.0807  0.0807
  0.0825  0.0815  0.0815  0.0810  0.0810  0.0820
  0.0846  0.0851  0.0842  0.0829  0.0813  0.0834
  0.0886  0.0909  0.0874  0.0844  0.0825  0.0843
   -0.2347  -22.3171   27.8432   -5.9823   -1.6314    2.7908
eta,q 0.91935 13.27804

---------------------------------------------------------------------
imgreg_4dfp /opt/freesurfer/average/711-2C_as_mni_average_305 /opt/freesurfer/average/711-2B_as_mni_average_305_mask talsrcimg_g11 none talsrcimg_to_711-2C_as_mni_average_305_t4 3335
---------------------------------------------------------------------

freesurfer imgreg_4dfp.c
/opt/freesurfer/average/711-2C_as_mni_average_305.4dfp.img
       256       256       256         1
  1.000000  1.000000  1.000000
orientation T byte_order littleendian
Reading image: /opt/freesurfer/average/711-2C_as_mni_average_305.4dfp.img
dimensions:      256       256       256
mmppix:       1.0000   -1.0000   -1.0000
center:     128.0000 -129.0000 -129.0000
/opt/freesurfer/average/711-2B_as_mni_average_305_mask.4dfp.img
       256       256       256         1
  1.000000  1.000000  1.000000
orientation T byte_order littleendian
Reading mask: /opt/freesurfer/average/711-2B_as_mni_average_305_mask.4dfp.img (2306576 pixels)
talsrcimg_g11.4dfp.img
       256       256       256         1
  1.000000  1.000000  1.000000
orientation T byte_order littleendian
Reading image: talsrcimg_g11.4dfp.img
dimensions:      256       256       256
mmppix:       1.0000   -1.0000   -1.0000
center:     128.0000 -129.0000 -129.0000
fimgreg.f
image alignment mode   3335 decimal      D07 hex
parameters
   -0.2347  -22.3171   27.8432   -0.1591   -0.6770   -0.5849
   -5.1388    2.3207    4.8670   10.5476   -2.8470  -10.4179
eta,q 0.92038 13.34870
niter,ni,del,rscale     5    3    5.0000    1.2000
parameter  4  3.820881 ->  0.500000 qaram    1.1500
parameter  5  3.226371 ->  0.500000 qaram    1.1500
parameter  6  2.010202 ->  0.500000 qaram    1.1500
parameter 10  1.476289 ->  0.500000 qaram    1.1500
parameter 11 -0.778704 -> -0.500000 qaram    1.1500
parameter 12 -1.297048 -> -0.500000 qaram    1.1500
parameters
   -0.2026  -22.5140   27.8868   -4.2991   -4.8170   -4.7249
   -2.8442    0.0763    1.6123    6.4076    1.2930   -6.2779
eta,q 0.94096 12.22749
  0.0817  0.0804  0.0805  0.0659  0.0633  0.0578  0.0639  0.0623  0.0611  0.0587  0.0605  0.0601
  0.0806  0.0799  0.0801  0.0699  0.0655  0.0607  0.0628  0.0613  0.0609  0.0593  0.0600  0.0597
  0.0799  0.0797  0.0798  0.0745  0.0681  0.0632  0.0620  0.0610  0.0609  0.0600  0.0597  0.0595
  0.0796  0.0796  0.0796  0.0796  0.0711  0.0662  0.0615  0.0613  0.0610  0.0608  0.0595  0.0592
  0.0798  0.0797  0.0796  0.0852  0.0743  0.0697  0.0613  0.0621  0.0614  0.0619  0.0593  0.0591
  0.0805  0.0801  0.0799  0.0913  0.0777  0.0746  0.0615  0.0634  0.0619  0.0634  0.0592  0.0590
  0.0816  0.0808  0.0806  0.0976  0.0817  0.0799  0.0621  0.0654  0.0627  0.0651  0.0592  0.0589
niter,ni,del,rscale     7    3    5.0000    1.2000
parameter  3  3.382350 ->  0.500000 qaram    1.1500
parameter  4  2.895034 ->  0.500000 qaram    1.3225
parameter  5  1.995291 ->  0.500000 qaram    1.3225
parameter  6 11.480320 ->  0.500000 qaram    1.3225
parameter 10  0.591641 ->  0.500000 qaram    1.3225
parameters
    0.1034  -21.3771   26.5068   -9.0601   -9.5780   -9.4859
   -5.1540   -1.1568    1.8654    1.6466    2.1465   -7.1923
eta,q 0.96469 11.57838
  0.0616  0.0610  0.0574  0.0451  0.0428  0.0329  0.0381  0.0399  0.0386  0.0364  0.0377  0.0367
  0.0603  0.0601  0.0576  0.0486  0.0445  0.0360  0.0372  0.0379  0.0376  0.0354  0.0366  0.0359
  0.0595  0.0595  0.0581  0.0527  0.0467  0.0407  0.0369  0.0369  0.0370  0.0356  0.0358  0.0354
  0.0590  0.0590  0.0587  0.0578  0.0496  0.0450  0.0372  0.0369  0.0368  0.0368  0.0354  0.0353
  0.0591  0.0587  0.0592  0.0634  0.0531  0.0489  0.0380  0.0381  0.0369  0.0386  0.0354  0.0356
  0.0596  0.0587  0.0598  0.0693  0.0569  0.0530  0.0393  0.0401  0.0375  0.0409  0.0359  0.0364
  0.0606  0.0591  0.0604  0.0757  0.0611  0.0579  0.0409  0.0426  0.0384  0.0434  0.0370  0.0376
niter,ni,del,rscale     7    3    5.0000    1.2000
parameter  4  1.066986 ->  0.500000 qaram    1.5209
parameter  5  1.072621 ->  0.500000 qaram    1.5209
parameter  6  0.661124 ->  0.500000 qaram    1.5209
parameters
    0.0409  -21.7735   25.7311  -14.5353  -15.0532  -14.9611
   -3.4492   -0.4725    4.5472    3.1450    1.1660   -5.8902
eta,q 0.97686 11.29516
  0.0386  0.0367  0.0364  0.0282  0.0255  0.0251  0.0278  0.0291  0.0269  0.0299  0.0245  0.0262
  0.0367  0.0358  0.0354  0.0290  0.0261  0.0240  0.0261  0.0264  0.0255  0.0268  0.0237  0.0249
  0.0356  0.0353  0.0350  0.0312  0.0275  0.0242  0.0247  0.0246  0.0245  0.0246  0.0233  0.0238
  0.0353  0.0353  0.0353  0.0350  0.0295  0.0264  0.0239  0.0238  0.0237  0.0235  0.0233  0.0232
  0.0358  0.0358  0.0361  0.0405  0.0322  0.0320  0.0238  0.0240  0.0235  0.0234  0.0236  0.0232
  0.0370  0.0367  0.0374  0.0472  0.0359  0.0373  0.0243  0.0252  0.0236  0.0246  0.0243  0.0238
  0.0389  0.0381  0.0391  0.0545  0.0404  0.0432  0.0254  0.0274  0.0243  0.0270  0.0252  0.0249
niter,ni,del,rscale     7    3    5.0000    1.2000
parameters
    0.4922  -22.9670   25.1450  -18.0398  -16.9061  -16.4750
   -4.0464   -0.2421    4.9531    2.3678    0.1427   -5.6294
eta,q 0.97831 11.11691
  0.0282  0.0231  0.0239  0.0246  0.0260  0.0273  0.0243  0.0261  0.0241  0.0262  0.0229  0.0243
  0.0259  0.0223  0.0227  0.0227  0.0232  0.0246  0.0229  0.0238  0.0229  0.0235  0.0221  0.0230
  0.0241  0.0223  0.0221  0.0217  0.0216  0.0226  0.0220  0.0223  0.0221  0.0220  0.0218  0.0221
  0.0231  0.0230  0.0222  0.0221  0.0217  0.0214  0.0218  0.0218  0.0218  0.0218  0.0217  0.0217
  0.0230  0.0242  0.0230  0.0244  0.0234  0.0221  0.0224  0.0222  0.0220  0.0228  0.0221  0.0219
  0.0239  0.0259  0.0244  0.0287  0.0261  0.0271  0.0235  0.0235  0.0226  0.0248  0.0227  0.0227
  0.0255  0.0278  0.0264  0.0350  0.0301  0.0335  0.0252  0.0255  0.0237  0.0277  0.0235  0.0240
niter,ni,del,rscale     6    3    5.0000    1.2000
parameters
    0.5843  -23.0076   25.3872  -18.3206  -16.8453  -16.5790
   -4.1678   -0.2076    5.0135    2.2285   -0.0552   -5.3898
eta,q 0.97829 11.10454
  0.0255  0.0245  0.0245  0.0271  0.0280  0.0285  0.0246  0.0259  0.0239  0.0269  0.0231  0.0243
  0.0235  0.0229  0.0231  0.0245  0.0248  0.0255  0.0230  0.0236  0.0227  0.0240  0.0224  0.0230
  0.0222  0.0219  0.0221  0.0226  0.0225  0.0233  0.0221  0.0222  0.0220  0.0222  0.0219  0.0221
  0.0217  0.0217  0.0217  0.0217  0.0217  0.0217  0.0217  0.0217  0.0217  0.0217  0.0217  0.0217
  0.0220  0.0221  0.0218  0.0220  0.0225  0.0214  0.0221  0.0222  0.0219  0.0225  0.0219  0.0220
  0.0231  0.0232  0.0225  0.0243  0.0247  0.0241  0.0232  0.0236  0.0227  0.0243  0.0225  0.0228
  0.0250  0.0246  0.0237  0.0284  0.0278  0.0306  0.0248  0.0257  0.0238  0.0271  0.0233  0.0241
niter,ni,del,rscale     5    3    5.0000    1.2000
parameters
    0.5960  -23.0159   25.4041  -18.3481  -16.8251  -16.6159
   -4.1914   -0.1934    5.0250    2.1657   -0.0644   -5.3322
eta,q 0.97828 11.10284
  0.0253  0.0247  0.0241  0.0274  0.0279  0.0286  0.0246  0.0259  0.0238  0.0270  0.0232  0.0242
  0.0234  0.0230  0.0229  0.0247  0.0248  0.0256  0.0231  0.0236  0.0227  0.0241  0.0224  0.0229
  0.0221  0.0220  0.0220  0.0227  0.0225  0.0233  0.0221  0.0222  0.0220  0.0222  0.0219  0.0220
  0.0217  0.0217  0.0217  0.0217  0.0217  0.0217  0.0217  0.0217  0.0217  0.0217  0.0217  0.0217
  0.0221  0.0221  0.0220  0.0220  0.0225  0.0214  0.0221  0.0223  0.0220  0.0224  0.0219  0.0220
  0.0233  0.0231  0.0228  0.0241  0.0247  0.0239  0.0231  0.0237  0.0227  0.0243  0.0224  0.0229
  0.0252  0.0246  0.0241  0.0281  0.0279  0.0305  0.0247  0.0257  0.0238  0.0270  0.0232  0.0242
registration optimization eta report
parameter search radius
    2.4000    2.4000    2.7600   10.9503   10.9503   10.9503
    7.2000    7.2000    7.2000    9.5220    8.2800    8.2800
100000*second partial in parameter space
       61.       50.       32.        5.        5.        7.
        6.        8.        4.        6.        2.        4.
  0.0253  0.0247  0.0241  0.0274  0.0279  0.0286  0.0246  0.0259  0.0238  0.0270  0.0232  0.0242
  0.0234  0.0230  0.0229  0.0247  0.0248  0.0256  0.0231  0.0236  0.0227  0.0241  0.0224  0.0229
  0.0221  0.0220  0.0220  0.0227  0.0225  0.0233  0.0221  0.0222  0.0220  0.0222  0.0219  0.0220
  0.0217  0.0217  0.0217  0.0217  0.0217  0.0217  0.0217  0.0217  0.0217  0.0217  0.0217  0.0217
  0.0221  0.0221  0.0220  0.0220  0.0225  0.0214  0.0221  0.0223  0.0220  0.0224  0.0219  0.0220
  0.0233  0.0231  0.0228  0.0241  0.0247  0.0239  0.0231  0.0237  0.0227  0.0243  0.0224  0.0229
  0.0252  0.0246  0.0241  0.0281  0.0279  0.0305  0.0247  0.0257  0.0238  0.0270  0.0232  0.0242
    0.5960  -23.0159   25.4041  -18.3481  -16.8251  -16.6159
   -4.1914   -0.1934    5.0250    2.1657   -0.0644   -5.3322
eta,q 0.97828 11.10284

---------------------------------------------------------------------
imgreg_4dfp /opt/freesurfer/average/711-2C_as_mni_average_305 /opt/freesurfer/average/711-2B_as_mni_average_305_mask talsrcimg_g11 none talsrcimg_to_711-2C_as_mni_average_305_t4 2311
---------------------------------------------------------------------

freesurfer imgreg_4dfp.c
/opt/freesurfer/average/711-2C_as_mni_average_305.4dfp.img
       256       256       256         1
  1.000000  1.000000  1.000000
orientation T byte_order littleendian
Reading image: /opt/freesurfer/average/711-2C_as_mni_average_305.4dfp.img
dimensions:      256       256       256
mmppix:       1.0000   -1.0000   -1.0000
center:     128.0000 -129.0000 -129.0000
/opt/freesurfer/average/711-2B_as_mni_average_305_mask.4dfp.img
       256       256       256         1
  1.000000  1.000000  1.000000
orientation T byte_order littleendian
Reading mask: /opt/freesurfer/average/711-2B_as_mni_average_305_mask.4dfp.img (2306576 pixels)
talsrcimg_g11.4dfp.img
       256       256       256         1
  1.000000  1.000000  1.000000
orientation T byte_order littleendian
Reading image: talsrcimg_g11.4dfp.img
dimensions:      256       256       256
mmppix:       1.0000   -1.0000   -1.0000
center:     128.0000 -129.0000 -129.0000
fimgreg.f
image alignment mode   2311 decimal      907 hex
parameters
    0.5960  -23.0159   25.4041  -18.3481  -16.8251  -16.6159
   -4.1914   -0.1934    5.0250    2.1657   -0.0644   -5.3322
eta,q 0.97828 11.10284
niter,ni,del,rscale     5    3    5.0000    0.8000
parameter  6 -0.524666 -> -0.500000 qaram    1.1500
parameters
    0.6017  -23.0684   25.4332  -17.3443  -17.0180  -13.8559
   -4.0271   -0.0531    5.2018    2.4269    0.6337   -5.1741
eta,q 0.97889 11.19320
  0.0234  0.0230  0.0226  0.0233  0.0229  0.0239  0.0227  0.0235  0.0223  0.0230  0.0220  0.0222
  0.0225  0.0222  0.0221  0.0226  0.0222  0.0230  0.0219  0.0222  0.0217  0.0220  0.0215  0.0216
  0.0219  0.0218  0.0218  0.0220  0.0218  0.0222  0.0213  0.0214  0.0213  0.0214  0.0212  0.0212
  0.0217  0.0217  0.0217  0.0217  0.0216  0.0216  0.0211  0.0211  0.0211  0.0211  0.0211  0.0211
  0.0219  0.0219  0.0218  0.0216  0.0218  0.0212  0.0213  0.0214  0.0212  0.0212  0.0211  0.0212
  0.0224  0.0224  0.0221  0.0218  0.0223  0.0212  0.0217  0.0221  0.0216  0.0217  0.0213  0.0215
  0.0233  0.0231  0.0225  0.0224  0.0232  0.0217  0.0225  0.0231  0.0221  0.0227  0.0216  0.0220
niter,ni,del,rscale     5    3    5.0000    0.8000
parameters
    0.5406  -23.1208   25.6093  -17.2829  -17.6362  -14.5994
   -4.1002   -0.1944    5.0560    2.2924    0.3452   -5.0655
eta,q 0.97886 11.17535
  0.0227  0.0225  0.0224  0.0224  0.0222  0.0229  0.0225  0.0231  0.0221  0.0226  0.0217  0.0221
  0.0218  0.0217  0.0217  0.0217  0.0215  0.0220  0.0218  0.0219  0.0216  0.0218  0.0214  0.0216
  0.0213  0.0212  0.0213  0.0213  0.0211  0.0214  0.0213  0.0213  0.0212  0.0213  0.0212  0.0213
  0.0211  0.0211  0.0211  0.0211  0.0211  0.0211  0.0212  0.0212  0.0212  0.0211  0.0212  0.0211
  0.0213  0.0213  0.0211  0.0212  0.0214  0.0214  0.0213  0.0215  0.0213  0.0214  0.0212  0.0212
  0.0220  0.0218  0.0214  0.0216  0.0220  0.0225  0.0218  0.0222  0.0217  0.0219  0.0215  0.0215
  0.0230  0.0226  0.0219  0.0224  0.0230  0.0251  0.0226  0.0233  0.0222  0.0228  0.0218  0.0221
niter,ni,del,rscale     4    3    5.0000    0.7000
parameters
    0.5663  -23.1104   25.6180  -17.1393  -17.4918  -14.4885
   -4.0947   -0.1933    5.0850    2.2884    0.3672   -5.0313
eta,q 0.97888 11.18569
  0.0225  0.0222  0.0219  0.0222  0.0224  0.0229  0.0222  0.0227  0.0219  0.0223  0.0216  0.0219
  0.0218  0.0216  0.0215  0.0217  0.0217  0.0221  0.0216  0.0218  0.0215  0.0217  0.0213  0.0215
  0.0213  0.0213  0.0212  0.0213  0.0213  0.0215  0.0213  0.0213  0.0212  0.0213  0.0212  0.0212
  0.0211  0.0211  0.0211  0.0211  0.0211  0.0211  0.0211  0.0211  0.0211  0.0211  0.0211  0.0211
  0.0213  0.0213  0.0212  0.0212  0.0212  0.0211  0.0212  0.0213  0.0212  0.0212  0.0212  0.0212
  0.0217  0.0216  0.0215  0.0215  0.0216  0.0217  0.0216  0.0219  0.0215  0.0217  0.0213  0.0214
  0.0224  0.0222  0.0219  0.0221  0.0222  0.0231  0.0222  0.0227  0.0219  0.0223  0.0216  0.0218
niter,ni,del,rscale     3    3    5.0000    0.6000
parameters
    0.5653  -23.1197   25.6045  -17.0831  -17.5145  -14.3070
   -4.0850   -0.1975    5.1088    2.3177    0.4456   -5.0283
eta,q 0.97891 11.19093
  0.0221  0.0219  0.0217  0.0219  0.0220  0.0225  0.0219  0.0223  0.0217  0.0220  0.0215  0.0216
  0.0216  0.0215  0.0214  0.0215  0.0215  0.0219  0.0215  0.0216  0.0214  0.0215  0.0213  0.0213
  0.0212  0.0212  0.0212  0.0212  0.0212  0.0214  0.0212  0.0212  0.0212  0.0212  0.0211  0.0212
  0.0211  0.0211  0.0211  0.0211  0.0211  0.0211  0.0211  0.0211  0.0211  0.0211  0.0211  0.0211
  0.0212  0.0212  0.0212  0.0212  0.0212  0.0211  0.0212  0.0212  0.0212  0.0212  0.0211  0.0211
  0.0216  0.0215  0.0214  0.0214  0.0215  0.0215  0.0215  0.0217  0.0214  0.0215  0.0212  0.0213
  0.0221  0.0219  0.0217  0.0219  0.0220  0.0225  0.0219  0.0223  0.0217  0.0220  0.0214  0.0216
niter,ni,del,rscale     2    3    5.0000    0.5000
parameters
    0.5564  -23.1322   25.6084  -17.0157  -17.5652  -14.1262
   -4.0649   -0.2077    5.1245    2.3460    0.4995   -5.0319
eta,q 0.97894 11.19585
  0.0218  0.0216  0.0215  0.0216  0.0217  0.0221  0.0217  0.0219  0.0215  0.0217  0.0213  0.0214
  0.0214  0.0213  0.0213  0.0214  0.0213  0.0217  0.0213  0.0214  0.0213  0.0214  0.0212  0.0212
  0.0212  0.0211  0.0211  0.0212  0.0212  0.0213  0.0211  0.0211  0.0211  0.0211  0.0211  0.0211
  0.0211  0.0211  0.0211  0.0211  0.0211  0.0211  0.0211  0.0211  0.0211  0.0211  0.0211  0.0211
  0.0212  0.0212  0.0211  0.0211  0.0212  0.0211  0.0211  0.0212  0.0211  0.0211  0.0211  0.0211
  0.0214  0.0214  0.0213  0.0213  0.0214  0.0214  0.0213  0.0215  0.0213  0.0213  0.0212  0.0212
  0.0218  0.0217  0.0215  0.0216  0.0217  0.0221  0.0216  0.0219  0.0215  0.0217  0.0213  0.0214
niter,ni,del,rscale     1    3    5.0000    0.4000
parameters
    0.5486  -23.1379   25.6154  -16.9576  -17.6198  -13.9689
   -4.0544   -0.2157    5.1373    2.3712    0.5533   -5.0539
eta,q 0.97895 11.19969
  0.0215  0.0214  0.0213  0.0214  0.0214  0.0218  0.0214  0.0216  0.0213  0.0215  0.0212  0.0213
  0.0213  0.0212  0.0212  0.0212  0.0212  0.0215  0.0212  0.0213  0.0212  0.0212  0.0211  0.0212
  0.0211  0.0211  0.0211  0.0211  0.0211  0.0212  0.0211  0.0211  0.0211  0.0211  0.0211  0.0211
  0.0211  0.0211  0.0211  0.0211  0.0211  0.0211  0.0211  0.0211  0.0211  0.0211  0.0211  0.0211
  0.0211  0.0211  0.0211  0.0211  0.0211  0.0211  0.0211  0.0211  0.0211  0.0211  0.0211  0.0211
  0.0213  0.0212  0.0212  0.0212  0.0213  0.0213  0.0212  0.0213  0.0212  0.0212  0.0211  0.0212
  0.0215  0.0214  0.0213  0.0214  0.0215  0.0217  0.0214  0.0216  0.0213  0.0215  0.0212  0.0213
registration optimization eta report
parameter search radius
    0.8000    0.8000    0.8000    2.4000    2.4000    2.7600
    2.4000    2.4000    2.4000    2.4000    2.4000    2.4000
100000*second partial in parameter space
       69.       56.       40.        6.        7.        9.
        7.        9.        5.        7.        3.        4.
  0.0215  0.0214  0.0213  0.0214  0.0214  0.0218  0.0214  0.0216  0.0213  0.0215  0.0212  0.0213
  0.0213  0.0212  0.0212  0.0212  0.0212  0.0215  0.0212  0.0213  0.0212  0.0212  0.0211  0.0212
  0.0211  0.0211  0.0211  0.0211  0.0211  0.0212  0.0211  0.0211  0.0211  0.0211  0.0211  0.0211
  0.0211  0.0211  0.0211  0.0211  0.0211  0.0211  0.0211  0.0211  0.0211  0.0211  0.0211  0.0211
  0.0211  0.0211  0.0211  0.0211  0.0211  0.0211  0.0211  0.0211  0.0211  0.0211  0.0211  0.0211
  0.0213  0.0212  0.0212  0.0212  0.0213  0.0213  0.0212  0.0213  0.0212  0.0212  0.0211  0.0212
  0.0215  0.0214  0.0213  0.0214  0.0215  0.0217  0.0214  0.0216  0.0213  0.0215  0.0212  0.0213
    0.5486  -23.1379   25.6154  -16.9576  -17.6198  -13.9689
   -4.0544   -0.2157    5.1373    2.3712    0.5533   -5.0539
eta,q 0.97895 11.19969

---------------------------------------------------------------------
imgreg_4dfp /opt/freesurfer/average/711-2C_as_mni_average_305 /opt/freesurfer/average/711-2B_as_mni_average_305_mask talsrcimg_g11 none talsrcimg_to_711-2C_as_mni_average_305_t4 2311
---------------------------------------------------------------------

freesurfer imgreg_4dfp.c
/opt/freesurfer/average/711-2C_as_mni_average_305.4dfp.img
       256       256       256         1
  1.000000  1.000000  1.000000
orientation T byte_order littleendian
Reading image: /opt/freesurfer/average/711-2C_as_mni_average_305.4dfp.img
dimensions:      256       256       256
mmppix:       1.0000   -1.0000   -1.0000
center:     128.0000 -129.0000 -129.0000
/opt/freesurfer/average/711-2B_as_mni_average_305_mask.4dfp.img
       256       256       256         1
  1.000000  1.000000  1.000000
orientation T byte_order littleendian
Reading mask: /opt/freesurfer/average/711-2B_as_mni_average_305_mask.4dfp.img (2306576 pixels)
talsrcimg_g11.4dfp.img
       256       256       256         1
  1.000000  1.000000  1.000000
orientation T byte_order littleendian
Reading image: talsrcimg_g11.4dfp.img
dimensions:      256       256       256
mmppix:       1.0000   -1.0000   -1.0000
center:     128.0000 -129.0000 -129.0000
fimgreg.f
image alignment mode   2311 decimal      907 hex
parameters
    0.5486  -23.1379   25.6154  -16.9576  -17.6198  -13.9689
   -4.0544   -0.2157    5.1373    2.3712    0.5533   -5.0539
eta,q 0.97895 11.19969
niter,ni,del,rscale     5    3    5.0000    0.8000
parameters
    0.5357  -23.1170   25.6341  -17.1994  -17.6369  -14.4127
   -4.0917   -0.1724    5.0757    2.2956    0.4263   -5.0430
eta,q 0.97889 11.18185
  0.0228  0.0225  0.0221  0.0222  0.0226  0.0226  0.0225  0.0232  0.0221  0.0227  0.0217  0.0221
  0.0218  0.0217  0.0215  0.0216  0.0217  0.0219  0.0218  0.0220  0.0216  0.0218  0.0214  0.0215
  0.0212  0.0212  0.0212  0.0212  0.0212  0.0214  0.0213  0.0213  0.0212  0.0213  0.0212  0.0212
  0.0211  0.0210  0.0211  0.0211  0.0211  0.0211  0.0211  0.0211  0.0211  0.0211  0.0211  0.0211
  0.0213  0.0212  0.0212  0.0212  0.0212  0.0212  0.0213  0.0214  0.0212  0.0213  0.0212  0.0212
  0.0218  0.0217  0.0215  0.0217  0.0217  0.0221  0.0218  0.0221  0.0216  0.0219  0.0214  0.0215
  0.0228  0.0224  0.0220  0.0226  0.0226  0.0238  0.0226  0.0231  0.0222  0.0228  0.0217  0.0221
niter,ni,del,rscale     4    3    5.0000    0.7000
parameters
    0.5597  -23.1156   25.6201  -17.1269  -17.5362  -14.2957
   -4.0773   -0.1753    5.0949    2.3205    0.4418   -5.0348
eta,q 0.97890 11.18875
  0.0225  0.0222  0.0218  0.0221  0.0223  0.0225  0.0222  0.0227  0.0219  0.0224  0.0216  0.0218
  0.0217  0.0216  0.0214  0.0216  0.0217  0.0219  0.0216  0.0218  0.0215  0.0217  0.0213  0.0214
  0.0213  0.0212  0.0212  0.0213  0.0213  0.0214  0.0212  0.0212  0.0212  0.0212  0.0211  0.0212
  0.0211  0.0211  0.0211  0.0211  0.0211  0.0211  0.0211  0.0211  0.0211  0.0211  0.0211  0.0211
  0.0212  0.0212  0.0212  0.0212  0.0212  0.0211  0.0212  0.0213  0.0212  0.0212  0.0211  0.0212
  0.0217  0.0216  0.0215  0.0215  0.0216  0.0216  0.0216  0.0218  0.0214  0.0216  0.0213  0.0214
  0.0224  0.0222  0.0219  0.0221  0.0222  0.0226  0.0222  0.0227  0.0219  0.0223  0.0216  0.0218
niter,ni,del,rscale     3    3    5.0000    0.6000
parameters
    0.5572  -23.1249   25.6147  -17.0698  -17.5642  -14.1565
   -4.0689   -0.1913    5.1127    2.3415    0.4886   -5.0337
eta,q 0.97893 11.19305
  0.0221  0.0219  0.0216  0.0218  0.0219  0.0222  0.0219  0.0223  0.0217  0.0220  0.0214  0.0216
  0.0215  0.0214  0.0213  0.0215  0.0215  0.0217  0.0215  0.0216  0.0213  0.0215  0.0212  0.0213
  0.0212  0.0212  0.0211  0.0212  0.0212  0.0213  0.0212  0.0212  0.0211  0.0212  0.0211  0.0211
  0.0211  0.0211  0.0211  0.0211  0.0211  0.0211  0.0211  0.0211  0.0211  0.0211  0.0211  0.0211
  0.0212  0.0212  0.0212  0.0211  0.0212  0.0211  0.0212  0.0212  0.0211  0.0212  0.0211  0.0211
  0.0215  0.0215  0.0213  0.0214  0.0215  0.0214  0.0214  0.0216  0.0213  0.0215  0.0212  0.0213
  0.0221  0.0219  0.0217  0.0218  0.0220  0.0222  0.0219  0.0223  0.0217  0.0220  0.0214  0.0216
niter,ni,del,rscale     2    3    5.0000    0.5000
parameters
    0.5488  -23.1319   25.6176  -17.0085  -17.6101  -14.0164
   -4.0607   -0.2034    5.1320    2.3641    0.5206   -5.0392
eta,q 0.97894 11.19702
  0.0217  0.0216  0.0215  0.0216  0.0217  0.0219  0.0216  0.0219  0.0215  0.0217  0.0213  0.0214
  0.0214  0.0213  0.0212  0.0213  0.0213  0.0215  0.0213  0.0214  0.0212  0.0214  0.0212  0.0212
  0.0211  0.0211  0.0211  0.0212  0.0211  0.0212  0.0211  0.0211  0.0211  0.0211  0.0211  0.0211
  0.0211  0.0211  0.0211  0.0211  0.0211  0.0211  0.0211  0.0211  0.0211  0.0211  0.0211  0.0211
  0.0212  0.0211  0.0211  0.0211  0.0211  0.0211  0.0211  0.0212  0.0211  0.0211  0.0211  0.0211
  0.0214  0.0213  0.0212  0.0213  0.0214  0.0213  0.0213  0.0214  0.0212  0.0213  0.0212  0.0212
  0.0218  0.0216  0.0215  0.0216  0.0217  0.0218  0.0216  0.0219  0.0215  0.0217  0.0213  0.0214
niter,ni,del,rscale     1    3    5.0000    0.4000
parameters
    0.5432  -23.1381   25.6194  -16.9439  -17.6524  -13.8838
   -4.0442   -0.2109    5.1502    2.3758    0.5729   -5.0473
eta,q 0.97896 11.20084
  0.0215  0.0214  0.0213  0.0214  0.0214  0.0216  0.0214  0.0216  0.0213  0.0215  0.0212  0.0213
  0.0212  0.0212  0.0212  0.0212  0.0212  0.0214  0.0212  0.0213  0.0212  0.0212  0.0211  0.0212
  0.0211  0.0211  0.0211  0.0211  0.0211  0.0212  0.0211  0.0211  0.0211  0.0211  0.0211  0.0211
  0.0211  0.0211  0.0211  0.0211  0.0211  0.0211  0.0210  0.0210  0.0210  0.0210  0.0210  0.0210
  0.0211  0.0211  0.0211  0.0211  0.0211  0.0211  0.0211  0.0211  0.0211  0.0211  0.0211  0.0211
  0.0213  0.0212  0.0212  0.0212  0.0212  0.0212  0.0212  0.0213  0.0212  0.0212  0.0211  0.0212
  0.0215  0.0214  0.0213  0.0214  0.0215  0.0216  0.0214  0.0216  0.0213  0.0215  0.0212  0.0213
registration optimization eta report
parameter search radius
    0.8000    0.8000    0.8000    2.4000    2.4000    2.4000
    2.4000    2.4000    2.4000    2.4000    2.4000    2.4000
100000*second partial in parameter space
       68.       56.       40.        6.        7.        9.
        7.        9.        5.        7.        3.        4.
  0.0215  0.0214  0.0213  0.0214  0.0214  0.0216  0.0214  0.0216  0.0213  0.0215  0.0212  0.0213
  0.0212  0.0212  0.0212  0.0212  0.0212  0.0214  0.0212  0.0213  0.0212  0.0212  0.0211  0.0212
  0.0211  0.0211  0.0211  0.0211  0.0211  0.0212  0.0211  0.0211  0.0211  0.0211  0.0211  0.0211
  0.0211  0.0211  0.0211  0.0211  0.0211  0.0211  0.0210  0.0210  0.0210  0.0210  0.0210  0.0210
  0.0211  0.0211  0.0211  0.0211  0.0211  0.0211  0.0211  0.0211  0.0211  0.0211  0.0211  0.0211
  0.0213  0.0212  0.0212  0.0212  0.0212  0.0212  0.0212  0.0213  0.0212  0.0212  0.0211  0.0212
  0.0215  0.0214  0.0213  0.0214  0.0215  0.0216  0.0214  0.0216  0.0213  0.0215  0.0212  0.0213
    0.5432  -23.1381   25.6194  -16.9439  -17.6524  -13.8838
   -4.0442   -0.2109    5.1502    2.3758    0.5729   -5.0473
eta,q 0.97896 11.20084

---------------------------------------------------------------------
compute_vox2vox talsrcimg talsrcimg_to_711-2C_as_mni_average_305_t4 /opt/freesurfer/average/711-2C_as_mni_average_305
---------------------------------------------------------------------

freesurfer compute_vox2vox.c
Reading: talsrcimg.4dfp.ifh
Reading: talsrcimg_to_711-2C_as_mni_average_305_t4
Reading: /opt/freesurfer/average/711-2C_as_mni_average_305.4dfp.ifh
Writing: talsrcimg_to_711-2C_as_mni_average_305_t4_vox2vox.txt

start time Mon Mar 9 20:56:30 CET 2026
end		time Mon Mar 9 20:58:06 CET 2026

mpr2mni305 success

avi2talxfm orig_nu.mgz /opt/freesurfer/average/mni305.cor.mgz talsrcimg_to_711-2C_as_mni_average_305_t4_vox2vox.txt transforms/talairach.auto.xfm
avi2talxfm done
mv -f /out/sourcedata/freesurfer/sub-v1s23x0050617_ses-1/mri/talsrcimg_to_711-2C_as_mni_average_305_t4_vox2vox.txt /out/sourcedata/freesurfer/sub-v1s23x0050617_ses-1/mri/transforms/talsrcimg_to_711-2C_as_mni_average_305_t4_vox2vox.txt
lta_convert --src orig_nu.mgz --trg /opt/freesurfer/average/mni305.cor.mgz --inxfm transforms/talairach.auto.xfm --outlta transforms/talairach.auto.xfm.lta --subject fsaverage
7.3.2

--src: orig_nu.mgz src image (geometry).
--trg: /opt/freesurfer/average/mni305.cor.mgz trg image (geometry).
--inmni: transforms/talairach.auto.xfm input MNI/XFM transform.
--outlta: transforms/talairach.auto.xfm.lta output LTA.
--s: fsaverage subject name
 LTA read, type : 1
 1.20034   0.00131   0.05903  -43.19398;
-0.01236   1.15925   0.07045   44.09369;
-0.07472  -0.03353   1.20864   9.59638;
 0.00000   0.00000   0.00000   1.00000;
setting subject to fsaverage
Writing  LTA to file transforms/talairach.auto.xfm.lta...
lta_convert successful.
 
 
Started at Mon Mar 9 20:56:30 CET 2026
Ended   at Mon Mar  9 20:58:06 CET 2026
talairach_avi done
