status file for recon-all
Mon Mar  9 21:33:46 CET 2026
#@# Tessellate rh Mon Mar  9 21:33:46 CET 2026
#@# Smooth1 rh Mon Mar  9 21:33:49 CET 2026
#@# Inflation1 rh Mon Mar  9 21:33:51 CET 2026
#@# QSphere rh Mon Mar  9 21:34:00 CET 2026
#@# Fix Topology rh Mon Mar  9 21:34:49 CET 2026
#@# Smooth2 rh Mon Mar  9 21:39:37 CET 2026
#@# Inflation2 rh Mon Mar  9 21:39:40 CET 2026
#@# Curv .H and .K rh Mon Mar  9 21:39:49 CET 2026
#@# Sphere rh Mon Mar  9 21:40:31 CET 2026
#@# Surf Reg rh Mon Mar  9 21:43:05 CET 2026
#@# Jacobian white rh Mon Mar  9 21:45:59 CET 2026
#@# AvgCurv rh Mon Mar  9 21:46:00 CET 2026
#@# Cortical Parc rh Mon Mar  9 21:46:01 CET 2026
#@# white curv rh Mon Mar  9 21:51:10 CET 2026
#@# white area rh Mon Mar  9 21:51:11 CET 2026
#@# pial curv rh Mon Mar  9 21:51:12 CET 2026
#@# pial area rh Mon Mar  9 21:51:13 CET 2026
#@# thickness rh Mon Mar  9 21:51:13 CET 2026
#@# area and vertex vol rh Mon Mar  9 21:51:39 CET 2026
#@# Curvature Stats rh Mon Mar  9 21:51:40 CET 2026
#@# Cortical Parc 2 rh Mon Mar  9 21:51:42 CET 2026
#@# Cortical Parc 3 rh Mon Mar  9 21:51:54 CET 2026
#@# WM/GM Contrast rh Mon Mar  9 21:52:02 CET 2026
recon-all -s sub-v1s23x0050601_ses-1 finished without error at Mon Mar  9 21:52:05 CET 2026



#New# invocation of recon-all 



status file for recon-all
Mon Mar  9 21:59:02 CET 2026
#@# white curv rh Mon Mar  9 21:59:02 CET 2026
#@# white area rh Mon Mar  9 21:59:02 CET 2026
#@# pial curv rh Mon Mar  9 21:59:02 CET 2026
#@# pial area rh Mon Mar  9 21:59:02 CET 2026
#@# thickness rh Mon Mar  9 21:59:02 CET 2026
#@# area and vertex vol rh Mon Mar  9 21:59:02 CET 2026
#@# Parcellation Stats rh Mon Mar  9 21:59:02 CET 2026
#@# Parcellation Stats 2 rh Mon Mar  9 21:59:17 CET 2026
#@# Parcellation Stats 3 rh Mon Mar  9 21:59:25 CET 2026
#@# BA_exvivo Labels rh Mon Mar  9 21:59:32 CET 2026
recon-all -s sub-v1s23x0050601_ses-1 finished without error at Mon Mar  9 22:01:39 CET 2026
