status file for recon-all
Mon Mar  9 19:44:33 CET 2026
#@# MotionCor Mon Mar  9 19:44:35 CET 2026
#@# Talairach Mon Mar  9 19:44:42 CET 2026
#@# Talairach Failure Detection Mon Mar  9 19:49:04 CET 2026
#@# Nu Intensity Correction Mon Mar  9 19:49:04 CET 2026
#@# Intensity Normalization Mon Mar  9 19:52:16 CET 2026
recon-all -s sub-v1s23x0050601_ses-1 finished without error at Mon Mar  9 19:53:43 CET 2026



#New# invocation of recon-all 



status file for recon-all
Mon Mar  9 20:00:13 CET 2026
#@# EM Registration Mon Mar  9 20:00:13 CET 2026
recon-all -s sub-v1s23x0050601_ses-1 finished without error at Mon Mar  9 20:02:24 CET 2026



#New# invocation of recon-all 



status file for recon-all
Mon Mar  9 20:02:25 CET 2026
#@# CA Normalize Mon Mar  9 20:02:25 CET 2026
#@# CA Reg Mon Mar  9 20:03:45 CET 2026
#@# SubCort Seg Mon Mar  9 20:42:32 CET 2026
#@# CC Seg Mon Mar  9 21:09:47 CET 2026
#@# Merge ASeg Mon Mar  9 21:10:21 CET 2026
#@# Intensity Normalization2 Mon Mar  9 21:10:21 CET 2026
#@# Mask BFS Mon Mar  9 21:12:30 CET 2026
#@# WM Segmentation Mon Mar  9 21:12:31 CET 2026
#@# Fill Mon Mar  9 21:14:30 CET 2026
recon-all -s sub-v1s23x0050601_ses-1 finished without error at Mon Mar  9 21:15:30 CET 2026



#New# invocation of recon-all 



status file for recon-all
Mon Mar  9 21:52:10 CET 2026
#@# white curv lh Mon Mar  9 21:52:10 CET 2026
#@# white area lh Mon Mar  9 21:52:10 CET 2026
#@# pial curv lh Mon Mar  9 21:52:10 CET 2026
#@# pial area lh Mon Mar  9 21:52:10 CET 2026
#@# thickness lh Mon Mar  9 21:52:10 CET 2026
#@# area and vertex vol lh Mon Mar  9 21:52:10 CET 2026
#@# white curv rh Mon Mar  9 21:52:10 CET 2026
#@# white area rh Mon Mar  9 21:52:10 CET 2026
#@# pial curv rh Mon Mar  9 21:52:10 CET 2026
#@# pial area rh Mon Mar  9 21:52:10 CET 2026
#@# thickness rh Mon Mar  9 21:52:10 CET 2026
#@# area and vertex vol rh Mon Mar  9 21:52:10 CET 2026
#@# Cortical ribbon mask Mon Mar  9 21:52:10 CET 2026
recon-all -s sub-v1s23x0050601_ses-1 finished without error at Mon Mar  9 21:56:20 CET 2026



#New# invocation of recon-all 



status file for recon-all
Mon Mar  9 22:01:44 CET 2026
#@# white curv lh Mon Mar  9 22:01:44 CET 2026
#@# white area lh Mon Mar  9 22:01:44 CET 2026
#@# pial curv lh Mon Mar  9 22:01:44 CET 2026
#@# pial area lh Mon Mar  9 22:01:44 CET 2026
#@# thickness lh Mon Mar  9 22:01:44 CET 2026
#@# area and vertex vol lh Mon Mar  9 22:01:44 CET 2026
#@# white curv rh Mon Mar  9 22:01:44 CET 2026
#@# white area rh Mon Mar  9 22:01:44 CET 2026
#@# pial curv rh Mon Mar  9 22:01:44 CET 2026
#@# pial area rh Mon Mar  9 22:01:44 CET 2026
#@# thickness rh Mon Mar  9 22:01:44 CET 2026
#@# area and vertex vol rh Mon Mar  9 22:01:44 CET 2026
#@# Curvature Stats lh Mon Mar  9 22:01:44 CET 2026
#@# Curvature Stats rh Mon Mar  9 22:01:46 CET 2026
#@# Relabel Hypointensities Mon Mar  9 22:01:48 CET 2026
#@# APas-to-ASeg Mon Mar  9 22:02:02 CET 2026
#@# AParc-to-ASeg aparc Mon Mar  9 22:02:08 CET 2026
#@# AParc-to-ASeg aparc.a2009s Mon Mar  9 22:02:30 CET 2026
#@# AParc-to-ASeg aparc.DKTatlas Mon Mar  9 22:02:53 CET 2026
#@# WMParc Mon Mar  9 22:03:15 CET 2026
#@# ASeg Stats Mon Mar  9 22:06:42 CET 2026
recon-all -s sub-v1s23x0050601_ses-1 finished without error at Mon Mar  9 22:07:13 CET 2026
