/out/sourcedata/freesurfer/sub-v1s23x0050626_ses-1/mri
/opt/freesurfer/bin/talairach_avi
--i orig_nu.mgz --xfm transforms/talairach.auto.xfm
talairach_avi 7.3.2
Linux dna043 5.14.0-427.37.1.el9_4.x86_64 #1 SMP PREEMPT_DYNAMIC Fri Sep 13 12:41:50 EDT 2024 x86_64 x86_64 x86_64 GNU/Linux
Mon Mar  9 21:08:07 CET 2026
mri_convert orig_nu.mgz talsrcimg.img 
reading from orig_nu.mgz...
TR=0.00, TE=0.00, TI=0.00, flip angle=0.00
i_ras = (-1, 0, 0)
j_ras = (0, 0, -1)
k_ras = (0, 1, 0)
writing to talsrcimg.img...
Analyze Output Matrix
-1.00000   0.00000   0.00000   167.54958;
 0.00000   0.00000   1.00000  -177.50182;
 0.00000  -1.00000   0.00000   148.12334;
 0.00000   0.00000   0.00000   1.00000;
--------------------
INFO: set hdr.hist.orient to -1
mpr2mni305 talsrcimg
Mon Mar  9 21:08:07 CET 2026
/opt/freesurfer/bin/mpr2mni305 talsrcimg
mpr2mni305 7.3.2
target=711-2C_as_mni_average_305

---------------------------------------------------------------------
analyzeto4dfp talsrcimg -O0 -y
---------------------------------------------------------------------

freesurfer ifh2hdr.c
Mon Mar  9 21:08:07 2026
Writing: talsrcimg.4dfp.hdr
freesurfer analyzeto4dfp.c
Reading: talsrcimg.hdr
header size 348 bytes
hdr.dime.datatype	offset=70	value=2
hdr.dime.bitpix		offset=72	value=8
hdr.hist.orient		offset=252	value=-1
dimensionality     4
dimensions       256       256       256         1
Reading: talsrcimg.img
Writing: talsrcimg.4dfp.img
Writing: talsrcimg.4dfp.ifh
ifh2hdr talsrcimg -r0to231
ori=2

---------------------------------------------------------------------
gauss_4dfp talsrcimg 1.1
---------------------------------------------------------------------

freesurfer gauss_4dfp.c
Reading: talsrcimg.4dfp.img
Writing: talsrcimg_g11.4dfp.img
image dimensions 256 256 256 padded to 288 288 288
processing volume 1freesurfer ifh2hdr.c
Mon Mar  9 21:08:09 2026
Writing: talsrcimg_g11.4dfp.hdr

Writing: talsrcimg_g11.4dfp.ifh
including: talsrcimg.4dfp.img.rec in talsrcimg_g11.4dfp.img.rec

---------------------------------------------------------------------
imgreg_4dfp /opt/freesurfer/average/711-2C_as_mni_average_305 none talsrcimg_g11 none talsrcimg_to_711-2C_as_mni_average_305_t4 4355
---------------------------------------------------------------------

freesurfer imgreg_4dfp.c
/opt/freesurfer/average/711-2C_as_mni_average_305.4dfp.img
       256       256       256         1
  1.000000  1.000000  1.000000
orientation T byte_order littleendian
Reading image: /opt/freesurfer/average/711-2C_as_mni_average_305.4dfp.img
dimensions:      256       256       256
mmppix:       1.0000   -1.0000   -1.0000
center:     128.0000 -129.0000 -129.0000
talsrcimg_g11.4dfp.img
       256       256       256         1
  1.000000  1.000000  1.000000
orientation T byte_order littleendian
Reading image: talsrcimg_g11.4dfp.img
dimensions:      256       256       256
mmppix:       1.0000   -1.0000   -1.0000
center:     128.0000 -129.0000 -129.0000
t4_read: open error in t4_sub.f l:  41 t4_file(1:l)talsrcimg_to_711-2C_as_mni_average_305_t4 
t4_read: transform initialized to I4
rotation matrix determinant  1.000000
image alignment mode   4355 decimal     1103 hex
   -7.5000  -45.0000  -45.0000 9260.3408   20.2356
    0.0000  -45.0000  -45.0000 9627.2822   20.2254
    7.5000  -45.0000  -45.0000 9250.2549   20.2279
   -7.5000  -37.5000  -45.0000 9440.0664   20.2705
    0.0000  -37.5000  -45.0000 9835.5752   20.2651
    7.5000  -37.5000  -45.0000 9423.4160   20.2739
   -7.5000  -30.0000  -45.0000 9888.7285   20.2575
    0.0000  -30.0000  -45.000010297.8242   20.2551
    7.5000  -30.0000  -45.0000 9860.1328   20.2720
   -7.5000  -22.5000  -45.000010293.0625   20.2634
    0.0000  -22.5000  -45.000010698.0488   20.2609
    7.5000  -22.5000  -45.000010230.9150   20.2797
   -7.5000  -15.0000  -45.000010557.5566   20.2664
    0.0000  -15.0000  -45.000010938.3779   20.2609
    7.5000  -15.0000  -45.000010469.6768   20.2745
   -7.5000   -7.5000  -45.000010620.5303   20.2526
    0.0000   -7.5000  -45.000011015.3711   20.2431
    7.5000   -7.5000  -45.000010541.7061   20.2489
   -7.5000    0.0000  -45.000010605.2627   20.2356
    0.0000    0.0000  -45.000011008.6270   20.2254
    7.5000    0.0000  -45.000010515.4844   20.2279
   -7.5000    7.5000  -45.0000 9802.6514   20.2705
    0.0000    7.5000  -45.000010168.6826   20.2651
    7.5000    7.5000  -45.0000 9724.7822   20.2739
   -7.5000   15.0000  -45.0000 9027.2412   20.4697
    0.0000   15.0000  -45.0000 9384.0645   20.4676
    7.5000   15.0000  -45.0000 8979.7188   20.4855
   -7.5000   22.5000  -45.0000 8295.0332   20.8172
    0.0000   22.5000  -45.0000 8646.1943   20.8135
    7.5000   22.5000  -45.0000 8283.5117   20.8302
   -7.5000   30.0000  -45.0000 7634.9111   21.0436
    0.0000   30.0000  -45.0000 7974.6157   21.0447
    7.5000   30.0000  -45.0000 7622.6855   21.0632
   -7.5000   37.5000  -45.0000 7272.1450   21.7296
    0.0000   37.5000  -45.0000 7572.0835   21.7189
    7.5000   37.5000  -45.0000 7221.2764   21.7202
   -7.5000   45.0000  -45.0000 6622.5435   22.0803
    0.0000   45.0000  -45.0000 6878.7832   22.0721
    7.5000   45.0000  -45.0000 6551.9697   22.0735
   -7.5000  -45.0000  -37.5000 9795.9775   20.1716
    0.0000  -45.0000  -37.500010215.2529   20.1555
    7.5000  -45.0000  -37.5000 9796.7725   20.1568
   -7.5000  -37.5000  -37.5000 9982.0771   20.2003
    0.0000  -37.5000  -37.500010415.3037   20.1911
    7.5000  -37.5000  -37.5000 9982.1865   20.1986
   -7.5000  -30.0000  -37.500010479.5312   20.1841
    0.0000  -30.0000  -37.500010894.1143   20.1814
    7.5000  -30.0000  -37.500010427.9102   20.1996
   -7.5000  -22.5000  -37.500010911.4785   20.1879
    0.0000  -22.5000  -37.500011318.3027   20.1850
    7.5000  -22.5000  -37.500010808.1523   20.2065
   -7.5000  -15.0000  -37.500011188.2861   20.1932
    0.0000  -15.0000  -37.500011596.5479   20.1844
    7.5000  -15.0000  -37.500011068.5723   20.1997
   -7.5000   -7.5000  -37.500011268.9189   20.1847
    0.0000   -7.5000  -37.500011701.0898   20.1695
    7.5000   -7.5000  -37.500011158.1484   20.1752
   -7.5000    0.0000  -37.500011240.6816   20.1716
    0.0000    0.0000  -37.500011676.5381   20.1555
    7.5000    0.0000  -37.500011126.8389   20.1568
   -7.5000    7.5000  -37.500010365.4736   20.2003
    0.0000    7.5000  -37.500010781.0273   20.1911
    7.5000    7.5000  -37.500010284.8428   20.1986
   -7.5000   15.0000  -37.5000 9501.2979   20.3869
    0.0000   15.0000  -37.5000 9896.9707   20.3837
    7.5000   15.0000  -37.5000 9462.2432   20.4009
   -7.5000   22.5000  -37.5000 8701.7627   20.7228
    0.0000   22.5000  -37.5000 9071.1650   20.7178
    7.5000   22.5000  -37.5000 8675.4033   20.7356
   -7.5000   30.0000  -37.5000 8015.4014   20.9494
    0.0000   30.0000  -37.5000 8342.1328   20.9421
    7.5000   30.0000  -37.5000 7951.2090   20.9576
   -7.5000   37.5000  -37.5000 7593.7900   21.6373
    0.0000   37.5000  -37.5000 7905.3682   21.6172
    7.5000   37.5000  -37.5000 7540.1782   21.6175
   -7.5000   45.0000  -37.5000 6919.3706   21.9793
    0.0000   45.0000  -37.5000 7171.5659   21.9604
    7.5000   45.0000  -37.5000 6835.1597   21.9570
   -7.5000  -45.0000  -30.000010563.2451   21.0155
    0.0000  -45.0000  -30.000011004.9814   21.0007
    7.5000  -45.0000  -30.000010553.7246   21.0041
   -7.5000  -37.5000  -30.000010763.7686   21.0350
    0.0000  -37.5000  -30.000011237.0557   21.0291
    7.5000  -37.5000  -30.000010774.0479   21.0399
   -7.5000  -30.0000  -30.000011280.5107   21.0108
    0.0000  -30.0000  -30.000011750.6348   21.0115
    7.5000  -30.0000  -30.000011223.9688   21.0324
   -7.5000  -22.5000  -30.000011735.6006   21.0154
    0.0000  -22.5000  -30.000012203.1885   21.0124
    7.5000  -22.5000  -30.000011606.9707   21.0329
   -7.5000  -15.0000  -30.000012036.3691   21.0279
    0.0000  -15.0000  -30.000012485.8311   21.0158
    7.5000  -15.0000  -30.000011860.1514   21.0282
   -7.5000   -7.5000  -30.000012138.3477   21.0273
    0.0000   -7.5000  -30.000012618.7578   21.0100
    7.5000   -7.5000  -30.000011999.1436   21.0146
   -7.5000    0.0000  -30.000012100.2705   21.0155
    0.0000    0.0000  -30.000012580.9561   21.0007
    7.5000    0.0000  -30.000011966.4424   21.0041
   -7.5000    7.5000  -30.000011180.0391   21.0350
    0.0000    7.5000  -30.000011615.8086   21.0291
    7.5000    7.5000  -30.000011044.9102   21.0399
   -7.5000   15.0000  -30.000010228.6582   21.2178
    0.0000   15.0000  -30.000010647.0596   21.2166
    7.5000   15.0000  -30.000010141.0615   21.2342
   -7.5000   22.5000  -30.0000 9337.2471   21.5566
    0.0000   22.5000  -30.0000 9709.1758   21.5513
    7.5000   22.5000  -30.0000 9278.7109   21.5667
   -7.5000   30.0000  -30.0000 8540.7012   21.7947
    0.0000   30.0000  -30.0000 8871.9736   21.7800
    7.5000   30.0000  -30.0000 8469.5020   21.7883
   -7.5000   37.5000  -30.0000 8082.3472   22.5165
    0.0000   37.5000  -30.0000 8399.3838   22.4917
    7.5000   37.5000  -30.0000 7996.0825   22.4907
   -7.5000   45.0000  -30.0000 7336.0771   22.8868
    0.0000   45.0000  -30.0000 7616.2124   22.8668
    7.5000   45.0000  -30.0000 7247.9800   22.8625
   -7.5000  -45.0000  -22.500011343.0410   21.6984
    0.0000  -45.0000  -22.500011819.7715   21.6899
    7.5000  -45.0000  -22.500011309.8711   21.6998
   -7.5000  -37.5000  -22.500011573.5361   21.7148
    0.0000  -37.5000  -22.500012078.0752   21.7142
    7.5000  -37.5000  -22.500011570.7930   21.7327
   -7.5000  -30.0000  -22.500012081.9150   21.6845
    0.0000  -30.0000  -22.500012587.1562   21.6866
    7.5000  -30.0000  -22.500012022.2822   21.7119
   -7.5000  -22.5000  -22.500012567.0947   21.6910
    0.0000  -22.5000  -22.500013074.9658   21.6861
    7.5000  -22.5000  -22.500012418.6055   21.7069
   -7.5000  -15.0000  -22.500012920.1533   21.7086
    0.0000  -15.0000  -22.500013425.1445   21.6953
    7.5000  -15.0000  -22.500012687.5889   21.7073
   -7.5000   -7.5000  -22.500013066.6709   21.7122
    0.0000   -7.5000  -22.500013598.6602   21.6975
    7.5000   -7.5000  -22.500012854.1982   21.7049
   -7.5000    0.0000  -22.500013003.0254   21.6984
    0.0000    0.0000  -22.500013534.1523   21.6899
    7.5000    0.0000  -22.500012846.2031   21.6998
   -7.5000    7.5000  -22.500011990.0439   21.7148
    0.0000    7.5000  -22.500012459.5537   21.7142
    7.5000    7.5000  -22.500011827.8721   21.7327
   -7.5000   15.0000  -22.500010982.8086   21.9036
    0.0000   15.0000  -22.500011387.0332   21.9028
    7.5000   15.0000  -22.500010828.2314   21.9249
   -7.5000   22.5000  -22.500010016.7031   22.2521
    0.0000   22.5000  -22.500010388.4277   22.2456
    7.5000   22.5000  -22.5000 9903.8047   22.2613
   -7.5000   30.0000  -22.5000 9133.9473   22.4959
    0.0000   30.0000  -22.5000 9483.5166   22.4807
    7.5000   30.0000  -22.5000 9030.3242   22.4895
   -7.5000   37.5000  -22.5000 8597.3340   23.2385
    0.0000   37.5000  -22.5000 8922.8975   23.2180
    7.5000   37.5000  -22.5000 8494.5410   23.2214
   -7.5000   45.0000  -22.5000 7770.2832   23.6380
    0.0000   45.0000  -22.5000 8064.9741   23.6271
    7.5000   45.0000  -22.5000 7673.5645   23.6319
   -7.5000  -45.0000  -15.000012087.0020   22.1715
    0.0000  -45.0000  -15.000012591.3926   22.1684
    7.5000  -45.0000  -15.000012031.7842   22.1830
   -7.5000  -37.5000  -15.000012378.8789   22.1916
    0.0000  -37.5000  -15.000012916.8994   22.1934
    7.5000  -37.5000  -15.000012329.0977   22.2167
   -7.5000  -30.0000  -15.000012913.6064   22.1611
    0.0000  -30.0000  -15.000013478.2754   22.1619
    7.5000  -30.0000  -15.000012849.4023   22.1883
   -7.5000  -22.5000  -15.000013422.8330   22.1702
    0.0000  -22.5000  -15.000013970.4814   22.1646
    7.5000  -22.5000  -15.000013247.1357   22.1847
   -7.5000  -15.0000  -15.000013807.5303   22.1887
    0.0000  -15.0000  -15.000014331.1230   22.1784
    7.5000  -15.0000  -15.000013532.3174   22.1910
   -7.5000   -7.5000  -15.000013977.8262   22.1898
    0.0000   -7.5000  -15.000014536.7510   22.1806
    7.5000   -7.5000  -15.000013710.9697   22.1911
   -7.5000    0.0000  -15.000013900.9502   22.1715
    0.0000    0.0000  -15.000014486.2520   22.1684
    7.5000    0.0000  -15.000013694.1074   22.1830
   -7.5000    7.5000  -15.000012797.0176   22.1916
    0.0000    7.5000  -15.000013280.8164   22.1934
    7.5000    7.5000  -15.000012597.6875   22.2167
   -7.5000   15.0000  -15.000011738.2285   22.3937
    0.0000   15.0000  -15.000012136.8193   22.3921
    7.5000   15.0000  -15.000011531.8027   22.4174
   -7.5000   22.5000  -15.000010668.5068   22.7583
    0.0000   22.5000  -15.000011071.5439   22.7522
    7.5000   22.5000  -15.000010527.5049   22.7685
   -7.5000   30.0000  -15.0000 9716.2354   23.0094
    0.0000   30.0000  -15.000010108.7012   23.0021
    7.5000   30.0000  -15.0000 9623.8994   23.0166
   -7.5000   37.5000  -15.0000 9131.3252   23.7606
    0.0000   37.5000  -15.0000 9468.7285   23.7495
    7.5000   37.5000  -15.0000 9015.6748   23.7579
   -7.5000   45.0000  -15.0000 8229.7539   24.1816
    0.0000   45.0000  -15.0000 8531.2520   24.1812
    7.5000   45.0000  -15.0000 8124.5615   24.1960
   -7.5000  -45.0000   -7.500012940.7227   22.4084
    0.0000  -45.0000   -7.500013548.4863   22.4041
    7.5000  -45.0000   -7.500012913.7041   22.4164
   -7.5000  -37.5000   -7.500013292.7314   22.4386
    0.0000  -37.5000   -7.500013900.8809   22.4377
    7.5000  -37.5000   -7.500013232.7100   22.4581
   -7.5000  -30.0000   -7.500013925.9961   22.4167
    0.0000  -30.0000   -7.500014560.2627   22.4148
    7.5000  -30.0000   -7.500013862.0127   22.4391
   -7.5000  -22.5000   -7.500014409.6709   22.4266
    0.0000  -22.5000   -7.500015009.4463   22.4219
    7.5000  -22.5000   -7.500014227.0303   22.4426
   -7.5000  -15.0000   -7.500014755.1982   22.4383
    0.0000  -15.0000   -7.500015341.4580   22.4317
    7.5000  -15.0000   -7.500014500.3408   22.4462
   -7.5000   -7.5000   -7.500014922.8418   22.4297
    0.0000   -7.5000   -7.500015545.7139   22.4230
    7.5000   -7.5000   -7.500014660.9590   22.4336
   -7.5000    0.0000   -7.500014845.9141   22.4084
    0.0000    0.0000   -7.500015464.4717   22.4041
    7.5000    0.0000   -7.500014614.2100   22.4164
   -7.5000    7.5000   -7.500013652.0156   22.4386
    0.0000    7.5000   -7.500014187.2822   22.4377
    7.5000    7.5000   -7.500013448.2783   22.4581
   -7.5000   15.0000   -7.500012513.1680   22.6545
    0.0000   15.0000   -7.500012975.8945   22.6518
    7.5000   15.0000   -7.500012319.9375   22.6774
   -7.5000   22.5000   -7.500011393.6299   23.0298
    0.0000   22.5000   -7.500011838.2197   23.0247
    7.5000   22.5000   -7.500011238.4404   23.0431
   -7.5000   30.0000   -7.500010383.5566   23.2887
    0.0000   30.0000   -7.500010813.8359   23.2897
    7.5000   30.0000   -7.500010258.6973   23.3102
   -7.5000   37.5000   -7.5000 9761.6006   24.0414
    0.0000   37.5000   -7.500010125.5078   24.0349
    7.5000   37.5000   -7.5000 9613.0986   24.0428
   -7.5000   45.0000   -7.5000 8758.4395   24.4702
    0.0000   45.0000   -7.5000 9106.7275   24.4707
    7.5000   45.0000   -7.5000 8658.2041   24.4850
   -7.5000  -45.0000    0.000013701.9766   22.4714
    0.0000  -45.0000    0.000014354.0186   22.4599
    7.5000  -45.0000    0.000013710.1992   22.4658
   -7.5000  -37.5000    0.000014110.7793   22.5091
    0.0000  -37.5000    0.000014782.0459   22.5026
    7.5000  -37.5000    0.000014058.7188   22.5159
   -7.5000  -30.0000    0.000014883.6035   22.4941
    0.0000  -30.0000    0.000015618.8125   22.4911
    7.5000  -30.0000    0.000014813.0801   22.5132
   -7.5000  -22.5000    0.000015405.2822   22.5009
    0.0000  -22.5000    0.000016148.6396   22.4980
    7.5000  -22.5000    0.000015290.1953   22.5216
   -7.5000  -15.0000    0.000015689.9492   22.5050
    0.0000  -15.0000    0.000016368.6289   22.4989
    7.5000  -15.0000    0.000015530.9619   22.5162
   -7.5000   -7.5000    0.000015835.9082   22.4904
    0.0000   -7.5000    0.000016512.7188   22.4798
    7.5000   -7.5000    0.000015643.1953   22.4886
   -7.5000    0.0000    0.000015781.0859   22.4714
    0.0000    0.0000    0.000016484.3125   22.4599
    7.5000    0.0000    0.000015576.4385   22.4658
   -7.5000    7.5000    0.000014556.1826   22.5091
    0.0000    7.5000    0.000015169.9365   22.5026
    7.5000    7.5000    0.000014349.7734   22.5159
   -7.5000   15.0000    0.000013321.7070   22.7280
    0.0000   15.0000    0.000013866.1973   22.7252
    7.5000   15.0000    0.000013121.8828   22.7485
   -7.5000   22.5000    0.000012102.7207   23.1035
    0.0000   22.5000    0.000012593.0977   23.0993
    7.5000   22.5000    0.000011930.3125   23.1207
   -7.5000   30.0000    0.000011019.6250   23.3678
    0.0000   30.0000    0.000011480.5586   23.3690
    7.5000   30.0000    0.000010854.8027   23.3918
   -7.5000   37.5000    0.000010339.5664   24.1240
    0.0000   37.5000    0.000010768.0176   24.1120
    7.5000   37.5000    0.000010188.8506   24.1162
   -7.5000   45.0000    0.0000 9236.4512   24.5526
    0.0000   45.0000    0.0000 9641.1543   24.5431
    7.5000   45.0000    0.0000 9148.3105   24.5485
   -7.5000  -45.0000    7.500013360.8555   22.5195
    0.0000  -45.0000    7.500013949.9180   22.5020
    7.5000  -45.0000    7.500013372.5205   22.5038
   -7.5000  -37.5000    7.500013838.5508   22.5523
    0.0000  -37.5000    7.500014434.5938   22.5428
    7.5000  -37.5000    7.500013813.2100   22.5518
   -7.5000  -30.0000    7.500014696.4727   22.5341
    0.0000  -30.0000    7.500015448.0322   22.5321
    7.5000  -30.0000    7.500014703.9121   22.5530
   -7.5000  -22.5000    7.500015284.4922   22.5375
    0.0000  -22.5000    7.500016028.1309   22.5351
    7.5000  -22.5000    7.500015342.2100   22.5590
   -7.5000  -15.0000    7.500015555.2666   22.5425
    0.0000  -15.0000    7.500016270.0869   22.5331
    7.5000  -15.0000    7.500015597.1416   22.5499
   -7.5000   -7.5000    7.500015704.7314   22.5332
    0.0000   -7.5000    7.500016407.0410   22.5165
    7.5000   -7.5000    7.500015616.4746   22.5226
   -7.5000    0.0000    7.500015594.0283   22.5195
    0.0000    0.0000    7.500016308.3359   22.5020
    7.5000    0.0000    7.500015437.8203   22.5038
   -7.5000    7.5000    7.500014282.8604   22.5523
    0.0000    7.5000    7.500014955.3887   22.5428
    7.5000    7.5000    7.500014137.8164   22.5518
   -7.5000   15.0000    7.500012983.9463   22.7600
    0.0000   15.0000    7.500013583.8525   22.7575
    7.5000   15.0000    7.500012807.0605   22.7772
   -7.5000   22.5000    7.500011769.2070   23.1257
    0.0000   22.5000    7.500012296.0889   23.1210
    7.5000   22.5000    7.500011607.0664   23.1409
   -7.5000   30.0000    7.500010708.7354   23.3929
    0.0000   30.0000    7.500011155.0850   23.3852
    7.5000   30.0000    7.500010519.2207   23.4021
   -7.5000   37.5000    7.500010085.0908   24.1591
    0.0000   37.5000    7.500010479.9756   24.1371
    7.5000   37.5000    7.5000 9910.4922   24.1371
   -7.5000   45.0000    7.5000 9054.2334   24.5876
    0.0000   45.0000    7.5000 9425.7441   24.5672
    7.5000   45.0000    7.5000 8927.4033   24.5637
   -7.5000  -45.0000   15.000012847.5273   22.5494
    0.0000  -45.0000   15.000013319.9902   22.5335
    7.5000  -45.0000   15.000012872.9756   22.5371
   -7.5000  -37.5000   15.000013344.2930   22.5713
    0.0000  -37.5000   15.000013888.1953   22.5649
    7.5000  -37.5000   15.000013361.7734   22.5765
   -7.5000  -30.0000   15.000014198.1904   22.5452
    0.0000  -30.0000   15.000014933.8301   22.5459
    7.5000  -30.0000   15.000014256.1543   22.5684
   -7.5000  -22.5000   15.000014824.1484   22.5490
    0.0000  -22.5000   15.000015606.4248   22.5456
    7.5000  -22.5000   15.000014866.0283   22.5679
   -7.5000  -15.0000   15.000015155.4102   22.5614
    0.0000  -15.0000   15.000015951.2451   22.5482
    7.5000  -15.0000   15.000015111.7090   22.5617
   -7.5000   -7.5000   15.000015355.5986   22.5610
    0.0000   -7.5000   15.000016109.0713   22.5422
    7.5000   -7.5000   15.000015196.6973   22.5472
   -7.5000    0.0000   15.000015138.6738   22.5494
    0.0000    0.0000   15.000015847.9531   22.5335
    7.5000    0.0000   15.000015002.1924   22.5371
   -7.5000    7.5000   15.000013790.5684   22.5713
    0.0000    7.5000   15.000014407.1650   22.5649
    7.5000    7.5000   15.000013670.9453   22.5765
   -7.5000   15.0000   15.000012476.7441   22.7672
    0.0000   15.0000   15.000012982.1387   22.7658
    7.5000   15.0000   15.000012355.8389   22.7848
   -7.5000   22.5000   15.000011322.0615   23.1242
    0.0000   22.5000   15.000011766.5928   23.1182
    7.5000   22.5000   15.000011198.4287   23.1350
   -7.5000   30.0000   15.000010286.6865   23.3901
    0.0000   30.0000   15.000010697.9316   23.3740
    7.5000   30.0000   15.000010130.8320   23.3832
   -7.5000   37.5000   15.0000 9672.4385   24.1642
    0.0000   37.5000   15.000010060.5176   24.1374
    7.5000   37.5000   15.0000 9522.0010   24.1364
   -7.5000   45.0000   15.0000 8727.1172   24.5946
    0.0000   45.0000   15.0000 9079.1660   24.5731
    7.5000   45.0000   15.0000 8550.1768   24.5684
   -7.5000  -45.0000   22.500012327.3691   22.5263
    0.0000  -45.0000   22.500012767.9990   22.5176
    7.5000  -45.0000   22.500012304.8574   22.5278
   -7.5000  -37.5000   22.500012738.4824   22.5434
    0.0000  -37.5000   22.500013247.5225   22.5428
    7.5000  -37.5000   22.500012745.4805   22.5619
   -7.5000  -30.0000   22.500013444.9043   22.5115
    0.0000  -30.0000   22.500014056.7969   22.5138
    7.5000  -30.0000   22.500013521.3213   22.5401
   -7.5000  -22.5000   22.500013878.1172   22.5180
    0.0000  -22.5000   22.500014520.4336   22.5130
    7.5000  -22.5000   22.500014015.2920   22.5345
   -7.5000  -15.0000   22.500014075.8174   22.5363
    0.0000  -15.0000   22.500014747.7861   22.5225
    7.5000  -15.0000   22.500014183.4600   22.5349
   -7.5000   -7.5000   22.500014317.4990   22.5404
    0.0000   -7.5000   22.500015011.6592   22.5252
    7.5000   -7.5000   22.500014300.6182   22.5328
   -7.5000    0.0000   22.500014300.7988   22.5263
    0.0000    0.0000   22.500014957.4287   22.5176
    7.5000    0.0000   22.500014176.6133   22.5278
   -7.5000    7.5000   22.500013119.2178   22.5434
    0.0000    7.5000   22.500013671.9463   22.5428
    7.5000    7.5000   22.500012941.9326   22.5619
   -7.5000   15.0000   22.500011865.9785   22.7390
    0.0000   15.0000   22.500012313.7324   22.7383
    7.5000   15.0000   22.500011672.9727   22.7611
   -7.5000   22.5000   22.500010749.0146   23.0969
    0.0000   22.5000   22.500011163.4189   23.0904
    7.5000   22.5000   22.500010614.3770   23.1066
   -7.5000   30.0000   22.5000 9700.1562   23.3569
    0.0000   30.0000   22.500010072.9248   23.3412
    7.5000   30.0000   22.5000 9600.7939   23.3503
   -7.5000   37.5000   22.5000 9086.9004   24.1285
    0.0000   37.5000   22.5000 9445.0703   24.1071
    7.5000   37.5000   22.5000 9006.6699   24.1106
   -7.5000   45.0000   22.5000 8232.4531   24.5615
    0.0000   45.0000   22.5000 8542.3818   24.5503
    7.5000   45.0000   22.5000 8138.7363   24.5551
   -7.5000  -45.0000   30.000011419.4473   22.4841
    0.0000  -45.0000   30.000011896.7441   22.4812
    7.5000  -45.0000   30.000011461.7500   22.4960
   -7.5000  -37.5000   30.000011722.4170   22.5047
    0.0000  -37.5000   30.000012203.3408   22.5067
    7.5000  -37.5000   30.000011793.4141   22.5303
   -7.5000  -30.0000   30.000012316.1787   22.4737
    0.0000  -30.0000   30.000012841.2285   22.4746
    7.5000  -30.0000   30.000012424.7979   22.5014
   -7.5000  -22.5000   30.000012714.0801   22.4828
    0.0000  -22.5000   30.000013255.6797   22.4771
    7.5000  -22.5000   30.000012865.4258   22.4975
   -7.5000  -15.0000   30.000012871.1924   22.5014
    0.0000  -15.0000   30.000013416.1543   22.4910
    7.5000  -15.0000   30.000012994.7041   22.5037
   -7.5000   -7.5000   30.000013039.7627   22.5025
    0.0000   -7.5000   30.000013571.1680   22.4933
    7.5000   -7.5000   30.000013044.2646   22.5040
   -7.5000    0.0000   30.000013051.1904   22.4841
    0.0000    0.0000   30.000013574.4912   22.4812
    7.5000    0.0000   30.000012994.7969   22.4960
   -7.5000    7.5000   30.000012042.5312   22.5047
    0.0000    7.5000   30.000012527.7422   22.5067
    7.5000    7.5000   30.000011945.5371   22.5303
   -7.5000   15.0000   30.000010964.0605   22.7097
    0.0000   15.0000   30.000011407.8799   22.7081
    7.5000   15.0000   30.000010837.4434   22.7338
   -7.5000   22.5000   30.0000 9973.2090   23.0769
    0.0000   22.5000   30.000010366.8262   23.0708
    7.5000   22.5000   30.0000 9856.1426   23.0872
   -7.5000   30.0000   30.0000 9016.6064   23.3340
    0.0000   30.0000   30.0000 9346.8496   23.3268
    7.5000   30.0000   30.0000 8897.8340   23.3414
   -7.5000   37.5000   30.0000 8409.9160   24.0960
    0.0000   37.5000   30.0000 8711.9502   24.0850
    7.5000   37.5000   30.0000 8306.0176   24.0935
   -7.5000   45.0000   30.0000 7599.6611   24.5299
    0.0000   45.0000   30.0000 7880.3306   24.5298
    7.5000   45.0000   30.0000 7536.0601   24.5448
   -7.5000  -45.0000   37.500010954.8965   22.7216
    0.0000  -45.0000   37.500011418.9033   22.7173
    7.5000  -45.0000   37.500010984.9727   22.7300
   -7.5000  -37.5000   37.500011216.9961   22.7530
    0.0000  -37.5000   37.500011689.8184   22.7521
    7.5000  -37.5000   37.500011288.2246   22.7730
   -7.5000  -30.0000   37.500011780.5996   22.7303
    0.0000  -30.0000   37.500012265.8672   22.7283
    7.5000  -30.0000   37.500011885.9844   22.7533
   -7.5000  -22.5000   37.500012187.0586   22.7398
    0.0000  -22.5000   37.500012677.7422   22.7349
    7.5000  -22.5000   37.500012282.1104   22.7561
   -7.5000  -15.0000   37.500012362.4404   22.7515
    0.0000  -15.0000   37.500012841.8838   22.7446
    7.5000  -15.0000   37.500012431.4365   22.7595
   -7.5000   -7.5000   37.500012449.2783   22.7429
    0.0000   -7.5000   37.500012918.5039   22.7360
    7.5000   -7.5000   37.500012422.4580   22.7470
   -7.5000    0.0000   37.500012438.6025   22.7216
    0.0000    0.0000   37.500012915.4355   22.7173
    7.5000    0.0000   37.500012387.8857   22.7300
   -7.5000    7.5000   37.500011466.9023   22.7530
    0.0000    7.5000   37.500011914.3945   22.7521
    7.5000    7.5000   37.500011401.8906   22.7730
   -7.5000   15.0000   37.500010477.5400   22.9742
    0.0000   15.0000   37.500010878.1660   22.9714
    7.5000   15.0000   37.500010404.3916   22.9976
   -7.5000   22.5000   37.5000 9561.0371   23.3589
    0.0000   22.5000   37.5000 9909.2402   23.3535
    7.5000   22.5000   37.5000 9480.2275   23.3724
   -7.5000   30.0000   37.5000 8650.0762   23.6283
    0.0000   30.0000   37.5000 8991.0449   23.6292
    7.5000   30.0000   37.5000 8557.2559   23.6503
   -7.5000   37.5000   37.5000 8073.1396   24.4013
    0.0000   37.5000   37.5000 8383.3564   24.3946
    7.5000   37.5000   37.5000 7967.1592   24.4029
   -7.5000   45.0000   37.5000 7292.3564   24.8515
    0.0000   45.0000   37.5000 7564.3828   24.8522
    7.5000   45.0000   37.5000 7229.1338   24.8670
   -7.5000  -45.0000   45.000010062.2988   23.0742
    0.0000  -45.0000   45.000010499.4961   23.0627
    7.5000  -45.0000   45.000010087.5234   23.0700
   -7.5000  -37.5000   45.000010298.5781   23.1127
    0.0000  -37.5000   45.000010720.2959   23.1061
    7.5000  -37.5000   45.000010349.4609   23.1205
   -7.5000  -30.0000   45.000010816.2334   23.0957
    0.0000  -30.0000   45.000011224.8975   23.0922
    7.5000  -30.0000   45.000010868.5312   23.1155
   -7.5000  -22.5000   45.000011178.5918   23.1029
    0.0000  -22.5000   45.000011598.2354   23.0995
    7.5000  -22.5000   45.000011223.3682   23.1248
   -7.5000  -15.0000   45.000011340.7715   23.1085
    0.0000  -15.0000   45.000011779.4229   23.1022
    7.5000  -15.0000   45.000011398.2695   23.1215
   -7.5000   -7.5000   45.000011387.6318   23.0942
    0.0000   -7.5000   45.000011817.4180   23.0836
    7.5000   -7.5000   45.000011401.3672   23.0942
   -7.5000    0.0000   45.000011400.3730   23.0742
    0.0000    0.0000   45.000011852.1289   23.0627
    7.5000    0.0000   45.000011380.2197   23.0700
   -7.5000    7.5000   45.000010514.4316   23.1127
    0.0000    7.5000   45.000010950.2842   23.1061
    7.5000    7.5000   45.000010473.7734   23.1205
   -7.5000   15.0000   45.0000 9595.1934   23.3434
    0.0000   15.0000   45.0000 9982.7441   23.3401
    7.5000   15.0000   45.0000 9548.5020   23.3647
   -7.5000   22.5000   45.0000 8745.9512   23.7420
    0.0000   22.5000   45.0000 9092.2920   23.7372
    7.5000   22.5000   45.0000 8688.0576   23.7602
   -7.5000   30.0000   45.0000 7944.1172   24.0324
    0.0000   30.0000   45.0000 8255.7422   24.0337
    7.5000   30.0000   45.0000 7893.4336   24.0590
   -7.5000   37.5000   45.0000 7436.3525   24.8382
    0.0000   37.5000   45.0000 7706.5879   24.8261
    7.5000   37.5000   45.0000 7382.1655   24.8321
   -7.5000   45.0000   45.0000 6704.8447   25.3311
    0.0000   45.0000   45.0000 6972.4448   25.3219
    7.5000   45.0000   45.0000 6692.8369   25.3289

---------------------------------------------------------------------
imgreg_4dfp /opt/freesurfer/average/711-2C_as_mni_average_305 /opt/freesurfer/average/711-2B_as_mni_average_305_mask talsrcimg_g11 none talsrcimg_to_711-2C_as_mni_average_305_t4 4355
---------------------------------------------------------------------

freesurfer imgreg_4dfp.c
/opt/freesurfer/average/711-2C_as_mni_average_305.4dfp.img
       256       256       256         1
  1.000000  1.000000  1.000000
orientation T byte_order littleendian
Reading image: /opt/freesurfer/average/711-2C_as_mni_average_305.4dfp.img
dimensions:      256       256       256
mmppix:       1.0000   -1.0000   -1.0000
center:     128.0000 -129.0000 -129.0000
/opt/freesurfer/average/711-2B_as_mni_average_305_mask.4dfp.img
       256       256       256         1
  1.000000  1.000000  1.000000
orientation T byte_order littleendian
Reading mask: /opt/freesurfer/average/711-2B_as_mni_average_305_mask.4dfp.img (2306576 pixels)
talsrcimg_g11.4dfp.img
       256       256       256         1
  1.000000  1.000000  1.000000
orientation T byte_order littleendian
Reading image: talsrcimg_g11.4dfp.img
dimensions:      256       256       256
mmppix:       1.0000   -1.0000   -1.0000
center:     128.0000 -129.0000 -129.0000
rotation matrix determinant  1.000000
image alignment mode   4355 decimal     1103 hex
   -7.5000  -52.5000  -45.0000 2236.4739   23.1285
    0.0000  -52.5000  -45.0000 2251.6636   22.8013
    7.5000  -52.5000  -45.0000 2234.0259   22.9041
   -7.5000  -45.0000  -45.0000 2265.4102   22.9649
    0.0000  -45.0000  -45.0000 2282.4553   22.6567
    7.5000  -45.0000  -45.0000 2270.1667   22.8040
   -7.5000  -37.5000  -45.0000 2283.9939   22.8014
    0.0000  -37.5000  -45.0000 2305.7375   22.5599
    7.5000  -37.5000  -45.0000 2288.5981   22.7029
   -7.5000  -30.0000  -45.0000 2276.2383   22.6767
    0.0000  -30.0000  -45.0000 2300.3132   22.4174
    7.5000  -30.0000  -45.0000 2282.6641   22.5564
   -7.5000  -22.5000  -45.0000 2275.6807   22.5825
    0.0000  -22.5000  -45.0000 2298.0793   22.3018
    7.5000  -22.5000  -45.0000 2280.9158   22.4285
   -7.5000  -15.0000  -45.0000 2277.2073   22.8852
    0.0000  -15.0000  -45.0000 2296.0098   22.5585
    7.5000  -15.0000  -45.0000 2276.8047   22.7325
   -7.5000   -7.5000  -45.0000 2276.4658   23.5299
    0.0000   -7.5000  -45.0000 2292.5938   23.2539
    7.5000   -7.5000  -45.0000 2264.3176   23.4125
   -7.5000    0.0000  -45.0000 2252.7219   24.6010
    0.0000    0.0000  -45.0000 2272.4370   24.3393
    7.5000    0.0000  -45.0000 2244.8418   24.5158
   -7.5000    7.5000  -45.0000 2203.4780   25.9804
    0.0000    7.5000  -45.0000 2218.1597   25.6952
    7.5000    7.5000  -45.0000 2197.2507   25.9453
   -7.5000   15.0000  -45.0000 2136.9355   27.8822
    0.0000   15.0000  -45.0000 2150.8181   27.5604
    7.5000   15.0000  -45.0000 2126.5662   27.8438
   -7.5000   22.5000  -45.0000 2052.2683   30.4282
    0.0000   22.5000  -45.0000 2062.3518   30.0142
    7.5000   22.5000  -45.0000 2037.8243   30.4437
   -7.5000   30.0000  -45.0000 1939.1547   33.7062
    0.0000   30.0000  -45.0000 1950.5481   33.3498
    7.5000   30.0000  -45.0000 1917.1694   33.8581
   -7.5000   37.5000  -45.0000 1825.4827   38.1255
    0.0000   37.5000  -45.0000 1834.8978   37.7224
    7.5000   37.5000  -45.0000 1811.3015   38.2540
   -7.5000  -52.5000  -37.5000 2328.8267   21.3069
    0.0000  -52.5000  -37.5000 2353.8740   21.0142
    7.5000  -52.5000  -37.5000 2340.0498   21.1472
   -7.5000  -45.0000  -37.5000 2344.6802   21.0255
    0.0000  -45.0000  -37.5000 2374.3298   20.7734
    7.5000  -45.0000  -37.5000 2357.2163   20.8910
   -7.5000  -37.5000  -37.5000 2366.2820   20.8671
    0.0000  -37.5000  -37.5000 2389.9448   20.5736
    7.5000  -37.5000  -37.5000 2370.9121   20.7047
   -7.5000  -30.0000  -37.5000 2380.3091   20.7628
    0.0000  -30.0000  -37.5000 2398.6001   20.5193
    7.5000  -30.0000  -37.5000 2373.2253   20.6702
   -7.5000  -22.5000  -37.5000 2387.9507   20.8126
    0.0000  -22.5000  -37.5000 2405.4956   20.5773
    7.5000  -22.5000  -37.5000 2385.9431   20.6788
   -7.5000  -15.0000  -37.5000 2389.2402   21.1195
    0.0000  -15.0000  -37.5000 2410.1221   20.8360
    7.5000  -15.0000  -37.5000 2386.1680   20.9965
   -7.5000   -7.5000  -37.5000 2380.4014   21.7316
    0.0000   -7.5000  -37.5000 2399.2451   21.4629
    7.5000   -7.5000  -37.5000 2368.7085   21.6297
   -7.5000    0.0000  -37.5000 2353.5466   22.7355
    0.0000    0.0000  -37.5000 2372.9197   22.4426
    7.5000    0.0000  -37.5000 2342.1975   22.6049
   -7.5000    7.5000  -37.5000 2304.6636   24.0189
    0.0000    7.5000  -37.5000 2319.9458   23.7630
    7.5000    7.5000  -37.5000 2295.6084   23.9516
   -7.5000   15.0000  -37.5000 2231.5273   25.7495
    0.0000   15.0000  -37.5000 2247.7141   25.5122
    7.5000   15.0000  -37.5000 2222.8252   25.8096
   -7.5000   22.5000  -37.5000 2138.9128   28.1059
    0.0000   22.5000  -37.5000 2152.3589   27.8522
    7.5000   22.5000  -37.5000 2127.9421   28.1621
   -7.5000   30.0000  -37.5000 2025.1837   31.1810
    0.0000   30.0000  -37.5000 2037.1555   30.8707
    7.5000   30.0000  -37.5000 2000.0083   31.2127
   -7.5000   37.5000  -37.5000 1900.9614   35.2966
    0.0000   37.5000  -37.5000 1913.2413   34.9320
    7.5000   37.5000  -37.5000 1888.6981   35.2989
   -7.5000  -52.5000  -30.0000 2460.4111   20.2993
    0.0000  -52.5000  -30.0000 2489.9731   20.0460
    7.5000  -52.5000  -30.0000 2472.2068   20.1518
   -7.5000  -45.0000  -30.0000 2486.0430   19.9896
    0.0000  -45.0000  -30.0000 2516.2029   19.7340
    7.5000  -45.0000  -30.0000 2498.8079   19.8318
   -7.5000  -37.5000  -30.0000 2507.7065   19.7607
    0.0000  -37.5000  -30.0000 2534.6729   19.5235
    7.5000  -37.5000  -30.0000 2519.0754   19.6655
   -7.5000  -30.0000  -30.0000 2531.7791   19.7117
    0.0000  -30.0000  -30.0000 2551.9158   19.4695
    7.5000  -30.0000  -30.0000 2525.8406   19.6235
   -7.5000  -22.5000  -30.0000 2547.5544   19.8218
    0.0000  -22.5000  -30.0000 2563.4819   19.5741
    7.5000  -22.5000  -30.0000 2534.1667   19.7023
   -7.5000  -15.0000  -30.0000 2549.8733   20.2064
    0.0000  -15.0000  -30.0000 2567.5344   19.9093
    7.5000  -15.0000  -30.0000 2532.4551   20.0555
   -7.5000   -7.5000  -30.0000 2534.3831   20.8078
    0.0000   -7.5000  -30.0000 2557.8757   20.5821
    7.5000   -7.5000  -30.0000 2523.1199   20.7397
   -7.5000    0.0000  -30.0000 2501.3936   21.7141
    0.0000    0.0000  -30.0000 2526.9375   21.5087
    7.5000    0.0000  -30.0000 2494.3123   21.7025
   -7.5000    7.5000  -30.0000 2453.3667   22.9253
    0.0000    7.5000  -30.0000 2470.6199   22.7455
    7.5000    7.5000  -30.0000 2434.7625   22.9561
   -7.5000   15.0000  -30.0000 2365.3167   24.6063
    0.0000   15.0000  -30.0000 2383.5159   24.3593
    7.5000   15.0000  -30.0000 2348.5715   24.6514
   -7.5000   22.5000  -30.0000 2266.0779   26.8096
    0.0000   22.5000  -30.0000 2278.3174   26.5945
    7.5000   22.5000  -30.0000 2247.3081   26.9082
   -7.5000   30.0000  -30.0000 2143.2634   29.8070
    0.0000   30.0000  -30.0000 2153.6860   29.5752
    7.5000   30.0000  -30.0000 2121.3420   29.9112
   -7.5000   37.5000  -30.0000 2010.1289   33.6798
    0.0000   37.5000  -30.0000 2021.9943   33.4304
    7.5000   37.5000  -30.0000 1989.2253   33.7705
   -7.5000  -52.5000  -22.5000 2571.1912   19.1719
    0.0000  -52.5000  -22.5000 2599.3870   18.9574
    7.5000  -52.5000  -22.5000 2578.1360   19.1009
   -7.5000  -45.0000  -22.5000 2603.3853   18.8094
    0.0000  -45.0000  -22.5000 2629.3123   18.5564
    7.5000  -45.0000  -22.5000 2612.3301   18.7075
   -7.5000  -37.5000  -22.5000 2627.7207   18.6519
    0.0000  -37.5000  -22.5000 2653.5715   18.4451
    7.5000  -37.5000  -22.5000 2637.2769   18.5459
   -7.5000  -30.0000  -22.5000 2651.7175   18.6043
    0.0000  -30.0000  -22.5000 2669.5928   18.4014
    7.5000  -30.0000  -22.5000 2641.4263   18.5006
   -7.5000  -22.5000  -22.5000 2673.6826   18.6988
    0.0000  -22.5000  -22.5000 2694.2095   18.4920
    7.5000  -22.5000  -22.5000 2660.5645   18.6022
   -7.5000  -15.0000  -22.5000 2675.7996   19.0347
    0.0000  -15.0000  -22.5000 2699.8743   18.7978
    7.5000  -15.0000  -22.5000 2662.2385   18.9623
   -7.5000   -7.5000  -22.5000 2662.1951   19.6632
    0.0000   -7.5000  -22.5000 2691.3340   19.4503
    7.5000   -7.5000  -22.5000 2654.7188   19.6222
   -7.5000    0.0000  -22.5000 2630.7922   20.5641
    0.0000    0.0000  -22.5000 2657.2007   20.3719
    7.5000    0.0000  -22.5000 2619.5798   20.6070
   -7.5000    7.5000  -22.5000 2576.0222   21.7412
    0.0000    7.5000  -22.5000 2599.2112   21.5812
    7.5000    7.5000  -22.5000 2559.6750   21.7998
   -7.5000   15.0000  -22.5000 2480.2014   23.3403
    0.0000   15.0000  -22.5000 2498.8274   23.1465
    7.5000   15.0000  -22.5000 2463.9548   23.3984
   -7.5000   22.5000  -22.5000 2372.1868   25.4273
    0.0000   22.5000  -22.5000 2387.1121   25.2444
    7.5000   22.5000  -22.5000 2353.1912   25.5316
   -7.5000   30.0000  -22.5000 2240.3320   28.2575
    0.0000   30.0000  -22.5000 2255.0295   28.0573
    7.5000   30.0000  -22.5000 2221.5752   28.3550
   -7.5000   37.5000  -22.5000 2094.4390   31.8928
    0.0000   37.5000  -22.5000 2103.2058   31.7304
    7.5000   37.5000  -22.5000 2072.7864   32.0933
   -7.5000  -52.5000  -15.0000 2638.2219   18.1899
    0.0000  -52.5000  -15.0000 2667.1362   18.0311
    7.5000  -52.5000  -15.0000 2645.9968   18.1740
   -7.5000  -45.0000  -15.0000 2681.9902   17.8091
    0.0000  -45.0000  -15.0000 2705.5955   17.6572
    7.5000  -45.0000  -15.0000 2684.6523   17.7672
   -7.5000  -37.5000  -15.0000 2716.0703   17.6438
    0.0000  -37.5000  -15.0000 2740.2551   17.4789
    7.5000  -37.5000  -15.0000 2713.9434   17.5751
   -7.5000  -30.0000  -15.0000 2733.0435   17.5577
    0.0000  -30.0000  -15.0000 2758.0034   17.3859
    7.5000  -30.0000  -15.0000 2726.0920   17.4889
   -7.5000  -22.5000  -15.0000 2758.5183   17.6037
    0.0000  -22.5000  -15.0000 2786.9895   17.4003
    7.5000  -22.5000  -15.0000 2745.2908   17.5393
   -7.5000  -15.0000  -15.0000 2776.0508   17.9516
    0.0000  -15.0000  -15.0000 2797.9167   17.7169
    7.5000  -15.0000  -15.0000 2759.9607   17.9079
   -7.5000   -7.5000  -15.0000 2761.6421   18.5975
    0.0000   -7.5000  -15.0000 2790.8062   18.3952
    7.5000   -7.5000  -15.0000 2756.4805   18.5709
   -7.5000    0.0000  -15.0000 2725.8657   19.4549
    0.0000    0.0000  -15.0000 2756.7456   19.2930
    7.5000    0.0000  -15.0000 2721.0471   19.5140
   -7.5000    7.5000  -15.0000 2664.3806   20.6061
    0.0000    7.5000  -15.0000 2686.7446   20.4552
    7.5000    7.5000  -15.0000 2648.2830   20.6965
   -7.5000   15.0000  -15.0000 2569.2454   22.2114
    0.0000   15.0000  -15.0000 2583.8579   22.0091
    7.5000   15.0000  -15.0000 2548.0654   22.2821
   -7.5000   22.5000  -15.0000 2450.3191   24.3150
    0.0000   22.5000  -15.0000 2464.1943   24.0840
    7.5000   22.5000  -15.0000 2426.1260   24.3726
   -7.5000   30.0000  -15.0000 2312.7778   27.0588
    0.0000   30.0000  -15.0000 2324.9895   26.8393
    7.5000   30.0000  -15.0000 2293.4084   27.1403
   -7.5000   37.5000  -15.0000 2159.1562   30.6025
    0.0000   37.5000  -15.0000 2164.2915   30.3819
    7.5000   37.5000  -15.0000 2137.3728   30.7700
   -7.5000  -52.5000   -7.5000 2684.0862   17.3579
    0.0000  -52.5000   -7.5000 2720.6396   17.2536
    7.5000  -52.5000   -7.5000 2697.9277   17.4132
   -7.5000  -45.0000   -7.5000 2739.2197   16.9489
    0.0000  -45.0000   -7.5000 2769.1606   16.8474
    7.5000  -45.0000   -7.5000 2743.3979   16.9597
   -7.5000  -37.5000   -7.5000 2783.7380   16.7728
    0.0000  -37.5000   -7.5000 2808.0190   16.6727
    7.5000  -37.5000   -7.5000 2775.5156   16.7727
   -7.5000  -30.0000   -7.5000 2810.9734   16.7405
    0.0000  -30.0000   -7.5000 2836.7698   16.5801
    7.5000  -30.0000   -7.5000 2802.8162   16.7445
   -7.5000  -22.5000   -7.5000 2840.6152   16.7829
    0.0000  -22.5000   -7.5000 2869.7166   16.5818
    7.5000  -22.5000   -7.5000 2828.0481   16.8003
   -7.5000  -15.0000   -7.5000 2854.7830   17.0069
    0.0000  -15.0000   -7.5000 2882.1304   16.7872
    7.5000  -15.0000   -7.5000 2843.7612   17.0312
   -7.5000   -7.5000   -7.5000 2844.8667   17.6329
    0.0000   -7.5000   -7.5000 2872.6472   17.4405
    7.5000   -7.5000   -7.5000 2840.0200   17.6283
   -7.5000    0.0000   -7.5000 2806.3635   18.4820
    0.0000    0.0000   -7.5000 2835.7437   18.3450
    7.5000    0.0000   -7.5000 2799.6084   18.6068
   -7.5000    7.5000   -7.5000 2733.7559   19.7108
    0.0000    7.5000   -7.5000 2754.8152   19.5164
    7.5000    7.5000   -7.5000 2716.7822   19.8393
   -7.5000   15.0000   -7.5000 2632.5127   21.3175
    0.0000   15.0000   -7.5000 2646.1963   21.0999
    7.5000   15.0000   -7.5000 2608.5833   21.4586
   -7.5000   22.5000   -7.5000 2511.2432   23.4242
    0.0000   22.5000   -7.5000 2524.5459   23.2073
    7.5000   22.5000   -7.5000 2480.6318   23.5582
   -7.5000   30.0000   -7.5000 2370.6777   26.1081
    0.0000   30.0000   -7.5000 2382.9143   25.8958
    7.5000   30.0000   -7.5000 2341.9976   26.2301
   -7.5000   37.5000   -7.5000 2212.3044   29.4424
    0.0000   37.5000   -7.5000 2214.7966   29.3256
    7.5000   37.5000   -7.5000 2185.1711   29.6928
   -7.5000  -52.5000    0.0000 2713.6484   16.8110
    0.0000  -52.5000    0.0000 2750.7717   16.6326
    7.5000  -52.5000    0.0000 2731.7998   16.8561
   -7.5000  -45.0000    0.0000 2765.4978   16.4123
    0.0000  -45.0000    0.0000 2803.6338   16.2091
    7.5000  -45.0000    0.0000 2773.1670   16.3835
   -7.5000  -37.5000    0.0000 2817.9236   16.1966
    0.0000  -37.5000    0.0000 2849.6877   16.0210
    7.5000  -37.5000    0.0000 2810.4807   16.1867
   -7.5000  -30.0000    0.0000 2853.0515   16.1839
    0.0000  -30.0000    0.0000 2884.4746   16.0200
    7.5000  -30.0000    0.0000 2853.4194   16.2113
   -7.5000  -22.5000    0.0000 2893.1384   16.3549
    0.0000  -22.5000    0.0000 2934.1672   16.1793
    7.5000  -22.5000    0.0000 2890.9780   16.3869
   -7.5000  -15.0000    0.0000 2916.7124   16.4871
    0.0000  -15.0000    0.0000 2956.4712   16.2549
    7.5000  -15.0000    0.0000 2907.7673   16.6358
   -7.5000   -7.5000    0.0000 2904.7949   16.9962
    0.0000   -7.5000    0.0000 2940.1311   16.7919
    7.5000   -7.5000    0.0000 2893.8125   17.1346
   -7.5000    0.0000    0.0000 2858.5122   17.8956
    0.0000    0.0000    0.0000 2888.9333   17.6671
    7.5000    0.0000    0.0000 2845.0598   18.0545
   -7.5000    7.5000    0.0000 2784.4373   19.1715
    0.0000    7.5000    0.0000 2806.9702   18.9452
    7.5000    7.5000    0.0000 2764.8621   19.3197
   -7.5000   15.0000    0.0000 2668.3628   20.8389
    0.0000   15.0000    0.0000 2689.3867   20.5965
    7.5000   15.0000    0.0000 2652.6990   20.9903
   -7.5000   22.5000    0.0000 2541.1277   22.9238
    0.0000   22.5000    0.0000 2560.8899   22.7091
    7.5000   22.5000    0.0000 2524.3184   23.1049
   -7.5000   30.0000    0.0000 2400.3032   25.4786
    0.0000   30.0000    0.0000 2413.4678   25.3347
    7.5000   30.0000    0.0000 2375.0154   25.7380
   -7.5000   37.5000    0.0000 2238.6160   28.7129
    0.0000   37.5000    0.0000 2247.5935   28.5812
    7.5000   37.5000    0.0000 2213.2449   29.0277
   -7.5000  -52.5000    7.5000 2728.9551   16.4505
    0.0000  -52.5000    7.5000 2761.2341   16.1797
    7.5000  -52.5000    7.5000 2742.8574   16.4364
   -7.5000  -45.0000    7.5000 2778.5403   16.0618
    0.0000  -45.0000    7.5000 2810.4897   15.8175
    7.5000  -45.0000    7.5000 2786.8401   16.0557
   -7.5000  -37.5000    7.5000 2829.6833   15.9378
    0.0000  -37.5000    7.5000 2856.2139   15.6858
    7.5000  -37.5000    7.5000 2834.0183   15.9459
   -7.5000  -30.0000    7.5000 2883.8528   16.0418
    0.0000  -30.0000    7.5000 2922.0808   15.7997
    7.5000  -30.0000    7.5000 2900.1931   16.1171
   -7.5000  -22.5000    7.5000 2945.0920   16.2841
    0.0000  -22.5000    7.5000 2997.2571   16.0825
    7.5000  -22.5000    7.5000 2953.1924   16.3350
   -7.5000  -15.0000    7.5000 2967.9023   16.4152
    0.0000  -15.0000    7.5000 3029.4966   16.1968
    7.5000  -15.0000    7.5000 2960.6914   16.5727
   -7.5000   -7.5000    7.5000 2940.9055   16.7941
    0.0000   -7.5000    7.5000 2977.9016   16.5335
    7.5000   -7.5000    7.5000 2925.2441   16.9718
   -7.5000    0.0000    7.5000 2875.5359   17.6361
    0.0000    0.0000    7.5000 2904.2434   17.4131
    7.5000    0.0000    7.5000 2864.3501   17.7721
   -7.5000    7.5000    7.5000 2794.5969   18.9056
    0.0000    7.5000    7.5000 2815.4790   18.7388
    7.5000    7.5000    7.5000 2780.7493   19.0223
   -7.5000   15.0000    7.5000 2681.0530   20.6121
    0.0000   15.0000    7.5000 2700.9573   20.4067
    7.5000   15.0000    7.5000 2662.9336   20.6923
   -7.5000   22.5000    7.5000 2551.5603   22.7067
    0.0000   22.5000    7.5000 2569.1699   22.4857
    7.5000   22.5000    7.5000 2533.1484   22.7894
   -7.5000   30.0000    7.5000 2408.0762   25.3008
    0.0000   30.0000    7.5000 2420.8979   25.0867
    7.5000   30.0000    7.5000 2385.9360   25.4398
   -7.5000   37.5000    7.5000 2250.6606   28.4989
    0.0000   37.5000    7.5000 2258.9243   28.2874
    7.5000   37.5000    7.5000 2229.6975   28.6685
   -7.5000  -52.5000   15.0000 2726.3867   16.4284
    0.0000  -52.5000   15.0000 2744.8684   16.0500
    7.5000  -52.5000   15.0000 2741.7615   16.4281
   -7.5000  -45.0000   15.0000 2782.0088   16.1436
    0.0000  -45.0000   15.0000 2802.0381   15.7975
    7.5000  -45.0000   15.0000 2799.1316   16.1231
   -7.5000  -37.5000   15.0000 2841.8140   16.0799
    0.0000  -37.5000   15.0000 2868.5483   15.8018
    7.5000  -37.5000   15.0000 2856.6602   16.0871
   -7.5000  -30.0000   15.0000 2893.7871   16.2011
    0.0000  -30.0000   15.0000 2941.7122   16.0102
    7.5000  -30.0000   15.0000 2913.2888   16.2306
   -7.5000  -22.5000   15.0000 2944.1626   16.3699
    0.0000  -22.5000   15.0000 3007.1287   16.2536
    7.5000  -22.5000   15.0000 2955.2129   16.4115
   -7.5000  -15.0000   15.0000 2963.9714   16.5657
    0.0000  -15.0000   15.0000 3019.0293   16.3225
    7.5000  -15.0000   15.0000 2961.2485   16.6296
   -7.5000   -7.5000   15.0000 2941.8401   17.0940
    0.0000   -7.5000   15.0000 2976.4595   16.8543
    7.5000   -7.5000   15.0000 2921.9924   17.1027
   -7.5000    0.0000   15.0000 2865.2717   17.9119
    0.0000    0.0000   15.0000 2892.3130   17.6664
    7.5000    0.0000   15.0000 2857.9153   17.9251
   -7.5000    7.5000   15.0000 2779.3274   19.0651
    0.0000    7.5000   15.0000 2801.4106   18.8191
    7.5000    7.5000   15.0000 2769.7156   19.1459
   -7.5000   15.0000   15.0000 2667.7378   20.6932
    0.0000   15.0000   15.0000 2683.6204   20.4525
    7.5000   15.0000   15.0000 2656.5266   20.7719
   -7.5000   22.5000   15.0000 2542.9104   22.7883
    0.0000   22.5000   15.0000 2559.0317   22.5487
    7.5000   22.5000   15.0000 2526.6936   22.8679
   -7.5000   30.0000   15.0000 2395.2749   25.3694
    0.0000   30.0000   15.0000 2409.4915   25.1600
    7.5000   30.0000   15.0000 2376.8540   25.4586
   -7.5000   37.5000   15.0000 2231.0452   28.6081
    0.0000   37.5000   15.0000 2244.4609   28.4143
    7.5000   37.5000   15.0000 2213.9441   28.6609
   -7.5000  -52.5000   22.5000 2741.5869   17.0383
    0.0000  -52.5000   22.5000 2757.4243   16.6608
    7.5000  -52.5000   22.5000 2743.5591   17.0178
   -7.5000  -45.0000   22.5000 2796.0325   16.7090
    0.0000  -45.0000   22.5000 2816.2520   16.3773
    7.5000  -45.0000   22.5000 2800.4053   16.6961
   -7.5000  -37.5000   22.5000 2847.0022   16.6005
    0.0000  -37.5000   22.5000 2872.7534   16.3282
    7.5000  -37.5000   22.5000 2855.1760   16.6539
   -7.5000  -30.0000   22.5000 2887.1802   16.6688
    0.0000  -30.0000   22.5000 2924.1135   16.4551
    7.5000  -30.0000   22.5000 2903.4705   16.7488
   -7.5000  -22.5000   22.5000 2918.1682   16.8220
    0.0000  -22.5000   22.5000 2961.6833   16.5416
    7.5000  -22.5000   22.5000 2924.3708   16.8792
   -7.5000  -15.0000   22.5000 2926.7910   17.0427
    0.0000  -15.0000   22.5000 2972.8572   16.7726
    7.5000  -15.0000   22.5000 2922.6919   17.0764
   -7.5000   -7.5000   22.5000 2908.0837   17.6914
    0.0000   -7.5000   22.5000 2944.1243   17.4448
    7.5000   -7.5000   22.5000 2889.1711   17.6530
   -7.5000    0.0000   22.5000 2834.3601   18.6701
    0.0000    0.0000   22.5000 2861.9448   18.3893
    7.5000    0.0000   22.5000 2822.7368   18.5514
   -7.5000    7.5000   22.5000 2742.6230   19.8225
    0.0000    7.5000   22.5000 2763.7773   19.5750
    7.5000    7.5000   22.5000 2733.7705   19.7460
   -7.5000   15.0000   22.5000 2631.4705   21.2891
    0.0000   15.0000   22.5000 2647.0962   21.0509
    7.5000   15.0000   22.5000 2619.8440   21.3053
   -7.5000   22.5000   22.5000 2509.1147   23.2149
    0.0000   22.5000   22.5000 2528.3787   22.9335
    7.5000   22.5000   22.5000 2498.1633   23.2356
   -7.5000   30.0000   22.5000 2362.4800   25.7041
    0.0000   30.0000   22.5000 2377.0659   25.4505
    7.5000   30.0000   22.5000 2351.1125   25.7177
   -7.5000   37.5000   22.5000 2197.9766   28.9228
    0.0000   37.5000   22.5000 2212.8494   28.6620
    7.5000   37.5000   22.5000 2191.7773   28.9874
   -7.5000  -52.5000   30.0000 2731.1951   17.8426
    0.0000  -52.5000   30.0000 2748.9873   17.4672
    7.5000  -52.5000   30.0000 2728.1902   17.8611
   -7.5000  -45.0000   30.0000 2777.1448   17.3189
    0.0000  -45.0000   30.0000 2803.6045   16.9957
    7.5000  -45.0000   30.0000 2784.0752   17.3563
   -7.5000  -37.5000   30.0000 2823.8489   17.1373
    0.0000  -37.5000   30.0000 2846.8848   16.8567
    7.5000  -37.5000   30.0000 2828.2246   17.1994
   -7.5000  -30.0000   30.0000 2853.8804   17.1432
    0.0000  -30.0000   30.0000 2883.0747   16.8426
    7.5000  -30.0000   30.0000 2860.7019   17.2220
   -7.5000  -22.5000   30.0000 2873.5081   17.3300
    0.0000  -22.5000   30.0000 2910.9751   17.0090
    7.5000  -22.5000   30.0000 2876.3386   17.3897
   -7.5000  -15.0000   30.0000 2871.5024   17.7097
    0.0000  -15.0000   30.0000 2903.9192   17.4419
    7.5000  -15.0000   30.0000 2865.3892   17.7710
   -7.5000   -7.5000   30.0000 2842.5364   18.4122
    0.0000   -7.5000   30.0000 2874.5093   18.1707
    7.5000   -7.5000   30.0000 2825.4868   18.4175
   -7.5000    0.0000   30.0000 2777.8855   19.4662
    0.0000    0.0000   30.0000 2800.4316   19.1760
    7.5000    0.0000   30.0000 2764.4543   19.3972
   -7.5000    7.5000   30.0000 2687.2200   20.6808
    0.0000    7.5000   30.0000 2707.1450   20.4124
    7.5000    7.5000   30.0000 2681.1719   20.6156
   -7.5000   15.0000   30.0000 2578.9634   22.1695
    0.0000   15.0000   30.0000 2600.5686   21.9240
    7.5000   15.0000   30.0000 2573.5867   22.1399
   -7.5000   22.5000   30.0000 2453.6838   24.1380
    0.0000   22.5000   30.0000 2476.1975   23.8302
    7.5000   22.5000   30.0000 2451.2075   24.0031
   -7.5000   30.0000   30.0000 2309.8052   26.5380
    0.0000   30.0000   30.0000 2321.9380   26.2238
    7.5000   30.0000   30.0000 2304.2881   26.4396
   -7.5000   37.5000   30.0000 2154.2996   29.6204
    0.0000   37.5000   30.0000 2166.2051   29.3346
    7.5000   37.5000   30.0000 2147.9263   29.6995
   -7.5000  -52.5000   37.5000 2695.1257   18.6826
    0.0000  -52.5000   37.5000 2713.2002   18.3023
    7.5000  -52.5000   37.5000 2688.3364   18.6680
   -7.5000  -45.0000   37.5000 2746.0701   17.9490
    0.0000  -45.0000   37.5000 2775.0259   17.6220
    7.5000  -45.0000   37.5000 2753.4775   18.0164
   -7.5000  -37.5000   37.5000 2778.8730   17.7238
    0.0000  -37.5000   37.5000 2808.9065   17.4136
    7.5000  -37.5000   37.5000 2793.0872   17.8357
   -7.5000  -30.0000   37.5000 2801.8591   17.7899
    0.0000  -30.0000   37.5000 2835.6360   17.4709
    7.5000  -30.0000   37.5000 2813.2925   17.8639
   -7.5000  -22.5000   37.5000 2820.2073   18.0852
    0.0000  -22.5000   37.5000 2852.2834   17.7564
    7.5000  -22.5000   37.5000 2818.9397   18.1145
   -7.5000  -15.0000   37.5000 2804.8306   18.5937
    0.0000  -15.0000   37.5000 2834.5256   18.2927
    7.5000  -15.0000   37.5000 2801.4475   18.6221
   -7.5000   -7.5000   37.5000 2763.6292   19.3358
    0.0000   -7.5000   37.5000 2791.0530   19.0273
    7.5000   -7.5000   37.5000 2753.3015   19.3119
   -7.5000    0.0000   37.5000 2698.9175   20.3627
    0.0000    0.0000   37.5000 2721.1321   20.0290
    7.5000    0.0000   37.5000 2688.9990   20.2933
   -7.5000    7.5000   37.5000 2612.1377   21.5947
    0.0000    7.5000   37.5000 2632.7251   21.3496
    7.5000    7.5000   37.5000 2608.1941   21.6106
   -7.5000   15.0000   37.5000 2513.9419   23.1709
    0.0000   15.0000   37.5000 2535.8135   22.9333
    7.5000   15.0000   37.5000 2510.9890   23.1890
   -7.5000   22.5000   37.5000 2394.0256   25.2080
    0.0000   22.5000   37.5000 2408.5505   24.9018
    7.5000   22.5000   37.5000 2390.4927   25.1747
   -7.5000   30.0000   37.5000 2246.4487   27.6225
    0.0000   30.0000   37.5000 2265.1533   27.3272
    7.5000   30.0000   37.5000 2239.3159   27.6224
   -7.5000   37.5000   37.5000 2101.3547   30.6675
    0.0000   37.5000   37.5000 2114.3096   30.4051
    7.5000   37.5000   37.5000 2088.4419   30.7607
   -7.5000  -52.5000   45.0000 2635.7346   19.6418
    0.0000  -52.5000   45.0000 2660.5078   19.2993
    7.5000  -52.5000   45.0000 2630.1128   19.5692
   -7.5000  -45.0000   45.0000 2692.8811   18.7886
    0.0000  -45.0000   45.0000 2715.3821   18.4431
    7.5000  -45.0000   45.0000 2688.0369   18.8283
   -7.5000  -37.5000   45.0000 2717.1533   18.4498
    0.0000  -37.5000   45.0000 2743.4336   18.1593
    7.5000  -37.5000   45.0000 2723.5146   18.5726
   -7.5000  -30.0000   45.0000 2735.7554   18.6193
    0.0000  -30.0000   45.0000 2763.4531   18.3109
    7.5000  -30.0000   45.0000 2739.7407   18.7145
   -7.5000  -22.5000   45.0000 2742.3662   19.0296
    0.0000  -22.5000   45.0000 2766.5691   18.7264
    7.5000  -22.5000   45.0000 2739.2019   19.0616
   -7.5000  -15.0000   45.0000 2717.9060   19.6538
    0.0000  -15.0000   45.0000 2745.7444   19.3402
    7.5000  -15.0000   45.0000 2718.9978   19.6505
   -7.5000   -7.5000   45.0000 2674.9875   20.4399
    0.0000   -7.5000   45.0000 2696.8052   20.1152
    7.5000   -7.5000   45.0000 2675.3433   20.3858
   -7.5000    0.0000   45.0000 2617.8767   21.4408
    0.0000    0.0000   45.0000 2636.7874   21.1125
    7.5000    0.0000   45.0000 2607.3159   21.3921
   -7.5000    7.5000   45.0000 2532.2373   22.7113
    0.0000    7.5000   45.0000 2554.5645   22.3828
    7.5000    7.5000   45.0000 2525.5762   22.6716
   -7.5000   15.0000   45.0000 2431.4041   24.3317
    0.0000   15.0000   45.0000 2451.9280   24.0654
    7.5000   15.0000   45.0000 2430.7856   24.3006
   -7.5000   22.5000   45.0000 2315.8062   26.4022
    0.0000   22.5000   45.0000 2328.8948   26.1372
    7.5000   22.5000   45.0000 2311.8655   26.3512
   -7.5000   30.0000   45.0000 2177.5481   28.9171
    0.0000   30.0000   45.0000 2191.6868   28.6231
    7.5000   30.0000   45.0000 2169.7964   28.8858
   -7.5000   37.5000   45.0000 2038.8988   32.0834
    0.0000   37.5000   45.0000 2046.4987   31.7825
    7.5000   37.5000   45.0000 2029.9135   32.1343

---------------------------------------------------------------------
imgreg_4dfp /opt/freesurfer/average/711-2C_as_mni_average_305 /opt/freesurfer/average/711-2B_as_mni_average_305_mask talsrcimg_g11 none talsrcimg_to_711-2C_as_mni_average_305_t4 1283
---------------------------------------------------------------------

freesurfer imgreg_4dfp.c
/opt/freesurfer/average/711-2C_as_mni_average_305.4dfp.img
       256       256       256         1
  1.000000  1.000000  1.000000
orientation T byte_order littleendian
Reading image: /opt/freesurfer/average/711-2C_as_mni_average_305.4dfp.img
dimensions:      256       256       256
mmppix:       1.0000   -1.0000   -1.0000
center:     128.0000 -129.0000 -129.0000
/opt/freesurfer/average/711-2B_as_mni_average_305_mask.4dfp.img
       256       256       256         1
  1.000000  1.000000  1.000000
orientation T byte_order littleendian
Reading mask: /opt/freesurfer/average/711-2B_as_mni_average_305_mask.4dfp.img (2306576 pixels)
talsrcimg_g11.4dfp.img
       256       256       256         1
  1.000000  1.000000  1.000000
orientation T byte_order littleendian
Reading image: talsrcimg_g11.4dfp.img
dimensions:      256       256       256
mmppix:       1.0000   -1.0000   -1.0000
center:     128.0000 -129.0000 -129.0000
rotation matrix determinant  1.000000
fimgreg.f
image alignment mode   1283 decimal      503 hex
parameters
    0.0000  -15.0000    7.5000    0.0000    0.0000    0.0000
eta,q 0.94899 16.13417
niter,ni,del,rscale     5    3   12.0000    1.2000
parameter  4  1.016439 ->  0.500000 qaram    1.1500
parameter  5 -0.535759 -> -0.500000 qaram    1.1500
parameters
   -0.0082  -16.3589    9.7228   -3.4500    3.4500    2.6890
eta,q 0.95416 16.15031
  0.0662  0.0560  0.0702  0.0485  0.0601  0.0571
  0.0594  0.0519  0.0644  0.0491  0.0559  0.0533
  0.0535  0.0501  0.0565  0.0496  0.0520  0.0495
  0.0507  0.0507  0.0499  0.0501  0.0492  0.0467
  0.0528  0.0528  0.0497  0.0528  0.0468  0.0458
  0.0589  0.0581  0.0525  0.0553  0.0471  0.0463
  0.0669  0.0654  0.0545  0.0571  0.0490  0.0477
niter,ni,del,rscale     6    3   12.0000    1.2000
parameters
   -1.0598  -15.6012   10.2443   -6.0987    3.4451    3.8614
eta,q 0.95714 16.13317
  0.0577  0.0570  0.0575  0.0463  0.0520  0.0528
  0.0496  0.0526  0.0480  0.0439  0.0467  0.0484
  0.0447  0.0478  0.0428  0.0429  0.0436  0.0446
  0.0458  0.0445  0.0441  0.0446  0.0429  0.0429
  0.0512  0.0446  0.0455  0.0473  0.0440  0.0431
  0.0589  0.0476  0.0473  0.0501  0.0470  0.0446
  0.0674  0.0533  0.0512  0.0532  0.0517  0.0473
niter,ni,del,rscale     5    3   12.0000    1.2000
parameters
   -1.3304  -15.0378    9.9718   -6.1419    3.4939    3.8077
eta,q 0.95799 16.13831
  0.0597  0.0570  0.0520  0.0499  0.0506  0.0495
  0.0502  0.0516  0.0419  0.0456  0.0456  0.0450
  0.0435  0.0465  0.0400  0.0429  0.0429  0.0422
  0.0429  0.0426  0.0423  0.0420  0.0420  0.0420
  0.0467  0.0433  0.0435  0.0441  0.0428  0.0433
  0.0531  0.0476  0.0463  0.0466  0.0455  0.0456
  0.0617  0.0536  0.0508  0.0491  0.0504  0.0491
niter,ni,del,rscale     4    3   12.0000    1.2000
parameters
   -1.3483  -14.9865    9.9867   -6.1564    3.5043    3.7999
eta,q 0.95800 16.13622
  0.0603  0.0549  0.0534  0.0500  0.0505  0.0496
  0.0506  0.0499  0.0428  0.0457  0.0456  0.0451
  0.0433  0.0448  0.0398  0.0429  0.0429  0.0423
  0.0420  0.0420  0.0420  0.0420  0.0420  0.0420
  0.0455  0.0440  0.0434  0.0440  0.0428  0.0432
  0.0513  0.0489  0.0457  0.0466  0.0456  0.0456
  0.0595  0.0552  0.0502  0.0491  0.0505  0.0490
registration optimization eta report
parameter search radius
    6.0000    6.0000    6.0000    6.9000    6.9000    6.0000
100000*second partial in parameter space
       49.       35.       30.       15.       18.       20.
  0.0603  0.0549  0.0534  0.0500  0.0505  0.0496
  0.0506  0.0499  0.0428  0.0457  0.0456  0.0451
  0.0433  0.0448  0.0398  0.0429  0.0429  0.0423
  0.0420  0.0420  0.0420  0.0420  0.0420  0.0420
  0.0455  0.0440  0.0434  0.0440  0.0428  0.0432
  0.0513  0.0489  0.0457  0.0466  0.0456  0.0456
  0.0595  0.0552  0.0502  0.0491  0.0505  0.0490
   -1.3483  -14.9865    9.9867   -6.1564    3.5043    3.7999
eta,q 0.95800 16.13622

---------------------------------------------------------------------
imgreg_4dfp /opt/freesurfer/average/711-2C_as_mni_average_305 /opt/freesurfer/average/711-2B_as_mni_average_305_mask talsrcimg_g11 none talsrcimg_to_711-2C_as_mni_average_305_t4 3335
---------------------------------------------------------------------

freesurfer imgreg_4dfp.c
/opt/freesurfer/average/711-2C_as_mni_average_305.4dfp.img
       256       256       256         1
  1.000000  1.000000  1.000000
orientation T byte_order littleendian
Reading image: /opt/freesurfer/average/711-2C_as_mni_average_305.4dfp.img
dimensions:      256       256       256
mmppix:       1.0000   -1.0000   -1.0000
center:     128.0000 -129.0000 -129.0000
/opt/freesurfer/average/711-2B_as_mni_average_305_mask.4dfp.img
       256       256       256         1
  1.000000  1.000000  1.000000
orientation T byte_order littleendian
Reading mask: /opt/freesurfer/average/711-2B_as_mni_average_305_mask.4dfp.img (2306576 pixels)
talsrcimg_g11.4dfp.img
       256       256       256         1
  1.000000  1.000000  1.000000
orientation T byte_order littleendian
Reading image: talsrcimg_g11.4dfp.img
dimensions:      256       256       256
mmppix:       1.0000   -1.0000   -1.0000
center:     128.0000 -129.0000 -129.0000
fimgreg.f
image alignment mode   3335 decimal      D07 hex
parameters
   -1.3483  -14.9865    9.9867   -0.4064   -0.7518   -0.7626
   -5.9349   -6.7745    6.6148   10.2980    6.1124  -10.7043
eta,q 0.96154 16.15472
niter,ni,del,rscale     5    3    5.0000    1.2000
parameter  4  1.403699 ->  0.500000 qaram    1.1500
parameter  5  0.843371 ->  0.500000 qaram    1.1500
parameter  6  0.953444 ->  0.500000 qaram    1.1500
parameters
   -1.3986  -14.5706    9.9788   -4.5464   -4.8918   -4.9026
   -4.4101   -4.2660    7.9358    8.9860    5.2237  -12.9588
eta,q 0.97384 15.95744
  0.0416  0.0417  0.0406  0.0315  0.0321  0.0279  0.0313  0.0355  0.0291  0.0284  0.0274  0.0269
  0.0398  0.0401  0.0396  0.0332  0.0319  0.0271  0.0294  0.0320  0.0279  0.0272  0.0267  0.0264
  0.0388  0.0390  0.0387  0.0354  0.0325  0.0287  0.0280  0.0290  0.0269  0.0264  0.0263  0.0262
  0.0385  0.0385  0.0384  0.0384  0.0337  0.0320  0.0272  0.0271  0.0265  0.0264  0.0263  0.0263
  0.0389  0.0384  0.0387  0.0423  0.0355  0.0374  0.0271  0.0264  0.0264  0.0271  0.0266  0.0268
  0.0400  0.0390  0.0395  0.0473  0.0378  0.0410  0.0277  0.0271  0.0268  0.0286  0.0272  0.0276
  0.0419  0.0400  0.0407  0.0530  0.0405  0.0472  0.0289  0.0288  0.0277  0.0311  0.0281  0.0288
niter,ni,del,rscale     7    3    5.0000    1.2000
parameter  3  0.524257 ->  0.500000 qaram    1.1500
parameter  4  0.721615 ->  0.500000 qaram    1.3225
parameters
   -0.9460  -14.5434    8.5988   -9.3074   -3.8988   -6.8155
   -4.9264   -4.1900    8.0344   10.2642    4.1497  -13.5040
eta,q 0.97624 15.64012
  0.0309  0.0289  0.0260  0.0234  0.0274  0.0275  0.0261  0.0281  0.0257  0.0271  0.0243  0.0248
  0.0286  0.0274  0.0254  0.0235  0.0258  0.0259  0.0248  0.0257  0.0247  0.0256  0.0240  0.0242
  0.0270  0.0264  0.0254  0.0242  0.0245  0.0244  0.0241  0.0243  0.0241  0.0245  0.0238  0.0238
  0.0262  0.0260  0.0260  0.0254  0.0237  0.0236  0.0239  0.0239  0.0239  0.0239  0.0238  0.0238
  0.0261  0.0263  0.0273  0.0273  0.0237  0.0249  0.0244  0.0245  0.0241  0.0238  0.0240  0.0240
  0.0268  0.0273  0.0292  0.0304  0.0245  0.0305  0.0254  0.0258  0.0247  0.0243  0.0243  0.0245
  0.0283  0.0288  0.0313  0.0349  0.0262  0.0352  0.0268  0.0278  0.0256  0.0256  0.0248  0.0252
niter,ni,del,rscale     7    3    5.0000    1.2000
parameters
   -0.6369  -14.1812    8.1772  -11.9118   -3.3566   -7.6339
   -5.1059   -4.1072    8.1714   10.7106    3.9052  -13.9319
eta,q 0.97640 15.43631
  0.0278  0.0269  0.0255  0.0250  0.0264  0.0276  0.0260  0.0276  0.0253  0.0260  0.0242  0.0246
  0.0258  0.0253  0.0242  0.0238  0.0250  0.0261  0.0247  0.0254  0.0243  0.0248  0.0238  0.0240
  0.0244  0.0242  0.0236  0.0232  0.0238  0.0248  0.0238  0.0240  0.0238  0.0240  0.0237  0.0237
  0.0238  0.0237  0.0237  0.0235  0.0232  0.0232  0.0236  0.0236  0.0236  0.0236  0.0236  0.0236
  0.0238  0.0238  0.0243  0.0245  0.0234  0.0234  0.0240  0.0241  0.0238  0.0237  0.0237  0.0238
  0.0246  0.0244  0.0254  0.0262  0.0243  0.0264  0.0249  0.0254  0.0243  0.0243  0.0239  0.0242
  0.0261  0.0254  0.0268  0.0291  0.0259  0.0317  0.0262  0.0273  0.0251  0.0256  0.0243  0.0249
niter,ni,del,rscale     6    3    5.0000    1.2000
parameters
   -0.5891  -14.0681    7.8233  -11.9247   -3.2499   -8.0000
   -5.1653   -3.9778    8.3143   11.0495    3.8018  -14.2389
eta,q 0.97631 15.43028
  0.0269  0.0261  0.0253  0.0268  0.0264  0.0279  0.0262  0.0278  0.0253  0.0259  0.0243  0.0247
  0.0251  0.0248  0.0241  0.0250  0.0250  0.0263  0.0248  0.0255  0.0244  0.0248  0.0239  0.0241
  0.0240  0.0239  0.0235  0.0239  0.0240  0.0251  0.0240  0.0241  0.0239  0.0241  0.0237  0.0238
  0.0236  0.0236  0.0236  0.0235  0.0235  0.0235  0.0237  0.0237  0.0237  0.0237  0.0237  0.0237
  0.0239  0.0238  0.0241  0.0239  0.0237  0.0233  0.0241  0.0242  0.0239  0.0238  0.0238  0.0238
  0.0250  0.0245  0.0250  0.0250  0.0248  0.0254  0.0249  0.0254  0.0243  0.0244  0.0240  0.0242
  0.0267  0.0257  0.0261  0.0269  0.0264  0.0308  0.0262  0.0273  0.0251  0.0257  0.0243  0.0250
niter,ni,del,rscale     5    3    5.0000    1.2000
parameters
   -0.5463  -13.9881    7.6580  -11.8828   -3.2805   -8.1593
   -5.2220   -3.8936    8.3703   11.2680    3.7277  -14.4095
eta,q 0.97625 15.42948
  0.0270  0.0261  0.0256  0.0270  0.0264  0.0281  0.0262  0.0277  0.0253  0.0259  0.0244  0.0248
  0.0252  0.0248  0.0243  0.0252  0.0251  0.0265  0.0249  0.0255  0.0244  0.0248  0.0240  0.0242
  0.0241  0.0240  0.0237  0.0241  0.0241  0.0252  0.0240  0.0241  0.0239  0.0241  0.0238  0.0239
  0.0237  0.0237  0.0237  0.0237  0.0237  0.0237  0.0238  0.0238  0.0238  0.0238  0.0238  0.0238
  0.0240  0.0239  0.0241  0.0240  0.0239  0.0232  0.0241  0.0243  0.0239  0.0239  0.0238  0.0239
  0.0251  0.0246  0.0249  0.0251  0.0250  0.0250  0.0250  0.0255  0.0244  0.0245  0.0241  0.0243
  0.0268  0.0258  0.0259  0.0270  0.0266  0.0304  0.0263  0.0274  0.0252  0.0258  0.0244  0.0250
niter,ni,del,rscale     4    3    5.0000    1.2000
parameters
   -0.5208  -13.9309    7.5769  -11.8489   -3.3348   -8.2398
   -5.2564   -3.8412    8.4126   11.4087    3.6744  -14.5211
eta,q 0.97621 15.42918
  0.0270  0.0261  0.0258  0.0271  0.0264  0.0282  0.0263  0.0277  0.0253  0.0258  0.0245  0.0249
  0.0253  0.0248  0.0245  0.0253  0.0251  0.0266  0.0249  0.0255  0.0244  0.0248  0.0240  0.0243
  0.0241  0.0240  0.0238  0.0241  0.0242  0.0253  0.0241  0.0242  0.0239  0.0241  0.0238  0.0239
  0.0237  0.0237  0.0238  0.0237  0.0237  0.0237  0.0238  0.0238  0.0238  0.0238  0.0238  0.0238
  0.0241  0.0240  0.0241  0.0241  0.0240  0.0233  0.0241  0.0243  0.0240  0.0239  0.0239  0.0239
  0.0252  0.0247  0.0248  0.0252  0.0251  0.0249  0.0250  0.0256  0.0244  0.0245  0.0241  0.0243
  0.0269  0.0258  0.0258  0.0271  0.0267  0.0303  0.0263  0.0274  0.0252  0.0258  0.0245  0.0250
niter,ni,del,rscale     3    3    5.0000    1.2000
parameters
   -0.5028  -13.8923    7.5317  -11.8225   -3.3759   -8.2865
   -5.2843   -3.8067    8.4334   11.4978    3.6288  -14.5874
eta,q 0.97619 15.42932
  0.0270  0.0261  0.0259  0.0271  0.0265  0.0282  0.0263  0.0277  0.0253  0.0258  0.0245  0.0249
  0.0253  0.0248  0.0246  0.0253  0.0252  0.0266  0.0249  0.0255  0.0244  0.0248  0.0241  0.0243
  0.0242  0.0240  0.0239  0.0242  0.0242  0.0253  0.0241  0.0242  0.0240  0.0241  0.0239  0.0239
  0.0238  0.0238  0.0238  0.0238  0.0238  0.0238  0.0238  0.0238  0.0238  0.0238  0.0238  0.0238
  0.0241  0.0240  0.0242  0.0242  0.0241  0.0233  0.0241  0.0243  0.0240  0.0239  0.0239  0.0239
  0.0252  0.0248  0.0248  0.0252  0.0251  0.0249  0.0250  0.0256  0.0245  0.0245  0.0241  0.0243
  0.0269  0.0259  0.0258  0.0271  0.0267  0.0303  0.0263  0.0275  0.0252  0.0258  0.0245  0.0250
niter,ni,del,rscale     2    3    5.0000    1.2000
parameters
   -0.4908  -13.8670    7.5057  -11.8052   -3.4086   -8.3142
   -5.2978   -3.7880    8.4456   11.5582    3.6326  -14.6337
eta,q 0.97618 15.42935
  0.0270  0.0260  0.0259  0.0271  0.0265  0.0283  0.0263  0.0277  0.0253  0.0258  0.0245  0.0249
  0.0253  0.0248  0.0246  0.0253  0.0252  0.0266  0.0249  0.0255  0.0245  0.0247  0.0241  0.0243
  0.0242  0.0240  0.0239  0.0242  0.0242  0.0253  0.0241  0.0242  0.0240  0.0241  0.0239  0.0239
  0.0238  0.0238  0.0238  0.0238  0.0238  0.0238  0.0238  0.0238  0.0238  0.0238  0.0238  0.0238
  0.0242  0.0241  0.0242  0.0242  0.0241  0.0233  0.0242  0.0243  0.0240  0.0239  0.0239  0.0240
  0.0253  0.0248  0.0248  0.0253  0.0251  0.0249  0.0250  0.0256  0.0245  0.0245  0.0241  0.0243
  0.0269  0.0259  0.0258  0.0271  0.0267  0.0302  0.0263  0.0275  0.0252  0.0259  0.0245  0.0250
niter,ni,del,rscale     1    3    5.0000    1.2000
parameters
   -0.4850  -13.8508    7.4881  -11.7935   -3.4350   -8.3306
   -5.3077   -3.7738    8.4485   11.5937    3.6114  -14.6589
eta,q 0.97617 15.42925
  0.0270  0.0260  0.0259  0.0271  0.0265  0.0283  0.0263  0.0277  0.0253  0.0257  0.0245  0.0250
  0.0253  0.0248  0.0246  0.0253  0.0252  0.0266  0.0250  0.0255  0.0245  0.0247  0.0241  0.0243
  0.0242  0.0241  0.0239  0.0242  0.0243  0.0254  0.0241  0.0242  0.0240  0.0241  0.0239  0.0240
  0.0238  0.0238  0.0238  0.0238  0.0238  0.0238  0.0238  0.0238  0.0238  0.0238  0.0238  0.0238
  0.0242  0.0241  0.0242  0.0242  0.0241  0.0233  0.0242  0.0243  0.0240  0.0239  0.0239  0.0240
  0.0253  0.0248  0.0248  0.0253  0.0251  0.0249  0.0250  0.0256  0.0245  0.0246  0.0241  0.0243
  0.0270  0.0259  0.0258  0.0272  0.0267  0.0302  0.0263  0.0275  0.0252  0.0259  0.0245  0.0250
registration optimization eta report
parameter search radius
    2.4000    2.4000    2.7600    9.5220    8.2800    8.2800
    7.2000    7.2000    7.2000    7.2000    7.2000    7.2000
100000*second partial in parameter space
       55.       37.       27.        4.        4.        8.
        5.        7.        3.        4.        1.        2.
  0.0270  0.0260  0.0259  0.0271  0.0265  0.0283  0.0263  0.0277  0.0253  0.0257  0.0245  0.0250
  0.0253  0.0248  0.0246  0.0253  0.0252  0.0266  0.0250  0.0255  0.0245  0.0247  0.0241  0.0243
  0.0242  0.0241  0.0239  0.0242  0.0243  0.0254  0.0241  0.0242  0.0240  0.0241  0.0239  0.0240
  0.0238  0.0238  0.0238  0.0238  0.0238  0.0238  0.0238  0.0238  0.0238  0.0238  0.0238  0.0238
  0.0242  0.0241  0.0242  0.0242  0.0241  0.0233  0.0242  0.0243  0.0240  0.0239  0.0239  0.0240
  0.0253  0.0248  0.0248  0.0253  0.0251  0.0249  0.0250  0.0256  0.0245  0.0246  0.0241  0.0243
  0.0270  0.0259  0.0258  0.0272  0.0267  0.0302  0.0263  0.0275  0.0252  0.0259  0.0245  0.0250
   -0.4850  -13.8508    7.4881  -11.7935   -3.4350   -8.3306
   -5.3077   -3.7738    8.4485   11.5937    3.6114  -14.6589
eta,q 0.97617 15.42925

---------------------------------------------------------------------
imgreg_4dfp /opt/freesurfer/average/711-2C_as_mni_average_305 /opt/freesurfer/average/711-2B_as_mni_average_305_mask talsrcimg_g11 none talsrcimg_to_711-2C_as_mni_average_305_t4 2311
---------------------------------------------------------------------

freesurfer imgreg_4dfp.c
/opt/freesurfer/average/711-2C_as_mni_average_305.4dfp.img
       256       256       256         1
  1.000000  1.000000  1.000000
orientation T byte_order littleendian
Reading image: /opt/freesurfer/average/711-2C_as_mni_average_305.4dfp.img
dimensions:      256       256       256
mmppix:       1.0000   -1.0000   -1.0000
center:     128.0000 -129.0000 -129.0000
/opt/freesurfer/average/711-2B_as_mni_average_305_mask.4dfp.img
       256       256       256         1
  1.000000  1.000000  1.000000
orientation T byte_order littleendian
Reading mask: /opt/freesurfer/average/711-2B_as_mni_average_305_mask.4dfp.img (2306576 pixels)
talsrcimg_g11.4dfp.img
       256       256       256         1
  1.000000  1.000000  1.000000
orientation T byte_order littleendian
Reading image: talsrcimg_g11.4dfp.img
dimensions:      256       256       256
mmppix:       1.0000   -1.0000   -1.0000
center:     128.0000 -129.0000 -129.0000
fimgreg.f
image alignment mode   2311 decimal      907 hex
parameters
   -0.4850  -13.8508    7.4881  -11.7935   -3.4350   -8.3306
   -5.3077   -3.7738    8.4485   11.5937    3.6114  -14.6589
eta,q 0.97617 15.42925
niter,ni,del,rscale     5    3    5.0000    0.8000
parameters
   -0.4860  -13.8698    7.2986  -11.7842   -3.0897   -6.3075
   -5.4082   -3.3551    8.2830   11.3853    4.5352  -15.4132
eta,q 0.97682 15.49079
  0.0253  0.0248  0.0244  0.0247  0.0250  0.0263  0.0244  0.0256  0.0238  0.0243  0.0238  0.0237
  0.0245  0.0242  0.0240  0.0242  0.0244  0.0255  0.0237  0.0244  0.0235  0.0237  0.0235  0.0234
  0.0240  0.0239  0.0238  0.0239  0.0240  0.0248  0.0233  0.0236  0.0233  0.0234  0.0233  0.0232
  0.0238  0.0238  0.0238  0.0238  0.0238  0.0238  0.0232  0.0232  0.0232  0.0232  0.0232  0.0232
  0.0240  0.0240  0.0240  0.0239  0.0239  0.0232  0.0234  0.0234  0.0233  0.0233  0.0232  0.0234
  0.0245  0.0243  0.0243  0.0242  0.0242  0.0235  0.0238  0.0240  0.0235  0.0238  0.0233  0.0237
  0.0253  0.0248  0.0246  0.0247  0.0247  0.0243  0.0245  0.0249  0.0239  0.0246  0.0235  0.0241
niter,ni,del,rscale     4    3    5.0000    0.7000
parameters
   -0.5900  -13.9728    7.8973  -11.9521   -3.2941   -6.0058
   -5.2167   -3.7419    7.8498   11.1001    4.4766  -15.0541
eta,q 0.97704 15.47845
  0.0242  0.0239  0.0245  0.0236  0.0238  0.0253  0.0240  0.0243  0.0234  0.0238  0.0233  0.0236
  0.0236  0.0235  0.0240  0.0233  0.0234  0.0245  0.0235  0.0235  0.0231  0.0233  0.0231  0.0233
  0.0233  0.0232  0.0235  0.0231  0.0231  0.0236  0.0231  0.0230  0.0230  0.0230  0.0230  0.0231
  0.0232  0.0232  0.0232  0.0230  0.0230  0.0230  0.0230  0.0230  0.0230  0.0230  0.0230  0.0230
  0.0234  0.0233  0.0230  0.0231  0.0231  0.0231  0.0231  0.0233  0.0231  0.0231  0.0230  0.0230
  0.0238  0.0236  0.0231  0.0234  0.0235  0.0236  0.0234  0.0239  0.0233  0.0234  0.0231  0.0231
  0.0245  0.0241  0.0233  0.0237  0.0240  0.0251  0.0238  0.0248  0.0236  0.0241  0.0233  0.0234
niter,ni,del,rscale     3    3    5.0000    0.6000
parameters
   -0.6515  -14.0645    8.0978  -12.0844   -3.2739   -5.6688
   -5.1700   -3.8431    7.8138   10.8645    4.4406  -14.9325
eta,q 0.97708 15.47392
  0.0237  0.0235  0.0237  0.0234  0.0236  0.0248  0.0236  0.0240  0.0233  0.0235  0.0232  0.0233
  0.0233  0.0232  0.0234  0.0231  0.0232  0.0241  0.0232  0.0234  0.0231  0.0232  0.0230  0.0231
  0.0230  0.0230  0.0231  0.0230  0.0230  0.0233  0.0230  0.0230  0.0230  0.0230  0.0229  0.0230
  0.0230  0.0230  0.0230  0.0229  0.0229  0.0229  0.0229  0.0229  0.0229  0.0229  0.0229  0.0229
  0.0231  0.0231  0.0229  0.0230  0.0230  0.0231  0.0230  0.0231  0.0230  0.0230  0.0230  0.0230
  0.0234  0.0233  0.0231  0.0232  0.0232  0.0234  0.0232  0.0235  0.0231  0.0233  0.0231  0.0231
  0.0239  0.0236  0.0233  0.0235  0.0236  0.0244  0.0236  0.0241  0.0233  0.0238  0.0232  0.0233
niter,ni,del,rscale     2    3    5.0000    0.5000
parameters
   -0.6918  -14.1345    8.2588  -12.1840   -3.2951   -5.4226
   -5.1611   -3.9206    7.7666   10.7148    4.3964  -14.8534
eta,q 0.97709 15.46910
  0.0235  0.0233  0.0234  0.0232  0.0234  0.0243  0.0234  0.0237  0.0232  0.0234  0.0231  0.0232
  0.0232  0.0231  0.0232  0.0230  0.0231  0.0237  0.0231  0.0233  0.0230  0.0231  0.0230  0.0230
  0.0230  0.0229  0.0230  0.0229  0.0230  0.0231  0.0230  0.0230  0.0229  0.0230  0.0229  0.0229
  0.0229  0.0229  0.0229  0.0229  0.0229  0.0229  0.0229  0.0229  0.0229  0.0229  0.0229  0.0229
  0.0230  0.0230  0.0229  0.0230  0.0230  0.0231  0.0230  0.0230  0.0229  0.0230  0.0229  0.0229
  0.0232  0.0232  0.0230  0.0231  0.0231  0.0234  0.0231  0.0233  0.0230  0.0232  0.0230  0.0230
  0.0236  0.0234  0.0232  0.0233  0.0234  0.0240  0.0234  0.0238  0.0232  0.0235  0.0231  0.0232
niter,ni,del,rscale     1    3    5.0000    0.4000
parameters
   -0.7207  -14.1726    8.3764  -12.2737   -3.3286   -5.2947
   -5.1577   -3.9758    7.7437   10.6541    4.3114  -14.7981
eta,q 0.97709 15.46314
  0.0233  0.0232  0.0232  0.0231  0.0232  0.0239  0.0232  0.0234  0.0231  0.0232  0.0230  0.0231
  0.0231  0.0230  0.0231  0.0230  0.0230  0.0234  0.0231  0.0231  0.0230  0.0231  0.0230  0.0230
  0.0230  0.0229  0.0230  0.0229  0.0229  0.0230  0.0230  0.0230  0.0229  0.0229  0.0229  0.0229
  0.0229  0.0229  0.0229  0.0229  0.0229  0.0229  0.0229  0.0229  0.0229  0.0229  0.0229  0.0229
  0.0230  0.0230  0.0229  0.0229  0.0229  0.0230  0.0230  0.0230  0.0229  0.0229  0.0229  0.0229
  0.0231  0.0231  0.0230  0.0230  0.0230  0.0233  0.0231  0.0232  0.0230  0.0231  0.0230  0.0230
  0.0233  0.0232  0.0231  0.0232  0.0232  0.0236  0.0232  0.0235  0.0231  0.0233  0.0230  0.0231
registration optimization eta report
parameter search radius
    0.8000    0.8000    0.8000    2.4000    2.4000    2.4000
    2.4000    2.4000    2.4000    2.4000    2.4000    2.4000
100000*second partial in parameter space
       60.       44.       39.        4.        5.       14.
        5.        9.        3.        6.        2.        3.
  0.0233  0.0232  0.0232  0.0231  0.0232  0.0239  0.0232  0.0234  0.0231  0.0232  0.0230  0.0231
  0.0231  0.0230  0.0231  0.0230  0.0230  0.0234  0.0231  0.0231  0.0230  0.0231  0.0230  0.0230
  0.0230  0.0229  0.0230  0.0229  0.0229  0.0230  0.0230  0.0230  0.0229  0.0229  0.0229  0.0229
  0.0229  0.0229  0.0229  0.0229  0.0229  0.0229  0.0229  0.0229  0.0229  0.0229  0.0229  0.0229
  0.0230  0.0230  0.0229  0.0229  0.0229  0.0230  0.0230  0.0230  0.0229  0.0229  0.0229  0.0229
  0.0231  0.0231  0.0230  0.0230  0.0230  0.0233  0.0231  0.0232  0.0230  0.0231  0.0230  0.0230
  0.0233  0.0232  0.0231  0.0232  0.0232  0.0236  0.0232  0.0235  0.0231  0.0233  0.0230  0.0231
   -0.7207  -14.1726    8.3764  -12.2737   -3.3286   -5.2947
   -5.1577   -3.9758    7.7437   10.6541    4.3114  -14.7981
eta,q 0.97709 15.46314

---------------------------------------------------------------------
imgreg_4dfp /opt/freesurfer/average/711-2C_as_mni_average_305 /opt/freesurfer/average/711-2B_as_mni_average_305_mask talsrcimg_g11 none talsrcimg_to_711-2C_as_mni_average_305_t4 2311
---------------------------------------------------------------------

freesurfer imgreg_4dfp.c
/opt/freesurfer/average/711-2C_as_mni_average_305.4dfp.img
       256       256       256         1
  1.000000  1.000000  1.000000
orientation T byte_order littleendian
Reading image: /opt/freesurfer/average/711-2C_as_mni_average_305.4dfp.img
dimensions:      256       256       256
mmppix:       1.0000   -1.0000   -1.0000
center:     128.0000 -129.0000 -129.0000
/opt/freesurfer/average/711-2B_as_mni_average_305_mask.4dfp.img
       256       256       256         1
  1.000000  1.000000  1.000000
orientation T byte_order littleendian
Reading mask: /opt/freesurfer/average/711-2B_as_mni_average_305_mask.4dfp.img (2306576 pixels)
talsrcimg_g11.4dfp.img
       256       256       256         1
  1.000000  1.000000  1.000000
orientation T byte_order littleendian
Reading image: talsrcimg_g11.4dfp.img
dimensions:      256       256       256
mmppix:       1.0000   -1.0000   -1.0000
center:     128.0000 -129.0000 -129.0000
fimgreg.f
image alignment mode   2311 decimal      907 hex
parameters
   -0.7207  -14.1726    8.3764  -12.2737   -3.3286   -5.2947
   -5.1577   -3.9758    7.7437   10.6541    4.3114  -14.7981
eta,q 0.97709 15.46315
niter,ni,del,rscale     5    3    5.0000    0.8000
parameters
   -0.7366  -14.1714    8.3723  -12.2057   -3.4713   -5.9091
   -5.0872   -4.0644    7.8948   10.6541    4.2612  -14.4673
eta,q 0.97708 15.45442
  0.0244  0.0240  0.0239  0.0239  0.0240  0.0251  0.0242  0.0249  0.0237  0.0241  0.0234  0.0237
  0.0236  0.0234  0.0234  0.0233  0.0234  0.0243  0.0235  0.0238  0.0233  0.0235  0.0231  0.0233
  0.0231  0.0230  0.0231  0.0230  0.0230  0.0233  0.0231  0.0231  0.0230  0.0231  0.0230  0.0230
  0.0229  0.0229  0.0229  0.0229  0.0229  0.0229  0.0229  0.0229  0.0229  0.0229  0.0229  0.0229
  0.0231  0.0230  0.0230  0.0230  0.0231  0.0233  0.0231  0.0232  0.0230  0.0230  0.0230  0.0230
  0.0236  0.0234  0.0233  0.0233  0.0235  0.0245  0.0235  0.0239  0.0232  0.0234  0.0232  0.0232
  0.0245  0.0240  0.0239  0.0238  0.0242  0.0277  0.0241  0.0250  0.0236  0.0242  0.0234  0.0235
niter,ni,del,rscale     4    3    5.0000    0.7000
parameters
   -0.6953  -14.1733    8.2443  -12.1069   -3.2570   -5.8342
   -5.1399   -3.9780    7.9324   10.6574    4.2751  -14.5796
eta,q 0.97710 15.46897
  0.0242  0.0238  0.0236  0.0237  0.0239  0.0251  0.0238  0.0246  0.0235  0.0239  0.0233  0.0234
  0.0235  0.0233  0.0232  0.0233  0.0234  0.0243  0.0233  0.0237  0.0231  0.0234  0.0231  0.0231
  0.0231  0.0230  0.0230  0.0230  0.0231  0.0234  0.0230  0.0231  0.0230  0.0230  0.0230  0.0229
  0.0229  0.0229  0.0229  0.0229  0.0229  0.0229  0.0229  0.0229  0.0229  0.0229  0.0229  0.0229
  0.0230  0.0230  0.0231  0.0230  0.0230  0.0231  0.0230  0.0231  0.0230  0.0230  0.0230  0.0230
  0.0234  0.0233  0.0234  0.0232  0.0232  0.0237  0.0233  0.0236  0.0231  0.0233  0.0231  0.0232
  0.0240  0.0238  0.0239  0.0236  0.0237  0.0254  0.0238  0.0244  0.0234  0.0239  0.0233  0.0234
niter,ni,del,rscale     3    3    5.0000    0.6000
parameters
   -0.6973  -14.1751    8.2422  -12.1593   -3.2300   -5.5947
   -5.1645   -3.9375    7.8796   10.6585    4.3366  -14.7163
eta,q 0.97709 15.46982
  0.0238  0.0235  0.0235  0.0234  0.0236  0.0247  0.0236  0.0241  0.0233  0.0236  0.0232  0.0233
  0.0233  0.0232  0.0232  0.0231  0.0232  0.0240  0.0232  0.0235  0.0231  0.0232  0.0230  0.0230
  0.0230  0.0230  0.0230  0.0230  0.0230  0.0233  0.0230  0.0230  0.0229  0.0230  0.0229  0.0229
  0.0229  0.0229  0.0229  0.0229  0.0229  0.0229  0.0229  0.0229  0.0229  0.0229  0.0229  0.0229
  0.0230  0.0230  0.0230  0.0230  0.0230  0.0231  0.0230  0.0230  0.0230  0.0230  0.0229  0.0230
  0.0233  0.0232  0.0232  0.0232  0.0232  0.0235  0.0232  0.0234  0.0231  0.0232  0.0230  0.0231
  0.0238  0.0235  0.0235  0.0234  0.0236  0.0245  0.0236  0.0240  0.0233  0.0237  0.0232  0.0233
niter,ni,del,rscale     2    3    5.0000    0.5000
parameters
   -0.7123  -14.1818    8.3155  -12.2168   -3.2827   -5.3888
   -5.1630   -3.9550    7.8134   10.6292    4.3207  -14.7638
eta,q 0.97710 15.46694
  0.0235  0.0233  0.0234  0.0233  0.0233  0.0243  0.0234  0.0237  0.0232  0.0234  0.0231  0.0232
  0.0232  0.0231  0.0231  0.0230  0.0231  0.0237  0.0231  0.0233  0.0230  0.0231  0.0230  0.0230
  0.0230  0.0229  0.0230  0.0229  0.0229  0.0231  0.0230  0.0230  0.0229  0.0230  0.0229  0.0229
  0.0229  0.0229  0.0229  0.0229  0.0229  0.0229  0.0229  0.0229  0.0229  0.0229  0.0229  0.0229
  0.0230  0.0230  0.0229  0.0230  0.0230  0.0231  0.0230  0.0230  0.0229  0.0230  0.0229  0.0229
  0.0232  0.0231  0.0230  0.0231  0.0231  0.0234  0.0231  0.0233  0.0230  0.0231  0.0230  0.0230
  0.0235  0.0233  0.0233  0.0233  0.0234  0.0240  0.0234  0.0237  0.0232  0.0234  0.0231  0.0232
niter,ni,del,rscale     1    3    5.0000    0.4000
parameters
   -0.7308  -14.1987    8.4050  -12.2781   -3.3328   -5.2778
   -5.1645   -3.9964    7.7725   10.6187    4.2854  -14.7589
eta,q 0.97709 15.46280
  0.0233  0.0232  0.0232  0.0231  0.0232  0.0238  0.0232  0.0234  0.0231  0.0232  0.0230  0.0231
  0.0231  0.0230  0.0231  0.0230  0.0230  0.0234  0.0230  0.0231  0.0230  0.0231  0.0230  0.0230
  0.0230  0.0229  0.0230  0.0229  0.0229  0.0230  0.0230  0.0230  0.0229  0.0230  0.0229  0.0229
  0.0229  0.0229  0.0229  0.0229  0.0229  0.0229  0.0229  0.0229  0.0229  0.0229  0.0229  0.0229
  0.0230  0.0229  0.0229  0.0229  0.0229  0.0230  0.0230  0.0230  0.0229  0.0229  0.0229  0.0229
  0.0231  0.0230  0.0230  0.0230  0.0230  0.0233  0.0231  0.0232  0.0230  0.0231  0.0230  0.0230
  0.0233  0.0232  0.0231  0.0232  0.0232  0.0236  0.0232  0.0235  0.0231  0.0233  0.0230  0.0231
registration optimization eta report
parameter search radius
    0.8000    0.8000    0.8000    2.4000    2.4000    2.4000
    2.4000    2.4000    2.4000    2.4000    2.4000    2.4000
100000*second partial in parameter space
       61.       44.       40.        4.        5.       14.
        5.        9.        3.        6.        2.        3.
  0.0233  0.0232  0.0232  0.0231  0.0232  0.0238  0.0232  0.0234  0.0231  0.0232  0.0230  0.0231
  0.0231  0.0230  0.0231  0.0230  0.0230  0.0234  0.0230  0.0231  0.0230  0.0231  0.0230  0.0230
  0.0230  0.0229  0.0230  0.0229  0.0229  0.0230  0.0230  0.0230  0.0229  0.0230  0.0229  0.0229
  0.0229  0.0229  0.0229  0.0229  0.0229  0.0229  0.0229  0.0229  0.0229  0.0229  0.0229  0.0229
  0.0230  0.0229  0.0229  0.0229  0.0229  0.0230  0.0230  0.0230  0.0229  0.0229  0.0229  0.0229
  0.0231  0.0230  0.0230  0.0230  0.0230  0.0233  0.0231  0.0232  0.0230  0.0231  0.0230  0.0230
  0.0233  0.0232  0.0231  0.0232  0.0232  0.0236  0.0232  0.0235  0.0231  0.0233  0.0230  0.0231
   -0.7308  -14.1987    8.4050  -12.2781   -3.3328   -5.2778
   -5.1645   -3.9964    7.7725   10.6187    4.2854  -14.7589
eta,q 0.97709 15.46280

---------------------------------------------------------------------
compute_vox2vox talsrcimg talsrcimg_to_711-2C_as_mni_average_305_t4 /opt/freesurfer/average/711-2C_as_mni_average_305
---------------------------------------------------------------------

freesurfer compute_vox2vox.c
Reading: talsrcimg.4dfp.ifh
Reading: talsrcimg_to_711-2C_as_mni_average_305_t4
Reading: /opt/freesurfer/average/711-2C_as_mni_average_305.4dfp.ifh
Writing: talsrcimg_to_711-2C_as_mni_average_305_t4_vox2vox.txt

start time Mon Mar 9 21:08:07 CET 2026
end		time Mon Mar 9 21:09:33 CET 2026

mpr2mni305 success

avi2talxfm orig_nu.mgz /opt/freesurfer/average/mni305.cor.mgz talsrcimg_to_711-2C_as_mni_average_305_t4_vox2vox.txt transforms/talairach.auto.xfm
avi2talxfm done
mv -f /out/sourcedata/freesurfer/sub-v1s23x0050626_ses-1/mri/talsrcimg_to_711-2C_as_mni_average_305_t4_vox2vox.txt /out/sourcedata/freesurfer/sub-v1s23x0050626_ses-1/mri/transforms/talsrcimg_to_711-2C_as_mni_average_305_t4_vox2vox.txt
lta_convert --src orig_nu.mgz --trg /opt/freesurfer/average/mni305.cor.mgz --inxfm transforms/talairach.auto.xfm --outlta transforms/talairach.auto.xfm.lta --subject fsaverage
7.3.2

--src: orig_nu.mgz src image (geometry).
--trg: /opt/freesurfer/average/mni305.cor.mgz trg image (geometry).
--inmni: transforms/talairach.auto.xfm input MNI/XFM transform.
--outlta: transforms/talairach.auto.xfm.lta output LTA.
--s: fsaverage subject name
 LTA read, type : 1
 1.13209   0.04029   0.06663  -41.48660;
-0.06430   1.03567   0.15469   43.23254;
-0.08396  -0.11701   1.01213  -6.61762;
 0.00000   0.00000   0.00000   1.00000;
setting subject to fsaverage
Writing  LTA to file transforms/talairach.auto.xfm.lta...
lta_convert successful.
 
 
Started at Mon Mar 9 21:08:07 CET 2026
Ended   at Mon Mar  9 21:09:34 CET 2026
talairach_avi done
