status file for recon-all
Mon Mar  9 22:33:38 CET 2026
#@# Tessellate rh Mon Mar  9 22:33:38 CET 2026
#@# Smooth1 rh Mon Mar  9 22:33:41 CET 2026
#@# Inflation1 rh Mon Mar  9 22:33:44 CET 2026
#@# QSphere rh Mon Mar  9 22:33:54 CET 2026
#@# Fix Topology rh Mon Mar  9 22:34:47 CET 2026
#@# Smooth2 rh Mon Mar  9 22:39:53 CET 2026
#@# Inflation2 rh Mon Mar  9 22:39:56 CET 2026
#@# Curv .H and .K rh Mon Mar  9 22:40:06 CET 2026
#@# Sphere rh Mon Mar  9 22:40:51 CET 2026
#@# Surf Reg rh Mon Mar  9 22:43:43 CET 2026
#@# Jacobian white rh Mon Mar  9 22:46:23 CET 2026
#@# AvgCurv rh Mon Mar  9 22:46:24 CET 2026
#@# Cortical Parc rh Mon Mar  9 22:46:25 CET 2026
#@# white curv rh Mon Mar  9 22:52:04 CET 2026
#@# white area rh Mon Mar  9 22:52:05 CET 2026
#@# pial curv rh Mon Mar  9 22:52:06 CET 2026
#@# pial area rh Mon Mar  9 22:52:07 CET 2026
#@# thickness rh Mon Mar  9 22:52:08 CET 2026
#@# area and vertex vol rh Mon Mar  9 22:52:36 CET 2026
#@# Curvature Stats rh Mon Mar  9 22:52:38 CET 2026
#@# Cortical Parc 2 rh Mon Mar  9 22:52:40 CET 2026
#@# Cortical Parc 3 rh Mon Mar  9 22:52:52 CET 2026
#@# WM/GM Contrast rh Mon Mar  9 22:53:02 CET 2026
recon-all -s sub-v1s23x0050612_ses-1 finished without error at Mon Mar  9 22:53:05 CET 2026



#New# invocation of recon-all 



status file for recon-all
Mon Mar  9 23:00:31 CET 2026
#@# white curv rh Mon Mar  9 23:00:31 CET 2026
#@# white area rh Mon Mar  9 23:00:31 CET 2026
#@# pial curv rh Mon Mar  9 23:00:31 CET 2026
#@# pial area rh Mon Mar  9 23:00:31 CET 2026
#@# thickness rh Mon Mar  9 23:00:31 CET 2026
#@# area and vertex vol rh Mon Mar  9 23:00:31 CET 2026
#@# Parcellation Stats rh Mon Mar  9 23:00:31 CET 2026
#@# Parcellation Stats 2 rh Mon Mar  9 23:00:48 CET 2026
#@# Parcellation Stats 3 rh Mon Mar  9 23:00:57 CET 2026
#@# BA_exvivo Labels rh Mon Mar  9 23:01:06 CET 2026
recon-all -s sub-v1s23x0050612_ses-1 finished without error at Mon Mar  9 23:03:22 CET 2026
