status file for recon-all
Mon Mar  9 22:13:21 CET 2026
#@# Tessellate lh Mon Mar  9 22:13:21 CET 2026
#@# Smooth1 lh Mon Mar  9 22:13:25 CET 2026
#@# Inflation1 lh Mon Mar  9 22:13:27 CET 2026
#@# QSphere lh Mon Mar  9 22:13:37 CET 2026
#@# Fix Topology lh Mon Mar  9 22:14:30 CET 2026
#@# Smooth2 lh Mon Mar  9 22:20:38 CET 2026
#@# Inflation2 lh Mon Mar  9 22:20:40 CET 2026
#@# Curv .H and .K lh Mon Mar  9 22:20:50 CET 2026
#@# Sphere lh Mon Mar  9 22:21:33 CET 2026
#@# Surf Reg lh Mon Mar  9 22:24:24 CET 2026
#@# Jacobian white lh Mon Mar  9 22:27:15 CET 2026
#@# AvgCurv lh Mon Mar  9 22:27:16 CET 2026
#@# Cortical Parc lh Mon Mar  9 22:27:16 CET 2026
#@# white curv lh Mon Mar  9 22:32:39 CET 2026
#@# white area lh Mon Mar  9 22:32:40 CET 2026
#@# pial curv lh Mon Mar  9 22:32:40 CET 2026
#@# pial area lh Mon Mar  9 22:32:42 CET 2026
#@# thickness lh Mon Mar  9 22:32:42 CET 2026
#@# area and vertex vol lh Mon Mar  9 22:33:09 CET 2026
#@# Curvature Stats lh Mon Mar  9 22:33:10 CET 2026
#@# Cortical Parc 2 lh Mon Mar  9 22:33:12 CET 2026
#@# Cortical Parc 3 lh Mon Mar  9 22:33:24 CET 2026
#@# WM/GM Contrast lh Mon Mar  9 22:33:33 CET 2026
recon-all -s sub-v1s23x0050612_ses-1 finished without error at Mon Mar  9 22:33:36 CET 2026



#New# invocation of recon-all 



status file for recon-all
Mon Mar  9 22:57:46 CET 2026
#@# white curv lh Mon Mar  9 22:57:46 CET 2026
#@# white area lh Mon Mar  9 22:57:46 CET 2026
#@# pial curv lh Mon Mar  9 22:57:46 CET 2026
#@# pial area lh Mon Mar  9 22:57:46 CET 2026
#@# thickness lh Mon Mar  9 22:57:46 CET 2026
#@# area and vertex vol lh Mon Mar  9 22:57:46 CET 2026
#@# Parcellation Stats lh Mon Mar  9 22:57:46 CET 2026
#@# Parcellation Stats 2 lh Mon Mar  9 22:58:01 CET 2026
#@# Parcellation Stats 3 lh Mon Mar  9 22:58:09 CET 2026
#@# BA_exvivo Labels lh Mon Mar  9 22:58:17 CET 2026
recon-all -s sub-v1s23x0050612_ses-1 finished without error at Mon Mar  9 23:00:28 CET 2026
