status file for recon-all
Mon Mar  9 20:41:27 CET 2026
#@# MotionCor Mon Mar  9 20:41:29 CET 2026
#@# Talairach Mon Mar  9 20:41:36 CET 2026
#@# Talairach Failure Detection Mon Mar  9 20:46:01 CET 2026
#@# Nu Intensity Correction Mon Mar  9 20:46:01 CET 2026
#@# Intensity Normalization Mon Mar  9 20:49:15 CET 2026
recon-all -s sub-v1s23x0050612_ses-1 finished without error at Mon Mar  9 20:51:01 CET 2026



#New# invocation of recon-all 



status file for recon-all
Mon Mar  9 20:57:37 CET 2026
#@# EM Registration Mon Mar  9 20:57:37 CET 2026
recon-all -s sub-v1s23x0050612_ses-1 finished without error at Mon Mar  9 20:59:11 CET 2026



#New# invocation of recon-all 



status file for recon-all
Mon Mar  9 20:59:13 CET 2026
#@# CA Normalize Mon Mar  9 20:59:13 CET 2026
#@# CA Reg Mon Mar  9 21:00:35 CET 2026
#@# SubCort Seg Mon Mar  9 21:39:33 CET 2026
#@# CC Seg Mon Mar  9 22:07:22 CET 2026
#@# Merge ASeg Mon Mar  9 22:07:56 CET 2026
#@# Intensity Normalization2 Mon Mar  9 22:07:56 CET 2026
#@# Mask BFS Mon Mar  9 22:10:12 CET 2026
#@# WM Segmentation Mon Mar  9 22:10:13 CET 2026
#@# Fill Mon Mar  9 22:12:17 CET 2026
recon-all -s sub-v1s23x0050612_ses-1 finished without error at Mon Mar  9 22:13:16 CET 2026



#New# invocation of recon-all 



status file for recon-all
Mon Mar  9 22:53:10 CET 2026
#@# white curv lh Mon Mar  9 22:53:10 CET 2026
#@# white area lh Mon Mar  9 22:53:10 CET 2026
#@# pial curv lh Mon Mar  9 22:53:10 CET 2026
#@# pial area lh Mon Mar  9 22:53:10 CET 2026
#@# thickness lh Mon Mar  9 22:53:10 CET 2026
#@# area and vertex vol lh Mon Mar  9 22:53:10 CET 2026
#@# white curv rh Mon Mar  9 22:53:10 CET 2026
#@# white area rh Mon Mar  9 22:53:10 CET 2026
#@# pial curv rh Mon Mar  9 22:53:10 CET 2026
#@# pial area rh Mon Mar  9 22:53:10 CET 2026
#@# thickness rh Mon Mar  9 22:53:10 CET 2026
#@# area and vertex vol rh Mon Mar  9 22:53:10 CET 2026
#@# Cortical ribbon mask Mon Mar  9 22:53:10 CET 2026
recon-all -s sub-v1s23x0050612_ses-1 finished without error at Mon Mar  9 22:57:42 CET 2026



#New# invocation of recon-all 



status file for recon-all
Mon Mar  9 23:03:26 CET 2026
#@# white curv lh Mon Mar  9 23:03:26 CET 2026
#@# white area lh Mon Mar  9 23:03:26 CET 2026
#@# pial curv lh Mon Mar  9 23:03:26 CET 2026
#@# pial area lh Mon Mar  9 23:03:26 CET 2026
#@# thickness lh Mon Mar  9 23:03:26 CET 2026
#@# area and vertex vol lh Mon Mar  9 23:03:26 CET 2026
#@# white curv rh Mon Mar  9 23:03:26 CET 2026
#@# white area rh Mon Mar  9 23:03:26 CET 2026
#@# pial curv rh Mon Mar  9 23:03:26 CET 2026
#@# pial area rh Mon Mar  9 23:03:26 CET 2026
#@# thickness rh Mon Mar  9 23:03:26 CET 2026
#@# area and vertex vol rh Mon Mar  9 23:03:26 CET 2026
#@# Curvature Stats lh Mon Mar  9 23:03:26 CET 2026
#@# Curvature Stats rh Mon Mar  9 23:03:28 CET 2026
#@# Relabel Hypointensities Mon Mar  9 23:03:30 CET 2026
#@# APas-to-ASeg Mon Mar  9 23:03:45 CET 2026
#@# AParc-to-ASeg aparc Mon Mar  9 23:03:52 CET 2026
#@# AParc-to-ASeg aparc.a2009s Mon Mar  9 23:04:19 CET 2026
#@# AParc-to-ASeg aparc.DKTatlas Mon Mar  9 23:04:45 CET 2026
#@# WMParc Mon Mar  9 23:05:12 CET 2026
#@# ASeg Stats Mon Mar  9 23:08:39 CET 2026
recon-all -s sub-v1s23x0050612_ses-1 finished without error at Mon Mar  9 23:09:10 CET 2026
