status file for recon-all
Mon Mar  9 21:19:06 CET 2026
#@# Tessellate lh Mon Mar  9 21:19:06 CET 2026
#@# Smooth1 lh Mon Mar  9 21:19:10 CET 2026
#@# Inflation1 lh Mon Mar  9 21:19:13 CET 2026
#@# QSphere lh Mon Mar  9 21:19:27 CET 2026
#@# Fix Topology lh Mon Mar  9 21:20:42 CET 2026
#@# Smooth2 lh Mon Mar  9 21:33:51 CET 2026
#@# Inflation2 lh Mon Mar  9 21:33:54 CET 2026
#@# Curv .H and .K lh Mon Mar  9 21:34:12 CET 2026
#@# Sphere lh Mon Mar  9 21:34:59 CET 2026
#@# Surf Reg lh Mon Mar  9 21:43:11 CET 2026
#@# Jacobian white lh Mon Mar  9 21:50:28 CET 2026
#@# AvgCurv lh Mon Mar  9 21:50:29 CET 2026
#@# Cortical Parc lh Mon Mar  9 21:50:30 CET 2026
#@# white curv lh Mon Mar  9 22:06:03 CET 2026
#@# white area lh Mon Mar  9 22:06:05 CET 2026
#@# pial curv lh Mon Mar  9 22:06:06 CET 2026
#@# pial area lh Mon Mar  9 22:06:08 CET 2026
#@# thickness lh Mon Mar  9 22:06:09 CET 2026
#@# area and vertex vol lh Mon Mar  9 22:06:40 CET 2026
#@# Curvature Stats lh Mon Mar  9 22:06:42 CET 2026
#@# Cortical Parc 2 lh Mon Mar  9 22:06:45 CET 2026
#@# Cortical Parc 3 lh Mon Mar  9 22:06:59 CET 2026
#@# WM/GM Contrast lh Mon Mar  9 22:07:09 CET 2026
recon-all -s sub-v1s23x0050575_ses-1 finished without error at Mon Mar  9 22:07:12 CET 2026



#New# invocation of recon-all 



status file for recon-all
Mon Mar  9 22:40:50 CET 2026
#@# white curv lh Mon Mar  9 22:40:50 CET 2026
#@# white area lh Mon Mar  9 22:40:50 CET 2026
#@# pial curv lh Mon Mar  9 22:40:50 CET 2026
#@# pial area lh Mon Mar  9 22:40:50 CET 2026
#@# thickness lh Mon Mar  9 22:40:50 CET 2026
#@# area and vertex vol lh Mon Mar  9 22:40:50 CET 2026
#@# Parcellation Stats lh Mon Mar  9 22:40:50 CET 2026
#@# Parcellation Stats 2 lh Mon Mar  9 22:41:10 CET 2026
#@# Parcellation Stats 3 lh Mon Mar  9 22:41:19 CET 2026
#@# BA_exvivo Labels lh Mon Mar  9 22:41:29 CET 2026
recon-all -s sub-v1s23x0050575_ses-1 finished without error at Mon Mar  9 22:44:16 CET 2026
