status file for recon-all
Mon Mar  9 20:35:16 CET 2026
#@# Tessellate lh Mon Mar  9 20:35:16 CET 2026
#@# Smooth1 lh Mon Mar  9 20:35:20 CET 2026
#@# Inflation1 lh Mon Mar  9 20:35:23 CET 2026
#@# QSphere lh Mon Mar  9 20:35:36 CET 2026
#@# Fix Topology lh Mon Mar  9 20:36:40 CET 2026
#@# Smooth2 lh Mon Mar  9 20:44:10 CET 2026
#@# Inflation2 lh Mon Mar  9 20:44:13 CET 2026
#@# Curv .H and .K lh Mon Mar  9 20:44:30 CET 2026
#@# Sphere lh Mon Mar  9 20:45:18 CET 2026
#@# Surf Reg lh Mon Mar  9 20:51:34 CET 2026
#@# Jacobian white lh Mon Mar  9 20:57:49 CET 2026
#@# AvgCurv lh Mon Mar  9 20:57:50 CET 2026
#@# Cortical Parc lh Mon Mar  9 20:57:51 CET 2026
#@# white curv lh Mon Mar  9 21:05:02 CET 2026
#@# white area lh Mon Mar  9 21:05:03 CET 2026
#@# pial curv lh Mon Mar  9 21:05:04 CET 2026
#@# pial area lh Mon Mar  9 21:05:05 CET 2026
#@# thickness lh Mon Mar  9 21:05:06 CET 2026
#@# area and vertex vol lh Mon Mar  9 21:05:36 CET 2026
#@# Curvature Stats lh Mon Mar  9 21:05:37 CET 2026
#@# Cortical Parc 2 lh Mon Mar  9 21:05:40 CET 2026
#@# Cortical Parc 3 lh Mon Mar  9 21:05:53 CET 2026
#@# WM/GM Contrast lh Mon Mar  9 21:06:03 CET 2026
recon-all -s sub-v1s23x0050570_ses-1 finished without error at Mon Mar  9 21:06:06 CET 2026



#New# invocation of recon-all 



status file for recon-all
Mon Mar  9 21:34:59 CET 2026
#@# white curv lh Mon Mar  9 21:34:59 CET 2026
#@# white area lh Mon Mar  9 21:34:59 CET 2026
#@# pial curv lh Mon Mar  9 21:34:59 CET 2026
#@# pial area lh Mon Mar  9 21:34:59 CET 2026
#@# thickness lh Mon Mar  9 21:34:59 CET 2026
#@# area and vertex vol lh Mon Mar  9 21:34:59 CET 2026
#@# Parcellation Stats lh Mon Mar  9 21:34:59 CET 2026
#@# Parcellation Stats 2 lh Mon Mar  9 21:35:18 CET 2026
#@# Parcellation Stats 3 lh Mon Mar  9 21:35:28 CET 2026
#@# BA_exvivo Labels lh Mon Mar  9 21:35:37 CET 2026
recon-all -s sub-v1s23x0050570_ses-1 finished without error at Mon Mar  9 21:38:13 CET 2026
