status file for recon-all
Mon Mar  9 21:06:09 CET 2026
#@# Tessellate rh Mon Mar  9 21:06:09 CET 2026
#@# Smooth1 rh Mon Mar  9 21:06:13 CET 2026
#@# Inflation1 rh Mon Mar  9 21:06:15 CET 2026
#@# QSphere rh Mon Mar  9 21:06:27 CET 2026
#@# Fix Topology rh Mon Mar  9 21:07:28 CET 2026
#@# Smooth2 rh Mon Mar  9 21:13:46 CET 2026
#@# Inflation2 rh Mon Mar  9 21:13:49 CET 2026
#@# Curv .H and .K rh Mon Mar  9 21:14:02 CET 2026
#@# Sphere rh Mon Mar  9 21:14:49 CET 2026
#@# Surf Reg rh Mon Mar  9 21:18:59 CET 2026
#@# Jacobian white rh Mon Mar  9 21:23:06 CET 2026
#@# AvgCurv rh Mon Mar  9 21:23:07 CET 2026
#@# Cortical Parc rh Mon Mar  9 21:23:08 CET 2026
#@# white curv rh Mon Mar  9 21:29:56 CET 2026
#@# white area rh Mon Mar  9 21:29:58 CET 2026
#@# pial curv rh Mon Mar  9 21:29:59 CET 2026
#@# pial area rh Mon Mar  9 21:30:01 CET 2026
#@# thickness rh Mon Mar  9 21:30:01 CET 2026
#@# area and vertex vol rh Mon Mar  9 21:30:32 CET 2026
#@# Curvature Stats rh Mon Mar  9 21:30:33 CET 2026
#@# Cortical Parc 2 rh Mon Mar  9 21:30:35 CET 2026
#@# Cortical Parc 3 rh Mon Mar  9 21:30:49 CET 2026
#@# WM/GM Contrast rh Mon Mar  9 21:31:00 CET 2026
recon-all -s sub-v1s23x0050570_ses-1 finished without error at Mon Mar  9 21:31:03 CET 2026



#New# invocation of recon-all 



status file for recon-all
Mon Mar  9 21:38:15 CET 2026
#@# white curv rh Mon Mar  9 21:38:15 CET 2026
#@# white area rh Mon Mar  9 21:38:15 CET 2026
#@# pial curv rh Mon Mar  9 21:38:15 CET 2026
#@# pial area rh Mon Mar  9 21:38:15 CET 2026
#@# thickness rh Mon Mar  9 21:38:15 CET 2026
#@# area and vertex vol rh Mon Mar  9 21:38:15 CET 2026
#@# Parcellation Stats rh Mon Mar  9 21:38:15 CET 2026
#@# Parcellation Stats 2 rh Mon Mar  9 21:38:34 CET 2026
#@# Parcellation Stats 3 rh Mon Mar  9 21:38:44 CET 2026
#@# BA_exvivo Labels rh Mon Mar  9 21:38:53 CET 2026
recon-all -s sub-v1s23x0050570_ses-1 finished without error at Mon Mar  9 21:41:33 CET 2026
