status file for recon-all
Mon Mar  9 18:49:48 CET 2026
#@# MotionCor Mon Mar  9 18:49:49 CET 2026
#@# Talairach Mon Mar  9 18:49:57 CET 2026
#@# Talairach Failure Detection Mon Mar  9 18:54:21 CET 2026
#@# Nu Intensity Correction Mon Mar  9 18:54:21 CET 2026
#@# Intensity Normalization Mon Mar  9 18:57:35 CET 2026
recon-all -s sub-v1s23x0050570_ses-1 finished without error at Mon Mar  9 18:59:22 CET 2026



#New# invocation of recon-all 



status file for recon-all
Mon Mar  9 19:06:34 CET 2026
#@# EM Registration Mon Mar  9 19:06:34 CET 2026
recon-all -s sub-v1s23x0050570_ses-1 finished without error at Mon Mar  9 19:09:11 CET 2026



#New# invocation of recon-all 



status file for recon-all
Mon Mar  9 19:09:14 CET 2026
#@# CA Normalize Mon Mar  9 19:09:14 CET 2026
#@# CA Reg Mon Mar  9 19:10:31 CET 2026
#@# SubCort Seg Mon Mar  9 20:00:29 CET 2026
#@# CC Seg Mon Mar  9 20:29:27 CET 2026
#@# Merge ASeg Mon Mar  9 20:29:58 CET 2026
#@# Intensity Normalization2 Mon Mar  9 20:29:58 CET 2026
#@# Mask BFS Mon Mar  9 20:32:08 CET 2026
#@# WM Segmentation Mon Mar  9 20:32:08 CET 2026
#@# Fill Mon Mar  9 20:34:08 CET 2026
recon-all -s sub-v1s23x0050570_ses-1 finished without error at Mon Mar  9 20:35:10 CET 2026



#New# invocation of recon-all 



status file for recon-all
Mon Mar  9 21:31:08 CET 2026
#@# white curv lh Mon Mar  9 21:31:08 CET 2026
#@# white area lh Mon Mar  9 21:31:08 CET 2026
#@# pial curv lh Mon Mar  9 21:31:08 CET 2026
#@# pial area lh Mon Mar  9 21:31:08 CET 2026
#@# thickness lh Mon Mar  9 21:31:08 CET 2026
#@# area and vertex vol lh Mon Mar  9 21:31:08 CET 2026
#@# white curv rh Mon Mar  9 21:31:08 CET 2026
#@# white area rh Mon Mar  9 21:31:08 CET 2026
#@# pial curv rh Mon Mar  9 21:31:08 CET 2026
#@# pial area rh Mon Mar  9 21:31:08 CET 2026
#@# thickness rh Mon Mar  9 21:31:08 CET 2026
#@# area and vertex vol rh Mon Mar  9 21:31:08 CET 2026
#@# Cortical ribbon mask Mon Mar  9 21:31:08 CET 2026
recon-all -s sub-v1s23x0050570_ses-1 finished without error at Mon Mar  9 21:34:55 CET 2026



#New# invocation of recon-all 



status file for recon-all
Mon Mar  9 21:41:37 CET 2026
#@# white curv lh Mon Mar  9 21:41:37 CET 2026
#@# white area lh Mon Mar  9 21:41:37 CET 2026
#@# pial curv lh Mon Mar  9 21:41:37 CET 2026
#@# pial area lh Mon Mar  9 21:41:37 CET 2026
#@# thickness lh Mon Mar  9 21:41:37 CET 2026
#@# area and vertex vol lh Mon Mar  9 21:41:37 CET 2026
#@# white curv rh Mon Mar  9 21:41:37 CET 2026
#@# white area rh Mon Mar  9 21:41:37 CET 2026
#@# pial curv rh Mon Mar  9 21:41:37 CET 2026
#@# pial area rh Mon Mar  9 21:41:37 CET 2026
#@# thickness rh Mon Mar  9 21:41:37 CET 2026
#@# area and vertex vol rh Mon Mar  9 21:41:37 CET 2026
#@# Curvature Stats lh Mon Mar  9 21:41:37 CET 2026
#@# Curvature Stats rh Mon Mar  9 21:41:39 CET 2026
#@# Relabel Hypointensities Mon Mar  9 21:41:42 CET 2026
#@# APas-to-ASeg Mon Mar  9 21:41:58 CET 2026
#@# AParc-to-ASeg aparc Mon Mar  9 21:42:06 CET 2026
#@# AParc-to-ASeg aparc.a2009s Mon Mar  9 21:42:47 CET 2026
#@# AParc-to-ASeg aparc.DKTatlas Mon Mar  9 21:43:29 CET 2026
#@# WMParc Mon Mar  9 21:44:10 CET 2026
#@# ASeg Stats Mon Mar  9 21:48:43 CET 2026
recon-all -s sub-v1s23x0050570_ses-1 finished without error at Mon Mar  9 21:49:25 CET 2026
