/out/sourcedata/freesurfer/sub-v1s23x0050570_ses-1/mri
/opt/freesurfer/bin/talairach_avi
--i orig_nu.mgz --xfm transforms/talairach.auto.xfm
talairach_avi 7.3.2
Linux dna035 5.14.0-427.37.1.el9_4.x86_64 #1 SMP PREEMPT_DYNAMIC Fri Sep 13 12:41:50 EDT 2024 x86_64 x86_64 x86_64 GNU/Linux
Mon Mar  9 18:52:50 CET 2026
mri_convert orig_nu.mgz talsrcimg.img 
reading from orig_nu.mgz...
TR=0.00, TE=0.00, TI=0.00, flip angle=0.00
i_ras = (-1, 0, 0)
j_ras = (0, 0, -1)
k_ras = (0, 1, 0)
writing to talsrcimg.img...
Analyze Output Matrix
-1.00000   0.00000   0.00000   158.25270;
 0.00000   0.00000   1.00000  -176.40807;
 0.00000  -1.00000   0.00000   158.51396;
 0.00000   0.00000   0.00000   1.00000;
--------------------
INFO: set hdr.hist.orient to -1
mpr2mni305 talsrcimg
Mon Mar  9 18:52:51 CET 2026
/opt/freesurfer/bin/mpr2mni305 talsrcimg
mpr2mni305 7.3.2
target=711-2C_as_mni_average_305

---------------------------------------------------------------------
analyzeto4dfp talsrcimg -O0 -y
---------------------------------------------------------------------

freesurfer ifh2hdr.c
Mon Mar  9 18:52:51 2026
Writing: talsrcimg.4dfp.hdr
freesurfer analyzeto4dfp.c
Reading: talsrcimg.hdr
header size 348 bytes
hdr.dime.datatype	offset=70	value=2
hdr.dime.bitpix		offset=72	value=8
hdr.hist.orient		offset=252	value=-1
dimensionality     4
dimensions       256       256       256         1
Reading: talsrcimg.img
Writing: talsrcimg.4dfp.img
Writing: talsrcimg.4dfp.ifh
ifh2hdr talsrcimg -r0to237
ori=2

---------------------------------------------------------------------
gauss_4dfp talsrcimg 1.1
---------------------------------------------------------------------

freesurfer gauss_4dfp.c
Reading: talsrcimg.4dfp.img
Writing: talsrcimg_g11.4dfp.img
image dimensions 256 256 256 padded to 288 288 288
processing volume 1freesurfer ifh2hdr.c
Mon Mar  9 18:52:53 2026
Writing: talsrcimg_g11.4dfp.hdr

Writing: talsrcimg_g11.4dfp.ifh
including: talsrcimg.4dfp.img.rec in talsrcimg_g11.4dfp.img.rec

---------------------------------------------------------------------
imgreg_4dfp /opt/freesurfer/average/711-2C_as_mni_average_305 none talsrcimg_g11 none talsrcimg_to_711-2C_as_mni_average_305_t4 4355
---------------------------------------------------------------------

freesurfer imgreg_4dfp.c
/opt/freesurfer/average/711-2C_as_mni_average_305.4dfp.img
       256       256       256         1
  1.000000  1.000000  1.000000
orientation T byte_order littleendian
Reading image: /opt/freesurfer/average/711-2C_as_mni_average_305.4dfp.img
dimensions:      256       256       256
mmppix:       1.0000   -1.0000   -1.0000
center:     128.0000 -129.0000 -129.0000
talsrcimg_g11.4dfp.img
       256       256       256         1
  1.000000  1.000000  1.000000
orientation T byte_order littleendian
Reading image: talsrcimg_g11.4dfp.img
dimensions:      256       256       256
mmppix:       1.0000   -1.0000   -1.0000
center:     128.0000 -129.0000 -129.0000
t4_read: open error in t4_sub.f l:  41 t4_file(1:l)talsrcimg_to_711-2C_as_mni_average_305_t4 
t4_read: transform initialized to I4
rotation matrix determinant  1.000000
image alignment mode   4355 decimal     1103 hex
   -7.5000  -45.0000  -45.0000 8254.0420   14.7130
    0.0000  -45.0000  -45.0000 8587.0537   14.7371
    7.5000  -45.0000  -45.0000 8174.3604   14.7170
   -7.5000  -37.5000  -45.0000 8618.9111   14.7555
    0.0000  -37.5000  -45.0000 8980.5176   14.7827
    7.5000  -37.5000  -45.0000 8541.1807   14.7625
   -7.5000  -30.0000  -45.0000 9295.0479   14.7527
    0.0000  -30.0000  -45.0000 9680.8125   14.7869
    7.5000  -30.0000  -45.0000 9201.7529   14.7708
   -7.5000  -22.5000  -45.000010042.5498   14.7058
    0.0000  -22.5000  -45.000010454.1973   14.7432
    7.5000  -22.5000  -45.0000 9938.1191   14.7313
   -7.5000  -15.0000  -45.000010767.8545   14.6649
    0.0000  -15.0000  -45.000011207.2939   14.6993
    7.5000  -15.0000  -45.000010627.2861   14.6881
   -7.5000   -7.5000  -45.000011557.8076   14.6685
    0.0000   -7.5000  -45.000012020.9385   14.6963
    7.5000   -7.5000  -45.000011396.0303   14.6811
   -7.5000    0.0000  -45.000011986.1123   14.7119
    0.0000    0.0000  -45.000012466.1211   14.7360
    7.5000    0.0000  -45.000011784.4814   14.7160
   -7.5000    7.5000  -45.000011452.3682   14.7555
    0.0000    7.5000  -45.000011922.5361   14.7827
    7.5000    7.5000  -45.000011243.2783   14.7625
   -7.5000   15.0000  -45.000010656.4463   14.7527
    0.0000   15.0000  -45.000011060.2949   14.7869
    7.5000   15.0000  -45.000010441.4150   14.7708
   -7.5000   22.5000  -45.0000 9818.7998   14.7038
    0.0000   22.5000  -45.000010197.1973   14.7412
    7.5000   22.5000  -45.0000 9635.4395   14.7293
   -7.5000   30.0000  -45.0000 9025.4990   14.4694
    0.0000   30.0000  -45.0000 9361.8076   14.5034
    7.5000   30.0000  -45.0000 8809.7686   14.4923
   -7.5000   37.5000  -45.0000 8589.9551   14.4730
    0.0000   37.5000  -45.0000 8904.3750   14.5005
    7.5000   37.5000  -45.0000 8375.7979   14.4854
   -7.5000   45.0000  -45.0000 7853.7759   14.1473
    0.0000   45.0000  -45.0000 8136.6133   14.1704
    7.5000   45.0000  -45.0000 7679.7305   14.1512
   -7.5000  -45.0000  -37.5000 8721.5010   14.5336
    0.0000  -45.0000  -37.5000 9082.7217   14.5562
    7.5000  -45.0000  -37.5000 8620.8223   14.5410
   -7.5000  -37.5000  -37.5000 9139.0957   14.5740
    0.0000  -37.5000  -37.5000 9528.5439   14.5986
    7.5000  -37.5000  -37.5000 9034.6113   14.5823
   -7.5000  -30.0000  -37.5000 9864.6572   14.5727
    0.0000  -30.0000  -37.500010283.7266   14.6050
    7.5000  -30.0000  -37.5000 9734.2070   14.5923
   -7.5000  -22.5000  -37.500010638.9365   14.5297
    0.0000  -22.5000  -37.500011052.2686   14.5677
    7.5000  -22.5000  -37.500010480.9219   14.5596
   -7.5000  -15.0000  -37.500011411.1875   14.4917
    0.0000  -15.0000  -37.500011877.2090   14.5279
    7.5000  -15.0000  -37.500011220.6963   14.5209
   -7.5000   -7.5000  -37.500012220.4463   14.4934
    0.0000   -7.5000  -37.500012716.6748   14.5217
    7.5000   -7.5000  -37.500012011.5830   14.5112
   -7.5000    0.0000  -37.500012637.8789   14.5326
    0.0000    0.0000  -37.500013170.7363   14.5552
    7.5000    0.0000  -37.500012390.6123   14.5400
   -7.5000    7.5000  -37.500012065.1807   14.5740
    0.0000    7.5000  -37.500012577.7334   14.5986
    7.5000    7.5000  -37.500011808.9658   14.5823
   -7.5000   15.0000  -37.500011206.6396   14.5727
    0.0000   15.0000  -37.500011656.7422   14.6050
    7.5000   15.0000  -37.500010966.6172   14.5923
   -7.5000   22.5000  -37.500010325.2314   14.5277
    0.0000   22.5000  -37.500010740.7002   14.5657
    7.5000   22.5000  -37.500010106.9277   14.5576
   -7.5000   30.0000  -37.5000 9471.6729   14.2986
    0.0000   30.0000  -37.5000 9841.0527   14.3343
    7.5000   30.0000  -37.5000 9249.1504   14.3274
   -7.5000   37.5000  -37.5000 8979.6465   14.3002
    0.0000   37.5000  -37.5000 9330.5518   14.3282
    7.5000   37.5000  -37.5000 8765.4736   14.3178
   -7.5000   45.0000  -37.5000 8214.6875   13.9748
    0.0000   45.0000  -37.5000 8521.0684   13.9965
    7.5000   45.0000  -37.5000 8029.0815   13.9819
   -7.5000  -45.0000  -30.0000 9357.0986   15.0417
    0.0000  -45.0000  -30.0000 9733.8887   15.0655
    7.5000  -45.0000  -30.0000 9226.4326   15.0545
   -7.5000  -37.5000  -30.0000 9806.8623   15.0854
    0.0000  -37.5000  -30.000010204.9844   15.1101
    7.5000  -37.5000  -30.0000 9661.2803   15.0971
   -7.5000  -30.0000  -30.000010617.5156   15.0919
    0.0000  -30.0000  -30.000011050.5371   15.1251
    7.5000  -30.0000  -30.000010452.3008   15.1161
   -7.5000  -22.5000  -30.000011450.5176   15.0537
    0.0000  -22.5000  -30.000011882.7363   15.0948
    7.5000  -22.5000  -30.000011243.8896   15.0920
   -7.5000  -15.0000  -30.000012250.2549   15.0140
    0.0000  -15.0000  -30.000012733.4092   15.0542
    7.5000  -15.0000  -30.000012012.3223   15.0534
   -7.5000   -7.5000  -30.000013082.9170   15.0075
    0.0000   -7.5000  -30.000013604.9893   15.0389
    7.5000   -7.5000  -30.000012822.8516   15.0339
   -7.5000    0.0000  -30.000013496.4258   15.0406
    0.0000    0.0000  -30.000014057.2666   15.0644
    7.5000    0.0000  -30.000013223.0664   15.0534
   -7.5000    7.5000  -30.000012913.9893   15.0854
    0.0000    7.5000  -30.000013423.7891   15.1101
    7.5000    7.5000  -30.000012614.1611   15.0971
   -7.5000   15.0000  -30.000011979.2832   15.0919
    0.0000   15.0000  -30.000012453.2930   15.1251
    7.5000   15.0000  -30.000011711.9258   15.1161
   -7.5000   22.5000  -30.000011025.1211   15.0501
    0.0000   22.5000  -30.000011428.5332   15.0911
    7.5000   22.5000  -30.000010776.2100   15.0884
   -7.5000   30.0000  -30.000010105.6367   14.8153
    0.0000   30.0000  -30.000010467.3008   14.8550
    7.5000   30.0000  -30.0000 9853.7363   14.8542
   -7.5000   37.5000  -30.0000 9557.2490   14.8089
    0.0000   37.5000  -30.0000 9915.8320   14.8399
    7.5000   37.5000  -30.0000 9338.4316   14.8350
   -7.5000   45.0000  -30.0000 8694.7217   14.4740
    0.0000   45.0000  -30.0000 9023.8037   14.4969
    7.5000   45.0000  -30.0000 8510.2451   14.4863
   -7.5000  -45.0000  -22.500010034.9580   15.5332
    0.0000  -45.0000  -22.500010411.8096   15.5583
    7.5000  -45.0000  -22.5000 9862.8779   15.5461
   -7.5000  -37.5000  -22.500010517.1533   15.5799
    0.0000  -37.5000  -22.500010918.8340   15.6060
    7.5000  -37.5000  -22.500010349.0879   15.5918
   -7.5000  -30.0000  -22.500011396.2402   15.5954
    0.0000  -30.0000  -22.500011827.6133   15.6299
    7.5000  -30.0000  -22.500011220.1885   15.6206
   -7.5000  -22.5000  -22.500012307.0322   15.5636
    0.0000  -22.5000  -22.500012758.1758   15.6053
    7.5000  -22.5000  -22.500012084.2666   15.6030
   -7.5000  -15.0000  -22.500013144.1299   15.5220
    0.0000  -15.0000  -22.500013667.7764   15.5625
    7.5000  -15.0000  -22.500012884.0273   15.5622
   -7.5000   -7.5000  -22.500013990.2031   15.5061
    0.0000   -7.5000  -22.500014545.0654   15.5383
    7.5000   -7.5000  -22.500013713.6396   15.5331
   -7.5000    0.0000  -22.500014408.6729   15.5321
    0.0000    0.0000  -22.500014972.6426   15.5573
    7.5000    0.0000  -22.500014091.0586   15.5450
   -7.5000    7.5000  -22.500013788.7627   15.5799
    0.0000    7.5000  -22.500014286.4258   15.6060
    7.5000    7.5000  -22.500013451.9570   15.5918
   -7.5000   15.0000  -22.500012804.6484   15.5954
    0.0000   15.0000  -22.500013274.8516   15.6299
    7.5000   15.0000  -22.500012501.3740   15.6206
   -7.5000   22.5000  -22.500011770.1523   15.5588
    0.0000   22.5000  -22.500012186.2148   15.6005
    7.5000   22.5000  -22.500011503.0146   15.5982
   -7.5000   30.0000  -22.500010771.6064   15.3189
    0.0000   30.0000  -22.500011130.6826   15.3590
    7.5000   30.0000  -22.500010515.2871   15.3587
   -7.5000   37.5000  -22.500010170.6709   15.3033
    0.0000   37.5000  -22.500010530.5947   15.3351
    7.5000   37.5000  -22.5000 9953.5664   15.3299
   -7.5000   45.0000  -22.5000 9211.5244   14.9582
    0.0000   45.0000  -22.5000 9549.4219   14.9824
    7.5000   45.0000  -22.5000 9027.6006   14.9706
   -7.5000  -45.0000  -15.000010697.3525   15.8949
    0.0000  -45.0000  -15.000011096.8594   15.9207
    7.5000  -45.0000  -15.000010508.9971   15.9027
   -7.5000  -37.5000  -15.000011246.3955   15.9438
    0.0000  -37.5000  -15.000011674.6143   15.9721
    7.5000  -37.5000  -15.000011075.0439   15.9532
   -7.5000  -30.0000  -15.000012239.5615   15.9608
    0.0000  -30.0000  -15.000012687.2402   15.9966
    7.5000  -30.0000  -15.000012031.7100   15.9832
   -7.5000  -22.5000  -15.000013237.9131   15.9277
    0.0000  -22.5000  -15.000013720.4053   15.9682
    7.5000  -22.5000  -15.000012979.7520   15.9608
   -7.5000  -15.0000  -15.000014119.0430   15.8832
    0.0000  -15.0000  -15.000014676.1445   15.9209
    7.5000  -15.0000  -15.000013850.4443   15.9149
   -7.5000   -7.5000  -15.000014966.7314   15.8664
    0.0000   -7.5000  -15.000015552.3730   15.8969
    7.5000   -7.5000  -15.000014681.5742   15.8858
   -7.5000    0.0000  -15.000015357.2051   15.8938
    0.0000    0.0000  -15.000015923.4326   15.9196
    7.5000    0.0000  -15.000015025.0420   15.9016
   -7.5000    7.5000  -15.000014663.5078   15.9438
    0.0000    7.5000  -15.000015180.0059   15.9721
    7.5000    7.5000  -15.000014329.0566   15.9532
   -7.5000   15.0000  -15.000013638.0986   15.9608
    0.0000   15.0000  -15.000014131.1348   15.9966
    7.5000   15.0000  -15.000013353.7959   15.9832
   -7.5000   22.5000  -15.000012563.4736   15.9221
    0.0000   22.5000  -15.000012974.2002   15.9625
    7.5000   22.5000  -15.000012298.7852   15.9552
   -7.5000   30.0000  -15.000011468.1035   15.6776
    0.0000   30.0000  -15.000011838.9609   15.7149
    7.5000   30.0000  -15.000011222.5527   15.7090
   -7.5000   37.5000  -15.000010817.1348   15.6611
    0.0000   37.5000  -15.000011196.0889   15.6912
    7.5000   37.5000  -15.000010602.7939   15.6802
   -7.5000   45.0000  -15.0000 9785.4824   15.3158
    0.0000   45.0000  -15.000010136.1992   15.3406
    7.5000   45.0000  -15.0000 9587.4824   15.3233
   -7.5000  -45.0000   -7.500011383.1387   16.0990
    0.0000  -45.0000   -7.500011777.5654   16.1248
    7.5000  -45.0000   -7.500011167.2100   16.1020
   -7.5000  -37.5000   -7.500012027.0723   16.1463
    0.0000  -37.5000   -7.500012426.7744   16.1760
    7.5000  -37.5000   -7.500011781.4971   16.1532
   -7.5000  -30.0000   -7.500013196.8203   16.1529
    0.0000  -30.0000   -7.500013609.9316   16.1898
    7.5000  -30.0000   -7.500012917.0166   16.1724
   -7.5000  -22.5000   -7.500014320.0029   16.1104
    0.0000  -22.5000   -7.500014814.2910   16.1499
    7.5000  -22.5000   -7.500014024.0840   16.1375
   -7.5000  -15.0000   -7.500015212.1582   16.0656
    0.0000  -15.0000   -7.500015809.9707   16.1012
    7.5000  -15.0000   -7.500014985.8945   16.0895
   -7.5000   -7.5000   -7.500016031.2881   16.0598
    0.0000   -7.5000   -7.500016635.9766   16.0889
    7.5000   -7.5000   -7.500015815.0762   16.0721
   -7.5000    0.0000   -7.500016409.3594   16.0978
    0.0000    0.0000   -7.500016967.4609   16.1236
    7.5000    0.0000   -7.500016133.3066   16.1009
   -7.5000    7.5000   -7.500015662.2666   16.1463
    0.0000    7.5000   -7.500016164.4863   16.1760
    7.5000    7.5000   -7.500015383.0361   16.1532
   -7.5000   15.0000   -7.500014607.3359   16.1529
    0.0000   15.0000   -7.500015077.5918   16.1898
    7.5000   15.0000   -7.500014351.4150   16.1724
   -7.5000   22.5000   -7.500013488.9824   16.1029
    0.0000   22.5000   -7.500013917.2646   16.1424
    7.5000   22.5000   -7.500013242.6328   16.1301
   -7.5000   30.0000   -7.500012340.4121   15.8573
    0.0000   30.0000   -7.500012754.3574   15.8924
    7.5000   30.0000   -7.500012084.1191   15.8809
   -7.5000   37.5000   -7.500011642.7969   15.8515
    0.0000   37.5000   -7.500012067.8799   15.8802
    7.5000   37.5000   -7.500011404.7549   15.8637
   -7.5000   45.0000   -7.500010492.9629   15.5153
    0.0000   45.0000   -7.500010868.2666   15.5401
    7.5000   45.0000   -7.500010283.1924   15.5182
   -7.5000  -45.0000    0.000011968.2109   16.1558
    0.0000  -45.0000    0.000012368.2764   16.1810
    7.5000  -45.0000    0.000011734.5322   16.1589
   -7.5000  -37.5000    0.000012705.1826   16.2002
    0.0000  -37.5000    0.000013088.6709   16.2289
    7.5000  -37.5000    0.000012422.3701   16.2066
   -7.5000  -30.0000    0.000014061.5518   16.1971
    0.0000  -30.0000    0.000014459.9932   16.2335
    7.5000  -30.0000    0.000013732.5371   16.2155
   -7.5000  -22.5000    0.000015413.5322   16.1480
    0.0000  -22.5000    0.000015982.2334   16.1877
    7.5000  -22.5000    0.000015135.4131   16.1743
   -7.5000  -15.0000    0.000016389.8711   16.1054
    0.0000  -15.0000    0.000017063.7695   16.1418
    7.5000  -15.0000    0.000016225.5986   16.1290
   -7.5000   -7.5000    0.000017200.9395   16.1093
    0.0000   -7.5000    0.000017808.4180   16.1385
    7.5000   -7.5000    0.000017037.9766   16.1214
   -7.5000    0.0000    0.000017550.5547   16.1547
    0.0000    0.0000    0.000018089.4980   16.1799
    7.5000    0.0000    0.000017319.9023   16.1577
   -7.5000    7.5000    0.000016736.2988   16.2002
    0.0000    7.5000    0.000017251.7246   16.2289
    7.5000    7.5000    0.000016437.1230   16.2065
   -7.5000   15.0000    0.000015685.2158   16.1971
    0.0000   15.0000    0.000016175.6650   16.2335
    7.5000   15.0000    0.000015328.0498   16.2155
   -7.5000   22.5000    0.000014518.3623   16.1405
    0.0000   22.5000    0.000014987.8730   16.1803
    7.5000   22.5000    0.000014147.7861   16.1668
   -7.5000   30.0000    0.000013283.4756   15.8970
    0.0000   30.0000    0.000013752.9873   15.9329
    7.5000   30.0000    0.000012931.1924   15.9202
   -7.5000   37.5000    0.000012487.1387   15.9008
    0.0000   37.5000    0.000012961.3701   15.9297
    7.5000   37.5000    0.000012180.1514   15.9128
   -7.5000   45.0000    0.000011187.9404   15.5712
    0.0000   45.0000    0.000011614.8809   15.5955
    7.5000   45.0000    0.000010944.9131   15.5742
   -7.5000  -45.0000    7.500011596.1035   16.1628
    0.0000  -45.0000    7.500011972.3125   16.1877
    7.5000  -45.0000    7.500011418.7539   16.1709
   -7.5000  -37.5000    7.500012374.0996   16.2076
    0.0000  -37.5000    7.500012726.1240   16.2346
    7.5000  -37.5000    7.500012169.9971   16.2167
   -7.5000  -30.0000    7.500013865.2676   16.2060
    0.0000  -30.0000    7.500014293.0430   16.2414
    7.5000  -30.0000    7.500013591.1943   16.2274
   -7.5000  -22.5000    7.500015442.4512   16.1581
    0.0000  -22.5000    7.500016251.1191   16.1999
    7.5000  -22.5000    7.500015162.0127   16.1910
   -7.5000  -15.0000    7.500016661.5723   16.1160
    0.0000  -15.0000    7.500017604.2109   16.1559
    7.5000  -15.0000    7.500016397.3887   16.1482
   -7.5000   -7.5000    7.500017415.5195   16.1180
    0.0000   -7.5000    7.500018219.6250   16.1494
    7.5000   -7.5000    7.500017103.4844   16.1377
   -7.5000    0.0000    7.500017611.0938   16.1616
    0.0000    0.0000    7.500018282.0547   16.1866
    7.5000    0.0000    7.500017243.5840   16.1698
   -7.5000    7.5000    7.500016673.6953   16.2076
    0.0000    7.5000    7.500017278.3574   16.2346
    7.5000    7.5000    7.500016233.6807   16.2167
   -7.5000   15.0000    7.500015557.5000   16.2060
    0.0000   15.0000    7.500016120.3701   16.2414
    7.5000   15.0000    7.500015085.6807   16.2274
   -7.5000   22.5000    7.500014366.6055   16.1507
    0.0000   22.5000    7.500014880.5898   16.1925
    7.5000   22.5000    7.500013870.3516   16.1835
   -7.5000   30.0000    7.500013122.4355   15.9074
    0.0000   30.0000    7.500013599.7920   15.9469
    7.5000   30.0000    7.500012676.4287   15.9392
   -7.5000   37.5000    7.500012300.6240   15.9094
    0.0000   37.5000    7.500012765.8232   15.9404
    7.5000   37.5000    7.500011932.6328   15.9289
   -7.5000   45.0000    7.500010986.7637   15.5779
    0.0000   45.0000    7.500011422.3652   15.6020
    7.5000   45.0000    7.500010691.7500   15.5858
   -7.5000  -45.0000   15.000011130.6631   16.1501
    0.0000  -45.0000   15.000011514.0732   16.1756
    7.5000  -45.0000   15.000010981.3594   16.1638
   -7.5000  -37.5000   15.000011937.1182   16.1969
    0.0000  -37.5000   15.000012335.6348   16.2234
    7.5000  -37.5000   15.000011712.5527   16.2094
   -7.5000  -30.0000   15.000013434.0332   16.2039
    0.0000  -30.0000   15.000014125.7949   16.2395
    7.5000  -30.0000   15.000013120.6406   16.2298
   -7.5000  -22.5000   15.000015011.7363   16.1630
    0.0000  -22.5000   15.000016123.5840   16.2071
    7.5000  -22.5000   15.000014647.5469   16.2041
   -7.5000  -15.0000   15.000016273.4033   16.1204
    0.0000  -15.0000   15.000017558.5605   16.1636
    7.5000  -15.0000   15.000015831.4004   16.1627
   -7.5000   -7.5000   15.000017084.0625   16.1134
    0.0000   -7.5000   15.000018179.8516   16.1471
    7.5000   -7.5000   15.000016546.3125   16.1418
   -7.5000    0.0000   15.000017146.2109   16.1489
    0.0000    0.0000   15.000018056.2617   16.1745
    7.5000    0.0000   15.000016635.2793   16.1626
   -7.5000    7.5000   15.000016084.1953   16.1969
    0.0000    7.5000   15.000016858.9375   16.2234
    7.5000    7.5000   15.000015583.0088   16.2094
   -7.5000   15.0000   15.000014908.5137   16.2039
    0.0000   15.0000   15.000015585.2002   16.2395
    7.5000   15.0000   15.000014449.6748   16.2298
   -7.5000   22.5000   15.000013736.7148   16.1555
    0.0000   22.5000   15.000014299.1006   16.1996
    7.5000   22.5000   15.000013288.1475   16.1967
   -7.5000   30.0000   15.000012556.2998   15.9118
    0.0000   30.0000   15.000013037.2080   15.9544
    7.5000   30.0000   15.000012161.1240   15.9535
   -7.5000   37.5000   15.000011775.1738   15.9049
    0.0000   37.5000   15.000012215.1641   15.9382
    7.5000   37.5000   15.000011450.2686   15.9329
   -7.5000   45.0000   15.000010577.1475   15.5657
    0.0000   45.0000   15.000010978.6113   15.5903
    7.5000   45.0000   15.000010306.8184   15.5789
   -7.5000  -45.0000   22.500010563.1289   16.1253
    0.0000  -45.0000   22.500011019.5020   16.1515
    7.5000  -45.0000   22.500010382.3936   16.1387
   -7.5000  -37.5000   22.500011306.2588   16.1738
    0.0000  -37.5000   22.500011833.8057   16.2010
    7.5000  -37.5000   22.500011051.8379   16.1862
   -7.5000  -30.0000   22.500012591.2266   16.1900
    0.0000  -30.0000   22.500013350.1816   16.2258
    7.5000  -30.0000   22.500012307.9824   16.2161
   -7.5000  -22.5000   22.500013805.5928   16.1569
    0.0000  -22.5000   22.500014754.0703   16.2002
    7.5000  -22.5000   22.500013572.2422   16.1978
   -7.5000  -15.0000   22.500014805.3057   16.1137
    0.0000  -15.0000   22.500015781.5596   16.1558
    7.5000  -15.0000   22.500014521.2256   16.1555
   -7.5000   -7.5000   22.500015617.1260   16.0972
    0.0000   -7.5000   22.500016517.0156   16.1306
    7.5000   -7.5000   22.500015287.3389   16.1252
   -7.5000    0.0000   22.500015838.4248   16.1242
    0.0000    0.0000   22.500016710.9199   16.1503
    7.5000    0.0000   22.500015536.4229   16.1376
   -7.5000    7.5000   22.500014945.0420   16.1738
    0.0000    7.5000   22.500015707.3408   16.2010
    7.5000    7.5000   22.500014618.7783   16.1862
   -7.5000   15.0000   22.500013902.7686   16.1900
    0.0000   15.0000   22.500014561.9092   16.2258
    7.5000   15.0000   22.500013586.7129   16.2161
   -7.5000   22.5000   22.500012869.6328   16.1495
    0.0000   22.5000   22.500013434.6934   16.1928
    7.5000   22.5000   22.500012545.3135   16.1903
   -7.5000   30.0000   22.500011799.6025   15.9051
    0.0000   30.0000   22.500012265.9316   15.9467
    7.5000   30.0000   22.500011500.9795   15.9464
   -7.5000   37.5000   22.500011096.8604   15.8889
    0.0000   37.5000   22.500011516.9990   15.9219
    7.5000   37.5000   22.500010840.2969   15.9165
   -7.5000   45.0000   22.5000 9996.4248   15.5418
    0.0000   45.0000   22.500010382.6416   15.5670
    7.5000   45.0000   22.5000 9770.1592   15.5548
   -7.5000  -45.0000   30.0000 9739.9463   16.1499
    0.0000  -45.0000   30.000010154.6523   16.1761
    7.5000  -45.0000   30.0000 9551.6533   16.1579
   -7.5000  -37.5000   30.000010381.9355   16.1997
    0.0000  -37.5000   30.000010858.6865   16.2285
    7.5000  -37.5000   30.000010180.8799   16.2093
   -7.5000  -30.0000   30.000011448.4072   16.2169
    0.0000  -30.0000   30.000012066.1689   16.2535
    7.5000  -30.0000   30.000011300.9307   16.2399
   -7.5000  -22.5000   30.000012445.2588   16.1833
    0.0000  -22.5000   30.000013122.9141   16.2245
    7.5000  -22.5000   30.000012326.2090   16.2171
   -7.5000  -15.0000   30.000013320.7744   16.1380
    0.0000  -15.0000   30.000013977.9932   16.1764
    7.5000  -15.0000   30.000013159.8623   16.1704
   -7.5000   -7.5000   30.000014156.5400   16.1209
    0.0000   -7.5000   30.000014850.2549   16.1520
    7.5000   -7.5000   30.000013961.4307   16.1406
   -7.5000    0.0000   30.000014472.6006   16.1488
    0.0000    0.0000   30.000015195.8467   16.1750
    7.5000    0.0000   30.000014266.9326   16.1567
   -7.5000    7.5000   30.000013704.3682   16.1996
    0.0000    7.5000   30.000014358.8311   16.2285
    7.5000    7.5000   30.000013491.0049   16.2093
   -7.5000   15.0000   30.000012790.9531   16.2169
    0.0000   15.0000   30.000013365.7832   16.2535
    7.5000   15.0000   30.000012575.6836   16.2399
   -7.5000   22.5000   30.000011885.3643   16.1758
    0.0000   22.5000   30.000012397.1768   16.2171
    7.5000   22.5000   30.000011660.0664   16.2096
   -7.5000   30.0000   30.000010921.9131   15.9292
    0.0000   30.0000   30.000011366.8105   15.9671
    7.5000   30.0000   30.000010710.8594   15.9611
   -7.5000   37.5000   30.000010279.6279   15.9123
    0.0000   37.5000   30.000010680.5195   15.9429
    7.5000   37.5000   30.000010089.6562   15.9317
   -7.5000   45.0000   30.0000 9283.7695   15.5656
    0.0000   45.0000   30.0000 9643.6240   15.5908
    7.5000   45.0000   30.0000 9105.3232   15.5732
   -7.5000  -45.0000   37.5000 9444.7480   16.5296
    0.0000  -45.0000   37.5000 9824.5928   16.5564
    7.5000  -45.0000   37.5000 9269.2148   16.5328
   -7.5000  -37.5000   37.500010031.2529   16.5794
    0.0000  -37.5000   37.500010471.3867   16.6100
    7.5000  -37.5000   37.5000 9893.9004   16.5858
   -7.5000  -30.0000   37.500010979.5859   16.5875
    0.0000  -30.0000   37.500011526.8867   16.6252
    7.5000  -30.0000   37.500010904.2549   16.6065
   -7.5000  -22.5000   37.500011908.2227   16.5440
    0.0000  -22.5000   37.500012439.8535   16.5846
    7.5000  -22.5000   37.500011819.2773   16.5713
   -7.5000  -15.0000   37.500012737.7451   16.4973
    0.0000  -15.0000   37.500013287.4912   16.5341
    7.5000  -15.0000   37.500012606.3867   16.5218
   -7.5000   -7.5000   37.500013615.0547   16.4899
    0.0000   -7.5000   37.500014207.9609   16.5202
    7.5000   -7.5000   37.500013439.9229   16.5029
   -7.5000    0.0000   37.500014011.4766   16.5284
    0.0000    0.0000   37.500014620.2812   16.5553
    7.5000    0.0000   37.500013806.5166   16.5316
   -7.5000    7.5000   37.500013283.9219   16.5794
    0.0000    7.5000   37.500013826.3838   16.6100
    7.5000    7.5000   37.500013065.1777   16.5858
   -7.5000   15.0000   37.500012456.7070   16.5875
    0.0000   15.0000   37.500012954.0352   16.6252
    7.5000   15.0000   37.500012215.2881   16.6065
   -7.5000   22.5000   37.500011550.1025   16.5364
    0.0000   22.5000   37.500012016.9570   16.5770
    7.5000   22.5000   37.500011334.2891   16.5637
   -7.5000   30.0000   37.500010573.6104   16.2838
    0.0000   30.0000   37.500010974.7451   16.3201
    7.5000   30.0000   37.500010398.8340   16.3080
   -7.5000   37.5000   37.5000 9944.4004   16.2764
    0.0000   37.5000   37.500010312.4922   16.3064
    7.5000   37.5000   37.5000 9789.7578   16.2893
   -7.5000   45.0000   37.5000 8988.2998   15.9315
    0.0000   45.0000   37.5000 9326.1455   15.9574
    7.5000   45.0000   37.5000 8856.7568   15.9346
   -7.5000  -45.0000   45.0000 8880.2148   17.0718
    0.0000  -45.0000   45.0000 9210.6357   17.0995
    7.5000  -45.0000   45.0000 8729.2539   17.0753
   -7.5000  -37.5000   45.0000 9388.8418   17.1154
    0.0000  -37.5000   45.0000 9787.8262   17.1471
    7.5000  -37.5000   45.0000 9289.9746   17.1226
   -7.5000  -30.0000   45.000010234.5791   17.1076
    0.0000  -30.0000   45.000010693.8047   17.1481
    7.5000  -30.0000   45.000010162.0254   17.1281
   -7.5000  -22.5000   45.000011090.7197   17.0550
    0.0000  -22.5000   45.000011535.0371   17.0998
    7.5000  -22.5000   45.000010986.9678   17.0845
   -7.5000  -15.0000   45.000011856.9365   17.0127
    0.0000  -15.0000   45.000012345.0215   17.0536
    7.5000  -15.0000   45.000011726.5332   17.0393
   -7.5000   -7.5000   45.000012662.2432   17.0207
    0.0000   -7.5000   45.000013212.9561   17.0532
    7.5000   -7.5000   45.000012503.6641   17.0344
   -7.5000    0.0000   45.000013067.9248   17.0706
    0.0000    0.0000   45.000013621.5889   17.0983
    7.5000    0.0000   45.000012904.4629   17.0740
   -7.5000    7.5000   45.000012430.0166   17.1154
    0.0000    7.5000   45.000012922.3740   17.1471
    7.5000    7.5000   45.000012248.4570   17.1226
   -7.5000   15.0000   45.000011666.0742   17.1076
    0.0000   15.0000   45.000012116.3037   17.1481
    7.5000   15.0000   45.000011475.1738   17.1281
   -7.5000   22.5000   45.000010805.0664   17.0471
    0.0000   22.5000   45.000011213.7607   17.0918
    7.5000   22.5000   45.000010622.7207   17.0766
   -7.5000   30.0000   45.0000 9876.1562   16.7911
    0.0000   30.0000   45.000010240.1221   16.8315
    7.5000   30.0000   45.0000 9720.4971   16.8173
   -7.5000   37.5000   45.0000 9275.2227   16.7989
    0.0000   37.5000   45.0000 9617.2324   16.8310
    7.5000   37.5000   45.0000 9143.9912   16.8125
   -7.5000   45.0000   45.0000 8396.9707   16.4615
    0.0000   45.0000   45.0000 8687.3623   16.4882
    7.5000   45.0000   45.0000 8274.9727   16.4649

---------------------------------------------------------------------
imgreg_4dfp /opt/freesurfer/average/711-2C_as_mni_average_305 /opt/freesurfer/average/711-2B_as_mni_average_305_mask talsrcimg_g11 none talsrcimg_to_711-2C_as_mni_average_305_t4 4355
---------------------------------------------------------------------

freesurfer imgreg_4dfp.c
/opt/freesurfer/average/711-2C_as_mni_average_305.4dfp.img
       256       256       256         1
  1.000000  1.000000  1.000000
orientation T byte_order littleendian
Reading image: /opt/freesurfer/average/711-2C_as_mni_average_305.4dfp.img
dimensions:      256       256       256
mmppix:       1.0000   -1.0000   -1.0000
center:     128.0000 -129.0000 -129.0000
/opt/freesurfer/average/711-2B_as_mni_average_305_mask.4dfp.img
       256       256       256         1
  1.000000  1.000000  1.000000
orientation T byte_order littleendian
Reading mask: /opt/freesurfer/average/711-2B_as_mni_average_305_mask.4dfp.img (2306576 pixels)
talsrcimg_g11.4dfp.img
       256       256       256         1
  1.000000  1.000000  1.000000
orientation T byte_order littleendian
Reading image: talsrcimg_g11.4dfp.img
dimensions:      256       256       256
mmppix:       1.0000   -1.0000   -1.0000
center:     128.0000 -129.0000 -129.0000
rotation matrix determinant  1.000000
image alignment mode   4355 decimal     1103 hex
   -7.5000  -45.0000  -37.5000 2344.6931   15.9950
    0.0000  -45.0000  -37.5000 2355.9307   16.0799
    7.5000  -45.0000  -37.5000 2331.3264   16.2782
   -7.5000  -37.5000  -37.5000 2389.2097   15.2172
    0.0000  -37.5000  -37.5000 2404.5283   15.3198
    7.5000  -37.5000  -37.5000 2379.3950   15.4995
   -7.5000  -30.0000  -37.5000 2407.4573   14.5808
    0.0000  -30.0000  -37.5000 2421.9700   14.6428
    7.5000  -30.0000  -37.5000 2392.7800   14.8550
   -7.5000  -22.5000  -37.5000 2419.2283   14.1199
    0.0000  -22.5000  -37.5000 2429.5725   14.1598
    7.5000  -22.5000  -37.5000 2405.1650   14.3906
   -7.5000  -15.0000  -37.5000 2420.9941   13.9380
    0.0000  -15.0000  -37.5000 2436.8906   13.9803
    7.5000  -15.0000  -37.5000 2408.9575   14.1583
   -7.5000   -7.5000  -37.5000 2431.2217   13.9968
    0.0000   -7.5000  -37.5000 2449.8152   14.0246
    7.5000   -7.5000  -37.5000 2417.9888   14.2183
   -7.5000    0.0000  -37.5000 2406.0623   14.1862
    0.0000    0.0000  -37.5000 2426.4961   14.2279
    7.5000    0.0000  -37.5000 2394.6941   14.4392
   -7.5000    7.5000  -37.5000 2376.1501   14.5351
    0.0000    7.5000  -37.5000 2397.2539   14.5959
    7.5000    7.5000  -37.5000 2362.9106   14.8163
   -7.5000   15.0000  -37.5000 2329.6550   15.1845
    0.0000   15.0000  -37.5000 2347.2708   15.2382
    7.5000   15.0000  -37.5000 2319.9092   15.4674
   -7.5000   22.5000  -37.5000 2274.8989   16.1553
    0.0000   22.5000  -37.5000 2288.9141   16.1993
    7.5000   22.5000  -37.5000 2263.0952   16.4898
   -7.5000   30.0000  -37.5000 2196.5701   17.4898
    0.0000   30.0000  -37.5000 2204.6460   17.5313
    7.5000   30.0000  -37.5000 2180.5730   17.8580
   -7.5000   37.5000  -37.5000 2096.6370   19.1887
    0.0000   37.5000  -37.5000 2108.1030   19.2076
    7.5000   37.5000  -37.5000 2078.4868   19.5274
   -7.5000   45.0000  -37.5000 1987.6732   21.1653
    0.0000   45.0000  -37.5000 1996.4813   21.1361
    7.5000   45.0000  -37.5000 1977.2517   21.4948
   -7.5000  -45.0000  -30.0000 2473.0366   15.6122
    0.0000  -45.0000  -30.0000 2485.2097   15.7104
    7.5000  -45.0000  -30.0000 2455.1833   15.8947
   -7.5000  -37.5000  -30.0000 2520.4175   14.7749
    0.0000  -37.5000  -30.0000 2533.6917   14.8626
    7.5000  -37.5000  -30.0000 2502.2461   15.0399
   -7.5000  -30.0000  -30.0000 2550.5444   14.1140
    0.0000  -30.0000  -30.0000 2564.2664   14.1687
    7.5000  -30.0000  -30.0000 2533.7927   14.3592
   -7.5000  -22.5000  -30.0000 2561.2966   13.6016
    0.0000  -22.5000  -30.0000 2576.9412   13.6357
    7.5000  -22.5000  -30.0000 2548.7856   13.8631
   -7.5000  -15.0000  -30.0000 2562.8572   13.3139
    0.0000  -15.0000  -30.0000 2578.2329   13.3657
    7.5000  -15.0000  -30.0000 2548.5244   13.5525
   -7.5000   -7.5000  -30.0000 2572.0327   13.3165
    0.0000   -7.5000  -30.0000 2589.9050   13.3534
    7.5000   -7.5000  -30.0000 2557.1807   13.5784
   -7.5000    0.0000  -30.0000 2550.4609   13.4655
    0.0000    0.0000  -30.0000 2572.9827   13.5163
    7.5000    0.0000  -30.0000 2538.6384   13.7494
   -7.5000    7.5000  -30.0000 2521.5474   13.8328
    0.0000    7.5000  -30.0000 2543.5979   13.8732
    7.5000    7.5000  -30.0000 2506.2004   14.1298
   -7.5000   15.0000  -30.0000 2479.1716   14.5041
    0.0000   15.0000  -30.0000 2499.3450   14.5584
    7.5000   15.0000  -30.0000 2461.7620   14.8106
   -7.5000   22.5000  -30.0000 2420.3984   15.4862
    0.0000   22.5000  -30.0000 2435.1479   15.5470
    7.5000   22.5000  -30.0000 2401.3818   15.8338
   -7.5000   30.0000  -30.0000 2334.1267   16.7971
    0.0000   30.0000  -30.0000 2349.2842   16.8404
    7.5000   30.0000  -30.0000 2309.5947   17.1375
   -7.5000   37.5000  -30.0000 2226.0288   18.3752
    0.0000   37.5000  -30.0000 2242.0471   18.4351
    7.5000   37.5000  -30.0000 2207.5471   18.7198
   -7.5000   45.0000  -30.0000 2103.0469   20.2972
    0.0000   45.0000  -30.0000 2113.5066   20.3348
    7.5000   45.0000  -30.0000 2087.7395   20.6655
   -7.5000  -45.0000  -22.5000 2560.4387   15.1057
    0.0000  -45.0000  -22.5000 2576.2834   15.1546
    7.5000  -45.0000  -22.5000 2545.1238   15.4135
   -7.5000  -37.5000  -22.5000 2612.1333   14.2499
    0.0000  -37.5000  -22.5000 2625.2290   14.2859
    7.5000  -37.5000  -22.5000 2596.8347   14.5081
   -7.5000  -30.0000  -22.5000 2646.0679   13.5410
    0.0000  -30.0000  -22.5000 2658.6179   13.6015
    7.5000  -30.0000  -22.5000 2634.6626   13.7976
   -7.5000  -22.5000  -22.5000 2665.3804   12.9593
    0.0000  -22.5000  -22.5000 2684.1455   13.0002
    7.5000  -22.5000  -22.5000 2656.6746   13.2326
   -7.5000  -15.0000  -22.5000 2674.0867   12.5902
    0.0000  -15.0000  -22.5000 2693.0466   12.6444
    7.5000  -15.0000  -22.5000 2660.4641   12.8752
   -7.5000   -7.5000  -22.5000 2680.9226   12.5415
    0.0000   -7.5000  -22.5000 2697.6440   12.5955
    7.5000   -7.5000  -22.5000 2664.6738   12.8351
   -7.5000    0.0000  -22.5000 2664.3091   12.7094
    0.0000    0.0000  -22.5000 2685.6897   12.7386
    7.5000    0.0000  -22.5000 2649.6365   12.9930
   -7.5000    7.5000  -22.5000 2644.9143   13.0930
    0.0000    7.5000  -22.5000 2661.2615   13.1078
    7.5000    7.5000  -22.5000 2627.5376   13.3633
   -7.5000   15.0000  -22.5000 2596.8711   13.7579
    0.0000   15.0000  -22.5000 2617.7317   13.7844
    7.5000   15.0000  -22.5000 2582.8958   14.0516
   -7.5000   22.5000  -22.5000 2531.2153   14.7020
    0.0000   22.5000  -22.5000 2546.0269   14.7501
    7.5000   22.5000  -22.5000 2515.5054   15.0236
   -7.5000   30.0000  -22.5000 2440.6987   15.9557
    0.0000   30.0000  -22.5000 2454.2371   16.0063
    7.5000   30.0000  -22.5000 2422.9177   16.2843
   -7.5000   37.5000  -22.5000 2328.7734   17.4762
    0.0000   37.5000  -22.5000 2346.1035   17.5057
    7.5000   37.5000  -22.5000 2313.7866   17.7794
   -7.5000   45.0000  -22.5000 2186.8870   19.3192
    0.0000   45.0000  -22.5000 2201.5293   19.3407
    7.5000   45.0000  -22.5000 2175.1511   19.6361
   -7.5000  -45.0000  -15.0000 2609.2900   14.5872
    0.0000  -45.0000  -15.0000 2624.4758   14.6366
    7.5000  -45.0000  -15.0000 2595.8621   14.8971
   -7.5000  -37.5000  -15.0000 2663.1697   13.7194
    0.0000  -37.5000  -15.0000 2679.8821   13.7627
    7.5000  -37.5000  -15.0000 2656.2234   14.0163
   -7.5000  -30.0000  -15.0000 2700.5515   12.9903
    0.0000  -30.0000  -15.0000 2720.7568   13.0269
    7.5000  -30.0000  -15.0000 2693.4392   13.2686
   -7.5000  -22.5000  -15.0000 2734.5500   12.3606
    0.0000  -22.5000  -15.0000 2759.1121   12.3845
    7.5000  -22.5000  -15.0000 2724.5789   12.6422
   -7.5000  -15.0000  -15.0000 2752.2236   11.9301
    0.0000  -15.0000  -15.0000 2776.0083   11.9789
    7.5000  -15.0000  -15.0000 2738.6614   12.2377
   -7.5000   -7.5000  -15.0000 2754.5330   11.8418
    0.0000   -7.5000  -15.0000 2774.2903   11.8829
    7.5000   -7.5000  -15.0000 2745.5315   12.1545
   -7.5000    0.0000  -15.0000 2747.3086   12.0170
    0.0000    0.0000  -15.0000 2765.4338   12.0227
    7.5000    0.0000  -15.0000 2732.8630   12.2990
   -7.5000    7.5000  -15.0000 2727.6250   12.4071
    0.0000    7.5000  -15.0000 2745.6357   12.4017
    7.5000    7.5000  -15.0000 2711.7900   12.6674
   -7.5000   15.0000  -15.0000 2683.2471   13.0593
    0.0000   15.0000  -15.0000 2700.9468   13.0515
    7.5000   15.0000  -15.0000 2668.7173   13.3149
   -7.5000   22.5000  -15.0000 2614.9971   13.9909
    0.0000   22.5000  -15.0000 2628.7683   13.9793
    7.5000   22.5000  -15.0000 2600.8911   14.2768
   -7.5000   30.0000  -15.0000 2520.6672   15.2403
    0.0000   30.0000  -15.0000 2534.1196   15.2360
    7.5000   30.0000  -15.0000 2503.6675   15.5292
   -7.5000   37.5000  -15.0000 2403.8923   16.7572
    0.0000   37.5000  -15.0000 2419.5479   16.7737
    7.5000   37.5000  -15.0000 2386.9663   17.0374
   -7.5000   45.0000  -15.0000 2251.6226   18.5004
    0.0000   45.0000  -15.0000 2260.1025   18.4999
    7.5000   45.0000  -15.0000 2231.8152   18.7741
   -7.5000  -45.0000   -7.5000 2632.5710   14.1209
    0.0000  -45.0000   -7.5000 2649.1453   14.1439
    7.5000  -45.0000   -7.5000 2618.1858   14.4589
   -7.5000  -37.5000   -7.5000 2700.6743   13.2504
    0.0000  -37.5000   -7.5000 2716.1038   13.2715
    7.5000  -37.5000   -7.5000 2686.2498   13.5702
   -7.5000  -30.0000   -7.5000 2743.7625   12.5319
    0.0000  -30.0000   -7.5000 2764.8538   12.5545
    7.5000  -30.0000   -7.5000 2735.8750   12.8369
   -7.5000  -22.5000   -7.5000 2786.8108   11.8803
    0.0000  -22.5000   -7.5000 2813.3821   11.8840
    7.5000  -22.5000   -7.5000 2776.9390   12.2073
   -7.5000  -15.0000   -7.5000 2803.3662   11.3986
    0.0000  -15.0000   -7.5000 2833.1001   11.4381
    7.5000  -15.0000   -7.5000 2797.5823   11.7742
   -7.5000   -7.5000   -7.5000 2812.4209   11.2547
    0.0000   -7.5000   -7.5000 2830.3782   11.2711
    7.5000   -7.5000   -7.5000 2806.5300   11.6405
   -7.5000    0.0000   -7.5000 2811.1394   11.4333
    0.0000    0.0000   -7.5000 2826.0713   11.4192
    7.5000    0.0000   -7.5000 2798.2844   11.7618
   -7.5000    7.5000   -7.5000 2793.8540   11.8417
    0.0000    7.5000   -7.5000 2811.0071   11.8204
    7.5000    7.5000   -7.5000 2783.3057   12.1433
   -7.5000   15.0000   -7.5000 2750.0942   12.4834
    0.0000   15.0000   -7.5000 2760.1079   12.4556
    7.5000   15.0000   -7.5000 2737.9773   12.7668
   -7.5000   22.5000   -7.5000 2682.8025   13.4427
    0.0000   22.5000   -7.5000 2693.5171   13.3981
    7.5000   22.5000   -7.5000 2667.6665   13.7207
   -7.5000   30.0000   -7.5000 2587.7332   14.6837
    0.0000   30.0000   -7.5000 2606.4729   14.6600
    7.5000   30.0000   -7.5000 2569.2947   14.9751
   -7.5000   37.5000   -7.5000 2468.7104   16.1796
    0.0000   37.5000   -7.5000 2484.8862   16.1482
    7.5000   37.5000   -7.5000 2443.6565   16.4642
   -7.5000   45.0000   -7.5000 2303.1482   17.8318
    0.0000   45.0000   -7.5000 2310.5884   17.8320
    7.5000   45.0000   -7.5000 2279.1143   18.1221
   -7.5000  -45.0000    0.0000 2640.1143   13.8894
    0.0000  -45.0000    0.0000 2651.5605   13.8937
    7.5000  -45.0000    0.0000 2624.0867   14.2755
   -7.5000  -37.5000    0.0000 2716.5974   13.0096
    0.0000  -37.5000    0.0000 2730.8799   13.0055
    7.5000  -37.5000    0.0000 2704.3789   13.3491
   -7.5000  -30.0000    0.0000 2767.1223   12.3067
    0.0000  -30.0000    0.0000 2785.1973   12.2992
    7.5000  -30.0000    0.0000 2763.5996   12.6449
   -7.5000  -22.5000    0.0000 2813.8469   11.7091
    0.0000  -22.5000    0.0000 2837.7576   11.7004
    7.5000  -22.5000    0.0000 2813.6094   12.0912
   -7.5000  -15.0000    0.0000 2832.2434   11.2107
    0.0000  -15.0000    0.0000 2867.6331   11.2610
    7.5000  -15.0000    0.0000 2840.9487   11.6730
   -7.5000   -7.5000    0.0000 2850.9990   10.9677
    0.0000   -7.5000    0.0000 2863.4011   10.9572
    7.5000   -7.5000    0.0000 2856.6147   11.4417
   -7.5000    0.0000    0.0000 2858.0459   11.0714
    0.0000    0.0000    0.0000 2871.0281   11.0219
    7.5000    0.0000    0.0000 2857.4033   11.4822
   -7.5000    7.5000    0.0000 2842.3516   11.5008
    0.0000    7.5000    0.0000 2857.2637   11.4529
    7.5000    7.5000    0.0000 2839.3557   11.8353
   -7.5000   15.0000    0.0000 2801.8311   12.1801
    0.0000   15.0000    0.0000 2814.5376   12.1399
    7.5000   15.0000    0.0000 2788.1975   12.4737
   -7.5000   22.5000    0.0000 2732.3093   13.1730
    0.0000   22.5000    0.0000 2744.4146   13.1181
    7.5000   22.5000    0.0000 2715.7930   13.4331
   -7.5000   30.0000    0.0000 2635.8555   14.4320
    0.0000   30.0000    0.0000 2653.6641   14.3712
    7.5000   30.0000    0.0000 2616.5671   14.7130
   -7.5000   37.5000    0.0000 2509.3794   15.8410
    0.0000   37.5000    0.0000 2530.9011   15.8358
    7.5000   37.5000    0.0000 2490.8792   16.1568
   -7.5000   45.0000    0.0000 2339.7842   17.5108
    0.0000   45.0000    0.0000 2353.9253   17.4959
    7.5000   45.0000    0.0000 2322.6379   17.8225
   -7.5000  -45.0000    7.5000 2627.6213   13.8974
    0.0000  -45.0000    7.5000 2636.7273   13.8856
    7.5000  -45.0000    7.5000 2620.4211   14.3576
   -7.5000  -37.5000    7.5000 2709.4985   13.0439
    0.0000  -37.5000    7.5000 2723.8513   13.0113
    7.5000  -37.5000    7.5000 2714.5808   13.4625
   -7.5000  -30.0000    7.5000 2782.7627   12.4054
    0.0000  -30.0000    7.5000 2797.5916   12.3657
    7.5000  -30.0000    7.5000 2797.8616   12.7913
   -7.5000  -22.5000    7.5000 2853.5037   11.9036
    0.0000  -22.5000    7.5000 2883.4670   11.9249
    7.5000  -22.5000    7.5000 2870.9807   12.3028
   -7.5000  -15.0000    7.5000 2884.8362   11.4697
    0.0000  -15.0000    7.5000 2941.4592   11.5898
    7.5000  -15.0000    7.5000 2905.8206   11.9061
   -7.5000   -7.5000    7.5000 2888.7363   11.1003
    0.0000   -7.5000    7.5000 2916.1267   11.1366
    7.5000   -7.5000    7.5000 2897.8713   11.5413
   -7.5000    0.0000    7.5000 2890.6938   11.0155
    0.0000    0.0000    7.5000 2912.2146   10.9998
    7.5000    0.0000    7.5000 2891.4211   11.4033
   -7.5000    7.5000    7.5000 2880.1130   11.3655
    0.0000    7.5000    7.5000 2901.6194   11.3348
    7.5000    7.5000    7.5000 2873.5295   11.6763
   -7.5000   15.0000    7.5000 2828.4961   12.0694
    0.0000   15.0000    7.5000 2848.2754   12.0417
    7.5000   15.0000    7.5000 2818.7830   12.3326
   -7.5000   22.5000    7.5000 2758.8481   13.0910
    0.0000   22.5000    7.5000 2777.0723   13.0679
    7.5000   22.5000    7.5000 2740.0857   13.3270
   -7.5000   30.0000    7.5000 2655.5500   14.3076
    0.0000   30.0000    7.5000 2677.2856   14.3300
    7.5000   30.0000    7.5000 2634.7402   14.5581
   -7.5000   37.5000    7.5000 2526.1206   15.7343
    0.0000   37.5000    7.5000 2547.1653   15.7526
    7.5000   37.5000    7.5000 2506.2058   15.9984
   -7.5000   45.0000    7.5000 2354.4629   17.3999
    0.0000   45.0000    7.5000 2374.9094   17.4157
    7.5000   45.0000    7.5000 2335.8752   17.6604
   -7.5000  -45.0000   15.0000 2617.8362   14.1955
    0.0000  -45.0000   15.0000 2619.7998   14.2157
    7.5000  -45.0000   15.0000 2621.0276   14.7115
   -7.5000  -37.5000   15.0000 2710.9346   13.3389
    0.0000  -37.5000   15.0000 2718.2405   13.3868
    7.5000  -37.5000   15.0000 2718.3345   13.7946
   -7.5000  -30.0000   15.0000 2799.3518   12.6969
    0.0000  -30.0000   15.0000 2819.6196   12.7974
    7.5000  -30.0000   15.0000 2812.1477   13.1026
   -7.5000  -22.5000   15.0000 2884.7217   12.2019
    0.0000  -22.5000   15.0000 2933.9387   12.4325
    7.5000  -22.5000   15.0000 2893.6443   12.5838
   -7.5000  -15.0000   15.0000 2924.7429   11.7714
    0.0000  -15.0000   15.0000 3014.0220   12.0173
    7.5000  -15.0000   15.0000 2931.4602   12.1652
   -7.5000   -7.5000   15.0000 2920.8335   11.4328
    0.0000   -7.5000   15.0000 2971.5662   11.5792
    7.5000   -7.5000   15.0000 2915.9060   11.8083
   -7.5000    0.0000   15.0000 2901.0107   11.2654
    0.0000    0.0000   15.0000 2928.8333   11.3074
    7.5000    0.0000   15.0000 2890.3225   11.5758
   -7.5000    7.5000   15.0000 2878.9583   11.4929
    0.0000    7.5000   15.0000 2907.9636   11.5153
    7.5000    7.5000   15.0000 2868.8147   11.7618
   -7.5000   15.0000   15.0000 2822.9507   12.1198
    0.0000   15.0000   15.0000 2847.0334   12.1449
    7.5000   15.0000   15.0000 2818.3911   12.3552
   -7.5000   22.5000   15.0000 2753.6328   13.0593
    0.0000   22.5000   15.0000 2770.4849   13.0889
    7.5000   22.5000   15.0000 2737.9297   13.2998
   -7.5000   30.0000   15.0000 2653.6924   14.2868
    0.0000   30.0000   15.0000 2669.1724   14.3137
    7.5000   30.0000   15.0000 2633.4155   14.5498
   -7.5000   37.5000   15.0000 2517.2693   15.7315
    0.0000   37.5000   15.0000 2531.6257   15.7377
    7.5000   37.5000   15.0000 2500.1580   16.0080
   -7.5000   45.0000   15.0000 2345.8928   17.4047
    0.0000   45.0000   15.0000 2364.8760   17.4319
    7.5000   45.0000   15.0000 2329.2964   17.6887
   -7.5000  -45.0000   22.5000 2622.6042   14.7878
    0.0000  -45.0000   22.5000 2649.1697   14.9816
    7.5000  -45.0000   22.5000 2623.5088   15.3634
   -7.5000  -37.5000   22.5000 2714.5176   13.8159
    0.0000  -37.5000   22.5000 2742.1538   14.0054
    7.5000  -37.5000   22.5000 2718.3171   14.3392
   -7.5000  -30.0000   22.5000 2802.5068   13.0222
    0.0000  -30.0000   22.5000 2833.0645   13.2664
    7.5000  -30.0000   22.5000 2805.5010   13.4848
   -7.5000  -22.5000   22.5000 2873.1106   12.3657
    0.0000  -22.5000   22.5000 2929.5283   12.6797
    7.5000  -22.5000   22.5000 2883.0532   12.8166
   -7.5000  -15.0000   22.5000 2905.0610   11.8419
    0.0000  -15.0000   22.5000 2963.0215   12.0009
    7.5000  -15.0000   22.5000 2903.4248   12.2896
   -7.5000   -7.5000   22.5000 2915.1621   11.6156
    0.0000   -7.5000   22.5000 2946.4968   11.6765
    7.5000   -7.5000   22.5000 2902.4885   12.0140
   -7.5000    0.0000   22.5000 2890.6343   11.5960
    0.0000    0.0000   22.5000 2917.2935   11.6336
    7.5000    0.0000   22.5000 2879.7007   11.9107
   -7.5000    7.5000   22.5000 2864.7549   11.8440
    0.0000    7.5000   22.5000 2887.9448   11.8702
    7.5000    7.5000   22.5000 2852.1313   12.1060
   -7.5000   15.0000   22.5000 2803.4895   12.4493
    0.0000   15.0000   22.5000 2823.5039   12.4915
    7.5000   15.0000   22.5000 2792.5264   12.6759
   -7.5000   22.5000   22.5000 2728.8877   13.3384
    0.0000   22.5000   22.5000 2746.0098   13.3773
    7.5000   22.5000   22.5000 2710.9626   13.5637
   -7.5000   30.0000   22.5000 2626.5654   14.5043
    0.0000   30.0000   22.5000 2639.4888   14.5228
    7.5000   30.0000   22.5000 2607.8625   14.7474
   -7.5000   37.5000   22.5000 2486.1614   15.8947
    0.0000   37.5000   22.5000 2498.6870   15.9040
    7.5000   37.5000   22.5000 2470.5181   16.1418
   -7.5000   45.0000   22.5000 2314.8828   17.5251
    0.0000   45.0000   22.5000 2332.4204   17.5585
    7.5000   45.0000   22.5000 2300.9487   17.8125
   -7.5000  -45.0000   30.0000 2612.1597   15.3682
    0.0000  -45.0000   30.0000 2636.1997   15.5445
    7.5000  -45.0000   30.0000 2607.6157   15.9565
   -7.5000  -37.5000   30.0000 2702.0674   14.2910
    0.0000  -37.5000   30.0000 2725.0918   14.4892
    7.5000  -37.5000   30.0000 2698.8708   14.8444
   -7.5000  -30.0000   30.0000 2781.0366   13.3772
    0.0000  -30.0000   30.0000 2812.2842   13.6349
    7.5000  -30.0000   30.0000 2785.6125   13.8992
   -7.5000  -22.5000   30.0000 2839.5928   12.6316
    0.0000  -22.5000   30.0000 2880.5171   12.8367
    7.5000  -22.5000   30.0000 2844.9048   13.1478
   -7.5000  -15.0000   30.0000 2873.7444   12.0690
    0.0000  -15.0000   30.0000 2897.0347   12.1810
    7.5000  -15.0000   30.0000 2863.8948   12.5535
   -7.5000   -7.5000   30.0000 2893.9536   11.9441
    0.0000   -7.5000   30.0000 2922.0667   12.0096
    7.5000   -7.5000   30.0000 2879.4143   12.3366
   -7.5000    0.0000   30.0000 2875.4749   12.0642
    0.0000    0.0000   30.0000 2901.9822   12.1060
    7.5000    0.0000   30.0000 2855.6775   12.3432
   -7.5000    7.5000   30.0000 2832.4219   12.3700
    0.0000    7.5000   30.0000 2857.2134   12.3860
    7.5000    7.5000   30.0000 2819.4717   12.6177
   -7.5000   15.0000   30.0000 2761.5544   12.9377
    0.0000   15.0000   30.0000 2781.7456   12.9486
    7.5000   15.0000   30.0000 2753.2007   13.1701
   -7.5000   22.5000   30.0000 2686.1187   13.7969
    0.0000   22.5000   30.0000 2700.6511   13.8185
    7.5000   22.5000   30.0000 2668.9163   14.0171
   -7.5000   30.0000   30.0000 2578.7070   14.9386
    0.0000   30.0000   30.0000 2593.4202   14.9672
    7.5000   30.0000   30.0000 2565.1099   15.1391
   -7.5000   37.5000   30.0000 2434.4841   16.2910
    0.0000   37.5000   30.0000 2444.9075   16.3182
    7.5000   37.5000   30.0000 2420.4226   16.5240
   -7.5000   45.0000   30.0000 2269.6238   17.9065
    0.0000   45.0000   30.0000 2279.3748   17.9316
    7.5000   45.0000   30.0000 2256.3936   18.1720
   -7.5000  -45.0000   37.5000 2596.3984   16.0393
    0.0000  -45.0000   37.5000 2617.4551   16.1805
    7.5000  -45.0000   37.5000 2581.4155   16.6533
   -7.5000  -37.5000   37.5000 2680.6582   14.8716
    0.0000  -37.5000   37.5000 2701.7351   15.0337
    7.5000  -37.5000   37.5000 2678.3398   15.4561
   -7.5000  -30.0000   37.5000 2750.7383   13.8345
    0.0000  -30.0000   37.5000 2783.2053   14.0412
    7.5000  -30.0000   37.5000 2755.9705   14.4134
   -7.5000  -22.5000   37.5000 2805.7046   13.0180
    0.0000  -22.5000   37.5000 2825.7241   13.0897
    7.5000  -22.5000   37.5000 2807.2686   13.5451
   -7.5000  -15.0000   37.5000 2832.4092   12.4882
    0.0000  -15.0000   37.5000 2856.1917   12.5787
    7.5000  -15.0000   37.5000 2817.6875   12.9612
   -7.5000   -7.5000   37.5000 2860.3091   12.4591
    0.0000   -7.5000   37.5000 2888.8999   12.5493
    7.5000   -7.5000   37.5000 2844.2703   12.8412
   -7.5000    0.0000   37.5000 2840.5337   12.7051
    0.0000    0.0000   37.5000 2860.5508   12.7336
    7.5000    0.0000   37.5000 2819.4675   12.9512
   -7.5000    7.5000   37.5000 2791.1140   13.0620
    0.0000    7.5000   37.5000 2809.1458   13.0651
    7.5000    7.5000   37.5000 2776.9473   13.2803
   -7.5000   15.0000   37.5000 2718.2793   13.6238
    0.0000   15.0000   37.5000 2734.1868   13.6261
    7.5000   15.0000   37.5000 2705.0088   13.8369
   -7.5000   22.5000   37.5000 2631.7122   14.4615
    0.0000   22.5000   37.5000 2650.2600   14.4630
    7.5000   22.5000   37.5000 2620.0684   14.6688
   -7.5000   30.0000   37.5000 2517.2927   15.5738
    0.0000   30.0000   37.5000 2528.7871   15.5506
    7.5000   30.0000   37.5000 2510.1079   15.7715
   -7.5000   37.5000   37.5000 2376.9136   16.9914
    0.0000   37.5000   37.5000 2387.4177   16.9559
    7.5000   37.5000   37.5000 2368.3330   17.1878
   -7.5000   45.0000   37.5000 2217.0618   18.5807
    0.0000   45.0000   37.5000 2232.3350   18.5985
    7.5000   45.0000   37.5000 2206.7830   18.8216
   -7.5000  -45.0000   45.0000 2560.7954   16.8000
    0.0000  -45.0000   45.0000 2570.6157   16.8460
    7.5000  -45.0000   45.0000 2544.5378   17.3887
   -7.5000  -37.5000   45.0000 2637.6736   15.4974
    0.0000  -37.5000   45.0000 2660.6736   15.6138
    7.5000  -37.5000   45.0000 2633.4705   16.0968
   -7.5000  -30.0000   45.0000 2705.4724   14.4043
    0.0000  -30.0000   45.0000 2727.4719   14.4655
    7.5000  -30.0000   45.0000 2706.1362   14.9507
   -7.5000  -22.5000   45.0000 2758.6855   13.5737
    0.0000  -22.5000   45.0000 2781.3606   13.6037
    7.5000  -22.5000   45.0000 2752.6162   14.0826
   -7.5000  -15.0000   45.0000 2785.7588   13.1125
    0.0000  -15.0000   45.0000 2811.0403   13.1782
    7.5000  -15.0000   45.0000 2771.8416   13.5806
   -7.5000   -7.5000   45.0000 2799.6089   13.1680
    0.0000   -7.5000   45.0000 2830.8291   13.2436
    7.5000   -7.5000   45.0000 2779.7344   13.5309
   -7.5000    0.0000   45.0000 2773.8887   13.4372
    0.0000    0.0000   45.0000 2796.2932   13.4668
    7.5000    0.0000   45.0000 2758.6938   13.6906
   -7.5000    7.5000   45.0000 2728.3066   13.8329
    0.0000    7.5000   45.0000 2744.2600   13.8443
    7.5000    7.5000   45.0000 2715.1248   14.0671
   -7.5000   15.0000   45.0000 2651.2571   14.4012
    0.0000   15.0000   45.0000 2669.6973   14.4183
    7.5000   15.0000   45.0000 2643.1609   14.6360
   -7.5000   22.5000   45.0000 2560.5310   15.2558
    0.0000   22.5000   45.0000 2577.4509   15.2332
    7.5000   22.5000   45.0000 2555.2773   15.4650
   -7.5000   30.0000   45.0000 2437.4807   16.3824
    0.0000   30.0000   45.0000 2451.5056   16.3895
    7.5000   30.0000   45.0000 2435.1506   16.6270
   -7.5000   37.5000   45.0000 2302.0923   17.7648
    0.0000   37.5000   45.0000 2311.9390   17.7701
    7.5000   37.5000   45.0000 2291.3137   18.0284
   -7.5000   45.0000   45.0000 2159.8784   19.4444
    0.0000   45.0000   45.0000 2167.5698   19.4189
    7.5000   45.0000   45.0000 2144.8086   19.7005
   -7.5000  -45.0000   52.5000 2506.6982   17.6170
    0.0000  -45.0000   52.5000 2509.6948   17.6318
    7.5000  -45.0000   52.5000 2486.4956   18.1911
   -7.5000  -37.5000   52.5000 2586.0781   16.2659
    0.0000  -37.5000   52.5000 2597.3521   16.2587
    7.5000  -37.5000   52.5000 2572.8083   16.7989
   -7.5000  -30.0000   52.5000 2644.6323   15.1518
    0.0000  -30.0000   52.5000 2663.4414   15.1216
    7.5000  -30.0000   52.5000 2639.5432   15.6692
   -7.5000  -22.5000   52.5000 2695.7275   14.3202
    0.0000  -22.5000   52.5000 2715.2375   14.3387
    7.5000  -22.5000   52.5000 2690.0627   14.8293
   -7.5000  -15.0000   52.5000 2718.3174   13.9304
    0.0000  -15.0000   52.5000 2741.3123   13.9894
    7.5000  -15.0000   52.5000 2708.4731   14.3999
   -7.5000   -7.5000   52.5000 2724.1448   13.9933
    0.0000   -7.5000   52.5000 2754.0229   14.0344
    7.5000   -7.5000   52.5000 2709.4023   14.3683
   -7.5000    0.0000   52.5000 2702.3450   14.2564
    0.0000    0.0000   52.5000 2724.0928   14.2599
    7.5000    0.0000   52.5000 2688.4919   14.5293
   -7.5000    7.5000   52.5000 2654.5088   14.6660
    0.0000    7.5000   52.5000 2670.3081   14.6497
    7.5000    7.5000   52.5000 2640.8767   14.9091
   -7.5000   15.0000   52.5000 2573.3855   15.2458
    0.0000   15.0000   52.5000 2594.3528   15.2326
    7.5000   15.0000   52.5000 2571.4243   15.4724
   -7.5000   22.5000   52.5000 2484.2358   16.1697
    0.0000   22.5000   52.5000 2495.7876   16.1234
    7.5000   22.5000   52.5000 2476.8450   16.3860
   -7.5000   30.0000   52.5000 2358.8264   17.3111
    0.0000   30.0000   52.5000 2372.5071   17.3207
    7.5000   30.0000   52.5000 2350.8066   17.5523
   -7.5000   37.5000   52.5000 2230.1516   18.7366
    0.0000   37.5000   52.5000 2241.1501   18.7395
    7.5000   37.5000   52.5000 2219.2947   18.9956
   -7.5000   45.0000   52.5000 2096.4919   20.4475
    0.0000   45.0000   52.5000 2102.1726   20.4156
    7.5000   45.0000   52.5000 2086.5815   20.7215

---------------------------------------------------------------------
imgreg_4dfp /opt/freesurfer/average/711-2C_as_mni_average_305 /opt/freesurfer/average/711-2B_as_mni_average_305_mask talsrcimg_g11 none talsrcimg_to_711-2C_as_mni_average_305_t4 1283
---------------------------------------------------------------------

freesurfer imgreg_4dfp.c
/opt/freesurfer/average/711-2C_as_mni_average_305.4dfp.img
       256       256       256         1
  1.000000  1.000000  1.000000
orientation T byte_order littleendian
Reading image: /opt/freesurfer/average/711-2C_as_mni_average_305.4dfp.img
dimensions:      256       256       256
mmppix:       1.0000   -1.0000   -1.0000
center:     128.0000 -129.0000 -129.0000
/opt/freesurfer/average/711-2B_as_mni_average_305_mask.4dfp.img
       256       256       256         1
  1.000000  1.000000  1.000000
orientation T byte_order littleendian
Reading mask: /opt/freesurfer/average/711-2B_as_mni_average_305_mask.4dfp.img (2306576 pixels)
talsrcimg_g11.4dfp.img
       256       256       256         1
  1.000000  1.000000  1.000000
orientation T byte_order littleendian
Reading image: talsrcimg_g11.4dfp.img
dimensions:      256       256       256
mmppix:       1.0000   -1.0000   -1.0000
center:     128.0000 -129.0000 -129.0000
rotation matrix determinant  1.000000
fimgreg.f
image alignment mode   1283 decimal      503 hex
parameters
    0.0000  -15.0000   15.0000    0.0000    0.0000    0.0000
eta,q 0.94713 12.07774
niter,ni,del,rscale     5    3   12.0000    1.2000
parameters
   -0.0323  -14.5667   15.3934   -2.1133    1.4896   -0.7048
eta,q 0.94867 12.11034
  0.0734  0.0703  0.0701  0.0544  0.0615  0.0551
  0.0626  0.0598  0.0633  0.0533  0.0566  0.0523
  0.0555  0.0532  0.0572  0.0527  0.0542  0.0514
  0.0534  0.0534  0.0536  0.0532  0.0527  0.0515
  0.0562  0.0563  0.0547  0.0549  0.0512  0.0525
  0.0631  0.0589  0.0601  0.0560  0.0516  0.0543
  0.0735  0.0637  0.0671  0.0577  0.0559  0.0566
niter,ni,del,rscale     4    3   12.0000    1.2000
parameters
   -0.2208  -14.2932   15.3442   -1.8628    1.1122   -0.6868
eta,q 0.94786 12.07845
  0.0717  0.0705  0.0668  0.0577  0.0582  0.0572
  0.0607  0.0584  0.0613  0.0540  0.0549  0.0538
  0.0539  0.0513  0.0554  0.0523  0.0531  0.0524
  0.0513  0.0513  0.0519  0.0519  0.0519  0.0521
  0.0545  0.0564  0.0539  0.0531  0.0518  0.0528
  0.0629  0.0599  0.0609  0.0546  0.0550  0.0545
  0.0742  0.0635  0.0682  0.0559  0.0617  0.0565
niter,ni,del,rscale     3    3   12.0000    1.2000
parameters
   -0.2553  -14.2615   15.3733   -1.7851    1.1431   -0.6917
eta,q 0.94782 12.07176
  0.0732  0.0683  0.0674  0.0572  0.0593  0.0573
  0.0617  0.0570  0.0616  0.0539  0.0554  0.0539
  0.0547  0.0511  0.0557  0.0526  0.0534  0.0525
  0.0521  0.0521  0.0522  0.0522  0.0522  0.0522
  0.0549  0.0569  0.0541  0.0534  0.0518  0.0529
  0.0625  0.0598  0.0608  0.0546  0.0542  0.0546
  0.0734  0.0641  0.0681  0.0561  0.0604  0.0567
niter,ni,del,rscale     2    3   12.0000    1.2000
parameters
   -0.2712  -14.2884   15.3836   -1.7727    1.1558   -0.7028
eta,q 0.94788 12.07344
  0.0734  0.0679  0.0673  0.0570  0.0592  0.0572
  0.0619  0.0567  0.0615  0.0537  0.0553  0.0539
  0.0548  0.0509  0.0556  0.0525  0.0533  0.0524
  0.0522  0.0522  0.0521  0.0521  0.0521  0.0521
  0.0549  0.0570  0.0541  0.0534  0.0517  0.0528
  0.0624  0.0598  0.0609  0.0546  0.0542  0.0546
  0.0733  0.0642  0.0681  0.0561  0.0604  0.0567
registration optimization eta report
parameter search radius
    6.0000    6.0000    6.0000    6.0000    6.0000    6.0000
100000*second partial in parameter space
       58.       38.       42.       12.       22.       13.
  0.0734  0.0679  0.0673  0.0570  0.0592  0.0572
  0.0619  0.0567  0.0615  0.0537  0.0553  0.0539
  0.0548  0.0509  0.0556  0.0525  0.0533  0.0524
  0.0522  0.0522  0.0521  0.0521  0.0521  0.0521
  0.0549  0.0570  0.0541  0.0534  0.0517  0.0528
  0.0624  0.0598  0.0609  0.0546  0.0542  0.0546
  0.0733  0.0642  0.0681  0.0561  0.0604  0.0567
   -0.2712  -14.2884   15.3836   -1.7727    1.1558   -0.7028
eta,q 0.94788 12.07344

---------------------------------------------------------------------
imgreg_4dfp /opt/freesurfer/average/711-2C_as_mni_average_305 /opt/freesurfer/average/711-2B_as_mni_average_305_mask talsrcimg_g11 none talsrcimg_to_711-2C_as_mni_average_305_t4 3335
---------------------------------------------------------------------

freesurfer imgreg_4dfp.c
/opt/freesurfer/average/711-2C_as_mni_average_305.4dfp.img
       256       256       256         1
  1.000000  1.000000  1.000000
orientation T byte_order littleendian
Reading image: /opt/freesurfer/average/711-2C_as_mni_average_305.4dfp.img
dimensions:      256       256       256
mmppix:       1.0000   -1.0000   -1.0000
center:     128.0000 -129.0000 -129.0000
/opt/freesurfer/average/711-2B_as_mni_average_305_mask.4dfp.img
       256       256       256         1
  1.000000  1.000000  1.000000
orientation T byte_order littleendian
Reading mask: /opt/freesurfer/average/711-2B_as_mni_average_305_mask.4dfp.img (2306576 pixels)
talsrcimg_g11.4dfp.img
       256       256       256         1
  1.000000  1.000000  1.000000
orientation T byte_order littleendian
Reading image: talsrcimg_g11.4dfp.img
dimensions:      256       256       256
mmppix:       1.0000   -1.0000   -1.0000
center:     128.0000 -129.0000 -129.0000
fimgreg.f
image alignment mode   3335 decimal      D07 hex
parameters
   -0.2712  -14.2884   15.3836   -0.0279   -0.0561   -0.0682
    1.2884   -1.9781   -1.2263    3.1179    2.0172   -3.0928
eta,q 0.94879 12.09146
niter,ni,del,rscale     5    3    5.0000    1.2000
parameter  4  1.574341 ->  0.500000 qaram    1.1500
parameter  5  1.038157 ->  0.500000 qaram    1.1500
parameter  6  0.502930 ->  0.500000 qaram    1.1500
parameter 10  0.858116 ->  0.500000 qaram    1.1500
parameter 12  0.700922 ->  0.500000 qaram    1.1500
parameters
   -0.1008  -14.6721   15.7399   -4.1679   -4.1961   -4.2082
    1.2475   -0.2854    1.1914   -1.0221    2.2267   -7.2328
eta,q 0.96513 12.17854
  0.0560  0.0537  0.0553  0.0428  0.0396  0.0398  0.0424  0.0452  0.0423  0.0357  0.0372  0.0351
  0.0536  0.0520  0.0533  0.0444  0.0396  0.0388  0.0402  0.0423  0.0404  0.0356  0.0365  0.0349
  0.0520  0.0512  0.0518  0.0470  0.0410  0.0385  0.0389  0.0401  0.0389  0.0364  0.0360  0.0351
  0.0512  0.0512  0.0511  0.0510  0.0450  0.0398  0.0386  0.0386  0.0381  0.0379  0.0358  0.0357
  0.0515  0.0521  0.0511  0.0561  0.0511  0.0435  0.0391  0.0381  0.0379  0.0399  0.0359  0.0368
  0.0527  0.0537  0.0519  0.0618  0.0573  0.0496  0.0404  0.0390  0.0381  0.0428  0.0363  0.0383
  0.0549  0.0558  0.0534  0.0673  0.0627  0.0564  0.0423  0.0413  0.0389  0.0462  0.0371  0.0400
niter,ni,del,rscale     7    3    5.0000    1.2000
parameter  2 -0.656419 -> -0.500000 qaram    1.1500
parameter  4  0.578739 ->  0.500000 qaram    1.3225
parameters
   -0.6862  -13.2921   15.6413   -8.9289   -6.3455   -2.7849
    0.3240   -0.1847    1.7564   -1.4205    1.5541   -8.2535
eta,q 0.96884 11.92526
  0.0370  0.0426  0.0347  0.0320  0.0365  0.0373  0.0336  0.0357  0.0341  0.0351  0.0322  0.0328
  0.0353  0.0395  0.0337  0.0316  0.0339  0.0351  0.0321  0.0333  0.0326  0.0328  0.0316  0.0318
  0.0346  0.0367  0.0331  0.0318  0.0320  0.0331  0.0314  0.0318  0.0317  0.0315  0.0313  0.0313
  0.0349  0.0346  0.0329  0.0329  0.0316  0.0317  0.0313  0.0313  0.0313  0.0312  0.0312  0.0312
  0.0361  0.0332  0.0332  0.0356  0.0346  0.0312  0.0319  0.0317  0.0314  0.0319  0.0314  0.0317
  0.0381  0.0329  0.0339  0.0400  0.0406  0.0318  0.0332  0.0331  0.0321  0.0335  0.0319  0.0325
  0.0407  0.0337  0.0350  0.0452  0.0467  0.0352  0.0350  0.0355  0.0333  0.0357  0.0326  0.0337
niter,ni,del,rscale     7    3    5.0000    1.2000
parameters
   -0.7337  -12.4498   15.9036   -9.9702   -7.4337   -2.6406
    0.1287   -0.3083    1.7638   -0.8053    0.9377   -8.6576
eta,q 0.96894 11.83333
  0.0345  0.0378  0.0329  0.0341  0.0370  0.0362  0.0338  0.0350  0.0333  0.0353  0.0319  0.0328
  0.0327  0.0349  0.0319  0.0322  0.0344  0.0341  0.0322  0.0329  0.0320  0.0332  0.0315  0.0318
  0.0315  0.0327  0.0310  0.0310  0.0322  0.0322  0.0313  0.0315  0.0313  0.0317  0.0312  0.0312
  0.0312  0.0312  0.0306  0.0306  0.0307  0.0311  0.0311  0.0311  0.0311  0.0311  0.0311  0.0311
  0.0316  0.0306  0.0307  0.0310  0.0317  0.0312  0.0315  0.0316  0.0313  0.0314  0.0313  0.0314
  0.0328  0.0312  0.0312  0.0329  0.0366  0.0325  0.0325  0.0330  0.0321  0.0325  0.0317  0.0321
  0.0348  0.0330  0.0322  0.0371  0.0432  0.0370  0.0340  0.0353  0.0332  0.0342  0.0323  0.0331
niter,ni,del,rscale     6    3    5.0000    1.2000
parameters
   -0.7312  -12.0978   15.9730   -9.7341   -7.8868   -2.6293
    0.1844   -0.3212    1.9166   -0.4888    0.6840   -8.9006
eta,q 0.96881 11.82921
  0.0344  0.0357  0.0329  0.0350  0.0377  0.0363  0.0340  0.0352  0.0333  0.0349  0.0321  0.0329
  0.0326  0.0334  0.0319  0.0330  0.0349  0.0341  0.0324  0.0330  0.0321  0.0329  0.0316  0.0320
  0.0315  0.0319  0.0313  0.0316  0.0328  0.0323  0.0315  0.0316  0.0314  0.0316  0.0313  0.0314
  0.0311  0.0311  0.0310  0.0310  0.0309  0.0312  0.0312  0.0312  0.0312  0.0312  0.0312  0.0312
  0.0314  0.0311  0.0311  0.0310  0.0310  0.0313  0.0315  0.0317  0.0314  0.0316  0.0313  0.0315
  0.0326  0.0320  0.0317  0.0321  0.0348  0.0328  0.0324  0.0331  0.0320  0.0327  0.0317  0.0321
  0.0345  0.0339  0.0327  0.0352  0.0413  0.0374  0.0339  0.0352  0.0331  0.0343  0.0323  0.0331
niter,ni,del,rscale     5    3    5.0000    1.2000
parameters
   -0.7437  -11.9488   15.9661   -9.6678   -8.0352   -2.6269
    0.1894   -0.3338    2.0060   -0.3097    0.5548   -9.0745
eta,q 0.96873 11.82660
  0.0345  0.0350  0.0329  0.0351  0.0380  0.0363  0.0340  0.0353  0.0333  0.0347  0.0322  0.0330
  0.0327  0.0330  0.0321  0.0331  0.0352  0.0342  0.0325  0.0331  0.0321  0.0328  0.0317  0.0320
  0.0316  0.0317  0.0314  0.0318  0.0330  0.0324  0.0315  0.0317  0.0314  0.0316  0.0314  0.0315
  0.0312  0.0312  0.0312  0.0312  0.0312  0.0313  0.0313  0.0313  0.0313  0.0313  0.0313  0.0313
  0.0316  0.0314  0.0314  0.0313  0.0308  0.0313  0.0316  0.0317  0.0315  0.0317  0.0314  0.0316
  0.0327  0.0324  0.0320  0.0324  0.0341  0.0329  0.0325  0.0331  0.0321  0.0327  0.0317  0.0322
  0.0346  0.0343  0.0330  0.0356  0.0405  0.0376  0.0339  0.0353  0.0331  0.0343  0.0323  0.0331
niter,ni,del,rscale     4    3    5.0000    1.2000
parameters
   -0.7493  -11.8831   15.9558   -9.6460   -8.0831   -2.6351
    0.1866   -0.3361    2.0555   -0.2125    0.5125   -9.1646
eta,q 0.96871 11.82533
  0.0345  0.0347  0.0330  0.0351  0.0381  0.0364  0.0340  0.0353  0.0332  0.0346  0.0322  0.0330
  0.0328  0.0329  0.0321  0.0331  0.0353  0.0342  0.0325  0.0331  0.0321  0.0328  0.0317  0.0321
  0.0317  0.0317  0.0315  0.0319  0.0331  0.0324  0.0316  0.0317  0.0315  0.0316  0.0314  0.0315
  0.0313  0.0313  0.0313  0.0313  0.0313  0.0313  0.0313  0.0313  0.0313  0.0313  0.0313  0.0313
  0.0316  0.0315  0.0315  0.0313  0.0308  0.0314  0.0316  0.0318  0.0315  0.0317  0.0314  0.0316
  0.0327  0.0325  0.0321  0.0325  0.0338  0.0329  0.0325  0.0331  0.0321  0.0328  0.0317  0.0322
  0.0346  0.0345  0.0331  0.0356  0.0402  0.0376  0.0340  0.0353  0.0332  0.0343  0.0323  0.0330
niter,ni,del,rscale     3    3    5.0000    1.2000
parameters
   -0.7533  -11.8543   15.9464   -9.6405   -8.0976   -2.6386
    0.1867   -0.3384    2.0716   -0.1601    0.4834   -9.2174
eta,q 0.96870 11.82468
  0.0345  0.0346  0.0330  0.0351  0.0382  0.0364  0.0340  0.0353  0.0332  0.0346  0.0322  0.0330
  0.0328  0.0328  0.0321  0.0331  0.0354  0.0343  0.0325  0.0331  0.0321  0.0327  0.0317  0.0321
  0.0317  0.0317  0.0315  0.0319  0.0331  0.0324  0.0316  0.0317  0.0315  0.0316  0.0314  0.0315
  0.0313  0.0313  0.0313  0.0313  0.0313  0.0313  0.0313  0.0313  0.0313  0.0313  0.0313  0.0313
  0.0316  0.0316  0.0315  0.0314  0.0308  0.0314  0.0316  0.0318  0.0315  0.0318  0.0314  0.0316
  0.0328  0.0326  0.0321  0.0325  0.0338  0.0329  0.0325  0.0331  0.0321  0.0328  0.0317  0.0322
  0.0346  0.0346  0.0331  0.0357  0.0401  0.0376  0.0340  0.0353  0.0332  0.0344  0.0323  0.0330
niter,ni,del,rscale     2    3    5.0000    1.2000
parameters
   -0.7537  -11.8419   15.9434   -9.6383   -8.1008   -2.6422
    0.1842   -0.3423    2.0814   -0.1368    0.4685   -9.2377
eta,q 0.96870 11.82447
  0.0346  0.0346  0.0330  0.0351  0.0382  0.0364  0.0340  0.0353  0.0332  0.0345  0.0322  0.0331
  0.0328  0.0328  0.0322  0.0331  0.0354  0.0343  0.0325  0.0331  0.0321  0.0327  0.0317  0.0321
  0.0317  0.0317  0.0315  0.0319  0.0332  0.0324  0.0316  0.0317  0.0315  0.0316  0.0314  0.0315
  0.0313  0.0313  0.0313  0.0313  0.0313  0.0313  0.0313  0.0313  0.0313  0.0313  0.0313  0.0313
  0.0316  0.0316  0.0315  0.0314  0.0308  0.0314  0.0316  0.0318  0.0315  0.0318  0.0314  0.0315
  0.0328  0.0326  0.0321  0.0325  0.0338  0.0329  0.0325  0.0331  0.0321  0.0328  0.0317  0.0322
  0.0346  0.0346  0.0331  0.0357  0.0401  0.0376  0.0340  0.0353  0.0332  0.0344  0.0323  0.0330
registration optimization eta report
parameter search radius
    2.4000    2.7600    2.4000    9.5220    8.2800    8.2800
    7.2000    7.2000    7.2000    8.2800    7.2000    8.2800
100000*second partial in parameter space
       57.       43.       30.        5.       12.        8.
        5.        8.        4.        5.        2.        3.
  0.0346  0.0346  0.0330  0.0351  0.0382  0.0364  0.0340  0.0353  0.0332  0.0345  0.0322  0.0331
  0.0328  0.0328  0.0322  0.0331  0.0354  0.0343  0.0325  0.0331  0.0321  0.0327  0.0317  0.0321
  0.0317  0.0317  0.0315  0.0319  0.0332  0.0324  0.0316  0.0317  0.0315  0.0316  0.0314  0.0315
  0.0313  0.0313  0.0313  0.0313  0.0313  0.0313  0.0313  0.0313  0.0313  0.0313  0.0313  0.0313
  0.0316  0.0316  0.0315  0.0314  0.0308  0.0314  0.0316  0.0318  0.0315  0.0318  0.0314  0.0315
  0.0328  0.0326  0.0321  0.0325  0.0338  0.0329  0.0325  0.0331  0.0321  0.0328  0.0317  0.0322
  0.0346  0.0346  0.0331  0.0357  0.0401  0.0376  0.0340  0.0353  0.0332  0.0344  0.0323  0.0330
   -0.7537  -11.8419   15.9434   -9.6383   -8.1008   -2.6422
    0.1842   -0.3423    2.0814   -0.1368    0.4685   -9.2377
eta,q 0.96870 11.82447

---------------------------------------------------------------------
imgreg_4dfp /opt/freesurfer/average/711-2C_as_mni_average_305 /opt/freesurfer/average/711-2B_as_mni_average_305_mask talsrcimg_g11 none talsrcimg_to_711-2C_as_mni_average_305_t4 2311
---------------------------------------------------------------------

freesurfer imgreg_4dfp.c
/opt/freesurfer/average/711-2C_as_mni_average_305.4dfp.img
       256       256       256         1
  1.000000  1.000000  1.000000
orientation T byte_order littleendian
Reading image: /opt/freesurfer/average/711-2C_as_mni_average_305.4dfp.img
dimensions:      256       256       256
mmppix:       1.0000   -1.0000   -1.0000
center:     128.0000 -129.0000 -129.0000
/opt/freesurfer/average/711-2B_as_mni_average_305_mask.4dfp.img
       256       256       256         1
  1.000000  1.000000  1.000000
orientation T byte_order littleendian
Reading mask: /opt/freesurfer/average/711-2B_as_mni_average_305_mask.4dfp.img (2306576 pixels)
talsrcimg_g11.4dfp.img
       256       256       256         1
  1.000000  1.000000  1.000000
orientation T byte_order littleendian
Reading image: talsrcimg_g11.4dfp.img
dimensions:      256       256       256
mmppix:       1.0000   -1.0000   -1.0000
center:     128.0000 -129.0000 -129.0000
fimgreg.f
image alignment mode   2311 decimal      907 hex
parameters
   -0.7537  -11.8419   15.9434   -9.6382   -8.1008   -2.6422
    0.1842   -0.3423    2.0814   -0.1368    0.4685   -9.2377
eta,q 0.96870 11.82447
niter,ni,del,rscale     5    3    5.0000    0.8000
parameters
   -0.7365  -11.7933   15.9795   -8.5376   -6.9645   -1.7197
    0.2782   -0.2030    2.0868   -0.0399    0.9262  -10.0501
eta,q 0.96934 11.91129
  0.0328  0.0324  0.0322  0.0325  0.0347  0.0331  0.0323  0.0328  0.0318  0.0322  0.0312  0.0312
  0.0320  0.0318  0.0317  0.0319  0.0334  0.0321  0.0314  0.0316  0.0312  0.0313  0.0310  0.0308
  0.0315  0.0314  0.0314  0.0315  0.0323  0.0312  0.0309  0.0309  0.0308  0.0308  0.0308  0.0307
  0.0313  0.0313  0.0313  0.0313  0.0312  0.0307  0.0307  0.0307  0.0307  0.0307  0.0307  0.0307
  0.0315  0.0314  0.0314  0.0313  0.0307  0.0307  0.0308  0.0309  0.0308  0.0309  0.0307  0.0309
  0.0319  0.0317  0.0316  0.0314  0.0311  0.0310  0.0313  0.0315  0.0312  0.0313  0.0308  0.0312
  0.0328  0.0323  0.0321  0.0317  0.0329  0.0319  0.0321  0.0325  0.0318  0.0320  0.0311  0.0316
niter,ni,del,rscale     4    3    5.0000    0.7000
parameters
   -0.7326  -12.0666   15.8777   -8.6372   -6.6313   -1.6736
    0.2207   -0.2252    1.9759   -0.0625    0.9588   -9.9536
eta,q 0.96948 11.92122
  0.0319  0.0313  0.0312  0.0313  0.0333  0.0319  0.0316  0.0320  0.0314  0.0316  0.0309  0.0311
  0.0312  0.0309  0.0309  0.0309  0.0323  0.0312  0.0310  0.0312  0.0309  0.0310  0.0307  0.0308
  0.0308  0.0307  0.0307  0.0307  0.0314  0.0307  0.0306  0.0307  0.0306  0.0306  0.0306  0.0306
  0.0307  0.0307  0.0306  0.0306  0.0306  0.0305  0.0305  0.0305  0.0305  0.0305  0.0305  0.0305
  0.0308  0.0309  0.0307  0.0307  0.0304  0.0306  0.0307  0.0307  0.0306  0.0307  0.0306  0.0306
  0.0312  0.0314  0.0310  0.0309  0.0312  0.0310  0.0311  0.0312  0.0310  0.0311  0.0307  0.0308
  0.0319  0.0323  0.0314  0.0314  0.0330  0.0319  0.0317  0.0321  0.0315  0.0316  0.0309  0.0310
niter,ni,del,rscale     3    3    5.0000    0.6000
parameters
   -0.7236  -12.1471   15.8688   -8.6446   -6.3981   -1.6215
    0.2442   -0.2238    1.9499   -0.1191    1.0184   -9.9546
eta,q 0.96953 11.92678
  0.0314  0.0313  0.0310  0.0310  0.0326  0.0315  0.0313  0.0316  0.0311  0.0313  0.0308  0.0309
  0.0309  0.0308  0.0307  0.0308  0.0318  0.0309  0.0309  0.0310  0.0308  0.0308  0.0306  0.0307
  0.0306  0.0306  0.0306  0.0306  0.0311  0.0306  0.0306  0.0306  0.0305  0.0305  0.0305  0.0305
  0.0305  0.0305  0.0305  0.0305  0.0305  0.0305  0.0305  0.0305  0.0305  0.0305  0.0305  0.0305
  0.0306  0.0306  0.0306  0.0306  0.0304  0.0306  0.0306  0.0306  0.0305  0.0306  0.0305  0.0305
  0.0309  0.0310  0.0307  0.0307  0.0311  0.0308  0.0309  0.0310  0.0308  0.0309  0.0306  0.0307
  0.0314  0.0315  0.0310  0.0311  0.0325  0.0314  0.0313  0.0316  0.0312  0.0313  0.0307  0.0309
niter,ni,del,rscale     2    3    5.0000    0.5000
parameters
   -0.7222  -12.2050   15.8618   -8.6492   -6.1943   -1.5953
    0.2465   -0.2266    1.9295   -0.1289    1.0903   -9.9476
eta,q 0.96956 11.93136
  0.0311  0.0310  0.0308  0.0308  0.0321  0.0311  0.0310  0.0312  0.0309  0.0310  0.0306  0.0307
  0.0308  0.0307  0.0306  0.0306  0.0314  0.0307  0.0307  0.0308  0.0306  0.0307  0.0305  0.0306
  0.0305  0.0305  0.0305  0.0305  0.0308  0.0305  0.0305  0.0305  0.0305  0.0305  0.0305  0.0305
  0.0305  0.0305  0.0305  0.0305  0.0305  0.0304  0.0304  0.0304  0.0304  0.0304  0.0304  0.0304
  0.0305  0.0306  0.0305  0.0305  0.0304  0.0305  0.0305  0.0305  0.0305  0.0305  0.0304  0.0305
  0.0308  0.0308  0.0306  0.0306  0.0309  0.0307  0.0307  0.0308  0.0307  0.0307  0.0305  0.0306
  0.0311  0.0312  0.0308  0.0308  0.0319  0.0311  0.0310  0.0312  0.0309  0.0310  0.0306  0.0307
niter,ni,del,rscale     1    3    5.0000    0.4000
parameters
   -0.7151  -12.2578   15.8557   -8.6846   -6.0051   -1.6432
    0.2381   -0.2381    1.9015   -0.1534    1.1581   -9.9264
eta,q 0.96960 11.93305
  0.0309  0.0308  0.0306  0.0307  0.0316  0.0308  0.0308  0.0309  0.0307  0.0308  0.0305  0.0306
  0.0306  0.0306  0.0305  0.0305  0.0311  0.0305  0.0306  0.0306  0.0305  0.0306  0.0305  0.0305
  0.0305  0.0304  0.0304  0.0305  0.0307  0.0304  0.0304  0.0305  0.0304  0.0304  0.0304  0.0304
  0.0304  0.0304  0.0304  0.0304  0.0304  0.0304  0.0304  0.0304  0.0304  0.0304  0.0304  0.0304
  0.0305  0.0305  0.0305  0.0305  0.0304  0.0305  0.0304  0.0305  0.0304  0.0304  0.0304  0.0304
  0.0306  0.0306  0.0305  0.0305  0.0307  0.0306  0.0306  0.0306  0.0305  0.0306  0.0305  0.0305
  0.0308  0.0309  0.0307  0.0307  0.0314  0.0308  0.0308  0.0309  0.0307  0.0308  0.0305  0.0306
registration optimization eta report
parameter search radius
    0.8000    0.8000    0.8000    2.4000    2.4000    2.4000
    2.4000    2.4000    2.4000    2.4000    2.4000    2.4000
100000*second partial in parameter space
       65.       65.       35.        4.       18.        7.
        7.        9.        6.        7.        2.        3.
  0.0309  0.0308  0.0306  0.0307  0.0316  0.0308  0.0308  0.0309  0.0307  0.0308  0.0305  0.0306
  0.0306  0.0306  0.0305  0.0305  0.0311  0.0305  0.0306  0.0306  0.0305  0.0306  0.0305  0.0305
  0.0305  0.0304  0.0304  0.0305  0.0307  0.0304  0.0304  0.0305  0.0304  0.0304  0.0304  0.0304
  0.0304  0.0304  0.0304  0.0304  0.0304  0.0304  0.0304  0.0304  0.0304  0.0304  0.0304  0.0304
  0.0305  0.0305  0.0305  0.0305  0.0304  0.0305  0.0304  0.0305  0.0304  0.0304  0.0304  0.0304
  0.0306  0.0306  0.0305  0.0305  0.0307  0.0306  0.0306  0.0306  0.0305  0.0306  0.0305  0.0305
  0.0308  0.0309  0.0307  0.0307  0.0314  0.0308  0.0308  0.0309  0.0307  0.0308  0.0305  0.0306
   -0.7151  -12.2578   15.8557   -8.6846   -6.0051   -1.6432
    0.2381   -0.2381    1.9015   -0.1534    1.1581   -9.9264
eta,q 0.96960 11.93305

---------------------------------------------------------------------
imgreg_4dfp /opt/freesurfer/average/711-2C_as_mni_average_305 /opt/freesurfer/average/711-2B_as_mni_average_305_mask talsrcimg_g11 none talsrcimg_to_711-2C_as_mni_average_305_t4 2311
---------------------------------------------------------------------

freesurfer imgreg_4dfp.c
/opt/freesurfer/average/711-2C_as_mni_average_305.4dfp.img
       256       256       256         1
  1.000000  1.000000  1.000000
orientation T byte_order littleendian
Reading image: /opt/freesurfer/average/711-2C_as_mni_average_305.4dfp.img
dimensions:      256       256       256
mmppix:       1.0000   -1.0000   -1.0000
center:     128.0000 -129.0000 -129.0000
/opt/freesurfer/average/711-2B_as_mni_average_305_mask.4dfp.img
       256       256       256         1
  1.000000  1.000000  1.000000
orientation T byte_order littleendian
Reading mask: /opt/freesurfer/average/711-2B_as_mni_average_305_mask.4dfp.img (2306576 pixels)
talsrcimg_g11.4dfp.img
       256       256       256         1
  1.000000  1.000000  1.000000
orientation T byte_order littleendian
Reading image: talsrcimg_g11.4dfp.img
dimensions:      256       256       256
mmppix:       1.0000   -1.0000   -1.0000
center:     128.0000 -129.0000 -129.0000
fimgreg.f
image alignment mode   2311 decimal      907 hex
parameters
   -0.7151  -12.2578   15.8557   -8.6846   -6.0051   -1.6432
    0.2381   -0.2381    1.9015   -0.1534    1.1581   -9.9264
eta,q 0.96960 11.93304
niter,ni,del,rscale     5    3    5.0000    0.8000
parameters
   -0.7218  -12.3309   15.7970   -8.9635   -6.5215   -1.8324
    0.2033   -0.2281    1.9114   -0.2695    0.9898   -9.6214
eta,q 0.96948 11.91276
  0.0320  0.0320  0.0312  0.0313  0.0332  0.0322  0.0319  0.0325  0.0317  0.0319  0.0310  0.0313
  0.0311  0.0311  0.0308  0.0308  0.0320  0.0313  0.0311  0.0314  0.0310  0.0311  0.0307  0.0309
  0.0306  0.0305  0.0305  0.0305  0.0310  0.0307  0.0307  0.0307  0.0307  0.0306  0.0306  0.0306
  0.0304  0.0304  0.0304  0.0304  0.0304  0.0305  0.0305  0.0305  0.0305  0.0305  0.0305  0.0305
  0.0306  0.0306  0.0305  0.0305  0.0308  0.0307  0.0307  0.0307  0.0307  0.0308  0.0306  0.0306
  0.0311  0.0313  0.0308  0.0309  0.0325  0.0312  0.0312  0.0314  0.0310  0.0313  0.0308  0.0308
  0.0321  0.0323  0.0313  0.0317  0.0356  0.0327  0.0320  0.0325  0.0317  0.0320  0.0311  0.0311
niter,ni,del,rscale     4    3    5.0000    0.7000
parameters
   -0.7217  -12.2026   15.8820   -8.7556   -6.5446   -1.6944
    0.2486   -0.2116    1.9317   -0.2593    1.0343   -9.7307
eta,q 0.96951 11.91977
  0.0317  0.0319  0.0312  0.0313  0.0330  0.0319  0.0317  0.0320  0.0314  0.0317  0.0309  0.0310
  0.0311  0.0312  0.0309  0.0309  0.0320  0.0312  0.0310  0.0312  0.0309  0.0310  0.0307  0.0307
  0.0307  0.0307  0.0306  0.0306  0.0311  0.0307  0.0306  0.0307  0.0306  0.0306  0.0306  0.0306
  0.0305  0.0305  0.0305  0.0305  0.0305  0.0305  0.0305  0.0305  0.0305  0.0305  0.0305  0.0305
  0.0306  0.0306  0.0305  0.0305  0.0305  0.0306  0.0306  0.0307  0.0306  0.0307  0.0305  0.0306
  0.0311  0.0309  0.0307  0.0307  0.0316  0.0309  0.0310  0.0312  0.0309  0.0310  0.0306  0.0308
  0.0318  0.0315  0.0311  0.0312  0.0336  0.0318  0.0316  0.0320  0.0314  0.0316  0.0309  0.0311
niter,ni,del,rscale     3    3    5.0000    0.6000
parameters
   -0.7202  -12.1969   15.8815   -8.6779   -6.3875   -1.6255
    0.2537   -0.2191    1.9281   -0.2083    1.0677   -9.8308
eta,q 0.96954 11.92647
  0.0314  0.0314  0.0310  0.0310  0.0326  0.0315  0.0313  0.0316  0.0311  0.0314  0.0307  0.0309
  0.0309  0.0309  0.0307  0.0308  0.0318  0.0309  0.0308  0.0310  0.0308  0.0309  0.0306  0.0306
  0.0306  0.0306  0.0306  0.0306  0.0310  0.0305  0.0306  0.0306  0.0305  0.0306  0.0305  0.0305
  0.0305  0.0305  0.0305  0.0305  0.0305  0.0305  0.0305  0.0305  0.0305  0.0305  0.0305  0.0305
  0.0306  0.0306  0.0305  0.0305  0.0304  0.0306  0.0306  0.0306  0.0305  0.0306  0.0305  0.0305
  0.0309  0.0309  0.0307  0.0307  0.0311  0.0308  0.0308  0.0310  0.0308  0.0309  0.0306  0.0307
  0.0314  0.0314  0.0310  0.0310  0.0326  0.0314  0.0313  0.0316  0.0311  0.0313  0.0308  0.0309
niter,ni,del,rscale     2    3    5.0000    0.5000
parameters
   -0.7191  -12.2237   15.8691   -8.6567   -6.1960   -1.5975
    0.2504   -0.2228    1.9225   -0.1781    1.1031   -9.9076
eta,q 0.96957 11.93116
  0.0311  0.0311  0.0308  0.0308  0.0321  0.0311  0.0310  0.0312  0.0309  0.0311  0.0306  0.0307
  0.0308  0.0307  0.0306  0.0306  0.0314  0.0307  0.0307  0.0308  0.0306  0.0307  0.0305  0.0306
  0.0305  0.0305  0.0305  0.0305  0.0308  0.0305  0.0305  0.0305  0.0305  0.0305  0.0305  0.0305
  0.0305  0.0305  0.0305  0.0305  0.0305  0.0304  0.0304  0.0304  0.0304  0.0304  0.0304  0.0304
  0.0305  0.0305  0.0305  0.0305  0.0304  0.0305  0.0305  0.0305  0.0305  0.0305  0.0304  0.0305
  0.0307  0.0308  0.0306  0.0306  0.0309  0.0307  0.0307  0.0308  0.0306  0.0307  0.0305  0.0306
  0.0311  0.0311  0.0308  0.0308  0.0319  0.0311  0.0310  0.0312  0.0309  0.0310  0.0306  0.0307
niter,ni,del,rscale     1    3    5.0000    0.4000
parameters
   -0.7147  -12.2620   15.8563   -8.6893   -6.0095   -1.6420
    0.2427   -0.2356    1.8895   -0.1722    1.1619   -9.9083
eta,q 0.96960 11.93274
  0.0309  0.0308  0.0306  0.0307  0.0316  0.0308  0.0308  0.0309  0.0307  0.0308  0.0305  0.0306
  0.0306  0.0306  0.0305  0.0305  0.0311  0.0305  0.0306  0.0306  0.0305  0.0306  0.0305  0.0305
  0.0305  0.0305  0.0304  0.0305  0.0307  0.0304  0.0304  0.0305  0.0304  0.0304  0.0304  0.0304
  0.0304  0.0304  0.0304  0.0304  0.0304  0.0304  0.0304  0.0304  0.0304  0.0304  0.0304  0.0304
  0.0305  0.0305  0.0305  0.0305  0.0304  0.0305  0.0304  0.0305  0.0304  0.0304  0.0304  0.0304
  0.0306  0.0306  0.0305  0.0305  0.0307  0.0306  0.0306  0.0306  0.0305  0.0306  0.0305  0.0305
  0.0308  0.0309  0.0307  0.0307  0.0314  0.0308  0.0308  0.0309  0.0307  0.0308  0.0305  0.0306
registration optimization eta report
parameter search radius
    0.8000    0.8000    0.8000    2.4000    2.4000    2.4000
    2.4000    2.4000    2.4000    2.4000    2.4000    2.4000
100000*second partial in parameter space
       65.       66.       35.        4.       18.        7.
        7.        9.        6.        7.        2.        3.
  0.0309  0.0308  0.0306  0.0307  0.0316  0.0308  0.0308  0.0309  0.0307  0.0308  0.0305  0.0306
  0.0306  0.0306  0.0305  0.0305  0.0311  0.0305  0.0306  0.0306  0.0305  0.0306  0.0305  0.0305
  0.0305  0.0305  0.0304  0.0305  0.0307  0.0304  0.0304  0.0305  0.0304  0.0304  0.0304  0.0304
  0.0304  0.0304  0.0304  0.0304  0.0304  0.0304  0.0304  0.0304  0.0304  0.0304  0.0304  0.0304
  0.0305  0.0305  0.0305  0.0305  0.0304  0.0305  0.0304  0.0305  0.0304  0.0304  0.0304  0.0304
  0.0306  0.0306  0.0305  0.0305  0.0307  0.0306  0.0306  0.0306  0.0305  0.0306  0.0305  0.0305
  0.0308  0.0309  0.0307  0.0307  0.0314  0.0308  0.0308  0.0309  0.0307  0.0308  0.0305  0.0306
   -0.7147  -12.2620   15.8563   -8.6893   -6.0095   -1.6420
    0.2427   -0.2356    1.8895   -0.1722    1.1619   -9.9083
eta,q 0.96960 11.93274

---------------------------------------------------------------------
compute_vox2vox talsrcimg talsrcimg_to_711-2C_as_mni_average_305_t4 /opt/freesurfer/average/711-2C_as_mni_average_305
---------------------------------------------------------------------

freesurfer compute_vox2vox.c
Reading: talsrcimg.4dfp.ifh
Reading: talsrcimg_to_711-2C_as_mni_average_305_t4
Reading: /opt/freesurfer/average/711-2C_as_mni_average_305.4dfp.ifh
Writing: talsrcimg_to_711-2C_as_mni_average_305_t4_vox2vox.txt

start time Mon Mar 9 18:52:51 CET 2026
end		time Mon Mar 9 18:54:18 CET 2026

mpr2mni305 success

avi2talxfm orig_nu.mgz /opt/freesurfer/average/mni305.cor.mgz talsrcimg_to_711-2C_as_mni_average_305_t4_vox2vox.txt transforms/talairach.auto.xfm
avi2talxfm done
mv -f /out/sourcedata/freesurfer/sub-v1s23x0050570_ses-1/mri/talsrcimg_to_711-2C_as_mni_average_305_t4_vox2vox.txt /out/sourcedata/freesurfer/sub-v1s23x0050570_ses-1/mri/transforms/talsrcimg_to_711-2C_as_mni_average_305_t4_vox2vox.txt
lta_convert --src orig_nu.mgz --trg /opt/freesurfer/average/mni305.cor.mgz --inxfm transforms/talairach.auto.xfm --outlta transforms/talairach.auto.xfm.lta --subject fsaverage
7.3.2

--src: orig_nu.mgz src image (geometry).
--trg: /opt/freesurfer/average/mni305.cor.mgz trg image (geometry).
--inmni: transforms/talairach.auto.xfm input MNI/XFM transform.
--outlta: transforms/talairach.auto.xfm.lta output LTA.
--s: fsaverage subject name
 LTA read, type : 1
 1.09518   0.00262  -0.00255  -31.12505;
-0.01516   1.01685   0.10723   30.68266;
-0.02204   0.00181   1.06419  -17.67123;
 0.00000   0.00000   0.00000   1.00000;
setting subject to fsaverage
Writing  LTA to file transforms/talairach.auto.xfm.lta...
lta_convert successful.
 
 
Started at Mon Mar 9 18:52:50 CET 2026
Ended   at Mon Mar  9 18:54:18 CET 2026
talairach_avi done
