/out/sourcedata/freesurfer/sub-v1s23x0050556_ses-1/mri
/opt/freesurfer/bin/talairach_avi
--i orig_nu.mgz --xfm transforms/talairach.auto.xfm
talairach_avi 7.3.2
Linux dna010 5.14.0-427.37.1.el9_4.x86_64 #1 SMP PREEMPT_DYNAMIC Fri Sep 13 12:41:50 EDT 2024 x86_64 x86_64 x86_64 GNU/Linux
Mon Mar  9 17:18:40 CET 2026
mri_convert orig_nu.mgz talsrcimg.img 
reading from orig_nu.mgz...
TR=0.00, TE=0.00, TI=0.00, flip angle=0.00
i_ras = (-1, 0, 0)
j_ras = (0, 0, -1)
k_ras = (0, 1, 0)
writing to talsrcimg.img...
Analyze Output Matrix
-1.00000   0.00000   0.00000   170.28395;
 0.00000   0.00000   1.00000  -177.50182;
 0.00000  -1.00000   0.00000   158.51396;
 0.00000   0.00000   0.00000   1.00000;
--------------------
INFO: set hdr.hist.orient to -1
mpr2mni305 talsrcimg
Mon Mar  9 17:18:41 CET 2026
/opt/freesurfer/bin/mpr2mni305 talsrcimg
mpr2mni305 7.3.2
target=711-2C_as_mni_average_305

---------------------------------------------------------------------
analyzeto4dfp talsrcimg -O0 -y
---------------------------------------------------------------------

freesurfer ifh2hdr.c
Mon Mar  9 17:18:41 2026
Writing: talsrcimg.4dfp.hdr
freesurfer analyzeto4dfp.c
Reading: talsrcimg.hdr
header size 348 bytes
hdr.dime.datatype	offset=70	value=2
hdr.dime.bitpix		offset=72	value=8
hdr.hist.orient		offset=252	value=-1
dimensionality     4
dimensions       256       256       256         1
Reading: talsrcimg.img
Writing: talsrcimg.4dfp.img
Writing: talsrcimg.4dfp.ifh
ifh2hdr talsrcimg -r0to222
ori=2

---------------------------------------------------------------------
gauss_4dfp talsrcimg 1.1
---------------------------------------------------------------------

freesurfer gauss_4dfp.c
Reading: talsrcimg.4dfp.img
Writing: talsrcimg_g11.4dfp.img
image dimensions 256 256 256 padded to 288 288 288
processing volume 1freesurfer ifh2hdr.c
Mon Mar  9 17:18:43 2026
Writing: talsrcimg_g11.4dfp.hdr

Writing: talsrcimg_g11.4dfp.ifh
including: talsrcimg.4dfp.img.rec in talsrcimg_g11.4dfp.img.rec

---------------------------------------------------------------------
imgreg_4dfp /opt/freesurfer/average/711-2C_as_mni_average_305 none talsrcimg_g11 none talsrcimg_to_711-2C_as_mni_average_305_t4 4355
---------------------------------------------------------------------

freesurfer imgreg_4dfp.c
/opt/freesurfer/average/711-2C_as_mni_average_305.4dfp.img
       256       256       256         1
  1.000000  1.000000  1.000000
orientation T byte_order littleendian
Reading image: /opt/freesurfer/average/711-2C_as_mni_average_305.4dfp.img
dimensions:      256       256       256
mmppix:       1.0000   -1.0000   -1.0000
center:     128.0000 -129.0000 -129.0000
talsrcimg_g11.4dfp.img
       256       256       256         1
  1.000000  1.000000  1.000000
orientation T byte_order littleendian
Reading image: talsrcimg_g11.4dfp.img
dimensions:      256       256       256
mmppix:       1.0000   -1.0000   -1.0000
center:     128.0000 -129.0000 -129.0000
t4_read: open error in t4_sub.f l:  41 t4_file(1:l)talsrcimg_to_711-2C_as_mni_average_305_t4 
t4_read: transform initialized to I4
rotation matrix determinant  1.000000
image alignment mode   4355 decimal     1103 hex
   -7.5000  -45.0000  -45.0000 9068.8438   25.6804
    0.0000  -45.0000  -45.0000 9479.6064   25.7020
    7.5000  -45.0000  -45.0000 9034.7266   25.7168
   -7.5000  -37.5000  -45.0000 9499.9326   25.6638
    0.0000  -37.5000  -45.0000 9934.8945   25.6836
    7.5000  -37.5000  -45.0000 9457.1582   25.6998
   -7.5000  -30.0000  -45.000010221.6611   25.6492
    0.0000  -30.0000  -45.000010694.3965   25.6626
    7.5000  -30.0000  -45.000010183.5439   25.6765
   -7.5000  -22.5000  -45.000010933.0225   25.6515
    0.0000  -22.5000  -45.000011449.9541   25.6608
    7.5000  -22.5000  -45.000010889.9453   25.6734
   -7.5000  -15.0000  -45.000011613.3750   25.6600
    0.0000  -15.0000  -45.000012167.3154   25.6707
    7.5000  -15.0000  -45.000011543.4883   25.6850
   -7.5000   -7.5000  -45.000012118.4131   25.6700
    0.0000   -7.5000  -45.000012679.8672   25.6865
    7.5000   -7.5000  -45.000012010.4033   25.7010
   -7.5000    0.0000  -45.000012449.9014   25.6736
    0.0000    0.0000  -45.000013032.2100   25.6954
    7.5000    0.0000  -45.000012327.4482   25.7103
   -7.5000    7.5000  -45.000011894.4658   25.6611
    0.0000    7.5000  -45.000012426.7207   25.6810
    7.5000    7.5000  -45.000011754.4180   25.6973
   -7.5000   15.0000  -45.000011147.9727   25.6489
    0.0000   15.0000  -45.000011634.0684   25.6623
    7.5000   15.0000  -45.000011018.5928   25.6762
   -7.5000   22.5000  -45.000010300.0938   25.6479
    0.0000   22.5000  -45.000010719.7617   25.6573
    7.5000   22.5000  -45.000010145.7324   25.6698
   -7.5000   30.0000  -45.0000 9369.5752   25.3181
    0.0000   30.0000  -45.0000 9737.2637   25.3286
    7.5000   30.0000  -45.0000 9217.9521   25.3428
   -7.5000   37.5000  -45.0000 8812.7617   25.3383
    0.0000   37.5000  -45.0000 9165.9160   25.3542
    7.5000   37.5000  -45.0000 8683.0469   25.3686
   -7.5000   45.0000  -45.0000 7947.4268   24.8616
    0.0000   45.0000  -45.0000 8211.6123   24.8842
    7.5000   45.0000  -45.0000 7809.9175   24.8983
   -7.5000  -45.0000  -37.5000 9485.6387   25.7035
    0.0000  -45.0000  -37.5000 9929.7178   25.7360
    7.5000  -45.0000  -37.5000 9462.3574   25.7577
   -7.5000  -37.5000  -37.5000 9936.0840   25.6686
    0.0000  -37.5000  -37.500010403.4053   25.7008
    7.5000  -37.5000  -37.5000 9908.2559   25.7258
   -7.5000  -30.0000  -37.500010724.0596   25.6392
    0.0000  -30.0000  -37.500011203.2598   25.6620
    7.5000  -30.0000  -37.500010673.9258   25.6846
   -7.5000  -22.5000  -37.500011460.5303   25.6455
    0.0000  -22.5000  -37.500011996.2646   25.6600
    7.5000  -22.5000  -37.500011407.9844   25.6793
   -7.5000  -15.0000  -37.500012187.9033   25.6715
    0.0000  -15.0000  -37.500012762.4932   25.6852
    7.5000  -15.0000  -37.500012089.3652   25.7037
   -7.5000   -7.5000  -37.500012707.9629   25.6954
    0.0000   -7.5000  -37.500013314.3037   25.7180
    7.5000   -7.5000  -37.500012606.3242   25.7364
   -7.5000    0.0000  -37.500013032.7090   25.6966
    0.0000    0.0000  -37.500013669.8154   25.7295
    7.5000    0.0000  -37.500012929.4883   25.7511
   -7.5000    7.5000  -37.500012415.2646   25.6659
    0.0000    7.5000  -37.500012990.9170   25.6982
    7.5000    7.5000  -37.500012288.2529   25.7233
   -7.5000   15.0000  -37.500011651.0527   25.6388
    0.0000   15.0000  -37.500012182.3369   25.6616
    7.5000   15.0000  -37.500011524.8486   25.6842
   -7.5000   22.5000  -37.500010748.9170   25.6420
    0.0000   22.5000  -37.500011240.2617   25.6565
    7.5000   22.5000  -37.500010613.1973   25.6758
   -7.5000   30.0000  -37.5000 9760.5420   25.3294
    0.0000   30.0000  -37.500010171.2520   25.3429
    7.5000   30.0000  -37.5000 9621.3076   25.3612
   -7.5000   37.5000  -37.5000 9189.0947   25.3625
    0.0000   37.5000  -37.5000 9569.3613   25.3846
    7.5000   37.5000  -37.5000 9042.9707   25.4033
   -7.5000   45.0000  -37.5000 8293.0137   24.8842
    0.0000   45.0000  -37.5000 8591.1270   24.9154
    7.5000   45.0000  -37.5000 8160.7207   24.9351
   -7.5000  -45.0000  -30.000010028.0068   26.7998
    0.0000  -45.0000  -30.000010477.6758   26.8338
    7.5000  -45.0000  -30.000010007.7480   26.8632
   -7.5000  -37.5000  -30.000010551.2139   26.7700
    0.0000  -37.5000  -30.000011017.8252   26.8033
    7.5000  -37.5000  -30.000010531.2021   26.8312
   -7.5000  -30.0000  -30.000011365.0674   26.7445
    0.0000  -30.0000  -30.000011865.5635   26.7710
    7.5000  -30.0000  -30.000011345.4385   26.7929
   -7.5000  -22.5000  -30.000012116.2158   26.7472
    0.0000  -22.5000  -30.000012672.5049   26.7685
    7.5000  -22.5000  -30.000012082.9756   26.7890
   -7.5000  -15.0000  -30.000012860.8652   26.7656
    0.0000  -15.0000  -30.000013448.2051   26.7869
    7.5000  -15.0000  -30.000012775.3242   26.8107
   -7.5000   -7.5000  -30.000013454.0752   26.7881
    0.0000   -7.5000  -30.000014072.0127   26.8152
    7.5000   -7.5000  -30.000013362.9346   26.8422
   -7.5000    0.0000  -30.000013828.4707   26.7928
    0.0000    0.0000  -30.000014502.2676   26.8270
    7.5000    0.0000  -30.000013744.6572   26.8565
   -7.5000    7.5000  -30.000013110.1221   26.7672
    0.0000    7.5000  -30.000013729.0342   26.8006
    7.5000    7.5000  -30.000013000.8330   26.8286
   -7.5000   15.0000  -30.000012275.6787   26.7441
    0.0000   15.0000  -30.000012856.2041   26.7705
    7.5000   15.0000  -30.000012169.8643   26.7925
   -7.5000   22.5000  -30.000011342.6162   26.7407
    0.0000   22.5000  -30.000011887.8203   26.7621
    7.5000   22.5000  -30.000011226.4043   26.7826
   -7.5000   30.0000  -30.000010310.0098   26.4115
    0.0000   30.0000  -30.000010785.2129   26.4324
    7.5000   30.0000  -30.000010183.6621   26.4559
   -7.5000   37.5000  -30.0000 9688.2041   26.4424
    0.0000   37.5000  -30.000010112.2617   26.4694
    7.5000   37.5000  -30.0000 9557.6035   26.4966
   -7.5000   45.0000  -30.0000 8733.5117   25.9646
    0.0000   45.0000  -30.0000 9074.4785   25.9958
    7.5000   45.0000  -30.0000 8611.0010   26.0232
   -7.5000  -45.0000  -22.500010589.0977   27.7214
    0.0000  -45.0000  -22.500011040.4150   27.7433
    7.5000  -45.0000  -22.500010537.5928   27.7721
   -7.5000  -37.5000  -22.500011157.1797   27.7242
    0.0000  -37.5000  -22.500011632.6602   27.7428
    7.5000  -37.5000  -22.500011105.0889   27.7626
   -7.5000  -30.0000  -22.500012033.3936   27.7233
    0.0000  -30.0000  -22.500012545.8037   27.7406
    7.5000  -30.0000  -22.500012001.4854   27.7507
   -7.5000  -22.5000  -22.500012790.5049   27.7133
    0.0000  -22.5000  -22.500013323.6504   27.7347
    7.5000  -22.5000  -22.500012742.1113   27.7470
   -7.5000  -15.0000  -22.500013552.0908   27.6985
    0.0000  -15.0000  -22.500014102.8174   27.7237
    7.5000  -15.0000  -22.500013465.8965   27.7462
   -7.5000   -7.5000  -22.500014149.0957   27.7011
    0.0000   -7.5000  -22.500014764.3730   27.7255
    7.5000   -7.5000  -22.500014081.1279   27.7550
   -7.5000    0.0000  -22.500014531.6211   27.7141
    0.0000    0.0000  -22.500015155.6436   27.7364
    7.5000    0.0000  -22.500014467.4648   27.7652
   -7.5000    7.5000  -22.500013774.7715   27.7214
    0.0000    7.5000  -22.500014368.4141   27.7400
    7.5000    7.5000  -22.500013693.1592   27.7599
   -7.5000   15.0000  -22.500012887.3682   27.7229
    0.0000   15.0000  -22.500013448.8076   27.7401
    7.5000   15.0000  -22.500012780.2979   27.7503
   -7.5000   22.5000  -22.500011910.3223   27.7048
    0.0000   22.5000  -22.500012429.9795   27.7261
    7.5000   22.5000  -22.500011803.1553   27.7384
   -7.5000   30.0000  -22.500010819.0918   27.3362
    0.0000   30.0000  -22.500011307.3604   27.3610
    7.5000   30.0000  -22.500010715.3311   27.3832
   -7.5000   37.5000  -22.500010170.4170   27.3476
    0.0000   37.5000  -22.500010592.2207   27.3721
    7.5000   37.5000  -22.500010043.5068   27.4015
   -7.5000   45.0000  -22.5000 9154.7559   26.8771
    0.0000   45.0000  -22.5000 9509.9062   26.8977
    7.5000   45.0000  -22.5000 9030.8125   26.9259
   -7.5000  -45.0000  -15.000011144.4932   28.3702
    0.0000  -45.0000  -15.000011597.1416   28.3828
    7.5000  -45.0000  -15.000011043.3525   28.4046
   -7.5000  -37.5000  -15.000011787.8135   28.4027
    0.0000  -37.5000  -15.000012259.2471   28.4094
    7.5000  -37.5000  -15.000011698.4688   28.4193
   -7.5000  -30.0000  -15.000012736.1738   28.4235
    0.0000  -30.0000  -15.000013283.7354   28.4310
    7.5000  -30.0000  -15.000012672.4932   28.4307
   -7.5000  -22.5000  -15.000013473.3154   28.4029
    0.0000  -22.5000  -15.000014045.8682   28.4197
    7.5000  -22.5000  -15.000013429.8936   28.4234
   -7.5000  -15.0000  -15.000014181.9199   28.3590
    0.0000  -15.0000  -15.000014735.0742   28.3823
    7.5000  -15.0000  -15.000014174.3994   28.4000
   -7.5000   -7.5000  -15.000014782.6426   28.3422
    0.0000   -7.5000  -15.000015355.9004   28.3624
    7.5000   -7.5000  -15.000014797.4707   28.3883
   -7.5000    0.0000  -15.000015168.4854   28.3628
    0.0000    0.0000  -15.000015758.3594   28.3757
    7.5000    0.0000  -15.000015175.2354   28.3976
   -7.5000    7.5000  -15.000014377.7715   28.3998
    0.0000    7.5000  -15.000014962.5449   28.4066
    7.5000    7.5000  -15.000014378.7100   28.4165
   -7.5000   15.0000  -15.000013464.7266   28.4231
    0.0000   15.0000  -15.000013986.4570   28.4306
    7.5000   15.0000  -15.000013415.5898   28.4304
   -7.5000   22.5000  -15.000012469.4902   28.3929
    0.0000   22.5000  -15.000012952.0850   28.4096
    7.5000   22.5000  -15.000012375.9355   28.4133
   -7.5000   30.0000  -15.000011342.9736   27.9919
    0.0000   30.0000  -15.000011800.8965   28.0150
    7.5000   30.0000  -15.000011238.0781   28.0324
   -7.5000   37.5000  -15.000010637.0225   27.9853
    0.0000   37.5000  -15.000011059.1914   28.0054
    7.5000   37.5000  -15.000010499.5918   28.0310
   -7.5000   45.0000  -15.0000 9562.9502   27.5226
    0.0000   45.0000  -15.0000 9951.2168   27.5363
    7.5000   45.0000  -15.0000 9459.3701   27.5590
   -7.5000  -45.0000   -7.500011728.5098   28.6779
    0.0000  -45.0000   -7.500012155.4531   28.6919
    7.5000  -45.0000   -7.500011563.1924   28.7085
   -7.5000  -37.5000   -7.500012456.4541   28.6962
    0.0000  -37.5000   -7.500012943.9746   28.7057
    7.5000  -37.5000   -7.500012308.0410   28.7154
   -7.5000  -30.0000   -7.500013450.2354   28.7074
    0.0000  -30.0000   -7.500014028.9795   28.7150
    7.5000  -30.0000   -7.500013361.1045   28.7181
   -7.5000  -22.5000   -7.500014012.6855   28.6953
    0.0000  -22.5000   -7.500014413.0771   28.7071
    7.5000  -22.5000   -7.500014039.9912   28.7128
   -7.5000  -15.0000   -7.500014558.3975   28.6664
    0.0000  -15.0000   -7.500014887.0029   28.6834
    7.5000  -15.0000   -7.500014698.2871   28.6991
   -7.5000   -7.5000   -7.500015250.8291   28.6554
    0.0000   -7.5000   -7.500015653.9229   28.6727
    7.5000   -7.5000   -7.500015369.2656   28.6930
   -7.5000    0.0000   -7.500015771.1465   28.6704
    0.0000    0.0000   -7.500016269.5781   28.6846
    7.5000    0.0000   -7.500015834.1406   28.7013
   -7.5000    7.5000   -7.500014998.6689   28.6932
    0.0000    7.5000   -7.500015524.7793   28.7029
    7.5000    7.5000   -7.500014994.4453   28.7126
   -7.5000   15.0000   -7.500014047.8789   28.7070
    0.0000   15.0000   -7.500014541.0059   28.7146
    7.5000   15.0000   -7.500014002.9561   28.7178
   -7.5000   22.5000   -7.500013029.1025   28.6820
    0.0000   22.5000   -7.500013467.2432   28.6939
    7.5000   22.5000   -7.500012921.8330   28.6995
   -7.5000   30.0000   -7.500011867.1602   28.2947
    0.0000   30.0000   -7.500012285.2754   28.3115
    7.5000   30.0000   -7.500011765.1455   28.3269
   -7.5000   37.5000   -7.500011145.6270   28.2950
    0.0000   37.5000   -7.500011531.5732   28.3119
    7.5000   37.5000   -7.500011029.7324   28.3318
   -7.5000   45.0000   -7.500010053.8750   27.8264
    0.0000   45.0000   -7.500010424.5771   27.8428
    7.5000   45.0000   -7.5000 9949.5566   27.8600
   -7.5000  -45.0000    0.000012101.3418   28.7222
    0.0000  -45.0000    0.000012519.4014   28.7463
    7.5000  -45.0000    0.000011921.7051   28.7631
   -7.5000  -37.5000    0.000012872.8066   28.7039
    0.0000  -37.5000    0.000013350.4629   28.7261
    7.5000  -37.5000    0.000012732.1689   28.7444
   -7.5000  -30.0000    0.000013885.7510   28.6876
    0.0000  -30.0000    0.000014443.5908   28.7027
    7.5000  -30.0000    0.000013842.5654   28.7184
   -7.5000  -22.5000    0.000014523.4707   28.6898
    0.0000  -22.5000    0.000014926.8945   28.7004
    7.5000  -22.5000    0.000014615.0957   28.7146
   -7.5000  -15.0000    0.000015249.0703   28.6990
    0.0000  -15.0000    0.000015580.0352   28.7111
    7.5000  -15.0000    0.000015341.4600   28.7273
   -7.5000   -7.5000    0.000016048.1436   28.7102
    0.0000   -7.5000    0.000016524.0605   28.7286
    7.5000   -7.5000    0.000016044.6074   28.7452
   -7.5000    0.0000    0.000016561.1406   28.7146
    0.0000    0.0000    0.000017149.9844   28.7389
    7.5000    0.0000    0.000016507.3242   28.7557
   -7.5000    7.5000    0.000015645.5928   28.7009
    0.0000    7.5000    0.000016202.7383   28.7232
    7.5000    7.5000    0.000015555.1445   28.7415
   -7.5000   15.0000    0.000014590.9141   28.6872
    0.0000   15.0000    0.000015110.2100   28.7023
    7.5000   15.0000    0.000014487.1963   28.7180
   -7.5000   22.5000    0.000013468.9922   28.6766
    0.0000   22.5000    0.000013946.2207   28.6872
    7.5000   22.5000    0.000013335.4883   28.7014
   -7.5000   30.0000    0.000012256.0361   28.3276
    0.0000   30.0000    0.000012692.7881   28.3395
    7.5000   30.0000    0.000012105.4102   28.3556
   -7.5000   37.5000    0.000011425.2754   28.3502
    0.0000   37.5000    0.000011850.5508   28.3680
    7.5000   37.5000    0.000011283.0264   28.3845
   -7.5000   45.0000    0.000010299.2480   27.8717
    0.0000   45.0000    0.000010666.7607   27.8971
    7.5000   45.0000    0.000010151.2490   27.9131
   -7.5000  -45.0000    7.500011429.2529   28.7552
    0.0000  -45.0000    7.500011893.1865   28.7916
    7.5000  -45.0000    7.500011321.8555   28.8159
   -7.5000  -37.5000    7.500012149.7461   28.7166
    0.0000  -37.5000    7.500012721.2979   28.7527
    7.5000  -37.5000    7.500012064.0615   28.7807
   -7.5000  -30.0000    7.500013116.7920   28.6840
    0.0000  -30.0000    7.500013758.0078   28.7096
    7.5000  -30.0000    7.500013084.0059   28.7349
   -7.5000  -22.5000    7.500013910.6865   28.6909
    0.0000  -22.5000    7.500014538.3477   28.7071
    7.5000  -22.5000    7.500013858.2988   28.7289
   -7.5000  -15.0000    7.500014744.5273   28.7194
    0.0000  -15.0000    7.500015429.1709   28.7349
    7.5000  -15.0000    7.500014657.9336   28.7557
   -7.5000   -7.5000    7.500015456.7686   28.7460
    0.0000   -7.5000    7.500016163.7285   28.7712
    7.5000   -7.5000    7.500015325.6904   28.7920
   -7.5000    0.0000    7.500015869.3975   28.7475
    0.0000    0.0000    7.500016533.8594   28.7842
    7.5000    0.0000    7.500015727.6221   28.8086
   -7.5000    7.5000    7.500014928.4775   28.7136
    0.0000    7.5000    7.500015478.0293   28.7498
    7.5000    7.5000    7.500014793.2998   28.7779
   -7.5000   15.0000    7.500013885.8926   28.6836
    0.0000   15.0000    7.500014376.5332   28.7091
    7.5000   15.0000    7.500013757.5957   28.7345
   -7.5000   22.5000    7.500012811.0635   28.6776
    0.0000   22.5000    7.500013266.4395   28.6939
    7.5000   22.5000    7.500012680.3789   28.7156
   -7.5000   30.0000    7.500011647.1777   28.3478
    0.0000   30.0000    7.500012029.0928   28.3630
    7.5000   30.0000    7.500011516.8232   28.3836
   -7.5000   37.5000    7.500010894.3311   28.3846
    0.0000   37.5000    7.500011237.2637   28.4094
    7.5000   37.5000    7.500010745.1504   28.4304
   -7.5000   45.0000    7.5000 9800.2852   27.9042
    0.0000   45.0000    7.500010099.7002   27.9391
    7.5000   45.0000    7.5000 9671.3672   27.9613
   -7.5000  -45.0000   15.000010661.0762   28.7993
    0.0000  -45.0000   15.000011180.7412   28.8359
    7.5000  -45.0000   15.000010605.0654   28.8679
   -7.5000  -37.5000   15.000011303.3018   28.7671
    0.0000  -37.5000   15.000011859.4287   28.8031
    7.5000  -37.5000   15.000011254.0566   28.8335
   -7.5000  -30.0000   15.000012215.4971   28.7400
    0.0000  -30.0000   15.000012754.1631   28.7685
    7.5000  -30.0000   15.000012152.5010   28.7924
   -7.5000  -22.5000   15.000013021.6602   28.7431
    0.0000  -22.5000   15.000013531.8877   28.7661
    7.5000  -22.5000   15.000012911.8623   28.7884
   -7.5000  -15.0000   15.000013804.4893   28.7631
    0.0000  -15.0000   15.000014348.5107   28.7860
    7.5000  -15.0000   15.000013682.3721   28.8117
   -7.5000   -7.5000   15.000014433.3086   28.7870
    0.0000   -7.5000   15.000014981.0791   28.8163
    7.5000   -7.5000   15.000014300.9521   28.8455
   -7.5000    0.0000   15.000014844.2764   28.7917
    0.0000    0.0000   15.000015398.1826   28.8286
    7.5000    0.0000   15.000014694.8418   28.8606
   -7.5000    7.5000   15.000014008.4443   28.7641
    0.0000    7.5000   15.000014529.3311   28.8002
    7.5000    7.5000   15.000013895.5498   28.8306
   -7.5000   15.0000   15.000013044.9141   28.7395
    0.0000   15.0000   15.000013540.4727   28.7680
    7.5000   15.0000   15.000012950.7695   28.7920
   -7.5000   22.5000   15.000012030.2988   28.7299
    0.0000   22.5000   15.000012497.0371   28.7529
    7.5000   22.5000   15.000011943.4834   28.7751
   -7.5000   30.0000   15.000010916.1523   28.3908
    0.0000   30.0000   15.000011315.0527   28.4134
    7.5000   30.0000   15.000010824.4268   28.4388
   -7.5000   37.5000   15.000010194.2480   28.4239
    0.0000   37.5000   15.000010573.2891   28.4530
    7.5000   37.5000   15.000010090.3174   28.4825
   -7.5000   45.0000   15.0000 9169.5049   27.9470
    0.0000   45.0000   15.0000 9506.9082   27.9807
    7.5000   45.0000   15.0000 9071.4434   28.0105
   -7.5000  -45.0000   22.5000 9787.1338   28.9227
    0.0000  -45.0000   22.500010248.8193   28.9467
    7.5000  -45.0000   22.5000 9734.5322   28.9783
   -7.5000  -37.5000   22.500010338.4746   28.9254
    0.0000  -37.5000   22.500010828.1582   28.9457
    7.5000  -37.5000   22.500010278.1035   28.9679
   -7.5000  -30.0000   22.500011189.6602   28.9241
    0.0000  -30.0000   22.500011690.2158   28.9429
    7.5000  -30.0000   22.500011102.6943   28.9548
   -7.5000  -22.5000   22.500011959.5918   28.9135
    0.0000  -22.5000   22.500012459.5723   28.9367
    7.5000  -22.5000   22.500011849.2969   28.9508
   -7.5000  -15.0000   22.500012669.8555   28.8981
    0.0000  -15.0000   22.500013190.8232   28.9255
    7.5000  -15.0000   22.500012566.1885   28.9503
   -7.5000   -7.5000   22.500013217.5898   28.9012
    0.0000   -7.5000   22.500013747.2695   28.9280
    7.5000   -7.5000   22.500013105.7568   28.9602
   -7.5000    0.0000   22.500013596.4580   28.9151
    0.0000    0.0000   22.500014142.9814   28.9394
    7.5000    0.0000   22.500013488.6045   28.9711
   -7.5000    7.5000   22.500012891.5967   28.9224
    0.0000    7.5000   22.500013415.1885   28.9428
    7.5000    7.5000   22.500012799.7422   28.9650
   -7.5000   15.0000   22.500012038.5352   28.9237
    0.0000   15.0000   22.500012528.8389   28.9425
    7.5000   15.0000   22.500011960.3848   28.9544
   -7.5000   22.5000   22.500011094.8418   28.9001
    0.0000   22.5000   22.500011541.6660   28.9233
    7.5000   22.5000   22.500011026.0283   28.9374
   -7.5000   30.0000   22.500010089.8096   28.5241
    0.0000   30.0000   22.500010493.0176   28.5512
    7.5000   30.0000   22.500010001.0166   28.5756
   -7.5000   37.5000   22.5000 9455.3574   28.5365
    0.0000   37.5000   22.5000 9812.3203   28.5633
    7.5000   37.5000   22.5000 9365.7031   28.5954
   -7.5000   45.0000   22.5000 8514.8008   28.0672
    0.0000   45.0000   22.5000 8823.3398   28.0897
    7.5000   45.0000   22.5000 8447.8750   28.1207
   -7.5000  -45.0000   30.0000 9011.2666   29.5888
    0.0000  -45.0000   30.0000 9430.9297   29.6030
    7.5000  -45.0000   30.0000 8954.1328   29.6261
   -7.5000  -37.5000   30.0000 9517.4912   29.6237
    0.0000  -37.5000   30.0000 9950.9561   29.6313
    7.5000  -37.5000   30.0000 9453.0693   29.6415
   -7.5000  -30.0000   30.000010291.0439   29.6447
    0.0000  -30.0000   30.000010732.0215   29.6527
    7.5000  -30.0000   30.000010202.5947   29.6523
   -7.5000  -22.5000   30.000010981.6396   29.6212
    0.0000  -22.5000   30.000011445.6992   29.6392
    7.5000  -22.5000   30.000010894.5605   29.6431
   -7.5000  -15.0000   30.000011634.3779   29.5738
    0.0000  -15.0000   30.000012114.8857   29.5993
    7.5000  -15.0000   30.000011550.7539   29.6182
   -7.5000   -7.5000   30.000012149.3096   29.5573
    0.0000   -7.5000   30.000012628.7461   29.5797
    7.5000   -7.5000   30.000012069.9922   29.6072
   -7.5000    0.0000   30.000012514.9854   29.5809
    0.0000    0.0000   30.000013004.6445   29.5954
    7.5000    0.0000   30.000012422.9912   29.6186
   -7.5000    7.5000   30.000011878.7627   29.6206
    0.0000    7.5000   30.000012367.1582   29.6283
    7.5000    7.5000   30.000011796.4648   29.6385
   -7.5000   15.0000   30.000011088.4678   29.6442
    0.0000   15.0000   30.000011526.2207   29.6523
    7.5000   15.0000   30.000011023.2568   29.6519
   -7.5000   22.5000   30.000010251.0732   29.6075
    0.0000   22.5000   30.000010649.2041   29.6255
    7.5000   22.5000   30.000010168.7832   29.6295
   -7.5000   30.0000   30.0000 9353.4541   29.1910
    0.0000   30.0000   30.0000 9708.9795   29.2162
    7.5000   30.0000   30.0000 9272.9580   29.2348
   -7.5000   37.5000   30.0000 8780.8564   29.1853
    0.0000   37.5000   30.0000 9092.5908   29.2077
    7.5000   37.5000   30.0000 8699.0195   29.2348
   -7.5000   45.0000   30.0000 7899.0425   28.7180
    0.0000   45.0000   30.0000 8185.2520   28.7333
    7.5000   45.0000   30.0000 7845.0269   28.7574
   -7.5000  -45.0000   37.5000 8631.3584   30.6795
    0.0000  -45.0000   37.5000 9010.1016   30.6879
    7.5000  -45.0000   37.5000 8589.5342   30.7010
   -7.5000  -37.5000   37.5000 9094.8955   30.7016
    0.0000  -37.5000   37.5000 9481.2344   30.7044
    7.5000  -37.5000   37.5000 9045.2520   30.7096
   -7.5000  -30.0000   37.5000 9825.9014   30.7157
    0.0000  -30.0000   37.500010223.7344   30.7161
    7.5000  -30.0000   37.5000 9752.6963   30.7151
   -7.5000  -22.5000   37.500010473.8066   30.7021
    0.0000  -22.5000   37.500010905.4355   30.7079
    7.5000  -22.5000   37.500010395.4072   30.7110
   -7.5000  -15.0000   37.500011071.4014   30.6681
    0.0000  -15.0000   37.500011515.9541   30.6803
    7.5000  -15.0000   37.500010983.8711   30.6950
   -7.5000   -7.5000   37.500011586.4463   30.6540
    0.0000   -7.5000   37.500012038.6143   30.6666
    7.5000   -7.5000   37.500011510.7402   30.6853
   -7.5000    0.0000   37.500011953.6230   30.6710
    0.0000    0.0000   37.500012415.5039   30.6797
    7.5000    0.0000   37.500011861.4844   30.6927
   -7.5000    7.5000   37.500011334.4746   30.6983
    0.0000    7.5000   37.500011774.9785   30.7012
    7.5000    7.5000   37.500011249.7959   30.7064
   -7.5000   15.0000   37.500010605.4844   30.7153
    0.0000   15.0000   37.500011013.8105   30.7157
    7.5000   15.0000   37.500010527.7490   30.7147
   -7.5000   22.5000   37.5000 9808.8682   30.6880
    0.0000   22.5000   37.500010196.5547   30.6938
    7.5000   22.5000   37.5000 9732.3975   30.6968
   -7.5000   30.0000   37.5000 9018.2959   30.2712
    0.0000   30.0000   37.5000 9344.7988   30.2833
    7.5000   30.0000   37.5000 8929.8848   30.2978
   -7.5000   37.5000   37.5000 8494.1680   30.2701
    0.0000   37.5000   37.5000 8782.9766   30.2823
    7.5000   37.5000   37.5000 8393.5225   30.3007
   -7.5000   45.0000   37.5000 7651.9629   29.7845
    0.0000   45.0000   37.5000 7908.6934   29.7957
    7.5000   45.0000   37.5000 7568.4038   29.8096
   -7.5000  -45.0000   45.0000 7893.8271   31.9377
    0.0000  -45.0000   45.0000 8237.6123   31.9671
    7.5000  -45.0000   45.0000 7886.8506   31.9914
   -7.5000  -37.5000   45.0000 8316.2168   31.9339
    0.0000  -37.5000   45.0000 8643.7871   31.9583
    7.5000  -37.5000   45.0000 8286.8516   31.9843
   -7.5000  -30.0000   45.0000 8980.7217   31.9330
    0.0000  -30.0000   45.0000 9330.7910   31.9473
    7.5000  -30.0000   45.0000 8940.1807   31.9714
   -7.5000  -22.5000   45.0000 9591.5273   31.9351
    0.0000  -22.5000   45.0000 9977.6396   31.9455
    7.5000  -22.5000   45.0000 9539.1768   31.9696
   -7.5000  -15.0000   45.000010140.1406   31.9285
    0.0000  -15.0000   45.000010550.4434   31.9435
    7.5000  -15.0000   45.000010075.0391   31.9708
   -7.5000   -7.5000   45.000010607.6123   31.9240
    0.0000   -7.5000   45.000011015.7588   31.9480
    7.5000   -7.5000   45.000010540.7119   31.9738
   -7.5000    0.0000   45.000010942.3662   31.9283
    0.0000    0.0000   45.000011366.7881   31.9579
    7.5000    0.0000   45.000010896.8506   31.9822
   -7.5000    7.5000   45.000010380.1367   31.9302
    0.0000    7.5000   45.000010788.3545   31.9547
    7.5000    7.5000   45.000010335.4629   31.9808
   -7.5000   15.0000   45.0000 9730.6211   31.9325
    0.0000   15.0000   45.000010082.5273   31.9468
    7.5000   15.0000   45.0000 9667.0605   31.9709
   -7.5000   22.5000   45.0000 9040.6504   31.9203
    0.0000   22.5000   45.0000 9351.5146   31.9307
    7.5000   22.5000   45.0000 8976.8242   31.9548
   -7.5000   30.0000   45.0000 8332.3545   31.5126
    0.0000   30.0000   45.0000 8608.2334   31.5274
    7.5000   30.0000   45.0000 8261.5303   31.5543
   -7.5000   37.5000   45.0000 7861.3042   31.5226
    0.0000   37.5000   45.0000 8127.3506   31.5457
    7.5000   37.5000   45.0000 7786.8940   31.5714
   -7.5000   45.0000   45.0000 7082.5278   31.0311
    0.0000   45.0000   45.0000 7325.3521   31.0622
    7.5000   45.0000   45.0000 7027.7002   31.0853

---------------------------------------------------------------------
imgreg_4dfp /opt/freesurfer/average/711-2C_as_mni_average_305 /opt/freesurfer/average/711-2B_as_mni_average_305_mask talsrcimg_g11 none talsrcimg_to_711-2C_as_mni_average_305_t4 4355
---------------------------------------------------------------------

freesurfer imgreg_4dfp.c
/opt/freesurfer/average/711-2C_as_mni_average_305.4dfp.img
       256       256       256         1
  1.000000  1.000000  1.000000
orientation T byte_order littleendian
Reading image: /opt/freesurfer/average/711-2C_as_mni_average_305.4dfp.img
dimensions:      256       256       256
mmppix:       1.0000   -1.0000   -1.0000
center:     128.0000 -129.0000 -129.0000
/opt/freesurfer/average/711-2B_as_mni_average_305_mask.4dfp.img
       256       256       256         1
  1.000000  1.000000  1.000000
orientation T byte_order littleendian
Reading mask: /opt/freesurfer/average/711-2B_as_mni_average_305_mask.4dfp.img (2306576 pixels)
talsrcimg_g11.4dfp.img
       256       256       256         1
  1.000000  1.000000  1.000000
orientation T byte_order littleendian
Reading image: talsrcimg_g11.4dfp.img
dimensions:      256       256       256
mmppix:       1.0000   -1.0000   -1.0000
center:     128.0000 -129.0000 -129.0000
rotation matrix determinant  1.000000
image alignment mode   4355 decimal     1103 hex
   -7.5000  -45.0000  -45.0000 2343.7383   23.0193
    0.0000  -45.0000  -45.0000 2358.6147   23.0602
    7.5000  -45.0000  -45.0000 2337.6555   23.2606
   -7.5000  -37.5000  -45.0000 2393.7861   21.7286
    0.0000  -37.5000  -45.0000 2403.9143   21.7413
    7.5000  -37.5000  -45.0000 2381.3848   21.9474
   -7.5000  -30.0000  -45.0000 2416.5054   20.7800
    0.0000  -30.0000  -45.0000 2426.2239   20.7997
    7.5000  -30.0000  -45.0000 2402.5149   21.0026
   -7.5000  -22.5000  -45.0000 2434.4197   20.2108
    0.0000  -22.5000  -45.0000 2446.0730   20.2042
    7.5000  -22.5000  -45.0000 2414.7891   20.3920
   -7.5000  -15.0000  -45.0000 2436.7515   20.1029
    0.0000  -15.0000  -45.0000 2451.1958   20.0834
    7.5000  -15.0000  -45.0000 2419.4177   20.2397
   -7.5000   -7.5000  -45.0000 2427.1934   20.2713
    0.0000   -7.5000  -45.0000 2437.2791   20.2271
    7.5000   -7.5000  -45.0000 2407.9622   20.4448
   -7.5000    0.0000  -45.0000 2389.8452   20.7998
    0.0000    0.0000  -45.0000 2404.8655   20.7392
    7.5000    0.0000  -45.0000 2373.5356   20.9714
   -7.5000    7.5000  -45.0000 2337.6160   21.6750
    0.0000    7.5000  -45.0000 2349.0925   21.6201
    7.5000    7.5000  -45.0000 2318.7368   21.8991
   -7.5000   15.0000  -45.0000 2258.1934   22.9978
    0.0000   15.0000  -45.0000 2269.9502   22.9116
    7.5000   15.0000  -45.0000 2242.7439   23.2589
   -7.5000   22.5000  -45.0000 2159.3650   24.8373
    0.0000   22.5000  -45.0000 2167.8589   24.6612
    7.5000   22.5000  -45.0000 2141.3840   25.0602
   -7.5000   30.0000  -45.0000 2031.3547   27.3291
    0.0000   30.0000  -45.0000 2039.8462   27.1456
    7.5000   30.0000  -45.0000 2013.8632   27.5452
   -7.5000   37.5000  -45.0000 1904.1088   30.7208
    0.0000   37.5000  -45.0000 1918.0900   30.5567
    7.5000   37.5000  -45.0000 1889.2568   31.0072
   -7.5000   45.0000  -45.0000 1763.1685   35.2985
    0.0000   45.0000  -45.0000 1763.6451   35.0804
    7.5000   45.0000  -45.0000 1741.6852   35.6909
   -7.5000  -45.0000  -37.5000 2412.7280   21.9109
    0.0000  -45.0000  -37.5000 2429.1670   21.9151
    7.5000  -45.0000  -37.5000 2409.0874   22.1093
   -7.5000  -37.5000  -37.5000 2471.3474   20.4848
    0.0000  -37.5000  -37.5000 2486.5444   20.5136
    7.5000  -37.5000  -37.5000 2463.7371   20.6905
   -7.5000  -30.0000  -37.5000 2512.5603   19.4836
    0.0000  -30.0000  -37.5000 2518.8962   19.4994
    7.5000  -30.0000  -37.5000 2493.3083   19.6911
   -7.5000  -22.5000  -37.5000 2537.4231   18.8301
    0.0000  -22.5000  -37.5000 2543.2373   18.8036
    7.5000  -22.5000  -37.5000 2514.8381   18.9966
   -7.5000  -15.0000  -37.5000 2545.2678   18.6922
    0.0000  -15.0000  -37.5000 2559.6003   18.6491
    7.5000  -15.0000  -37.5000 2524.9600   18.8086
   -7.5000   -7.5000  -37.5000 2530.8950   18.8676
    0.0000   -7.5000  -37.5000 2542.9580   18.8212
    7.5000   -7.5000  -37.5000 2513.4219   19.0039
   -7.5000    0.0000  -37.5000 2496.1604   19.3734
    0.0000    0.0000  -37.5000 2513.0654   19.3491
    7.5000    0.0000  -37.5000 2479.6628   19.5765
   -7.5000    7.5000  -37.5000 2439.0740   20.1975
    0.0000    7.5000  -37.5000 2451.7493   20.1721
    7.5000    7.5000  -37.5000 2418.6282   20.4527
   -7.5000   15.0000  -37.5000 2353.0879   21.4372
    0.0000   15.0000  -37.5000 2364.3989   21.3726
    7.5000   15.0000  -37.5000 2334.5354   21.6747
   -7.5000   22.5000  -37.5000 2244.4863   23.1701
    0.0000   22.5000  -37.5000 2256.5208   23.0342
    7.5000   22.5000  -37.5000 2227.6758   23.3769
   -7.5000   30.0000  -37.5000 2107.1689   25.4832
    0.0000   30.0000  -37.5000 2112.1265   25.3022
    7.5000   30.0000  -37.5000 2091.9763   25.6990
   -7.5000   37.5000  -37.5000 1974.7108   28.6449
    0.0000   37.5000  -37.5000 1979.9210   28.4863
    7.5000   37.5000  -37.5000 1956.0801   28.9548
   -7.5000   45.0000  -37.5000 1832.9952   32.8960
    0.0000   45.0000  -37.5000 1832.1205   32.7250
    7.5000   45.0000  -37.5000 1813.3040   33.3333
   -7.5000  -45.0000  -30.0000 2509.9204   21.6832
    0.0000  -45.0000  -30.0000 2529.8040   21.6045
    7.5000  -45.0000  -30.0000 2508.8770   21.8560
   -7.5000  -37.5000  -30.0000 2595.1626   20.0897
    0.0000  -37.5000  -30.0000 2611.9182   20.0739
    7.5000  -37.5000  -30.0000 2591.7178   20.2932
   -7.5000  -30.0000  -30.0000 2647.3479   18.9482
    0.0000  -30.0000  -30.0000 2657.5559   18.8940
    7.5000  -30.0000  -30.0000 2636.5498   19.1490
   -7.5000  -22.5000  -30.0000 2675.4470   18.1554
    0.0000  -22.5000  -30.0000 2684.9294   18.1296
    7.5000  -22.5000  -30.0000 2660.4131   18.3674
   -7.5000  -15.0000  -30.0000 2688.1763   17.9455
    0.0000  -15.0000  -30.0000 2704.6787   17.9023
    7.5000  -15.0000  -30.0000 2668.9185   18.1035
   -7.5000   -7.5000  -30.0000 2679.3003   18.1637
    0.0000   -7.5000  -30.0000 2698.4475   18.1120
    7.5000   -7.5000  -30.0000 2665.1846   18.3088
   -7.5000    0.0000  -30.0000 2647.8020   18.7128
    0.0000    0.0000  -30.0000 2667.1711   18.6751
    7.5000    0.0000  -30.0000 2629.9954   18.8996
   -7.5000    7.5000  -30.0000 2583.3472   19.4967
    0.0000    7.5000  -30.0000 2600.6914   19.4636
    7.5000    7.5000  -30.0000 2562.1165   19.7802
   -7.5000   15.0000  -30.0000 2483.6282   20.7212
    0.0000   15.0000  -30.0000 2499.3730   20.6509
    7.5000   15.0000  -30.0000 2465.9734   20.9919
   -7.5000   22.5000  -30.0000 2369.8440   22.4963
    0.0000   22.5000  -30.0000 2387.0376   22.3937
    7.5000   22.5000  -30.0000 2353.7500   22.7093
   -7.5000   30.0000  -30.0000 2226.6497   24.8312
    0.0000   30.0000  -30.0000 2239.5627   24.7372
    7.5000   30.0000  -30.0000 2208.2573   25.0508
   -7.5000   37.5000  -30.0000 2076.2837   27.8629
    0.0000   37.5000  -30.0000 2089.6758   27.7699
    7.5000   37.5000  -30.0000 2060.8108   28.1368
   -7.5000   45.0000  -30.0000 1923.8475   31.9311
    0.0000   45.0000  -30.0000 1928.3706   31.8461
    7.5000   45.0000  -30.0000 1906.5906   32.2981
   -7.5000  -45.0000  -22.5000 2567.4014   21.3711
    0.0000  -45.0000  -22.5000 2589.5496   21.2307
    7.5000  -45.0000  -22.5000 2566.9617   21.5489
   -7.5000  -37.5000  -22.5000 2666.9661   19.5967
    0.0000  -37.5000  -22.5000 2686.7742   19.4759
    7.5000  -37.5000  -22.5000 2661.3982   19.8307
   -7.5000  -30.0000  -22.5000 2739.4939   18.2961
    0.0000  -30.0000  -22.5000 2762.0325   18.2246
    7.5000  -30.0000  -22.5000 2732.3108   18.5319
   -7.5000  -22.5000  -22.5000 2775.7698   17.3817
    0.0000  -22.5000  -22.5000 2795.6755   17.3309
    7.5000  -22.5000  -22.5000 2762.9065   17.6312
   -7.5000  -15.0000  -22.5000 2800.4294   17.1371
    0.0000  -15.0000  -22.5000 2822.5813   17.0466
    7.5000  -15.0000  -22.5000 2781.3394   17.3358
   -7.5000   -7.5000  -22.5000 2794.8193   17.3709
    0.0000   -7.5000  -22.5000 2823.0620   17.2697
    7.5000   -7.5000  -22.5000 2780.3740   17.5383
   -7.5000    0.0000  -22.5000 2757.0156   17.8371
    0.0000    0.0000  -22.5000 2777.8333   17.7765
    7.5000    0.0000  -22.5000 2741.8550   18.0498
   -7.5000    7.5000  -22.5000 2685.7559   18.6498
    0.0000    7.5000  -22.5000 2703.5952   18.5772
    7.5000    7.5000  -22.5000 2666.5527   18.9166
   -7.5000   15.0000  -22.5000 2586.3347   20.0046
    0.0000   15.0000  -22.5000 2604.3867   19.9123
    7.5000   15.0000  -22.5000 2565.5068   20.2551
   -7.5000   22.5000  -22.5000 2462.7795   21.8358
    0.0000   22.5000  -22.5000 2478.9368   21.7469
    7.5000   22.5000  -22.5000 2445.0205   22.0898
   -7.5000   30.0000  -22.5000 2308.3894   24.1145
    0.0000   30.0000  -22.5000 2325.4360   24.0238
    7.5000   30.0000  -22.5000 2293.4431   24.3682
   -7.5000   37.5000  -22.5000 2150.0686   27.0082
    0.0000   37.5000  -22.5000 2160.8962   26.9257
    7.5000   37.5000  -22.5000 2133.8179   27.3029
   -7.5000   45.0000  -22.5000 1983.2134   30.8987
    0.0000   45.0000  -22.5000 1994.5348   30.7264
    7.5000   45.0000  -22.5000 1968.0142   31.2516
   -7.5000  -45.0000  -15.0000 2583.9231   21.0894
    0.0000  -45.0000  -15.0000 2605.7449   20.8368
    7.5000  -45.0000  -15.0000 2583.8569   21.2724
   -7.5000  -37.5000  -15.0000 2681.3604   19.2319
    0.0000  -37.5000  -15.0000 2707.2939   19.0397
    7.5000  -37.5000  -15.0000 2678.6030   19.4718
   -7.5000  -30.0000  -15.0000 2774.8240   17.7762
    0.0000  -30.0000  -15.0000 2803.7615   17.6061
    7.5000  -30.0000  -15.0000 2768.1978   18.0528
   -7.5000  -22.5000  -15.0000 2829.7456   16.7276
    0.0000  -22.5000  -15.0000 2864.5461   16.5458
    7.5000  -22.5000  -15.0000 2819.6426   17.0214
   -7.5000  -15.0000  -15.0000 2869.2625   16.3439
    0.0000  -15.0000  -15.0000 2900.8691   16.1648
    7.5000  -15.0000  -15.0000 2853.5657   16.6032
   -7.5000   -7.5000  -15.0000 2856.4062   16.5528
    0.0000   -7.5000  -15.0000 2893.2053   16.4088
    7.5000   -7.5000  -15.0000 2843.5427   16.7969
   -7.5000    0.0000  -15.0000 2814.0759   17.1070
    0.0000    0.0000  -15.0000 2832.1626   16.9483
    7.5000    0.0000  -15.0000 2797.2415   17.3421
   -7.5000    7.5000  -15.0000 2744.6646   18.0338
    0.0000    7.5000  -15.0000 2767.4224   17.9032
    7.5000    7.5000  -15.0000 2729.3247   18.2974
   -7.5000   15.0000  -15.0000 2643.9858   19.4233
    0.0000   15.0000  -15.0000 2662.4197   19.3383
    7.5000   15.0000  -15.0000 2623.8054   19.7005
   -7.5000   22.5000  -15.0000 2516.2395   21.2251
    0.0000   22.5000  -15.0000 2531.8640   21.1509
    7.5000   22.5000  -15.0000 2493.6633   21.4915
   -7.5000   30.0000  -15.0000 2356.3894   23.4365
    0.0000   30.0000  -15.0000 2370.3271   23.3792
    7.5000   30.0000  -15.0000 2336.7971   23.7325
   -7.5000   37.5000  -15.0000 2193.2883   26.2472
    0.0000   37.5000  -15.0000 2201.1636   26.1699
    7.5000   37.5000  -15.0000 2170.8940   26.6180
   -7.5000   45.0000  -15.0000 2020.8247   30.0381
    0.0000   45.0000  -15.0000 2034.1117   29.8703
    7.5000   45.0000  -15.0000 2005.3962   30.3559
   -7.5000  -45.0000   -7.5000 2581.8589   20.9680
    0.0000  -45.0000   -7.5000 2605.5249   20.6522
    7.5000  -45.0000   -7.5000 2577.6067   21.0915
   -7.5000  -37.5000   -7.5000 2678.8013   19.0600
    0.0000  -37.5000   -7.5000 2704.1042   18.7464
    7.5000  -37.5000   -7.5000 2672.5879   19.2540
   -7.5000  -30.0000   -7.5000 2772.2585   17.5162
    0.0000  -30.0000   -7.5000 2802.5271   17.2269
    7.5000  -30.0000   -7.5000 2760.8413   17.7913
   -7.5000  -22.5000   -7.5000 2845.4290   16.2778
    0.0000  -22.5000   -7.5000 2881.3633   15.9772
    7.5000  -22.5000   -7.5000 2836.7529   16.6478
   -7.5000  -15.0000   -7.5000 2876.5774   15.7428
    0.0000  -15.0000   -7.5000 2912.2949   15.3985
    7.5000  -15.0000   -7.5000 2871.3118   16.1774
   -7.5000   -7.5000   -7.5000 2888.8076   16.0205
    0.0000   -7.5000   -7.5000 2908.0032   15.6766
    7.5000   -7.5000   -7.5000 2876.2422   16.4003
   -7.5000    0.0000   -7.5000 2848.1655   16.7373
    0.0000    0.0000   -7.5000 2874.5024   16.4993
    7.5000    0.0000   -7.5000 2830.7800   17.0164
   -7.5000    7.5000   -7.5000 2780.2170   17.7556
    0.0000    7.5000   -7.5000 2803.8904   17.5587
    7.5000    7.5000   -7.5000 2761.0200   17.9535
   -7.5000   15.0000   -7.5000 2672.8877   19.1336
    0.0000   15.0000   -7.5000 2692.3540   18.9557
    7.5000   15.0000   -7.5000 2653.9968   19.3086
   -7.5000   22.5000   -7.5000 2545.7993   20.9146
    0.0000   22.5000   -7.5000 2558.9910   20.7567
    7.5000   22.5000   -7.5000 2524.5601   21.1066
   -7.5000   30.0000   -7.5000 2388.1121   23.1812
    0.0000   30.0000   -7.5000 2400.7095   23.0333
    7.5000   30.0000   -7.5000 2369.5244   23.4774
   -7.5000   37.5000   -7.5000 2221.1328   26.0211
    0.0000   37.5000   -7.5000 2225.7388   25.8621
    7.5000   37.5000   -7.5000 2202.8391   26.3518
   -7.5000   45.0000   -7.5000 2045.7506   29.6630
    0.0000   45.0000   -7.5000 2058.4319   29.4908
    7.5000   45.0000   -7.5000 2032.6825   30.0534
   -7.5000  -45.0000    0.0000 2560.4243   21.2198
    0.0000  -45.0000    0.0000 2580.4119   20.8549
    7.5000  -45.0000    0.0000 2553.9985   21.3334
   -7.5000  -37.5000    0.0000 2661.9719   19.2519
    0.0000  -37.5000    0.0000 2677.7258   18.8685
    7.5000  -37.5000    0.0000 2662.5637   19.4363
   -7.5000  -30.0000    0.0000 2753.7539   17.7184
    0.0000  -30.0000    0.0000 2769.6770   17.3921
    7.5000  -30.0000    0.0000 2752.4011   17.9787
   -7.5000  -22.5000    0.0000 2815.5071   16.5161
    0.0000  -22.5000    0.0000 2850.8235   16.2509
    7.5000  -22.5000    0.0000 2822.1707   16.9173
   -7.5000  -15.0000    0.0000 2871.7356   16.0154
    0.0000  -15.0000    0.0000 2891.1602   15.6772
    7.5000  -15.0000    0.0000 2867.9707   16.4259
   -7.5000   -7.5000    0.0000 2899.5554   16.1923
    0.0000   -7.5000    0.0000 2929.5352   15.9597
    7.5000   -7.5000    0.0000 2880.9102   16.5354
   -7.5000    0.0000    0.0000 2864.9736   16.8686
    0.0000    0.0000    0.0000 2894.0435   16.7234
    7.5000    0.0000    0.0000 2850.4753   17.1293
   -7.5000    7.5000    0.0000 2790.5181   17.8966
    0.0000    7.5000    0.0000 2808.6987   17.7654
    7.5000    7.5000    0.0000 2776.3755   18.0956
   -7.5000   15.0000    0.0000 2683.6379   19.2705
    0.0000   15.0000    0.0000 2699.6562   19.1350
    7.5000   15.0000    0.0000 2667.1052   19.4230
   -7.5000   22.5000    0.0000 2558.2849   21.0110
    0.0000   22.5000    0.0000 2571.7715   20.8974
    7.5000   22.5000    0.0000 2536.9221   21.1881
   -7.5000   30.0000    0.0000 2396.7822   23.1776
    0.0000   30.0000    0.0000 2410.9958   23.1297
    7.5000   30.0000    0.0000 2378.1782   23.4147
   -7.5000   37.5000    0.0000 2218.7991   25.9354
    0.0000   37.5000    0.0000 2236.1135   25.9525
    7.5000   37.5000    0.0000 2204.5454   26.2308
   -7.5000   45.0000    0.0000 2047.6785   29.5124
    0.0000   45.0000    0.0000 2056.1143   29.4320
    7.5000   45.0000    0.0000 2031.3655   29.8735
   -7.5000  -45.0000    7.5000 2526.4697   21.8623
    0.0000  -45.0000    7.5000 2553.0779   21.5777
    7.5000  -45.0000    7.5000 2530.0688   22.0059
   -7.5000  -37.5000    7.5000 2636.9214   19.9384
    0.0000  -37.5000    7.5000 2665.8579   19.7426
    7.5000  -37.5000    7.5000 2639.8997   20.1663
   -7.5000  -30.0000    7.5000 2724.1438   18.3870
    0.0000  -30.0000    7.5000 2763.1619   18.3420
    7.5000  -30.0000    7.5000 2729.6885   18.7222
   -7.5000  -22.5000    7.5000 2792.9312   17.2908
    0.0000  -22.5000    7.5000 2817.6753   17.1300
    7.5000  -22.5000    7.5000 2791.4929   17.6697
   -7.5000  -15.0000    7.5000 2852.0891   16.8988
    0.0000  -15.0000    7.5000 2875.1990   16.7696
    7.5000  -15.0000    7.5000 2839.2542   17.1937
   -7.5000   -7.5000    7.5000 2877.8403   17.0344
    0.0000   -7.5000    7.5000 2905.1353   16.9720
    7.5000   -7.5000    7.5000 2862.9761   17.2814
   -7.5000    0.0000    7.5000 2848.8745   17.5032
    0.0000    0.0000    7.5000 2879.1533   17.4600
    7.5000    0.0000    7.5000 2834.3357   17.7804
   -7.5000    7.5000    7.5000 2774.3381   18.3941
    0.0000    7.5000    7.5000 2791.7349   18.3160
    7.5000    7.5000    7.5000 2760.2998   18.6375
   -7.5000   15.0000    7.5000 2665.3450   19.6093
    0.0000   15.0000    7.5000 2680.5623   19.5212
    7.5000   15.0000    7.5000 2650.2522   19.8233
   -7.5000   22.5000    7.5000 2537.9189   21.3090
    0.0000   22.5000    7.5000 2556.8579   21.1838
    7.5000   22.5000    7.5000 2523.1951   21.5007
   -7.5000   30.0000    7.5000 2379.7471   23.4647
    0.0000   30.0000    7.5000 2394.1106   23.3145
    7.5000   30.0000    7.5000 2370.7119   23.6688
   -7.5000   37.5000    7.5000 2215.4607   26.2702
    0.0000   37.5000    7.5000 2229.0039   26.1490
    7.5000   37.5000    7.5000 2203.7153   26.5466
   -7.5000   45.0000    7.5000 2048.3599   29.8357
    0.0000   45.0000    7.5000 2057.6956   29.6902
    7.5000   45.0000    7.5000 2037.0874   30.1523
   -7.5000  -45.0000   15.0000 2479.5596   23.0004
    0.0000  -45.0000   15.0000 2510.1392   22.8636
    7.5000  -45.0000   15.0000 2482.6921   23.1984
   -7.5000  -37.5000   15.0000 2580.6172   20.9359
    0.0000  -37.5000   15.0000 2616.2793   20.8614
    7.5000  -37.5000   15.0000 2584.7273   21.1734
   -7.5000  -30.0000   15.0000 2667.5908   19.4045
    0.0000  -30.0000   15.0000 2691.3210   19.2228
    7.5000  -30.0000   15.0000 2670.7402   19.6275
   -7.5000  -22.5000   15.0000 2742.6040   18.3599
    0.0000  -22.5000   15.0000 2771.8120   18.1349
    7.5000  -22.5000   15.0000 2733.3894   18.5615
   -7.5000  -15.0000   15.0000 2795.3752   18.0263
    0.0000  -15.0000   15.0000 2821.5085   17.8546
    7.5000  -15.0000   15.0000 2787.8779   18.1712
   -7.5000   -7.5000   15.0000 2807.6245   18.1094
    0.0000   -7.5000   15.0000 2833.4514   17.9423
    7.5000   -7.5000   15.0000 2799.0476   18.2591
   -7.5000    0.0000   15.0000 2783.5547   18.4950
    0.0000    0.0000   15.0000 2804.8198   18.3372
    7.5000    0.0000   15.0000 2768.8669   18.6550
   -7.5000    7.5000   15.0000 2715.3491   19.2811
    0.0000    7.5000   15.0000 2735.3701   19.1773
    7.5000    7.5000   15.0000 2705.0291   19.4688
   -7.5000   15.0000   15.0000 2612.8103   20.3566
    0.0000   15.0000   15.0000 2633.3982   20.2950
    7.5000   15.0000   15.0000 2604.1924   20.5980
   -7.5000   22.5000   15.0000 2491.7529   21.9210
    0.0000   22.5000   15.0000 2511.3855   21.8325
    7.5000   22.5000   15.0000 2484.3250   22.1313
   -7.5000   30.0000   15.0000 2336.9639   23.9748
    0.0000   30.0000   15.0000 2351.1899   23.8660
    7.5000   30.0000   15.0000 2333.9897   24.1934
   -7.5000   37.5000   15.0000 2181.2676   26.6311
    0.0000   37.5000   15.0000 2195.9895   26.5231
    7.5000   37.5000   15.0000 2173.4463   26.9660
   -7.5000   45.0000   15.0000 2028.9910   30.1247
    0.0000   45.0000   15.0000 2043.8887   29.9302
    7.5000   45.0000   15.0000 2016.2395   30.5480
   -7.5000  -45.0000   22.5000 2415.3716   24.2850
    0.0000  -45.0000   22.5000 2444.7178   24.1836
    7.5000  -45.0000   22.5000 2416.1162   24.4572
   -7.5000  -37.5000   22.5000 2513.2244   22.1684
    0.0000  -37.5000   22.5000 2539.1660   22.0077
    7.5000  -37.5000   22.5000 2513.1912   22.3697
   -7.5000  -30.0000   22.5000 2600.8354   20.6525
    0.0000  -30.0000   22.5000 2629.3811   20.4404
    7.5000  -30.0000   22.5000 2592.7405   20.8028
   -7.5000  -22.5000   22.5000 2683.1201   19.6617
    0.0000  -22.5000   22.5000 2709.0010   19.5023
    7.5000  -22.5000   22.5000 2670.1755   19.7909
   -7.5000  -15.0000   22.5000 2725.5166   19.3280
    0.0000  -15.0000   22.5000 2752.3555   19.1489
    7.5000  -15.0000   22.5000 2720.2725   19.4145
   -7.5000   -7.5000   22.5000 2726.0605   19.3519
    0.0000   -7.5000   22.5000 2749.5417   19.1875
    7.5000   -7.5000   22.5000 2721.6584   19.4518
   -7.5000    0.0000   22.5000 2693.8110   19.6890
    0.0000    0.0000   22.5000 2718.3918   19.5311
    7.5000    0.0000   22.5000 2688.1479   19.8112
   -7.5000    7.5000   22.5000 2641.4038   20.3621
    0.0000    7.5000   22.5000 2666.0879   20.1859
    7.5000    7.5000   22.5000 2630.7610   20.5000
   -7.5000   15.0000   22.5000 2550.7085   21.3976
    0.0000   15.0000   22.5000 2572.4172   21.2828
    7.5000   15.0000   22.5000 2542.6667   21.5912
   -7.5000   22.5000   22.5000 2428.9180   22.8880
    0.0000   22.5000   22.5000 2446.1333   22.8371
    7.5000   22.5000   22.5000 2422.2417   23.1325
   -7.5000   30.0000   22.5000 2281.9231   24.8045
    0.0000   30.0000   22.5000 2298.1917   24.7177
    7.5000   30.0000   22.5000 2273.9792   25.0783
   -7.5000   37.5000   22.5000 2140.6375   27.3158
    0.0000   37.5000   22.5000 2149.3188   27.2114
    7.5000   37.5000   22.5000 2128.1367   27.6556
   -7.5000   45.0000   22.5000 1997.7200   30.7189
    0.0000   45.0000   22.5000 2002.4441   30.5311
    7.5000   45.0000   22.5000 1984.0133   31.0851
   -7.5000  -45.0000   30.0000 2345.5693   25.9213
    0.0000  -45.0000   30.0000 2368.9797   25.7492
    7.5000  -45.0000   30.0000 2342.5488   26.0903
   -7.5000  -37.5000   30.0000 2444.2883   23.7653
    0.0000  -37.5000   30.0000 2467.1030   23.5897
    7.5000  -37.5000   30.0000 2435.7959   23.9171
   -7.5000  -30.0000   30.0000 2533.4373   22.2447
    0.0000  -30.0000   30.0000 2555.8606   22.0458
    7.5000  -30.0000   30.0000 2516.6284   22.3601
   -7.5000  -22.5000   30.0000 2603.1143   21.2627
    0.0000  -22.5000   30.0000 2622.5447   21.1145
    7.5000  -22.5000   30.0000 2587.5686   21.3501
   -7.5000  -15.0000   30.0000 2640.3669   20.8437
    0.0000  -15.0000   30.0000 2660.3066   20.6721
    7.5000  -15.0000   30.0000 2631.5049   20.9148
   -7.5000   -7.5000   30.0000 2639.1082   20.8188
    0.0000   -7.5000   30.0000 2657.5234   20.6703
    7.5000   -7.5000   30.0000 2637.0059   20.8972
   -7.5000    0.0000   30.0000 2606.4749   21.1632
    0.0000    0.0000   30.0000 2627.6714   21.0143
    7.5000    0.0000   30.0000 2602.3264   21.2517
   -7.5000    7.5000   30.0000 2556.7043   21.7674
    0.0000    7.5000   30.0000 2579.3582   21.6107
    7.5000    7.5000   30.0000 2549.3892   21.8655
   -7.5000   15.0000   30.0000 2468.5491   22.7451
    0.0000   15.0000   30.0000 2485.1960   22.5866
    7.5000   15.0000   30.0000 2463.5139   22.8493
   -7.5000   22.5000   30.0000 2354.9084   24.1457
    0.0000   22.5000   30.0000 2368.8169   24.0393
    7.5000   22.5000   30.0000 2346.7500   24.2730
   -7.5000   30.0000   30.0000 2217.9236   26.0519
    0.0000   30.0000   30.0000 2229.5740   25.9302
    7.5000   30.0000   30.0000 2212.4080   26.2376
   -7.5000   37.5000   30.0000 2080.9563   28.4952
    0.0000   37.5000   30.0000 2087.8850   28.3461
    7.5000   37.5000   30.0000 2074.4189   28.7415
   -7.5000   45.0000   30.0000 1942.2780   31.7572
    0.0000   45.0000   30.0000 1952.6019   31.5400
    7.5000   45.0000   30.0000 1936.0183   32.1074
   -7.5000  -45.0000   37.5000 2271.5657   27.9457
    0.0000  -45.0000   37.5000 2290.7485   27.7575
    7.5000  -45.0000   37.5000 2265.4111   28.0930
   -7.5000  -37.5000   37.5000 2375.2222   25.6663
    0.0000  -37.5000   37.5000 2389.2441   25.4529
    7.5000  -37.5000   37.5000 2364.1724   25.8100
   -7.5000  -30.0000   37.5000 2459.6865   24.0562
    0.0000  -30.0000   37.5000 2471.6353   23.8947
    7.5000  -30.0000   37.5000 2442.0049   24.1678
   -7.5000  -22.5000   37.5000 2515.1941   23.0808
    0.0000  -22.5000   37.5000 2527.4021   22.9172
    7.5000  -22.5000   37.5000 2500.4067   23.1742
   -7.5000  -15.0000   37.5000 2539.1240   22.6284
    0.0000  -15.0000   37.5000 2555.7219   22.4371
    7.5000  -15.0000   37.5000 2528.5281   22.6638
   -7.5000   -7.5000   37.5000 2544.9050   22.5541
    0.0000   -7.5000   37.5000 2559.6672   22.3810
    7.5000   -7.5000   37.5000 2542.6821   22.5956
   -7.5000    0.0000   37.5000 2515.6682   22.8840
    0.0000    0.0000   37.5000 2532.9333   22.7224
    7.5000    0.0000   37.5000 2511.4116   22.9298
   -7.5000    7.5000   37.5000 2459.8657   23.4637
    0.0000    7.5000   37.5000 2475.9778   23.3115
    7.5000    7.5000   37.5000 2454.9392   23.5531
   -7.5000   15.0000   37.5000 2372.9934   24.3720
    0.0000   15.0000   37.5000 2387.4807   24.2382
    7.5000   15.0000   37.5000 2368.7949   24.4762
   -7.5000   22.5000   37.5000 2264.5737   25.7041
    0.0000   22.5000   37.5000 2280.9673   25.5473
    7.5000   22.5000   37.5000 2258.8359   25.7808
   -7.5000   30.0000   37.5000 2146.8013   27.6115
    0.0000   30.0000   37.5000 2157.4045   27.3969
    7.5000   30.0000   37.5000 2139.4004   27.6519
   -7.5000   37.5000   37.5000 2022.0496   30.1599
    0.0000   37.5000   37.5000 2031.7689   29.9077
    7.5000   37.5000   37.5000 2012.4493   30.2559
   -7.5000   45.0000   37.5000 1885.7094   33.4058
    0.0000   45.0000   37.5000 1895.4471   33.1395
    7.5000   45.0000   37.5000 1876.0432   33.5898
   -7.5000  -45.0000   45.0000 2188.0227   30.3557
    0.0000  -45.0000   45.0000 2208.6145   30.0564
    7.5000  -45.0000   45.0000 2183.4194   30.4548
   -7.5000  -37.5000   45.0000 2292.2202   27.8860
    0.0000  -37.5000   45.0000 2303.0928   27.6279
    7.5000  -37.5000   45.0000 2283.9670   27.9882
   -7.5000  -30.0000   45.0000 2369.3347   26.1782
    0.0000  -30.0000   45.0000 2380.8425   25.9742
    7.5000  -30.0000   45.0000 2358.9749   26.2561
   -7.5000  -22.5000   45.0000 2423.2373   25.1457
    0.0000  -22.5000   45.0000 2436.7786   24.9105
    7.5000  -22.5000   45.0000 2413.1021   25.2137
   -7.5000  -15.0000   45.0000 2445.0823   24.6366
    0.0000  -15.0000   45.0000 2464.1558   24.4072
    7.5000  -15.0000   45.0000 2437.2209   24.6568
   -7.5000   -7.5000   45.0000 2450.1240   24.4729
    0.0000   -7.5000   45.0000 2462.8010   24.2556
    7.5000   -7.5000   45.0000 2442.1284   24.4947
   -7.5000    0.0000   45.0000 2413.2827   24.7904
    0.0000    0.0000   45.0000 2428.6404   24.5983
    7.5000    0.0000   45.0000 2411.8398   24.8186
   -7.5000    7.5000   45.0000 2355.9473   25.3726
    0.0000    7.5000   45.0000 2371.1274   25.2283
    7.5000    7.5000   45.0000 2353.4893   25.4414
   -7.5000   15.0000   45.0000 2270.0259   26.3030
    0.0000   15.0000   45.0000 2280.1394   26.1565
    7.5000   15.0000   45.0000 2266.3208   26.3993
   -7.5000   22.5000   45.0000 2177.1296   27.6465
    0.0000   22.5000   45.0000 2182.3228   27.4564
    7.5000   22.5000   45.0000 2169.1672   27.7053
   -7.5000   30.0000   45.0000 2070.8611   29.5818
    0.0000   30.0000   45.0000 2076.5132   29.3666
    7.5000   30.0000   45.0000 2062.3552   29.6445
   -7.5000   37.5000   45.0000 1952.0092   32.2805
    0.0000   37.5000   45.0000 1959.5909   32.0176
    7.5000   37.5000   45.0000 1943.4581   32.3932
   -7.5000   45.0000   45.0000 1812.3530   35.7290
    0.0000   45.0000   45.0000 1822.9862   35.4373
    7.5000   45.0000   45.0000 1806.6343   35.9763

---------------------------------------------------------------------
imgreg_4dfp /opt/freesurfer/average/711-2C_as_mni_average_305 /opt/freesurfer/average/711-2B_as_mni_average_305_mask talsrcimg_g11 none talsrcimg_to_711-2C_as_mni_average_305_t4 1283
---------------------------------------------------------------------

freesurfer imgreg_4dfp.c
/opt/freesurfer/average/711-2C_as_mni_average_305.4dfp.img
       256       256       256         1
  1.000000  1.000000  1.000000
orientation T byte_order littleendian
Reading image: /opt/freesurfer/average/711-2C_as_mni_average_305.4dfp.img
dimensions:      256       256       256
mmppix:       1.0000   -1.0000   -1.0000
center:     128.0000 -129.0000 -129.0000
/opt/freesurfer/average/711-2B_as_mni_average_305_mask.4dfp.img
       256       256       256         1
  1.000000  1.000000  1.000000
orientation T byte_order littleendian
Reading mask: /opt/freesurfer/average/711-2B_as_mni_average_305_mask.4dfp.img (2306576 pixels)
talsrcimg_g11.4dfp.img
       256       256       256         1
  1.000000  1.000000  1.000000
orientation T byte_order littleendian
Reading image: talsrcimg_g11.4dfp.img
dimensions:      256       256       256
mmppix:       1.0000   -1.0000   -1.0000
center:     128.0000 -129.0000 -129.0000
rotation matrix determinant  1.000000
fimgreg.f
image alignment mode   1283 decimal      503 hex
parameters
    0.0000   -7.5000    0.0000    0.0000    0.0000    0.0000
eta,q 0.92058 15.95568
niter,ni,del,rscale     5    3   12.0000    1.2000
parameter  4  2.226222 ->  0.500000 qaram    1.1500
parameters
   -0.6591   -7.4088    0.0376   -3.4500    0.1952    2.8964
eta,q 0.92584 15.95003
  0.0887  0.0867  0.0814  0.0738  0.0821  0.0797
  0.0846  0.0817  0.0839  0.0744  0.0784  0.0776
  0.0804  0.0782  0.0829  0.0758  0.0752  0.0761
  0.0793  0.0788  0.0789  0.0788  0.0747  0.0748
  0.0829  0.0810  0.0779  0.0819  0.0768  0.0742
  0.0881  0.0828  0.0818  0.0848  0.0787  0.0743
  0.0929  0.0844  0.0844  0.0869  0.0801  0.0750
niter,ni,del,rscale     5    3   12.0000    1.2000
parameter  4  0.652091 ->  0.500000 qaram    1.3225
parameters
   -0.8571   -7.0115   -0.6526   -7.4175    0.6520    1.6664
eta,q 0.92562 15.65586
  0.0862  0.0834  0.0770  0.0747  0.0829  0.0769
  0.0815  0.0790  0.0800  0.0744  0.0785  0.0756
  0.0769  0.0756  0.0787  0.0742  0.0752  0.0746
  0.0742  0.0742  0.0742  0.0755  0.0743  0.0744
  0.0764  0.0749  0.0748  0.0783  0.0753  0.0755
  0.0824  0.0774  0.0786  0.0817  0.0773  0.0778
  0.0884  0.0814  0.0820  0.0846  0.0803  0.0807
niter,ni,del,rscale     5    3   12.0000    1.2000
parameters
   -1.0652   -5.7082    0.2910   -9.3560    1.1427    2.0705
eta,q 0.92687 15.90970
  0.0851  0.0840  0.0785  0.0746  0.0807  0.0762
  0.0803  0.0803  0.0805  0.0745  0.0773  0.0750
  0.0766  0.0768  0.0797  0.0736  0.0749  0.0740
  0.0744  0.0745  0.0740  0.0725  0.0733  0.0732
  0.0763  0.0741  0.0726  0.0732  0.0735  0.0731
  0.0813  0.0759  0.0757  0.0768  0.0756  0.0740
  0.0870  0.0787  0.0800  0.0809  0.0791  0.0760
niter,ni,del,rscale     4    3   12.0000    1.2000
parameters
   -1.2165   -5.7768    0.7719  -11.0335    1.5433    1.5128
eta,q 0.92676 15.99257
  0.0852  0.0781  0.0812  0.0732  0.0809  0.0748
  0.0798  0.0741  0.0835  0.0745  0.0771  0.0738
  0.0755  0.0729  0.0784  0.0737  0.0747  0.0734
  0.0731  0.0732  0.0732  0.0728  0.0733  0.0732
  0.0749  0.0742  0.0735  0.0720  0.0735  0.0733
  0.0804  0.0752  0.0774  0.0739  0.0760  0.0743
  0.0870  0.0773  0.0830  0.0780  0.0792  0.0758
niter,ni,del,rscale     3    3   12.0000    1.2000
parameters
   -1.2760   -6.2897    1.2453  -10.6786    1.6344    1.6716
eta,q 0.92738 16.03381
  0.0861  0.0777  0.0850  0.0747  0.0794  0.0754
  0.0799  0.0724  0.0847  0.0740  0.0761  0.0739
  0.0753  0.0722  0.0767  0.0740  0.0739  0.0731
  0.0732  0.0732  0.0729  0.0728  0.0727  0.0727
  0.0753  0.0748  0.0744  0.0725  0.0734  0.0728
  0.0802  0.0750  0.0786  0.0731  0.0759  0.0736
  0.0866  0.0774  0.0845  0.0752  0.0791  0.0753
niter,ni,del,rscale     2    3   12.0000    1.2000
parameters
   -1.2622   -6.4488    1.3831  -10.5718    1.6771    1.7029
eta,q 0.92749 16.04676
  0.0865  0.0789  0.0853  0.0749  0.0793  0.0754
  0.0798  0.0731  0.0833  0.0741  0.0760  0.0738
  0.0748  0.0719  0.0752  0.0738  0.0738  0.0730
  0.0726  0.0726  0.0726  0.0726  0.0725  0.0725
  0.0748  0.0743  0.0750  0.0726  0.0734  0.0727
  0.0798  0.0752  0.0795  0.0734  0.0760  0.0737
  0.0864  0.0776  0.0861  0.0755  0.0792  0.0754
niter,ni,del,rscale     1    3   12.0000    1.2000
parameters
   -1.2590   -6.5051    1.4296  -10.5182    1.6875    1.7296
eta,q 0.92753 16.05114
  0.0865  0.0794  0.0854  0.0749  0.0793  0.0754
  0.0797  0.0734  0.0827  0.0741  0.0759  0.0738
  0.0746  0.0720  0.0748  0.0737  0.0737  0.0729
  0.0725  0.0725  0.0725  0.0725  0.0725  0.0725
  0.0748  0.0742  0.0753  0.0727  0.0734  0.0726
  0.0797  0.0753  0.0798  0.0735  0.0760  0.0737
  0.0864  0.0778  0.0865  0.0756  0.0792  0.0755
registration optimization eta report
parameter search radius
    6.0000    6.0000    6.0000    7.9350    6.0000    6.0000
100000*second partial in parameter space
       38.       17.       36.        4.       18.        8.
  0.0865  0.0794  0.0854  0.0749  0.0793  0.0754
  0.0797  0.0734  0.0827  0.0741  0.0759  0.0738
  0.0746  0.0720  0.0748  0.0737  0.0737  0.0729
  0.0725  0.0725  0.0725  0.0725  0.0725  0.0725
  0.0748  0.0742  0.0753  0.0727  0.0734  0.0726
  0.0797  0.0753  0.0798  0.0735  0.0760  0.0737
  0.0864  0.0778  0.0865  0.0756  0.0792  0.0755
   -1.2590   -6.5051    1.4296  -10.5182    1.6875    1.7296
eta,q 0.92753 16.05114

---------------------------------------------------------------------
imgreg_4dfp /opt/freesurfer/average/711-2C_as_mni_average_305 /opt/freesurfer/average/711-2B_as_mni_average_305_mask talsrcimg_g11 none talsrcimg_to_711-2C_as_mni_average_305_t4 3335
---------------------------------------------------------------------

freesurfer imgreg_4dfp.c
/opt/freesurfer/average/711-2C_as_mni_average_305.4dfp.img
       256       256       256         1
  1.000000  1.000000  1.000000
orientation T byte_order littleendian
Reading image: /opt/freesurfer/average/711-2C_as_mni_average_305.4dfp.img
dimensions:      256       256       256
mmppix:       1.0000   -1.0000   -1.0000
center:     128.0000 -129.0000 -129.0000
/opt/freesurfer/average/711-2B_as_mni_average_305_mask.4dfp.img
       256       256       256         1
  1.000000  1.000000  1.000000
orientation T byte_order littleendian
Reading mask: /opt/freesurfer/average/711-2B_as_mni_average_305_mask.4dfp.img (2306576 pixels)
talsrcimg_g11.4dfp.img
       256       256       256         1
  1.000000  1.000000  1.000000
orientation T byte_order littleendian
Reading image: talsrcimg_g11.4dfp.img
dimensions:      256       256       256
mmppix:       1.0000   -1.0000   -1.0000
center:     128.0000 -129.0000 -129.0000
fimgreg.f
image alignment mode   3335 decimal      D07 hex
parameters
   -1.2590   -6.5051    1.4296   -0.0889   -1.7089   -1.7230
   -2.4303   -3.4451    3.0170   18.1592    2.9449  -18.2470
eta,q 0.92633 16.04257
niter,ni,del,rscale     5    3    5.0000    1.2000
parameter  4  1.639395 ->  0.500000 qaram    1.1500
parameter  5  1.165109 ->  0.500000 qaram    1.1500
parameter 12 -1.284659 -> -0.500000 qaram    1.1500
parameters
   -1.4415   -6.7262    1.1622   -4.2289   -5.8489   -2.6479
   -5.0922   -4.1318    3.0994   21.0157    2.2426  -14.1070
eta,q 0.93431 15.53724
  0.0752  0.0748  0.0760  0.0677  0.0669  0.0724  0.0682  0.0707  0.0686  0.0727  0.0680  0.0714
  0.0744  0.0742  0.0747  0.0690  0.0673  0.0719  0.0678  0.0689  0.0681  0.0708  0.0674  0.0696
  0.0738  0.0738  0.0738  0.0709  0.0683  0.0696  0.0676  0.0678  0.0677  0.0689  0.0671  0.0682
  0.0737  0.0737  0.0737  0.0736  0.0695  0.0675  0.0678  0.0676  0.0676  0.0676  0.0670  0.0670
  0.0739  0.0739  0.0745  0.0768  0.0711  0.0698  0.0683  0.0683  0.0677  0.0670  0.0672  0.0662
  0.0747  0.0745  0.0757  0.0804  0.0734  0.0735  0.0691  0.0699  0.0680  0.0674  0.0677  0.0655
  0.0758  0.0754  0.0769  0.0847  0.0759  0.0758  0.0700  0.0721  0.0686  0.0684  0.0684  0.0651
niter,ni,del,rscale     7    3    5.0000    1.2000
parameter  2 -0.639831 -> -0.500000 qaram    1.1500
parameter  4  0.792931 ->  0.500000 qaram    1.3225
parameter  5  0.891183 ->  0.500000 qaram    1.3225
parameter 12 -0.912895 -> -0.500000 qaram    1.3225
parameters
   -1.4790   -5.3462    0.0701   -8.9899  -10.6099   -2.6587
   -4.1491   -4.1045    6.3651   24.1803   -0.0869   -9.3460
eta,q 0.93923 15.08341
  0.0675  0.0677  0.0656  0.0626  0.0615  0.0661  0.0633  0.0648  0.0627  0.0654  0.0618  0.0645
  0.0665  0.0669  0.0651  0.0628  0.0619  0.0652  0.0627  0.0633  0.0625  0.0641  0.0615  0.0631
  0.0659  0.0663  0.0648  0.0635  0.0626  0.0646  0.0623  0.0624  0.0623  0.0629  0.0615  0.0622
  0.0657  0.0657  0.0652  0.0649  0.0630  0.0621  0.0621  0.0621  0.0621  0.0620  0.0615  0.0615
  0.0659  0.0653  0.0664  0.0674  0.0643  0.0614  0.0622  0.0623  0.0620  0.0616  0.0617  0.0610
  0.0666  0.0653  0.0679  0.0711  0.0659  0.0653  0.0624  0.0632  0.0620  0.0617  0.0621  0.0607
  0.0676  0.0655  0.0694  0.0753  0.0686  0.0671  0.0628  0.0649  0.0622  0.0624  0.0626  0.0605
niter,ni,del,rscale     7    3    5.0000    1.2000
parameter  2 -0.831699 -> -0.500000 qaram    1.3225
parameter  3  0.868271 ->  0.500000 qaram    1.1500
parameter  4  0.606301 ->  0.500000 qaram    1.5209
parameter  5  0.902510 ->  0.500000 qaram    1.5209
parameter 11  2.237905 ->  0.500000 qaram    1.1500
parameter 12 -2.132908 -> -0.500000 qaram    1.5209
parameters
   -1.7061   -3.7592   -1.3099  -14.4651  -16.0851   -4.1434
   -4.4412   -4.3402    3.9340   25.1152   -4.2269   -3.8708
eta,q 0.94493 14.48870
  0.0620  0.0637  0.0593  0.0587  0.0571  0.0590  0.0580  0.0591  0.0573  0.0593  0.0566  0.0599
  0.0612  0.0625  0.0598  0.0588  0.0570  0.0577  0.0575  0.0579  0.0570  0.0582  0.0565  0.0588
  0.0608  0.0615  0.0600  0.0591  0.0576  0.0569  0.0571  0.0571  0.0569  0.0574  0.0567  0.0576
  0.0608  0.0608  0.0601  0.0598  0.0588  0.0571  0.0570  0.0570  0.0570  0.0569  0.0569  0.0566
  0.0610  0.0603  0.0604  0.0614  0.0603  0.0573  0.0572  0.0574  0.0573  0.0570  0.0572  0.0556
  0.0616  0.0601  0.0613  0.0641  0.0620  0.0599  0.0576  0.0581  0.0577  0.0575  0.0573  0.0549
  0.0625  0.0601  0.0626  0.0683  0.0646  0.0620  0.0581  0.0593  0.0582  0.0584  0.0575  0.0545
niter,ni,del,rscale     7    3    5.0000    1.2000
parameter  3  0.575484 ->  0.500000 qaram    1.3225
parameter 12 -0.930192 -> -0.500000 qaram    1.7490
parameters
   -1.3654   -2.5243   -2.8969  -18.5044  -20.8123   -7.6304
   -5.4282   -4.8065    2.9182   28.5783   -2.2393    2.4256
eta,q 0.94741 14.08855
  0.0569  0.0582  0.0548  0.0549  0.0544  0.0545  0.0547  0.0555  0.0542  0.0560  0.0544  0.0562
  0.0560  0.0568  0.0544  0.0542  0.0540  0.0541  0.0542  0.0544  0.0539  0.0552  0.0540  0.0552
  0.0554  0.0557  0.0544  0.0540  0.0537  0.0536  0.0539  0.0538  0.0538  0.0544  0.0536  0.0543
  0.0551  0.0550  0.0548  0.0544  0.0540  0.0538  0.0539  0.0538  0.0538  0.0538  0.0535  0.0535
  0.0551  0.0548  0.0557  0.0551  0.0551  0.0555  0.0541  0.0542  0.0539  0.0535  0.0535  0.0528
  0.0555  0.0550  0.0566  0.0565  0.0570  0.0587  0.0546  0.0549  0.0542  0.0535  0.0536  0.0526
  0.0561  0.0554  0.0574  0.0589  0.0591  0.0594  0.0553  0.0557  0.0545  0.0539  0.0538  0.0527
niter,ni,del,rscale     7    3    5.0000    1.2000
parameter  2 -0.575172 -> -0.500000 qaram    1.5209
parameter  3  0.611548 ->  0.500000 qaram    1.5209
parameter  6  0.594166 ->  0.500000 qaram    1.1500
parameters
   -0.9508   -0.6992   -4.7219  -17.9154  -23.3338  -11.7704
   -5.2960   -3.8500    2.6177   31.7135   -0.3900    5.8905
eta,q 0.94976 14.02410
  0.0544  0.0550  0.0519  0.0543  0.0529  0.0513  0.0521  0.0531  0.0514  0.0532  0.0512  0.0534
  0.0535  0.0540  0.0516  0.0531  0.0523  0.0509  0.0514  0.0518  0.0510  0.0522  0.0508  0.0521
  0.0529  0.0532  0.0517  0.0521  0.0518  0.0508  0.0510  0.0511  0.0508  0.0514  0.0506  0.0511
  0.0526  0.0525  0.0521  0.0516  0.0516  0.0517  0.0508  0.0508  0.0508  0.0508  0.0505  0.0505
  0.0526  0.0522  0.0528  0.0519  0.0522  0.0536  0.0509  0.0509  0.0509  0.0505  0.0505  0.0502
  0.0529  0.0521  0.0535  0.0527  0.0536  0.0559  0.0514  0.0513  0.0511  0.0506  0.0506  0.0506
  0.0535  0.0524  0.0546  0.0539  0.0557  0.0584  0.0520  0.0520  0.0514  0.0510  0.0507  0.0514
niter,ni,del,rscale     7    3    5.0000    1.2000
parameters
   -0.6748   -0.4646   -6.2524  -16.0965  -23.5065  -15.6880
   -4.3164   -3.2772    3.5659   33.8839    0.6914    7.9809
eta,q 0.95090 14.12105
  0.0518  0.0522  0.0505  0.0530  0.0520  0.0500  0.0510  0.0513  0.0502  0.0512  0.0497  0.0516
  0.0510  0.0512  0.0500  0.0517  0.0511  0.0495  0.0502  0.0502  0.0498  0.0505  0.0494  0.0505
  0.0505  0.0505  0.0499  0.0506  0.0503  0.0493  0.0497  0.0496  0.0495  0.0498  0.0492  0.0497
  0.0502  0.0502  0.0502  0.0499  0.0498  0.0498  0.0494  0.0494  0.0493  0.0493  0.0492  0.0492
  0.0503  0.0503  0.0509  0.0499  0.0499  0.0516  0.0494  0.0495  0.0494  0.0492  0.0492  0.0492
  0.0506  0.0508  0.0519  0.0505  0.0508  0.0542  0.0498  0.0500  0.0496  0.0494  0.0493  0.0496
  0.0513  0.0518  0.0531  0.0516  0.0525  0.0577  0.0503  0.0507  0.0498  0.0499  0.0495  0.0505
niter,ni,del,rscale     6    3    5.0000    1.2000
parameter  3  0.543446 ->  0.500000 qaram    1.7490
parameter  6  0.511033 ->  0.500000 qaram    1.3225
parameters
   -0.6780   -0.2417   -8.3512  -14.5760  -23.3119  -20.4490
   -4.1111   -2.8573    5.1581   35.7986   -0.2540    8.2672
eta,q 0.95195 14.21678
  0.0504  0.0511  0.0490  0.0516  0.0511  0.0484  0.0495  0.0499  0.0492  0.0498  0.0483  0.0497
  0.0497  0.0502  0.0487  0.0503  0.0501  0.0482  0.0488  0.0490  0.0487  0.0491  0.0481  0.0489
  0.0493  0.0495  0.0487  0.0492  0.0492  0.0482  0.0484  0.0484  0.0484  0.0485  0.0480  0.0483
  0.0491  0.0491  0.0491  0.0487  0.0486  0.0486  0.0482  0.0482  0.0482  0.0482  0.0481  0.0481
  0.0493  0.0492  0.0498  0.0487  0.0488  0.0501  0.0483  0.0483  0.0482  0.0481  0.0481  0.0483
  0.0497  0.0497  0.0507  0.0493  0.0497  0.0527  0.0487  0.0488  0.0483  0.0482  0.0482  0.0488
  0.0504  0.0507  0.0518  0.0505  0.0513  0.0561  0.0493  0.0495  0.0486  0.0487  0.0483  0.0496
niter,ni,del,rscale     7    3    5.0000    1.2000
parameter  3  0.758323 ->  0.500000 qaram    2.0114
parameter  6  0.565258 ->  0.500000 qaram    1.5209
parameters
   -0.4360   -0.1380  -10.7648  -14.6575  -23.3139  -25.9241
   -4.3837   -2.5900    5.5471   37.1022    2.6361    7.5836
eta,q 0.95359 14.24149
  0.0496  0.0497  0.0474  0.0496  0.0494  0.0466  0.0475  0.0482  0.0473  0.0476  0.0471  0.0476
  0.0488  0.0489  0.0473  0.0484  0.0486  0.0465  0.0470  0.0473  0.0469  0.0473  0.0468  0.0470
  0.0483  0.0483  0.0475  0.0476  0.0478  0.0467  0.0466  0.0468  0.0466  0.0469  0.0466  0.0465
  0.0481  0.0480  0.0480  0.0473  0.0473  0.0473  0.0465  0.0465  0.0465  0.0465  0.0465  0.0464
  0.0481  0.0481  0.0488  0.0476  0.0474  0.0487  0.0467  0.0467  0.0466  0.0465  0.0464  0.0467
  0.0485  0.0487  0.0499  0.0484  0.0482  0.0515  0.0471  0.0472  0.0468  0.0467  0.0465  0.0472
  0.0491  0.0496  0.0511  0.0498  0.0498  0.0552  0.0477  0.0480  0.0471  0.0472  0.0466  0.0478
niter,ni,del,rscale     7    3    5.0000    1.2000
parameter  3  0.792041 ->  0.500000 qaram    2.3131
parameter  6  0.514771 ->  0.500000 qaram    1.7490
parameters
   -0.4211   -0.3644  -13.5405  -14.4489  -24.8624  -32.2205
   -3.5684   -2.2562    5.5354   34.3739    3.1206    1.9681
eta,q 0.95546 14.20899
  0.0476  0.0475  0.0456  0.0479  0.0464  0.0448  0.0460  0.0466  0.0454  0.0447  0.0453  0.0448
  0.0470  0.0470  0.0455  0.0467  0.0461  0.0447  0.0454  0.0456  0.0450  0.0447  0.0450  0.0446
  0.0466  0.0465  0.0457  0.0458  0.0457  0.0449  0.0449  0.0449  0.0448  0.0447  0.0448  0.0445
  0.0464  0.0464  0.0464  0.0455  0.0455  0.0456  0.0447  0.0447  0.0447  0.0447  0.0447  0.0447
  0.0466  0.0466  0.0476  0.0457  0.0456  0.0466  0.0448  0.0449  0.0448  0.0448  0.0448  0.0451
  0.0470  0.0471  0.0490  0.0465  0.0463  0.0494  0.0451  0.0454  0.0450  0.0449  0.0449  0.0456
  0.0476  0.0479  0.0505  0.0478  0.0477  0.0542  0.0455  0.0462  0.0454  0.0453  0.0452  0.0462
niter,ni,del,rscale     7    3    5.0000    1.2000
parameter  2  4.518222 ->  0.500000 qaram    1.7490
parameter  3  0.741320 ->  0.500000 qaram    2.6600
parameter  5  0.942120 ->  0.500000 qaram    1.7490
parameter 10  0.510053 ->  0.500000 qaram    1.1500
parameters
   -0.4442   -2.4632  -16.7325  -13.3989  -31.1588  -35.1578
   -4.5906   -2.5150    4.9962   30.2339    1.7972    0.9813
eta,q 0.96000 14.14402
  0.0459  0.0429  0.0422  0.0450  0.0411  0.0423  0.0413  0.0422  0.0413  0.0404  0.0404  0.0416
  0.0451  0.0432  0.0419  0.0435  0.0407  0.0410  0.0407  0.0412  0.0407  0.0401  0.0402  0.0405
  0.0447  0.0438  0.0423  0.0424  0.0410  0.0404  0.0404  0.0405  0.0404  0.0401  0.0401  0.0400
  0.0445  0.0445  0.0434  0.0419  0.0419  0.0407  0.0404  0.0404  0.0404  0.0404  0.0401  0.0401
  0.0447  0.0452  0.0452  0.0420  0.0427  0.0415  0.0407  0.0407  0.0406  0.0409  0.0402  0.0405
  0.0452  0.0459  0.0475  0.0428  0.0435  0.0425  0.0412  0.0414  0.0410  0.0416  0.0404  0.0411
  0.0459  0.0466  0.0501  0.0441  0.0444  0.0466  0.0420  0.0424  0.0416  0.0425  0.0408  0.0418
niter,ni,del,rscale     7    3    5.0000    1.2000
parameters
   -0.5251   -3.2037  -17.0164  -11.7220  -30.2909  -32.7449
   -4.6971   -2.9760    5.7261   29.0653    1.5756    0.8963
eta,q 0.96010 14.20922
  0.0413  0.0417  0.0431  0.0431  0.0432  0.0430  0.0412  0.0416  0.0412  0.0408  0.0404  0.0416
  0.0406  0.0406  0.0416  0.0416  0.0419  0.0414  0.0405  0.0407  0.0406  0.0403  0.0401  0.0405
  0.0401  0.0401  0.0404  0.0405  0.0407  0.0402  0.0401  0.0401  0.0401  0.0399  0.0400  0.0399
  0.0400  0.0400  0.0400  0.0400  0.0399  0.0398  0.0400  0.0400  0.0400  0.0399  0.0399  0.0399
  0.0402  0.0406  0.0405  0.0400  0.0401  0.0402  0.0401  0.0403  0.0400  0.0402  0.0400  0.0403
  0.0407  0.0418  0.0419  0.0407  0.0413  0.0406  0.0406  0.0410  0.0403  0.0407  0.0402  0.0408
  0.0415  0.0435  0.0438  0.0416  0.0425  0.0410  0.0412  0.0420  0.0408  0.0416  0.0405  0.0413
niter,ni,del,rscale     6    3    5.0000    1.2000
parameters
   -0.5770   -3.5765  -16.5011  -11.7568  -29.6913  -31.7686
   -4.7044   -3.2170    6.0277   27.9530    0.7820    0.6810
eta,q 0.96023 14.21289
  0.0413  0.0420  0.0432  0.0424  0.0430  0.0424  0.0411  0.0416  0.0409  0.0408  0.0402  0.0415
  0.0405  0.0408  0.0420  0.0410  0.0417  0.0409  0.0404  0.0406  0.0403  0.0401  0.0400  0.0403
  0.0400  0.0401  0.0407  0.0401  0.0406  0.0400  0.0400  0.0400  0.0400  0.0398  0.0398  0.0398
  0.0399  0.0399  0.0399  0.0398  0.0398  0.0398  0.0398  0.0398  0.0398  0.0398  0.0398  0.0398
  0.0401  0.0403  0.0399  0.0402  0.0401  0.0401  0.0400  0.0401  0.0399  0.0401  0.0399  0.0402
  0.0406  0.0414  0.0409  0.0409  0.0413  0.0404  0.0404  0.0408  0.0402  0.0406  0.0401  0.0407
  0.0414  0.0430  0.0427  0.0424  0.0426  0.0416  0.0411  0.0418  0.0408  0.0415  0.0404  0.0412
niter,ni,del,rscale     5    3    5.0000    1.2000
parameters
   -0.6065   -3.9308  -16.1011  -11.7817  -29.2557  -30.8265
   -4.7734   -3.4129    6.3359   27.0360    0.0788    0.6487
eta,q 0.96035 14.21580
  0.0412  0.0420  0.0430  0.0423  0.0428  0.0424  0.0409  0.0415  0.0408  0.0407  0.0401  0.0414
  0.0404  0.0407  0.0418  0.0408  0.0415  0.0409  0.0403  0.0405  0.0402  0.0401  0.0399  0.0402
  0.0399  0.0400  0.0406  0.0399  0.0404  0.0399  0.0398  0.0399  0.0399  0.0397  0.0397  0.0397
  0.0398  0.0398  0.0398  0.0397  0.0397  0.0397  0.0397  0.0397  0.0397  0.0397  0.0397  0.0397
  0.0400  0.0402  0.0398  0.0401  0.0399  0.0399  0.0399  0.0399  0.0398  0.0399  0.0398  0.0400
  0.0405  0.0413  0.0408  0.0408  0.0412  0.0402  0.0403  0.0406  0.0401  0.0404  0.0400  0.0405
  0.0413  0.0429  0.0428  0.0423  0.0425  0.0417  0.0410  0.0417  0.0406  0.0413  0.0403  0.0411
niter,ni,del,rscale     4    3    5.0000    1.2000
parameters
   -0.6210   -4.2133  -15.7695  -11.7677  -28.9676  -30.2313
   -4.8542   -3.5583    6.5254   26.4411   -0.3265    0.7581
eta,q 0.96044 14.22386
  0.0412  0.0420  0.0429  0.0422  0.0426  0.0422  0.0408  0.0414  0.0407  0.0407  0.0401  0.0413
  0.0403  0.0407  0.0417  0.0408  0.0413  0.0408  0.0402  0.0404  0.0401  0.0400  0.0398  0.0402
  0.0398  0.0399  0.0405  0.0398  0.0403  0.0398  0.0397  0.0398  0.0397  0.0396  0.0396  0.0396
  0.0397  0.0397  0.0397  0.0396  0.0396  0.0396  0.0396  0.0396  0.0396  0.0396  0.0396  0.0396
  0.0398  0.0400  0.0397  0.0400  0.0398  0.0397  0.0397  0.0398  0.0397  0.0398  0.0397  0.0399
  0.0403  0.0411  0.0408  0.0407  0.0411  0.0401  0.0402  0.0405  0.0400  0.0402  0.0399  0.0404
  0.0412  0.0428  0.0428  0.0422  0.0425  0.0419  0.0409  0.0416  0.0406  0.0411  0.0402  0.0409
niter,ni,del,rscale     3    3    5.0000    1.2000
parameters
   -0.6316   -4.4029  -15.5812  -11.7367  -28.7728  -29.9777
   -4.8901   -3.6553    6.6163   26.1011   -0.4967    0.8849
eta,q 0.96049 14.23253
  0.0411  0.0421  0.0428  0.0421  0.0425  0.0421  0.0408  0.0414  0.0406  0.0408  0.0401  0.0412
  0.0402  0.0407  0.0416  0.0407  0.0413  0.0407  0.0401  0.0404  0.0400  0.0400  0.0398  0.0401
  0.0397  0.0398  0.0403  0.0398  0.0402  0.0397  0.0397  0.0397  0.0396  0.0396  0.0396  0.0395
  0.0396  0.0396  0.0396  0.0395  0.0395  0.0395  0.0395  0.0395  0.0395  0.0395  0.0395  0.0395
  0.0397  0.0399  0.0397  0.0399  0.0397  0.0397  0.0397  0.0397  0.0396  0.0397  0.0396  0.0398
  0.0403  0.0410  0.0409  0.0406  0.0411  0.0401  0.0401  0.0404  0.0400  0.0401  0.0398  0.0403
  0.0411  0.0426  0.0429  0.0421  0.0425  0.0422  0.0408  0.0415  0.0405  0.0410  0.0401  0.0409
niter,ni,del,rscale     2    3    5.0000    1.2000
parameters
   -0.6454   -4.5130  -15.4929  -11.7210  -28.6595  -29.8555
   -4.8988   -3.7043    6.6321   25.9125   -0.5530    0.9826
eta,q 0.96051 14.23714
  0.0411  0.0422  0.0427  0.0421  0.0425  0.0421  0.0408  0.0414  0.0405  0.0408  0.0401  0.0412
  0.0402  0.0407  0.0415  0.0407  0.0412  0.0406  0.0401  0.0404  0.0400  0.0400  0.0398  0.0401
  0.0397  0.0398  0.0403  0.0397  0.0401  0.0397  0.0396  0.0397  0.0396  0.0396  0.0395  0.0395
  0.0395  0.0395  0.0395  0.0395  0.0395  0.0395  0.0395  0.0395  0.0395  0.0395  0.0395  0.0395
  0.0397  0.0398  0.0397  0.0399  0.0397  0.0397  0.0396  0.0397  0.0396  0.0397  0.0396  0.0398
  0.0402  0.0409  0.0409  0.0406  0.0411  0.0400  0.0401  0.0404  0.0400  0.0401  0.0398  0.0403
  0.0411  0.0425  0.0430  0.0421  0.0426  0.0423  0.0408  0.0414  0.0405  0.0409  0.0401  0.0408
niter,ni,del,rscale     1    3    5.0000    1.2000
parameters
   -0.6525   -4.5716  -15.4501  -11.7090  -28.5919  -29.8096
   -4.8971   -3.7316    6.6335   25.8062   -0.5700    1.0310
eta,q 0.96053 14.24000
  0.0411  0.0422  0.0426  0.0421  0.0425  0.0420  0.0407  0.0414  0.0405  0.0408  0.0401  0.0411
  0.0402  0.0407  0.0414  0.0406  0.0412  0.0406  0.0401  0.0404  0.0400  0.0400  0.0397  0.0401
  0.0396  0.0398  0.0402  0.0397  0.0401  0.0397  0.0396  0.0397  0.0396  0.0396  0.0395  0.0395
  0.0395  0.0395  0.0395  0.0395  0.0395  0.0395  0.0395  0.0395  0.0395  0.0395  0.0395  0.0395
  0.0397  0.0398  0.0397  0.0398  0.0397  0.0397  0.0396  0.0397  0.0396  0.0397  0.0396  0.0398
  0.0402  0.0408  0.0409  0.0406  0.0411  0.0400  0.0401  0.0404  0.0400  0.0401  0.0398  0.0403
  0.0411  0.0424  0.0430  0.0421  0.0426  0.0424  0.0408  0.0414  0.0405  0.0409  0.0401  0.0408
registration optimization eta report
parameter search radius
    2.4000    4.1976    6.3840   10.9503   12.5928   12.5928
    7.2000    7.2000    7.2000    8.2800    8.2800   12.5928
100000*second partial in parameter space
       27.       16.        8.        2.        2.        2.
        2.        4.        2.        2.        1.        1.
  0.0411  0.0422  0.0426  0.0421  0.0425  0.0420  0.0407  0.0414  0.0405  0.0408  0.0401  0.0411
  0.0402  0.0407  0.0414  0.0406  0.0412  0.0406  0.0401  0.0404  0.0400  0.0400  0.0397  0.0401
  0.0396  0.0398  0.0402  0.0397  0.0401  0.0397  0.0396  0.0397  0.0396  0.0396  0.0395  0.0395
  0.0395  0.0395  0.0395  0.0395  0.0395  0.0395  0.0395  0.0395  0.0395  0.0395  0.0395  0.0395
  0.0397  0.0398  0.0397  0.0398  0.0397  0.0397  0.0396  0.0397  0.0396  0.0397  0.0396  0.0398
  0.0402  0.0408  0.0409  0.0406  0.0411  0.0400  0.0401  0.0404  0.0400  0.0401  0.0398  0.0403
  0.0411  0.0424  0.0430  0.0421  0.0426  0.0424  0.0408  0.0414  0.0405  0.0409  0.0401  0.0408
   -0.6525   -4.5716  -15.4501  -11.7090  -28.5919  -29.8096
   -4.8971   -3.7316    6.6335   25.8062   -0.5700    1.0310
eta,q 0.96053 14.24000

---------------------------------------------------------------------
imgreg_4dfp /opt/freesurfer/average/711-2C_as_mni_average_305 /opt/freesurfer/average/711-2B_as_mni_average_305_mask talsrcimg_g11 none talsrcimg_to_711-2C_as_mni_average_305_t4 2311
---------------------------------------------------------------------

freesurfer imgreg_4dfp.c
/opt/freesurfer/average/711-2C_as_mni_average_305.4dfp.img
       256       256       256         1
  1.000000  1.000000  1.000000
orientation T byte_order littleendian
Reading image: /opt/freesurfer/average/711-2C_as_mni_average_305.4dfp.img
dimensions:      256       256       256
mmppix:       1.0000   -1.0000   -1.0000
center:     128.0000 -129.0000 -129.0000
/opt/freesurfer/average/711-2B_as_mni_average_305_mask.4dfp.img
       256       256       256         1
  1.000000  1.000000  1.000000
orientation T byte_order littleendian
Reading mask: /opt/freesurfer/average/711-2B_as_mni_average_305_mask.4dfp.img (2306576 pixels)
talsrcimg_g11.4dfp.img
       256       256       256         1
  1.000000  1.000000  1.000000
orientation T byte_order littleendian
Reading image: talsrcimg_g11.4dfp.img
dimensions:      256       256       256
mmppix:       1.0000   -1.0000   -1.0000
center:     128.0000 -129.0000 -129.0000
fimgreg.f
image alignment mode   2311 decimal      907 hex
parameters
   -0.6525   -4.5716  -15.4501  -11.7090  -28.5919  -29.8096
   -4.8971   -3.7316    6.6335   25.8062   -0.5700    1.0310
eta,q 0.96053 14.24000
niter,ni,del,rscale     5    3    5.0000    0.8000
parameters
   -0.6697   -4.5332  -14.7583  -12.2184  -28.0180  -28.9566
   -4.7394   -3.6853    6.4451   25.2089   -0.8930   -0.6347
eta,q 0.96067 14.22575
  0.0402  0.0399  0.0399  0.0398  0.0402  0.0399  0.0401  0.0403  0.0399  0.0398  0.0396  0.0395
  0.0398  0.0397  0.0397  0.0396  0.0398  0.0396  0.0397  0.0398  0.0396  0.0395  0.0394  0.0394
  0.0395  0.0395  0.0396  0.0394  0.0396  0.0394  0.0395  0.0395  0.0394  0.0394  0.0394  0.0393
  0.0395  0.0395  0.0395  0.0394  0.0394  0.0394  0.0394  0.0394  0.0394  0.0394  0.0394  0.0394
  0.0396  0.0395  0.0394  0.0395  0.0394  0.0394  0.0394  0.0395  0.0395  0.0395  0.0394  0.0395
  0.0398  0.0396  0.0394  0.0397  0.0396  0.0395  0.0396  0.0398  0.0396  0.0397  0.0395  0.0396
  0.0402  0.0399  0.0395  0.0400  0.0400  0.0396  0.0400  0.0403  0.0399  0.0400  0.0396  0.0398
niter,ni,del,rscale     4    3    5.0000    0.7000
parameters
   -0.7293   -4.6378  -14.7716  -12.2740  -27.5201  -28.4126
   -4.7877   -3.6833    6.3549   24.8001   -0.6213   -0.9135
eta,q 0.96069 14.22511
  0.0398  0.0396  0.0396  0.0397  0.0399  0.0396  0.0398  0.0400  0.0397  0.0396  0.0395  0.0395
  0.0395  0.0395  0.0394  0.0395  0.0396  0.0395  0.0395  0.0397  0.0395  0.0394  0.0394  0.0394
  0.0394  0.0394  0.0394  0.0394  0.0395  0.0393  0.0394  0.0394  0.0394  0.0393  0.0393  0.0393
  0.0393  0.0393  0.0393  0.0393  0.0393  0.0393  0.0393  0.0393  0.0393  0.0393  0.0393  0.0393
  0.0394  0.0394  0.0394  0.0394  0.0393  0.0393  0.0394  0.0394  0.0394  0.0394  0.0393  0.0393
  0.0396  0.0395  0.0394  0.0395  0.0394  0.0394  0.0395  0.0396  0.0395  0.0396  0.0394  0.0394
  0.0399  0.0397  0.0396  0.0398  0.0397  0.0395  0.0398  0.0400  0.0397  0.0398  0.0395  0.0395
niter,ni,del,rscale     3    3    5.0000    0.6000
parameters
   -0.7545   -4.7190  -14.7572  -12.2683  -27.1759  -28.3272
   -4.7442   -3.6169    6.2489   24.4641   -0.4410   -1.0060
eta,q 0.96072 14.22919
  0.0397  0.0395  0.0395  0.0396  0.0397  0.0395  0.0397  0.0398  0.0396  0.0395  0.0394  0.0394
  0.0395  0.0394  0.0394  0.0394  0.0395  0.0394  0.0395  0.0396  0.0394  0.0394  0.0394  0.0393
  0.0393  0.0393  0.0393  0.0393  0.0394  0.0393  0.0393  0.0394  0.0393  0.0393  0.0393  0.0393
  0.0393  0.0393  0.0393  0.0393  0.0393  0.0393  0.0393  0.0393  0.0393  0.0393  0.0393  0.0393
  0.0394  0.0393  0.0393  0.0393  0.0393  0.0393  0.0393  0.0393  0.0393  0.0393  0.0393  0.0393
  0.0395  0.0394  0.0394  0.0394  0.0394  0.0394  0.0395  0.0395  0.0394  0.0395  0.0393  0.0394
  0.0397  0.0396  0.0395  0.0396  0.0396  0.0394  0.0397  0.0398  0.0396  0.0396  0.0394  0.0394
niter,ni,del,rscale     2    3    5.0000    0.5000
parameters
   -0.7732   -4.7801  -14.7724  -12.2558  -26.8332  -28.2944
   -4.7186   -3.5784    6.1577   24.1425   -0.3976   -1.0516
eta,q 0.96073 14.23347
  0.0396  0.0394  0.0394  0.0395  0.0396  0.0394  0.0395  0.0397  0.0395  0.0394  0.0394  0.0394
  0.0394  0.0393  0.0393  0.0394  0.0394  0.0393  0.0394  0.0395  0.0394  0.0393  0.0393  0.0393
  0.0393  0.0393  0.0393  0.0393  0.0393  0.0393  0.0393  0.0393  0.0393  0.0393  0.0393  0.0393
  0.0393  0.0393  0.0393  0.0393  0.0393  0.0393  0.0393  0.0393  0.0393  0.0393  0.0393  0.0393
  0.0393  0.0393  0.0393  0.0393  0.0393  0.0393  0.0393  0.0393  0.0393  0.0393  0.0393  0.0393
  0.0394  0.0394  0.0393  0.0394  0.0393  0.0393  0.0394  0.0394  0.0394  0.0394  0.0393  0.0393
  0.0396  0.0395  0.0394  0.0395  0.0395  0.0394  0.0395  0.0397  0.0395  0.0395  0.0394  0.0394
niter,ni,del,rscale     1    3    5.0000    0.4000
parameters
   -0.7747   -4.8382  -14.7758  -12.2831  -26.5334  -28.3677
   -4.6768   -3.5568    6.1117   23.8761   -0.3448   -1.1153
eta,q 0.96074 14.23815
  0.0395  0.0394  0.0393  0.0394  0.0395  0.0393  0.0394  0.0395  0.0394  0.0394  0.0393  0.0393
  0.0394  0.0393  0.0393  0.0393  0.0394  0.0393  0.0393  0.0394  0.0393  0.0393  0.0393  0.0393
  0.0393  0.0393  0.0393  0.0393  0.0393  0.0393  0.0393  0.0393  0.0393  0.0393  0.0393  0.0393
  0.0393  0.0393  0.0393  0.0393  0.0393  0.0393  0.0393  0.0393  0.0393  0.0393  0.0393  0.0393
  0.0393  0.0393  0.0393  0.0393  0.0393  0.0393  0.0393  0.0393  0.0393  0.0393  0.0393  0.0393
  0.0394  0.0393  0.0393  0.0393  0.0393  0.0393  0.0393  0.0394  0.0393  0.0393  0.0393  0.0393
  0.0395  0.0394  0.0393  0.0394  0.0394  0.0393  0.0394  0.0395  0.0394  0.0394  0.0393  0.0393
registration optimization eta report
parameter search radius
    0.8000    0.8000    0.8000    2.4000    2.4000    2.4000
    2.4000    2.4000    2.4000    2.4000    2.4000    2.4000
100000*second partial in parameter space
       30.       18.       11.        2.        3.        1.
        3.        4.        2.        2.        1.        1.
  0.0395  0.0394  0.0393  0.0394  0.0395  0.0393  0.0394  0.0395  0.0394  0.0394  0.0393  0.0393
  0.0394  0.0393  0.0393  0.0393  0.0394  0.0393  0.0393  0.0394  0.0393  0.0393  0.0393  0.0393
  0.0393  0.0393  0.0393  0.0393  0.0393  0.0393  0.0393  0.0393  0.0393  0.0393  0.0393  0.0393
  0.0393  0.0393  0.0393  0.0393  0.0393  0.0393  0.0393  0.0393  0.0393  0.0393  0.0393  0.0393
  0.0393  0.0393  0.0393  0.0393  0.0393  0.0393  0.0393  0.0393  0.0393  0.0393  0.0393  0.0393
  0.0394  0.0393  0.0393  0.0393  0.0393  0.0393  0.0393  0.0394  0.0393  0.0393  0.0393  0.0393
  0.0395  0.0394  0.0393  0.0394  0.0394  0.0393  0.0394  0.0395  0.0394  0.0394  0.0393  0.0393
   -0.7747   -4.8382  -14.7758  -12.2831  -26.5334  -28.3677
   -4.6768   -3.5568    6.1117   23.8761   -0.3448   -1.1153
eta,q 0.96074 14.23815

---------------------------------------------------------------------
imgreg_4dfp /opt/freesurfer/average/711-2C_as_mni_average_305 /opt/freesurfer/average/711-2B_as_mni_average_305_mask talsrcimg_g11 none talsrcimg_to_711-2C_as_mni_average_305_t4 2311
---------------------------------------------------------------------

freesurfer imgreg_4dfp.c
/opt/freesurfer/average/711-2C_as_mni_average_305.4dfp.img
       256       256       256         1
  1.000000  1.000000  1.000000
orientation T byte_order littleendian
Reading image: /opt/freesurfer/average/711-2C_as_mni_average_305.4dfp.img
dimensions:      256       256       256
mmppix:       1.0000   -1.0000   -1.0000
center:     128.0000 -129.0000 -129.0000
/opt/freesurfer/average/711-2B_as_mni_average_305_mask.4dfp.img
       256       256       256         1
  1.000000  1.000000  1.000000
orientation T byte_order littleendian
Reading mask: /opt/freesurfer/average/711-2B_as_mni_average_305_mask.4dfp.img (2306576 pixels)
talsrcimg_g11.4dfp.img
       256       256       256         1
  1.000000  1.000000  1.000000
orientation T byte_order littleendian
Reading image: talsrcimg_g11.4dfp.img
dimensions:      256       256       256
mmppix:       1.0000   -1.0000   -1.0000
center:     128.0000 -129.0000 -129.0000
fimgreg.f
image alignment mode   2311 decimal      907 hex
parameters
   -0.7747   -4.8382  -14.7758  -12.2831  -26.5334  -28.3677
   -4.6768   -3.5568    6.1117   23.8761   -0.3448   -1.1153
eta,q 0.96074 14.23816
niter,ni,del,rscale     5    3    5.0000    0.8000
parameters
   -0.7667   -4.9218  -14.8113  -12.2313  -26.8200  -28.0521
   -4.7715   -3.6531    6.1687   24.1983   -0.2052   -0.8831
eta,q 0.96072 14.23875
  0.0400  0.0397  0.0395  0.0398  0.0398  0.0396  0.0399  0.0402  0.0398  0.0399  0.0395  0.0396
  0.0396  0.0394  0.0394  0.0395  0.0395  0.0394  0.0396  0.0397  0.0395  0.0395  0.0394  0.0394
  0.0393  0.0393  0.0393  0.0393  0.0394  0.0393  0.0393  0.0394  0.0393  0.0393  0.0393  0.0393
  0.0393  0.0393  0.0393  0.0393  0.0393  0.0393  0.0393  0.0393  0.0393  0.0393  0.0393  0.0393
  0.0393  0.0393  0.0393  0.0393  0.0393  0.0393  0.0394  0.0394  0.0393  0.0393  0.0393  0.0393
  0.0396  0.0395  0.0394  0.0395  0.0396  0.0394  0.0396  0.0397  0.0395  0.0395  0.0394  0.0394
  0.0400  0.0398  0.0396  0.0398  0.0400  0.0395  0.0400  0.0403  0.0398  0.0397  0.0395  0.0395
niter,ni,del,rscale     4    3    5.0000    0.7000
parameters
   -0.7746   -4.8675  -14.7409  -12.2182  -26.9579  -28.0913
   -4.7262   -3.6369    6.1552   24.2501   -0.2760   -0.8983
eta,q 0.96072 14.23590
  0.0398  0.0396  0.0395  0.0397  0.0397  0.0395  0.0398  0.0400  0.0397  0.0397  0.0395  0.0395
  0.0395  0.0394  0.0394  0.0394  0.0395  0.0394  0.0395  0.0396  0.0394  0.0395  0.0394  0.0394
  0.0393  0.0393  0.0393  0.0393  0.0394  0.0393  0.0393  0.0394  0.0393  0.0393  0.0393  0.0393
  0.0393  0.0393  0.0393  0.0393  0.0393  0.0393  0.0393  0.0393  0.0393  0.0393  0.0393  0.0393
  0.0393  0.0393  0.0393  0.0393  0.0393  0.0393  0.0393  0.0393  0.0393  0.0393  0.0393  0.0393
  0.0395  0.0394  0.0394  0.0394  0.0395  0.0394  0.0395  0.0396  0.0394  0.0395  0.0394  0.0394
  0.0398  0.0396  0.0395  0.0397  0.0398  0.0395  0.0398  0.0400  0.0397  0.0397  0.0395  0.0395
niter,ni,del,rscale     3    3    5.0000    0.6000
parameters
   -0.7779   -4.8442  -14.7237  -12.2450  -26.8731  -28.2082
   -4.6951   -3.6083    6.1406   24.1616   -0.3632   -0.9660
eta,q 0.96073 14.23597
  0.0397  0.0395  0.0394  0.0396  0.0396  0.0394  0.0397  0.0398  0.0396  0.0396  0.0394  0.0394
  0.0395  0.0394  0.0394  0.0394  0.0395  0.0393  0.0394  0.0395  0.0394  0.0394  0.0393  0.0393
  0.0393  0.0393  0.0393  0.0393  0.0394  0.0393  0.0393  0.0393  0.0393  0.0393  0.0393  0.0393
  0.0393  0.0393  0.0393  0.0393  0.0393  0.0393  0.0393  0.0393  0.0393  0.0393  0.0393  0.0393
  0.0393  0.0393  0.0393  0.0393  0.0393  0.0393  0.0393  0.0393  0.0393  0.0393  0.0393  0.0393
  0.0395  0.0394  0.0393  0.0394  0.0394  0.0394  0.0394  0.0395  0.0394  0.0394  0.0393  0.0393
  0.0397  0.0395  0.0394  0.0396  0.0396  0.0394  0.0396  0.0398  0.0396  0.0396  0.0394  0.0394
niter,ni,del,rscale     2    3    5.0000    0.5000
parameters
   -0.7808   -4.8478  -14.7661  -12.2561  -26.6841  -28.3170
   -4.6979   -3.5840    6.1358   23.9990   -0.3130   -1.0226
eta,q 0.96073 14.23769
  0.0396  0.0394  0.0394  0.0395  0.0395  0.0394  0.0395  0.0397  0.0395  0.0395  0.0394  0.0394
  0.0394  0.0393  0.0393  0.0394  0.0394  0.0393  0.0394  0.0395  0.0394  0.0393  0.0393  0.0393
  0.0393  0.0393  0.0393  0.0393  0.0393  0.0393  0.0393  0.0393  0.0393  0.0393  0.0393  0.0393
  0.0393  0.0393  0.0393  0.0393  0.0393  0.0393  0.0393  0.0393  0.0393  0.0393  0.0393  0.0393
  0.0393  0.0393  0.0393  0.0393  0.0393  0.0393  0.0393  0.0393  0.0393  0.0393  0.0393  0.0393
  0.0394  0.0394  0.0393  0.0394  0.0393  0.0393  0.0394  0.0394  0.0394  0.0394  0.0393  0.0393
  0.0396  0.0394  0.0394  0.0395  0.0395  0.0394  0.0395  0.0397  0.0395  0.0395  0.0394  0.0394
niter,ni,del,rscale     1    3    5.0000    0.4000
parameters
   -0.7876   -4.8732  -14.7958  -12.2678  -26.4357  -28.3416
   -4.6891   -3.5584    6.1061   23.7877   -0.2582   -1.1155
eta,q 0.96074 14.24026
  0.0394  0.0394  0.0393  0.0394  0.0395  0.0393  0.0394  0.0395  0.0394  0.0394  0.0393  0.0393
  0.0393  0.0393  0.0393  0.0393  0.0394  0.0393  0.0393  0.0394  0.0393  0.0393  0.0393  0.0393
  0.0393  0.0393  0.0393  0.0393  0.0393  0.0393  0.0393  0.0393  0.0393  0.0393  0.0393  0.0393
  0.0393  0.0393  0.0393  0.0393  0.0393  0.0393  0.0393  0.0393  0.0393  0.0393  0.0393  0.0393
  0.0393  0.0393  0.0393  0.0393  0.0393  0.0393  0.0393  0.0393  0.0393  0.0393  0.0393  0.0393
  0.0394  0.0393  0.0393  0.0393  0.0393  0.0393  0.0393  0.0394  0.0393  0.0393  0.0393  0.0393
  0.0395  0.0394  0.0393  0.0394  0.0394  0.0393  0.0394  0.0395  0.0394  0.0394  0.0393  0.0393
registration optimization eta report
parameter search radius
    0.8000    0.8000    0.8000    2.4000    2.4000    2.4000
    2.4000    2.4000    2.4000    2.4000    2.4000    2.4000
100000*second partial in parameter space
       29.       17.       11.        2.        3.        1.
        3.        4.        2.        2.        1.        1.
  0.0394  0.0394  0.0393  0.0394  0.0395  0.0393  0.0394  0.0395  0.0394  0.0394  0.0393  0.0393
  0.0393  0.0393  0.0393  0.0393  0.0394  0.0393  0.0393  0.0394  0.0393  0.0393  0.0393  0.0393
  0.0393  0.0393  0.0393  0.0393  0.0393  0.0393  0.0393  0.0393  0.0393  0.0393  0.0393  0.0393
  0.0393  0.0393  0.0393  0.0393  0.0393  0.0393  0.0393  0.0393  0.0393  0.0393  0.0393  0.0393
  0.0393  0.0393  0.0393  0.0393  0.0393  0.0393  0.0393  0.0393  0.0393  0.0393  0.0393  0.0393
  0.0394  0.0393  0.0393  0.0393  0.0393  0.0393  0.0393  0.0394  0.0393  0.0393  0.0393  0.0393
  0.0395  0.0394  0.0393  0.0394  0.0394  0.0393  0.0394  0.0395  0.0394  0.0394  0.0393  0.0393
   -0.7876   -4.8732  -14.7958  -12.2678  -26.4357  -28.3416
   -4.6891   -3.5584    6.1061   23.7877   -0.2582   -1.1155
eta,q 0.96074 14.24026

---------------------------------------------------------------------
compute_vox2vox talsrcimg talsrcimg_to_711-2C_as_mni_average_305_t4 /opt/freesurfer/average/711-2C_as_mni_average_305
---------------------------------------------------------------------

freesurfer compute_vox2vox.c
Reading: talsrcimg.4dfp.ifh
Reading: talsrcimg_to_711-2C_as_mni_average_305_t4
Reading: /opt/freesurfer/average/711-2C_as_mni_average_305.4dfp.ifh
Writing: talsrcimg_to_711-2C_as_mni_average_305_t4_vox2vox.txt

start time Mon Mar 9 17:18:41 CET 2026
end		time Mon Mar 9 17:20:14 CET 2026

mpr2mni305 success

avi2talxfm orig_nu.mgz /opt/freesurfer/average/mni305.cor.mgz talsrcimg_to_711-2C_as_mni_average_305_t4_vox2vox.txt transforms/talairach.auto.xfm
avi2talxfm done
mv -f /out/sourcedata/freesurfer/sub-v1s23x0050556_ses-1/mri/talsrcimg_to_711-2C_as_mni_average_305_t4_vox2vox.txt /out/sourcedata/freesurfer/sub-v1s23x0050556_ses-1/mri/transforms/talsrcimg_to_711-2C_as_mni_average_305_t4_vox2vox.txt
lta_convert --src orig_nu.mgz --trg /opt/freesurfer/average/mni305.cor.mgz --inxfm transforms/talairach.auto.xfm --outlta transforms/talairach.auto.xfm.lta --subject fsaverage
7.3.2

--src: orig_nu.mgz src image (geometry).
--trg: /opt/freesurfer/average/mni305.cor.mgz trg image (geometry).
--inmni: transforms/talairach.auto.xfm input MNI/XFM transform.
--outlta: transforms/talairach.auto.xfm.lta output LTA.
--s: fsaverage subject name
 LTA read, type : 1
 1.13486   0.03218   0.07283  -45.68301;
 0.00261   1.38859   0.02122   87.65469;
-0.09504  -0.45169   1.34645  -58.37097;
 0.00000   0.00000   0.00000   1.00000;
setting subject to fsaverage
Writing  LTA to file transforms/talairach.auto.xfm.lta...
lta_convert successful.
 
 
Started at Mon Mar 9 17:18:40 CET 2026
Ended   at Mon Mar  9 17:20:14 CET 2026
talairach_avi done
