status file for recon-all
Mon Mar  9 18:35:11 CET 2026
#@# Tessellate lh Mon Mar  9 18:35:11 CET 2026
#@# Smooth1 lh Mon Mar  9 18:35:15 CET 2026
#@# Inflation1 lh Mon Mar  9 18:35:17 CET 2026
#@# QSphere lh Mon Mar  9 18:35:30 CET 2026
#@# Fix Topology lh Mon Mar  9 18:36:42 CET 2026
#@# Smooth2 lh Mon Mar  9 18:42:24 CET 2026
#@# Inflation2 lh Mon Mar  9 18:42:27 CET 2026
#@# Curv .H and .K lh Mon Mar  9 18:42:40 CET 2026
#@# Sphere lh Mon Mar  9 18:43:24 CET 2026
#@# Surf Reg lh Mon Mar  9 18:47:22 CET 2026
#@# Jacobian white lh Mon Mar  9 18:51:15 CET 2026
#@# AvgCurv lh Mon Mar  9 18:51:16 CET 2026
#@# Cortical Parc lh Mon Mar  9 18:51:16 CET 2026
#@# white curv lh Mon Mar  9 18:57:25 CET 2026
#@# white area lh Mon Mar  9 18:57:27 CET 2026
#@# pial curv lh Mon Mar  9 18:57:27 CET 2026
#@# pial area lh Mon Mar  9 18:57:29 CET 2026
#@# thickness lh Mon Mar  9 18:57:30 CET 2026
#@# area and vertex vol lh Mon Mar  9 18:57:57 CET 2026
#@# Curvature Stats lh Mon Mar  9 18:57:59 CET 2026
#@# Cortical Parc 2 lh Mon Mar  9 18:58:01 CET 2026
#@# Cortical Parc 3 lh Mon Mar  9 18:58:14 CET 2026
#@# WM/GM Contrast lh Mon Mar  9 18:58:23 CET 2026
recon-all -s sub-v1s23x0050551_ses-1 finished without error at Mon Mar  9 18:58:26 CET 2026



#New# invocation of recon-all 



status file for recon-all
Mon Mar  9 19:26:17 CET 2026
#@# white curv lh Mon Mar  9 19:26:18 CET 2026
#@# white area lh Mon Mar  9 19:26:18 CET 2026
#@# pial curv lh Mon Mar  9 19:26:18 CET 2026
#@# pial area lh Mon Mar  9 19:26:18 CET 2026
#@# thickness lh Mon Mar  9 19:26:18 CET 2026
#@# area and vertex vol lh Mon Mar  9 19:26:18 CET 2026
#@# Parcellation Stats lh Mon Mar  9 19:26:18 CET 2026
#@# Parcellation Stats 2 lh Mon Mar  9 19:26:35 CET 2026
#@# Parcellation Stats 3 lh Mon Mar  9 19:26:43 CET 2026
#@# BA_exvivo Labels lh Mon Mar  9 19:26:52 CET 2026
recon-all -s sub-v1s23x0050551_ses-1 finished without error at Mon Mar  9 19:29:12 CET 2026
