status file for recon-all
Mon Mar  9 18:58:27 CET 2026
#@# Tessellate rh Mon Mar  9 18:58:27 CET 2026
#@# Smooth1 rh Mon Mar  9 18:58:30 CET 2026
#@# Inflation1 rh Mon Mar  9 18:58:33 CET 2026
#@# QSphere rh Mon Mar  9 18:58:45 CET 2026
#@# Fix Topology rh Mon Mar  9 18:59:40 CET 2026
#@# Smooth2 rh Mon Mar  9 19:05:23 CET 2026
#@# Inflation2 rh Mon Mar  9 19:05:26 CET 2026
#@# Curv .H and .K rh Mon Mar  9 19:05:39 CET 2026
#@# Sphere rh Mon Mar  9 19:06:21 CET 2026
#@# Surf Reg rh Mon Mar  9 19:09:47 CET 2026
#@# Jacobian white rh Mon Mar  9 19:13:43 CET 2026
#@# AvgCurv rh Mon Mar  9 19:13:44 CET 2026
#@# Cortical Parc rh Mon Mar  9 19:13:44 CET 2026
#@# white curv rh Mon Mar  9 19:20:15 CET 2026
#@# white area rh Mon Mar  9 19:20:16 CET 2026
#@# pial curv rh Mon Mar  9 19:20:17 CET 2026
#@# pial area rh Mon Mar  9 19:20:19 CET 2026
#@# thickness rh Mon Mar  9 19:20:20 CET 2026
#@# area and vertex vol rh Mon Mar  9 19:20:46 CET 2026
#@# Curvature Stats rh Mon Mar  9 19:20:48 CET 2026
#@# Cortical Parc 2 rh Mon Mar  9 19:20:50 CET 2026
#@# Cortical Parc 3 rh Mon Mar  9 19:21:02 CET 2026
#@# WM/GM Contrast rh Mon Mar  9 19:21:11 CET 2026
recon-all -s sub-v1s23x0050551_ses-1 finished without error at Mon Mar  9 19:21:14 CET 2026



#New# invocation of recon-all 



status file for recon-all
Mon Mar  9 19:29:15 CET 2026
#@# white curv rh Mon Mar  9 19:29:16 CET 2026
#@# white area rh Mon Mar  9 19:29:16 CET 2026
#@# pial curv rh Mon Mar  9 19:29:16 CET 2026
#@# pial area rh Mon Mar  9 19:29:16 CET 2026
#@# thickness rh Mon Mar  9 19:29:16 CET 2026
#@# area and vertex vol rh Mon Mar  9 19:29:16 CET 2026
#@# Parcellation Stats rh Mon Mar  9 19:29:16 CET 2026
#@# Parcellation Stats 2 rh Mon Mar  9 19:29:32 CET 2026
#@# Parcellation Stats 3 rh Mon Mar  9 19:29:40 CET 2026
#@# BA_exvivo Labels rh Mon Mar  9 19:29:48 CET 2026
recon-all -s sub-v1s23x0050551_ses-1 finished without error at Mon Mar  9 19:32:04 CET 2026
