status file for recon-all
Mon Mar  9 16:56:03 CET 2026
#@# MotionCor Mon Mar  9 16:56:05 CET 2026
#@# Talairach Mon Mar  9 16:56:12 CET 2026
#@# Talairach Failure Detection Mon Mar  9 17:00:43 CET 2026
#@# Nu Intensity Correction Mon Mar  9 17:00:44 CET 2026
#@# Intensity Normalization Mon Mar  9 17:04:00 CET 2026
recon-all -s sub-v1s23x0050551_ses-1 finished without error at Mon Mar  9 17:05:29 CET 2026



#New# invocation of recon-all 



status file for recon-all
Mon Mar  9 17:12:35 CET 2026
#@# EM Registration Mon Mar  9 17:12:35 CET 2026
recon-all -s sub-v1s23x0050551_ses-1 finished without error at Mon Mar  9 17:14:25 CET 2026



#New# invocation of recon-all 



status file for recon-all
Mon Mar  9 17:14:28 CET 2026
#@# CA Normalize Mon Mar  9 17:14:28 CET 2026
#@# CA Reg Mon Mar  9 17:15:49 CET 2026
#@# SubCort Seg Mon Mar  9 18:01:12 CET 2026
#@# CC Seg Mon Mar  9 18:29:13 CET 2026
#@# Merge ASeg Mon Mar  9 18:29:49 CET 2026
#@# Intensity Normalization2 Mon Mar  9 18:29:49 CET 2026
#@# Mask BFS Mon Mar  9 18:32:04 CET 2026
#@# WM Segmentation Mon Mar  9 18:32:05 CET 2026
#@# Fill Mon Mar  9 18:34:05 CET 2026
recon-all -s sub-v1s23x0050551_ses-1 finished without error at Mon Mar  9 18:35:08 CET 2026



#New# invocation of recon-all 



status file for recon-all
Mon Mar  9 19:21:19 CET 2026
#@# white curv lh Mon Mar  9 19:21:19 CET 2026
#@# white area lh Mon Mar  9 19:21:19 CET 2026
#@# pial curv lh Mon Mar  9 19:21:19 CET 2026
#@# pial area lh Mon Mar  9 19:21:19 CET 2026
#@# thickness lh Mon Mar  9 19:21:19 CET 2026
#@# area and vertex vol lh Mon Mar  9 19:21:19 CET 2026
#@# white curv rh Mon Mar  9 19:21:19 CET 2026
#@# white area rh Mon Mar  9 19:21:19 CET 2026
#@# pial curv rh Mon Mar  9 19:21:19 CET 2026
#@# pial area rh Mon Mar  9 19:21:19 CET 2026
#@# thickness rh Mon Mar  9 19:21:19 CET 2026
#@# area and vertex vol rh Mon Mar  9 19:21:19 CET 2026
#@# Cortical ribbon mask Mon Mar  9 19:21:19 CET 2026
recon-all -s sub-v1s23x0050551_ses-1 finished without error at Mon Mar  9 19:26:14 CET 2026



#New# invocation of recon-all 



status file for recon-all
Mon Mar  9 19:32:08 CET 2026
#@# white curv lh Mon Mar  9 19:32:08 CET 2026
#@# white area lh Mon Mar  9 19:32:08 CET 2026
#@# pial curv lh Mon Mar  9 19:32:08 CET 2026
#@# pial area lh Mon Mar  9 19:32:08 CET 2026
#@# thickness lh Mon Mar  9 19:32:08 CET 2026
#@# area and vertex vol lh Mon Mar  9 19:32:08 CET 2026
#@# white curv rh Mon Mar  9 19:32:08 CET 2026
#@# white area rh Mon Mar  9 19:32:08 CET 2026
#@# pial curv rh Mon Mar  9 19:32:08 CET 2026
#@# pial area rh Mon Mar  9 19:32:08 CET 2026
#@# thickness rh Mon Mar  9 19:32:08 CET 2026
#@# area and vertex vol rh Mon Mar  9 19:32:08 CET 2026
#@# Curvature Stats lh Mon Mar  9 19:32:08 CET 2026
#@# Curvature Stats rh Mon Mar  9 19:32:11 CET 2026
#@# Relabel Hypointensities Mon Mar  9 19:32:13 CET 2026
#@# APas-to-ASeg Mon Mar  9 19:32:28 CET 2026
#@# AParc-to-ASeg aparc Mon Mar  9 19:32:35 CET 2026
#@# AParc-to-ASeg aparc.a2009s Mon Mar  9 19:33:10 CET 2026
#@# AParc-to-ASeg aparc.DKTatlas Mon Mar  9 19:33:43 CET 2026
#@# WMParc Mon Mar  9 19:34:14 CET 2026
#@# ASeg Stats Mon Mar  9 19:37:41 CET 2026
recon-all -s sub-v1s23x0050551_ses-1 finished without error at Mon Mar  9 19:38:20 CET 2026
