/out/sourcedata/freesurfer/sub-v1s23x0050608_ses-1/mri
/opt/freesurfer/bin/talairach_avi
--i orig_nu.mgz --xfm transforms/talairach.auto.xfm
talairach_avi 7.3.2
Linux dna058 5.14.0-427.37.1.el9_4.x86_64 #1 SMP PREEMPT_DYNAMIC Fri Sep 13 12:41:50 EDT 2024 x86_64 x86_64 x86_64 GNU/Linux
Mon Mar  9 20:28:23 CET 2026
mri_convert orig_nu.mgz talsrcimg.img 
reading from orig_nu.mgz...
TR=0.00, TE=0.00, TI=0.00, flip angle=0.00
i_ras = (-1, 0, 0)
j_ras = (0, 0, -1)
k_ras = (0, 1, 0)
writing to talsrcimg.img...
Analyze Output Matrix
-1.00000   0.00000   0.00000   175.75270;
 0.00000   0.00000   1.00000  -174.22057;
 0.00000  -1.00000   0.00000   191.32646;
 0.00000   0.00000   0.00000   1.00000;
--------------------
INFO: set hdr.hist.orient to -1
mpr2mni305 talsrcimg
Mon Mar  9 20:28:23 CET 2026
/opt/freesurfer/bin/mpr2mni305 talsrcimg
mpr2mni305 7.3.2
target=711-2C_as_mni_average_305

---------------------------------------------------------------------
analyzeto4dfp talsrcimg -O0 -y
---------------------------------------------------------------------

freesurfer ifh2hdr.c
Mon Mar  9 20:28:23 2026
Writing: talsrcimg.4dfp.hdr
freesurfer analyzeto4dfp.c
Reading: talsrcimg.hdr
header size 348 bytes
hdr.dime.datatype	offset=70	value=2
hdr.dime.bitpix		offset=72	value=8
hdr.hist.orient		offset=252	value=-1
dimensionality     4
dimensions       256       256       256         1
Reading: talsrcimg.img
Writing: talsrcimg.4dfp.img
Writing: talsrcimg.4dfp.ifh
ifh2hdr talsrcimg -r0to244
ori=2

---------------------------------------------------------------------
gauss_4dfp talsrcimg 1.1
---------------------------------------------------------------------

freesurfer gauss_4dfp.c
Reading: talsrcimg.4dfp.img
Writing: talsrcimg_g11.4dfp.img
image dimensions 256 256 256 padded to 288 288 288
processing volume 1freesurfer ifh2hdr.c
Mon Mar  9 20:28:25 2026
Writing: talsrcimg_g11.4dfp.hdr

Writing: talsrcimg_g11.4dfp.ifh
including: talsrcimg.4dfp.img.rec in talsrcimg_g11.4dfp.img.rec

---------------------------------------------------------------------
imgreg_4dfp /opt/freesurfer/average/711-2C_as_mni_average_305 none talsrcimg_g11 none talsrcimg_to_711-2C_as_mni_average_305_t4 4355
---------------------------------------------------------------------

freesurfer imgreg_4dfp.c
/opt/freesurfer/average/711-2C_as_mni_average_305.4dfp.img
       256       256       256         1
  1.000000  1.000000  1.000000
orientation T byte_order littleendian
Reading image: /opt/freesurfer/average/711-2C_as_mni_average_305.4dfp.img
dimensions:      256       256       256
mmppix:       1.0000   -1.0000   -1.0000
center:     128.0000 -129.0000 -129.0000
talsrcimg_g11.4dfp.img
       256       256       256         1
  1.000000  1.000000  1.000000
orientation T byte_order littleendian
Reading image: talsrcimg_g11.4dfp.img
dimensions:      256       256       256
mmppix:       1.0000   -1.0000   -1.0000
center:     128.0000 -129.0000 -129.0000
t4_read: open error in t4_sub.f l:  41 t4_file(1:l)talsrcimg_to_711-2C_as_mni_average_305_t4 
t4_read: transform initialized to I4
rotation matrix determinant  1.000000
image alignment mode   4355 decimal     1103 hex
   -7.5000  -45.0000  -45.0000 8076.3047   13.7788
    0.0000  -45.0000  -45.0000 8415.9541   13.7940
    7.5000  -45.0000  -45.0000 8023.8359   13.8005
   -7.5000  -37.5000  -45.0000 8626.5479   13.6137
    0.0000  -37.5000  -45.0000 8989.4756   13.6327
    7.5000  -37.5000  -45.0000 8557.7568   13.6425
   -7.5000  -30.0000  -45.0000 9515.9424   13.5575
    0.0000  -30.0000  -45.0000 9894.3496   13.5779
    7.5000  -30.0000  -45.0000 9419.0947   13.5846
   -7.5000  -22.5000  -45.000010379.2227   13.5587
    0.0000  -22.5000  -45.000010778.1895   13.5763
    7.5000  -22.5000  -45.000010256.8184   13.5758
   -7.5000  -15.0000  -45.000011189.7715   13.5867
    0.0000  -15.0000  -45.000011616.7832   13.6006
    7.5000  -15.0000  -45.000011047.0889   13.5956
   -7.5000   -7.5000  -45.000011873.4258   13.6107
    0.0000   -7.5000  -45.000012354.8594   13.6237
    7.5000   -7.5000  -45.000011760.4053   13.6223
   -7.5000    0.0000  -45.000012464.7715   13.6088
    0.0000    0.0000  -45.000012987.2578   13.6245
    7.5000    0.0000  -45.000012382.7490   13.6305
   -7.5000    7.5000  -45.000012230.2900   13.5800
    0.0000    7.5000  -45.000012758.5449   13.5992
    7.5000    7.5000  -45.000012137.4795   13.6087
   -7.5000   15.0000  -45.000011832.2949   13.5537
    0.0000   15.0000  -45.000012328.4941   13.5741
    7.5000   15.0000  -45.000011728.6475   13.5806
   -7.5000   22.5000  -45.000011110.3262   13.5568
    0.0000   22.5000  -45.000011567.2461   13.5744
    7.5000   22.5000  -45.000011021.2910   13.5740
   -7.5000   30.0000  -45.000010280.7627   13.4057
    0.0000   30.0000  -45.000010705.3613   13.4193
    7.5000   30.0000  -45.000010206.7168   13.4144
   -7.5000   37.5000  -45.0000 9817.0625   13.4293
    0.0000   37.5000  -45.000010212.3340   13.4422
    7.5000   37.5000  -45.0000 9722.0771   13.4408
   -7.5000   45.0000  -45.0000 9011.2734   13.0865
    0.0000   45.0000  -45.0000 9389.2793   13.1016
    7.5000   45.0000  -45.0000 8927.3555   13.1074
   -7.5000  -45.0000  -37.5000 8493.8340   13.6387
    0.0000  -45.0000  -37.5000 8850.9316   13.6524
    7.5000  -45.0000  -37.5000 8439.4648   13.6588
   -7.5000  -37.5000  -37.5000 9062.9531   13.4700
    0.0000  -37.5000  -37.5000 9442.2588   13.4883
    7.5000  -37.5000  -37.5000 9002.8701   13.4974
   -7.5000  -30.0000  -37.5000 9983.8906   13.4079
    0.0000  -30.0000  -37.500010389.6641   13.4286
    7.5000  -30.0000  -37.5000 9920.1133   13.4336
   -7.5000  -22.5000  -37.500010907.3828   13.4077
    0.0000  -22.5000  -37.500011333.3086   13.4261
    7.5000  -22.5000  -37.500010796.6934   13.4241
   -7.5000  -15.0000  -37.500011756.1318   13.4405
    0.0000  -15.0000  -37.500012195.8867   13.4543
    7.5000  -15.0000  -37.500011615.6377   13.4487
   -7.5000   -7.5000  -37.500012472.2637   13.4711
    0.0000   -7.5000  -37.500012954.8916   13.4829
    7.5000   -7.5000  -37.500012373.4541   13.4814
   -7.5000    0.0000  -37.500013094.8750   13.4711
    0.0000    0.0000  -37.500013623.0576   13.4853
    7.5000    0.0000  -37.500013015.5859   13.4913
   -7.5000    7.5000  -37.500012818.3232   13.4370
    0.0000    7.5000  -37.500013358.5723   13.4555
    7.5000    7.5000  -37.500012758.0996   13.4642
   -7.5000   15.0000  -37.500012366.0586   13.4041
    0.0000   15.0000  -37.500012872.7275   13.4249
    7.5000   15.0000  -37.500012289.6484   13.4297
   -7.5000   22.5000  -37.500011603.4590   13.4059
    0.0000   22.5000  -37.500012073.0898   13.4242
    7.5000   22.5000  -37.500011541.3350   13.4222
   -7.5000   30.0000  -37.500010741.4307   13.2614
    0.0000   30.0000  -37.500011171.7969   13.2750
    7.5000   30.0000  -37.500010681.1104   13.2695
   -7.5000   37.5000  -37.500010253.6592   13.2916
    0.0000   37.5000  -37.500010673.6094   13.3032
    7.5000   37.5000  -37.500010174.9492   13.3017
   -7.5000   45.0000  -37.5000 9408.4004   12.9541
    0.0000   45.0000  -37.5000 9791.5420   12.9678
    7.5000   45.0000  -37.5000 9335.3398   12.9735
   -7.5000  -45.0000  -30.0000 9038.9346   14.0294
    0.0000  -45.0000  -30.0000 9409.4365   14.0491
    7.5000  -45.0000  -30.0000 8996.9287   14.0556
   -7.5000  -37.5000  -30.0000 9650.5010   13.8580
    0.0000  -37.5000  -30.000010042.5674   13.8800
    7.5000  -37.5000  -30.0000 9594.6455   13.8879
   -7.5000  -30.0000  -30.000010628.6738   13.7943
    0.0000  -30.0000  -30.000011056.6279   13.8156
    7.5000  -30.0000  -30.000010569.6982   13.8172
   -7.5000  -22.5000  -30.000011609.1670   13.7932
    0.0000  -22.5000  -30.000012052.6621   13.8117
    7.5000  -22.5000  -30.000011508.6836   13.8054
   -7.5000  -15.0000  -30.000012477.5928   13.8264
    0.0000  -15.0000  -30.000012962.1934   13.8421
    7.5000  -15.0000  -30.000012386.5166   13.8336
   -7.5000   -7.5000  -30.000013254.0977   13.8582
    0.0000   -7.5000  -30.000013768.7617   13.8746
    7.5000   -7.5000  -30.000013185.9160   13.8722
   -7.5000    0.0000  -30.000013922.2012   13.8593
    0.0000    0.0000  -30.000014490.2178   13.8791
    7.5000    0.0000  -30.000013895.2568   13.8851
   -7.5000    7.5000  -30.000013624.6982   13.8247
    0.0000    7.5000  -30.000014181.8447   13.8469
    7.5000    7.5000  -30.000013606.8604   13.8544
   -7.5000   15.0000  -30.000013149.3027   13.7905
    0.0000   15.0000  -30.000013656.7705   13.8119
    7.5000   15.0000  -30.000013077.1504   13.8133
   -7.5000   22.5000  -30.000012325.0283   13.7899
    0.0000   22.5000  -30.000012816.5000   13.8084
    7.5000   22.5000  -30.000012270.7549   13.8021
   -7.5000   30.0000  -30.000011403.0625   13.6434
    0.0000   30.0000  -30.000011848.5449   13.6590
    7.5000   30.0000  -30.000011347.3965   13.6505
   -7.5000   37.5000  -30.000010873.8047   13.6749
    0.0000   37.5000  -30.000011291.7168   13.6910
    7.5000   37.5000  -30.000010804.7910   13.6887
   -7.5000   45.0000  -30.0000 9963.8535   13.3371
    0.0000   45.0000  -30.000010367.2061   13.3562
    7.5000   45.0000  -30.0000 9901.5801   13.3620
   -7.5000  -45.0000  -22.5000 9627.9619   14.3742
    0.0000  -45.0000  -22.5000 9999.8164   14.4026
    7.5000  -45.0000  -22.5000 9551.0283   14.4087
   -7.5000  -37.5000  -22.500010286.4805   14.2085
    0.0000  -37.5000  -22.500010677.4648   14.2357
    7.5000  -37.5000  -22.500010208.3779   14.2429
   -7.5000  -30.0000  -22.500011342.7217   14.1543
    0.0000  -30.0000  -22.500011781.1973   14.1768
    7.5000  -30.0000  -22.500011254.9404   14.1764
   -7.5000  -22.5000  -22.500012383.8213   14.1565
    0.0000  -22.5000  -22.500012849.3633   14.1756
    7.5000  -22.5000  -22.500012275.8760   14.1662
   -7.5000  -15.0000  -22.500013297.8926   14.1838
    0.0000  -15.0000  -22.500013823.8340   14.2030
    7.5000  -15.0000  -22.500013228.8320   14.1915
   -7.5000   -7.5000  -22.500014120.5146   14.2053
    0.0000   -7.5000  -22.500014667.9639   14.2286
    7.5000   -7.5000  -22.500014088.2988   14.2247
   -7.5000    0.0000  -22.500014854.8838   14.2023
    0.0000    0.0000  -22.500015456.8086   14.2303
    7.5000    0.0000  -22.500014846.5654   14.2358
   -7.5000    7.5000  -22.500014562.9561   14.1748
    0.0000    7.5000  -22.500015121.9229   14.2021
    7.5000    7.5000  -22.500014517.9814   14.2089
   -7.5000   15.0000  -22.500014031.9102   14.1505
    0.0000   15.0000  -22.500014553.9014   14.1730
    7.5000   15.0000  -22.500013932.3887   14.1725
   -7.5000   22.5000  -22.500013155.1572   14.1521
    0.0000   22.5000  -22.500013651.8008   14.1712
    7.5000   22.5000  -22.500013067.0361   14.1619
   -7.5000   30.0000  -22.500012153.8174   13.9982
    0.0000   30.0000  -22.500012596.8164   14.0173
    7.5000   30.0000  -22.500012075.0059   14.0059
   -7.5000   37.5000  -22.500011562.9141   14.0195
    0.0000   37.5000  -22.500011980.9570   14.0425
    7.5000   37.5000  -22.500011485.3018   14.0386
   -7.5000   45.0000  -22.500010564.4268   13.6775
    0.0000   45.0000  -22.500010960.5957   13.7045
    7.5000   45.0000  -22.500010474.9922   13.7098
   -7.5000  -45.0000  -15.000010194.6025   14.6854
    0.0000  -45.0000  -15.000010579.8945   14.7158
    7.5000  -45.0000  -15.000010100.8975   14.7223
   -7.5000  -37.5000  -15.000010897.8086   14.5222
    0.0000  -37.5000  -15.000011306.8955   14.5502
    7.5000  -37.5000  -15.000010808.4912   14.5583
   -7.5000  -30.0000  -15.000012055.4883   14.4745
    0.0000  -30.0000  -15.000012521.8975   14.4965
    7.5000  -30.0000  -15.000011975.2148   14.4977
   -7.5000  -22.5000  -15.000013187.8545   14.4792
    0.0000  -22.5000  -15.000013689.7871   14.4978
    7.5000  -22.5000  -15.000013094.3164   14.4900
   -7.5000  -15.0000  -15.000014203.5361   14.5025
    0.0000  -15.0000  -15.000014771.8594   14.5226
    7.5000  -15.0000  -15.000014170.9521   14.5117
   -7.5000   -7.5000  -15.000015149.9014   14.5166
    0.0000   -7.5000  -15.000015735.4805   14.5421
    7.5000   -7.5000  -15.000015113.3223   14.5383
   -7.5000    0.0000  -15.000015962.7246   14.5106
    0.0000    0.0000  -15.000016556.6133   14.5406
    7.5000    0.0000  -15.000015881.0537   14.5464
   -7.5000    7.5000  -15.000015635.8369   14.4879
    0.0000    7.5000  -15.000016181.6992   14.5159
    7.5000    7.5000  -15.000015454.0107   14.5237
   -7.5000   15.0000  -15.000015030.4844   14.4706
    0.0000   15.0000  -15.000015533.2178   14.4926
    7.5000   15.0000  -15.000014816.4072   14.4936
   -7.5000   22.5000  -15.000014092.0361   14.4740
    0.0000   22.5000  -15.000014571.2598   14.4927
    7.5000   22.5000  -15.000013901.5410   14.4848
   -7.5000   30.0000  -15.000013017.2178   14.3148
    0.0000   30.0000  -15.000013435.0957   14.3347
    7.5000   30.0000  -15.000012833.1582   14.3239
   -7.5000   37.5000  -15.000012376.9639   14.3287
    0.0000   37.5000  -15.000012795.2090   14.3539
    7.5000   37.5000  -15.000012223.3350   14.3501
   -7.5000   45.0000  -15.000011301.6738   13.9828
    0.0000   45.0000  -15.000011681.7178   14.0117
    7.5000   45.0000  -15.000011155.5000   14.0174
   -7.5000  -45.0000   -7.500010760.0107   14.8620
    0.0000  -45.0000   -7.500011210.7432   14.8856
    7.5000  -45.0000   -7.500010667.7783   14.8924
   -7.5000  -37.5000   -7.500011501.4229   14.6931
    0.0000  -37.5000   -7.500011983.4102   14.7171
    7.5000  -37.5000   -7.500011411.0938   14.7265
   -7.5000  -30.0000   -7.500012739.9023   14.6411
    0.0000  -30.0000   -7.500013280.9727   14.6624
    7.5000  -30.0000   -7.500012644.6006   14.6675
   -7.5000  -22.5000   -7.500014010.2441   14.6458
    0.0000  -22.5000   -7.500014582.3330   14.6641
    7.5000  -22.5000   -7.500013871.3730   14.6613
   -7.5000  -15.0000   -7.500015260.1475   14.6726
    0.0000  -15.0000   -7.500015895.1055   14.6900
    7.5000  -15.0000   -7.500015132.0166   14.6830
   -7.5000   -7.5000   -7.500016455.4395   14.6904
    0.0000   -7.5000   -7.500017133.9453   14.7104
    7.5000   -7.5000   -7.500016307.3643   14.7082
   -7.5000    0.0000   -7.500017378.2305   14.6846
    0.0000    0.0000   -7.500017980.1699   14.7082
    7.5000    0.0000   -7.500017087.7070   14.7144
   -7.5000    7.5000   -7.500016910.9941   14.6581
    0.0000    7.5000   -7.500017344.1309   14.6822
    7.5000    7.5000   -7.500016460.4941   14.6913
   -7.5000   15.0000   -7.500016128.3799   14.6371
    0.0000   15.0000   -7.500016562.4629   14.6584
    7.5000   15.0000   -7.500015685.8232   14.6634
   -7.5000   22.5000   -7.500015078.6455   14.6391
    0.0000   22.5000   -7.500015529.8916   14.6573
    7.5000   22.5000   -7.500014728.4014   14.6545
   -7.5000   30.0000   -7.500013957.5967   14.4823
    0.0000   30.0000   -7.500014364.0781   14.4995
    7.5000   30.0000   -7.500013651.4023   14.4926
   -7.5000   37.5000   -7.500013294.3906   14.4999
    0.0000   37.5000   -7.500013713.1416   14.5197
    7.5000   37.5000   -7.500013033.0029   14.5175
   -7.5000   45.0000   -7.500012085.3262   14.1532
    0.0000   45.0000   -7.500012490.2686   14.1760
    7.5000   45.0000   -7.500011885.8730   14.1819
   -7.5000  -45.0000    0.000011305.3535   14.9269
    0.0000  -45.0000    0.000011754.4766   14.9419
    7.5000  -45.0000    0.000011094.9609   14.9479
   -7.5000  -37.5000    0.000012141.8740   14.7494
    0.0000  -37.5000    0.000012624.2217   14.7685
    7.5000  -37.5000    0.000011885.7822   14.7781
   -7.5000  -30.0000    0.000013490.4424   14.6877
    0.0000  -30.0000    0.000014003.3311   14.7084
    7.5000  -30.0000    0.000013137.4385   14.7153
   -7.5000  -22.5000    0.000014817.0830   14.6896
    0.0000  -22.5000    0.000015365.2383   14.7077
    7.5000  -22.5000    0.000014379.9170   14.7077
   -7.5000  -15.0000    0.000016203.2109   14.7221
    0.0000  -15.0000    0.000016837.3086   14.7362
    7.5000  -15.0000    0.000015740.6729   14.7316
   -7.5000   -7.5000    0.000017606.9824   14.7497
    0.0000   -7.5000    0.000018382.9160   14.7627
    7.5000   -7.5000    0.000017216.3320   14.7611
   -7.5000    0.0000    0.000018657.3320   14.7475
    0.0000    0.0000    0.000019430.3496   14.7631
    7.5000    0.0000    0.000018180.4844   14.7687
   -7.5000    7.5000    0.000018015.9980   14.7141
    0.0000    7.5000    0.000018532.3867   14.7333
    7.5000    7.5000    0.000017420.4688   14.7426
   -7.5000   15.0000    0.000017030.6543   14.6837
    0.0000   15.0000    0.000017474.1387   14.7044
    7.5000   15.0000    0.000016465.0410   14.7111
   -7.5000   22.5000    0.000015873.5293   14.6828
    0.0000   22.5000    0.000016321.9189   14.7009
    7.5000   22.5000    0.000015412.3740   14.7009
   -7.5000   30.0000    0.000014661.7295   14.5316
    0.0000   30.0000    0.000015105.2051   14.5455
    7.5000   30.0000    0.000014277.7920   14.5409
   -7.5000   37.5000    0.000013966.0146   14.5588
    0.0000   37.5000    0.000014429.2549   14.5717
    7.5000   37.5000    0.000013663.4775   14.5701
   -7.5000   45.0000    0.000012712.6846   14.2149
    0.0000   45.0000    0.000013177.3535   14.2299
    7.5000   45.0000    0.000012499.9619   14.2353
   -7.5000  -45.0000    7.500010957.2744   14.9625
    0.0000  -45.0000    7.500011308.0840   14.9761
    7.5000  -45.0000    7.500010663.1885   14.9824
   -7.5000  -37.5000    7.500011787.4707   14.7791
    0.0000  -37.5000    7.500012144.5801   14.7976
    7.5000  -37.5000    7.500011418.4512   14.8067
   -7.5000  -30.0000    7.500013063.6592   14.7095
    0.0000  -30.0000    7.500013414.4102   14.7305
    7.5000  -30.0000    7.500012583.6357   14.7356
   -7.5000  -22.5000    7.500014319.4824   14.7082
    0.0000  -22.5000    7.500014671.4531   14.7267
    7.5000  -22.5000    7.500013747.5996   14.7246
   -7.5000  -15.0000    7.500015661.6016   14.7447
    0.0000  -15.0000    7.500016079.9551   14.7584
    7.5000  -15.0000    7.500015026.2061   14.7527
   -7.5000   -7.5000    7.500016966.2539   14.7803
    0.0000   -7.5000    7.500017689.7500   14.7920
    7.5000   -7.5000    7.500016412.9141   14.7904
   -7.5000    0.0000    7.500017985.3340   14.7819
    0.0000    0.0000    7.500018828.9727   14.7961
    7.5000    0.0000    7.500017427.8809   14.8020
   -7.5000    7.5000    7.500017371.1992   14.7436
    0.0000    7.5000    7.500018019.0156   14.7623
    7.5000    7.5000    7.500016844.7910   14.7710
   -7.5000   15.0000    7.500016409.8379   14.7055
    0.0000   15.0000    7.500016974.8984   14.7265
    7.5000   15.0000    7.500015945.6523   14.7314
   -7.5000   22.5000    7.500015304.2734   14.7014
    0.0000   22.5000    7.500015793.9531   14.7199
    7.5000   22.5000    7.500014909.9834   14.7179
   -7.5000   30.0000    7.500014185.2314   14.5538
    0.0000   30.0000    7.500014639.4072   14.5674
    7.5000   30.0000    7.500013855.5703   14.5618
   -7.5000   37.5000    7.500013576.7324   14.5891
    0.0000   37.5000    7.500014044.0674   14.6006
    7.5000   37.5000    7.500013305.1670   14.5990
   -7.5000   45.0000    7.500012407.5664   14.2481
    0.0000   45.0000    7.500012836.2432   14.2618
    7.5000   45.0000    7.500012191.2988   14.2674
   -7.5000  -45.0000   15.000010354.8662   14.9869
    0.0000  -45.0000   15.000010675.5703   15.0076
    7.5000  -45.0000   15.000010111.1660   15.0142
   -7.5000  -37.5000   15.000011121.3994   14.8043
    0.0000  -37.5000   15.000011452.5205   14.8275
    7.5000  -37.5000   15.000010829.3975   14.8358
   -7.5000  -30.0000   15.000012338.4971   14.7363
    0.0000  -30.0000   15.000012681.9951   14.7588
    7.5000  -30.0000   15.000011963.8770   14.7606
   -7.5000  -22.5000   15.000013619.9268   14.7353
    0.0000  -22.5000   15.000013945.3311   14.7547
    7.5000  -22.5000   15.000013131.6230   14.7482
   -7.5000  -15.0000   15.000014981.3438   14.7710
    0.0000  -15.0000   15.000015399.1543   14.7874
    7.5000  -15.0000   15.000014442.8535   14.7783
   -7.5000   -7.5000   15.000016176.8828   14.8050
    0.0000   -7.5000   15.000016821.2344   14.8221
    7.5000   -7.5000   15.000015648.4199   14.8194
   -7.5000    0.0000   15.000017053.1797   14.8061
    0.0000    0.0000   15.000017694.9570   14.8269
    7.5000    0.0000   15.000016468.6270   14.8331
   -7.5000    7.5000   15.000016467.5449   14.7689
    0.0000    7.5000   15.000017050.8223   14.7923
    7.5000    7.5000   15.000015983.9971   14.8002
   -7.5000   15.0000   15.000015659.3721   14.7323
    0.0000   15.0000   15.000016218.8145   14.7548
    7.5000   15.0000   15.000015250.7285   14.7564
   -7.5000   22.5000   15.000014679.3994   14.7285
    0.0000   22.5000   15.000015229.8682   14.7479
    7.5000   22.5000   15.000014359.1914   14.7414
   -7.5000   30.0000   15.000013639.6455   14.5798
    0.0000   30.0000   15.000014154.7539   14.5960
    7.5000   30.0000   15.000013369.1133   14.5871
   -7.5000   37.5000   15.000013095.3271   14.6134
    0.0000   37.5000   15.000013578.2764   14.6302
    7.5000   37.5000   15.000012851.0898   14.6277
   -7.5000   45.0000   15.000011947.3701   14.2714
    0.0000   45.0000   15.000012399.1357   14.2914
    7.5000   45.0000   15.000011759.9814   14.2974
   -7.5000  -45.0000   22.5000 9782.0479   15.1905
    0.0000  -45.0000   22.500010119.6465   15.2208
    7.5000  -45.0000   22.5000 9576.9443   15.2278
   -7.5000  -37.5000   22.500010535.4570   15.0110
    0.0000  -37.5000   22.500010893.3154   15.0402
    7.5000  -37.5000   22.500010291.2979   15.0484
   -7.5000  -30.0000   22.500011724.7959   14.9519
    0.0000  -30.0000   22.500012101.0986   14.9759
    7.5000  -30.0000   22.500011399.8965   14.9760
   -7.5000  -22.5000   22.500012942.8711   14.9547
    0.0000  -22.5000   22.500013358.1514   14.9748
    7.5000  -22.5000   22.500012553.6904   14.9651
   -7.5000  -15.0000   22.500014139.3193   14.9852
    0.0000  -15.0000   22.500014685.2334   15.0053
    7.5000  -15.0000   22.500013768.3555   14.9932
   -7.5000   -7.5000   22.500015157.7070   15.0091
    0.0000   -7.5000   22.500015782.8555   15.0338
    7.5000   -7.5000   22.500014809.4697   15.0298
   -7.5000    0.0000   22.500015943.1914   15.0056
    0.0000    0.0000   22.500016515.5859   15.0355
    7.5000    0.0000   22.500015563.9980   15.0418
   -7.5000    7.5000   22.500015507.2812   14.9748
    0.0000    7.5000   22.500016010.3174   15.0041
    7.5000    7.5000   22.500015125.2021   15.0118
   -7.5000   15.0000   22.500014835.3701   14.9478
    0.0000   15.0000   22.500015321.6777   14.9718
    7.5000   15.0000   22.500014471.2168   14.9718
   -7.5000   22.5000   22.500013946.8633   14.9478
    0.0000   22.5000   22.500014402.8457   14.9679
    7.5000   22.5000   22.500013631.7998   14.9582
   -7.5000   30.0000   22.500012998.6445   14.7913
    0.0000   30.0000   22.500013449.6270   14.8112
    7.5000   30.0000   22.500012714.5859   14.7992
   -7.5000   37.5000   22.500012516.0527   14.8149
    0.0000   37.5000   22.500012956.4912   14.8392
    7.5000   37.5000   22.500012251.4785   14.8353
   -7.5000   45.0000   22.500011440.7500   14.4637
    0.0000   45.0000   22.500011848.8906   14.4925
    7.5000   45.0000   22.500011223.9229   14.4986
   -7.5000  -45.0000   30.0000 9286.6328   15.6255
    0.0000  -45.0000   30.0000 9648.2100   15.6586
    7.5000  -45.0000   30.0000 9138.2119   15.6665
   -7.5000  -37.5000   30.0000 9945.1729   15.4419
    0.0000  -37.5000   30.000010346.6191   15.4721
    7.5000  -37.5000   30.0000 9798.0293   15.4822
   -7.5000  -30.0000   30.000011021.5527   15.3874
    0.0000  -30.0000   30.000011466.4219   15.4105
    7.5000  -30.0000   30.000010858.1250   15.4130
   -7.5000  -22.5000   30.000012109.4014   15.3934
    0.0000  -22.5000   30.000012612.1641   15.4126
    7.5000  -22.5000   30.000011925.6123   15.4047
   -7.5000  -15.0000   30.000013134.0254   15.4216
    0.0000  -15.0000   30.000013719.9395   15.4428
    7.5000  -15.0000   30.000012989.8633   15.4310
   -7.5000   -7.5000   30.000014035.5898   15.4389
    0.0000   -7.5000   30.000014624.8428   15.4664
    7.5000   -7.5000   30.000013903.9619   15.4624
   -7.5000    0.0000   30.000014848.3975   15.4316
    0.0000    0.0000   30.000015413.7598   15.4642
    7.5000    0.0000   30.000014660.2539   15.4713
   -7.5000    7.5000   30.000014555.7422   15.4039
    0.0000    7.5000   30.000015071.2803   15.4342
    7.5000    7.5000   30.000014329.3125   15.4439
   -7.5000   15.0000   30.000014012.9639   15.3831
    0.0000   15.0000   30.000014507.0615   15.4062
    7.5000   15.0000   30.000013744.0996   15.4085
   -7.5000   22.5000   30.000013229.0615   15.3863
    0.0000   22.5000   30.000013679.8467   15.4055
    7.5000   22.5000   30.000012939.7373   15.3976
   -7.5000   30.0000   30.000012372.1797   15.2220
    0.0000   30.0000   30.000012779.7520   15.2429
    7.5000   30.0000   30.000012085.8105   15.2313
   -7.5000   37.5000   30.000011941.5723   15.2391
    0.0000   37.5000   30.000012344.7725   15.2662
    7.5000   37.5000   30.000011668.4248   15.2623
   -7.5000   45.0000   30.000010945.1475   14.8743
    0.0000   45.0000   30.000011330.9697   14.9057
    7.5000   45.0000   30.000010702.8643   14.9125
   -7.5000  -45.0000   37.5000 9006.7627   16.0564
    0.0000  -45.0000   37.5000 9397.7988   16.0808
    7.5000  -45.0000   37.5000 8914.4141   16.0883
   -7.5000  -37.5000   37.5000 9654.1768   15.8629
    0.0000  -37.5000   37.500010070.8691   15.8869
    7.5000  -37.5000   37.5000 9561.1045   15.8977
   -7.5000  -30.0000   37.500010680.7900   15.8062
    0.0000  -30.0000   37.500011154.3486   15.8263
    7.5000  -30.0000   37.500010578.2236   15.8314
   -7.5000  -22.5000   37.500011716.4102   15.8139
    0.0000  -22.5000   37.500012227.4990   15.8307
    7.5000  -22.5000   37.500011600.7383   15.8256
   -7.5000  -15.0000   37.500012679.6572   15.8445
    0.0000  -15.0000   37.500013241.1016   15.8612
    7.5000  -15.0000   37.500012610.2393   15.8508
   -7.5000   -7.5000   37.500013573.8340   15.8624
    0.0000   -7.5000   37.500014120.8721   15.8828
    7.5000   -7.5000   37.500013474.7803   15.8789
   -7.5000    0.0000   37.500014370.1807   15.8536
    0.0000    0.0000   37.500014941.6328   15.8781
    7.5000    0.0000   37.500014262.1797   15.8849
   -7.5000    7.5000   37.500014098.4854   15.8238
    0.0000    7.5000   37.500014652.9268   15.8479
    7.5000    7.5000   37.500013959.3564   15.8584
   -7.5000   15.0000   37.500013586.6338   15.8020
    0.0000   15.0000   37.500014088.9941   15.8222
    7.5000   15.0000   37.500013389.5469   15.8270
   -7.5000   22.5000   37.500012838.7256   15.8066
    0.0000   22.5000   37.500013288.2012   15.8234
    7.5000   22.5000   37.500012609.4395   15.8183
   -7.5000   30.0000   37.500012019.4609   15.6394
    0.0000   30.0000   37.500012429.5088   15.6559
    7.5000   30.0000   37.500011780.5986   15.6457
   -7.5000   37.5000   37.500011586.2842   15.6571
    0.0000   37.5000   37.500011997.5771   15.6773
    7.5000   37.5000   37.500011372.5684   15.6734
   -7.5000   45.0000   37.500010641.9775   15.2810
    0.0000   45.0000   37.500011027.5586   15.3046
    7.5000   45.0000   37.500010460.1553   15.3112
   -7.5000  -45.0000   45.0000 8402.9385   16.4928
    0.0000  -45.0000   45.0000 8755.9854   16.5136
    7.5000  -45.0000   45.0000 8316.0752   16.5178
   -7.5000  -37.5000   45.0000 8996.8477   16.2816
    0.0000  -37.5000   45.0000 9391.6094   16.3067
    7.5000  -37.5000   45.0000 8915.9814   16.3149
   -7.5000  -30.0000   45.0000 9946.6895   16.2130
    0.0000  -30.0000   45.000010387.5518   16.2400
    7.5000  -30.0000   45.0000 9878.4268   16.2443
   -7.5000  -22.5000   45.000010873.9619   16.2185
    0.0000  -22.5000   45.000011355.4814   16.2429
    7.5000  -22.5000   45.000010824.9551   16.2386
   -7.5000  -15.0000   45.000011736.0137   16.2558
    0.0000  -15.0000   45.000012237.2656   16.2762
    7.5000  -15.0000   45.000011686.1113   16.2666
   -7.5000   -7.5000   45.000012586.4082   16.2844
    0.0000   -7.5000   45.000013068.9746   16.3034
    7.5000   -7.5000   45.000012498.8232   16.2983
   -7.5000    0.0000   45.000013325.6396   16.2793
    0.0000    0.0000   45.000013870.6084   16.3006
    7.5000    0.0000   45.000013241.7256   16.3044
   -7.5000    7.5000   45.000013073.6982   16.2412
    0.0000    7.5000   45.000013602.8682   16.2666
    7.5000    7.5000   45.000012961.0459   16.2744
   -7.5000   15.0000   45.000012590.6641   16.2090
    0.0000   15.0000   45.000013064.6338   16.2360
    7.5000   15.0000   45.000012447.9219   16.2400
   -7.5000   22.5000   45.000011894.4893   16.2109
    0.0000   22.5000   45.000012314.2334   16.2353
    7.5000   22.5000   45.000011736.8672   16.2310
   -7.5000   30.0000   45.000011142.7627   16.0441
    0.0000   30.0000   45.000011540.4473   16.0641
    7.5000   30.0000   45.000010965.5918   16.0547
   -7.5000   37.5000   45.000010724.0723   16.0723
    0.0000   37.5000   45.000011121.6758   16.0910
    7.5000   37.5000   45.000010574.4180   16.0859
   -7.5000   45.0000   45.0000 9818.1875   15.6985
    0.0000   45.0000   45.000010192.3750   15.7190
    7.5000   45.0000   45.0000 9715.4365   15.7227

---------------------------------------------------------------------
imgreg_4dfp /opt/freesurfer/average/711-2C_as_mni_average_305 /opt/freesurfer/average/711-2B_as_mni_average_305_mask talsrcimg_g11 none talsrcimg_to_711-2C_as_mni_average_305_t4 4355
---------------------------------------------------------------------

freesurfer imgreg_4dfp.c
/opt/freesurfer/average/711-2C_as_mni_average_305.4dfp.img
       256       256       256         1
  1.000000  1.000000  1.000000
orientation T byte_order littleendian
Reading image: /opt/freesurfer/average/711-2C_as_mni_average_305.4dfp.img
dimensions:      256       256       256
mmppix:       1.0000   -1.0000   -1.0000
center:     128.0000 -129.0000 -129.0000
/opt/freesurfer/average/711-2B_as_mni_average_305_mask.4dfp.img
       256       256       256         1
  1.000000  1.000000  1.000000
orientation T byte_order littleendian
Reading mask: /opt/freesurfer/average/711-2B_as_mni_average_305_mask.4dfp.img (2306576 pixels)
talsrcimg_g11.4dfp.img
       256       256       256         1
  1.000000  1.000000  1.000000
orientation T byte_order littleendian
Reading image: talsrcimg_g11.4dfp.img
dimensions:      256       256       256
mmppix:       1.0000   -1.0000   -1.0000
center:     128.0000 -129.0000 -129.0000
rotation matrix determinant  1.000000
image alignment mode   4355 decimal     1103 hex
   -7.5000  -45.0000  -45.0000 2203.2148   16.8426
    0.0000  -45.0000  -45.0000 2212.3357   16.7190
    7.5000  -45.0000  -45.0000 2184.5232   16.8753
   -7.5000  -37.5000  -45.0000 2307.8992   15.4166
    0.0000  -37.5000  -45.0000 2314.7703   15.3235
    7.5000  -37.5000  -45.0000 2283.7139   15.4644
   -7.5000  -30.0000  -45.0000 2390.8503   14.3384
    0.0000  -30.0000  -45.0000 2391.3484   14.2292
    7.5000  -30.0000  -45.0000 2361.3125   14.3960
   -7.5000  -22.5000  -45.0000 2453.7986   13.5240
    0.0000  -22.5000  -45.0000 2461.5876   13.4285
    7.5000  -22.5000  -45.0000 2427.6326   13.6003
   -7.5000  -15.0000  -45.0000 2490.6726   12.9728
    0.0000  -15.0000  -45.0000 2496.1343   12.9022
    7.5000  -15.0000  -45.0000 2464.5181   13.0678
   -7.5000   -7.5000  -45.0000 2493.9170   12.6519
    0.0000   -7.5000  -45.0000 2506.6121   12.5793
    7.5000   -7.5000  -45.0000 2481.5723   12.7188
   -7.5000    0.0000  -45.0000 2485.1631   12.4751
    0.0000    0.0000  -45.0000 2499.5466   12.4112
    7.5000    0.0000  -45.0000 2475.7314   12.5655
   -7.5000    7.5000  -45.0000 2470.9932   12.6102
    0.0000    7.5000  -45.0000 2490.0420   12.5662
    7.5000    7.5000  -45.0000 2467.5730   12.7359
   -7.5000   15.0000  -45.0000 2442.2275   13.0378
    0.0000   15.0000  -45.0000 2462.6497   12.9748
    7.5000   15.0000  -45.0000 2442.4595   13.1976
   -7.5000   22.5000  -45.0000 2403.9885   13.7096
    0.0000   22.5000  -45.0000 2424.5911   13.6464
    7.5000   22.5000  -45.0000 2406.3684   13.8440
   -7.5000   30.0000  -45.0000 2344.8745   14.6299
    0.0000   30.0000  -45.0000 2363.4712   14.5641
    7.5000   30.0000  -45.0000 2348.6238   14.7533
   -7.5000   37.5000  -45.0000 2274.2905   15.8378
    0.0000   37.5000  -45.0000 2290.1799   15.7624
    7.5000   37.5000  -45.0000 2271.4231   16.0126
   -7.5000   45.0000  -45.0000 2174.9685   17.3329
    0.0000   45.0000  -45.0000 2197.1174   17.2230
    7.5000   45.0000  -45.0000 2177.5278   17.5268
   -7.5000  -45.0000  -37.5000 2266.7375   16.0337
    0.0000  -45.0000  -37.5000 2276.1982   15.8974
    7.5000  -45.0000  -37.5000 2245.9319   16.0232
   -7.5000  -37.5000  -37.5000 2369.2542   14.6628
    0.0000  -37.5000  -37.5000 2380.1211   14.5551
    7.5000  -37.5000  -37.5000 2349.8530   14.6976
   -7.5000  -30.0000  -37.5000 2452.7395   13.5963
    0.0000  -30.0000  -37.5000 2462.9773   13.5058
    7.5000  -30.0000  -37.5000 2437.0657   13.6657
   -7.5000  -22.5000  -37.5000 2524.0225   12.7874
    0.0000  -22.5000  -37.5000 2533.8042   12.6848
    7.5000  -22.5000  -37.5000 2504.7808   12.8445
   -7.5000  -15.0000  -37.5000 2567.4102   12.2117
    0.0000  -15.0000  -37.5000 2577.9658   12.1319
    7.5000  -15.0000  -37.5000 2549.1760   12.2779
   -7.5000   -7.5000  -37.5000 2578.7446   11.8749
    0.0000   -7.5000  -37.5000 2593.0471   11.7948
    7.5000   -7.5000  -37.5000 2568.9092   11.9422
   -7.5000    0.0000  -37.5000 2575.8923   11.7047
    0.0000    0.0000  -37.5000 2591.9351   11.6501
    7.5000    0.0000  -37.5000 2567.9666   11.7979
   -7.5000    7.5000  -37.5000 2563.8054   11.8102
    0.0000    7.5000  -37.5000 2586.1238   11.7608
    7.5000    7.5000  -37.5000 2562.9219   11.9326
   -7.5000   15.0000  -37.5000 2535.7556   12.1956
    0.0000   15.0000  -37.5000 2559.5784   12.1244
    7.5000   15.0000  -37.5000 2539.8660   12.3166
   -7.5000   22.5000  -37.5000 2497.3574   12.8127
    0.0000   22.5000  -37.5000 2522.5623   12.7251
    7.5000   22.5000  -37.5000 2503.6553   12.9002
   -7.5000   30.0000  -37.5000 2439.9006   13.6936
    0.0000   30.0000  -37.5000 2463.7080   13.5891
    7.5000   30.0000  -37.5000 2446.1851   13.7474
   -7.5000   37.5000  -37.5000 2362.7095   14.8144
    0.0000   37.5000  -37.5000 2389.3225   14.7466
    7.5000   37.5000  -37.5000 2366.3291   14.9336
   -7.5000   45.0000  -37.5000 2261.8149   16.2260
    0.0000   45.0000  -37.5000 2283.3306   16.1298
    7.5000   45.0000  -37.5000 2262.4463   16.3662
   -7.5000  -45.0000  -30.0000 2367.8057   15.8015
    0.0000  -45.0000  -30.0000 2379.5981   15.6591
    7.5000  -45.0000  -30.0000 2352.5793   15.8527
   -7.5000  -37.5000  -30.0000 2476.9385   14.3969
    0.0000  -37.5000  -30.0000 2487.6860   14.2862
    7.5000  -37.5000  -30.0000 2458.9946   14.4746
   -7.5000  -30.0000  -30.0000 2561.6748   13.3095
    0.0000  -30.0000  -30.0000 2573.7532   13.2389
    7.5000  -30.0000  -30.0000 2547.4978   13.3902
   -7.5000  -22.5000  -30.0000 2633.0359   12.4988
    0.0000  -22.5000  -30.0000 2643.5747   12.4184
    7.5000  -22.5000  -30.0000 2619.1531   12.5750
   -7.5000  -15.0000  -30.0000 2679.1191   11.8969
    0.0000  -15.0000  -30.0000 2697.3066   11.7939
    7.5000  -15.0000  -30.0000 2675.3596   11.9574
   -7.5000   -7.5000  -30.0000 2707.7073   11.4962
    0.0000   -7.5000  -30.0000 2725.2622   11.4234
    7.5000   -7.5000  -30.0000 2705.1333   11.5828
   -7.5000    0.0000  -30.0000 2712.7122   11.3576
    0.0000    0.0000  -30.0000 2734.4258   11.2974
    7.5000    0.0000  -30.0000 2713.0796   11.4683
   -7.5000    7.5000  -30.0000 2707.5171   11.4683
    0.0000    7.5000  -30.0000 2730.6516   11.4044
    7.5000    7.5000  -30.0000 2708.6858   11.6069
   -7.5000   15.0000  -30.0000 2685.6169   11.8689
    0.0000   15.0000  -30.0000 2710.3025   11.7680
    7.5000   15.0000  -30.0000 2685.3701   11.9586
   -7.5000   22.5000  -30.0000 2642.6680   12.4632
    0.0000   22.5000  -30.0000 2670.6868   12.3350
    7.5000   22.5000  -30.0000 2649.0110   12.4959
   -7.5000   30.0000  -30.0000 2578.0437   13.3015
    0.0000   30.0000  -30.0000 2602.3567   13.1891
    7.5000   30.0000  -30.0000 2582.8013   13.3459
   -7.5000   37.5000  -30.0000 2493.4824   14.3977
    0.0000   37.5000  -30.0000 2517.8721   14.3101
    7.5000   37.5000  -30.0000 2498.0435   14.4911
   -7.5000   45.0000  -30.0000 2384.1526   15.7687
    0.0000   45.0000  -30.0000 2409.6079   15.6885
    7.5000   45.0000  -30.0000 2385.4094   15.9012
   -7.5000  -45.0000  -22.5000 2430.6077   15.4242
    0.0000  -45.0000  -22.5000 2440.3103   15.3065
    7.5000  -45.0000  -22.5000 2415.1309   15.5383
   -7.5000  -37.5000  -22.5000 2542.2925   14.0010
    0.0000  -37.5000  -22.5000 2551.7666   13.8821
    7.5000  -37.5000  -22.5000 2522.0134   14.1385
   -7.5000  -30.0000  -22.5000 2631.2527   12.8965
    0.0000  -30.0000  -22.5000 2643.7715   12.8158
    7.5000  -30.0000  -22.5000 2613.3169   13.0661
   -7.5000  -22.5000  -22.5000 2703.6938   12.0775
    0.0000  -22.5000  -22.5000 2719.1658   11.9928
    7.5000  -22.5000  -22.5000 2692.5171   12.2239
   -7.5000  -15.0000  -22.5000 2757.5393   11.4548
    0.0000  -15.0000  -22.5000 2778.1875   11.3850
    7.5000  -15.0000  -22.5000 2757.1345   11.5957
   -7.5000   -7.5000  -22.5000 2795.1738   11.0684
    0.0000   -7.5000  -22.5000 2815.1929   10.9920
    7.5000   -7.5000  -22.5000 2798.3779   11.2139
   -7.5000    0.0000  -22.5000 2813.3911   10.9244
    0.0000    0.0000  -22.5000 2835.7578   10.8567
    7.5000    0.0000  -22.5000 2818.7690   11.0937
   -7.5000    7.5000  -22.5000 2818.6072   11.0506
    0.0000    7.5000  -22.5000 2841.1045   10.9756
    7.5000    7.5000  -22.5000 2817.1426   11.2063
   -7.5000   15.0000  -22.5000 2800.7905   11.4212
    0.0000   15.0000  -22.5000 2828.9409   11.3218
    7.5000   15.0000  -22.5000 2797.8591   11.5309
   -7.5000   22.5000  -22.5000 2754.6611   12.0054
    0.0000   22.5000  -22.5000 2783.1934   11.8900
    7.5000   22.5000  -22.5000 2757.8179   12.0588
   -7.5000   30.0000  -22.5000 2681.3787   12.8092
    0.0000   30.0000  -22.5000 2705.5132   12.6968
    7.5000   30.0000  -22.5000 2683.0073   12.8701
   -7.5000   37.5000  -22.5000 2586.4209   13.8622
    0.0000   37.5000  -22.5000 2610.6958   13.7613
    7.5000   37.5000  -22.5000 2590.4900   13.9651
   -7.5000   45.0000  -22.5000 2468.1035   15.1926
    0.0000   45.0000  -22.5000 2491.5432   15.1101
    7.5000   45.0000  -22.5000 2468.9097   15.3336
   -7.5000  -45.0000  -15.0000 2442.5833   15.0689
    0.0000  -45.0000  -15.0000 2456.2046   14.9652
    7.5000  -45.0000  -15.0000 2432.9502   15.2826
   -7.5000  -37.5000  -15.0000 2556.3140   13.6042
    0.0000  -37.5000  -15.0000 2567.0110   13.5269
    7.5000  -37.5000  -15.0000 2543.3340   13.8465
   -7.5000  -30.0000  -15.0000 2653.6729   12.5031
    0.0000  -30.0000  -15.0000 2665.9165   12.4592
    7.5000  -30.0000  -15.0000 2643.9119   12.7537
   -7.5000  -22.5000  -15.0000 2732.0786   11.6853
    0.0000  -22.5000  -15.0000 2746.5129   11.6430
    7.5000  -22.5000  -15.0000 2726.9370   11.9455
   -7.5000  -15.0000  -15.0000 2791.4067   11.0875
    0.0000  -15.0000  -15.0000 2816.1970   11.0256
    7.5000  -15.0000  -15.0000 2801.4663   11.3492
   -7.5000   -7.5000  -15.0000 2842.2964   10.7424
    0.0000   -7.5000  -15.0000 2868.2327   10.6894
    7.5000   -7.5000  -15.0000 2851.8704   10.9838
   -7.5000    0.0000  -15.0000 2871.8489   10.5758
    0.0000    0.0000  -15.0000 2900.2261   10.5190
    7.5000    0.0000  -15.0000 2883.3118   10.8083
   -7.5000    7.5000  -15.0000 2887.2886   10.6501
    0.0000    7.5000  -15.0000 2915.3032   10.5710
    7.5000    7.5000  -15.0000 2885.8682   10.8354
   -7.5000   15.0000  -15.0000 2865.9504   10.9840
    0.0000   15.0000  -15.0000 2897.1433   10.8899
    7.5000   15.0000  -15.0000 2868.6780   11.1214
   -7.5000   22.5000  -15.0000 2820.9207   11.5607
    0.0000   22.5000  -15.0000 2850.2175   11.4597
    7.5000   22.5000  -15.0000 2826.0322   11.6688
   -7.5000   30.0000  -15.0000 2745.3716   12.3514
    0.0000   30.0000  -15.0000 2768.0698   12.2549
    7.5000   30.0000  -15.0000 2745.6304   12.4540
   -7.5000   37.5000  -15.0000 2642.9814   13.3760
    0.0000   37.5000  -15.0000 2669.2639   13.2955
    7.5000   37.5000  -15.0000 2645.8110   13.5128
   -7.5000   45.0000  -15.0000 2522.5054   14.6987
    0.0000   45.0000  -15.0000 2549.0947   14.5795
    7.5000   45.0000  -15.0000 2522.4065   14.8475
   -7.5000  -45.0000   -7.5000 2427.0818   14.9016
    0.0000  -45.0000   -7.5000 2446.7410   14.8394
    7.5000  -45.0000   -7.5000 2430.6646   15.1460
   -7.5000  -37.5000   -7.5000 2538.7290   13.3979
    0.0000  -37.5000   -7.5000 2560.3770   13.3588
    7.5000  -37.5000   -7.5000 2544.1255   13.6666
   -7.5000  -30.0000   -7.5000 2639.8254   12.2818
    0.0000  -30.0000   -7.5000 2667.4038   12.2706
    7.5000  -30.0000   -7.5000 2656.8972   12.5475
   -7.5000  -22.5000   -7.5000 2734.9387   11.4715
    0.0000  -22.5000   -7.5000 2760.4397   11.4787
    7.5000  -22.5000   -7.5000 2748.7280   11.7526
   -7.5000  -15.0000   -7.5000 2813.1008   10.9710
    0.0000  -15.0000   -7.5000 2842.8777   10.9584
    7.5000  -15.0000   -7.5000 2828.3530   11.2275
   -7.5000   -7.5000   -7.5000 2881.0137   10.6673
    0.0000   -7.5000   -7.5000 2910.3928   10.6569
    7.5000   -7.5000   -7.5000 2889.8232   10.9305
   -7.5000    0.0000   -7.5000 2919.9607   10.4556
    0.0000    0.0000   -7.5000 2944.3452   10.4274
    7.5000    0.0000   -7.5000 2924.5376   10.6914
   -7.5000    7.5000   -7.5000 2932.3330   10.3888
    0.0000    7.5000   -7.5000 2958.1697   10.2833
    7.5000    7.5000   -7.5000 2924.7874   10.5482
   -7.5000   15.0000   -7.5000 2909.3994   10.6236
    0.0000   15.0000   -7.5000 2938.9458   10.5185
    7.5000   15.0000   -7.5000 2907.9519   10.7553
   -7.5000   22.5000   -7.5000 2860.9304   11.2106
    0.0000   22.5000   -7.5000 2891.9133   11.1026
    7.5000   22.5000   -7.5000 2866.1726   11.2819
   -7.5000   30.0000   -7.5000 2784.6855   12.0205
    0.0000   30.0000   -7.5000 2809.5994   11.9083
    7.5000   30.0000   -7.5000 2788.7485   12.0863
   -7.5000   37.5000   -7.5000 2682.2075   13.0584
    0.0000   37.5000   -7.5000 2707.4277   12.9346
    7.5000   37.5000   -7.5000 2686.3540   13.1382
   -7.5000   45.0000   -7.5000 2554.9844   14.3307
    0.0000   45.0000   -7.5000 2582.5444   14.2127
    7.5000   45.0000   -7.5000 2561.2737   14.4450
   -7.5000  -45.0000    0.0000 2417.5098   15.0325
    0.0000  -45.0000    0.0000 2443.3994   14.9611
    7.5000  -45.0000    0.0000 2433.4565   15.1581
   -7.5000  -37.5000    0.0000 2532.2515   13.5463
    0.0000  -37.5000    0.0000 2557.9255   13.4796
    7.5000  -37.5000    0.0000 2549.3208   13.6714
   -7.5000  -30.0000    0.0000 2641.8459   12.4220
    0.0000  -30.0000    0.0000 2668.2971   12.3883
    7.5000  -30.0000    0.0000 2661.4932   12.5419
   -7.5000  -22.5000    0.0000 2745.3186   11.5733
    0.0000  -22.5000    0.0000 2773.8689   11.5673
    7.5000  -22.5000    0.0000 2763.3445   11.6978
   -7.5000  -15.0000    0.0000 2840.0977   11.0364
    0.0000  -15.0000    0.0000 2865.3452   11.0706
    7.5000  -15.0000    0.0000 2846.1824   11.1826
   -7.5000   -7.5000    0.0000 2914.3862   10.7623
    0.0000   -7.5000    0.0000 2945.3945   10.8070
    7.5000   -7.5000    0.0000 2914.0308   10.9361
   -7.5000    0.0000    0.0000 2957.7922   10.5418
    0.0000    0.0000    0.0000 2985.4219   10.5877
    7.5000    0.0000    0.0000 2951.6694   10.7526
   -7.5000    7.5000    0.0000 2964.7810   10.3351
    0.0000    7.5000    0.0000 2984.5881   10.2973
    7.5000    7.5000    0.0000 2954.6511   10.4968
   -7.5000   15.0000    0.0000 2941.1079   10.4299
    0.0000   15.0000    0.0000 2963.9495   10.3237
    7.5000   15.0000    0.0000 2932.2988   10.5671
   -7.5000   22.5000    0.0000 2885.6987   10.9446
    0.0000   22.5000    0.0000 2912.9138   10.8342
    7.5000   22.5000    0.0000 2888.9561   11.0250
   -7.5000   30.0000    0.0000 2799.2168   11.7425
    0.0000   30.0000    0.0000 2830.1897   11.6339
    7.5000   30.0000    0.0000 2811.0107   11.8076
   -7.5000   37.5000    0.0000 2698.7561   12.8029
    0.0000   37.5000    0.0000 2726.3147   12.6998
    7.5000   37.5000    0.0000 2703.9597   12.8937
   -7.5000   45.0000    0.0000 2572.1016   14.1112
    0.0000   45.0000    0.0000 2603.4829   14.0237
    7.5000   45.0000    0.0000 2580.3735   14.2249
   -7.5000  -45.0000    7.5000 2429.8657   15.3809
    0.0000  -45.0000    7.5000 2447.7288   15.2571
    7.5000  -45.0000    7.5000 2435.4934   15.3836
   -7.5000  -37.5000    7.5000 2549.5720   13.8585
    0.0000  -37.5000    7.5000 2571.9927   13.7464
    7.5000  -37.5000    7.5000 2559.1174   13.8670
   -7.5000  -30.0000    7.5000 2656.9177   12.6869
    0.0000  -30.0000    7.5000 2681.1572   12.6022
    7.5000  -30.0000    7.5000 2669.2366   12.6882
   -7.5000  -22.5000    7.5000 2759.5461   11.7971
    0.0000  -22.5000    7.5000 2785.9023   11.7304
    7.5000  -22.5000    7.5000 2770.6357   11.8235
   -7.5000  -15.0000    7.5000 2858.6897   11.2038
    0.0000  -15.0000    7.5000 2876.6968   11.1866
    7.5000  -15.0000    7.5000 2855.2759   11.2671
   -7.5000   -7.5000    7.5000 2938.2715   10.8486
    0.0000   -7.5000    7.5000 2969.1699   10.9190
    7.5000   -7.5000    7.5000 2927.7715   10.9861
   -7.5000    0.0000    7.5000 2982.1067   10.5651
    0.0000    0.0000    7.5000 3011.6467   10.6848
    7.5000    0.0000    7.5000 2963.0305   10.7577
   -7.5000    7.5000    7.5000 2974.0205   10.3883
    0.0000    7.5000    7.5000 3003.0015   10.4341
    7.5000    7.5000    7.5000 2964.0142   10.5798
   -7.5000   15.0000    7.5000 2943.4702   10.4487
    0.0000   15.0000    7.5000 2974.6428   10.4232
    7.5000   15.0000    7.5000 2937.2207   10.6215
   -7.5000   22.5000    7.5000 2892.4050   10.8765
    0.0000   22.5000    7.5000 2916.8596   10.8107
    7.5000   22.5000    7.5000 2888.6892   11.0232
   -7.5000   30.0000    7.5000 2804.4453   11.6439
    0.0000   30.0000    7.5000 2831.9578   11.5548
    7.5000   30.0000    7.5000 2810.0942   11.7695
   -7.5000   37.5000    7.5000 2701.0486   12.6899
    0.0000   37.5000    7.5000 2730.8164   12.5985
    7.5000   37.5000    7.5000 2706.5181   12.7995
   -7.5000   45.0000    7.5000 2577.1992   13.9846
    0.0000   45.0000    7.5000 2602.6750   13.8800
    7.5000   45.0000    7.5000 2584.9890   14.1031
   -7.5000  -45.0000   15.0000 2430.0312   15.5942
    0.0000  -45.0000   15.0000 2442.8237   15.4878
    7.5000  -45.0000   15.0000 2425.0447   15.6782
   -7.5000  -37.5000   15.0000 2551.5830   14.0187
    0.0000  -37.5000   15.0000 2569.4697   13.9129
    7.5000  -37.5000   15.0000 2550.9814   14.0845
   -7.5000  -30.0000   15.0000 2658.8706   12.8094
    0.0000  -30.0000   15.0000 2686.3420   12.7194
    7.5000  -30.0000   15.0000 2667.5525   12.8463
   -7.5000  -22.5000   15.0000 2765.3784   11.8995
    0.0000  -22.5000   15.0000 2793.2058   11.8331
    7.5000  -22.5000   15.0000 2771.8210   11.9584
   -7.5000  -15.0000   15.0000 2866.4854   11.2991
    0.0000  -15.0000   15.0000 2887.2769   11.2792
    7.5000  -15.0000   15.0000 2859.4888   11.4073
   -7.5000   -7.5000   15.0000 2933.8870   10.9299
    0.0000   -7.5000   15.0000 2966.0859   10.9543
    7.5000   -7.5000   15.0000 2925.2483   11.0745
   -7.5000    0.0000   15.0000 2970.1399   10.6018
    0.0000    0.0000   15.0000 2995.2007   10.6542
    7.5000    0.0000   15.0000 2951.8208   10.7777
   -7.5000    7.5000   15.0000 2965.2271   10.4330
    0.0000    7.5000   15.0000 2995.1060   10.4404
    7.5000    7.5000   15.0000 2954.4553   10.6133
   -7.5000   15.0000   15.0000 2933.0356   10.5723
    0.0000   15.0000   15.0000 2964.0688   10.5521
    7.5000   15.0000   15.0000 2928.9221   10.7482
   -7.5000   22.5000   15.0000 2875.4136   11.0286
    0.0000   22.5000   15.0000 2905.6062   11.0100
    7.5000   22.5000   15.0000 2878.3516   11.1970
   -7.5000   30.0000   15.0000 2785.4731   11.7619
    0.0000   30.0000   15.0000 2815.6526   11.7135
    7.5000   30.0000   15.0000 2793.8003   11.9339
   -7.5000   37.5000   15.0000 2686.8416   12.7538
    0.0000   37.5000   15.0000 2709.4341   12.6796
    7.5000   37.5000   15.0000 2690.0498   12.8903
   -7.5000   45.0000   15.0000 2560.8643   14.0346
    0.0000   45.0000   15.0000 2588.4583   13.9345
    7.5000   45.0000   15.0000 2569.5217   14.1606
   -7.5000  -45.0000   22.5000 2419.9573   15.7490
    0.0000  -45.0000   22.5000 2432.5815   15.6999
    7.5000  -45.0000   22.5000 2408.6958   15.9659
   -7.5000  -37.5000   22.5000 2544.7639   14.1462
    0.0000  -37.5000   22.5000 2566.8105   14.0879
    7.5000  -37.5000   22.5000 2542.2974   14.3197
   -7.5000  -30.0000   22.5000 2660.7363   12.9100
    0.0000  -30.0000   22.5000 2689.4832   12.8578
    7.5000  -30.0000   22.5000 2663.0173   13.0347
   -7.5000  -22.5000   22.5000 2768.5862   11.9908
    0.0000  -22.5000   22.5000 2796.2898   11.9429
    7.5000  -22.5000   22.5000 2768.1592   12.1302
   -7.5000  -15.0000   22.5000 2860.8555   11.3920
    0.0000  -15.0000   22.5000 2881.5996   11.3986
    7.5000  -15.0000   22.5000 2850.5378   11.5703
   -7.5000   -7.5000   22.5000 2916.2925   10.9910
    0.0000   -7.5000   22.5000 2935.3159   11.0459
    7.5000   -7.5000   22.5000 2906.3115   11.2145
   -7.5000    0.0000   22.5000 2933.9543   10.6660
    0.0000    0.0000   22.5000 2954.4297   10.6901
    7.5000    0.0000   22.5000 2920.6694   10.9053
   -7.5000    7.5000   22.5000 2936.4141   10.6087
    0.0000    7.5000   22.5000 2961.7930   10.5468
    7.5000    7.5000   22.5000 2923.1460   10.8073
   -7.5000   15.0000   22.5000 2906.9175   10.8469
    0.0000   15.0000   22.5000 2936.4302   10.7515
    7.5000   15.0000   22.5000 2900.3706   10.9927
   -7.5000   22.5000   22.5000 2845.8882   11.3233
    0.0000   22.5000   22.5000 2876.0977   11.2434
    7.5000   22.5000   22.5000 2849.5957   11.4524
   -7.5000   30.0000   22.5000 2755.5227   12.0502
    0.0000   30.0000   22.5000 2784.1609   11.9775
    7.5000   30.0000   22.5000 2762.8657   12.1851
   -7.5000   37.5000   22.5000 2658.1899   13.0121
    0.0000   37.5000   22.5000 2680.2759   12.9305
    7.5000   37.5000   22.5000 2662.1655   13.1271
   -7.5000   45.0000   22.5000 2536.9038   14.2263
    0.0000   45.0000   22.5000 2555.0649   14.1414
    7.5000   45.0000   22.5000 2539.2722   14.3622
   -7.5000  -45.0000   30.0000 2389.2019   15.9897
    0.0000  -45.0000   30.0000 2408.0139   15.9841
    7.5000  -45.0000   30.0000 2385.1238   16.2895
   -7.5000  -37.5000   30.0000 2519.8242   14.3265
    0.0000  -37.5000   30.0000 2543.0342   14.2947
    7.5000  -37.5000   30.0000 2517.8340   14.5844
   -7.5000  -30.0000   30.0000 2634.7549   13.0534
    0.0000  -30.0000   30.0000 2665.4089   13.0510
    7.5000  -30.0000   30.0000 2640.7100   13.3298
   -7.5000  -22.5000   30.0000 2741.0376   12.1155
    0.0000  -22.5000   30.0000 2766.1074   12.1388
    7.5000  -22.5000   30.0000 2741.6694   12.3875
   -7.5000  -15.0000   30.0000 2824.8223   11.4965
    0.0000  -15.0000   30.0000 2842.6550   11.5488
    7.5000  -15.0000   30.0000 2818.7834   11.7841
   -7.5000   -7.5000   30.0000 2871.7031   11.0968
    0.0000   -7.5000   30.0000 2884.1912   11.1374
    7.5000   -7.5000   30.0000 2864.2415   11.3735
   -7.5000    0.0000   30.0000 2890.6150   10.9053
    0.0000    0.0000   30.0000 2907.6699   10.8799
    7.5000    0.0000   30.0000 2880.3628   11.1436
   -7.5000    7.5000   30.0000 2895.8381   10.9537
    0.0000    7.5000   30.0000 2912.1479   10.9018
    7.5000    7.5000   30.0000 2881.6118   11.1682
   -7.5000   15.0000   30.0000 2865.7346   11.2649
    0.0000   15.0000   30.0000 2887.7236   11.1720
    7.5000   15.0000   30.0000 2856.0535   11.4176
   -7.5000   22.5000   30.0000 2804.7881   11.7638
    0.0000   22.5000   30.0000 2827.5886   11.6596
    7.5000   22.5000   30.0000 2801.9067   11.8628
   -7.5000   30.0000   30.0000 2716.0740   12.4691
    0.0000   30.0000   30.0000 2740.3364   12.3612
    7.5000   30.0000   30.0000 2720.2810   12.5343
   -7.5000   37.5000   30.0000 2616.8879   13.4072
    0.0000   37.5000   30.0000 2639.7253   13.2983
    7.5000   37.5000   30.0000 2622.3379   13.4715
   -7.5000   45.0000   30.0000 2493.4807   14.6080
    0.0000   45.0000   30.0000 2514.0105   14.5043
    7.5000   45.0000   30.0000 2496.1826   14.7065
   -7.5000  -45.0000   37.5000 2355.0723   16.3868
    0.0000  -45.0000   37.5000 2376.3408   16.4274
    7.5000  -45.0000   37.5000 2354.7913   16.7819
   -7.5000  -37.5000   37.5000 2490.0083   14.6991
    0.0000  -37.5000   37.5000 2516.3110   14.7306
    7.5000  -37.5000   37.5000 2489.8350   15.0787
   -7.5000  -30.0000   37.5000 2609.5715   13.4409
    0.0000  -30.0000   37.5000 2639.5435   13.4936
    7.5000  -30.0000   37.5000 2607.7002   13.8056
   -7.5000  -22.5000   37.5000 2715.5017   12.5489
    0.0000  -22.5000   37.5000 2737.6201   12.5926
    7.5000  -22.5000   37.5000 2707.1536   12.8941
   -7.5000  -15.0000   37.5000 2794.6675   11.9257
    0.0000  -15.0000   37.5000 2811.3232   11.9642
    7.5000  -15.0000   37.5000 2787.3816   12.2403
   -7.5000   -7.5000   37.5000 2843.0020   11.5109
    0.0000   -7.5000   37.5000 2859.2930   11.5019
    7.5000   -7.5000   37.5000 2832.6855   11.7786
   -7.5000    0.0000   37.5000 2855.7234   11.3825
    0.0000    0.0000   37.5000 2875.4060   11.3377
    7.5000    0.0000   37.5000 2845.9600   11.6077
   -7.5000    7.5000   37.5000 2847.2996   11.5055
    0.0000    7.5000   37.5000 2862.5874   11.4660
    7.5000    7.5000   37.5000 2837.8118   11.6878
   -7.5000   15.0000   37.5000 2808.5679   11.8034
    0.0000   15.0000   37.5000 2825.9580   11.7366
    7.5000   15.0000   37.5000 2800.6340   11.9545
   -7.5000   22.5000   37.5000 2746.7881   12.2979
    0.0000   22.5000   37.5000 2764.3958   12.2141
    7.5000   22.5000   37.5000 2743.4165   12.3942
   -7.5000   30.0000   37.5000 2661.2036   13.0088
    0.0000   30.0000   37.5000 2682.3533   12.8817
    7.5000   30.0000   37.5000 2662.8862   13.0356
   -7.5000   37.5000   37.5000 2563.4326   13.9116
    0.0000   37.5000   37.5000 2586.1606   13.7869
    7.5000   37.5000   37.5000 2567.3291   13.9470
   -7.5000   45.0000   37.5000 2440.9778   15.1420
    0.0000   45.0000   37.5000 2460.9883   15.0154
    7.5000   45.0000   37.5000 2442.9082   15.2230
   -7.5000  -45.0000   45.0000 2328.8533   17.0282
    0.0000  -45.0000   45.0000 2345.2568   17.0901
    7.5000  -45.0000   45.0000 2318.4846   17.5191
   -7.5000  -37.5000   45.0000 2466.1665   15.3195
    0.0000  -37.5000   45.0000 2485.3264   15.3575
    7.5000  -37.5000   45.0000 2454.9648   15.7610
   -7.5000  -30.0000   45.0000 2586.4529   14.0629
    0.0000  -30.0000   45.0000 2606.4954   14.1082
    7.5000  -30.0000   45.0000 2572.9404   14.4715
   -7.5000  -22.5000   45.0000 2684.0291   13.1284
    0.0000  -22.5000   45.0000 2704.2227   13.1562
    7.5000  -22.5000   45.0000 2673.8862   13.5179
   -7.5000  -15.0000   45.0000 2756.8218   12.4785
    0.0000  -15.0000   45.0000 2772.4817   12.4761
    7.5000  -15.0000   45.0000 2745.7976   12.8223
   -7.5000   -7.5000   45.0000 2803.9124   12.1203
    0.0000   -7.5000   45.0000 2818.1616   12.0809
    7.5000   -7.5000   45.0000 2790.5527   12.3909
   -7.5000    0.0000   45.0000 2812.4209   12.0311
    0.0000    0.0000   45.0000 2830.2676   12.0068
    7.5000    0.0000   45.0000 2799.5125   12.2585
   -7.5000    7.5000   45.0000 2792.8333   12.1822
    0.0000    7.5000   45.0000 2808.5442   12.1555
    7.5000    7.5000   45.0000 2783.7930   12.3911
   -7.5000   15.0000   45.0000 2748.3193   12.4790
    0.0000   15.0000   45.0000 2763.6345   12.4237
    7.5000   15.0000   45.0000 2742.6008   12.6279
   -7.5000   22.5000   45.0000 2682.8540   12.9526
    0.0000   22.5000   45.0000 2696.0200   12.8722
    7.5000   22.5000   45.0000 2679.9548   13.0533
   -7.5000   30.0000   45.0000 2595.9126   13.6590
    0.0000   30.0000   45.0000 2615.0315   13.5239
    7.5000   30.0000   45.0000 2598.7444   13.6844
   -7.5000   37.5000   45.0000 2493.2297   14.5695
    0.0000   37.5000   45.0000 2515.6287   14.4352
    7.5000   37.5000   45.0000 2499.1765   14.5930
   -7.5000   45.0000   45.0000 2366.0159   15.7877
    0.0000   45.0000   45.0000 2381.9136   15.6903
    7.5000   45.0000   45.0000 2369.6257   15.8907

---------------------------------------------------------------------
imgreg_4dfp /opt/freesurfer/average/711-2C_as_mni_average_305 /opt/freesurfer/average/711-2B_as_mni_average_305_mask talsrcimg_g11 none talsrcimg_to_711-2C_as_mni_average_305_t4 1283
---------------------------------------------------------------------

freesurfer imgreg_4dfp.c
/opt/freesurfer/average/711-2C_as_mni_average_305.4dfp.img
       256       256       256         1
  1.000000  1.000000  1.000000
orientation T byte_order littleendian
Reading image: /opt/freesurfer/average/711-2C_as_mni_average_305.4dfp.img
dimensions:      256       256       256
mmppix:       1.0000   -1.0000   -1.0000
center:     128.0000 -129.0000 -129.0000
/opt/freesurfer/average/711-2B_as_mni_average_305_mask.4dfp.img
       256       256       256         1
  1.000000  1.000000  1.000000
orientation T byte_order littleendian
Reading mask: /opt/freesurfer/average/711-2B_as_mni_average_305_mask.4dfp.img (2306576 pixels)
talsrcimg_g11.4dfp.img
       256       256       256         1
  1.000000  1.000000  1.000000
orientation T byte_order littleendian
Reading image: talsrcimg_g11.4dfp.img
dimensions:      256       256       256
mmppix:       1.0000   -1.0000   -1.0000
center:     128.0000 -129.0000 -129.0000
rotation matrix determinant  1.000000
fimgreg.f
image alignment mode   1283 decimal      503 hex
parameters
    0.0000    0.0000    7.5000    0.0000    0.0000    0.0000
eta,q 0.94710 10.66590
niter,ni,del,rscale     5    3   12.0000    1.2000
parameter  6  1.858007 ->  0.500000 qaram    1.1500
parameters
   -0.6835    0.9033    7.7515    0.6432   -1.6236   -3.4500
eta,q 0.94852 10.62491
  0.0628  0.0615  0.0576  0.0566  0.0552  0.0496
  0.0581  0.0566  0.0547  0.0548  0.0543  0.0511
  0.0546  0.0542  0.0539  0.0537  0.0544  0.0526
  0.0540  0.0537  0.0538  0.0538  0.0539  0.0543
  0.0561  0.0543  0.0538  0.0544  0.0543  0.0568
  0.0612  0.0556  0.0547  0.0546  0.0565  0.0597
  0.0685  0.0569  0.0567  0.0552  0.0601  0.0628
niter,ni,del,rscale     5    3   12.0000    1.2000
parameter  6  1.300907 ->  0.500000 qaram    1.3225
parameters
   -0.5108    0.1795    7.4049    1.0553   -1.0794   -7.4175
eta,q 0.95239 10.67017
  0.0627  0.0533  0.0553  0.0527  0.0578  0.0473
  0.0566  0.0502  0.0520  0.0517  0.0541  0.0473
  0.0530  0.0506  0.0510  0.0515  0.0520  0.0490
  0.0515  0.0514  0.0513  0.0512  0.0511  0.0510
  0.0520  0.0514  0.0523  0.0508  0.0513  0.0530
  0.0554  0.0517  0.0535  0.0511  0.0528  0.0555
  0.0620  0.0541  0.0554  0.0526  0.0557  0.0589
niter,ni,del,rscale     5    3   12.0000    1.2000
parameters
   -0.7548    0.2527    7.6115    1.7892   -0.5750   -8.9042
eta,q 0.95351 10.65769
  0.0618  0.0535  0.0541  0.0506  0.0556  0.0515
  0.0548  0.0476  0.0499  0.0502  0.0516  0.0483
  0.0496  0.0459  0.0481  0.0495  0.0489  0.0464
  0.0476  0.0476  0.0477  0.0477  0.0474  0.0473
  0.0500  0.0491  0.0486  0.0472  0.0477  0.0495
  0.0561  0.0495  0.0502  0.0483  0.0499  0.0520
  0.0647  0.0508  0.0525  0.0506  0.0535  0.0549
niter,ni,del,rscale     4    3   12.0000    1.2000
parameters
   -1.0421   -0.2211    8.1531    2.8968   -0.1230   -8.8564
eta,q 0.95473 10.62621
  0.0616  0.0529  0.0529  0.0515  0.0550  0.0539
  0.0538  0.0468  0.0485  0.0508  0.0509  0.0496
  0.0482  0.0446  0.0465  0.0483  0.0474  0.0459
  0.0465  0.0464  0.0458  0.0458  0.0454  0.0452
  0.0494  0.0490  0.0462  0.0456  0.0458  0.0472
  0.0559  0.0504  0.0478  0.0472  0.0486  0.0498
  0.0647  0.0521  0.0502  0.0497  0.0531  0.0530
niter,ni,del,rscale     3    3   12.0000    1.2000
parameters
   -1.3203   -0.5935    8.7918    3.5736   -0.0108   -8.7417
eta,q 0.95523 10.59870
  0.0612  0.0534  0.0518  0.0520  0.0541  0.0541
  0.0530  0.0469  0.0478  0.0499  0.0498  0.0496
  0.0470  0.0441  0.0458  0.0464  0.0465  0.0456
  0.0453  0.0452  0.0448  0.0448  0.0447  0.0447
  0.0483  0.0479  0.0451  0.0453  0.0456  0.0467
  0.0552  0.0506  0.0465  0.0476  0.0490  0.0495
  0.0643  0.0528  0.0491  0.0498  0.0539  0.0530
niter,ni,del,rscale     2    3   12.0000    1.2000
parameters
   -1.4345   -0.7068    9.2177    3.9363    0.0186   -8.6554
eta,q 0.95530 10.58095
  0.0617  0.0542  0.0509  0.0518  0.0539  0.0541
  0.0534  0.0477  0.0476  0.0488  0.0496  0.0496
  0.0471  0.0444  0.0456  0.0457  0.0464  0.0456
  0.0448  0.0448  0.0447  0.0446  0.0447  0.0447
  0.0474  0.0469  0.0450  0.0456  0.0456  0.0467
  0.0542  0.0500  0.0464  0.0479  0.0491  0.0496
  0.0631  0.0529  0.0494  0.0501  0.0542  0.0531
niter,ni,del,rscale     1    3   12.0000    1.2000
parameters
   -1.4535   -0.7427    9.4352    4.0973    0.0198   -8.6049
eta,q 0.95526 10.57379
  0.0619  0.0544  0.0505  0.0515  0.0538  0.0541
  0.0537  0.0480  0.0474  0.0482  0.0495  0.0496
  0.0473  0.0446  0.0455  0.0455  0.0464  0.0456
  0.0447  0.0447  0.0447  0.0447  0.0447  0.0447
  0.0470  0.0465  0.0450  0.0458  0.0456  0.0468
  0.0536  0.0497  0.0466  0.0482  0.0491  0.0497
  0.0625  0.0530  0.0499  0.0504  0.0544  0.0532
registration optimization eta report
parameter search radius
    6.0000    6.0000    6.0000    6.0000    6.0000    7.9350
100000*second partial in parameter space
       48.       25.       15.       17.       26.       14.
  0.0619  0.0544  0.0505  0.0515  0.0538  0.0541
  0.0537  0.0480  0.0474  0.0482  0.0495  0.0496
  0.0473  0.0446  0.0455  0.0455  0.0464  0.0456
  0.0447  0.0447  0.0447  0.0447  0.0447  0.0447
  0.0470  0.0465  0.0450  0.0458  0.0456  0.0468
  0.0536  0.0497  0.0466  0.0482  0.0491  0.0497
  0.0625  0.0530  0.0499  0.0504  0.0544  0.0532
   -1.4535   -0.7427    9.4352    4.0973    0.0198   -8.6049
eta,q 0.95526 10.57379

---------------------------------------------------------------------
imgreg_4dfp /opt/freesurfer/average/711-2C_as_mni_average_305 /opt/freesurfer/average/711-2B_as_mni_average_305_mask talsrcimg_g11 none talsrcimg_to_711-2C_as_mni_average_305_t4 3335
---------------------------------------------------------------------

freesurfer imgreg_4dfp.c
/opt/freesurfer/average/711-2C_as_mni_average_305.4dfp.img
       256       256       256         1
  1.000000  1.000000  1.000000
orientation T byte_order littleendian
Reading image: /opt/freesurfer/average/711-2C_as_mni_average_305.4dfp.img
dimensions:      256       256       256
mmppix:       1.0000   -1.0000   -1.0000
center:     128.0000 -129.0000 -129.0000
/opt/freesurfer/average/711-2B_as_mni_average_305_mask.4dfp.img
       256       256       256         1
  1.000000  1.000000  1.000000
orientation T byte_order littleendian
Reading mask: /opt/freesurfer/average/711-2B_as_mni_average_305_mask.4dfp.img (2306576 pixels)
talsrcimg_g11.4dfp.img
       256       256       256         1
  1.000000  1.000000  1.000000
orientation T byte_order littleendian
Reading image: talsrcimg_g11.4dfp.img
dimensions:      256       256       256
mmppix:       1.0000   -1.0000   -1.0000
center:     128.0000 -129.0000 -129.0000
fimgreg.f
image alignment mode   3335 decimal      D07 hex
parameters
   -1.4535   -0.7427    9.4352   -1.1256   -1.3780   -0.2556
   14.9212   -1.1032  -14.9619   -7.0594    0.0346    7.1450
eta,q 0.95396 10.64681
niter,ni,del,rscale     5    3    5.0000    1.2000
parameter  4  1.737279 ->  0.500000 qaram    1.1500
parameter  5  1.921757 ->  0.500000 qaram    1.1500
parameter 12  1.028887 ->  0.500000 qaram    1.1500
parameters
   -1.7205   -1.2604    8.9198   -5.2656   -5.5180    1.9973
   12.6180   -0.6208  -11.5122   -4.7086    0.1636    3.0050
eta,q 0.96111 10.34066
  0.0481  0.0470  0.0463  0.0411  0.0394  0.0420  0.0409  0.0441  0.0420  0.0428  0.0399  0.0388
  0.0468  0.0462  0.0460  0.0425  0.0402  0.0412  0.0402  0.0421  0.0411  0.0414  0.0397  0.0388
  0.0461  0.0459  0.0459  0.0440  0.0413  0.0407  0.0400  0.0407  0.0404  0.0404  0.0396  0.0391
  0.0460  0.0460  0.0459  0.0459  0.0429  0.0405  0.0402  0.0400  0.0400  0.0398  0.0395  0.0395
  0.0465  0.0465  0.0461  0.0483  0.0447  0.0402  0.0409  0.0402  0.0398  0.0395  0.0395  0.0401
  0.0476  0.0473  0.0465  0.0512  0.0467  0.0402  0.0419  0.0413  0.0398  0.0397  0.0396  0.0408
  0.0492  0.0482  0.0470  0.0545  0.0489  0.0408  0.0432  0.0433  0.0400  0.0404  0.0399  0.0416
niter,ni,del,rscale     7    3    5.0000    1.2000
parameter  4  1.538711 ->  0.500000 qaram    1.3225
parameter  5  1.044212 ->  0.500000 qaram    1.3225
parameters
   -1.5367   -0.5581    8.8679  -10.0266  -10.2790    1.0026
   12.3607   -0.9705  -11.1230   -2.0706   -1.0877    0.4667
eta,q 0.96643  9.75375
  0.0417  0.0416  0.0398  0.0349  0.0337  0.0348  0.0364  0.0371  0.0357  0.0374  0.0343  0.0343
  0.0402  0.0403  0.0392  0.0356  0.0338  0.0342  0.0351  0.0353  0.0348  0.0359  0.0339  0.0338
  0.0393  0.0394  0.0388  0.0370  0.0346  0.0341  0.0343  0.0343  0.0342  0.0347  0.0338  0.0336
  0.0389  0.0389  0.0388  0.0388  0.0360  0.0339  0.0340  0.0340  0.0340  0.0340  0.0338  0.0338
  0.0390  0.0388  0.0389  0.0407  0.0378  0.0340  0.0343  0.0345  0.0341  0.0338  0.0340  0.0342
  0.0397  0.0390  0.0393  0.0430  0.0401  0.0345  0.0353  0.0358  0.0346  0.0340  0.0343  0.0349
  0.0409  0.0396  0.0398  0.0462  0.0425  0.0359  0.0368  0.0377  0.0354  0.0345  0.0348  0.0358
niter,ni,del,rscale     7    3    5.0000    1.2000
parameter  2 -0.670080 -> -0.500000 qaram    1.1500
parameter  4  0.529269 ->  0.500000 qaram    1.5209
parameter  5  0.540523 ->  0.500000 qaram    1.5209
parameter 10 -0.565408 -> -0.500000 qaram    1.1500
parameters
   -1.4556    0.8219    8.6628  -15.5017  -15.7541    1.0121
   12.1038   -0.7196  -12.1966    2.0694    0.1307    0.4449
eta,q 0.96998  9.18371
  0.0367  0.0381  0.0337  0.0328  0.0313  0.0320  0.0328  0.0347  0.0318  0.0352  0.0312  0.0312
  0.0350  0.0362  0.0332  0.0317  0.0308  0.0313  0.0317  0.0327  0.0311  0.0334  0.0307  0.0306
  0.0340  0.0346  0.0328  0.0316  0.0309  0.0310  0.0310  0.0313  0.0308  0.0319  0.0303  0.0302
  0.0336  0.0336  0.0327  0.0327  0.0315  0.0308  0.0308  0.0308  0.0308  0.0308  0.0300  0.0300
  0.0338  0.0329  0.0330  0.0349  0.0329  0.0308  0.0311  0.0312  0.0311  0.0301  0.0300  0.0302
  0.0348  0.0327  0.0334  0.0374  0.0349  0.0312  0.0319  0.0324  0.0317  0.0301  0.0303  0.0306
  0.0363  0.0329  0.0341  0.0404  0.0375  0.0321  0.0331  0.0342  0.0326  0.0306  0.0306  0.0312
niter,ni,del,rscale     7    3    5.0000    1.2000
parameter  2 -0.573424 -> -0.500000 qaram    1.3225
parameters
   -1.1132    2.4089    8.4200  -15.3282  -17.0297   -0.2112
   11.9323   -0.2616  -12.6708    3.6623   -0.1320   -0.4833
eta,q 0.97099  9.09090
  0.0336  0.0355  0.0299  0.0345  0.0318  0.0297  0.0312  0.0333  0.0306  0.0331  0.0298  0.0299
  0.0318  0.0332  0.0294  0.0320  0.0304  0.0293  0.0301  0.0312  0.0297  0.0311  0.0294  0.0294
  0.0306  0.0313  0.0291  0.0301  0.0294  0.0292  0.0294  0.0297  0.0292  0.0298  0.0291  0.0291
  0.0300  0.0300  0.0291  0.0291  0.0291  0.0291  0.0291  0.0291  0.0291  0.0291  0.0290  0.0290
  0.0301  0.0292  0.0293  0.0296  0.0297  0.0292  0.0294  0.0294  0.0294  0.0291  0.0292  0.0292
  0.0307  0.0291  0.0297  0.0315  0.0313  0.0297  0.0302  0.0306  0.0301  0.0298  0.0295  0.0297
  0.0320  0.0296  0.0302  0.0345  0.0337  0.0305  0.0315  0.0323  0.0310  0.0308  0.0299  0.0303
niter,ni,del,rscale     7    3    5.0000    1.2000
parameters
   -0.9101    2.8601    8.1085  -15.3034  -17.2064   -0.8433
   11.8616    0.0753  -12.6101    4.4303   -0.5270   -0.9007
eta,q 0.97101  9.06817
  0.0322  0.0331  0.0296  0.0343  0.0321  0.0297  0.0311  0.0330  0.0307  0.0322  0.0297  0.0299
  0.0306  0.0309  0.0292  0.0318  0.0306  0.0292  0.0300  0.0310  0.0298  0.0305  0.0293  0.0294
  0.0295  0.0296  0.0290  0.0299  0.0295  0.0290  0.0293  0.0296  0.0292  0.0294  0.0291  0.0291
  0.0290  0.0290  0.0290  0.0290  0.0290  0.0290  0.0290  0.0290  0.0290  0.0290  0.0290  0.0290
  0.0291  0.0292  0.0292  0.0295  0.0293  0.0290  0.0293  0.0294  0.0292  0.0292  0.0291  0.0291
  0.0299  0.0300  0.0295  0.0316  0.0305  0.0294  0.0300  0.0305  0.0298  0.0300  0.0294  0.0295
  0.0313  0.0311  0.0301  0.0345  0.0326  0.0300  0.0313  0.0323  0.0306  0.0311  0.0299  0.0301
niter,ni,del,rscale     6    3    5.0000    1.2000
parameters
   -0.7992    3.1068    7.9135  -15.3030  -17.2854   -1.3294
   11.7419    0.2915  -12.5169    4.8406   -0.7776   -1.0390
eta,q 0.97100  9.05202
  0.0319  0.0325  0.0297  0.0342  0.0321  0.0297  0.0311  0.0329  0.0307  0.0319  0.0297  0.0300
  0.0304  0.0305  0.0293  0.0318  0.0306  0.0291  0.0300  0.0309  0.0298  0.0303  0.0293  0.0294
  0.0294  0.0294  0.0290  0.0299  0.0295  0.0290  0.0292  0.0295  0.0292  0.0294  0.0291  0.0291
  0.0290  0.0290  0.0290  0.0290  0.0290  0.0290  0.0290  0.0290  0.0290  0.0290  0.0290  0.0290
  0.0292  0.0293  0.0291  0.0295  0.0292  0.0290  0.0293  0.0294  0.0292  0.0293  0.0291  0.0291
  0.0300  0.0302  0.0294  0.0316  0.0304  0.0293  0.0301  0.0306  0.0297  0.0301  0.0294  0.0295
  0.0314  0.0313  0.0299  0.0346  0.0325  0.0299  0.0313  0.0324  0.0306  0.0312  0.0299  0.0300
niter,ni,del,rscale     5    3    5.0000    1.2000
parameters
   -0.7225    3.2562    7.8070  -15.2954  -17.3648   -1.6136
   11.6489    0.4250  -12.4730    5.0770   -0.9246   -1.1150
eta,q 0.97098  9.04216
  0.0318  0.0322  0.0297  0.0342  0.0321  0.0297  0.0311  0.0328  0.0306  0.0317  0.0298  0.0300
  0.0303  0.0304  0.0293  0.0318  0.0306  0.0292  0.0300  0.0308  0.0298  0.0302  0.0294  0.0294
  0.0294  0.0293  0.0291  0.0300  0.0295  0.0290  0.0293  0.0295  0.0292  0.0293  0.0291  0.0291
  0.0290  0.0290  0.0290  0.0290  0.0290  0.0290  0.0290  0.0290  0.0290  0.0290  0.0290  0.0290
  0.0292  0.0294  0.0291  0.0295  0.0292  0.0290  0.0293  0.0294  0.0292  0.0293  0.0291  0.0291
  0.0301  0.0302  0.0294  0.0316  0.0304  0.0293  0.0300  0.0307  0.0298  0.0302  0.0294  0.0295
  0.0315  0.0314  0.0299  0.0346  0.0324  0.0299  0.0312  0.0325  0.0306  0.0313  0.0299  0.0300
niter,ni,del,rscale     4    3    5.0000    1.2000
parameters
   -0.6745    3.3433    7.7619  -15.2953  -17.4337   -1.7684
   11.5799    0.5080  -12.4494    5.2144   -1.0231   -1.1592
eta,q 0.97096  9.03572
  0.0317  0.0320  0.0297  0.0342  0.0320  0.0298  0.0311  0.0327  0.0306  0.0316  0.0298  0.0300
  0.0303  0.0303  0.0293  0.0319  0.0306  0.0292  0.0300  0.0308  0.0298  0.0302  0.0294  0.0294
  0.0294  0.0293  0.0291  0.0300  0.0295  0.0290  0.0293  0.0295  0.0292  0.0293  0.0291  0.0291
  0.0290  0.0290  0.0290  0.0290  0.0290  0.0290  0.0290  0.0290  0.0290  0.0290  0.0290  0.0290
  0.0293  0.0294  0.0291  0.0295  0.0292  0.0290  0.0293  0.0295  0.0292  0.0294  0.0291  0.0292
  0.0301  0.0303  0.0294  0.0316  0.0304  0.0293  0.0300  0.0307  0.0298  0.0302  0.0294  0.0295
  0.0315  0.0315  0.0298  0.0346  0.0324  0.0298  0.0312  0.0326  0.0306  0.0313  0.0299  0.0300
niter,ni,del,rscale     3    3    5.0000    1.2000
parameters
   -0.6439    3.3914    7.7311  -15.2949  -17.4753   -1.8576
   11.5344    0.5614  -12.4303    5.2924   -1.0751   -1.1753
eta,q 0.97095  9.03194
  0.0317  0.0319  0.0297  0.0342  0.0320  0.0298  0.0312  0.0327  0.0306  0.0316  0.0298  0.0300
  0.0303  0.0302  0.0294  0.0319  0.0306  0.0292  0.0300  0.0308  0.0298  0.0301  0.0294  0.0294
  0.0294  0.0293  0.0291  0.0300  0.0295  0.0290  0.0293  0.0295  0.0292  0.0293  0.0291  0.0291
  0.0290  0.0290  0.0290  0.0290  0.0290  0.0290  0.0290  0.0291  0.0290  0.0290  0.0290  0.0290
  0.0293  0.0295  0.0291  0.0295  0.0292  0.0290  0.0293  0.0295  0.0292  0.0294  0.0291  0.0292
  0.0302  0.0303  0.0294  0.0316  0.0303  0.0293  0.0300  0.0307  0.0298  0.0302  0.0294  0.0295
  0.0316  0.0315  0.0298  0.0346  0.0324  0.0298  0.0312  0.0326  0.0306  0.0314  0.0298  0.0300
niter,ni,del,rscale     2    3    5.0000    1.2000
parameters
   -0.6259    3.4197    7.7180  -15.2940  -17.5028   -1.8988
   11.5115    0.5929  -12.4263    5.3373   -1.1054   -1.1864
eta,q 0.97094  9.03002
  0.0317  0.0319  0.0298  0.0342  0.0321  0.0298  0.0312  0.0327  0.0306  0.0316  0.0298  0.0300
  0.0303  0.0302  0.0294  0.0319  0.0306  0.0292  0.0300  0.0308  0.0298  0.0301  0.0294  0.0294
  0.0294  0.0292  0.0291  0.0300  0.0296  0.0290  0.0293  0.0295  0.0292  0.0293  0.0292  0.0291
  0.0290  0.0291  0.0291  0.0291  0.0291  0.0291  0.0291  0.0291  0.0291  0.0291  0.0291  0.0291
  0.0293  0.0295  0.0291  0.0295  0.0293  0.0291  0.0293  0.0295  0.0293  0.0294  0.0291  0.0292
  0.0302  0.0304  0.0294  0.0316  0.0303  0.0293  0.0300  0.0308  0.0298  0.0302  0.0294  0.0295
  0.0316  0.0316  0.0298  0.0346  0.0324  0.0298  0.0312  0.0326  0.0306  0.0314  0.0298  0.0300
registration optimization eta report
parameter search radius
    2.4000    3.1740    2.4000   10.9503   10.9503    7.2000
    7.2000    7.2000    7.2000    8.2800    7.2000    8.2800
100000*second partial in parameter space
       45.       26.       13.        4.        3.        2.
        4.        7.        3.        3.        2.        1.
  0.0317  0.0319  0.0298  0.0342  0.0321  0.0298  0.0312  0.0327  0.0306  0.0316  0.0298  0.0300
  0.0303  0.0302  0.0294  0.0319  0.0306  0.0292  0.0300  0.0308  0.0298  0.0301  0.0294  0.0294
  0.0294  0.0292  0.0291  0.0300  0.0296  0.0290  0.0293  0.0295  0.0292  0.0293  0.0292  0.0291
  0.0290  0.0291  0.0291  0.0291  0.0291  0.0291  0.0291  0.0291  0.0291  0.0291  0.0291  0.0291
  0.0293  0.0295  0.0291  0.0295  0.0293  0.0291  0.0293  0.0295  0.0293  0.0294  0.0291  0.0292
  0.0302  0.0304  0.0294  0.0316  0.0303  0.0293  0.0300  0.0308  0.0298  0.0302  0.0294  0.0295
  0.0316  0.0316  0.0298  0.0346  0.0324  0.0298  0.0312  0.0326  0.0306  0.0314  0.0298  0.0300
   -0.6259    3.4197    7.7180  -15.2940  -17.5028   -1.8988
   11.5115    0.5929  -12.4263    5.3373   -1.1054   -1.1864
eta,q 0.97094  9.03002

---------------------------------------------------------------------
imgreg_4dfp /opt/freesurfer/average/711-2C_as_mni_average_305 /opt/freesurfer/average/711-2B_as_mni_average_305_mask talsrcimg_g11 none talsrcimg_to_711-2C_as_mni_average_305_t4 2311
---------------------------------------------------------------------

freesurfer imgreg_4dfp.c
/opt/freesurfer/average/711-2C_as_mni_average_305.4dfp.img
       256       256       256         1
  1.000000  1.000000  1.000000
orientation T byte_order littleendian
Reading image: /opt/freesurfer/average/711-2C_as_mni_average_305.4dfp.img
dimensions:      256       256       256
mmppix:       1.0000   -1.0000   -1.0000
center:     128.0000 -129.0000 -129.0000
/opt/freesurfer/average/711-2B_as_mni_average_305_mask.4dfp.img
       256       256       256         1
  1.000000  1.000000  1.000000
orientation T byte_order littleendian
Reading mask: /opt/freesurfer/average/711-2B_as_mni_average_305_mask.4dfp.img (2306576 pixels)
talsrcimg_g11.4dfp.img
       256       256       256         1
  1.000000  1.000000  1.000000
orientation T byte_order littleendian
Reading image: talsrcimg_g11.4dfp.img
dimensions:      256       256       256
mmppix:       1.0000   -1.0000   -1.0000
center:     128.0000 -129.0000 -129.0000
fimgreg.f
image alignment mode   2311 decimal      907 hex
parameters
   -0.6259    3.4197    7.7180  -15.2940  -17.5028   -1.8988
   11.5115    0.5929  -12.4263    5.3373   -1.1054   -1.1864
eta,q 0.97094  9.03002
niter,ni,del,rscale     5    3    5.0000    0.8000
parameters
   -0.6043    3.2429    7.7972  -14.6975  -16.8615   -2.0894
   11.5482    0.6040  -12.3153    4.7010   -1.2016   -1.0666
eta,q 0.97104  9.07099
  0.0303  0.0296  0.0294  0.0305  0.0298  0.0292  0.0300  0.0307  0.0298  0.0296  0.0293  0.0293
  0.0296  0.0292  0.0292  0.0298  0.0294  0.0290  0.0295  0.0298  0.0294  0.0292  0.0291  0.0291
  0.0292  0.0291  0.0291  0.0293  0.0292  0.0289  0.0291  0.0292  0.0291  0.0290  0.0290  0.0290
  0.0291  0.0291  0.0290  0.0290  0.0290  0.0290  0.0290  0.0290  0.0290  0.0290  0.0290  0.0290
  0.0292  0.0292  0.0291  0.0290  0.0290  0.0290  0.0291  0.0292  0.0291  0.0292  0.0290  0.0290
  0.0296  0.0295  0.0291  0.0294  0.0292  0.0290  0.0294  0.0298  0.0293  0.0296  0.0291  0.0291
  0.0302  0.0299  0.0293  0.0300  0.0295  0.0292  0.0300  0.0307  0.0297  0.0301  0.0293  0.0293
niter,ni,del,rscale     4    3    5.0000    0.7000
parameters
   -0.6486    3.1059    7.8885  -14.5855  -16.6747   -1.7420
   11.5820    0.5331  -12.2715    4.4431   -1.1399   -1.0848
eta,q 0.97106  9.09144
  0.0298  0.0294  0.0292  0.0300  0.0295  0.0291  0.0298  0.0303  0.0296  0.0296  0.0292  0.0292
  0.0293  0.0291  0.0291  0.0294  0.0292  0.0289  0.0293  0.0295  0.0292  0.0292  0.0291  0.0290
  0.0290  0.0290  0.0290  0.0291  0.0290  0.0289  0.0290  0.0291  0.0290  0.0290  0.0290  0.0290
  0.0290  0.0290  0.0289  0.0289  0.0289  0.0289  0.0289  0.0289  0.0289  0.0289  0.0289  0.0289
  0.0291  0.0291  0.0290  0.0290  0.0290  0.0289  0.0290  0.0291  0.0290  0.0291  0.0290  0.0290
  0.0294  0.0293  0.0290  0.0293  0.0291  0.0289  0.0293  0.0296  0.0292  0.0293  0.0291  0.0291
  0.0300  0.0296  0.0292  0.0299  0.0295  0.0290  0.0297  0.0304  0.0295  0.0298  0.0292  0.0292
niter,ni,del,rscale     3    3    5.0000    0.6000
parameters
   -0.6891    3.0072    7.9236  -14.5556  -16.5388   -1.6026
   11.6281    0.4601  -12.2490    4.2767   -1.0628   -1.0277
eta,q 0.97107  9.10133
  0.0296  0.0293  0.0291  0.0297  0.0294  0.0290  0.0295  0.0299  0.0294  0.0294  0.0291  0.0291
  0.0292  0.0291  0.0290  0.0293  0.0292  0.0289  0.0292  0.0294  0.0291  0.0292  0.0290  0.0290
  0.0290  0.0290  0.0290  0.0290  0.0290  0.0289  0.0290  0.0290  0.0290  0.0290  0.0290  0.0289
  0.0289  0.0289  0.0289  0.0289  0.0289  0.0289  0.0289  0.0289  0.0289  0.0289  0.0289  0.0289
  0.0290  0.0290  0.0289  0.0290  0.0290  0.0289  0.0290  0.0291  0.0290  0.0290  0.0289  0.0290
  0.0293  0.0292  0.0290  0.0292  0.0291  0.0289  0.0292  0.0294  0.0291  0.0292  0.0290  0.0290
  0.0297  0.0295  0.0291  0.0297  0.0293  0.0290  0.0295  0.0300  0.0294  0.0295  0.0291  0.0291
niter,ni,del,rscale     2    3    5.0000    0.5000
parameters
   -0.7180    2.9514    7.9654  -14.5309  -16.4614   -1.0619
   11.6753    0.4172  -12.2526    4.1962   -0.9558   -1.2225
eta,q 0.97108  9.12115
  0.0294  0.0292  0.0291  0.0294  0.0292  0.0289  0.0294  0.0296  0.0293  0.0293  0.0291  0.0290
  0.0291  0.0290  0.0290  0.0292  0.0291  0.0289  0.0291  0.0292  0.0291  0.0291  0.0290  0.0290
  0.0290  0.0289  0.0289  0.0290  0.0290  0.0289  0.0290  0.0290  0.0290  0.0290  0.0289  0.0289
  0.0289  0.0289  0.0289  0.0289  0.0289  0.0289  0.0289  0.0289  0.0289  0.0289  0.0289  0.0289
  0.0290  0.0290  0.0289  0.0290  0.0289  0.0289  0.0290  0.0290  0.0290  0.0290  0.0289  0.0289
  0.0292  0.0291  0.0290  0.0291  0.0290  0.0289  0.0291  0.0293  0.0291  0.0291  0.0290  0.0290
  0.0294  0.0293  0.0291  0.0294  0.0292  0.0289  0.0293  0.0297  0.0293  0.0293  0.0291  0.0291
niter,ni,del,rscale     1    3    5.0000    0.4000
parameter  6  0.550087 -> -0.500000 qaram    1.1500
parameters
   -0.7443    2.8958    7.9265  -14.5559  -16.3221    0.3181
   11.7344    0.3984  -12.2484    4.1643   -0.9404   -1.7187
eta,q 0.97112  9.17053
  0.0292  0.0291  0.0290  0.0292  0.0291  0.0289  0.0292  0.0294  0.0291  0.0292  0.0290  0.0289
  0.0290  0.0290  0.0290  0.0291  0.0290  0.0289  0.0290  0.0291  0.0290  0.0290  0.0289  0.0289
  0.0289  0.0289  0.0289  0.0290  0.0290  0.0289  0.0289  0.0289  0.0289  0.0289  0.0289  0.0289
  0.0289  0.0289  0.0289  0.0289  0.0289  0.0289  0.0289  0.0289  0.0289  0.0289  0.0289  0.0289
  0.0290  0.0290  0.0289  0.0290  0.0289  0.0289  0.0289  0.0289  0.0289  0.0289  0.0289  0.0289
  0.0291  0.0290  0.0290  0.0291  0.0290  0.0289  0.0290  0.0291  0.0290  0.0290  0.0289  0.0289
  0.0293  0.0292  0.0290  0.0293  0.0291  0.0289  0.0291  0.0294  0.0291  0.0292  0.0290  0.0290
niter,ni,del,rscale     1    3    5.0000    0.4000
parameters
   -0.7799    2.8188    7.9527  -14.7369  -16.2314   -0.0438
   11.7728    0.3528  -12.2488    4.0997   -0.9326   -1.5222
eta,q 0.97111  9.15321
  0.0292  0.0291  0.0290  0.0292  0.0291  0.0289  0.0292  0.0294  0.0291  0.0291  0.0290  0.0290
  0.0290  0.0289  0.0289  0.0290  0.0290  0.0289  0.0290  0.0291  0.0290  0.0290  0.0289  0.0289
  0.0289  0.0289  0.0289  0.0289  0.0289  0.0289  0.0289  0.0289  0.0289  0.0289  0.0289  0.0289
  0.0289  0.0289  0.0289  0.0289  0.0289  0.0289  0.0289  0.0289  0.0289  0.0289  0.0289  0.0289
  0.0289  0.0289  0.0289  0.0289  0.0289  0.0289  0.0289  0.0290  0.0289  0.0289  0.0289  0.0289
  0.0290  0.0290  0.0289  0.0291  0.0289  0.0289  0.0290  0.0291  0.0290  0.0290  0.0289  0.0289
  0.0292  0.0291  0.0290  0.0293  0.0291  0.0290  0.0292  0.0294  0.0291  0.0292  0.0290  0.0290
registration optimization eta report
parameter search radius
    0.8000    0.8000    0.8000    2.4000    2.4000    2.7600
    2.4000    2.4000    2.4000    2.4000    2.4000    2.4000
100000*second partial in parameter space
       50.       34.       16.        6.        3.        1.
        5.        8.        4.        5.        2.        1.
  0.0292  0.0291  0.0290  0.0292  0.0291  0.0289  0.0292  0.0294  0.0291  0.0291  0.0290  0.0290
  0.0290  0.0289  0.0289  0.0290  0.0290  0.0289  0.0290  0.0291  0.0290  0.0290  0.0289  0.0289
  0.0289  0.0289  0.0289  0.0289  0.0289  0.0289  0.0289  0.0289  0.0289  0.0289  0.0289  0.0289
  0.0289  0.0289  0.0289  0.0289  0.0289  0.0289  0.0289  0.0289  0.0289  0.0289  0.0289  0.0289
  0.0289  0.0289  0.0289  0.0289  0.0289  0.0289  0.0289  0.0290  0.0289  0.0289  0.0289  0.0289
  0.0290  0.0290  0.0289  0.0291  0.0289  0.0289  0.0290  0.0291  0.0290  0.0290  0.0289  0.0289
  0.0292  0.0291  0.0290  0.0293  0.0291  0.0290  0.0292  0.0294  0.0291  0.0292  0.0290  0.0290
   -0.7799    2.8188    7.9527  -14.7369  -16.2314   -0.0438
   11.7728    0.3528  -12.2488    4.0997   -0.9326   -1.5222
eta,q 0.97111  9.15321

---------------------------------------------------------------------
imgreg_4dfp /opt/freesurfer/average/711-2C_as_mni_average_305 /opt/freesurfer/average/711-2B_as_mni_average_305_mask talsrcimg_g11 none talsrcimg_to_711-2C_as_mni_average_305_t4 2311
---------------------------------------------------------------------

freesurfer imgreg_4dfp.c
/opt/freesurfer/average/711-2C_as_mni_average_305.4dfp.img
       256       256       256         1
  1.000000  1.000000  1.000000
orientation T byte_order littleendian
Reading image: /opt/freesurfer/average/711-2C_as_mni_average_305.4dfp.img
dimensions:      256       256       256
mmppix:       1.0000   -1.0000   -1.0000
center:     128.0000 -129.0000 -129.0000
/opt/freesurfer/average/711-2B_as_mni_average_305_mask.4dfp.img
       256       256       256         1
  1.000000  1.000000  1.000000
orientation T byte_order littleendian
Reading mask: /opt/freesurfer/average/711-2B_as_mni_average_305_mask.4dfp.img (2306576 pixels)
talsrcimg_g11.4dfp.img
       256       256       256         1
  1.000000  1.000000  1.000000
orientation T byte_order littleendian
Reading image: talsrcimg_g11.4dfp.img
dimensions:      256       256       256
mmppix:       1.0000   -1.0000   -1.0000
center:     128.0000 -129.0000 -129.0000
fimgreg.f
image alignment mode   2311 decimal      907 hex
parameters
   -0.7799    2.8188    7.9527  -14.7369  -16.2314   -0.0438
   11.7728    0.3528  -12.2488    4.0997   -0.9326   -1.5222
eta,q 0.97111  9.15321
niter,ni,del,rscale     5    3    5.0000    0.8000
parameters
   -0.7843    2.8801    7.9234  -14.8232  -16.3987   -1.2351
   11.7548    0.3297  -12.2878    4.1930   -0.8910   -1.0685
eta,q 0.97108  9.10574
  0.0301  0.0298  0.0293  0.0301  0.0296  0.0290  0.0300  0.0307  0.0297  0.0299  0.0293  0.0293
  0.0295  0.0293  0.0291  0.0295  0.0292  0.0289  0.0294  0.0297  0.0293  0.0294  0.0291  0.0291
  0.0290  0.0290  0.0289  0.0291  0.0290  0.0289  0.0290  0.0291  0.0290  0.0291  0.0290  0.0290
  0.0289  0.0289  0.0289  0.0289  0.0289  0.0289  0.0289  0.0289  0.0289  0.0289  0.0289  0.0289
  0.0290  0.0290  0.0289  0.0290  0.0290  0.0289  0.0290  0.0291  0.0290  0.0290  0.0290  0.0289
  0.0295  0.0293  0.0291  0.0295  0.0293  0.0291  0.0294  0.0298  0.0293  0.0294  0.0291  0.0290
  0.0302  0.0297  0.0293  0.0303  0.0297  0.0294  0.0300  0.0307  0.0297  0.0298  0.0293  0.0292
niter,ni,del,rscale     4    3    5.0000    0.7000
parameters
   -0.7534    2.9452    7.9205  -14.6508  -16.4854   -1.5048
   11.7095    0.3500  -12.2993    4.1995   -0.9042   -0.9852
eta,q 0.97108  9.10209
  0.0299  0.0296  0.0292  0.0300  0.0295  0.0290  0.0297  0.0303  0.0295  0.0297  0.0292  0.0292
  0.0294  0.0292  0.0290  0.0294  0.0292  0.0289  0.0293  0.0296  0.0292  0.0293  0.0291  0.0290
  0.0290  0.0290  0.0290  0.0291  0.0290  0.0289  0.0290  0.0291  0.0290  0.0290  0.0290  0.0289
  0.0289  0.0289  0.0289  0.0289  0.0289  0.0289  0.0289  0.0289  0.0289  0.0289  0.0289  0.0289
  0.0290  0.0290  0.0290  0.0290  0.0290  0.0289  0.0290  0.0291  0.0290  0.0290  0.0289  0.0289
  0.0293  0.0292  0.0290  0.0293  0.0292  0.0289  0.0293  0.0295  0.0292  0.0293  0.0290  0.0290
  0.0298  0.0295  0.0292  0.0298  0.0295  0.0291  0.0297  0.0303  0.0296  0.0297  0.0292  0.0292
niter,ni,del,rscale     3    3    5.0000    0.6000
parameters
   -0.7420    2.9446    7.9434  -14.5797  -16.4723   -1.4314
   11.6980    0.3597  -12.2900    4.1649   -0.9252   -1.0073
eta,q 0.97108  9.10763
  0.0296  0.0294  0.0291  0.0297  0.0293  0.0290  0.0295  0.0300  0.0294  0.0295  0.0291  0.0291
  0.0292  0.0291  0.0290  0.0293  0.0291  0.0289  0.0292  0.0294  0.0291  0.0292  0.0290  0.0290
  0.0290  0.0290  0.0289  0.0290  0.0290  0.0289  0.0290  0.0290  0.0290  0.0290  0.0289  0.0289
  0.0289  0.0289  0.0289  0.0289  0.0289  0.0289  0.0289  0.0289  0.0289  0.0289  0.0289  0.0289
  0.0290  0.0290  0.0289  0.0290  0.0290  0.0289  0.0290  0.0290  0.0290  0.0290  0.0289  0.0289
  0.0292  0.0291  0.0290  0.0292  0.0291  0.0289  0.0292  0.0294  0.0291  0.0292  0.0290  0.0290
  0.0296  0.0294  0.0291  0.0296  0.0294  0.0290  0.0295  0.0299  0.0294  0.0295  0.0291  0.0291
niter,ni,del,rscale     2    3    5.0000    0.5000
parameters
   -0.7445    2.9215    7.9735  -14.5444  -16.4277   -1.2777
   11.7081    0.3593  -12.2813    4.1234   -0.8975   -1.0654
eta,q 0.97108  9.11532
  0.0294  0.0292  0.0291  0.0294  0.0292  0.0289  0.0293  0.0297  0.0292  0.0293  0.0291  0.0290
  0.0291  0.0291  0.0290  0.0292  0.0291  0.0289  0.0291  0.0292  0.0291  0.0291  0.0290  0.0290
  0.0290  0.0289  0.0289  0.0290  0.0290  0.0289  0.0290  0.0290  0.0290  0.0290  0.0289  0.0289
  0.0289  0.0289  0.0289  0.0289  0.0289  0.0289  0.0289  0.0289  0.0289  0.0289  0.0289  0.0289
  0.0290  0.0290  0.0289  0.0290  0.0289  0.0289  0.0290  0.0290  0.0290  0.0290  0.0289  0.0289
  0.0291  0.0291  0.0290  0.0291  0.0290  0.0289  0.0291  0.0293  0.0291  0.0291  0.0290  0.0290
  0.0294  0.0293  0.0291  0.0294  0.0292  0.0289  0.0293  0.0296  0.0292  0.0293  0.0291  0.0291
niter,ni,del,rscale     1    3    5.0000    0.4000
parameter  6  0.465598 -> -0.500000 qaram    1.1500
parameters
   -0.7521    2.8869    7.9729  -14.5389  -16.3712    0.1023
   11.7351    0.3734  -12.2769    4.1390   -0.9127   -1.6657
eta,q 0.97110  9.16199
  0.0292  0.0291  0.0290  0.0292  0.0291  0.0289  0.0292  0.0294  0.0291  0.0292  0.0290  0.0289
  0.0291  0.0290  0.0290  0.0291  0.0290  0.0289  0.0290  0.0291  0.0290  0.0290  0.0289  0.0289
  0.0290  0.0289  0.0289  0.0290  0.0289  0.0289  0.0289  0.0290  0.0289  0.0289  0.0289  0.0289
  0.0289  0.0289  0.0289  0.0289  0.0289  0.0289  0.0289  0.0289  0.0289  0.0289  0.0289  0.0289
  0.0290  0.0289  0.0289  0.0289  0.0289  0.0289  0.0289  0.0289  0.0289  0.0289  0.0289  0.0289
  0.0291  0.0290  0.0290  0.0291  0.0290  0.0289  0.0290  0.0291  0.0290  0.0290  0.0289  0.0289
  0.0292  0.0291  0.0290  0.0293  0.0291  0.0289  0.0292  0.0294  0.0291  0.0292  0.0290  0.0290
niter,ni,del,rscale     1    3    5.0000    0.4000
parameters
   -0.7850    2.8260    7.9390  -14.6932  -16.2223   -0.1817
   11.7791    0.3417  -12.2574    4.1066   -0.8888   -1.5267
eta,q 0.97110  9.15134
  0.0292  0.0291  0.0290  0.0292  0.0291  0.0289  0.0292  0.0294  0.0291  0.0292  0.0290  0.0290
  0.0290  0.0290  0.0289  0.0290  0.0290  0.0289  0.0290  0.0291  0.0290  0.0290  0.0289  0.0289
  0.0289  0.0289  0.0289  0.0289  0.0289  0.0289  0.0289  0.0289  0.0289  0.0289  0.0289  0.0289
  0.0289  0.0289  0.0289  0.0289  0.0289  0.0289  0.0289  0.0289  0.0289  0.0289  0.0289  0.0289
  0.0289  0.0289  0.0289  0.0289  0.0289  0.0289  0.0289  0.0290  0.0289  0.0289  0.0289  0.0289
  0.0291  0.0290  0.0289  0.0291  0.0290  0.0289  0.0290  0.0291  0.0290  0.0290  0.0289  0.0289
  0.0292  0.0291  0.0290  0.0293  0.0291  0.0290  0.0292  0.0294  0.0291  0.0292  0.0290  0.0290
registration optimization eta report
parameter search radius
    0.8000    0.8000    0.8000    2.4000    2.4000    2.7600
    2.4000    2.4000    2.4000    2.4000    2.4000    2.4000
100000*second partial in parameter space
       50.       34.       16.        6.        3.        1.
        5.        8.        4.        5.        2.        1.
  0.0292  0.0291  0.0290  0.0292  0.0291  0.0289  0.0292  0.0294  0.0291  0.0292  0.0290  0.0290
  0.0290  0.0290  0.0289  0.0290  0.0290  0.0289  0.0290  0.0291  0.0290  0.0290  0.0289  0.0289
  0.0289  0.0289  0.0289  0.0289  0.0289  0.0289  0.0289  0.0289  0.0289  0.0289  0.0289  0.0289
  0.0289  0.0289  0.0289  0.0289  0.0289  0.0289  0.0289  0.0289  0.0289  0.0289  0.0289  0.0289
  0.0289  0.0289  0.0289  0.0289  0.0289  0.0289  0.0289  0.0290  0.0289  0.0289  0.0289  0.0289
  0.0291  0.0290  0.0289  0.0291  0.0290  0.0289  0.0290  0.0291  0.0290  0.0290  0.0289  0.0289
  0.0292  0.0291  0.0290  0.0293  0.0291  0.0290  0.0292  0.0294  0.0291  0.0292  0.0290  0.0290
   -0.7850    2.8260    7.9390  -14.6932  -16.2223   -0.1817
   11.7791    0.3417  -12.2574    4.1066   -0.8888   -1.5267
eta,q 0.97110  9.15134

---------------------------------------------------------------------
compute_vox2vox talsrcimg talsrcimg_to_711-2C_as_mni_average_305_t4 /opt/freesurfer/average/711-2C_as_mni_average_305
---------------------------------------------------------------------

freesurfer compute_vox2vox.c
Reading: talsrcimg.4dfp.ifh
Reading: talsrcimg_to_711-2C_as_mni_average_305_t4
Reading: /opt/freesurfer/average/711-2C_as_mni_average_305.4dfp.ifh
Writing: talsrcimg_to_711-2C_as_mni_average_305_t4_vox2vox.txt

start time Mon Mar 9 20:28:23 CET 2026
end		time Mon Mar 9 20:29:50 CET 2026

mpr2mni305 success

avi2talxfm orig_nu.mgz /opt/freesurfer/average/mni305.cor.mgz talsrcimg_to_711-2C_as_mni_average_305_t4_vox2vox.txt transforms/talairach.auto.xfm
avi2talxfm done
mv -f /out/sourcedata/freesurfer/sub-v1s23x0050608_ses-1/mri/talsrcimg_to_711-2C_as_mni_average_305_t4_vox2vox.txt /out/sourcedata/freesurfer/sub-v1s23x0050608_ses-1/mri/transforms/talsrcimg_to_711-2C_as_mni_average_305_t4_vox2vox.txt
lta_convert --src orig_nu.mgz --trg /opt/freesurfer/average/mni305.cor.mgz --inxfm transforms/talairach.auto.xfm --outlta transforms/talairach.auto.xfm.lta --subject fsaverage
7.3.2

--src: orig_nu.mgz src image (geometry).
--trg: /opt/freesurfer/average/mni305.cor.mgz trg image (geometry).
--inmni: transforms/talairach.auto.xfm input MNI/XFM transform.
--outlta: transforms/talairach.auto.xfm.lta output LTA.
--s: fsaverage subject name
 LTA read, type : 1
 1.14906   0.00271  -0.16151  -42.19329;
 0.01279   1.00110   0.01644   35.66422;
 0.16749  -0.04868   1.16920  -85.73869;
 0.00000   0.00000   0.00000   1.00000;
setting subject to fsaverage
Writing  LTA to file transforms/talairach.auto.xfm.lta...
lta_convert successful.
 
 
Started at Mon Mar 9 20:28:23 CET 2026
Ended   at Mon Mar  9 20:29:50 CET 2026
talairach_avi done
