status file for recon-all
Mon Mar  9 17:17:34 CET 2026
#@# MotionCor Mon Mar  9 17:17:36 CET 2026
#@# Talairach Mon Mar  9 17:17:43 CET 2026
#@# Talairach Failure Detection Mon Mar  9 17:22:08 CET 2026
#@# Nu Intensity Correction Mon Mar  9 17:22:08 CET 2026
#@# Intensity Normalization Mon Mar  9 17:25:25 CET 2026
recon-all -s sub-v1s23x0050560_ses-1 finished without error at Mon Mar  9 17:26:50 CET 2026



#New# invocation of recon-all 



status file for recon-all
Mon Mar  9 17:34:00 CET 2026
#@# EM Registration Mon Mar  9 17:34:00 CET 2026
recon-all -s sub-v1s23x0050560_ses-1 finished without error at Mon Mar  9 17:36:27 CET 2026



#New# invocation of recon-all 



status file for recon-all
Mon Mar  9 17:36:31 CET 2026
#@# CA Normalize Mon Mar  9 17:36:31 CET 2026
#@# CA Reg Mon Mar  9 17:37:50 CET 2026
#@# SubCort Seg Mon Mar  9 18:28:33 CET 2026
#@# CC Seg Mon Mar  9 18:56:25 CET 2026
#@# Merge ASeg Mon Mar  9 18:57:08 CET 2026
#@# Intensity Normalization2 Mon Mar  9 18:57:08 CET 2026
#@# Mask BFS Mon Mar  9 18:59:14 CET 2026
#@# WM Segmentation Mon Mar  9 18:59:15 CET 2026
#@# Fill Mon Mar  9 19:01:25 CET 2026
recon-all -s sub-v1s23x0050560_ses-1 finished without error at Mon Mar  9 19:02:28 CET 2026



#New# invocation of recon-all 



status file for recon-all
Mon Mar  9 20:40:24 CET 2026
#@# white curv lh Mon Mar  9 20:40:24 CET 2026
#@# white area lh Mon Mar  9 20:40:24 CET 2026
#@# pial curv lh Mon Mar  9 20:40:24 CET 2026
#@# pial area lh Mon Mar  9 20:40:24 CET 2026
#@# thickness lh Mon Mar  9 20:40:24 CET 2026
#@# area and vertex vol lh Mon Mar  9 20:40:24 CET 2026
#@# white curv rh Mon Mar  9 20:40:24 CET 2026
#@# white area rh Mon Mar  9 20:40:24 CET 2026
#@# pial curv rh Mon Mar  9 20:40:24 CET 2026
#@# pial area rh Mon Mar  9 20:40:24 CET 2026
#@# thickness rh Mon Mar  9 20:40:24 CET 2026
#@# area and vertex vol rh Mon Mar  9 20:40:24 CET 2026
#@# Cortical ribbon mask Mon Mar  9 20:40:25 CET 2026
recon-all -s sub-v1s23x0050560_ses-1 finished without error at Mon Mar  9 20:45:17 CET 2026



#New# invocation of recon-all 



status file for recon-all
Mon Mar  9 20:52:44 CET 2026
#@# white curv lh Mon Mar  9 20:52:44 CET 2026
#@# white area lh Mon Mar  9 20:52:44 CET 2026
#@# pial curv lh Mon Mar  9 20:52:44 CET 2026
#@# pial area lh Mon Mar  9 20:52:44 CET 2026
#@# thickness lh Mon Mar  9 20:52:44 CET 2026
#@# area and vertex vol lh Mon Mar  9 20:52:44 CET 2026
#@# white curv rh Mon Mar  9 20:52:44 CET 2026
#@# white area rh Mon Mar  9 20:52:44 CET 2026
#@# pial curv rh Mon Mar  9 20:52:44 CET 2026
#@# pial area rh Mon Mar  9 20:52:44 CET 2026
#@# thickness rh Mon Mar  9 20:52:44 CET 2026
#@# area and vertex vol rh Mon Mar  9 20:52:44 CET 2026
#@# Curvature Stats lh Mon Mar  9 20:52:44 CET 2026
#@# Curvature Stats rh Mon Mar  9 20:52:47 CET 2026
#@# Relabel Hypointensities Mon Mar  9 20:52:50 CET 2026
#@# APas-to-ASeg Mon Mar  9 20:53:06 CET 2026
#@# AParc-to-ASeg aparc Mon Mar  9 20:53:15 CET 2026
#@# AParc-to-ASeg aparc.a2009s Mon Mar  9 20:53:52 CET 2026
#@# AParc-to-ASeg aparc.DKTatlas Mon Mar  9 20:54:32 CET 2026
#@# WMParc Mon Mar  9 20:55:14 CET 2026
#@# ASeg Stats Mon Mar  9 20:59:02 CET 2026
recon-all -s sub-v1s23x0050560_ses-1 finished without error at Mon Mar  9 20:59:48 CET 2026
