status file for recon-all
Mon Mar  9 19:02:32 CET 2026
#@# Tessellate lh Mon Mar  9 19:02:32 CET 2026
#@# Smooth1 lh Mon Mar  9 19:02:36 CET 2026
#@# Inflation1 lh Mon Mar  9 19:02:39 CET 2026
#@# QSphere lh Mon Mar  9 19:02:55 CET 2026
#@# Fix Topology lh Mon Mar  9 19:04:29 CET 2026
#@# Smooth2 lh Mon Mar  9 19:22:06 CET 2026
#@# Inflation2 lh Mon Mar  9 19:22:09 CET 2026
#@# Curv .H and .K lh Mon Mar  9 19:22:25 CET 2026
#@# Sphere lh Mon Mar  9 19:23:08 CET 2026
#@# Surf Reg lh Mon Mar  9 19:27:55 CET 2026
#@# Jacobian white lh Mon Mar  9 19:32:46 CET 2026
#@# AvgCurv lh Mon Mar  9 19:32:47 CET 2026
#@# Cortical Parc lh Mon Mar  9 19:32:48 CET 2026
#@# white curv lh Mon Mar  9 19:41:30 CET 2026
#@# white area lh Mon Mar  9 19:41:32 CET 2026
#@# pial curv lh Mon Mar  9 19:41:32 CET 2026
#@# pial area lh Mon Mar  9 19:41:35 CET 2026
#@# thickness lh Mon Mar  9 19:41:35 CET 2026
#@# area and vertex vol lh Mon Mar  9 19:42:03 CET 2026
#@# Curvature Stats lh Mon Mar  9 19:42:04 CET 2026
#@# Cortical Parc 2 lh Mon Mar  9 19:42:07 CET 2026
#@# Cortical Parc 3 lh Mon Mar  9 19:42:20 CET 2026
#@# WM/GM Contrast lh Mon Mar  9 19:42:31 CET 2026
recon-all -s sub-v1s23x0050560_ses-1 finished without error at Mon Mar  9 19:42:35 CET 2026



#New# invocation of recon-all 



status file for recon-all
Mon Mar  9 20:45:22 CET 2026
#@# white curv lh Mon Mar  9 20:45:22 CET 2026
#@# white area lh Mon Mar  9 20:45:22 CET 2026
#@# pial curv lh Mon Mar  9 20:45:22 CET 2026
#@# pial area lh Mon Mar  9 20:45:22 CET 2026
#@# thickness lh Mon Mar  9 20:45:23 CET 2026
#@# area and vertex vol lh Mon Mar  9 20:45:23 CET 2026
#@# Parcellation Stats lh Mon Mar  9 20:45:23 CET 2026
#@# Parcellation Stats 2 lh Mon Mar  9 20:45:42 CET 2026
#@# Parcellation Stats 3 lh Mon Mar  9 20:45:52 CET 2026
#@# BA_exvivo Labels lh Mon Mar  9 20:46:02 CET 2026
recon-all -s sub-v1s23x0050560_ses-1 finished without error at Mon Mar  9 20:48:56 CET 2026
