status file for recon-all
Mon Mar  9 19:42:36 CET 2026
#@# Tessellate rh Mon Mar  9 19:42:36 CET 2026
#@# Smooth1 rh Mon Mar  9 19:42:40 CET 2026
#@# Inflation1 rh Mon Mar  9 19:42:44 CET 2026
#@# QSphere rh Mon Mar  9 19:42:59 CET 2026
#@# Fix Topology rh Mon Mar  9 19:44:28 CET 2026
#@# Smooth2 rh Mon Mar  9 20:12:02 CET 2026
#@# Inflation2 rh Mon Mar  9 20:12:05 CET 2026
#@# Curv .H and .K rh Mon Mar  9 20:12:21 CET 2026
#@# Sphere rh Mon Mar  9 20:13:06 CET 2026
#@# Surf Reg rh Mon Mar  9 20:22:33 CET 2026
#@# Jacobian white rh Mon Mar  9 20:30:15 CET 2026
#@# AvgCurv rh Mon Mar  9 20:30:17 CET 2026
#@# Cortical Parc rh Mon Mar  9 20:30:18 CET 2026
#@# white curv rh Mon Mar  9 20:39:12 CET 2026
#@# white area rh Mon Mar  9 20:39:14 CET 2026
#@# pial curv rh Mon Mar  9 20:39:15 CET 2026
#@# pial area rh Mon Mar  9 20:39:17 CET 2026
#@# thickness rh Mon Mar  9 20:39:18 CET 2026
#@# area and vertex vol rh Mon Mar  9 20:39:47 CET 2026
#@# Curvature Stats rh Mon Mar  9 20:39:48 CET 2026
#@# Cortical Parc 2 rh Mon Mar  9 20:39:51 CET 2026
#@# Cortical Parc 3 rh Mon Mar  9 20:40:05 CET 2026
#@# WM/GM Contrast rh Mon Mar  9 20:40:15 CET 2026
recon-all -s sub-v1s23x0050560_ses-1 finished without error at Mon Mar  9 20:40:19 CET 2026



#New# invocation of recon-all 



status file for recon-all
Mon Mar  9 20:48:58 CET 2026
#@# white curv rh Mon Mar  9 20:48:59 CET 2026
#@# white area rh Mon Mar  9 20:48:59 CET 2026
#@# pial curv rh Mon Mar  9 20:48:59 CET 2026
#@# pial area rh Mon Mar  9 20:48:59 CET 2026
#@# thickness rh Mon Mar  9 20:48:59 CET 2026
#@# area and vertex vol rh Mon Mar  9 20:48:59 CET 2026
#@# Parcellation Stats rh Mon Mar  9 20:48:59 CET 2026
#@# Parcellation Stats 2 rh Mon Mar  9 20:49:18 CET 2026
#@# Parcellation Stats 3 rh Mon Mar  9 20:49:30 CET 2026
#@# BA_exvivo Labels rh Mon Mar  9 20:49:42 CET 2026
recon-all -s sub-v1s23x0050560_ses-1 finished without error at Mon Mar  9 20:52:40 CET 2026
