/out/sourcedata/freesurfer/sub-v1s23x0050602_ses-1/mri
/opt/freesurfer/bin/talairach_avi
--i orig_nu.mgz --xfm transforms/talairach.auto.xfm
talairach_avi 7.3.2
Linux dna006 5.14.0-427.37.1.el9_4.x86_64 #1 SMP PREEMPT_DYNAMIC Fri Sep 13 12:41:50 EDT 2024 x86_64 x86_64 x86_64 GNU/Linux
Mon Mar  9 19:55:35 CET 2026
mri_convert orig_nu.mgz talsrcimg.img 
reading from orig_nu.mgz...
TR=0.00, TE=0.00, TI=0.00, flip angle=0.00
i_ras = (-1, 0, 0)
j_ras = (0, 0, -1)
k_ras = (0, 1, 0)
writing to talsrcimg.img...
Analyze Output Matrix
-1.00000   0.00000   0.00000   162.50993;
 0.00000   0.00000   1.00000  -170.16905;
 0.00000  -1.00000   0.00000   170.78931;
 0.00000   0.00000   0.00000   1.00000;
--------------------
INFO: set hdr.hist.orient to -1
mpr2mni305 talsrcimg
Mon Mar  9 19:55:35 CET 2026
/opt/freesurfer/bin/mpr2mni305 talsrcimg
mpr2mni305 7.3.2
target=711-2C_as_mni_average_305

---------------------------------------------------------------------
analyzeto4dfp talsrcimg -O0 -y
---------------------------------------------------------------------

freesurfer ifh2hdr.c
Mon Mar  9 19:55:35 2026
Writing: talsrcimg.4dfp.hdr
freesurfer analyzeto4dfp.c
Reading: talsrcimg.hdr
header size 348 bytes
hdr.dime.datatype	offset=70	value=2
hdr.dime.bitpix		offset=72	value=8
hdr.hist.orient		offset=252	value=-1
dimensionality     4
dimensions       256       256       256         1
Reading: talsrcimg.img
Writing: talsrcimg.4dfp.img
Writing: talsrcimg.4dfp.ifh
ifh2hdr talsrcimg -r0to215
ori=2

---------------------------------------------------------------------
gauss_4dfp talsrcimg 1.1
---------------------------------------------------------------------

freesurfer gauss_4dfp.c
Reading: talsrcimg.4dfp.img
Writing: talsrcimg_g11.4dfp.img
image dimensions 256 256 256 padded to 288 288 288
processing volume 1freesurfer ifh2hdr.c
Mon Mar  9 19:55:37 2026
Writing: talsrcimg_g11.4dfp.hdr

Writing: talsrcimg_g11.4dfp.ifh
including: talsrcimg.4dfp.img.rec in talsrcimg_g11.4dfp.img.rec

---------------------------------------------------------------------
imgreg_4dfp /opt/freesurfer/average/711-2C_as_mni_average_305 none talsrcimg_g11 none talsrcimg_to_711-2C_as_mni_average_305_t4 4355
---------------------------------------------------------------------

freesurfer imgreg_4dfp.c
/opt/freesurfer/average/711-2C_as_mni_average_305.4dfp.img
       256       256       256         1
  1.000000  1.000000  1.000000
orientation T byte_order littleendian
Reading image: /opt/freesurfer/average/711-2C_as_mni_average_305.4dfp.img
dimensions:      256       256       256
mmppix:       1.0000   -1.0000   -1.0000
center:     128.0000 -129.0000 -129.0000
talsrcimg_g11.4dfp.img
       256       256       256         1
  1.000000  1.000000  1.000000
orientation T byte_order littleendian
Reading image: talsrcimg_g11.4dfp.img
dimensions:      256       256       256
mmppix:       1.0000   -1.0000   -1.0000
center:     128.0000 -129.0000 -129.0000
t4_read: open error in t4_sub.f l:  41 t4_file(1:l)talsrcimg_to_711-2C_as_mni_average_305_t4 
t4_read: transform initialized to I4
rotation matrix determinant  1.000000
image alignment mode   4355 decimal     1103 hex
   -7.5000  -45.0000  -45.0000 7407.4590   24.8745
    0.0000  -45.0000  -45.0000 7647.0996   24.9006
    7.5000  -45.0000  -45.0000 7345.7793   24.9751
   -7.5000  -37.5000  -45.0000 7953.5342   24.7519
    0.0000  -37.5000  -45.0000 8240.4873   24.7859
    7.5000  -37.5000  -45.0000 7893.0640   24.8657
   -7.5000  -30.0000  -45.0000 8820.9775   24.6548
    0.0000  -30.0000  -45.0000 9135.3271   24.6980
    7.5000  -30.0000  -45.0000 8759.9453   24.7776
   -7.5000  -22.5000  -45.0000 9641.8076   24.5859
    0.0000  -22.5000  -45.0000 9981.6904   24.6279
    7.5000  -22.5000  -45.0000 9582.4902   24.6999
   -7.5000  -15.0000  -45.000010413.9365   24.5521
    0.0000  -15.0000  -45.000010762.1562   24.5812
    7.5000  -15.0000  -45.000010354.1367   24.6460
   -7.5000   -7.5000  -45.000011117.8467   24.5491
    0.0000   -7.5000  -45.000011531.0381   24.5700
    7.5000   -7.5000  -45.000011034.7256   24.6349
   -7.5000    0.0000  -45.000011776.2070   24.5447
    0.0000    0.0000  -45.000012198.4346   24.5680
    7.5000    0.0000  -45.000011651.3311   24.6385
   -7.5000    7.5000  -45.000011398.0791   24.5460
    0.0000    7.5000  -45.000011796.3789   24.5783
    7.5000    7.5000  -45.000011268.7324   24.6549
   -7.5000   15.0000  -45.000010947.1084   24.5493
    0.0000   15.0000  -45.000011333.5400   24.5917
    7.5000   15.0000  -45.000010823.5469   24.6696
   -7.5000   22.5000  -45.000010441.5879   24.5454
    0.0000   22.5000  -45.000010779.8438   24.5873
    7.5000   22.5000  -45.000010306.9395   24.6587
   -7.5000   30.0000  -45.0000 9728.6748   24.2229
    0.0000   30.0000  -45.000010032.7236   24.2516
    7.5000   30.0000  -45.0000 9569.3672   24.3155
   -7.5000   37.5000  -45.0000 9311.5186   24.2219
    0.0000   37.5000  -45.0000 9565.9453   24.2425
    7.5000   37.5000  -45.0000 9138.1045   24.3066
   -7.5000   45.0000  -45.0000 8519.1016   23.6026
    0.0000   45.0000  -45.0000 8764.4424   23.6251
    7.5000   45.0000  -45.0000 8360.0781   23.6929
   -7.5000  -45.0000  -37.5000 7833.7349   24.8240
    0.0000  -45.0000  -37.5000 8121.8516   24.8627
    7.5000  -45.0000  -37.5000 7793.3779   24.9175
   -7.5000  -37.5000  -37.5000 8441.4014   24.6825
    0.0000  -37.5000  -37.5000 8741.1875   24.7300
    7.5000  -37.5000  -37.5000 8369.7188   24.7947
   -7.5000  -30.0000  -37.5000 9374.0205   24.5840
    0.0000  -30.0000  -37.5000 9716.9678   24.6404
    7.5000  -30.0000  -37.5000 9277.5068   24.7068
   -7.5000  -22.5000  -37.500010254.3232   24.5345
    0.0000  -22.5000  -37.500010638.4482   24.5886
    7.5000  -22.5000  -37.500010147.8994   24.6442
   -7.5000  -15.0000  -37.500011047.5059   24.5209
    0.0000  -15.0000  -37.500011450.7275   24.5617
    7.5000  -15.0000  -37.500010930.4219   24.6062
   -7.5000   -7.5000  -37.500011771.9258   24.5184
    0.0000   -7.5000  -37.500012251.0225   24.5508
    7.5000   -7.5000  -37.500011630.2461   24.5942
   -7.5000    0.0000  -37.500012428.9561   24.4954
    0.0000    0.0000  -37.500012909.0908   24.5309
    7.5000    0.0000  -37.500012268.4590   24.5822
   -7.5000    7.5000  -37.500012003.7148   24.4770
    0.0000    7.5000  -37.500012447.0508   24.5226
    7.5000    7.5000  -37.500011859.8975   24.5845
   -7.5000   15.0000  -37.500011520.0342   24.4783
    0.0000   15.0000  -37.500011952.1348   24.5339
    7.5000   15.0000  -37.500011362.5068   24.5986
   -7.5000   22.5000  -37.500011026.5049   24.4937
    0.0000   22.5000  -37.500011420.2139   24.5477
    7.5000   22.5000  -37.500010844.5928   24.6027
   -7.5000   30.0000  -37.500010272.9844   24.1921
    0.0000   30.0000  -37.500010619.5156   24.2323
    7.5000   30.0000  -37.500010059.8477   24.2762
   -7.5000   37.5000  -37.5000 9770.5547   24.1916
    0.0000   37.5000  -37.500010090.1973   24.2237
    7.5000   37.5000  -37.5000 9561.8447   24.2664
   -7.5000   45.0000  -37.5000 8915.8213   23.5552
    0.0000   45.0000  -37.5000 9221.8926   23.5894
    7.5000   45.0000  -37.5000 8749.6855   23.6388
   -7.5000  -45.0000  -30.0000 8457.0439   25.7968
    0.0000  -45.0000  -30.0000 8759.6416   25.8468
    7.5000  -45.0000  -30.0000 8366.9609   25.8913
   -7.5000  -37.5000  -30.0000 9102.5137   25.6408
    0.0000  -37.5000  -30.0000 9403.9453   25.7024
    7.5000  -37.5000  -30.0000 8992.9736   25.7543
   -7.5000  -30.0000  -30.000010077.1416   25.5344
    0.0000  -30.0000  -30.000010450.8477   25.6017
    7.5000  -30.0000  -30.0000 9959.0918   25.6543
   -7.5000  -22.5000  -30.000011032.2451   25.4895
    0.0000  -22.5000  -30.000011477.4648   25.5482
    7.5000  -22.5000  -30.000010887.5713   25.5928
   -7.5000  -15.0000  -30.000011874.2363   25.4857
    0.0000  -15.0000  -30.000012349.5225   25.5282
    7.5000  -15.0000  -30.000011713.4014   25.5638
   -7.5000   -7.5000  -30.000012662.2012   25.4865
    0.0000   -7.5000  -30.000013199.5010   25.5239
    7.5000   -7.5000  -30.000012473.7773   25.5583
   -7.5000    0.0000  -30.000013328.6143   25.4571
    0.0000    0.0000  -30.000013873.7168   25.5036
    7.5000    0.0000  -30.000013138.0234   25.5447
   -7.5000    7.5000  -30.000012871.0107   25.4285
    0.0000    7.5000  -30.000013394.7568   25.4879
    7.5000    7.5000  -30.000012676.1543   25.5371
   -7.5000   15.0000  -30.000012324.1240   25.4250
    0.0000   15.0000  -30.000012815.3311   25.4913
    7.5000   15.0000  -30.000012093.7881   25.5423
   -7.5000   22.5000  -30.000011778.5127   25.4446
    0.0000   22.5000  -30.000012240.6348   25.5031
    7.5000   22.5000  -30.000011528.9746   25.5472
   -7.5000   30.0000  -30.000011001.6455   25.1464
    0.0000   30.0000  -30.000011414.7246   25.1883
    7.5000   30.0000  -30.000010752.0586   25.2233
   -7.5000   37.5000  -30.000010446.9209   25.1492
    0.0000   37.5000  -30.000010835.9482   25.1862
    7.5000   37.5000  -30.000010217.2480   25.2201
   -7.5000   45.0000  -30.0000 9528.8389   24.4981
    0.0000   45.0000  -30.0000 9868.6104   24.5427
    7.5000   45.0000  -30.0000 9320.8818   24.5824
   -7.5000  -45.0000  -22.5000 9077.6885   26.6040
    0.0000  -45.0000  -22.5000 9421.9502   26.6517
    7.5000  -45.0000  -22.5000 8960.6992   26.7081
   -7.5000  -37.5000  -22.5000 9759.8398   26.4589
    0.0000  -37.5000  -22.500010110.4629   26.5208
    7.5000  -37.5000  -22.5000 9624.2910   26.5759
   -7.5000  -30.0000  -22.500010770.2607   26.3493
    0.0000  -30.0000  -22.500011184.4961   26.4136
    7.5000  -30.0000  -22.500010630.6514   26.4669
   -7.5000  -22.5000  -22.500011791.1562   26.2867
    0.0000  -22.5000  -22.500012267.2500   26.3368
    7.5000  -22.5000  -22.500011624.6709   26.3891
   -7.5000  -15.0000  -22.500012679.1953   26.2671
    0.0000  -15.0000  -22.500013205.2471   26.2981
    7.5000  -15.0000  -22.500012492.3584   26.3488
   -7.5000   -7.5000  -22.500013515.5166   26.2691
    0.0000   -7.5000  -22.500014105.3779   26.2981
    7.5000   -7.5000  -22.500013303.7588   26.3489
   -7.5000    0.0000  -22.500014224.0234   26.2553
    0.0000    0.0000  -22.500014834.3174   26.2994
    7.5000    0.0000  -22.500013985.9043   26.3520
   -7.5000    7.5000  -22.500013759.1797   26.2413
    0.0000    7.5000  -22.500014344.7539   26.3007
    7.5000    7.5000  -22.500013494.4316   26.3530
   -7.5000   15.0000  -22.500013148.3193   26.2372
    0.0000   15.0000  -22.500013676.6504   26.3005
    7.5000   15.0000  -22.500012866.3701   26.3521
   -7.5000   22.5000  -22.500012512.7373   26.2390
    0.0000   22.5000  -22.500013021.1934   26.2889
    7.5000   22.5000  -22.500012246.0078   26.3406
   -7.5000   30.0000  -22.500011727.8076   25.9214
    0.0000   30.0000  -22.500012201.0537   25.9519
    7.5000   30.0000  -22.500011467.1250   26.0019
   -7.5000   37.5000  -22.500011150.3467   25.9255
    0.0000   37.5000  -22.500011589.1279   25.9541
    7.5000   37.5000  -22.500010883.8809   26.0043
   -7.5000   45.0000  -22.500010160.9902   25.2851
    0.0000   45.0000  -22.500010534.3369   25.3276
    7.5000   45.0000  -22.5000 9892.6133   25.3782
   -7.5000  -45.0000  -15.0000 9635.6660   27.2281
    0.0000  -45.0000  -15.0000 9995.9424   27.2635
    7.5000  -45.0000  -15.0000 9506.2227   27.3432
   -7.5000  -37.5000  -15.000010376.8652   27.1022
    0.0000  -37.5000  -15.000010784.6738   27.1517
    7.5000  -37.5000  -15.000010233.0205   27.2241
   -7.5000  -30.0000  -15.000011483.1436   26.9943
    0.0000  -30.0000  -15.000011932.3242   27.0462
    7.5000  -30.0000  -15.000011326.9561   27.1147
   -7.5000  -22.5000  -15.000012564.1182   26.9108
    0.0000  -22.5000  -15.000013047.9336   26.9486
    7.5000  -22.5000  -15.000012392.8057   27.0201
   -7.5000  -15.0000  -15.000013465.1494   26.8673
    0.0000  -15.0000  -15.000014002.0020   26.8861
    7.5000  -15.0000  -15.000013274.6865   26.9612
   -7.5000   -7.5000  -15.000014335.6133   26.8665
    0.0000   -7.5000  -15.000014918.5117   26.8833
    7.5000   -7.5000  -15.000014115.8750   26.9601
   -7.5000    0.0000  -15.000015090.2383   26.8715
    0.0000    0.0000  -15.000015700.6533   26.9035
    7.5000    0.0000  -15.000014846.3584   26.9789
   -7.5000    7.5000  -15.000014666.6436   26.8798
    0.0000    7.5000  -15.000015284.0391   26.9270
    7.5000    7.5000  -15.000014395.8496   26.9962
   -7.5000   15.0000  -15.000014023.9746   26.8801
    0.0000   15.0000  -15.000014613.8389   26.9310
    7.5000   15.0000  -15.000013728.8721   26.9976
   -7.5000   22.5000  -15.000013325.2100   26.8610
    0.0000   22.5000  -15.000013833.2568   26.8988
    7.5000   22.5000  -15.000013019.3027   26.9696
   -7.5000   30.0000  -15.000012455.7715   26.5174
    0.0000   30.0000  -15.000012928.3994   26.5359
    7.5000   30.0000  -15.000012161.6074   26.6100
   -7.5000   37.5000  -15.000011847.3076   26.5188
    0.0000   37.5000  -15.000012321.5166   26.5354
    7.5000   37.5000  -15.000011568.7568   26.6112
   -7.5000   45.0000  -15.000010816.2500   25.8942
    0.0000   45.0000  -15.000011237.7861   25.9251
    7.5000   45.0000  -15.000010529.6973   25.9977
   -7.5000  -45.0000   -7.500010218.6943   27.6318
    0.0000  -45.0000   -7.500010592.5010   27.6582
    7.5000  -45.0000   -7.500010075.8457   27.7496
   -7.5000  -37.5000   -7.500011039.4023   27.5087
    0.0000  -37.5000   -7.500011475.8916   27.5462
    7.5000  -37.5000   -7.500010905.7266   27.6342
   -7.5000  -30.0000   -7.500012232.2227   27.4003
    0.0000  -30.0000   -7.500012720.7686   27.4442
    7.5000  -30.0000   -7.500012112.8545   27.5291
   -7.5000  -22.5000   -7.500013415.6787   27.3109
    0.0000  -22.5000   -7.500013944.5283   27.3474
    7.5000  -22.5000   -7.500013305.3359   27.4312
   -7.5000  -15.0000   -7.500014375.9492   27.2613
    0.0000  -15.0000   -7.500014969.1416   27.2813
    7.5000  -15.0000   -7.500014215.1016   27.3651
   -7.5000   -7.5000   -7.500015280.9980   27.2596
    0.0000   -7.5000   -7.500015842.3389   27.2739
    7.5000   -7.5000   -7.500015069.1738   27.3595
   -7.5000    0.0000   -7.500016076.8350   27.2684
    0.0000    0.0000   -7.500016634.0742   27.2917
    7.5000    0.0000   -7.500015828.3633   27.3784
   -7.5000    7.5000   -7.500015682.1855   27.2821
    0.0000    7.5000   -7.500016285.3604   27.3176
    7.5000    7.5000   -7.500015445.9678   27.4022
   -7.5000   15.0000   -7.500014994.2246   27.2843
    0.0000   15.0000   -7.500015581.9209   27.3273
    7.5000   15.0000   -7.500014734.5957   27.4102
   -7.5000   22.5000   -7.500014230.5830   27.2576
    0.0000   22.5000   -7.500014770.4150   27.2941
    7.5000   22.5000   -7.500013921.2861   27.3771
   -7.5000   30.0000   -7.500013317.3594   26.9056
    0.0000   30.0000   -7.500013799.8545   26.9254
    7.5000   30.0000   -7.500012994.3594   27.0080
   -7.5000   37.5000   -7.500012672.0225   26.9060
    0.0000   37.5000   -7.500013132.6123   26.9202
    7.5000   37.5000   -7.500012373.0225   27.0047
   -7.5000   45.0000   -7.500011549.0986   26.2816
    0.0000   45.0000   -7.500011972.5801   26.3041
    7.5000   45.0000   -7.500011258.2891   26.3876
   -7.5000  -45.0000    0.000010666.2490   27.7697
    0.0000  -45.0000    0.000011063.1006   27.7994
    7.5000  -45.0000    0.000010512.0654   27.8823
   -7.5000  -37.5000    0.000011559.7852   27.6327
    0.0000  -37.5000    0.000011981.6963   27.6713
    7.5000  -37.5000    0.000011409.4883   27.7602
   -7.5000  -30.0000    0.000012839.3203   27.5243
    0.0000  -30.0000    0.000013345.4775   27.5733
    7.5000  -30.0000    0.000012740.7256   27.6620
   -7.5000  -22.5000    0.000014183.7139   27.4478
    0.0000  -22.5000    0.000014746.4834   27.4954
    7.5000  -22.5000    0.000014086.5986   27.5758
   -7.5000  -15.0000    0.000015333.7061   27.4106
    0.0000  -15.0000    0.000015977.2432   27.4438
    7.5000  -15.0000    0.000015142.3828   27.5161
   -7.5000   -7.5000    0.000016235.7070   27.4074
    0.0000   -7.5000    0.000016759.8086   27.4313
    7.5000   -7.5000    0.000015982.7988   27.5036
   -7.5000    0.0000    0.000016978.2715   27.4023
    0.0000    0.0000    0.000017458.4922   27.4289
    7.5000    0.0000    0.000016786.1230   27.5074
   -7.5000    7.5000    0.000016510.2363   27.4033
    0.0000    7.5000    0.000017059.1582   27.4400
    7.5000    7.5000    0.000016385.4219   27.5254
   -7.5000   15.0000    0.000015794.5742   27.4068
    0.0000   15.0000    0.000016365.7891   27.4549
    7.5000   15.0000    0.000015688.7568   27.5417
   -7.5000   22.5000    0.000015005.4346   27.3939
    0.0000   22.5000    0.000015536.3848   27.4413
    7.5000   22.5000    0.000014808.3574   27.5209
   -7.5000   30.0000    0.000014066.3359   27.0536
    0.0000   30.0000    0.000014540.9941   27.0864
    7.5000   30.0000    0.000013805.3545   27.1576
   -7.5000   37.5000    0.000013402.9180   27.0527
    0.0000   37.5000    0.000013856.2725   27.0763
    7.5000   37.5000    0.000013129.0088   27.1477
   -7.5000   45.0000    0.000012216.6279   26.4127
    0.0000   45.0000    0.000012648.0430   26.4383
    7.5000   45.0000    0.000011931.9512   26.5140
   -7.5000  -45.0000    7.500010287.4160   27.7682
    0.0000  -45.0000    7.500010652.5020   27.8116
    7.5000  -45.0000    7.500010155.2734   27.8730
   -7.5000  -37.5000    7.500011088.5186   27.6099
    0.0000  -37.5000    7.500011474.7109   27.6632
    7.5000  -37.5000    7.500010951.1143   27.7358
   -7.5000  -30.0000    7.500012327.5098   27.5003
    0.0000  -30.0000    7.500012798.2344   27.5636
    7.5000  -30.0000    7.500012224.1631   27.6379
   -7.5000  -22.5000    7.500013720.0879   27.4455
    0.0000  -22.5000    7.500014349.1992   27.5061
    7.5000  -22.5000    7.500013607.1270   27.5684
   -7.5000  -15.0000    7.500015062.1230   27.4303
    0.0000  -15.0000    7.500015789.1738   27.4760
    7.5000  -15.0000    7.500014845.0566   27.5260
   -7.5000   -7.5000    7.500015905.5342   27.4269
    0.0000   -7.5000    7.500016411.3984   27.4634
    7.5000   -7.5000    7.500015790.9375   27.5120
   -7.5000    0.0000    7.500016351.7354   27.4007
    0.0000    0.0000    7.500016708.7656   27.4405
    7.5000    0.0000    7.500016461.5527   27.4981
   -7.5000    7.5000    7.500015841.2217   27.3802
    0.0000    7.5000    7.500016211.1348   27.4313
    7.5000    7.5000    7.500015970.2979   27.5007
   -7.5000   15.0000    7.500015252.7275   27.3822
    0.0000   15.0000    7.500015708.1016   27.4444
    7.5000   15.0000    7.500015327.0703   27.5169
   -7.5000   22.5000    7.500014535.6533   27.3910
    0.0000   22.5000    7.500015045.1533   27.4515
    7.5000   22.5000    7.500014457.5117   27.5131
   -7.5000   30.0000    7.500013608.3457   27.0730
    0.0000   30.0000    7.500014121.4912   27.1181
    7.5000   30.0000    7.500013435.7568   27.1674
   -7.5000   37.5000    7.500012910.9170   27.0720
    0.0000   37.5000    7.500013444.1631   27.1079
    7.5000   37.5000    7.500012741.5742   27.1560
   -7.5000   45.0000    7.500011779.0127   26.4111
    0.0000   45.0000    7.500012283.0947   26.4495
    7.5000   45.0000    7.500011585.4316   26.5050
   -7.5000  -45.0000   15.0000 9795.9355   27.7291
    0.0000  -45.0000   15.000010164.9033   27.7825
    7.5000  -45.0000   15.0000 9645.1533   27.8303
   -7.5000  -37.5000   15.000010532.5586   27.5611
    0.0000  -37.5000   15.000010887.2227   27.6271
    7.5000  -37.5000   15.000010378.2314   27.6828
   -7.5000  -30.0000   15.000011672.4336   27.4466
    0.0000  -30.0000   15.000012062.2109   27.5187
    7.5000  -30.0000   15.000011550.4473   27.5752
   -7.5000  -22.5000   15.000012954.1777   27.3983
    0.0000  -22.5000   15.000013419.9092   27.4611
    7.5000  -22.5000   15.000012869.6748   27.5091
   -7.5000  -15.0000   15.000014244.1758   27.3943
    0.0000  -15.0000   15.000014905.5879   27.4397
    7.5000  -15.0000   15.000014173.7607   27.4779
   -7.5000   -7.5000   15.000015187.4209   27.3952
    0.0000   -7.5000   15.000015913.4512   27.4351
    7.5000   -7.5000   15.000015386.9365   27.4721
   -7.5000    0.0000   15.000015885.9365   27.3636
    0.0000    0.0000   15.000016569.1504   27.4133
    7.5000    0.0000   15.000016213.6670   27.4575
   -7.5000    7.5000   15.000015382.0771   27.3327
    0.0000    7.5000   15.000016009.4990   27.3963
    7.5000    7.5000   15.000015532.3086   27.4491
   -7.5000   15.0000   15.000014731.4492   27.3288
    0.0000   15.0000   15.000015336.2539   27.3999
    7.5000   15.0000   15.000014746.4385   27.4547
   -7.5000   22.5000   15.000013927.8672   27.3440
    0.0000   22.5000   15.000014500.5361   27.4066
    7.5000   22.5000   15.000013858.7441   27.4539
   -7.5000   30.0000   15.000012985.9570   27.0375
    0.0000   30.0000   15.000013504.9365   27.0823
    7.5000   30.0000   15.000012882.1045   27.1199
   -7.5000   37.5000   15.000012358.5273   27.0406
    0.0000   37.5000   15.000012864.3311   27.0801
    7.5000   37.5000   15.000012264.5332   27.1165
   -7.5000   45.0000   15.000011280.5342   26.3754
    0.0000   45.0000   15.000011741.8350   26.4232
    7.5000   45.0000   15.000011166.4355   26.4658
   -7.5000  -45.0000   22.5000 9190.2998   27.7376
    0.0000  -45.0000   22.5000 9519.4180   27.7862
    7.5000  -45.0000   22.5000 9051.5684   27.8443
   -7.5000  -37.5000   22.5000 9835.8945   27.5852
    0.0000  -37.5000   22.500010202.9062   27.6487
    7.5000  -37.5000   22.5000 9710.6680   27.7054
   -7.5000  -30.0000   22.500010904.0654   27.4696
    0.0000  -30.0000   22.500011325.2842   27.5357
    7.5000  -30.0000   22.500010814.0811   27.5906
   -7.5000  -22.5000   22.500012119.0986   27.4037
    0.0000  -22.5000   22.500012627.4541   27.4548
    7.5000  -22.5000   22.500012015.8916   27.5088
   -7.5000  -15.0000   22.500013221.6152   27.3836
    0.0000  -15.0000   22.500013862.4932   27.4146
    7.5000  -15.0000   22.500013201.2656   27.4668
   -7.5000   -7.5000   22.500014148.4277   27.3865
    0.0000   -7.5000   22.500014886.2344   27.4156
    7.5000   -7.5000   22.500014278.2705   27.4678
   -7.5000    0.0000   22.500015090.5684   27.3724
    0.0000    0.0000   22.500015884.0273   27.4174
    7.5000    0.0000   22.500015177.9463   27.4715
   -7.5000    7.5000   22.500014709.2695   27.3573
    0.0000    7.5000   22.500015501.3252   27.4183
    7.5000    7.5000   22.500014699.5400   27.4721
   -7.5000   15.0000   22.500013966.1348   27.3523
    0.0000   15.0000   22.500014661.9990   27.4173
    7.5000   15.0000   22.500013933.1514   27.4704
   -7.5000   22.5000   22.500013081.4580   27.3496
    0.0000   22.5000   22.500013696.7949   27.4006
    7.5000   22.5000   22.500013034.5117   27.4538
   -7.5000   30.0000   22.500012122.2832   27.0269
    0.0000   30.0000   22.500012663.6445   27.0576
    7.5000   30.0000   22.500012072.8252   27.1090
   -7.5000   37.5000   22.500011569.7920   27.0321
    0.0000   37.5000   22.500012082.5117   27.0608
    7.5000   37.5000   22.500011507.6426   27.1124
   -7.5000   45.0000   22.500010554.4521   26.3839
    0.0000   45.0000   22.500011016.7627   26.4272
    7.5000   45.0000   22.500010503.2490   26.4793
   -7.5000  -45.0000   30.0000 8501.8506   27.8533
    0.0000  -45.0000   30.0000 8827.7480   27.8872
    7.5000  -45.0000   30.0000 8403.9922   27.9674
   -7.5000  -37.5000   30.0000 9166.7949   27.7222
    0.0000  -37.5000   30.0000 9530.5156   27.7706
    7.5000  -37.5000   30.0000 9067.2070   27.8431
   -7.5000  -30.0000   30.000010228.5098   27.6100
    0.0000  -30.0000   30.000010661.9297   27.6610
    7.5000  -30.0000   30.000010112.4502   27.7294
   -7.5000  -22.5000   30.000011319.4092   27.5244
    0.0000  -22.5000   30.000011769.2305   27.5607
    7.5000  -22.5000   30.000011143.3350   27.6323
   -7.5000  -15.0000   30.000012174.9824   27.4808
    0.0000  -15.0000   30.000012632.9062   27.4975
    7.5000  -15.0000   30.000012087.3213   27.5728
   -7.5000   -7.5000   30.000012945.7383   27.4806
    0.0000   -7.5000   30.000013432.3799   27.4952
    7.5000   -7.5000   30.000012923.5000   27.5725
   -7.5000    0.0000   30.000013767.1221   27.4852
    0.0000    0.0000   30.000014307.7598   27.5157
    7.5000    0.0000   30.000013711.5557   27.5914
   -7.5000    7.5000   30.000013462.9424   27.4927
    0.0000    7.5000   30.000014012.6348   27.5388
    7.5000    7.5000   30.000013419.4414   27.6080
   -7.5000   15.0000   30.000012861.4277   27.4921
    0.0000   15.0000   30.000013409.9424   27.5422
    7.5000   15.0000   30.000012847.2998   27.6086
   -7.5000   22.5000   30.000012090.8828   27.4702
    0.0000   22.5000   30.000012607.2451   27.5065
    7.5000   22.5000   30.000012064.2119   27.5773
   -7.5000   30.0000   30.000011230.1523   27.1229
    0.0000   30.0000   30.000011683.4717   27.1393
    7.5000   30.0000   30.000011183.1719   27.2136
   -7.5000   37.5000   30.000010713.7656   27.1249
    0.0000   37.5000   30.000011157.8516   27.1394
    7.5000   37.5000   30.000010676.5850   27.2156
   -7.5000   45.0000   30.0000 9764.1270   26.4926
    0.0000   45.0000   30.000010185.7354   26.5220
    7.5000   45.0000   30.0000 9741.3379   26.5950
   -7.5000  -45.0000   37.5000 8235.6719   28.3204
    0.0000  -45.0000   37.5000 8531.1299   28.3435
    7.5000  -45.0000   37.5000 8126.9824   28.4359
   -7.5000  -37.5000   37.5000 8880.8652   28.1911
    0.0000  -37.5000   37.5000 9209.6504   28.2258
    7.5000  -37.5000   37.5000 8765.5098   28.3143
   -7.5000  -30.0000   37.5000 9885.6875   28.0773
    0.0000  -30.0000   37.500010260.2461   28.1187
    7.5000  -30.0000   37.5000 9715.5850   28.2039
   -7.5000  -22.5000   37.500010845.1816   27.9840
    0.0000  -22.5000   37.500011261.6748   28.0178
    7.5000  -22.5000   37.500010654.0596   28.1022
   -7.5000  -15.0000   37.500011607.4912   27.9326
    0.0000  -15.0000   37.500012043.2021   27.9492
    7.5000  -15.0000   37.500011484.0420   28.0338
   -7.5000   -7.5000   37.500012321.2305   27.9309
    0.0000   -7.5000   37.500012779.3447   27.9417
    7.5000   -7.5000   37.500012223.3740   28.0282
   -7.5000    0.0000   37.500013068.2627   27.9398
    0.0000    0.0000   37.500013540.0420   27.9599
    7.5000    0.0000   37.500012955.2178   28.0473
   -7.5000    7.5000   37.500012786.8975   27.9536
    0.0000    7.5000   37.500013289.4668   27.9863
    7.5000    7.5000   37.500012721.6572   28.0712
   -7.5000   15.0000   37.500012277.8115   27.9557
    0.0000   15.0000   37.500012755.0117   27.9962
    7.5000   15.0000   37.500012257.1035   28.0795
   -7.5000   22.5000   37.500011593.7988   27.9285
    0.0000   22.5000   37.500012047.0469   27.9622
    7.5000   22.5000   37.500011568.9688   28.0458
   -7.5000   30.0000   37.500010782.9551   27.5688
    0.0000   30.0000   37.500011195.0742   27.5852
    7.5000   30.0000   37.500010736.2490   27.6687
   -7.5000   37.5000   37.500010301.3896   27.5694
    0.0000   37.5000   37.500010704.2793   27.5800
    7.5000   37.5000   37.500010257.7568   27.6655
   -7.5000   45.0000   37.5000 9402.4395   26.9308
    0.0000   45.0000   37.5000 9760.0840   26.9501
    7.5000   45.0000   37.5000 9349.9404   27.0344
   -7.5000  -45.0000   45.0000 7550.3833   28.9059
    0.0000  -45.0000   45.0000 7798.2261   28.9326
    7.5000  -45.0000   45.0000 7439.7959   29.0171
   -7.5000  -37.5000   45.0000 8147.5698   28.7579
    0.0000  -37.5000   45.0000 8424.8311   28.7939
    7.5000  -37.5000   45.0000 8009.5903   28.8842
   -7.5000  -30.0000   45.0000 9060.0576   28.6382
    0.0000  -30.0000   45.0000 9390.8105   28.6857
    7.5000  -30.0000   45.0000 8880.3730   28.7758
   -7.5000  -22.5000   45.0000 9912.9033   28.5539
    0.0000  -22.5000   45.000010295.6982   28.6007
    7.5000  -22.5000   45.0000 9734.2197   28.6823
   -7.5000  -15.0000   45.000010633.3154   28.5137
    0.0000  -15.0000   45.000011010.9043   28.5454
    7.5000  -15.0000   45.000010463.9658   28.6189
   -7.5000   -7.5000   45.000011283.4912   28.5117
    0.0000   -7.5000   45.000011699.2578   28.5328
    7.5000   -7.5000   45.000011133.7979   28.6065
   -7.5000    0.0000   45.000011926.7393   28.5072
    0.0000    0.0000   45.000012363.9053   28.5307
    7.5000    0.0000   45.000011784.6104   28.6104
   -7.5000    7.5000   45.000011671.1865   28.5079
    0.0000    7.5000   45.000012106.0020   28.5418
    7.5000    7.5000   45.000011571.2461   28.6284
   -7.5000   15.0000   45.000011223.2158   28.5101
    0.0000   15.0000   45.000011646.8184   28.5567
    7.5000   15.0000   45.000011185.9082   28.6446
   -7.5000   22.5000   45.000010611.7393   28.4957
    0.0000   22.5000   45.000011032.5059   28.5423
    7.5000   22.5000   45.000010569.7158   28.6231
   -7.5000   30.0000   45.0000 9881.7441   28.1398
    0.0000   30.0000   45.000010255.0488   28.1710
    7.5000   30.0000   45.0000 9816.2295   28.2436
   -7.5000   37.5000   45.0000 9432.1035   28.1402
    0.0000   37.5000   45.0000 9802.3398   28.1611
    7.5000   37.5000   45.0000 9397.3271   28.2338
   -7.5000   45.0000   45.0000 8627.6025   27.4901
    0.0000   45.0000   45.0000 8942.6680   27.5128
    7.5000   45.0000   45.0000 8585.6191   27.5896

---------------------------------------------------------------------
imgreg_4dfp /opt/freesurfer/average/711-2C_as_mni_average_305 /opt/freesurfer/average/711-2B_as_mni_average_305_mask talsrcimg_g11 none talsrcimg_to_711-2C_as_mni_average_305_t4 4355
---------------------------------------------------------------------

freesurfer imgreg_4dfp.c
/opt/freesurfer/average/711-2C_as_mni_average_305.4dfp.img
       256       256       256         1
  1.000000  1.000000  1.000000
orientation T byte_order littleendian
Reading image: /opt/freesurfer/average/711-2C_as_mni_average_305.4dfp.img
dimensions:      256       256       256
mmppix:       1.0000   -1.0000   -1.0000
center:     128.0000 -129.0000 -129.0000
/opt/freesurfer/average/711-2B_as_mni_average_305_mask.4dfp.img
       256       256       256         1
  1.000000  1.000000  1.000000
orientation T byte_order littleendian
Reading mask: /opt/freesurfer/average/711-2B_as_mni_average_305_mask.4dfp.img (2306576 pixels)
talsrcimg_g11.4dfp.img
       256       256       256         1
  1.000000  1.000000  1.000000
orientation T byte_order littleendian
Reading image: talsrcimg_g11.4dfp.img
dimensions:      256       256       256
mmppix:       1.0000   -1.0000   -1.0000
center:     128.0000 -129.0000 -129.0000
rotation matrix determinant  1.000000
image alignment mode   4355 decimal     1103 hex
   -7.5000  -45.0000  -45.0000 2051.3486   30.8212
    0.0000  -45.0000  -45.0000 2048.6035   30.7151
    7.5000  -45.0000  -45.0000 2041.3802   31.4389
   -7.5000  -37.5000  -45.0000 2135.1235   28.2575
    0.0000  -37.5000  -45.0000 2140.5642   28.2683
    7.5000  -37.5000  -45.0000 2123.5288   28.8034
   -7.5000  -30.0000  -45.0000 2203.3723   26.4328
    0.0000  -30.0000  -45.0000 2204.2722   26.4594
    7.5000  -30.0000  -45.0000 2190.3596   26.9231
   -7.5000  -22.5000  -45.0000 2241.1370   25.2015
    0.0000  -22.5000  -45.0000 2239.8345   25.2235
    7.5000  -22.5000  -45.0000 2229.7490   25.6626
   -7.5000  -15.0000  -45.0000 2263.6877   24.3561
    0.0000  -15.0000  -45.0000 2266.0347   24.4181
    7.5000  -15.0000  -45.0000 2257.5908   24.8033
   -7.5000   -7.5000  -45.0000 2278.6731   23.9681
    0.0000   -7.5000  -45.0000 2280.6526   24.0309
    7.5000   -7.5000  -45.0000 2274.0564   24.4895
   -7.5000    0.0000  -45.0000 2285.3481   23.9123
    0.0000    0.0000  -45.0000 2287.6108   23.8911
    7.5000    0.0000  -45.0000 2274.5479   24.3426
   -7.5000    7.5000  -45.0000 2277.3560   24.1380
    0.0000    7.5000  -45.0000 2280.2441   24.1009
    7.5000    7.5000  -45.0000 2268.9773   24.5840
   -7.5000   15.0000  -45.0000 2251.4072   24.9195
    0.0000   15.0000  -45.0000 2264.6355   24.8806
    7.5000   15.0000  -45.0000 2242.7849   25.3098
   -7.5000   22.5000  -45.0000 2213.8335   25.9822
    0.0000   22.5000  -45.0000 2223.9980   25.9968
    7.5000   22.5000  -45.0000 2212.1753   26.4502
   -7.5000   30.0000  -45.0000 2159.0994   27.5011
    0.0000   30.0000  -45.0000 2168.9556   27.4548
    7.5000   30.0000  -45.0000 2153.6902   28.0078
   -7.5000   37.5000  -45.0000 2081.4070   29.5284
    0.0000   37.5000  -45.0000 2080.5562   29.3891
    7.5000   37.5000  -45.0000 2073.0110   29.9653
   -7.5000   45.0000  -45.0000 1982.6282   32.2906
    0.0000   45.0000  -45.0000 1985.8469   32.0271
    7.5000   45.0000  -45.0000 1974.2159   32.6792
   -7.5000  -45.0000  -37.5000 2121.1201   28.9323
    0.0000  -45.0000  -37.5000 2132.9421   28.9526
    7.5000  -45.0000  -37.5000 2114.6687   29.4610
   -7.5000  -37.5000  -37.5000 2223.8718   26.4304
    0.0000  -37.5000  -37.5000 2231.8462   26.5154
    7.5000  -37.5000  -37.5000 2213.5859   26.9265
   -7.5000  -30.0000  -37.5000 2298.2371   24.6123
    0.0000  -30.0000  -37.5000 2302.3921   24.7081
    7.5000  -30.0000  -37.5000 2283.5107   25.0765
   -7.5000  -22.5000  -37.5000 2344.6550   23.4156
    0.0000  -22.5000  -37.5000 2347.3877   23.5729
    7.5000  -22.5000  -37.5000 2326.2661   23.8172
   -7.5000  -15.0000  -37.5000 2362.6746   22.5503
    0.0000  -15.0000  -37.5000 2369.8403   22.7349
    7.5000  -15.0000  -37.5000 2349.7759   22.9963
   -7.5000   -7.5000  -37.5000 2367.1531   22.1046
    0.0000   -7.5000  -37.5000 2376.3875   22.2636
    7.5000   -7.5000  -37.5000 2353.6799   22.5298
   -7.5000    0.0000  -37.5000 2369.4756   22.0161
    0.0000    0.0000  -37.5000 2377.4282   22.0588
    7.5000    0.0000  -37.5000 2357.1953   22.3627
   -7.5000    7.5000  -37.5000 2366.8596   22.2161
    0.0000    7.5000  -37.5000 2373.9077   22.3054
    7.5000    7.5000  -37.5000 2356.7676   22.5922
   -7.5000   15.0000  -37.5000 2355.6211   22.9424
    0.0000   15.0000  -37.5000 2372.6902   23.0412
    7.5000   15.0000  -37.5000 2346.1614   23.3645
   -7.5000   22.5000  -37.5000 2323.2556   24.0093
    0.0000   22.5000  -37.5000 2335.4443   24.1030
    7.5000   22.5000  -37.5000 2316.3167   24.4321
   -7.5000   30.0000  -37.5000 2259.2156   25.5307
    0.0000   30.0000  -37.5000 2273.1982   25.5602
    7.5000   30.0000  -37.5000 2249.4807   25.9136
   -7.5000   37.5000  -37.5000 2177.5107   27.4254
    0.0000   37.5000  -37.5000 2187.5293   27.4749
    7.5000   37.5000  -37.5000 2165.1313   27.8287
   -7.5000   45.0000  -37.5000 2067.5352   29.9231
    0.0000   45.0000  -37.5000 2077.7617   29.8541
    7.5000   45.0000  -37.5000 2056.9990   30.3209
   -7.5000  -45.0000  -30.0000 2242.9646   28.2504
    0.0000  -45.0000  -30.0000 2250.6472   28.3938
    7.5000  -45.0000  -30.0000 2227.9897   28.7065
   -7.5000  -37.5000  -30.0000 2346.5544   25.7141
    0.0000  -37.5000  -30.0000 2347.1616   25.8579
    7.5000  -37.5000  -30.0000 2329.4131   26.1341
   -7.5000  -30.0000  -30.0000 2420.9316   23.7330
    0.0000  -30.0000  -30.0000 2429.7778   23.9362
    7.5000  -30.0000  -30.0000 2401.9221   24.1547
   -7.5000  -22.5000  -30.0000 2471.9683   22.3583
    0.0000  -22.5000  -30.0000 2480.5554   22.5461
    7.5000  -22.5000  -30.0000 2453.0588   22.8063
   -7.5000  -15.0000  -30.0000 2499.2788   21.5586
    0.0000  -15.0000  -30.0000 2513.5374   21.7399
    7.5000  -15.0000  -30.0000 2481.5618   21.9576
   -7.5000   -7.5000  -30.0000 2508.0002   21.0881
    0.0000   -7.5000  -30.0000 2521.2817   21.2652
    7.5000   -7.5000  -30.0000 2494.7651   21.4481
   -7.5000    0.0000  -30.0000 2512.6855   21.0362
    0.0000    0.0000  -30.0000 2517.3701   21.1329
    7.5000    0.0000  -30.0000 2494.4402   21.3307
   -7.5000    7.5000  -30.0000 2507.2307   21.2829
    0.0000    7.5000  -30.0000 2519.0352   21.3993
    7.5000    7.5000  -30.0000 2492.8821   21.6121
   -7.5000   15.0000  -30.0000 2496.6907   21.9686
    0.0000   15.0000  -30.0000 2513.6460   22.0756
    7.5000   15.0000  -30.0000 2481.1365   22.3417
   -7.5000   22.5000  -30.0000 2466.8755   23.0117
    0.0000   22.5000  -30.0000 2485.6343   23.1562
    7.5000   22.5000  -30.0000 2451.4678   23.4148
   -7.5000   30.0000  -30.0000 2402.4109   24.4151
    0.0000   30.0000  -30.0000 2420.6462   24.5568
    7.5000   30.0000  -30.0000 2389.1191   24.8446
   -7.5000   37.5000  -30.0000 2308.3413   26.2571
    0.0000   37.5000  -30.0000 2324.8601   26.3346
    7.5000   37.5000  -30.0000 2295.1584   26.6555
   -7.5000   45.0000  -30.0000 2191.9731   28.6636
    0.0000   45.0000  -30.0000 2198.6279   28.7089
    7.5000   45.0000  -30.0000 2177.6946   29.0477
   -7.5000  -45.0000  -22.5000 2324.7524   27.2977
    0.0000  -45.0000  -22.5000 2330.4827   27.4192
    7.5000  -45.0000  -22.5000 2310.2878   27.7446
   -7.5000  -37.5000  -22.5000 2438.5076   24.7963
    0.0000  -37.5000  -22.5000 2442.6941   24.9389
    7.5000  -37.5000  -22.5000 2421.4958   25.2190
   -7.5000  -30.0000  -22.5000 2516.2810   22.8541
    0.0000  -30.0000  -22.5000 2525.4014   23.0239
    7.5000  -30.0000  -22.5000 2498.4648   23.2442
   -7.5000  -22.5000  -22.5000 2568.9407   21.3065
    0.0000  -22.5000  -22.5000 2580.2920   21.4909
    7.5000  -22.5000  -22.5000 2549.8523   21.6987
   -7.5000  -15.0000  -22.5000 2608.2781   20.3661
    0.0000  -15.0000  -22.5000 2618.6548   20.5277
    7.5000  -15.0000  -22.5000 2589.0320   20.7674
   -7.5000   -7.5000  -22.5000 2628.4392   19.8944
    0.0000   -7.5000  -22.5000 2639.3044   20.0396
    7.5000   -7.5000  -22.5000 2605.2996   20.2247
   -7.5000    0.0000  -22.5000 2630.9836   19.8450
    0.0000    0.0000  -22.5000 2638.8081   19.9729
    7.5000    0.0000  -22.5000 2608.7246   20.1741
   -7.5000    7.5000  -22.5000 2631.8489   20.2537
    0.0000    7.5000  -22.5000 2644.8254   20.3805
    7.5000    7.5000  -22.5000 2608.9736   20.5701
   -7.5000   15.0000  -22.5000 2615.9766   20.8983
    0.0000   15.0000  -22.5000 2630.4465   21.0471
    7.5000   15.0000  -22.5000 2595.8269   21.2580
   -7.5000   22.5000  -22.5000 2572.4802   21.8267
    0.0000   22.5000  -22.5000 2591.5459   21.9758
    7.5000   22.5000  -22.5000 2557.9004   22.2475
   -7.5000   30.0000  -22.5000 2509.3062   23.1425
    0.0000   30.0000  -22.5000 2527.7534   23.3290
    7.5000   30.0000  -22.5000 2496.7214   23.6029
   -7.5000   37.5000  -22.5000 2410.4221   24.9624
    0.0000   37.5000  -22.5000 2431.4006   25.0516
    7.5000   37.5000  -22.5000 2399.5540   25.3376
   -7.5000   45.0000  -22.5000 2284.9226   27.2242
    0.0000   45.0000  -22.5000 2297.6958   27.3519
    7.5000   45.0000  -22.5000 2269.6489   27.6317
   -7.5000  -45.0000  -15.0000 2374.3564   26.6059
    0.0000  -45.0000  -15.0000 2384.7634   26.7164
    7.5000  -45.0000  -15.0000 2362.9880   27.1534
   -7.5000  -37.5000  -15.0000 2486.2119   24.0773
    0.0000  -37.5000  -15.0000 2501.0474   24.1658
    7.5000  -37.5000  -15.0000 2474.9285   24.5716
   -7.5000  -30.0000  -15.0000 2576.6353   22.0765
    0.0000  -30.0000  -15.0000 2586.9211   22.1599
    7.5000  -30.0000  -15.0000 2561.1001   22.5167
   -7.5000  -22.5000  -15.0000 2642.9583   20.5340
    0.0000  -22.5000  -15.0000 2657.3796   20.6551
    7.5000  -22.5000  -15.0000 2626.9453   20.9340
   -7.5000  -15.0000  -15.0000 2676.1611   19.4617
    0.0000  -15.0000  -15.0000 2683.7715   19.5296
    7.5000  -15.0000  -15.0000 2660.4551   19.8236
   -7.5000   -7.5000  -15.0000 2701.6555   18.8482
    0.0000   -7.5000  -15.0000 2713.0288   18.9217
    7.5000   -7.5000  -15.0000 2681.7234   19.1924
   -7.5000    0.0000  -15.0000 2716.7654   18.7791
    0.0000    0.0000  -15.0000 2722.6582   18.8643
    7.5000    0.0000  -15.0000 2690.9321   19.1213
   -7.5000    7.5000  -15.0000 2721.0886   19.2211
    0.0000    7.5000  -15.0000 2738.3196   19.3318
    7.5000    7.5000  -15.0000 2696.9077   19.5434
   -7.5000   15.0000  -15.0000 2707.5225   19.9232
    0.0000   15.0000  -15.0000 2724.5520   20.0440
    7.5000   15.0000  -15.0000 2688.4031   20.2944
   -7.5000   22.5000  -15.0000 2663.7952   20.8278
    0.0000   22.5000  -15.0000 2677.8787   20.9401
    7.5000   22.5000  -15.0000 2652.0693   21.2952
   -7.5000   30.0000  -15.0000 2587.4724   22.0759
    0.0000   30.0000  -15.0000 2596.7756   22.1573
    7.5000   30.0000  -15.0000 2573.1079   22.5262
   -7.5000   37.5000  -15.0000 2476.9390   23.7981
    0.0000   37.5000  -15.0000 2495.2986   23.8838
    7.5000   37.5000  -15.0000 2467.0872   24.2214
   -7.5000   45.0000  -15.0000 2354.3362   26.0605
    0.0000   45.0000  -15.0000 2369.3716   26.1889
    7.5000   45.0000  -15.0000 2341.5864   26.4711
   -7.5000  -45.0000   -7.5000 2414.0366   26.1189
    0.0000  -45.0000   -7.5000 2426.5620   26.1995
    7.5000  -45.0000   -7.5000 2405.4944   26.8097
   -7.5000  -37.5000   -7.5000 2531.7490   23.6393
    0.0000  -37.5000   -7.5000 2548.1599   23.7065
    7.5000  -37.5000   -7.5000 2525.9685   24.2524
   -7.5000  -30.0000   -7.5000 2619.5242   21.5533
    0.0000  -30.0000   -7.5000 2636.2539   21.6547
    7.5000  -30.0000   -7.5000 2618.0188   22.1322
   -7.5000  -22.5000   -7.5000 2691.7634   19.9569
    0.0000  -22.5000   -7.5000 2707.5225   20.0248
    7.5000  -22.5000   -7.5000 2691.0068   20.5056
   -7.5000  -15.0000   -7.5000 2734.8867   18.7992
    0.0000  -15.0000   -7.5000 2752.5847   18.8442
    7.5000  -15.0000   -7.5000 2731.1558   19.2729
   -7.5000   -7.5000   -7.5000 2764.5728   18.0478
    0.0000   -7.5000   -7.5000 2776.2092   18.0704
    7.5000   -7.5000   -7.5000 2747.9167   18.4376
   -7.5000    0.0000   -7.5000 2787.3677   17.8820
    0.0000    0.0000   -7.5000 2794.4329   17.9290
    7.5000    0.0000   -7.5000 2760.3152   18.3125
   -7.5000    7.5000   -7.5000 2802.6699   18.3432
    0.0000    7.5000   -7.5000 2817.7959   18.3778
    7.5000    7.5000   -7.5000 2779.8989   18.7478
   -7.5000   15.0000   -7.5000 2788.9722   19.0738
    0.0000   15.0000   -7.5000 2799.9583   19.1138
    7.5000   15.0000   -7.5000 2769.6794   19.4867
   -7.5000   22.5000   -7.5000 2740.9585   20.0155
    0.0000   22.5000   -7.5000 2752.8193   20.0938
    7.5000   22.5000   -7.5000 2727.1497   20.4891
   -7.5000   30.0000   -7.5000 2662.1641   21.2700
    0.0000   30.0000   -7.5000 2669.1716   21.3269
    7.5000   30.0000   -7.5000 2646.5413   21.7561
   -7.5000   37.5000   -7.5000 2548.9517   23.0059
    0.0000   37.5000   -7.5000 2555.6941   23.0453
    7.5000   37.5000   -7.5000 2535.5471   23.4827
   -7.5000   45.0000   -7.5000 2417.4629   25.2334
    0.0000   45.0000   -7.5000 2425.5198   25.2922
    7.5000   45.0000   -7.5000 2403.0603   25.6838
   -7.5000  -45.0000    0.0000 2421.0229   25.8903
    0.0000  -45.0000    0.0000 2438.2939   25.9798
    7.5000  -45.0000    0.0000 2416.2612   26.6469
   -7.5000  -37.5000    0.0000 2543.4939   23.4307
    0.0000  -37.5000    0.0000 2558.8274   23.4451
    7.5000  -37.5000    0.0000 2539.6011   24.1075
   -7.5000  -30.0000    0.0000 2637.4187   21.3632
    0.0000  -30.0000    0.0000 2651.1443   21.3709
    7.5000  -30.0000    0.0000 2633.9309   22.0029
   -7.5000  -22.5000    0.0000 2719.9436   19.7564
    0.0000  -22.5000    0.0000 2735.6360   19.7593
    7.5000  -22.5000    0.0000 2718.8254   20.3468
   -7.5000  -15.0000    0.0000 2774.5552   18.5054
    0.0000  -15.0000    0.0000 2794.5317   18.4752
    7.5000  -15.0000    0.0000 2770.9609   19.0472
   -7.5000   -7.5000    0.0000 2807.0334   17.6053
    0.0000   -7.5000    0.0000 2828.4675   17.5427
    7.5000   -7.5000    0.0000 2793.1934   18.1153
   -7.5000    0.0000    0.0000 2826.6472   17.2772
    0.0000    0.0000    0.0000 2832.2888   17.1381
    7.5000    0.0000    0.0000 2803.4478   17.8244
   -7.5000    7.5000    0.0000 2849.8840   17.7199
    0.0000    7.5000    0.0000 2850.1821   17.6017
    7.5000    7.5000    0.0000 2826.0525   18.1791
   -7.5000   15.0000    0.0000 2837.8508   18.4982
    0.0000   15.0000    0.0000 2843.8977   18.4578
    7.5000   15.0000    0.0000 2823.6028   18.9864
   -7.5000   22.5000    0.0000 2792.4048   19.5334
    0.0000   22.5000    0.0000 2795.0193   19.4846
    7.5000   22.5000    0.0000 2780.6440   20.0761
   -7.5000   30.0000    0.0000 2701.7219   20.8575
    0.0000   30.0000    0.0000 2707.2080   20.7968
    7.5000   30.0000    0.0000 2690.6160   21.3941
   -7.5000   37.5000    0.0000 2585.2126   22.5761
    0.0000   37.5000    0.0000 2589.4868   22.5183
    7.5000   37.5000    0.0000 2569.3015   23.0907
   -7.5000   45.0000    0.0000 2444.3054   24.7132
    0.0000   45.0000    0.0000 2452.5300   24.6766
    7.5000   45.0000    0.0000 2430.3167   25.2270
   -7.5000  -45.0000    7.5000 2416.2014   25.8542
    0.0000  -45.0000    7.5000 2423.5676   25.8340
    7.5000  -45.0000    7.5000 2409.6604   26.6490
   -7.5000  -37.5000    7.5000 2534.9199   23.3362
    0.0000  -37.5000    7.5000 2544.0476   23.3171
    7.5000  -37.5000    7.5000 2523.6921   24.0741
   -7.5000  -30.0000    7.5000 2630.6050   21.2637
    0.0000  -30.0000    7.5000 2644.0017   21.2768
    7.5000  -30.0000    7.5000 2623.3691   22.0059
   -7.5000  -22.5000    7.5000 2725.9990   19.6771
    0.0000  -22.5000    7.5000 2741.6609   19.6835
    7.5000  -22.5000    7.5000 2719.1421   20.3696
   -7.5000  -15.0000    7.5000 2801.0879   18.4843
    0.0000  -15.0000    7.5000 2821.2568   18.4880
    7.5000  -15.0000    7.5000 2786.4963   19.0764
   -7.5000   -7.5000    7.5000 2841.0479   17.5448
    0.0000   -7.5000    7.5000 2873.3071   17.5220
    7.5000   -7.5000    7.5000 2826.4426   18.1495
   -7.5000    0.0000    7.5000 2857.7185   16.9995
    0.0000    0.0000    7.5000 2851.0840   16.7043
    7.5000    0.0000    7.5000 2837.3611   17.7218
   -7.5000    7.5000    7.5000 2867.3936   17.2582
    0.0000    7.5000    7.5000 2860.0947   17.0302
    7.5000    7.5000    7.5000 2848.3767   18.0086
   -7.5000   15.0000    7.5000 2850.4089   18.0552
    0.0000   15.0000    7.5000 2855.3228   17.9539
    7.5000   15.0000    7.5000 2837.8999   18.7293
   -7.5000   22.5000    7.5000 2803.4968   19.1980
    0.0000   22.5000    7.5000 2814.9214   19.1678
    7.5000   22.5000    7.5000 2789.7073   19.7261
   -7.5000   30.0000    7.5000 2715.4026   20.6200
    0.0000   30.0000    7.5000 2728.8625   20.6131
    7.5000   30.0000    7.5000 2703.1125   21.0701
   -7.5000   37.5000    7.5000 2599.5747   22.3518
    0.0000   37.5000    7.5000 2615.3638   22.4283
    7.5000   37.5000    7.5000 2585.5769   22.7855
   -7.5000   45.0000    7.5000 2460.8704   24.5112
    0.0000   45.0000    7.5000 2474.7585   24.6437
    7.5000   45.0000    7.5000 2448.7451   24.9680
   -7.5000  -45.0000   15.0000 2393.4265   26.1848
    0.0000  -45.0000   15.0000 2403.8315   26.2120
    7.5000  -45.0000   15.0000 2373.5244   27.0382
   -7.5000  -37.5000   15.0000 2504.3838   23.5471
    0.0000  -37.5000   15.0000 2512.5312   23.5356
    7.5000  -37.5000   15.0000 2484.8550   24.3843
   -7.5000  -30.0000   15.0000 2604.8640   21.4708
    0.0000  -30.0000   15.0000 2610.0618   21.3971
    7.5000  -30.0000   15.0000 2588.8286   22.2614
   -7.5000  -22.5000   15.0000 2700.4539   19.8711
    0.0000  -22.5000   15.0000 2709.0442   19.7755
    7.5000  -22.5000   15.0000 2692.2661   20.6269
   -7.5000  -15.0000   15.0000 2792.3372   18.7818
    0.0000  -15.0000   15.0000 2800.7612   18.6830
    7.5000  -15.0000   15.0000 2788.2979   19.5047
   -7.5000   -7.5000   15.0000 2872.0278   17.9901
    0.0000   -7.5000   15.0000 2899.5049   17.9944
    7.5000   -7.5000   15.0000 2866.2502   18.7847
   -7.5000    0.0000   15.0000 2896.4473   17.4358
    0.0000    0.0000   15.0000 2930.4089   17.4749
    7.5000    0.0000   15.0000 2894.5249   18.3495
   -7.5000    7.5000   15.0000 2868.6956   17.4102
    0.0000    7.5000   15.0000 2894.1294   17.4299
    7.5000    7.5000   15.0000 2862.7021   18.1946
   -7.5000   15.0000   15.0000 2844.5283   18.0532
    0.0000   15.0000   15.0000 2859.0139   18.0430
    7.5000   15.0000   15.0000 2824.0840   18.6184
   -7.5000   22.5000   15.0000 2795.8977   19.2298
    0.0000   22.5000   15.0000 2806.9255   19.1929
    7.5000   22.5000   15.0000 2779.5667   19.6651
   -7.5000   30.0000   15.0000 2711.0122   20.7488
    0.0000   30.0000   15.0000 2720.2278   20.7316
    7.5000   30.0000   15.0000 2701.5876   21.1677
   -7.5000   37.5000   15.0000 2607.8401   22.6072
    0.0000   37.5000   15.0000 2620.1387   22.6302
    7.5000   37.5000   15.0000 2599.4695   23.0153
   -7.5000   45.0000   15.0000 2472.6785   24.8150
    0.0000   45.0000   15.0000 2484.0627   24.8717
    7.5000   45.0000   15.0000 2460.3337   25.2575
   -7.5000  -45.0000   22.5000 2358.8965   26.7981
    0.0000  -45.0000   22.5000 2364.0081   26.7223
    7.5000  -45.0000   22.5000 2337.3342   27.6793
   -7.5000  -37.5000   22.5000 2467.7473   24.1921
    0.0000  -37.5000   22.5000 2468.3350   24.1222
    7.5000  -37.5000   22.5000 2449.0017   25.0449
   -7.5000  -30.0000   22.5000 2577.9678   22.1770
    0.0000  -30.0000   22.5000 2579.3369   22.1663
    7.5000  -30.0000   22.5000 2564.9622   23.0369
   -7.5000  -22.5000   22.5000 2683.4277   20.6747
    0.0000  -22.5000   22.5000 2694.9060   20.7461
    7.5000  -22.5000   22.5000 2677.0361   21.5684
   -7.5000  -15.0000   22.5000 2782.4333   19.5538
    0.0000  -15.0000   22.5000 2805.4355   19.6763
    7.5000  -15.0000   22.5000 2779.8850   20.4225
   -7.5000   -7.5000   22.5000 2856.1484   18.6548
    0.0000   -7.5000   22.5000 2883.7852   18.7648
    7.5000   -7.5000   22.5000 2854.8770   19.6931
   -7.5000    0.0000   22.5000 2906.2358   18.2849
    0.0000    0.0000   22.5000 2925.6208   18.3729
    7.5000    0.0000   22.5000 2894.3022   19.2379
   -7.5000    7.5000   22.5000 2903.5830   18.4957
    0.0000    7.5000   22.5000 2930.0618   18.6243
    7.5000    7.5000   22.5000 2877.8237   19.1788
   -7.5000   15.0000   22.5000 2846.5889   18.9282
    0.0000   15.0000   22.5000 2871.4128   19.0817
    7.5000   15.0000   22.5000 2828.9631   19.5685
   -7.5000   22.5000   22.5000 2781.6880   19.7837
    0.0000   22.5000   22.5000 2796.1960   19.8924
    7.5000   22.5000   22.5000 2762.9055   20.3497
   -7.5000   30.0000   22.5000 2683.8887   21.1697
    0.0000   30.0000   22.5000 2697.7534   21.2185
    7.5000   30.0000   22.5000 2673.5544   21.6405
   -7.5000   37.5000   22.5000 2586.9241   22.9266
    0.0000   37.5000   22.5000 2601.5063   23.0051
    7.5000   37.5000   22.5000 2576.1958   23.3740
   -7.5000   45.0000   22.5000 2454.2529   25.1533
    0.0000   45.0000   22.5000 2470.5635   25.2297
    7.5000   45.0000   22.5000 2451.2898   25.5416
   -7.5000  -45.0000   30.0000 2320.7920   28.1002
    0.0000  -45.0000   30.0000 2325.7844   28.0363
    7.5000  -45.0000   30.0000 2305.0203   29.0477
   -7.5000  -37.5000   30.0000 2442.9392   25.5272
    0.0000  -37.5000   30.0000 2456.1624   25.5888
    7.5000  -37.5000   30.0000 2425.0864   26.4004
   -7.5000  -30.0000   30.0000 2562.4766   23.5465
    0.0000  -30.0000   30.0000 2575.4697   23.6278
    7.5000  -30.0000   30.0000 2545.8237   24.4218
   -7.5000  -22.5000   30.0000 2665.3809   21.8966
    0.0000  -22.5000   30.0000 2672.6658   21.9913
    7.5000  -22.5000   30.0000 2647.0759   22.7200
   -7.5000  -15.0000   30.0000 2748.7942   20.6063
    0.0000  -15.0000   30.0000 2759.0322   20.6135
    7.5000  -15.0000   30.0000 2737.6648   21.4566
   -7.5000   -7.5000   30.0000 2812.8252   19.5725
    0.0000   -7.5000   30.0000 2825.2527   19.6271
    7.5000   -7.5000   30.0000 2803.0632   20.5983
   -7.5000    0.0000   30.0000 2862.7419   19.3072
    0.0000    0.0000   30.0000 2872.5164   19.3582
    7.5000    0.0000   30.0000 2843.1616   20.1118
   -7.5000    7.5000   30.0000 2862.0281   19.5661
    0.0000    7.5000   30.0000 2877.5474   19.6188
    7.5000    7.5000   30.0000 2841.4990   20.2051
   -7.5000   15.0000   30.0000 2815.3259   20.1051
    0.0000   15.0000   30.0000 2830.6211   20.1574
    7.5000   15.0000   30.0000 2798.2339   20.7447
   -7.5000   22.5000   30.0000 2749.3875   20.9339
    0.0000   22.5000   30.0000 2770.3447   21.0553
    7.5000   22.5000   30.0000 2732.6987   21.5521
   -7.5000   30.0000   30.0000 2653.0166   22.1480
    0.0000   30.0000   30.0000 2668.8613   22.2744
    7.5000   30.0000   30.0000 2641.5959   22.6845
   -7.5000   37.5000   30.0000 2548.3826   23.7316
    0.0000   37.5000   30.0000 2559.5432   23.7938
    7.5000   37.5000   30.0000 2540.2739   24.2036
   -7.5000   45.0000   30.0000 2413.2493   25.8514
    0.0000   45.0000   30.0000 2430.6489   25.9167
    7.5000   45.0000   30.0000 2411.9597   26.2640
   -7.5000  -45.0000   37.5000 2298.7529   30.0875
    0.0000  -45.0000   37.5000 2311.6208   30.1917
    7.5000  -45.0000   37.5000 2282.3816   31.0237
   -7.5000  -37.5000   37.5000 2423.3713   27.3588
    0.0000  -37.5000   37.5000 2427.4851   27.3919
    7.5000  -37.5000   37.5000 2398.6797   28.1967
   -7.5000  -30.0000   37.5000 2530.0908   25.1086
    0.0000  -30.0000   37.5000 2537.7554   25.1336
    7.5000  -30.0000   37.5000 2499.9382   25.8419
   -7.5000  -22.5000   37.5000 2627.8708   23.2305
    0.0000  -22.5000   37.5000 2634.9509   23.2572
    7.5000  -22.5000   37.5000 2593.3806   23.9230
   -7.5000  -15.0000   37.5000 2702.6406   21.7906
    0.0000  -15.0000   37.5000 2714.8389   21.8104
    7.5000  -15.0000   37.5000 2677.3655   22.6173
   -7.5000   -7.5000   37.5000 2759.7700   20.8254
    0.0000   -7.5000   37.5000 2767.3474   20.8670
    7.5000   -7.5000   37.5000 2733.7515   21.6647
   -7.5000    0.0000   37.5000 2796.0908   20.6023
    0.0000    0.0000   37.5000 2801.4580   20.5949
    7.5000    0.0000   37.5000 2769.6562   21.2914
   -7.5000    7.5000   37.5000 2789.2224   20.8128
    0.0000    7.5000   37.5000 2800.7163   20.8236
    7.5000    7.5000   37.5000 2771.6062   21.4400
   -7.5000   15.0000   37.5000 2748.7808   21.3524
    0.0000   15.0000   37.5000 2759.8337   21.3881
    7.5000   15.0000   37.5000 2738.3359   22.0243
   -7.5000   22.5000   37.5000 2692.9258   22.1933
    0.0000   22.5000   37.5000 2706.2280   22.2529
    7.5000   22.5000   37.5000 2675.5645   22.8888
   -7.5000   30.0000   37.5000 2602.4697   23.4136
    0.0000   30.0000   37.5000 2617.9004   23.5489
    7.5000   30.0000   37.5000 2589.2852   24.0519
   -7.5000   37.5000   37.5000 2501.6797   25.0116
    0.0000   37.5000   37.5000 2514.3469   25.1368
    7.5000   37.5000   37.5000 2488.2998   25.5221
   -7.5000   45.0000   37.5000 2366.4468   27.0102
    0.0000   45.0000   37.5000 2376.1257   27.1014
    7.5000   45.0000   37.5000 2362.3381   27.5287
   -7.5000  -45.0000   45.0000 2253.4028   32.1678
    0.0000  -45.0000   45.0000 2255.4248   32.1611
    7.5000  -45.0000   45.0000 2229.3679   32.9509
   -7.5000  -37.5000   45.0000 2369.5427   29.1479
    0.0000  -37.5000   45.0000 2372.8708   29.1808
    7.5000  -37.5000   45.0000 2338.9971   29.8956
   -7.5000  -30.0000   45.0000 2474.9211   26.7241
    0.0000  -30.0000   45.0000 2478.1362   26.7610
    7.5000  -30.0000   45.0000 2435.2375   27.3539
   -7.5000  -22.5000   45.0000 2566.9846   24.7426
    0.0000  -22.5000   45.0000 2572.4683   24.7715
    7.5000  -22.5000   45.0000 2526.5945   25.3687
   -7.5000  -15.0000   45.0000 2637.0601   23.2443
    0.0000  -15.0000   45.0000 2644.9231   23.2846
    7.5000  -15.0000   45.0000 2597.7617   23.9820
   -7.5000   -7.5000   45.0000 2689.7959   22.3750
    0.0000   -7.5000   45.0000 2692.6807   22.4203
    7.5000   -7.5000   45.0000 2653.7498   23.0408
   -7.5000    0.0000   45.0000 2715.2559   22.1406
    0.0000    0.0000   45.0000 2722.0652   22.1373
    7.5000    0.0000   45.0000 2682.9102   22.7018
   -7.5000    7.5000   45.0000 2702.5925   22.3078
    0.0000    7.5000   45.0000 2710.6699   22.3352
    7.5000    7.5000   45.0000 2679.6121   22.8602
   -7.5000   15.0000   45.0000 2662.8350   22.8428
    0.0000   15.0000   45.0000 2671.8018   22.9036
    7.5000   15.0000   45.0000 2653.6755   23.4762
   -7.5000   22.5000   45.0000 2611.3367   23.6559
    0.0000   22.5000   45.0000 2625.6467   23.7413
    7.5000   22.5000   45.0000 2600.2317   24.3727
   -7.5000   30.0000   45.0000 2538.2644   24.8664
    0.0000   30.0000   45.0000 2550.3152   24.9468
    7.5000   30.0000   45.0000 2518.3706   25.4988
   -7.5000   37.5000   45.0000 2436.2007   26.5258
    0.0000   37.5000   45.0000 2451.0134   26.6617
    7.5000   37.5000   45.0000 2427.0994   27.0709
   -7.5000   45.0000   45.0000 2302.8142   28.5993
    0.0000   45.0000   45.0000 2314.3225   28.7203
    7.5000   45.0000   45.0000 2299.5413   29.0814

---------------------------------------------------------------------
imgreg_4dfp /opt/freesurfer/average/711-2C_as_mni_average_305 /opt/freesurfer/average/711-2B_as_mni_average_305_mask talsrcimg_g11 none talsrcimg_to_711-2C_as_mni_average_305_t4 1283
---------------------------------------------------------------------

freesurfer imgreg_4dfp.c
/opt/freesurfer/average/711-2C_as_mni_average_305.4dfp.img
       256       256       256         1
  1.000000  1.000000  1.000000
orientation T byte_order littleendian
Reading image: /opt/freesurfer/average/711-2C_as_mni_average_305.4dfp.img
dimensions:      256       256       256
mmppix:       1.0000   -1.0000   -1.0000
center:     128.0000 -129.0000 -129.0000
/opt/freesurfer/average/711-2B_as_mni_average_305_mask.4dfp.img
       256       256       256         1
  1.000000  1.000000  1.000000
orientation T byte_order littleendian
Reading mask: /opt/freesurfer/average/711-2B_as_mni_average_305_mask.4dfp.img (2306576 pixels)
talsrcimg_g11.4dfp.img
       256       256       256         1
  1.000000  1.000000  1.000000
orientation T byte_order littleendian
Reading image: talsrcimg_g11.4dfp.img
dimensions:      256       256       256
mmppix:       1.0000   -1.0000   -1.0000
center:     128.0000 -129.0000 -129.0000
rotation matrix determinant  1.000000
fimgreg.f
image alignment mode   1283 decimal      503 hex
parameters
    0.0000    0.0000   15.0000    0.0000    0.0000    0.0000
eta,q 0.91818 17.52272
niter,ni,del,rscale     5    3   12.0000    1.2000
parameter  4 -0.474409 ->  0.500000 qaram    1.1500
parameter  5 -1.709878 -> -0.500000 qaram    1.1500
parameters
    1.6096   -0.8052   17.5242   -3.4500    3.4500   -1.4575
eta,q 0.92474 18.06003
  0.0888  0.0844  0.1027  0.0759  0.0811  0.0778
  0.0875  0.0823  0.0964  0.0773  0.0791  0.0762
  0.0835  0.0813  0.0898  0.0778  0.0779  0.0753
  0.0789  0.0787  0.0794  0.0775  0.0776  0.0755
  0.0795  0.0788  0.0773  0.0771  0.0767  0.0768
  0.0799  0.0853  0.0807  0.0769  0.0752  0.0792
  0.0843  0.0901  0.0845  0.0780  0.0753  0.0817
niter,ni,del,rscale     6    3   12.0000    1.2000
parameters
    0.2305    1.4903   17.6201   -1.1487    2.6099   -4.2743
eta,q 0.92516 17.94360
  0.0815  0.0864  0.0904  0.0789  0.0805  0.0760
  0.0793  0.0801  0.0811  0.0787  0.0766  0.0749
  0.0773  0.0767  0.0748  0.0779  0.0758  0.0751
  0.0753  0.0762  0.0765  0.0767  0.0755  0.0758
  0.0785  0.0764  0.0810  0.0755  0.0758  0.0765
  0.0853  0.0763  0.0837  0.0755  0.0795  0.0774
  0.0936  0.0764  0.0855  0.0780  0.0838  0.0786
niter,ni,del,rscale     5    3   12.0000    1.2000
parameters
   -0.0985    1.1283   18.1552   -0.8213    2.9216   -2.9254
eta,q 0.92352 17.94824
  0.0863  0.0804  0.0945  0.0806  0.0857  0.0796
  0.0806  0.0784  0.0844  0.0795  0.0816  0.0779
  0.0771  0.0764  0.0758  0.0775  0.0778  0.0767
  0.0748  0.0752  0.0753  0.0764  0.0763  0.0763
  0.0757  0.0758  0.0798  0.0765  0.0768  0.0766
  0.0817  0.0792  0.0832  0.0778  0.0799  0.0769
  0.0906  0.0823  0.0860  0.0808  0.0846  0.0773
niter,ni,del,rscale     4    3   12.0000    1.2000
parameters
   -0.3053    0.9679   18.3679    0.2626    2.8055   -1.6374
eta,q 0.92345 17.91669
  0.0870  0.0806  0.0916  0.0805  0.0843  0.0791
  0.0798  0.0784  0.0815  0.0802  0.0802  0.0777
  0.0772  0.0772  0.0751  0.0784  0.0773  0.0770
  0.0765  0.0767  0.0767  0.0771  0.0768  0.0768
  0.0761  0.0768  0.0806  0.0765  0.0772  0.0765
  0.0808  0.0788  0.0832  0.0775  0.0803  0.0766
  0.0893  0.0812  0.0860  0.0799  0.0851  0.0777
niter,ni,del,rscale     3    3   12.0000    1.2000
parameters
   -0.5187    0.8388   18.5785    1.4962    2.6422   -0.9009
eta,q 0.92373 17.89606
  0.0867  0.0814  0.0915  0.0807  0.0839  0.0793
  0.0793  0.0790  0.0811  0.0803  0.0796  0.0781
  0.0758  0.0768  0.0751  0.0783  0.0767  0.0771
  0.0766  0.0765  0.0765  0.0768  0.0764  0.0764
  0.0769  0.0775  0.0795  0.0764  0.0769  0.0762
  0.0806  0.0795  0.0827  0.0778  0.0798  0.0769
  0.0881  0.0815  0.0861  0.0795  0.0850  0.0785
niter,ni,del,rscale     2    3   12.0000    1.2000
parameters
   -0.8127    0.9546   18.8214    2.4062    2.7919   -0.2310
eta,q 0.92389 17.91191
  0.0864  0.0830  0.0921  0.0810  0.0849  0.0799
  0.0792  0.0796  0.0808  0.0794  0.0801  0.0783
  0.0752  0.0764  0.0754  0.0773  0.0766  0.0770
  0.0763  0.0760  0.0760  0.0762  0.0762  0.0762
  0.0780  0.0773  0.0783  0.0768  0.0769  0.0762
  0.0812  0.0792  0.0826  0.0776  0.0790  0.0772
  0.0876  0.0822  0.0865  0.0793  0.0843  0.0788
niter,ni,del,rscale     1    3   12.0000    1.2000
parameters
   -1.1735    0.9530   19.0608    2.9628    2.9894    0.3295
eta,q 0.92410 17.93952
  0.0866  0.0840  0.0920  0.0808  0.0854  0.0802
  0.0791  0.0792  0.0809  0.0785  0.0803  0.0783
  0.0749  0.0756  0.0761  0.0764  0.0761  0.0768
  0.0761  0.0756  0.0756  0.0757  0.0759  0.0759
  0.0786  0.0767  0.0779  0.0763  0.0770  0.0761
  0.0818  0.0793  0.0827  0.0768  0.0790  0.0773
  0.0879  0.0836  0.0868  0.0797  0.0843  0.0791
registration optimization eta report
parameter search radius
    6.0000    6.0000    6.0000    6.9000    6.9000    6.0000
100000*second partial in parameter space
       32.       23.       39.        9.       19.       10.
  0.0866  0.0840  0.0920  0.0808  0.0854  0.0802
  0.0791  0.0792  0.0809  0.0785  0.0803  0.0783
  0.0749  0.0756  0.0761  0.0764  0.0761  0.0768
  0.0761  0.0756  0.0756  0.0757  0.0759  0.0759
  0.0786  0.0767  0.0779  0.0763  0.0770  0.0761
  0.0818  0.0793  0.0827  0.0768  0.0790  0.0773
  0.0879  0.0836  0.0868  0.0797  0.0843  0.0791
   -1.1735    0.9530   19.0608    2.9628    2.9894    0.3295
eta,q 0.92410 17.93952

---------------------------------------------------------------------
imgreg_4dfp /opt/freesurfer/average/711-2C_as_mni_average_305 /opt/freesurfer/average/711-2B_as_mni_average_305_mask talsrcimg_g11 none talsrcimg_to_711-2C_as_mni_average_305_t4 3335
---------------------------------------------------------------------

freesurfer imgreg_4dfp.c
/opt/freesurfer/average/711-2C_as_mni_average_305.4dfp.img
       256       256       256         1
  1.000000  1.000000  1.000000
orientation T byte_order littleendian
Reading image: /opt/freesurfer/average/711-2C_as_mni_average_305.4dfp.img
dimensions:      256       256       256
mmppix:       1.0000   -1.0000   -1.0000
center:     128.0000 -129.0000 -129.0000
/opt/freesurfer/average/711-2B_as_mni_average_305_mask.4dfp.img
       256       256       256         1
  1.000000  1.000000  1.000000
orientation T byte_order littleendian
Reading mask: /opt/freesurfer/average/711-2B_as_mni_average_305_mask.4dfp.img (2306576 pixels)
talsrcimg_g11.4dfp.img
       256       256       256         1
  1.000000  1.000000  1.000000
orientation T byte_order littleendian
Reading image: talsrcimg_g11.4dfp.img
dimensions:      256       256       256
mmppix:       1.0000   -1.0000   -1.0000
center:     128.0000 -129.0000 -129.0000
fimgreg.f
image alignment mode   3335 decimal      D07 hex
parameters
   -1.1735    0.9530   19.0608   -0.1377   -0.1369   -0.2696
   -0.8438   -5.1783    0.5742   -5.1987    5.2151    5.1618
eta,q 0.92196 18.11166
niter,ni,del,rscale     5    3    5.0000    1.2000
parameter  4  3.740073 ->  0.500000 qaram    1.1500
parameter  5  5.190302 ->  0.500000 qaram    1.1500
parameter  6  0.551156 ->  0.500000 qaram    1.1500
parameter  7 -0.640763 -> -0.500000 qaram    1.1500
parameter  8 -0.795191 -> -0.500000 qaram    1.1500
parameter 10 -1.416698 -> -0.500000 qaram    1.1500
parameters
   -1.2650    1.4394   19.3194   -4.2777   -4.2769   -4.4096
    3.2962   -1.0383    0.5739   -1.0587    7.8856    2.4762
eta,q 0.93495 17.79283
  0.0792  0.0797  0.0800  0.0687  0.0669  0.0674  0.0707  0.0731  0.0680  0.0710  0.0669  0.0654
  0.0786  0.0789  0.0786  0.0714  0.0693  0.0684  0.0699  0.0711  0.0674  0.0691  0.0663  0.0651
  0.0782  0.0784  0.0780  0.0745  0.0708  0.0691  0.0691  0.0695  0.0670  0.0679  0.0658  0.0650
  0.0780  0.0780  0.0780  0.0780  0.0722  0.0697  0.0686  0.0682  0.0669  0.0669  0.0654  0.0652
  0.0782  0.0780  0.0782  0.0820  0.0742  0.0710  0.0683  0.0672  0.0670  0.0659  0.0652  0.0655
  0.0787  0.0783  0.0785  0.0858  0.0761  0.0750  0.0682  0.0668  0.0674  0.0653  0.0653  0.0659
  0.0794  0.0788  0.0790  0.0903  0.0789  0.0843  0.0684  0.0671  0.0679  0.0648  0.0657  0.0665
niter,ni,del,rscale     7    3    5.0000    1.2000
parameter  3  4.970718 ->  0.500000 qaram    1.1500
parameter  4  0.949682 ->  0.500000 qaram    1.3225
parameter  5 -5.236198 ->  0.500000 qaram    1.3225
parameter  6  2.368536 ->  0.500000 qaram    1.3225
parameter 11  4.759196 ->  0.500000 qaram    1.1500
parameter 12  2.931891 ->  0.500000 qaram    1.1500
parameters
   -0.3789    2.0594   17.9394   -9.0387   -9.0379   -9.1706
   -0.8392   -0.7207   -2.2293   -0.2338    3.7456   -1.6638
eta,q 0.94966 17.33385
  0.0687  0.0655  0.0618  0.0589  0.0535  0.0512  0.0535  0.0544  0.0532  0.0549  0.0518  0.0495
  0.0670  0.0652  0.0629  0.0597  0.0553  0.0531  0.0532  0.0537  0.0531  0.0537  0.0522  0.0501
  0.0658  0.0650  0.0639  0.0610  0.0578  0.0545  0.0532  0.0533  0.0530  0.0531  0.0526  0.0511
  0.0650  0.0648  0.0648  0.0631  0.0600  0.0560  0.0535  0.0531  0.0531  0.0530  0.0531  0.0523
  0.0648  0.0648  0.0658  0.0670  0.0618  0.0561  0.0541  0.0532  0.0533  0.0533  0.0536  0.0537
  0.0650  0.0649  0.0671  0.0724  0.0630  0.0571  0.0549  0.0536  0.0537  0.0537  0.0541  0.0550
  0.0656  0.0650  0.0685  0.0777  0.0651  0.0616  0.0560  0.0542  0.0542  0.0540  0.0546  0.0562
niter,ni,del,rscale     7    3    5.0000    1.2000
parameter  1  1.261999 ->  0.500000 qaram    1.1500
parameter  2  0.806324 ->  0.500000 qaram    1.1500
parameter  3  3.222375 ->  0.500000 qaram    1.3225
parameter  4  0.583828 ->  0.500000 qaram    1.5209
parameter  6  1.325618 ->  0.500000 qaram    1.5209
parameter 10 -0.906013 -> -0.500000 qaram    1.3225
parameters
   -1.7589    0.6794   16.3524  -14.5138  -12.9965  -14.6457
    1.2791   -2.6926    0.4293    4.5272    0.7545    1.1157
eta,q 0.96079 17.28268
  0.0484  0.0480  0.0425  0.0436  0.0446  0.0404  0.0435  0.0414  0.0413  0.0422  0.0399  0.0418
  0.0487  0.0478  0.0442  0.0432  0.0435  0.0404  0.0421  0.0406  0.0409  0.0413  0.0395  0.0407
  0.0494  0.0481  0.0460  0.0435  0.0428  0.0411  0.0411  0.0402  0.0405  0.0406  0.0394  0.0399
  0.0503  0.0488  0.0479  0.0447  0.0432  0.0429  0.0405  0.0404  0.0402  0.0400  0.0396  0.0394
  0.0516  0.0499  0.0500  0.0472  0.0459  0.0444  0.0404  0.0409  0.0400  0.0398  0.0400  0.0392
  0.0531  0.0513  0.0524  0.0518  0.0499  0.0465  0.0407  0.0419  0.0401  0.0395  0.0406  0.0393
  0.0548  0.0528  0.0552  0.0571  0.0535  0.0481  0.0415  0.0432  0.0404  0.0395  0.0415  0.0399
niter,ni,del,rscale     7    3    5.0000    1.2000
parameter  2 -1.260698 -> -0.500000 qaram    1.3225
parameter  3  0.787712 ->  0.500000 qaram    1.5209
parameter 10 -2.219032 -> -0.500000 qaram    1.5209
parameters
   -2.6146    2.2664   14.5274  -14.3492  -14.6373  -20.0086
    0.8043   -2.3828    0.8192   10.0023    3.0520    0.7301
eta,q 0.96538 17.25442
  0.0401  0.0434  0.0359  0.0401  0.0392  0.0365  0.0383  0.0379  0.0372  0.0396  0.0357  0.0358
  0.0393  0.0418  0.0360  0.0384  0.0380  0.0363  0.0372  0.0372  0.0368  0.0385  0.0352  0.0351
  0.0390  0.0403  0.0365  0.0371  0.0368  0.0363  0.0365  0.0366  0.0364  0.0374  0.0349  0.0348
  0.0392  0.0390  0.0374  0.0361  0.0361  0.0363  0.0363  0.0363  0.0363  0.0363  0.0347  0.0346
  0.0400  0.0379  0.0388  0.0358  0.0371  0.0376  0.0366  0.0365  0.0363  0.0353  0.0346  0.0348
  0.0412  0.0372  0.0409  0.0371  0.0400  0.0407  0.0375  0.0370  0.0366  0.0345  0.0347  0.0353
  0.0428  0.0371  0.0436  0.0409  0.0430  0.0426  0.0388  0.0377  0.0371  0.0343  0.0350  0.0361
niter,ni,del,rscale     7    3    5.0000    1.2000
parameter  2 -0.807454 -> -0.500000 qaram    1.5209
parameter 12  0.724282 ->  0.500000 qaram    1.3225
parameters
   -2.9550    4.0914   13.2013  -14.0726  -15.9199  -20.1000
    0.9597   -2.6263   -0.0774   12.8635    3.2213   -4.0309
eta,q 0.96810 17.15624
  0.0362  0.0407  0.0333  0.0362  0.0364  0.0348  0.0353  0.0348  0.0339  0.0371  0.0329  0.0320
  0.0353  0.0384  0.0330  0.0347  0.0349  0.0339  0.0341  0.0339  0.0333  0.0355  0.0327  0.0319
  0.0347  0.0364  0.0329  0.0336  0.0336  0.0333  0.0333  0.0332  0.0330  0.0340  0.0325  0.0321
  0.0346  0.0346  0.0330  0.0329  0.0328  0.0330  0.0330  0.0330  0.0330  0.0330  0.0325  0.0325
  0.0350  0.0334  0.0334  0.0325  0.0340  0.0326  0.0332  0.0333  0.0332  0.0325  0.0325  0.0333
  0.0359  0.0330  0.0343  0.0333  0.0366  0.0332  0.0340  0.0340  0.0337  0.0331  0.0326  0.0343
  0.0373  0.0333  0.0359  0.0369  0.0391  0.0356  0.0352  0.0351  0.0345  0.0345  0.0328  0.0356
niter,ni,del,rscale     7    3    5.0000    1.2000
parameter 12  0.680825 ->  0.500000 qaram    1.5209
parameters
   -2.9160    5.2171   12.4680  -13.7263  -15.9246  -16.3152
    1.2435   -3.0777   -0.4275   13.0283    4.1055   -9.5061
eta,q 0.97032 17.12204
  0.0342  0.0379  0.0319  0.0348  0.0361  0.0344  0.0333  0.0330  0.0319  0.0346  0.0311  0.0298
  0.0330  0.0354  0.0316  0.0331  0.0343  0.0332  0.0318  0.0317  0.0311  0.0328  0.0308  0.0297
  0.0322  0.0334  0.0313  0.0320  0.0325  0.0321  0.0309  0.0308  0.0306  0.0314  0.0306  0.0299
  0.0319  0.0319  0.0313  0.0313  0.0312  0.0312  0.0305  0.0305  0.0305  0.0305  0.0305  0.0304
  0.0321  0.0313  0.0315  0.0309  0.0316  0.0305  0.0307  0.0309  0.0307  0.0308  0.0304  0.0313
  0.0329  0.0319  0.0320  0.0317  0.0339  0.0304  0.0316  0.0320  0.0313  0.0322  0.0306  0.0327
  0.0341  0.0336  0.0330  0.0354  0.0366  0.0322  0.0330  0.0336  0.0323  0.0349  0.0309  0.0343
niter,ni,del,rscale     7    3    5.0000    1.2000
parameter 12  0.613487 ->  0.500000 qaram    1.7490
parameters
   -2.8636    5.9145   11.1003  -13.6583  -15.5450  -13.1921
    1.3769   -3.0391   -0.4736   14.1181    3.0990  -15.8025
eta,q 0.97243 17.08343
  0.0324  0.0354  0.0297  0.0329  0.0347  0.0329  0.0314  0.0317  0.0301  0.0336  0.0288  0.0280
  0.0310  0.0330  0.0294  0.0312  0.0328  0.0314  0.0299  0.0301  0.0293  0.0315  0.0286  0.0276
  0.0300  0.0310  0.0293  0.0300  0.0309  0.0302  0.0289  0.0289  0.0287  0.0297  0.0284  0.0277
  0.0297  0.0297  0.0294  0.0293  0.0293  0.0292  0.0285  0.0285  0.0285  0.0285  0.0284  0.0284
  0.0299  0.0295  0.0299  0.0290  0.0292  0.0284  0.0288  0.0289  0.0287  0.0285  0.0285  0.0295
  0.0308  0.0304  0.0309  0.0297  0.0315  0.0287  0.0298  0.0301  0.0292  0.0297  0.0287  0.0311
  0.0322  0.0325  0.0326  0.0340  0.0347  0.0306  0.0313  0.0316  0.0302  0.0324  0.0292  0.0330
niter,ni,del,rscale     7    3    5.0000    1.2000
parameters
   -2.9084    6.3718    9.3832  -13.2620  -15.6928  -13.9488
    1.4479   -2.5625    0.0089   16.2843    5.1273  -20.8881
eta,q 0.97342 17.08372
  0.0304  0.0333  0.0274  0.0312  0.0325  0.0312  0.0302  0.0305  0.0289  0.0323  0.0276  0.0277
  0.0289  0.0306  0.0271  0.0293  0.0306  0.0296  0.0286  0.0290  0.0281  0.0301  0.0273  0.0268
  0.0279  0.0286  0.0271  0.0279  0.0287  0.0282  0.0277  0.0278  0.0275  0.0282  0.0272  0.0266
  0.0276  0.0276  0.0274  0.0271  0.0270  0.0271  0.0273  0.0273  0.0273  0.0273  0.0271  0.0271
  0.0279  0.0275  0.0282  0.0266  0.0269  0.0259  0.0277  0.0276  0.0274  0.0272  0.0271  0.0281
  0.0290  0.0287  0.0295  0.0273  0.0296  0.0265  0.0286  0.0285  0.0278  0.0280  0.0271  0.0296
  0.0307  0.0313  0.0316  0.0320  0.0344  0.0373  0.0300  0.0299  0.0285  0.0295  0.0273  0.0313
niter,ni,del,rscale     6    3    5.0000    1.2000
parameters
   -2.9445    6.5928    7.8919  -13.3864  -16.1699  -15.2067
    1.4950   -2.3965   -0.3299   17.8264    3.6877  -21.0368
eta,q 0.97294 17.03478
  0.0295  0.0315  0.0268  0.0307  0.0320  0.0318  0.0297  0.0303  0.0281  0.0324  0.0273  0.0311
  0.0279  0.0291  0.0264  0.0287  0.0300  0.0298  0.0282  0.0286  0.0275  0.0290  0.0271  0.0275
  0.0269  0.0275  0.0263  0.0272  0.0280  0.0281  0.0273  0.0274  0.0272  0.0276  0.0271  0.0269
  0.0266  0.0266  0.0265  0.0263  0.0263  0.0265  0.0270  0.0270  0.0270  0.0270  0.0271  0.0271
  0.0270  0.0267  0.0271  0.0257  0.0259  0.0249  0.0273  0.0274  0.0272  0.0274  0.0272  0.0277
  0.0280  0.0281  0.0282  0.0270  0.0290  0.0288  0.0282  0.0283  0.0277  0.0283  0.0273  0.0288
  0.0297  0.0308  0.0297  0.0327  0.0357  0.0411  0.0296  0.0301  0.0284  0.0295  0.0275  0.0301
niter,ni,del,rscale     5    3    5.0000    1.2000
parameters
   -2.9260    6.6879    7.6939  -12.8870  -15.9621  -14.8773
    1.5923   -2.4418   -0.0133   18.1425    4.2960  -20.6945
eta,q 0.97322 17.08492
  0.0300  0.0310  0.0283  0.0315  0.0325  0.0322  0.0295  0.0297  0.0280  0.0308  0.0271  0.0319
  0.0284  0.0291  0.0276  0.0295  0.0306  0.0302  0.0280  0.0282  0.0274  0.0280  0.0269  0.0273
  0.0274  0.0277  0.0272  0.0280  0.0287  0.0284  0.0270  0.0270  0.0269  0.0269  0.0268  0.0265
  0.0271  0.0271  0.0270  0.0270  0.0269  0.0268  0.0267  0.0267  0.0267  0.0267  0.0267  0.0267
  0.0274  0.0273  0.0272  0.0264  0.0262  0.0250  0.0270  0.0271  0.0268  0.0273  0.0268  0.0275
  0.0284  0.0285  0.0278  0.0273  0.0285  0.0251  0.0279  0.0280  0.0272  0.0283  0.0268  0.0286
  0.0299  0.0309  0.0286  0.0321  0.0339  0.0354  0.0293  0.0299  0.0278  0.0298  0.0270  0.0300
niter,ni,del,rscale     4    3    5.0000    1.2000
parameters
   -2.9315    6.6145    7.6586  -12.9579  -15.8471  -14.8690
    1.5263   -2.4061   -0.1370   17.9924    4.5084  -20.5547
eta,q 0.97325 17.08318
  0.0296  0.0305  0.0281  0.0311  0.0323  0.0320  0.0294  0.0298  0.0279  0.0304  0.0270  0.0317
  0.0281  0.0287  0.0274  0.0291  0.0304  0.0301  0.0280  0.0283  0.0273  0.0278  0.0268  0.0272
  0.0271  0.0274  0.0269  0.0277  0.0285  0.0283  0.0271  0.0271  0.0269  0.0269  0.0267  0.0265
  0.0268  0.0268  0.0268  0.0268  0.0268  0.0268  0.0268  0.0268  0.0268  0.0268  0.0267  0.0267
  0.0271  0.0271  0.0269  0.0262  0.0262  0.0248  0.0271  0.0271  0.0269  0.0274  0.0268  0.0275
  0.0281  0.0285  0.0274  0.0275  0.0285  0.0255  0.0280  0.0280  0.0273  0.0284  0.0268  0.0287
  0.0297  0.0312  0.0281  0.0329  0.0339  0.0362  0.0295  0.0300  0.0280  0.0301  0.0270  0.0300
niter,ni,del,rscale     3    3    5.0000    1.2000
parameters
   -2.9405    6.5832    7.6960  -13.0273  -15.8120  -14.8631
    1.5628   -2.4003   -0.2021   17.9288    4.5504  -20.5586
eta,q 0.97326 17.08028
  0.0296  0.0306  0.0281  0.0311  0.0323  0.0320  0.0295  0.0298  0.0279  0.0305  0.0270  0.0315
  0.0281  0.0287  0.0274  0.0291  0.0304  0.0301  0.0280  0.0282  0.0273  0.0279  0.0268  0.0272
  0.0271  0.0274  0.0269  0.0277  0.0285  0.0283  0.0271  0.0271  0.0269  0.0269  0.0268  0.0265
  0.0268  0.0267  0.0268  0.0268  0.0268  0.0268  0.0268  0.0268  0.0268  0.0268  0.0267  0.0267
  0.0271  0.0271  0.0269  0.0262  0.0262  0.0248  0.0271  0.0271  0.0269  0.0274  0.0268  0.0275
  0.0281  0.0284  0.0273  0.0274  0.0286  0.0255  0.0280  0.0280  0.0273  0.0283  0.0269  0.0287
  0.0296  0.0311  0.0281  0.0329  0.0341  0.0362  0.0294  0.0300  0.0280  0.0301  0.0270  0.0301
niter,ni,del,rscale     2    3    5.0000    1.2000
parameters
   -2.9428    6.5738    7.7064  -13.0440  -15.8083  -14.8723
    1.5817   -2.3987   -0.2136   17.9264    4.5227  -20.5794
eta,q 0.97325 17.07942
  0.0296  0.0306  0.0281  0.0311  0.0323  0.0320  0.0295  0.0298  0.0280  0.0305  0.0270  0.0314
  0.0281  0.0288  0.0273  0.0291  0.0304  0.0301  0.0280  0.0282  0.0273  0.0279  0.0268  0.0272
  0.0271  0.0274  0.0269  0.0277  0.0285  0.0283  0.0271  0.0271  0.0269  0.0269  0.0268  0.0265
  0.0267  0.0267  0.0267  0.0267  0.0267  0.0267  0.0268  0.0267  0.0267  0.0267  0.0268  0.0267
  0.0271  0.0270  0.0269  0.0262  0.0262  0.0248  0.0271  0.0271  0.0269  0.0274  0.0268  0.0275
  0.0281  0.0284  0.0273  0.0274  0.0287  0.0255  0.0280  0.0280  0.0273  0.0283  0.0269  0.0287
  0.0296  0.0311  0.0281  0.0328  0.0342  0.0363  0.0294  0.0300  0.0280  0.0301  0.0270  0.0301
registration optimization eta report
parameter search radius
    2.7600    3.6501    3.6501   10.9503    9.5220   10.9503
    8.2800    8.2800    7.2000   10.9503    8.2800   12.5928
100000*second partial in parameter space
       38.       31.       10.        5.        7.        7.
        4.        5.        2.        3.        0.        3.
  0.0296  0.0306  0.0281  0.0311  0.0323  0.0320  0.0295  0.0298  0.0280  0.0305  0.0270  0.0314
  0.0281  0.0288  0.0273  0.0291  0.0304  0.0301  0.0280  0.0282  0.0273  0.0279  0.0268  0.0272
  0.0271  0.0274  0.0269  0.0277  0.0285  0.0283  0.0271  0.0271  0.0269  0.0269  0.0268  0.0265
  0.0267  0.0267  0.0267  0.0267  0.0267  0.0267  0.0268  0.0267  0.0267  0.0267  0.0268  0.0267
  0.0271  0.0270  0.0269  0.0262  0.0262  0.0248  0.0271  0.0271  0.0269  0.0274  0.0268  0.0275
  0.0281  0.0284  0.0273  0.0274  0.0287  0.0255  0.0280  0.0280  0.0273  0.0283  0.0269  0.0287
  0.0296  0.0311  0.0281  0.0328  0.0342  0.0363  0.0294  0.0300  0.0280  0.0301  0.0270  0.0301
   -2.9428    6.5738    7.7064  -13.0440  -15.8083  -14.8723
    1.5817   -2.3987   -0.2136   17.9264    4.5227  -20.5794
eta,q 0.97325 17.07942

---------------------------------------------------------------------
imgreg_4dfp /opt/freesurfer/average/711-2C_as_mni_average_305 /opt/freesurfer/average/711-2B_as_mni_average_305_mask talsrcimg_g11 none talsrcimg_to_711-2C_as_mni_average_305_t4 2311
---------------------------------------------------------------------

freesurfer imgreg_4dfp.c
/opt/freesurfer/average/711-2C_as_mni_average_305.4dfp.img
       256       256       256         1
  1.000000  1.000000  1.000000
orientation T byte_order littleendian
Reading image: /opt/freesurfer/average/711-2C_as_mni_average_305.4dfp.img
dimensions:      256       256       256
mmppix:       1.0000   -1.0000   -1.0000
center:     128.0000 -129.0000 -129.0000
/opt/freesurfer/average/711-2B_as_mni_average_305_mask.4dfp.img
       256       256       256         1
  1.000000  1.000000  1.000000
orientation T byte_order littleendian
Reading mask: /opt/freesurfer/average/711-2B_as_mni_average_305_mask.4dfp.img (2306576 pixels)
talsrcimg_g11.4dfp.img
       256       256       256         1
  1.000000  1.000000  1.000000
orientation T byte_order littleendian
Reading image: talsrcimg_g11.4dfp.img
dimensions:      256       256       256
mmppix:       1.0000   -1.0000   -1.0000
center:     128.0000 -129.0000 -129.0000
fimgreg.f
image alignment mode   2311 decimal      907 hex
parameters
   -2.9428    6.5738    7.7064  -13.0440  -15.8083  -14.8723
    1.5817   -2.3987   -0.2136   17.9264    4.5227  -20.5794
eta,q 0.97325 17.07942
niter,ni,del,rscale     5    3    5.0000    0.8000
parameter  4 -1.177931 -> -0.500000 qaram    1.1500
parameter  6 15.015171 -> -0.500000 qaram    1.1500
parameters
   -2.9310    6.8000    7.7948  -10.2840  -14.5893  -12.1123
    1.8716   -2.7890    0.1396   18.6671    5.6839  -21.9870
eta,q 0.97578 17.35389
  0.0278  0.0278  0.0270  0.0281  0.0289  0.0281  0.0261  0.0258  0.0255  0.0259  0.0249  0.0248
  0.0272  0.0273  0.0268  0.0275  0.0279  0.0273  0.0251  0.0251  0.0249  0.0250  0.0247  0.0243
  0.0269  0.0269  0.0268  0.0271  0.0270  0.0266  0.0246  0.0246  0.0246  0.0246  0.0245  0.0242
  0.0267  0.0267  0.0267  0.0267  0.0262  0.0259  0.0244  0.0244  0.0244  0.0244  0.0244  0.0244
  0.0269  0.0267  0.0267  0.0264  0.0258  0.0250  0.0245  0.0245  0.0245  0.0245  0.0244  0.0247
  0.0272  0.0269  0.0268  0.0262  0.0261  0.0241  0.0249  0.0251  0.0247  0.0247  0.0244  0.0251
  0.0277  0.0273  0.0269  0.0262  0.0274  0.0234  0.0257  0.0268  0.0252  0.0251  0.0246  0.0256
niter,ni,del,rscale     6    3    5.0000    0.9000
parameters
   -2.9275    6.3582    7.3867  -11.3139  -14.7015  -12.7501
    1.8215   -2.7494    0.2790   19.1599    5.7368  -22.2958
eta,q 0.97534 17.31166
  0.0261  0.0250  0.0246  0.0259  0.0271  0.0277  0.0262  0.0267  0.0256  0.0262  0.0251  0.0257
  0.0250  0.0245  0.0242  0.0252  0.0260  0.0266  0.0253  0.0258  0.0251  0.0253  0.0249  0.0249
  0.0244  0.0242  0.0241  0.0245  0.0250  0.0256  0.0248  0.0251  0.0248  0.0248  0.0248  0.0246
  0.0242  0.0242  0.0241  0.0241  0.0242  0.0243  0.0247  0.0247  0.0247  0.0247  0.0247  0.0247
  0.0244  0.0246  0.0244  0.0242  0.0242  0.0235  0.0249  0.0246  0.0248  0.0248  0.0247  0.0249
  0.0251  0.0255  0.0248  0.0258  0.0254  0.0261  0.0254  0.0253  0.0250  0.0251  0.0248  0.0253
  0.0260  0.0267  0.0253  0.0292  0.0282  0.0326  0.0263  0.0271  0.0256  0.0256  0.0252  0.0257
niter,ni,del,rscale     5    3    5.0000    0.8000
parameters
   -2.9925    6.4216    7.0943  -10.9438  -14.4413  -12.8158
    1.9470   -2.8894    0.3290   19.5079    5.5763  -22.3664
eta,q 0.97545 17.34404
  0.0258  0.0258  0.0250  0.0264  0.0271  0.0275  0.0260  0.0263  0.0253  0.0259  0.0249  0.0256
  0.0251  0.0252  0.0247  0.0258  0.0261  0.0266  0.0251  0.0255  0.0249  0.0250  0.0248  0.0248
  0.0248  0.0248  0.0246  0.0252  0.0252  0.0256  0.0247  0.0249  0.0246  0.0246  0.0246  0.0245
  0.0247  0.0247  0.0247  0.0246  0.0246  0.0245  0.0245  0.0245  0.0245  0.0245  0.0245  0.0246
  0.0249  0.0247  0.0248  0.0244  0.0243  0.0237  0.0247  0.0245  0.0246  0.0247  0.0245  0.0247
  0.0253  0.0250  0.0250  0.0248  0.0251  0.0248  0.0251  0.0252  0.0249  0.0249  0.0247  0.0250
  0.0260  0.0256  0.0253  0.0265  0.0272  0.0297  0.0258  0.0270  0.0253  0.0254  0.0251  0.0254
niter,ni,del,rscale     4    3    5.0000    0.7000
parameters
   -2.9820    6.3419    6.9060  -10.5258  -14.1463  -12.4873
    1.9882   -3.1049    0.3884   19.8506    5.1894  -22.2965
eta,q 0.97577 17.39321
  0.0256  0.0253  0.0249  0.0260  0.0266  0.0272  0.0254  0.0257  0.0249  0.0255  0.0246  0.0252
  0.0250  0.0249  0.0246  0.0255  0.0257  0.0264  0.0247  0.0250  0.0245  0.0247  0.0244  0.0245
  0.0247  0.0246  0.0245  0.0250  0.0250  0.0254  0.0243  0.0245  0.0243  0.0243  0.0243  0.0242
  0.0245  0.0245  0.0246  0.0245  0.0245  0.0244  0.0242  0.0242  0.0242  0.0242  0.0242  0.0242
  0.0247  0.0247  0.0246  0.0244  0.0243  0.0236  0.0243  0.0242  0.0243  0.0243  0.0242  0.0244
  0.0250  0.0250  0.0248  0.0247  0.0249  0.0242  0.0247  0.0249  0.0245  0.0246  0.0244  0.0246
  0.0255  0.0255  0.0250  0.0260  0.0265  0.0278  0.0253  0.0264  0.0248  0.0250  0.0248  0.0249
niter,ni,del,rscale     3    3    5.0000    0.6000
parameters
   -2.9421    6.2123    6.8189  -10.1135  -13.8548  -11.9657
    1.8824   -3.3537    0.3658   20.0986    4.6203  -22.1329
eta,q 0.97617 17.44728
  0.0251  0.0247  0.0245  0.0254  0.0259  0.0267  0.0246  0.0250  0.0243  0.0249  0.0241  0.0246
  0.0246  0.0244  0.0243  0.0250  0.0252  0.0259  0.0241  0.0244  0.0240  0.0243  0.0239  0.0241
  0.0243  0.0243  0.0242  0.0246  0.0246  0.0250  0.0239  0.0240  0.0239  0.0239  0.0239  0.0239
  0.0242  0.0242  0.0242  0.0242  0.0242  0.0241  0.0238  0.0238  0.0238  0.0238  0.0238  0.0238
  0.0243  0.0243  0.0243  0.0241  0.0241  0.0235  0.0239  0.0239  0.0239  0.0239  0.0239  0.0239
  0.0245  0.0246  0.0244  0.0244  0.0245  0.0239  0.0242  0.0245  0.0240  0.0241  0.0240  0.0241
  0.0249  0.0250  0.0246  0.0253  0.0257  0.0265  0.0247  0.0257  0.0243  0.0246  0.0244  0.0244
niter,ni,del,rscale     2    3    5.0000    0.5000
parameters
   -2.8802    6.0743    6.8272   -9.7226  -13.6233  -11.3779
    1.7014   -3.5744    0.2817   20.2404    3.8750  -21.9597
eta,q 0.97658 17.49604
  0.0245  0.0242  0.0241  0.0248  0.0251  0.0261  0.0240  0.0243  0.0238  0.0243  0.0236  0.0241
  0.0241  0.0240  0.0239  0.0244  0.0245  0.0253  0.0236  0.0239  0.0236  0.0238  0.0235  0.0237
  0.0239  0.0238  0.0238  0.0241  0.0241  0.0245  0.0235  0.0236  0.0235  0.0235  0.0234  0.0235
  0.0238  0.0238  0.0238  0.0238  0.0238  0.0237  0.0234  0.0234  0.0234  0.0234  0.0234  0.0234
  0.0239  0.0239  0.0239  0.0237  0.0237  0.0232  0.0235  0.0235  0.0235  0.0235  0.0235  0.0235
  0.0240  0.0241  0.0240  0.0239  0.0241  0.0235  0.0237  0.0239  0.0236  0.0237  0.0236  0.0236
  0.0243  0.0245  0.0241  0.0246  0.0249  0.0255  0.0241  0.0248  0.0238  0.0242  0.0239  0.0239
niter,ni,del,rscale     1    3    5.0000    0.4000
parameters
   -2.8060    5.9642    6.9024   -9.3042  -13.5063  -10.7921
    1.5493   -3.7339    0.1500   20.2765    3.0666  -21.7830
eta,q 0.97696 17.53344
  0.0239  0.0237  0.0237  0.0241  0.0243  0.0253  0.0234  0.0237  0.0233  0.0237  0.0231  0.0235
  0.0236  0.0235  0.0235  0.0238  0.0239  0.0247  0.0232  0.0233  0.0232  0.0234  0.0231  0.0232
  0.0235  0.0234  0.0234  0.0236  0.0235  0.0240  0.0231  0.0231  0.0231  0.0231  0.0230  0.0231
  0.0234  0.0234  0.0234  0.0234  0.0234  0.0234  0.0231  0.0231  0.0231  0.0231  0.0230  0.0230
  0.0234  0.0235  0.0234  0.0234  0.0234  0.0230  0.0231  0.0231  0.0231  0.0231  0.0231  0.0231
  0.0235  0.0236  0.0235  0.0235  0.0236  0.0232  0.0233  0.0234  0.0232  0.0233  0.0232  0.0232
  0.0237  0.0239  0.0236  0.0238  0.0242  0.0245  0.0235  0.0239  0.0233  0.0237  0.0234  0.0233
registration optimization eta report
parameter search radius
    0.8000    0.8000    0.8000    2.7600    2.4000    2.7600
    2.4000    2.4000    2.4000    2.4000    2.4000    2.4000
100000*second partial in parameter space
       58.       56.       34.        7.       15.       21.
        7.       13.        4.       11.        4.        7.
  0.0239  0.0237  0.0237  0.0241  0.0243  0.0253  0.0234  0.0237  0.0233  0.0237  0.0231  0.0235
  0.0236  0.0235  0.0235  0.0238  0.0239  0.0247  0.0232  0.0233  0.0232  0.0234  0.0231  0.0232
  0.0235  0.0234  0.0234  0.0236  0.0235  0.0240  0.0231  0.0231  0.0231  0.0231  0.0230  0.0231
  0.0234  0.0234  0.0234  0.0234  0.0234  0.0234  0.0231  0.0231  0.0231  0.0231  0.0230  0.0230
  0.0234  0.0235  0.0234  0.0234  0.0234  0.0230  0.0231  0.0231  0.0231  0.0231  0.0231  0.0231
  0.0235  0.0236  0.0235  0.0235  0.0236  0.0232  0.0233  0.0234  0.0232  0.0233  0.0232  0.0232
  0.0237  0.0239  0.0236  0.0238  0.0242  0.0245  0.0235  0.0239  0.0233  0.0237  0.0234  0.0233
   -2.8060    5.9642    6.9024   -9.3042  -13.5063  -10.7921
    1.5493   -3.7339    0.1500   20.2765    3.0666  -21.7830
eta,q 0.97696 17.53344

---------------------------------------------------------------------
imgreg_4dfp /opt/freesurfer/average/711-2C_as_mni_average_305 /opt/freesurfer/average/711-2B_as_mni_average_305_mask talsrcimg_g11 none talsrcimg_to_711-2C_as_mni_average_305_t4 2311
---------------------------------------------------------------------

freesurfer imgreg_4dfp.c
/opt/freesurfer/average/711-2C_as_mni_average_305.4dfp.img
       256       256       256         1
  1.000000  1.000000  1.000000
orientation T byte_order littleendian
Reading image: /opt/freesurfer/average/711-2C_as_mni_average_305.4dfp.img
dimensions:      256       256       256
mmppix:       1.0000   -1.0000   -1.0000
center:     128.0000 -129.0000 -129.0000
/opt/freesurfer/average/711-2B_as_mni_average_305_mask.4dfp.img
       256       256       256         1
  1.000000  1.000000  1.000000
orientation T byte_order littleendian
Reading mask: /opt/freesurfer/average/711-2B_as_mni_average_305_mask.4dfp.img (2306576 pixels)
talsrcimg_g11.4dfp.img
       256       256       256         1
  1.000000  1.000000  1.000000
orientation T byte_order littleendian
Reading image: talsrcimg_g11.4dfp.img
dimensions:      256       256       256
mmppix:       1.0000   -1.0000   -1.0000
center:     128.0000 -129.0000 -129.0000
fimgreg.f
image alignment mode   2311 decimal      907 hex
parameters
   -2.8060    5.9642    6.9024   -9.3042  -13.5063  -10.7921
    1.5493   -3.7339    0.1500   20.2765    3.0666  -21.7830
eta,q 0.97696 17.53345
niter,ni,del,rscale     5    3    5.0000    0.8000
parameters
   -2.7333    5.8760    7.2028   -9.9517  -14.0704  -11.1931
    1.3660   -3.2999    0.4223   19.8438    3.6912  -21.5301
eta,q 0.97656 17.47867
  0.0247  0.0244  0.0248  0.0242  0.0253  0.0265  0.0247  0.0256  0.0243  0.0248  0.0240  0.0248
  0.0238  0.0236  0.0238  0.0238  0.0244  0.0256  0.0240  0.0246  0.0239  0.0240  0.0238  0.0239
  0.0232  0.0232  0.0232  0.0233  0.0236  0.0245  0.0236  0.0240  0.0236  0.0236  0.0236  0.0235
  0.0230  0.0230  0.0230  0.0230  0.0231  0.0232  0.0235  0.0235  0.0235  0.0235  0.0235  0.0234
  0.0232  0.0233  0.0231  0.0231  0.0234  0.0229  0.0237  0.0234  0.0235  0.0236  0.0234  0.0236
  0.0236  0.0238  0.0233  0.0239  0.0248  0.0253  0.0242  0.0239  0.0237  0.0243  0.0235  0.0239
  0.0244  0.0248  0.0237  0.0259  0.0276  0.0299  0.0249  0.0252  0.0241  0.0255  0.0238  0.0243
niter,ni,del,rscale     4    3    5.0000    0.7000
parameters
   -2.8193    6.0642    7.1475   -9.8525  -14.0046  -11.2058
    1.4462   -3.3964    0.3940   19.8515    3.7940  -21.6393
eta,q 0.97662 17.47874
  0.0244  0.0246  0.0240  0.0246  0.0255  0.0262  0.0245  0.0249  0.0240  0.0247  0.0238  0.0243
  0.0238  0.0240  0.0236  0.0241  0.0246  0.0254  0.0239  0.0242  0.0237  0.0240  0.0236  0.0236
  0.0235  0.0236  0.0234  0.0237  0.0239  0.0244  0.0235  0.0237  0.0235  0.0236  0.0235  0.0234
  0.0234  0.0234  0.0234  0.0234  0.0234  0.0234  0.0234  0.0234  0.0234  0.0234  0.0234  0.0234
  0.0236  0.0234  0.0235  0.0233  0.0234  0.0228  0.0235  0.0234  0.0235  0.0235  0.0234  0.0236
  0.0240  0.0237  0.0237  0.0237  0.0241  0.0241  0.0238  0.0240  0.0237  0.0239  0.0235  0.0238
  0.0246  0.0241  0.0240  0.0248  0.0258  0.0276  0.0244  0.0253  0.0241  0.0247  0.0238  0.0242
niter,ni,del,rscale     3    3    5.0000    0.6000
parameters
   -2.8310    6.0557    7.1078   -9.6047  -13.8628  -10.9856
    1.4844   -3.5338    0.3001   20.0061    3.4533  -21.6522
eta,q 0.97680 17.50351
  0.0242  0.0241  0.0238  0.0243  0.0250  0.0258  0.0241  0.0244  0.0237  0.0244  0.0235  0.0239
  0.0237  0.0237  0.0235  0.0239  0.0243  0.0250  0.0236  0.0238  0.0234  0.0238  0.0233  0.0234
  0.0235  0.0235  0.0234  0.0236  0.0238  0.0242  0.0233  0.0234  0.0233  0.0234  0.0232  0.0232
  0.0234  0.0234  0.0234  0.0234  0.0233  0.0233  0.0232  0.0232  0.0232  0.0232  0.0232  0.0232
  0.0235  0.0235  0.0235  0.0233  0.0233  0.0228  0.0233  0.0233  0.0233  0.0233  0.0232  0.0233
  0.0238  0.0237  0.0236  0.0236  0.0239  0.0236  0.0236  0.0237  0.0234  0.0236  0.0234  0.0235
  0.0242  0.0241  0.0238  0.0243  0.0251  0.0262  0.0240  0.0248  0.0237  0.0242  0.0237  0.0239
niter,ni,del,rscale     2    3    5.0000    0.5000
parameters
   -2.8012    6.0048    7.1039   -9.2886  -13.7286  -10.6157
    1.4462   -3.6631    0.1630   20.1142    2.9059  -21.5890
eta,q 0.97705 17.53108
  0.0238  0.0237  0.0236  0.0239  0.0244  0.0253  0.0236  0.0239  0.0233  0.0239  0.0231  0.0235
  0.0235  0.0234  0.0233  0.0236  0.0239  0.0246  0.0232  0.0234  0.0231  0.0234  0.0230  0.0232
  0.0233  0.0232  0.0232  0.0234  0.0235  0.0239  0.0230  0.0231  0.0230  0.0231  0.0230  0.0230
  0.0232  0.0232  0.0232  0.0232  0.0232  0.0232  0.0230  0.0230  0.0230  0.0230  0.0230  0.0230
  0.0233  0.0233  0.0233  0.0232  0.0232  0.0227  0.0230  0.0230  0.0230  0.0230  0.0230  0.0230
  0.0234  0.0235  0.0234  0.0233  0.0236  0.0232  0.0232  0.0234  0.0231  0.0233  0.0231  0.0232
  0.0237  0.0238  0.0235  0.0238  0.0244  0.0250  0.0236  0.0242  0.0234  0.0238  0.0234  0.0234
niter,ni,del,rscale     1    3    5.0000    0.4000
parameters
   -2.7610    5.9681    7.1880   -8.9910  -13.6805  -10.1902
    1.3899   -3.7135    0.0702   20.1154    2.4556  -21.4560
eta,q 0.97728 17.54906
  0.0234  0.0233  0.0233  0.0235  0.0238  0.0247  0.0231  0.0234  0.0230  0.0234  0.0228  0.0232
  0.0231  0.0231  0.0231  0.0232  0.0234  0.0241  0.0229  0.0230  0.0228  0.0230  0.0228  0.0229
  0.0230  0.0230  0.0230  0.0231  0.0231  0.0235  0.0228  0.0228  0.0227  0.0228  0.0227  0.0228
  0.0230  0.0230  0.0230  0.0229  0.0229  0.0229  0.0227  0.0227  0.0227  0.0227  0.0227  0.0227
  0.0230  0.0230  0.0230  0.0229  0.0230  0.0226  0.0228  0.0228  0.0228  0.0228  0.0228  0.0228
  0.0231  0.0231  0.0230  0.0230  0.0232  0.0229  0.0229  0.0230  0.0228  0.0230  0.0229  0.0229
  0.0233  0.0234  0.0232  0.0233  0.0238  0.0241  0.0231  0.0235  0.0230  0.0234  0.0230  0.0230
registration optimization eta report
parameter search radius
    0.8000    0.8000    0.8000    2.4000    2.4000    2.4000
    2.4000    2.4000    2.4000    2.4000    2.4000    2.4000
100000*second partial in parameter space
       59.       59.       42.        8.       15.       26.
        7.       13.        4.       12.        4.        7.
  0.0234  0.0233  0.0233  0.0235  0.0238  0.0247  0.0231  0.0234  0.0230  0.0234  0.0228  0.0232
  0.0231  0.0231  0.0231  0.0232  0.0234  0.0241  0.0229  0.0230  0.0228  0.0230  0.0228  0.0229
  0.0230  0.0230  0.0230  0.0231  0.0231  0.0235  0.0228  0.0228  0.0227  0.0228  0.0227  0.0228
  0.0230  0.0230  0.0230  0.0229  0.0229  0.0229  0.0227  0.0227  0.0227  0.0227  0.0227  0.0227
  0.0230  0.0230  0.0230  0.0229  0.0230  0.0226  0.0228  0.0228  0.0228  0.0228  0.0228  0.0228
  0.0231  0.0231  0.0230  0.0230  0.0232  0.0229  0.0229  0.0230  0.0228  0.0230  0.0229  0.0229
  0.0233  0.0234  0.0232  0.0233  0.0238  0.0241  0.0231  0.0235  0.0230  0.0234  0.0230  0.0230
   -2.7610    5.9681    7.1880   -8.9910  -13.6805  -10.1902
    1.3899   -3.7135    0.0702   20.1154    2.4556  -21.4560
eta,q 0.97728 17.54906

---------------------------------------------------------------------
compute_vox2vox talsrcimg talsrcimg_to_711-2C_as_mni_average_305_t4 /opt/freesurfer/average/711-2C_as_mni_average_305
---------------------------------------------------------------------

freesurfer compute_vox2vox.c
Reading: talsrcimg.4dfp.ifh
Reading: talsrcimg_to_711-2C_as_mni_average_305_t4
Reading: /opt/freesurfer/average/711-2C_as_mni_average_305.4dfp.ifh
Writing: talsrcimg_to_711-2C_as_mni_average_305_t4_vox2vox.txt

start time Mon Mar 9 19:55:35 CET 2026
end		time Mon Mar 9 19:57:05 CET 2026

mpr2mni305 success

avi2talxfm orig_nu.mgz /opt/freesurfer/average/mni305.cor.mgz talsrcimg_to_711-2C_as_mni_average_305_t4_vox2vox.txt transforms/talairach.auto.xfm
avi2talxfm done
mv -f /out/sourcedata/freesurfer/sub-v1s23x0050602_ses-1/mri/talsrcimg_to_711-2C_as_mni_average_305_t4_vox2vox.txt /out/sourcedata/freesurfer/sub-v1s23x0050602_ses-1/mri/transforms/talsrcimg_to_711-2C_as_mni_average_305_t4_vox2vox.txt
lta_convert --src orig_nu.mgz --trg /opt/freesurfer/average/mni305.cor.mgz --inxfm transforms/talairach.auto.xfm --outlta transforms/talairach.auto.xfm.lta --subject fsaverage
7.3.2

--src: orig_nu.mgz src image (geometry).
--trg: /opt/freesurfer/average/mni305.cor.mgz trg image (geometry).
--inmni: transforms/talairach.auto.xfm input MNI/XFM transform.
--outlta: transforms/talairach.auto.xfm.lta output LTA.
--s: fsaverage subject name
 LTA read, type : 1
 1.09754   0.04674  -0.00605  -31.82390;
-0.02863   1.05352   0.26233   24.20551;
 0.00578  -0.24554   1.09736  -61.17424;
 0.00000   0.00000   0.00000   1.00000;
setting subject to fsaverage
Writing  LTA to file transforms/talairach.auto.xfm.lta...
lta_convert successful.
 
 
Started at Mon Mar 9 19:55:35 CET 2026
Ended   at Mon Mar  9 19:57:05 CET 2026
talairach_avi done
