/out/sourcedata/freesurfer/sub-v1s23x0050569_ses-1/mri
/opt/freesurfer/bin/talairach_avi
--i orig_nu.mgz --xfm transforms/talairach.auto.xfm
talairach_avi 7.3.2
Linux dna035 5.14.0-427.37.1.el9_4.x86_64 #1 SMP PREEMPT_DYNAMIC Fri Sep 13 12:41:50 EDT 2024 x86_64 x86_64 x86_64 GNU/Linux
Thu Mar 12 16:09:36 CET 2026
mri_convert orig_nu.mgz talsrcimg.img 
reading from orig_nu.mgz...
TR=0.00, TE=0.00, TI=0.00, flip angle=0.00
i_ras = (-1, 0, 0)
j_ras = (0, 0, -1)
k_ras = (0, 1, 0)
writing to talsrcimg.img...
Analyze Output Matrix
-1.00000   0.00000   0.00000   163.72145;
 0.00000   0.00000   1.00000  -176.95494;
 0.00000  -1.00000   0.00000   148.67021;
 0.00000   0.00000   0.00000   1.00000;
--------------------
INFO: set hdr.hist.orient to -1
mpr2mni305 talsrcimg
Thu Mar 12 16:09:36 CET 2026
/opt/freesurfer/bin/mpr2mni305 talsrcimg
mpr2mni305 7.3.2
target=711-2C_as_mni_average_305

---------------------------------------------------------------------
analyzeto4dfp talsrcimg -O0 -y
---------------------------------------------------------------------

freesurfer ifh2hdr.c
Thu Mar 12 16:09:36 2026
Writing: talsrcimg.4dfp.hdr
freesurfer analyzeto4dfp.c
Reading: talsrcimg.hdr
header size 348 bytes
hdr.dime.datatype	offset=70	value=2
hdr.dime.bitpix		offset=72	value=8
hdr.hist.orient		offset=252	value=-1
dimensionality     4
dimensions       256       256       256         1
Reading: talsrcimg.img
Writing: talsrcimg.4dfp.img
Writing: talsrcimg.4dfp.ifh
ifh2hdr talsrcimg -r0to227
ori=2

---------------------------------------------------------------------
gauss_4dfp talsrcimg 1.1
---------------------------------------------------------------------

freesurfer gauss_4dfp.c
Reading: talsrcimg.4dfp.img
Writing: talsrcimg_g11.4dfp.img
image dimensions 256 256 256 padded to 288 288 288
processing volume 1freesurfer ifh2hdr.c
Thu Mar 12 16:09:38 2026
Writing: talsrcimg_g11.4dfp.hdr

Writing: talsrcimg_g11.4dfp.ifh
including: talsrcimg.4dfp.img.rec in talsrcimg_g11.4dfp.img.rec

---------------------------------------------------------------------
imgreg_4dfp /opt/freesurfer/average/711-2C_as_mni_average_305 none talsrcimg_g11 none talsrcimg_to_711-2C_as_mni_average_305_t4 4355
---------------------------------------------------------------------

freesurfer imgreg_4dfp.c
/opt/freesurfer/average/711-2C_as_mni_average_305.4dfp.img
       256       256       256         1
  1.000000  1.000000  1.000000
orientation T byte_order littleendian
Reading image: /opt/freesurfer/average/711-2C_as_mni_average_305.4dfp.img
dimensions:      256       256       256
mmppix:       1.0000   -1.0000   -1.0000
center:     128.0000 -129.0000 -129.0000
talsrcimg_g11.4dfp.img
       256       256       256         1
  1.000000  1.000000  1.000000
orientation T byte_order littleendian
Reading image: talsrcimg_g11.4dfp.img
dimensions:      256       256       256
mmppix:       1.0000   -1.0000   -1.0000
center:     128.0000 -129.0000 -129.0000
t4_read: open error in t4_sub.f l:  41 t4_file(1:l)talsrcimg_to_711-2C_as_mni_average_305_t4 
t4_read: transform initialized to I4
rotation matrix determinant  1.000000
image alignment mode   4355 decimal     1103 hex
   -7.5000  -45.0000  -45.0000 8431.0215   22.7579
    0.0000  -45.0000  -45.0000 8755.9238   22.8026
    7.5000  -45.0000  -45.0000 8390.8857   22.7894
   -7.5000  -37.5000  -45.0000 8875.7871   22.8029
    0.0000  -37.5000  -45.0000 9229.4199   22.8531
    7.5000  -37.5000  -45.0000 8829.9189   22.8362
   -7.5000  -30.0000  -45.0000 9514.5020   22.8396
    0.0000  -30.0000  -45.0000 9901.2227   22.8901
    7.5000  -30.0000  -45.0000 9478.2070   22.8707
   -7.5000  -22.5000  -45.000010109.7637   22.8243
    0.0000  -22.5000  -45.000010529.1680   22.8705
    7.5000  -22.5000  -45.000010070.0117   22.8546
   -7.5000  -15.0000  -45.000010708.9736   22.7776
    0.0000  -15.0000  -45.000011121.7070   22.8183
    7.5000  -15.0000  -45.000010641.5986   22.8075
   -7.5000   -7.5000  -45.000011266.5479   22.7479
    0.0000   -7.5000  -45.000011689.1279   22.7872
    7.5000   -7.5000  -45.000011185.9189   22.7766
   -7.5000    0.0000  -45.000011562.7695   22.7579
    0.0000    0.0000  -45.000012001.9443   22.8026
    7.5000    0.0000  -45.000011496.3916   22.7894
   -7.5000    7.5000  -45.000011094.8447   22.8029
    0.0000    7.5000  -45.000011500.0059   22.8531
    7.5000    7.5000  -45.000010991.3760   22.8362
   -7.5000   15.0000  -45.000010461.3818   22.8396
    0.0000   15.0000  -45.000010807.1172   22.8901
    7.5000   15.0000  -45.000010340.1553   22.8707
   -7.5000   22.5000  -45.0000 9535.7998   22.8212
    0.0000   22.5000  -45.0000 9843.5430   22.8674
    7.5000   22.5000  -45.0000 9417.6895   22.8515
   -7.5000   30.0000  -45.0000 8606.7822   22.4740
    0.0000   30.0000  -45.0000 8877.5059   22.5142
    7.5000   30.0000  -45.0000 8499.6152   22.5035
   -7.5000   37.5000  -45.0000 8099.3149   22.4447
    0.0000   37.5000  -45.0000 8359.9023   22.4836
    7.5000   37.5000  -45.0000 7997.9473   22.4731
   -7.5000   45.0000  -45.0000 7332.7578   21.8847
    0.0000   45.0000  -45.0000 7548.0254   21.9276
    7.5000   45.0000  -45.0000 7222.3901   21.9150
   -7.5000  -45.0000  -37.5000 8942.7979   22.7614
    0.0000  -45.0000  -37.5000 9295.9756   22.8019
    7.5000  -45.0000  -37.5000 8888.3145   22.7901
   -7.5000  -37.5000  -37.5000 9399.7754   22.8054
    0.0000  -37.5000  -37.5000 9785.0234   22.8518
    7.5000  -37.5000  -37.5000 9320.0986   22.8448
   -7.5000  -30.0000  -37.500010083.4707   22.8574
    0.0000  -30.0000  -37.500010495.2178   22.9076
    7.5000  -30.0000  -37.5000 9978.5322   22.9013
   -7.5000  -22.5000  -37.500010701.0361   22.8605
    0.0000  -22.5000  -37.500011167.3975   22.9094
    7.5000  -22.5000  -37.500010603.8525   22.9003
   -7.5000  -15.0000  -37.500011324.0137   22.8174
    0.0000  -15.0000  -37.500011802.3936   22.8604
    7.5000  -15.0000  -37.500011216.6748   22.8474
   -7.5000   -7.5000  -37.500011895.5762   22.7705
    0.0000   -7.5000  -37.500012404.4795   22.8090
    7.5000   -7.5000  -37.500011795.1533   22.7939
   -7.5000    0.0000  -37.500012191.4580   22.7614
    0.0000    0.0000  -37.500012710.0605   22.8019
    7.5000    0.0000  -37.500012102.6631   22.7901
   -7.5000    7.5000  -37.500011678.6641   22.8054
    0.0000    7.5000  -37.500012134.1025   22.8518
    7.5000    7.5000  -37.500011540.2764   22.8448
   -7.5000   15.0000  -37.500011011.0547   22.8574
    0.0000   15.0000  -37.500011426.9463   22.9076
    7.5000   15.0000  -37.500010857.4287   22.9013
   -7.5000   22.5000  -37.500010000.2188   22.8574
    0.0000   22.5000  -37.500010383.1484   22.9062
    7.5000   22.5000  -37.5000 9864.4375   22.8972
   -7.5000   30.0000  -37.5000 8995.1064   22.5134
    0.0000   30.0000  -37.5000 9327.3574   22.5558
    7.5000   30.0000  -37.5000 8878.4932   22.5429
   -7.5000   37.5000  -37.5000 8446.0156   22.4671
    0.0000   37.5000  -37.5000 8747.7373   22.5050
    7.5000   37.5000  -37.5000 8347.2686   22.4901
   -7.5000   45.0000  -37.5000 7644.1694   21.8880
    0.0000   45.0000  -37.5000 7881.6914   21.9270
    7.5000   45.0000  -37.5000 7540.1782   21.9156
   -7.5000  -45.0000  -30.0000 9588.3447   23.7002
    0.0000  -45.0000  -30.0000 9975.3379   23.7432
    7.5000  -45.0000  -30.0000 9494.4443   23.7383
   -7.5000  -37.5000  -30.000010086.5049   23.7495
    0.0000  -37.5000  -30.000010502.1826   23.7974
    7.5000  -37.5000  -30.0000 9956.1914   23.8010
   -7.5000  -30.0000  -30.000010812.8623   23.8137
    0.0000  -30.0000  -30.000011239.8848   23.8683
    7.5000  -30.0000  -30.000010667.2666   23.8762
   -7.5000  -22.5000  -30.000011473.9746   23.8259
    0.0000  -22.5000  -30.000011978.7695   23.8822
    7.5000  -22.5000  -30.000011324.2715   23.8865
   -7.5000  -15.0000  -30.000012116.8047   23.7794
    0.0000  -15.0000  -30.000012681.8906   23.8300
    7.5000  -15.0000  -30.000011961.3477   23.8263
   -7.5000   -7.5000  -30.000012726.8389   23.7182
    0.0000   -7.5000  -30.000013307.1318   23.7621
    7.5000   -7.5000  -30.000012568.7246   23.7535
   -7.5000    0.0000  -30.000013001.2314   23.7002
    0.0000    0.0000  -30.000013578.2314   23.7432
    7.5000    0.0000  -30.000012849.0967   23.7383
   -7.5000    7.5000  -30.000012382.3887   23.7495
    0.0000    7.5000  -30.000012925.7705   23.7974
    7.5000    7.5000  -30.000012206.8037   23.8010
   -7.5000   15.0000  -30.000011675.7891   23.8137
    0.0000   15.0000  -30.000012160.6797   23.8683
    7.5000   15.0000  -30.000011489.4287   23.8762
   -7.5000   22.5000  -30.000010643.9590   23.8202
    0.0000   22.5000  -30.000011069.2256   23.8764
    7.5000   22.5000  -30.000010458.9619   23.8808
   -7.5000   30.0000  -30.0000 9550.4346   23.4647
    0.0000   30.0000  -30.0000 9911.5820   23.5147
    7.5000   30.0000  -30.0000 9393.8096   23.5110
   -7.5000   37.5000  -30.0000 8942.0518   23.4043
    0.0000   37.5000  -30.0000 9291.3477   23.4477
    7.5000   37.5000  -30.0000 8814.3037   23.4392
   -7.5000   45.0000  -30.0000 8059.9009   22.8075
    0.0000   45.0000  -30.0000 8350.7314   22.8489
    7.5000   45.0000  -30.0000 7942.0874   22.8442
   -7.5000  -45.0000  -22.500010244.7344   24.4908
    0.0000  -45.0000  -22.500010649.5518   24.5417
    7.5000  -45.0000  -22.500010106.9834   24.5438
   -7.5000  -37.5000  -22.500010739.0645   24.5465
    0.0000  -37.5000  -22.500011177.6357   24.6007
    7.5000  -37.5000  -22.500010603.4365   24.6043
   -7.5000  -30.0000  -22.500011493.8066   24.6041
    0.0000  -30.0000  -22.500011954.8076   24.6638
    7.5000  -30.0000  -22.500011365.9023   24.6714
   -7.5000  -22.5000  -22.500012215.3398   24.6027
    0.0000  -22.5000  -22.500012738.7949   24.6647
    7.5000  -22.5000  -22.500012057.3633   24.6754
   -7.5000  -15.0000  -22.500012907.7471   24.5480
    0.0000  -15.0000  -22.500013498.7441   24.6061
    7.5000  -15.0000  -22.500012687.2861   24.6153
   -7.5000   -7.5000  -22.500013562.0068   24.4937
    0.0000   -7.5000  -22.500014170.9834   24.5463
    7.5000   -7.5000  -22.500013325.8643   24.5510
   -7.5000    0.0000  -22.500013832.6250   24.4908
    0.0000    0.0000  -22.500014479.2686   24.5417
    7.5000    0.0000  -22.500013612.8369   24.5438
   -7.5000    7.5000  -22.500013088.7764   24.5465
    0.0000    7.5000  -22.500013670.0010   24.6007
    7.5000    7.5000  -22.500012874.1934   24.6043
   -7.5000   15.0000  -22.500012322.2832   24.6041
    0.0000   15.0000  -22.500012832.2842   24.6638
    7.5000   15.0000  -22.500012092.3711   24.6714
   -7.5000   22.5000  -22.500011264.2041   24.5951
    0.0000   22.5000  -22.500011732.0977   24.6571
    7.5000   22.5000  -22.500011049.0186   24.6678
   -7.5000   30.0000  -22.500010104.5342   24.2269
    0.0000   30.0000  -22.500010498.3125   24.2842
    7.5000   30.0000  -22.5000 9893.6494   24.2934
   -7.5000   37.5000  -22.5000 9458.4082   24.1733
    0.0000   37.5000  -22.5000 9824.5322   24.2252
    7.5000   37.5000  -22.5000 9299.0781   24.2298
   -7.5000   45.0000  -22.5000 8486.6230   23.5861
    0.0000   45.0000  -22.5000 8816.5225   23.6351
    7.5000   45.0000  -22.5000 8356.5469   23.6371
   -7.5000  -45.0000  -15.000010877.9854   25.0680
    0.0000  -45.0000  -15.000011327.5801   25.1266
    7.5000  -45.0000  -15.000010752.5635   25.1289
   -7.5000  -37.5000  -15.000011371.3799   25.1261
    0.0000  -37.5000  -15.000011837.9844   25.1873
    7.5000  -37.5000  -15.000011259.8545   25.1813
   -7.5000  -30.0000  -15.000012157.9893   25.1692
    0.0000  -30.0000  -15.000012642.6328   25.2322
    7.5000  -30.0000  -15.000012047.3799   25.2260
   -7.5000  -22.5000  -15.000012896.4590   25.1488
    0.0000  -22.5000  -15.000013454.3555   25.2113
    7.5000  -22.5000  -15.000012762.2363   25.2144
   -7.5000  -15.0000  -15.000013617.9248   25.0891
    0.0000  -15.0000  -15.000014238.3008   25.1482
    7.5000  -15.0000  -15.000013402.2656   25.1597
   -7.5000   -7.5000  -15.000014328.1270   25.0512
    0.0000   -7.5000  -15.000015004.7314   25.1083
    7.5000   -7.5000  -15.000014100.7236   25.1188
   -7.5000    0.0000  -15.000014637.8369   25.0680
    0.0000    0.0000  -15.000015334.9629   25.1266
    7.5000    0.0000  -15.000014405.8574   25.1289
   -7.5000    7.5000  -15.000013809.9268   25.1261
    0.0000    7.5000  -15.000014422.7803   25.1873
    7.5000    7.5000  -15.000013552.9131   25.1813
   -7.5000   15.0000  -15.000012957.8760   25.1692
    0.0000   15.0000  -15.000013499.9199   25.2322
    7.5000   15.0000  -15.000012676.2598   25.2260
   -7.5000   22.5000  -15.000011836.8506   25.1399
    0.0000   22.5000  -15.000012351.4658   25.2024
    7.5000   22.5000  -15.000011602.0928   25.2055
   -7.5000   30.0000  -15.000010630.7930   24.7644
    0.0000   30.0000  -15.000011069.2803   24.8227
    7.5000   30.0000  -15.000010416.0127   24.8341
   -7.5000   37.5000  -15.0000 9975.5625   24.7270
    0.0000   37.5000  -15.000010349.1064   24.7833
    7.5000   37.5000  -15.0000 9785.4961   24.7937
   -7.5000   45.0000  -15.0000 8926.2676   24.1566
    0.0000   45.0000  -15.0000 9265.2305   24.2130
    7.5000   45.0000  -15.0000 8769.7188   24.2153
   -7.5000  -45.0000   -7.500011509.5098   25.3827
    0.0000  -45.0000   -7.500012007.5967   25.4397
    7.5000  -45.0000   -7.500011407.6035   25.4330
   -7.5000  -37.5000   -7.500012059.9834   25.4375
    0.0000  -37.5000   -7.500012581.6650   25.4990
    7.5000  -37.5000   -7.500011972.3398   25.4820
   -7.5000  -30.0000   -7.500012901.4141   25.4734
    0.0000  -30.0000   -7.500013515.7432   25.5341
    7.5000  -30.0000   -7.500012832.4189   25.5138
   -7.5000  -22.5000   -7.500013667.2217   25.4469
    0.0000  -22.5000   -7.500014373.2090   25.5032
    7.5000  -22.5000   -7.500013562.4697   25.4922
   -7.5000  -15.0000   -7.500014393.4355   25.3891
    0.0000  -15.0000   -7.500015070.3857   25.4405
    7.5000  -15.0000   -7.500014210.7100   25.4410
   -7.5000   -7.5000   -7.500015128.3438   25.3605
    0.0000   -7.5000   -7.500015825.9238   25.4120
    7.5000   -7.5000   -7.500014935.0703   25.4134
   -7.5000    0.0000   -7.500015491.6650   25.3827
    0.0000    0.0000   -7.500016183.1260   25.4397
    7.5000    0.0000   -7.500015278.5674   25.4330
   -7.5000    7.5000   -7.500014552.0693   25.4375
    0.0000    7.5000   -7.500015193.2715   25.4990
    7.5000    7.5000   -7.500014339.4111   25.4820
   -7.5000   15.0000   -7.500013618.2100   25.4734
    0.0000   15.0000   -7.500014189.1748   25.5341
    7.5000   15.0000   -7.500013354.0752   25.5138
   -7.5000   22.5000   -7.500012465.0303   25.4352
    0.0000   22.5000   -7.500012994.1006   25.4914
    7.5000   22.5000   -7.500012232.3145   25.4804
   -7.5000   30.0000   -7.500011240.8574   25.0599
    0.0000   30.0000   -7.500011692.4414   25.1106
    7.5000   30.0000   -7.500011028.2861   25.1111
   -7.5000   37.5000   -7.500010526.7148   25.0316
    0.0000   37.5000   -7.500010943.7998   25.0825
    7.5000   37.5000   -7.500010342.2725   25.0838
   -7.5000   45.0000   -7.5000 9419.7246   24.4644
    0.0000   45.0000   -7.5000 9767.9980   24.5194
    7.5000   45.0000   -7.5000 9255.5693   24.5129
   -7.5000  -45.0000    0.000012039.8799   25.4656
    0.0000  -45.0000    0.000012586.9521   25.5156
    7.5000  -45.0000    0.000011951.5381   25.5008
   -7.5000  -37.5000    0.000012680.3760   25.5159
    0.0000  -37.5000    0.000013283.3613   25.5722
    7.5000  -37.5000    0.000012623.0762   25.5532
   -7.5000  -30.0000    0.000013737.6875   25.5571
    0.0000  -30.0000    0.000014510.1309   25.6137
    7.5000  -30.0000    0.000013675.0059   25.5919
   -7.5000  -22.5000    0.000014534.8496   25.5402
    0.0000  -22.5000    0.000015284.8008   25.5919
    7.5000  -22.5000    0.000014430.5752   25.5741
   -7.5000  -15.0000    0.000015106.0820   25.4879
    0.0000  -15.0000    0.000015703.2061   25.5335
    7.5000  -15.0000    0.000015006.0107   25.5214
   -7.5000   -7.5000    0.000015821.8066   25.4546
    0.0000   -7.5000    0.000016468.1504   25.4987
    7.5000   -7.5000    0.000015727.1328   25.4867
   -7.5000    0.0000    0.000016249.0996   25.4656
    0.0000    0.0000    0.000016948.9883   25.5156
    7.5000    0.0000    0.000016124.2100   25.5008
   -7.5000    7.5000    0.000015297.6133   25.5159
    0.0000    7.5000    0.000015950.7021   25.5722
    7.5000    7.5000    0.000015167.0303   25.5532
   -7.5000   15.0000    0.000014270.5498   25.5571
    0.0000   15.0000    0.000014835.3760   25.6137
    7.5000   15.0000    0.000014080.7959   25.5919
   -7.5000   22.5000    0.000013089.0107   25.5284
    0.0000   22.5000    0.000013602.0420   25.5801
    7.5000   22.5000    0.000012882.8467   25.5624
   -7.5000   30.0000    0.000011823.7832   25.1581
    0.0000   30.0000    0.000012292.8584   25.2030
    7.5000   30.0000    0.000011597.3311   25.1911
   -7.5000   37.5000    0.000011058.1387   25.1252
    0.0000   37.5000    0.000011505.3643   25.1687
    7.5000   37.5000    0.000010852.0654   25.1569
   -7.5000   45.0000    0.0000 9879.3242   24.5462
    0.0000   45.0000    0.000010273.0430   24.5944
    7.5000   45.0000    0.0000 9706.6006   24.5801
   -7.5000  -45.0000    7.500011600.6143   25.4706
    0.0000  -45.0000    7.500012107.3984   25.5160
    7.5000  -45.0000    7.500011526.7080   25.5028
   -7.5000  -37.5000    7.500012226.5684   25.5199
    0.0000  -37.5000    7.500012837.0771   25.5717
    7.5000  -37.5000    7.500012216.3535   25.5639
   -7.5000  -30.0000    7.500013345.1660   25.5780
    0.0000  -30.0000    7.500014133.3203   25.6342
    7.5000  -30.0000    7.500013418.7432   25.6272
   -7.5000  -22.5000    7.500014127.4805   25.5815
    0.0000  -22.5000    7.500014719.2256   25.6362
    7.5000  -22.5000    7.500014219.0879   25.6261
   -7.5000  -15.0000    7.500014567.4004   25.5333
    0.0000  -15.0000    7.500014944.9512   25.5814
    7.5000  -15.0000    7.500014627.0742   25.5668
   -7.5000   -7.5000    7.500015337.3789   25.4808
    0.0000   -7.5000    7.500015765.9873   25.5238
    7.5000   -7.5000    7.500015345.5654   25.5070
   -7.5000    0.0000    7.500015869.7754   25.4706
    0.0000    0.0000    7.500016419.0391   25.5160
    7.5000    0.0000    7.500015796.2295   25.5028
   -7.5000    7.5000    7.500015000.3350   25.5199
    0.0000    7.5000    7.500015566.6025   25.5717
    7.5000    7.5000    7.500014867.6621   25.5639
   -7.5000   15.0000    7.500013932.7891   25.5780
    0.0000   15.0000    7.500014461.1836   25.6342
    7.5000   15.0000    7.500013718.5371   25.6272
   -7.5000   22.5000    7.500012723.9941   25.5697
    0.0000   22.5000    7.500013205.2686   25.6244
    7.5000   22.5000    7.500012483.9014   25.6143
   -7.5000   30.0000    7.500011435.1797   25.2029
    0.0000   30.0000    7.500011897.4531   25.2503
    7.5000   30.0000    7.500011228.5762   25.2359
   -7.5000   37.5000    7.500010670.3164   25.1510
    0.0000   37.5000    7.500011119.2598   25.1935
    7.5000   37.5000    7.500010494.9258   25.1769
   -7.5000   45.0000    7.5000 9530.0684   24.5509
    0.0000   45.0000    7.5000 9905.2383   24.5947
    7.5000   45.0000    7.5000 9355.5850   24.5820
   -7.5000  -45.0000   15.000011009.2021   25.4502
    0.0000  -45.0000   15.000011465.7393   25.4963
    7.5000  -45.0000   15.000010985.0010   25.4910
   -7.5000  -37.5000   15.000011585.1602   25.5030
    0.0000  -37.5000   15.000012085.8750   25.5545
    7.5000  -37.5000   15.000011655.7998   25.5583
   -7.5000  -30.0000   15.000012624.9932   25.5720
    0.0000  -30.0000   15.000013285.1865   25.6306
    7.5000  -30.0000   15.000012814.9248   25.6391
   -7.5000  -22.5000   15.000013522.8818   25.5851
    0.0000  -22.5000   15.000014132.4648   25.6455
    7.5000  -22.5000   15.000013719.2695   25.6502
   -7.5000  -15.0000   15.000014252.4883   25.5351
    0.0000  -15.0000   15.000014748.4150   25.5895
    7.5000  -15.0000   15.000014351.0508   25.5855
   -7.5000   -7.5000   15.000015142.1094   25.4694
    0.0000   -7.5000   15.000015686.9473   25.5166
    7.5000   -7.5000   15.000015037.4443   25.5073
   -7.5000    0.0000   15.000015531.2051   25.4502
    0.0000    0.0000   15.000016121.2891   25.4963
    7.5000    0.0000   15.000015318.2803   25.4910
   -7.5000    7.5000   15.000014484.8223   25.5030
    0.0000    7.5000   15.000015056.1826   25.5545
    7.5000    7.5000   15.000014286.7129   25.5583
   -7.5000   15.0000   15.000013303.8115   25.5720
    0.0000   15.0000   15.000013833.9170   25.6306
    7.5000   15.0000   15.000013098.4561   25.6391
   -7.5000   22.5000   15.000012109.2803   25.5733
    0.0000   22.5000   15.000012581.5693   25.6337
    7.5000   22.5000   15.000011907.1582   25.6384
   -7.5000   30.0000   15.000010862.0166   25.2046
    0.0000   30.0000   15.000011317.6855   25.2583
    7.5000   30.0000   15.000010705.8516   25.2544
   -7.5000   37.5000   15.000010132.0371   25.1398
    0.0000   37.5000   15.000010567.5605   25.1864
    7.5000   37.5000   15.000010005.2705   25.1772
   -7.5000   45.0000   15.0000 9043.0771   24.5312
    0.0000   45.0000   15.0000 9426.6670   24.5757
    7.5000   45.0000   15.0000 8927.3525   24.5706
   -7.5000  -45.0000   22.500010385.2910   25.4242
    0.0000  -45.0000   22.500010812.0928   25.4770
    7.5000  -45.0000   22.500010393.1035   25.4791
   -7.5000  -37.5000   22.500011022.6533   25.4819
    0.0000  -37.5000   22.500011539.5967   25.5382
    7.5000  -37.5000   22.500011063.8975   25.5419
   -7.5000  -30.0000   22.500012014.9521   25.5417
    0.0000  -30.0000   22.500012622.2100   25.6037
    7.5000  -30.0000   22.500012057.2939   25.6115
   -7.5000  -22.5000   22.500012798.6953   25.5402
    0.0000  -22.5000   22.500013452.7607   25.6046
    7.5000  -22.5000   22.500012812.6592   25.6156
   -7.5000  -15.0000   22.500013462.3359   25.4835
    0.0000  -15.0000   22.500014151.7646   25.5437
    7.5000  -15.0000   22.500013428.1279   25.5533
   -7.5000   -7.5000   22.500014213.7598   25.4272
    0.0000   -7.5000   22.500014951.9473   25.4817
    7.5000   -7.5000   22.500014104.6523   25.4865
   -7.5000    0.0000   22.500014546.3730   25.4242
    0.0000    0.0000   22.500015276.7354   25.4770
    7.5000    0.0000   22.500014408.5488   25.4791
   -7.5000    7.5000   22.500013552.9961   25.4819
    0.0000    7.5000   22.500014228.4414   25.5382
    7.5000    7.5000   22.500013472.1211   25.5419
   -7.5000   15.0000   22.500012423.7090   25.5417
    0.0000   15.0000   22.500013009.7197   25.6037
    7.5000   15.0000   22.500012324.9268   25.6115
   -7.5000   22.5000   22.500011351.1328   25.5284
    0.0000   22.5000   22.500011861.8330   25.5928
    7.5000   22.5000   22.500011238.0371   25.6038
   -7.5000   30.0000   22.500010222.8359   25.1537
    0.0000   30.0000   22.500010647.7021   25.2131
    7.5000   30.0000   22.500010131.4531   25.2226
   -7.5000   37.5000   22.5000 9528.3047   25.0981
    0.0000   37.5000   22.5000 9899.0010   25.1519
    7.5000   37.5000   22.5000 9447.3398   25.1567
   -7.5000   45.0000   22.5000 8474.4727   24.5062
    0.0000   45.0000   22.5000 8802.8652   24.5571
    7.5000   45.0000   22.5000 8408.2637   24.5591
   -7.5000  -45.0000   30.0000 9743.0596   25.4219
    0.0000  -45.0000   30.000010228.2910   25.4814
    7.5000  -45.0000   30.0000 9678.0537   25.4836
   -7.5000  -37.5000   30.000010300.5557   25.4807
    0.0000  -37.5000   30.000010814.5176   25.5428
    7.5000  -37.5000   30.000010238.2168   25.5367
   -7.5000  -30.0000   30.000011129.5684   25.5243
    0.0000  -30.0000   30.000011638.8389   25.5883
    7.5000  -30.0000   30.000011056.7305   25.5819
   -7.5000  -22.5000   30.000011791.1338   25.5035
    0.0000  -22.5000   30.000012279.7393   25.5669
    7.5000  -22.5000   30.000011723.2432   25.5700
   -7.5000  -15.0000   30.000012346.1855   25.4429
    0.0000  -15.0000   30.000012864.1426   25.5029
    7.5000  -15.0000   30.000012309.5225   25.5146
   -7.5000   -7.5000   30.000012919.0586   25.4047
    0.0000   -7.5000   30.000013463.0586   25.4627
    7.5000   -7.5000   30.000012890.4453   25.4732
   -7.5000    0.0000   30.000013285.1152   25.4219
    0.0000    0.0000   30.000013866.3330   25.4814
    7.5000    0.0000   30.000013255.3164   25.4836
   -7.5000    7.5000   30.000012498.2432   25.4807
    0.0000    7.5000   30.000013054.9229   25.5428
    7.5000    7.5000   30.000012485.4980   25.5367
   -7.5000   15.0000   30.000011513.5557   25.5243
    0.0000   15.0000   30.000012017.8740   25.5883
    7.5000   15.0000   30.000011474.4238   25.5819
   -7.5000   22.5000   30.000010530.3809   25.4917
    0.0000   22.5000   30.000010983.7061   25.5551
    7.5000   22.5000   30.000010466.7930   25.5582
   -7.5000   30.0000   30.0000 9479.0469   25.1136
    0.0000   30.0000   30.0000 9886.9814   25.1729
    7.5000   30.0000   30.0000 9408.1611   25.1844
   -7.5000   37.5000   30.0000 8815.7539   25.0759
    0.0000   37.5000   30.0000 9209.8086   25.1331
    7.5000   37.5000   30.0000 8742.0977   25.1436
   -7.5000   45.0000   30.0000 7840.5942   24.5040
    0.0000   45.0000   30.0000 8175.1821   24.5614
    7.5000   45.0000   30.0000 7792.0967   24.5635
   -7.5000  -45.0000   37.5000 9357.7188   25.8170
    0.0000  -45.0000   37.5000 9789.4141   25.8752
    7.5000  -45.0000   37.5000 9284.0928   25.8681
   -7.5000  -37.5000   37.5000 9839.5508   25.8732
    0.0000  -37.5000   37.500010311.7900   25.9358
    7.5000  -37.5000   37.5000 9799.1572   25.9185
   -7.5000  -30.0000   37.500010609.1025   25.9099
    0.0000  -30.0000   37.500011088.3955   25.9716
    7.5000  -30.0000   37.500010574.9004   25.9510
   -7.5000  -22.5000   37.500011245.0986   25.8825
    0.0000  -22.5000   37.500011739.4297   25.9396
    7.5000  -22.5000   37.500011219.5986   25.9286
   -7.5000  -15.0000   37.500011797.9756   25.8232
    0.0000  -15.0000   37.500012335.9092   25.8753
    7.5000  -15.0000   37.500011787.3213   25.8759
   -7.5000   -7.5000   37.500012337.3730   25.7940
    0.0000   -7.5000   37.500012905.3203   25.8464
    7.5000   -7.5000   37.500012357.0410   25.8477
   -7.5000    0.0000   37.500012759.0820   25.8170
    0.0000    0.0000   37.500013355.0068   25.8752
    7.5000    0.0000   37.500012761.7197   25.8681
   -7.5000    7.5000   37.500012101.2354   25.8732
    0.0000    7.5000   37.500012664.4717   25.9358
    7.5000    7.5000   37.500012088.3818   25.9185
   -7.5000   15.0000   37.500011165.8867   25.9099
    0.0000   15.0000   37.500011654.9297   25.9716
    7.5000   15.0000   37.500011138.8193   25.9510
   -7.5000   22.5000   37.500010224.0010   25.8706
    0.0000   22.5000   37.500010662.8867   25.9276
    7.5000   22.5000   37.500010157.3564   25.9167
   -7.5000   30.0000   37.5000 9204.0928   25.4890
    0.0000   30.0000   37.5000 9589.1826   25.5404
    7.5000   30.0000   37.5000 9133.7256   25.5410
   -7.5000   37.5000   37.5000 8580.7295   25.4602
    0.0000   37.5000   37.5000 8929.7168   25.5119
    7.5000   37.5000   37.5000 8520.1250   25.5132
   -7.5000   45.0000   37.5000 7636.6318   24.8850
    0.0000   45.0000   37.5000 7949.4136   24.9410
    7.5000   45.0000   37.5000 7618.4438   24.9342
   -7.5000  -45.0000   45.0000 8478.1387   26.1458
    0.0000  -45.0000   45.0000 8867.5459   26.1996
    7.5000  -45.0000   45.0000 8432.7305   26.1852
   -7.5000  -37.5000   45.0000 8928.9248   26.2019
    0.0000  -37.5000   45.0000 9332.4492   26.2626
    7.5000  -37.5000   45.0000 8883.2051   26.2440
   -7.5000  -30.0000   45.0000 9630.0518   26.2461
    0.0000  -30.0000   45.000010062.6924   26.3072
    7.5000  -30.0000   45.0000 9587.8232   26.2858
   -7.5000  -22.5000   45.000010238.5410   26.2253
    0.0000  -22.5000   45.000010715.5449   26.2813
    7.5000  -22.5000   45.000010208.7373   26.2639
   -7.5000  -15.0000   45.000010769.8447   26.1668
    0.0000  -15.0000   45.000011257.9238   26.2161
    7.5000  -15.0000   45.000010747.4102   26.2047
   -7.5000   -7.5000   45.000011259.2080   26.1314
    0.0000   -7.5000   45.000011764.8330   26.1790
    7.5000   -7.5000   45.000011258.8213   26.1677
   -7.5000    0.0000   45.000011679.2285   26.1458
    0.0000    0.0000   45.000012209.4229   26.1996
    7.5000    0.0000   45.000011684.9287   26.1852
   -7.5000    7.5000   45.000011124.4541   26.2019
    0.0000    7.5000   45.000011665.1426   26.2626
    7.5000    7.5000   45.000011124.1377   26.2440
   -7.5000   15.0000   45.000010276.1445   26.2461
    0.0000   15.0000   45.000010734.4238   26.3072
    7.5000   15.0000   45.000010268.4453   26.2858
   -7.5000   22.5000   45.0000 9397.0664   26.2131
    0.0000   22.5000   45.0000 9800.6943   26.2691
    7.5000   22.5000   45.0000 9385.0205   26.2518
   -7.5000   30.0000   45.0000 8481.5957   25.8259
    0.0000   30.0000   45.0000 8841.8398   25.8745
    7.5000   30.0000   45.0000 8457.3008   25.8633
   -7.5000   37.5000   45.0000 7934.1890   25.7910
    0.0000   37.5000   45.0000 8263.6279   25.8379
    7.5000   37.5000   45.0000 7888.7798   25.8267
   -7.5000   45.0000   45.0000 7083.7490   25.2131
    0.0000   45.0000   45.0000 7385.0752   25.2650
    7.5000   45.0000   45.0000 7063.6177   25.2512

---------------------------------------------------------------------
imgreg_4dfp /opt/freesurfer/average/711-2C_as_mni_average_305 /opt/freesurfer/average/711-2B_as_mni_average_305_mask talsrcimg_g11 none talsrcimg_to_711-2C_as_mni_average_305_t4 4355
---------------------------------------------------------------------

freesurfer imgreg_4dfp.c
/opt/freesurfer/average/711-2C_as_mni_average_305.4dfp.img
       256       256       256         1
  1.000000  1.000000  1.000000
orientation T byte_order littleendian
Reading image: /opt/freesurfer/average/711-2C_as_mni_average_305.4dfp.img
dimensions:      256       256       256
mmppix:       1.0000   -1.0000   -1.0000
center:     128.0000 -129.0000 -129.0000
/opt/freesurfer/average/711-2B_as_mni_average_305_mask.4dfp.img
       256       256       256         1
  1.000000  1.000000  1.000000
orientation T byte_order littleendian
Reading mask: /opt/freesurfer/average/711-2B_as_mni_average_305_mask.4dfp.img (2306576 pixels)
talsrcimg_g11.4dfp.img
       256       256       256         1
  1.000000  1.000000  1.000000
orientation T byte_order littleendian
Reading image: talsrcimg_g11.4dfp.img
dimensions:      256       256       256
mmppix:       1.0000   -1.0000   -1.0000
center:     128.0000 -129.0000 -129.0000
rotation matrix determinant  1.000000
image alignment mode   4355 decimal     1103 hex
   -7.5000  -45.0000  -45.0000 2131.6218   21.7495
    0.0000  -45.0000  -45.0000 2147.5923   21.6366
    7.5000  -45.0000  -45.0000 2124.4160   21.8503
   -7.5000  -37.5000  -45.0000 2191.8354   20.6200
    0.0000  -37.5000  -45.0000 2204.9768   20.5000
    7.5000  -37.5000  -45.0000 2182.8237   20.6804
   -7.5000  -30.0000  -45.0000 2209.5098   19.8736
    0.0000  -30.0000  -45.0000 2225.6533   19.8039
    7.5000  -30.0000  -45.0000 2208.0483   19.9507
   -7.5000  -22.5000  -45.0000 2222.7161   19.5303
    0.0000  -22.5000  -45.0000 2240.5432   19.4489
    7.5000  -22.5000  -45.0000 2223.3103   19.6565
   -7.5000  -15.0000  -45.0000 2215.0645   19.6934
    0.0000  -15.0000  -45.0000 2229.4619   19.5587
    7.5000  -15.0000  -45.0000 2213.9714   19.7365
   -7.5000   -7.5000  -45.0000 2209.4788   19.8744
    0.0000   -7.5000  -45.0000 2224.0049   19.7304
    7.5000   -7.5000  -45.0000 2204.1570   19.9780
   -7.5000    0.0000  -45.0000 2181.2415   20.6225
    0.0000    0.0000  -45.0000 2201.8677   20.4382
    7.5000    0.0000  -45.0000 2177.7283   20.7056
   -7.5000    7.5000  -45.0000 2145.3511   21.6738
    0.0000    7.5000  -45.0000 2168.9243   21.4842
    7.5000    7.5000  -45.0000 2139.5186   21.7756
   -7.5000   15.0000  -45.0000 2085.6960   23.0679
    0.0000   15.0000  -45.0000 2105.2949   22.8671
    7.5000   15.0000  -45.0000 2080.1104   23.1836
   -7.5000   22.5000  -45.0000 2008.3290   24.9365
    0.0000   22.5000  -45.0000 2029.1350   24.6567
    7.5000   22.5000  -45.0000 2002.5952   25.1249
   -7.5000   30.0000  -45.0000 1903.0458   27.4944
    0.0000   30.0000  -45.0000 1922.6075   27.1287
    7.5000   30.0000  -45.0000 1895.3611   27.6559
   -7.5000   37.5000  -45.0000 1795.2014   30.9872
    0.0000   37.5000  -45.0000 1815.8276   30.5571
    7.5000   37.5000  -45.0000 1790.2225   31.0179
   -7.5000   45.0000  -45.0000 1667.3958   35.7145
    0.0000   45.0000  -45.0000 1677.9283   35.2546
    7.5000   45.0000  -45.0000 1656.5608   35.8164
   -7.5000  -45.0000  -37.5000 2229.5547   20.2857
    0.0000  -45.0000  -37.5000 2243.7783   20.1459
    7.5000  -45.0000  -37.5000 2219.7644   20.3680
   -7.5000  -37.5000  -37.5000 2290.6130   19.1561
    0.0000  -37.5000  -37.5000 2307.3887   19.1020
    7.5000  -37.5000  -37.5000 2275.3196   19.2337
   -7.5000  -30.0000  -37.5000 2316.5227   18.4711
    0.0000  -30.0000  -37.5000 2335.1709   18.4115
    7.5000  -30.0000  -37.5000 2303.1833   18.5236
   -7.5000  -22.5000  -37.5000 2326.1919   18.1531
    0.0000  -22.5000  -37.5000 2349.7388   18.1224
    7.5000  -22.5000  -37.5000 2320.1809   18.2090
   -7.5000  -15.0000  -37.5000 2321.6404   18.2279
    0.0000  -15.0000  -37.5000 2344.6096   18.1768
    7.5000  -15.0000  -37.5000 2320.3369   18.2563
   -7.5000   -7.5000  -37.5000 2314.0652   18.3696
    0.0000   -7.5000  -37.5000 2335.1160   18.3252
    7.5000   -7.5000  -37.5000 2313.7009   18.4589
   -7.5000    0.0000  -37.5000 2290.8994   18.9859
    0.0000    0.0000  -37.5000 2316.7427   18.8913
    7.5000    0.0000  -37.5000 2289.6572   19.0626
   -7.5000    7.5000  -37.5000 2253.5105   19.9639
    0.0000    7.5000  -37.5000 2273.9558   19.8514
    7.5000    7.5000  -37.5000 2248.6658   20.0507
   -7.5000   15.0000  -37.5000 2187.7048   21.3286
    0.0000   15.0000  -37.5000 2207.2229   21.1767
    7.5000   15.0000  -37.5000 2180.3992   21.4455
   -7.5000   22.5000  -37.5000 2102.0278   23.1176
    0.0000   22.5000  -37.5000 2123.4600   22.9424
    7.5000   22.5000  -37.5000 2094.7053   23.2767
   -7.5000   30.0000  -37.5000 1992.0128   25.4629
    0.0000   30.0000  -37.5000 2013.1655   25.2187
    7.5000   30.0000  -37.5000 1985.9712   25.5607
   -7.5000   37.5000  -37.5000 1878.0936   28.5749
    0.0000   37.5000  -37.5000 1898.5410   28.2875
    7.5000   37.5000  -37.5000 1872.5961   28.6284
   -7.5000   45.0000  -37.5000 1741.4741   32.8298
    0.0000   45.0000  -37.5000 1752.3203   32.4749
    7.5000   45.0000  -37.5000 1731.0507   32.8680
   -7.5000  -45.0000  -30.0000 2345.9075   19.5992
    0.0000  -45.0000  -30.0000 2360.3704   19.5097
    7.5000  -45.0000  -30.0000 2333.9543   19.6763
   -7.5000  -37.5000  -30.0000 2425.8674   18.3882
    0.0000  -37.5000  -30.0000 2441.4553   18.3358
    7.5000  -37.5000  -30.0000 2407.1047   18.4722
   -7.5000  -30.0000  -30.0000 2458.7810   17.7000
    0.0000  -30.0000  -30.0000 2478.3733   17.6454
    7.5000  -30.0000  -30.0000 2442.4836   17.7643
   -7.5000  -22.5000  -30.0000 2471.9968   17.3496
    0.0000  -22.5000  -30.0000 2496.2700   17.3388
    7.5000  -22.5000  -30.0000 2459.1221   17.4396
   -7.5000  -15.0000  -30.0000 2473.8313   17.3925
    0.0000  -15.0000  -30.0000 2501.6028   17.4013
    7.5000  -15.0000  -30.0000 2469.4617   17.4386
   -7.5000   -7.5000  -30.0000 2469.1035   17.6146
    0.0000   -7.5000  -30.0000 2494.0942   17.5964
    7.5000   -7.5000  -30.0000 2465.1604   17.6581
   -7.5000    0.0000  -30.0000 2440.4541   18.2158
    0.0000    0.0000  -30.0000 2468.4419   18.1679
    7.5000    0.0000  -30.0000 2437.4263   18.2966
   -7.5000    7.5000  -30.0000 2396.6379   19.1413
    0.0000    7.5000  -30.0000 2423.3325   19.1178
    7.5000    7.5000  -30.0000 2391.6790   19.2560
   -7.5000   15.0000  -30.0000 2327.5525   20.4522
    0.0000   15.0000  -30.0000 2351.8367   20.4008
    7.5000   15.0000  -30.0000 2321.0862   20.6064
   -7.5000   22.5000  -30.0000 2232.6208   22.1101
    0.0000   22.5000  -30.0000 2251.7190   22.0181
    7.5000   22.5000  -30.0000 2222.5027   22.2883
   -7.5000   30.0000  -30.0000 2111.8481   24.3471
    0.0000   30.0000  -30.0000 2129.0283   24.1790
    7.5000   30.0000  -30.0000 2103.0281   24.4776
   -7.5000   37.5000  -30.0000 1986.1057   27.2935
    0.0000   37.5000  -30.0000 2008.5865   27.0546
    7.5000   37.5000  -30.0000 1978.9597   27.4385
   -7.5000   45.0000  -30.0000 1839.5425   31.3826
    0.0000   45.0000  -30.0000 1858.2024   31.0703
    7.5000   45.0000  -30.0000 1830.3142   31.4736
   -7.5000  -45.0000  -22.5000 2437.7170   18.8022
    0.0000  -45.0000  -22.5000 2448.8096   18.8065
    7.5000  -45.0000  -22.5000 2422.2659   18.9228
   -7.5000  -37.5000  -22.5000 2519.4355   17.5750
    0.0000  -37.5000  -22.5000 2534.6108   17.5713
    7.5000  -37.5000  -22.5000 2508.5747   17.6680
   -7.5000  -30.0000  -22.5000 2564.2422   16.7956
    0.0000  -30.0000  -22.5000 2583.8423   16.7729
    7.5000  -30.0000  -22.5000 2555.9863   16.9189
   -7.5000  -22.5000  -22.5000 2593.3391   16.4157
    0.0000  -22.5000  -22.5000 2613.6096   16.4110
    7.5000  -22.5000  -22.5000 2582.0229   16.5375
   -7.5000  -15.0000  -22.5000 2604.8989   16.3481
    0.0000  -15.0000  -22.5000 2628.2749   16.3714
    7.5000  -15.0000  -22.5000 2587.4109   16.4379
   -7.5000   -7.5000  -22.5000 2601.8464   16.7029
    0.0000   -7.5000  -22.5000 2629.6340   16.7048
    7.5000   -7.5000  -22.5000 2589.1353   16.7572
   -7.5000    0.0000  -22.5000 2566.2759   17.3414
    0.0000    0.0000  -22.5000 2598.2356   17.3257
    7.5000    0.0000  -22.5000 2561.4375   17.3834
   -7.5000    7.5000  -22.5000 2517.8130   18.1840
    0.0000    7.5000  -22.5000 2545.9097   18.2070
    7.5000    7.5000  -22.5000 2510.6907   18.3031
   -7.5000   15.0000  -22.5000 2440.0918   19.4463
    0.0000   15.0000  -22.5000 2467.9390   19.4360
    7.5000   15.0000  -22.5000 2432.4910   19.6054
   -7.5000   22.5000  -22.5000 2340.0613   21.0492
    0.0000   22.5000  -22.5000 2363.3640   21.0103
    7.5000   22.5000  -22.5000 2334.0381   21.2341
   -7.5000   30.0000  -22.5000 2204.7676   23.1618
    0.0000   30.0000  -22.5000 2223.4844   23.0407
    7.5000   30.0000  -22.5000 2197.1675   23.3490
   -7.5000   37.5000  -22.5000 2067.3430   25.9793
    0.0000   37.5000  -22.5000 2081.5574   25.8192
    7.5000   37.5000  -22.5000 2061.2544   26.1909
   -7.5000   45.0000  -22.5000 1912.3027   29.7642
    0.0000   45.0000  -22.5000 1929.8760   29.5192
    7.5000   45.0000  -22.5000 1912.6849   29.8961
   -7.5000  -45.0000  -15.0000 2490.4099   18.1307
    0.0000  -45.0000  -15.0000 2506.2847   18.1268
    7.5000  -45.0000  -15.0000 2476.5747   18.2954
   -7.5000  -37.5000  -15.0000 2579.4766   16.8844
    0.0000  -37.5000  -15.0000 2600.6099   16.9005
    7.5000  -37.5000  -15.0000 2576.4722   17.0365
   -7.5000  -30.0000  -15.0000 2639.0500   16.0177
    0.0000  -30.0000  -15.0000 2657.0020   16.0022
    7.5000  -30.0000  -15.0000 2635.8728   16.2088
   -7.5000  -22.5000  -15.0000 2674.0112   15.5303
    0.0000  -22.5000  -15.0000 2698.8865   15.5255
    7.5000  -22.5000  -15.0000 2670.9800   15.6819
   -7.5000  -15.0000  -15.0000 2698.4578   15.3805
    0.0000  -15.0000  -15.0000 2725.9265   15.3987
    7.5000  -15.0000  -15.0000 2682.3677   15.5036
   -7.5000   -7.5000  -15.0000 2696.6584   15.7941
    0.0000   -7.5000  -15.0000 2731.1094   15.7993
    7.5000   -7.5000  -15.0000 2683.6470   15.8951
   -7.5000    0.0000  -15.0000 2664.3757   16.4460
    0.0000    0.0000  -15.0000 2702.7009   16.4729
    7.5000    0.0000  -15.0000 2656.2039   16.5493
   -7.5000    7.5000  -15.0000 2613.5261   17.3225
    0.0000    7.5000  -15.0000 2646.1492   17.3132
    7.5000    7.5000  -15.0000 2606.0583   17.4610
   -7.5000   15.0000  -15.0000 2524.7854   18.5030
    0.0000   15.0000  -15.0000 2553.9761   18.4664
    7.5000   15.0000  -15.0000 2518.7334   18.6424
   -7.5000   22.5000  -15.0000 2409.3860   20.1110
    0.0000   22.5000  -15.0000 2439.5510   20.0837
    7.5000   22.5000  -15.0000 2404.9795   20.3040
   -7.5000   30.0000  -15.0000 2272.1880   22.2032
    0.0000   30.0000  -15.0000 2297.8296   22.1802
    7.5000   30.0000  -15.0000 2266.7122   22.3757
   -7.5000   37.5000  -15.0000 2123.0940   24.8792
    0.0000   37.5000  -15.0000 2136.8831   24.8349
    7.5000   37.5000  -15.0000 2118.5471   25.0548
   -7.5000   45.0000  -15.0000 1956.2065   28.4802
    0.0000   45.0000  -15.0000 1973.9563   28.2951
    7.5000   45.0000  -15.0000 1956.4039   28.5739
   -7.5000  -45.0000   -7.5000 2523.0261   17.6078
    0.0000  -45.0000   -7.5000 2543.1792   17.6229
    7.5000  -45.0000   -7.5000 2512.4529   17.8474
   -7.5000  -37.5000   -7.5000 2626.1733   16.3668
    0.0000  -37.5000   -7.5000 2654.8167   16.3487
    7.5000  -37.5000   -7.5000 2624.0830   16.5679
   -7.5000  -30.0000   -7.5000 2701.7593   15.4613
    0.0000  -30.0000   -7.5000 2734.7715   15.4717
    7.5000  -30.0000   -7.5000 2700.4565   15.6531
   -7.5000  -22.5000   -7.5000 2749.2249   14.8528
    0.0000  -22.5000   -7.5000 2784.5889   14.8613
    7.5000  -22.5000   -7.5000 2746.2961   15.0166
   -7.5000  -15.0000   -7.5000 2784.6250   14.6241
    0.0000  -15.0000   -7.5000 2818.2305   14.5977
    7.5000  -15.0000   -7.5000 2772.3281   14.7898
   -7.5000   -7.5000   -7.5000 2782.8149   15.0448
    0.0000   -7.5000   -7.5000 2819.5229   14.9937
    7.5000   -7.5000   -7.5000 2770.8574   15.1770
   -7.5000    0.0000   -7.5000 2747.6428   15.6848
    0.0000    0.0000   -7.5000 2780.2273   15.6390
    7.5000    0.0000   -7.5000 2741.1526   15.8064
   -7.5000    7.5000   -7.5000 2680.4109   16.5799
    0.0000    7.5000   -7.5000 2712.7200   16.5212
    7.5000    7.5000   -7.5000 2678.5127   16.6898
   -7.5000   15.0000   -7.5000 2585.7676   17.8087
    0.0000   15.0000   -7.5000 2616.5493   17.7861
    7.5000   15.0000   -7.5000 2581.7917   17.9443
   -7.5000   22.5000   -7.5000 2464.9773   19.4446
    0.0000   22.5000   -7.5000 2490.9329   19.4333
    7.5000   22.5000   -7.5000 2459.8857   19.6042
   -7.5000   30.0000   -7.5000 2328.0142   21.4669
    0.0000   30.0000   -7.5000 2351.2012   21.4533
    7.5000   30.0000   -7.5000 2322.5886   21.6348
   -7.5000   37.5000   -7.5000 2166.1951   24.0952
    0.0000   37.5000   -7.5000 2186.9944   23.9923
    7.5000   37.5000   -7.5000 2162.4758   24.2511
   -7.5000   45.0000   -7.5000 1992.7949   27.5395
    0.0000   45.0000   -7.5000 2010.3938   27.3961
    7.5000   45.0000   -7.5000 1987.7565   27.6838
   -7.5000  -45.0000    0.0000 2535.1921   17.3838
    0.0000  -45.0000    0.0000 2557.1169   17.3677
    7.5000  -45.0000    0.0000 2521.5112   17.6587
   -7.5000  -37.5000    0.0000 2646.6724   16.1090
    0.0000  -37.5000    0.0000 2675.4373   16.1009
    7.5000  -37.5000    0.0000 2639.7288   16.3726
   -7.5000  -30.0000    0.0000 2742.0134   15.2187
    0.0000  -30.0000    0.0000 2779.7361   15.2202
    7.5000  -30.0000    0.0000 2735.6353   15.4584
   -7.5000  -22.5000    0.0000 2800.2993   14.5170
    0.0000  -22.5000    0.0000 2849.6973   14.4449
    7.5000  -22.5000    0.0000 2795.3728   14.7194
   -7.5000  -15.0000    0.0000 2844.9150   14.1490
    0.0000  -15.0000    0.0000 2884.3911   14.0255
    7.5000  -15.0000    0.0000 2828.4172   14.3309
   -7.5000   -7.5000    0.0000 2843.8076   14.5290
    0.0000   -7.5000    0.0000 2882.2256   14.3583
    7.5000   -7.5000    0.0000 2828.5181   14.7185
   -7.5000    0.0000    0.0000 2797.0374   15.2652
    0.0000    0.0000    0.0000 2834.0193   15.1004
    7.5000    0.0000    0.0000 2792.7039   15.4235
   -7.5000    7.5000    0.0000 2729.9458   16.2239
    0.0000    7.5000    0.0000 2760.2844   16.1175
    7.5000    7.5000    0.0000 2730.7402   16.3761
   -7.5000   15.0000    0.0000 2627.1431   17.5167
    0.0000   15.0000    0.0000 2655.4077   17.4075
    7.5000   15.0000    0.0000 2623.5884   17.6376
   -7.5000   22.5000    0.0000 2501.6125   19.1369
    0.0000   22.5000    0.0000 2529.5054   19.0281
    7.5000   22.5000    0.0000 2496.4031   19.2551
   -7.5000   30.0000    0.0000 2357.4270   21.1249
    0.0000   30.0000    0.0000 2387.2922   21.0346
    7.5000   30.0000    0.0000 2353.2805   21.2531
   -7.5000   37.5000    0.0000 2192.9919   23.6632
    0.0000   37.5000    0.0000 2217.3767   23.5483
    7.5000   37.5000    0.0000 2189.4517   23.8081
   -7.5000   45.0000    0.0000 2011.7172   26.9384
    0.0000   45.0000    0.0000 2031.8694   26.7350
    7.5000   45.0000    0.0000 2008.3264   27.0221
   -7.5000  -45.0000    7.5000 2526.9207   17.3436
    0.0000  -45.0000    7.5000 2549.7488   17.2779
    7.5000  -45.0000    7.5000 2512.3767   17.6720
   -7.5000  -37.5000    7.5000 2642.7129   16.0506
    0.0000  -37.5000    7.5000 2671.1804   15.9886
    7.5000  -37.5000    7.5000 2630.7292   16.3733
   -7.5000  -30.0000    7.5000 2744.3293   15.1419
    0.0000  -30.0000    7.5000 2779.7466   15.1189
    7.5000  -30.0000    7.5000 2735.7429   15.4908
   -7.5000  -22.5000    7.5000 2824.7112   14.4942
    0.0000  -22.5000    7.5000 2874.5491   14.3911
    7.5000  -22.5000    7.5000 2814.8965   14.8000
   -7.5000  -15.0000    7.5000 2875.6506   13.9999
    0.0000  -15.0000    7.5000 2906.8477   13.6566
    7.5000  -15.0000    7.5000 2859.6382   14.3441
   -7.5000   -7.5000    7.5000 2885.1360   14.3156
    0.0000   -7.5000    7.5000 2910.8210   14.0125
    7.5000   -7.5000    7.5000 2871.7205   14.5565
   -7.5000    0.0000    7.5000 2833.1228   15.1529
    0.0000    0.0000    7.5000 2863.1555   14.9488
    7.5000    0.0000    7.5000 2827.6240   15.2964
   -7.5000    7.5000    7.5000 2753.9839   16.1856
    0.0000    7.5000    7.5000 2784.6829   16.0131
    7.5000    7.5000    7.5000 2752.3462   16.2713
   -7.5000   15.0000    7.5000 2645.4043   17.4505
    0.0000   15.0000    7.5000 2671.5605   17.3011
    7.5000   15.0000    7.5000 2639.5771   17.4949
   -7.5000   22.5000    7.5000 2511.9788   19.0679
    0.0000   22.5000    7.5000 2538.7817   18.9537
    7.5000   22.5000    7.5000 2507.1504   19.1199
   -7.5000   30.0000    7.5000 2368.2087   21.0617
    0.0000   30.0000    7.5000 2396.3513   20.9547
    7.5000   30.0000    7.5000 2364.2510   21.1460
   -7.5000   37.5000    7.5000 2202.4072   23.4963
    0.0000   37.5000    7.5000 2225.2017   23.3482
    7.5000   37.5000    7.5000 2201.8271   23.5846
   -7.5000   45.0000    7.5000 2020.4187   26.6595
    0.0000   45.0000    7.5000 2036.9469   26.4277
    7.5000   45.0000    7.5000 2016.2866   26.7205
   -7.5000  -45.0000   15.0000 2493.2781   17.5287
    0.0000  -45.0000   15.0000 2513.6567   17.4039
    7.5000  -45.0000   15.0000 2480.6179   17.9376
   -7.5000  -37.5000   15.0000 2606.9897   16.2454
    0.0000  -37.5000   15.0000 2630.7456   16.0934
    7.5000  -37.5000   15.0000 2602.8618   16.6709
   -7.5000  -30.0000   15.0000 2712.8682   15.4396
    0.0000  -30.0000   15.0000 2738.6843   15.2929
    7.5000  -30.0000   15.0000 2716.1992   15.8435
   -7.5000  -22.5000   15.0000 2809.7209   14.8635
    0.0000  -22.5000   15.0000 2849.1504   14.7069
    7.5000  -22.5000   15.0000 2807.1023   15.2799
   -7.5000  -15.0000   15.0000 2877.5886   14.5714
    0.0000  -15.0000   15.0000 2910.9075   14.3378
    7.5000  -15.0000   15.0000 2861.1187   14.8985
   -7.5000   -7.5000   15.0000 2892.4148   14.7832
    0.0000   -7.5000   15.0000 2929.1458   14.5890
    7.5000   -7.5000   15.0000 2865.9529   14.9807
   -7.5000    0.0000   15.0000 2834.7231   15.3745
    0.0000    0.0000   15.0000 2866.9238   15.2095
    7.5000    0.0000   15.0000 2819.8474   15.4715
   -7.5000    7.5000   15.0000 2742.1658   16.2590
    0.0000    7.5000   15.0000 2768.7549   16.0681
    7.5000    7.5000   15.0000 2741.3926   16.2944
   -7.5000   15.0000   15.0000 2627.5012   17.5071
    0.0000   15.0000   15.0000 2653.1943   17.3384
    7.5000   15.0000   15.0000 2627.6521   17.5264
   -7.5000   22.5000   15.0000 2499.2068   19.1027
    0.0000   22.5000   15.0000 2522.0569   19.0003
    7.5000   22.5000   15.0000 2496.0000   19.1507
   -7.5000   30.0000   15.0000 2354.2427   21.0924
    0.0000   30.0000   15.0000 2381.2942   21.0295
    7.5000   30.0000   15.0000 2350.8281   21.1729
   -7.5000   37.5000   15.0000 2188.6152   23.5051
    0.0000   37.5000   15.0000 2210.1309   23.4666
    7.5000   37.5000   15.0000 2185.4827   23.6031
   -7.5000   45.0000   15.0000 2009.9078   26.6228
    0.0000   45.0000   15.0000 2024.1964   26.5599
    7.5000   45.0000   15.0000 2010.4113   26.6668
   -7.5000  -45.0000   22.5000 2457.1829   18.3062
    0.0000  -45.0000   22.5000 2475.9802   18.1455
    7.5000  -45.0000   22.5000 2454.5764   18.7701
   -7.5000  -37.5000   22.5000 2585.4351   17.1208
    0.0000  -37.5000   22.5000 2611.4124   17.0444
    7.5000  -37.5000   22.5000 2583.1252   17.5657
   -7.5000  -30.0000   22.5000 2691.4744   16.2657
    0.0000  -30.0000   22.5000 2722.6941   16.2068
    7.5000  -30.0000   22.5000 2682.9338   16.6623
   -7.5000  -22.5000   22.5000 2774.2078   15.5443
    0.0000  -22.5000   22.5000 2811.0671   15.4883
    7.5000  -22.5000   22.5000 2762.5242   15.9531
   -7.5000  -15.0000   22.5000 2827.3994   15.2566
    0.0000  -15.0000   22.5000 2859.6458   15.2411
    7.5000  -15.0000   22.5000 2814.1199   15.5924
   -7.5000   -7.5000   22.5000 2838.2827   15.4163
    0.0000   -7.5000   22.5000 2875.3760   15.4083
    7.5000   -7.5000   22.5000 2821.1265   15.6200
   -7.5000    0.0000   22.5000 2792.9160   15.8729
    0.0000    0.0000   22.5000 2828.0625   15.8801
    7.5000    0.0000   22.5000 2779.8179   16.0542
   -7.5000    7.5000   22.5000 2697.8311   16.7307
    0.0000    7.5000   22.5000 2730.3381   16.7001
    7.5000    7.5000   22.5000 2696.4426   16.8856
   -7.5000   15.0000   22.5000 2586.9980   17.9081
    0.0000   15.0000   22.5000 2616.7698   17.8238
    7.5000   15.0000   22.5000 2586.8423   17.9944
   -7.5000   22.5000   22.5000 2466.5754   19.4902
    0.0000   22.5000   22.5000 2497.5481   19.3642
    7.5000   22.5000   22.5000 2467.6484   19.5432
   -7.5000   30.0000   22.5000 2325.7158   21.4331
    0.0000   30.0000   22.5000 2349.1819   21.2864
    7.5000   30.0000   22.5000 2327.7466   21.4587
   -7.5000   37.5000   22.5000 2165.6538   23.7855
    0.0000   37.5000   22.5000 2185.9084   23.5777
    7.5000   37.5000   22.5000 2164.3123   23.8050
   -7.5000   45.0000   22.5000 1989.6151   26.8779
    0.0000   45.0000   22.5000 2014.0499   26.6491
    7.5000   45.0000   22.5000 1989.3180   26.9241
   -7.5000  -45.0000   30.0000 2437.4641   19.5240
    0.0000  -45.0000   30.0000 2461.2056   19.5295
    7.5000  -45.0000   30.0000 2421.9792   19.9522
   -7.5000  -37.5000   30.0000 2553.2952   18.2688
    0.0000  -37.5000   30.0000 2576.2664   18.2288
    7.5000  -37.5000   30.0000 2536.0527   18.6464
   -7.5000  -30.0000   30.0000 2642.9771   17.2256
    0.0000  -30.0000   30.0000 2671.2461   17.1202
    7.5000  -30.0000   30.0000 2628.9229   17.5583
   -7.5000  -22.5000   30.0000 2712.0449   16.4319
    0.0000  -22.5000   30.0000 2741.3997   16.3052
    7.5000  -22.5000   30.0000 2696.4685   16.7370
   -7.5000  -15.0000   30.0000 2747.9287   16.0719
    0.0000  -15.0000   30.0000 2774.2871   15.9837
    7.5000  -15.0000   30.0000 2734.8501   16.3678
   -7.5000   -7.5000   30.0000 2750.2727   16.1463
    0.0000   -7.5000   30.0000 2782.4717   16.0411
    7.5000   -7.5000   30.0000 2740.4084   16.3592
   -7.5000    0.0000   30.0000 2708.3960   16.6681
    0.0000    0.0000   30.0000 2744.8752   16.5503
    7.5000    0.0000   30.0000 2701.4883   16.8342
   -7.5000    7.5000   30.0000 2626.4771   17.5647
    0.0000    7.5000   30.0000 2659.7395   17.4847
    7.5000    7.5000   30.0000 2626.1240   17.6990
   -7.5000   15.0000   30.0000 2526.7190   18.6725
    0.0000   15.0000   30.0000 2555.6208   18.6240
    7.5000   15.0000   30.0000 2527.3857   18.8129
   -7.5000   22.5000   30.0000 2414.7705   20.1105
    0.0000   22.5000   30.0000 2439.9104   20.0457
    7.5000   22.5000   30.0000 2415.8630   20.2571
   -7.5000   30.0000   30.0000 2274.8152   21.9675
    0.0000   30.0000   30.0000 2298.5977   21.8825
    7.5000   30.0000   30.0000 2274.3657   22.0763
   -7.5000   37.5000   30.0000 2120.6116   24.3071
    0.0000   37.5000   30.0000 2145.9204   24.1417
    7.5000   37.5000   30.0000 2117.8755   24.3751
   -7.5000   45.0000   30.0000 1961.6881   27.3520
    0.0000   45.0000   30.0000 1981.5397   27.1290
    7.5000   45.0000   30.0000 1960.6466   27.4283
   -7.5000  -45.0000   37.5000 2393.3560   20.9263
    0.0000  -45.0000   37.5000 2413.1912   20.8745
    7.5000  -45.0000   37.5000 2370.6841   21.2966
   -7.5000  -37.5000   37.5000 2494.9202   19.4733
    0.0000  -37.5000   37.5000 2519.0652   19.3971
    7.5000  -37.5000   37.5000 2477.7805   19.8203
   -7.5000  -30.0000   37.5000 2578.2051   18.2914
    0.0000  -30.0000   37.5000 2606.1460   18.1595
    7.5000  -30.0000   37.5000 2564.0500   18.6163
   -7.5000  -22.5000   37.5000 2636.5076   17.4698
    0.0000  -22.5000   37.5000 2662.9409   17.3747
    7.5000  -22.5000   37.5000 2620.7366   17.7818
   -7.5000  -15.0000   37.5000 2663.9412   17.0896
    0.0000  -15.0000   37.5000 2689.8091   17.0058
    7.5000  -15.0000   37.5000 2650.1685   17.3542
   -7.5000   -7.5000   37.5000 2654.4917   17.1191
    0.0000   -7.5000   37.5000 2687.4326   17.0058
    7.5000   -7.5000   37.5000 2652.8176   17.3195
   -7.5000    0.0000   37.5000 2612.8215   17.6138
    0.0000    0.0000   37.5000 2647.4451   17.5175
    7.5000    0.0000   37.5000 2610.5217   17.8122
   -7.5000    7.5000   37.5000 2548.2361   18.5082
    0.0000    7.5000   37.5000 2582.1929   18.3897
    7.5000    7.5000   37.5000 2546.4438   18.6417
   -7.5000   15.0000   37.5000 2456.2170   19.6489
    0.0000   15.0000   37.5000 2482.3979   19.5620
    7.5000   15.0000   37.5000 2459.7295   19.7973
   -7.5000   22.5000   37.5000 2351.0730   21.0997
    0.0000   22.5000   37.5000 2375.5000   21.0244
    7.5000   22.5000   37.5000 2351.1262   21.1922
   -7.5000   30.0000   37.5000 2213.9392   22.9612
    0.0000   30.0000   37.5000 2234.0005   22.8477
    7.5000   30.0000   37.5000 2214.1345   23.0246
   -7.5000   37.5000   37.5000 2074.8721   25.2384
    0.0000   37.5000   37.5000 2089.2346   25.0948
    7.5000   37.5000   37.5000 2071.5596   25.3025
   -7.5000   45.0000   37.5000 1920.4204   28.3211
    0.0000   45.0000   37.5000 1936.0438   28.1096
    7.5000   45.0000   37.5000 1924.1324   28.4477
   -7.5000  -45.0000   45.0000 2329.4756   22.4651
    0.0000  -45.0000   45.0000 2350.1575   22.3949
    7.5000  -45.0000   45.0000 2307.1658   22.7396
   -7.5000  -37.5000   45.0000 2421.4434   20.8616
    0.0000  -37.5000   45.0000 2441.0493   20.7432
    7.5000  -37.5000   45.0000 2404.0764   21.1443
   -7.5000  -30.0000   45.0000 2494.3521   19.6162
    0.0000  -30.0000   45.0000 2516.6736   19.5019
    7.5000  -30.0000   45.0000 2479.0110   19.9034
   -7.5000  -22.5000   45.0000 2544.7979   18.7828
    0.0000  -22.5000   45.0000 2567.4177   18.7226
    7.5000  -22.5000   45.0000 2530.3870   19.0855
   -7.5000  -15.0000   45.0000 2563.4109   18.3686
    0.0000  -15.0000   45.0000 2590.1687   18.2845
    7.5000  -15.0000   45.0000 2554.7639   18.6196
   -7.5000   -7.5000   45.0000 2554.9114   18.3680
    0.0000   -7.5000   45.0000 2584.2095   18.2503
    7.5000   -7.5000   45.0000 2553.1667   18.5576
   -7.5000    0.0000   45.0000 2513.8384   18.8632
    0.0000    0.0000   45.0000 2542.9397   18.7701
    7.5000    0.0000   45.0000 2514.4675   19.0740
   -7.5000    7.5000   45.0000 2459.7468   19.6917
    0.0000    7.5000   45.0000 2493.7222   19.5835
    7.5000    7.5000   45.0000 2459.4382   19.8434
   -7.5000   15.0000   45.0000 2376.2192   20.7669
    0.0000   15.0000   45.0000 2399.0505   20.6580
    7.5000   15.0000   45.0000 2380.0530   20.9074
   -7.5000   22.5000   45.0000 2272.4524   22.2752
    0.0000   22.5000   45.0000 2291.4194   22.1796
    7.5000   22.5000   45.0000 2276.4629   22.3754
   -7.5000   30.0000   45.0000 2141.2898   24.2202
    0.0000   30.0000   45.0000 2159.7664   24.0910
    7.5000   30.0000   45.0000 2143.9209   24.2790
   -7.5000   37.5000   45.0000 2007.2047   26.6039
    0.0000   37.5000   45.0000 2022.1019   26.4263
    7.5000   37.5000   45.0000 2004.5742   26.6371
   -7.5000   45.0000   45.0000 1868.8141   29.7115
    0.0000   45.0000   45.0000 1887.0150   29.4588
    7.5000   45.0000   45.0000 1873.3959   29.7881

---------------------------------------------------------------------
imgreg_4dfp /opt/freesurfer/average/711-2C_as_mni_average_305 /opt/freesurfer/average/711-2B_as_mni_average_305_mask talsrcimg_g11 none talsrcimg_to_711-2C_as_mni_average_305_t4 1283
---------------------------------------------------------------------

freesurfer imgreg_4dfp.c
/opt/freesurfer/average/711-2C_as_mni_average_305.4dfp.img
       256       256       256         1
  1.000000  1.000000  1.000000
orientation T byte_order littleendian
Reading image: /opt/freesurfer/average/711-2C_as_mni_average_305.4dfp.img
dimensions:      256       256       256
mmppix:       1.0000   -1.0000   -1.0000
center:     128.0000 -129.0000 -129.0000
/opt/freesurfer/average/711-2B_as_mni_average_305_mask.4dfp.img
       256       256       256         1
  1.000000  1.000000  1.000000
orientation T byte_order littleendian
Reading mask: /opt/freesurfer/average/711-2B_as_mni_average_305_mask.4dfp.img (2306576 pixels)
talsrcimg_g11.4dfp.img
       256       256       256         1
  1.000000  1.000000  1.000000
orientation T byte_order littleendian
Reading image: talsrcimg_g11.4dfp.img
dimensions:      256       256       256
mmppix:       1.0000   -1.0000   -1.0000
center:     128.0000 -129.0000 -129.0000
rotation matrix determinant  1.000000
fimgreg.f
image alignment mode   1283 decimal      503 hex
parameters
    0.0000   -7.5000   15.0000    0.0000    0.0000    0.0000
eta,q 0.92021 14.61289
niter,ni,del,rscale     5    3   12.0000    1.2000
parameter  4  2.231050 ->  0.500000 qaram    1.1500
parameters
   -0.6424   -9.3062   14.8071   -3.4500   -0.1931   -1.8045
eta,q 0.91838 14.68784
  0.0926  0.0858  0.0905  0.0800  0.0854  0.0826
  0.0890  0.0853  0.0885  0.0813  0.0827  0.0817
  0.0864  0.0843  0.0847  0.0825  0.0818  0.0816
  0.0847  0.0846  0.0844  0.0840  0.0817  0.0817
  0.0864  0.0855  0.0850  0.0868  0.0820  0.0823
  0.0915  0.0879  0.0875  0.0894  0.0832  0.0835
  0.0977  0.0931  0.0925  0.0913  0.0858  0.0854
niter,ni,del,rscale     5    3   12.0000    1.2000
parameters
   -0.4333   -7.9228   14.7276   -6.3039   -0.2356   -1.0614
eta,q 0.92027 14.65298
  0.0895  0.0884  0.0877  0.0816  0.0835  0.0844
  0.0855  0.0848  0.0851  0.0801  0.0815  0.0823
  0.0825  0.0824  0.0807  0.0798  0.0804  0.0809
  0.0816  0.0816  0.0805  0.0804  0.0799  0.0799
  0.0817  0.0801  0.0810  0.0825  0.0803  0.0798
  0.0837  0.0807  0.0831  0.0865  0.0813  0.0809
  0.0892  0.0842  0.0896  0.0897  0.0838  0.0828
niter,ni,del,rscale     4    3   12.0000    1.2000
parameters
   -0.4578   -7.2905   14.2045   -6.1908    0.2243   -1.2489
eta,q 0.92111 14.65208
  0.0862  0.0903  0.0875  0.0867  0.0838  0.0822
  0.0822  0.0833  0.0833  0.0812  0.0813  0.0807
  0.0800  0.0797  0.0789  0.0798  0.0798  0.0795
  0.0797  0.0797  0.0794  0.0790  0.0790  0.0789
  0.0800  0.0787  0.0812  0.0796  0.0791  0.0793
  0.0816  0.0807  0.0846  0.0818  0.0802  0.0806
  0.0868  0.0861  0.0915  0.0857  0.0827  0.0831
niter,ni,del,rscale     3    3   12.0000    1.2000
parameters
   -0.6387   -7.2916   14.0169   -6.2509    0.3462   -1.1978
eta,q 0.92132 14.61580
  0.0857  0.0875  0.0873  0.0860  0.0833  0.0824
  0.0815  0.0810  0.0845  0.0809  0.0810  0.0807
  0.0791  0.0793  0.0794  0.0797  0.0795  0.0794
  0.0789  0.0788  0.0788  0.0787  0.0787  0.0787
  0.0797  0.0787  0.0807  0.0795  0.0791  0.0791
  0.0816  0.0819  0.0833  0.0819  0.0804  0.0803
  0.0868  0.0871  0.0895  0.0859  0.0832  0.0826
niter,ni,del,rscale     2    3   12.0000    1.2000
parameters
   -0.6509   -7.2739   13.9422   -6.2617    0.3644   -1.2133
eta,q 0.92138 14.60488
  0.0860  0.0875  0.0873  0.0862  0.0832  0.0823
  0.0817  0.0808  0.0849  0.0809  0.0808  0.0806
  0.0790  0.0791  0.0796  0.0797  0.0794  0.0793
  0.0787  0.0787  0.0787  0.0786  0.0786  0.0786
  0.0795  0.0786  0.0806  0.0794  0.0791  0.0791
  0.0813  0.0818  0.0830  0.0818  0.0805  0.0803
  0.0862  0.0869  0.0889  0.0857  0.0834  0.0826
niter,ni,del,rscale     1    3   12.0000    1.2000
parameters
   -0.6552   -7.2707   13.9164   -6.2678    0.3697   -1.2147
eta,q 0.92140 14.60074
  0.0860  0.0875  0.0872  0.0862  0.0832  0.0823
  0.0816  0.0807  0.0851  0.0809  0.0808  0.0806
  0.0790  0.0791  0.0797  0.0797  0.0794  0.0793
  0.0786  0.0786  0.0786  0.0786  0.0786  0.0786
  0.0795  0.0786  0.0805  0.0794  0.0791  0.0790
  0.0813  0.0818  0.0829  0.0818  0.0806  0.0802
  0.0861  0.0869  0.0887  0.0857  0.0834  0.0826
registration optimization eta report
parameter search radius
    6.0000    6.0000    6.0000    6.9000    6.0000    6.0000
100000*second partial in parameter space
       21.       25.       25.       15.       13.       10.
  0.0860  0.0875  0.0872  0.0862  0.0832  0.0823
  0.0816  0.0807  0.0851  0.0809  0.0808  0.0806
  0.0790  0.0791  0.0797  0.0797  0.0794  0.0793
  0.0786  0.0786  0.0786  0.0786  0.0786  0.0786
  0.0795  0.0786  0.0805  0.0794  0.0791  0.0790
  0.0813  0.0818  0.0829  0.0818  0.0806  0.0802
  0.0861  0.0869  0.0887  0.0857  0.0834  0.0826
   -0.6552   -7.2707   13.9164   -6.2678    0.3697   -1.2147
eta,q 0.92140 14.60074

---------------------------------------------------------------------
imgreg_4dfp /opt/freesurfer/average/711-2C_as_mni_average_305 /opt/freesurfer/average/711-2B_as_mni_average_305_mask talsrcimg_g11 none talsrcimg_to_711-2C_as_mni_average_305_t4 3335
---------------------------------------------------------------------

freesurfer imgreg_4dfp.c
/opt/freesurfer/average/711-2C_as_mni_average_305.4dfp.img
       256       256       256         1
  1.000000  1.000000  1.000000
orientation T byte_order littleendian
Reading image: /opt/freesurfer/average/711-2C_as_mni_average_305.4dfp.img
dimensions:      256       256       256
mmppix:       1.0000   -1.0000   -1.0000
center:     128.0000 -129.0000 -129.0000
/opt/freesurfer/average/711-2B_as_mni_average_305_mask.4dfp.img
       256       256       256         1
  1.000000  1.000000  1.000000
orientation T byte_order littleendian
Reading mask: /opt/freesurfer/average/711-2B_as_mni_average_305_mask.4dfp.img (2306576 pixels)
talsrcimg_g11.4dfp.img
       256       256       256         1
  1.000000  1.000000  1.000000
orientation T byte_order littleendian
Reading image: talsrcimg_g11.4dfp.img
dimensions:      256       256       256
mmppix:       1.0000   -1.0000   -1.0000
center:     128.0000 -129.0000 -129.0000
fimgreg.f
image alignment mode   3335 decimal      D07 hex
parameters
   -0.6552   -7.2707   13.9164   -0.0246   -0.6216   -0.5998
    2.1777   -0.4098   -2.1199   10.9287    0.6452  -10.9173
eta,q 0.92425 14.39248
niter,ni,del,rscale     5    3    5.0000    1.2000
parameter  4  4.528050 ->  0.500000 qaram    1.1500
parameter  5  2.205368 ->  0.500000 qaram    1.1500
parameter  6  0.823886 ->  0.500000 qaram    1.1500
parameter 12 -0.776377 -> -0.500000 qaram    1.1500
parameters
   -1.0039   -6.7313   13.5278   -4.1646   -4.7616   -4.7398
    2.7380   -0.6283   -1.6104   11.4501   -1.7387   -6.7773
eta,q 0.93993 13.93687
  0.0771  0.0777  0.0767  0.0637  0.0622  0.0608  0.0640  0.0658  0.0629  0.0653  0.0617  0.0652
  0.0762  0.0768  0.0760  0.0671  0.0639  0.0612  0.0627  0.0635  0.0620  0.0635  0.0612  0.0636
  0.0758  0.0761  0.0757  0.0712  0.0659  0.0617  0.0617  0.0619  0.0615  0.0621  0.0611  0.0622
  0.0757  0.0757  0.0756  0.0756  0.0682  0.0644  0.0613  0.0613  0.0613  0.0613  0.0612  0.0611
  0.0761  0.0757  0.0760  0.0803  0.0710  0.0697  0.0614  0.0620  0.0614  0.0613  0.0616  0.0603
  0.0769  0.0759  0.0767  0.0853  0.0743  0.0757  0.0621  0.0638  0.0618  0.0624  0.0624  0.0600
  0.0781  0.0765  0.0777  0.0905  0.0778  0.0817  0.0633  0.0664  0.0625  0.0646  0.0634  0.0602
niter,ni,del,rscale     7    3    5.0000    1.2000
parameter  2  0.532504 ->  0.500000 qaram    1.1500
parameter  3  2.100908 ->  0.500000 qaram    1.1500
parameter  4  1.627362 ->  0.500000 qaram    1.3225
parameter  5  2.385755 ->  0.500000 qaram    1.3225
parameter  6  0.638686 ->  0.500000 qaram    1.3225
parameter 10  0.529842 ->  0.500000 qaram    1.1500
parameter 12  0.679016 ->  0.500000 qaram    1.3225
parameters
   -1.2113   -8.1113   12.1478   -8.9256   -9.5226   -9.5008
    3.0769   -0.0354   -1.6124    7.3101   -4.5201  -11.5383
eta,q 0.95374 13.24934
  0.0622  0.0599  0.0568  0.0499  0.0468  0.0463  0.0496  0.0509  0.0482  0.0470  0.0469  0.0464
  0.0609  0.0596  0.0574  0.0519  0.0483  0.0470  0.0483  0.0490  0.0477  0.0468  0.0468  0.0462
  0.0602  0.0597  0.0584  0.0543  0.0504  0.0477  0.0475  0.0478  0.0473  0.0468  0.0467  0.0464
  0.0601  0.0600  0.0596  0.0577  0.0525  0.0488  0.0472  0.0472  0.0472  0.0472  0.0468  0.0467
  0.0605  0.0607  0.0610  0.0619  0.0546  0.0512  0.0474  0.0474  0.0473  0.0482  0.0469  0.0474
  0.0615  0.0617  0.0624  0.0668  0.0578  0.0561  0.0481  0.0482  0.0476  0.0498  0.0471  0.0483
  0.0630  0.0631  0.0641  0.0724  0.0609  0.0636  0.0492  0.0500  0.0483  0.0520  0.0473  0.0493
niter,ni,del,rscale     7    3    5.0000    1.2000
parameter  2  2.439223 ->  0.500000 qaram    1.3225
parameter  3  4.502210 ->  0.500000 qaram    1.3225
parameter  4  1.106715 ->  0.500000 qaram    1.5209
parameter  5  0.561658 ->  0.500000 qaram    1.5209
parameters
   -0.7153   -9.6983   10.5608  -14.4007  -14.9977  -11.3041
    2.7561    0.4392   -2.0245    7.2061   -2.3519  -11.8637
eta,q 0.96820 12.84136
  0.0496  0.0414  0.0348  0.0326  0.0341  0.0351  0.0347  0.0368  0.0335  0.0355  0.0336  0.0345
  0.0480  0.0423  0.0369  0.0336  0.0325  0.0337  0.0331  0.0345  0.0326  0.0335  0.0329  0.0331
  0.0469  0.0440  0.0396  0.0353  0.0321  0.0323  0.0322  0.0328  0.0321  0.0323  0.0323  0.0322
  0.0463  0.0462  0.0427  0.0376  0.0340  0.0322  0.0320  0.0320  0.0319  0.0319  0.0319  0.0318
  0.0462  0.0486  0.0460  0.0409  0.0382  0.0333  0.0324  0.0322  0.0322  0.0324  0.0318  0.0323
  0.0467  0.0510  0.0493  0.0454  0.0422  0.0351  0.0336  0.0336  0.0329  0.0336  0.0320  0.0333
  0.0477  0.0535  0.0526  0.0506  0.0464  0.0405  0.0352  0.0358  0.0340  0.0356  0.0324  0.0349
niter,ni,del,rscale     7    3    5.0000    1.2000
parameter  3  0.895639 ->  0.500000 qaram    1.5209
parameters
   -0.5872   -9.8089    8.7357  -17.6009  -14.4126  -12.1053
    2.6494    0.6260   -2.2116    8.7500   -2.8830  -13.7806
eta,q 0.97097 12.63724
  0.0354  0.0357  0.0296  0.0318  0.0364  0.0318  0.0323  0.0336  0.0310  0.0337  0.0298  0.0308
  0.0335  0.0335  0.0298  0.0300  0.0337  0.0306  0.0306  0.0314  0.0300  0.0313  0.0295  0.0296
  0.0323  0.0322  0.0305  0.0293  0.0312  0.0297  0.0296  0.0299  0.0295  0.0298  0.0293  0.0290
  0.0318  0.0318  0.0318  0.0300  0.0293  0.0292  0.0292  0.0292  0.0292  0.0292  0.0292  0.0292
  0.0321  0.0323  0.0339  0.0314  0.0290  0.0291  0.0297  0.0297  0.0294  0.0293  0.0293  0.0299
  0.0330  0.0339  0.0366  0.0333  0.0317  0.0301  0.0308  0.0311  0.0301  0.0298  0.0296  0.0312
  0.0347  0.0363  0.0398  0.0367  0.0361  0.0343  0.0325  0.0332  0.0312  0.0312  0.0301  0.0328
niter,ni,del,rscale     7    3    5.0000    1.2000
parameter  3  0.551004 ->  0.500000 qaram    1.7490
parameters
   -0.5739   -9.5338    6.6369  -17.2631  -14.2257  -13.8670
    2.6559    0.7979   -2.1168    9.9965   -2.8135  -16.2747
eta,q 0.97238 12.58933
  0.0325  0.0337  0.0286  0.0326  0.0348  0.0300  0.0311  0.0323  0.0298  0.0322  0.0287  0.0293
  0.0306  0.0313  0.0281  0.0301  0.0322  0.0285  0.0294  0.0302  0.0289  0.0298  0.0283  0.0280
  0.0294  0.0297  0.0282  0.0285  0.0299  0.0279  0.0283  0.0286  0.0282  0.0284  0.0280  0.0276
  0.0290  0.0290  0.0290  0.0281  0.0281  0.0281  0.0279  0.0279  0.0279  0.0279  0.0279  0.0279
  0.0294  0.0292  0.0303  0.0289  0.0281  0.0280  0.0283  0.0284  0.0281  0.0280  0.0280  0.0288
  0.0306  0.0303  0.0325  0.0300  0.0312  0.0291  0.0294  0.0298  0.0287  0.0287  0.0283  0.0302
  0.0324  0.0324  0.0354  0.0317  0.0353  0.0355  0.0310  0.0319  0.0298  0.0301  0.0287  0.0318
niter,ni,del,rscale     7    3    5.0000    1.2000
parameters
   -0.5298   -9.3393    5.8160  -17.7161  -14.4383  -14.5458
    2.5931    0.9402   -2.1189   11.0204   -3.1481  -17.1977
eta,q 0.97277 12.51796
  0.0313  0.0324  0.0302  0.0315  0.0336  0.0304  0.0304  0.0317  0.0291  0.0315  0.0281  0.0298
  0.0293  0.0299  0.0284  0.0290  0.0312  0.0286  0.0287  0.0296  0.0282  0.0291  0.0277  0.0281
  0.0281  0.0283  0.0275  0.0275  0.0290  0.0274  0.0277  0.0280  0.0276  0.0277  0.0274  0.0273
  0.0276  0.0276  0.0276  0.0274  0.0273  0.0274  0.0273  0.0273  0.0273  0.0273  0.0273  0.0273
  0.0280  0.0279  0.0287  0.0284  0.0277  0.0277  0.0277  0.0278  0.0275  0.0275  0.0274  0.0280
  0.0292  0.0292  0.0307  0.0298  0.0309  0.0280  0.0288  0.0293  0.0281  0.0282  0.0278  0.0292
  0.0310  0.0314  0.0333  0.0317  0.0350  0.0326  0.0304  0.0314  0.0292  0.0297  0.0283  0.0306
niter,ni,del,rscale     6    3    5.0000    1.2000
parameters
   -0.4908   -9.0821    5.4630  -17.9434  -14.7692  -14.8423
    2.4743    1.0862   -2.1169   11.8450   -3.2945  -17.8312
eta,q 0.97286 12.47964
  0.0309  0.0321  0.0310  0.0315  0.0331  0.0306  0.0302  0.0315  0.0290  0.0310  0.0281  0.0299
  0.0289  0.0296  0.0288  0.0290  0.0308  0.0287  0.0286  0.0294  0.0280  0.0288  0.0276  0.0281
  0.0277  0.0279  0.0274  0.0274  0.0287  0.0274  0.0275  0.0279  0.0274  0.0275  0.0273  0.0272
  0.0272  0.0272  0.0272  0.0272  0.0271  0.0272  0.0272  0.0272  0.0272  0.0272  0.0272  0.0272
  0.0276  0.0275  0.0281  0.0282  0.0275  0.0276  0.0276  0.0277  0.0274  0.0273  0.0273  0.0278
  0.0288  0.0287  0.0299  0.0295  0.0307  0.0279  0.0287  0.0291  0.0280  0.0281  0.0276  0.0289
  0.0307  0.0307  0.0324  0.0314  0.0349  0.0319  0.0303  0.0313  0.0290  0.0296  0.0282  0.0303
niter,ni,del,rscale     5    3    5.0000    1.2000
parameters
   -0.4420   -8.8301    5.2320  -18.1336  -15.1516  -15.0999
    2.3395    1.2388   -2.1676   12.6074   -3.4052  -18.3476
eta,q 0.97287 12.44259
  0.0309  0.0318  0.0312  0.0315  0.0328  0.0306  0.0301  0.0315  0.0289  0.0307  0.0281  0.0299
  0.0289  0.0294  0.0289  0.0290  0.0306  0.0287  0.0285  0.0294  0.0280  0.0287  0.0276  0.0281
  0.0276  0.0278  0.0275  0.0274  0.0286  0.0275  0.0275  0.0279  0.0274  0.0275  0.0273  0.0272
  0.0271  0.0271  0.0271  0.0271  0.0271  0.0272  0.0272  0.0272  0.0272  0.0272  0.0272  0.0272
  0.0275  0.0274  0.0279  0.0281  0.0273  0.0276  0.0276  0.0276  0.0274  0.0273  0.0273  0.0278
  0.0287  0.0286  0.0297  0.0295  0.0305  0.0279  0.0287  0.0291  0.0280  0.0280  0.0276  0.0288
  0.0306  0.0305  0.0321  0.0313  0.0348  0.0318  0.0302  0.0312  0.0289  0.0295  0.0282  0.0301
niter,ni,del,rscale     4    3    5.0000    1.2000
parameters
   -0.3900   -8.5673    5.0302  -18.3325  -15.5674  -15.3590
    2.1876    1.4030   -2.2430   13.4019   -3.4827  -18.8249
eta,q 0.97286 12.40262
  0.0309  0.0316  0.0312  0.0315  0.0326  0.0306  0.0301  0.0315  0.0288  0.0306  0.0281  0.0298
  0.0289  0.0293  0.0290  0.0290  0.0304  0.0288  0.0285  0.0295  0.0280  0.0286  0.0276  0.0281
  0.0276  0.0278  0.0275  0.0274  0.0286  0.0275  0.0275  0.0279  0.0274  0.0275  0.0273  0.0272
  0.0271  0.0271  0.0271  0.0271  0.0271  0.0272  0.0272  0.0272  0.0272  0.0272  0.0272  0.0272
  0.0275  0.0274  0.0279  0.0281  0.0272  0.0276  0.0276  0.0277  0.0274  0.0273  0.0273  0.0278
  0.0287  0.0285  0.0296  0.0295  0.0304  0.0279  0.0287  0.0291  0.0280  0.0280  0.0276  0.0287
  0.0305  0.0303  0.0320  0.0313  0.0346  0.0318  0.0302  0.0312  0.0289  0.0294  0.0282  0.0300
niter,ni,del,rscale     3    3    5.0000    1.2000
parameters
   -0.3343   -8.2780    4.8238  -18.5617  -16.0364  -15.6445
    2.0126    1.5782   -2.3583   14.2936   -3.5595  -19.2910
eta,q 0.97283 12.35715
  0.0309  0.0315  0.0312  0.0315  0.0323  0.0305  0.0300  0.0316  0.0288  0.0305  0.0281  0.0297
  0.0289  0.0292  0.0289  0.0290  0.0303  0.0288  0.0285  0.0295  0.0279  0.0286  0.0276  0.0280
  0.0276  0.0277  0.0275  0.0274  0.0285  0.0275  0.0275  0.0279  0.0274  0.0276  0.0273  0.0273
  0.0271  0.0271  0.0271  0.0271  0.0271  0.0273  0.0272  0.0272  0.0272  0.0272  0.0272  0.0272
  0.0275  0.0274  0.0279  0.0282  0.0271  0.0276  0.0277  0.0277  0.0274  0.0273  0.0273  0.0277
  0.0287  0.0284  0.0296  0.0296  0.0302  0.0280  0.0287  0.0292  0.0280  0.0279  0.0277  0.0287
  0.0305  0.0301  0.0320  0.0314  0.0345  0.0318  0.0302  0.0313  0.0289  0.0293  0.0282  0.0299
niter,ni,del,rscale     2    3    5.0000    1.2000
parameters
   -0.2685   -7.9433    4.5884  -18.8336  -16.5846  -16.0101
    1.8116    1.7605   -2.5040   15.2964   -3.5403  -19.7355
eta,q 0.97279 12.29961
  0.0309  0.0314  0.0310  0.0315  0.0321  0.0304  0.0300  0.0317  0.0288  0.0305  0.0282  0.0296
  0.0289  0.0292  0.0289  0.0290  0.0301  0.0287  0.0285  0.0296  0.0279  0.0287  0.0277  0.0280
  0.0276  0.0277  0.0275  0.0275  0.0284  0.0276  0.0276  0.0280  0.0274  0.0276  0.0273  0.0273
  0.0272  0.0272  0.0272  0.0271  0.0271  0.0273  0.0273  0.0273  0.0273  0.0273  0.0272  0.0272
  0.0275  0.0274  0.0279  0.0282  0.0270  0.0277  0.0277  0.0277  0.0275  0.0273  0.0273  0.0277
  0.0287  0.0283  0.0296  0.0297  0.0301  0.0281  0.0288  0.0292  0.0280  0.0278  0.0277  0.0286
  0.0305  0.0299  0.0319  0.0315  0.0344  0.0318  0.0302  0.0313  0.0289  0.0292  0.0281  0.0297
niter,ni,del,rscale     1    3    5.0000    1.2000
parameters
   -0.1998   -7.5551    4.3052  -19.1563  -17.2252  -16.4791
    1.6029    1.9279   -2.7080   16.3758   -3.4520  -20.1275
eta,q 0.97277 12.22670
  0.0309  0.0314  0.0308  0.0315  0.0318  0.0303  0.0299  0.0318  0.0288  0.0304  0.0282  0.0294
  0.0289  0.0292  0.0288  0.0291  0.0299  0.0287  0.0285  0.0296  0.0279  0.0287  0.0277  0.0280
  0.0277  0.0278  0.0275  0.0275  0.0283  0.0276  0.0276  0.0280  0.0275  0.0277  0.0274  0.0273
  0.0272  0.0272  0.0272  0.0272  0.0271  0.0273  0.0273  0.0273  0.0273  0.0273  0.0273  0.0273
  0.0276  0.0274  0.0279  0.0282  0.0270  0.0277  0.0277  0.0278  0.0275  0.0273  0.0274  0.0277
  0.0287  0.0282  0.0295  0.0298  0.0300  0.0282  0.0288  0.0293  0.0281  0.0278  0.0277  0.0285
  0.0305  0.0296  0.0318  0.0316  0.0343  0.0317  0.0302  0.0314  0.0289  0.0291  0.0281  0.0295
registration optimization eta report
parameter search radius
    2.4000    3.1740    4.1976   10.9503   10.9503    9.5220
    7.2000    7.2000    7.2000    8.2800    7.2000    9.5220
100000*second partial in parameter space
       61.       33.       23.        4.        5.        4.
        5.        8.        3.        4.        2.        2.
  0.0309  0.0314  0.0308  0.0315  0.0318  0.0303  0.0299  0.0318  0.0288  0.0304  0.0282  0.0294
  0.0289  0.0292  0.0288  0.0291  0.0299  0.0287  0.0285  0.0296  0.0279  0.0287  0.0277  0.0280
  0.0277  0.0278  0.0275  0.0275  0.0283  0.0276  0.0276  0.0280  0.0275  0.0277  0.0274  0.0273
  0.0272  0.0272  0.0272  0.0272  0.0271  0.0273  0.0273  0.0273  0.0273  0.0273  0.0273  0.0273
  0.0276  0.0274  0.0279  0.0282  0.0270  0.0277  0.0277  0.0278  0.0275  0.0273  0.0274  0.0277
  0.0287  0.0282  0.0295  0.0298  0.0300  0.0282  0.0288  0.0293  0.0281  0.0278  0.0277  0.0285
  0.0305  0.0296  0.0318  0.0316  0.0343  0.0317  0.0302  0.0314  0.0289  0.0291  0.0281  0.0295
   -0.1998   -7.5551    4.3052  -19.1563  -17.2252  -16.4791
    1.6029    1.9279   -2.7080   16.3758   -3.4520  -20.1275
eta,q 0.97277 12.22670

---------------------------------------------------------------------
imgreg_4dfp /opt/freesurfer/average/711-2C_as_mni_average_305 /opt/freesurfer/average/711-2B_as_mni_average_305_mask talsrcimg_g11 none talsrcimg_to_711-2C_as_mni_average_305_t4 2311
---------------------------------------------------------------------

freesurfer imgreg_4dfp.c
/opt/freesurfer/average/711-2C_as_mni_average_305.4dfp.img
       256       256       256         1
  1.000000  1.000000  1.000000
orientation T byte_order littleendian
Reading image: /opt/freesurfer/average/711-2C_as_mni_average_305.4dfp.img
dimensions:      256       256       256
mmppix:       1.0000   -1.0000   -1.0000
center:     128.0000 -129.0000 -129.0000
/opt/freesurfer/average/711-2B_as_mni_average_305_mask.4dfp.img
       256       256       256         1
  1.000000  1.000000  1.000000
orientation T byte_order littleendian
Reading mask: /opt/freesurfer/average/711-2B_as_mni_average_305_mask.4dfp.img (2306576 pixels)
talsrcimg_g11.4dfp.img
       256       256       256         1
  1.000000  1.000000  1.000000
orientation T byte_order littleendian
Reading image: talsrcimg_g11.4dfp.img
dimensions:      256       256       256
mmppix:       1.0000   -1.0000   -1.0000
center:     128.0000 -129.0000 -129.0000
fimgreg.f
image alignment mode   2311 decimal      907 hex
parameters
   -0.1998   -7.5551    4.3052  -19.1563  -17.2252  -16.4791
    1.6029    1.9279   -2.7080   16.3758   -3.4520  -20.1275
eta,q 0.97277 12.22671
niter,ni,del,rscale     5    3    5.0000    0.8000
parameters
   -0.1344   -7.2189    4.0087  -20.0711  -15.0808  -16.2508
    1.7464    1.9392   -2.4512   17.3167   -3.9786  -20.5416
eta,q 0.97337 12.31751
  0.0290  0.0284  0.0276  0.0279  0.0286  0.0275  0.0282  0.0288  0.0276  0.0281  0.0270  0.0273
  0.0280  0.0278  0.0273  0.0274  0.0281  0.0271  0.0274  0.0277  0.0272  0.0274  0.0268  0.0269
  0.0275  0.0274  0.0272  0.0272  0.0276  0.0268  0.0269  0.0270  0.0269  0.0270  0.0267  0.0267
  0.0272  0.0272  0.0272  0.0272  0.0271  0.0267  0.0267  0.0267  0.0267  0.0267  0.0267  0.0266
  0.0274  0.0272  0.0274  0.0275  0.0268  0.0268  0.0269  0.0270  0.0268  0.0267  0.0267  0.0268
  0.0279  0.0274  0.0277  0.0281  0.0268  0.0271  0.0273  0.0277  0.0270  0.0269  0.0269  0.0271
  0.0287  0.0277  0.0281  0.0288  0.0273  0.0273  0.0280  0.0288  0.0275  0.0274  0.0272  0.0275
niter,ni,del,rscale     4    3    5.0000    0.7000
parameters
   -0.1269   -7.3498    3.8945  -19.9884  -15.4194  -15.8382
    1.5747    2.0702   -2.2775   17.4030   -4.0972  -20.8578
eta,q 0.97337 12.33780
  0.0279  0.0273  0.0271  0.0276  0.0277  0.0273  0.0276  0.0284  0.0273  0.0275  0.0270  0.0271
  0.0272  0.0269  0.0268  0.0271  0.0273  0.0270  0.0271  0.0275  0.0270  0.0271  0.0268  0.0268
  0.0268  0.0267  0.0267  0.0267  0.0269  0.0268  0.0267  0.0269  0.0267  0.0268  0.0267  0.0267
  0.0266  0.0266  0.0266  0.0266  0.0266  0.0267  0.0266  0.0266  0.0266  0.0266  0.0266  0.0266
  0.0268  0.0268  0.0267  0.0267  0.0267  0.0267  0.0268  0.0268  0.0267  0.0267  0.0267  0.0267
  0.0272  0.0271  0.0269  0.0270  0.0273  0.0269  0.0272  0.0273  0.0269  0.0270  0.0268  0.0270
  0.0279  0.0276  0.0273  0.0275  0.0285  0.0271  0.0278  0.0282  0.0272  0.0275  0.0270  0.0273
niter,ni,del,rscale     3    3    5.0000    0.6000
parameters
   -0.1149   -7.3462    3.9389  -19.9964  -15.3132  -15.6809
    1.5362    2.0910   -2.1720   17.5336   -4.1935  -20.8845
eta,q 0.97338 12.35612
  0.0276  0.0273  0.0271  0.0273  0.0276  0.0271  0.0274  0.0278  0.0271  0.0273  0.0269  0.0270
  0.0271  0.0269  0.0268  0.0270  0.0272  0.0268  0.0270  0.0272  0.0269  0.0270  0.0267  0.0268
  0.0267  0.0267  0.0267  0.0267  0.0269  0.0267  0.0267  0.0268  0.0267  0.0267  0.0266  0.0267
  0.0266  0.0266  0.0266  0.0266  0.0266  0.0266  0.0266  0.0266  0.0266  0.0266  0.0266  0.0266
  0.0267  0.0267  0.0267  0.0267  0.0266  0.0267  0.0267  0.0268  0.0267  0.0267  0.0267  0.0267
  0.0270  0.0269  0.0268  0.0270  0.0270  0.0268  0.0270  0.0272  0.0268  0.0269  0.0267  0.0268
  0.0275  0.0272  0.0270  0.0273  0.0277  0.0270  0.0274  0.0278  0.0271  0.0272  0.0269  0.0270
niter,ni,del,rscale     2    3    5.0000    0.5000
parameters
   -0.1193   -7.3465    3.9474  -19.9995  -15.1563  -15.6255
    1.5278    2.0992   -2.1078   17.5635   -4.2591  -20.8548
eta,q 0.97339 12.36829
  0.0273  0.0271  0.0269  0.0271  0.0274  0.0269  0.0272  0.0275  0.0270  0.0271  0.0268  0.0269
  0.0269  0.0268  0.0267  0.0268  0.0271  0.0267  0.0269  0.0270  0.0268  0.0268  0.0267  0.0267
  0.0267  0.0267  0.0266  0.0267  0.0268  0.0267  0.0267  0.0267  0.0267  0.0267  0.0266  0.0266
  0.0266  0.0266  0.0266  0.0266  0.0266  0.0266  0.0266  0.0266  0.0266  0.0266  0.0266  0.0266
  0.0267  0.0267  0.0267  0.0267  0.0266  0.0266  0.0267  0.0267  0.0266  0.0266  0.0266  0.0266
  0.0269  0.0268  0.0267  0.0269  0.0268  0.0268  0.0269  0.0270  0.0268  0.0268  0.0267  0.0267
  0.0273  0.0271  0.0269  0.0271  0.0274  0.0269  0.0272  0.0275  0.0269  0.0271  0.0268  0.0269
niter,ni,del,rscale     1    3    5.0000    0.4000
parameters
   -0.1215   -7.3665    3.9639  -19.9912  -15.0091  -15.6228
    1.5250    2.1048   -2.0238   17.5270   -4.3231  -20.8100
eta,q 0.97340 12.37627
  0.0270  0.0269  0.0268  0.0269  0.0271  0.0268  0.0270  0.0272  0.0268  0.0269  0.0267  0.0268
  0.0268  0.0267  0.0267  0.0268  0.0269  0.0267  0.0268  0.0268  0.0267  0.0267  0.0266  0.0267
  0.0267  0.0266  0.0266  0.0267  0.0267  0.0266  0.0266  0.0267  0.0266  0.0266  0.0266  0.0266
  0.0266  0.0266  0.0266  0.0266  0.0266  0.0266  0.0266  0.0266  0.0266  0.0266  0.0266  0.0266
  0.0267  0.0266  0.0266  0.0266  0.0266  0.0266  0.0266  0.0267  0.0266  0.0266  0.0266  0.0266
  0.0268  0.0267  0.0267  0.0268  0.0268  0.0267  0.0268  0.0269  0.0267  0.0267  0.0267  0.0267
  0.0270  0.0269  0.0268  0.0269  0.0271  0.0268  0.0270  0.0271  0.0268  0.0269  0.0267  0.0268
registration optimization eta report
parameter search radius
    0.8000    0.8000    0.8000    2.4000    2.4000    2.4000
    2.4000    2.4000    2.4000    2.4000    2.4000    2.4000
100000*second partial in parameter space
       64.       44.       28.        6.        9.        3.
        6.       10.        4.        5.        2.        3.
  0.0270  0.0269  0.0268  0.0269  0.0271  0.0268  0.0270  0.0272  0.0268  0.0269  0.0267  0.0268
  0.0268  0.0267  0.0267  0.0268  0.0269  0.0267  0.0268  0.0268  0.0267  0.0267  0.0266  0.0267
  0.0267  0.0266  0.0266  0.0267  0.0267  0.0266  0.0266  0.0267  0.0266  0.0266  0.0266  0.0266
  0.0266  0.0266  0.0266  0.0266  0.0266  0.0266  0.0266  0.0266  0.0266  0.0266  0.0266  0.0266
  0.0267  0.0266  0.0266  0.0266  0.0266  0.0266  0.0266  0.0267  0.0266  0.0266  0.0266  0.0266
  0.0268  0.0267  0.0267  0.0268  0.0268  0.0267  0.0268  0.0269  0.0267  0.0267  0.0267  0.0267
  0.0270  0.0269  0.0268  0.0269  0.0271  0.0268  0.0270  0.0271  0.0268  0.0269  0.0267  0.0268
   -0.1215   -7.3665    3.9639  -19.9912  -15.0091  -15.6228
    1.5250    2.1048   -2.0238   17.5270   -4.3231  -20.8100
eta,q 0.97340 12.37627

---------------------------------------------------------------------
imgreg_4dfp /opt/freesurfer/average/711-2C_as_mni_average_305 /opt/freesurfer/average/711-2B_as_mni_average_305_mask talsrcimg_g11 none talsrcimg_to_711-2C_as_mni_average_305_t4 2311
---------------------------------------------------------------------

freesurfer imgreg_4dfp.c
/opt/freesurfer/average/711-2C_as_mni_average_305.4dfp.img
       256       256       256         1
  1.000000  1.000000  1.000000
orientation T byte_order littleendian
Reading image: /opt/freesurfer/average/711-2C_as_mni_average_305.4dfp.img
dimensions:      256       256       256
mmppix:       1.0000   -1.0000   -1.0000
center:     128.0000 -129.0000 -129.0000
/opt/freesurfer/average/711-2B_as_mni_average_305_mask.4dfp.img
       256       256       256         1
  1.000000  1.000000  1.000000
orientation T byte_order littleendian
Reading mask: /opt/freesurfer/average/711-2B_as_mni_average_305_mask.4dfp.img (2306576 pixels)
talsrcimg_g11.4dfp.img
       256       256       256         1
  1.000000  1.000000  1.000000
orientation T byte_order littleendian
Reading image: talsrcimg_g11.4dfp.img
dimensions:      256       256       256
mmppix:       1.0000   -1.0000   -1.0000
center:     128.0000 -129.0000 -129.0000
fimgreg.f
image alignment mode   2311 decimal      907 hex
parameters
   -0.1215   -7.3665    3.9639  -19.9912  -15.0091  -15.6228
    1.5250    2.1048   -2.0238   17.5270   -4.3231  -20.8100
eta,q 0.97340 12.37627
niter,ni,del,rscale     5    3    5.0000    0.8000
parameters
   -0.1206   -7.3870    3.9749  -19.9040  -15.6102  -15.4110
    1.4671    2.1218   -2.1761   17.4001   -4.1148  -20.8750
eta,q 0.97333 12.36162
  0.0282  0.0277  0.0273  0.0278  0.0279  0.0274  0.0280  0.0287  0.0274  0.0277  0.0271  0.0274
  0.0273  0.0271  0.0269  0.0272  0.0274  0.0270  0.0273  0.0276  0.0270  0.0272  0.0269  0.0269
  0.0268  0.0267  0.0267  0.0267  0.0269  0.0268  0.0268  0.0269  0.0267  0.0268  0.0267  0.0267
  0.0266  0.0266  0.0266  0.0266  0.0266  0.0267  0.0267  0.0267  0.0267  0.0267  0.0267  0.0267
  0.0268  0.0267  0.0267  0.0268  0.0268  0.0268  0.0268  0.0269  0.0268  0.0268  0.0267  0.0268
  0.0273  0.0271  0.0269  0.0271  0.0277  0.0269  0.0273  0.0276  0.0271  0.0272  0.0268  0.0270
  0.0282  0.0278  0.0273  0.0277  0.0293  0.0273  0.0281  0.0287  0.0276  0.0279  0.0270  0.0274
niter,ni,del,rscale     4    3    5.0000    0.7000
parameters
   -0.1148   -7.3674    4.0210  -19.9401  -15.5023  -15.3972
    1.4994    2.1111   -2.1985   17.4909   -4.1241  -20.8874
eta,q 0.97335 12.36752
  0.0279  0.0275  0.0272  0.0276  0.0279  0.0272  0.0277  0.0282  0.0273  0.0275  0.0270  0.0272
  0.0272  0.0270  0.0269  0.0271  0.0274  0.0269  0.0271  0.0274  0.0269  0.0271  0.0268  0.0269
  0.0268  0.0268  0.0267  0.0268  0.0270  0.0267  0.0268  0.0268  0.0267  0.0268  0.0267  0.0267
  0.0267  0.0267  0.0267  0.0267  0.0267  0.0266  0.0266  0.0266  0.0266  0.0266  0.0266  0.0266
  0.0268  0.0268  0.0267  0.0268  0.0266  0.0267  0.0268  0.0268  0.0267  0.0267  0.0267  0.0267
  0.0272  0.0270  0.0269  0.0271  0.0271  0.0269  0.0271  0.0274  0.0269  0.0270  0.0268  0.0269
  0.0279  0.0274  0.0272  0.0276  0.0281  0.0271  0.0277  0.0283  0.0273  0.0275  0.0270  0.0272
niter,ni,del,rscale     3    3    5.0000    0.6000
parameters
   -0.1156   -7.3609    4.0150  -19.9663  -15.3211  -15.4213
    1.5166    2.1101   -2.1458   17.5337   -4.1846  -20.8736
eta,q 0.97338 12.37459
  0.0276  0.0273  0.0270  0.0273  0.0277  0.0270  0.0274  0.0278  0.0271  0.0273  0.0269  0.0271
  0.0271  0.0269  0.0268  0.0270  0.0273  0.0268  0.0270  0.0272  0.0269  0.0270  0.0267  0.0268
  0.0267  0.0267  0.0267  0.0267  0.0269  0.0267  0.0267  0.0268  0.0267  0.0267  0.0266  0.0267
  0.0266  0.0266  0.0266  0.0266  0.0266  0.0266  0.0266  0.0266  0.0266  0.0266  0.0266  0.0266
  0.0268  0.0267  0.0267  0.0267  0.0266  0.0267  0.0267  0.0268  0.0267  0.0267  0.0267  0.0267
  0.0271  0.0269  0.0268  0.0270  0.0269  0.0268  0.0270  0.0272  0.0268  0.0269  0.0267  0.0268
  0.0276  0.0272  0.0270  0.0273  0.0277  0.0270  0.0274  0.0278  0.0271  0.0273  0.0269  0.0270
niter,ni,del,rscale     2    3    5.0000    0.5000
parameters
   -0.1175   -7.3723    4.0089  -19.9739  -15.1455  -15.4549
    1.5217    2.1124   -2.0785   17.5208   -4.2804  -20.8313
eta,q 0.97339 12.38112
  0.0273  0.0270  0.0269  0.0271  0.0274  0.0269  0.0272  0.0275  0.0270  0.0271  0.0268  0.0269
  0.0269  0.0268  0.0267  0.0268  0.0271  0.0267  0.0269  0.0270  0.0268  0.0268  0.0267  0.0267
  0.0267  0.0267  0.0266  0.0267  0.0268  0.0266  0.0267  0.0267  0.0267  0.0267  0.0266  0.0266
  0.0266  0.0266  0.0266  0.0266  0.0266  0.0266  0.0266  0.0266  0.0266  0.0266  0.0266  0.0266
  0.0267  0.0267  0.0267  0.0267  0.0266  0.0267  0.0267  0.0267  0.0266  0.0267  0.0266  0.0266
  0.0269  0.0268  0.0268  0.0269  0.0268  0.0268  0.0269  0.0270  0.0268  0.0268  0.0267  0.0267
  0.0273  0.0271  0.0269  0.0271  0.0273  0.0269  0.0272  0.0275  0.0269  0.0271  0.0268  0.0269
niter,ni,del,rscale     1    3    5.0000    0.4000
parameters
   -0.1198   -7.3909    4.0039  -19.9700  -14.9901  -15.5092
    1.5190    2.1026   -1.9989   17.4682   -4.3341  -20.7793
eta,q 0.97340 12.38503
  0.0270  0.0269  0.0268  0.0269  0.0272  0.0268  0.0270  0.0271  0.0268  0.0269  0.0267  0.0268
  0.0268  0.0267  0.0267  0.0268  0.0269  0.0267  0.0268  0.0268  0.0267  0.0267  0.0266  0.0267
  0.0267  0.0266  0.0266  0.0266  0.0267  0.0266  0.0266  0.0267  0.0266  0.0266  0.0266  0.0266
  0.0266  0.0266  0.0266  0.0266  0.0266  0.0266  0.0266  0.0266  0.0266  0.0266  0.0266  0.0266
  0.0267  0.0266  0.0266  0.0266  0.0266  0.0266  0.0266  0.0267  0.0266  0.0266  0.0266  0.0266
  0.0268  0.0267  0.0267  0.0268  0.0268  0.0267  0.0268  0.0269  0.0267  0.0267  0.0267  0.0267
  0.0270  0.0269  0.0268  0.0269  0.0271  0.0268  0.0270  0.0272  0.0268  0.0269  0.0267  0.0268
registration optimization eta report
parameter search radius
    0.8000    0.8000    0.8000    2.4000    2.4000    2.4000
    2.4000    2.4000    2.4000    2.4000    2.4000    2.4000
100000*second partial in parameter space
       64.       45.       29.        5.        9.        3.
        6.       10.        4.        5.        2.        3.
  0.0270  0.0269  0.0268  0.0269  0.0272  0.0268  0.0270  0.0271  0.0268  0.0269  0.0267  0.0268
  0.0268  0.0267  0.0267  0.0268  0.0269  0.0267  0.0268  0.0268  0.0267  0.0267  0.0266  0.0267
  0.0267  0.0266  0.0266  0.0266  0.0267  0.0266  0.0266  0.0267  0.0266  0.0266  0.0266  0.0266
  0.0266  0.0266  0.0266  0.0266  0.0266  0.0266  0.0266  0.0266  0.0266  0.0266  0.0266  0.0266
  0.0267  0.0266  0.0266  0.0266  0.0266  0.0266  0.0266  0.0267  0.0266  0.0266  0.0266  0.0266
  0.0268  0.0267  0.0267  0.0268  0.0268  0.0267  0.0268  0.0269  0.0267  0.0267  0.0267  0.0267
  0.0270  0.0269  0.0268  0.0269  0.0271  0.0268  0.0270  0.0272  0.0268  0.0269  0.0267  0.0268
   -0.1198   -7.3909    4.0039  -19.9700  -14.9901  -15.5092
    1.5190    2.1026   -1.9989   17.4682   -4.3341  -20.7793
eta,q 0.97340 12.38503

---------------------------------------------------------------------
compute_vox2vox talsrcimg talsrcimg_to_711-2C_as_mni_average_305_t4 /opt/freesurfer/average/711-2C_as_mni_average_305
---------------------------------------------------------------------

freesurfer compute_vox2vox.c
Reading: talsrcimg.4dfp.ifh
Reading: talsrcimg_to_711-2C_as_mni_average_305_t4
Reading: /opt/freesurfer/average/711-2C_as_mni_average_305.4dfp.ifh
Writing: talsrcimg_to_711-2C_as_mni_average_305_t4_vox2vox.txt

start time Thu Mar 12 16:09:36 CET 2026
end		time Thu Mar 12 16:11:03 CET 2026

mpr2mni305 success

avi2talxfm orig_nu.mgz /opt/freesurfer/average/mni305.cor.mgz talsrcimg_to_711-2C_as_mni_average_305_t4_vox2vox.txt transforms/talairach.auto.xfm
avi2talxfm done
mv -f /out/sourcedata/freesurfer/sub-v1s23x0050569_ses-1/mri/talsrcimg_to_711-2C_as_mni_average_305_t4_vox2vox.txt /out/sourcedata/freesurfer/sub-v1s23x0050569_ses-1/mri/transforms/talsrcimg_to_711-2C_as_mni_average_305_t4_vox2vox.txt
lta_convert --src orig_nu.mgz --trg /opt/freesurfer/average/mni305.cor.mgz --inxfm transforms/talairach.auto.xfm --outlta transforms/talairach.auto.xfm.lta --subject fsaverage
7.3.2

--src: orig_nu.mgz src image (geometry).
--trg: /opt/freesurfer/average/mni305.cor.mgz trg image (geometry).
--inmni: transforms/talairach.auto.xfm input MNI/XFM transform.
--outlta: transforms/talairach.auto.xfm.lta output LTA.
--s: fsaverage subject name
 LTA read, type : 1
 1.24746  -0.02516  -0.02844  -43.94597;
 0.06778   1.12526   0.27384   43.87372;
 0.01541  -0.23181   1.11940  -24.69879;
 0.00000   0.00000   0.00000   1.00000;
setting subject to fsaverage
Writing  LTA to file transforms/talairach.auto.xfm.lta...
lta_convert successful.
 
 
Started at Thu Mar 12 16:09:36 CET 2026
Ended   at Thu Mar 12 16:11:04 CET 2026
talairach_avi done
