status file for recon-all
Wed Mar 11 22:39:35 CET 2026
#@# Tessellate rh Wed Mar 11 22:39:35 CET 2026
#@# Smooth1 rh Wed Mar 11 22:39:39 CET 2026
#@# Inflation1 rh Wed Mar 11 22:39:42 CET 2026
#@# QSphere rh Wed Mar 11 22:39:58 CET 2026
#@# Fix Topology rh Wed Mar 11 22:41:18 CET 2026
#@# Smooth2 rh Wed Mar 11 22:47:32 CET 2026
#@# Inflation2 rh Wed Mar 11 22:47:35 CET 2026
#@# Curv .H and .K rh Wed Mar 11 22:47:52 CET 2026
#@# Sphere rh Wed Mar 11 22:48:40 CET 2026
#@# Surf Reg rh Wed Mar 11 22:51:47 CET 2026
#@# Jacobian white rh Wed Mar 11 22:56:28 CET 2026
#@# AvgCurv rh Wed Mar 11 22:56:29 CET 2026
#@# Cortical Parc rh Wed Mar 11 22:56:30 CET 2026
#@# white curv rh Wed Mar 11 23:03:35 CET 2026
#@# white area rh Wed Mar 11 23:03:37 CET 2026
#@# pial curv rh Wed Mar 11 23:03:38 CET 2026
#@# pial area rh Wed Mar 11 23:03:40 CET 2026
#@# thickness rh Wed Mar 11 23:03:41 CET 2026
#@# area and vertex vol rh Wed Mar 11 23:04:14 CET 2026
#@# Curvature Stats rh Wed Mar 11 23:04:16 CET 2026
#@# Cortical Parc 2 rh Wed Mar 11 23:04:19 CET 2026
#@# Cortical Parc 3 rh Wed Mar 11 23:04:33 CET 2026
#@# WM/GM Contrast rh Wed Mar 11 23:04:44 CET 2026
recon-all -s sub-v1s23x0050557_ses-1 finished without error at Wed Mar 11 23:04:48 CET 2026



#New# invocation of recon-all 



status file for recon-all
Wed Mar 11 23:15:55 CET 2026
#@# white curv rh Wed Mar 11 23:15:55 CET 2026
#@# white area rh Wed Mar 11 23:15:55 CET 2026
#@# pial curv rh Wed Mar 11 23:15:55 CET 2026
#@# pial area rh Wed Mar 11 23:15:55 CET 2026
#@# thickness rh Wed Mar 11 23:15:55 CET 2026
#@# area and vertex vol rh Wed Mar 11 23:15:55 CET 2026
#@# Parcellation Stats rh Wed Mar 11 23:15:55 CET 2026
#@# Parcellation Stats 2 rh Wed Mar 11 23:16:15 CET 2026
#@# Parcellation Stats 3 rh Wed Mar 11 23:16:26 CET 2026
#@# BA_exvivo Labels rh Wed Mar 11 23:16:36 CET 2026
recon-all -s sub-v1s23x0050557_ses-1 finished without error at Wed Mar 11 23:19:31 CET 2026
