status file for recon-all
Wed Mar 11 22:14:31 CET 2026
#@# Tessellate lh Wed Mar 11 22:14:31 CET 2026
#@# Smooth1 lh Wed Mar 11 22:14:35 CET 2026
#@# Inflation1 lh Wed Mar 11 22:14:38 CET 2026
#@# QSphere lh Wed Mar 11 22:14:53 CET 2026
#@# Fix Topology lh Wed Mar 11 22:16:21 CET 2026
#@# Smooth2 lh Wed Mar 11 22:22:53 CET 2026
#@# Inflation2 lh Wed Mar 11 22:22:56 CET 2026
#@# Curv .H and .K lh Wed Mar 11 22:23:14 CET 2026
#@# Sphere lh Wed Mar 11 22:24:05 CET 2026
#@# Surf Reg lh Wed Mar 11 22:26:52 CET 2026
#@# Jacobian white lh Wed Mar 11 22:30:57 CET 2026
#@# AvgCurv lh Wed Mar 11 22:30:58 CET 2026
#@# Cortical Parc lh Wed Mar 11 22:30:59 CET 2026
#@# white curv lh Wed Mar 11 22:38:14 CET 2026
#@# white area lh Wed Mar 11 22:38:17 CET 2026
#@# pial curv lh Wed Mar 11 22:38:17 CET 2026
#@# pial area lh Wed Mar 11 22:38:20 CET 2026
#@# thickness lh Wed Mar 11 22:38:21 CET 2026
#@# area and vertex vol lh Wed Mar 11 22:38:56 CET 2026
#@# Curvature Stats lh Wed Mar 11 22:38:58 CET 2026
#@# Cortical Parc 2 lh Wed Mar 11 22:39:01 CET 2026
#@# Cortical Parc 3 lh Wed Mar 11 22:39:17 CET 2026
#@# WM/GM Contrast lh Wed Mar 11 22:39:29 CET 2026
recon-all -s sub-v1s23x0050557_ses-1 finished without error at Wed Mar 11 22:39:32 CET 2026



#New# invocation of recon-all 



status file for recon-all
Wed Mar 11 23:12:09 CET 2026
#@# white curv lh Wed Mar 11 23:12:09 CET 2026
#@# white area lh Wed Mar 11 23:12:09 CET 2026
#@# pial curv lh Wed Mar 11 23:12:09 CET 2026
#@# pial area lh Wed Mar 11 23:12:09 CET 2026
#@# thickness lh Wed Mar 11 23:12:09 CET 2026
#@# area and vertex vol lh Wed Mar 11 23:12:09 CET 2026
#@# Parcellation Stats lh Wed Mar 11 23:12:09 CET 2026
#@# Parcellation Stats 2 lh Wed Mar 11 23:12:30 CET 2026
#@# Parcellation Stats 3 lh Wed Mar 11 23:12:41 CET 2026
#@# BA_exvivo Labels lh Wed Mar 11 23:12:51 CET 2026
recon-all -s sub-v1s23x0050557_ses-1 finished without error at Wed Mar 11 23:15:53 CET 2026
