status file for recon-all
Mon Mar  9 18:36:37 CET 2026
#@# MotionCor Mon Mar  9 18:36:39 CET 2026
#@# Talairach Mon Mar  9 18:36:47 CET 2026
#@# Talairach Failure Detection Mon Mar  9 18:41:12 CET 2026
#@# Nu Intensity Correction Mon Mar  9 18:41:12 CET 2026
#@# Intensity Normalization Mon Mar  9 18:44:28 CET 2026
recon-all -s sub-v1s23x0050567_ses-1 finished without error at Mon Mar  9 18:45:53 CET 2026



#New# invocation of recon-all 



status file for recon-all
Mon Mar  9 18:53:09 CET 2026
#@# EM Registration Mon Mar  9 18:53:09 CET 2026
recon-all -s sub-v1s23x0050567_ses-1 finished without error at Mon Mar  9 18:56:03 CET 2026



#New# invocation of recon-all 



status file for recon-all
Mon Mar  9 18:56:05 CET 2026
#@# CA Normalize Mon Mar  9 18:56:05 CET 2026
#@# CA Reg Mon Mar  9 18:57:27 CET 2026
#@# SubCort Seg Mon Mar  9 19:49:23 CET 2026
#@# CC Seg Mon Mar  9 20:15:45 CET 2026
#@# Merge ASeg Mon Mar  9 20:16:21 CET 2026
#@# Intensity Normalization2 Mon Mar  9 20:16:21 CET 2026
#@# Mask BFS Mon Mar  9 20:18:28 CET 2026
#@# WM Segmentation Mon Mar  9 20:18:28 CET 2026
#@# Fill Mon Mar  9 20:20:18 CET 2026
recon-all -s sub-v1s23x0050567_ses-1 finished without error at Mon Mar  9 20:21:20 CET 2026



#New# invocation of recon-all 



status file for recon-all
Mon Mar  9 21:04:57 CET 2026
#@# white curv lh Mon Mar  9 21:04:57 CET 2026
#@# white area lh Mon Mar  9 21:04:57 CET 2026
#@# pial curv lh Mon Mar  9 21:04:57 CET 2026
#@# pial area lh Mon Mar  9 21:04:57 CET 2026
#@# thickness lh Mon Mar  9 21:04:57 CET 2026
#@# area and vertex vol lh Mon Mar  9 21:04:57 CET 2026
#@# white curv rh Mon Mar  9 21:04:58 CET 2026
#@# white area rh Mon Mar  9 21:04:58 CET 2026
#@# pial curv rh Mon Mar  9 21:04:58 CET 2026
#@# pial area rh Mon Mar  9 21:04:58 CET 2026
#@# thickness rh Mon Mar  9 21:04:58 CET 2026
#@# area and vertex vol rh Mon Mar  9 21:04:58 CET 2026
#@# Cortical ribbon mask Mon Mar  9 21:04:58 CET 2026
recon-all -s sub-v1s23x0050567_ses-1 finished without error at Mon Mar  9 21:08:08 CET 2026



#New# invocation of recon-all 



status file for recon-all
Mon Mar  9 21:14:26 CET 2026
#@# white curv lh Mon Mar  9 21:14:26 CET 2026
#@# white area lh Mon Mar  9 21:14:26 CET 2026
#@# pial curv lh Mon Mar  9 21:14:26 CET 2026
#@# pial area lh Mon Mar  9 21:14:26 CET 2026
#@# thickness lh Mon Mar  9 21:14:26 CET 2026
#@# area and vertex vol lh Mon Mar  9 21:14:26 CET 2026
#@# white curv rh Mon Mar  9 21:14:26 CET 2026
#@# white area rh Mon Mar  9 21:14:26 CET 2026
#@# pial curv rh Mon Mar  9 21:14:26 CET 2026
#@# pial area rh Mon Mar  9 21:14:26 CET 2026
#@# thickness rh Mon Mar  9 21:14:26 CET 2026
#@# area and vertex vol rh Mon Mar  9 21:14:26 CET 2026
#@# Curvature Stats lh Mon Mar  9 21:14:26 CET 2026
#@# Curvature Stats rh Mon Mar  9 21:14:28 CET 2026
#@# Relabel Hypointensities Mon Mar  9 21:14:31 CET 2026
#@# APas-to-ASeg Mon Mar  9 21:14:45 CET 2026
#@# AParc-to-ASeg aparc Mon Mar  9 21:14:54 CET 2026
#@# AParc-to-ASeg aparc.a2009s Mon Mar  9 21:15:19 CET 2026
#@# AParc-to-ASeg aparc.DKTatlas Mon Mar  9 21:15:43 CET 2026
#@# WMParc Mon Mar  9 21:16:08 CET 2026
#@# ASeg Stats Mon Mar  9 21:20:36 CET 2026
recon-all -s sub-v1s23x0050567_ses-1 finished without error at Mon Mar  9 21:21:17 CET 2026
