status file for recon-all
Mon Mar  9 20:21:24 CET 2026
#@# Tessellate lh Mon Mar  9 20:21:24 CET 2026
#@# Smooth1 lh Mon Mar  9 20:21:27 CET 2026
#@# Inflation1 lh Mon Mar  9 20:21:30 CET 2026
#@# QSphere lh Mon Mar  9 20:21:42 CET 2026
#@# Fix Topology lh Mon Mar  9 20:22:59 CET 2026
#@# Smooth2 lh Mon Mar  9 20:28:07 CET 2026
#@# Inflation2 lh Mon Mar  9 20:28:09 CET 2026
#@# Curv .H and .K lh Mon Mar  9 20:28:22 CET 2026
#@# Sphere lh Mon Mar  9 20:29:03 CET 2026
#@# Surf Reg lh Mon Mar  9 20:32:55 CET 2026
#@# Jacobian white lh Mon Mar  9 20:37:08 CET 2026
#@# AvgCurv lh Mon Mar  9 20:37:09 CET 2026
#@# Cortical Parc lh Mon Mar  9 20:37:10 CET 2026
#@# white curv lh Mon Mar  9 20:43:26 CET 2026
#@# white area lh Mon Mar  9 20:43:28 CET 2026
#@# pial curv lh Mon Mar  9 20:43:29 CET 2026
#@# pial area lh Mon Mar  9 20:43:31 CET 2026
#@# thickness lh Mon Mar  9 20:43:31 CET 2026
#@# area and vertex vol lh Mon Mar  9 20:43:57 CET 2026
#@# Curvature Stats lh Mon Mar  9 20:43:59 CET 2026
#@# Cortical Parc 2 lh Mon Mar  9 20:44:01 CET 2026
#@# Cortical Parc 3 lh Mon Mar  9 20:44:13 CET 2026
#@# WM/GM Contrast lh Mon Mar  9 20:44:23 CET 2026
recon-all -s sub-v1s23x0050567_ses-1 finished without error at Mon Mar  9 20:44:26 CET 2026



#New# invocation of recon-all 



status file for recon-all
Mon Mar  9 21:08:12 CET 2026
#@# white curv lh Mon Mar  9 21:08:12 CET 2026
#@# white area lh Mon Mar  9 21:08:12 CET 2026
#@# pial curv lh Mon Mar  9 21:08:12 CET 2026
#@# pial area lh Mon Mar  9 21:08:12 CET 2026
#@# thickness lh Mon Mar  9 21:08:12 CET 2026
#@# area and vertex vol lh Mon Mar  9 21:08:12 CET 2026
#@# Parcellation Stats lh Mon Mar  9 21:08:12 CET 2026
#@# Parcellation Stats 2 lh Mon Mar  9 21:08:27 CET 2026
#@# Parcellation Stats 3 lh Mon Mar  9 21:08:35 CET 2026
#@# BA_exvivo Labels lh Mon Mar  9 21:08:43 CET 2026
recon-all -s sub-v1s23x0050567_ses-1 finished without error at Mon Mar  9 21:11:10 CET 2026
