status file for recon-all
Mon Mar  9 20:44:29 CET 2026
#@# Tessellate rh Mon Mar  9 20:44:29 CET 2026
#@# Smooth1 rh Mon Mar  9 20:44:33 CET 2026
#@# Inflation1 rh Mon Mar  9 20:44:35 CET 2026
#@# QSphere rh Mon Mar  9 20:44:50 CET 2026
#@# Fix Topology rh Mon Mar  9 20:46:05 CET 2026
#@# Smooth2 rh Mon Mar  9 20:51:22 CET 2026
#@# Inflation2 rh Mon Mar  9 20:51:25 CET 2026
#@# Curv .H and .K rh Mon Mar  9 20:51:38 CET 2026
#@# Sphere rh Mon Mar  9 20:52:20 CET 2026
#@# Surf Reg rh Mon Mar  9 20:54:31 CET 2026
#@# Jacobian white rh Mon Mar  9 20:57:46 CET 2026
#@# AvgCurv rh Mon Mar  9 20:57:47 CET 2026
#@# Cortical Parc rh Mon Mar  9 20:57:48 CET 2026
#@# white curv rh Mon Mar  9 21:03:52 CET 2026
#@# white area rh Mon Mar  9 21:03:54 CET 2026
#@# pial curv rh Mon Mar  9 21:03:55 CET 2026
#@# pial area rh Mon Mar  9 21:03:56 CET 2026
#@# thickness rh Mon Mar  9 21:03:57 CET 2026
#@# area and vertex vol rh Mon Mar  9 21:04:24 CET 2026
#@# Curvature Stats rh Mon Mar  9 21:04:25 CET 2026
#@# Cortical Parc 2 rh Mon Mar  9 21:04:28 CET 2026
#@# Cortical Parc 3 rh Mon Mar  9 21:04:40 CET 2026
#@# WM/GM Contrast rh Mon Mar  9 21:04:49 CET 2026
recon-all -s sub-v1s23x0050567_ses-1 finished without error at Mon Mar  9 21:04:53 CET 2026



#New# invocation of recon-all 



status file for recon-all
Mon Mar  9 21:11:12 CET 2026
#@# white curv rh Mon Mar  9 21:11:12 CET 2026
#@# white area rh Mon Mar  9 21:11:12 CET 2026
#@# pial curv rh Mon Mar  9 21:11:12 CET 2026
#@# pial area rh Mon Mar  9 21:11:12 CET 2026
#@# thickness rh Mon Mar  9 21:11:12 CET 2026
#@# area and vertex vol rh Mon Mar  9 21:11:12 CET 2026
#@# Parcellation Stats rh Mon Mar  9 21:11:12 CET 2026
#@# Parcellation Stats 2 rh Mon Mar  9 21:11:29 CET 2026
#@# Parcellation Stats 3 rh Mon Mar  9 21:11:37 CET 2026
#@# BA_exvivo Labels rh Mon Mar  9 21:11:45 CET 2026
recon-all -s sub-v1s23x0050567_ses-1 finished without error at Mon Mar  9 21:14:21 CET 2026
