status file for recon-all
Thu Mar 12 16:07:02 CET 2026
#@# MotionCor Thu Mar 12 16:07:04 CET 2026
#@# Talairach Thu Mar 12 16:07:09 CET 2026
#@# Talairach Failure Detection Thu Mar 12 16:09:58 CET 2026
#@# Nu Intensity Correction Thu Mar 12 16:09:58 CET 2026
#@# Intensity Normalization Thu Mar 12 16:12:44 CET 2026
recon-all -s sub-v1s23x0050573_ses-1 finished without error at Thu Mar 12 16:13:51 CET 2026



#New# invocation of recon-all 



status file for recon-all
Thu Mar 12 16:19:07 CET 2026
#@# EM Registration Thu Mar 12 16:19:07 CET 2026
recon-all -s sub-v1s23x0050573_ses-1 finished without error at Thu Mar 12 16:20:14 CET 2026



#New# invocation of recon-all 



status file for recon-all
Thu Mar 12 16:20:15 CET 2026
#@# CA Normalize Thu Mar 12 16:20:15 CET 2026
#@# CA Reg Thu Mar 12 16:21:09 CET 2026
#@# SubCort Seg Thu Mar 12 16:58:07 CET 2026
#@# CC Seg Thu Mar 12 17:17:59 CET 2026
#@# Merge ASeg Thu Mar 12 17:18:19 CET 2026
#@# Intensity Normalization2 Thu Mar 12 17:18:19 CET 2026
#@# Mask BFS Thu Mar 12 17:19:46 CET 2026
#@# WM Segmentation Thu Mar 12 17:19:46 CET 2026
#@# Fill Thu Mar 12 17:21:16 CET 2026
recon-all -s sub-v1s23x0050573_ses-1 finished without error at Thu Mar 12 17:21:54 CET 2026



#New# invocation of recon-all 



status file for recon-all
Thu Mar 12 17:54:57 CET 2026
#@# white curv lh Thu Mar 12 17:54:57 CET 2026
#@# white area lh Thu Mar 12 17:54:57 CET 2026
#@# pial curv lh Thu Mar 12 17:54:57 CET 2026
#@# pial area lh Thu Mar 12 17:54:57 CET 2026
#@# thickness lh Thu Mar 12 17:54:57 CET 2026
#@# area and vertex vol lh Thu Mar 12 17:54:57 CET 2026
#@# white curv rh Thu Mar 12 17:54:57 CET 2026
#@# white area rh Thu Mar 12 17:54:57 CET 2026
#@# pial curv rh Thu Mar 12 17:54:57 CET 2026
#@# pial area rh Thu Mar 12 17:54:57 CET 2026
#@# thickness rh Thu Mar 12 17:54:57 CET 2026
#@# area and vertex vol rh Thu Mar 12 17:54:57 CET 2026
#@# Cortical ribbon mask Thu Mar 12 17:54:57 CET 2026
recon-all -s sub-v1s23x0050573_ses-1 finished without error at Thu Mar 12 17:57:37 CET 2026



#New# invocation of recon-all 



status file for recon-all
Thu Mar 12 18:02:03 CET 2026
#@# white curv lh Thu Mar 12 18:02:03 CET 2026
#@# white area lh Thu Mar 12 18:02:03 CET 2026
#@# pial curv lh Thu Mar 12 18:02:03 CET 2026
#@# pial area lh Thu Mar 12 18:02:03 CET 2026
#@# thickness lh Thu Mar 12 18:02:04 CET 2026
#@# area and vertex vol lh Thu Mar 12 18:02:04 CET 2026
#@# white curv rh Thu Mar 12 18:02:04 CET 2026
#@# white area rh Thu Mar 12 18:02:04 CET 2026
#@# pial curv rh Thu Mar 12 18:02:04 CET 2026
#@# pial area rh Thu Mar 12 18:02:04 CET 2026
#@# thickness rh Thu Mar 12 18:02:04 CET 2026
#@# area and vertex vol rh Thu Mar 12 18:02:04 CET 2026
#@# Curvature Stats lh Thu Mar 12 18:02:04 CET 2026
#@# Curvature Stats rh Thu Mar 12 18:02:05 CET 2026
#@# Relabel Hypointensities Thu Mar 12 18:02:07 CET 2026
#@# APas-to-ASeg Thu Mar 12 18:02:17 CET 2026
#@# AParc-to-ASeg aparc Thu Mar 12 18:02:22 CET 2026
#@# AParc-to-ASeg aparc.a2009s Thu Mar 12 18:02:39 CET 2026
#@# AParc-to-ASeg aparc.DKTatlas Thu Mar 12 18:02:55 CET 2026
#@# WMParc Thu Mar 12 18:03:12 CET 2026
#@# ASeg Stats Thu Mar 12 18:05:05 CET 2026
recon-all -s sub-v1s23x0050573_ses-1 finished without error at Thu Mar 12 18:05:22 CET 2026
