status file for recon-all
Thu Mar 12 17:21:57 CET 2026
#@# Tessellate lh Thu Mar 12 17:21:57 CET 2026
#@# Smooth1 lh Thu Mar 12 17:22:00 CET 2026
#@# Inflation1 lh Thu Mar 12 17:22:01 CET 2026
#@# QSphere lh Thu Mar 12 17:22:08 CET 2026
#@# Fix Topology lh Thu Mar 12 17:22:46 CET 2026
#@# Smooth2 lh Thu Mar 12 17:28:12 CET 2026
#@# Inflation2 lh Thu Mar 12 17:28:14 CET 2026
#@# Curv .H and .K lh Thu Mar 12 17:28:22 CET 2026
#@# Sphere lh Thu Mar 12 17:28:55 CET 2026
#@# Surf Reg lh Thu Mar 12 17:31:21 CET 2026
#@# Jacobian white lh Thu Mar 12 17:33:28 CET 2026
#@# AvgCurv lh Thu Mar 12 17:33:29 CET 2026
#@# Cortical Parc lh Thu Mar 12 17:33:29 CET 2026
#@# white curv lh Thu Mar 12 17:38:00 CET 2026
#@# white area lh Thu Mar 12 17:38:01 CET 2026
#@# pial curv lh Thu Mar 12 17:38:02 CET 2026
#@# pial area lh Thu Mar 12 17:38:03 CET 2026
#@# thickness lh Thu Mar 12 17:38:03 CET 2026
#@# area and vertex vol lh Thu Mar 12 17:38:20 CET 2026
#@# Curvature Stats lh Thu Mar 12 17:38:20 CET 2026
#@# Cortical Parc 2 lh Thu Mar 12 17:38:22 CET 2026
#@# Cortical Parc 3 lh Thu Mar 12 17:38:31 CET 2026
#@# WM/GM Contrast lh Thu Mar 12 17:38:37 CET 2026
recon-all -s sub-v1s23x0050573_ses-1 finished without error at Thu Mar 12 17:38:39 CET 2026



#New# invocation of recon-all 



status file for recon-all
Thu Mar 12 17:57:41 CET 2026
#@# white curv lh Thu Mar 12 17:57:42 CET 2026
#@# white area lh Thu Mar 12 17:57:42 CET 2026
#@# pial curv lh Thu Mar 12 17:57:42 CET 2026
#@# pial area lh Thu Mar 12 17:57:42 CET 2026
#@# thickness lh Thu Mar 12 17:57:42 CET 2026
#@# area and vertex vol lh Thu Mar 12 17:57:42 CET 2026
#@# Parcellation Stats lh Thu Mar 12 17:57:42 CET 2026
#@# Parcellation Stats 2 lh Thu Mar 12 17:57:53 CET 2026
#@# Parcellation Stats 3 lh Thu Mar 12 17:57:59 CET 2026
#@# BA_exvivo Labels lh Thu Mar 12 17:58:05 CET 2026
recon-all -s sub-v1s23x0050573_ses-1 finished without error at Thu Mar 12 17:59:46 CET 2026
