status file for recon-all
Mon Mar  9 20:33:58 CET 2026
#@# Tessellate rh Mon Mar  9 20:33:58 CET 2026
#@# Smooth1 rh Mon Mar  9 20:34:01 CET 2026
#@# Inflation1 rh Mon Mar  9 20:34:04 CET 2026
#@# QSphere rh Mon Mar  9 20:34:15 CET 2026
#@# Fix Topology rh Mon Mar  9 20:35:07 CET 2026
#@# Smooth2 rh Mon Mar  9 20:40:11 CET 2026
#@# Inflation2 rh Mon Mar  9 20:40:13 CET 2026
#@# Curv .H and .K rh Mon Mar  9 20:40:26 CET 2026
#@# Sphere rh Mon Mar  9 20:41:04 CET 2026
#@# Surf Reg rh Mon Mar  9 20:44:23 CET 2026
#@# Jacobian white rh Mon Mar  9 20:47:19 CET 2026
#@# AvgCurv rh Mon Mar  9 20:47:20 CET 2026
#@# Cortical Parc rh Mon Mar  9 20:47:20 CET 2026
#@# white curv rh Mon Mar  9 20:53:03 CET 2026
#@# white area rh Mon Mar  9 20:53:04 CET 2026
#@# pial curv rh Mon Mar  9 20:53:05 CET 2026
#@# pial area rh Mon Mar  9 20:53:06 CET 2026
#@# thickness rh Mon Mar  9 20:53:07 CET 2026
#@# area and vertex vol rh Mon Mar  9 20:53:30 CET 2026
#@# Curvature Stats rh Mon Mar  9 20:53:31 CET 2026
#@# Cortical Parc 2 rh Mon Mar  9 20:53:33 CET 2026
#@# Cortical Parc 3 rh Mon Mar  9 20:53:44 CET 2026
#@# WM/GM Contrast rh Mon Mar  9 20:53:53 CET 2026
recon-all -s sub-v1s23x0050565_ses-1 finished without error at Mon Mar  9 20:53:55 CET 2026



#New# invocation of recon-all 



status file for recon-all
Mon Mar  9 21:00:28 CET 2026
#@# white curv rh Mon Mar  9 21:00:28 CET 2026
#@# white area rh Mon Mar  9 21:00:28 CET 2026
#@# pial curv rh Mon Mar  9 21:00:28 CET 2026
#@# pial area rh Mon Mar  9 21:00:28 CET 2026
#@# thickness rh Mon Mar  9 21:00:28 CET 2026
#@# area and vertex vol rh Mon Mar  9 21:00:28 CET 2026
#@# Parcellation Stats rh Mon Mar  9 21:00:28 CET 2026
#@# Parcellation Stats 2 rh Mon Mar  9 21:00:42 CET 2026
#@# Parcellation Stats 3 rh Mon Mar  9 21:00:49 CET 2026
#@# BA_exvivo Labels rh Mon Mar  9 21:00:56 CET 2026
recon-all -s sub-v1s23x0050565_ses-1 finished without error at Mon Mar  9 21:03:04 CET 2026
