status file for recon-all
Mon Mar  9 20:14:50 CET 2026
#@# Tessellate lh Mon Mar  9 20:14:50 CET 2026
#@# Smooth1 lh Mon Mar  9 20:14:53 CET 2026
#@# Inflation1 lh Mon Mar  9 20:14:56 CET 2026
#@# QSphere lh Mon Mar  9 20:15:06 CET 2026
#@# Fix Topology lh Mon Mar  9 20:15:59 CET 2026
#@# Smooth2 lh Mon Mar  9 20:21:00 CET 2026
#@# Inflation2 lh Mon Mar  9 20:21:03 CET 2026
#@# Curv .H and .K lh Mon Mar  9 20:21:15 CET 2026
#@# Sphere lh Mon Mar  9 20:21:51 CET 2026
#@# Surf Reg lh Mon Mar  9 20:24:47 CET 2026
#@# Jacobian white lh Mon Mar  9 20:27:39 CET 2026
#@# AvgCurv lh Mon Mar  9 20:27:40 CET 2026
#@# Cortical Parc lh Mon Mar  9 20:27:40 CET 2026
#@# white curv lh Mon Mar  9 20:33:05 CET 2026
#@# white area lh Mon Mar  9 20:33:06 CET 2026
#@# pial curv lh Mon Mar  9 20:33:07 CET 2026
#@# pial area lh Mon Mar  9 20:33:08 CET 2026
#@# thickness lh Mon Mar  9 20:33:09 CET 2026
#@# area and vertex vol lh Mon Mar  9 20:33:32 CET 2026
#@# Curvature Stats lh Mon Mar  9 20:33:33 CET 2026
#@# Cortical Parc 2 lh Mon Mar  9 20:33:35 CET 2026
#@# Cortical Parc 3 lh Mon Mar  9 20:33:46 CET 2026
#@# WM/GM Contrast lh Mon Mar  9 20:33:54 CET 2026
recon-all -s sub-v1s23x0050565_ses-1 finished without error at Mon Mar  9 20:33:56 CET 2026



#New# invocation of recon-all 



status file for recon-all
Mon Mar  9 20:57:52 CET 2026
#@# white curv lh Mon Mar  9 20:57:52 CET 2026
#@# white area lh Mon Mar  9 20:57:52 CET 2026
#@# pial curv lh Mon Mar  9 20:57:52 CET 2026
#@# pial area lh Mon Mar  9 20:57:52 CET 2026
#@# thickness lh Mon Mar  9 20:57:52 CET 2026
#@# area and vertex vol lh Mon Mar  9 20:57:52 CET 2026
#@# Parcellation Stats lh Mon Mar  9 20:57:52 CET 2026
#@# Parcellation Stats 2 lh Mon Mar  9 20:58:05 CET 2026
#@# Parcellation Stats 3 lh Mon Mar  9 20:58:11 CET 2026
#@# BA_exvivo Labels lh Mon Mar  9 20:58:18 CET 2026
recon-all -s sub-v1s23x0050565_ses-1 finished without error at Mon Mar  9 21:00:25 CET 2026
