status file for recon-all
Mon Mar  9 22:50:03 CET 2026
#@# Tessellate rh Mon Mar  9 22:50:03 CET 2026
#@# Smooth1 rh Mon Mar  9 22:50:07 CET 2026
#@# Inflation1 rh Mon Mar  9 22:50:10 CET 2026
#@# QSphere rh Mon Mar  9 22:50:24 CET 2026
#@# Fix Topology rh Mon Mar  9 22:51:37 CET 2026
#@# Smooth2 rh Mon Mar  9 22:58:45 CET 2026
#@# Inflation2 rh Mon Mar  9 22:58:48 CET 2026
#@# Curv .H and .K rh Mon Mar  9 22:59:04 CET 2026
#@# Sphere rh Mon Mar  9 22:59:55 CET 2026
#@# Surf Reg rh Mon Mar  9 23:03:37 CET 2026
#@# Jacobian white rh Mon Mar  9 23:08:52 CET 2026
#@# AvgCurv rh Mon Mar  9 23:08:53 CET 2026
#@# Cortical Parc rh Mon Mar  9 23:08:54 CET 2026
#@# white curv rh Mon Mar  9 23:16:19 CET 2026
#@# white area rh Mon Mar  9 23:16:21 CET 2026
#@# pial curv rh Mon Mar  9 23:16:22 CET 2026
#@# pial area rh Mon Mar  9 23:16:24 CET 2026
#@# thickness rh Mon Mar  9 23:16:25 CET 2026
#@# area and vertex vol rh Mon Mar  9 23:16:56 CET 2026
#@# Curvature Stats rh Mon Mar  9 23:16:57 CET 2026
#@# Cortical Parc 2 rh Mon Mar  9 23:17:00 CET 2026
#@# Cortical Parc 3 rh Mon Mar  9 23:17:16 CET 2026
#@# WM/GM Contrast rh Mon Mar  9 23:17:27 CET 2026
recon-all -s sub-v1s23x0050611_ses-1 finished without error at Mon Mar  9 23:17:31 CET 2026



#New# invocation of recon-all 



status file for recon-all
Mon Mar  9 23:27:59 CET 2026
#@# white curv rh Mon Mar  9 23:27:59 CET 2026
#@# white area rh Mon Mar  9 23:27:59 CET 2026
#@# pial curv rh Mon Mar  9 23:28:00 CET 2026
#@# pial area rh Mon Mar  9 23:28:00 CET 2026
#@# thickness rh Mon Mar  9 23:28:00 CET 2026
#@# area and vertex vol rh Mon Mar  9 23:28:00 CET 2026
#@# Parcellation Stats rh Mon Mar  9 23:28:00 CET 2026
#@# Parcellation Stats 2 rh Mon Mar  9 23:28:20 CET 2026
#@# Parcellation Stats 3 rh Mon Mar  9 23:28:33 CET 2026
#@# BA_exvivo Labels rh Mon Mar  9 23:28:45 CET 2026
recon-all -s sub-v1s23x0050611_ses-1 finished without error at Mon Mar  9 23:31:41 CET 2026
