status file for recon-all
Mon Mar  9 20:36:40 CET 2026
#@# MotionCor Mon Mar  9 20:36:42 CET 2026
#@# Talairach Mon Mar  9 20:36:49 CET 2026
#@# Talairach Failure Detection Mon Mar  9 20:41:22 CET 2026
#@# Nu Intensity Correction Mon Mar  9 20:41:22 CET 2026
#@# Intensity Normalization Mon Mar  9 20:44:38 CET 2026
recon-all -s sub-v1s23x0050611_ses-1 finished without error at Mon Mar  9 20:46:16 CET 2026



#New# invocation of recon-all 



status file for recon-all
Mon Mar  9 20:53:25 CET 2026
#@# EM Registration Mon Mar  9 20:53:25 CET 2026
recon-all -s sub-v1s23x0050611_ses-1 finished without error at Mon Mar  9 20:56:09 CET 2026



#New# invocation of recon-all 



status file for recon-all
Mon Mar  9 20:56:11 CET 2026
#@# CA Normalize Mon Mar  9 20:56:11 CET 2026
#@# CA Reg Mon Mar  9 20:57:31 CET 2026
#@# SubCort Seg Mon Mar  9 21:45:41 CET 2026
#@# CC Seg Mon Mar  9 22:16:19 CET 2026
#@# Merge ASeg Mon Mar  9 22:16:57 CET 2026
#@# Intensity Normalization2 Mon Mar  9 22:16:57 CET 2026
#@# Mask BFS Mon Mar  9 22:19:14 CET 2026
#@# WM Segmentation Mon Mar  9 22:19:15 CET 2026
#@# Fill Mon Mar  9 22:21:18 CET 2026
recon-all -s sub-v1s23x0050611_ses-1 finished without error at Mon Mar  9 22:22:21 CET 2026



#New# invocation of recon-all 



status file for recon-all
Mon Mar  9 23:17:37 CET 2026
#@# white curv lh Mon Mar  9 23:17:37 CET 2026
#@# white area lh Mon Mar  9 23:17:37 CET 2026
#@# pial curv lh Mon Mar  9 23:17:37 CET 2026
#@# pial area lh Mon Mar  9 23:17:37 CET 2026
#@# thickness lh Mon Mar  9 23:17:37 CET 2026
#@# area and vertex vol lh Mon Mar  9 23:17:37 CET 2026
#@# white curv rh Mon Mar  9 23:17:37 CET 2026
#@# white area rh Mon Mar  9 23:17:37 CET 2026
#@# pial curv rh Mon Mar  9 23:17:37 CET 2026
#@# pial area rh Mon Mar  9 23:17:37 CET 2026
#@# thickness rh Mon Mar  9 23:17:37 CET 2026
#@# area and vertex vol rh Mon Mar  9 23:17:37 CET 2026
#@# Cortical ribbon mask Mon Mar  9 23:17:37 CET 2026
recon-all -s sub-v1s23x0050611_ses-1 finished without error at Mon Mar  9 23:24:03 CET 2026



#New# invocation of recon-all 



status file for recon-all
Mon Mar  9 23:31:45 CET 2026
#@# white curv lh Mon Mar  9 23:31:45 CET 2026
#@# white area lh Mon Mar  9 23:31:45 CET 2026
#@# pial curv lh Mon Mar  9 23:31:45 CET 2026
#@# pial area lh Mon Mar  9 23:31:45 CET 2026
#@# thickness lh Mon Mar  9 23:31:45 CET 2026
#@# area and vertex vol lh Mon Mar  9 23:31:45 CET 2026
#@# white curv rh Mon Mar  9 23:31:46 CET 2026
#@# white area rh Mon Mar  9 23:31:46 CET 2026
#@# pial curv rh Mon Mar  9 23:31:46 CET 2026
#@# pial area rh Mon Mar  9 23:31:46 CET 2026
#@# thickness rh Mon Mar  9 23:31:46 CET 2026
#@# area and vertex vol rh Mon Mar  9 23:31:46 CET 2026
#@# Curvature Stats lh Mon Mar  9 23:31:46 CET 2026
#@# Curvature Stats rh Mon Mar  9 23:31:48 CET 2026
#@# Relabel Hypointensities Mon Mar  9 23:31:51 CET 2026
#@# APas-to-ASeg Mon Mar  9 23:32:07 CET 2026
#@# AParc-to-ASeg aparc Mon Mar  9 23:32:16 CET 2026
#@# AParc-to-ASeg aparc.a2009s Mon Mar  9 23:32:58 CET 2026
#@# AParc-to-ASeg aparc.DKTatlas Mon Mar  9 23:33:40 CET 2026
#@# WMParc Mon Mar  9 23:34:20 CET 2026
#@# ASeg Stats Mon Mar  9 23:38:42 CET 2026
recon-all -s sub-v1s23x0050611_ses-1 finished without error at Mon Mar  9 23:39:25 CET 2026
