status file for recon-all
Mon Mar  9 22:22:27 CET 2026
#@# Tessellate lh Mon Mar  9 22:22:27 CET 2026
#@# Smooth1 lh Mon Mar  9 22:22:31 CET 2026
#@# Inflation1 lh Mon Mar  9 22:22:34 CET 2026
#@# QSphere lh Mon Mar  9 22:22:46 CET 2026
#@# Fix Topology lh Mon Mar  9 22:24:01 CET 2026
#@# Smooth2 lh Mon Mar  9 22:30:41 CET 2026
#@# Inflation2 lh Mon Mar  9 22:30:44 CET 2026
#@# Curv .H and .K lh Mon Mar  9 22:30:58 CET 2026
#@# Sphere lh Mon Mar  9 22:31:55 CET 2026
#@# Surf Reg lh Mon Mar  9 22:36:27 CET 2026
#@# Jacobian white lh Mon Mar  9 22:41:18 CET 2026
#@# AvgCurv lh Mon Mar  9 22:41:20 CET 2026
#@# Cortical Parc lh Mon Mar  9 22:41:21 CET 2026
#@# white curv lh Mon Mar  9 22:48:46 CET 2026
#@# white area lh Mon Mar  9 22:48:48 CET 2026
#@# pial curv lh Mon Mar  9 22:48:49 CET 2026
#@# pial area lh Mon Mar  9 22:48:51 CET 2026
#@# thickness lh Mon Mar  9 22:48:52 CET 2026
#@# area and vertex vol lh Mon Mar  9 22:49:27 CET 2026
#@# Curvature Stats lh Mon Mar  9 22:49:29 CET 2026
#@# Cortical Parc 2 lh Mon Mar  9 22:49:32 CET 2026
#@# Cortical Parc 3 lh Mon Mar  9 22:49:47 CET 2026
#@# WM/GM Contrast lh Mon Mar  9 22:49:58 CET 2026
recon-all -s sub-v1s23x0050611_ses-1 finished without error at Mon Mar  9 22:50:02 CET 2026



#New# invocation of recon-all 



status file for recon-all
Mon Mar  9 23:24:08 CET 2026
#@# white curv lh Mon Mar  9 23:24:08 CET 2026
#@# white area lh Mon Mar  9 23:24:08 CET 2026
#@# pial curv lh Mon Mar  9 23:24:08 CET 2026
#@# pial area lh Mon Mar  9 23:24:08 CET 2026
#@# thickness lh Mon Mar  9 23:24:08 CET 2026
#@# area and vertex vol lh Mon Mar  9 23:24:08 CET 2026
#@# Parcellation Stats lh Mon Mar  9 23:24:08 CET 2026
#@# Parcellation Stats 2 lh Mon Mar  9 23:24:35 CET 2026
#@# Parcellation Stats 3 lh Mon Mar  9 23:24:47 CET 2026
#@# BA_exvivo Labels lh Mon Mar  9 23:24:57 CET 2026
recon-all -s sub-v1s23x0050611_ses-1 finished without error at Mon Mar  9 23:27:56 CET 2026
