/out/sourcedata/freesurfer/sub-v1s23x0050623_ses-1/mri
/opt/freesurfer/bin/talairach_avi
--i orig_nu.mgz --xfm transforms/talairach.auto.xfm
talairach_avi 7.3.2
Linux dna043 5.14.0-427.37.1.el9_4.x86_64 #1 SMP PREEMPT_DYNAMIC Fri Sep 13 12:41:50 EDT 2024 x86_64 x86_64 x86_64 GNU/Linux
Mon Mar  9 21:08:01 CET 2026
mri_convert orig_nu.mgz talsrcimg.img 
reading from orig_nu.mgz...
TR=0.00, TE=0.00, TI=0.00, flip angle=0.00
i_ras = (-1, 0, 0)
j_ras = (0, 0, -1)
k_ras = (0, 1, 0)
writing to talsrcimg.img...
Analyze Output Matrix
-1.00000   0.00000   0.00000   160.44020;
 0.00000   0.00000   1.00000  -178.59557;
 0.00000  -1.00000   0.00000   149.76396;
 0.00000   0.00000   0.00000   1.00000;
--------------------
INFO: set hdr.hist.orient to -1
mpr2mni305 talsrcimg
Mon Mar  9 21:08:02 CET 2026
/opt/freesurfer/bin/mpr2mni305 talsrcimg
mpr2mni305 7.3.2
target=711-2C_as_mni_average_305

---------------------------------------------------------------------
analyzeto4dfp talsrcimg -O0 -y
---------------------------------------------------------------------

freesurfer ifh2hdr.c
Mon Mar  9 21:08:02 2026
Writing: talsrcimg.4dfp.hdr
freesurfer analyzeto4dfp.c
Reading: talsrcimg.hdr
header size 348 bytes
hdr.dime.datatype	offset=70	value=2
hdr.dime.bitpix		offset=72	value=8
hdr.hist.orient		offset=252	value=-1
dimensionality     4
dimensions       256       256       256         1
Reading: talsrcimg.img
Writing: talsrcimg.4dfp.img
Writing: talsrcimg.4dfp.ifh
ifh2hdr talsrcimg -r0to236
ori=2

---------------------------------------------------------------------
gauss_4dfp talsrcimg 1.1
---------------------------------------------------------------------

freesurfer gauss_4dfp.c
Reading: talsrcimg.4dfp.img
Writing: talsrcimg_g11.4dfp.img
image dimensions 256 256 256 padded to 288 288 288
processing volume 1freesurfer ifh2hdr.c
Mon Mar  9 21:08:04 2026
Writing: talsrcimg_g11.4dfp.hdr

Writing: talsrcimg_g11.4dfp.ifh
including: talsrcimg.4dfp.img.rec in talsrcimg_g11.4dfp.img.rec

---------------------------------------------------------------------
imgreg_4dfp /opt/freesurfer/average/711-2C_as_mni_average_305 none talsrcimg_g11 none talsrcimg_to_711-2C_as_mni_average_305_t4 4355
---------------------------------------------------------------------

freesurfer imgreg_4dfp.c
/opt/freesurfer/average/711-2C_as_mni_average_305.4dfp.img
       256       256       256         1
  1.000000  1.000000  1.000000
orientation T byte_order littleendian
Reading image: /opt/freesurfer/average/711-2C_as_mni_average_305.4dfp.img
dimensions:      256       256       256
mmppix:       1.0000   -1.0000   -1.0000
center:     128.0000 -129.0000 -129.0000
talsrcimg_g11.4dfp.img
       256       256       256         1
  1.000000  1.000000  1.000000
orientation T byte_order littleendian
Reading image: talsrcimg_g11.4dfp.img
dimensions:      256       256       256
mmppix:       1.0000   -1.0000   -1.0000
center:     128.0000 -129.0000 -129.0000
t4_read: open error in t4_sub.f l:  41 t4_file(1:l)talsrcimg_to_711-2C_as_mni_average_305_t4 
t4_read: transform initialized to I4
rotation matrix determinant  1.000000
image alignment mode   4355 decimal     1103 hex
   -7.5000  -45.0000  -45.0000 9525.9590   19.6651
    0.0000  -45.0000  -45.0000 9959.0576   19.6803
    7.5000  -45.0000  -45.0000 9543.4229   19.6671
   -7.5000  -37.5000  -45.0000 9636.0098   19.8264
    0.0000  -37.5000  -45.000010057.1553   19.8437
    7.5000  -37.5000  -45.0000 9660.7998   19.8404
   -7.5000  -30.0000  -45.0000 9987.4951   19.7792
    0.0000  -30.0000  -45.000010403.7676   19.7942
    7.5000  -30.0000  -45.0000 9996.4453   19.8028
   -7.5000  -22.5000  -45.000010302.5576   19.7387
    0.0000  -22.5000  -45.000010695.9150   19.7479
    7.5000  -22.5000  -45.000010275.9053   19.7574
   -7.5000  -15.0000  -45.000010494.5195   19.6988
    0.0000  -15.0000  -45.000010889.9307   19.7055
    7.5000  -15.0000  -45.000010447.1445   19.7066
   -7.5000   -7.5000  -45.000010530.8125   19.6697
    0.0000   -7.5000  -45.000010970.0029   19.6797
    7.5000   -7.5000  -45.000010465.2295   19.6694
   -7.5000    0.0000  -45.000010464.1230   19.6651
    0.0000    0.0000  -45.000010927.9824   19.6803
    7.5000    0.0000  -45.000010415.7178   19.6670
   -7.5000    7.5000  -45.0000 9723.5859   19.8264
    0.0000    7.5000  -45.000010166.8145   19.8437
    7.5000    7.5000  -45.0000 9686.7959   19.8404
   -7.5000   15.0000  -45.0000 9012.3145   20.1497
    0.0000   15.0000  -45.0000 9387.6807   20.1665
    7.5000   15.0000  -45.0000 8954.8311   20.1725
   -7.5000   22.5000  -45.0000 8346.5283   20.6175
    0.0000   22.5000  -45.0000 8685.3672   20.6321
    7.5000   22.5000  -45.0000 8254.2227   20.6422
   -7.5000   30.0000  -45.0000 7696.6738   20.9286
    0.0000   30.0000  -45.0000 8017.2026   20.9432
    7.5000   30.0000  -45.0000 7606.9126   20.9505
   -7.5000   37.5000  -45.0000 7267.5508   21.6508
    0.0000   37.5000  -45.0000 7543.0122   21.6588
    7.5000   37.5000  -45.0000 7156.5835   21.6519
   -7.5000   45.0000  -45.0000 6491.3413   21.8629
    0.0000   45.0000  -45.0000 6743.4658   21.8750
    7.5000   45.0000  -45.0000 6406.1621   21.8515
   -7.5000  -45.0000  -37.500010018.2979   19.5160
    0.0000  -45.0000  -37.500010480.0566   19.5292
    7.5000  -45.0000  -37.500010024.3652   19.5149
   -7.5000  -37.5000  -37.500010138.6602   19.6823
    0.0000  -37.5000  -37.500010559.9189   19.6989
    7.5000  -37.5000  -37.500010143.6582   19.6919
   -7.5000  -30.0000  -37.500010503.9111   19.6330
    0.0000  -30.0000  -37.500010929.5244   19.6472
    7.5000  -30.0000  -37.500010490.2637   19.6471
   -7.5000  -22.5000  -37.500010799.8008   19.5837
    0.0000  -22.5000  -37.500011219.2783   19.5888
    7.5000  -22.5000  -37.500010764.4033   19.5872
   -7.5000  -15.0000  -37.500010965.4619   19.5376
    0.0000  -15.0000  -37.500011408.9072   19.5374
    7.5000  -15.0000  -37.500010901.8857   19.5288
   -7.5000   -7.5000  -37.500011041.7861   19.5117
    0.0000   -7.5000  -37.500011519.9414   19.5160
    7.5000   -7.5000  -37.500010977.8984   19.5011
   -7.5000    0.0000  -37.500011021.4824   19.5160
    0.0000    0.0000  -37.500011496.2480   19.5292
    7.5000    0.0000  -37.500010976.4277   19.5149
   -7.5000    7.5000  -37.500010241.4629   19.6823
    0.0000    7.5000  -37.500010667.3770   19.6989
    7.5000    7.5000  -37.500010188.8369   19.6919
   -7.5000   15.0000  -37.5000 9478.1592   19.9961
    0.0000   15.0000  -37.5000 9825.4717   20.0106
    7.5000   15.0000  -37.5000 9378.9697   20.0066
   -7.5000   22.5000  -37.5000 8735.4717   20.4446
    0.0000   22.5000  -37.5000 9075.0127   20.4550
    7.5000   22.5000  -37.5000 8640.1865   20.4526
   -7.5000   30.0000  -37.5000 8027.7148   20.7412
    0.0000   30.0000  -37.5000 8328.0020   20.7449
    7.5000   30.0000  -37.5000 7924.2144   20.7397
   -7.5000   37.5000  -37.5000 7561.7510   21.4557
    0.0000   37.5000  -37.5000 7813.1685   21.4540
    7.5000   37.5000  -37.5000 7433.7388   21.4370
   -7.5000   45.0000  -37.5000 6761.3394   21.6713
    0.0000   45.0000  -37.5000 6999.3857   21.6786
    7.5000   45.0000  -37.5000 6666.1948   21.6491
   -7.5000  -45.0000  -30.000010737.7158   20.3190
    0.0000  -45.0000  -30.000011202.9707   20.3386
    7.5000  -45.0000  -30.000010714.1426   20.3282
   -7.5000  -37.5000  -30.000010862.2998   20.4929
    0.0000  -37.5000  -30.000011290.4551   20.5135
    7.5000  -37.5000  -30.000010841.0088   20.5029
   -7.5000  -30.0000  -30.000011224.1260   20.4433
    0.0000  -30.0000  -30.000011657.0605   20.4616
    7.5000  -30.0000  -30.000011158.4160   20.4526
   -7.5000  -22.5000  -30.000011485.2207   20.3926
    0.0000  -22.5000  -30.000011931.5469   20.4032
    7.5000  -22.5000  -30.000011438.3115   20.3946
   -7.5000  -15.0000  -30.000011675.7988   20.3448
    0.0000  -15.0000  -30.000012122.5820   20.3512
    7.5000  -15.0000  -30.000011619.4443   20.3419
   -7.5000   -7.5000  -30.000011817.3604   20.3157
    0.0000   -7.5000  -30.000012295.8916   20.3271
    7.5000   -7.5000  -30.000011738.0938   20.3166
   -7.5000    0.0000  -30.000011824.5635   20.3190
    0.0000    0.0000  -30.000012296.7197   20.3386
    7.5000    0.0000  -30.000011748.2227   20.3282
   -7.5000    7.5000  -30.000010957.2812   20.4929
    0.0000    7.5000  -30.000011366.1787   20.5135
    7.5000    7.5000  -30.000010882.0488   20.5029
   -7.5000   15.0000  -30.000010076.1025   20.8182
    0.0000   15.0000  -30.000010432.0410   20.8353
    7.5000   15.0000  -30.0000 9975.7256   20.8216
   -7.5000   22.5000  -30.0000 9272.3145   21.2865
    0.0000   22.5000  -30.0000 9609.9688   21.3006
    7.5000   22.5000  -30.0000 9166.9033   21.2896
   -7.5000   30.0000  -30.0000 8511.3477   21.5966
    0.0000   30.0000  -30.0000 8835.5137   21.6045
    7.5000   30.0000  -30.0000 8407.6855   21.5966
   -7.5000   37.5000  -30.0000 7987.8828   22.3390
    0.0000   37.5000  -30.0000 8281.0303   22.3434
    7.5000   37.5000  -30.0000 7884.7168   22.3287
   -7.5000   45.0000  -30.0000 7148.1465   22.5747
    0.0000   45.0000  -30.0000 7420.6689   22.5866
    7.5000   45.0000  -30.0000 7045.0044   22.5563
   -7.5000  -45.0000  -22.500011448.2070   21.0287
    0.0000  -45.0000  -22.500011913.0322   21.0576
    7.5000  -45.0000  -22.500011406.6387   21.0494
   -7.5000  -37.5000  -22.500011578.2676   21.2014
    0.0000  -37.5000  -22.500012016.3242   21.2275
    7.5000  -37.5000  -22.500011510.5039   21.2141
   -7.5000  -30.0000  -22.500011938.6104   21.1538
    0.0000  -30.0000  -22.500012393.8613   21.1787
    7.5000  -30.0000  -22.500011860.5293   21.1667
   -7.5000  -22.5000  -22.500012222.9893   21.1118
    0.0000  -22.5000  -22.500012699.4277   21.1345
    7.5000  -22.5000  -22.500012170.3057   21.1285
   -7.5000  -15.0000  -22.500012417.8955   21.0700
    0.0000  -15.0000  -22.500012908.3164   21.0928
    7.5000  -15.0000  -22.500012378.9805   21.0914
   -7.5000   -7.5000  -22.500012595.6143   21.0359
    0.0000   -7.5000  -22.500013079.3047   21.0615
    7.5000   -7.5000  -22.500012524.9668   21.0585
   -7.5000    0.0000  -22.500012593.3027   21.0287
    0.0000    0.0000  -22.500013057.1709   21.0576
    7.5000    0.0000  -22.500012516.3730   21.0494
   -7.5000    7.5000  -22.500011670.9043   21.2014
    0.0000    7.5000  -22.500012077.8984   21.2275
    7.5000    7.5000  -22.500011582.6504   21.2141
   -7.5000   15.0000  -22.500010726.7139   21.5410
    0.0000   15.0000  -22.500011093.6162   21.5646
    7.5000   15.0000  -22.500010626.1826   21.5486
   -7.5000   22.5000  -22.5000 9831.5527   22.0419
    0.0000   22.5000  -22.500010185.0928   22.0661
    7.5000   22.5000  -22.5000 9723.0479   22.0573
   -7.5000   30.0000  -22.5000 9009.2617   22.3742
    0.0000   30.0000  -22.5000 9351.1924   22.4003
    7.5000   30.0000  -22.5000 8904.9209   22.4011
   -7.5000   37.5000  -22.5000 8445.6484   23.1384
    0.0000   37.5000  -22.5000 8764.6094   23.1612
    7.5000   37.5000  -22.5000 8359.2832   23.1577
   -7.5000   45.0000  -22.5000 7548.4043   23.3807
    0.0000   45.0000  -22.5000 7826.6118   23.4037
    7.5000   45.0000  -22.5000 7448.5361   23.3763
   -7.5000  -45.0000  -15.000012116.2314   21.5415
    0.0000  -45.0000  -15.000012614.7764   21.5731
    7.5000  -45.0000  -15.000012069.7412   21.5633
   -7.5000  -37.5000  -15.000012270.2510   21.7107
    0.0000  -37.5000  -15.000012759.2588   21.7381
    7.5000  -37.5000  -15.000012187.3057   21.7256
   -7.5000  -30.0000  -15.000012638.0986   21.6673
    0.0000  -30.0000  -15.000013141.7578   21.6949
    7.5000  -30.0000  -15.000012569.8672   21.6891
   -7.5000  -22.5000  -15.000012942.4980   21.6370
    0.0000  -22.5000  -15.000013469.8721   21.6666
    7.5000  -22.5000  -15.000012931.2451   21.6697
   -7.5000  -15.0000  -15.000013159.7744   21.6017
    0.0000  -15.0000  -15.000013688.8086   21.6343
    7.5000  -15.0000  -15.000013139.6133   21.6409
   -7.5000   -7.5000  -15.000013331.2764   21.5613
    0.0000   -7.5000  -15.000013846.4160   21.5941
    7.5000   -7.5000  -15.000013291.7051   21.5936
   -7.5000    0.0000  -15.000013294.9453   21.5415
    0.0000    0.0000  -15.000013782.2627   21.5731
    7.5000    0.0000  -15.000013234.4902   21.5632
   -7.5000    7.5000  -15.000012325.3379   21.7107
    0.0000    7.5000  -15.000012739.8086   21.7381
    7.5000    7.5000  -15.000012255.9932   21.7256
   -7.5000   15.0000  -15.000011357.2744   22.0657
    0.0000   15.0000  -15.000011756.3545   22.0935
    7.5000   15.0000  -15.000011278.8760   22.0853
   -7.5000   22.5000  -15.000010433.5166   22.5949
    0.0000   22.5000  -15.000010787.4443   22.6263
    7.5000   22.5000  -15.000010324.1621   22.6277
   -7.5000   30.0000  -15.0000 9523.2295   22.9482
    0.0000   30.0000  -15.0000 9876.0303   22.9883
    7.5000   30.0000  -15.0000 9414.2500   22.9998
   -7.5000   37.5000  -15.0000 8921.0908   23.7231
    0.0000   37.5000  -15.0000 9248.3721   23.7575
    7.5000   37.5000  -15.0000 8829.6123   23.7622
   -7.5000   45.0000  -15.0000 7961.2510   23.9662
    0.0000   45.0000  -15.0000 8252.3066   23.9945
    7.5000   45.0000  -15.0000 7862.3877   23.9705
   -7.5000  -45.0000   -7.500012862.4785   21.7860
    0.0000  -45.0000   -7.500013402.4033   21.8122
    7.5000  -45.0000   -7.500012857.0273   21.7993
   -7.5000  -37.5000   -7.500013043.1943   21.9576
    0.0000  -37.5000   -7.500013559.2363   21.9826
    7.5000  -37.5000   -7.500012996.7070   21.9751
   -7.5000  -30.0000   -7.500013418.6133   21.9133
    0.0000  -30.0000   -7.500013951.3916   21.9378
    7.5000  -30.0000   -7.500013405.1748   21.9424
   -7.5000  -22.5000   -7.500013719.1055   21.8816
    0.0000  -22.5000   -7.500014289.0859   21.9052
    7.5000  -22.5000   -7.500013760.2051   21.9163
   -7.5000  -15.0000   -7.500013941.7725   21.8445
    0.0000  -15.0000   -7.500014532.2314   21.8689
    7.5000  -15.0000   -7.500013999.1504   21.8763
   -7.5000   -7.5000   -7.500014125.5615   21.8043
    0.0000   -7.5000   -7.500014712.9863   21.8296
    7.5000   -7.5000   -7.500014161.4258   21.8249
   -7.5000    0.0000   -7.500014114.1016   21.7860
    0.0000    0.0000   -7.500014675.4600   21.8122
    7.5000    0.0000   -7.500014108.8555   21.7993
   -7.5000    7.5000   -7.500013133.2031   21.9576
    0.0000    7.5000   -7.500013644.0693   21.9826
    7.5000    7.5000   -7.500013079.3652   21.9751
   -7.5000   15.0000   -7.500012140.4053   22.3192
    0.0000   15.0000   -7.500012601.5439   22.3456
    7.5000   15.0000   -7.500012048.2422   22.3484
   -7.5000   22.5000   -7.500011126.5723   22.8462
    0.0000   22.5000   -7.500011554.8887   22.8739
    7.5000   22.5000   -7.500011007.6221   22.8849
   -7.5000   30.0000   -7.500010109.9346   23.2058
    0.0000   30.0000   -7.500010522.5889   23.2402
    7.5000   30.0000   -7.5000 9998.5596   23.2547
   -7.5000   37.5000   -7.5000 9428.9189   23.9887
    0.0000   37.5000   -7.5000 9815.4219   24.0157
    7.5000   37.5000   -7.5000 9339.9717   24.0180
   -7.5000   45.0000   -7.5000 8407.7998   24.2435
    0.0000   45.0000   -7.5000 8730.4590   24.2675
    7.5000   45.0000   -7.5000 8309.2266   24.2444
   -7.5000  -45.0000    0.000013588.4473   21.8169
    0.0000  -45.0000    0.000014188.8613   21.8349
    7.5000  -45.0000    0.000013610.5273   21.8188
   -7.5000  -37.5000    0.000013846.5078   21.9963
    0.0000  -37.5000    0.000014437.8291   22.0169
    7.5000  -37.5000    0.000013914.2539   22.0120
   -7.5000  -30.0000    0.000014264.6094   21.9454
    0.0000  -30.0000    0.000014917.8408   21.9637
    7.5000  -30.0000    0.000014403.9365   21.9721
   -7.5000  -22.5000    0.000014559.6123   21.8999
    0.0000  -22.5000    0.000015232.5537   21.9116
    7.5000  -22.5000    0.000014726.4961   21.9211
   -7.5000  -15.0000    0.000014751.3896   21.8542
    0.0000  -15.0000    0.000015458.1436   21.8627
    7.5000  -15.0000    0.000014904.2422   21.8628
   -7.5000   -7.5000    0.000014997.8721   21.8212
    0.0000   -7.5000    0.000015732.7715   21.8332
    7.5000   -7.5000    0.000015057.8389   21.8204
   -7.5000    0.0000    0.000014991.9824   21.8169
    0.0000    0.0000    0.000015738.7881   21.8349
    7.5000    0.0000    0.000014976.4365   21.8187
   -7.5000    7.5000    0.000013964.2490   21.9963
    0.0000    7.5000    0.000014624.2539   22.0169
    7.5000    7.5000    0.000013876.8301   22.0120
   -7.5000   15.0000    0.000012944.1943   22.3529
    0.0000   15.0000    0.000013516.7510   22.3733
    7.5000   15.0000    0.000012806.3926   22.3788
   -7.5000   22.5000    0.000011861.7002   22.8588
    0.0000   22.5000    0.000012354.6592   22.8766
    7.5000   22.5000    0.000011720.4121   22.8866
   -7.5000   30.0000    0.000010710.6318   23.2123
    0.0000   30.0000    0.000011144.0967   23.2296
    7.5000   30.0000    0.000010581.6182   23.2364
   -7.5000   37.5000    0.0000 9901.5742   24.0044
    0.0000   37.5000    0.000010316.6025   24.0145
    7.5000   37.5000    0.0000 9781.7227   24.0051
   -7.5000   45.0000    0.0000 8789.0820   24.2798
    0.0000   45.0000    0.0000 9157.0947   24.2947
    7.5000   45.0000    0.0000 8708.7793   24.2669
   -7.5000  -45.0000    7.500013395.4639   21.8106
    0.0000  -45.0000    7.500014008.6602   21.8256
    7.5000  -45.0000    7.500013441.1035   21.8095
   -7.5000  -37.5000    7.500013892.9121   21.9969
    0.0000  -37.5000    7.500014748.9492   22.0155
    7.5000  -37.5000    7.500013987.0020   22.0077
   -7.5000  -30.0000    7.500014417.6230   21.9420
    0.0000  -30.0000    7.500015296.4463   21.9580
    7.5000  -30.0000    7.500014515.7900   21.9583
   -7.5000  -22.5000    7.500014535.2471   21.8861
    0.0000  -22.5000    7.500015314.1523   21.8922
    7.5000  -22.5000    7.500014624.3545   21.8910
   -7.5000  -15.0000    7.500014554.1875   21.8339
    0.0000  -15.0000    7.500015320.6875   21.8342
    7.5000  -15.0000    7.500014626.8857   21.8251
   -7.5000   -7.5000    7.500014688.1748   21.8050
    0.0000   -7.5000    7.500015516.5791   21.8104
    7.5000   -7.5000    7.500014761.1943   21.7938
   -7.5000    0.0000    7.500014667.7393   21.8106
    0.0000    0.0000    7.500015478.4600   21.8256
    7.5000    0.0000    7.500014705.2188   21.8095
   -7.5000    7.5000    7.500013632.4746   21.9969
    0.0000    7.5000    7.500014297.2666   22.0155
    7.5000    7.5000    7.500013589.2793   22.0077
   -7.5000   15.0000    7.500012580.9619   22.3472
    0.0000   15.0000    7.500013161.6465   22.3635
    7.5000   15.0000    7.500012490.8906   22.3595
   -7.5000   22.5000    7.500011531.9805   22.8396
    0.0000   22.5000    7.500012048.6426   22.8516
    7.5000   22.5000    7.500011419.0664   22.8495
   -7.5000   30.0000    7.500010375.3564   23.1856
    0.0000   30.0000    7.500010829.0469   23.1904
    7.5000   30.0000    7.500010278.8652   23.1851
   -7.5000   37.5000    7.5000 9585.2715   23.9832
    0.0000   37.5000    7.500010006.3438   23.9820
    7.5000   37.5000    7.5000 9510.3174   23.9631
   -7.5000   45.0000    7.5000 8528.5078   24.2715
    0.0000   45.0000    7.5000 8890.9932   24.2800
    7.5000   45.0000    7.5000 8477.5488   24.2468
   -7.5000  -45.0000   15.000012964.5342   21.8174
    0.0000  -45.0000   15.000013655.8125   21.8385
    7.5000  -45.0000   15.000012954.2969   21.8272
   -7.5000  -37.5000   15.000013376.8447   22.0041
    0.0000  -37.5000   15.000014348.9023   22.0264
    7.5000  -37.5000   15.000013445.1758   22.0148
   -7.5000  -30.0000   15.000013783.4316   21.9504
    0.0000  -30.0000   15.000014761.8545   21.9701
    7.5000  -30.0000   15.000013876.4512   21.9603
   -7.5000  -22.5000   15.000013883.5576   21.8952
    0.0000  -22.5000   15.000014755.4951   21.9067
    7.5000  -22.5000   15.000013964.2627   21.8974
   -7.5000  -15.0000   15.000013834.6807   21.8438
    0.0000  -15.0000   15.000014701.8203   21.8507
    7.5000  -15.0000   15.000013983.0283   21.8407
   -7.5000   -7.5000   15.000013908.6494   21.8132
    0.0000   -7.5000   15.000014799.7344   21.8253
    7.5000   -7.5000   15.000014091.3906   21.8141
   -7.5000    0.0000   15.000013913.2715   21.8174
    0.0000    0.0000   15.000014729.5664   21.8384
    7.5000    0.0000   15.000014041.1279   21.8271
   -7.5000    7.5000   15.000012944.0391   22.0041
    0.0000    7.5000   15.000013599.4688   22.0264
    7.5000    7.5000   15.000012995.3291   22.0148
   -7.5000   15.0000   15.000011996.0293   22.3528
    0.0000   15.0000   15.000012531.6816   22.3713
    7.5000   15.0000   15.000011969.6123   22.3564
   -7.5000   22.5000   15.000011044.1289   22.8498
    0.0000   22.5000   15.000011530.8633   22.8651
    7.5000   22.5000   15.000010997.1250   22.8532
   -7.5000   30.0000   15.0000 9980.9902   23.1944
    0.0000   30.0000   15.000010387.6152   23.2029
    7.5000   30.0000   15.0000 9911.6396   23.1944
   -7.5000   37.5000   15.0000 9205.5312   23.9923
    0.0000   37.5000   15.0000 9578.2656   23.9970
    7.5000   37.5000   15.0000 9131.7744   23.9812
   -7.5000   45.0000   15.0000 8203.2539   24.2783
    0.0000   45.0000   15.0000 8537.1035   24.2911
    7.5000   45.0000   15.0000 8122.3101   24.2585
   -7.5000  -45.0000   22.500012224.6611   21.8348
    0.0000  -45.0000   22.500012839.6396   21.8649
    7.5000  -45.0000   22.500012217.8994   21.8562
   -7.5000  -37.5000   22.500012460.8242   22.0142
    0.0000  -37.5000   22.500013165.3623   22.0413
    7.5000  -37.5000   22.500012536.4424   22.0273
   -7.5000  -30.0000   22.500012770.8496   21.9648
    0.0000  -30.0000   22.500013457.5967   21.9906
    7.5000  -30.0000   22.500012909.6426   21.9781
   -7.5000  -22.5000   22.500012945.0225   21.9212
    0.0000  -22.5000   22.500013579.5264   21.9447
    7.5000  -22.5000   22.500013107.0049   21.9384
   -7.5000  -15.0000   22.500013032.4072   21.8778
    0.0000  -15.0000   22.500013744.4482   21.9014
    7.5000  -15.0000   22.500013262.0615   21.8999
   -7.5000   -7.5000   22.500013166.5059   21.8424
    0.0000   -7.5000   22.500013889.7256   21.8689
    7.5000   -7.5000   22.500013370.7314   21.8657
   -7.5000    0.0000   22.500013198.8555   21.8348
    0.0000    0.0000   22.500013881.6904   21.8649
    7.5000    0.0000   22.500013327.0830   21.8562
   -7.5000    7.5000   22.500012216.1367   22.0142
    0.0000    7.5000   22.500012817.3447   22.0413
    7.5000    7.5000   22.500012293.1631   22.0273
   -7.5000   15.0000   22.500011289.0479   22.3669
    0.0000   15.0000   22.500011815.6289   22.3913
    7.5000   15.0000   22.500011305.0488   22.3747
   -7.5000   22.5000   22.500010367.2158   22.8837
    0.0000   22.5000   22.500010836.7334   22.9087
    7.5000   22.5000   22.500010348.0820   22.8996
   -7.5000   30.0000   22.5000 9380.3262   23.2357
    0.0000   30.0000   22.5000 9793.6064   23.2628
    7.5000   30.0000   22.5000 9321.6670   23.2635
   -7.5000   37.5000   22.5000 8720.7373   24.0295
    0.0000   37.5000   22.5000 9089.7432   24.0531
    7.5000   37.5000   22.5000 8659.1953   24.0495
   -7.5000   45.0000   22.5000 7820.2285   24.2990
    0.0000   45.0000   22.5000 8131.1919   24.3228
    7.5000   45.0000   22.5000 7750.9390   24.2943
   -7.5000  -45.0000   30.000011215.1123   21.9101
    0.0000  -45.0000   30.000011749.7539   21.9425
    7.5000  -45.0000   30.000011247.3389   21.9324
   -7.5000  -37.5000   30.000011389.9854   22.0825
    0.0000  -37.5000   30.000011910.3047   22.1106
    7.5000  -37.5000   30.000011434.3213   22.0979
   -7.5000  -30.0000   30.000011741.1377   22.0381
    0.0000  -30.0000   30.000012230.8027   22.0664
    7.5000  -30.0000   30.000011828.2539   22.0605
   -7.5000  -22.5000   30.000011972.6016   22.0071
    0.0000  -22.5000   30.000012489.1689   22.0375
    7.5000  -22.5000   30.000012097.7998   22.0407
   -7.5000  -15.0000   30.000012093.8096   21.9713
    0.0000  -15.0000   30.000012651.2637   22.0046
    7.5000  -15.0000   30.000012243.5703   22.0114
   -7.5000   -7.5000   30.000012232.7900   21.9302
    0.0000   -7.5000   30.000012798.9316   21.9638
    7.5000   -7.5000   30.000012376.7188   21.9633
   -7.5000    0.0000   30.000012250.4092   21.9101
    0.0000    0.0000   30.000012799.4121   21.9425
    7.5000    0.0000   30.000012359.6699   21.9323
   -7.5000    7.5000   30.000011359.3438   22.0825
    0.0000    7.5000   30.000011868.1709   22.1106
    7.5000    7.5000   30.000011424.0840   22.0979
   -7.5000   15.0000   30.000010465.5928   22.4447
    0.0000   15.0000   30.000010939.6133   22.4733
    7.5000   15.0000   30.000010498.5723   22.4649
   -7.5000   22.5000   30.0000 9602.0078   22.9824
    0.0000   22.5000   30.000010017.9375   23.0146
    7.5000   22.5000   30.0000 9622.7666   23.0161
   -7.5000   30.0000   30.0000 8693.9775   23.3467
    0.0000   30.0000   30.0000 9078.9941   23.3878
    7.5000   30.0000   30.0000 8690.7285   23.3995
   -7.5000   37.5000   30.0000 8128.8838   24.1382
    0.0000   37.5000   30.0000 8494.3086   24.1735
    7.5000   37.5000   30.0000 8101.7671   24.1783
   -7.5000   45.0000   30.0000 7315.8462   24.3953
    0.0000   45.0000   30.0000 7603.3594   24.4243
    7.5000   45.0000   30.0000 7245.3252   24.3998
   -7.5000  -45.0000   37.500010726.3711   22.3003
    0.0000  -45.0000   37.500011216.1826   22.3271
    7.5000  -45.0000   37.500010756.3457   22.3135
   -7.5000  -37.5000   37.500010911.1182   22.4795
    0.0000  -37.5000   37.500011368.6865   22.5052
    7.5000  -37.5000   37.500010952.9844   22.4972
   -7.5000  -30.0000   37.500011302.4473   22.4330
    0.0000  -30.0000   37.500011747.6123   22.4583
    7.5000  -30.0000   37.500011352.5859   22.4632
   -7.5000  -22.5000   37.500011605.8877   22.3999
    0.0000  -22.5000   37.500012057.2236   22.4243
    7.5000  -22.5000   37.500011662.6953   22.4361
   -7.5000  -15.0000   37.500011738.7607   22.3612
    0.0000  -15.0000   37.500012232.0254   22.3865
    7.5000  -15.0000   37.500011825.2188   22.3945
   -7.5000   -7.5000   37.500011856.7715   22.3194
    0.0000   -7.5000   37.500012368.5918   22.3455
    7.5000   -7.5000   37.500011933.1816   22.3406
   -7.5000    0.0000   37.500011858.3320   22.3003
    0.0000    0.0000   37.500012350.5029   22.3271
    7.5000    0.0000   37.500011894.3740   22.3135
   -7.5000    7.5000   37.500010988.2549   22.4795
    0.0000    7.5000   37.500011480.0010   22.5052
    7.5000    7.5000   37.500011033.8213   22.4972
   -7.5000   15.0000   37.500010124.8906   22.8577
    0.0000   15.0000   37.500010580.6953   22.8850
    7.5000   15.0000   37.500010165.6738   22.8879
   -7.5000   22.5000   37.5000 9322.6807   23.4099
    0.0000   22.5000   37.5000 9722.3916   23.4387
    7.5000   22.5000   37.5000 9327.2510   23.4504
   -7.5000   30.0000   37.5000 8461.0947   23.7946
    0.0000   30.0000   37.5000 8825.2158   23.8303
    7.5000   30.0000   37.5000 8437.6201   23.8458
   -7.5000   37.5000   37.5000 7885.7915   24.6169
    0.0000   37.5000   37.5000 8230.1621   24.6448
    7.5000   37.5000   37.5000 7869.0386   24.6472
   -7.5000   45.0000   37.5000 7067.9912   24.9006
    0.0000   45.0000   37.5000 7353.0093   24.9252
    7.5000   45.0000   37.5000 7030.3262   24.9005
   -7.5000  -45.0000   45.0000 9830.2529   22.7011
    0.0000  -45.0000   45.000010273.7441   22.7186
    7.5000  -45.0000   45.0000 9847.1318   22.6999
   -7.5000  -37.5000   45.000010011.0527   22.8976
    0.0000  -37.5000   45.000010432.6270   22.9186
    7.5000  -37.5000   45.000010049.6094   22.9126
   -7.5000  -30.0000   45.000010373.9844   22.8415
    0.0000  -30.0000   45.000010795.3398   22.8612
    7.5000  -30.0000   45.000010402.5215   22.8706
   -7.5000  -22.5000   45.000010681.3320   22.7904
    0.0000  -22.5000   45.000011126.5557   22.8033
    7.5000  -22.5000   45.000010725.9189   22.8145
   -7.5000  -15.0000   45.000010822.5547   22.7395
    0.0000  -15.0000   45.000011286.3164   22.7487
    7.5000  -15.0000   45.000010908.7920   22.7492
   -7.5000   -7.5000   45.000010953.9424   22.7041
    0.0000   -7.5000   45.000011402.0596   22.7160
    7.5000   -7.5000   45.000011021.9766   22.7015
   -7.5000    0.0000   45.000010927.2773   22.7010
    0.0000    0.0000   45.000011405.2188   22.7186
    7.5000    0.0000   45.000010978.4922   22.6999
   -7.5000    7.5000   45.000010141.4580   22.8976
    0.0000    7.5000   45.000010600.3857   22.9186
    7.5000    7.5000   45.000010184.8740   22.9125
   -7.5000   15.0000   45.0000 9365.6816   23.2864
    0.0000   15.0000   45.0000 9770.4229   23.3082
    7.5000   15.0000   45.0000 9372.0078   23.3146
   -7.5000   22.5000   45.0000 8641.1426   23.8384
    0.0000   22.5000   45.0000 8995.9688   23.8581
    7.5000   22.5000   45.0000 8612.2617   23.8699
   -7.5000   30.0000   45.0000 7857.3892   24.2379
    0.0000   30.0000   45.0000 8179.1172   24.2567
    7.5000   30.0000   45.0000 7823.3164   24.2647
   -7.5000   37.5000   45.0000 7322.7949   25.1088
    0.0000   37.5000   45.0000 7615.0938   25.1184
    7.5000   37.5000   45.0000 7299.1641   25.1074
   -7.5000   45.0000   45.0000 6547.4922   25.4475
    0.0000   45.0000   45.0000 6796.1831   25.4612
    7.5000   45.0000   45.0000 6522.5679   25.4290

---------------------------------------------------------------------
imgreg_4dfp /opt/freesurfer/average/711-2C_as_mni_average_305 /opt/freesurfer/average/711-2B_as_mni_average_305_mask talsrcimg_g11 none talsrcimg_to_711-2C_as_mni_average_305_t4 4355
---------------------------------------------------------------------

freesurfer imgreg_4dfp.c
/opt/freesurfer/average/711-2C_as_mni_average_305.4dfp.img
       256       256       256         1
  1.000000  1.000000  1.000000
orientation T byte_order littleendian
Reading image: /opt/freesurfer/average/711-2C_as_mni_average_305.4dfp.img
dimensions:      256       256       256
mmppix:       1.0000   -1.0000   -1.0000
center:     128.0000 -129.0000 -129.0000
/opt/freesurfer/average/711-2B_as_mni_average_305_mask.4dfp.img
       256       256       256         1
  1.000000  1.000000  1.000000
orientation T byte_order littleendian
Reading mask: /opt/freesurfer/average/711-2B_as_mni_average_305_mask.4dfp.img (2306576 pixels)
talsrcimg_g11.4dfp.img
       256       256       256         1
  1.000000  1.000000  1.000000
orientation T byte_order littleendian
Reading image: talsrcimg_g11.4dfp.img
dimensions:      256       256       256
mmppix:       1.0000   -1.0000   -1.0000
center:     128.0000 -129.0000 -129.0000
rotation matrix determinant  1.000000
image alignment mode   4355 decimal     1103 hex
   -7.5000  -45.0000  -45.0000 2303.4209   19.9497
    0.0000  -45.0000  -45.0000 2321.0115   19.7624
    7.5000  -45.0000  -45.0000 2303.2954   19.9865
   -7.5000  -37.5000  -45.0000 2314.5605   19.9074
    0.0000  -37.5000  -45.0000 2333.7590   19.7064
    7.5000  -37.5000  -45.0000 2314.7358   19.9225
   -7.5000  -30.0000  -45.0000 2323.9299   19.9524
    0.0000  -30.0000  -45.0000 2336.8870   19.7463
    7.5000  -30.0000  -45.0000 2315.1985   19.9807
   -7.5000  -22.5000  -45.0000 2320.0500   20.3625
    0.0000  -22.5000  -45.0000 2333.3867   20.1840
    7.5000  -22.5000  -45.0000 2311.9646   20.3958
   -7.5000  -15.0000  -45.0000 2298.1885   21.0595
    0.0000  -15.0000  -45.0000 2311.3555   20.8766
    7.5000  -15.0000  -45.0000 2294.5100   21.1596
   -7.5000   -7.5000  -45.0000 2255.0852   22.0845
    0.0000   -7.5000  -45.0000 2270.2236   21.9579
    7.5000   -7.5000  -45.0000 2246.9607   22.1995
   -7.5000    0.0000  -45.0000 2193.7305   23.3203
    0.0000    0.0000  -45.0000 2206.6956   23.2573
    7.5000    0.0000  -45.0000 2180.3784   23.5282
   -7.5000    7.5000  -45.0000 2114.8875   25.0370
    0.0000    7.5000  -45.0000 2128.0835   24.9703
    7.5000    7.5000  -45.0000 2103.7590   25.2952
   -7.5000   15.0000  -45.0000 2018.5071   27.3591
    0.0000   15.0000  -45.0000 2022.8907   27.2890
    7.5000   15.0000  -45.0000 2008.9354   27.7242
   -7.5000   22.5000  -45.0000 1915.7356   30.5359
    0.0000   22.5000  -45.0000 1917.0363   30.4049
    7.5000   22.5000  -45.0000 1899.8334   30.9142
   -7.5000   30.0000  -45.0000 1799.8523   34.7354
    0.0000   30.0000  -45.0000 1801.4210   34.5194
    7.5000   30.0000  -45.0000 1785.1700   35.0168
   -7.5000   37.5000  -45.0000 1668.9900   40.1977
    0.0000   37.5000  -45.0000 1667.4501   40.0241
    7.5000   37.5000  -45.0000 1647.6604   40.7496
   -7.5000   45.0000  -45.0000 1519.1450   48.1082
    0.0000   45.0000  -45.0000 1525.2817   47.7412
    7.5000   45.0000  -45.0000 1504.0001   48.6640
   -7.5000  -45.0000  -37.5000 2400.7729   18.3907
    0.0000  -45.0000  -37.5000 2420.8516   18.1629
    7.5000  -45.0000  -37.5000 2393.4839   18.3821
   -7.5000  -37.5000  -37.5000 2418.2314   18.4063
    0.0000  -37.5000  -37.5000 2442.4053   18.1543
    7.5000  -37.5000  -37.5000 2415.5999   18.3864
   -7.5000  -30.0000  -37.5000 2434.7676   18.4561
    0.0000  -30.0000  -37.5000 2450.4556   18.2240
    7.5000  -30.0000  -37.5000 2424.9998   18.4675
   -7.5000  -22.5000  -37.5000 2432.3936   18.7924
    0.0000  -22.5000  -37.5000 2447.6826   18.5741
    7.5000  -22.5000  -37.5000 2419.5217   18.8174
   -7.5000  -15.0000  -37.5000 2406.8030   19.4101
    0.0000  -15.0000  -37.5000 2420.5442   19.2036
    7.5000  -15.0000  -37.5000 2389.4329   19.4600
   -7.5000   -7.5000  -37.5000 2365.5405   20.3600
    0.0000   -7.5000  -37.5000 2383.9614   20.1955
    7.5000   -7.5000  -37.5000 2346.7817   20.4374
   -7.5000    0.0000  -37.5000 2300.3804   21.4709
    0.0000    0.0000  -37.5000 2312.6411   21.3809
    7.5000    0.0000  -37.5000 2285.1499   21.6215
   -7.5000    7.5000  -37.5000 2218.3354   22.9730
    0.0000    7.5000  -37.5000 2227.7456   22.9031
    7.5000    7.5000  -37.5000 2200.1775   23.1622
   -7.5000   15.0000  -37.5000 2119.3701   25.1121
    0.0000   15.0000  -37.5000 2124.6777   25.0670
    7.5000   15.0000  -37.5000 2096.8083   25.3888
   -7.5000   22.5000  -37.5000 2006.1964   27.9596
    0.0000   22.5000  -37.5000 2014.9714   27.8919
    7.5000   22.5000  -37.5000 1986.4934   28.2548
   -7.5000   30.0000  -37.5000 1878.2465   31.6642
    0.0000   30.0000  -37.5000 1884.1134   31.4913
    7.5000   30.0000  -37.5000 1863.8320   32.0078
   -7.5000   37.5000  -37.5000 1744.3169   36.6896
    0.0000   37.5000  -37.5000 1740.5240   36.5214
    7.5000   37.5000  -37.5000 1718.6320   37.1884
   -7.5000   45.0000  -37.5000 1597.5980   43.6224
    0.0000   45.0000  -37.5000 1600.4819   43.4802
    7.5000   45.0000  -37.5000 1575.7250   44.3318
   -7.5000  -45.0000  -30.0000 2545.4824   17.6086
    0.0000  -45.0000  -30.0000 2570.4319   17.3576
    7.5000  -45.0000  -30.0000 2541.2383   17.5551
   -7.5000  -37.5000  -30.0000 2573.1184   17.6625
    0.0000  -37.5000  -30.0000 2594.2341   17.4115
    7.5000  -37.5000  -30.0000 2567.3765   17.6260
   -7.5000  -30.0000  -30.0000 2579.4580   17.7718
    0.0000  -30.0000  -30.0000 2600.8640   17.5801
    7.5000  -30.0000  -30.0000 2567.7361   17.8032
   -7.5000  -22.5000  -30.0000 2570.4500   18.0612
    0.0000  -22.5000  -30.0000 2589.7688   17.8665
    7.5000  -22.5000  -30.0000 2562.2649   18.1680
   -7.5000  -15.0000  -30.0000 2555.7732   18.6414
    0.0000  -15.0000  -30.0000 2570.5205   18.4484
    7.5000  -15.0000  -30.0000 2539.6677   18.7380
   -7.5000   -7.5000  -30.0000 2519.6980   19.4589
    0.0000   -7.5000  -30.0000 2537.0337   19.3199
    7.5000   -7.5000  -30.0000 2493.5076   19.5834
   -7.5000    0.0000  -30.0000 2451.7217   20.4961
    0.0000    0.0000  -30.0000 2468.2048   20.3859
    7.5000    0.0000  -30.0000 2427.3782   20.6495
   -7.5000    7.5000  -30.0000 2358.5454   21.9750
    0.0000    7.5000  -30.0000 2369.4387   21.8748
    7.5000    7.5000  -30.0000 2335.5601   22.1812
   -7.5000   15.0000  -30.0000 2245.3989   24.0088
    0.0000   15.0000  -30.0000 2252.5359   23.8791
    7.5000   15.0000  -30.0000 2223.1941   24.2536
   -7.5000   22.5000  -30.0000 2126.2922   26.7422
    0.0000   22.5000  -30.0000 2137.7764   26.5642
    7.5000   22.5000  -30.0000 2103.5977   26.9162
   -7.5000   30.0000  -30.0000 1994.2811   30.2464
    0.0000   30.0000  -30.0000 2006.2513   30.1188
    7.5000   30.0000  -30.0000 1976.0428   30.5524
   -7.5000   37.5000  -30.0000 1846.8853   35.0094
    0.0000   37.5000  -30.0000 1845.2571   34.8256
    7.5000   37.5000  -30.0000 1822.0399   35.4797
   -7.5000   45.0000  -30.0000 1697.4445   41.4095
    0.0000   45.0000  -30.0000 1698.0433   41.2505
    7.5000   45.0000  -30.0000 1671.2168   42.0617
   -7.5000  -45.0000  -22.5000 2654.4915   16.7516
    0.0000  -45.0000  -22.5000 2682.3391   16.5370
    7.5000  -45.0000  -22.5000 2654.4402   16.7180
   -7.5000  -37.5000  -22.5000 2687.4338   16.7757
    0.0000  -37.5000  -22.5000 2714.0796   16.5599
    7.5000  -37.5000  -22.5000 2686.3711   16.7320
   -7.5000  -30.0000  -22.5000 2696.0928   16.9124
    0.0000  -30.0000  -22.5000 2722.8560   16.7809
    7.5000  -30.0000  -22.5000 2689.6165   16.9850
   -7.5000  -22.5000  -22.5000 2696.6311   17.2450
    0.0000  -22.5000  -22.5000 2720.4189   17.0983
    7.5000  -22.5000  -22.5000 2689.0129   17.3786
   -7.5000  -15.0000  -22.5000 2683.3086   17.8432
    0.0000  -15.0000  -22.5000 2706.5090   17.6740
    7.5000  -15.0000  -22.5000 2669.3049   17.9786
   -7.5000   -7.5000  -22.5000 2644.1431   18.6001
    0.0000   -7.5000  -22.5000 2664.4929   18.4336
    7.5000   -7.5000  -22.5000 2623.7097   18.7607
   -7.5000    0.0000  -22.5000 2576.3918   19.5477
    0.0000    0.0000  -22.5000 2588.5430   19.4134
    7.5000    0.0000  -22.5000 2550.4431   19.7024
   -7.5000    7.5000  -22.5000 2473.3835   20.9534
    0.0000    7.5000  -22.5000 2486.7998   20.8082
    7.5000    7.5000  -22.5000 2454.4863   21.1064
   -7.5000   15.0000  -22.5000 2349.6606   22.9350
    0.0000   15.0000  -22.5000 2363.8799   22.7795
    7.5000   15.0000  -22.5000 2336.3494   23.0682
   -7.5000   22.5000  -22.5000 2216.6003   25.5316
    0.0000   22.5000  -22.5000 2231.3030   25.3629
    7.5000   22.5000  -22.5000 2198.4890   25.7004
   -7.5000   30.0000  -22.5000 2074.7236   28.8906
    0.0000   30.0000  -22.5000 2089.0881   28.7694
    7.5000   30.0000  -22.5000 2055.0034   29.1391
   -7.5000   37.5000  -22.5000 1916.0305   33.3032
    0.0000   37.5000  -22.5000 1924.9293   33.1732
    7.5000   37.5000  -22.5000 1901.2075   33.6413
   -7.5000   45.0000  -22.5000 1763.7003   39.1874
    0.0000   45.0000  -22.5000 1769.2798   39.1238
    7.5000   45.0000  -22.5000 1744.5781   39.6055
   -7.5000  -45.0000  -15.0000 2715.1570   15.9562
    0.0000  -45.0000  -15.0000 2746.8030   15.8148
    7.5000  -45.0000  -15.0000 2720.1621   16.0304
   -7.5000  -37.5000  -15.0000 2753.1218   15.9070
    0.0000  -37.5000  -15.0000 2786.4905   15.7264
    7.5000  -37.5000  -15.0000 2751.6787   15.9420
   -7.5000  -30.0000  -15.0000 2769.6748   16.0775
    0.0000  -30.0000  -15.0000 2799.0901   15.9179
    7.5000  -30.0000  -15.0000 2765.1543   16.1760
   -7.5000  -22.5000  -15.0000 2786.8250   16.4380
    0.0000  -22.5000  -15.0000 2811.6760   16.2858
    7.5000  -22.5000  -15.0000 2785.8005   16.5959
   -7.5000  -15.0000  -15.0000 2770.8958   17.0431
    0.0000  -15.0000  -15.0000 2799.9399   16.8872
    7.5000  -15.0000  -15.0000 2767.4788   17.2163
   -7.5000   -7.5000  -15.0000 2729.5215   17.7975
    0.0000   -7.5000  -15.0000 2754.2756   17.6411
    7.5000   -7.5000  -15.0000 2721.8914   17.9399
   -7.5000    0.0000  -15.0000 2656.3547   18.7163
    0.0000    0.0000  -15.0000 2674.9739   18.5821
    7.5000    0.0000  -15.0000 2642.7634   18.8840
   -7.5000    7.5000  -15.0000 2556.5464   20.0363
    0.0000    7.5000  -15.0000 2567.5947   19.8753
    7.5000    7.5000  -15.0000 2541.8892   20.1992
   -7.5000   15.0000  -15.0000 2424.0874   21.9505
    0.0000   15.0000  -15.0000 2442.4670   21.7648
    7.5000   15.0000  -15.0000 2414.1326   22.1173
   -7.5000   22.5000  -15.0000 2285.5540   24.4661
    0.0000   22.5000  -15.0000 2297.6924   24.2916
    7.5000   22.5000  -15.0000 2269.7175   24.6828
   -7.5000   30.0000  -15.0000 2130.0339   27.6590
    0.0000   30.0000  -15.0000 2143.3757   27.5149
    7.5000   30.0000  -15.0000 2111.8337   27.9636
   -7.5000   37.5000  -15.0000 1970.8247   31.7604
    0.0000   37.5000  -15.0000 1973.5233   31.6549
    7.5000   37.5000  -15.0000 1956.4095   32.1123
   -7.5000   45.0000  -15.0000 1811.8447   37.3650
    0.0000   45.0000  -15.0000 1819.8700   37.1879
    7.5000   45.0000  -15.0000 1796.0955   37.7545
   -7.5000  -45.0000   -7.5000 2754.8308   15.3235
    0.0000  -45.0000   -7.5000 2785.8667   15.1988
    7.5000  -45.0000   -7.5000 2764.3232   15.4562
   -7.5000  -37.5000   -7.5000 2803.4355   15.1939
    0.0000  -37.5000   -7.5000 2830.0334   15.0360
    7.5000  -37.5000   -7.5000 2803.3704   15.3564
   -7.5000  -30.0000   -7.5000 2822.5015   15.3200
    0.0000  -30.0000   -7.5000 2848.3599   15.1342
    7.5000  -30.0000   -7.5000 2821.9917   15.4975
   -7.5000  -22.5000   -7.5000 2837.9014   15.7105
    0.0000  -22.5000   -7.5000 2871.1016   15.5535
    7.5000  -22.5000   -7.5000 2846.5740   15.9361
   -7.5000  -15.0000   -7.5000 2832.0115   16.3438
    0.0000  -15.0000   -7.5000 2864.8657   16.1719
    7.5000  -15.0000   -7.5000 2838.9751   16.5498
   -7.5000   -7.5000   -7.5000 2789.7166   17.0285
    0.0000   -7.5000   -7.5000 2822.7217   16.8887
    7.5000   -7.5000   -7.5000 2796.1626   17.2690
   -7.5000    0.0000   -7.5000 2716.7615   17.9365
    0.0000    0.0000   -7.5000 2739.3833   17.8161
    7.5000    0.0000   -7.5000 2713.6746   18.1897
   -7.5000    7.5000   -7.5000 2615.0007   19.2526
    0.0000    7.5000   -7.5000 2635.8464   19.0775
    7.5000    7.5000   -7.5000 2608.3396   19.4599
   -7.5000   15.0000   -7.5000 2479.4692   21.1102
    0.0000   15.0000   -7.5000 2501.0977   20.9487
    7.5000   15.0000   -7.5000 2470.6804   21.3507
   -7.5000   22.5000   -7.5000 2332.2461   23.5349
    0.0000   22.5000   -7.5000 2351.6821   23.3699
    7.5000   22.5000   -7.5000 2319.3669   23.8085
   -7.5000   30.0000   -7.5000 2173.6318   26.5845
    0.0000   30.0000   -7.5000 2189.1462   26.5093
    7.5000   30.0000   -7.5000 2157.9939   26.9130
   -7.5000   37.5000   -7.5000 2006.9702   30.5009
    0.0000   37.5000   -7.5000 2015.8595   30.4349
    7.5000   37.5000   -7.5000 1993.1455   30.9060
   -7.5000   45.0000   -7.5000 1843.4448   35.7876
    0.0000   45.0000   -7.5000 1852.4911   35.6045
    7.5000   45.0000   -7.5000 1835.2094   36.2560
   -7.5000  -45.0000    0.0000 2770.6147   15.0471
    0.0000  -45.0000    0.0000 2802.6270   14.9111
    7.5000  -45.0000    0.0000 2784.2920   15.1703
   -7.5000  -37.5000    0.0000 2830.1851   14.9057
    0.0000  -37.5000    0.0000 2852.9067   14.7555
    7.5000  -37.5000    0.0000 2837.5940   15.0881
   -7.5000  -30.0000    0.0000 2864.2908   14.9615
    0.0000  -30.0000    0.0000 2892.5981   14.7888
    7.5000  -30.0000    0.0000 2875.5027   15.2396
   -7.5000  -22.5000    0.0000 2881.4792   15.3431
    0.0000  -22.5000    0.0000 2914.0566   15.1255
    7.5000  -22.5000    0.0000 2892.9895   15.6199
   -7.5000  -15.0000    0.0000 2869.8667   15.8477
    0.0000  -15.0000    0.0000 2907.4785   15.7085
    7.5000  -15.0000    0.0000 2876.7847   16.0758
   -7.5000   -7.5000    0.0000 2836.5815   16.5601
    0.0000   -7.5000    0.0000 2872.6853   16.3939
    7.5000   -7.5000    0.0000 2837.2351   16.7147
   -7.5000    0.0000    0.0000 2762.7134   17.5046
    0.0000    0.0000    0.0000 2790.0510   17.3452
    7.5000    0.0000    0.0000 2757.7258   17.6409
   -7.5000    7.5000    0.0000 2657.6934   18.8421
    0.0000    7.5000    0.0000 2679.3113   18.6497
    7.5000    7.5000    0.0000 2650.5034   18.9976
   -7.5000   15.0000    0.0000 2526.9949   20.7269
    0.0000   15.0000    0.0000 2544.3425   20.5176
    7.5000   15.0000    0.0000 2513.2876   20.9042
   -7.5000   22.5000    0.0000 2378.1343   23.1210
    0.0000   22.5000    0.0000 2391.6431   22.9190
    7.5000   22.5000    0.0000 2363.0510   23.2893
   -7.5000   30.0000    0.0000 2204.0762   26.0468
    0.0000   30.0000    0.0000 2214.1047   25.8768
    7.5000   30.0000    0.0000 2188.6277   26.3064
   -7.5000   37.5000    0.0000 2021.9202   29.7285
    0.0000   37.5000    0.0000 2036.3844   29.5016
    7.5000   37.5000    0.0000 2010.1796   30.0264
   -7.5000   45.0000    0.0000 1859.4261   34.5308
    0.0000   45.0000    0.0000 1872.9989   34.4028
    7.5000   45.0000    0.0000 1851.4785   35.0671
   -7.5000  -45.0000    7.5000 2794.5513   15.2631
    0.0000  -45.0000    7.5000 2812.9849   15.0461
    7.5000  -45.0000    7.5000 2808.5132   15.3130
   -7.5000  -37.5000    7.5000 2867.5356   15.2295
    0.0000  -37.5000    7.5000 2902.2390   15.1396
    7.5000  -37.5000    7.5000 2885.8755   15.3266
   -7.5000  -30.0000    7.5000 2909.2976   15.1346
    0.0000  -30.0000    7.5000 2958.4758   15.2008
    7.5000  -30.0000    7.5000 2926.1619   15.3190
   -7.5000  -22.5000    7.5000 2912.0684   15.1706
    0.0000  -22.5000    7.5000 2962.9038   15.1127
    7.5000  -22.5000    7.5000 2928.3975   15.3618
   -7.5000  -15.0000    7.5000 2896.3491   15.5493
    0.0000  -15.0000    7.5000 2929.2197   15.3714
    7.5000  -15.0000    7.5000 2896.3926   15.6728
   -7.5000   -7.5000    7.5000 2853.8701   16.2880
    0.0000   -7.5000    7.5000 2893.3481   16.0881
    7.5000   -7.5000    7.5000 2857.2610   16.3580
   -7.5000    0.0000    7.5000 2776.7581   17.3371
    0.0000    0.0000    7.5000 2808.5010   17.1801
    7.5000    0.0000    7.5000 2776.4016   17.4199
   -7.5000    7.5000    7.5000 2675.0645   18.6810
    0.0000    7.5000    7.5000 2693.1833   18.5505
    7.5000    7.5000    7.5000 2666.4951   18.8163
   -7.5000   15.0000    7.5000 2542.4800   20.5068
    0.0000   15.0000    7.5000 2561.8779   20.3974
    7.5000   15.0000    7.5000 2530.9084   20.6509
   -7.5000   22.5000    7.5000 2396.2324   22.8400
    0.0000   22.5000    7.5000 2411.3784   22.7169
    7.5000   22.5000    7.5000 2378.4653   23.0013
   -7.5000   30.0000    7.5000 2221.7058   25.7736
    0.0000   30.0000    7.5000 2234.3914   25.6472
    7.5000   30.0000    7.5000 2203.7043   25.9010
   -7.5000   37.5000    7.5000 2040.1818   29.3574
    0.0000   37.5000    7.5000 2048.1997   29.3188
    7.5000   37.5000    7.5000 2025.5054   29.6523
   -7.5000   45.0000    7.5000 1862.6489   34.0616
    0.0000   45.0000    7.5000 1871.0717   34.0298
    7.5000   45.0000    7.5000 1857.9009   34.4908
   -7.5000  -45.0000   15.0000 2798.6101   15.7090
    0.0000  -45.0000   15.0000 2828.2334   15.6629
    7.5000  -45.0000   15.0000 2815.7610   15.8180
   -7.5000  -37.5000   15.0000 2868.5344   15.5569
    0.0000  -37.5000   15.0000 2925.9639   15.6689
    7.5000  -37.5000   15.0000 2894.1650   15.6781
   -7.5000  -30.0000   15.0000 2901.6714   15.3538
    0.0000  -30.0000   15.0000 2973.2263   15.5070
    7.5000  -30.0000   15.0000 2931.8445   15.5359
   -7.5000  -22.5000   15.0000 2912.6685   15.3202
    0.0000  -22.5000   15.0000 2965.4104   15.2323
    7.5000  -22.5000   15.0000 2928.8779   15.4226
   -7.5000  -15.0000   15.0000 2890.3879   15.6280
    0.0000  -15.0000   15.0000 2933.2952   15.4269
    7.5000  -15.0000   15.0000 2902.5237   15.6410
   -7.5000   -7.5000   15.0000 2845.8081   16.3383
    0.0000   -7.5000   15.0000 2885.5745   16.1734
    7.5000   -7.5000   15.0000 2852.9355   16.3922
   -7.5000    0.0000   15.0000 2762.6172   17.4131
    0.0000    0.0000   15.0000 2790.4565   17.2769
    7.5000    0.0000   15.0000 2763.3901   17.4863
   -7.5000    7.5000   15.0000 2659.8679   18.7964
    0.0000    7.5000   15.0000 2675.3313   18.6495
    7.5000    7.5000   15.0000 2652.9270   18.8844
   -7.5000   15.0000   15.0000 2535.7979   20.6320
    0.0000   15.0000   15.0000 2550.3271   20.4694
    7.5000   15.0000   15.0000 2529.8123   20.7472
   -7.5000   22.5000   15.0000 2393.2427   22.9600
    0.0000   22.5000   15.0000 2409.0305   22.7761
    7.5000   22.5000   15.0000 2383.2993   23.1187
   -7.5000   30.0000   15.0000 2217.2598   25.7890
    0.0000   30.0000   15.0000 2230.6643   25.7065
    7.5000   30.0000   15.0000 2204.6763   26.0037
   -7.5000   37.5000   15.0000 2029.0315   29.2678
    0.0000   37.5000   15.0000 2041.0447   29.2887
    7.5000   37.5000   15.0000 2012.4382   29.5900
   -7.5000   45.0000   15.0000 1864.1978   34.0034
    0.0000   45.0000   15.0000 1867.8108   33.8925
    7.5000   45.0000   15.0000 1849.6219   34.3539
   -7.5000  -45.0000   22.5000 2771.4917   16.2065
    0.0000  -45.0000   22.5000 2814.3333   16.0994
    7.5000  -45.0000   22.5000 2795.8901   16.3131
   -7.5000  -37.5000   22.5000 2842.7952   15.9174
    0.0000  -37.5000   22.5000 2892.5928   15.8871
    7.5000  -37.5000   22.5000 2868.6685   16.0744
   -7.5000  -30.0000   22.5000 2880.0771   15.7141
    0.0000  -30.0000   22.5000 2938.4290   15.6040
    7.5000  -30.0000   22.5000 2908.4822   15.8683
   -7.5000  -22.5000   22.5000 2898.8169   15.6867
    0.0000  -22.5000   22.5000 2945.3547   15.4503
    7.5000  -22.5000   22.5000 2915.0400   15.7744
   -7.5000  -15.0000   22.5000 2874.6204   16.0988
    0.0000  -15.0000   22.5000 2924.2991   15.8625
    7.5000  -15.0000   22.5000 2896.0249   16.0936
   -7.5000   -7.5000   22.5000 2827.0715   16.8715
    0.0000   -7.5000   22.5000 2865.7361   16.6818
    7.5000   -7.5000   22.5000 2833.8652   16.8909
   -7.5000    0.0000   22.5000 2740.4749   17.9471
    0.0000    0.0000   22.5000 2764.4673   17.7393
    7.5000    0.0000   22.5000 2738.5464   17.9427
   -7.5000    7.5000   22.5000 2633.5334   19.2624
    0.0000    7.5000   22.5000 2647.6714   19.0724
    7.5000    7.5000   22.5000 2627.8801   19.2876
   -7.5000   15.0000   22.5000 2511.2034   21.0171
    0.0000   15.0000   22.5000 2526.8716   20.8452
    7.5000   15.0000   22.5000 2507.0549   21.0606
   -7.5000   22.5000   22.5000 2363.4219   23.3006
    0.0000   22.5000   22.5000 2378.8948   23.1181
    7.5000   22.5000   22.5000 2358.5073   23.3760
   -7.5000   30.0000   22.5000 2190.5942   26.0640
    0.0000   30.0000   22.5000 2208.1260   25.9227
    7.5000   30.0000   22.5000 2183.9092   26.2517
   -7.5000   37.5000   22.5000 2013.7341   29.5998
    0.0000   37.5000   22.5000 2026.7915   29.4248
    7.5000   37.5000   22.5000 2001.3376   29.8067
   -7.5000   45.0000   22.5000 1851.6864   34.1739
    0.0000   45.0000   22.5000 1865.8628   33.9904
    7.5000   45.0000   22.5000 1840.1167   34.4793
   -7.5000  -45.0000   30.0000 2732.5066   16.8625
    0.0000  -45.0000   30.0000 2770.7913   16.7163
    7.5000  -45.0000   30.0000 2748.7649   16.9505
   -7.5000  -37.5000   30.0000 2806.9595   16.4648
    0.0000  -37.5000   30.0000 2840.4727   16.2831
    7.5000  -37.5000   30.0000 2814.3792   16.5303
   -7.5000  -30.0000   30.0000 2844.7832   16.2367
    0.0000  -30.0000   30.0000 2888.3501   15.9561
    7.5000  -30.0000   30.0000 2858.0933   16.3067
   -7.5000  -22.5000   30.0000 2857.1758   16.3263
    0.0000  -22.5000   30.0000 2896.3889   16.0604
    7.5000  -22.5000   30.0000 2867.2217   16.4029
   -7.5000  -15.0000   30.0000 2826.5371   16.7522
    0.0000  -15.0000   30.0000 2868.4436   16.5113
    7.5000  -15.0000   30.0000 2839.6589   16.7936
   -7.5000   -7.5000   30.0000 2773.3088   17.5318
    0.0000   -7.5000   30.0000 2810.2053   17.3050
    7.5000   -7.5000   30.0000 2781.4624   17.5671
   -7.5000    0.0000   30.0000 2688.8965   18.5904
    0.0000    0.0000   30.0000 2717.2639   18.3597
    7.5000    0.0000   30.0000 2691.2444   18.5787
   -7.5000    7.5000   30.0000 2586.3914   19.9915
    0.0000    7.5000   30.0000 2606.4001   19.7560
    7.5000    7.5000   30.0000 2587.5332   19.9430
   -7.5000   15.0000   30.0000 2464.3628   21.7758
    0.0000   15.0000   30.0000 2481.5325   21.4942
    7.5000   15.0000   30.0000 2465.6323   21.7013
   -7.5000   22.5000   30.0000 2314.6987   23.9873
    0.0000   22.5000   30.0000 2328.7847   23.7176
    7.5000   22.5000   30.0000 2318.3489   23.9342
   -7.5000   30.0000   30.0000 2146.6187   26.6293
    0.0000   30.0000   30.0000 2164.2849   26.4336
    7.5000   30.0000   30.0000 2148.1724   26.7107
   -7.5000   37.5000   30.0000 1987.3718   30.0343
    0.0000   37.5000   30.0000 2007.7573   29.8469
    7.5000   37.5000   30.0000 1984.5809   30.2104
   -7.5000   45.0000   30.0000 1833.7380   34.5315
    0.0000   45.0000   30.0000 1848.4209   34.3149
    7.5000   45.0000   30.0000 1826.2740   34.8726
   -7.5000  -45.0000   37.5000 2683.5596   17.7159
    0.0000  -45.0000   37.5000 2715.5195   17.4565
    7.5000  -45.0000   37.5000 2693.3147   17.7297
   -7.5000  -37.5000   37.5000 2749.5366   17.2006
    0.0000  -37.5000   37.5000 2778.6533   16.8936
    7.5000  -37.5000   37.5000 2755.1880   17.2177
   -7.5000  -30.0000   37.5000 2785.1213   16.9440
    0.0000  -30.0000   37.5000 2821.0105   16.6664
    7.5000  -30.0000   37.5000 2793.7537   17.0035
   -7.5000  -22.5000   37.5000 2796.0049   17.1430
    0.0000  -22.5000   37.5000 2829.4153   16.8828
    7.5000  -22.5000   37.5000 2801.7661   17.2219
   -7.5000  -15.0000   37.5000 2761.4045   17.6312
    0.0000  -15.0000   37.5000 2791.3179   17.3771
    7.5000  -15.0000   37.5000 2765.0120   17.6487
   -7.5000   -7.5000   37.5000 2702.4187   18.3729
    0.0000   -7.5000   37.5000 2734.7109   18.1595
    7.5000   -7.5000   37.5000 2708.4373   18.3956
   -7.5000    0.0000   37.5000 2621.4543   19.4571
    0.0000    0.0000   37.5000 2651.0320   19.1828
    7.5000    0.0000   37.5000 2625.4861   19.4051
   -7.5000    7.5000   37.5000 2523.9343   20.8409
    0.0000    7.5000   37.5000 2549.9062   20.5691
    7.5000    7.5000   37.5000 2531.4514   20.7889
   -7.5000   15.0000   37.5000 2404.8088   22.6067
    0.0000   15.0000   37.5000 2421.8098   22.3295
    7.5000   15.0000   37.5000 2409.5452   22.5620
   -7.5000   22.5000   37.5000 2258.6450   24.7989
    0.0000   22.5000   37.5000 2271.9834   24.5384
    7.5000   22.5000   37.5000 2258.8105   24.8354
   -7.5000   30.0000   37.5000 2103.3369   27.4126
    0.0000   30.0000   37.5000 2121.8652   27.2387
    7.5000   30.0000   37.5000 2103.6375   27.5645
   -7.5000   37.5000   37.5000 1955.8553   30.8639
    0.0000   37.5000   37.5000 1974.3282   30.6013
    7.5000   37.5000   37.5000 1955.3212   30.9706
   -7.5000   45.0000   37.5000 1801.4165   35.5480
    0.0000   45.0000   37.5000 1812.0594   35.2251
    7.5000   45.0000   37.5000 1796.5054   35.6037
   -7.5000  -45.0000   45.0000 2616.7954   18.7907
    0.0000  -45.0000   45.0000 2651.1047   18.4420
    7.5000  -45.0000   45.0000 2623.1497   18.6960
   -7.5000  -37.5000   45.0000 2674.1619   18.1940
    0.0000  -37.5000   45.0000 2708.5291   17.8668
    7.5000  -37.5000   45.0000 2683.6228   18.1650
   -7.5000  -30.0000   45.0000 2704.1482   17.9009
    0.0000  -30.0000   45.0000 2738.6204   17.6407
    7.5000  -30.0000   45.0000 2713.0566   17.9270
   -7.5000  -22.5000   45.0000 2707.5205   18.1417
    0.0000  -22.5000   45.0000 2739.7368   17.8807
    7.5000  -22.5000   45.0000 2718.0737   18.2006
   -7.5000  -15.0000   45.0000 2671.0085   18.6757
    0.0000  -15.0000   45.0000 2699.2046   18.4077
    7.5000  -15.0000   45.0000 2683.7625   18.7083
   -7.5000   -7.5000   45.0000 2617.5388   19.4693
    0.0000   -7.5000   45.0000 2643.6167   19.1887
    7.5000   -7.5000   45.0000 2623.6421   19.4244
   -7.5000    0.0000   45.0000 2533.5732   20.5304
    0.0000    0.0000   45.0000 2564.0068   20.2515
    7.5000    0.0000   45.0000 2540.9446   20.4280
   -7.5000    7.5000   45.0000 2443.1868   21.8562
    0.0000    7.5000   45.0000 2470.8772   21.6041
    7.5000    7.5000   45.0000 2452.9578   21.8326
   -7.5000   15.0000   45.0000 2331.8657   23.6748
    0.0000   15.0000   45.0000 2347.8767   23.3901
    7.5000   15.0000   45.0000 2335.8284   23.6158
   -7.5000   22.5000   45.0000 2197.4663   25.8951
    0.0000   22.5000   45.0000 2207.0464   25.6645
    7.5000   22.5000   45.0000 2194.2251   25.9146
   -7.5000   30.0000   45.0000 2055.3821   28.5990
    0.0000   30.0000   45.0000 2064.6045   28.4096
    7.5000   30.0000   45.0000 2052.3096   28.6365
   -7.5000   37.5000   45.0000 1913.4340   32.1814
    0.0000   37.5000   45.0000 1927.6825   31.8339
    7.5000   37.5000   45.0000 1916.8748   32.1497
   -7.5000   45.0000   45.0000 1757.3527   36.8833
    0.0000   45.0000   45.0000 1775.7350   36.4935
    7.5000   45.0000   45.0000 1760.0116   36.9173

---------------------------------------------------------------------
imgreg_4dfp /opt/freesurfer/average/711-2C_as_mni_average_305 /opt/freesurfer/average/711-2B_as_mni_average_305_mask talsrcimg_g11 none talsrcimg_to_711-2C_as_mni_average_305_t4 1283
---------------------------------------------------------------------

freesurfer imgreg_4dfp.c
/opt/freesurfer/average/711-2C_as_mni_average_305.4dfp.img
       256       256       256         1
  1.000000  1.000000  1.000000
orientation T byte_order littleendian
Reading image: /opt/freesurfer/average/711-2C_as_mni_average_305.4dfp.img
dimensions:      256       256       256
mmppix:       1.0000   -1.0000   -1.0000
center:     128.0000 -129.0000 -129.0000
/opt/freesurfer/average/711-2B_as_mni_average_305_mask.4dfp.img
       256       256       256         1
  1.000000  1.000000  1.000000
orientation T byte_order littleendian
Reading mask: /opt/freesurfer/average/711-2B_as_mni_average_305_mask.4dfp.img (2306576 pixels)
talsrcimg_g11.4dfp.img
       256       256       256         1
  1.000000  1.000000  1.000000
orientation T byte_order littleendian
Reading image: talsrcimg_g11.4dfp.img
dimensions:      256       256       256
mmppix:       1.0000   -1.0000   -1.0000
center:     128.0000 -129.0000 -129.0000
rotation matrix determinant  1.000000
fimgreg.f
image alignment mode   1283 decimal      503 hex
parameters
    0.0000  -30.0000   15.0000    0.0000    0.0000    0.0000
eta,q 0.93313 15.55929
niter,ni,del,rscale     5    3   12.0000    1.2000
parameter  2 -0.543668 -> -0.500000 qaram    1.1500
parameter  3  0.554643 ->  0.500000 qaram    1.1500
parameter  4  1.851284 ->  0.500000 qaram    1.1500
parameters
    0.4641  -26.5500   11.5500   -3.4500   -0.8004    2.4066
eta,q 0.94049 15.35920
  0.0826  0.0803  0.0650  0.0594  0.0651  0.0664
  0.0739  0.0747  0.0638  0.0601  0.0617  0.0641
  0.0678  0.0699  0.0635  0.0617  0.0601  0.0618
  0.0667  0.0667  0.0641  0.0634  0.0605  0.0603
  0.0687  0.0652  0.0693  0.0651  0.0619  0.0595
  0.0718  0.0644  0.0753  0.0668  0.0645  0.0598
  0.0773  0.0664  0.0783  0.0700  0.0677  0.0612
niter,ni,del,rscale     7    3   12.0000    1.2000
parameter  4  0.972378 ->  0.500000 qaram    1.3225
parameters
    0.8268  -25.5858   10.9972   -7.4175   -2.0386    3.2819
eta,q 0.94356 15.42437
  0.0786  0.0724  0.0724  0.0570  0.0599  0.0622
  0.0687  0.0654  0.0645  0.0571  0.0570  0.0598
  0.0617  0.0606  0.0583  0.0584  0.0565  0.0581
  0.0595  0.0595  0.0601  0.0592  0.0573  0.0568
  0.0612  0.0605  0.0629  0.0601  0.0580  0.0564
  0.0666  0.0621  0.0682  0.0624  0.0600  0.0576
  0.0739  0.0661  0.0758  0.0654  0.0634  0.0602
niter,ni,del,rscale     7    3   12.0000    1.2000
parameter  4  0.624413 ->  0.500000 qaram    1.5209
parameters
    1.0580  -23.8446   10.3778  -11.9801   -2.0655    3.3150
eta,q 0.94670 15.34410
  0.0731  0.0723  0.0688  0.0562  0.0623  0.0560
  0.0642  0.0651  0.0599  0.0538  0.0576  0.0546
  0.0588  0.0591  0.0557  0.0536  0.0543  0.0537
  0.0564  0.0564  0.0570  0.0566  0.0533  0.0533
  0.0582  0.0571  0.0595  0.0590  0.0546  0.0531
  0.0633  0.0580  0.0650  0.0603  0.0576  0.0540
  0.0703  0.0616  0.0720  0.0628  0.0624  0.0565
niter,ni,del,rscale     7    3   12.0000    1.2000
parameters
    0.9356  -21.0356    9.6423  -14.9159   -2.0084    3.1157
eta,q 0.95214 15.19845
  0.0707  0.0699  0.0660  0.0545  0.0585  0.0552
  0.0613  0.0619  0.0551  0.0491  0.0539  0.0521
  0.0550  0.0564  0.0495  0.0479  0.0497  0.0490
  0.0533  0.0532  0.0511  0.0502  0.0479  0.0479
  0.0566  0.0513  0.0560  0.0544  0.0491  0.0497
  0.0632  0.0520  0.0632  0.0591  0.0529  0.0528
  0.0710  0.0547  0.0697  0.0650  0.0588  0.0560
niter,ni,del,rscale     6    3   12.0000    1.2000
parameters
    0.9874  -20.0980    9.3196  -15.2223   -1.9643    2.8702
eta,q 0.95324 15.15029
  0.0670  0.0611  0.0665  0.0610  0.0574  0.0552
  0.0579  0.0569  0.0571  0.0524  0.0531  0.0514
  0.0502  0.0529  0.0486  0.0471  0.0489  0.0481
  0.0479  0.0479  0.0471  0.0469  0.0468  0.0468
  0.0508  0.0476  0.0518  0.0503  0.0481  0.0486
  0.0572  0.0508  0.0608  0.0553  0.0520  0.0526
  0.0662  0.0577  0.0688  0.0609  0.0580  0.0564
niter,ni,del,rscale     5    3   12.0000    1.2000
parameters
    1.0676  -20.0758    9.1832  -15.3439   -1.9851    2.7919
eta,q 0.95333 15.15089
  0.0659  0.0590  0.0670  0.0613  0.0571  0.0554
  0.0569  0.0555  0.0585  0.0529  0.0528  0.0517
  0.0494  0.0503  0.0492  0.0471  0.0486  0.0483
  0.0468  0.0468  0.0468  0.0467  0.0467  0.0467
  0.0494  0.0483  0.0509  0.0497  0.0481  0.0481
  0.0557  0.0529  0.0595  0.0547  0.0521  0.0520
  0.0651  0.0611  0.0683  0.0604  0.0580  0.0559
niter,ni,del,rscale     4    3   12.0000    1.2000
parameters
    1.0713  -20.0636    9.1272  -15.3971   -1.9806    2.7702
eta,q 0.95336 15.15048
  0.0655  0.0590  0.0672  0.0613  0.0571  0.0554
  0.0565  0.0553  0.0591  0.0531  0.0529  0.0518
  0.0491  0.0501  0.0496  0.0471  0.0486  0.0483
  0.0467  0.0467  0.0467  0.0466  0.0466  0.0466
  0.0496  0.0482  0.0506  0.0496  0.0480  0.0480
  0.0561  0.0529  0.0590  0.0544  0.0520  0.0518
  0.0655  0.0611  0.0680  0.0602  0.0579  0.0557
registration optimization eta report
parameter search radius
    6.0000    6.9000    6.9000    9.1253    6.0000    6.0000
100000*second partial in parameter space
       51.       27.       42.       17.       29.       24.
  0.0655  0.0590  0.0672  0.0613  0.0571  0.0554
  0.0565  0.0553  0.0591  0.0531  0.0529  0.0518
  0.0491  0.0501  0.0496  0.0471  0.0486  0.0483
  0.0467  0.0467  0.0467  0.0466  0.0466  0.0466
  0.0496  0.0482  0.0506  0.0496  0.0480  0.0480
  0.0561  0.0529  0.0590  0.0544  0.0520  0.0518
  0.0655  0.0611  0.0680  0.0602  0.0579  0.0557
    1.0713  -20.0636    9.1272  -15.3971   -1.9806    2.7702
eta,q 0.95336 15.15048

---------------------------------------------------------------------
imgreg_4dfp /opt/freesurfer/average/711-2C_as_mni_average_305 /opt/freesurfer/average/711-2B_as_mni_average_305_mask talsrcimg_g11 none talsrcimg_to_711-2C_as_mni_average_305_t4 3335
---------------------------------------------------------------------

freesurfer imgreg_4dfp.c
/opt/freesurfer/average/711-2C_as_mni_average_305.4dfp.img
       256       256       256         1
  1.000000  1.000000  1.000000
orientation T byte_order littleendian
Reading image: /opt/freesurfer/average/711-2C_as_mni_average_305.4dfp.img
dimensions:      256       256       256
mmppix:       1.0000   -1.0000   -1.0000
center:     128.0000 -129.0000 -129.0000
/opt/freesurfer/average/711-2B_as_mni_average_305_mask.4dfp.img
       256       256       256         1
  1.000000  1.000000  1.000000
orientation T byte_order littleendian
Reading mask: /opt/freesurfer/average/711-2B_as_mni_average_305_mask.4dfp.img (2306576 pixels)
talsrcimg_g11.4dfp.img
       256       256       256         1
  1.000000  1.000000  1.000000
orientation T byte_order littleendian
Reading image: talsrcimg_g11.4dfp.img
dimensions:      256       256       256
mmppix:       1.0000   -1.0000   -1.0000
center:     128.0000 -129.0000 -129.0000
fimgreg.f
image alignment mode   3335 decimal      D07 hex
parameters
    1.0713  -20.0636    9.1272   -0.1765   -3.7461   -3.6467
   -5.5760    2.0449    4.8301   26.6807   -3.4560  -26.5348
eta,q 0.95242 15.20069
niter,ni,del,rscale     5    3    5.0000    1.2000
parameter  4  1.325173 ->  0.500000 qaram    1.1500
parameter  5 34.053238 ->  0.500000 qaram    1.1500
parameter  6  0.773374 ->  0.500000 qaram    1.1500
parameter 10  0.679309 ->  0.500000 qaram    1.1500
parameters
    0.8460  -20.3303    9.0805   -4.3165   -7.8861   -7.7867
   -5.8595    1.8047    4.1542   22.5407   -3.0415  -26.8659
eta,q 0.96730 15.00599
  0.0505  0.0485  0.0504  0.0414  0.0349  0.0339  0.0370  0.0389  0.0362  0.0335  0.0341  0.0350
  0.0488  0.0478  0.0486  0.0429  0.0371  0.0343  0.0356  0.0363  0.0352  0.0327  0.0333  0.0335
  0.0478  0.0475  0.0476  0.0448  0.0401  0.0356  0.0348  0.0349  0.0347  0.0331  0.0328  0.0328
  0.0476  0.0475  0.0475  0.0475  0.0434  0.0379  0.0346  0.0346  0.0346  0.0345  0.0327  0.0327
  0.0483  0.0478  0.0480  0.0512  0.0466  0.0423  0.0350  0.0353  0.0349  0.0368  0.0329  0.0332
  0.0497  0.0483  0.0491  0.0558  0.0494  0.0492  0.0359  0.0368  0.0357  0.0396  0.0332  0.0340
  0.0518  0.0489  0.0504  0.0610  0.0520  0.0568  0.0374  0.0394  0.0369  0.0426  0.0337  0.0352
niter,ni,del,rscale     7    3    5.0000    1.2000
parameter  4  0.789846 ->  0.500000 qaram    1.3225
parameter  5  1.057728 ->  0.500000 qaram    1.3225
parameters
    1.0131  -20.2590    8.6536   -9.0775  -12.6471  -11.2256
   -6.6177    1.8796    3.8889   23.2765   -2.5896  -27.4555
eta,q 0.97206 14.35172
  0.0363  0.0358  0.0341  0.0307  0.0279  0.0286  0.0303  0.0322  0.0298  0.0318  0.0290  0.0293
  0.0345  0.0342  0.0331  0.0308  0.0284  0.0281  0.0289  0.0302  0.0289  0.0298  0.0285  0.0285
  0.0332  0.0331  0.0327  0.0315  0.0292  0.0281  0.0282  0.0287  0.0282  0.0286  0.0281  0.0281
  0.0327  0.0327  0.0327  0.0326  0.0309  0.0286  0.0281  0.0280  0.0280  0.0280  0.0280  0.0279
  0.0329  0.0329  0.0332  0.0341  0.0339  0.0298  0.0286  0.0284  0.0283  0.0280  0.0280  0.0282
  0.0338  0.0339  0.0342  0.0365  0.0373  0.0324  0.0297  0.0299  0.0290  0.0289  0.0283  0.0288
  0.0355  0.0356  0.0358  0.0402  0.0404  0.0388  0.0313  0.0323  0.0301  0.0307  0.0288  0.0298
niter,ni,del,rscale     7    3    5.0000    1.2000
parameters
    0.9634  -19.7858    9.0374  -10.9456  -16.3882  -11.5617
   -6.5438    1.8080    3.8583   23.7138   -2.7633  -27.7463
eta,q 0.97318 14.06099
  0.0312  0.0312  0.0300  0.0302  0.0284  0.0295  0.0300  0.0308  0.0289  0.0303  0.0277  0.0286
  0.0294  0.0296  0.0290  0.0285  0.0270  0.0280  0.0283  0.0288  0.0278  0.0284  0.0272  0.0276
  0.0283  0.0285  0.0283  0.0276  0.0269  0.0272  0.0272  0.0274  0.0270  0.0272  0.0269  0.0270
  0.0279  0.0279  0.0279  0.0278  0.0276  0.0268  0.0268  0.0268  0.0268  0.0268  0.0268  0.0268
  0.0284  0.0279  0.0278  0.0290  0.0288  0.0270  0.0271  0.0272  0.0271  0.0271  0.0269  0.0271
  0.0296  0.0284  0.0282  0.0307  0.0316  0.0280  0.0282  0.0288  0.0278  0.0280  0.0273  0.0279
  0.0315  0.0293  0.0291  0.0327  0.0352  0.0303  0.0299  0.0311  0.0289  0.0296  0.0279  0.0289
niter,ni,del,rscale     6    3    5.0000    1.2000
parameters
    0.9965  -19.5884    8.9604  -10.9403  -16.5923  -11.6183
   -6.5730    1.8305    3.8850   23.9796   -2.7672  -27.9479
eta,q 0.97322 14.05457
  0.0303  0.0297  0.0284  0.0309  0.0306  0.0296  0.0299  0.0308  0.0289  0.0300  0.0278  0.0287
  0.0284  0.0282  0.0276  0.0288  0.0286  0.0281  0.0282  0.0288  0.0278  0.0282  0.0272  0.0276
  0.0272  0.0272  0.0270  0.0273  0.0271  0.0272  0.0271  0.0274  0.0270  0.0271  0.0269  0.0270
  0.0268  0.0268  0.0268  0.0268  0.0268  0.0268  0.0268  0.0268  0.0268  0.0268  0.0268  0.0268
  0.0272  0.0269  0.0270  0.0274  0.0274  0.0269  0.0271  0.0272  0.0270  0.0271  0.0269  0.0270
  0.0283  0.0277  0.0277  0.0289  0.0286  0.0278  0.0282  0.0286  0.0277  0.0280  0.0272  0.0278
  0.0301  0.0289  0.0287  0.0308  0.0310  0.0300  0.0299  0.0309  0.0289  0.0296  0.0278  0.0289
niter,ni,del,rscale     5    3    5.0000    1.2000
parameters
    1.0059  -19.5398    8.9083  -10.9508  -16.6576  -11.6412
   -6.5850    1.8340    3.8948   24.0939   -2.7789  -28.0558
eta,q 0.97321 14.05223
  0.0302  0.0293  0.0285  0.0309  0.0306  0.0296  0.0299  0.0308  0.0289  0.0299  0.0278  0.0287
  0.0283  0.0280  0.0276  0.0288  0.0287  0.0281  0.0282  0.0288  0.0278  0.0281  0.0272  0.0277
  0.0272  0.0271  0.0270  0.0273  0.0271  0.0272  0.0271  0.0274  0.0270  0.0271  0.0269  0.0270
  0.0268  0.0268  0.0268  0.0268  0.0268  0.0268  0.0268  0.0268  0.0268  0.0268  0.0268  0.0268
  0.0272  0.0270  0.0270  0.0274  0.0274  0.0269  0.0271  0.0272  0.0270  0.0271  0.0269  0.0270
  0.0283  0.0278  0.0276  0.0289  0.0285  0.0278  0.0282  0.0286  0.0277  0.0281  0.0272  0.0278
  0.0302  0.0291  0.0287  0.0308  0.0309  0.0300  0.0299  0.0309  0.0289  0.0296  0.0278  0.0288
niter,ni,del,rscale     4    3    5.0000    1.2000
parameters
    1.0089  -19.5225    8.8824  -10.9614  -16.6898  -11.6532
   -6.5878    1.8332    3.8955   24.1489   -2.7780  -28.1118
eta,q 0.97321 14.05075
  0.0302  0.0293  0.0285  0.0309  0.0306  0.0296  0.0299  0.0308  0.0289  0.0298  0.0278  0.0287
  0.0283  0.0279  0.0276  0.0288  0.0287  0.0281  0.0282  0.0288  0.0278  0.0281  0.0272  0.0277
  0.0272  0.0271  0.0270  0.0273  0.0271  0.0272  0.0271  0.0274  0.0270  0.0271  0.0269  0.0270
  0.0268  0.0268  0.0268  0.0268  0.0268  0.0268  0.0268  0.0268  0.0268  0.0268  0.0268  0.0268
  0.0272  0.0271  0.0270  0.0274  0.0274  0.0269  0.0271  0.0272  0.0270  0.0271  0.0269  0.0270
  0.0283  0.0279  0.0276  0.0289  0.0284  0.0278  0.0282  0.0286  0.0277  0.0281  0.0272  0.0277
  0.0302  0.0292  0.0286  0.0308  0.0308  0.0299  0.0299  0.0309  0.0289  0.0297  0.0278  0.0288
niter,ni,del,rscale     3    3    5.0000    1.2000
parameters
    1.0093  -19.5130    8.8686  -10.9631  -16.7044  -11.6594
   -6.5905    1.8327    3.9012   24.1740   -2.7892  -28.1313
eta,q 0.97321 14.05022
  0.0302  0.0292  0.0285  0.0309  0.0307  0.0296  0.0299  0.0308  0.0289  0.0298  0.0278  0.0288
  0.0283  0.0279  0.0276  0.0288  0.0287  0.0281  0.0282  0.0288  0.0278  0.0281  0.0272  0.0277
  0.0272  0.0271  0.0270  0.0273  0.0272  0.0272  0.0271  0.0274  0.0270  0.0271  0.0269  0.0270
  0.0268  0.0268  0.0268  0.0268  0.0268  0.0268  0.0268  0.0268  0.0268  0.0268  0.0268  0.0268
  0.0272  0.0271  0.0270  0.0274  0.0274  0.0269  0.0271  0.0272  0.0270  0.0271  0.0269  0.0270
  0.0283  0.0279  0.0276  0.0289  0.0284  0.0278  0.0282  0.0286  0.0277  0.0281  0.0272  0.0277
  0.0302  0.0292  0.0286  0.0308  0.0308  0.0299  0.0299  0.0309  0.0289  0.0297  0.0278  0.0288
registration optimization eta report
parameter search radius
    2.4000    2.4000    2.4000    9.5220    9.5220    8.2800
    7.2000    7.2000    7.2000    8.2800    7.2000    7.2000
100000*second partial in parameter space
       59.       42.       31.        4.        4.        4.
        6.        8.        4.        4.        2.        4.
  0.0302  0.0292  0.0285  0.0309  0.0307  0.0296  0.0299  0.0308  0.0289  0.0298  0.0278  0.0288
  0.0283  0.0279  0.0276  0.0288  0.0287  0.0281  0.0282  0.0288  0.0278  0.0281  0.0272  0.0277
  0.0272  0.0271  0.0270  0.0273  0.0272  0.0272  0.0271  0.0274  0.0270  0.0271  0.0269  0.0270
  0.0268  0.0268  0.0268  0.0268  0.0268  0.0268  0.0268  0.0268  0.0268  0.0268  0.0268  0.0268
  0.0272  0.0271  0.0270  0.0274  0.0274  0.0269  0.0271  0.0272  0.0270  0.0271  0.0269  0.0270
  0.0283  0.0279  0.0276  0.0289  0.0284  0.0278  0.0282  0.0286  0.0277  0.0281  0.0272  0.0277
  0.0302  0.0292  0.0286  0.0308  0.0308  0.0299  0.0299  0.0309  0.0289  0.0297  0.0278  0.0288
    1.0093  -19.5130    8.8686  -10.9631  -16.7044  -11.6594
   -6.5905    1.8327    3.9012   24.1740   -2.7892  -28.1313
eta,q 0.97321 14.05022

---------------------------------------------------------------------
imgreg_4dfp /opt/freesurfer/average/711-2C_as_mni_average_305 /opt/freesurfer/average/711-2B_as_mni_average_305_mask talsrcimg_g11 none talsrcimg_to_711-2C_as_mni_average_305_t4 2311
---------------------------------------------------------------------

freesurfer imgreg_4dfp.c
/opt/freesurfer/average/711-2C_as_mni_average_305.4dfp.img
       256       256       256         1
  1.000000  1.000000  1.000000
orientation T byte_order littleendian
Reading image: /opt/freesurfer/average/711-2C_as_mni_average_305.4dfp.img
dimensions:      256       256       256
mmppix:       1.0000   -1.0000   -1.0000
center:     128.0000 -129.0000 -129.0000
/opt/freesurfer/average/711-2B_as_mni_average_305_mask.4dfp.img
       256       256       256         1
  1.000000  1.000000  1.000000
orientation T byte_order littleendian
Reading mask: /opt/freesurfer/average/711-2B_as_mni_average_305_mask.4dfp.img (2306576 pixels)
talsrcimg_g11.4dfp.img
       256       256       256         1
  1.000000  1.000000  1.000000
orientation T byte_order littleendian
Reading image: talsrcimg_g11.4dfp.img
dimensions:      256       256       256
mmppix:       1.0000   -1.0000   -1.0000
center:     128.0000 -129.0000 -129.0000
fimgreg.f
image alignment mode   2311 decimal      907 hex
parameters
    1.0093  -19.5130    8.8686  -10.9631  -16.7044  -11.6594
   -6.5905    1.8327    3.9012   24.1740   -2.7892  -28.1313
eta,q 0.97321 14.05023
niter,ni,del,rscale     5    3    5.0000    0.8000
parameters
    1.0118  -19.5177    8.8839  -11.0905  -16.8037  -11.0545
   -6.5739    1.9729    3.8924   24.1243   -2.6643  -28.1116
eta,q 0.97325 14.05985
  0.0283  0.0279  0.0276  0.0280  0.0279  0.0279  0.0282  0.0288  0.0277  0.0277  0.0272  0.0277
  0.0275  0.0273  0.0272  0.0273  0.0272  0.0273  0.0274  0.0277  0.0272  0.0272  0.0270  0.0272
  0.0270  0.0269  0.0269  0.0269  0.0268  0.0270  0.0269  0.0270  0.0269  0.0268  0.0268  0.0269
  0.0268  0.0268  0.0268  0.0268  0.0268  0.0268  0.0268  0.0268  0.0268  0.0267  0.0268  0.0267
  0.0270  0.0269  0.0269  0.0269  0.0270  0.0268  0.0269  0.0269  0.0269  0.0269  0.0268  0.0268
  0.0275  0.0273  0.0271  0.0274  0.0274  0.0270  0.0274  0.0275  0.0272  0.0272  0.0269  0.0271
  0.0283  0.0279  0.0276  0.0281  0.0278  0.0275  0.0282  0.0286  0.0277  0.0278  0.0272  0.0277
niter,ni,del,rscale     4    3    5.0000    0.7000
parameters
    1.0281  -19.5356    9.0014  -11.0287  -16.9826  -10.8310
   -6.5435    2.0097    3.8626   24.0401   -2.6594  -27.9848
eta,q 0.97327 14.06607
  0.0279  0.0276  0.0275  0.0277  0.0275  0.0275  0.0278  0.0283  0.0275  0.0275  0.0271  0.0275
  0.0273  0.0271  0.0271  0.0272  0.0270  0.0271  0.0272  0.0275  0.0271  0.0271  0.0269  0.0271
  0.0269  0.0268  0.0269  0.0269  0.0268  0.0269  0.0269  0.0269  0.0268  0.0268  0.0268  0.0268
  0.0267  0.0268  0.0267  0.0267  0.0267  0.0267  0.0267  0.0267  0.0267  0.0267  0.0267  0.0267
  0.0269  0.0269  0.0268  0.0268  0.0269  0.0268  0.0268  0.0269  0.0268  0.0268  0.0268  0.0268
  0.0273  0.0272  0.0270  0.0272  0.0272  0.0270  0.0272  0.0274  0.0271  0.0271  0.0269  0.0270
  0.0279  0.0277  0.0273  0.0277  0.0276  0.0274  0.0278  0.0282  0.0275  0.0276  0.0271  0.0274
niter,ni,del,rscale     3    3    5.0000    0.6000
parameters
    1.0302  -19.5392    9.0722  -10.9734  -17.1004  -10.6823
   -6.5157    2.0342    3.8502   23.9631   -2.6635  -27.8790
eta,q 0.97329 14.07029
  0.0276  0.0274  0.0273  0.0275  0.0273  0.0273  0.0275  0.0279  0.0273  0.0273  0.0270  0.0273
  0.0271  0.0270  0.0270  0.0271  0.0269  0.0270  0.0271  0.0273  0.0270  0.0270  0.0268  0.0270
  0.0268  0.0268  0.0268  0.0268  0.0267  0.0268  0.0268  0.0269  0.0268  0.0268  0.0267  0.0268
  0.0267  0.0267  0.0267  0.0267  0.0267  0.0267  0.0267  0.0267  0.0267  0.0267  0.0267  0.0267
  0.0268  0.0268  0.0268  0.0268  0.0268  0.0268  0.0268  0.0268  0.0268  0.0268  0.0267  0.0268
  0.0271  0.0270  0.0269  0.0270  0.0271  0.0269  0.0271  0.0272  0.0270  0.0270  0.0268  0.0269
  0.0276  0.0274  0.0272  0.0274  0.0274  0.0272  0.0275  0.0278  0.0273  0.0273  0.0270  0.0272
niter,ni,del,rscale     2    3    5.0000    0.5000
parameters
    1.0322  -19.5445    9.1267  -10.9434  -17.2153  -10.5714
   -6.4952    2.0623    3.8289   23.8933   -2.6519  -27.7925
eta,q 0.97329 14.07108
  0.0273  0.0272  0.0271  0.0272  0.0272  0.0271  0.0273  0.0275  0.0271  0.0271  0.0269  0.0271
  0.0270  0.0269  0.0269  0.0269  0.0269  0.0269  0.0270  0.0271  0.0269  0.0269  0.0268  0.0269
  0.0268  0.0268  0.0268  0.0268  0.0267  0.0268  0.0268  0.0268  0.0268  0.0267  0.0267  0.0268
  0.0267  0.0267  0.0267  0.0267  0.0267  0.0267  0.0267  0.0267  0.0267  0.0267  0.0267  0.0267
  0.0268  0.0268  0.0267  0.0268  0.0268  0.0267  0.0268  0.0268  0.0268  0.0268  0.0267  0.0267
  0.0270  0.0269  0.0268  0.0269  0.0270  0.0269  0.0269  0.0270  0.0269  0.0269  0.0268  0.0268
  0.0273  0.0272  0.0270  0.0272  0.0272  0.0271  0.0273  0.0275  0.0271  0.0272  0.0269  0.0271
niter,ni,del,rscale     1    3    5.0000    0.4000
parameters
    1.0341  -19.5445    9.1717  -10.9053  -17.2989  -10.5261
   -6.4759    2.0772    3.8150   23.8508   -2.6183  -27.7253
eta,q 0.97330 14.07138
  0.0271  0.0270  0.0269  0.0270  0.0270  0.0270  0.0271  0.0272  0.0270  0.0270  0.0268  0.0270
  0.0269  0.0268  0.0268  0.0269  0.0268  0.0268  0.0269  0.0269  0.0268  0.0268  0.0268  0.0268
  0.0267  0.0267  0.0267  0.0268  0.0267  0.0267  0.0267  0.0268  0.0267  0.0267  0.0267  0.0267
  0.0267  0.0267  0.0267  0.0267  0.0267  0.0267  0.0267  0.0267  0.0267  0.0267  0.0267  0.0267
  0.0267  0.0267  0.0267  0.0267  0.0268  0.0267  0.0267  0.0267  0.0267  0.0267  0.0267  0.0267
  0.0269  0.0268  0.0268  0.0268  0.0269  0.0268  0.0269  0.0269  0.0268  0.0268  0.0268  0.0268
  0.0271  0.0270  0.0269  0.0270  0.0270  0.0270  0.0271  0.0272  0.0270  0.0270  0.0268  0.0269
registration optimization eta report
parameter search radius
    0.8000    0.8000    0.8000    2.4000    2.4000    2.4000
    2.4000    2.4000    2.4000    2.4000    2.4000    2.4000
100000*second partial in parameter space
       61.       48.       34.        6.        5.        5.
        6.        9.        5.        5.        2.        4.
  0.0271  0.0270  0.0269  0.0270  0.0270  0.0270  0.0271  0.0272  0.0270  0.0270  0.0268  0.0270
  0.0269  0.0268  0.0268  0.0269  0.0268  0.0268  0.0269  0.0269  0.0268  0.0268  0.0268  0.0268
  0.0267  0.0267  0.0267  0.0268  0.0267  0.0267  0.0267  0.0268  0.0267  0.0267  0.0267  0.0267
  0.0267  0.0267  0.0267  0.0267  0.0267  0.0267  0.0267  0.0267  0.0267  0.0267  0.0267  0.0267
  0.0267  0.0267  0.0267  0.0267  0.0268  0.0267  0.0267  0.0267  0.0267  0.0267  0.0267  0.0267
  0.0269  0.0268  0.0268  0.0268  0.0269  0.0268  0.0269  0.0269  0.0268  0.0268  0.0268  0.0268
  0.0271  0.0270  0.0269  0.0270  0.0270  0.0270  0.0271  0.0272  0.0270  0.0270  0.0268  0.0269
    1.0341  -19.5445    9.1717  -10.9053  -17.2989  -10.5261
   -6.4759    2.0772    3.8150   23.8508   -2.6183  -27.7253
eta,q 0.97330 14.07138

---------------------------------------------------------------------
imgreg_4dfp /opt/freesurfer/average/711-2C_as_mni_average_305 /opt/freesurfer/average/711-2B_as_mni_average_305_mask talsrcimg_g11 none talsrcimg_to_711-2C_as_mni_average_305_t4 2311
---------------------------------------------------------------------

freesurfer imgreg_4dfp.c
/opt/freesurfer/average/711-2C_as_mni_average_305.4dfp.img
       256       256       256         1
  1.000000  1.000000  1.000000
orientation T byte_order littleendian
Reading image: /opt/freesurfer/average/711-2C_as_mni_average_305.4dfp.img
dimensions:      256       256       256
mmppix:       1.0000   -1.0000   -1.0000
center:     128.0000 -129.0000 -129.0000
/opt/freesurfer/average/711-2B_as_mni_average_305_mask.4dfp.img
       256       256       256         1
  1.000000  1.000000  1.000000
orientation T byte_order littleendian
Reading mask: /opt/freesurfer/average/711-2B_as_mni_average_305_mask.4dfp.img (2306576 pixels)
talsrcimg_g11.4dfp.img
       256       256       256         1
  1.000000  1.000000  1.000000
orientation T byte_order littleendian
Reading image: talsrcimg_g11.4dfp.img
dimensions:      256       256       256
mmppix:       1.0000   -1.0000   -1.0000
center:     128.0000 -129.0000 -129.0000
fimgreg.f
image alignment mode   2311 decimal      907 hex
parameters
    1.0341  -19.5445    9.1717  -10.9053  -17.2989  -10.5261
   -6.4759    2.0772    3.8150   23.8508   -2.6183  -27.7253
eta,q 0.97330 14.07137
niter,ni,del,rscale     5    3    5.0000    0.8000
parameters
    1.0335  -19.5543    9.1697  -10.9298  -16.9280  -10.7992
   -6.5138    1.9819    3.8641   23.8762   -2.6689  -27.7718
eta,q 0.97328 14.07405
  0.0282  0.0279  0.0276  0.0279  0.0281  0.0276  0.0281  0.0286  0.0277  0.0278  0.0272  0.0276
  0.0274  0.0272  0.0271  0.0273  0.0273  0.0271  0.0273  0.0276  0.0272  0.0272  0.0269  0.0272
  0.0269  0.0268  0.0268  0.0268  0.0268  0.0268  0.0269  0.0269  0.0268  0.0268  0.0268  0.0268
  0.0267  0.0267  0.0267  0.0267  0.0267  0.0267  0.0267  0.0267  0.0267  0.0267  0.0267  0.0267
  0.0269  0.0268  0.0268  0.0268  0.0268  0.0268  0.0269  0.0269  0.0268  0.0268  0.0268  0.0268
  0.0274  0.0273  0.0271  0.0273  0.0272  0.0272  0.0274  0.0276  0.0272  0.0272  0.0269  0.0272
  0.0282  0.0279  0.0276  0.0280  0.0276  0.0279  0.0282  0.0288  0.0277  0.0278  0.0272  0.0277
niter,ni,del,rscale     4    3    5.0000    0.7000
parameters
    1.0221  -19.5581    9.1192  -10.9740  -16.9665  -10.7466
   -6.5215    2.0025    3.8572   23.9009   -2.6569  -27.8114
eta,q 0.97329 14.07155
  0.0279  0.0276  0.0273  0.0277  0.0276  0.0275  0.0278  0.0282  0.0275  0.0276  0.0271  0.0274
  0.0272  0.0271  0.0270  0.0271  0.0270  0.0271  0.0272  0.0274  0.0271  0.0271  0.0269  0.0270
  0.0268  0.0268  0.0268  0.0268  0.0268  0.0268  0.0268  0.0269  0.0268  0.0268  0.0268  0.0268
  0.0267  0.0267  0.0267  0.0267  0.0267  0.0267  0.0267  0.0267  0.0267  0.0267  0.0267  0.0267
  0.0269  0.0268  0.0268  0.0268  0.0269  0.0268  0.0268  0.0269  0.0268  0.0268  0.0267  0.0268
  0.0273  0.0271  0.0270  0.0272  0.0272  0.0270  0.0272  0.0274  0.0271  0.0271  0.0269  0.0270
  0.0279  0.0276  0.0274  0.0277  0.0275  0.0275  0.0278  0.0283  0.0275  0.0275  0.0271  0.0275
niter,ni,del,rscale     3    3    5.0000    0.6000
parameters
    1.0265  -19.5543    9.1269  -10.9618  -17.0828  -10.6369
   -6.5103    2.0327    3.8424   23.8937   -2.6336  -27.8010
eta,q 0.97329 14.07218
  0.0276  0.0274  0.0272  0.0274  0.0273  0.0273  0.0275  0.0279  0.0273  0.0273  0.0270  0.0272
  0.0271  0.0270  0.0269  0.0271  0.0269  0.0270  0.0271  0.0272  0.0270  0.0270  0.0268  0.0270
  0.0268  0.0268  0.0268  0.0268  0.0267  0.0268  0.0268  0.0269  0.0268  0.0268  0.0267  0.0268
  0.0267  0.0267  0.0267  0.0267  0.0267  0.0267  0.0267  0.0267  0.0267  0.0267  0.0267  0.0267
  0.0268  0.0268  0.0268  0.0268  0.0268  0.0268  0.0268  0.0268  0.0268  0.0268  0.0267  0.0268
  0.0271  0.0270  0.0269  0.0270  0.0271  0.0269  0.0271  0.0272  0.0270  0.0270  0.0268  0.0269
  0.0276  0.0274  0.0272  0.0274  0.0274  0.0272  0.0275  0.0278  0.0273  0.0273  0.0270  0.0273
niter,ni,del,rscale     2    3    5.0000    0.5000
parameters
    1.0313  -19.5514    9.1518  -10.9345  -17.2030  -10.5591
   -6.4922    2.0573    3.8282   23.8625   -2.6528  -27.7620
eta,q 0.97330 14.07215
  0.0273  0.0272  0.0271  0.0272  0.0271  0.0271  0.0273  0.0275  0.0271  0.0271  0.0269  0.0271
  0.0270  0.0269  0.0269  0.0269  0.0269  0.0269  0.0270  0.0271  0.0269  0.0269  0.0268  0.0269
  0.0268  0.0268  0.0268  0.0268  0.0267  0.0268  0.0268  0.0268  0.0267  0.0267  0.0267  0.0268
  0.0267  0.0267  0.0267  0.0267  0.0267  0.0267  0.0267  0.0267  0.0267  0.0267  0.0267  0.0267
  0.0268  0.0268  0.0267  0.0268  0.0268  0.0267  0.0268  0.0268  0.0268  0.0268  0.0267  0.0267
  0.0270  0.0269  0.0268  0.0269  0.0269  0.0269  0.0269  0.0270  0.0269  0.0269  0.0268  0.0269
  0.0273  0.0272  0.0270  0.0272  0.0272  0.0271  0.0273  0.0275  0.0271  0.0271  0.0269  0.0271
niter,ni,del,rscale     1    3    5.0000    0.4000
parameters
    1.0355  -19.5506    9.1765  -10.9076  -17.2946  -10.5134
   -6.4760    2.0802    3.8127   23.8336   -2.6243  -27.7140
eta,q 0.97330 14.07158
  0.0271  0.0270  0.0269  0.0270  0.0270  0.0270  0.0271  0.0272  0.0270  0.0270  0.0268  0.0270
  0.0269  0.0268  0.0268  0.0269  0.0268  0.0268  0.0269  0.0269  0.0268  0.0268  0.0268  0.0268
  0.0267  0.0267  0.0267  0.0268  0.0267  0.0267  0.0267  0.0268  0.0267  0.0267  0.0267  0.0267
  0.0267  0.0267  0.0267  0.0267  0.0267  0.0267  0.0267  0.0267  0.0267  0.0267  0.0267  0.0267
  0.0267  0.0267  0.0267  0.0267  0.0268  0.0267  0.0267  0.0268  0.0267  0.0267  0.0267  0.0267
  0.0269  0.0268  0.0268  0.0268  0.0269  0.0268  0.0269  0.0269  0.0268  0.0268  0.0267  0.0268
  0.0271  0.0270  0.0269  0.0270  0.0270  0.0270  0.0271  0.0272  0.0270  0.0270  0.0268  0.0269
registration optimization eta report
parameter search radius
    0.8000    0.8000    0.8000    2.4000    2.4000    2.4000
    2.4000    2.4000    2.4000    2.4000    2.4000    2.4000
100000*second partial in parameter space
       61.       48.       34.        6.        5.        5.
        6.        9.        5.        5.        2.        4.
  0.0271  0.0270  0.0269  0.0270  0.0270  0.0270  0.0271  0.0272  0.0270  0.0270  0.0268  0.0270
  0.0269  0.0268  0.0268  0.0269  0.0268  0.0268  0.0269  0.0269  0.0268  0.0268  0.0268  0.0268
  0.0267  0.0267  0.0267  0.0268  0.0267  0.0267  0.0267  0.0268  0.0267  0.0267  0.0267  0.0267
  0.0267  0.0267  0.0267  0.0267  0.0267  0.0267  0.0267  0.0267  0.0267  0.0267  0.0267  0.0267
  0.0267  0.0267  0.0267  0.0267  0.0268  0.0267  0.0267  0.0268  0.0267  0.0267  0.0267  0.0267
  0.0269  0.0268  0.0268  0.0268  0.0269  0.0268  0.0269  0.0269  0.0268  0.0268  0.0267  0.0268
  0.0271  0.0270  0.0269  0.0270  0.0270  0.0270  0.0271  0.0272  0.0270  0.0270  0.0268  0.0269
    1.0355  -19.5506    9.1765  -10.9076  -17.2946  -10.5134
   -6.4760    2.0802    3.8127   23.8336   -2.6243  -27.7140
eta,q 0.97330 14.07158

---------------------------------------------------------------------
compute_vox2vox talsrcimg talsrcimg_to_711-2C_as_mni_average_305_t4 /opt/freesurfer/average/711-2C_as_mni_average_305
---------------------------------------------------------------------

freesurfer compute_vox2vox.c
Reading: talsrcimg.4dfp.ifh
Reading: talsrcimg_to_711-2C_as_mni_average_305_t4
Reading: /opt/freesurfer/average/711-2C_as_mni_average_305.4dfp.ifh
Writing: talsrcimg_to_711-2C_as_mni_average_305_t4_vox2vox.txt

start time Mon Mar 9 21:08:02 CET 2026
end		time Mon Mar 9 21:09:27 CET 2026

mpr2mni305 success

avi2talxfm orig_nu.mgz /opt/freesurfer/average/mni305.cor.mgz talsrcimg_to_711-2C_as_mni_average_305_t4_vox2vox.txt transforms/talairach.auto.xfm
avi2talxfm done
mv -f /out/sourcedata/freesurfer/sub-v1s23x0050623_ses-1/mri/talsrcimg_to_711-2C_as_mni_average_305_t4_vox2vox.txt /out/sourcedata/freesurfer/sub-v1s23x0050623_ses-1/mri/transforms/talsrcimg_to_711-2C_as_mni_average_305_t4_vox2vox.txt
lta_convert --src orig_nu.mgz --trg /opt/freesurfer/average/mni305.cor.mgz --inxfm transforms/talairach.auto.xfm --outlta transforms/talairach.auto.xfm.lta --subject fsaverage
7.3.2

--src: orig_nu.mgz src image (geometry).
--trg: /opt/freesurfer/average/mni305.cor.mgz trg image (geometry).
--inmni: transforms/talairach.auto.xfm input MNI/XFM transform.
--outlta: transforms/talairach.auto.xfm.lta output LTA.
--s: fsaverage subject name
 LTA read, type : 1
 1.11800  -0.04527   0.07237  -38.27040;
 0.01545   1.02530   0.34478   40.54695;
-0.05599  -0.29338   1.10642  -11.67557;
 0.00000   0.00000   0.00000   1.00000;
setting subject to fsaverage
Writing  LTA to file transforms/talairach.auto.xfm.lta...
lta_convert successful.
 
 
Started at Mon Mar 9 21:08:01 CET 2026
Ended   at Mon Mar  9 21:09:27 CET 2026
talairach_avi done
