/out/sourcedata/freesurfer/sub-v1s23x0050610_ses-1/mri
/opt/freesurfer/bin/talairach_avi
--i orig_nu.mgz --xfm transforms/talairach.auto.xfm
talairach_avi 7.3.2
Linux dna062 5.14.0-427.37.1.el9_4.x86_64 #1 SMP PREEMPT_DYNAMIC Fri Sep 13 12:41:50 EDT 2024 x86_64 x86_64 x86_64 GNU/Linux
Mon Mar  9 20:38:13 CET 2026
mri_convert orig_nu.mgz talsrcimg.img 
reading from orig_nu.mgz...
TR=0.00, TE=0.00, TI=0.00, flip angle=0.00
i_ras = (-1, 0, 0)
j_ras = (0, 0, -1)
k_ras = (0, 1, 0)
writing to talsrcimg.img...
Analyze Output Matrix
-1.00000   0.00000   0.00000   130.51230;
 0.00000   0.00000   1.00000  -174.22057;
 0.00000  -1.00000   0.00000   147.03749;
 0.00000   0.00000   0.00000   1.00000;
--------------------
INFO: set hdr.hist.orient to -1
mpr2mni305 talsrcimg
Mon Mar  9 20:38:14 CET 2026
/opt/freesurfer/bin/mpr2mni305 talsrcimg
mpr2mni305 7.3.2
target=711-2C_as_mni_average_305

---------------------------------------------------------------------
analyzeto4dfp talsrcimg -O0 -y
---------------------------------------------------------------------

freesurfer ifh2hdr.c
Mon Mar  9 20:38:14 2026
Writing: talsrcimg.4dfp.hdr
freesurfer analyzeto4dfp.c
Reading: talsrcimg.hdr
header size 348 bytes
hdr.dime.datatype	offset=70	value=2
hdr.dime.bitpix		offset=72	value=8
hdr.hist.orient		offset=252	value=-1
dimensionality     4
dimensions       256       256       256         1
Reading: talsrcimg.img
Writing: talsrcimg.4dfp.img
Writing: talsrcimg.4dfp.ifh
ifh2hdr talsrcimg -r0to222
ori=2

---------------------------------------------------------------------
gauss_4dfp talsrcimg 1.1
---------------------------------------------------------------------

freesurfer gauss_4dfp.c
Reading: talsrcimg.4dfp.img
Writing: talsrcimg_g11.4dfp.img
image dimensions 256 256 256 padded to 288 288 288
processing volume 1freesurfer ifh2hdr.c
Mon Mar  9 20:38:15 2026
Writing: talsrcimg_g11.4dfp.hdr

Writing: talsrcimg_g11.4dfp.ifh
including: talsrcimg.4dfp.img.rec in talsrcimg_g11.4dfp.img.rec

---------------------------------------------------------------------
imgreg_4dfp /opt/freesurfer/average/711-2C_as_mni_average_305 none talsrcimg_g11 none talsrcimg_to_711-2C_as_mni_average_305_t4 4355
---------------------------------------------------------------------

freesurfer imgreg_4dfp.c
/opt/freesurfer/average/711-2C_as_mni_average_305.4dfp.img
       256       256       256         1
  1.000000  1.000000  1.000000
orientation T byte_order littleendian
Reading image: /opt/freesurfer/average/711-2C_as_mni_average_305.4dfp.img
dimensions:      256       256       256
mmppix:       1.0000   -1.0000   -1.0000
center:     128.0000 -129.0000 -129.0000
talsrcimg_g11.4dfp.img
       256       256       256         1
  1.000000  1.000000  1.000000
orientation T byte_order littleendian
Reading image: talsrcimg_g11.4dfp.img
dimensions:      256       256       256
mmppix:       1.0000   -1.0000   -1.0000
center:     128.0000 -129.0000 -129.0000
t4_read: open error in t4_sub.f l:  41 t4_file(1:l)talsrcimg_to_711-2C_as_mni_average_305_t4 
t4_read: transform initialized to I4
rotation matrix determinant  1.000000
image alignment mode   4355 decimal     1103 hex
   -7.5000  -45.0000  -45.0000 7472.8364   23.7933
    0.0000  -45.0000  -45.0000 7819.6538   23.8136
    7.5000  -45.0000  -45.0000 7477.9253   23.8154
   -7.5000  -37.5000  -45.0000 7907.3179   23.7662
    0.0000  -37.5000  -45.0000 8277.2744   23.7882
    7.5000  -37.5000  -45.0000 7929.0415   23.8002
   -7.5000  -30.0000  -45.0000 8618.7109   23.7469
    0.0000  -30.0000  -45.0000 9004.0625   23.7628
    7.5000  -30.0000  -45.0000 8651.1445   23.7785
   -7.5000  -22.5000  -45.0000 9294.9258   23.7507
    0.0000  -22.5000  -45.0000 9712.0693   23.7583
    7.5000  -22.5000  -45.0000 9334.4219   23.7663
   -7.5000  -15.0000  -45.0000 9881.8330   23.7732
    0.0000  -15.0000  -45.000010330.3945   23.7772
    7.5000  -15.0000  -45.0000 9913.7080   23.7734
   -7.5000   -7.5000  -45.000010434.7119   23.7907
    0.0000   -7.5000  -45.000010929.4209   23.8014
    7.5000   -7.5000  -45.000010464.1289   23.7950
   -7.5000    0.0000  -45.000010928.2178   23.7850
    0.0000    0.0000  -45.000011437.7285   23.8055
    7.5000    0.0000  -45.000010944.9697   23.8073
   -7.5000    7.5000  -45.000010528.0586   23.7637
    0.0000    7.5000  -45.000010988.7441   23.7857
    7.5000    7.5000  -45.000010537.8008   23.7978
   -7.5000   15.0000  -45.0000 9943.8262   23.7469
    0.0000   15.0000  -45.000010377.9629   23.7628
    7.5000   15.0000  -45.0000 9956.0566   23.7785
   -7.5000   22.5000  -45.0000 9354.6914   23.7475
    0.0000   22.5000  -45.0000 9761.7832   23.7550
    7.5000   22.5000  -45.0000 9319.9424   23.7630
   -7.5000   30.0000  -45.0000 8687.5967   23.4564
    0.0000   30.0000  -45.0000 9061.5234   23.4604
    7.5000   30.0000  -45.0000 8621.3330   23.4566
   -7.5000   37.5000  -45.0000 8268.2500   23.4736
    0.0000   37.5000  -45.0000 8620.4150   23.4842
    7.5000   37.5000  -45.0000 8201.8154   23.4779
   -7.5000   45.0000  -45.0000 7524.2485   22.8722
    0.0000   45.0000  -45.0000 7871.8667   22.8919
    7.5000   45.0000  -45.0000 7479.7227   22.8937
   -7.5000  -45.0000  -37.5000 7856.2622   23.7778
    0.0000  -45.0000  -37.5000 8247.1543   23.8144
    7.5000  -45.0000  -37.5000 7913.4336   23.8138
   -7.5000  -37.5000  -37.5000 8318.3936   23.7666
    0.0000  -37.5000  -37.5000 8721.5117   23.8023
    7.5000  -37.5000  -37.5000 8364.6182   23.8082
   -7.5000  -30.0000  -37.5000 9112.1514   23.7430
    0.0000  -30.0000  -37.5000 9522.7051   23.7651
    7.5000  -30.0000  -37.5000 9133.6455   23.7728
   -7.5000  -22.5000  -37.5000 9822.4658   23.7259
    0.0000  -22.5000  -37.500010261.4365   23.7341
    7.5000  -22.5000  -37.5000 9835.1875   23.7360
   -7.5000  -15.0000  -37.500010437.5020   23.7321
    0.0000  -15.0000  -37.500010930.6650   23.7385
    7.5000  -15.0000  -37.500010464.6924   23.7327
   -7.5000   -7.5000  -37.500011043.5557   23.7546
    0.0000   -7.5000  -37.500011566.5293   23.7761
    7.5000   -7.5000  -37.500011083.5029   23.7693
   -7.5000    0.0000  -37.500011577.6172   23.7695
    0.0000    0.0000  -37.500012082.4365   23.8062
    7.5000    0.0000  -37.500011610.9189   23.8057
   -7.5000    7.5000  -37.500011135.6201   23.7641
    0.0000    7.5000  -37.500011618.5859   23.7998
    7.5000    7.5000  -37.500011159.4883   23.8059
   -7.5000   15.0000  -37.500010520.8330   23.7430
    0.0000   15.0000  -37.500010984.3721   23.7651
    7.5000   15.0000  -37.500010531.6465   23.7728
   -7.5000   22.5000  -37.5000 9907.9219   23.7227
    0.0000   22.5000  -37.500010358.6172   23.7308
    7.5000   22.5000  -37.5000 9875.8730   23.7328
   -7.5000   30.0000  -37.5000 9196.1855   23.4158
    0.0000   30.0000  -37.5000 9615.2549   23.4222
    7.5000   30.0000  -37.5000 9155.1309   23.4165
   -7.5000   37.5000  -37.5000 8726.1592   23.4380
    0.0000   37.5000  -37.5000 9126.0156   23.4592
    7.5000   37.5000  -37.5000 8689.1689   23.4526
   -7.5000   45.0000  -37.5000 7965.3867   22.8574
    0.0000   45.0000  -37.5000 8336.8350   22.8926
    7.5000   45.0000  -37.5000 7936.1938   22.8921
   -7.5000  -45.0000  -30.0000 8446.0586   24.8526
    0.0000  -45.0000  -30.0000 8859.6357   24.8953
    7.5000  -45.0000  -30.0000 8501.8369   24.8917
   -7.5000  -37.5000  -30.0000 8952.0400   24.8555
    0.0000  -37.5000  -30.0000 9351.5703   24.8934
    7.5000  -37.5000  -30.0000 8972.1621   24.8875
   -7.5000  -30.0000  -30.0000 9767.4248   24.8332
    0.0000  -30.0000  -30.000010202.2588   24.8550
    7.5000  -30.0000  -30.0000 9766.1279   24.8449
   -7.5000  -22.5000  -30.000010559.2803   24.8023
    0.0000  -22.5000  -30.000011027.0361   24.8108
    7.5000  -22.5000  -30.000010561.4727   24.7983
   -7.5000  -15.0000  -30.000011251.5586   24.7936
    0.0000  -15.0000  -30.000011777.2227   24.8048
    7.5000  -15.0000  -30.000011288.0527   24.7924
   -7.5000   -7.5000  -30.000011935.7344   24.8156
    0.0000   -7.5000  -30.000012500.4316   24.8448
    7.5000   -7.5000  -30.000011982.5840   24.8371
   -7.5000    0.0000  -30.000012516.7207   24.8439
    0.0000    0.0000  -30.000013092.9434   24.8867
    7.5000    0.0000  -30.000012531.6064   24.8831
   -7.5000    7.5000  -30.000012037.9873   24.8529
    0.0000    7.5000  -30.000012572.6348   24.8909
    7.5000    7.5000  -30.000012023.6826   24.8851
   -7.5000   15.0000  -30.000011374.3135   24.8332
    0.0000   15.0000  -30.000011869.5312   24.8550
    7.5000   15.0000  -30.000011317.1338   24.8449
   -7.5000   22.5000  -30.000010673.6816   24.7963
    0.0000   22.5000  -30.000011133.6582   24.8048
    7.5000   22.5000  -30.000010612.1035   24.7923
   -7.5000   30.0000  -30.0000 9923.4590   24.4655
    0.0000   30.0000  -30.000010358.1768   24.4766
    7.5000   30.0000  -30.0000 9867.2305   24.4643
   -7.5000   37.5000  -30.0000 9417.9551   24.4872
    0.0000   37.5000  -30.0000 9842.3701   24.5161
    7.5000   37.5000  -30.0000 9367.4277   24.5085
   -7.5000   45.0000  -30.0000 8584.3740   23.9081
    0.0000   45.0000  -30.0000 8984.1797   23.9493
    7.5000   45.0000  -30.0000 8557.4580   23.9458
   -7.5000  -45.0000  -22.5000 9068.7207   25.7192
    0.0000  -45.0000  -22.5000 9500.3066   25.7464
    7.5000  -45.0000  -22.5000 9082.9561   25.7396
   -7.5000  -37.5000  -22.5000 9611.9053   25.7255
    0.0000  -37.5000  -22.500010032.2900   25.7459
    7.5000  -37.5000  -22.5000 9597.0127   25.7312
   -7.5000  -30.0000  -22.500010465.1670   25.7143
    0.0000  -30.0000  -22.500010926.2705   25.7255
    7.5000  -30.0000  -22.500010452.6494   25.7029
   -7.5000  -22.5000  -22.500011323.9268   25.6902
    0.0000  -22.5000  -22.500011828.3643   25.6978
    7.5000  -22.5000  -22.500011322.9648   25.6750
   -7.5000  -15.0000  -22.500012108.4092   25.6782
    0.0000  -15.0000  -22.500012648.3428   25.6914
    7.5000  -15.0000  -22.500012115.2100   25.6735
   -7.5000   -7.5000  -22.500012879.0254   25.6895
    0.0000   -7.5000  -22.500013468.1914   25.7130
    7.5000   -7.5000  -22.500012875.3291   25.7033
   -7.5000    0.0000  -22.500013498.4453   25.7100
    0.0000    0.0000  -22.500014083.1113   25.7373
    7.5000    0.0000  -22.500013457.1748   25.7306
   -7.5000    7.5000  -22.500012943.1621   25.7228
    0.0000    7.5000  -22.500013524.7354   25.7433
    7.5000    7.5000  -22.500012884.2168   25.7287
   -7.5000   15.0000  -22.500012252.2725   25.7143
    0.0000   15.0000  -22.500012788.0342   25.7255
    7.5000   15.0000  -22.500012158.3809   25.7029
   -7.5000   22.5000  -22.500011508.3916   25.6822
    0.0000   22.5000  -22.500012009.5820   25.6898
    7.5000   22.5000  -22.500011415.1641   25.6671
   -7.5000   30.0000  -22.500010724.5889   25.3423
    0.0000   30.0000  -22.500011189.6592   25.3554
    7.5000   30.0000  -22.500010624.0605   25.3377
   -7.5000   37.5000  -22.500010175.4111   25.3535
    0.0000   37.5000  -22.500010606.1943   25.3767
    7.5000   37.5000  -22.500010093.3662   25.3671
   -7.5000   45.0000  -22.5000 9267.7656   24.7602
    0.0000   45.0000  -22.5000 9654.7549   24.7864
    7.5000   45.0000  -22.5000 9208.7051   24.7800
   -7.5000  -45.0000  -15.0000 9696.9053   26.2604
    0.0000  -45.0000  -15.000010141.0830   26.2675
    7.5000  -45.0000  -15.0000 9672.2559   26.2612
   -7.5000  -37.5000  -15.000010258.5996   26.2556
    0.0000  -37.5000  -15.000010724.4854   26.2586
    7.5000  -37.5000  -15.000010236.3359   26.2478
   -7.5000  -30.0000  -15.000011172.0547   26.2533
    0.0000  -30.0000  -15.000011678.3506   26.2565
    7.5000  -30.0000  -15.000011159.1240   26.2401
   -7.5000  -22.5000  -15.000012075.2598   26.2494
    0.0000  -22.5000  -15.000012618.2109   26.2571
    7.5000  -22.5000  -15.000012054.8975   26.2391
   -7.5000  -15.0000  -15.000012918.6025   26.2492
    0.0000  -15.0000  -15.000013493.4746   26.2607
    7.5000  -15.0000  -15.000012895.8223   26.2439
   -7.5000   -7.5000  -15.000013754.6816   26.2512
    0.0000   -7.5000  -15.000014368.9678   26.2625
    7.5000   -7.5000  -15.000013704.2168   26.2518
   -7.5000    0.0000  -15.000014445.8086   26.2510
    0.0000    0.0000  -15.000015089.9805   26.2583
    7.5000    0.0000  -15.000014357.2402   26.2521
   -7.5000    7.5000  -15.000013915.5732   26.2528
    0.0000    7.5000  -15.000014555.1719   26.2559
    7.5000    7.5000  -15.000013806.2188   26.2452
   -7.5000   15.0000  -15.000013168.4961   26.2533
    0.0000   15.0000  -15.000013787.9893   26.2565
    7.5000   15.0000  -15.000013067.8555   26.2401
   -7.5000   22.5000  -15.000012334.5605   26.2401
    0.0000   22.5000  -15.000012896.9707   26.2478
    7.5000   22.5000  -15.000012229.0996   26.2298
   -7.5000   30.0000  -15.000011488.2119   25.9095
    0.0000   30.0000  -15.000011968.3232   25.9209
    7.5000   30.0000  -15.000011367.9678   25.9043
   -7.5000   37.5000  -15.000010919.6279   25.9115
    0.0000   37.5000  -15.000011364.9961   25.9226
    7.5000   37.5000  -15.000010790.7373   25.9120
   -7.5000   45.0000  -15.0000 9950.9043   25.2964
    0.0000   45.0000  -15.000010343.2900   25.3034
    7.5000   45.0000  -15.0000 9817.3281   25.2975
   -7.5000  -45.0000   -7.500010320.0127   26.4624
    0.0000  -45.0000   -7.500010774.1289   26.4688
    7.5000  -45.0000   -7.500010297.4639   26.4678
   -7.5000  -37.5000   -7.500010961.2324   26.4418
    0.0000  -37.5000   -7.500011466.9805   26.4488
    7.5000  -37.5000   -7.500010968.7354   26.4527
   -7.5000  -30.0000   -7.500011968.7568   26.4341
    0.0000  -30.0000   -7.500012515.4473   26.4419
    7.5000  -30.0000   -7.500011968.8955   26.4461
   -7.5000  -22.5000   -7.500012881.0576   26.4410
    0.0000  -22.5000   -7.500013458.6494   26.4498
    7.5000  -22.5000   -7.500012876.7812   26.4479
   -7.5000  -15.0000   -7.500013770.7344   26.4566
    0.0000  -15.0000   -7.500014381.5410   26.4641
    7.5000  -15.0000   -7.500013736.5420   26.4546
   -7.5000   -7.5000   -7.500014651.2295   26.4636
    0.0000   -7.5000   -7.500015312.7295   26.4699
    7.5000   -7.5000   -7.500014599.3389   26.4614
   -7.5000    0.0000   -7.500015368.8203   26.4531
    0.0000    0.0000   -7.500016122.3281   26.4596
    7.5000    0.0000   -7.500015323.2959   26.4588
   -7.5000    7.5000   -7.500014873.2432   26.4391
    0.0000    7.5000   -7.500015608.6523   26.4460
    7.5000    7.5000   -7.500014827.4971   26.4501
   -7.5000   15.0000   -7.500014063.9053   26.4341
    0.0000   15.0000   -7.500014775.6318   26.4419
    7.5000   15.0000   -7.500014021.0625   26.4461
   -7.5000   22.5000   -7.500013209.7578   26.4288
    0.0000   22.5000   -7.500013839.3350   26.4376
    7.5000   22.5000   -7.500013116.3506   26.4357
   -7.5000   30.0000   -7.500012280.5625   26.1135
    0.0000   30.0000   -7.500012832.2754   26.1209
    7.5000   30.0000   -7.500012157.5996   26.1115
   -7.5000   37.5000   -7.500011692.6367   26.1204
    0.0000   37.5000   -7.500012210.8428   26.1266
    7.5000   37.5000   -7.500011588.2041   26.1182
   -7.5000   45.0000   -7.500010661.2520   25.4959
    0.0000   45.0000   -7.500011123.6504   25.5022
    7.5000   45.0000   -7.500010558.9717   25.5014
   -7.5000  -45.0000    0.000010850.1729   26.4789
    0.0000  -45.0000    0.000011320.9648   26.5016
    7.5000  -45.0000    0.000010856.4258   26.5032
   -7.5000  -37.5000    0.000011600.8359   26.4536
    0.0000  -37.5000    0.000012140.0020   26.4781
    7.5000  -37.5000    0.000011616.2441   26.4906
   -7.5000  -30.0000    0.000012705.3398   26.4340
    0.0000  -30.0000    0.000013332.6445   26.4518
    7.5000  -30.0000    0.000012754.0352   26.4682
   -7.5000  -22.5000    0.000013649.7070   26.4347
    0.0000  -22.5000    0.000014313.0713   26.4433
    7.5000  -22.5000    0.000013717.4209   26.4517
   -7.5000  -15.0000    0.000014528.8828   26.4546
    0.0000  -15.0000    0.000015196.2051   26.4594
    7.5000  -15.0000    0.000014579.4111   26.4550
   -7.5000   -7.5000    0.000015425.8018   26.4728
    0.0000   -7.5000    0.000016194.4473   26.4849
    7.5000   -7.5000    0.000015531.6836   26.4778
   -7.5000    0.0000    0.000016204.6699   26.4697
    0.0000    0.0000    0.000017098.3457   26.4925
    7.5000    0.0000    0.000016355.5605   26.4942
   -7.5000    7.5000    0.000015631.8770   26.4508
    0.0000    7.5000    0.000016546.8203   26.4753
    7.5000    7.5000    0.000015796.9248   26.4879
   -7.5000   15.0000    0.000014814.2969   26.4340
    0.0000   15.0000    0.000015677.0684   26.4518
    7.5000   15.0000    0.000014918.5469   26.4682
   -7.5000   22.5000    0.000013952.2070   26.4225
    0.0000   22.5000    0.000014752.3281   26.4312
    7.5000   22.5000    0.000013978.8555   26.4395
   -7.5000   30.0000    0.000012981.7949   26.1122
    0.0000   30.0000    0.000013715.4180   26.1170
    7.5000   30.0000    0.000012935.5469   26.1126
   -7.5000   37.5000    0.000012410.9902   26.1302
    0.0000   37.5000    0.000013086.3203   26.1421
    7.5000   37.5000    0.000012326.7305   26.1351
   -7.5000   45.0000    0.000011365.0352   25.5138
    0.0000   45.0000    0.000011953.0557   25.5359
    7.5000   45.0000    0.000011275.5967   25.5375
   -7.5000  -45.0000    7.500010531.1719   26.5698
    0.0000  -45.0000    7.500011010.8848   26.6109
    7.5000  -45.0000    7.500010537.9785   26.6101
   -7.5000  -37.5000    7.500011295.3203   26.5568
    0.0000  -37.5000    7.500011842.3721   26.5968
    7.5000  -37.5000    7.500011299.2148   26.6032
   -7.5000  -30.0000    7.500012466.4971   26.5308
    0.0000  -30.0000    7.500013117.2227   26.5554
    7.5000  -30.0000    7.500012485.5283   26.5636
   -7.5000  -22.5000    7.500013504.5703   26.5123
    0.0000  -22.5000    7.500014232.8896   26.5213
    7.5000  -22.5000    7.500013585.5664   26.5232
   -7.5000  -15.0000    7.500014342.4629   26.5197
    0.0000  -15.0000    7.500015149.6406   26.5269
    7.5000  -15.0000    7.500014551.7480   26.5202
   -7.5000   -7.5000    7.500015127.4365   26.5446
    0.0000   -7.5000    7.500016062.2266   26.5688
    7.5000   -7.5000    7.500015416.8975   26.5612
   -7.5000    0.0000    7.500015880.2295   26.5606
    0.0000    0.0000    7.500016841.0938   26.6018
    7.5000    0.0000    7.500016179.2129   26.6011
   -7.5000    7.5000    7.500015376.0098   26.5540
    0.0000    7.5000    7.500016272.7432   26.5941
    7.5000    7.5000    7.500015579.5312   26.6005
   -7.5000   15.0000    7.500014652.3545   26.5308
    0.0000   15.0000    7.500015521.6299   26.5554
    7.5000   15.0000    7.500014719.5498   26.5636
   -7.5000   22.5000    7.500013825.9141   26.5001
    0.0000   22.5000    7.500014683.8926   26.5091
    7.5000   22.5000    7.500013800.9502   26.5110
   -7.5000   30.0000    7.500012881.1074   26.1765
    0.0000   30.0000    7.500013653.3789   26.1836
    7.5000   30.0000    7.500012777.4941   26.1770
   -7.5000   37.5000    7.500012289.1973   26.2011
    0.0000   37.5000    7.500012981.4365   26.2250
    7.5000   37.5000    7.500012148.4111   26.2174
   -7.5000   45.0000    7.500011234.3379   25.6015
    0.0000   45.0000    7.500011821.2217   25.6412
    7.5000   45.0000    7.500011093.9121   25.6405
   -7.5000  -45.0000   15.000010063.0322   26.6922
    0.0000  -45.0000   15.000010556.9131   26.7380
    7.5000  -45.0000   15.000010091.7148   26.7338
   -7.5000  -37.5000   15.000010830.7510   26.6955
    0.0000  -37.5000   15.000011357.5918   26.7361
    7.5000  -37.5000   15.000010838.8691   26.7293
   -7.5000  -30.0000   15.000012048.0312   26.6719
    0.0000  -30.0000   15.000012629.1885   26.6951
    7.5000  -30.0000   15.000012018.0625   26.6837
   -7.5000  -22.5000   15.000013212.1523   26.6387
    0.0000  -22.5000   15.000013994.1230   26.6477
    7.5000  -22.5000   15.000013261.8838   26.6339
   -7.5000  -15.0000   15.000014120.2627   26.6292
    0.0000  -15.0000   15.000015110.3584   26.6413
    7.5000  -15.0000   15.000014344.1055   26.6277
   -7.5000   -7.5000   15.000014869.4502   26.6525
    0.0000   -7.5000   15.000015725.0723   26.6840
    7.5000   -7.5000   15.000015039.9658   26.6755
   -7.5000    0.0000   15.000015624.0576   26.6829
    0.0000    0.0000   15.000016383.8828   26.7288
    7.5000    0.0000   15.000015680.1406   26.7246
   -7.5000    7.5000   15.000015162.4385   26.6927
    0.0000    7.5000   15.000015866.1240   26.7333
    7.5000    7.5000   15.000015113.7852   26.7267
   -7.5000   15.0000   15.000014437.7754   26.6719
    0.0000   15.0000   15.000015145.8125   26.6951
    7.5000   15.0000   15.000014307.7412   26.6837
   -7.5000   22.5000   15.000013539.5586   26.6264
    0.0000   22.5000   15.000014233.8887   26.6354
    7.5000   22.5000   15.000013368.8428   26.6216
   -7.5000   30.0000   15.000012500.3164   26.2846
    0.0000   30.0000   15.000013132.1963   26.2965
    7.5000   30.0000   15.000012337.9141   26.2831
   -7.5000   37.5000   15.000011884.2441   26.3076
    0.0000   37.5000   15.000012499.4121   26.3386
    7.5000   37.5000   15.000011742.4424   26.3303
   -7.5000   45.0000   15.000010865.3086   25.7194
    0.0000   45.0000   15.000011393.6543   25.7636
    7.5000   45.0000   15.000010711.5879   25.7596
   -7.5000  -45.0000   22.5000 9543.8838   26.7448
    0.0000  -45.0000   22.500010017.3584   26.7729
    7.5000  -45.0000   22.5000 9579.1006   26.7657
   -7.5000  -37.5000   22.500010303.5186   26.7520
    0.0000  -37.5000   22.500010788.3643   26.7730
    7.5000  -37.5000   22.500010303.8555   26.7573
   -7.5000  -30.0000   22.500011486.4053   26.7407
    0.0000  -30.0000   22.500011986.1162   26.7521
    7.5000  -30.0000   22.500011437.2441   26.7282
   -7.5000  -22.5000   22.500012648.2412   26.7153
    0.0000  -22.5000   22.500013302.3457   26.7231
    7.5000  -22.5000   22.500012639.6240   26.6993
   -7.5000  -15.0000   22.500013626.6611   26.7021
    0.0000  -15.0000   22.500014449.3262   26.7159
    7.5000  -15.0000   22.500013632.0146   26.6974
   -7.5000   -7.5000   22.500014506.0371   26.7136
    0.0000   -7.5000   22.500015259.4404   26.7380
    7.5000   -7.5000   22.500014393.0410   26.7279
   -7.5000    0.0000   22.500015215.0830   26.7353
    0.0000    0.0000   22.500015935.6191   26.7635
    7.5000    0.0000   22.500015059.4414   26.7563
   -7.5000    7.5000   22.500014620.7441   26.7492
    0.0000    7.5000   22.500015339.9170   26.7703
    7.5000    7.5000   22.500014507.5566   26.7546
   -7.5000   15.0000   22.500013793.8457   26.7407
    0.0000   15.0000   22.500014518.4697   26.7521
    7.5000   15.0000   22.500013717.5859   26.7282
   -7.5000   22.5000   22.500012881.1504   26.7030
    0.0000   22.5000   22.500013564.5254   26.7107
    7.5000   22.5000   22.500012791.9639   26.6870
   -7.5000   30.0000   22.500011874.3262   26.3566
    0.0000   30.0000   22.500012473.3545   26.3702
    7.5000   30.0000   22.500011801.7881   26.3518
   -7.5000   37.5000   22.500011323.4912   26.3679
    0.0000   37.5000   22.500011875.5010   26.3920
    7.5000   37.5000   22.500011235.8789   26.3820
   -7.5000   45.0000   22.500010375.9531   25.7699
    0.0000   45.0000   22.500010827.7910   25.7970
    7.5000   45.0000   22.500010259.7578   25.7901
   -7.5000  -45.0000   30.0000 8903.1973   26.7085
    0.0000  -45.0000   30.0000 9342.0332   26.7155
    7.5000  -45.0000   30.0000 8900.8701   26.7090
   -7.5000  -37.5000   30.0000 9643.0879   26.7046
    0.0000  -37.5000   30.000010097.4238   26.7072
    7.5000  -37.5000   30.0000 9618.4951   26.6960
   -7.5000  -30.0000   30.000010766.1943   26.7024
    0.0000  -30.0000   30.000011243.6904   26.7054
    7.5000  -30.0000   30.000010743.9023   26.6887
   -7.5000  -22.5000   30.000011752.2832   26.6976
    0.0000  -22.5000   30.000012338.3535   26.7054
    7.5000  -22.5000   30.000011790.8281   26.6873
   -7.5000  -15.0000   30.000012539.8613   26.6964
    0.0000  -15.0000   30.000013106.6465   26.7083
    7.5000  -15.0000   30.000012585.9834   26.6917
   -7.5000   -7.5000   30.000013310.8271   26.6984
    0.0000   -7.5000   30.000013772.0918   26.7098
    7.5000   -7.5000   30.000013258.6143   26.6992
   -7.5000    0.0000   30.000014003.7900   26.6989
    0.0000    0.0000   30.000014521.3145   26.7060
    7.5000    0.0000   30.000013955.9717   26.6997
   -7.5000    7.5000   30.000013493.0771   26.7017
    0.0000    7.5000   30.000014045.9004   26.7045
    7.5000    7.5000   30.000013486.0840   26.6934
   -7.5000   15.0000   30.000012785.3574   26.7024
    0.0000   15.0000   30.000013333.1162   26.7054
    7.5000   15.0000   30.000012763.8008   26.6887
   -7.5000   22.5000   30.000012012.0322   26.6853
    0.0000   22.5000   30.000012546.6035   26.6931
    7.5000   22.5000   30.000011945.2832   26.6750
   -7.5000   30.0000   30.000011107.2529   26.3509
    0.0000   30.0000   30.000011588.1514   26.3627
    7.5000   30.0000   30.000011011.1094   26.3462
   -7.5000   37.5000   30.000010560.3750   26.3528
    0.0000   37.5000   30.000011025.7666   26.3642
    7.5000   37.5000   30.000010453.5488   26.3536
   -7.5000   45.0000   30.0000 9629.1592   25.7348
    0.0000   45.0000   30.000010041.4609   25.7417
    7.5000   45.0000   30.0000 9513.2852   25.7355
   -7.5000  -45.0000   37.5000 8476.5244   26.6473
    0.0000  -45.0000   37.5000 8914.2383   26.6533
    7.5000  -45.0000   37.5000 8497.9229   26.6523
   -7.5000  -37.5000   37.5000 9174.2070   26.6278
    0.0000  -37.5000   37.5000 9610.1523   26.6341
    7.5000  -37.5000   37.5000 9181.9277   26.6380
   -7.5000  -30.0000   37.500010178.7734   26.6201
    0.0000  -30.0000   37.500010662.0879   26.6275
    7.5000  -30.0000   37.500010200.0830   26.6318
   -7.5000  -22.5000   37.500011047.4531   26.6259
    0.0000  -22.5000   37.500011582.3428   26.6346
    7.5000  -22.5000   37.500011100.8818   26.6332
   -7.5000  -15.0000   37.500011835.0361   26.6403
    0.0000  -15.0000   37.500012293.7412   26.6480
    7.5000  -15.0000   37.500011814.5244   26.6391
   -7.5000   -7.5000   37.500012592.8291   26.6473
    0.0000   -7.5000   37.500013005.4258   26.6535
    7.5000   -7.5000   37.500012514.0869   26.6454
   -7.5000    0.0000   37.500013211.5703   26.6379
    0.0000    0.0000   37.500013656.3154   26.6440
    7.5000    0.0000   37.500013147.2910   26.6431
   -7.5000    7.5000   37.500012700.4893   26.6250
    0.0000    7.5000   37.500013169.4736   26.6313
    7.5000    7.5000   37.500012662.3691   26.6353
   -7.5000   15.0000   37.500012047.3281   26.6201
    0.0000   15.0000   37.500012524.0000   26.6275
    7.5000   15.0000   37.500012024.3096   26.6318
   -7.5000   22.5000   37.500011350.2783   26.6136
    0.0000   22.5000   37.500011807.8779   26.6223
    7.5000   22.5000   37.500011302.1836   26.6209
   -7.5000   30.0000   37.500010533.3574   26.2955
    0.0000   30.0000   37.500010964.8975   26.3031
    7.5000   30.0000   37.500010466.0225   26.2944
   -7.5000   37.5000   37.500010048.0791   26.3025
    0.0000   37.5000   37.500010449.2842   26.3086
    7.5000   37.5000   37.5000 9971.9678   26.3006
   -7.5000   45.0000   37.5000 9174.3047   25.6760
    0.0000   45.0000   37.5000 9535.6846   25.6818
    7.5000   45.0000   37.5000 9092.0527   25.6810
   -7.5000  -45.0000   45.0000 7850.4434   27.2434
    0.0000  -45.0000   45.0000 8264.4326   27.2671
    7.5000  -45.0000   45.0000 7903.0293   27.2698
   -7.5000  -37.5000   45.0000 8490.3740   27.2174
    0.0000  -37.5000   45.0000 8918.8594   27.2432
    7.5000  -37.5000   45.0000 8525.9365   27.2574
   -7.5000  -30.0000   45.0000 9426.3818   27.1972
    0.0000  -30.0000   45.0000 9887.8945   27.2162
    7.5000  -30.0000   45.0000 9458.4951   27.2348
   -7.5000  -22.5000   45.000010241.6973   27.1979
    0.0000  -22.5000   45.000010726.8672   27.2072
    7.5000  -22.5000   45.000010275.1602   27.2173
   -7.5000  -15.0000   45.000010992.3008   27.2183
    0.0000  -15.0000   45.000011432.8809   27.2232
    7.5000  -15.0000   45.000010966.8926   27.2199
   -7.5000   -7.5000   45.000011715.0234   27.2368
    0.0000   -7.5000   45.000012133.8633   27.2493
    7.5000   -7.5000   45.000011661.1670   27.2430
   -7.5000    0.0000   45.000012248.4795   27.2336
    0.0000    0.0000   45.000012717.9395   27.2574
    7.5000    0.0000   45.000012244.1006   27.2603
   -7.5000    7.5000   45.000011761.0244   27.2144
    0.0000    7.5000   45.000012216.1904   27.2403
    7.5000    7.5000   45.000011784.7891   27.2546
   -7.5000   15.0000   45.000011150.9004   27.1972
    0.0000   15.0000   45.000011592.8818   27.2162
    7.5000   15.0000   45.000011163.2930   27.2348
   -7.5000   22.5000   45.000010486.1562   27.1853
    0.0000   22.5000   45.000010921.2559   27.1946
    7.5000   22.5000   45.000010484.3975   27.2047
   -7.5000   30.0000   45.0000 9753.9277   26.8637
    0.0000   30.0000   45.000010168.9883   26.8685
    7.5000   30.0000   45.0000 9731.8379   26.8653
   -7.5000   37.5000   45.0000 9308.7197   26.8820
    0.0000   37.5000   45.0000 9691.9424   26.8943
    7.5000   37.5000   45.0000 9282.3828   26.8881
   -7.5000   45.0000   45.0000 8509.8652   26.2621
    0.0000   45.0000   45.0000 8874.9912   26.2851
    7.5000   45.0000   45.0000 8479.0361   26.2878

---------------------------------------------------------------------
imgreg_4dfp /opt/freesurfer/average/711-2C_as_mni_average_305 /opt/freesurfer/average/711-2B_as_mni_average_305_mask talsrcimg_g11 none talsrcimg_to_711-2C_as_mni_average_305_t4 4355
---------------------------------------------------------------------

freesurfer imgreg_4dfp.c
/opt/freesurfer/average/711-2C_as_mni_average_305.4dfp.img
       256       256       256         1
  1.000000  1.000000  1.000000
orientation T byte_order littleendian
Reading image: /opt/freesurfer/average/711-2C_as_mni_average_305.4dfp.img
dimensions:      256       256       256
mmppix:       1.0000   -1.0000   -1.0000
center:     128.0000 -129.0000 -129.0000
/opt/freesurfer/average/711-2B_as_mni_average_305_mask.4dfp.img
       256       256       256         1
  1.000000  1.000000  1.000000
orientation T byte_order littleendian
Reading mask: /opt/freesurfer/average/711-2B_as_mni_average_305_mask.4dfp.img (2306576 pixels)
talsrcimg_g11.4dfp.img
       256       256       256         1
  1.000000  1.000000  1.000000
orientation T byte_order littleendian
Reading image: talsrcimg_g11.4dfp.img
dimensions:      256       256       256
mmppix:       1.0000   -1.0000   -1.0000
center:     128.0000 -129.0000 -129.0000
rotation matrix determinant  1.000000
image alignment mode   4355 decimal     1103 hex
   -7.5000  -45.0000  -45.0000 2050.2551   27.1339
    0.0000  -45.0000  -45.0000 2063.9280   27.0750
    7.5000  -45.0000  -45.0000 2037.4963   27.3710
   -7.5000  -37.5000  -45.0000 2132.2703   25.2344
    0.0000  -37.5000  -45.0000 2140.6631   25.1912
    7.5000  -37.5000  -45.0000 2118.4141   25.4485
   -7.5000  -30.0000  -45.0000 2184.9072   23.8325
    0.0000  -30.0000  -45.0000 2188.8992   23.7777
    7.5000  -30.0000  -45.0000 2174.1982   23.9997
   -7.5000  -22.5000  -45.0000 2220.5122   22.9151
    0.0000  -22.5000  -45.0000 2225.9014   22.8124
    7.5000  -22.5000  -45.0000 2213.2739   23.0511
   -7.5000  -15.0000  -45.0000 2230.4709   22.7558
    0.0000  -15.0000  -45.0000 2242.1753   22.6145
    7.5000  -15.0000  -45.0000 2226.7793   22.8188
   -7.5000   -7.5000  -45.0000 2224.7388   22.9178
    0.0000   -7.5000  -45.0000 2242.2722   22.7492
    7.5000   -7.5000  -45.0000 2223.1350   22.9379
   -7.5000    0.0000  -45.0000 2208.7129   23.3103
    0.0000    0.0000  -45.0000 2222.8105   23.1542
    7.5000    0.0000  -45.0000 2204.9541   23.3388
   -7.5000    7.5000  -45.0000 2164.8401   24.0791
    0.0000    7.5000  -45.0000 2180.6372   23.8920
    7.5000    7.5000  -45.0000 2166.0137   24.0316
   -7.5000   15.0000  -45.0000 2108.0784   25.2274
    0.0000   15.0000  -45.0000 2122.3162   25.0089
    7.5000   15.0000  -45.0000 2110.2734   25.1320
   -7.5000   22.5000  -45.0000 2043.0447   26.8074
    0.0000   22.5000  -45.0000 2055.3662   26.5917
    7.5000   22.5000  -45.0000 2040.5328   26.7376
   -7.5000   30.0000  -45.0000 1954.1638   29.0510
    0.0000   30.0000  -45.0000 1968.1030   28.7755
    7.5000   30.0000  -45.0000 1955.9485   28.9362
   -7.5000   37.5000  -45.0000 1847.5957   32.1316
    0.0000   37.5000  -45.0000 1864.5867   31.7569
    7.5000   37.5000  -45.0000 1856.9215   32.0476
   -7.5000   45.0000  -45.0000 1730.3058   36.2225
    0.0000   45.0000  -45.0000 1751.0609   35.7850
    7.5000   45.0000  -45.0000 1744.1357   36.1437
   -7.5000  -45.0000  -37.5000 2128.0000   25.6996
    0.0000  -45.0000  -37.5000 2142.6836   25.6533
    7.5000  -45.0000  -37.5000 2129.6094   25.9092
   -7.5000  -37.5000  -37.5000 2217.1606   23.8134
    0.0000  -37.5000  -37.5000 2229.1904   23.8149
    7.5000  -37.5000  -37.5000 2214.4951   23.9969
   -7.5000  -30.0000  -37.5000 2287.9780   22.4052
    0.0000  -30.0000  -37.5000 2296.9802   22.3196
    7.5000  -30.0000  -37.5000 2283.2139   22.5182
   -7.5000  -22.5000  -37.5000 2324.3298   21.5437
    0.0000  -22.5000  -37.5000 2339.9932   21.4310
    7.5000  -22.5000  -37.5000 2321.2366   21.6483
   -7.5000  -15.0000  -37.5000 2335.4790   21.3118
    0.0000  -15.0000  -37.5000 2354.5117   21.1333
    7.5000  -15.0000  -37.5000 2333.8445   21.3552
   -7.5000   -7.5000  -37.5000 2327.8191   21.3591
    0.0000   -7.5000  -37.5000 2350.8354   21.1873
    7.5000   -7.5000  -37.5000 2329.1248   21.3957
   -7.5000    0.0000  -37.5000 2309.8879   21.6032
    0.0000    0.0000  -37.5000 2324.0291   21.4479
    7.5000    0.0000  -37.5000 2311.9648   21.6005
   -7.5000    7.5000  -37.5000 2276.3223   22.2741
    0.0000    7.5000  -37.5000 2296.1646   22.0845
    7.5000    7.5000  -37.5000 2284.1829   22.2336
   -7.5000   15.0000  -37.5000 2222.0952   23.3295
    0.0000   15.0000  -37.5000 2239.7664   23.1335
    7.5000   15.0000  -37.5000 2235.8252   23.2993
   -7.5000   22.5000  -37.5000 2151.5981   24.7162
    0.0000   22.5000  -37.5000 2168.5481   24.4888
    7.5000   22.5000  -37.5000 2166.0090   24.6825
   -7.5000   30.0000  -37.5000 2064.6423   26.7007
    0.0000   30.0000  -37.5000 2078.9946   26.4418
    7.5000   30.0000  -37.5000 2071.8640   26.5813
   -7.5000   37.5000  -37.5000 1958.1464   29.4613
    0.0000   37.5000  -37.5000 1975.9482   29.1874
    7.5000   37.5000  -37.5000 1968.8314   29.4163
   -7.5000   45.0000  -37.5000 1840.9663   33.1739
    0.0000   45.0000  -37.5000 1861.4298   32.8408
    7.5000   45.0000  -37.5000 1852.6021   33.0709
   -7.5000  -45.0000  -30.0000 2246.0630   25.4320
    0.0000  -45.0000  -30.0000 2260.2708   25.4069
    7.5000  -45.0000  -30.0000 2248.7729   25.5477
   -7.5000  -37.5000  -30.0000 2345.2048   23.3991
    0.0000  -37.5000  -30.0000 2357.4458   23.3146
    7.5000  -37.5000  -30.0000 2342.6965   23.4951
   -7.5000  -30.0000  -30.0000 2420.5337   21.8702
    0.0000  -30.0000  -30.0000 2438.6545   21.7566
    7.5000  -30.0000  -30.0000 2418.1182   21.9609
   -7.5000  -22.5000  -30.0000 2469.0771   21.0151
    0.0000  -22.5000  -30.0000 2486.2410   20.8434
    7.5000  -22.5000  -30.0000 2464.2966   21.0508
   -7.5000  -15.0000  -30.0000 2483.0312   20.5946
    0.0000  -15.0000  -30.0000 2505.0674   20.4231
    7.5000  -15.0000  -30.0000 2483.2546   20.6504
   -7.5000   -7.5000  -30.0000 2483.8730   20.6185
    0.0000   -7.5000  -30.0000 2507.6221   20.4047
    7.5000   -7.5000  -30.0000 2487.2747   20.6294
   -7.5000    0.0000  -30.0000 2466.6350   20.8468
    0.0000    0.0000  -30.0000 2488.3047   20.6376
    7.5000    0.0000  -30.0000 2471.3701   20.8390
   -7.5000    7.5000  -30.0000 2434.1033   21.4957
    0.0000    7.5000  -30.0000 2456.0740   21.2383
    7.5000    7.5000  -30.0000 2440.3818   21.4261
   -7.5000   15.0000  -30.0000 2378.8752   22.4279
    0.0000   15.0000  -30.0000 2401.3225   22.1737
    7.5000   15.0000  -30.0000 2379.6387   22.3072
   -7.5000   22.5000  -30.0000 2302.9800   23.6742
    0.0000   22.5000  -30.0000 2321.8389   23.4681
    7.5000   22.5000  -30.0000 2306.9956   23.5885
   -7.5000   30.0000  -30.0000 2205.9521   25.4301
    0.0000   30.0000  -30.0000 2224.2788   25.2330
    7.5000   30.0000  -30.0000 2212.7078   25.3763
   -7.5000   37.5000  -30.0000 2092.8799   27.9201
    0.0000   37.5000  -30.0000 2112.4668   27.7076
    7.5000   37.5000  -30.0000 2095.9622   27.9012
   -7.5000   45.0000  -30.0000 1965.6792   31.3916
    0.0000   45.0000  -30.0000 1990.2865   31.1968
    7.5000   45.0000  -30.0000 1977.5248   31.3193
   -7.5000  -45.0000  -22.5000 2333.3386   24.9158
    0.0000  -45.0000  -22.5000 2348.1035   24.8606
    7.5000  -45.0000  -22.5000 2326.9512   25.0052
   -7.5000  -37.5000  -22.5000 2434.4846   22.7636
    0.0000  -37.5000  -22.5000 2446.2683   22.6411
    7.5000  -37.5000  -22.5000 2423.7256   22.8241
   -7.5000  -30.0000  -22.5000 2514.2480   21.1726
    0.0000  -30.0000  -22.5000 2531.9009   21.0122
    7.5000  -30.0000  -22.5000 2503.7537   21.1878
   -7.5000  -22.5000  -22.5000 2575.4436   20.1845
    0.0000  -22.5000  -22.5000 2594.7456   19.9923
    7.5000  -22.5000  -22.5000 2571.2610   20.1820
   -7.5000  -15.0000  -22.5000 2604.7800   19.6526
    0.0000  -15.0000  -22.5000 2618.7686   19.4384
    7.5000  -15.0000  -22.5000 2597.6702   19.6448
   -7.5000   -7.5000  -22.5000 2614.8733   19.5588
    0.0000   -7.5000  -22.5000 2632.7449   19.3375
    7.5000   -7.5000  -22.5000 2611.4705   19.5466
   -7.5000    0.0000  -22.5000 2595.8774   19.7660
    0.0000    0.0000  -22.5000 2611.6731   19.5667
    7.5000    0.0000  -22.5000 2590.4946   19.7401
   -7.5000    7.5000  -22.5000 2554.9993   20.3658
    0.0000    7.5000  -22.5000 2580.3606   20.1432
    7.5000    7.5000  -22.5000 2553.1155   20.2982
   -7.5000   15.0000  -22.5000 2500.5022   21.2073
    0.0000   15.0000  -22.5000 2526.3254   20.9866
    7.5000   15.0000  -22.5000 2503.3862   21.1529
   -7.5000   22.5000  -22.5000 2422.1113   22.3610
    0.0000   22.5000  -22.5000 2447.0657   22.1314
    7.5000   22.5000  -22.5000 2424.1060   22.2846
   -7.5000   30.0000  -22.5000 2321.2100   24.0011
    0.0000   30.0000  -22.5000 2346.6655   23.7631
    7.5000   30.0000  -22.5000 2325.1116   23.9443
   -7.5000   37.5000  -22.5000 2199.9551   26.3429
    0.0000   37.5000  -22.5000 2222.1675   26.0688
    7.5000   37.5000  -22.5000 2204.8079   26.2778
   -7.5000   45.0000  -22.5000 2064.2981   29.4858
    0.0000   45.0000  -22.5000 2088.1521   29.2288
    7.5000   45.0000  -22.5000 2078.0298   29.4031
   -7.5000  -45.0000  -15.0000 2371.2339   24.2231
    0.0000  -45.0000  -15.0000 2386.1931   24.0717
    7.5000  -45.0000  -15.0000 2362.5769   24.3174
   -7.5000  -37.5000  -15.0000 2471.6052   22.0131
    0.0000  -37.5000  -15.0000 2489.3608   21.8650
    7.5000  -37.5000  -15.0000 2462.8848   22.1059
   -7.5000  -30.0000  -15.0000 2553.1775   20.3776
    0.0000  -30.0000  -15.0000 2574.6924   20.1851
    7.5000  -30.0000  -15.0000 2547.2158   20.3917
   -7.5000  -22.5000  -15.0000 2630.6785   19.2353
    0.0000  -22.5000  -15.0000 2651.2356   19.0353
    7.5000  -22.5000  -15.0000 2626.9788   19.2014
   -7.5000  -15.0000  -15.0000 2673.3767   18.5841
    0.0000  -15.0000  -15.0000 2690.8066   18.4068
    7.5000  -15.0000  -15.0000 2668.0811   18.5705
   -7.5000   -7.5000  -15.0000 2694.9512   18.3553
    0.0000   -7.5000  -15.0000 2709.9780   18.1773
    7.5000   -7.5000  -15.0000 2686.3352   18.3401
   -7.5000    0.0000  -15.0000 2679.9556   18.5030
    0.0000    0.0000  -15.0000 2701.1431   18.3338
    7.5000    0.0000  -15.0000 2673.1155   18.4925
   -7.5000    7.5000  -15.0000 2645.7170   19.0760
    0.0000    7.5000  -15.0000 2673.1160   18.8763
    7.5000    7.5000  -15.0000 2641.4644   19.0420
   -7.5000   15.0000  -15.0000 2589.0635   19.9132
    0.0000   15.0000  -15.0000 2618.9812   19.6428
    7.5000   15.0000  -15.0000 2591.6287   19.8701
   -7.5000   22.5000  -15.0000 2511.2366   20.9993
    0.0000   22.5000  -15.0000 2535.6067   20.7241
    7.5000   22.5000  -15.0000 2513.9370   20.9312
   -7.5000   30.0000  -15.0000 2405.2097   22.5218
    0.0000   30.0000  -15.0000 2425.3706   22.2164
    7.5000   30.0000  -15.0000 2407.1943   22.4097
   -7.5000   37.5000  -15.0000 2276.4768   24.7100
    0.0000   37.5000  -15.0000 2296.8770   24.3864
    7.5000   37.5000  -15.0000 2277.9141   24.5575
   -7.5000   45.0000  -15.0000 2131.2827   27.6204
    0.0000   45.0000  -15.0000 2150.2649   27.2929
    7.5000   45.0000  -15.0000 2133.6897   27.4721
   -7.5000  -45.0000   -7.5000 2390.9180   23.5528
    0.0000  -45.0000   -7.5000 2406.6865   23.3886
    7.5000  -45.0000   -7.5000 2387.8989   23.6796
   -7.5000  -37.5000   -7.5000 2491.4961   21.2944
    0.0000  -37.5000   -7.5000 2513.5171   21.1554
    7.5000  -37.5000   -7.5000 2493.8315   21.4319
   -7.5000  -30.0000   -7.5000 2580.5471   19.5825
    0.0000  -30.0000   -7.5000 2604.6123   19.4024
    7.5000  -30.0000   -7.5000 2582.2173   19.6790
   -7.5000  -22.5000   -7.5000 2661.0156   18.3291
    0.0000  -22.5000   -7.5000 2685.8462   18.1316
    7.5000  -22.5000   -7.5000 2662.7561   18.3810
   -7.5000  -15.0000   -7.5000 2719.7280   17.5167
    0.0000  -15.0000   -7.5000 2746.2896   17.3424
    7.5000  -15.0000   -7.5000 2720.4836   17.5637
   -7.5000   -7.5000   -7.5000 2749.5435   17.1643
    0.0000   -7.5000   -7.5000 2776.8535   17.0156
    7.5000   -7.5000   -7.5000 2745.8118   17.2187
   -7.5000    0.0000   -7.5000 2744.3577   17.2920
    0.0000    0.0000   -7.5000 2772.5210   17.1357
    7.5000    0.0000   -7.5000 2743.0603   17.3481
   -7.5000    7.5000   -7.5000 2723.4773   17.8233
    0.0000    7.5000   -7.5000 2749.3213   17.6229
    7.5000    7.5000   -7.5000 2727.6003   17.8703
   -7.5000   15.0000   -7.5000 2662.5308   18.5977
    0.0000   15.0000   -7.5000 2693.2903   18.3812
    7.5000   15.0000   -7.5000 2672.5342   18.6121
   -7.5000   22.5000   -7.5000 2580.9971   19.6640
    0.0000   22.5000   -7.5000 2605.8672   19.3988
    7.5000   22.5000   -7.5000 2589.6750   19.6396
   -7.5000   30.0000   -7.5000 2473.7061   21.1542
    0.0000   30.0000   -7.5000 2494.5166   20.8364
    7.5000   30.0000   -7.5000 2481.2405   21.0899
   -7.5000   37.5000   -7.5000 2333.5508   23.2463
    0.0000   37.5000   -7.5000 2356.9636   22.9274
    7.5000   37.5000   -7.5000 2349.4282   23.1911
   -7.5000   45.0000   -7.5000 2181.8582   26.1041
    0.0000   45.0000   -7.5000 2198.9238   25.7358
    7.5000   45.0000   -7.5000 2194.8728   26.0207
   -7.5000  -45.0000    0.0000 2387.1980   23.2949
    0.0000  -45.0000    0.0000 2409.9087   23.0993
    7.5000  -45.0000    0.0000 2400.8401   23.5191
   -7.5000  -37.5000    0.0000 2496.4333   21.0275
    0.0000  -37.5000    0.0000 2520.1956   20.8632
    7.5000  -37.5000    0.0000 2511.9497   21.2045
   -7.5000  -30.0000    0.0000 2588.2961   19.1917
    0.0000  -30.0000    0.0000 2619.8892   19.0520
    7.5000  -30.0000    0.0000 2608.9968   19.3556
   -7.5000  -22.5000    0.0000 2674.4368   17.7386
    0.0000  -22.5000    0.0000 2705.1821   17.5952
    7.5000  -22.5000    0.0000 2694.7612   17.9498
   -7.5000  -15.0000    0.0000 2741.1360   16.7369
    0.0000  -15.0000    0.0000 2779.4292   16.5873
    7.5000  -15.0000    0.0000 2762.5212   16.9497
   -7.5000   -7.5000    0.0000 2786.7620   16.3092
    0.0000   -7.5000    0.0000 2826.9370   16.1404
    7.5000   -7.5000    0.0000 2808.2849   16.4992
   -7.5000    0.0000    0.0000 2790.7817   16.4189
    0.0000    0.0000    0.0000 2825.1941   16.2616
    7.5000    0.0000    0.0000 2816.6189   16.6012
   -7.5000    7.5000    0.0000 2769.2231   16.8834
    0.0000    7.5000    0.0000 2808.4031   16.7354
    7.5000    7.5000    0.0000 2802.5889   17.0214
   -7.5000   15.0000    0.0000 2713.7725   17.6550
    0.0000   15.0000    0.0000 2753.3135   17.4912
    7.5000   15.0000    0.0000 2745.7976   17.7900
   -7.5000   22.5000    0.0000 2636.0935   18.7074
    0.0000   22.5000    0.0000 2667.9512   18.4858
    7.5000   22.5000    0.0000 2663.0796   18.8068
   -7.5000   30.0000    0.0000 2520.4321   20.1882
    0.0000   30.0000    0.0000 2550.3362   19.9030
    7.5000   30.0000    0.0000 2543.8054   20.2607
   -7.5000   37.5000    0.0000 2380.7122   22.2662
    0.0000   37.5000    0.0000 2413.6802   21.9820
    7.5000   37.5000    0.0000 2402.0237   22.3486
   -7.5000   45.0000    0.0000 2224.2800   25.0235
    0.0000   45.0000    0.0000 2256.0872   24.7851
    7.5000   45.0000    0.0000 2244.5500   25.1215
   -7.5000  -45.0000    7.5000 2387.6030   23.6395
    0.0000  -45.0000    7.5000 2415.3142   23.3862
    7.5000  -45.0000    7.5000 2404.2605   23.7200
   -7.5000  -37.5000    7.5000 2493.5608   21.1948
    0.0000  -37.5000    7.5000 2526.6099   21.0064
    7.5000  -37.5000    7.5000 2513.1953   21.3300
   -7.5000  -30.0000    7.5000 2590.7446   19.2436
    0.0000  -30.0000    7.5000 2624.4724   19.0702
    7.5000  -30.0000    7.5000 2611.5234   19.3580
   -7.5000  -22.5000    7.5000 2677.7705   17.6766
    0.0000  -22.5000    7.5000 2718.5142   17.5546
    7.5000  -22.5000    7.5000 2705.3118   17.8321
   -7.5000  -15.0000    7.5000 2750.3330   16.4613
    0.0000  -15.0000    7.5000 2795.8257   16.3310
    7.5000  -15.0000    7.5000 2788.7532   16.7119
   -7.5000   -7.5000    7.5000 2806.9319   15.8463
    0.0000   -7.5000    7.5000 2855.4319   15.6549
    7.5000   -7.5000    7.5000 2847.1038   16.1158
   -7.5000    0.0000    7.5000 2828.0713   15.9756
    0.0000    0.0000    7.5000 2881.1057   15.8409
    7.5000    0.0000    7.5000 2875.3582   16.2522
   -7.5000    7.5000    7.5000 2818.4077   16.4457
    0.0000    7.5000    7.5000 2876.9802   16.3607
    7.5000    7.5000    7.5000 2862.4885   16.6593
   -7.5000   15.0000    7.5000 2774.5779   17.2726
    0.0000   15.0000    7.5000 2822.5117   17.0782
    7.5000   15.0000    7.5000 2800.8723   17.3473
   -7.5000   22.5000    7.5000 2690.8459   18.3759
    0.0000   22.5000    7.5000 2732.3042   18.1178
    7.5000   22.5000    7.5000 2713.0886   18.3855
   -7.5000   30.0000    7.5000 2577.4302   19.8826
    0.0000   30.0000    7.5000 2607.4897   19.5697
    7.5000   30.0000    7.5000 2596.0188   19.8322
   -7.5000   37.5000    7.5000 2439.7505   21.9588
    0.0000   37.5000    7.5000 2470.8018   21.6431
    7.5000   37.5000    7.5000 2460.7891   21.9026
   -7.5000   45.0000    7.5000 2276.5378   24.6809
    0.0000   45.0000    7.5000 2302.8884   24.3836
    7.5000   45.0000    7.5000 2298.5903   24.6562
   -7.5000  -45.0000   15.0000 2360.6223   24.1406
    0.0000  -45.0000   15.0000 2388.7944   23.9049
    7.5000  -45.0000   15.0000 2375.9146   24.2636
   -7.5000  -37.5000   15.0000 2467.0859   21.5773
    0.0000  -37.5000   15.0000 2497.9785   21.3351
    7.5000  -37.5000   15.0000 2485.2065   21.6724
   -7.5000  -30.0000   15.0000 2569.0239   19.5717
    0.0000  -30.0000   15.0000 2596.9705   19.3009
    7.5000  -30.0000   15.0000 2590.0754   19.6184
   -7.5000  -22.5000   15.0000 2665.0127   17.9973
    0.0000  -22.5000   15.0000 2696.0085   17.7425
    7.5000  -22.5000   15.0000 2700.6035   18.0603
   -7.5000  -15.0000   15.0000 2755.8726   16.8452
    0.0000  -15.0000   15.0000 2798.6814   16.7413
    7.5000  -15.0000   15.0000 2802.1658   17.0242
   -7.5000   -7.5000   15.0000 2824.2810   16.1453
    0.0000   -7.5000   15.0000 2890.2600   16.0277
    7.5000   -7.5000   15.0000 2876.8154   16.3744
   -7.5000    0.0000   15.0000 2855.9468   16.0435
    0.0000    0.0000   15.0000 2920.2095   15.8542
    7.5000    0.0000   15.0000 2897.3994   16.2202
   -7.5000    7.5000   15.0000 2854.1331   16.4634
    0.0000    7.5000   15.0000 2895.5601   16.1874
    7.5000    7.5000   15.0000 2883.6692   16.5144
   -7.5000   15.0000   15.0000 2807.8684   17.2324
    0.0000   15.0000   15.0000 2849.2090   16.9513
    7.5000   15.0000   15.0000 2828.5054   17.2033
   -7.5000   22.5000   15.0000 2723.0017   18.3493
    0.0000   22.5000   15.0000 2758.3474   18.1300
    7.5000   22.5000   15.0000 2738.4473   18.2990
   -7.5000   30.0000   15.0000 2605.6057   19.8996
    0.0000   30.0000   15.0000 2629.2380   19.6740
    7.5000   30.0000   15.0000 2618.9617   19.8120
   -7.5000   37.5000   15.0000 2465.3486   21.9827
    0.0000   37.5000   15.0000 2496.3420   21.7097
    7.5000   37.5000   15.0000 2484.1289   21.8397
   -7.5000   45.0000   15.0000 2306.7886   24.6776
    0.0000   45.0000   15.0000 2334.8687   24.3908
    7.5000   45.0000   15.0000 2319.6067   24.5144
   -7.5000  -45.0000   22.5000 2325.2693   24.8349
    0.0000  -45.0000   22.5000 2351.8760   24.4838
    7.5000  -45.0000   22.5000 2347.0537   24.9689
   -7.5000  -37.5000   22.5000 2436.5193   22.2703
    0.0000  -37.5000   22.5000 2456.5708   21.8457
    7.5000  -37.5000   22.5000 2455.4607   22.2832
   -7.5000  -30.0000   22.5000 2548.8982   20.2232
    0.0000  -30.0000   22.5000 2567.5645   19.8368
    7.5000  -30.0000   22.5000 2566.0173   20.1928
   -7.5000  -22.5000   22.5000 2655.2957   18.6797
    0.0000  -22.5000   22.5000 2679.8833   18.3629
    7.5000  -22.5000   22.5000 2676.8374   18.6674
   -7.5000  -15.0000   22.5000 2758.5168   17.6123
    0.0000  -15.0000   22.5000 2798.6106   17.4259
    7.5000  -15.0000   22.5000 2789.9673   17.6945
   -7.5000   -7.5000   22.5000 2825.3982   16.9111
    0.0000   -7.5000   22.5000 2880.9497   16.7335
    7.5000   -7.5000   22.5000 2859.6284   17.0166
   -7.5000    0.0000   22.5000 2870.9788   16.7312
    0.0000    0.0000   22.5000 2916.4346   16.4347
    7.5000    0.0000   22.5000 2897.3728   16.7824
   -7.5000    7.5000   22.5000 2861.5618   16.9291
    0.0000    7.5000   22.5000 2907.7703   16.7014
    7.5000    7.5000   22.5000 2889.2034   16.9670
   -7.5000   15.0000   22.5000 2809.7197   17.5572
    0.0000   15.0000   22.5000 2858.4834   17.3475
    7.5000   15.0000   22.5000 2837.0815   17.5792
   -7.5000   22.5000   22.5000 2725.7761   18.6555
    0.0000   22.5000   22.5000 2772.4958   18.4048
    7.5000   22.5000   22.5000 2751.6011   18.6046
   -7.5000   30.0000   22.5000 2602.5339   20.1707
    0.0000   30.0000   22.5000 2634.7612   19.9056
    7.5000   30.0000   22.5000 2631.6411   20.0842
   -7.5000   37.5000   22.5000 2472.3992   22.1471
    0.0000   37.5000   22.5000 2501.6812   21.8932
    7.5000   37.5000   22.5000 2497.4919   22.0660
   -7.5000   45.0000   22.5000 2312.3291   24.8355
    0.0000   45.0000   22.5000 2338.0623   24.5108
    7.5000   45.0000   22.5000 2328.1106   24.7000
   -7.5000  -45.0000   30.0000 2294.2246   26.1432
    0.0000  -45.0000   30.0000 2317.3706   25.7068
    7.5000  -45.0000   30.0000 2316.5535   26.2494
   -7.5000  -37.5000   30.0000 2410.2976   23.4601
    0.0000  -37.5000   30.0000 2436.0674   23.0662
    7.5000  -37.5000   30.0000 2430.0139   23.5306
   -7.5000  -30.0000   30.0000 2519.1504   21.2749
    0.0000  -30.0000   30.0000 2547.2063   20.9268
    7.5000  -30.0000   30.0000 2544.9287   21.3482
   -7.5000  -22.5000   30.0000 2618.5601   19.6010
    0.0000  -22.5000   30.0000 2645.5105   19.2151
    7.5000  -22.5000   30.0000 2651.6592   19.6842
   -7.5000  -15.0000   30.0000 2704.7415   18.3460
    0.0000  -15.0000   30.0000 2742.2197   18.0481
    7.5000  -15.0000   30.0000 2745.6965   18.4748
   -7.5000   -7.5000   30.0000 2780.8110   17.6708
    0.0000   -7.5000   30.0000 2809.1001   17.1725
    7.5000   -7.5000   30.0000 2809.8882   17.6911
   -7.5000    0.0000   30.0000 2825.3901   17.5538
    0.0000    0.0000   30.0000 2864.6831   17.1296
    7.5000    0.0000   30.0000 2857.5786   17.5614
   -7.5000    7.5000   30.0000 2825.6938   17.8331
    0.0000    7.5000   30.0000 2871.5378   17.5025
    7.5000    7.5000   30.0000 2869.7163   17.8567
   -7.5000   15.0000   30.0000 2781.9775   18.4292
    0.0000   15.0000   30.0000 2831.5999   18.1901
    7.5000   15.0000   30.0000 2820.2542   18.4752
   -7.5000   22.5000   30.0000 2706.6885   19.3931
    0.0000   22.5000   30.0000 2755.6365   19.1782
    7.5000   22.5000   30.0000 2739.5940   19.3988
   -7.5000   30.0000   30.0000 2591.0815   20.8337
    0.0000   30.0000   30.0000 2628.2163   20.5842
    7.5000   30.0000   30.0000 2619.0217   20.7553
   -7.5000   37.5000   30.0000 2456.2441   22.7126
    0.0000   37.5000   30.0000 2490.0974   22.4463
    7.5000   37.5000   30.0000 2477.6548   22.5623
   -7.5000   45.0000   30.0000 2292.3350   25.2399
    0.0000   45.0000   30.0000 2314.7673   24.9115
    7.5000   45.0000   30.0000 2306.4067   24.9913
   -7.5000  -45.0000   37.5000 2251.7883   27.7518
    0.0000  -45.0000   37.5000 2276.3367   27.4174
    7.5000  -45.0000   37.5000 2271.1345   27.9472
   -7.5000  -37.5000   37.5000 2366.1677   24.8181
    0.0000  -37.5000   37.5000 2393.4180   24.4363
    7.5000  -37.5000   37.5000 2384.5789   24.9259
   -7.5000  -30.0000   37.5000 2470.1887   22.4690
    0.0000  -30.0000   37.5000 2497.6824   21.9941
    7.5000  -30.0000   37.5000 2492.4609   22.4979
   -7.5000  -22.5000   37.5000 2562.9937   20.6121
    0.0000  -22.5000   37.5000 2594.6289   20.1730
    7.5000  -22.5000   37.5000 2590.7036   20.6545
   -7.5000  -15.0000   37.5000 2652.1028   19.3257
    0.0000  -15.0000   37.5000 2672.6179   18.8041
    7.5000  -15.0000   37.5000 2674.9043   19.2657
   -7.5000   -7.5000   37.5000 2727.0181   18.6367
    0.0000   -7.5000   37.5000 2756.0945   18.0732
    7.5000   -7.5000   37.5000 2747.6936   18.5414
   -7.5000    0.0000   37.5000 2769.3179   18.5033
    0.0000    0.0000   37.5000 2803.1606   18.0571
    7.5000    0.0000   37.5000 2798.7791   18.4589
   -7.5000    7.5000   37.5000 2763.2786   18.8131
    0.0000    7.5000   37.5000 2800.7949   18.4301
    7.5000    7.5000   37.5000 2798.9807   18.7784
   -7.5000   15.0000   37.5000 2716.6550   19.4058
    0.0000   15.0000   37.5000 2760.4260   19.0588
    7.5000   15.0000   37.5000 2756.6831   19.3759
   -7.5000   22.5000   37.5000 2652.1174   20.3555
    0.0000   22.5000   37.5000 2694.3115   20.0112
    7.5000   22.5000   37.5000 2684.3252   20.2889
   -7.5000   30.0000   37.5000 2546.3911   21.7040
    0.0000   30.0000   37.5000 2582.4717   21.3736
    7.5000   30.0000   37.5000 2571.7478   21.5959
   -7.5000   37.5000   37.5000 2418.3643   23.5065
    0.0000   37.5000   37.5000 2444.7483   23.1705
    7.5000   37.5000   37.5000 2436.2825   23.3386
   -7.5000   45.0000   37.5000 2255.8621   25.8673
    0.0000   45.0000   37.5000 2277.8574   25.5422
    7.5000   45.0000   37.5000 2271.5613   25.6605
   -7.5000  -45.0000   45.0000 2184.5618   29.5276
    0.0000  -45.0000   45.0000 2204.8044   29.1934
    7.5000  -45.0000   45.0000 2200.2720   29.6992
   -7.5000  -37.5000   45.0000 2298.3967   26.2744
    0.0000  -37.5000   45.0000 2323.8801   25.8105
    7.5000  -37.5000   45.0000 2311.3843   26.3227
   -7.5000  -30.0000   45.0000 2403.1719   23.7003
    0.0000  -30.0000   45.0000 2431.3140   23.2039
    7.5000  -30.0000   45.0000 2417.0024   23.6894
   -7.5000  -22.5000   45.0000 2495.0125   21.8386
    0.0000  -22.5000   45.0000 2525.0505   21.3118
    7.5000  -22.5000   45.0000 2513.3284   21.7552
   -7.5000  -15.0000   45.0000 2580.2837   20.5491
    0.0000  -15.0000   45.0000 2609.6765   19.9451
    7.5000  -15.0000   45.0000 2595.1665   20.3910
   -7.5000   -7.5000   45.0000 2658.8442   19.8615
    0.0000   -7.5000   45.0000 2689.9763   19.3108
    7.5000   -7.5000   45.0000 2674.8550   19.7368
   -7.5000    0.0000   45.0000 2689.6287   19.7127
    0.0000    0.0000   45.0000 2726.4163   19.2654
    7.5000    0.0000   45.0000 2720.2913   19.6547
   -7.5000    7.5000   45.0000 2677.6794   19.9963
    0.0000    7.5000   45.0000 2716.2375   19.6068
    7.5000    7.5000   45.0000 2718.1797   19.9294
   -7.5000   15.0000   45.0000 2631.2126   20.5757
    0.0000   15.0000   45.0000 2669.9792   20.1795
    7.5000   15.0000   45.0000 2668.2166   20.4841
   -7.5000   22.5000   45.0000 2564.8303   21.4741
    0.0000   22.5000   45.0000 2604.2693   21.0583
    7.5000   22.5000   45.0000 2599.2009   21.3463
   -7.5000   30.0000   45.0000 2478.0105   22.7158
    0.0000   30.0000   45.0000 2511.2000   22.2720
    7.5000   30.0000   45.0000 2501.5193   22.5249
   -7.5000   37.5000   45.0000 2357.3513   24.4389
    0.0000   37.5000   45.0000 2378.9072   24.0416
    7.5000   37.5000   45.0000 2372.2595   24.1976
   -7.5000   45.0000   45.0000 2200.5632   26.7360
    0.0000   45.0000   45.0000 2226.5137   26.3915
    7.5000   45.0000   45.0000 2217.0222   26.5320

---------------------------------------------------------------------
imgreg_4dfp /opt/freesurfer/average/711-2C_as_mni_average_305 /opt/freesurfer/average/711-2B_as_mni_average_305_mask talsrcimg_g11 none talsrcimg_to_711-2C_as_mni_average_305_t4 1283
---------------------------------------------------------------------

freesurfer imgreg_4dfp.c
/opt/freesurfer/average/711-2C_as_mni_average_305.4dfp.img
       256       256       256         1
  1.000000  1.000000  1.000000
orientation T byte_order littleendian
Reading image: /opt/freesurfer/average/711-2C_as_mni_average_305.4dfp.img
dimensions:      256       256       256
mmppix:       1.0000   -1.0000   -1.0000
center:     128.0000 -129.0000 -129.0000
/opt/freesurfer/average/711-2B_as_mni_average_305_mask.4dfp.img
       256       256       256         1
  1.000000  1.000000  1.000000
orientation T byte_order littleendian
Reading mask: /opt/freesurfer/average/711-2B_as_mni_average_305_mask.4dfp.img (2306576 pixels)
talsrcimg_g11.4dfp.img
       256       256       256         1
  1.000000  1.000000  1.000000
orientation T byte_order littleendian
Reading image: talsrcimg_g11.4dfp.img
dimensions:      256       256       256
mmppix:       1.0000   -1.0000   -1.0000
center:     128.0000 -129.0000 -129.0000
rotation matrix determinant  1.000000
fimgreg.f
image alignment mode   1283 decimal      503 hex
parameters
    0.0000    0.0000   15.0000    0.0000    0.0000    0.0000
eta,q 0.91226 15.81040
niter,ni,del,rscale     5    3   12.0000    1.2000
parameter  4  0.558158 ->  0.500000 qaram    1.1500
parameters
    2.2600   -1.5084   15.4423   -3.4500   -0.1376   -0.1072
eta,q 0.92248 15.71370
  0.0977  0.0836  0.0893  0.0785  0.0815  0.0815
  0.0913  0.0804  0.0842  0.0775  0.0792  0.0800
  0.0845  0.0791  0.0799  0.0782  0.0780  0.0782
  0.0807  0.0797  0.0787  0.0791  0.0775  0.0775
  0.0799  0.0824  0.0835  0.0806  0.0782  0.0781
  0.0806  0.0856  0.0836  0.0835  0.0799  0.0798
  0.0836  0.0887  0.0852  0.0876  0.0815  0.0821
niter,ni,del,rscale     5    3   12.0000    1.2000
parameters
    1.8105   -0.6353   14.9075   -4.8785    1.2032   -0.8701
eta,q 0.92475 15.63293
  0.0910  0.0873  0.0842  0.0789  0.0825  0.0784
  0.0820  0.0826  0.0795  0.0771  0.0796  0.0767
  0.0768  0.0792  0.0753  0.0760  0.0776  0.0754
  0.0775  0.0769  0.0772  0.0760  0.0759  0.0754
  0.0816  0.0783  0.0815  0.0775  0.0753  0.0762
  0.0869  0.0800  0.0813  0.0797  0.0766  0.0779
  0.0928  0.0826  0.0849  0.0825  0.0787  0.0807
niter,ni,del,rscale     4    3   12.0000    1.2000
parameters
    1.3601    0.1948   14.3995   -5.4657    1.8260   -0.7448
eta,q 0.92623 15.55714
  0.0881  0.0871  0.0824  0.0794  0.0810  0.0783
  0.0804  0.0819  0.0783  0.0770  0.0780  0.0764
  0.0751  0.0774  0.0749  0.0746  0.0755  0.0746
  0.0753  0.0748  0.0748  0.0741  0.0740  0.0738
  0.0789  0.0759  0.0791  0.0762  0.0743  0.0744
  0.0844  0.0788  0.0805  0.0784  0.0765  0.0758
  0.0907  0.0818  0.0832  0.0811  0.0787  0.0782
niter,ni,del,rscale     3    3   12.0000    1.2000
parameters
    1.1839    0.5821   14.1626   -5.7210    2.0684   -0.5574
eta,q 0.92626 15.52430
  0.0874  0.0855  0.0819  0.0794  0.0802  0.0782
  0.0805  0.0800  0.0777  0.0772  0.0772  0.0763
  0.0748  0.0754  0.0752  0.0749  0.0747  0.0745
  0.0738  0.0737  0.0738  0.0737  0.0737  0.0737
  0.0766  0.0761  0.0774  0.0756  0.0748  0.0742
  0.0818  0.0793  0.0795  0.0777  0.0770  0.0756
  0.0885  0.0820  0.0817  0.0801  0.0789  0.0779
niter,ni,del,rscale     2    3   12.0000    1.2000
parameters
    1.1368    0.7504   13.9887   -5.8375    2.1416   -0.4366
eta,q 0.92620 15.51467
  0.0874  0.0845  0.0815  0.0795  0.0798  0.0780
  0.0808  0.0791  0.0774  0.0772  0.0767  0.0762
  0.0752  0.0748  0.0753  0.0750  0.0745  0.0744
  0.0737  0.0737  0.0739  0.0738  0.0738  0.0738
  0.0760  0.0766  0.0771  0.0755  0.0750  0.0743
  0.0810  0.0797  0.0791  0.0774  0.0770  0.0757
  0.0877  0.0819  0.0809  0.0797  0.0790  0.0779
niter,ni,del,rscale     1    3   12.0000    1.2000
parameters
    1.1674    0.7904   13.8924   -5.8517    2.1377   -0.3529
eta,q 0.92619 15.51688
  0.0876  0.0839  0.0815  0.0795  0.0795  0.0779
  0.0811  0.0786  0.0774  0.0772  0.0766  0.0761
  0.0755  0.0746  0.0754  0.0751  0.0744  0.0744
  0.0738  0.0738  0.0738  0.0738  0.0738  0.0738
  0.0758  0.0768  0.0769  0.0754  0.0750  0.0743
  0.0806  0.0798  0.0790  0.0772  0.0770  0.0757
  0.0873  0.0820  0.0805  0.0794  0.0790  0.0779
registration optimization eta report
parameter search radius
    6.0000    6.0000    6.0000    6.9000    6.0000    6.0000
100000*second partial in parameter space
       37.       24.       17.       11.       15.       11.
  0.0876  0.0839  0.0815  0.0795  0.0795  0.0779
  0.0811  0.0786  0.0774  0.0772  0.0766  0.0761
  0.0755  0.0746  0.0754  0.0751  0.0744  0.0744
  0.0738  0.0738  0.0738  0.0738  0.0738  0.0738
  0.0758  0.0768  0.0769  0.0754  0.0750  0.0743
  0.0806  0.0798  0.0790  0.0772  0.0770  0.0757
  0.0873  0.0820  0.0805  0.0794  0.0790  0.0779
    1.1674    0.7904   13.8924   -5.8517    2.1377   -0.3529
eta,q 0.92619 15.51688

---------------------------------------------------------------------
imgreg_4dfp /opt/freesurfer/average/711-2C_as_mni_average_305 /opt/freesurfer/average/711-2B_as_mni_average_305_mask talsrcimg_g11 none talsrcimg_to_711-2C_as_mni_average_305_t4 3335
---------------------------------------------------------------------

freesurfer imgreg_4dfp.c
/opt/freesurfer/average/711-2C_as_mni_average_305.4dfp.img
       256       256       256         1
  1.000000  1.000000  1.000000
orientation T byte_order littleendian
Reading image: /opt/freesurfer/average/711-2C_as_mni_average_305.4dfp.img
dimensions:      256       256       256
mmppix:       1.0000   -1.0000   -1.0000
center:     128.0000 -129.0000 -129.0000
/opt/freesurfer/average/711-2B_as_mni_average_305_mask.4dfp.img
       256       256       256         1
  1.000000  1.000000  1.000000
orientation T byte_order littleendian
Reading mask: /opt/freesurfer/average/711-2B_as_mni_average_305_mask.4dfp.img (2306576 pixels)
talsrcimg_g11.4dfp.img
       256       256       256         1
  1.000000  1.000000  1.000000
orientation T byte_order littleendian
Reading image: talsrcimg_g11.4dfp.img
dimensions:      256       256       256
mmppix:       1.0000   -1.0000   -1.0000
center:     128.0000 -129.0000 -129.0000
fimgreg.f
image alignment mode   3335 decimal      D07 hex
parameters
    1.1674    0.7904   13.8924   -0.0715   -0.5253   -0.5903
    0.9930   -3.6478   -0.6155   10.2181    3.7301  -10.1884
eta,q 0.91963 15.63365
niter,ni,del,rscale     5    3    5.0000    1.2000
parameter  3  0.416185 -> -0.500000 qaram    1.1500
parameter  4  1.627928 ->  0.500000 qaram    1.1500
parameter  5  6.508740 ->  0.500000 qaram    1.1500
parameter  6-14.611702 ->  0.500000 qaram    1.1500
parameter 10 -0.597660 -> -0.500000 qaram    1.1500
parameters
    1.0444    1.9063   15.2724   -4.2115   -4.6653   -4.7303
    2.3206   -0.1540   -1.9620   14.3581    2.5703  -10.3010
eta,q 0.94706 15.60890
  0.0823  0.0825  0.0800  0.0737  0.0664  0.0497  0.0582  0.0639  0.0554  0.0603  0.0547  0.0552
  0.0812  0.0815  0.0801  0.0750  0.0694  0.0536  0.0569  0.0607  0.0546  0.0577  0.0536  0.0539
  0.0805  0.0808  0.0803  0.0769  0.0723  0.0615  0.0560  0.0577  0.0542  0.0558  0.0530  0.0531
  0.0804  0.0804  0.0802  0.0794  0.0755  0.0702  0.0555  0.0554  0.0543  0.0542  0.0530  0.0529
  0.0807  0.0802  0.0798  0.0826  0.0787  0.0782  0.0555  0.0543  0.0547  0.0532  0.0536  0.0533
  0.0815  0.0803  0.0792  0.0864  0.0822  0.0837  0.0559  0.0545  0.0555  0.0531  0.0546  0.0541
  0.0828  0.0804  0.0787  0.0904  0.0860  0.0889  0.0568  0.0559  0.0566  0.0538  0.0562  0.0553
niter,ni,del,rscale     7    3    5.0000    1.2000
parameter  3  0.543795 ->  0.500000 qaram    1.3225
parameter  4  0.527768 ->  0.500000 qaram    1.3225
parameter  5  3.197337 ->  0.500000 qaram    1.3225
parameter  6  0.671342 ->  0.500000 qaram    1.3225
parameters
    0.6957    1.9121   13.6854   -8.9725   -9.4263   -9.4913
    3.0961   -1.7442   -0.4666   16.7668    0.6513  -13.4482
eta,q 0.95937 15.43939
  0.0549  0.0542  0.0528  0.0509  0.0424  0.0425  0.0439  0.0432  0.0434  0.0467  0.0415  0.0412
  0.0536  0.0534  0.0516  0.0505  0.0447  0.0419  0.0428  0.0420  0.0426  0.0446  0.0411  0.0407
  0.0530  0.0530  0.0516  0.0506  0.0475  0.0419  0.0420  0.0415  0.0419  0.0427  0.0410  0.0407
  0.0529  0.0529  0.0529  0.0514  0.0505  0.0455  0.0417  0.0417  0.0415  0.0415  0.0411  0.0410
  0.0535  0.0531  0.0550  0.0535  0.0538  0.0549  0.0418  0.0424  0.0415  0.0411  0.0413  0.0417
  0.0547  0.0535  0.0576  0.0569  0.0576  0.0675  0.0423  0.0437  0.0417  0.0416  0.0418  0.0426
  0.0564  0.0541  0.0605  0.0619  0.0616  0.0769  0.0431  0.0454  0.0424  0.0431  0.0424  0.0439
niter,ni,del,rscale     7    3    5.0000    1.2000
parameter  2 -0.787035 -> -0.500000 qaram    1.1500
parameter  3  0.595241 ->  0.500000 qaram    1.5209
parameter  5  1.261218 ->  0.500000 qaram    1.5209
parameter 12  0.537806 ->  0.500000 qaram    1.1500
parameters
    0.9073    3.2921   11.8603   -5.1332  -14.9015  -12.8159
    2.8476   -1.2580   -0.1930   20.6415   -0.6698  -17.5882
eta,q 0.96664 15.41199
  0.0431  0.0451  0.0392  0.0432  0.0329  0.0373  0.0367  0.0382  0.0365  0.0402  0.0341  0.0337
  0.0418  0.0432  0.0382  0.0412  0.0330  0.0360  0.0356  0.0362  0.0356  0.0379  0.0338  0.0334
  0.0410  0.0417  0.0384  0.0395  0.0348  0.0346  0.0349  0.0350  0.0350  0.0361  0.0337  0.0334
  0.0406  0.0406  0.0397  0.0382  0.0372  0.0334  0.0347  0.0347  0.0347  0.0347  0.0338  0.0337
  0.0407  0.0400  0.0418  0.0373  0.0400  0.0376  0.0350  0.0351  0.0349  0.0339  0.0339  0.0343
  0.0413  0.0397  0.0445  0.0374  0.0433  0.0479  0.0358  0.0359  0.0354  0.0339  0.0341  0.0352
  0.0423  0.0396  0.0476  0.0390  0.0471  0.0600  0.0370  0.0371  0.0363  0.0351  0.0344  0.0363
niter,ni,del,rscale     7    3    5.0000    1.2000
parameters
    1.0160    4.3957   11.2062   -3.7420  -18.4977  -14.0742
    2.6576   -0.8113    0.1337   21.7276   -1.9584  -19.1700
eta,q 0.96781 15.30316
  0.0362  0.0392  0.0350  0.0372  0.0344  0.0370  0.0345  0.0362  0.0341  0.0359  0.0327  0.0332
  0.0347  0.0366  0.0333  0.0355  0.0326  0.0354  0.0334  0.0341  0.0332  0.0340  0.0323  0.0324
  0.0338  0.0347  0.0327  0.0339  0.0315  0.0337  0.0326  0.0328  0.0327  0.0329  0.0323  0.0322
  0.0334  0.0334  0.0329  0.0327  0.0323  0.0315  0.0324  0.0324  0.0324  0.0324  0.0323  0.0323
  0.0336  0.0329  0.0336  0.0322  0.0346  0.0307  0.0327  0.0328  0.0326  0.0324  0.0325  0.0326
  0.0344  0.0331  0.0351  0.0331  0.0374  0.0360  0.0335  0.0338  0.0330  0.0329  0.0327  0.0332
  0.0358  0.0341  0.0373  0.0359  0.0408  0.0461  0.0348  0.0352  0.0339  0.0345  0.0329  0.0341
niter,ni,del,rscale     6    3    5.0000    1.2000
parameters
    1.0355    5.0000   10.8980   -3.1180  -19.3303  -14.6914
    2.3674   -0.5597    0.4725   22.4544   -1.8380  -19.8174
eta,q 0.96771 15.27475
  0.0349  0.0366  0.0342  0.0362  0.0364  0.0373  0.0344  0.0361  0.0339  0.0354  0.0330  0.0335
  0.0335  0.0345  0.0326  0.0346  0.0344  0.0357  0.0333  0.0339  0.0331  0.0337  0.0325  0.0326
  0.0326  0.0330  0.0320  0.0332  0.0326  0.0340  0.0325  0.0326  0.0326  0.0327  0.0323  0.0323
  0.0322  0.0322  0.0321  0.0320  0.0319  0.0319  0.0323  0.0323  0.0323  0.0323  0.0323  0.0323
  0.0325  0.0321  0.0326  0.0318  0.0331  0.0306  0.0327  0.0328  0.0324  0.0324  0.0324  0.0326
  0.0334  0.0327  0.0334  0.0329  0.0353  0.0343  0.0335  0.0339  0.0329  0.0330  0.0326  0.0330
  0.0349  0.0339  0.0347  0.0361  0.0381  0.0428  0.0348  0.0353  0.0337  0.0346  0.0328  0.0337
niter,ni,del,rscale     5    3    5.0000    1.2000
parameters
    1.0338    5.2228   10.4101   -2.7659  -19.6548  -15.1445
    2.2670   -0.3843    0.7342   23.1260   -1.5348  -20.4393
eta,q 0.96762 15.26827
  0.0349  0.0356  0.0339  0.0361  0.0368  0.0373  0.0346  0.0360  0.0339  0.0352  0.0331  0.0336
  0.0335  0.0338  0.0326  0.0346  0.0349  0.0358  0.0334  0.0339  0.0331  0.0336  0.0326  0.0327
  0.0326  0.0327  0.0321  0.0332  0.0330  0.0341  0.0327  0.0327  0.0326  0.0327  0.0324  0.0324
  0.0323  0.0323  0.0323  0.0322  0.0321  0.0321  0.0324  0.0324  0.0324  0.0324  0.0324  0.0324
  0.0326  0.0325  0.0328  0.0320  0.0330  0.0307  0.0327  0.0329  0.0325  0.0325  0.0325  0.0327
  0.0335  0.0333  0.0335  0.0333  0.0350  0.0339  0.0335  0.0340  0.0330  0.0330  0.0327  0.0331
  0.0350  0.0346  0.0346  0.0365  0.0376  0.0421  0.0348  0.0354  0.0338  0.0345  0.0329  0.0338
niter,ni,del,rscale     4    3    5.0000    1.2000
parameters
    1.0022    5.3135    9.9506   -2.5300  -19.8622  -15.5750
    2.2481   -0.2617    0.8323   23.7475   -1.0052  -21.0814
eta,q 0.96750 15.26840
  0.0349  0.0353  0.0339  0.0361  0.0369  0.0373  0.0348  0.0360  0.0340  0.0351  0.0332  0.0337
  0.0335  0.0337  0.0327  0.0347  0.0350  0.0359  0.0336  0.0340  0.0332  0.0336  0.0328  0.0328
  0.0327  0.0327  0.0322  0.0333  0.0332  0.0342  0.0328  0.0328  0.0327  0.0328  0.0325  0.0325
  0.0324  0.0324  0.0324  0.0323  0.0322  0.0322  0.0325  0.0325  0.0325  0.0325  0.0325  0.0325
  0.0327  0.0327  0.0329  0.0321  0.0330  0.0308  0.0328  0.0330  0.0327  0.0326  0.0326  0.0328
  0.0336  0.0335  0.0336  0.0335  0.0350  0.0339  0.0336  0.0341  0.0331  0.0331  0.0328  0.0333
  0.0351  0.0349  0.0346  0.0367  0.0375  0.0420  0.0348  0.0355  0.0339  0.0344  0.0329  0.0339
niter,ni,del,rscale     3    3    5.0000    1.2000
parameters
    0.9719    5.3959    9.4483   -2.3373  -20.0907  -16.0960
    2.3080   -0.1926    0.8229   24.4556   -0.3102  -21.7071
eta,q 0.96734 15.26751
  0.0350  0.0353  0.0340  0.0362  0.0369  0.0373  0.0349  0.0359  0.0341  0.0350  0.0334  0.0338
  0.0336  0.0338  0.0327  0.0347  0.0351  0.0359  0.0338  0.0340  0.0333  0.0337  0.0329  0.0329
  0.0328  0.0328  0.0323  0.0333  0.0333  0.0343  0.0330  0.0329  0.0329  0.0330  0.0327  0.0326
  0.0325  0.0325  0.0325  0.0324  0.0323  0.0324  0.0327  0.0327  0.0327  0.0327  0.0327  0.0327
  0.0328  0.0328  0.0330  0.0322  0.0331  0.0309  0.0329  0.0332  0.0328  0.0327  0.0328  0.0330
  0.0337  0.0336  0.0337  0.0336  0.0351  0.0341  0.0337  0.0342  0.0333  0.0332  0.0329  0.0334
  0.0351  0.0349  0.0346  0.0368  0.0376  0.0423  0.0349  0.0355  0.0341  0.0343  0.0330  0.0340
niter,ni,del,rscale     2    3    5.0000    1.2000
parameters
    0.9432    5.5218    8.8453   -2.1650  -20.4434  -16.8209
    2.4680   -0.1962    0.7516   25.4304    0.5674  -22.3533
eta,q 0.96709 15.25977
  0.0351  0.0355  0.0340  0.0363  0.0369  0.0371  0.0352  0.0359  0.0343  0.0351  0.0336  0.0340
  0.0338  0.0340  0.0328  0.0348  0.0351  0.0358  0.0340  0.0341  0.0336  0.0338  0.0331  0.0331
  0.0329  0.0330  0.0325  0.0335  0.0334  0.0344  0.0333  0.0331  0.0331  0.0332  0.0330  0.0329
  0.0327  0.0327  0.0327  0.0325  0.0325  0.0325  0.0330  0.0330  0.0330  0.0330  0.0329  0.0329
  0.0329  0.0329  0.0332  0.0324  0.0333  0.0311  0.0332  0.0334  0.0331  0.0329  0.0330  0.0332
  0.0338  0.0337  0.0339  0.0337  0.0353  0.0344  0.0339  0.0344  0.0336  0.0333  0.0331  0.0336
  0.0352  0.0350  0.0348  0.0369  0.0377  0.0430  0.0350  0.0357  0.0344  0.0343  0.0332  0.0341
niter,ni,del,rscale     1    3    5.0000    1.2000
parameters
    0.9091    5.7563    8.0054   -2.0494  -21.0584  -17.9431
    2.7566   -0.3067    0.6317   27.1291    1.1275  -22.7731
eta,q 0.96676 15.23444
  0.0352  0.0359  0.0339  0.0363  0.0368  0.0368  0.0355  0.0359  0.0347  0.0353  0.0338  0.0343
  0.0340  0.0343  0.0329  0.0350  0.0351  0.0356  0.0344  0.0343  0.0340  0.0342  0.0334  0.0335
  0.0332  0.0333  0.0327  0.0337  0.0335  0.0344  0.0337  0.0335  0.0335  0.0336  0.0333  0.0332
  0.0329  0.0329  0.0329  0.0327  0.0327  0.0327  0.0334  0.0334  0.0334  0.0334  0.0332  0.0333
  0.0332  0.0331  0.0335  0.0325  0.0336  0.0314  0.0335  0.0338  0.0335  0.0332  0.0333  0.0335
  0.0340  0.0338  0.0342  0.0339  0.0357  0.0351  0.0342  0.0346  0.0340  0.0334  0.0334  0.0338
  0.0354  0.0350  0.0351  0.0371  0.0380  0.0443  0.0352  0.0358  0.0348  0.0342  0.0336  0.0343
registration optimization eta report
parameter search radius
    2.4000    2.7600    3.6501    9.5220   10.9503    9.5220
    7.2000    7.2000    7.2000    8.2800    7.2000    8.2800
100000*second partial in parameter space
       42.       33.       12.        4.        4.        9.
        4.        5.        3.        2.        1.        2.
  0.0352  0.0359  0.0339  0.0363  0.0368  0.0368  0.0355  0.0359  0.0347  0.0353  0.0338  0.0343
  0.0340  0.0343  0.0329  0.0350  0.0351  0.0356  0.0344  0.0343  0.0340  0.0342  0.0334  0.0335
  0.0332  0.0333  0.0327  0.0337  0.0335  0.0344  0.0337  0.0335  0.0335  0.0336  0.0333  0.0332
  0.0329  0.0329  0.0329  0.0327  0.0327  0.0327  0.0334  0.0334  0.0334  0.0334  0.0332  0.0333
  0.0332  0.0331  0.0335  0.0325  0.0336  0.0314  0.0335  0.0338  0.0335  0.0332  0.0333  0.0335
  0.0340  0.0338  0.0342  0.0339  0.0357  0.0351  0.0342  0.0346  0.0340  0.0334  0.0334  0.0338
  0.0354  0.0350  0.0351  0.0371  0.0380  0.0443  0.0352  0.0358  0.0348  0.0342  0.0336  0.0343
    0.9091    5.7563    8.0054   -2.0494  -21.0584  -17.9431
    2.7566   -0.3067    0.6317   27.1291    1.1275  -22.7731
eta,q 0.96676 15.23444

---------------------------------------------------------------------
imgreg_4dfp /opt/freesurfer/average/711-2C_as_mni_average_305 /opt/freesurfer/average/711-2B_as_mni_average_305_mask talsrcimg_g11 none talsrcimg_to_711-2C_as_mni_average_305_t4 2311
---------------------------------------------------------------------

freesurfer imgreg_4dfp.c
/opt/freesurfer/average/711-2C_as_mni_average_305.4dfp.img
       256       256       256         1
  1.000000  1.000000  1.000000
orientation T byte_order littleendian
Reading image: /opt/freesurfer/average/711-2C_as_mni_average_305.4dfp.img
dimensions:      256       256       256
mmppix:       1.0000   -1.0000   -1.0000
center:     128.0000 -129.0000 -129.0000
/opt/freesurfer/average/711-2B_as_mni_average_305_mask.4dfp.img
       256       256       256         1
  1.000000  1.000000  1.000000
orientation T byte_order littleendian
Reading mask: /opt/freesurfer/average/711-2B_as_mni_average_305_mask.4dfp.img (2306576 pixels)
talsrcimg_g11.4dfp.img
       256       256       256         1
  1.000000  1.000000  1.000000
orientation T byte_order littleendian
Reading image: talsrcimg_g11.4dfp.img
dimensions:      256       256       256
mmppix:       1.0000   -1.0000   -1.0000
center:     128.0000 -129.0000 -129.0000
fimgreg.f
image alignment mode   2311 decimal      907 hex
parameters
    0.9091    5.7563    8.0054   -2.0494  -21.0584  -17.9431
    2.7566   -0.3067    0.6317   27.1291    1.1275  -22.7731
eta,q 0.96676 15.23445
niter,ni,del,rscale     5    3    5.0000    0.8000
parameter  3  1.114541 ->  0.500000 qaram    1.1500
parameter  6 -0.630123 -> -0.500000 qaram    1.1500
parameters
    0.8829    6.1990    7.0854   -0.2941  -21.6460  -15.1831
    1.9285    1.3065    0.7143   29.3933    2.8931  -24.0122
eta,q 0.96935 15.30236
  0.0342  0.0346  0.0329  0.0344  0.0339  0.0347  0.0324  0.0353  0.0322  0.0333  0.0325  0.0312
  0.0337  0.0340  0.0329  0.0338  0.0332  0.0342  0.0319  0.0337  0.0317  0.0324  0.0318  0.0308
  0.0333  0.0335  0.0330  0.0333  0.0328  0.0335  0.0316  0.0324  0.0314  0.0318  0.0312  0.0306
  0.0332  0.0332  0.0332  0.0329  0.0327  0.0327  0.0316  0.0316  0.0313  0.0313  0.0309  0.0308
  0.0334  0.0332  0.0334  0.0327  0.0330  0.0319  0.0319  0.0313  0.0314  0.0310  0.0308  0.0310
  0.0337  0.0333  0.0337  0.0328  0.0337  0.0316  0.0324  0.0315  0.0316  0.0309  0.0308  0.0315
  0.0343  0.0336  0.0340  0.0332  0.0347  0.0327  0.0332  0.0324  0.0321  0.0314  0.0312  0.0320
niter,ni,del,rscale     6    3    5.0000    0.9000
parameters
    1.0036    6.2094    7.3971   -1.0053  -22.2561  -16.2218
    2.7000    0.4055    0.3640   29.6427    3.9356  -24.8171
eta,q 0.96867 15.28117
  0.0327  0.0321  0.0332  0.0322  0.0323  0.0346  0.0332  0.0330  0.0323  0.0326  0.0322  0.0319
  0.0316  0.0313  0.0317  0.0315  0.0315  0.0336  0.0323  0.0319  0.0318  0.0321  0.0318  0.0315
  0.0309  0.0308  0.0309  0.0309  0.0309  0.0323  0.0318  0.0314  0.0315  0.0317  0.0315  0.0313
  0.0307  0.0307  0.0307  0.0307  0.0307  0.0307  0.0315  0.0315  0.0314  0.0314  0.0314  0.0314
  0.0308  0.0308  0.0308  0.0310  0.0311  0.0306  0.0315  0.0319  0.0316  0.0313  0.0314  0.0315
  0.0313  0.0313  0.0312  0.0320  0.0321  0.0349  0.0318  0.0330  0.0320  0.0316  0.0315  0.0318
  0.0322  0.0321  0.0318  0.0338  0.0334  0.0426  0.0324  0.0347  0.0326  0.0326  0.0317  0.0322
niter,ni,del,rscale     5    3    5.0000    0.8000
parameter  3  0.614740 ->  0.500000 qaram    1.3225
parameters
    0.8933    6.4600    6.3391   -1.1103  -22.7068  -17.1965
    3.1966    0.2065    0.2568   31.5661    4.6183  -25.9427
eta,q 0.96870 15.26599
  0.0323  0.0327  0.0312  0.0324  0.0324  0.0342  0.0329  0.0333  0.0325  0.0331  0.0320  0.0317
  0.0317  0.0320  0.0310  0.0317  0.0317  0.0334  0.0323  0.0323  0.0320  0.0325  0.0317  0.0314
  0.0314  0.0315  0.0310  0.0312  0.0312  0.0322  0.0318  0.0318  0.0317  0.0320  0.0315  0.0313
  0.0313  0.0313  0.0313  0.0310  0.0310  0.0310  0.0316  0.0316  0.0316  0.0316  0.0314  0.0314
  0.0315  0.0313  0.0317  0.0311  0.0313  0.0310  0.0317  0.0318  0.0317  0.0314  0.0314  0.0316
  0.0319  0.0316  0.0321  0.0316  0.0321  0.0346  0.0320  0.0325  0.0320  0.0314  0.0315  0.0318
  0.0326  0.0320  0.0327  0.0328  0.0332  0.0411  0.0325  0.0337  0.0325  0.0318  0.0317  0.0321
niter,ni,del,rscale     5    3    5.0000    0.8000
parameters
    0.8972    6.7223    5.7082   -1.2746  -23.2275  -18.1229
    3.3835    0.0317    0.1024   32.2277    4.9524  -26.2217
eta,q 0.96838 15.22816
  0.0325  0.0328  0.0318  0.0324  0.0325  0.0343  0.0328  0.0334  0.0326  0.0330  0.0322  0.0322
  0.0318  0.0320  0.0312  0.0318  0.0318  0.0335  0.0322  0.0324  0.0321  0.0324  0.0319  0.0318
  0.0314  0.0315  0.0310  0.0313  0.0312  0.0324  0.0319  0.0319  0.0318  0.0320  0.0317  0.0316
  0.0313  0.0313  0.0313  0.0311  0.0311  0.0311  0.0317  0.0317  0.0317  0.0317  0.0316  0.0316
  0.0314  0.0313  0.0317  0.0312  0.0314  0.0310  0.0318  0.0319  0.0318  0.0316  0.0317  0.0318
  0.0318  0.0316  0.0323  0.0317  0.0322  0.0345  0.0321  0.0326  0.0322  0.0318  0.0318  0.0320
  0.0324  0.0320  0.0329  0.0329  0.0334  0.0410  0.0326  0.0338  0.0327  0.0325  0.0321  0.0323
niter,ni,del,rscale     4    3    5.0000    0.7000
parameters
    0.8976    6.9353    4.7960   -1.3438  -23.5550  -18.8913
    3.5011   -0.0018    0.0033   33.1312    5.1283  -26.7931
eta,q 0.96829 15.20868
  0.0324  0.0327  0.0317  0.0324  0.0326  0.0341  0.0327  0.0334  0.0325  0.0329  0.0322  0.0321
  0.0320  0.0321  0.0314  0.0319  0.0320  0.0334  0.0322  0.0325  0.0321  0.0325  0.0319  0.0318
  0.0317  0.0318  0.0314  0.0315  0.0315  0.0324  0.0319  0.0320  0.0319  0.0321  0.0318  0.0317
  0.0316  0.0316  0.0316  0.0314  0.0314  0.0314  0.0318  0.0318  0.0318  0.0318  0.0317  0.0317
  0.0317  0.0316  0.0320  0.0314  0.0316  0.0313  0.0319  0.0320  0.0319  0.0317  0.0318  0.0319
  0.0320  0.0318  0.0324  0.0318  0.0322  0.0340  0.0322  0.0325  0.0322  0.0318  0.0319  0.0321
  0.0325  0.0322  0.0329  0.0327  0.0331  0.0393  0.0326  0.0334  0.0326  0.0324  0.0321  0.0323
niter,ni,del,rscale     3    3    5.0000    0.6000
parameters
    0.9175    7.1115    4.2720   -1.3270  -23.8591  -19.2910
    3.5091    0.0180   -0.0738   33.7746    5.2708  -27.1586
eta,q 0.96826 15.19621
  0.0323  0.0325  0.0319  0.0324  0.0325  0.0339  0.0324  0.0331  0.0323  0.0327  0.0321  0.0321
  0.0320  0.0321  0.0316  0.0320  0.0320  0.0333  0.0321  0.0324  0.0320  0.0323  0.0319  0.0318
  0.0318  0.0318  0.0316  0.0317  0.0317  0.0325  0.0319  0.0320  0.0319  0.0320  0.0318  0.0317
  0.0317  0.0317  0.0317  0.0316  0.0316  0.0316  0.0318  0.0318  0.0318  0.0318  0.0318  0.0318
  0.0318  0.0317  0.0319  0.0316  0.0318  0.0314  0.0319  0.0319  0.0319  0.0317  0.0318  0.0318
  0.0320  0.0319  0.0322  0.0319  0.0322  0.0330  0.0321  0.0323  0.0321  0.0319  0.0319  0.0320
  0.0323  0.0321  0.0326  0.0325  0.0329  0.0368  0.0324  0.0331  0.0324  0.0323  0.0321  0.0322
niter,ni,del,rscale     2    3    5.0000    0.5000
parameters
    0.9544    7.2428    3.9519   -1.3197  -24.1295  -19.3650
    3.4766    0.0748   -0.1106   34.1502    5.4301  -27.3874
eta,q 0.96832 15.18308
  0.0322  0.0323  0.0320  0.0323  0.0323  0.0337  0.0322  0.0328  0.0321  0.0324  0.0320  0.0320
  0.0320  0.0320  0.0318  0.0320  0.0320  0.0331  0.0319  0.0322  0.0319  0.0321  0.0318  0.0318
  0.0318  0.0318  0.0317  0.0318  0.0317  0.0324  0.0318  0.0319  0.0318  0.0319  0.0317  0.0317
  0.0317  0.0317  0.0317  0.0317  0.0317  0.0317  0.0317  0.0317  0.0317  0.0317  0.0317  0.0317
  0.0318  0.0317  0.0319  0.0317  0.0318  0.0315  0.0318  0.0318  0.0318  0.0317  0.0317  0.0318
  0.0319  0.0319  0.0321  0.0319  0.0321  0.0324  0.0319  0.0321  0.0319  0.0318  0.0318  0.0319
  0.0321  0.0320  0.0324  0.0323  0.0327  0.0349  0.0322  0.0327  0.0321  0.0322  0.0320  0.0320
niter,ni,del,rscale     1    3    5.0000    0.4000
parameters
    1.0118    7.3453    3.8481   -1.3098  -24.3151  -19.1716
    3.4313    0.1563   -0.1408   34.2946    5.5360  -27.4356
eta,q 0.96843 15.16998
  0.0320  0.0320  0.0320  0.0321  0.0321  0.0334  0.0319  0.0324  0.0318  0.0321  0.0318  0.0318
  0.0318  0.0318  0.0318  0.0319  0.0319  0.0328  0.0317  0.0319  0.0317  0.0318  0.0317  0.0317
  0.0317  0.0317  0.0317  0.0317  0.0317  0.0322  0.0316  0.0317  0.0316  0.0317  0.0316  0.0316
  0.0317  0.0317  0.0317  0.0317  0.0317  0.0317  0.0316  0.0316  0.0316  0.0316  0.0316  0.0316
  0.0317  0.0317  0.0317  0.0317  0.0318  0.0315  0.0316  0.0316  0.0316  0.0316  0.0316  0.0316
  0.0318  0.0318  0.0319  0.0318  0.0320  0.0320  0.0317  0.0319  0.0317  0.0317  0.0317  0.0317
  0.0319  0.0319  0.0321  0.0321  0.0323  0.0334  0.0319  0.0323  0.0319  0.0320  0.0318  0.0318
registration optimization eta report
parameter search radius
    0.8000    0.8000    1.0580    2.4000    2.4000    2.7600
    2.4000    2.4000    2.4000    2.4000    2.4000    2.4000
100000*second partial in parameter space
       45.       43.       31.        7.        9.       23.
        5.       13.        5.        8.        4.        4.
  0.0320  0.0320  0.0320  0.0321  0.0321  0.0334  0.0319  0.0324  0.0318  0.0321  0.0318  0.0318
  0.0318  0.0318  0.0318  0.0319  0.0319  0.0328  0.0317  0.0319  0.0317  0.0318  0.0317  0.0317
  0.0317  0.0317  0.0317  0.0317  0.0317  0.0322  0.0316  0.0317  0.0316  0.0317  0.0316  0.0316
  0.0317  0.0317  0.0317  0.0317  0.0317  0.0317  0.0316  0.0316  0.0316  0.0316  0.0316  0.0316
  0.0317  0.0317  0.0317  0.0317  0.0318  0.0315  0.0316  0.0316  0.0316  0.0316  0.0316  0.0316
  0.0318  0.0318  0.0319  0.0318  0.0320  0.0320  0.0317  0.0319  0.0317  0.0317  0.0317  0.0317
  0.0319  0.0319  0.0321  0.0321  0.0323  0.0334  0.0319  0.0323  0.0319  0.0320  0.0318  0.0318
    1.0118    7.3453    3.8481   -1.3098  -24.3151  -19.1716
    3.4313    0.1563   -0.1408   34.2946    5.5360  -27.4356
eta,q 0.96843 15.16998

---------------------------------------------------------------------
imgreg_4dfp /opt/freesurfer/average/711-2C_as_mni_average_305 /opt/freesurfer/average/711-2B_as_mni_average_305_mask talsrcimg_g11 none talsrcimg_to_711-2C_as_mni_average_305_t4 2311
---------------------------------------------------------------------

freesurfer imgreg_4dfp.c
/opt/freesurfer/average/711-2C_as_mni_average_305.4dfp.img
       256       256       256         1
  1.000000  1.000000  1.000000
orientation T byte_order littleendian
Reading image: /opt/freesurfer/average/711-2C_as_mni_average_305.4dfp.img
dimensions:      256       256       256
mmppix:       1.0000   -1.0000   -1.0000
center:     128.0000 -129.0000 -129.0000
/opt/freesurfer/average/711-2B_as_mni_average_305_mask.4dfp.img
       256       256       256         1
  1.000000  1.000000  1.000000
orientation T byte_order littleendian
Reading mask: /opt/freesurfer/average/711-2B_as_mni_average_305_mask.4dfp.img (2306576 pixels)
talsrcimg_g11.4dfp.img
       256       256       256         1
  1.000000  1.000000  1.000000
orientation T byte_order littleendian
Reading image: talsrcimg_g11.4dfp.img
dimensions:      256       256       256
mmppix:       1.0000   -1.0000   -1.0000
center:     128.0000 -129.0000 -129.0000
fimgreg.f
image alignment mode   2311 decimal      907 hex
parameters
    1.0118    7.3453    3.8481   -1.3098  -24.3151  -19.1716
    3.4313    0.1563   -0.1408   34.2946    5.5360  -27.4356
eta,q 0.96843 15.16998
niter,ni,del,rscale     5    3    5.0000    0.8000
parameters
    1.0588    7.4466    4.0739   -1.6228  -24.5931  -19.8976
    3.5668    0.0544   -0.1359   34.3080    5.5470  -27.3041
eta,q 0.96795 15.15416
  0.0328  0.0328  0.0329  0.0329  0.0331  0.0343  0.0331  0.0340  0.0330  0.0332  0.0326  0.0328
  0.0322  0.0321  0.0321  0.0323  0.0324  0.0336  0.0325  0.0329  0.0325  0.0327  0.0323  0.0323
  0.0317  0.0317  0.0317  0.0318  0.0318  0.0327  0.0322  0.0323  0.0321  0.0323  0.0321  0.0321
  0.0316  0.0316  0.0316  0.0316  0.0316  0.0316  0.0320  0.0320  0.0320  0.0321  0.0320  0.0320
  0.0317  0.0317  0.0316  0.0317  0.0318  0.0316  0.0321  0.0323  0.0322  0.0320  0.0321  0.0322
  0.0321  0.0320  0.0319  0.0323  0.0326  0.0340  0.0325  0.0329  0.0325  0.0324  0.0322  0.0324
  0.0327  0.0325  0.0322  0.0335  0.0336  0.0393  0.0330  0.0342  0.0329  0.0334  0.0326  0.0326
niter,ni,del,rscale     4    3    5.0000    0.7000
parameter  3  0.660916 ->  0.500000 qaram    1.1500
parameters
    1.0131    7.5059    3.2689   -1.6864  -24.7262  -20.4769
    3.6010    0.0133   -0.1609   34.8064    5.6968  -27.6635
eta,q 0.96790 15.14561
  0.0328  0.0328  0.0320  0.0330  0.0331  0.0341  0.0330  0.0338  0.0329  0.0333  0.0326  0.0326
  0.0324  0.0324  0.0319  0.0324  0.0325  0.0335  0.0325  0.0329  0.0325  0.0328  0.0323  0.0322
  0.0321  0.0322  0.0319  0.0321  0.0321  0.0327  0.0323  0.0324  0.0322  0.0324  0.0322  0.0321
  0.0321  0.0320  0.0321  0.0319  0.0319  0.0319  0.0322  0.0322  0.0322  0.0322  0.0321  0.0321
  0.0322  0.0321  0.0323  0.0319  0.0320  0.0318  0.0323  0.0323  0.0323  0.0321  0.0321  0.0323
  0.0324  0.0323  0.0325  0.0324  0.0325  0.0337  0.0325  0.0329  0.0325  0.0323  0.0323  0.0324
  0.0329  0.0327  0.0328  0.0332  0.0334  0.0378  0.0330  0.0339  0.0329  0.0330  0.0326  0.0327
niter,ni,del,rscale     4    3    5.0000    0.7000
parameters
    1.0550    7.6059    2.9564   -1.6845  -24.9484  -20.9537
    3.6124    0.0141   -0.1725   35.2295    5.7629  -27.9012
eta,q 0.96776 15.14167
  0.0330  0.0330  0.0325  0.0331  0.0332  0.0342  0.0331  0.0340  0.0330  0.0334  0.0327  0.0328
  0.0325  0.0325  0.0321  0.0326  0.0327  0.0337  0.0327  0.0331  0.0326  0.0329  0.0325  0.0324
  0.0322  0.0322  0.0320  0.0322  0.0322  0.0329  0.0324  0.0325  0.0324  0.0325  0.0323  0.0322
  0.0321  0.0321  0.0321  0.0320  0.0320  0.0320  0.0323  0.0323  0.0323  0.0323  0.0323  0.0323
  0.0322  0.0322  0.0323  0.0321  0.0322  0.0319  0.0324  0.0325  0.0324  0.0322  0.0323  0.0324
  0.0324  0.0324  0.0326  0.0325  0.0328  0.0335  0.0327  0.0330  0.0326  0.0325  0.0324  0.0326
  0.0329  0.0327  0.0329  0.0333  0.0336  0.0374  0.0331  0.0340  0.0330  0.0331  0.0327  0.0328
niter,ni,del,rscale     3    3    5.0000    0.6000
parameters
    1.0832    7.7131    2.4909   -1.7302  -25.1684  -21.2010
    3.5776    0.0559   -0.1970   35.6418    5.8424  -28.1637
eta,q 0.96777 15.13167
  0.0329  0.0329  0.0324  0.0330  0.0331  0.0341  0.0329  0.0337  0.0328  0.0332  0.0327  0.0327
  0.0325  0.0325  0.0322  0.0326  0.0326  0.0335  0.0325  0.0329  0.0325  0.0328  0.0324  0.0324
  0.0323  0.0323  0.0322  0.0323  0.0323  0.0328  0.0323  0.0325  0.0323  0.0325  0.0323  0.0322
  0.0322  0.0322  0.0322  0.0322  0.0322  0.0322  0.0323  0.0323  0.0323  0.0323  0.0322  0.0322
  0.0323  0.0323  0.0324  0.0322  0.0323  0.0320  0.0324  0.0324  0.0323  0.0322  0.0323  0.0323
  0.0325  0.0324  0.0326  0.0325  0.0327  0.0331  0.0326  0.0328  0.0325  0.0324  0.0324  0.0325
  0.0328  0.0327  0.0329  0.0331  0.0334  0.0359  0.0329  0.0336  0.0328  0.0330  0.0326  0.0327
niter,ni,del,rscale     2    3    5.0000    0.5000
parameters
    1.1329    7.8316    2.2930   -1.7027  -25.3677  -21.1728
    3.5157    0.1201   -0.1902   35.9051    5.8845  -28.2822
eta,q 0.96783 15.12280
  0.0327  0.0327  0.0325  0.0328  0.0329  0.0339  0.0326  0.0333  0.0326  0.0329  0.0325  0.0325
  0.0324  0.0325  0.0323  0.0325  0.0325  0.0333  0.0324  0.0327  0.0324  0.0326  0.0323  0.0323
  0.0323  0.0323  0.0322  0.0323  0.0323  0.0327  0.0322  0.0323  0.0322  0.0323  0.0322  0.0322
  0.0322  0.0322  0.0322  0.0322  0.0322  0.0322  0.0322  0.0322  0.0322  0.0322  0.0322  0.0322
  0.0323  0.0322  0.0323  0.0322  0.0323  0.0320  0.0322  0.0323  0.0322  0.0322  0.0322  0.0322
  0.0324  0.0323  0.0325  0.0324  0.0326  0.0327  0.0324  0.0326  0.0324  0.0324  0.0323  0.0324
  0.0326  0.0325  0.0327  0.0328  0.0331  0.0344  0.0326  0.0332  0.0326  0.0328  0.0325  0.0325
niter,ni,del,rscale     1    3    5.0000    0.4000
parameters
    1.1801    7.9247    2.2783   -1.6668  -25.5075  -20.9353
    3.4436    0.2002   -0.1999   36.0031    5.9267  -28.2849
eta,q 0.96791 15.11387
  0.0325  0.0325  0.0324  0.0326  0.0326  0.0335  0.0324  0.0329  0.0323  0.0326  0.0323  0.0324
  0.0323  0.0323  0.0323  0.0324  0.0324  0.0330  0.0322  0.0325  0.0322  0.0324  0.0322  0.0322
  0.0322  0.0322  0.0322  0.0322  0.0322  0.0326  0.0321  0.0322  0.0321  0.0322  0.0321  0.0321
  0.0322  0.0322  0.0322  0.0322  0.0322  0.0322  0.0321  0.0321  0.0321  0.0321  0.0321  0.0321
  0.0322  0.0322  0.0322  0.0322  0.0322  0.0320  0.0321  0.0321  0.0321  0.0321  0.0321  0.0321
  0.0323  0.0322  0.0323  0.0323  0.0324  0.0324  0.0322  0.0324  0.0322  0.0323  0.0322  0.0322
  0.0324  0.0324  0.0324  0.0326  0.0327  0.0334  0.0324  0.0328  0.0323  0.0326  0.0323  0.0323
registration optimization eta report
parameter search radius
    0.8000    0.8000    0.9200    2.4000    2.4000    2.4000
    2.4000    2.4000    2.4000    2.4000    2.4000    2.4000
100000*second partial in parameter space
       45.       40.       30.        7.        9.       22.
        5.       13.        4.        8.        4.        4.
  0.0325  0.0325  0.0324  0.0326  0.0326  0.0335  0.0324  0.0329  0.0323  0.0326  0.0323  0.0324
  0.0323  0.0323  0.0323  0.0324  0.0324  0.0330  0.0322  0.0325  0.0322  0.0324  0.0322  0.0322
  0.0322  0.0322  0.0322  0.0322  0.0322  0.0326  0.0321  0.0322  0.0321  0.0322  0.0321  0.0321
  0.0322  0.0322  0.0322  0.0322  0.0322  0.0322  0.0321  0.0321  0.0321  0.0321  0.0321  0.0321
  0.0322  0.0322  0.0322  0.0322  0.0322  0.0320  0.0321  0.0321  0.0321  0.0321  0.0321  0.0321
  0.0323  0.0322  0.0323  0.0323  0.0324  0.0324  0.0322  0.0324  0.0322  0.0323  0.0322  0.0322
  0.0324  0.0324  0.0324  0.0326  0.0327  0.0334  0.0324  0.0328  0.0323  0.0326  0.0323  0.0323
    1.1801    7.9247    2.2783   -1.6668  -25.5075  -20.9353
    3.4436    0.2002   -0.1999   36.0031    5.9267  -28.2849
eta,q 0.96791 15.11387

---------------------------------------------------------------------
compute_vox2vox talsrcimg talsrcimg_to_711-2C_as_mni_average_305_t4 /opt/freesurfer/average/711-2C_as_mni_average_305
---------------------------------------------------------------------

freesurfer compute_vox2vox.c
Reading: talsrcimg.4dfp.ifh
Reading: talsrcimg_to_711-2C_as_mni_average_305_t4
Reading: /opt/freesurfer/average/711-2C_as_mni_average_305.4dfp.ifh
Writing: talsrcimg_to_711-2C_as_mni_average_305_t4_vox2vox.txt

start time Mon Mar 9 20:38:14 CET 2026
end		time Mon Mar 9 20:39:40 CET 2026

mpr2mni305 success

avi2talxfm orig_nu.mgz /opt/freesurfer/average/mni305.cor.mgz talsrcimg_to_711-2C_as_mni_average_305_t4_vox2vox.txt transforms/talairach.auto.xfm
avi2talxfm done
mv -f /out/sourcedata/freesurfer/sub-v1s23x0050610_ses-1/mri/talsrcimg_to_711-2C_as_mni_average_305_t4_vox2vox.txt /out/sourcedata/freesurfer/sub-v1s23x0050610_ses-1/mri/transforms/talsrcimg_to_711-2C_as_mni_average_305_t4_vox2vox.txt
lta_convert --src orig_nu.mgz --trg /opt/freesurfer/average/mni305.cor.mgz --inxfm transforms/talairach.auto.xfm --outlta transforms/talairach.auto.xfm.lta --subject fsaverage
7.3.2

--src: orig_nu.mgz src image (geometry).
--trg: /opt/freesurfer/average/mni305.cor.mgz trg image (geometry).
--inmni: transforms/talairach.auto.xfm input MNI/XFM transform.
--outlta: transforms/talairach.auto.xfm.lta output LTA.
--s: fsaverage subject name
 LTA read, type : 1
 1.01590   0.01604  -0.04087  -0.96921;
-0.06409   1.07733   0.41203   35.81573;
 0.03370  -0.52064   1.14317  -52.64816;
 0.00000   0.00000   0.00000   1.00000;
setting subject to fsaverage
Writing  LTA to file transforms/talairach.auto.xfm.lta...
lta_convert successful.
 
 
Started at Mon Mar 9 20:38:13 CET 2026
Ended   at Mon Mar  9 20:39:41 CET 2026
talairach_avi done
