/out/sourcedata/freesurfer/sub-v1s23x0050620_ses-1/mri
/opt/freesurfer/bin/talairach_avi
--i orig_nu.mgz --xfm transforms/talairach.auto.xfm
talairach_avi 7.3.2
Linux dna058 5.14.0-427.37.1.el9_4.x86_64 #1 SMP PREEMPT_DYNAMIC Fri Sep 13 12:41:50 EDT 2024 x86_64 x86_64 x86_64 GNU/Linux
Mon Mar  9 21:02:14 CET 2026
mri_convert orig_nu.mgz talsrcimg.img 
reading from orig_nu.mgz...
TR=0.00, TE=0.00, TI=0.00, flip angle=0.00
i_ras = (-1, 0, 0)
j_ras = (0, 0, -1)
k_ras = (0, 1, 0)
writing to talsrcimg.img...
Analyze Output Matrix
-1.00000   0.00000   0.00000   175.20583;
 0.00000   0.00000   1.00000  -174.22057;
 0.00000  -1.00000   0.00000   157.96709;
 0.00000   0.00000   0.00000   1.00000;
--------------------
INFO: set hdr.hist.orient to -1
mpr2mni305 talsrcimg
Mon Mar  9 21:02:14 CET 2026
/opt/freesurfer/bin/mpr2mni305 talsrcimg
mpr2mni305 7.3.2
target=711-2C_as_mni_average_305

---------------------------------------------------------------------
analyzeto4dfp talsrcimg -O0 -y
---------------------------------------------------------------------

freesurfer ifh2hdr.c
Mon Mar  9 21:02:15 2026
Writing: talsrcimg.4dfp.hdr
freesurfer analyzeto4dfp.c
Reading: talsrcimg.hdr
header size 348 bytes
hdr.dime.datatype	offset=70	value=2
hdr.dime.bitpix		offset=72	value=8
hdr.hist.orient		offset=252	value=-1
dimensionality     4
dimensions       256       256       256         1
Reading: talsrcimg.img
Writing: talsrcimg.4dfp.img
Writing: talsrcimg.4dfp.ifh
ifh2hdr talsrcimg -r0to227
ori=2

---------------------------------------------------------------------
gauss_4dfp talsrcimg 1.1
---------------------------------------------------------------------

freesurfer gauss_4dfp.c
Reading: talsrcimg.4dfp.img
Writing: talsrcimg_g11.4dfp.img
image dimensions 256 256 256 padded to 288 288 288
processing volume 1freesurfer ifh2hdr.c
Mon Mar  9 21:02:16 2026
Writing: talsrcimg_g11.4dfp.hdr

Writing: talsrcimg_g11.4dfp.ifh
including: talsrcimg.4dfp.img.rec in talsrcimg_g11.4dfp.img.rec

---------------------------------------------------------------------
imgreg_4dfp /opt/freesurfer/average/711-2C_as_mni_average_305 none talsrcimg_g11 none talsrcimg_to_711-2C_as_mni_average_305_t4 4355
---------------------------------------------------------------------

freesurfer imgreg_4dfp.c
/opt/freesurfer/average/711-2C_as_mni_average_305.4dfp.img
       256       256       256         1
  1.000000  1.000000  1.000000
orientation T byte_order littleendian
Reading image: /opt/freesurfer/average/711-2C_as_mni_average_305.4dfp.img
dimensions:      256       256       256
mmppix:       1.0000   -1.0000   -1.0000
center:     128.0000 -129.0000 -129.0000
talsrcimg_g11.4dfp.img
       256       256       256         1
  1.000000  1.000000  1.000000
orientation T byte_order littleendian
Reading image: talsrcimg_g11.4dfp.img
dimensions:      256       256       256
mmppix:       1.0000   -1.0000   -1.0000
center:     128.0000 -129.0000 -129.0000
t4_read: open error in t4_sub.f l:  41 t4_file(1:l)talsrcimg_to_711-2C_as_mni_average_305_t4 
t4_read: transform initialized to I4
rotation matrix determinant  1.000000
image alignment mode   4355 decimal     1103 hex
   -7.5000  -45.0000  -45.0000 5558.7393   24.0293
    0.0000  -45.0000  -45.0000 5782.0405   24.0014
    7.5000  -45.0000  -45.0000 5524.0918   24.0201
   -7.5000  -37.5000  -45.0000 6039.1787   23.3497
    0.0000  -37.5000  -45.0000 6285.8501   23.3321
    7.5000  -37.5000  -45.0000 6034.9316   23.3439
   -7.5000  -30.0000  -45.0000 6854.5903   23.0565
    0.0000  -30.0000  -45.0000 7131.3350   23.0522
    7.5000  -30.0000  -45.0000 6854.6914   23.0687
   -7.5000  -22.5000  -45.0000 7736.6943   23.0254
    0.0000  -22.5000  -45.0000 8048.7163   23.0237
    7.5000  -22.5000  -45.0000 7689.4219   23.0492
   -7.5000  -15.0000  -45.0000 8616.3584   23.0600
    0.0000  -15.0000  -45.0000 8961.0410   23.0503
    7.5000  -15.0000  -45.0000 8534.2676   23.0794
   -7.5000   -7.5000  -45.0000 9507.7461   23.1224
    0.0000   -7.5000  -45.0000 9874.7051   23.1023
    7.5000   -7.5000  -45.0000 9381.5654   23.1273
   -7.5000    0.0000  -45.000010231.2881   23.1510
    0.0000    0.0000  -45.000010606.4043   23.1263
    7.5000    0.0000  -45.000010076.9121   23.1424
   -7.5000    7.5000  -45.000010095.1992   23.1134
    0.0000    7.5000  -45.000010470.3252   23.0967
    7.5000    7.5000  -45.0000 9966.2012   23.1080
   -7.5000   15.0000  -45.0000 9927.1094   23.0500
    0.0000   15.0000  -45.000010285.7334   23.0458
    7.5000   15.0000  -45.0000 9792.4902   23.0624
   -7.5000   22.5000  -45.0000 9713.9834   23.0220
    0.0000   22.5000  -45.000010091.9209   23.0204
    7.5000   22.5000  -45.0000 9574.3213   23.0458
   -7.5000   30.0000  -45.0000 9437.1641   22.7527
    0.0000   30.0000  -45.0000 9821.1543   22.7431
    7.5000   30.0000  -45.0000 9326.5225   22.7718
   -7.5000   37.5000  -45.0000 9516.6758   22.8143
    0.0000   37.5000  -45.0000 9888.9053   22.7944
    7.5000   37.5000  -45.0000 9402.4102   22.8191
   -7.5000   45.0000  -45.0000 9074.8184   22.2624
    0.0000   45.0000  -45.0000 9422.4600   22.2387
    7.5000   45.0000  -45.0000 8950.5098   22.2542
   -7.5000  -45.0000  -37.5000 5933.5688   23.9804
    0.0000  -45.0000  -37.5000 6162.6904   23.9587
    7.5000  -45.0000  -37.5000 5913.8662   23.9770
   -7.5000  -37.5000  -37.5000 6468.9731   23.3219
    0.0000  -37.5000  -37.5000 6712.1177   23.3075
    7.5000  -37.5000  -37.5000 6450.3862   23.3186
   -7.5000  -30.0000  -37.5000 7373.1631   23.0385
    0.0000  -30.0000  -37.5000 7635.5547   23.0325
    7.5000  -30.0000  -37.5000 7314.8940   23.0501
   -7.5000  -22.5000  -37.5000 8344.4844   22.9942
    0.0000  -22.5000  -37.5000 8635.6279   22.9888
    7.5000  -22.5000  -37.5000 8219.9727   23.0189
   -7.5000  -15.0000  -37.5000 9265.9082   23.0088
    0.0000  -15.0000  -37.5000 9600.2783   22.9977
    7.5000  -15.0000  -37.5000 9129.0127   23.0332
   -7.5000   -7.5000  -37.500010189.9980   23.0640
    0.0000   -7.5000  -37.500010547.3799   23.0469
    7.5000   -7.5000  -37.500010028.2822   23.0750
   -7.5000    0.0000  -37.500010953.9121   23.1033
    0.0000    0.0000  -37.500011311.1475   23.0840
    7.5000    0.0000  -37.500010771.1777   23.0993
   -7.5000    7.5000  -37.500010827.0781   23.0860
    0.0000    7.5000  -37.500011190.2871   23.0722
    7.5000    7.5000  -37.500010642.1777   23.0826
   -7.5000   15.0000  -37.500010618.1182   23.0319
    0.0000   15.0000  -37.500010981.8154   23.0260
    7.5000   15.0000  -37.500010436.9688   23.0438
   -7.5000   22.5000  -37.500010329.1338   22.9909
    0.0000   22.5000  -37.500010729.3135   22.9855
    7.5000   22.5000  -37.500010152.6416   23.0155
   -7.5000   30.0000  -37.500010032.6445   22.7022
    0.0000   30.0000  -37.500010414.1865   22.6913
    7.5000   30.0000  -37.5000 9861.9629   22.7262
   -7.5000   37.5000  -37.500010120.4219   22.7566
    0.0000   37.5000  -37.500010510.1660   22.7398
    7.5000   37.5000  -37.5000 9950.5713   22.7675
   -7.5000   45.0000  -37.5000 9667.1172   22.2166
    0.0000   45.0000  -37.500010005.2695   22.1980
    7.5000   45.0000  -37.5000 9465.0781   22.2128
   -7.5000  -45.0000  -30.0000 6397.5679   24.8915
    0.0000  -45.0000  -30.0000 6642.5566   24.8826
    7.5000  -45.0000  -30.0000 6368.1953   24.9076
   -7.5000  -37.5000  -30.0000 7010.6338   24.2355
    0.0000  -37.5000  -30.0000 7276.1196   24.2294
    7.5000  -37.5000  -30.0000 6965.3457   24.2471
   -7.5000  -30.0000  -30.0000 7981.9282   23.9775
    0.0000  -30.0000  -30.0000 8295.6660   23.9738
    7.5000  -30.0000  -30.0000 7924.8931   23.9965
   -7.5000  -22.5000  -30.0000 9020.4658   23.9392
    0.0000  -22.5000  -30.0000 9361.4707   23.9346
    7.5000  -22.5000  -30.0000 8906.1289   23.9674
   -7.5000  -15.0000  -30.000010018.7207   23.9300
    0.0000  -15.0000  -30.000010375.7988   23.9237
    7.5000  -15.0000  -30.0000 9846.5342   23.9613
   -7.5000   -7.5000  -30.000011000.5752   23.9527
    0.0000   -7.5000  -30.000011357.1621   23.9461
    7.5000   -7.5000  -30.000010782.7500   23.9785
   -7.5000    0.0000  -30.000011822.7979   23.9814
    0.0000    0.0000  -30.000012193.1387   23.9745
    7.5000    0.0000  -30.000011582.8105   23.9962
   -7.5000    7.5000  -30.000011700.6279   23.9906
    0.0000    7.5000  -30.000012087.8164   23.9850
    7.5000    7.5000  -30.000011456.3789   24.0018
   -7.5000   15.0000  -30.000011505.2461   23.9708
    0.0000   15.0000  -30.000011877.7246   23.9672
    7.5000   15.0000  -30.000011232.5869   23.9899
   -7.5000   22.5000  -30.000011176.5859   23.9332
    0.0000   22.5000  -30.000011552.3984   23.9286
    7.5000   22.5000  -30.000010916.8613   23.9614
   -7.5000   30.0000  -30.000010834.4053   23.6133
    0.0000   30.0000  -30.000011210.4033   23.6072
    7.5000   30.0000  -30.000010579.1523   23.6442
   -7.5000   37.5000  -30.000010908.3555   23.6358
    0.0000   37.5000  -30.000011294.1289   23.6293
    7.5000   37.5000  -30.000010635.4717   23.6612
   -7.5000   45.0000  -30.000010384.3770   23.0779
    0.0000   45.0000  -30.000010709.6592   23.0712
    7.5000   45.0000  -30.000010083.1543   23.0921
   -7.5000  -45.0000  -22.5000 6868.4048   25.6639
    0.0000  -45.0000  -22.5000 7113.7104   25.6624
    7.5000  -45.0000  -22.5000 6797.8457   25.6940
   -7.5000  -37.5000  -22.5000 7521.5864   24.9928
    0.0000  -37.5000  -22.5000 7793.5952   24.9916
    7.5000  -37.5000  -22.5000 7436.1763   25.0168
   -7.5000  -30.0000  -22.5000 8580.0234   24.7542
    0.0000  -30.0000  -22.5000 8896.2314   24.7541
    7.5000  -30.0000  -22.5000 8465.8594   24.7805
   -7.5000  -22.5000  -22.5000 9705.3496   24.7390
    0.0000  -22.5000  -22.500010026.6709   24.7393
    7.5000  -22.5000  -22.5000 9511.6758   24.7696
   -7.5000  -15.0000  -22.500010763.6426   24.7288
    0.0000  -15.0000  -22.500011123.3154   24.7301
    7.5000  -15.0000  -22.500010536.3320   24.7623
   -7.5000   -7.5000  -22.500011800.7871   24.7244
    0.0000   -7.5000  -22.500012173.7285   24.7271
    7.5000   -7.5000  -22.500011545.9736   24.7596
   -7.5000    0.0000  -22.500012648.5166   24.7280
    0.0000    0.0000  -22.500013039.3447   24.7290
    7.5000    0.0000  -22.500012392.6396   24.7574
   -7.5000    7.5000  -22.500012552.2949   24.7408
    0.0000    7.5000  -22.500012960.9814   24.7403
    7.5000    7.5000  -22.500012256.5225   24.7646
   -7.5000   15.0000  -22.500012375.3516   24.7474
    0.0000   15.0000  -22.500012766.0938   24.7473
    7.5000   15.0000  -22.500012006.7578   24.7739
   -7.5000   22.5000  -22.500012057.4668   24.7312
    0.0000   22.5000  -22.500012411.2041   24.7315
    7.5000   22.5000  -22.500011682.3936   24.7617
   -7.5000   30.0000  -22.500011647.6367   24.4053
    0.0000   30.0000  -22.500011998.2227   24.4067
    7.5000   30.0000  -22.500011289.4492   24.4384
   -7.5000   37.5000  -22.500011660.5527   24.4010
    0.0000   37.5000  -22.500012027.6094   24.4037
    7.5000   37.5000  -22.500011304.9424   24.4357
   -7.5000   45.0000  -22.500011077.3955   23.8142
    0.0000   45.0000  -22.500011404.6084   23.8153
    7.5000   45.0000  -22.500010695.9395   23.8426
   -7.5000  -45.0000  -15.0000 7300.3184   26.2857
    0.0000  -45.0000  -15.0000 7573.0503   26.2772
    7.5000  -45.0000  -15.0000 7216.2236   26.3097
   -7.5000  -37.5000  -15.0000 8023.0132   25.5791
    0.0000  -37.5000  -15.0000 8310.9883   25.5738
    7.5000  -37.5000  -15.0000 7894.0835   25.6009
   -7.5000  -30.0000  -15.0000 9178.2949   25.3288
    0.0000  -30.0000  -15.0000 9490.1777   25.3300
    7.5000  -30.0000  -15.0000 8984.5752   25.3567
   -7.5000  -22.5000  -15.000010388.0791   25.3301
    0.0000  -22.5000  -15.000010722.2949   25.3345
    7.5000  -22.5000  -15.000010127.6221   25.3609
   -7.5000  -15.0000  -15.000011503.4365   25.3403
    0.0000  -15.0000  -15.000011873.4268   25.3439
    7.5000  -15.0000  -15.000011241.1406   25.3699
   -7.5000   -7.5000  -15.000012592.7275   25.3399
    0.0000   -7.5000  -15.000012968.1162   25.3400
    7.5000   -7.5000  -15.000012294.0400   25.3694
   -7.5000    0.0000  -15.000013489.7275   25.3291
    0.0000    0.0000  -15.000013907.8076   25.3244
    7.5000    0.0000  -15.000013207.2031   25.3540
   -7.5000    7.5000  -15.000013398.0508   25.3216
    0.0000    7.5000  -15.000013815.8262   25.3174
    7.5000    7.5000  -15.000013051.0713   25.3437
   -7.5000   15.0000  -15.000013188.8105   25.3219
    0.0000   15.0000  -15.000013566.5332   25.3232
    7.5000   15.0000  -15.000012775.9209   25.3499
   -7.5000   22.5000  -15.000012899.9893   25.3209
    0.0000   22.5000  -15.000013216.0537   25.3253
    7.5000   22.5000  -15.000012404.8867   25.3518
   -7.5000   30.0000  -15.000012468.8643   25.0124
    0.0000   30.0000  -15.000012783.9756   25.0159
    7.5000   30.0000  -15.000011987.2197   25.0416
   -7.5000   37.5000  -15.000012488.6309   25.0120
    0.0000   37.5000  -15.000012817.6797   25.0120
    7.5000   37.5000  -15.000012000.9248   25.0411
   -7.5000   45.0000  -15.000011819.6523   24.4079
    0.0000   45.0000  -15.000012127.0166   24.4034
    7.5000   45.0000  -15.000011344.7090   24.4319
   -7.5000  -45.0000   -7.5000 7812.5635   26.6972
    0.0000  -45.0000   -7.5000 8109.8481   26.6736
    7.5000  -45.0000   -7.5000 7709.7666   26.7009
   -7.5000  -37.5000   -7.5000 8635.4570   25.9528
    0.0000  -37.5000   -7.5000 8928.4932   25.9385
    7.5000  -37.5000   -7.5000 8443.1699   25.9597
   -7.5000  -30.0000   -7.5000 9876.7529   25.6605
    0.0000  -30.0000   -7.500010181.5215   25.6597
    7.5000  -30.0000   -7.5000 9607.1191   25.6822
   -7.5000  -22.5000   -7.500011159.8682   25.6512
    0.0000  -22.5000   -7.500011505.1230   25.6545
    7.5000  -22.5000   -7.500010837.2080   25.6800
   -7.5000  -15.0000   -7.500012319.5029   25.6848
    0.0000  -15.0000   -7.500012727.5146   25.6817
    7.5000  -15.0000   -7.500012031.8105   25.7079
   -7.5000   -7.5000   -7.500013493.4229   25.7211
    0.0000   -7.5000   -7.500013915.3740   25.7079
    7.5000   -7.5000   -7.500013172.0781   25.7351
   -7.5000    0.0000   -7.500014510.8428   25.7251
    0.0000    0.0000   -7.500014952.9502   25.7059
    7.5000    0.0000   -7.500014150.0693   25.7304
   -7.5000    7.5000   -7.500014394.3994   25.6912
    0.0000    7.5000   -7.500014821.9551   25.6782
    7.5000    7.5000   -7.500013934.5742   25.6988
   -7.5000   15.0000   -7.500014115.5244   25.6534
    0.0000   15.0000   -7.500014482.7158   25.6526
    7.5000   15.0000   -7.500013596.4453   25.6752
   -7.5000   22.5000   -7.500013797.8037   25.6391
    0.0000   22.5000   -7.500014093.1865   25.6424
    7.5000   22.5000   -7.500013170.9658   25.6679
   -7.5000   30.0000   -7.500013324.7861   25.3517
    0.0000   30.0000   -7.500013595.4756   25.3487
    7.5000   30.0000   -7.500012731.7188   25.3745
   -7.5000   37.5000   -7.500013349.7686   25.3876
    0.0000   37.5000   -7.500013625.3633   25.3745
    7.5000   37.5000   -7.500012763.5098   25.4014
   -7.5000   45.0000   -7.500012615.5566   24.7941
    0.0000   45.0000   -7.500012870.0625   24.7756
    7.5000   45.0000   -7.500012029.7803   24.7992
   -7.5000  -45.0000    0.0000 8290.1475   26.8498
    0.0000  -45.0000    0.0000 8588.6299   26.8185
    7.5000  -45.0000    0.0000 8134.4468   26.8394
   -7.5000  -37.5000    0.0000 9142.5918   26.0914
    0.0000  -37.5000    0.0000 9434.8457   26.0716
    7.5000  -37.5000    0.0000 8909.6455   26.0848
   -7.5000  -30.0000    0.000010407.4121   25.7643
    0.0000  -30.0000    0.000010761.8564   25.7595
    7.5000  -30.0000    0.000010147.5439   25.7779
   -7.5000  -22.5000    0.000011749.6611   25.7298
    0.0000  -22.5000    0.000012133.3301   25.7279
    7.5000  -22.5000    0.000011438.7891   25.7562
   -7.5000  -15.0000    0.000013031.4150   25.7686
    0.0000  -15.0000    0.000013467.2178   25.7576
    7.5000  -15.0000    0.000012713.2969   25.7900
   -7.5000   -7.5000    0.000014376.3477   25.8381
    0.0000   -7.5000    0.000014846.9668   25.8155
    7.5000   -7.5000    0.000014027.5908   25.8434
   -7.5000    0.0000    0.000015634.9336   25.8697
    0.0000    0.0000    0.000016124.8242   25.8421
    7.5000    0.0000    0.000015105.0449   25.8601
   -7.5000    7.5000    0.000015440.9756   25.8278
    0.0000    7.5000    0.000015853.6172   25.8090
    7.5000    7.5000    0.000014848.2832   25.8216
   -7.5000   15.0000    0.000014992.9453   25.7571
    0.0000   15.0000    0.000015309.3721   25.7524
    7.5000   15.0000    0.000014405.2598   25.7708
   -7.5000   22.5000    0.000014567.1387   25.7177
    0.0000   22.5000    0.000014855.3057   25.7158
    7.5000   22.5000    0.000013936.9121   25.7441
   -7.5000   30.0000    0.000014041.3955   25.4351
    0.0000   30.0000    0.000014347.7100   25.4242
    7.5000   30.0000    0.000013479.2100   25.4562
   -7.5000   37.5000    0.000014051.6133   25.5037
    0.0000   37.5000    0.000014377.7773   25.4814
    7.5000   37.5000    0.000013519.5762   25.5089
   -7.5000   45.0000    0.000013245.6104   24.9354
    0.0000   45.0000    0.000013543.8770   24.9088
    7.5000   45.0000    0.000012681.0156   24.9261
   -7.5000  -45.0000    7.5000 8082.4341   26.8334
    0.0000  -45.0000    7.5000 8352.5186   26.8091
    7.5000  -45.0000    7.5000 7886.1304   26.8295
   -7.5000  -37.5000    7.5000 8918.1123   26.0966
    0.0000  -37.5000    7.5000 9199.2568   26.0805
    7.5000  -37.5000    7.5000 8679.2402   26.0929
   -7.5000  -30.0000    7.500010141.1572   25.7795
    0.0000  -30.0000    7.500010493.6475   25.7728
    7.5000  -30.0000    7.5000 9919.8174   25.7925
   -7.5000  -22.5000    7.500011391.5098   25.7301
    0.0000  -22.5000    7.500011786.8604   25.7240
    7.5000  -22.5000    7.500011153.7949   25.7576
   -7.5000  -15.0000    7.500012589.9248   25.7464
    0.0000  -15.0000    7.500013061.0547   25.7339
    7.5000  -15.0000    7.500012358.9062   25.7735
   -7.5000   -7.5000    7.500014010.1387   25.8080
    0.0000   -7.5000    7.500014543.1875   25.7889
    7.5000   -7.5000    7.500013654.5986   25.8203
   -7.5000    0.0000    7.500015396.3154   25.8520
    0.0000    0.0000    7.500016002.8203   25.8303
    7.5000    0.0000    7.500014851.1094   25.8474
   -7.5000    7.5000    7.500014966.7393   25.8327
    0.0000    7.5000    7.500015534.5732   25.8172
    7.5000    7.5000    7.500014668.3174   25.8288
   -7.5000   15.0000    7.500014227.4746   25.7722
    0.0000   15.0000    7.500014723.9033   25.7656
    7.5000   15.0000    7.500014129.3652   25.7854
   -7.5000   22.5000    7.500013829.1611   25.7180
    0.0000   22.5000    7.500014278.9082   25.7119
    7.5000   22.5000    7.500013666.7715   25.7455
   -7.5000   30.0000    7.500013442.4619   25.4132
    0.0000   30.0000    7.500013913.6611   25.4009
    7.5000   30.0000    7.500013262.7969   25.4400
   -7.5000   37.5000    7.500013558.4795   25.4740
    0.0000   37.5000    7.500014023.1592   25.4551
    7.5000   37.5000    7.500013316.6475   25.4861
   -7.5000   45.0000    7.500012853.3418   24.9184
    0.0000   45.0000    7.500013252.0938   24.8974
    7.5000   45.0000    7.500012484.7754   24.9139
   -7.5000  -45.0000   15.0000 7704.9082   26.7294
    0.0000  -45.0000   15.0000 7957.1094   26.7198
    7.5000  -45.0000   15.0000 7509.9224   26.7466
   -7.5000  -37.5000   15.0000 8522.9629   26.0250
    0.0000  -37.5000   15.0000 8793.8623   26.0184
    7.5000  -37.5000   15.0000 8279.1152   26.0374
   -7.5000  -30.0000   15.0000 9727.6465   25.7479
    0.0000  -30.0000   15.000010054.3701   25.7439
    7.5000  -30.0000   15.0000 9488.0654   25.7683
   -7.5000  -22.5000   15.000010931.3340   25.7067
    0.0000  -22.5000   15.000011335.0518   25.7018
    7.5000  -22.5000   15.000010700.2607   25.7370
   -7.5000  -15.0000   15.000012071.9258   25.6969
    0.0000  -15.0000   15.000012540.6289   25.6901
    7.5000  -15.0000   15.000011864.9277   25.7305
   -7.5000   -7.5000   15.000013328.6143   25.7213
    0.0000   -7.5000   15.000013912.6318   25.7142
    7.5000   -7.5000   15.000013081.0830   25.7489
   -7.5000    0.0000   15.000014507.4717   25.7521
    0.0000    0.0000   15.000015254.4922   25.7446
    7.5000    0.0000   15.000014314.7871   25.7680
   -7.5000    7.5000   15.000014147.1172   25.7620
    0.0000    7.5000   15.000014867.3428   25.7559
    7.5000    7.5000   15.000014295.3145   25.7740
   -7.5000   15.0000   15.000013555.0752   25.7407
    0.0000   15.0000   15.000014199.6650   25.7368
    7.5000   15.0000   15.000013908.8125   25.7612
   -7.5000   22.5000   15.000013270.1621   25.6947
    0.0000   22.5000   15.000013826.0605   25.6898
    7.5000   22.5000   15.000013469.5557   25.7249
   -7.5000   30.0000   15.000013017.7363   25.3643
    0.0000   30.0000   15.000013524.4453   25.3577
    7.5000   30.0000   15.000013023.5215   25.3975
   -7.5000   37.5000   15.000013216.3291   25.3884
    0.0000   37.5000   15.000013655.7969   25.3814
    7.5000   37.5000   15.000013001.5449   25.4157
   -7.5000   45.0000   15.000012477.2197   24.8221
    0.0000   45.0000   15.000012849.7881   24.8149
    7.5000   45.0000   15.000012099.7461   24.8373
   -7.5000  -45.0000   22.5000 7264.9248   26.6435
    0.0000  -45.0000   22.5000 7499.6436   26.6420
    7.5000  -45.0000   22.5000 7068.0981   26.6747
   -7.5000  -37.5000   22.5000 8067.3389   25.9468
    0.0000  -37.5000   22.5000 8321.3018   25.9455
    7.5000  -37.5000   22.5000 7849.1367   25.9716
   -7.5000  -30.0000   22.5000 9207.7109   25.6990
    0.0000  -30.0000   22.5000 9538.6709   25.6988
    7.5000  -30.0000   22.5000 9029.3242   25.7262
   -7.5000  -22.5000   22.500010328.9238   25.6832
    0.0000  -22.5000   22.500010734.7227   25.6835
    7.5000  -22.5000   22.500010177.3105   25.7149
   -7.5000  -15.0000   22.500011377.0635   25.6725
    0.0000  -15.0000   22.500011862.4961   25.6740
    7.5000  -15.0000   22.500011258.9248   25.7074
   -7.5000   -7.5000   22.500012507.4951   25.6680
    0.0000   -7.5000   22.500013127.2539   25.6708
    7.5000   -7.5000   22.500012394.4941   25.7045
   -7.5000    0.0000   22.500013538.4424   25.6718
    0.0000    0.0000   22.500014289.0781   25.6728
    7.5000    0.0000   22.500013488.8174   25.7023
   -7.5000    7.5000   22.500013442.4883   25.6851
    0.0000    7.5000   22.500014169.2324   25.6846
    7.5000    7.5000   22.500013442.1924   25.7098
   -7.5000   15.0000   22.500013275.0322   25.6919
    0.0000   15.0000   22.500013918.1094   25.6919
    7.5000   15.0000   22.500013183.2354   25.7193
   -7.5000   22.5000   22.500013112.4619   25.6711
    0.0000   22.5000   22.500013661.7930   25.6714
    7.5000   22.5000   22.500012854.3467   25.7028
   -7.5000   30.0000   22.500012751.0918   25.3403
    0.0000   30.0000   22.500013201.3623   25.3417
    7.5000   30.0000   22.500012428.7822   25.3747
   -7.5000   37.5000   22.500012720.5469   25.3358
    0.0000   37.5000   22.500013103.9727   25.3386
    7.5000   37.5000   22.500012368.3691   25.3719
   -7.5000   45.0000   22.500011839.9434   24.7446
    0.0000   45.0000   22.500012161.8428   24.7457
    7.5000   45.0000   22.500011467.0830   24.7740
   -7.5000  -45.0000   30.0000 6784.4165   26.6593
    0.0000  -45.0000   30.0000 7024.2705   26.6509
    7.5000  -45.0000   30.0000 6592.9414   26.6841
   -7.5000  -37.5000   30.0000 7478.6538   25.9424
    0.0000  -37.5000   30.0000 7774.4155   25.9373
    7.5000  -37.5000   30.0000 7308.2710   25.9649
   -7.5000  -30.0000   30.0000 8540.7754   25.6884
    0.0000  -30.0000   30.0000 8897.2529   25.6896
    7.5000  -30.0000   30.0000 8381.8389   25.7168
   -7.5000  -22.5000   30.0000 9653.1309   25.6895
    0.0000  -22.5000   30.000010025.8145   25.6940
    7.5000  -22.5000   30.0000 9450.0859   25.7210
   -7.5000  -15.0000   30.000010716.7285   25.6999
    0.0000  -15.0000   30.000011124.3174   25.7036
    7.5000  -15.0000   30.000010465.8672   25.7302
   -7.5000   -7.5000   30.000011824.4971   25.6997
    0.0000   -7.5000   30.000012301.9902   25.6999
    7.5000   -7.5000   30.000011524.1572   25.7299
   -7.5000    0.0000   30.000012795.8125   25.6888
    0.0000    0.0000   30.000013303.8223   25.6843
    7.5000    0.0000   30.000012493.0801   25.7145
   -7.5000    7.5000   30.000012705.9805   25.6812
    0.0000    7.5000   30.000013185.8125   25.6771
    7.5000    7.5000   30.000012397.6416   25.7040
   -7.5000   15.0000   30.000012500.9736   25.6813
    0.0000   15.0000   30.000012975.6953   25.6827
    7.5000   15.0000   30.000012190.0137   25.7099
   -7.5000   22.5000   30.000012220.0098   25.6774
    0.0000   22.5000   30.000012679.7314   25.6820
    7.5000   22.5000   30.000011888.9717   25.7089
   -7.5000   30.0000   30.000011821.7324   25.3673
    0.0000   30.0000   30.000012257.1465   25.3709
    7.5000   30.0000   30.000011509.2441   25.3972
   -7.5000   37.5000   30.000011749.8691   25.3671
    0.0000   37.5000   30.000012188.7773   25.3673
    7.5000   37.5000   30.000011477.6641   25.3969
   -7.5000   45.0000   30.000010945.8398   24.7611
    0.0000   45.0000   30.000011322.5645   24.7567
    7.5000   45.0000   30.000010659.3379   24.7858
   -7.5000  -45.0000   37.5000 6478.0776   26.8732
    0.0000  -45.0000   37.5000 6694.3076   26.8500
    7.5000  -45.0000   37.5000 6272.8516   26.8784
   -7.5000  -37.5000   37.5000 7155.3018   26.1212
    0.0000  -37.5000   37.5000 7390.4336   26.1075
    7.5000  -37.5000   37.5000 6945.0166   26.1298
   -7.5000  -30.0000   37.5000 8209.1963   25.8259
    0.0000  -30.0000   37.5000 8469.0869   25.8255
    7.5000  -30.0000   37.5000 7976.1616   25.8491
   -7.5000  -22.5000   37.5000 9324.2256   25.8169
    0.0000  -22.5000   37.5000 9589.7637   25.8206
    7.5000  -22.5000   37.5000 9018.1260   25.8469
   -7.5000  -15.0000   37.500010343.5908   25.8513
    0.0000  -15.0000   37.500010663.0352   25.8484
    7.5000  -15.0000   37.500010015.6689   25.8753
   -7.5000   -7.5000   37.500011361.2363   25.8878
    0.0000   -7.5000   37.500011721.3057   25.8748
    7.5000   -7.5000   37.500011011.8154   25.9029
   -7.5000    0.0000   37.500012180.0322   25.8913
    0.0000    0.0000   37.500012573.7441   25.8725
    7.5000    0.0000   37.500011864.8301   25.8980
   -7.5000    7.5000   37.500012021.4111   25.8568
    0.0000    7.5000   37.500012440.6963   25.8443
    7.5000    7.5000   37.500011751.2451   25.8660
   -7.5000   15.0000   37.500011799.3271   25.8187
    0.0000   15.0000   37.500012245.3184   25.8185
    7.5000   15.0000   37.500011557.4336   25.8421
   -7.5000   22.5000   37.500011511.4902   25.8048
    0.0000   22.5000   37.500011964.1689   25.8085
    7.5000   22.5000   37.500011282.4551   25.8348
   -7.5000   30.0000   37.500011155.0566   25.5167
    0.0000   30.0000   37.500011589.5234   25.5138
    7.5000   30.0000   37.500010961.1572   25.5404
   -7.5000   37.5000   37.500011143.3232   25.5527
    0.0000   37.5000   37.500011584.9561   25.5400
    7.5000   37.5000   37.500010946.6611   25.5677
   -7.5000   45.0000   37.500010454.5039   24.9563
    0.0000   45.0000   37.500010817.2559   24.9381
    7.5000   45.0000   37.500010218.9414   24.9627
   -7.5000  -45.0000   45.0000 5918.8521   27.3042
    0.0000  -45.0000   45.0000 6113.4556   27.2723
    7.5000  -45.0000   45.0000 5769.1094   27.2950
   -7.5000  -37.5000   45.0000 6546.6055   26.5141
    0.0000  -37.5000   45.0000 6753.1816   26.4941
    7.5000  -37.5000   45.0000 6386.0942   26.5088
   -7.5000  -30.0000   45.0000 7503.8101   26.1727
    0.0000  -30.0000   45.0000 7714.8687   26.1678
    7.5000  -30.0000   45.0000 7318.2515   26.1879
   -7.5000  -22.5000   45.0000 8512.0654   26.1381
    0.0000  -22.5000   45.0000 8744.4580   26.1360
    7.5000  -22.5000   45.0000 8271.6465   26.1662
   -7.5000  -15.0000   45.0000 9420.1826   26.1812
    0.0000  -15.0000   45.0000 9719.0957   26.1695
    7.5000  -15.0000   45.0000 9182.4707   26.2040
   -7.5000   -7.5000   45.000010297.6035   26.2548
    0.0000   -7.5000   45.000010616.2354   26.2315
    7.5000   -7.5000   45.000010063.2451   26.2613
   -7.5000    0.0000   45.000011033.8086   26.2866
    0.0000    0.0000   45.000011389.3164   26.2584
    7.5000    0.0000   45.000010823.9932   26.2780
   -7.5000    7.5000   45.000010889.3076   26.2403
    0.0000    7.5000   45.000011294.3984   26.2213
    7.5000    7.5000   45.000010730.3115   26.2354
   -7.5000   15.0000   45.000010685.8252   26.1652
    0.0000   15.0000   45.000011117.1396   26.1604
    7.5000   15.0000   45.000010564.5938   26.1806
   -7.5000   22.5000   45.000010421.5059   26.1258
    0.0000   22.5000   45.000010850.5635   26.1237
    7.5000   22.5000   45.000010318.0859   26.1539
   -7.5000   30.0000   45.000010132.6025   25.8401
    0.0000   30.0000   45.000010532.4580   25.8286
    7.5000   30.0000   45.000010038.0664   25.8626
   -7.5000   37.5000   45.000010173.7080   25.9128
    0.0000   37.5000   45.000010568.5430   25.8898
    7.5000   37.5000   45.000010046.6074   25.9192
   -7.5000   45.0000   45.0000 9542.3428   25.3487
    0.0000   45.0000   45.0000 9881.6807   25.3216
    7.5000   45.0000   45.0000 9386.7275   25.3405

---------------------------------------------------------------------
imgreg_4dfp /opt/freesurfer/average/711-2C_as_mni_average_305 /opt/freesurfer/average/711-2B_as_mni_average_305_mask talsrcimg_g11 none talsrcimg_to_711-2C_as_mni_average_305_t4 4355
---------------------------------------------------------------------

freesurfer imgreg_4dfp.c
/opt/freesurfer/average/711-2C_as_mni_average_305.4dfp.img
       256       256       256         1
  1.000000  1.000000  1.000000
orientation T byte_order littleendian
Reading image: /opt/freesurfer/average/711-2C_as_mni_average_305.4dfp.img
dimensions:      256       256       256
mmppix:       1.0000   -1.0000   -1.0000
center:     128.0000 -129.0000 -129.0000
/opt/freesurfer/average/711-2B_as_mni_average_305_mask.4dfp.img
       256       256       256         1
  1.000000  1.000000  1.000000
orientation T byte_order littleendian
Reading mask: /opt/freesurfer/average/711-2B_as_mni_average_305_mask.4dfp.img (2306576 pixels)
talsrcimg_g11.4dfp.img
       256       256       256         1
  1.000000  1.000000  1.000000
orientation T byte_order littleendian
Reading image: talsrcimg_g11.4dfp.img
dimensions:      256       256       256
mmppix:       1.0000   -1.0000   -1.0000
center:     128.0000 -129.0000 -129.0000
rotation matrix determinant  1.000000
image alignment mode   4355 decimal     1103 hex
   -7.5000  -45.0000  -45.0000 1543.7987   38.6987
    0.0000  -45.0000  -45.0000 1537.4591   38.4902
    7.5000  -45.0000  -45.0000 1514.1925   38.7602
   -7.5000  -37.5000  -45.0000 1664.7386   33.5217
    0.0000  -37.5000  -45.0000 1663.2115   33.3352
    7.5000  -37.5000  -45.0000 1650.8439   33.7765
   -7.5000  -30.0000  -45.0000 1783.6125   29.6351
    0.0000  -30.0000  -45.0000 1786.7584   29.4574
    7.5000  -30.0000  -45.0000 1776.9038   29.9616
   -7.5000  -22.5000  -45.0000 1894.3718   26.6472
    0.0000  -22.5000  -45.0000 1898.8678   26.5163
    7.5000  -22.5000  -45.0000 1878.2235   26.9166
   -7.5000  -15.0000  -45.0000 1987.4645   24.5017
    0.0000  -15.0000  -45.0000 1993.3693   24.3755
    7.5000  -15.0000  -45.0000 1966.0542   24.7268
   -7.5000   -7.5000  -45.0000 2074.7329   22.8325
    0.0000   -7.5000  -45.0000 2077.0244   22.7932
    7.5000   -7.5000  -45.0000 2043.9349   23.0917
   -7.5000    0.0000  -45.0000 2120.2957   21.6132
    0.0000    0.0000  -45.0000 2125.4639   21.5872
    7.5000    0.0000  -45.0000 2092.0020   21.8765
   -7.5000    7.5000  -45.0000 2146.7617   20.7726
    0.0000    7.5000  -45.0000 2149.0376   20.7277
    7.5000    7.5000  -45.0000 2122.8357   21.0632
   -7.5000   15.0000  -45.0000 2153.4595   20.4419
    0.0000   15.0000  -45.0000 2158.1682   20.4145
    7.5000   15.0000  -45.0000 2129.2029   20.7531
   -7.5000   22.5000  -45.0000 2155.4346   20.5815
    0.0000   22.5000  -45.0000 2162.5281   20.5674
    7.5000   22.5000  -45.0000 2129.4817   20.9434
   -7.5000   30.0000  -45.0000 2135.8789   21.1962
    0.0000   30.0000  -45.0000 2145.2078   21.1102
    7.5000   30.0000  -45.0000 2105.7058   21.4849
   -7.5000   37.5000  -45.0000 2096.5029   22.0363
    0.0000   37.5000  -45.0000 2101.4397   21.9443
    7.5000   37.5000  -45.0000 2070.4775   22.4201
   -7.5000   45.0000  -45.0000 2043.7045   23.3477
    0.0000   45.0000  -45.0000 2048.0264   23.2151
    7.5000   45.0000  -45.0000 2017.0330   23.7636
   -7.5000  -45.0000  -37.5000 1605.8210   35.9725
    0.0000  -45.0000  -37.5000 1606.6160   35.6984
    7.5000  -45.0000  -37.5000 1594.4614   36.1444
   -7.5000  -37.5000  -37.5000 1735.7235   31.2536
    0.0000  -37.5000  -37.5000 1735.9561   31.0484
    7.5000  -37.5000  -37.5000 1732.0654   31.4917
   -7.5000  -30.0000  -37.5000 1865.5641   27.5552
    0.0000  -30.0000  -37.5000 1864.7000   27.3908
    7.5000  -30.0000  -37.5000 1853.6954   27.7558
   -7.5000  -22.5000  -37.5000 1987.8492   24.8192
    0.0000  -22.5000  -37.5000 1986.3582   24.6300
    7.5000  -22.5000  -37.5000 1964.2590   24.9987
   -7.5000  -15.0000  -37.5000 2079.6118   22.6994
    0.0000  -15.0000  -37.5000 2085.7656   22.5864
    7.5000  -15.0000  -37.5000 2058.6851   22.9611
   -7.5000   -7.5000  -37.5000 2170.5623   21.1508
    0.0000   -7.5000  -37.5000 2173.2563   21.0854
    7.5000   -7.5000  -37.5000 2143.4673   21.3812
   -7.5000    0.0000  -37.5000 2216.8835   19.9849
    0.0000    0.0000  -37.5000 2222.4875   19.9410
    7.5000    0.0000  -37.5000 2197.8840   20.2491
   -7.5000    7.5000  -37.5000 2252.8259   19.2253
    0.0000    7.5000  -37.5000 2255.1660   19.2110
    7.5000    7.5000  -37.5000 2230.1079   19.5116
   -7.5000   15.0000  -37.5000 2260.0999   18.9426
    0.0000   15.0000  -37.5000 2264.9536   18.9394
    7.5000   15.0000  -37.5000 2239.2957   19.2083
   -7.5000   22.5000  -37.5000 2243.5024   18.9536
    0.0000   22.5000  -37.5000 2256.2339   18.9576
    7.5000   22.5000  -37.5000 2228.3975   19.2544
   -7.5000   30.0000  -37.5000 2226.7766   19.3305
    0.0000   30.0000  -37.5000 2236.5110   19.3041
    7.5000   30.0000  -37.5000 2205.8997   19.6215
   -7.5000   37.5000  -37.5000 2198.9775   20.1024
    0.0000   37.5000  -37.5000 2208.1130   20.0443
    7.5000   37.5000  -37.5000 2173.1414   20.3988
   -7.5000   45.0000  -37.5000 2147.9253   21.3855
    0.0000   45.0000  -37.5000 2156.8748   21.3157
    7.5000   45.0000  -37.5000 2122.4277   21.7424
   -7.5000  -45.0000  -30.0000 1685.6536   34.6720
    0.0000  -45.0000  -30.0000 1695.2858   34.5200
    7.5000  -45.0000  -30.0000 1689.6882   34.8880
   -7.5000  -37.5000  -30.0000 1830.4326   30.0987
    0.0000  -37.5000  -30.0000 1840.1285   29.9750
    7.5000  -37.5000  -30.0000 1833.1693   30.2781
   -7.5000  -30.0000  -30.0000 1969.4189   26.6433
    0.0000  -30.0000  -30.0000 1978.6686   26.4470
    7.5000  -30.0000  -30.0000 1966.3126   26.8324
   -7.5000  -22.5000  -30.0000 2097.4551   23.9615
    0.0000  -22.5000  -30.0000 2105.3108   23.8349
    7.5000  -22.5000  -30.0000 2083.9377   24.1672
   -7.5000  -15.0000  -30.0000 2198.6936   21.7922
    0.0000  -15.0000  -30.0000 2206.5608   21.7079
    7.5000  -15.0000  -30.0000 2178.2852   22.0586
   -7.5000   -7.5000  -30.0000 2291.8350   20.2060
    0.0000   -7.5000  -30.0000 2295.2764   20.1358
    7.5000   -7.5000  -30.0000 2267.9836   20.4688
   -7.5000    0.0000  -30.0000 2352.1355   19.1209
    0.0000    0.0000  -30.0000 2359.1624   19.0501
    7.5000    0.0000  -30.0000 2328.3196   19.3431
   -7.5000    7.5000  -30.0000 2390.8518   18.3821
    0.0000    7.5000  -30.0000 2399.3904   18.3707
    7.5000    7.5000  -30.0000 2368.7239   18.6517
   -7.5000   15.0000  -30.0000 2411.6282   18.1177
    0.0000   15.0000  -30.0000 2418.6379   18.1122
    7.5000   15.0000  -30.0000 2388.4380   18.3795
   -7.5000   22.5000  -30.0000 2399.3171   18.1061
    0.0000   22.5000  -30.0000 2410.8284   18.1479
    7.5000   22.5000  -30.0000 2382.0166   18.3656
   -7.5000   30.0000  -30.0000 2380.2979   18.4023
    0.0000   30.0000  -30.0000 2393.2224   18.4176
    7.5000   30.0000  -30.0000 2360.6704   18.6923
   -7.5000   37.5000  -30.0000 2352.0576   19.1388
    0.0000   37.5000  -30.0000 2360.5601   19.1104
    7.5000   37.5000  -30.0000 2322.5208   19.4642
   -7.5000   45.0000  -30.0000 2294.0874   20.4311
    0.0000   45.0000  -30.0000 2297.3777   20.3650
    7.5000   45.0000  -30.0000 2262.2334   20.7293
   -7.5000  -45.0000  -22.5000 1759.3979   33.4214
    0.0000  -45.0000  -22.5000 1764.5408   33.1294
    7.5000  -45.0000  -22.5000 1754.3987   33.5331
   -7.5000  -37.5000  -22.5000 1904.7637   28.9243
    0.0000  -37.5000  -22.5000 1913.0577   28.7266
    7.5000  -37.5000  -22.5000 1900.1318   29.0709
   -7.5000  -30.0000  -22.5000 2047.4354   25.5831
    0.0000  -30.0000  -22.5000 2056.7322   25.4024
    7.5000  -30.0000  -22.5000 2036.2261   25.6996
   -7.5000  -22.5000  -22.5000 2187.7319   22.9084
    0.0000  -22.5000  -22.5000 2191.4387   22.8002
    7.5000  -22.5000  -22.5000 2164.5337   23.1137
   -7.5000  -15.0000  -22.5000 2299.7549   20.8926
    0.0000  -15.0000  -22.5000 2305.2900   20.7638
    7.5000  -15.0000  -22.5000 2271.6677   21.1139
   -7.5000   -7.5000  -22.5000 2399.4644   19.2859
    0.0000   -7.5000  -22.5000 2402.2749   19.1960
    7.5000   -7.5000  -22.5000 2374.3921   19.4875
   -7.5000    0.0000  -22.5000 2466.5364   18.1579
    0.0000    0.0000  -22.5000 2471.4834   18.0974
    7.5000    0.0000  -22.5000 2441.2075   18.3681
   -7.5000    7.5000  -22.5000 2512.7593   17.4380
    0.0000    7.5000  -22.5000 2520.1169   17.4172
    7.5000    7.5000  -22.5000 2488.7183   17.6935
   -7.5000   15.0000  -22.5000 2547.9661   17.1507
    0.0000   15.0000  -22.5000 2553.2993   17.1179
    7.5000   15.0000  -22.5000 2515.3684   17.3720
   -7.5000   22.5000  -22.5000 2547.6797   17.1626
    0.0000   22.5000  -22.5000 2551.1204   17.1657
    7.5000   22.5000  -22.5000 2517.7710   17.4264
   -7.5000   30.0000  -22.5000 2520.8472   17.4796
    0.0000   30.0000  -22.5000 2526.3594   17.4638
    7.5000   30.0000  -22.5000 2489.2786   17.7279
   -7.5000   37.5000  -22.5000 2485.3057   18.2246
    0.0000   37.5000  -22.5000 2493.8369   18.2122
    7.5000   37.5000  -22.5000 2447.3962   18.5025
   -7.5000   45.0000  -22.5000 2420.4299   19.3994
    0.0000   45.0000  -22.5000 2427.8765   19.3958
    7.5000   45.0000  -22.5000 2380.5146   19.7009
   -7.5000  -45.0000  -15.0000 1800.7968   32.2065
    0.0000  -45.0000  -15.0000 1807.9180   31.9678
    7.5000  -45.0000  -15.0000 1786.9357   32.5237
   -7.5000  -37.5000  -15.0000 1952.6094   27.9106
    0.0000  -37.5000  -15.0000 1963.3778   27.7577
    7.5000  -37.5000  -15.0000 1939.5320   28.2673
   -7.5000  -30.0000  -15.0000 2108.3347   24.5794
    0.0000  -30.0000  -15.0000 2113.2388   24.4675
    7.5000  -30.0000  -15.0000 2081.6462   24.9193
   -7.5000  -22.5000  -15.0000 2251.9500   22.0045
    0.0000  -22.5000  -15.0000 2256.3672   21.9127
    7.5000  -22.5000  -15.0000 2217.2722   22.2785
   -7.5000  -15.0000  -15.0000 2368.1458   20.0085
    0.0000  -15.0000  -15.0000 2373.9146   19.9069
    7.5000  -15.0000  -15.0000 2334.1902   20.2789
   -7.5000   -7.5000  -15.0000 2477.4517   18.4725
    0.0000   -7.5000  -15.0000 2481.2297   18.3947
    7.5000   -7.5000  -15.0000 2445.1194   18.7089
   -7.5000    0.0000  -15.0000 2548.4028   17.3061
    0.0000    0.0000  -15.0000 2557.8665   17.2529
    7.5000    0.0000  -15.0000 2522.0334   17.5707
   -7.5000    7.5000  -15.0000 2604.4321   16.5713
    0.0000    7.5000  -15.0000 2609.8140   16.5456
    7.5000    7.5000  -15.0000 2573.3057   16.8410
   -7.5000   15.0000  -15.0000 2643.1897   16.2222
    0.0000   15.0000  -15.0000 2643.8088   16.2179
    7.5000   15.0000  -15.0000 2603.5193   16.4667
   -7.5000   22.5000  -15.0000 2658.8489   16.2567
    0.0000   22.5000  -15.0000 2658.8213   16.2398
    7.5000   22.5000  -15.0000 2606.2209   16.4907
   -7.5000   30.0000  -15.0000 2634.1860   16.5932
    0.0000   30.0000  -15.0000 2637.3293   16.5578
    7.5000   30.0000  -15.0000 2583.5239   16.8066
   -7.5000   37.5000  -15.0000 2590.4070   17.3208
    0.0000   37.5000  -15.0000 2595.1504   17.3294
    7.5000   37.5000  -15.0000 2535.8506   17.6180
   -7.5000   45.0000  -15.0000 2513.9812   18.4527
    0.0000   45.0000  -15.0000 2520.2627   18.4684
    7.5000   45.0000  -15.0000 2466.9680   18.7708
   -7.5000  -45.0000   -7.5000 1831.5636   31.2605
    0.0000  -45.0000   -7.5000 1842.8743   31.2605
    7.5000  -45.0000   -7.5000 1821.8438   31.8722
   -7.5000  -37.5000   -7.5000 2002.6910   27.1051
    0.0000  -37.5000   -7.5000 2007.8229   27.1019
    7.5000  -37.5000   -7.5000 1979.4698   27.6094
   -7.5000  -30.0000   -7.5000 2162.2605   23.7460
    0.0000  -30.0000   -7.5000 2161.6807   23.7706
    7.5000  -30.0000   -7.5000 2124.1396   24.2325
   -7.5000  -22.5000   -7.5000 2306.4587   21.2037
    0.0000  -22.5000   -7.5000 2306.8704   21.1637
    7.5000  -22.5000   -7.5000 2263.3394   21.6589
   -7.5000  -15.0000   -7.5000 2418.8491   19.2689
    0.0000  -15.0000   -7.5000 2426.5823   19.2302
    7.5000  -15.0000   -7.5000 2385.7844   19.7142
   -7.5000   -7.5000   -7.5000 2529.0916   17.7552
    0.0000   -7.5000   -7.5000 2536.0872   17.7365
    7.5000   -7.5000   -7.5000 2494.9470   18.1306
   -7.5000    0.0000   -7.5000 2621.9854   16.5899
    0.0000    0.0000   -7.5000 2626.6997   16.5742
    7.5000    0.0000   -7.5000 2587.7783   16.9513
   -7.5000    7.5000   -7.5000 2687.4175   15.7573
    0.0000    7.5000   -7.5000 2688.3203   15.7379
    7.5000    7.5000   -7.5000 2642.3572   16.0770
   -7.5000   15.0000   -7.5000 2730.0730   15.3526
    0.0000   15.0000   -7.5000 2725.1555   15.3338
    7.5000   15.0000   -7.5000 2675.0359   15.6333
   -7.5000   22.5000   -7.5000 2750.8672   15.3882
    0.0000   22.5000   -7.5000 2742.9478   15.3466
    7.5000   22.5000   -7.5000 2678.2998   15.6405
   -7.5000   30.0000   -7.5000 2724.6978   15.6933
    0.0000   30.0000   -7.5000 2722.4363   15.6828
    7.5000   30.0000   -7.5000 2662.7256   16.0018
   -7.5000   37.5000   -7.5000 2678.4919   16.4316
    0.0000   37.5000   -7.5000 2677.8594   16.4540
    7.5000   37.5000   -7.5000 2618.4636   16.8074
   -7.5000   45.0000   -7.5000 2594.6150   17.5897
    0.0000   45.0000   -7.5000 2595.3159   17.5862
    7.5000   45.0000   -7.5000 2537.1582   17.9535
   -7.5000  -45.0000    0.0000 1855.6061   30.7853
    0.0000  -45.0000    0.0000 1868.3386   30.9224
    7.5000  -45.0000    0.0000 1852.8185   31.6878
   -7.5000  -37.5000    0.0000 2026.7042   26.5513
    0.0000  -37.5000    0.0000 2032.7571   26.6258
    7.5000  -37.5000    0.0000 2008.5969   27.2466
   -7.5000  -30.0000    0.0000 2181.9624   23.1733
    0.0000  -30.0000    0.0000 2184.7346   23.2730
    7.5000  -30.0000    0.0000 2151.4795   23.8743
   -7.5000  -22.5000    0.0000 2327.5386   20.6304
    0.0000  -22.5000    0.0000 2326.1016   20.7355
    7.5000  -22.5000    0.0000 2288.3625   21.2999
   -7.5000  -15.0000    0.0000 2443.9495   18.7116
    0.0000  -15.0000    0.0000 2450.6816   18.7882
    7.5000  -15.0000    0.0000 2410.9495   19.3111
   -7.5000   -7.5000    0.0000 2559.7524   17.2564
    0.0000   -7.5000    0.0000 2569.1709   17.3083
    7.5000   -7.5000    0.0000 2527.4827   17.8003
   -7.5000    0.0000    0.0000 2668.3887   16.0975
    0.0000    0.0000    0.0000 2670.5964   16.1400
    7.5000    0.0000    0.0000 2620.3242   16.6024
   -7.5000    7.5000    0.0000 2742.2546   15.1238
    0.0000    7.5000    0.0000 2742.8689   15.1902
    7.5000    7.5000    0.0000 2686.6484   15.6449
   -7.5000   15.0000    0.0000 2801.6865   14.5793
    0.0000   15.0000    0.0000 2786.2463   14.5941
    7.5000   15.0000    0.0000 2722.2827   15.0507
   -7.5000   22.5000    0.0000 2821.2947   14.5780
    0.0000   22.5000    0.0000 2803.8992   14.5811
    7.5000   22.5000    0.0000 2738.1924   14.9923
   -7.5000   30.0000    0.0000 2784.7578   14.9355
    0.0000   30.0000    0.0000 2778.5874   14.9741
    7.5000   30.0000    0.0000 2719.1035   15.4078
   -7.5000   37.5000    0.0000 2733.4126   15.7844
    0.0000   37.5000    0.0000 2730.9478   15.8045
    7.5000   37.5000    0.0000 2677.3989   16.2703
   -7.5000   45.0000    0.0000 2646.4302   17.0346
    0.0000   45.0000    0.0000 2643.8745   17.0252
    7.5000   45.0000    0.0000 2587.3408   17.4642
   -7.5000  -45.0000    7.5000 1871.4950   30.6972
    0.0000  -45.0000    7.5000 1877.6600   30.9802
    7.5000  -45.0000    7.5000 1854.7034   31.6787
   -7.5000  -37.5000    7.5000 2045.0282   26.3186
    0.0000  -37.5000    7.5000 2045.6973   26.5853
    7.5000  -37.5000    7.5000 2018.3727   27.3225
   -7.5000  -30.0000    7.5000 2198.3176   22.8800
    0.0000  -30.0000    7.5000 2201.2297   23.2008
    7.5000  -30.0000    7.5000 2173.4402   23.9439
   -7.5000  -22.5000    7.5000 2336.2563   20.2798
    0.0000  -22.5000    7.5000 2339.3169   20.5352
    7.5000  -22.5000    7.5000 2308.8945   21.3036
   -7.5000  -15.0000    7.5000 2451.8254   18.3885
    0.0000  -15.0000    7.5000 2460.1577   18.5875
    7.5000  -15.0000    7.5000 2423.8125   19.2851
   -7.5000   -7.5000    7.5000 2569.0828   16.9160
    0.0000   -7.5000    7.5000 2579.9756   17.1063
    7.5000   -7.5000    7.5000 2536.8916   17.7164
   -7.5000    0.0000    7.5000 2684.6799   15.7793
    0.0000    0.0000    7.5000 2692.1426   15.9729
    7.5000    0.0000    7.5000 2637.6584   16.5102
   -7.5000    7.5000    7.5000 2781.6938   14.7388
    0.0000    7.5000    7.5000 2782.6807   14.9057
    7.5000    7.5000    7.5000 2712.5071   15.4928
   -7.5000   15.0000    7.5000 2832.0029   13.8807
    0.0000   15.0000    7.5000 2816.4426   14.0281
    7.5000   15.0000    7.5000 2751.0728   14.8333
   -7.5000   22.5000    7.5000 2850.4302   13.8731
    0.0000   22.5000    7.5000 2832.6499   14.0019
    7.5000   22.5000    7.5000 2768.5894   14.7480
   -7.5000   30.0000    7.5000 2818.9404   14.5257
    0.0000   30.0000    7.5000 2817.8887   14.6202
    7.5000   30.0000    7.5000 2767.3308   15.2433
   -7.5000   37.5000    7.5000 2769.1042   15.4989
    0.0000   37.5000    7.5000 2774.6104   15.5402
    7.5000   37.5000    7.5000 2726.3115   16.1322
   -7.5000   45.0000    7.5000 2681.8828   16.8063
    0.0000   45.0000    7.5000 2684.7715   16.8201
    7.5000   45.0000    7.5000 2634.7720   17.3641
   -7.5000  -45.0000   15.0000 1874.8353   31.0254
    0.0000  -45.0000   15.0000 1879.8210   31.3079
    7.5000  -45.0000   15.0000 1859.0491   32.3715
   -7.5000  -37.5000   15.0000 2041.7167   26.5048
    0.0000  -37.5000   15.0000 2041.1702   26.7675
    7.5000  -37.5000   15.0000 2009.7418   27.7119
   -7.5000  -30.0000   15.0000 2196.1970   23.0589
    0.0000  -30.0000   15.0000 2191.1104   23.3470
    7.5000  -30.0000   15.0000 2161.8564   24.2516
   -7.5000  -22.5000   15.0000 2331.2542   20.4591
    0.0000  -22.5000   15.0000 2331.6255   20.7209
    7.5000  -22.5000   15.0000 2292.5569   21.5809
   -7.5000  -15.0000   15.0000 2444.0884   18.4819
    0.0000  -15.0000   15.0000 2449.8521   18.7335
    7.5000  -15.0000   15.0000 2407.3708   19.5093
   -7.5000   -7.5000   15.0000 2555.8894   16.9039
    0.0000   -7.5000   15.0000 2564.6213   17.1550
    7.5000   -7.5000   15.0000 2518.3801   17.8994
   -7.5000    0.0000   15.0000 2664.4517   15.6836
    0.0000    0.0000   15.0000 2674.5630   15.9435
    7.5000    0.0000   15.0000 2631.2815   16.6345
   -7.5000    7.5000   15.0000 2751.6746   14.5883
    0.0000    7.5000   15.0000 2771.5679   14.8675
    7.5000    7.5000   15.0000 2722.7422   15.6600
   -7.5000   15.0000   15.0000 2808.6812   13.8818
    0.0000   15.0000   15.0000 2820.8696   14.0890
    7.5000   15.0000   15.0000 2777.5151   15.0733
   -7.5000   22.5000   15.0000 2858.6873   14.0013
    0.0000   22.5000   15.0000 2858.5100   14.1354
    7.5000   22.5000   15.0000 2812.7822   15.0467
   -7.5000   30.0000   15.0000 2841.9583   14.7103
    0.0000   30.0000   15.0000 2840.4514   14.7800
    7.5000   30.0000   15.0000 2795.5039   15.4633
   -7.5000   37.5000   15.0000 2784.3557   15.6812
    0.0000   37.5000   15.0000 2782.8696   15.6886
    7.5000   37.5000   15.0000 2735.7627   16.2448
   -7.5000   45.0000   15.0000 2684.6108   16.9110
    0.0000   45.0000   15.0000 2687.7554   16.8724
    7.5000   45.0000   15.0000 2638.6099   17.3709
   -7.5000  -45.0000   22.5000 1848.6411   31.8672
    0.0000  -45.0000   22.5000 1850.7441   32.1777
    7.5000  -45.0000   22.5000 1830.4150   33.2253
   -7.5000  -37.5000   22.5000 2022.4449   27.2117
    0.0000  -37.5000   22.5000 2018.5244   27.5137
    7.5000  -37.5000   22.5000 1991.0381   28.4963
   -7.5000  -30.0000   22.5000 2179.0515   23.5876
    0.0000  -30.0000   22.5000 2174.2964   23.9437
    7.5000  -30.0000   22.5000 2143.0591   24.9587
   -7.5000  -22.5000   22.5000 2312.8474   20.8319
    0.0000  -22.5000   22.5000 2312.6145   21.1570
    7.5000  -22.5000   22.5000 2274.8469   22.1456
   -7.5000  -15.0000   22.5000 2416.5015   18.7457
    0.0000  -15.0000   22.5000 2423.3652   19.0407
    7.5000  -15.0000   22.5000 2391.0229   19.9231
   -7.5000   -7.5000   22.5000 2528.1836   17.2290
    0.0000   -7.5000   22.5000 2541.4038   17.5002
    7.5000   -7.5000   22.5000 2504.9133   18.2973
   -7.5000    0.0000   22.5000 2646.4453   16.0850
    0.0000    0.0000   22.5000 2661.5818   16.3517
    7.5000    0.0000   22.5000 2618.8511   17.0771
   -7.5000    7.5000   22.5000 2752.1201   15.1410
    0.0000    7.5000   22.5000 2768.0303   15.3787
    7.5000    7.5000   22.5000 2704.6885   16.1505
   -7.5000   15.0000   22.5000 2834.4138   14.7670
    0.0000   15.0000   22.5000 2840.7190   14.9170
    7.5000   15.0000   22.5000 2770.6448   15.6340
   -7.5000   22.5000   22.5000 2870.0300   14.9638
    0.0000   22.5000   22.5000 2870.5598   15.0695
    7.5000   22.5000   22.5000 2797.1719   15.6031
   -7.5000   30.0000   22.5000 2835.0669   15.4815
    0.0000   30.0000   22.5000 2830.2732   15.5625
    7.5000   30.0000   22.5000 2774.1421   15.9949
   -7.5000   37.5000   22.5000 2760.0847   16.2043
    0.0000   37.5000   22.5000 2751.7969   16.2012
    7.5000   37.5000   22.5000 2706.9531   16.6896
   -7.5000   45.0000   22.5000 2654.5283   17.2951
    0.0000   45.0000   22.5000 2650.2734   17.2330
    7.5000   45.0000   22.5000 2604.2961   17.6843
   -7.5000  -45.0000   30.0000 1835.5878   33.3555
    0.0000  -45.0000   30.0000 1837.1305   33.7632
    7.5000  -45.0000   30.0000 1818.6106   34.8993
   -7.5000  -37.5000   30.0000 1987.2679   28.1930
    0.0000  -37.5000   30.0000 1993.2078   28.6284
    7.5000  -37.5000   30.0000 1972.2792   29.6890
   -7.5000  -30.0000   30.0000 2138.0554   24.3610
    0.0000  -30.0000   30.0000 2142.4204   24.7869
    7.5000  -30.0000   30.0000 2116.5837   25.8224
   -7.5000  -22.5000   30.0000 2282.7188   21.6142
    0.0000  -22.5000   30.0000 2280.4070   21.9191
    7.5000  -22.5000   30.0000 2249.6721   22.8945
   -7.5000  -15.0000   30.0000 2404.6318   19.6624
    0.0000  -15.0000   30.0000 2401.1763   19.8890
    7.5000  -15.0000   30.0000 2367.5698   20.7096
   -7.5000   -7.5000   30.0000 2534.9285   18.2635
    0.0000   -7.5000   30.0000 2530.1418   18.4392
    7.5000   -7.5000   30.0000 2478.5059   19.1266
   -7.5000    0.0000   30.0000 2651.9629   17.0548
    0.0000    0.0000   30.0000 2648.6023   17.2266
    7.5000    0.0000   30.0000 2592.6057   17.9664
   -7.5000    7.5000   30.0000 2745.3342   16.1268
    0.0000    7.5000   30.0000 2739.4021   16.2473
    7.5000    7.5000   30.0000 2674.5217   16.9958
   -7.5000   15.0000   30.0000 2804.5269   15.7850
    0.0000   15.0000   30.0000 2805.9045   15.8563
    7.5000   15.0000   30.0000 2738.8950   16.4484
   -7.5000   22.5000   30.0000 2813.5635   15.8763
    0.0000   22.5000   30.0000 2820.6096   15.9459
    7.5000   22.5000   30.0000 2747.4915   16.4252
   -7.5000   30.0000   30.0000 2776.8765   16.2370
    0.0000   30.0000   30.0000 2776.4963   16.3430
    7.5000   30.0000   30.0000 2716.8406   16.7803
   -7.5000   37.5000   30.0000 2698.3357   16.9452
    0.0000   37.5000   30.0000 2705.4880   17.0367
    7.5000   37.5000   30.0000 2655.7605   17.4664
   -7.5000   45.0000   30.0000 2603.2576   17.9961
    0.0000   45.0000   30.0000 2602.0527   18.0564
    7.5000   45.0000   30.0000 2557.3899   18.4789
   -7.5000  -45.0000   37.5000 1810.5865   35.2817
    0.0000  -45.0000   37.5000 1807.0593   35.5872
    7.5000  -45.0000   37.5000 1781.8375   36.7664
   -7.5000  -37.5000   37.5000 1970.8663   29.9473
    0.0000  -37.5000   37.5000 1968.1719   30.1827
    7.5000  -37.5000   37.5000 1941.3331   31.2991
   -7.5000  -30.0000   37.5000 2127.9348   26.0077
    0.0000  -30.0000   37.5000 2126.3655   26.2277
    7.5000  -30.0000   37.5000 2097.6184   27.2840
   -7.5000  -22.5000   37.5000 2281.8516   23.1818
    0.0000  -22.5000   37.5000 2270.5115   23.3317
    7.5000  -22.5000   37.5000 2234.2532   24.2739
   -7.5000  -15.0000   37.5000 2403.5659   21.1093
    0.0000  -15.0000   37.5000 2391.5046   21.2100
    7.5000  -15.0000   37.5000 2344.7671   22.0094
   -7.5000   -7.5000   37.5000 2519.5767   19.5155
    0.0000   -7.5000   37.5000 2512.1682   19.6028
    7.5000   -7.5000   37.5000 2456.7224   20.3626
   -7.5000    0.0000   37.5000 2616.0964   18.1765
    0.0000    0.0000   37.5000 2610.1221   18.2675
    7.5000    0.0000   37.5000 2551.8938   19.0625
   -7.5000    7.5000   37.5000 2690.3083   17.2132
    0.0000    7.5000   37.5000 2686.3398   17.3149
    7.5000    7.5000   37.5000 2622.6208   18.0152
   -7.5000   15.0000   37.5000 2735.2483   16.8252
    0.0000   15.0000   37.5000 2736.4165   16.8918
    7.5000   15.0000   37.5000 2676.8867   17.4885
   -7.5000   22.5000   37.5000 2734.2009   16.8383
    0.0000   22.5000   37.5000 2738.0879   16.9327
    7.5000   22.5000   37.5000 2677.8350   17.4468
   -7.5000   30.0000   37.5000 2694.7197   17.1725
    0.0000   30.0000   37.5000 2689.2480   17.2906
    7.5000   30.0000   37.5000 2642.0955   17.7733
   -7.5000   37.5000   37.5000 2626.4841   17.8806
    0.0000   37.5000   37.5000 2625.7346   17.9971
    7.5000   37.5000   37.5000 2580.0325   18.4360
   -7.5000   45.0000   37.5000 2539.4160   18.9886
    0.0000   45.0000   37.5000 2540.1938   19.0849
    7.5000   45.0000   37.5000 2494.5835   19.5037
   -7.5000  -45.0000   45.0000 1781.5499   37.5676
    0.0000  -45.0000   45.0000 1775.6113   37.8413
    7.5000  -45.0000   45.0000 1752.6594   39.1228
   -7.5000  -37.5000   45.0000 1941.8732   31.9489
    0.0000  -37.5000   45.0000 1935.9857   32.0911
    7.5000  -37.5000   45.0000 1908.7555   33.2645
   -7.5000  -30.0000   45.0000 2098.4368   27.7991
    0.0000  -30.0000   45.0000 2085.2314   27.8273
    7.5000  -30.0000   45.0000 2057.7217   28.9471
   -7.5000  -22.5000   45.0000 2247.8015   24.7247
    0.0000  -22.5000   45.0000 2230.3096   24.7567
    7.5000  -22.5000   45.0000 2191.3726   25.7606
   -7.5000  -15.0000   45.0000 2364.2280   22.4883
    0.0000  -15.0000   45.0000 2353.5356   22.5279
    7.5000  -15.0000   45.0000 2302.6628   23.4094
   -7.5000   -7.5000   45.0000 2467.2341   20.7595
    0.0000   -7.5000   45.0000 2456.0298   20.7944
    7.5000   -7.5000   45.0000 2403.9158   21.6581
   -7.5000    0.0000   45.0000 2556.1094   19.4183
    0.0000    0.0000   45.0000 2547.0908   19.4686
    7.5000    0.0000   45.0000 2488.3384   20.2777
   -7.5000    7.5000   45.0000 2616.4739   18.4406
    0.0000    7.5000   45.0000 2612.9026   18.5467
    7.5000    7.5000   45.0000 2556.9949   19.2375
   -7.5000   15.0000   45.0000 2645.8315   18.0607
    0.0000   15.0000   45.0000 2648.4700   18.1225
    7.5000   15.0000   45.0000 2601.8364   18.7260
   -7.5000   22.5000   45.0000 2636.8687   18.0455
    0.0000   22.5000   45.0000 2642.8635   18.1227
    7.5000   22.5000   45.0000 2594.9626   18.6512
   -7.5000   30.0000   45.0000 2605.8108   18.3294
    0.0000   30.0000   45.0000 2601.8887   18.4281
    7.5000   30.0000   45.0000 2561.5015   18.9705
   -7.5000   37.5000   45.0000 2545.9758   19.0582
    0.0000   37.5000   45.0000 2546.9917   19.1142
    7.5000   37.5000   45.0000 2503.5110   19.6181
   -7.5000   45.0000   45.0000 2456.0732   20.1512
    0.0000   45.0000   45.0000 2462.5254   20.1910
    7.5000   45.0000   45.0000 2423.6499   20.7077

---------------------------------------------------------------------
imgreg_4dfp /opt/freesurfer/average/711-2C_as_mni_average_305 /opt/freesurfer/average/711-2B_as_mni_average_305_mask talsrcimg_g11 none talsrcimg_to_711-2C_as_mni_average_305_t4 1283
---------------------------------------------------------------------

freesurfer imgreg_4dfp.c
/opt/freesurfer/average/711-2C_as_mni_average_305.4dfp.img
       256       256       256         1
  1.000000  1.000000  1.000000
orientation T byte_order littleendian
Reading image: /opt/freesurfer/average/711-2C_as_mni_average_305.4dfp.img
dimensions:      256       256       256
mmppix:       1.0000   -1.0000   -1.0000
center:     128.0000 -129.0000 -129.0000
/opt/freesurfer/average/711-2B_as_mni_average_305_mask.4dfp.img
       256       256       256         1
  1.000000  1.000000  1.000000
orientation T byte_order littleendian
Reading mask: /opt/freesurfer/average/711-2B_as_mni_average_305_mask.4dfp.img (2306576 pixels)
talsrcimg_g11.4dfp.img
       256       256       256         1
  1.000000  1.000000  1.000000
orientation T byte_order littleendian
Reading image: talsrcimg_g11.4dfp.img
dimensions:      256       256       256
mmppix:       1.0000   -1.0000   -1.0000
center:     128.0000 -129.0000 -129.0000
rotation matrix determinant  1.000000
fimgreg.f
image alignment mode   1283 decimal      503 hex
parameters
    0.0000   22.5000   22.5000    0.0000    0.0000    0.0000
eta,q 0.90273 15.07455
niter,ni,del,rscale     5    3   12.0000    1.2000
parameter  1  0.812580 ->  0.500000 qaram    1.1500
parameter  6  1.439115 ->  0.500000 qaram    1.1500
parameters
   -3.4500   22.4824   21.4494    2.8072    1.7618   -3.4500
eta,q 0.91403 14.77375
  0.0959  0.1045  0.1021  0.1046  0.0964  0.0853
  0.0943  0.1001  0.0954  0.1020  0.0938  0.0857
  0.0952  0.0955  0.0916  0.0972  0.0904  0.0869
  0.0998  0.0936  0.0936  0.0919  0.0882  0.0884
  0.1043  0.0958  0.0983  0.0885  0.0884  0.0902
  0.1093  0.1001  0.1020  0.0896  0.0892  0.0924
  0.1158  0.1046  0.1079  0.0941  0.0909  0.0949
niter,ni,del,rscale     6    3   12.0000    1.2000
parameters
   -5.0407   22.2485   21.5317    2.8239    3.9270   -5.5629
eta,q 0.91723 14.84775
  0.0940  0.1026  0.1019  0.0977  0.0946  0.0865
  0.0891  0.0928  0.0946  0.0910  0.0920  0.0834
  0.0850  0.0858  0.0883  0.0858  0.0874  0.0827
  0.0860  0.0849  0.0846  0.0846  0.0846  0.0840
  0.0908  0.0896  0.0879  0.0868  0.0840  0.0861
  0.0978  0.0969  0.0950  0.0918  0.0849  0.0888
  0.1067  0.1029  0.1004  0.0966  0.0871  0.0921
niter,ni,del,rscale     5    3   12.0000    1.2000
parameters
   -5.6487   22.2262   21.5190    2.7406    4.5170   -5.1004
eta,q 0.91718 14.86414
  0.0962  0.1018  0.1018  0.0950  0.0919  0.0914
  0.0905  0.0914  0.0924  0.0882  0.0879  0.0868
  0.0851  0.0841  0.0856  0.0834  0.0843  0.0835
  0.0828  0.0828  0.0828  0.0828  0.0828  0.0827
  0.0874  0.0865  0.0863  0.0852  0.0836  0.0837
  0.0936  0.0930  0.0941  0.0895  0.0864  0.0858
  0.1016  0.1004  0.1007  0.0946  0.0887  0.0889
niter,ni,del,rscale     4    3   12.0000    1.2000
parameters
   -5.8096   22.2414   21.4725    2.6203    4.7932   -4.9654
eta,q 0.91712 14.86133
  0.0975  0.1021  0.1016  0.0949  0.0911  0.0908
  0.0914  0.0919  0.0919  0.0881  0.0869  0.0862
  0.0859  0.0843  0.0854  0.0832  0.0838  0.0833
  0.0828  0.0828  0.0828  0.0828  0.0827  0.0829
  0.0863  0.0863  0.0862  0.0853  0.0842  0.0841
  0.0922  0.0928  0.0941  0.0897  0.0869  0.0863
  0.0989  0.1005  0.1007  0.0947  0.0890  0.0896
niter,ni,del,rscale     3    3   12.0000    1.2000
parameters
   -5.8753   22.2816   21.4406    2.5385    4.9076   -4.9197
eta,q 0.91708 14.85892
  0.0978  0.1023  0.1017  0.0949  0.0908  0.0907
  0.0914  0.0924  0.0919  0.0883  0.0865  0.0862
  0.0860  0.0845  0.0855  0.0834  0.0836  0.0833
  0.0829  0.0829  0.0829  0.0829  0.0828  0.0829
  0.0861  0.0863  0.0862  0.0853  0.0845  0.0842
  0.0919  0.0928  0.0940  0.0895  0.0872  0.0865
  0.0983  0.1006  0.1007  0.0945  0.0892  0.0899
niter,ni,del,rscale     2    3   12.0000    1.2000
parameters
   -5.9112   22.3171   21.4198    2.4923    4.9618   -4.8989
eta,q 0.91705 14.85781
  0.0979  0.1023  0.1018  0.0950  0.0907  0.0907
  0.0914  0.0925  0.0920  0.0885  0.0864  0.0862
  0.0861  0.0846  0.0855  0.0835  0.0836  0.0833
  0.0829  0.0829  0.0829  0.0829  0.0829  0.0829
  0.0861  0.0864  0.0861  0.0853  0.0846  0.0842
  0.0919  0.0929  0.0940  0.0893  0.0873  0.0866
  0.0981  0.1008  0.1007  0.0944  0.0893  0.0900
registration optimization eta report
parameter search radius
    6.9000    6.0000    6.0000    6.0000    6.0000    6.9000
100000*second partial in parameter space
       30.       51.       49.       32.       19.       16.
  0.0979  0.1023  0.1018  0.0950  0.0907  0.0907
  0.0914  0.0925  0.0920  0.0885  0.0864  0.0862
  0.0861  0.0846  0.0855  0.0835  0.0836  0.0833
  0.0829  0.0829  0.0829  0.0829  0.0829  0.0829
  0.0861  0.0864  0.0861  0.0853  0.0846  0.0842
  0.0919  0.0929  0.0940  0.0893  0.0873  0.0866
  0.0981  0.1008  0.1007  0.0944  0.0893  0.0900
   -5.9112   22.3171   21.4198    2.4923    4.9618   -4.8989
eta,q 0.91705 14.85781

---------------------------------------------------------------------
imgreg_4dfp /opt/freesurfer/average/711-2C_as_mni_average_305 /opt/freesurfer/average/711-2B_as_mni_average_305_mask talsrcimg_g11 none talsrcimg_to_711-2C_as_mni_average_305_t4 3335
---------------------------------------------------------------------

freesurfer imgreg_4dfp.c
/opt/freesurfer/average/711-2C_as_mni_average_305.4dfp.img
       256       256       256         1
  1.000000  1.000000  1.000000
orientation T byte_order littleendian
Reading image: /opt/freesurfer/average/711-2C_as_mni_average_305.4dfp.img
dimensions:      256       256       256
mmppix:       1.0000   -1.0000   -1.0000
center:     128.0000 -129.0000 -129.0000
/opt/freesurfer/average/711-2B_as_mni_average_305_mask.4dfp.img
       256       256       256         1
  1.000000  1.000000  1.000000
orientation T byte_order littleendian
Reading mask: /opt/freesurfer/average/711-2B_as_mni_average_305_mask.4dfp.img (2306576 pixels)
talsrcimg_g11.4dfp.img
       256       256       256         1
  1.000000  1.000000  1.000000
orientation T byte_order littleendian
Reading image: talsrcimg_g11.4dfp.img
dimensions:      256       256       256
mmppix:       1.0000   -1.0000   -1.0000
center:     128.0000 -129.0000 -129.0000
fimgreg.f
image alignment mode   3335 decimal      D07 hex
parameters
   -5.9112   22.3171   21.4198   -0.7387   -0.4274   -0.4690
    8.1570   -8.9807   -8.5078   -3.5947    8.6491    4.3322
eta,q 0.91188 14.73392
niter,ni,del,rscale     5    3    5.0000    1.2000
parameter  4 10.502402 ->  0.500000 qaram    1.1500
parameter  5  2.156939 ->  0.500000 qaram    1.1500
parameter  6  0.559449 ->  0.500000 qaram    1.1500
parameter 12 -0.885983 -> -0.500000 qaram    1.1500
parameters
   -6.1536   22.6584   21.1815   -4.8787   -4.5674   -4.6090
    7.3410   -7.6555   -5.7131   -1.6012    6.0047    8.4722
eta,q 0.93150 14.31339
  0.0892  0.0898  0.0895  0.0736  0.0701  0.0715  0.0722  0.0773  0.0730  0.0758  0.0702  0.0735
  0.0886  0.0889  0.0888  0.0776  0.0722  0.0706  0.0712  0.0746  0.0718  0.0734  0.0698  0.0720
  0.0882  0.0884  0.0883  0.0827  0.0751  0.0710  0.0706  0.0721  0.0708  0.0714  0.0696  0.0707
  0.0881  0.0881  0.0881  0.0881  0.0790  0.0729  0.0706  0.0705  0.0703  0.0700  0.0698  0.0696
  0.0883  0.0881  0.0883  0.0934  0.0830  0.0777  0.0710  0.0704  0.0700  0.0698  0.0704  0.0688
  0.0889  0.0883  0.0891  0.0987  0.0876  0.0868  0.0719  0.0717  0.0702  0.0706  0.0715  0.0684
  0.0898  0.0891  0.0905  0.1039  0.0929  0.0963  0.0732  0.0740  0.0706  0.0719  0.0730  0.0686
niter,ni,del,rscale     7    3    5.0000    1.2000
parameter  3  1.251396 ->  0.500000 qaram    1.1500
parameter  4  1.364245 ->  0.500000 qaram    1.3225
parameter  5  0.926234 ->  0.500000 qaram    1.3225
parameter 11  1.187868 ->  0.500000 qaram    1.1500
parameter 12 -0.598541 -> -0.500000 qaram    1.3225
parameters
   -6.3873   22.5359   19.8015   -9.6397   -9.3284   -7.6160
    7.0087   -6.8116   -6.1218    0.4208    1.8647   13.2332
eta,q 0.94263 13.76172
  0.0707  0.0701  0.0662  0.0593  0.0580  0.0589  0.0608  0.0630  0.0599  0.0629  0.0581  0.0624
  0.0694  0.0693  0.0665  0.0607  0.0582  0.0587  0.0597  0.0606  0.0593  0.0612  0.0581  0.0608
  0.0686  0.0687  0.0673  0.0629  0.0593  0.0588  0.0590  0.0593  0.0589  0.0598  0.0583  0.0593
  0.0685  0.0685  0.0685  0.0667  0.0612  0.0584  0.0588  0.0588  0.0588  0.0588  0.0585  0.0582
  0.0690  0.0687  0.0701  0.0719  0.0642  0.0589  0.0592  0.0589  0.0590  0.0585  0.0588  0.0575
  0.0701  0.0694  0.0720  0.0774  0.0678  0.0641  0.0600  0.0596  0.0595  0.0590  0.0590  0.0574
  0.0717  0.0707  0.0740  0.0833  0.0723  0.0736  0.0612  0.0613  0.0602  0.0602  0.0595  0.0579
niter,ni,del,rscale     7    3    5.0000    1.2000
parameter  3  1.916263 ->  0.500000 qaram    1.3225
parameter  4  0.941615 ->  0.500000 qaram    1.5209
parameter  5  0.702728 ->  0.500000 qaram    1.5209
parameter  6  0.578750 ->  0.500000 qaram    1.3225
parameter  9  0.678407 ->  0.500000 qaram    1.1500
parameters
   -6.6789   21.8931   18.2145  -15.1148  -14.8036  -12.3770
    5.7572   -7.4601  -10.2618    0.1871    1.4084    8.9735
eta,q 0.95130 13.13497
  0.0592  0.0582  0.0539  0.0502  0.0500  0.0488  0.0503  0.0517  0.0490  0.0502  0.0499  0.0489
  0.0580  0.0574  0.0544  0.0510  0.0503  0.0490  0.0496  0.0500  0.0488  0.0495  0.0492  0.0488
  0.0574  0.0571  0.0555  0.0525  0.0507  0.0498  0.0492  0.0492  0.0489  0.0490  0.0489  0.0487
  0.0574  0.0573  0.0571  0.0547  0.0514  0.0504  0.0492  0.0492  0.0491  0.0488  0.0488  0.0488
  0.0578  0.0579  0.0590  0.0582  0.0532  0.0524  0.0496  0.0497  0.0494  0.0490  0.0490  0.0493
  0.0589  0.0587  0.0609  0.0633  0.0561  0.0570  0.0503  0.0509  0.0496  0.0495  0.0494  0.0500
  0.0603  0.0598  0.0628  0.0693  0.0596  0.0640  0.0514  0.0526  0.0500  0.0505  0.0500  0.0510
niter,ni,del,rscale     7    3    5.0000    1.2000
parameter  2  2.327475 ->  0.500000 qaram    1.1500
parameter  3  5.440873 ->  0.500000 qaram    1.5209
parameter  4  0.500209 ->  0.500000 qaram    1.7490
parameter  5  0.850175 ->  0.500000 qaram    1.7490
parameter 10  0.779795 ->  0.500000 qaram    1.1500
parameters
   -6.0476   20.5131   16.3894  -21.4113  -21.1000  -16.3616
    7.0509   -6.9886   -7.4208   -3.9529    4.3825    5.5249
eta,q 0.96342 12.74314
  0.0519  0.0467  0.0389  0.0416  0.0387  0.0387  0.0411  0.0406  0.0403  0.0370  0.0383  0.0375
  0.0504  0.0471  0.0412  0.0406  0.0382  0.0381  0.0395  0.0391  0.0391  0.0369  0.0376  0.0368
  0.0493  0.0477  0.0440  0.0407  0.0387  0.0378  0.0384  0.0381  0.0382  0.0371  0.0372  0.0366
  0.0487  0.0486  0.0473  0.0419  0.0405  0.0382  0.0378  0.0377  0.0377  0.0376  0.0369  0.0368
  0.0486  0.0495  0.0507  0.0438  0.0429  0.0401  0.0378  0.0379  0.0376  0.0381  0.0368  0.0377
  0.0489  0.0505  0.0541  0.0468  0.0456  0.0423  0.0383  0.0387  0.0377  0.0389  0.0369  0.0391
  0.0497  0.0515  0.0573  0.0517  0.0484  0.0474  0.0394  0.0399  0.0382  0.0400  0.0371  0.0409
niter,ni,del,rscale     7    3    5.0000    1.2000
parameter  3  1.543906 ->  0.500000 qaram    1.7490
parameters
   -5.9499   19.5933   14.2906  -15.8528  -19.1142  -12.0243
    6.8473   -7.2960   -6.8456   -4.3445    4.7964    1.8137
eta,q 0.96987 13.18740
  0.0392  0.0373  0.0320  0.0418  0.0417  0.0366  0.0333  0.0346  0.0333  0.0337  0.0319  0.0310
  0.0378  0.0365  0.0331  0.0382  0.0386  0.0348  0.0317  0.0320  0.0318  0.0318  0.0311  0.0303
  0.0369  0.0363  0.0345  0.0353  0.0355  0.0333  0.0308  0.0307  0.0309  0.0307  0.0306  0.0301
  0.0366  0.0366  0.0363  0.0334  0.0328  0.0320  0.0305  0.0305  0.0305  0.0305  0.0305  0.0305
  0.0368  0.0373  0.0385  0.0328  0.0319  0.0308  0.0310  0.0313  0.0307  0.0310  0.0306  0.0313
  0.0376  0.0383  0.0412  0.0331  0.0343  0.0306  0.0320  0.0329  0.0314  0.0323  0.0310  0.0327
  0.0388  0.0397  0.0447  0.0340  0.0386  0.0326  0.0335  0.0349  0.0325  0.0343  0.0316  0.0347
niter,ni,del,rscale     7    3    5.0000    1.2000
parameter  3  0.750876 ->  0.500000 qaram    2.0114
parameters
   -5.9353   19.1714   11.8770  -15.6684  -18.2863  -13.1780
    7.1281   -7.1746   -6.3757   -3.0991    8.8983    0.8268
eta,q 0.97250 13.21369
  0.0333  0.0324  0.0276  0.0343  0.0375  0.0316  0.0308  0.0322  0.0306  0.0326  0.0292  0.0291
  0.0315  0.0309  0.0276  0.0310  0.0340  0.0299  0.0292  0.0295  0.0291  0.0300  0.0285  0.0281
  0.0305  0.0301  0.0284  0.0287  0.0306  0.0286  0.0282  0.0281  0.0282  0.0285  0.0280  0.0276
  0.0301  0.0301  0.0300  0.0277  0.0277  0.0273  0.0278  0.0278  0.0278  0.0278  0.0277  0.0275
  0.0305  0.0309  0.0328  0.0277  0.0269  0.0263  0.0281  0.0284  0.0280  0.0279  0.0276  0.0279
  0.0315  0.0323  0.0369  0.0292  0.0310  0.0289  0.0290  0.0297  0.0287  0.0287  0.0275  0.0286
  0.0331  0.0343  0.0419  0.0351  0.0369  0.0396  0.0304  0.0316  0.0300  0.0303  0.0277  0.0299
niter,ni,del,rscale     7    3    5.0000    1.2000
parameters
   -5.9554   19.4708   10.1063  -15.8639  -17.9224  -14.3546
    7.1081   -7.2414   -7.5724   -1.9439   11.3607   -0.3589
eta,q 0.97317 13.14989
  0.0307  0.0317  0.0288  0.0333  0.0361  0.0311  0.0298  0.0311  0.0288  0.0316  0.0281  0.0283
  0.0289  0.0295  0.0272  0.0300  0.0328  0.0292  0.0283  0.0287  0.0276  0.0291  0.0275  0.0274
  0.0278  0.0281  0.0268  0.0278  0.0297  0.0279  0.0274  0.0274  0.0271  0.0277  0.0272  0.0269
  0.0275  0.0275  0.0275  0.0268  0.0268  0.0266  0.0271  0.0271  0.0271  0.0270  0.0270  0.0269
  0.0279  0.0277  0.0293  0.0267  0.0264  0.0256  0.0275  0.0275  0.0276  0.0271  0.0269  0.0272
  0.0290  0.0286  0.0322  0.0289  0.0310  0.0282  0.0284  0.0288  0.0286  0.0279  0.0269  0.0280
  0.0307  0.0302  0.0364  0.0352  0.0367  0.0397  0.0298  0.0312  0.0300  0.0295  0.0273  0.0293
niter,ni,del,rscale     6    3    5.0000    1.2000
parameters
   -5.9296   19.9844    9.7140  -16.3657  -18.2799  -14.7696
    7.3191   -7.4143   -8.8361   -0.4849   11.9311   -0.7219
eta,q 0.97317 13.08265
  0.0302  0.0313  0.0313  0.0330  0.0350  0.0315  0.0298  0.0307  0.0286  0.0312  0.0278  0.0286
  0.0283  0.0291  0.0283  0.0298  0.0320  0.0296  0.0283  0.0286  0.0275  0.0289  0.0273  0.0276
  0.0272  0.0276  0.0269  0.0276  0.0291  0.0281  0.0274  0.0274  0.0270  0.0275  0.0270  0.0270
  0.0268  0.0268  0.0267  0.0267  0.0267  0.0269  0.0270  0.0270  0.0270  0.0269  0.0269  0.0268
  0.0272  0.0268  0.0277  0.0268  0.0270  0.0257  0.0273  0.0273  0.0276  0.0269  0.0268  0.0271
  0.0283  0.0275  0.0297  0.0294  0.0319  0.0270  0.0282  0.0287  0.0285  0.0274  0.0270  0.0278
  0.0300  0.0289  0.0328  0.0355  0.0374  0.0359  0.0295  0.0313  0.0297  0.0289  0.0277  0.0289
niter,ni,del,rscale     5    3    5.0000    1.2000
parameters
   -5.9330   20.5132    9.3968  -16.7509  -19.0546  -15.2492
    7.5265   -7.4600   -9.6154    0.9590   12.8442   -0.8866
eta,q 0.97304 12.99981
  0.0301  0.0311  0.0314  0.0330  0.0341  0.0314  0.0298  0.0307  0.0289  0.0307  0.0280  0.0287
  0.0282  0.0290  0.0284  0.0298  0.0314  0.0296  0.0284  0.0287  0.0277  0.0288  0.0275  0.0277
  0.0272  0.0276  0.0269  0.0277  0.0288  0.0281  0.0275  0.0276  0.0272  0.0277  0.0271  0.0271
  0.0268  0.0268  0.0267  0.0267  0.0267  0.0270  0.0272  0.0272  0.0272  0.0271  0.0270  0.0270
  0.0272  0.0268  0.0276  0.0268  0.0273  0.0259  0.0274  0.0274  0.0276  0.0270  0.0269  0.0271
  0.0283  0.0274  0.0296  0.0293  0.0321  0.0273  0.0282  0.0286  0.0284  0.0274  0.0271  0.0278
  0.0300  0.0288  0.0325  0.0352  0.0375  0.0359  0.0295  0.0310  0.0296  0.0289  0.0277  0.0288
niter,ni,del,rscale     4    3    5.0000    1.2000
parameters
   -5.9576   21.1119    9.0917  -17.2065  -20.0356  -15.7549
    7.7350   -7.5423  -10.1678    2.6348   13.0895   -1.1590
eta,q 0.97291 12.89744
  0.0300  0.0311  0.0314  0.0329  0.0336  0.0314  0.0297  0.0306  0.0292  0.0306  0.0279  0.0286
  0.0283  0.0292  0.0284  0.0299  0.0310  0.0296  0.0285  0.0288  0.0280  0.0290  0.0274  0.0278
  0.0272  0.0277  0.0270  0.0277  0.0287  0.0282  0.0277  0.0277  0.0274  0.0280  0.0272  0.0272
  0.0270  0.0270  0.0268  0.0268  0.0268  0.0272  0.0273  0.0273  0.0273  0.0273  0.0271  0.0271
  0.0274  0.0268  0.0276  0.0269  0.0273  0.0262  0.0276  0.0276  0.0277  0.0270  0.0271  0.0272
  0.0284  0.0274  0.0296  0.0295  0.0320  0.0275  0.0283  0.0287  0.0285  0.0274  0.0273  0.0278
  0.0300  0.0287  0.0324  0.0351  0.0375  0.0358  0.0295  0.0310  0.0296  0.0288  0.0279  0.0289
niter,ni,del,rscale     3    3    5.0000    1.2000
parameters
   -5.9850   21.7665    8.7314  -17.5118  -21.0919  -16.3170
    7.9920   -7.5713   -9.9378    4.3427   12.1814   -1.4967
eta,q 0.97283 12.78654
  0.0299  0.0313  0.0310  0.0329  0.0332  0.0313  0.0297  0.0306  0.0297  0.0307  0.0277  0.0285
  0.0283  0.0293  0.0284  0.0299  0.0308  0.0296  0.0285  0.0288  0.0285  0.0293  0.0273  0.0277
  0.0274  0.0279  0.0271  0.0278  0.0286  0.0282  0.0277  0.0278  0.0277  0.0282  0.0272  0.0273
  0.0271  0.0271  0.0269  0.0269  0.0269  0.0273  0.0274  0.0274  0.0274  0.0274  0.0272  0.0272
  0.0275  0.0270  0.0277  0.0270  0.0272  0.0263  0.0276  0.0277  0.0276  0.0271  0.0273  0.0273
  0.0285  0.0275  0.0295  0.0293  0.0317  0.0277  0.0283  0.0287  0.0283  0.0276  0.0275  0.0278
  0.0300  0.0286  0.0323  0.0346  0.0374  0.0357  0.0294  0.0308  0.0294  0.0290  0.0282  0.0288
niter,ni,del,rscale     2    3    5.0000    1.2000
parameters
   -5.9767   22.4004    8.3410  -17.4204  -21.9687  -16.9317
    8.1403   -7.4566   -9.2598    5.5897   11.0842   -1.7510
eta,q 0.97275 12.69987
  0.0300  0.0312  0.0307  0.0331  0.0333  0.0311  0.0295  0.0307  0.0300  0.0308  0.0278  0.0284
  0.0284  0.0293  0.0284  0.0300  0.0307  0.0295  0.0284  0.0288  0.0287  0.0293  0.0274  0.0278
  0.0275  0.0279  0.0272  0.0279  0.0286  0.0282  0.0277  0.0278  0.0279  0.0281  0.0272  0.0274
  0.0272  0.0272  0.0270  0.0270  0.0270  0.0273  0.0274  0.0274  0.0274  0.0274  0.0273  0.0272
  0.0275  0.0271  0.0277  0.0272  0.0270  0.0264  0.0277  0.0277  0.0275  0.0273  0.0274  0.0273
  0.0285  0.0276  0.0294  0.0289  0.0311  0.0278  0.0283  0.0286  0.0282  0.0279  0.0277  0.0278
  0.0299  0.0287  0.0320  0.0337  0.0371  0.0354  0.0294  0.0305  0.0293  0.0295  0.0282  0.0287
niter,ni,del,rscale     1    3    5.0000    1.2000
parameters
   -5.9132   22.8528    8.0668  -17.1890  -22.4802  -17.4052
    8.0426   -7.2505   -8.7691    6.3400   10.4580   -1.9373
eta,q 0.97261 12.65329
  0.0302  0.0308  0.0308  0.0332  0.0336  0.0311  0.0294  0.0307  0.0300  0.0307  0.0280  0.0285
  0.0286  0.0290  0.0287  0.0301  0.0310  0.0295  0.0284  0.0289  0.0287  0.0291  0.0276  0.0279
  0.0276  0.0278  0.0275  0.0280  0.0289  0.0282  0.0277  0.0278  0.0279  0.0280  0.0274  0.0275
  0.0272  0.0272  0.0272  0.0272  0.0272  0.0273  0.0275  0.0275  0.0275  0.0275  0.0274  0.0274
  0.0276  0.0273  0.0277  0.0275  0.0269  0.0265  0.0277  0.0277  0.0276  0.0275  0.0275  0.0275
  0.0284  0.0279  0.0293  0.0289  0.0305  0.0276  0.0284  0.0286  0.0283  0.0282  0.0278  0.0279
  0.0298  0.0291  0.0317  0.0334  0.0366  0.0348  0.0295  0.0304  0.0295  0.0299  0.0282  0.0287
registration optimization eta report
parameter search radius
    2.4000    2.7600    4.8273   12.5928   12.5928    9.5220
    7.2000    7.2000    8.2800    8.2800    8.2800    9.5220
100000*second partial in parameter space
       47.       35.       17.        4.        5.        7.
        4.        6.        3.        4.        1.        1.
  0.0302  0.0308  0.0308  0.0332  0.0336  0.0311  0.0294  0.0307  0.0300  0.0307  0.0280  0.0285
  0.0286  0.0290  0.0287  0.0301  0.0310  0.0295  0.0284  0.0289  0.0287  0.0291  0.0276  0.0279
  0.0276  0.0278  0.0275  0.0280  0.0289  0.0282  0.0277  0.0278  0.0279  0.0280  0.0274  0.0275
  0.0272  0.0272  0.0272  0.0272  0.0272  0.0273  0.0275  0.0275  0.0275  0.0275  0.0274  0.0274
  0.0276  0.0273  0.0277  0.0275  0.0269  0.0265  0.0277  0.0277  0.0276  0.0275  0.0275  0.0275
  0.0284  0.0279  0.0293  0.0289  0.0305  0.0276  0.0284  0.0286  0.0283  0.0282  0.0278  0.0279
  0.0298  0.0291  0.0317  0.0334  0.0366  0.0348  0.0295  0.0304  0.0295  0.0299  0.0282  0.0287
   -5.9132   22.8528    8.0668  -17.1890  -22.4802  -17.4052
    8.0426   -7.2505   -8.7691    6.3400   10.4580   -1.9373
eta,q 0.97261 12.65329

---------------------------------------------------------------------
imgreg_4dfp /opt/freesurfer/average/711-2C_as_mni_average_305 /opt/freesurfer/average/711-2B_as_mni_average_305_mask talsrcimg_g11 none talsrcimg_to_711-2C_as_mni_average_305_t4 2311
---------------------------------------------------------------------

freesurfer imgreg_4dfp.c
/opt/freesurfer/average/711-2C_as_mni_average_305.4dfp.img
       256       256       256         1
  1.000000  1.000000  1.000000
orientation T byte_order littleendian
Reading image: /opt/freesurfer/average/711-2C_as_mni_average_305.4dfp.img
dimensions:      256       256       256
mmppix:       1.0000   -1.0000   -1.0000
center:     128.0000 -129.0000 -129.0000
/opt/freesurfer/average/711-2B_as_mni_average_305_mask.4dfp.img
       256       256       256         1
  1.000000  1.000000  1.000000
orientation T byte_order littleendian
Reading mask: /opt/freesurfer/average/711-2B_as_mni_average_305_mask.4dfp.img (2306576 pixels)
talsrcimg_g11.4dfp.img
       256       256       256         1
  1.000000  1.000000  1.000000
orientation T byte_order littleendian
Reading image: talsrcimg_g11.4dfp.img
dimensions:      256       256       256
mmppix:       1.0000   -1.0000   -1.0000
center:     128.0000 -129.0000 -129.0000
fimgreg.f
image alignment mode   2311 decimal      907 hex
parameters
   -5.9132   22.8528    8.0668  -17.1890  -22.4802  -17.4052
    8.0426   -7.2505   -8.7691    6.3400   10.4580   -1.9373
eta,q 0.97261 12.65330
niter,ni,del,rscale     5    3    5.0000    0.8000
parameter  5 -0.670196 -> -0.500000 qaram    1.1500
parameter  6 -0.869864 -> -0.500000 qaram    1.1500
parameters
   -5.8592   23.0750    8.0320  -16.6824  -19.7202  -14.6452
    8.5158   -7.1324   -8.2905    5.6637   11.1421   -3.9613
eta,q 0.97389 12.90561
  0.0287  0.0285  0.0278  0.0283  0.0294  0.0284  0.0276  0.0283  0.0274  0.0274  0.0267  0.0263
  0.0280  0.0280  0.0275  0.0278  0.0286  0.0278  0.0269  0.0271  0.0268  0.0268  0.0264  0.0261
  0.0275  0.0276  0.0274  0.0274  0.0280  0.0273  0.0264  0.0265  0.0264  0.0263  0.0263  0.0261
  0.0274  0.0274  0.0274  0.0274  0.0274  0.0268  0.0262  0.0262  0.0262  0.0262  0.0262  0.0262
  0.0275  0.0274  0.0274  0.0275  0.0270  0.0265  0.0263  0.0263  0.0263  0.0265  0.0262  0.0264
  0.0279  0.0276  0.0276  0.0276  0.0268  0.0262  0.0266  0.0269  0.0265  0.0273  0.0263  0.0267
  0.0285  0.0280  0.0278  0.0279  0.0272  0.0264  0.0272  0.0281  0.0270  0.0286  0.0265  0.0272
niter,ni,del,rscale     6    3    5.0000    0.9000
parameters
   -5.8039   22.5982    8.2616  -16.1349  -20.0527  -15.3415
    8.1923   -7.2061   -8.6751    5.8654   11.6024   -3.3115
eta,q 0.97379 12.93161
  0.0279  0.0268  0.0270  0.0272  0.0284  0.0281  0.0274  0.0283  0.0272  0.0279  0.0266  0.0269
  0.0269  0.0262  0.0265  0.0266  0.0274  0.0274  0.0268  0.0271  0.0266  0.0271  0.0264  0.0266
  0.0263  0.0260  0.0261  0.0262  0.0265  0.0267  0.0264  0.0265  0.0263  0.0266  0.0263  0.0263
  0.0261  0.0261  0.0260  0.0260  0.0260  0.0260  0.0263  0.0263  0.0263  0.0262  0.0262  0.0262
  0.0263  0.0265  0.0260  0.0260  0.0261  0.0258  0.0265  0.0264  0.0264  0.0263  0.0262  0.0262
  0.0268  0.0272  0.0262  0.0262  0.0272  0.0271  0.0270  0.0271  0.0268  0.0268  0.0263  0.0264
  0.0276  0.0283  0.0266  0.0268  0.0297  0.0312  0.0277  0.0285  0.0275  0.0278  0.0266  0.0267
niter,ni,del,rscale     5    3    5.0000    0.8000
parameters
   -5.8648   22.5522    8.1721  -16.1742  -19.8651  -15.3566
    8.3423   -7.2464   -8.8118    5.7513   11.9070   -3.3181
eta,q 0.97384 12.93881
  0.0274  0.0273  0.0267  0.0270  0.0283  0.0280  0.0273  0.0278  0.0270  0.0274  0.0265  0.0266
  0.0267  0.0266  0.0264  0.0265  0.0275  0.0273  0.0267  0.0269  0.0265  0.0268  0.0264  0.0264
  0.0263  0.0263  0.0262  0.0263  0.0267  0.0268  0.0263  0.0264  0.0262  0.0264  0.0262  0.0262
  0.0262  0.0262  0.0262  0.0262  0.0262  0.0262  0.0262  0.0262  0.0262  0.0262  0.0262  0.0262
  0.0264  0.0264  0.0263  0.0263  0.0261  0.0258  0.0263  0.0263  0.0263  0.0263  0.0262  0.0262
  0.0269  0.0267  0.0265  0.0265  0.0268  0.0264  0.0266  0.0268  0.0266  0.0268  0.0263  0.0264
  0.0276  0.0274  0.0268  0.0270  0.0285  0.0290  0.0272  0.0280  0.0271  0.0277  0.0265  0.0267
niter,ni,del,rscale     4    3    5.0000    0.7000
parameters
   -5.8947   22.5210    8.1614  -16.1659  -19.6035  -14.9413
    8.4259   -7.3241   -8.9090    5.6121   12.0885   -3.6098
eta,q 0.97399 12.96665
  0.0271  0.0270  0.0266  0.0268  0.0279  0.0277  0.0269  0.0274  0.0267  0.0270  0.0263  0.0264
  0.0266  0.0265  0.0263  0.0264  0.0272  0.0272  0.0264  0.0266  0.0263  0.0265  0.0262  0.0262
  0.0262  0.0262  0.0262  0.0262  0.0266  0.0266  0.0261  0.0262  0.0261  0.0262  0.0261  0.0260
  0.0262  0.0262  0.0262  0.0262  0.0262  0.0261  0.0260  0.0260  0.0260  0.0260  0.0260  0.0260
  0.0263  0.0263  0.0262  0.0262  0.0261  0.0258  0.0261  0.0261  0.0261  0.0261  0.0260  0.0261
  0.0267  0.0266  0.0264  0.0264  0.0266  0.0261  0.0264  0.0266  0.0263  0.0265  0.0261  0.0262
  0.0272  0.0271  0.0266  0.0268  0.0279  0.0278  0.0268  0.0276  0.0267  0.0273  0.0263  0.0265
niter,ni,del,rscale     3    3    5.0000    0.6000
parameters
   -5.8950   22.4693    8.2325  -16.1198  -19.3630  -14.4049
    8.4750   -7.3602   -8.9818    5.4568   12.1301   -4.0191
eta,q 0.97416 13.00090
  0.0268  0.0266  0.0264  0.0265  0.0274  0.0274  0.0265  0.0270  0.0264  0.0267  0.0261  0.0261
  0.0263  0.0263  0.0262  0.0262  0.0268  0.0269  0.0262  0.0264  0.0261  0.0263  0.0260  0.0260
  0.0261  0.0261  0.0261  0.0261  0.0263  0.0264  0.0259  0.0260  0.0259  0.0260  0.0259  0.0259
  0.0260  0.0260  0.0260  0.0260  0.0260  0.0260  0.0258  0.0258  0.0258  0.0258  0.0258  0.0258
  0.0261  0.0261  0.0260  0.0260  0.0260  0.0257  0.0259  0.0259  0.0259  0.0259  0.0258  0.0259
  0.0264  0.0263  0.0261  0.0262  0.0264  0.0260  0.0261  0.0263  0.0261  0.0263  0.0259  0.0260
  0.0268  0.0267  0.0263  0.0265  0.0273  0.0272  0.0265  0.0271  0.0264  0.0269  0.0261  0.0263
niter,ni,del,rscale     2    3    5.0000    0.5000
parameters
   -5.8790   22.4018    8.3524  -16.0837  -19.1318  -13.8244
    8.4843   -7.3652   -9.0044    5.2678   12.0638   -4.4400
eta,q 0.97432 13.03544
  0.0264  0.0262  0.0262  0.0262  0.0269  0.0270  0.0262  0.0266  0.0261  0.0263  0.0259  0.0259
  0.0261  0.0260  0.0260  0.0260  0.0264  0.0266  0.0259  0.0261  0.0258  0.0260  0.0258  0.0258
  0.0259  0.0259  0.0259  0.0259  0.0261  0.0262  0.0257  0.0258  0.0257  0.0258  0.0257  0.0257
  0.0258  0.0258  0.0258  0.0258  0.0258  0.0258  0.0257  0.0257  0.0257  0.0257  0.0257  0.0257
  0.0259  0.0259  0.0259  0.0259  0.0258  0.0256  0.0257  0.0257  0.0257  0.0258  0.0257  0.0257
  0.0261  0.0261  0.0259  0.0260  0.0261  0.0258  0.0259  0.0260  0.0259  0.0260  0.0258  0.0259
  0.0264  0.0264  0.0260  0.0262  0.0268  0.0266  0.0262  0.0266  0.0261  0.0265  0.0259  0.0260
niter,ni,del,rscale     1    3    5.0000    0.4000
parameters
   -5.8480   22.3233    8.5034  -16.0059  -18.9384  -13.2313
    8.4928   -7.3574   -9.0007    5.0335   11.9106   -4.8292
eta,q 0.97445 13.07109
  0.0261  0.0259  0.0259  0.0259  0.0264  0.0266  0.0259  0.0262  0.0258  0.0259  0.0257  0.0257
  0.0259  0.0258  0.0258  0.0258  0.0261  0.0262  0.0257  0.0258  0.0257  0.0257  0.0256  0.0256
  0.0257  0.0257  0.0257  0.0257  0.0258  0.0259  0.0256  0.0256  0.0256  0.0256  0.0256  0.0256
  0.0257  0.0257  0.0257  0.0257  0.0257  0.0257  0.0255  0.0256  0.0256  0.0256  0.0256  0.0256
  0.0257  0.0257  0.0257  0.0257  0.0257  0.0255  0.0256  0.0256  0.0256  0.0256  0.0256  0.0256
  0.0258  0.0259  0.0257  0.0258  0.0259  0.0256  0.0257  0.0258  0.0257  0.0258  0.0256  0.0257
  0.0260  0.0261  0.0258  0.0259  0.0263  0.0262  0.0259  0.0262  0.0258  0.0262  0.0258  0.0258
registration optimization eta report
parameter search radius
    0.8000    0.8000    0.8000    2.4000    2.7600    2.7600
    2.4000    2.4000    2.4000    2.4000    2.4000    2.4000
100000*second partial in parameter space
       57.       49.       30.        4.        9.        9.
        6.       11.        4.        9.        3.        3.
  0.0261  0.0259  0.0259  0.0259  0.0264  0.0266  0.0259  0.0262  0.0258  0.0259  0.0257  0.0257
  0.0259  0.0258  0.0258  0.0258  0.0261  0.0262  0.0257  0.0258  0.0257  0.0257  0.0256  0.0256
  0.0257  0.0257  0.0257  0.0257  0.0258  0.0259  0.0256  0.0256  0.0256  0.0256  0.0256  0.0256
  0.0257  0.0257  0.0257  0.0257  0.0257  0.0257  0.0255  0.0256  0.0256  0.0256  0.0256  0.0256
  0.0257  0.0257  0.0257  0.0257  0.0257  0.0255  0.0256  0.0256  0.0256  0.0256  0.0256  0.0256
  0.0258  0.0259  0.0257  0.0258  0.0259  0.0256  0.0257  0.0258  0.0257  0.0258  0.0256  0.0257
  0.0260  0.0261  0.0258  0.0259  0.0263  0.0262  0.0259  0.0262  0.0258  0.0262  0.0258  0.0258
   -5.8480   22.3233    8.5034  -16.0059  -18.9384  -13.2313
    8.4928   -7.3574   -9.0007    5.0335   11.9106   -4.8292
eta,q 0.97445 13.07109

---------------------------------------------------------------------
imgreg_4dfp /opt/freesurfer/average/711-2C_as_mni_average_305 /opt/freesurfer/average/711-2B_as_mni_average_305_mask talsrcimg_g11 none talsrcimg_to_711-2C_as_mni_average_305_t4 2311
---------------------------------------------------------------------

freesurfer imgreg_4dfp.c
/opt/freesurfer/average/711-2C_as_mni_average_305.4dfp.img
       256       256       256         1
  1.000000  1.000000  1.000000
orientation T byte_order littleendian
Reading image: /opt/freesurfer/average/711-2C_as_mni_average_305.4dfp.img
dimensions:      256       256       256
mmppix:       1.0000   -1.0000   -1.0000
center:     128.0000 -129.0000 -129.0000
/opt/freesurfer/average/711-2B_as_mni_average_305_mask.4dfp.img
       256       256       256         1
  1.000000  1.000000  1.000000
orientation T byte_order littleendian
Reading mask: /opt/freesurfer/average/711-2B_as_mni_average_305_mask.4dfp.img (2306576 pixels)
talsrcimg_g11.4dfp.img
       256       256       256         1
  1.000000  1.000000  1.000000
orientation T byte_order littleendian
Reading image: talsrcimg_g11.4dfp.img
dimensions:      256       256       256
mmppix:       1.0000   -1.0000   -1.0000
center:     128.0000 -129.0000 -129.0000
fimgreg.f
image alignment mode   2311 decimal      907 hex
parameters
   -5.8480   22.3233    8.5034  -16.0059  -18.9384  -13.2313
    8.4928   -7.3574   -9.0007    5.0335   11.9106   -4.8292
eta,q 0.97445 13.07110
niter,ni,del,rscale     5    3    5.0000    0.8000
parameters
   -5.7688   22.2441    8.7206  -16.2546  -19.3415  -13.7456
    8.3121   -7.2789   -9.0418    5.0757   11.8961   -4.1084
eta,q 0.97430 13.02964
  0.0272  0.0267  0.0266  0.0264  0.0272  0.0272  0.0268  0.0278  0.0266  0.0272  0.0261  0.0265
  0.0263  0.0260  0.0260  0.0259  0.0264  0.0267  0.0262  0.0267  0.0261  0.0265  0.0259  0.0261
  0.0257  0.0256  0.0257  0.0257  0.0258  0.0261  0.0258  0.0260  0.0258  0.0260  0.0258  0.0259
  0.0256  0.0256  0.0255  0.0255  0.0255  0.0256  0.0257  0.0257  0.0257  0.0257  0.0257  0.0257
  0.0257  0.0257  0.0256  0.0256  0.0257  0.0255  0.0259  0.0258  0.0258  0.0258  0.0257  0.0257
  0.0261  0.0262  0.0258  0.0260  0.0266  0.0265  0.0263  0.0265  0.0261  0.0263  0.0259  0.0259
  0.0269  0.0269  0.0261  0.0268  0.0283  0.0294  0.0270  0.0278  0.0266  0.0273  0.0262  0.0261
niter,ni,del,rscale     4    3    5.0000    0.7000
parameters
   -5.8480   22.2341    8.6081  -16.1126  -19.2209  -13.8484
    8.3849   -7.3289   -9.0199    4.9814   12.0491   -4.0391
eta,q 0.97430 13.03879
  0.0267  0.0266  0.0262  0.0264  0.0272  0.0271  0.0267  0.0272  0.0264  0.0268  0.0261  0.0262
  0.0261  0.0261  0.0259  0.0260  0.0265  0.0266  0.0261  0.0264  0.0260  0.0263  0.0259  0.0259
  0.0258  0.0258  0.0257  0.0258  0.0260  0.0261  0.0258  0.0259  0.0258  0.0259  0.0258  0.0258
  0.0257  0.0257  0.0257  0.0257  0.0257  0.0257  0.0257  0.0257  0.0257  0.0257  0.0257  0.0257
  0.0259  0.0258  0.0258  0.0257  0.0257  0.0255  0.0258  0.0258  0.0258  0.0258  0.0257  0.0257
  0.0263  0.0261  0.0260  0.0259  0.0262  0.0261  0.0261  0.0264  0.0260  0.0262  0.0258  0.0259
  0.0269  0.0266  0.0263  0.0264  0.0272  0.0279  0.0266  0.0274  0.0264  0.0271  0.0261  0.0262
niter,ni,del,rscale     3    3    5.0000    0.6000
parameters
   -5.8587   22.2124    8.5757  -16.0411  -19.0220  -13.5871
    8.4260   -7.3786   -9.0536    4.8481   12.0637   -4.2704
eta,q 0.97438 13.05964
  0.0265  0.0264  0.0261  0.0262  0.0269  0.0269  0.0263  0.0268  0.0261  0.0265  0.0259  0.0259
  0.0260  0.0260  0.0259  0.0260  0.0263  0.0265  0.0259  0.0262  0.0258  0.0261  0.0258  0.0258
  0.0258  0.0258  0.0257  0.0258  0.0259  0.0260  0.0257  0.0258  0.0257  0.0257  0.0257  0.0257
  0.0257  0.0257  0.0257  0.0257  0.0257  0.0257  0.0256  0.0256  0.0256  0.0256  0.0256  0.0256
  0.0258  0.0258  0.0258  0.0257  0.0257  0.0255  0.0257  0.0257  0.0257  0.0257  0.0256  0.0257
  0.0261  0.0260  0.0259  0.0259  0.0260  0.0258  0.0259  0.0262  0.0259  0.0261  0.0257  0.0258
  0.0265  0.0264  0.0261  0.0262  0.0268  0.0269  0.0263  0.0270  0.0261  0.0267  0.0260  0.0261
niter,ni,del,rscale     2    3    5.0000    0.5000
parameters
   -5.8436   22.1669    8.6376  -15.9588  -18.8425  -13.1446
    8.4391   -7.3923   -9.0498    4.6681   11.9471   -4.5792
eta,q 0.97448 13.08754
  0.0262  0.0261  0.0260  0.0260  0.0265  0.0266  0.0260  0.0265  0.0259  0.0262  0.0257  0.0257
  0.0259  0.0258  0.0258  0.0258  0.0261  0.0262  0.0258  0.0260  0.0257  0.0258  0.0256  0.0256
  0.0257  0.0257  0.0257  0.0257  0.0258  0.0259  0.0256  0.0257  0.0256  0.0256  0.0256  0.0255
  0.0256  0.0256  0.0256  0.0256  0.0256  0.0256  0.0255  0.0255  0.0255  0.0255  0.0255  0.0255
  0.0257  0.0257  0.0256  0.0256  0.0256  0.0255  0.0256  0.0256  0.0256  0.0256  0.0255  0.0256
  0.0259  0.0259  0.0257  0.0257  0.0259  0.0257  0.0257  0.0259  0.0257  0.0259  0.0256  0.0257
  0.0262  0.0261  0.0259  0.0260  0.0264  0.0263  0.0260  0.0265  0.0259  0.0264  0.0258  0.0259
niter,ni,del,rscale     1    3    5.0000    0.4000
parameters
   -5.8142   22.1047    8.7613  -15.8739  -18.6867  -12.6527
    8.4470   -7.3885   -9.0227    4.4547   11.7986   -4.8563
eta,q 0.97457 13.11708
  0.0259  0.0258  0.0258  0.0258  0.0261  0.0263  0.0258  0.0261  0.0257  0.0258  0.0256  0.0256
  0.0257  0.0256  0.0256  0.0256  0.0258  0.0260  0.0256  0.0257  0.0255  0.0256  0.0255  0.0255
  0.0256  0.0255  0.0256  0.0256  0.0256  0.0257  0.0255  0.0255  0.0255  0.0255  0.0255  0.0254
  0.0255  0.0255  0.0255  0.0255  0.0255  0.0255  0.0254  0.0254  0.0254  0.0254  0.0254  0.0254
  0.0256  0.0256  0.0255  0.0255  0.0255  0.0254  0.0255  0.0255  0.0255  0.0255  0.0254  0.0255
  0.0257  0.0257  0.0256  0.0256  0.0257  0.0255  0.0256  0.0257  0.0255  0.0257  0.0255  0.0255
  0.0259  0.0259  0.0257  0.0257  0.0260  0.0259  0.0258  0.0261  0.0257  0.0260  0.0256  0.0257
registration optimization eta report
parameter search radius
    0.8000    0.8000    0.8000    2.4000    2.4000    2.4000
    2.4000    2.4000    2.4000    2.4000    2.4000    2.4000
100000*second partial in parameter space
       60.       50.       32.        4.        9.       11.
        6.       12.        4.        9.        3.        3.
  0.0259  0.0258  0.0258  0.0258  0.0261  0.0263  0.0258  0.0261  0.0257  0.0258  0.0256  0.0256
  0.0257  0.0256  0.0256  0.0256  0.0258  0.0260  0.0256  0.0257  0.0255  0.0256  0.0255  0.0255
  0.0256  0.0255  0.0256  0.0256  0.0256  0.0257  0.0255  0.0255  0.0255  0.0255  0.0255  0.0254
  0.0255  0.0255  0.0255  0.0255  0.0255  0.0255  0.0254  0.0254  0.0254  0.0254  0.0254  0.0254
  0.0256  0.0256  0.0255  0.0255  0.0255  0.0254  0.0255  0.0255  0.0255  0.0255  0.0254  0.0255
  0.0257  0.0257  0.0256  0.0256  0.0257  0.0255  0.0256  0.0257  0.0255  0.0257  0.0255  0.0255
  0.0259  0.0259  0.0257  0.0257  0.0260  0.0259  0.0258  0.0261  0.0257  0.0260  0.0256  0.0257
   -5.8142   22.1047    8.7613  -15.8739  -18.6867  -12.6527
    8.4470   -7.3885   -9.0227    4.4547   11.7986   -4.8563
eta,q 0.97457 13.11708

---------------------------------------------------------------------
compute_vox2vox talsrcimg talsrcimg_to_711-2C_as_mni_average_305_t4 /opt/freesurfer/average/711-2C_as_mni_average_305
---------------------------------------------------------------------

freesurfer compute_vox2vox.c
Reading: talsrcimg.4dfp.ifh
Reading: talsrcimg_to_711-2C_as_mni_average_305_t4
Reading: /opt/freesurfer/average/711-2C_as_mni_average_305.4dfp.ifh
Writing: talsrcimg_to_711-2C_as_mni_average_305_t4_vox2vox.txt

start time Mon Mar 9 21:02:14 CET 2026
end		time Mon Mar 9 21:03:44 CET 2026

mpr2mni305 success

avi2talxfm orig_nu.mgz /opt/freesurfer/average/mni305.cor.mgz talsrcimg_to_711-2C_as_mni_average_305_t4_vox2vox.txt transforms/talairach.auto.xfm
avi2talxfm done
mv -f /out/sourcedata/freesurfer/sub-v1s23x0050620_ses-1/mri/talsrcimg_to_711-2C_as_mni_average_305_t4_vox2vox.txt /out/sourcedata/freesurfer/sub-v1s23x0050620_ses-1/mri/transforms/talsrcimg_to_711-2C_as_mni_average_305_t4_vox2vox.txt
lta_convert --src orig_nu.mgz --trg /opt/freesurfer/average/mni305.cor.mgz --inxfm transforms/talairach.auto.xfm --outlta transforms/talairach.auto.xfm.lta --subject fsaverage
7.3.2

--src: orig_nu.mgz src image (geometry).
--trg: /opt/freesurfer/average/mni305.cor.mgz trg image (geometry).
--inmni: transforms/talairach.auto.xfm input MNI/XFM transform.
--outlta: transforms/talairach.auto.xfm.lta output LTA.
--s: fsaverage subject name
 LTA read, type : 1
 1.16181   0.10411  -0.11447  -37.18115;
-0.14931   1.12800   0.08288   43.05214;
 0.13710  -0.05024   1.21257  -69.34773;
 0.00000   0.00000   0.00000   1.00000;
setting subject to fsaverage
Writing  LTA to file transforms/talairach.auto.xfm.lta...
lta_convert successful.
 
 
Started at Mon Mar 9 21:02:14 CET 2026
Ended   at Mon Mar  9 21:03:45 CET 2026
talairach_avi done
