status file for recon-all
Mon Mar  9 19:42:07 CET 2026
#@# MotionCor Mon Mar  9 19:42:09 CET 2026
#@# Talairach Mon Mar  9 19:42:16 CET 2026
#@# Talairach Failure Detection Mon Mar  9 19:46:42 CET 2026
#@# Nu Intensity Correction Mon Mar  9 19:46:42 CET 2026
#@# Intensity Normalization Mon Mar  9 19:49:55 CET 2026
recon-all -s sub-v1s23x0050578_ses-1 finished without error at Mon Mar  9 19:51:20 CET 2026



#New# invocation of recon-all 



status file for recon-all
Mon Mar  9 19:58:13 CET 2026
#@# EM Registration Mon Mar  9 19:58:13 CET 2026
recon-all -s sub-v1s23x0050578_ses-1 finished without error at Mon Mar  9 19:59:58 CET 2026



#New# invocation of recon-all 



status file for recon-all
Mon Mar  9 20:00:01 CET 2026
#@# CA Normalize Mon Mar  9 20:00:01 CET 2026
#@# CA Reg Mon Mar  9 20:01:23 CET 2026
#@# SubCort Seg Mon Mar  9 20:45:27 CET 2026
#@# CC Seg Mon Mar  9 21:14:06 CET 2026
#@# Merge ASeg Mon Mar  9 21:14:46 CET 2026
#@# Intensity Normalization2 Mon Mar  9 21:14:46 CET 2026
#@# Mask BFS Mon Mar  9 21:16:56 CET 2026
#@# WM Segmentation Mon Mar  9 21:16:57 CET 2026
#@# Fill Mon Mar  9 21:18:59 CET 2026
recon-all -s sub-v1s23x0050578_ses-1 finished without error at Mon Mar  9 21:20:01 CET 2026



#New# invocation of recon-all 



status file for recon-all
Mon Mar  9 22:08:27 CET 2026
#@# white curv lh Mon Mar  9 22:08:27 CET 2026
#@# white area lh Mon Mar  9 22:08:27 CET 2026
#@# pial curv lh Mon Mar  9 22:08:27 CET 2026
#@# pial area lh Mon Mar  9 22:08:27 CET 2026
#@# thickness lh Mon Mar  9 22:08:27 CET 2026
#@# area and vertex vol lh Mon Mar  9 22:08:27 CET 2026
#@# white curv rh Mon Mar  9 22:08:27 CET 2026
#@# white area rh Mon Mar  9 22:08:27 CET 2026
#@# pial curv rh Mon Mar  9 22:08:27 CET 2026
#@# pial area rh Mon Mar  9 22:08:27 CET 2026
#@# thickness rh Mon Mar  9 22:08:27 CET 2026
#@# area and vertex vol rh Mon Mar  9 22:08:27 CET 2026
#@# Cortical ribbon mask Mon Mar  9 22:08:27 CET 2026
recon-all -s sub-v1s23x0050578_ses-1 finished without error at Mon Mar  9 22:14:02 CET 2026



#New# invocation of recon-all 



status file for recon-all
Mon Mar  9 22:20:16 CET 2026
#@# white curv lh Mon Mar  9 22:20:16 CET 2026
#@# white area lh Mon Mar  9 22:20:16 CET 2026
#@# pial curv lh Mon Mar  9 22:20:16 CET 2026
#@# pial area lh Mon Mar  9 22:20:16 CET 2026
#@# thickness lh Mon Mar  9 22:20:16 CET 2026
#@# area and vertex vol lh Mon Mar  9 22:20:16 CET 2026
#@# white curv rh Mon Mar  9 22:20:16 CET 2026
#@# white area rh Mon Mar  9 22:20:16 CET 2026
#@# pial curv rh Mon Mar  9 22:20:16 CET 2026
#@# pial area rh Mon Mar  9 22:20:16 CET 2026
#@# thickness rh Mon Mar  9 22:20:16 CET 2026
#@# area and vertex vol rh Mon Mar  9 22:20:16 CET 2026
#@# Curvature Stats lh Mon Mar  9 22:20:16 CET 2026
#@# Curvature Stats rh Mon Mar  9 22:20:18 CET 2026
#@# Relabel Hypointensities Mon Mar  9 22:20:20 CET 2026
#@# APas-to-ASeg Mon Mar  9 22:20:35 CET 2026
#@# AParc-to-ASeg aparc Mon Mar  9 22:20:42 CET 2026
#@# AParc-to-ASeg aparc.a2009s Mon Mar  9 22:21:17 CET 2026
#@# AParc-to-ASeg aparc.DKTatlas Mon Mar  9 22:21:49 CET 2026
#@# WMParc Mon Mar  9 22:22:21 CET 2026
#@# ASeg Stats Mon Mar  9 22:25:59 CET 2026
recon-all -s sub-v1s23x0050578_ses-1 finished without error at Mon Mar  9 22:26:31 CET 2026
