status file for recon-all
Mon Mar  9 18:54:58 CET 2026
#@# Tessellate rh Mon Mar  9 18:54:58 CET 2026
#@# Smooth1 rh Mon Mar  9 18:55:01 CET 2026
#@# Inflation1 rh Mon Mar  9 18:55:03 CET 2026
#@# QSphere rh Mon Mar  9 18:55:12 CET 2026
#@# Fix Topology rh Mon Mar  9 18:56:01 CET 2026
#@# Smooth2 rh Mon Mar  9 19:00:38 CET 2026
#@# Inflation2 rh Mon Mar  9 19:00:40 CET 2026
#@# Curv .H and .K rh Mon Mar  9 19:00:49 CET 2026
#@# Sphere rh Mon Mar  9 19:01:27 CET 2026
#@# Surf Reg rh Mon Mar  9 19:03:28 CET 2026
#@# Jacobian white rh Mon Mar  9 19:06:10 CET 2026
#@# AvgCurv rh Mon Mar  9 19:06:10 CET 2026
#@# Cortical Parc rh Mon Mar  9 19:06:11 CET 2026
#@# white curv rh Mon Mar  9 19:10:43 CET 2026
#@# white area rh Mon Mar  9 19:10:44 CET 2026
#@# pial curv rh Mon Mar  9 19:10:45 CET 2026
#@# pial area rh Mon Mar  9 19:10:46 CET 2026
#@# thickness rh Mon Mar  9 19:10:47 CET 2026
#@# area and vertex vol rh Mon Mar  9 19:11:11 CET 2026
#@# Curvature Stats rh Mon Mar  9 19:11:12 CET 2026
#@# Cortical Parc 2 rh Mon Mar  9 19:11:14 CET 2026
#@# Cortical Parc 3 rh Mon Mar  9 19:11:24 CET 2026
#@# WM/GM Contrast rh Mon Mar  9 19:11:32 CET 2026
recon-all -s sub-v1s23x0050554_ses-1 finished without error at Mon Mar  9 19:11:35 CET 2026



#New# invocation of recon-all 



status file for recon-all
Mon Mar  9 19:18:06 CET 2026
#@# white curv rh Mon Mar  9 19:18:07 CET 2026
#@# white area rh Mon Mar  9 19:18:07 CET 2026
#@# pial curv rh Mon Mar  9 19:18:07 CET 2026
#@# pial area rh Mon Mar  9 19:18:07 CET 2026
#@# thickness rh Mon Mar  9 19:18:07 CET 2026
#@# area and vertex vol rh Mon Mar  9 19:18:07 CET 2026
#@# Parcellation Stats rh Mon Mar  9 19:18:07 CET 2026
#@# Parcellation Stats 2 rh Mon Mar  9 19:18:20 CET 2026
#@# Parcellation Stats 3 rh Mon Mar  9 19:18:27 CET 2026
#@# BA_exvivo Labels rh Mon Mar  9 19:18:33 CET 2026
recon-all -s sub-v1s23x0050554_ses-1 finished without error at Mon Mar  9 19:20:31 CET 2026
