status file for recon-all
Mon Mar  9 22:47:06 CET 2026
#@# Tessellate lh Mon Mar  9 22:47:06 CET 2026
#@# Smooth1 lh Mon Mar  9 22:47:09 CET 2026
#@# Inflation1 lh Mon Mar  9 22:47:12 CET 2026
#@# QSphere lh Mon Mar  9 22:47:26 CET 2026
#@# Fix Topology lh Mon Mar  9 22:48:38 CET 2026
#@# Smooth2 lh Mon Mar  9 22:57:48 CET 2026
#@# Inflation2 lh Mon Mar  9 22:57:51 CET 2026
#@# Curv .H and .K lh Mon Mar  9 22:58:06 CET 2026
#@# Sphere lh Mon Mar  9 22:58:52 CET 2026
#@# Surf Reg lh Mon Mar  9 23:06:29 CET 2026
#@# Jacobian white lh Mon Mar  9 23:13:44 CET 2026
#@# AvgCurv lh Mon Mar  9 23:13:45 CET 2026
#@# Cortical Parc lh Mon Mar  9 23:13:46 CET 2026
#@# white curv lh Mon Mar  9 23:20:29 CET 2026
#@# white area lh Mon Mar  9 23:20:31 CET 2026
#@# pial curv lh Mon Mar  9 23:20:31 CET 2026
#@# pial area lh Mon Mar  9 23:20:33 CET 2026
#@# thickness lh Mon Mar  9 23:20:34 CET 2026
#@# area and vertex vol lh Mon Mar  9 23:21:03 CET 2026
#@# Curvature Stats lh Mon Mar  9 23:21:05 CET 2026
#@# Cortical Parc 2 lh Mon Mar  9 23:21:08 CET 2026
#@# Cortical Parc 3 lh Mon Mar  9 23:21:22 CET 2026
#@# WM/GM Contrast lh Mon Mar  9 23:21:33 CET 2026
recon-all -s sub-v1s23x0050610_ses-1 finished without error at Mon Mar  9 23:21:37 CET 2026



#New# invocation of recon-all 



status file for recon-all
Mon Mar  9 23:54:00 CET 2026
#@# white curv lh Mon Mar  9 23:54:00 CET 2026
#@# white area lh Mon Mar  9 23:54:00 CET 2026
#@# pial curv lh Mon Mar  9 23:54:00 CET 2026
#@# pial area lh Mon Mar  9 23:54:00 CET 2026
#@# thickness lh Mon Mar  9 23:54:00 CET 2026
#@# area and vertex vol lh Mon Mar  9 23:54:00 CET 2026
#@# Parcellation Stats lh Mon Mar  9 23:54:00 CET 2026
#@# Parcellation Stats 2 lh Mon Mar  9 23:54:19 CET 2026
#@# Parcellation Stats 3 lh Mon Mar  9 23:54:28 CET 2026
#@# BA_exvivo Labels lh Mon Mar  9 23:54:38 CET 2026
recon-all -s sub-v1s23x0050610_ses-1 finished without error at Mon Mar  9 23:57:33 CET 2026
