status file for recon-all
Mon Mar  9 23:21:38 CET 2026
#@# Tessellate rh Mon Mar  9 23:21:38 CET 2026
#@# Smooth1 rh Mon Mar  9 23:21:42 CET 2026
#@# Inflation1 rh Mon Mar  9 23:21:45 CET 2026
#@# QSphere rh Mon Mar  9 23:22:00 CET 2026
#@# Fix Topology rh Mon Mar  9 23:23:16 CET 2026
#@# Smooth2 rh Mon Mar  9 23:30:14 CET 2026
#@# Inflation2 rh Mon Mar  9 23:30:17 CET 2026
#@# Curv .H and .K rh Mon Mar  9 23:30:31 CET 2026
#@# Sphere rh Mon Mar  9 23:31:19 CET 2026
#@# Surf Reg rh Mon Mar  9 23:35:58 CET 2026
#@# Jacobian white rh Mon Mar  9 23:40:16 CET 2026
#@# AvgCurv rh Mon Mar  9 23:40:17 CET 2026
#@# Cortical Parc rh Mon Mar  9 23:40:18 CET 2026
#@# white curv rh Mon Mar  9 23:47:31 CET 2026
#@# white area rh Mon Mar  9 23:47:34 CET 2026
#@# pial curv rh Mon Mar  9 23:47:34 CET 2026
#@# pial area rh Mon Mar  9 23:47:37 CET 2026
#@# thickness rh Mon Mar  9 23:47:37 CET 2026
#@# area and vertex vol rh Mon Mar  9 23:48:10 CET 2026
#@# Curvature Stats rh Mon Mar  9 23:48:12 CET 2026
#@# Cortical Parc 2 rh Mon Mar  9 23:48:15 CET 2026
#@# Cortical Parc 3 rh Mon Mar  9 23:48:30 CET 2026
#@# WM/GM Contrast rh Mon Mar  9 23:48:42 CET 2026
recon-all -s sub-v1s23x0050610_ses-1 finished without error at Mon Mar  9 23:48:45 CET 2026



#New# invocation of recon-all 



status file for recon-all
Mon Mar  9 23:57:34 CET 2026
#@# white curv rh Mon Mar  9 23:57:34 CET 2026
#@# white area rh Mon Mar  9 23:57:34 CET 2026
#@# pial curv rh Mon Mar  9 23:57:34 CET 2026
#@# pial area rh Mon Mar  9 23:57:34 CET 2026
#@# thickness rh Mon Mar  9 23:57:34 CET 2026
#@# area and vertex vol rh Mon Mar  9 23:57:34 CET 2026
#@# Parcellation Stats rh Mon Mar  9 23:57:34 CET 2026
#@# Parcellation Stats 2 rh Mon Mar  9 23:57:55 CET 2026
#@# Parcellation Stats 3 rh Mon Mar  9 23:58:05 CET 2026
#@# BA_exvivo Labels rh Mon Mar  9 23:58:15 CET 2026
recon-all -s sub-v1s23x0050610_ses-1 finished without error at Tue Mar 10 00:01:12 CET 2026
