/out/sourcedata/freesurfer/sub-v1s23x0050563_ses-1/mri
/opt/freesurfer/bin/talairach_avi
--i orig_nu.mgz --xfm transforms/talairach.auto.xfm
talairach_avi 7.3.2
Linux dna006 5.14.0-427.37.1.el9_4.x86_64 #1 SMP PREEMPT_DYNAMIC Fri Sep 13 12:41:50 EDT 2024 x86_64 x86_64 x86_64 GNU/Linux
Mon Mar  9 17:33:15 CET 2026
mri_convert orig_nu.mgz talsrcimg.img 
reading from orig_nu.mgz...
TR=0.00, TE=0.00, TI=0.00, flip angle=0.00
i_ras = (-1, 0, 0)
j_ras = (0, 0, -1)
k_ras = (0, 1, 0)
writing to talsrcimg.img...
Analyze Output Matrix
-1.00000   0.00000   0.00000   162.62770;
 0.00000   0.00000   1.00000  -180.78307;
 0.00000  -1.00000   0.00000   146.48271;
 0.00000   0.00000   0.00000   1.00000;
--------------------
INFO: set hdr.hist.orient to -1
mpr2mni305 talsrcimg
Mon Mar  9 17:33:16 CET 2026
/opt/freesurfer/bin/mpr2mni305 talsrcimg
mpr2mni305 7.3.2
target=711-2C_as_mni_average_305

---------------------------------------------------------------------
analyzeto4dfp talsrcimg -O0 -y
---------------------------------------------------------------------

freesurfer ifh2hdr.c
Mon Mar  9 17:33:16 2026
Writing: talsrcimg.4dfp.hdr
freesurfer analyzeto4dfp.c
Reading: talsrcimg.hdr
header size 348 bytes
hdr.dime.datatype	offset=70	value=2
hdr.dime.bitpix		offset=72	value=8
hdr.hist.orient		offset=252	value=-1
dimensionality     4
dimensions       256       256       256         1
Reading: talsrcimg.img
Writing: talsrcimg.4dfp.img
Writing: talsrcimg.4dfp.ifh
ifh2hdr talsrcimg -r0to230
ori=2

---------------------------------------------------------------------
gauss_4dfp talsrcimg 1.1
---------------------------------------------------------------------

freesurfer gauss_4dfp.c
Reading: talsrcimg.4dfp.img
Writing: talsrcimg_g11.4dfp.img
image dimensions 256 256 256 padded to 288 288 288
processing volume 1freesurfer ifh2hdr.c
Mon Mar  9 17:33:18 2026
Writing: talsrcimg_g11.4dfp.hdr

Writing: talsrcimg_g11.4dfp.ifh
including: talsrcimg.4dfp.img.rec in talsrcimg_g11.4dfp.img.rec

---------------------------------------------------------------------
imgreg_4dfp /opt/freesurfer/average/711-2C_as_mni_average_305 none talsrcimg_g11 none talsrcimg_to_711-2C_as_mni_average_305_t4 4355
---------------------------------------------------------------------

freesurfer imgreg_4dfp.c
/opt/freesurfer/average/711-2C_as_mni_average_305.4dfp.img
       256       256       256         1
  1.000000  1.000000  1.000000
orientation T byte_order littleendian
Reading image: /opt/freesurfer/average/711-2C_as_mni_average_305.4dfp.img
dimensions:      256       256       256
mmppix:       1.0000   -1.0000   -1.0000
center:     128.0000 -129.0000 -129.0000
talsrcimg_g11.4dfp.img
       256       256       256         1
  1.000000  1.000000  1.000000
orientation T byte_order littleendian
Reading image: talsrcimg_g11.4dfp.img
dimensions:      256       256       256
mmppix:       1.0000   -1.0000   -1.0000
center:     128.0000 -129.0000 -129.0000
t4_read: open error in t4_sub.f l:  41 t4_file(1:l)talsrcimg_to_711-2C_as_mni_average_305_t4 
t4_read: transform initialized to I4
rotation matrix determinant  1.000000
image alignment mode   4355 decimal     1103 hex
   -7.5000  -45.0000  -45.0000 8507.0537   21.1244
    0.0000  -45.0000  -45.0000 8831.2715   21.1448
    7.5000  -45.0000  -45.0000 8422.0635   21.1666
   -7.5000  -37.5000  -45.0000 8851.6865   21.1263
    0.0000  -37.5000  -45.0000 9192.7012   21.1433
    7.5000  -37.5000  -45.0000 8785.2529   21.1619
   -7.5000  -30.0000  -45.0000 9457.1318   21.1270
    0.0000  -30.0000  -45.0000 9821.5078   21.1335
    7.5000  -30.0000  -45.0000 9394.5488   21.1507
   -7.5000  -22.5000  -45.000010026.0439   21.1247
    0.0000  -22.5000  -45.000010436.7383   21.1252
    7.5000  -22.5000  -45.0000 9963.2500   21.1431
   -7.5000  -15.0000  -45.000010467.1816   21.1214
    0.0000  -15.0000  -45.000010902.2842   21.1247
    7.5000  -15.0000  -45.000010394.6807   21.1457
   -7.5000   -7.5000  -45.000010785.3545   21.1218
    0.0000   -7.5000  -45.000011230.4814   21.1346
    7.5000   -7.5000  -45.000010712.6338   21.1580
   -7.5000    0.0000  -45.000011015.3467   21.1244
    0.0000    0.0000  -45.000011395.0234   21.1448
    7.5000    0.0000  -45.000010924.8330   21.1666
   -7.5000    7.5000  -45.000010427.9023   21.1263
    0.0000    7.5000  -45.000010788.5654   21.1433
    7.5000    7.5000  -45.000010334.2949   21.1619
   -7.5000   15.0000  -45.0000 9698.6963   21.1270
    0.0000   15.0000  -45.000010033.0537   21.1335
    7.5000   15.0000  -45.0000 9600.0684   21.1507
   -7.5000   22.5000  -45.0000 8835.8154   21.1218
    0.0000   22.5000  -45.0000 9138.2178   21.1223
    7.5000   22.5000  -45.0000 8739.2715   21.1402
   -7.5000   30.0000  -45.0000 7998.9556   20.8403
    0.0000   30.0000  -45.0000 8245.2061   20.8436
    7.5000   30.0000  -45.0000 7856.5845   20.8643
   -7.5000   37.5000  -45.0000 7524.7695   20.9609
    0.0000   37.5000  -45.0000 7730.3774   20.9727
    7.5000   37.5000  -45.0000 7374.4180   20.9960
   -7.5000   45.0000  -45.0000 6837.9453   20.7560
    0.0000   45.0000  -45.0000 7049.4805   20.7798
    7.5000   45.0000  -45.0000 6703.8599   20.8029
   -7.5000  -45.0000  -37.5000 8947.0332   21.0992
    0.0000  -45.0000  -37.5000 9284.1045   21.1198
    7.5000  -45.0000  -37.5000 8852.6182   21.1523
   -7.5000  -37.5000  -37.5000 9300.6904   21.1019
    0.0000  -37.5000  -37.5000 9654.5322   21.1199
    7.5000  -37.5000  -37.5000 9219.3809   21.1484
   -7.5000  -30.0000  -37.5000 9963.3984   21.1084
    0.0000  -30.0000  -37.500010357.4512   21.1176
    7.5000  -30.0000  -37.5000 9856.6787   21.1400
   -7.5000  -22.5000  -37.500010593.3633   21.1113
    0.0000  -22.5000  -37.500011029.6416   21.1147
    7.5000  -22.5000  -37.500010477.7031   21.1339
   -7.5000  -15.0000  -37.500011054.0723   21.1094
    0.0000  -15.0000  -37.500011507.4961   21.1146
    7.5000  -15.0000  -37.500010950.2598   21.1365
   -7.5000   -7.5000  -37.500011344.5557   21.1039
    0.0000   -7.5000  -37.500011801.9307   21.1175
    7.5000   -7.5000  -37.500011260.0508   21.1466
   -7.5000    0.0000  -37.500011543.8750   21.0992
    0.0000    0.0000  -37.500011974.5928   21.1198
    7.5000    0.0000  -37.500011432.1699   21.1522
   -7.5000    7.5000  -37.500010940.9365   21.1019
    0.0000    7.5000  -37.500011333.6875   21.1199
    7.5000    7.5000  -37.500010798.8467   21.1484
   -7.5000   15.0000  -37.500010195.8398   21.1084
    0.0000   15.0000  -37.500010541.0850   21.1176
    7.5000   15.0000  -37.500010029.5059   21.1400
   -7.5000   22.5000  -37.5000 9278.6172   21.1084
    0.0000   22.5000  -37.5000 9602.7266   21.1118
    7.5000   22.5000  -37.5000 9134.5742   21.1310
   -7.5000   30.0000  -37.5000 8352.4453   20.8285
    0.0000   30.0000  -37.5000 8659.6123   20.8337
    7.5000   30.0000  -37.5000 8218.5332   20.8553
   -7.5000   37.5000  -37.5000 7849.4482   20.9432
    0.0000   37.5000  -37.5000 8097.3384   20.9560
    7.5000   37.5000  -37.5000 7707.1406   20.9855
   -7.5000   45.0000  -37.5000 7106.3735   20.7354
    0.0000   45.0000  -37.5000 7335.9907   20.7591
    7.5000   45.0000  -37.5000 6987.5356   20.7926
   -7.5000  -45.0000  -30.0000 9577.6826   21.9654
    0.0000  -45.0000  -30.0000 9947.7773   21.9894
    7.5000  -45.0000  -30.0000 9449.3838   22.0330
   -7.5000  -37.5000  -30.0000 9957.5938   21.9833
    0.0000  -37.5000  -30.000010317.9922   22.0004
    7.5000  -37.5000  -30.0000 9805.1973   22.0382
   -7.5000  -30.0000  -30.000010661.0010   22.0046
    0.0000  -30.0000  -30.000011077.4922   22.0113
    7.5000  -30.0000  -30.000010489.6025   22.0383
   -7.5000  -22.5000  -30.000011348.5820   22.0050
    0.0000  -22.5000  -30.000011794.5049   22.0086
    7.5000  -22.5000  -30.000011178.8037   22.0297
   -7.5000  -15.0000  -30.000011858.4619   21.9889
    0.0000  -15.0000  -30.000012341.6963   21.9979
    7.5000  -15.0000  -30.000011715.0049   22.0226
   -7.5000   -7.5000  -30.000012131.8242   21.9705
    0.0000   -7.5000  -30.000012647.2451   21.9895
    7.5000   -7.5000  -30.000011990.9902   22.0259
   -7.5000    0.0000  -30.000012321.3691   21.9653
    0.0000    0.0000  -30.000012817.0420   21.9894
    7.5000    0.0000  -30.000012140.7812   22.0330
   -7.5000    7.5000  -30.000011644.9229   21.9833
    0.0000    7.5000  -30.000012073.8672   22.0004
    7.5000    7.5000  -30.000011431.0039   22.0382
   -7.5000   15.0000  -30.000010836.4863   22.0046
    0.0000   15.0000  -30.000011204.7666   22.0113
    7.5000   15.0000  -30.000010609.4668   22.0383
   -7.5000   22.5000  -30.0000 9886.2393   21.9997
    0.0000   22.5000  -30.000010245.3623   22.0033
    7.5000   22.5000  -30.0000 9699.7520   22.0244
   -7.5000   30.0000  -30.0000 8864.6396   21.6986
    0.0000   30.0000  -30.0000 9218.8955   21.7075
    7.5000   30.0000  -30.0000 8727.3564   21.7318
   -7.5000   37.5000  -30.0000 8318.1963   21.8061
    0.0000   37.5000  -30.0000 8598.4277   21.8252
    7.5000   37.5000  -30.0000 8181.9287   21.8622
   -7.5000   45.0000  -30.0000 7538.0654   21.6048
    0.0000   45.0000  -30.0000 7766.6060   21.6307
    7.5000   45.0000  -30.0000 7398.4043   21.6751
   -7.5000  -45.0000  -22.500010263.7891   22.7220
    0.0000  -45.0000  -22.500010660.1758   22.7505
    7.5000  -45.0000  -22.500010103.2891   22.7936
   -7.5000  -37.5000  -22.500010658.6211   22.7558
    0.0000  -37.5000  -22.500011040.4072   22.7722
    7.5000  -37.5000  -22.500010458.2090   22.8089
   -7.5000  -30.0000  -22.500011414.1318   22.7883
    0.0000  -30.0000  -22.500011817.5459   22.7905
    7.5000  -30.0000  -22.500011191.8945   22.8166
   -7.5000  -22.5000  -22.500012134.6230   22.7823
    0.0000  -22.5000  -22.500012582.8604   22.7833
    7.5000  -22.5000  -22.500011923.5146   22.8045
   -7.5000  -15.0000  -22.500012671.6338   22.7489
    0.0000  -15.0000  -22.500013169.0391   22.7600
    7.5000  -15.0000  -22.500012442.9795   22.7854
   -7.5000   -7.5000  -22.500012990.2197   22.7211
    0.0000   -7.5000  -22.500013490.8955   22.7455
    7.5000   -7.5000  -22.500012749.4453   22.7821
   -7.5000    0.0000  -22.500013176.2676   22.7220
    0.0000    0.0000  -22.500013688.3516   22.7504
    7.5000    0.0000  -22.500012875.4043   22.7936
   -7.5000    7.5000  -22.500012403.8223   22.7558
    0.0000    7.5000  -22.500012870.3359   22.7722
    7.5000    7.5000  -22.500012106.7539   22.8089
   -7.5000   15.0000  -22.500011548.5264   22.7883
    0.0000   15.0000  -22.500011961.6172   22.7905
    7.5000   15.0000  -22.500011262.4814   22.8166
   -7.5000   22.5000  -22.500010516.1279   22.7753
    0.0000   22.5000  -22.500010910.8809   22.7762
    7.5000   22.5000  -22.500010289.7031   22.7974
   -7.5000   30.0000  -22.5000 9428.0586   22.4521
    0.0000   30.0000  -22.5000 9782.3682   22.4631
    7.5000   30.0000  -22.5000 9250.2617   22.4881
   -7.5000   37.5000  -22.5000 8848.7480   22.5550
    0.0000   37.5000  -22.5000 9168.9248   22.5800
    7.5000   37.5000  -22.5000 8686.6982   22.6168
   -7.5000   45.0000  -22.5000 8004.4653   22.3636
    0.0000   45.0000  -22.5000 8254.9424   22.3926
    7.5000   45.0000  -22.5000 7848.5459   22.4364
   -7.5000  -45.0000  -15.000010978.0732   23.2894
    0.0000  -45.0000  -15.000011402.5342   23.3189
    7.5000  -45.0000  -15.000010791.6191   23.3511
   -7.5000  -37.5000  -15.000011354.9971   23.3250
    0.0000  -37.5000  -15.000011778.9277   23.3416
    7.5000  -37.5000  -15.000011169.5352   23.3685
   -7.5000  -30.0000  -15.000012127.1045   23.3538
    0.0000  -30.0000  -15.000012568.1641   23.3539
    7.5000  -30.0000  -15.000011913.5469   23.3744
   -7.5000  -22.5000  -15.000012832.3398   23.3419
    0.0000  -22.5000  -15.000013338.3311   23.3399
    7.5000  -22.5000  -15.000012616.6260   23.3590
   -7.5000  -15.0000  -15.000013425.3457   23.3047
    0.0000  -15.0000  -15.000013988.0381   23.3137
    7.5000  -15.0000  -15.000013159.9199   23.3369
   -7.5000   -7.5000  -15.000013837.9131   23.2808
    0.0000   -7.5000  -15.000014413.6807   23.3050
    7.5000   -7.5000  -15.000013536.4443   23.3350
   -7.5000    0.0000  -15.000014024.2979   23.2894
    0.0000    0.0000  -15.000014620.3896   23.3189
    7.5000    0.0000  -15.000013709.4785   23.3511
   -7.5000    7.5000  -15.000013156.8740   23.3250
    0.0000    7.5000  -15.000013724.4209   23.3416
    7.5000    7.5000  -15.000012860.7100   23.3685
   -7.5000   15.0000  -15.000012243.9590   23.3538
    0.0000   15.0000  -15.000012760.9590   23.3539
    7.5000   15.0000  -15.000011958.0176   23.3744
   -7.5000   22.5000  -15.000011156.0156   23.3337
    0.0000   22.5000  -15.000011615.8447   23.3317
    7.5000   22.5000  -15.000010898.2979   23.3508
   -7.5000   30.0000  -15.000010019.8984   23.0038
    0.0000   30.0000  -15.000010410.1582   23.0127
    7.5000   30.0000  -15.0000 9803.1953   23.0356
   -7.5000   37.5000  -15.0000 9364.6797   23.1139
    0.0000   37.5000  -15.0000 9709.7764   23.1385
    7.5000   37.5000  -15.0000 9169.6748   23.1683
   -7.5000   45.0000  -15.0000 8450.4424   22.9313
    0.0000   45.0000  -15.0000 8747.7070   22.9614
    7.5000   45.0000  -15.0000 8279.2959   22.9947
   -7.5000  -45.0000   -7.500011724.0947   23.5866
    0.0000  -45.0000   -7.500012197.3379   23.6125
    7.5000  -45.0000   -7.500011546.5645   23.6353
   -7.5000  -37.5000   -7.500012120.1465   23.6059
    0.0000  -37.5000   -7.500012606.6211   23.6230
    7.5000  -37.5000   -7.500011932.2568   23.6415
   -7.5000  -30.0000   -7.500012858.9590   23.6174
    0.0000  -30.0000   -7.500013443.2715   23.6196
    7.5000  -30.0000   -7.500012698.5762   23.6364
   -7.5000  -22.5000   -7.500013584.3047   23.6066
    0.0000  -22.5000   -7.500014252.5713   23.6041
    7.5000  -22.5000   -7.500013427.4170   23.6227
   -7.5000  -15.0000   -7.500014243.2158   23.5847
    0.0000  -15.0000   -7.500014967.0156   23.5897
    7.5000  -15.0000   -7.500014025.9150   23.6124
   -7.5000   -7.5000   -7.500014729.9375   23.5763
    0.0000   -7.5000   -7.500015431.9980   23.5949
    7.5000   -7.5000   -7.500014456.3008   23.6199
   -7.5000    0.0000   -7.500014958.6494   23.5865
    0.0000    0.0000   -7.500015662.8955   23.6125
    7.5000    0.0000   -7.500014679.5889   23.6353
   -7.5000    7.5000   -7.500014027.2666   23.6059
    0.0000    7.5000   -7.500014673.3926   23.6230
    7.5000    7.5000   -7.500013737.9619   23.6415
   -7.5000   15.0000   -7.500012972.3291   23.6174
    0.0000   15.0000   -7.500013553.3760   23.6196
    7.5000   15.0000   -7.500012708.7998   23.6364
   -7.5000   22.5000   -7.500011860.7373   23.5957
    0.0000   22.5000   -7.500012367.9961   23.5932
    7.5000   22.5000   -7.500011618.3359   23.6118
   -7.5000   30.0000   -7.500010675.0215   23.2794
    0.0000   30.0000   -7.500011086.5938   23.2844
    7.5000   30.0000   -7.500010443.1455   23.3068
   -7.5000   37.5000   -7.5000 9948.2559   23.4062
    0.0000   37.5000   -7.500010309.5947   23.4244
    7.5000   37.5000   -7.5000 9718.0879   23.4491
   -7.5000   45.0000   -7.5000 8946.4062   23.2258
    0.0000   45.0000   -7.5000 9262.6973   23.2542
    7.5000   45.0000   -7.5000 8753.0859   23.2784
   -7.5000  -45.0000    0.000012331.0664   23.6358
    0.0000  -45.0000    0.000012902.5420   23.6587
    7.5000  -45.0000    0.000012203.0781   23.6832
   -7.5000  -37.5000    0.000012810.1016   23.6378
    0.0000  -37.5000    0.000013432.8633   23.6569
    7.5000  -37.5000    0.000012678.1299   23.6777
   -7.5000  -30.0000    0.000013564.4297   23.6385
    0.0000  -30.0000    0.000014311.3867   23.6459
    7.5000  -30.0000    0.000013496.2217   23.6651
   -7.5000  -22.5000    0.000014238.0684   23.6360
    0.0000  -22.5000    0.000014964.4668   23.6366
    7.5000  -22.5000    0.000014209.6279   23.6566
   -7.5000  -15.0000    0.000014835.2451   23.6325
    0.0000  -15.0000    0.000015513.5361   23.6362
    7.5000  -15.0000    0.000014761.6387   23.6596
   -7.5000   -7.5000    0.000015328.6387   23.6330
    0.0000   -7.5000    0.000016005.1406   23.6474
    7.5000   -7.5000    0.000015208.1689   23.6735
   -7.5000    0.0000    0.000015642.9268   23.6358
    0.0000    0.0000    0.000016322.0479   23.6587
    7.5000    0.0000    0.000015502.4482   23.6832
   -7.5000    7.5000    0.000014655.3164   23.6378
    0.0000    7.5000    0.000015285.2344   23.6569
    7.5000    7.5000    0.000014489.3809   23.6777
   -7.5000   15.0000    0.000013580.6318   23.6385
    0.0000   15.0000    0.000014134.4854   23.6459
    7.5000   15.0000    0.000013369.7803   23.6651
   -7.5000   22.5000    0.000012482.0596   23.6251
    0.0000   22.5000    0.000012949.0000   23.6257
    7.5000   22.5000    0.000012217.6562   23.6457
   -7.5000   30.0000    0.000011198.3047   23.3271
    0.0000   30.0000    0.000011608.9941   23.3307
    7.5000   30.0000    0.000010967.3154   23.3539
   -7.5000   37.5000    0.000010389.7119   23.4621
    0.0000   37.5000    0.000010781.2754   23.4753
    7.5000   37.5000    0.000010188.6562   23.5014
   -7.5000   45.0000    0.0000 9340.5312   23.2783
    0.0000   45.0000    0.0000 9675.1211   23.3051
    7.5000   45.0000    0.0000 9152.5967   23.3310
   -7.5000  -45.0000    7.500011972.2930   23.6105
    0.0000  -45.0000    7.500012559.5908   23.6336
    7.5000  -45.0000    7.500011898.1006   23.6699
   -7.5000  -37.5000    7.500012487.0352   23.6135
    0.0000  -37.5000    7.500013161.4238   23.6337
    7.5000  -37.5000    7.500012443.2344   23.6656
   -7.5000  -30.0000    7.500013240.5107   23.6209
    0.0000  -30.0000    7.500013892.2881   23.6311
    7.5000  -30.0000    7.500013312.1982   23.6562
   -7.5000  -22.5000    7.500013653.9326   23.6241
    0.0000  -22.5000    7.500014165.3984   23.6278
    7.5000  -22.5000    7.500013839.9561   23.6493
   -7.5000  -15.0000    7.500014147.5254   23.6219
    0.0000  -15.0000    7.500014626.1963   23.6277
    7.5000  -15.0000    7.500014294.1260   23.6523
   -7.5000   -7.5000    7.500014717.3867   23.6158
    0.0000   -7.5000    7.500015266.0264   23.6310
    7.5000   -7.5000    7.500014805.1816   23.6636
   -7.5000    0.0000    7.500015110.4121   23.6105
    0.0000    0.0000    7.500015705.7295   23.6336
    7.5000    0.0000    7.500015154.2695   23.6699
   -7.5000    7.5000    7.500014224.7139   23.6135
    0.0000    7.5000    7.500014815.8818   23.6337
    7.5000    7.5000    7.500014188.1104   23.6656
   -7.5000   15.0000    7.500013200.0352   23.6209
    0.0000   15.0000    7.500013736.7129   23.6311
    7.5000   15.0000    7.500013051.4766   23.6562
   -7.5000   22.5000    7.500012150.7109   23.6132
    0.0000   22.5000    7.500012627.6211   23.6169
    7.5000   22.5000    7.500011920.9658   23.6384
   -7.5000   30.0000    7.500010944.1338   23.3167
    0.0000   30.0000    7.500011344.3184   23.3224
    7.5000   30.0000    7.500010731.2471   23.3467
   -7.5000   37.5000    7.500010147.9297   23.4451
    0.0000   37.5000    7.500010546.3682   23.4594
    7.5000   37.5000    7.5000 9934.0439   23.4925
   -7.5000   45.0000    7.5000 9078.7695   23.2581
    0.0000   45.0000    7.5000 9410.7891   23.2847
    7.5000   45.0000    7.5000 8894.4658   23.3223
   -7.5000  -45.0000   15.000011399.1963   23.5873
    0.0000  -45.0000   15.000011917.4424   23.6131
    7.5000  -45.0000   15.000011371.4365   23.6599
   -7.5000  -37.5000   15.000011938.5195   23.6065
    0.0000  -37.5000   15.000012530.5791   23.6250
    7.5000  -37.5000   15.000011943.0781   23.6655
   -7.5000  -30.0000   15.000012742.8926   23.6294
    0.0000  -30.0000   15.000013255.7959   23.6366
    7.5000  -30.0000   15.000012883.1377   23.6655
   -7.5000  -22.5000   15.000013329.3066   23.6298
    0.0000  -22.5000   15.000013706.0264   23.6337
    7.5000  -22.5000   15.000013559.8711   23.6564
   -7.5000  -15.0000   15.000013941.9541   23.6126
    0.0000  -15.0000   15.000014336.9443   23.6223
    7.5000  -15.0000   15.000014092.8721   23.6488
   -7.5000   -7.5000   15.000014476.8184   23.5928
    0.0000   -7.5000   15.000014981.9824   23.6132
    7.5000   -7.5000   15.000014543.7480   23.6523
   -7.5000    0.0000   15.000014748.2900   23.5873
    0.0000    0.0000   15.000015376.2832   23.6131
    7.5000    0.0000   15.000014779.0479   23.6599
   -7.5000    7.5000   15.000013783.5654   23.6065
    0.0000    7.5000   15.000014447.1182   23.6250
    7.5000    7.5000   15.000013754.0938   23.6655
   -7.5000   15.0000   15.000012658.9004   23.6294
    0.0000   15.0000   15.000013278.2432   23.6366
    7.5000   15.0000   15.000012554.7822   23.6655
   -7.5000   22.5000   15.000011565.9346   23.6190
    0.0000   22.5000   15.000012125.9951   23.6228
    7.5000   22.5000   15.000011417.9854   23.6455
   -7.5000   30.0000   15.000010408.4805   23.3076
    0.0000   30.0000   15.000010892.1621   23.3172
    7.5000   30.0000   15.000010281.9697   23.3434
   -7.5000   37.5000   15.0000 9621.5029   23.4232
    0.0000   37.5000   15.000010075.4688   23.4437
    7.5000   37.5000   15.0000 9499.6270   23.4834
   -7.5000   45.0000   15.0000 8643.2246   23.2377
    0.0000   45.0000   15.0000 8967.0918   23.2655
    7.5000   45.0000   15.0000 8501.1660   23.3133
   -7.5000  -45.0000   22.500010777.0283   23.5903
    0.0000  -45.0000   22.500011203.0771   23.6199
    7.5000  -45.0000   22.500010757.1543   23.6648
   -7.5000  -37.5000   22.500011298.1553   23.6254
    0.0000  -37.5000   22.500011766.8086   23.6424
    7.5000  -37.5000   22.500011308.5225   23.6806
   -7.5000  -30.0000   22.500012138.1787   23.6591
    0.0000  -30.0000   22.500012650.1074   23.6614
    7.5000  -30.0000   22.500012201.1885   23.6885
   -7.5000  -22.5000   22.500012852.5352   23.6529
    0.0000  -22.5000   22.500013470.6172   23.6539
    7.5000  -22.5000   22.500012973.5762   23.6760
   -7.5000  -15.0000   22.500013504.5400   23.6182
    0.0000  -15.0000   22.500014253.4189   23.6298
    7.5000  -15.0000   22.500013583.3428   23.6561
   -7.5000   -7.5000   22.500013927.9463   23.5893
    0.0000   -7.5000   22.500014701.0430   23.6148
    7.5000   -7.5000   22.500013943.3164   23.6527
   -7.5000    0.0000   22.500014067.1230   23.5903
    0.0000    0.0000   22.500014839.7754   23.6199
    7.5000    0.0000   22.500014101.4688   23.6648
   -7.5000    7.5000   22.500013088.6641   23.6254
    0.0000    7.5000   22.500013796.1631   23.6424
    7.5000    7.5000   22.500013114.6299   23.6806
   -7.5000   15.0000   22.500011970.7822   23.6591
    0.0000   15.0000   22.500012586.2061   23.6614
    7.5000   15.0000   22.500011973.0820   23.6885
   -7.5000   22.5000   22.500010922.9854   23.6420
    0.0000   22.5000   22.500011435.7305   23.6430
    7.5000   22.5000   22.500010887.3486   23.6650
   -7.5000   30.0000   22.5000 9863.7490   23.3133
    0.0000   30.0000   22.500010298.5703   23.3248
    7.5000   30.0000   22.5000 9839.9189   23.3507
   -7.5000   37.5000   22.5000 9148.1133   23.4202
    0.0000   37.5000   22.5000 9520.2578   23.4462
    7.5000   37.5000   22.5000 9104.4912   23.4844
   -7.5000   45.0000   22.5000 8188.8071   23.2384
    0.0000   45.0000   22.5000 8496.5791   23.2686
    7.5000   45.0000   22.5000 8128.1714   23.3142
   -7.5000  -45.0000   30.000010126.9121   23.6160
    0.0000  -45.0000   30.000010559.5635   23.6460
    7.5000  -45.0000   30.000010120.9951   23.6787
   -7.5000  -37.5000   30.000010638.0322   23.6522
    0.0000  -37.5000   30.000011091.7197   23.6691
    7.5000  -37.5000   30.000010608.5547   23.6964
   -7.5000  -30.0000   30.000011397.3203   23.6813
    0.0000  -30.0000   30.000011858.6562   23.6816
    7.5000  -30.0000   30.000011381.7568   23.7024
   -7.5000  -22.5000   30.000012046.7930   23.6693
    0.0000  -22.5000   30.000012577.0195   23.6673
    7.5000  -22.5000   30.000012042.5449   23.6868
   -7.5000  -15.0000   30.000012591.5928   23.6314
    0.0000  -15.0000   30.000013194.4922   23.6407
    7.5000  -15.0000   30.000012578.1211   23.6643
   -7.5000   -7.5000   30.000012959.9951   23.6072
    0.0000   -7.5000   30.000013580.7959   23.6318
    7.5000   -7.5000   30.000012952.0029   23.6623
   -7.5000    0.0000   30.000013098.1992   23.6160
    0.0000    0.0000   30.000013754.6191   23.6460
    7.5000    0.0000   30.000013148.5459   23.6787
   -7.5000    7.5000   30.000012206.8125   23.6522
    0.0000    7.5000   30.000012835.4766   23.6691
    7.5000    7.5000   30.000012271.5439   23.6964
   -7.5000   15.0000   30.000011189.3760   23.6813
    0.0000   15.0000   30.000011749.9453   23.6816
    7.5000   15.0000   30.000011236.2383   23.7024
   -7.5000   22.5000   30.000010175.6318   23.6584
    0.0000   22.5000   30.000010658.9971   23.6564
    7.5000   22.5000   30.000010203.4902   23.6759
   -7.5000   30.0000   30.0000 9185.1924   23.3263
    0.0000   30.0000   30.0000 9617.9365   23.3355
    7.5000   30.0000   30.0000 9194.2334   23.3588
   -7.5000   37.5000   30.0000 8520.3984   23.4380
    0.0000   37.5000   30.0000 8911.0586   23.4631
    7.5000   37.5000   30.0000 8520.2324   23.4934
   -7.5000   45.0000   30.0000 7597.6802   23.2591
    0.0000   45.0000   30.0000 7923.8892   23.2898
    7.5000   45.0000   30.0000 7587.8247   23.3236
   -7.5000  -45.0000   37.5000 9807.7188   23.7420
    0.0000  -45.0000   37.500010243.9971   23.7682
    7.5000  -45.0000   37.5000 9755.4062   23.7912
   -7.5000  -37.5000   37.500010226.9854   23.7619
    0.0000  -37.5000   37.500010663.1084   23.7793
    7.5000  -37.5000   37.500010157.4590   23.7980
   -7.5000  -30.0000   37.500010910.9434   23.7734
    0.0000  -30.0000   37.500011366.7822   23.7757
    7.5000  -30.0000   37.500010839.5254   23.7927
   -7.5000  -22.5000   37.500011506.3311   23.7617
    0.0000  -22.5000   37.500011996.2666   23.7593
    7.5000  -22.5000   37.500011464.5830   23.7781
   -7.5000  -15.0000   37.500011961.9688   23.7392
    0.0000  -15.0000   37.500012507.9463   23.7442
    7.5000  -15.0000   37.500011956.6289   23.7670
   -7.5000   -7.5000   37.500012274.3496   23.7309
    0.0000   -7.5000   37.500012842.5508   23.7496
    7.5000   -7.5000   37.500012306.4600   23.7749
   -7.5000    0.0000   37.500012487.0957   23.7420
    0.0000    0.0000   37.500013056.6367   23.7682
    7.5000    0.0000   37.500012520.6104   23.7912
   -7.5000    7.5000   37.500011715.7832   23.7619
    0.0000    7.5000   37.500012271.2314   23.7793
    7.5000    7.5000   37.500011755.4111   23.7980
   -7.5000   15.0000   37.500010767.7910   23.7734
    0.0000   15.0000   37.500011277.5977   23.7757
    7.5000   15.0000   37.500010799.1357   23.7927
   -7.5000   22.5000   37.5000 9765.4209   23.7508
    0.0000   22.5000   37.500010215.5459   23.7483
    7.5000   22.5000   37.5000 9769.1572   23.7671
   -7.5000   30.0000   37.5000 8807.9521   23.4325
    0.0000   30.0000   37.5000 9203.5264   23.4375
    7.5000   30.0000   37.5000 8806.1514   23.4601
   -7.5000   37.5000   37.5000 8200.2881   23.5610
    0.0000   37.5000   37.5000 8558.3975   23.5793
    7.5000   37.5000   37.5000 8202.8223   23.6043
   -7.5000   45.0000   37.5000 7298.5000   23.3829
    0.0000   45.0000   37.5000 7591.7212   23.4116
    7.5000   45.0000   37.5000 7307.5610   23.4361
   -7.5000  -45.0000   45.0000 8983.9131   24.1177
    0.0000  -45.0000   45.0000 9401.8486   24.1418
    7.5000  -45.0000   45.0000 8913.3799   24.1669
   -7.5000  -37.5000   45.0000 9360.6045   24.1203
    0.0000  -37.5000   45.0000 9758.8369   24.1406
    7.5000  -37.5000   45.0000 9275.6904   24.1618
   -7.5000  -30.0000   45.000010008.7812   24.1218
    0.0000  -30.0000   45.000010409.3613   24.1299
    7.5000  -30.0000   45.0000 9910.7725   24.1489
   -7.5000  -22.5000   45.000010547.9902   24.1195
    0.0000  -22.5000   45.000010991.5947   24.1203
    7.5000  -22.5000   45.000010489.0469   24.1398
   -7.5000  -15.0000   45.000010977.2695   24.1154
    0.0000  -15.0000   45.000011458.5234   24.1192
    7.5000  -15.0000   45.000010958.3418   24.1422
   -7.5000   -7.5000   45.000011266.5088   24.1150
    0.0000   -7.5000   45.000011750.4863   24.1299
    7.5000   -7.5000   45.000011276.5635   24.1563
   -7.5000    0.0000   45.000011474.5869   24.1177
    0.0000    0.0000   45.000011994.6885   24.1418
    7.5000    0.0000   45.000011492.1689   24.1669
   -7.5000    7.5000   45.000010790.2490   24.1203
    0.0000    7.5000   45.000011291.9639   24.1406
    7.5000    7.5000   45.000010814.8438   24.1618
   -7.5000   15.0000   45.0000 9945.1904   24.1218
    0.0000   15.0000   45.000010410.9521   24.1299
    7.5000   15.0000   45.0000 9985.1660   24.1489
   -7.5000   22.5000   45.0000 8994.7295   24.1083
    0.0000   22.5000   45.0000 9399.1895   24.1092
    7.5000   22.5000   45.0000 9020.9795   24.1286
   -7.5000   30.0000   45.0000 8139.1807   23.8017
    0.0000   30.0000   45.0000 8509.2285   23.8054
    7.5000   30.0000   45.0000 8151.2886   23.8282
   -7.5000   37.5000   45.0000 7598.1079   23.9423
    0.0000   37.5000   45.0000 7928.8208   23.9560
    7.5000   37.5000   45.0000 7599.5781   23.9825
   -7.5000   45.0000   45.0000 6773.9756   23.7777
    0.0000   45.0000   45.0000 7049.6191   23.8059
    7.5000   45.0000   45.0000 6772.3633   23.8325

---------------------------------------------------------------------
imgreg_4dfp /opt/freesurfer/average/711-2C_as_mni_average_305 /opt/freesurfer/average/711-2B_as_mni_average_305_mask talsrcimg_g11 none talsrcimg_to_711-2C_as_mni_average_305_t4 4355
---------------------------------------------------------------------

freesurfer imgreg_4dfp.c
/opt/freesurfer/average/711-2C_as_mni_average_305.4dfp.img
       256       256       256         1
  1.000000  1.000000  1.000000
orientation T byte_order littleendian
Reading image: /opt/freesurfer/average/711-2C_as_mni_average_305.4dfp.img
dimensions:      256       256       256
mmppix:       1.0000   -1.0000   -1.0000
center:     128.0000 -129.0000 -129.0000
/opt/freesurfer/average/711-2B_as_mni_average_305_mask.4dfp.img
       256       256       256         1
  1.000000  1.000000  1.000000
orientation T byte_order littleendian
Reading mask: /opt/freesurfer/average/711-2B_as_mni_average_305_mask.4dfp.img (2306576 pixels)
talsrcimg_g11.4dfp.img
       256       256       256         1
  1.000000  1.000000  1.000000
orientation T byte_order littleendian
Reading image: talsrcimg_g11.4dfp.img
dimensions:      256       256       256
mmppix:       1.0000   -1.0000   -1.0000
center:     128.0000 -129.0000 -129.0000
rotation matrix determinant  1.000000
image alignment mode   4355 decimal     1103 hex
   -7.5000  -45.0000  -45.0000 2151.9683   19.7542
    0.0000  -45.0000  -45.0000 2167.9910   19.6490
    7.5000  -45.0000  -45.0000 2139.6287   19.8664
   -7.5000  -37.5000  -45.0000 2189.2810   19.0188
    0.0000  -37.5000  -45.0000 2204.6172   18.9592
    7.5000  -37.5000  -45.0000 2182.0161   19.1816
   -7.5000  -30.0000  -45.0000 2210.0869   18.7442
    0.0000  -30.0000  -45.0000 2219.5789   18.6716
    7.5000  -30.0000  -45.0000 2200.3628   19.0047
   -7.5000  -22.5000  -45.0000 2216.4939   18.9004
    0.0000  -22.5000  -45.0000 2233.4595   18.8456
    7.5000  -22.5000  -45.0000 2207.2715   19.1643
   -7.5000  -15.0000  -45.0000 2212.1533   19.2074
    0.0000  -15.0000  -45.0000 2223.5095   19.1703
    7.5000  -15.0000  -45.0000 2196.9312   19.5218
   -7.5000   -7.5000  -45.0000 2190.7156   19.7605
    0.0000   -7.5000  -45.0000 2205.0254   19.7170
    7.5000   -7.5000  -45.0000 2178.1235   20.0584
   -7.5000    0.0000  -45.0000 2138.4248   20.5716
    0.0000    0.0000  -45.0000 2151.7534   20.5012
    7.5000    0.0000  -45.0000 2128.2949   20.8706
   -7.5000    7.5000  -45.0000 2087.4167   21.6983
    0.0000    7.5000  -45.0000 2099.1216   21.5698
    7.5000    7.5000  -45.0000 2069.7305   21.9506
   -7.5000   15.0000  -45.0000 2009.4855   23.2961
    0.0000   15.0000  -45.0000 2020.1957   23.1301
    7.5000   15.0000  -45.0000 1989.6686   23.5737
   -7.5000   22.5000  -45.0000 1907.6658   25.5711
    0.0000   22.5000  -45.0000 1917.5217   25.3185
    7.5000   22.5000  -45.0000 1892.6694   25.8284
   -7.5000   30.0000  -45.0000 1807.1440   28.6895
    0.0000   30.0000  -45.0000 1817.0338   28.4294
    7.5000   30.0000  -45.0000 1787.4802   28.9496
   -7.5000   37.5000  -45.0000 1690.7057   32.9512
    0.0000   37.5000  -45.0000 1693.7007   32.7259
    7.5000   37.5000  -45.0000 1669.3076   33.2306
   -7.5000   45.0000  -45.0000 1561.5588   38.6375
    0.0000   45.0000  -45.0000 1570.4189   38.4052
    7.5000   45.0000  -45.0000 1540.6659   39.1507
   -7.5000  -45.0000  -37.5000 2238.2791   18.3681
    0.0000  -45.0000  -37.5000 2245.2839   18.2598
    7.5000  -45.0000  -37.5000 2223.7083   18.4807
   -7.5000  -37.5000  -37.5000 2280.2483   17.6928
    0.0000  -37.5000  -37.5000 2290.6604   17.6551
    7.5000  -37.5000  -37.5000 2272.6702   17.8565
   -7.5000  -30.0000  -37.5000 2307.7446   17.4016
    0.0000  -30.0000  -37.5000 2321.9817   17.4150
    7.5000  -30.0000  -37.5000 2299.0728   17.6261
   -7.5000  -22.5000  -37.5000 2318.0662   17.4632
    0.0000  -22.5000  -37.5000 2333.6775   17.4942
    7.5000  -22.5000  -37.5000 2303.2595   17.7185
   -7.5000  -15.0000  -37.5000 2310.5049   17.6218
    0.0000  -15.0000  -37.5000 2319.6882   17.6473
    7.5000  -15.0000  -37.5000 2294.2734   17.8916
   -7.5000   -7.5000  -37.5000 2296.3970   18.1090
    0.0000   -7.5000  -37.5000 2302.8953   18.0989
    7.5000   -7.5000  -37.5000 2276.6536   18.3267
   -7.5000    0.0000  -37.5000 2250.5901   18.8828
    0.0000    0.0000  -37.5000 2259.9912   18.8501
    7.5000    0.0000  -37.5000 2232.1008   19.1227
   -7.5000    7.5000  -37.5000 2189.6897   19.9438
    0.0000    7.5000  -37.5000 2197.6716   19.8753
    7.5000    7.5000  -37.5000 2171.5117   20.1614
   -7.5000   15.0000  -37.5000 2108.4050   21.4669
    0.0000   15.0000  -37.5000 2111.4417   21.3111
    7.5000   15.0000  -37.5000 2082.2754   21.6526
   -7.5000   22.5000  -37.5000 2005.5654   23.6332
    0.0000   22.5000  -37.5000 2006.2274   23.3729
    7.5000   22.5000  -37.5000 1979.4540   23.7741
   -7.5000   30.0000  -37.5000 1893.2369   26.3894
    0.0000   30.0000  -37.5000 1901.9546   26.1545
    7.5000   30.0000  -37.5000 1871.8322   26.5689
   -7.5000   37.5000  -37.5000 1770.1801   30.2250
    0.0000   37.5000  -37.5000 1773.3629   29.9745
    7.5000   37.5000  -37.5000 1749.7670   30.4335
   -7.5000   45.0000  -37.5000 1628.3932   35.4145
    0.0000   45.0000  -37.5000 1634.9965   35.1234
    7.5000   45.0000  -37.5000 1610.3364   35.7322
   -7.5000  -45.0000  -30.0000 2368.2559   17.6978
    0.0000  -45.0000  -30.0000 2372.9731   17.6894
    7.5000  -45.0000  -30.0000 2348.9607   17.8757
   -7.5000  -37.5000  -30.0000 2417.8782   16.9967
    0.0000  -37.5000  -30.0000 2428.8699   16.9737
    7.5000  -37.5000  -30.0000 2401.5195   17.1331
   -7.5000  -30.0000  -30.0000 2444.7812   16.6559
    0.0000  -30.0000  -30.0000 2456.9612   16.6434
    7.5000  -30.0000  -30.0000 2430.6016   16.7945
   -7.5000  -22.5000  -30.0000 2457.4624   16.6649
    0.0000  -22.5000  -30.0000 2471.4116   16.6383
    7.5000  -22.5000  -30.0000 2438.6448   16.8006
   -7.5000  -15.0000  -30.0000 2456.5991   16.8447
    0.0000  -15.0000  -30.0000 2475.0383   16.8838
    7.5000  -15.0000  -30.0000 2440.8721   17.0506
   -7.5000   -7.5000  -30.0000 2442.3328   17.3324
    0.0000   -7.5000  -30.0000 2458.3335   17.3415
    7.5000   -7.5000  -30.0000 2423.9966   17.5528
   -7.5000    0.0000  -30.0000 2400.0913   18.0785
    0.0000    0.0000  -30.0000 2409.7295   18.0758
    7.5000    0.0000  -30.0000 2377.6936   18.2983
   -7.5000    7.5000  -30.0000 2331.5393   19.1228
    0.0000    7.5000  -30.0000 2338.4751   19.0959
    7.5000    7.5000  -30.0000 2308.9006   19.3317
   -7.5000   15.0000  -30.0000 2237.8240   20.5433
    0.0000   15.0000  -30.0000 2242.9846   20.4533
    7.5000   15.0000  -30.0000 2218.2593   20.7392
   -7.5000   22.5000  -30.0000 2127.6467   22.5226
    0.0000   22.5000  -30.0000 2131.4946   22.3665
    7.5000   22.5000  -30.0000 2106.9019   22.6926
   -7.5000   30.0000  -30.0000 2002.7719   25.1798
    0.0000   30.0000  -30.0000 2013.1611   25.0079
    7.5000   30.0000  -30.0000 1984.0995   25.3625
   -7.5000   37.5000  -30.0000 1872.9221   28.7560
    0.0000   37.5000  -30.0000 1877.5558   28.5976
    7.5000   37.5000  -30.0000 1853.7491   29.0949
   -7.5000   45.0000  -30.0000 1727.6705   33.6665
    0.0000   45.0000  -30.0000 1731.3550   33.4792
    7.5000   45.0000  -30.0000 1705.1555   33.9510
   -7.5000  -45.0000  -22.5000 2474.3000   17.0036
    0.0000  -45.0000  -22.5000 2482.2710   17.0750
    7.5000  -45.0000  -22.5000 2454.2090   17.2295
   -7.5000  -37.5000  -22.5000 2539.2371   16.1604
    0.0000  -37.5000  -22.5000 2549.2161   16.1713
    7.5000  -37.5000  -22.5000 2519.6990   16.3295
   -7.5000  -30.0000  -22.5000 2573.8894   15.7672
    0.0000  -30.0000  -22.5000 2581.5146   15.7747
    7.5000  -30.0000  -22.5000 2554.9812   15.9171
   -7.5000  -22.5000  -22.5000 2590.3545   15.7373
    0.0000  -22.5000  -22.5000 2603.2434   15.7296
    7.5000  -22.5000  -22.5000 2574.7756   15.8651
   -7.5000  -15.0000  -22.5000 2587.1555   15.9923
    0.0000  -15.0000  -22.5000 2607.0120   16.0000
    7.5000  -15.0000  -22.5000 2570.7893   16.1357
   -7.5000   -7.5000  -22.5000 2572.4944   16.4999
    0.0000   -7.5000  -22.5000 2588.8616   16.5137
    7.5000   -7.5000  -22.5000 2555.7192   16.6768
   -7.5000    0.0000  -22.5000 2532.5852   17.2408
    0.0000    0.0000  -22.5000 2544.8047   17.2686
    7.5000    0.0000  -22.5000 2510.2065   17.4240
   -7.5000    7.5000  -22.5000 2455.2959   18.2239
    0.0000    7.5000  -22.5000 2467.2236   18.2125
    7.5000    7.5000  -22.5000 2438.4243   18.3991
   -7.5000   15.0000  -22.5000 2357.5500   19.5395
    0.0000   15.0000  -22.5000 2370.1140   19.4721
    7.5000   15.0000  -22.5000 2338.6853   19.7342
   -7.5000   22.5000  -22.5000 2233.7070   21.3972
    0.0000   22.5000  -22.5000 2246.0518   21.3153
    7.5000   22.5000  -22.5000 2219.9299   21.5992
   -7.5000   30.0000  -22.5000 2095.7007   23.9074
    0.0000   30.0000  -22.5000 2106.5720   23.8099
    7.5000   30.0000  -22.5000 2083.4707   24.1740
   -7.5000   37.5000  -22.5000 1958.3473   27.3270
    0.0000   37.5000  -22.5000 1968.6096   27.1782
    7.5000   37.5000  -22.5000 1946.5073   27.6214
   -7.5000   45.0000  -22.5000 1803.2767   31.8963
    0.0000   45.0000  -22.5000 1807.3932   31.5845
    7.5000   45.0000  -22.5000 1787.5469   32.1815
   -7.5000  -45.0000  -15.0000 2539.1863   16.3716
    0.0000  -45.0000  -15.0000 2554.2942   16.4513
    7.5000  -45.0000  -15.0000 2520.3220   16.6371
   -7.5000  -37.5000  -15.0000 2610.4133   15.4250
    0.0000  -37.5000  -15.0000 2629.9634   15.4488
    7.5000  -37.5000  -15.0000 2602.9929   15.6414
   -7.5000  -30.0000  -15.0000 2658.4519   14.8907
    0.0000  -30.0000  -15.0000 2668.5447   14.9382
    7.5000  -30.0000  -15.0000 2642.3027   15.1246
   -7.5000  -22.5000  -15.0000 2683.6909   14.8123
    0.0000  -22.5000  -15.0000 2697.5081   14.8192
    7.5000  -22.5000  -15.0000 2668.5830   15.0024
   -7.5000  -15.0000  -15.0000 2690.3149   15.0953
    0.0000  -15.0000  -15.0000 2713.3896   15.0942
    7.5000  -15.0000  -15.0000 2668.9219   15.2491
   -7.5000   -7.5000  -15.0000 2678.9956   15.6233
    0.0000   -7.5000  -15.0000 2702.7051   15.6338
    7.5000   -7.5000  -15.0000 2661.1416   15.7686
   -7.5000    0.0000  -15.0000 2630.0579   16.3690
    0.0000    0.0000  -15.0000 2653.7944   16.4115
    7.5000    0.0000  -15.0000 2612.9329   16.5505
   -7.5000    7.5000  -15.0000 2552.8694   17.3547
    0.0000    7.5000  -15.0000 2572.0415   17.3395
    7.5000    7.5000  -15.0000 2536.4912   17.5469
   -7.5000   15.0000  -15.0000 2440.5745   18.6220
    0.0000   15.0000  -15.0000 2461.6802   18.5486
    7.5000   15.0000  -15.0000 2430.7532   18.7805
   -7.5000   22.5000  -15.0000 2316.3081   20.4284
    0.0000   22.5000  -15.0000 2335.2942   20.3465
    7.5000   22.5000  -15.0000 2305.4946   20.6022
   -7.5000   30.0000  -15.0000 2166.8823   22.8036
    0.0000   30.0000  -15.0000 2178.0549   22.7514
    7.5000   30.0000  -15.0000 2158.4805   23.0099
   -7.5000   37.5000  -15.0000 2012.6305   25.9788
    0.0000   37.5000  -15.0000 2022.9879   25.9066
    7.5000   37.5000  -15.0000 2004.0964   26.1819
   -7.5000   45.0000  -15.0000 1848.4199   30.2082
    0.0000   45.0000  -15.0000 1862.5804   29.9811
    7.5000   45.0000  -15.0000 1837.2878   30.4282
   -7.5000  -45.0000   -7.5000 2579.8262   15.8263
    0.0000  -45.0000   -7.5000 2600.4185   15.9066
    7.5000  -45.0000   -7.5000 2571.4233   16.1662
   -7.5000  -37.5000   -7.5000 2661.6011   14.8215
    0.0000  -37.5000   -7.5000 2684.4158   14.8921
    7.5000  -37.5000   -7.5000 2654.7959   15.1180
   -7.5000  -30.0000   -7.5000 2716.0808   14.1675
    0.0000  -30.0000   -7.5000 2739.6309   14.2399
    7.5000  -30.0000   -7.5000 2707.6187   14.4340
   -7.5000  -22.5000   -7.5000 2752.8259   13.9667
    0.0000  -22.5000   -7.5000 2775.6135   14.0163
    7.5000  -22.5000   -7.5000 2742.6951   14.2206
   -7.5000  -15.0000   -7.5000 2765.0598   14.2241
    0.0000  -15.0000   -7.5000 2797.1663   14.2426
    7.5000  -15.0000   -7.5000 2753.4934   14.4151
   -7.5000   -7.5000   -7.5000 2760.0024   14.7710
    0.0000   -7.5000   -7.5000 2792.4465   14.7947
    7.5000   -7.5000   -7.5000 2748.2581   14.9560
   -7.5000    0.0000   -7.5000 2707.4658   15.5590
    0.0000    0.0000   -7.5000 2739.2874   15.5503
    7.5000    0.0000   -7.5000 2699.8987   15.7412
   -7.5000    7.5000   -7.5000 2626.0984   16.5649
    0.0000    7.5000   -7.5000 2650.5103   16.5487
    7.5000    7.5000   -7.5000 2613.1589   16.7635
   -7.5000   15.0000   -7.5000 2506.3757   17.8361
    0.0000   15.0000   -7.5000 2526.0835   17.7744
    7.5000   15.0000   -7.5000 2495.4126   17.9778
   -7.5000   22.5000   -7.5000 2375.3577   19.5604
    0.0000   22.5000   -7.5000 2393.2749   19.5100
    7.5000   22.5000   -7.5000 2362.8914   19.7197
   -7.5000   30.0000   -7.5000 2215.7415   21.8494
    0.0000   30.0000   -7.5000 2227.2749   21.7919
    7.5000   30.0000   -7.5000 2208.1670   22.0061
   -7.5000   37.5000   -7.5000 2051.4104   24.8967
    0.0000   37.5000   -7.5000 2065.2900   24.7362
    7.5000   37.5000   -7.5000 2043.1625   25.0832
   -7.5000   45.0000   -7.5000 1882.4995   28.9104
    0.0000   45.0000   -7.5000 1899.5076   28.7278
    7.5000   45.0000   -7.5000 1871.5101   29.1797
   -7.5000  -45.0000    0.0000 2583.5981   15.4728
    0.0000  -45.0000    0.0000 2611.2483   15.5790
    7.5000  -45.0000    0.0000 2586.9902   15.8865
   -7.5000  -37.5000    0.0000 2676.2571   14.4438
    0.0000  -37.5000    0.0000 2705.2732   14.5356
    7.5000  -37.5000    0.0000 2681.3818   14.8334
   -7.5000  -30.0000    0.0000 2745.7676   13.6594
    0.0000  -30.0000    0.0000 2782.4382   13.7478
    7.5000  -30.0000    0.0000 2743.8813   14.0533
   -7.5000  -22.5000    0.0000 2791.3064   13.3254
    0.0000  -22.5000    0.0000 2827.8889   13.3644
    7.5000  -22.5000    0.0000 2784.3145   13.7122
   -7.5000  -15.0000    0.0000 2816.1724   13.4991
    0.0000  -15.0000    0.0000 2847.7236   13.4899
    7.5000  -15.0000    0.0000 2809.9739   13.8121
   -7.5000   -7.5000    0.0000 2804.0593   14.1154
    0.0000   -7.5000    0.0000 2837.6445   14.0091
    7.5000   -7.5000    0.0000 2802.0413   14.3511
   -7.5000    0.0000    0.0000 2750.7261   15.0071
    0.0000    0.0000    0.0000 2780.8347   14.8831
    7.5000    0.0000    0.0000 2748.8933   15.1958
   -7.5000    7.5000    0.0000 2660.6748   16.0339
    0.0000    7.5000    0.0000 2683.8516   15.9773
    7.5000    7.5000    0.0000 2654.0986   16.2556
   -7.5000   15.0000    0.0000 2544.7249   17.2820
    0.0000   15.0000    0.0000 2559.7432   17.1923
    7.5000   15.0000    0.0000 2530.8955   17.4574
   -7.5000   22.5000    0.0000 2411.5691   18.9809
    0.0000   22.5000    0.0000 2425.0789   18.8658
    7.5000   22.5000    0.0000 2395.6702   19.1457
   -7.5000   30.0000    0.0000 2249.0151   21.2134
    0.0000   30.0000    0.0000 2259.3972   21.1228
    7.5000   30.0000    0.0000 2236.9216   21.3937
   -7.5000   37.5000    0.0000 2073.2600   24.1696
    0.0000   37.5000    0.0000 2088.3083   24.0519
    7.5000   37.5000    0.0000 2067.1296   24.4121
   -7.5000   45.0000    0.0000 1903.0944   28.0065
    0.0000   45.0000    0.0000 1914.4191   27.8027
    7.5000   45.0000    0.0000 1894.9429   28.2242
   -7.5000  -45.0000    7.5000 2578.1177   15.3775
    0.0000  -45.0000    7.5000 2603.8394   15.3894
    7.5000  -45.0000    7.5000 2582.8591   15.8196
   -7.5000  -37.5000    7.5000 2673.2402   14.2766
    0.0000  -37.5000    7.5000 2700.4417   14.3089
    7.5000  -37.5000    7.5000 2676.9849   14.7142
   -7.5000  -30.0000    7.5000 2752.4924   13.4871
    0.0000  -30.0000    7.5000 2794.1936   13.5092
    7.5000  -30.0000    7.5000 2750.8589   13.9208
   -7.5000  -22.5000    7.5000 2799.3496   13.0040
    0.0000  -22.5000    7.5000 2832.4233   12.8644
    7.5000  -22.5000    7.5000 2798.7202   13.4895
   -7.5000  -15.0000    7.5000 2834.8359   13.1001
    0.0000  -15.0000    7.5000 2851.3828   12.8832
    7.5000  -15.0000    7.5000 2829.2229   13.5119
   -7.5000   -7.5000    7.5000 2827.9023   13.7760
    0.0000   -7.5000    7.5000 2847.3933   13.5795
    7.5000   -7.5000    7.5000 2826.8870   14.0787
   -7.5000    0.0000    7.5000 2776.4565   14.6851
    0.0000    0.0000    7.5000 2794.5125   14.5439
    7.5000    0.0000    7.5000 2773.5725   14.9357
   -7.5000    7.5000    7.5000 2689.7354   15.7983
    0.0000    7.5000    7.5000 2708.1267   15.6702
    7.5000    7.5000    7.5000 2682.6660   16.0029
   -7.5000   15.0000    7.5000 2569.1484   17.1537
    0.0000   15.0000    7.5000 2581.2354   17.0120
    7.5000   15.0000    7.5000 2554.5867   17.2964
   -7.5000   22.5000    7.5000 2435.6182   18.8580
    0.0000   22.5000    7.5000 2447.5398   18.6924
    7.5000   22.5000    7.5000 2422.1550   19.0070
   -7.5000   30.0000    7.5000 2274.2983   21.0833
    0.0000   30.0000    7.5000 2282.0107   20.9306
    7.5000   30.0000    7.5000 2264.6628   21.2626
   -7.5000   37.5000    7.5000 2094.2969   23.9319
    0.0000   37.5000    7.5000 2109.6909   23.7962
    7.5000   37.5000    7.5000 2084.0049   24.1416
   -7.5000   45.0000    7.5000 1916.2335   27.5155
    0.0000   45.0000    7.5000 1927.0221   27.3011
    7.5000   45.0000    7.5000 1904.9698   27.7804
   -7.5000  -45.0000   15.0000 2549.8574   15.4240
    0.0000  -45.0000   15.0000 2575.4421   15.3889
    7.5000  -45.0000   15.0000 2551.5159   15.8853
   -7.5000  -37.5000   15.0000 2647.0164   14.3614
    0.0000  -37.5000   15.0000 2671.6750   14.2913
    7.5000  -37.5000   15.0000 2650.6470   14.8178
   -7.5000  -30.0000   15.0000 2738.2036   13.6881
    0.0000  -30.0000   15.0000 2764.6104   13.5977
    7.5000  -30.0000   15.0000 2736.0591   14.1628
   -7.5000  -22.5000   15.0000 2809.9417   13.3283
    0.0000  -22.5000   15.0000 2826.8472   13.0887
    7.5000  -22.5000   15.0000 2808.8054   13.8150
   -7.5000  -15.0000   15.0000 2853.1509   13.4157
    0.0000  -15.0000   15.0000 2867.2454   13.1897
    7.5000  -15.0000   15.0000 2842.2947   13.7948
   -7.5000   -7.5000   15.0000 2847.2358   13.9365
    0.0000   -7.5000   15.0000 2872.3948   13.7640
    7.5000   -7.5000   15.0000 2837.8450   14.1937
   -7.5000    0.0000   15.0000 2778.7051   14.7052
    0.0000    0.0000   15.0000 2810.0437   14.6099
    7.5000    0.0000   15.0000 2778.4565   14.9417
   -7.5000    7.5000   15.0000 2690.4128   15.7569
    0.0000    7.5000   15.0000 2718.4666   15.7021
    7.5000    7.5000   15.0000 2686.5874   15.9653
   -7.5000   15.0000   15.0000 2561.4680   17.1387
    0.0000   15.0000   15.0000 2581.8340   17.1087
    7.5000   15.0000   15.0000 2555.0264   17.3065
   -7.5000   22.5000   15.0000 2424.8301   18.8103
    0.0000   22.5000   15.0000 2444.1694   18.8460
    7.5000   22.5000   15.0000 2415.5298   19.0106
   -7.5000   30.0000   15.0000 2259.9978   20.9933
    0.0000   30.0000   15.0000 2277.9275   21.0317
    7.5000   30.0000   15.0000 2258.1858   21.1963
   -7.5000   37.5000   15.0000 2085.1179   23.7415
    0.0000   37.5000   15.0000 2103.1960   23.7771
    7.5000   37.5000   15.0000 2079.7224   24.0090
   -7.5000   45.0000   15.0000 1923.4318   27.3483
    0.0000   45.0000   15.0000 1924.0803   27.2093
    7.5000   45.0000   15.0000 1913.8639   27.5677
   -7.5000  -45.0000   22.5000 2515.9160   15.9088
    0.0000  -45.0000   22.5000 2529.9871   15.7450
    7.5000  -45.0000   22.5000 2509.3555   16.3572
   -7.5000  -37.5000   22.5000 2622.1138   14.9395
    0.0000  -37.5000   22.5000 2637.1396   14.8159
    7.5000  -37.5000   22.5000 2617.2095   15.3966
   -7.5000  -30.0000   22.5000 2724.1226   14.3767
    0.0000  -30.0000   22.5000 2751.5459   14.2567
    7.5000  -30.0000   22.5000 2718.1345   14.8590
   -7.5000  -22.5000   22.5000 2797.8904   13.9478
    0.0000  -22.5000   22.5000 2829.0361   13.8648
    7.5000  -22.5000   22.5000 2790.0251   14.3951
   -7.5000  -15.0000   22.5000 2835.2705   14.0513
    0.0000  -15.0000   22.5000 2872.9922   14.0823
    7.5000  -15.0000   22.5000 2822.1914   14.4143
   -7.5000   -7.5000   22.5000 2820.2905   14.3852
    0.0000   -7.5000   22.5000 2855.3525   14.4662
    7.5000   -7.5000   22.5000 2814.0530   14.7111
   -7.5000    0.0000   22.5000 2747.1936   15.0224
    0.0000    0.0000   22.5000 2780.4827   15.0623
    7.5000    0.0000   22.5000 2751.5735   15.3124
   -7.5000    7.5000   22.5000 2662.3665   15.9885
    0.0000    7.5000   22.5000 2689.0327   15.9539
    7.5000    7.5000   22.5000 2660.1316   16.2140
   -7.5000   15.0000   22.5000 2541.8823   17.3360
    0.0000   15.0000   22.5000 2561.8601   17.2440
    7.5000   15.0000   22.5000 2537.3262   17.4840
   -7.5000   22.5000   22.5000 2405.9114   19.0415
    0.0000   22.5000   22.5000 2420.1360   18.9440
    7.5000   22.5000   22.5000 2401.3677   19.1819
   -7.5000   30.0000   22.5000 2241.4812   21.2281
    0.0000   30.0000   22.5000 2257.1721   21.1231
    7.5000   30.0000   22.5000 2243.6797   21.3982
   -7.5000   37.5000   22.5000 2071.5098   23.9545
    0.0000   37.5000   22.5000 2084.2847   23.8514
    7.5000   37.5000   22.5000 2068.2620   24.1560
   -7.5000   45.0000   22.5000 1908.9136   27.3879
    0.0000   45.0000   22.5000 1922.4154   27.2401
    7.5000   45.0000   22.5000 1901.2126   27.6516
   -7.5000  -45.0000   30.0000 2474.5671   16.8243
    0.0000  -45.0000   30.0000 2480.9355   16.6872
    7.5000  -45.0000   30.0000 2466.3403   17.2588
   -7.5000  -37.5000   30.0000 2586.2727   15.8594
    0.0000  -37.5000   30.0000 2603.3977   15.7471
    7.5000  -37.5000   30.0000 2576.4004   16.2828
   -7.5000  -30.0000   30.0000 2672.5784   15.1827
    0.0000  -30.0000   30.0000 2699.7820   15.0313
    7.5000  -30.0000   30.0000 2668.5588   15.5839
   -7.5000  -22.5000   30.0000 2744.3274   14.7236
    0.0000  -22.5000   30.0000 2774.2251   14.6425
    7.5000  -22.5000   30.0000 2735.4319   15.1124
   -7.5000  -15.0000   30.0000 2771.6423   14.8098
    0.0000  -15.0000   30.0000 2802.7681   14.7730
    7.5000  -15.0000   30.0000 2762.2002   15.1005
   -7.5000   -7.5000   30.0000 2757.9604   15.1181
    0.0000   -7.5000   30.0000 2780.8989   15.1138
    7.5000   -7.5000   30.0000 2745.8962   15.4150
   -7.5000    0.0000   30.0000 2685.0479   15.7437
    0.0000    0.0000   30.0000 2714.7139   15.7635
    7.5000    0.0000   30.0000 2683.0054   16.0594
   -7.5000    7.5000   30.0000 2596.4858   16.6494
    0.0000    7.5000   30.0000 2624.7354   16.6598
    7.5000    7.5000   30.0000 2593.5142   16.9542
   -7.5000   15.0000   30.0000 2489.3721   17.8645
    0.0000   15.0000   30.0000 2509.5562   17.7862
    7.5000   15.0000   30.0000 2484.6973   18.0706
   -7.5000   22.5000   30.0000 2359.1506   19.4736
    0.0000   22.5000   30.0000 2374.4229   19.3922
    7.5000   22.5000   30.0000 2354.1912   19.6879
   -7.5000   30.0000   30.0000 2203.6956   21.5974
    0.0000   30.0000   30.0000 2222.4846   21.5083
    7.5000   30.0000   30.0000 2202.7383   21.8419
   -7.5000   37.5000   30.0000 2045.0721   24.3043
    0.0000   37.5000   30.0000 2063.7368   24.1846
    7.5000   37.5000   30.0000 2042.3533   24.5663
   -7.5000   45.0000   30.0000 1889.0088   27.6622
    0.0000   45.0000   30.0000 1899.7190   27.4494
    7.5000   45.0000   30.0000 1884.6893   27.9338
   -7.5000  -45.0000   37.5000 2424.0496   18.0358
    0.0000  -45.0000   37.5000 2440.4355   17.9278
    7.5000  -45.0000   37.5000 2413.8486   18.4308
   -7.5000  -37.5000   37.5000 2527.1155   16.9520
    0.0000  -37.5000   37.5000 2551.8640   16.8107
    7.5000  -37.5000   37.5000 2517.0371   17.3246
   -7.5000  -30.0000   37.5000 2605.9370   16.1332
    0.0000  -30.0000   37.5000 2633.4631   16.0075
    7.5000  -30.0000   37.5000 2598.3660   16.4993
   -7.5000  -22.5000   37.5000 2667.4429   15.7180
    0.0000  -22.5000   37.5000 2691.6616   15.6430
    7.5000  -22.5000   37.5000 2660.8730   16.0682
   -7.5000  -15.0000   37.5000 2680.5771   15.6936
    0.0000  -15.0000   37.5000 2710.6428   15.6080
    7.5000  -15.0000   37.5000 2674.7168   15.9687
   -7.5000   -7.5000   37.5000 2659.1001   16.0035
    0.0000   -7.5000   37.5000 2683.6875   15.9420
    7.5000   -7.5000   37.5000 2657.5974   16.2821
   -7.5000    0.0000   37.5000 2601.2295   16.6185
    0.0000    0.0000   37.5000 2628.8342   16.5744
    7.5000    0.0000   37.5000 2598.6624   16.8756
   -7.5000    7.5000   37.5000 2524.3691   17.5185
    0.0000    7.5000   37.5000 2549.5132   17.4660
    7.5000    7.5000   37.5000 2517.7356   17.7729
   -7.5000   15.0000   37.5000 2420.9460   18.7021
    0.0000   15.0000   37.5000 2441.4385   18.6292
    7.5000   15.0000   37.5000 2415.1897   18.8918
   -7.5000   22.5000   37.5000 2302.5537   20.2205
    0.0000   22.5000   37.5000 2317.2151   20.1417
    7.5000   22.5000   37.5000 2294.8711   20.4351
   -7.5000   30.0000   37.5000 2160.0928   22.2721
    0.0000   30.0000   37.5000 2170.2261   22.1939
    7.5000   30.0000   37.5000 2149.6313   22.5140
   -7.5000   37.5000   37.5000 2014.5072   25.0653
    0.0000   37.5000   37.5000 2024.0292   24.9253
    7.5000   37.5000   37.5000 2006.1820   25.2897
   -7.5000   45.0000   37.5000 1857.2272   28.4437
    0.0000   45.0000   37.5000 1861.1737   28.2157
    7.5000   45.0000   37.5000 1851.0784   28.7265
   -7.5000  -45.0000   45.0000 2355.3364   19.4596
    0.0000  -45.0000   45.0000 2379.7461   19.3503
    7.5000  -45.0000   45.0000 2341.7219   19.7919
   -7.5000  -37.5000   45.0000 2452.3962   18.2071
    0.0000  -37.5000   45.0000 2476.0154   18.0497
    7.5000  -37.5000   45.0000 2438.6033   18.5444
   -7.5000  -30.0000   45.0000 2532.5015   17.3581
    0.0000  -30.0000   45.0000 2550.0371   17.2480
    7.5000  -30.0000   45.0000 2516.3330   17.6700
   -7.5000  -22.5000   45.0000 2570.8091   16.9437
    0.0000  -22.5000   45.0000 2593.7056   16.8316
    7.5000  -22.5000   45.0000 2563.0337   17.2323
   -7.5000  -15.0000   45.0000 2574.7068   16.8203
    0.0000  -15.0000   45.0000 2602.6768   16.7250
    7.5000  -15.0000   45.0000 2574.6277   17.0799
   -7.5000   -7.5000   45.0000 2548.5999   17.0600
    0.0000   -7.5000   45.0000 2573.1279   17.0290
    7.5000   -7.5000   45.0000 2549.3787   17.3494
   -7.5000    0.0000   45.0000 2492.9170   17.6482
    0.0000    0.0000   45.0000 2520.1138   17.6288
    7.5000    0.0000   45.0000 2495.9873   17.9379
   -7.5000    7.5000   45.0000 2420.5466   18.5320
    0.0000    7.5000   45.0000 2446.3984   18.5241
    7.5000    7.5000   45.0000 2421.4275   18.8141
   -7.5000   15.0000   45.0000 2334.3186   19.6852
    0.0000   15.0000   45.0000 2353.8193   19.6601
    7.5000   15.0000   45.0000 2333.9111   19.9131
   -7.5000   22.5000   45.0000 2223.0471   21.1894
    0.0000   22.5000   45.0000 2234.7180   21.1181
    7.5000   22.5000   45.0000 2217.2231   21.3787
   -7.5000   30.0000   45.0000 2097.1729   23.2078
    0.0000   30.0000   45.0000 2108.6101   23.1588
    7.5000   30.0000   45.0000 2089.8867   23.4934
   -7.5000   37.5000   45.0000 1963.6632   26.0204
    0.0000   37.5000   45.0000 1976.7808   25.9131
    7.5000   37.5000   45.0000 1955.5399   26.3612
   -7.5000   45.0000   45.0000 1815.2007   29.6077
    0.0000   45.0000   45.0000 1821.4631   29.3980
    7.5000   45.0000   45.0000 1804.0695   29.9022

---------------------------------------------------------------------
imgreg_4dfp /opt/freesurfer/average/711-2C_as_mni_average_305 /opt/freesurfer/average/711-2B_as_mni_average_305_mask talsrcimg_g11 none talsrcimg_to_711-2C_as_mni_average_305_t4 1283
---------------------------------------------------------------------

freesurfer imgreg_4dfp.c
/opt/freesurfer/average/711-2C_as_mni_average_305.4dfp.img
       256       256       256         1
  1.000000  1.000000  1.000000
orientation T byte_order littleendian
Reading image: /opt/freesurfer/average/711-2C_as_mni_average_305.4dfp.img
dimensions:      256       256       256
mmppix:       1.0000   -1.0000   -1.0000
center:     128.0000 -129.0000 -129.0000
/opt/freesurfer/average/711-2B_as_mni_average_305_mask.4dfp.img
       256       256       256         1
  1.000000  1.000000  1.000000
orientation T byte_order littleendian
Reading mask: /opt/freesurfer/average/711-2B_as_mni_average_305_mask.4dfp.img (2306576 pixels)
talsrcimg_g11.4dfp.img
       256       256       256         1
  1.000000  1.000000  1.000000
orientation T byte_order littleendian
Reading image: talsrcimg_g11.4dfp.img
dimensions:      256       256       256
mmppix:       1.0000   -1.0000   -1.0000
center:     128.0000 -129.0000 -129.0000
rotation matrix determinant  1.000000
fimgreg.f
image alignment mode   1283 decimal      503 hex
parameters
    0.0000  -15.0000   22.5000    0.0000    0.0000    0.0000
eta,q 0.90307 14.08466
niter,ni,del,rscale     5    3   12.0000    1.2000
parameter  3  0.862446 ->  0.500000 qaram    1.1500
parameter  4  0.920765 ->  0.500000 qaram    1.1500
parameters
   -0.2630  -13.1709   19.0500   -3.4500   -2.4312    0.2924
eta,q 0.91324 13.55554
  0.1077  0.1093  0.0924  0.0875  0.0889  0.0945
  0.1030  0.1043  0.0899  0.0872  0.0871  0.0905
  0.0992  0.1007  0.0917  0.0882  0.0867  0.0875
  0.0979  0.0975  0.0962  0.0905  0.0874  0.0867
  0.1001  0.0965  0.1023  0.0935  0.0900  0.0880
  0.1040  0.0981  0.1071  0.0976  0.0938  0.0904
  0.1095  0.1008  0.1135  0.1012  0.0973  0.0925
niter,ni,del,rscale     6    3   12.0000    1.2000
parameter  4  0.645824 ->  0.500000 qaram    1.3225
parameters
    0.2846  -12.4992   17.7673   -7.4175   -2.4952   -0.3580
eta,q 0.91592 13.42466
  0.1017  0.1022  0.0948  0.0838  0.0905  0.0880
  0.0971  0.0949  0.0916  0.0840  0.0870  0.0854
  0.0905  0.0893  0.0862  0.0847  0.0850  0.0842
  0.0868  0.0866  0.0866  0.0855  0.0842  0.0842
  0.0876  0.0881  0.0910  0.0874  0.0848  0.0852
  0.0923  0.0919  0.0976  0.0919  0.0874  0.0873
  0.0986  0.0961  0.1030  0.0967  0.0908  0.0895
niter,ni,del,rscale     6    3   12.0000    1.2000
parameters
    0.3634  -11.0250   17.0597  -11.3300   -2.8978    0.6341
eta,q 0.91867 13.37742
  0.0967  0.0981  0.0929  0.0841  0.0860  0.0873
  0.0925  0.0908  0.0912  0.0814  0.0827  0.0838
  0.0864  0.0861  0.0858  0.0820  0.0815  0.0822
  0.0841  0.0841  0.0836  0.0833  0.0815  0.0815
  0.0855  0.0838  0.0869  0.0862  0.0820  0.0813
  0.0904  0.0856  0.0920  0.0896  0.0841  0.0821
  0.0973  0.0882  0.0994  0.0931  0.0872  0.0842
niter,ni,del,rscale     5    3   12.0000    1.2000
parameters
    0.5825   -9.0990   16.4186  -13.3920   -3.6315    0.6693
eta,q 0.92019 13.38194
  0.0921  0.0957  0.0892  0.0847  0.0843  0.0838
  0.0887  0.0885  0.0884  0.0801  0.0813  0.0811
  0.0841  0.0843  0.0847  0.0798  0.0798  0.0801
  0.0813  0.0812  0.0802  0.0809  0.0800  0.0798
  0.0816  0.0802  0.0828  0.0831  0.0808  0.0804
  0.0857  0.0821  0.0884  0.0862  0.0834  0.0817
  0.0924  0.0841  0.0962  0.0906  0.0870  0.0831
niter,ni,del,rscale     4    3   12.0000    1.2000
parameters
    0.6725   -7.4743   15.3188  -16.4687   -4.1796    0.9008
eta,q 0.92368 13.33844
  0.0937  0.0911  0.0859  0.0825  0.0813  0.0819
  0.0886  0.0855  0.0852  0.0767  0.0777  0.0782
  0.0829  0.0817  0.0825  0.0768  0.0763  0.0765
  0.0798  0.0798  0.0790  0.0803  0.0765  0.0763
  0.0812  0.0790  0.0813  0.0831  0.0776  0.0766
  0.0870  0.0798  0.0874  0.0860  0.0795  0.0780
  0.0941  0.0832  0.0954  0.0895  0.0830  0.0808
niter,ni,del,rscale     3    3   12.0000    1.2000
parameters
    0.5460   -6.3638   14.5395  -17.0478   -4.3998    0.9826
eta,q 0.92484 13.35762
  0.0898  0.0918  0.0841  0.0865  0.0809  0.0802
  0.0837  0.0866  0.0821  0.0803  0.0769  0.0769
  0.0784  0.0817  0.0790  0.0754  0.0751  0.0754
  0.0763  0.0763  0.0743  0.0757  0.0753  0.0752
  0.0782  0.0743  0.0762  0.0799  0.0763  0.0754
  0.0841  0.0789  0.0842  0.0841  0.0778  0.0767
  0.0914  0.0855  0.0927  0.0874  0.0811  0.0799
niter,ni,del,rscale     2    3   12.0000    1.2000
parameters
    0.2690   -6.1793   14.1789  -17.2391   -4.3563    0.9657
eta,q 0.92435 13.33519
  0.0880  0.0898  0.0845  0.0877  0.0815  0.0803
  0.0816  0.0846  0.0822  0.0816  0.0775  0.0771
  0.0770  0.0792  0.0793  0.0759  0.0756  0.0758
  0.0752  0.0752  0.0750  0.0758  0.0756  0.0757
  0.0771  0.0769  0.0747  0.0795  0.0766  0.0759
  0.0833  0.0825  0.0820  0.0836  0.0777  0.0772
  0.0908  0.0894  0.0900  0.0868  0.0807  0.0803
niter,ni,del,rscale     1    3   12.0000    1.2000
parameters
    0.1293   -6.1316   14.0489  -17.2846   -4.3179    0.9574
eta,q 0.92408 13.32482
  0.0881  0.0896  0.0849  0.0881  0.0815  0.0805
  0.0817  0.0842  0.0823  0.0821  0.0776  0.0773
  0.0774  0.0790  0.0796  0.0762  0.0759  0.0760
  0.0756  0.0757  0.0756  0.0759  0.0759  0.0759
  0.0770  0.0779  0.0743  0.0794  0.0767  0.0761
  0.0825  0.0833  0.0810  0.0834  0.0779  0.0774
  0.0897  0.0899  0.0889  0.0866  0.0809  0.0804
registration optimization eta report
parameter search radius
    6.0000    6.0000    6.9000    7.9350    6.0000    6.0000
100000*second partial in parameter space
       37.       37.       24.       18.       15.       13.
  0.0881  0.0896  0.0849  0.0881  0.0815  0.0805
  0.0817  0.0842  0.0823  0.0821  0.0776  0.0773
  0.0774  0.0790  0.0796  0.0762  0.0759  0.0760
  0.0756  0.0757  0.0756  0.0759  0.0759  0.0759
  0.0770  0.0779  0.0743  0.0794  0.0767  0.0761
  0.0825  0.0833  0.0810  0.0834  0.0779  0.0774
  0.0897  0.0899  0.0889  0.0866  0.0809  0.0804
    0.1293   -6.1316   14.0489  -17.2846   -4.3179    0.9574
eta,q 0.92408 13.32482

---------------------------------------------------------------------
imgreg_4dfp /opt/freesurfer/average/711-2C_as_mni_average_305 /opt/freesurfer/average/711-2B_as_mni_average_305_mask talsrcimg_g11 none talsrcimg_to_711-2C_as_mni_average_305_t4 3335
---------------------------------------------------------------------

freesurfer imgreg_4dfp.c
/opt/freesurfer/average/711-2C_as_mni_average_305.4dfp.img
       256       256       256         1
  1.000000  1.000000  1.000000
orientation T byte_order littleendian
Reading image: /opt/freesurfer/average/711-2C_as_mni_average_305.4dfp.img
dimensions:      256       256       256
mmppix:       1.0000   -1.0000   -1.0000
center:     128.0000 -129.0000 -129.0000
/opt/freesurfer/average/711-2B_as_mni_average_305_mask.4dfp.img
       256       256       256         1
  1.000000  1.000000  1.000000
orientation T byte_order littleendian
Reading mask: /opt/freesurfer/average/711-2B_as_mni_average_305_mask.4dfp.img (2306576 pixels)
talsrcimg_g11.4dfp.img
       256       256       256         1
  1.000000  1.000000  1.000000
orientation T byte_order littleendian
Reading image: talsrcimg_g11.4dfp.img
dimensions:      256       256       256
mmppix:       1.0000   -1.0000   -1.0000
center:     128.0000 -129.0000 -129.0000
fimgreg.f
image alignment mode   3335 decimal      D07 hex
parameters
    0.1293   -6.1316   14.0489   -0.2978   -4.5666   -4.7869
   -3.8322    6.6916    1.6662   29.8277   -7.5291  -29.6274
eta,q 0.92136 13.36773
niter,ni,del,rscale     5    3    5.0000    1.2000
parameter  4  4.085690 ->  0.500000 qaram    1.1500
parameter  5  2.043558 ->  0.500000 qaram    1.1500
parameter  6  1.013244 ->  0.500000 qaram    1.1500
parameter 12 -1.536566 -> -0.500000 qaram    1.1500
parameters
    0.0170   -5.2764   14.1053   -4.4378   -8.7066   -8.9269
   -2.6408    4.7563   -0.5159   29.2798   -7.2693  -25.4874
eta,q 0.94145 13.03515
  0.0799  0.0808  0.0794  0.0663  0.0637  0.0613  0.0639  0.0639  0.0615  0.0642  0.0626  0.0666
  0.0791  0.0800  0.0790  0.0696  0.0655  0.0611  0.0627  0.0619  0.0609  0.0626  0.0615  0.0644
  0.0787  0.0793  0.0786  0.0736  0.0679  0.0626  0.0618  0.0608  0.0606  0.0613  0.0609  0.0624
  0.0786  0.0786  0.0783  0.0782  0.0707  0.0661  0.0614  0.0613  0.0608  0.0606  0.0607  0.0607
  0.0788  0.0783  0.0782  0.0832  0.0744  0.0714  0.0613  0.0632  0.0613  0.0612  0.0609  0.0593
  0.0793  0.0784  0.0786  0.0882  0.0784  0.0767  0.0618  0.0659  0.0622  0.0632  0.0614  0.0583
  0.0801  0.0792  0.0796  0.0935  0.0826  0.0820  0.0627  0.0688  0.0634  0.0659  0.0623  0.0577
niter,ni,del,rscale     7    3    5.0000    1.2000
parameter  2  0.638641 ->  0.500000 qaram    1.1500
parameter  3  1.065563 ->  0.500000 qaram    1.1500
parameter  4  1.421356 ->  0.500000 qaram    1.3225
parameter  5  1.497365 ->  0.500000 qaram    1.3225
parameter  6  0.532593 ->  0.500000 qaram    1.3225
parameter 11  1.236590 ->  0.500000 qaram    1.1500
parameter 12 -1.065050 -> -0.500000 qaram    1.3225
parameters
    0.0361   -6.6564   12.7253   -9.1988  -13.4676  -13.6879
   -0.9005    4.9889   -0.0647   28.3811  -11.4093  -20.7264
eta,q 0.95439 12.30623
  0.0612  0.0581  0.0561  0.0492  0.0467  0.0472  0.0503  0.0503  0.0489  0.0494  0.0474  0.0529
  0.0597  0.0578  0.0563  0.0510  0.0480  0.0476  0.0491  0.0489  0.0482  0.0485  0.0474  0.0509
  0.0588  0.0580  0.0568  0.0533  0.0498  0.0484  0.0483  0.0480  0.0478  0.0478  0.0474  0.0490
  0.0585  0.0586  0.0578  0.0564  0.0515  0.0484  0.0477  0.0476  0.0476  0.0476  0.0476  0.0474
  0.0589  0.0595  0.0592  0.0606  0.0540  0.0500  0.0477  0.0477  0.0477  0.0480  0.0478  0.0461
  0.0597  0.0609  0.0610  0.0659  0.0576  0.0564  0.0480  0.0485  0.0480  0.0491  0.0480  0.0455
  0.0610  0.0625  0.0628  0.0716  0.0613  0.0632  0.0487  0.0502  0.0486  0.0510  0.0482  0.0455
niter,ni,del,rscale     7    3    5.0000    1.2000
parameter  2  0.913462 ->  0.500000 qaram    1.3225
parameter  3  2.409853 ->  0.500000 qaram    1.3225
parameter  4  1.281853 ->  0.500000 qaram    1.5209
parameter  5  0.975513 ->  0.500000 qaram    1.5209
parameter  6  0.617057 ->  0.500000 qaram    1.5209
parameter 10  1.440217 ->  0.500000 qaram    1.1500
parameters
    0.0647   -8.2434   11.1383  -14.6740  -18.9427  -19.1631
   -0.9605    5.0897   -0.3229   24.2411   -8.6270  -23.9703
eta,q 0.97019 11.82232
  0.0479  0.0442  0.0395  0.0358  0.0347  0.0329  0.0352  0.0363  0.0340  0.0297  0.0330  0.0311
  0.0467  0.0442  0.0409  0.0368  0.0347  0.0323  0.0337  0.0343  0.0331  0.0302  0.0319  0.0302
  0.0459  0.0447  0.0424  0.0387  0.0355  0.0329  0.0327  0.0329  0.0325  0.0311  0.0310  0.0298
  0.0456  0.0456  0.0443  0.0413  0.0372  0.0349  0.0323  0.0323  0.0323  0.0323  0.0304  0.0301
  0.0459  0.0470  0.0465  0.0443  0.0395  0.0366  0.0327  0.0327  0.0326  0.0336  0.0301  0.0312
  0.0466  0.0488  0.0491  0.0483  0.0420  0.0404  0.0337  0.0341  0.0332  0.0354  0.0304  0.0326
  0.0478  0.0507  0.0517  0.0534  0.0453  0.0465  0.0353  0.0362  0.0342  0.0376  0.0310  0.0343
niter,ni,del,rscale     7    3    5.0000    1.2000
parameter  2  0.535725 ->  0.500000 qaram    1.5209
parameter  3  0.961652 ->  0.500000 qaram    1.5209
parameters
    0.1782  -10.0685    9.3132  -16.8337  -20.1406  -18.1692
   -1.4305    4.8811   -1.0537   24.1983  -10.5174  -24.9301
eta,q 0.97432 11.75458
  0.0336  0.0298  0.0255  0.0287  0.0309  0.0327  0.0283  0.0298  0.0273  0.0293  0.0265  0.0278
  0.0316  0.0285  0.0259  0.0269  0.0289  0.0300  0.0269  0.0277  0.0264  0.0275  0.0259  0.0266
  0.0303  0.0285  0.0268  0.0260  0.0271  0.0278  0.0260  0.0263  0.0259  0.0264  0.0257  0.0258
  0.0298  0.0298  0.0284  0.0261  0.0259  0.0262  0.0258  0.0258  0.0258  0.0258  0.0258  0.0257
  0.0301  0.0321  0.0308  0.0270  0.0269  0.0255  0.0263  0.0264  0.0261  0.0260  0.0261  0.0262
  0.0312  0.0351  0.0338  0.0290  0.0303  0.0274  0.0274  0.0280  0.0269  0.0273  0.0267  0.0273
  0.0329  0.0383  0.0376  0.0328  0.0345  0.0317  0.0290  0.0304  0.0281  0.0297  0.0275  0.0288
niter,ni,del,rscale     7    3    5.0000    1.2000
parameters
    0.0293   -9.7776    7.7453  -16.4291  -20.3399  -19.1804
   -1.5044    4.6262   -1.1772   25.2058  -10.8069  -28.3666
eta,q 0.97505 11.78671
  0.0286  0.0323  0.0260  0.0295  0.0306  0.0301  0.0281  0.0290  0.0271  0.0288  0.0260  0.0260
  0.0269  0.0289  0.0253  0.0271  0.0286  0.0277  0.0266  0.0271  0.0262  0.0270  0.0256  0.0252
  0.0259  0.0267  0.0251  0.0256  0.0267  0.0261  0.0257  0.0258  0.0256  0.0260  0.0253  0.0250
  0.0257  0.0257  0.0256  0.0251  0.0251  0.0252  0.0254  0.0254  0.0254  0.0254  0.0253  0.0253
  0.0263  0.0260  0.0270  0.0255  0.0250  0.0249  0.0258  0.0260  0.0256  0.0253  0.0254  0.0261
  0.0275  0.0276  0.0293  0.0265  0.0281  0.0268  0.0267  0.0275  0.0263  0.0259  0.0257  0.0273
  0.0294  0.0305  0.0327  0.0289  0.0322  0.0357  0.0282  0.0296  0.0272  0.0276  0.0261  0.0287
niter,ni,del,rscale     6    3    5.0000    1.2000
parameters
   -0.1210   -9.6592    6.5513  -16.3305  -20.7629  -19.7630
   -1.6488    4.3977   -0.9628   26.4373  -11.4565  -30.4477
eta,q 0.97539 11.80763
  0.0278  0.0308  0.0260  0.0286  0.0301  0.0301  0.0275  0.0283  0.0267  0.0280  0.0253  0.0261
  0.0261  0.0276  0.0250  0.0262  0.0282  0.0276  0.0260  0.0266  0.0257  0.0263  0.0250  0.0250
  0.0252  0.0256  0.0246  0.0249  0.0263  0.0257  0.0251  0.0253  0.0251  0.0254  0.0248  0.0246
  0.0250  0.0249  0.0249  0.0246  0.0246  0.0248  0.0249  0.0249  0.0249  0.0249  0.0248  0.0248
  0.0255  0.0254  0.0259  0.0252  0.0246  0.0243  0.0252  0.0254  0.0250  0.0248  0.0248  0.0255
  0.0268  0.0272  0.0277  0.0260  0.0281  0.0257  0.0262  0.0268  0.0256  0.0252  0.0251  0.0266
  0.0285  0.0300  0.0301  0.0284  0.0323  0.0345  0.0277  0.0288  0.0265  0.0267  0.0256  0.0278
niter,ni,del,rscale     5    3    5.0000    1.2000
parameters
   -0.2367   -9.5221    5.8244  -16.3660  -21.2495  -20.5050
   -1.7855    4.1867   -0.5348   27.2534  -11.8825  -31.3192
eta,q 0.97533 11.78109
  0.0275  0.0303  0.0265  0.0283  0.0299  0.0301  0.0274  0.0281  0.0266  0.0275  0.0252  0.0268
  0.0258  0.0272  0.0252  0.0260  0.0281  0.0276  0.0259  0.0264  0.0257  0.0260  0.0249  0.0253
  0.0248  0.0253  0.0245  0.0246  0.0262  0.0257  0.0251  0.0252  0.0251  0.0252  0.0248  0.0247
  0.0246  0.0246  0.0246  0.0245  0.0245  0.0247  0.0248  0.0248  0.0248  0.0248  0.0247  0.0247
  0.0251  0.0251  0.0254  0.0250  0.0244  0.0242  0.0251  0.0252  0.0249  0.0247  0.0247  0.0253
  0.0263  0.0268  0.0268  0.0258  0.0281  0.0263  0.0261  0.0266  0.0254  0.0252  0.0250  0.0262
  0.0281  0.0295  0.0289  0.0283  0.0324  0.0350  0.0276  0.0286  0.0263  0.0267  0.0254  0.0274
niter,ni,del,rscale     4    3    5.0000    1.2000
parameters
   -0.3099   -9.3005    5.3533  -16.5689  -21.7492  -21.1953
   -1.8985    4.0131   -0.2398   28.1332  -11.9499  -31.8253
eta,q 0.97519 11.73804
  0.0277  0.0303  0.0270  0.0282  0.0298  0.0301  0.0275  0.0282  0.0266  0.0274  0.0253  0.0271
  0.0260  0.0273  0.0255  0.0260  0.0281  0.0277  0.0261  0.0265  0.0258  0.0261  0.0250  0.0255
  0.0249  0.0254  0.0247  0.0247  0.0263  0.0258  0.0252  0.0254  0.0252  0.0254  0.0249  0.0249
  0.0247  0.0247  0.0247  0.0246  0.0246  0.0248  0.0249  0.0249  0.0249  0.0249  0.0248  0.0248
  0.0251  0.0251  0.0253  0.0252  0.0244  0.0244  0.0253  0.0253  0.0250  0.0248  0.0248  0.0253
  0.0263  0.0265  0.0266  0.0261  0.0280  0.0264  0.0262  0.0267  0.0255  0.0253  0.0250  0.0262
  0.0280  0.0291  0.0285  0.0285  0.0324  0.0346  0.0276  0.0286  0.0264  0.0267  0.0254  0.0273
niter,ni,del,rscale     3    3    5.0000    1.2000
parameters
   -0.3692   -9.0065    4.9723  -16.8360  -22.3838  -21.8469
   -2.0169    3.9081   -0.1556   29.3680  -11.2440  -32.1107
eta,q 0.97508 11.68658
  0.0278  0.0304  0.0272  0.0283  0.0295  0.0301  0.0276  0.0283  0.0266  0.0276  0.0255  0.0271
  0.0261  0.0274  0.0257  0.0261  0.0280  0.0277  0.0262  0.0267  0.0259  0.0264  0.0252  0.0257
  0.0251  0.0255  0.0249  0.0249  0.0264  0.0260  0.0254  0.0256  0.0253  0.0256  0.0251  0.0251
  0.0248  0.0248  0.0248  0.0247  0.0247  0.0250  0.0251  0.0251  0.0251  0.0251  0.0250  0.0249
  0.0253  0.0251  0.0253  0.0254  0.0245  0.0247  0.0254  0.0254  0.0252  0.0249  0.0249  0.0253
  0.0264  0.0264  0.0266  0.0263  0.0280  0.0264  0.0263  0.0267  0.0257  0.0253  0.0250  0.0261
  0.0280  0.0288  0.0284  0.0286  0.0324  0.0342  0.0277  0.0286  0.0266  0.0266  0.0254  0.0272
niter,ni,del,rscale     2    3    5.0000    1.2000
parameters
   -0.4175   -8.6131    4.5962  -17.2144  -23.2806  -22.6293
   -2.1657    3.9023   -0.5304   31.1224  -10.0250  -32.0278
eta,q 0.97509 11.60978
  0.0279  0.0305  0.0272  0.0283  0.0291  0.0297  0.0276  0.0285  0.0265  0.0279  0.0257  0.0272
  0.0263  0.0276  0.0258  0.0262  0.0276  0.0275  0.0263  0.0269  0.0258  0.0267  0.0254  0.0259
  0.0252  0.0257  0.0251  0.0249  0.0262  0.0259  0.0255  0.0258  0.0253  0.0259  0.0252  0.0251
  0.0249  0.0249  0.0249  0.0249  0.0248  0.0251  0.0252  0.0252  0.0252  0.0252  0.0250  0.0249
  0.0254  0.0251  0.0254  0.0256  0.0246  0.0251  0.0256  0.0256  0.0255  0.0249  0.0249  0.0252
  0.0265  0.0263  0.0266  0.0266  0.0279  0.0263  0.0265  0.0268  0.0260  0.0252  0.0250  0.0259
  0.0281  0.0285  0.0284  0.0286  0.0324  0.0339  0.0278  0.0287  0.0268  0.0265  0.0254  0.0270
niter,ni,del,rscale     1    3    5.0000    1.2000
parameters
   -0.4433   -8.1149    4.2130  -17.7875  -24.4653  -23.6059
   -2.3080    3.9507   -0.9312   32.7425   -9.8348  -32.0155
eta,q 0.97515 11.50143
  0.0280  0.0307  0.0272  0.0283  0.0285  0.0291  0.0275  0.0285  0.0266  0.0282  0.0257  0.0270
  0.0263  0.0277  0.0258  0.0261  0.0271  0.0270  0.0262  0.0269  0.0257  0.0269  0.0253  0.0259
  0.0252  0.0258  0.0250  0.0248  0.0259  0.0256  0.0254  0.0256  0.0252  0.0258  0.0250  0.0251
  0.0249  0.0249  0.0248  0.0248  0.0247  0.0250  0.0251  0.0251  0.0251  0.0251  0.0249  0.0249
  0.0253  0.0250  0.0254  0.0258  0.0247  0.0253  0.0254  0.0255  0.0254  0.0248  0.0249  0.0251
  0.0264  0.0260  0.0266  0.0268  0.0278  0.0261  0.0264  0.0267  0.0260  0.0252  0.0252  0.0259
  0.0281  0.0282  0.0285  0.0286  0.0324  0.0334  0.0276  0.0286  0.0269  0.0267  0.0257  0.0270
registration optimization eta report
parameter search radius
    2.4000    3.6501    3.6501   10.9503   10.9503   10.9503
    7.2000    7.2000    7.2000    8.2800    8.2800    9.5220
100000*second partial in parameter space
       55.       34.       23.        3.        5.        5.
        5.        7.        3.        4.        1.        2.
  0.0280  0.0307  0.0272  0.0283  0.0285  0.0291  0.0275  0.0285  0.0266  0.0282  0.0257  0.0270
  0.0263  0.0277  0.0258  0.0261  0.0271  0.0270  0.0262  0.0269  0.0257  0.0269  0.0253  0.0259
  0.0252  0.0258  0.0250  0.0248  0.0259  0.0256  0.0254  0.0256  0.0252  0.0258  0.0250  0.0251
  0.0249  0.0249  0.0248  0.0248  0.0247  0.0250  0.0251  0.0251  0.0251  0.0251  0.0249  0.0249
  0.0253  0.0250  0.0254  0.0258  0.0247  0.0253  0.0254  0.0255  0.0254  0.0248  0.0249  0.0251
  0.0264  0.0260  0.0266  0.0268  0.0278  0.0261  0.0264  0.0267  0.0260  0.0252  0.0252  0.0259
  0.0281  0.0282  0.0285  0.0286  0.0324  0.0334  0.0276  0.0286  0.0269  0.0267  0.0257  0.0270
   -0.4433   -8.1149    4.2130  -17.7875  -24.4653  -23.6059
   -2.3080    3.9507   -0.9312   32.7425   -9.8348  -32.0155
eta,q 0.97515 11.50143

---------------------------------------------------------------------
imgreg_4dfp /opt/freesurfer/average/711-2C_as_mni_average_305 /opt/freesurfer/average/711-2B_as_mni_average_305_mask talsrcimg_g11 none talsrcimg_to_711-2C_as_mni_average_305_t4 2311
---------------------------------------------------------------------

freesurfer imgreg_4dfp.c
/opt/freesurfer/average/711-2C_as_mni_average_305.4dfp.img
       256       256       256         1
  1.000000  1.000000  1.000000
orientation T byte_order littleendian
Reading image: /opt/freesurfer/average/711-2C_as_mni_average_305.4dfp.img
dimensions:      256       256       256
mmppix:       1.0000   -1.0000   -1.0000
center:     128.0000 -129.0000 -129.0000
/opt/freesurfer/average/711-2B_as_mni_average_305_mask.4dfp.img
       256       256       256         1
  1.000000  1.000000  1.000000
orientation T byte_order littleendian
Reading mask: /opt/freesurfer/average/711-2B_as_mni_average_305_mask.4dfp.img (2306576 pixels)
talsrcimg_g11.4dfp.img
       256       256       256         1
  1.000000  1.000000  1.000000
orientation T byte_order littleendian
Reading image: talsrcimg_g11.4dfp.img
dimensions:      256       256       256
mmppix:       1.0000   -1.0000   -1.0000
center:     128.0000 -129.0000 -129.0000
fimgreg.f
image alignment mode   2311 decimal      907 hex
parameters
   -0.4433   -8.1149    4.2130  -17.7875  -24.4653  -23.6059
   -2.3080    3.9507   -0.9312   32.7425   -9.8348  -32.0155
eta,q 0.97515 11.50143
niter,ni,del,rscale     5    3    5.0000    0.8000
parameters
   -0.4508   -7.6169    3.8904  -19.2153  -23.0933  -22.5439
   -2.4192    4.0443   -0.8810   33.2346   -9.8105  -33.5393
eta,q 0.97574 11.55394
  0.0263  0.0263  0.0251  0.0252  0.0261  0.0254  0.0256  0.0261  0.0253  0.0256  0.0246  0.0246
  0.0255  0.0256  0.0249  0.0248  0.0256  0.0249  0.0249  0.0252  0.0248  0.0251  0.0245  0.0243
  0.0250  0.0251  0.0247  0.0246  0.0250  0.0246  0.0245  0.0246  0.0245  0.0246  0.0244  0.0243
  0.0249  0.0249  0.0248  0.0247  0.0246  0.0244  0.0244  0.0244  0.0244  0.0244  0.0243  0.0243
  0.0250  0.0248  0.0249  0.0251  0.0244  0.0244  0.0246  0.0245  0.0245  0.0243  0.0244  0.0245
  0.0255  0.0249  0.0252  0.0256  0.0245  0.0245  0.0250  0.0251  0.0248  0.0246  0.0245  0.0249
  0.0263  0.0252  0.0256  0.0262  0.0252  0.0248  0.0257  0.0260  0.0252  0.0253  0.0246  0.0254
niter,ni,del,rscale     4    3    5.0000    0.7000
parameters
   -0.4594   -7.7243    3.7815  -19.0324  -23.2103  -21.6166
   -2.4645    4.0832   -0.7778   33.6240  -10.0186  -34.1546
eta,q 0.97578 11.63146
  0.0254  0.0249  0.0247  0.0251  0.0254  0.0249  0.0253  0.0255  0.0250  0.0253  0.0244  0.0246
  0.0247  0.0246  0.0244  0.0247  0.0249  0.0246  0.0247  0.0249  0.0246  0.0248  0.0243  0.0244
  0.0244  0.0243  0.0243  0.0244  0.0245  0.0244  0.0244  0.0244  0.0244  0.0245  0.0243  0.0242
  0.0243  0.0243  0.0243  0.0243  0.0243  0.0243  0.0243  0.0243  0.0243  0.0243  0.0242  0.0242
  0.0244  0.0244  0.0243  0.0243  0.0243  0.0243  0.0244  0.0244  0.0243  0.0242  0.0243  0.0244
  0.0248  0.0247  0.0245  0.0246  0.0248  0.0244  0.0247  0.0248  0.0245  0.0245  0.0243  0.0246
  0.0254  0.0252  0.0248  0.0250  0.0257  0.0245  0.0253  0.0255  0.0249  0.0251  0.0245  0.0249
niter,ni,del,rscale     3    3    5.0000    0.6000
parameters
   -0.4688   -7.7142    3.8444  -18.9699  -23.1908  -21.0177
   -2.4443    4.1095   -0.6088   33.7675  -10.5321  -34.5585
eta,q 0.97580 11.67945
  0.0250  0.0248  0.0246  0.0248  0.0251  0.0246  0.0250  0.0251  0.0248  0.0250  0.0243  0.0245
  0.0246  0.0245  0.0244  0.0245  0.0247  0.0244  0.0246  0.0246  0.0245  0.0246  0.0242  0.0243
  0.0243  0.0243  0.0243  0.0243  0.0244  0.0243  0.0243  0.0243  0.0243  0.0244  0.0242  0.0242
  0.0242  0.0242  0.0242  0.0242  0.0242  0.0242  0.0242  0.0242  0.0242  0.0242  0.0242  0.0242
  0.0243  0.0243  0.0242  0.0243  0.0242  0.0242  0.0243  0.0243  0.0243  0.0242  0.0242  0.0243
  0.0246  0.0245  0.0244  0.0245  0.0246  0.0243  0.0246  0.0246  0.0244  0.0245  0.0243  0.0245
  0.0250  0.0248  0.0245  0.0247  0.0253  0.0244  0.0250  0.0251  0.0247  0.0250  0.0244  0.0247
niter,ni,del,rscale     2    3    5.0000    0.5000
parameters
   -0.4639   -7.7171    3.8575  -18.8264  -23.0723  -20.6169
   -2.4013    4.0810   -0.4029   33.7870  -11.1974  -34.9786
eta,q 0.97582 11.72418
  0.0248  0.0246  0.0245  0.0246  0.0249  0.0245  0.0247  0.0248  0.0246  0.0247  0.0242  0.0244
  0.0245  0.0244  0.0243  0.0244  0.0246  0.0243  0.0244  0.0244  0.0244  0.0245  0.0242  0.0243
  0.0243  0.0242  0.0242  0.0243  0.0244  0.0242  0.0242  0.0243  0.0243  0.0243  0.0242  0.0242
  0.0242  0.0242  0.0242  0.0242  0.0242  0.0242  0.0242  0.0242  0.0242  0.0242  0.0242  0.0242
  0.0243  0.0242  0.0242  0.0242  0.0242  0.0242  0.0243  0.0243  0.0242  0.0242  0.0242  0.0243
  0.0244  0.0244  0.0243  0.0244  0.0244  0.0242  0.0244  0.0245  0.0243  0.0244  0.0242  0.0244
  0.0248  0.0247  0.0244  0.0245  0.0249  0.0243  0.0247  0.0248  0.0245  0.0248  0.0243  0.0245
niter,ni,del,rscale     1    3    5.0000    0.4000
parameters
   -0.4645   -7.7350    3.8167  -18.5570  -22.8882  -20.2528
   -2.3021    3.9836   -0.1644   33.7343  -12.1086  -35.4102
eta,q 0.97587 11.77300
  0.0245  0.0245  0.0243  0.0244  0.0247  0.0244  0.0245  0.0245  0.0244  0.0245  0.0242  0.0243
  0.0243  0.0243  0.0242  0.0243  0.0245  0.0243  0.0243  0.0243  0.0243  0.0243  0.0241  0.0242
  0.0242  0.0242  0.0242  0.0242  0.0243  0.0242  0.0242  0.0242  0.0242  0.0242  0.0241  0.0241
  0.0242  0.0242  0.0242  0.0242  0.0242  0.0242  0.0242  0.0242  0.0242  0.0241  0.0241  0.0241
  0.0242  0.0242  0.0242  0.0242  0.0242  0.0241  0.0242  0.0242  0.0242  0.0242  0.0242  0.0242
  0.0243  0.0243  0.0243  0.0242  0.0243  0.0242  0.0243  0.0243  0.0242  0.0243  0.0242  0.0243
  0.0245  0.0245  0.0244  0.0243  0.0246  0.0243  0.0245  0.0246  0.0243  0.0246  0.0242  0.0244
registration optimization eta report
parameter search radius
    0.8000    0.8000    0.8000    2.4000    2.4000    2.4000
    2.4000    2.4000    2.4000    2.4000    2.4000    2.4000
100000*second partial in parameter space
       55.       47.       25.        4.        9.        3.
        6.        7.        4.        7.        1.        4.
  0.0245  0.0245  0.0243  0.0244  0.0247  0.0244  0.0245  0.0245  0.0244  0.0245  0.0242  0.0243
  0.0243  0.0243  0.0242  0.0243  0.0245  0.0243  0.0243  0.0243  0.0243  0.0243  0.0241  0.0242
  0.0242  0.0242  0.0242  0.0242  0.0243  0.0242  0.0242  0.0242  0.0242  0.0242  0.0241  0.0241
  0.0242  0.0242  0.0242  0.0242  0.0242  0.0242  0.0242  0.0242  0.0242  0.0241  0.0241  0.0241
  0.0242  0.0242  0.0242  0.0242  0.0242  0.0241  0.0242  0.0242  0.0242  0.0242  0.0242  0.0242
  0.0243  0.0243  0.0243  0.0242  0.0243  0.0242  0.0243  0.0243  0.0242  0.0243  0.0242  0.0243
  0.0245  0.0245  0.0244  0.0243  0.0246  0.0243  0.0245  0.0246  0.0243  0.0246  0.0242  0.0244
   -0.4645   -7.7350    3.8167  -18.5570  -22.8882  -20.2528
   -2.3021    3.9836   -0.1644   33.7343  -12.1086  -35.4102
eta,q 0.97587 11.77300

---------------------------------------------------------------------
imgreg_4dfp /opt/freesurfer/average/711-2C_as_mni_average_305 /opt/freesurfer/average/711-2B_as_mni_average_305_mask talsrcimg_g11 none talsrcimg_to_711-2C_as_mni_average_305_t4 2311
---------------------------------------------------------------------

freesurfer imgreg_4dfp.c
/opt/freesurfer/average/711-2C_as_mni_average_305.4dfp.img
       256       256       256         1
  1.000000  1.000000  1.000000
orientation T byte_order littleendian
Reading image: /opt/freesurfer/average/711-2C_as_mni_average_305.4dfp.img
dimensions:      256       256       256
mmppix:       1.0000   -1.0000   -1.0000
center:     128.0000 -129.0000 -129.0000
/opt/freesurfer/average/711-2B_as_mni_average_305_mask.4dfp.img
       256       256       256         1
  1.000000  1.000000  1.000000
orientation T byte_order littleendian
Reading mask: /opt/freesurfer/average/711-2B_as_mni_average_305_mask.4dfp.img (2306576 pixels)
talsrcimg_g11.4dfp.img
       256       256       256         1
  1.000000  1.000000  1.000000
orientation T byte_order littleendian
Reading image: talsrcimg_g11.4dfp.img
dimensions:      256       256       256
mmppix:       1.0000   -1.0000   -1.0000
center:     128.0000 -129.0000 -129.0000
fimgreg.f
image alignment mode   2311 decimal      907 hex
parameters
   -0.4645   -7.7350    3.8167  -18.5570  -22.8882  -20.2528
   -2.3021    3.9836   -0.1644   33.7343  -12.1086  -35.4102
eta,q 0.97587 11.77301
niter,ni,del,rscale     5    3    5.0000    0.8000
parameters
   -0.4724   -7.8030    3.8379  -17.9755  -23.4576  -21.1875
   -2.2456    3.8298   -0.2004   33.4273  -12.5168  -34.6914
eta,q 0.97571 11.72903
  0.0255  0.0252  0.0249  0.0251  0.0256  0.0250  0.0255  0.0257  0.0252  0.0254  0.0245  0.0253
  0.0247  0.0246  0.0244  0.0246  0.0250  0.0246  0.0249  0.0249  0.0247  0.0249  0.0243  0.0247
  0.0243  0.0242  0.0242  0.0243  0.0244  0.0244  0.0244  0.0244  0.0244  0.0245  0.0243  0.0244
  0.0241  0.0241  0.0241  0.0241  0.0241  0.0242  0.0243  0.0243  0.0243  0.0243  0.0243  0.0243
  0.0243  0.0243  0.0242  0.0242  0.0243  0.0243  0.0244  0.0245  0.0244  0.0244  0.0243  0.0243
  0.0248  0.0247  0.0244  0.0244  0.0253  0.0250  0.0248  0.0250  0.0247  0.0249  0.0244  0.0245
  0.0255  0.0255  0.0248  0.0247  0.0271  0.0272  0.0255  0.0259  0.0252  0.0259  0.0245  0.0248
niter,ni,del,rscale     4    3    5.0000    0.7000
parameters
   -0.4742   -7.7193    3.7096  -18.2089  -23.2239  -21.3267
   -2.3214    3.8227   -0.1267   33.4850  -12.0162  -34.7966
eta,q 0.97576 11.71801
  0.0253  0.0252  0.0247  0.0248  0.0257  0.0249  0.0252  0.0254  0.0250  0.0252  0.0244  0.0248
  0.0248  0.0247  0.0244  0.0245  0.0251  0.0246  0.0247  0.0248  0.0246  0.0248  0.0243  0.0244
  0.0244  0.0244  0.0243  0.0243  0.0246  0.0244  0.0243  0.0244  0.0243  0.0245  0.0243  0.0243
  0.0243  0.0243  0.0243  0.0243  0.0243  0.0242  0.0243  0.0243  0.0243  0.0243  0.0242  0.0242
  0.0244  0.0243  0.0244  0.0244  0.0242  0.0242  0.0244  0.0244  0.0243  0.0243  0.0243  0.0243
  0.0248  0.0246  0.0246  0.0246  0.0246  0.0244  0.0247  0.0248  0.0246  0.0246  0.0243  0.0245
  0.0253  0.0251  0.0249  0.0249  0.0256  0.0253  0.0252  0.0254  0.0249  0.0253  0.0244  0.0248
niter,ni,del,rscale     3    3    5.0000    0.6000
parameters
   -0.4861   -7.7232    3.6688  -18.3893  -23.0570  -20.9969
   -2.3283    3.8333   -0.1413   33.5887  -12.1363  -35.1224
eta,q 0.97582 11.73667
  0.0250  0.0249  0.0246  0.0247  0.0253  0.0247  0.0249  0.0251  0.0247  0.0250  0.0243  0.0246
  0.0246  0.0245  0.0244  0.0244  0.0249  0.0245  0.0245  0.0246  0.0244  0.0246  0.0242  0.0243
  0.0243  0.0243  0.0243  0.0243  0.0245  0.0243  0.0243  0.0243  0.0243  0.0244  0.0242  0.0242
  0.0242  0.0242  0.0242  0.0242  0.0242  0.0242  0.0242  0.0242  0.0242  0.0242  0.0242  0.0242
  0.0243  0.0243  0.0243  0.0243  0.0242  0.0242  0.0243  0.0243  0.0243  0.0242  0.0242  0.0243
  0.0246  0.0245  0.0244  0.0245  0.0245  0.0243  0.0245  0.0246  0.0244  0.0245  0.0242  0.0244
  0.0250  0.0249  0.0246  0.0247  0.0253  0.0247  0.0249  0.0251  0.0247  0.0250  0.0243  0.0247
niter,ni,del,rscale     2    3    5.0000    0.5000
parameters
   -0.4860   -7.7369    3.6704  -18.2672  -22.9385  -20.7237
   -2.2664    3.8063   -0.0679   33.6218  -12.5280  -35.3354
eta,q 0.97586 11.76531
  0.0247  0.0246  0.0244  0.0245  0.0250  0.0246  0.0247  0.0248  0.0246  0.0247  0.0242  0.0245
  0.0244  0.0244  0.0243  0.0243  0.0247  0.0244  0.0244  0.0244  0.0243  0.0245  0.0242  0.0242
  0.0242  0.0242  0.0242  0.0242  0.0244  0.0243  0.0242  0.0242  0.0242  0.0243  0.0242  0.0242
  0.0242  0.0242  0.0242  0.0242  0.0242  0.0242  0.0242  0.0242  0.0242  0.0242  0.0242  0.0241
  0.0242  0.0242  0.0242  0.0242  0.0242  0.0241  0.0242  0.0242  0.0242  0.0242  0.0242  0.0242
  0.0244  0.0244  0.0243  0.0243  0.0244  0.0242  0.0244  0.0244  0.0243  0.0244  0.0242  0.0243
  0.0247  0.0247  0.0244  0.0245  0.0250  0.0245  0.0247  0.0248  0.0245  0.0248  0.0243  0.0245
niter,ni,del,rscale     1    3    5.0000    0.4000
parameters
   -0.4944   -7.7583    3.6890  -18.0969  -22.8123  -20.5050
   -2.2175    3.7810    0.0375   33.6114  -12.6228  -35.4324
eta,q 0.97588 11.79110
  0.0245  0.0244  0.0243  0.0244  0.0247  0.0245  0.0245  0.0245  0.0244  0.0245  0.0242  0.0244
  0.0243  0.0243  0.0242  0.0243  0.0245  0.0243  0.0243  0.0243  0.0243  0.0243  0.0241  0.0242
  0.0242  0.0242  0.0242  0.0242  0.0243  0.0242  0.0242  0.0242  0.0242  0.0242  0.0241  0.0241
  0.0241  0.0241  0.0241  0.0241  0.0241  0.0241  0.0241  0.0241  0.0241  0.0241  0.0241  0.0241
  0.0242  0.0242  0.0242  0.0242  0.0242  0.0241  0.0242  0.0242  0.0241  0.0241  0.0241  0.0242
  0.0243  0.0243  0.0242  0.0242  0.0243  0.0242  0.0243  0.0243  0.0242  0.0243  0.0242  0.0242
  0.0245  0.0245  0.0243  0.0243  0.0247  0.0244  0.0245  0.0245  0.0244  0.0246  0.0242  0.0244
registration optimization eta report
parameter search radius
    0.8000    0.8000    0.8000    2.4000    2.4000    2.4000
    2.4000    2.4000    2.4000    2.4000    2.4000    2.4000
100000*second partial in parameter space
       55.       50.       28.        4.       10.        6.
        6.        7.        4.        8.        1.        4.
  0.0245  0.0244  0.0243  0.0244  0.0247  0.0245  0.0245  0.0245  0.0244  0.0245  0.0242  0.0244
  0.0243  0.0243  0.0242  0.0243  0.0245  0.0243  0.0243  0.0243  0.0243  0.0243  0.0241  0.0242
  0.0242  0.0242  0.0242  0.0242  0.0243  0.0242  0.0242  0.0242  0.0242  0.0242  0.0241  0.0241
  0.0241  0.0241  0.0241  0.0241  0.0241  0.0241  0.0241  0.0241  0.0241  0.0241  0.0241  0.0241
  0.0242  0.0242  0.0242  0.0242  0.0242  0.0241  0.0242  0.0242  0.0241  0.0241  0.0241  0.0242
  0.0243  0.0243  0.0242  0.0242  0.0243  0.0242  0.0243  0.0243  0.0242  0.0243  0.0242  0.0242
  0.0245  0.0245  0.0243  0.0243  0.0247  0.0244  0.0245  0.0245  0.0244  0.0246  0.0242  0.0244
   -0.4944   -7.7583    3.6890  -18.0969  -22.8123  -20.5050
   -2.2175    3.7810    0.0375   33.6114  -12.6228  -35.4324
eta,q 0.97588 11.79110

---------------------------------------------------------------------
compute_vox2vox talsrcimg talsrcimg_to_711-2C_as_mni_average_305_t4 /opt/freesurfer/average/711-2C_as_mni_average_305
---------------------------------------------------------------------

freesurfer compute_vox2vox.c
Reading: talsrcimg.4dfp.ifh
Reading: talsrcimg_to_711-2C_as_mni_average_305_t4
Reading: /opt/freesurfer/average/711-2C_as_mni_average_305.4dfp.ifh
Writing: talsrcimg_to_711-2C_as_mni_average_305_t4_vox2vox.txt

start time Mon Mar 9 17:33:16 CET 2026
end		time Mon Mar 9 17:34:47 CET 2026

mpr2mni305 success

avi2talxfm orig_nu.mgz /opt/freesurfer/average/mni305.cor.mgz talsrcimg_to_711-2C_as_mni_average_305_t4_vox2vox.txt transforms/talairach.auto.xfm
avi2talxfm done
mv -f /out/sourcedata/freesurfer/sub-v1s23x0050563_ses-1/mri/talsrcimg_to_711-2C_as_mni_average_305_t4_vox2vox.txt /out/sourcedata/freesurfer/sub-v1s23x0050563_ses-1/mri/transforms/talsrcimg_to_711-2C_as_mni_average_305_t4_vox2vox.txt
lta_convert --src orig_nu.mgz --trg /opt/freesurfer/average/mni305.cor.mgz --inxfm transforms/talairach.auto.xfm --outlta transforms/talairach.auto.xfm.lta --subject fsaverage
7.3.2

--src: orig_nu.mgz src image (geometry).
--trg: /opt/freesurfer/average/mni305.cor.mgz trg image (geometry).
--inmni: transforms/talairach.auto.xfm input MNI/XFM transform.
--outlta: transforms/talairach.auto.xfm.lta output LTA.
--s: fsaverage subject name
 LTA read, type : 1
 1.21161  -0.06059   0.00700  -43.18721;
 0.16090   1.04543   0.48452   40.28157;
-0.07065  -0.45520   1.08456  -30.55350;
 0.00000   0.00000   0.00000   1.00000;
setting subject to fsaverage
Writing  LTA to file transforms/talairach.auto.xfm.lta...
lta_convert successful.
 
 
Started at Mon Mar 9 17:33:15 CET 2026
Ended   at Mon Mar  9 17:34:48 CET 2026
talairach_avi done
