status file for recon-all
Mon Mar  9 20:25:18 CET 2026
#@# MotionCor Mon Mar  9 20:25:20 CET 2026
#@# Talairach Mon Mar  9 20:25:27 CET 2026
#@# Talairach Failure Detection Mon Mar  9 20:29:52 CET 2026
#@# Nu Intensity Correction Mon Mar  9 20:29:52 CET 2026
#@# Intensity Normalization Mon Mar  9 20:33:09 CET 2026
recon-all -s sub-v1s23x0050608_ses-1 finished without error at Mon Mar  9 20:34:49 CET 2026



#New# invocation of recon-all 



status file for recon-all
Mon Mar  9 20:41:10 CET 2026
#@# EM Registration Mon Mar  9 20:41:10 CET 2026
recon-all -s sub-v1s23x0050608_ses-1 finished without error at Mon Mar  9 20:43:22 CET 2026



#New# invocation of recon-all 



status file for recon-all
Mon Mar  9 20:43:26 CET 2026
#@# CA Normalize Mon Mar  9 20:43:26 CET 2026
#@# CA Reg Mon Mar  9 20:44:47 CET 2026
#@# SubCort Seg Mon Mar  9 21:24:57 CET 2026
#@# CC Seg Mon Mar  9 21:56:51 CET 2026
#@# Merge ASeg Mon Mar  9 21:57:39 CET 2026
#@# Intensity Normalization2 Mon Mar  9 21:57:39 CET 2026
#@# Mask BFS Mon Mar  9 22:00:01 CET 2026
#@# WM Segmentation Mon Mar  9 22:00:02 CET 2026
#@# Fill Mon Mar  9 22:02:08 CET 2026
recon-all -s sub-v1s23x0050608_ses-1 finished without error at Mon Mar  9 22:03:15 CET 2026



#New# invocation of recon-all 



status file for recon-all
Mon Mar  9 22:57:12 CET 2026
#@# white curv lh Mon Mar  9 22:57:12 CET 2026
#@# white area lh Mon Mar  9 22:57:12 CET 2026
#@# pial curv lh Mon Mar  9 22:57:12 CET 2026
#@# pial area lh Mon Mar  9 22:57:12 CET 2026
#@# thickness lh Mon Mar  9 22:57:12 CET 2026
#@# area and vertex vol lh Mon Mar  9 22:57:12 CET 2026
#@# white curv rh Mon Mar  9 22:57:12 CET 2026
#@# white area rh Mon Mar  9 22:57:12 CET 2026
#@# pial curv rh Mon Mar  9 22:57:12 CET 2026
#@# pial area rh Mon Mar  9 22:57:12 CET 2026
#@# thickness rh Mon Mar  9 22:57:12 CET 2026
#@# area and vertex vol rh Mon Mar  9 22:57:12 CET 2026
#@# Cortical ribbon mask Mon Mar  9 22:57:12 CET 2026
recon-all -s sub-v1s23x0050608_ses-1 finished without error at Mon Mar  9 23:03:29 CET 2026



#New# invocation of recon-all 



status file for recon-all
Mon Mar  9 23:10:59 CET 2026
#@# white curv lh Mon Mar  9 23:10:59 CET 2026
#@# white area lh Mon Mar  9 23:10:59 CET 2026
#@# pial curv lh Mon Mar  9 23:10:59 CET 2026
#@# pial area lh Mon Mar  9 23:10:59 CET 2026
#@# thickness lh Mon Mar  9 23:10:59 CET 2026
#@# area and vertex vol lh Mon Mar  9 23:10:59 CET 2026
#@# white curv rh Mon Mar  9 23:10:59 CET 2026
#@# white area rh Mon Mar  9 23:10:59 CET 2026
#@# pial curv rh Mon Mar  9 23:10:59 CET 2026
#@# pial area rh Mon Mar  9 23:10:59 CET 2026
#@# thickness rh Mon Mar  9 23:10:59 CET 2026
#@# area and vertex vol rh Mon Mar  9 23:10:59 CET 2026
#@# Curvature Stats lh Mon Mar  9 23:10:59 CET 2026
#@# Curvature Stats rh Mon Mar  9 23:11:02 CET 2026
#@# Relabel Hypointensities Mon Mar  9 23:11:04 CET 2026
#@# APas-to-ASeg Mon Mar  9 23:11:21 CET 2026
#@# AParc-to-ASeg aparc Mon Mar  9 23:11:31 CET 2026
#@# AParc-to-ASeg aparc.a2009s Mon Mar  9 23:12:10 CET 2026
#@# AParc-to-ASeg aparc.DKTatlas Mon Mar  9 23:12:52 CET 2026
#@# WMParc Mon Mar  9 23:13:33 CET 2026
#@# ASeg Stats Mon Mar  9 23:17:52 CET 2026
recon-all -s sub-v1s23x0050608_ses-1 finished without error at Mon Mar  9 23:18:31 CET 2026
