status file for recon-all
Mon Mar  9 22:03:20 CET 2026
#@# Tessellate lh Mon Mar  9 22:03:20 CET 2026
#@# Smooth1 lh Mon Mar  9 22:03:24 CET 2026
#@# Inflation1 lh Mon Mar  9 22:03:27 CET 2026
#@# QSphere lh Mon Mar  9 22:03:42 CET 2026
#@# Fix Topology lh Mon Mar  9 22:04:57 CET 2026
#@# Smooth2 lh Mon Mar  9 22:12:05 CET 2026
#@# Inflation2 lh Mon Mar  9 22:12:08 CET 2026
#@# Curv .H and .K lh Mon Mar  9 22:12:24 CET 2026
#@# Sphere lh Mon Mar  9 22:13:15 CET 2026
#@# Surf Reg lh Mon Mar  9 22:17:23 CET 2026
#@# Jacobian white lh Mon Mar  9 22:21:50 CET 2026
#@# AvgCurv lh Mon Mar  9 22:21:51 CET 2026
#@# Cortical Parc lh Mon Mar  9 22:21:52 CET 2026
#@# white curv lh Mon Mar  9 22:28:52 CET 2026
#@# white area lh Mon Mar  9 22:28:54 CET 2026
#@# pial curv lh Mon Mar  9 22:28:55 CET 2026
#@# pial area lh Mon Mar  9 22:28:57 CET 2026
#@# thickness lh Mon Mar  9 22:28:58 CET 2026
#@# area and vertex vol lh Mon Mar  9 22:29:31 CET 2026
#@# Curvature Stats lh Mon Mar  9 22:29:33 CET 2026
#@# Cortical Parc 2 lh Mon Mar  9 22:29:36 CET 2026
#@# Cortical Parc 3 lh Mon Mar  9 22:29:51 CET 2026
#@# WM/GM Contrast lh Mon Mar  9 22:30:02 CET 2026
recon-all -s sub-v1s23x0050608_ses-1 finished without error at Mon Mar  9 22:30:05 CET 2026



#New# invocation of recon-all 



status file for recon-all
Mon Mar  9 23:03:32 CET 2026
#@# white curv lh Mon Mar  9 23:03:33 CET 2026
#@# white area lh Mon Mar  9 23:03:33 CET 2026
#@# pial curv lh Mon Mar  9 23:03:33 CET 2026
#@# pial area lh Mon Mar  9 23:03:33 CET 2026
#@# thickness lh Mon Mar  9 23:03:33 CET 2026
#@# area and vertex vol lh Mon Mar  9 23:03:33 CET 2026
#@# Parcellation Stats lh Mon Mar  9 23:03:33 CET 2026
#@# Parcellation Stats 2 lh Mon Mar  9 23:03:55 CET 2026
#@# Parcellation Stats 3 lh Mon Mar  9 23:04:06 CET 2026
#@# BA_exvivo Labels lh Mon Mar  9 23:04:17 CET 2026
recon-all -s sub-v1s23x0050608_ses-1 finished without error at Mon Mar  9 23:07:10 CET 2026
