status file for recon-all
Thu Mar 12 17:37:37 CET 2026
#@# Tessellate lh Thu Mar 12 17:37:37 CET 2026
#@# Smooth1 lh Thu Mar 12 17:37:39 CET 2026
#@# Inflation1 lh Thu Mar 12 17:37:41 CET 2026
#@# QSphere lh Thu Mar 12 17:37:52 CET 2026
#@# Fix Topology lh Thu Mar 12 17:38:46 CET 2026
#@# Smooth2 lh Thu Mar 12 17:44:40 CET 2026
#@# Inflation2 lh Thu Mar 12 17:44:42 CET 2026
#@# Curv .H and .K lh Thu Mar 12 17:44:53 CET 2026
#@# Sphere lh Thu Mar 12 17:45:25 CET 2026
#@# Surf Reg lh Thu Mar 12 17:49:16 CET 2026
#@# Jacobian white lh Thu Mar 12 17:52:31 CET 2026
#@# AvgCurv lh Thu Mar 12 17:52:32 CET 2026
#@# Cortical Parc lh Thu Mar 12 17:52:32 CET 2026
#@# white curv lh Thu Mar 12 17:57:28 CET 2026
#@# white area lh Thu Mar 12 17:57:30 CET 2026
#@# pial curv lh Thu Mar 12 17:57:30 CET 2026
#@# pial area lh Thu Mar 12 17:57:31 CET 2026
#@# thickness lh Thu Mar 12 17:57:32 CET 2026
#@# area and vertex vol lh Thu Mar 12 17:57:48 CET 2026
#@# Curvature Stats lh Thu Mar 12 17:57:49 CET 2026
#@# Cortical Parc 2 lh Thu Mar 12 17:57:50 CET 2026
#@# Cortical Parc 3 lh Thu Mar 12 17:57:59 CET 2026
#@# WM/GM Contrast lh Thu Mar 12 17:58:06 CET 2026
recon-all -s sub-v1s23x0050625_ses-1 finished without error at Thu Mar 12 17:58:08 CET 2026



#New# invocation of recon-all 



status file for recon-all
Thu Mar 12 18:19:53 CET 2026
#@# white curv lh Thu Mar 12 18:19:53 CET 2026
#@# white area lh Thu Mar 12 18:19:53 CET 2026
#@# pial curv lh Thu Mar 12 18:19:53 CET 2026
#@# pial area lh Thu Mar 12 18:19:53 CET 2026
#@# thickness lh Thu Mar 12 18:19:53 CET 2026
#@# area and vertex vol lh Thu Mar 12 18:19:53 CET 2026
#@# Parcellation Stats lh Thu Mar 12 18:19:53 CET 2026
#@# Parcellation Stats 2 lh Thu Mar 12 18:20:05 CET 2026
#@# Parcellation Stats 3 lh Thu Mar 12 18:20:11 CET 2026
#@# BA_exvivo Labels lh Thu Mar 12 18:20:16 CET 2026
recon-all -s sub-v1s23x0050625_ses-1 finished without error at Thu Mar 12 18:22:04 CET 2026
