status file for recon-all
Thu Mar 12 16:13:08 CET 2026
#@# MotionCor Thu Mar 12 16:13:09 CET 2026
#@# Talairach Thu Mar 12 16:13:14 CET 2026
#@# Talairach Failure Detection Thu Mar 12 16:16:03 CET 2026
#@# Nu Intensity Correction Thu Mar 12 16:16:03 CET 2026
#@# Intensity Normalization Thu Mar 12 16:18:50 CET 2026
recon-all -s sub-v1s23x0050625_ses-1 finished without error at Thu Mar 12 16:19:46 CET 2026



#New# invocation of recon-all 



status file for recon-all
Thu Mar 12 16:25:39 CET 2026
#@# EM Registration Thu Mar 12 16:25:39 CET 2026
recon-all -s sub-v1s23x0050625_ses-1 finished without error at Thu Mar 12 16:27:40 CET 2026



#New# invocation of recon-all 



status file for recon-all
Thu Mar 12 16:27:41 CET 2026
#@# CA Normalize Thu Mar 12 16:27:41 CET 2026
#@# CA Reg Thu Mar 12 16:28:34 CET 2026
#@# SubCort Seg Thu Mar 12 17:14:33 CET 2026
#@# CC Seg Thu Mar 12 17:33:35 CET 2026
#@# Merge ASeg Thu Mar 12 17:33:56 CET 2026
#@# Intensity Normalization2 Thu Mar 12 17:33:56 CET 2026
#@# Mask BFS Thu Mar 12 17:35:21 CET 2026
#@# WM Segmentation Thu Mar 12 17:35:22 CET 2026
#@# Fill Thu Mar 12 17:36:54 CET 2026
recon-all -s sub-v1s23x0050625_ses-1 finished without error at Thu Mar 12 17:37:32 CET 2026



#New# invocation of recon-all 



status file for recon-all
Thu Mar 12 18:17:05 CET 2026
#@# white curv lh Thu Mar 12 18:17:05 CET 2026
#@# white area lh Thu Mar 12 18:17:05 CET 2026
#@# pial curv lh Thu Mar 12 18:17:05 CET 2026
#@# pial area lh Thu Mar 12 18:17:05 CET 2026
#@# thickness lh Thu Mar 12 18:17:05 CET 2026
#@# area and vertex vol lh Thu Mar 12 18:17:05 CET 2026
#@# white curv rh Thu Mar 12 18:17:05 CET 2026
#@# white area rh Thu Mar 12 18:17:05 CET 2026
#@# pial curv rh Thu Mar 12 18:17:05 CET 2026
#@# pial area rh Thu Mar 12 18:17:05 CET 2026
#@# thickness rh Thu Mar 12 18:17:05 CET 2026
#@# area and vertex vol rh Thu Mar 12 18:17:05 CET 2026
#@# Cortical ribbon mask Thu Mar 12 18:17:05 CET 2026
recon-all -s sub-v1s23x0050625_ses-1 finished without error at Thu Mar 12 18:19:49 CET 2026



#New# invocation of recon-all 



status file for recon-all
Thu Mar 12 18:24:22 CET 2026
#@# white curv lh Thu Mar 12 18:24:22 CET 2026
#@# white area lh Thu Mar 12 18:24:22 CET 2026
#@# pial curv lh Thu Mar 12 18:24:22 CET 2026
#@# pial area lh Thu Mar 12 18:24:22 CET 2026
#@# thickness lh Thu Mar 12 18:24:22 CET 2026
#@# area and vertex vol lh Thu Mar 12 18:24:22 CET 2026
#@# white curv rh Thu Mar 12 18:24:22 CET 2026
#@# white area rh Thu Mar 12 18:24:22 CET 2026
#@# pial curv rh Thu Mar 12 18:24:22 CET 2026
#@# pial area rh Thu Mar 12 18:24:22 CET 2026
#@# thickness rh Thu Mar 12 18:24:22 CET 2026
#@# area and vertex vol rh Thu Mar 12 18:24:22 CET 2026
#@# Curvature Stats lh Thu Mar 12 18:24:22 CET 2026
#@# Curvature Stats rh Thu Mar 12 18:24:23 CET 2026
#@# Relabel Hypointensities Thu Mar 12 18:24:25 CET 2026
#@# APas-to-ASeg Thu Mar 12 18:24:35 CET 2026
#@# AParc-to-ASeg aparc Thu Mar 12 18:24:41 CET 2026
#@# AParc-to-ASeg aparc.a2009s Thu Mar 12 18:25:02 CET 2026
#@# AParc-to-ASeg aparc.DKTatlas Thu Mar 12 18:25:22 CET 2026
#@# WMParc Thu Mar 12 18:25:38 CET 2026
#@# ASeg Stats Thu Mar 12 18:27:39 CET 2026
recon-all -s sub-v1s23x0050625_ses-1 finished without error at Thu Mar 12 18:27:59 CET 2026
