/out/sourcedata/freesurfer/sub-v1s23x0050604_ses-1/mri
/opt/freesurfer/bin/talairach_avi
--i orig_nu.mgz --xfm transforms/talairach.auto.xfm
talairach_avi 7.3.2
Linux dna061 5.14.0-427.37.1.el9_4.x86_64 #1 SMP PREEMPT_DYNAMIC Fri Sep 13 12:41:50 EDT 2024 x86_64 x86_64 x86_64 GNU/Linux
Mon Mar  9 20:09:46 CET 2026
mri_convert orig_nu.mgz talsrcimg.img 
reading from orig_nu.mgz...
TR=0.00, TE=0.00, TI=0.00, flip angle=0.00
i_ras = (-1, 0, 0)
j_ras = (0, 0, -1)
k_ras = (0, 1, 0)
writing to talsrcimg.img...
Analyze Output Matrix
-1.00000   0.00000   0.00000   170.83083;
 0.00000   0.00000   1.00000  -182.97057;
 0.00000  -1.00000   0.00000   178.74834;
 0.00000   0.00000   0.00000   1.00000;
--------------------
INFO: set hdr.hist.orient to -1
mpr2mni305 talsrcimg
Mon Mar  9 20:09:47 CET 2026
/opt/freesurfer/bin/mpr2mni305 talsrcimg
mpr2mni305 7.3.2
target=711-2C_as_mni_average_305

---------------------------------------------------------------------
analyzeto4dfp talsrcimg -O0 -y
---------------------------------------------------------------------

freesurfer ifh2hdr.c
Mon Mar  9 20:09:47 2026
Writing: talsrcimg.4dfp.hdr
freesurfer analyzeto4dfp.c
Reading: talsrcimg.hdr
header size 348 bytes
hdr.dime.datatype	offset=70	value=2
hdr.dime.bitpix		offset=72	value=8
hdr.hist.orient		offset=252	value=-1
dimensionality     4
dimensions       256       256       256         1
Reading: talsrcimg.img
Writing: talsrcimg.4dfp.img
Writing: talsrcimg.4dfp.ifh
ifh2hdr talsrcimg -r0to242
ori=2

---------------------------------------------------------------------
gauss_4dfp talsrcimg 1.1
---------------------------------------------------------------------

freesurfer gauss_4dfp.c
Reading: talsrcimg.4dfp.img
Writing: talsrcimg_g11.4dfp.img
image dimensions 256 256 256 padded to 288 288 288
processing volume 1freesurfer ifh2hdr.c
Mon Mar  9 20:09:48 2026
Writing: talsrcimg_g11.4dfp.hdr

Writing: talsrcimg_g11.4dfp.ifh
including: talsrcimg.4dfp.img.rec in talsrcimg_g11.4dfp.img.rec

---------------------------------------------------------------------
imgreg_4dfp /opt/freesurfer/average/711-2C_as_mni_average_305 none talsrcimg_g11 none talsrcimg_to_711-2C_as_mni_average_305_t4 4355
---------------------------------------------------------------------

freesurfer imgreg_4dfp.c
/opt/freesurfer/average/711-2C_as_mni_average_305.4dfp.img
       256       256       256         1
  1.000000  1.000000  1.000000
orientation T byte_order littleendian
Reading image: /opt/freesurfer/average/711-2C_as_mni_average_305.4dfp.img
dimensions:      256       256       256
mmppix:       1.0000   -1.0000   -1.0000
center:     128.0000 -129.0000 -129.0000
talsrcimg_g11.4dfp.img
       256       256       256         1
  1.000000  1.000000  1.000000
orientation T byte_order littleendian
Reading image: talsrcimg_g11.4dfp.img
dimensions:      256       256       256
mmppix:       1.0000   -1.0000   -1.0000
center:     128.0000 -129.0000 -129.0000
t4_read: open error in t4_sub.f l:  41 t4_file(1:l)talsrcimg_to_711-2C_as_mni_average_305_t4 
t4_read: transform initialized to I4
rotation matrix determinant  1.000000
image alignment mode   4355 decimal     1103 hex
   -7.5000  -45.0000  -45.0000 6213.9375   16.4040
    0.0000  -45.0000  -45.0000 6471.3174   16.4199
    7.5000  -45.0000  -45.0000 6199.1763   16.4136
   -7.5000  -37.5000  -45.0000 6781.1626   16.1179
    0.0000  -37.5000  -45.0000 7069.1543   16.1311
    7.5000  -37.5000  -45.0000 6767.3984   16.1239
   -7.5000  -30.0000  -45.0000 7641.4673   16.0023
    0.0000  -30.0000  -45.0000 7955.9302   16.0133
    7.5000  -30.0000  -45.0000 7610.0571   16.0066
   -7.5000  -22.5000  -45.0000 8548.4893   15.9646
    0.0000  -22.5000  -45.0000 8921.7383   15.9754
    7.5000  -22.5000  -45.0000 8509.3281   15.9683
   -7.5000  -15.0000  -45.0000 9481.9736   15.9189
    0.0000  -15.0000  -45.0000 9871.6426   15.9301
    7.5000  -15.0000  -45.0000 9414.9297   15.9220
   -7.5000   -7.5000  -45.000010367.6621   15.8906
    0.0000   -7.5000  -45.000010776.8340   15.9036
    7.5000   -7.5000  -45.000010291.7197   15.8952
   -7.5000    0.0000  -45.000011134.2188   15.8961
    0.0000    0.0000  -45.000011600.5957   15.9106
    7.5000    0.0000  -45.000011073.2754   15.9028
   -7.5000    7.5000  -45.000011026.4932   15.9289
    0.0000    7.5000  -45.000011501.2314   15.9419
    7.5000    7.5000  -45.000010977.7705   15.9347
   -7.5000   15.0000  -45.000010709.9805   15.9534
    0.0000   15.0000  -45.000011164.3525   15.9645
    7.5000   15.0000  -45.000010653.4277   15.9580
   -7.5000   22.5000  -45.000010305.7979   15.9389
    0.0000   22.5000  -45.000010718.0195   15.9498
    7.5000   22.5000  -45.000010265.0156   15.9428
   -7.5000   30.0000  -45.0000 9871.6797   15.6979
    0.0000   30.0000  -45.000010257.8096   15.7090
    7.5000   30.0000  -45.0000 9844.4512   15.7011
   -7.5000   37.5000  -45.0000 9755.4629   15.6775
    0.0000   37.5000  -45.000010114.7109   15.6903
    7.5000   37.5000  -45.0000 9697.0410   15.6821
   -7.5000   45.0000  -45.0000 9232.4629   15.2860
    0.0000   45.0000  -45.0000 9576.7324   15.3000
    7.5000   45.0000  -45.0000 9187.7910   15.2924
   -7.5000  -45.0000  -37.5000 6514.9697   16.3430
    0.0000  -45.0000  -37.5000 6786.2129   16.3569
    7.5000  -45.0000  -37.5000 6499.0762   16.3559
   -7.5000  -37.5000  -37.5000 7115.6240   16.0650
    0.0000  -37.5000  -37.5000 7406.2334   16.0783
    7.5000  -37.5000  -37.5000 7089.8789   16.0802
   -7.5000  -30.0000  -37.5000 8043.9902   15.9558
    0.0000  -30.0000  -37.5000 8385.3379   15.9687
    7.5000  -30.0000  -37.5000 8007.8159   15.9716
   -7.5000  -22.5000  -37.5000 9023.8994   15.9217
    0.0000  -22.5000  -37.5000 9417.0449   15.9334
    7.5000  -22.5000  -37.5000 8991.7930   15.9310
   -7.5000  -15.0000  -37.500010020.3730   15.8740
    0.0000  -15.0000  -37.500010436.3740   15.8839
    7.5000  -15.0000  -37.5000 9952.5488   15.8758
   -7.5000   -7.5000  -37.500010925.6748   15.8373
    0.0000   -7.5000  -37.500011383.4111   15.8482
    7.5000   -7.5000  -37.500010854.3223   15.8405
   -7.5000    0.0000  -37.500011712.8135   15.8397
    0.0000    0.0000  -37.500012211.2559   15.8524
    7.5000    0.0000  -37.500011639.9951   15.8492
   -7.5000    7.5000  -37.500011600.5020   15.8775
    0.0000    7.5000  -37.500012092.2852   15.8905
    7.5000    7.5000  -37.500011542.0527   15.8921
   -7.5000   15.0000  -37.500011288.2852   15.9071
    0.0000   15.0000  -37.500011764.5840   15.9202
    7.5000   15.0000  -37.500011217.4932   15.9231
   -7.5000   22.5000  -37.500010849.6104   15.8962
    0.0000   22.5000  -37.500011295.6494   15.9079
    7.5000   22.5000  -37.500010802.2002   15.9056
   -7.5000   30.0000  -37.500010377.4375   15.6537
    0.0000   30.0000  -37.500010805.6592   15.6635
    7.5000   30.0000  -37.500010340.3838   15.6556
   -7.5000   37.5000  -37.500010222.8721   15.6249
    0.0000   37.5000  -37.500010612.9766   15.6356
    7.5000   37.5000  -37.500010165.8359   15.6281
   -7.5000   45.0000  -37.5000 9699.3633   15.2318
    0.0000   45.0000  -37.500010064.7676   15.2440
    7.5000   45.0000  -37.5000 9636.2402   15.2409
   -7.5000  -45.0000  -30.0000 6969.4453   17.0326
    0.0000  -45.0000  -30.0000 7250.2227   17.0420
    7.5000  -45.0000  -30.0000 6941.1479   17.0461
   -7.5000  -37.5000  -30.0000 7636.0381   16.7395
    0.0000  -37.5000  -30.0000 7960.2637   16.7527
    7.5000  -37.5000  -30.0000 7595.6436   16.7613
   -7.5000  -30.0000  -30.0000 8661.2568   16.6231
    0.0000  -30.0000  -30.0000 9028.7080   16.6396
    7.5000  -30.0000  -30.0000 8604.0078   16.6492
   -7.5000  -22.5000  -30.0000 9717.9053   16.5922
    0.0000  -22.5000  -30.000010115.0244   16.6058
    7.5000  -22.5000  -30.0000 9647.9844   16.6078
   -7.5000  -15.0000  -30.000010745.4268   16.5473
    0.0000  -15.0000  -30.000011174.6826   16.5548
    7.5000  -15.0000  -30.000010654.5098   16.5487
   -7.5000   -7.5000  -30.000011706.1074   16.5077
    0.0000   -7.5000  -30.000012199.4629   16.5137
    7.5000   -7.5000  -30.000011616.1455   16.5085
   -7.5000    0.0000  -30.000012550.2070   16.5077
    0.0000    0.0000  -30.000013053.1650   16.5162
    7.5000    0.0000  -30.000012460.4160   16.5176
   -7.5000    7.5000  -30.000012420.2998   16.5440
    0.0000    7.5000  -30.000012919.1943   16.5568
    7.5000    7.5000  -30.000012342.6758   16.5649
   -7.5000   15.0000  -30.000012112.1602   16.5726
    0.0000   15.0000  -30.000012629.1768   16.5890
    7.5000   15.0000  -30.000012024.2334   16.5986
   -7.5000   22.5000  -30.000011640.6240   16.5638
    0.0000   22.5000  -30.000012146.4287   16.5775
    7.5000   22.5000  -30.000011569.5889   16.5795
   -7.5000   30.0000  -30.000011084.3389   16.3192
    0.0000   30.0000  -30.000011562.9785   16.3267
    7.5000   30.0000  -30.000011005.8594   16.3207
   -7.5000   37.5000  -30.000010876.0293   16.2879
    0.0000   37.5000  -30.000011319.1680   16.2938
    7.5000   37.5000  -30.000010796.7051   16.2887
   -7.5000   45.0000  -30.000010319.9346   15.8858
    0.0000   45.0000  -30.000010725.1143   15.8940
    7.5000   45.0000  -30.000010238.1279   15.8953
   -7.5000  -45.0000  -22.5000 7450.5322   17.6053
    0.0000  -45.0000  -22.5000 7739.8335   17.6099
    7.5000  -45.0000  -22.5000 7403.8970   17.6130
   -7.5000  -37.5000  -22.5000 8193.0850   17.2963
    0.0000  -37.5000  -22.5000 8511.8838   17.3075
    7.5000  -37.5000  -22.5000 8121.5522   17.3121
   -7.5000  -30.0000  -22.5000 9309.5068   17.1696
    0.0000  -30.0000  -22.5000 9676.1338   17.1871
    7.5000  -30.0000  -22.5000 9231.6104   17.1927
   -7.5000  -22.5000  -22.500010445.3281   17.1364
    0.0000  -22.5000  -22.500010865.2959   17.1515
    7.5000  -22.5000  -22.500010352.8535   17.1530
   -7.5000  -15.0000  -22.500011524.4795   17.0938
    0.0000  -15.0000  -22.500012001.8896   17.1005
    7.5000  -15.0000  -22.500011414.7266   17.0968
   -7.5000   -7.5000  -22.500012536.1787   17.0593
    0.0000   -7.5000  -22.500013075.3555   17.0615
    7.5000   -7.5000  -22.500012416.2510   17.0582
   -7.5000    0.0000  -22.500013403.2607   17.0617
    0.0000    0.0000  -22.500013950.7715   17.0657
    7.5000    0.0000  -22.500013286.9180   17.0662
   -7.5000    7.5000  -22.500013260.5049   17.0941
    0.0000    7.5000  -22.500013803.9346   17.1051
    7.5000    7.5000  -22.500013129.8799   17.1092
   -7.5000   15.0000  -22.500012918.7852   17.1176
    0.0000   15.0000  -22.500013459.5869   17.1351
    7.5000   15.0000  -22.500012806.8594   17.1406
   -7.5000   22.5000  -22.500012418.9082   17.1060
    0.0000   22.5000  -22.500012955.1865   17.1211
    7.5000   22.5000  -22.500012309.5703   17.1227
   -7.5000   30.0000  -22.500011813.1025   16.8607
    0.0000   30.0000  -22.500012312.5566   16.8674
    7.5000   30.0000  -22.500011695.2432   16.8639
   -7.5000   37.5000  -22.500011583.4951   16.8347
    0.0000   37.5000  -22.500012055.7803   16.8370
    7.5000   37.5000  -22.500011482.8037   16.8337
   -7.5000   45.0000  -22.500010955.0459   16.4313
    0.0000   45.0000  -22.500011394.4844   16.4352
    7.5000   45.0000  -22.500010858.2256   16.4356
   -7.5000  -45.0000  -15.0000 7941.7153   17.9976
    0.0000  -45.0000  -15.0000 8249.7139   18.0034
    7.5000  -45.0000  -15.0000 7868.5986   18.0015
   -7.5000  -37.5000  -15.0000 8758.1533   17.6781
    0.0000  -37.5000  -15.0000 9086.6006   17.6889
    7.5000  -37.5000  -15.0000 8666.8428   17.6841
   -7.5000  -30.0000  -15.0000 9957.4971   17.5438
    0.0000  -30.0000  -15.000010338.0205   17.5602
    7.5000  -30.0000  -15.0000 9846.3320   17.5557
   -7.5000  -22.5000  -15.000011167.4248   17.5049
    0.0000  -22.5000  -15.000011606.4590   17.5202
    7.5000  -22.5000  -15.000011060.0830   17.5168
   -7.5000  -15.0000  -15.000012305.3340   17.4615
    0.0000  -15.0000  -15.000012810.9014   17.4702
    7.5000  -15.0000  -15.000012193.7559   17.4665
   -7.5000   -7.5000  -15.000013355.0947   17.4347
    0.0000   -7.5000  -15.000013926.7539   17.4388
    7.5000   -7.5000  -15.000013248.8105   17.4349
   -7.5000    0.0000  -15.000014241.6045   17.4418
    0.0000    0.0000  -15.000014830.9531   17.4469
    7.5000    0.0000  -15.000014162.0498   17.4429
   -7.5000    7.5000  -15.000014067.1885   17.4716
    0.0000    7.5000  -15.000014659.5000   17.4822
    7.5000    7.5000  -15.000013968.2979   17.4774
   -7.5000   15.0000  -15.000013690.5596   17.4908
    0.0000   15.0000  -15.000014270.4736   17.5071
    7.5000   15.0000  -15.000013595.2793   17.5028
   -7.5000   22.5000  -15.000013191.9092   17.4731
    0.0000   22.5000  -15.000013780.8359   17.4886
    7.5000   22.5000  -15.000013083.6953   17.4852
   -7.5000   30.0000  -15.000012559.9375   17.2259
    0.0000   30.0000  -15.000013109.0635   17.2345
    7.5000   30.0000  -15.000012438.7871   17.2309
   -7.5000   37.5000  -15.000012319.9590   17.2076
    0.0000   37.5000  -15.000012830.1592   17.2116
    7.5000   37.5000  -15.000012218.6836   17.2078
   -7.5000   45.0000  -15.000011634.5830   16.8075
    0.0000   45.0000  -15.000012099.5586   16.8123
    7.5000   45.0000  -15.000011516.4521   16.8085
   -7.5000  -45.0000   -7.5000 8468.0869   18.1807
    0.0000  -45.0000   -7.5000 8796.1367   18.1938
    7.5000  -45.0000   -7.5000 8371.4326   18.1875
   -7.5000  -37.5000   -7.5000 9331.6650   17.8597
    0.0000  -37.5000   -7.5000 9689.4834   17.8724
    7.5000  -37.5000   -7.5000 9232.3320   17.8619
   -7.5000  -30.0000   -7.500010581.9160   17.7268
    0.0000  -30.0000   -7.500010997.6436   17.7403
    7.5000  -30.0000   -7.500010469.7793   17.7299
   -7.5000  -22.5000   -7.500011878.6133   17.6856
    0.0000  -22.5000   -7.500012352.7998   17.6993
    7.5000  -22.5000   -7.500011761.9531   17.6917
   -7.5000  -15.0000   -7.500013108.3359   17.6393
    0.0000  -15.0000   -7.500013667.3125   17.6514
    7.5000  -15.0000   -7.500012998.0605   17.6457
   -7.5000   -7.5000   -7.500014215.8105   17.6132
    0.0000   -7.5000   -7.500014815.4092   17.6242
    7.5000   -7.5000   -7.500014112.6367   17.6182
   -7.5000    0.0000   -7.500015157.4453   17.6206
    0.0000    0.0000   -7.500015806.3018   17.6324
    7.5000    0.0000   -7.500015095.5918   17.6244
   -7.5000    7.5000   -7.500014932.8213   17.6515
    0.0000    7.5000   -7.500015594.0146   17.6640
    7.5000    7.5000   -7.500014883.2871   17.6537
   -7.5000   15.0000   -7.500014506.8203   17.6732
    0.0000   15.0000   -7.500015126.5010   17.6868
    7.5000   15.0000   -7.500014444.9209   17.6766
   -7.5000   22.5000   -7.500014002.5732   17.6516
    0.0000   22.5000   -7.500014625.0254   17.6655
    7.5000   22.5000   -7.500013920.6260   17.6580
   -7.5000   30.0000   -7.500013327.6914   17.4009
    0.0000   30.0000   -7.500013918.4844   17.4128
    7.5000   30.0000   -7.500013253.4893   17.4073
   -7.5000   37.5000   -7.500013047.6328   17.3833
    0.0000   37.5000   -7.500013613.6738   17.3941
    7.5000   37.5000   -7.500012962.7568   17.3883
   -7.5000   45.0000   -7.500012317.1113   16.9830
    0.0000   45.0000   -7.500012824.5098   16.9943
    7.5000   45.0000   -7.500012191.5605   16.9866
   -7.5000  -45.0000    0.0000 8882.7520   18.2180
    0.0000  -45.0000    0.0000 9261.9336   18.2358
    7.5000  -45.0000    0.0000 8806.9355   18.2291
   -7.5000  -37.5000    0.0000 9803.5215   17.9031
    0.0000  -37.5000    0.000010220.2939   17.9176
    7.5000  -37.5000    0.0000 9716.3652   17.9098
   -7.5000  -30.0000    0.000011128.4453   17.7770
    0.0000  -30.0000    0.000011581.6699   17.7894
    7.5000  -30.0000    0.000011030.4248   17.7824
   -7.5000  -22.5000    0.000012499.5850   17.7365
    0.0000  -22.5000    0.000013006.5078   17.7490
    7.5000  -22.5000    0.000012392.6123   17.7418
   -7.5000  -15.0000    0.000013771.9219   17.6858
    0.0000  -15.0000    0.000014360.6113   17.6991
    7.5000  -15.0000    0.000013666.0137   17.6909
   -7.5000   -7.5000    0.000014927.9492   17.6531
    0.0000   -7.5000    0.000015570.7783   17.6682
    7.5000   -7.5000    0.000014851.0186   17.6595
   -7.5000    0.0000    0.000015988.9873   17.6581
    0.0000    0.0000    0.000016696.1602   17.6744
    7.5000    0.0000    0.000015939.5127   17.6659
   -7.5000    7.5000    0.000015753.1230   17.6946
    0.0000    7.5000    0.000016469.9551   17.7090
    7.5000    7.5000    0.000015754.6650   17.7013
   -7.5000   15.0000    0.000015260.8994   17.7231
    0.0000   15.0000    0.000015949.7471   17.7356
    7.5000   15.0000    0.000015268.8936   17.7288
   -7.5000   22.5000    0.000014723.1953   17.7024
    0.0000   22.5000    0.000015416.2305   17.7150
    7.5000   22.5000    0.000014698.9150   17.7080
   -7.5000   30.0000    0.000014015.7930   17.4471
    0.0000   30.0000    0.000014670.6289   17.4603
    7.5000   30.0000    0.000014014.2852   17.4523
   -7.5000   37.5000    0.000013687.3486   17.4232
    0.0000   37.5000    0.000014297.7041   17.4380
    7.5000   37.5000    0.000013658.0332   17.4295
   -7.5000   45.0000    0.000012904.5488   17.0204
    0.0000   45.0000    0.000013448.6240   17.0361
    7.5000   45.0000    0.000012850.4678   17.0279
   -7.5000  -45.0000    7.5000 8606.4951   18.2541
    0.0000  -45.0000    7.5000 9012.1445   18.2701
    7.5000  -45.0000    7.5000 8568.9355   18.2690
   -7.5000  -37.5000    7.5000 9507.9434   17.9431
    0.0000  -37.5000    7.5000 9923.8467   17.9586
    7.5000  -37.5000    7.5000 9450.8643   17.9609
   -7.5000  -30.0000    7.500010777.8613   17.8210
    0.0000  -30.0000    7.500011229.9814   17.8362
    7.5000  -30.0000    7.500010728.0400   17.8396
   -7.5000  -22.5000    7.500012101.3594   17.7838
    0.0000  -22.5000    7.500012607.2822   17.7973
    7.5000  -22.5000    7.500012041.8809   17.7947
   -7.5000  -15.0000    7.500013342.4111   17.7316
    0.0000  -15.0000    7.500013883.7979   17.7429
    7.5000  -15.0000    7.500013256.4365   17.7339
   -7.5000   -7.5000    7.500014463.5986   17.6910
    0.0000   -7.5000    7.500015054.4902   17.7034
    7.5000   -7.5000    7.500014404.5752   17.6948
   -7.5000    0.0000    7.500015571.5430   17.6930
    0.0000    0.0000    7.500016265.0889   17.7076
    7.5000    0.0000    7.500015511.9961   17.7041
   -7.5000    7.5000    7.500015460.5391   17.7340
    0.0000    7.5000    7.500016155.4746   17.7492
    7.5000    7.5000    7.500015465.0146   17.7512
   -7.5000   15.0000    7.500014992.3848   17.7668
    0.0000   15.0000    7.500015615.0410   17.7820
    7.5000   15.0000    7.500015087.6846   17.7855
   -7.5000   22.5000    7.500014445.3867   17.7495
    0.0000   22.5000    7.500015051.5322   17.7631
    7.5000   22.5000    7.500014512.2529   17.7607
   -7.5000   30.0000    7.500013769.2598   17.4924
    0.0000   30.0000    7.500014388.7744   17.5035
    7.5000   30.0000    7.500013831.7012   17.4947
   -7.5000   37.5000    7.500013418.6211   17.4606
    0.0000   37.5000    7.500014046.8623   17.4728
    7.5000   37.5000    7.500013450.5498   17.4643
   -7.5000   45.0000    7.500012599.2930   17.0540
    0.0000   45.0000    7.500013153.1191   17.0681
    7.5000   45.0000    7.500012593.1260   17.0647
   -7.5000  -45.0000   15.0000 8214.4941   18.2910
    0.0000  -45.0000   15.0000 8593.9033   18.3012
    7.5000  -45.0000   15.0000 8185.9985   18.3055
   -7.5000  -37.5000   15.0000 9104.1592   17.9761
    0.0000  -37.5000   15.0000 9509.3125   17.9903
    7.5000  -37.5000   15.0000 9054.6172   17.9996
   -7.5000  -30.0000   15.000010345.4297   17.8513
    0.0000  -30.0000   15.000010786.5371   17.8691
    7.5000  -30.0000   15.000010293.9268   17.8794
   -7.5000  -22.5000   15.000011630.5400   17.8184
    0.0000  -22.5000   15.000012125.3291   17.8331
    7.5000  -22.5000   15.000011558.2627   17.8353
   -7.5000  -15.0000   15.000012816.3857   17.7704
    0.0000  -15.0000   15.000013324.5205   17.7786
    7.5000  -15.0000   15.000012736.6465   17.7719
   -7.5000   -7.5000   15.000013913.1953   17.7276
    0.0000   -7.5000   15.000014435.3525   17.7342
    7.5000   -7.5000   15.000013864.2158   17.7285
   -7.5000    0.0000   15.000014919.5010   17.7273
    0.0000    0.0000   15.000015519.3184   17.7365
    7.5000    0.0000   15.000014898.2803   17.7379
   -7.5000    7.5000   15.000014753.9170   17.7661
    0.0000    7.5000   15.000015366.0215   17.7800
    7.5000    7.5000   15.000014824.0107   17.7887
   -7.5000   15.0000   15.000014426.2871   17.7970
    0.0000   15.0000   15.000015030.7969   17.8148
    7.5000   15.0000   15.000014547.6035   17.8251
   -7.5000   22.5000   15.000014017.1074   17.7840
    0.0000   22.5000   15.000014648.9502   17.7988
    7.5000   22.5000   15.000014113.2588   17.8010
   -7.5000   30.0000   15.000013387.3350   17.5306
    0.0000   30.0000   15.000014054.9805   17.5387
    7.5000   30.0000   15.000013448.8525   17.5322
   -7.5000   37.5000   15.000012969.8994   17.4967
    0.0000   37.5000   15.000013631.6279   17.5032
    7.5000   37.5000   15.000013025.4131   17.4976
   -7.5000   45.0000   15.000012097.2080   17.0871
    0.0000   45.0000   15.000012665.4268   17.0960
    7.5000   45.0000   15.000012133.6201   17.0973
   -7.5000  -45.0000   22.5000 7762.0103   18.3084
    0.0000  -45.0000   22.5000 8083.4839   18.3133
    7.5000  -45.0000   22.5000 7734.1113   18.3165
   -7.5000  -37.5000   22.5000 8610.3672   17.9863
    0.0000  -37.5000   22.5000 8959.5527   17.9981
    7.5000  -37.5000   22.5000 8568.5342   18.0029
   -7.5000  -30.0000   22.5000 9795.5459   17.8544
    0.0000  -30.0000   22.500010190.3184   17.8726
    7.5000  -30.0000   22.5000 9728.2451   17.8784
   -7.5000  -22.5000   22.500011000.0225   17.8199
    0.0000  -22.5000   22.500011462.9111   17.8355
    7.5000  -22.5000   22.500010921.9492   17.8372
   -7.5000  -15.0000   22.500012141.0840   17.7755
    0.0000  -15.0000   22.500012621.0645   17.7825
    7.5000  -15.0000   22.500012076.7783   17.7788
   -7.5000   -7.5000   22.500013218.0781   17.7396
    0.0000   -7.5000   22.500013776.3770   17.7421
    7.5000   -7.5000   22.500013204.0781   17.7386
   -7.5000    0.0000   22.500014225.5596   17.7421
    0.0000    0.0000   22.500014851.7158   17.7464
    7.5000    0.0000   22.500014238.0049   17.7469
   -7.5000    7.5000   22.500014086.2461   17.7757
    0.0000    7.5000   22.500014739.5713   17.7872
    7.5000    7.5000   22.500014134.9570   17.7916
   -7.5000   15.0000   22.500013780.2275   17.8002
    0.0000   15.0000   22.500014434.9004   17.8184
    7.5000   15.0000   22.500013808.9639   17.8242
   -7.5000   22.5000   22.500013339.1553   17.7855
    0.0000   22.5000   22.500013988.5566   17.8012
    7.5000   22.5000   22.500013350.8174   17.8029
   -7.5000   30.0000   22.500012716.8369   17.5356
    0.0000   30.0000   22.500013354.2334   17.5426
    7.5000   30.0000   22.500012750.1338   17.5390
   -7.5000   37.5000   22.500012356.2744   17.5086
    0.0000   37.5000   22.500012976.9268   17.5110
    7.5000   37.5000   22.500012393.0879   17.5076
   -7.5000   45.0000   22.500011511.3389   17.1014
    0.0000   45.0000   22.500012045.1611   17.1055
    7.5000   45.0000   22.500011537.9668   17.1060
   -7.5000  -45.0000   30.0000 7233.8687   18.3112
    0.0000  -45.0000   30.0000 7506.7104   18.3171
    7.5000  -45.0000   30.0000 7212.9893   18.3151
   -7.5000  -37.5000   30.0000 8005.8389   17.9848
    0.0000  -37.5000   30.0000 8323.0898   17.9959
    7.5000  -37.5000   30.0000 7967.9775   17.9910
   -7.5000  -30.0000   30.0000 9123.6992   17.8474
    0.0000  -30.0000   30.0000 9484.9023   17.8640
    7.5000  -30.0000   30.0000 9056.8271   17.8595
   -7.5000  -22.5000   30.000010272.2617   17.8074
    0.0000  -22.5000   30.000010699.1104   17.8231
    7.5000  -22.5000   30.000010230.0215   17.8196
   -7.5000  -15.0000   30.000011382.6543   17.7632
    0.0000  -15.0000   30.000011853.9424   17.7720
    7.5000  -15.0000   30.000011344.6543   17.7684
   -7.5000   -7.5000   30.000012423.7852   17.7361
    0.0000   -7.5000   30.000012979.4990   17.7403
    7.5000   -7.5000   30.000012398.3613   17.7365
   -7.5000    0.0000   30.000013331.7412   17.7437
    0.0000    0.0000   30.000013896.0957   17.7489
    7.5000    0.0000   30.000013303.1895   17.7449
   -7.5000    7.5000   30.000013178.9111   17.7740
    0.0000    7.5000   30.000013716.8135   17.7849
    7.5000    7.5000   30.000013146.4082   17.7799
   -7.5000   15.0000   30.000012892.0508   17.7932
    0.0000   15.0000   30.000013421.4131   17.8099
    7.5000   15.0000   30.000012851.5127   17.8055
   -7.5000   22.5000   30.000012456.7207   17.7731
    0.0000   22.5000   30.000012972.1143   17.7888
    7.5000   22.5000   30.000012427.0977   17.7855
   -7.5000   30.0000   30.000011858.6963   17.5235
    0.0000   30.0000   30.000012353.7988   17.5322
    7.5000   30.0000   30.000011853.4941   17.5287
   -7.5000   37.5000   30.000011545.1318   17.5051
    0.0000   37.5000   30.000012028.9980   17.5092
    7.5000   37.5000   30.000011539.0498   17.5054
   -7.5000   45.0000   30.000010755.0371   17.1029
    0.0000   45.0000   30.000011199.3193   17.1079
    7.5000   45.0000   30.000010746.9795   17.1040
   -7.5000  -45.0000   37.5000 6961.3501   18.4643
    0.0000  -45.0000   37.5000 7230.4434   18.4780
    7.5000  -45.0000   37.5000 6956.8687   18.4717
   -7.5000  -37.5000   37.5000 7726.6255   18.1335
    0.0000  -37.5000   37.5000 8045.0376   18.1469
    7.5000  -37.5000   37.5000 7704.7915   18.1365
   -7.5000  -30.0000   37.5000 8808.3770   17.9968
    0.0000  -30.0000   37.5000 9190.2041   18.0107
    7.5000  -30.0000   37.5000 8772.1836   18.0005
   -7.5000  -22.5000   37.5000 9911.3730   17.9552
    0.0000  -22.5000   37.500010327.0273   17.9689
    7.5000  -22.5000   37.5000 9861.7500   17.9614
   -7.5000  -15.0000   37.500010961.2930   17.9082
    0.0000  -15.0000   37.500011405.3574   17.9200
    7.5000  -15.0000   37.500010881.3340   17.9144
   -7.5000   -7.5000   37.500011918.8916   17.8813
    0.0000   -7.5000   37.500012437.9824   17.8922
    7.5000   -7.5000   37.500011855.9902   17.8863
   -7.5000    0.0000   37.500012777.0186   17.8882
    0.0000    0.0000   37.500013308.2021   17.9005
    7.5000    0.0000   37.500012693.9082   17.8926
   -7.5000    7.5000   37.500012626.4580   17.9194
    0.0000    7.5000   37.500013158.5244   17.9325
    7.5000    7.5000   37.500012563.6592   17.9224
   -7.5000   15.0000   37.500012357.3008   17.9416
    0.0000   15.0000   37.500012853.1738   17.9557
    7.5000   15.0000   37.500012305.9551   17.9457
   -7.5000   22.5000   37.500011930.0352   17.9203
    0.0000   22.5000   37.500012407.1133   17.9342
    7.5000   22.5000   37.500011896.8467   17.9269
   -7.5000   30.0000   37.500011348.0850   17.6665
    0.0000   30.0000   37.500011818.5176   17.6782
    7.5000   30.0000   37.500011337.9141   17.6727
   -7.5000   37.5000   37.500011082.2754   17.6483
    0.0000   37.5000   37.500011551.6416   17.6592
    7.5000   37.5000   37.500011072.6445   17.6533
   -7.5000   45.0000   37.500010379.8184   17.2422
    0.0000   45.0000   37.500010790.4287   17.2541
    7.5000   45.0000   37.500010352.8047   17.2464
   -7.5000  -45.0000   45.0000 6371.7715   18.7000
    0.0000  -45.0000   45.0000 6636.0234   18.7175
    7.5000  -45.0000   45.0000 6339.6797   18.7130
   -7.5000  -37.5000   45.0000 7067.1704   18.3652
    0.0000  -37.5000   45.0000 7371.9551   18.3793
    7.5000  -37.5000   45.0000 7023.7168   18.3737
   -7.5000  -30.0000   45.0000 8035.5972   18.2311
    0.0000  -30.0000   45.0000 8381.2090   18.2424
    7.5000  -30.0000   45.0000 7988.1733   18.2375
   -7.5000  -22.5000   45.0000 9027.5068   18.1893
    0.0000  -22.5000   45.0000 9407.4951   18.2000
    7.5000  -22.5000   45.0000 8960.2461   18.1948
   -7.5000  -15.0000   45.0000 9972.7383   18.1371
    0.0000  -15.0000   45.000010385.9736   18.1485
    7.5000  -15.0000   45.0000 9884.7109   18.1422
   -7.5000   -7.5000   45.000010853.2314   18.1030
    0.0000   -7.5000   45.000011306.6025   18.1169
    7.5000   -7.5000   45.000010769.5381   18.1101
   -7.5000    0.0000   45.000011628.2139   18.1075
    0.0000    0.0000   45.000012102.4268   18.1233
    7.5000    0.0000   45.000011556.1885   18.1168
   -7.5000    7.5000   45.000011520.5186   18.1445
    0.0000    7.5000   45.000011999.5947   18.1584
    7.5000    7.5000   45.000011473.3125   18.1528
   -7.5000   15.0000   45.000011272.1006   18.1740
    0.0000   15.0000   45.000011731.1475   18.1855
    7.5000   15.0000   45.000011235.4668   18.1807
   -7.5000   22.5000   45.000010872.2988   18.1534
    0.0000   22.5000   45.000011339.0576   18.1643
    7.5000   22.5000   45.000010858.6777   18.1592
   -7.5000   30.0000   45.000010369.0293   17.8905
    0.0000   30.0000   45.000010805.8818   17.9018
    7.5000   30.0000   45.000010368.8057   17.8957
   -7.5000   37.5000   45.000010159.0127   17.8656
    0.0000   37.5000   45.000010598.3193   17.8793
    7.5000   37.5000   45.000010169.6475   17.8726
   -7.5000   45.0000   45.0000 9550.1318   17.4614
    0.0000   45.0000   45.0000 9948.5430   17.4767
    7.5000   45.0000   45.0000 9541.7256   17.4704

---------------------------------------------------------------------
imgreg_4dfp /opt/freesurfer/average/711-2C_as_mni_average_305 /opt/freesurfer/average/711-2B_as_mni_average_305_mask talsrcimg_g11 none talsrcimg_to_711-2C_as_mni_average_305_t4 4355
---------------------------------------------------------------------

freesurfer imgreg_4dfp.c
/opt/freesurfer/average/711-2C_as_mni_average_305.4dfp.img
       256       256       256         1
  1.000000  1.000000  1.000000
orientation T byte_order littleendian
Reading image: /opt/freesurfer/average/711-2C_as_mni_average_305.4dfp.img
dimensions:      256       256       256
mmppix:       1.0000   -1.0000   -1.0000
center:     128.0000 -129.0000 -129.0000
/opt/freesurfer/average/711-2B_as_mni_average_305_mask.4dfp.img
       256       256       256         1
  1.000000  1.000000  1.000000
orientation T byte_order littleendian
Reading mask: /opt/freesurfer/average/711-2B_as_mni_average_305_mask.4dfp.img (2306576 pixels)
talsrcimg_g11.4dfp.img
       256       256       256         1
  1.000000  1.000000  1.000000
orientation T byte_order littleendian
Reading image: talsrcimg_g11.4dfp.img
dimensions:      256       256       256
mmppix:       1.0000   -1.0000   -1.0000
center:     128.0000 -129.0000 -129.0000
rotation matrix determinant  1.000000
image alignment mode   4355 decimal     1103 hex
   -7.5000  -45.0000  -45.0000 1790.8187   23.4757
    0.0000  -45.0000  -45.0000 1802.7175   23.3799
    7.5000  -45.0000  -45.0000 1785.6985   23.6033
   -7.5000  -37.5000  -45.0000 1892.1891   20.7463
    0.0000  -37.5000  -45.0000 1908.5382   20.6429
    7.5000  -37.5000  -45.0000 1887.5269   20.8616
   -7.5000  -30.0000  -45.0000 1988.1891   18.5466
    0.0000  -30.0000  -45.0000 2000.9109   18.4444
    7.5000  -30.0000  -45.0000 1980.1968   18.6394
   -7.5000  -22.5000  -45.0000 2080.0178   16.8205
    0.0000  -22.5000  -45.0000 2096.8625   16.7425
    7.5000  -22.5000  -45.0000 2072.0422   16.9316
   -7.5000  -15.0000  -45.0000 2162.0452   15.5428
    0.0000  -15.0000  -45.0000 2176.0198   15.4671
    7.5000  -15.0000  -45.0000 2152.5386   15.6500
   -7.5000   -7.5000  -45.0000 2217.3762   14.6868
    0.0000   -7.5000  -45.0000 2225.8909   14.6279
    7.5000   -7.5000  -45.0000 2205.4087   14.7803
   -7.5000    0.0000  -45.0000 2246.2866   14.1225
    0.0000    0.0000  -45.0000 2261.7698   14.0778
    7.5000    0.0000  -45.0000 2234.9414   14.2577
   -7.5000    7.5000  -45.0000 2260.3196   13.8524
    0.0000    7.5000  -45.0000 2280.6040   13.7787
    7.5000    7.5000  -45.0000 2252.9753   14.0091
   -7.5000   15.0000  -45.0000 2256.2412   13.7902
    0.0000   15.0000  -45.0000 2275.4229   13.7139
    7.5000   15.0000  -45.0000 2245.8074   13.9064
   -7.5000   22.5000  -45.0000 2246.6631   13.8203
    0.0000   22.5000  -45.0000 2262.2527   13.7336
    7.5000   22.5000  -45.0000 2235.2634   13.9557
   -7.5000   30.0000  -45.0000 2229.6091   14.0843
    0.0000   30.0000  -45.0000 2244.1035   13.9880
    7.5000   30.0000  -45.0000 2213.7131   14.2189
   -7.5000   37.5000  -45.0000 2187.5029   14.6935
    0.0000   37.5000  -45.0000 2200.4495   14.6047
    7.5000   37.5000  -45.0000 2167.6907   14.8411
   -7.5000   45.0000  -45.0000 2130.2290   15.6538
    0.0000   45.0000  -45.0000 2142.1431   15.5669
    7.5000   45.0000  -45.0000 2108.0234   15.8259
   -7.5000  -45.0000  -37.5000 1829.5414   22.2150
    0.0000  -45.0000  -37.5000 1838.1786   22.1313
    7.5000  -45.0000  -37.5000 1824.8511   22.3925
   -7.5000  -37.5000  -37.5000 1941.7158   19.6095
    0.0000  -37.5000  -37.5000 1954.5133   19.5017
    7.5000  -37.5000  -37.5000 1936.5122   19.7775
   -7.5000  -30.0000  -37.5000 2045.7543   17.5527
    0.0000  -30.0000  -37.5000 2065.2319   17.4509
    7.5000  -30.0000  -37.5000 2041.9482   17.6670
   -7.5000  -22.5000  -37.5000 2147.7195   15.8735
    0.0000  -22.5000  -37.5000 2168.9922   15.8177
    7.5000  -22.5000  -37.5000 2146.2959   15.9956
   -7.5000  -15.0000  -37.5000 2244.8037   14.5754
    0.0000  -15.0000  -37.5000 2261.5237   14.5190
    7.5000  -15.0000  -37.5000 2236.8901   14.7181
   -7.5000   -7.5000  -37.5000 2302.1921   13.6733
    0.0000   -7.5000  -37.5000 2321.6233   13.6314
    7.5000   -7.5000  -37.5000 2297.3340   13.8129
   -7.5000    0.0000  -37.5000 2334.8218   13.1369
    0.0000    0.0000  -37.5000 2357.3020   13.0983
    7.5000    0.0000  -37.5000 2327.6445   13.2691
   -7.5000    7.5000  -37.5000 2355.5437   12.8693
    0.0000    7.5000  -37.5000 2376.9819   12.8004
    7.5000    7.5000  -37.5000 2348.0974   12.9722
   -7.5000   15.0000  -37.5000 2355.5713   12.8144
    0.0000   15.0000  -37.5000 2377.1499   12.7312
    7.5000   15.0000  -37.5000 2342.9771   12.9002
   -7.5000   22.5000  -37.5000 2349.4407   12.8682
    0.0000   22.5000  -37.5000 2363.7803   12.8073
    7.5000   22.5000  -37.5000 2333.8057   12.9800
   -7.5000   30.0000  -37.5000 2326.3328   13.1343
    0.0000   30.0000  -37.5000 2343.2388   13.0612
    7.5000   30.0000  -37.5000 2310.7507   13.2517
   -7.5000   37.5000  -37.5000 2282.1035   13.6750
    0.0000   37.5000  -37.5000 2296.5669   13.5861
    7.5000   37.5000  -37.5000 2264.0042   13.7858
   -7.5000   45.0000  -37.5000 2217.7441   14.5512
    0.0000   45.0000  -37.5000 2232.0127   14.4721
    7.5000   45.0000  -37.5000 2197.8284   14.6900
   -7.5000  -45.0000  -30.0000 1906.8751   21.8924
    0.0000  -45.0000  -30.0000 1916.5863   21.7895
    7.5000  -45.0000  -30.0000 1904.4137   22.0321
   -7.5000  -37.5000  -30.0000 2028.0045   19.2223
    0.0000  -37.5000  -30.0000 2042.9305   19.1664
    7.5000  -37.5000  -30.0000 2024.6385   19.3857
   -7.5000  -30.0000  -30.0000 2144.8552   17.1627
    0.0000  -30.0000  -30.0000 2161.1819   17.1310
    7.5000  -30.0000  -30.0000 2139.8621   17.3168
   -7.5000  -22.5000  -30.0000 2255.9863   15.4811
    0.0000  -22.5000  -30.0000 2273.7700   15.4686
    7.5000  -22.5000  -30.0000 2249.7815   15.6619
   -7.5000  -15.0000  -30.0000 2353.2502   14.1845
    0.0000  -15.0000  -30.0000 2374.4683   14.1428
    7.5000  -15.0000  -30.0000 2343.0144   14.3337
   -7.5000   -7.5000  -30.0000 2422.8381   13.2226
    0.0000   -7.5000  -30.0000 2450.3125   13.1530
    7.5000   -7.5000  -30.0000 2416.3638   13.3518
   -7.5000    0.0000  -30.0000 2468.9285   12.6344
    0.0000    0.0000  -30.0000 2492.0190   12.5848
    7.5000    0.0000  -30.0000 2458.9121   12.7628
   -7.5000    7.5000  -30.0000 2498.2312   12.3437
    0.0000    7.5000  -30.0000 2517.3555   12.3051
    7.5000    7.5000  -30.0000 2489.0737   12.4620
   -7.5000   15.0000  -30.0000 2510.0298   12.3197
    0.0000   15.0000  -30.0000 2532.8621   12.2737
    7.5000   15.0000  -30.0000 2491.1199   12.4104
   -7.5000   22.5000  -30.0000 2501.0652   12.4333
    0.0000   22.5000  -30.0000 2521.0569   12.3931
    7.5000   22.5000  -30.0000 2481.4009   12.5283
   -7.5000   30.0000  -30.0000 2470.9475   12.7065
    0.0000   30.0000  -30.0000 2495.2251   12.6393
    7.5000   30.0000  -30.0000 2451.0132   12.7992
   -7.5000   37.5000  -30.0000 2422.6101   13.2160
    0.0000   37.5000  -30.0000 2442.1062   13.1456
    7.5000   37.5000  -30.0000 2402.1814   13.3134
   -7.5000   45.0000  -30.0000 2349.2275   14.0220
    0.0000   45.0000  -30.0000 2366.7849   13.9694
    7.5000   45.0000  -30.0000 2328.7896   14.1576
   -7.5000  -45.0000  -22.5000 1961.0148   21.3109
    0.0000  -45.0000  -22.5000 1971.5048   21.2438
    7.5000  -45.0000  -22.5000 1959.5084   21.4957
   -7.5000  -37.5000  -22.5000 2092.4014   18.7041
    0.0000  -37.5000  -22.5000 2106.0535   18.6300
    7.5000  -37.5000  -22.5000 2087.5994   18.9033
   -7.5000  -30.0000  -22.5000 2219.2988   16.6692
    0.0000  -30.0000  -22.5000 2235.9932   16.6167
    7.5000  -30.0000  -22.5000 2213.3032   16.8522
   -7.5000  -22.5000  -22.5000 2335.8955   14.9689
    0.0000  -22.5000  -22.5000 2353.0400   14.9487
    7.5000  -22.5000  -22.5000 2329.0098   15.1649
   -7.5000  -15.0000  -22.5000 2435.7659   13.6082
    0.0000  -15.0000  -22.5000 2457.8284   13.5898
    7.5000  -15.0000  -22.5000 2428.4441   13.7796
   -7.5000   -7.5000  -22.5000 2518.8970   12.6242
    0.0000   -7.5000  -22.5000 2544.2793   12.6209
    7.5000   -7.5000  -22.5000 2511.7710   12.7807
   -7.5000    0.0000  -22.5000 2573.2759   12.0186
    0.0000    0.0000  -22.5000 2596.0100   11.9913
    7.5000    0.0000  -22.5000 2564.7444   12.1639
   -7.5000    7.5000  -22.5000 2614.6973   11.7191
    0.0000    7.5000  -22.5000 2633.3579   11.6988
    7.5000    7.5000  -22.5000 2599.9124   11.8416
   -7.5000   15.0000  -22.5000 2634.1838   11.6866
    0.0000   15.0000  -22.5000 2655.3774   11.6568
    7.5000   15.0000  -22.5000 2611.0000   11.7918
   -7.5000   22.5000  -22.5000 2628.4956   11.8426
    0.0000   22.5000  -22.5000 2649.7058   11.8118
    7.5000   22.5000  -22.5000 2602.3303   11.9399
   -7.5000   30.0000  -22.5000 2599.2722   12.1354
    0.0000   30.0000  -22.5000 2620.3364   12.0928
    7.5000   30.0000  -22.5000 2573.1897   12.2236
   -7.5000   37.5000  -22.5000 2546.0720   12.6342
    0.0000   37.5000  -22.5000 2567.5083   12.5670
    7.5000   37.5000  -22.5000 2523.5784   12.7221
   -7.5000   45.0000  -22.5000 2457.7832   13.3900
    0.0000   45.0000  -22.5000 2480.4609   13.3309
    7.5000   45.0000  -22.5000 2439.6013   13.4964
   -7.5000  -45.0000  -15.0000 1996.4058   20.7497
    0.0000  -45.0000  -15.0000 2006.7123   20.6982
    7.5000  -45.0000  -15.0000 1989.5869   20.9745
   -7.5000  -37.5000  -15.0000 2134.0071   18.1587
    0.0000  -37.5000  -15.0000 2140.9985   18.1000
    7.5000  -37.5000  -15.0000 2124.5811   18.3847
   -7.5000  -30.0000  -15.0000 2266.1050   16.1009
    0.0000  -30.0000  -15.0000 2276.3726   16.0555
    7.5000  -30.0000  -15.0000 2252.0730   16.3158
   -7.5000  -22.5000  -15.0000 2384.6829   14.4121
    0.0000  -22.5000  -15.0000 2402.3774   14.3896
    7.5000  -22.5000  -15.0000 2379.6641   14.6121
   -7.5000  -15.0000  -15.0000 2488.4946   13.0652
    0.0000  -15.0000  -15.0000 2512.9067   13.0474
    7.5000  -15.0000  -15.0000 2485.5151   13.2670
   -7.5000   -7.5000  -15.0000 2582.2966   12.0637
    0.0000   -7.5000  -15.0000 2604.5164   12.0708
    7.5000   -7.5000  -15.0000 2572.6194   12.2569
   -7.5000    0.0000  -15.0000 2649.3940   11.4306
    0.0000    0.0000  -15.0000 2670.7571   11.4012
    7.5000    0.0000  -15.0000 2640.7651   11.5963
   -7.5000    7.5000  -15.0000 2703.5386   11.1136
    0.0000    7.5000  -15.0000 2725.5569   11.0959
    7.5000    7.5000  -15.0000 2683.7102   11.2703
   -7.5000   15.0000  -15.0000 2726.5623   11.0499
    0.0000   15.0000  -15.0000 2748.4358   11.0286
    7.5000   15.0000  -15.0000 2702.2358   11.1844
   -7.5000   22.5000  -15.0000 2727.6921   11.2193
    0.0000   22.5000  -15.0000 2755.7891   11.1819
    7.5000   22.5000  -15.0000 2702.4587   11.3103
   -7.5000   30.0000  -15.0000 2698.8743   11.5436
    0.0000   30.0000  -15.0000 2724.3933   11.4992
    7.5000   30.0000  -15.0000 2669.8853   11.6183
   -7.5000   37.5000  -15.0000 2640.6453   12.0292
    0.0000   37.5000  -15.0000 2662.2705   11.9865
    7.5000   37.5000  -15.0000 2617.2639   12.1020
   -7.5000   45.0000  -15.0000 2546.8999   12.7453
    0.0000   45.0000  -15.0000 2570.5940   12.6987
    7.5000   45.0000  -15.0000 2524.4409   12.8391
   -7.5000  -45.0000   -7.5000 2021.0352   20.3210
    0.0000  -45.0000   -7.5000 2031.5126   20.2628
    7.5000  -45.0000   -7.5000 2006.9398   20.5972
   -7.5000  -37.5000   -7.5000 2156.6777   17.6756
    0.0000  -37.5000   -7.5000 2169.3848   17.6470
    7.5000  -37.5000   -7.5000 2145.5017   17.9427
   -7.5000  -30.0000   -7.5000 2287.3997   15.6054
    0.0000  -30.0000   -7.5000 2298.5176   15.5687
    7.5000  -30.0000   -7.5000 2270.8423   15.8452
   -7.5000  -22.5000   -7.5000 2410.7578   13.9120
    0.0000  -22.5000   -7.5000 2423.5461   13.9057
    7.5000  -22.5000   -7.5000 2400.2666   14.1500
   -7.5000  -15.0000   -7.5000 2524.8818   12.5868
    0.0000  -15.0000   -7.5000 2545.6238   12.5824
    7.5000  -15.0000   -7.5000 2514.7354   12.8171
   -7.5000   -7.5000   -7.5000 2623.1021   11.5777
    0.0000   -7.5000   -7.5000 2644.1106   11.5710
    7.5000   -7.5000   -7.5000 2611.1841   11.8030
   -7.5000    0.0000   -7.5000 2706.1682   10.9240
    0.0000    0.0000   -7.5000 2729.2896   10.8978
    7.5000    0.0000   -7.5000 2694.8479   11.1045
   -7.5000    7.5000   -7.5000 2771.2065   10.5832
    0.0000    7.5000   -7.5000 2801.6318   10.5716
    7.5000    7.5000   -7.5000 2749.9888   10.7482
   -7.5000   15.0000   -7.5000 2806.4001   10.4812
    0.0000   15.0000   -7.5000 2831.7742   10.4515
    7.5000   15.0000   -7.5000 2780.0061   10.6244
   -7.5000   22.5000   -7.5000 2815.7332   10.6561
    0.0000   22.5000   -7.5000 2843.9768   10.6213
    7.5000   22.5000   -7.5000 2786.2161   10.7568
   -7.5000   30.0000   -7.5000 2785.0850   10.9886
    0.0000   30.0000   -7.5000 2809.3289   10.9428
    7.5000   30.0000   -7.5000 2752.9807   11.0680
   -7.5000   37.5000   -7.5000 2713.1614   11.4402
    0.0000   37.5000   -7.5000 2736.0012   11.3916
    7.5000   37.5000   -7.5000 2689.2031   11.5196
   -7.5000   45.0000   -7.5000 2607.6680   12.1360
    0.0000   45.0000   -7.5000 2633.5935   12.0784
    7.5000   45.0000   -7.5000 2586.2073   12.2064
   -7.5000  -45.0000    0.0000 2031.2177   20.0455
    0.0000  -45.0000    0.0000 2042.1655   20.0178
    7.5000  -45.0000    0.0000 2017.9620   20.4087
   -7.5000  -37.5000    0.0000 2167.1599   17.4438
    0.0000  -37.5000    0.0000 2183.2727   17.4116
    7.5000  -37.5000    0.0000 2154.5640   17.7495
   -7.5000  -30.0000    0.0000 2293.3914   15.3359
    0.0000  -30.0000    0.0000 2305.5330   15.3269
    7.5000  -30.0000    0.0000 2278.5552   15.6352
   -7.5000  -22.5000    0.0000 2421.6279   13.6359
    0.0000  -22.5000    0.0000 2434.0867   13.6245
    7.5000  -22.5000    0.0000 2410.2930   13.9170
   -7.5000  -15.0000    0.0000 2539.5039   12.3148
    0.0000  -15.0000    0.0000 2556.9500   12.3009
    7.5000  -15.0000    0.0000 2523.6599   12.5637
   -7.5000   -7.5000    0.0000 2641.4587   11.2842
    0.0000   -7.5000    0.0000 2662.6536   11.2603
    7.5000   -7.5000    0.0000 2625.1631   11.5065
   -7.5000    0.0000    0.0000 2738.0344   10.6052
    0.0000    0.0000    0.0000 2765.9543   10.5760
    7.5000    0.0000    0.0000 2724.9980   10.8044
   -7.5000    7.5000    0.0000 2816.6699   10.2751
    0.0000    7.5000    0.0000 2852.4094   10.2350
    7.5000    7.5000    0.0000 2798.8550   10.4468
   -7.5000   15.0000    0.0000 2868.8750   10.1165
    0.0000   15.0000    0.0000 2904.1226   10.0601
    7.5000   15.0000    0.0000 2839.2239   10.2997
   -7.5000   22.5000    0.0000 2880.2617   10.2814
    0.0000   22.5000    0.0000 2916.2361   10.2299
    7.5000   22.5000    0.0000 2849.0425   10.3921
   -7.5000   30.0000    0.0000 2840.9329   10.6141
    0.0000   30.0000    0.0000 2871.1138   10.5589
    7.5000   30.0000    0.0000 2811.8418   10.7029
   -7.5000   37.5000    0.0000 2761.0042   11.0574
    0.0000   37.5000    0.0000 2786.4380   10.9862
    7.5000   37.5000    0.0000 2734.2390   11.1461
   -7.5000   45.0000    0.0000 2650.0259   11.7343
    0.0000   45.0000    0.0000 2675.6025   11.6578
    7.5000   45.0000    0.0000 2629.8330   11.8199
   -7.5000  -45.0000    7.5000 2032.4530   20.0277
    0.0000  -45.0000    7.5000 2051.5227   20.0399
    7.5000  -45.0000    7.5000 2024.4318   20.4561
   -7.5000  -37.5000    7.5000 2175.7104   17.3896
    0.0000  -37.5000    7.5000 2193.5417   17.3284
    7.5000  -37.5000    7.5000 2162.1387   17.7014
   -7.5000  -30.0000    7.5000 2294.5095   15.2355
    0.0000  -30.0000    7.5000 2309.3113   15.1658
    7.5000  -30.0000    7.5000 2285.4912   15.5349
   -7.5000  -22.5000    7.5000 2419.8745   13.5514
    0.0000  -22.5000    7.5000 2437.6006   13.4988
    7.5000  -22.5000    7.5000 2410.0071   13.8333
   -7.5000  -15.0000    7.5000 2537.8735   12.2090
    0.0000  -15.0000    7.5000 2556.9644   12.1544
    7.5000  -15.0000    7.5000 2522.7664   12.4547
   -7.5000   -7.5000    7.5000 2647.1375   11.1818
    0.0000   -7.5000    7.5000 2667.6062   11.1262
    7.5000   -7.5000    7.5000 2626.8750   11.4162
   -7.5000    0.0000    7.5000 2749.0237   10.4935
    0.0000    0.0000    7.5000 2775.4412   10.4398
    7.5000    0.0000    7.5000 2730.9790   10.7185
   -7.5000    7.5000    7.5000 2836.3350   10.1761
    0.0000    7.5000    7.5000 2875.9270   10.1087
    7.5000    7.5000    7.5000 2817.5051   10.3513
   -7.5000   15.0000    7.5000 2903.2390   10.0550
    0.0000   15.0000    7.5000 2945.8040    9.9616
    7.5000   15.0000    7.5000 2876.4458   10.2512
   -7.5000   22.5000    7.5000 2927.1501   10.1657
    0.0000   22.5000    7.5000 2965.7446   10.0610
    7.5000   22.5000    7.5000 2891.6177   10.3441
   -7.5000   30.0000    7.5000 2879.7922   10.4941
    0.0000   30.0000    7.5000 2915.4507   10.3940
    7.5000   30.0000    7.5000 2849.4006   10.6274
   -7.5000   37.5000    7.5000 2785.5168   10.9484
    0.0000   37.5000    7.5000 2815.2642   10.8460
    7.5000   37.5000    7.5000 2758.3665   11.0377
   -7.5000   45.0000    7.5000 2667.3445   11.5622
    0.0000   45.0000    7.5000 2692.3464   11.4649
    7.5000   45.0000    7.5000 2645.8862   11.6359
   -7.5000  -45.0000   15.0000 2021.2301   20.1846
    0.0000  -45.0000   15.0000 2033.6107   20.1741
    7.5000  -45.0000   15.0000 2010.0439   20.6054
   -7.5000  -37.5000   15.0000 2165.6931   17.5581
    0.0000  -37.5000   15.0000 2181.6541   17.4974
    7.5000  -37.5000   15.0000 2150.4932   17.8730
   -7.5000  -30.0000   15.0000 2282.3606   15.4083
    0.0000  -30.0000   15.0000 2301.1077   15.3243
    7.5000  -30.0000   15.0000 2271.5015   15.6873
   -7.5000  -22.5000   15.0000 2407.6899   13.6767
    0.0000  -22.5000   15.0000 2432.0210   13.5994
    7.5000  -22.5000   15.0000 2394.8408   13.9440
   -7.5000  -15.0000   15.0000 2526.6206   12.2933
    0.0000  -15.0000   15.0000 2549.2612   12.2192
    7.5000  -15.0000   15.0000 2511.6970   12.5149
   -7.5000   -7.5000   15.0000 2641.2961   11.2701
    0.0000   -7.5000   15.0000 2657.9253   11.1856
    7.5000   -7.5000   15.0000 2620.2026   11.4999
   -7.5000    0.0000   15.0000 2738.4453   10.5947
    0.0000    0.0000   15.0000 2758.4072   10.5055
    7.5000    0.0000   15.0000 2716.3638   10.8217
   -7.5000    7.5000   15.0000 2825.2446   10.2437
    0.0000    7.5000   15.0000 2858.7871   10.1749
    7.5000    7.5000   15.0000 2804.0649   10.4605
   -7.5000   15.0000   15.0000 2889.2202   10.1535
    0.0000   15.0000   15.0000 2928.2163   10.0766
    7.5000   15.0000   15.0000 2861.9905   10.3793
   -7.5000   22.5000   15.0000 2906.9751   10.3093
    0.0000   22.5000   15.0000 2950.4836   10.2323
    7.5000   22.5000   15.0000 2879.9993   10.4819
   -7.5000   30.0000   15.0000 2866.4941   10.5916
    0.0000   30.0000   15.0000 2907.0703   10.5245
    7.5000   30.0000   15.0000 2840.0586   10.7285
   -7.5000   37.5000   15.0000 2774.5408   10.9907
    0.0000   37.5000   15.0000 2807.5979   10.8959
    7.5000   37.5000   15.0000 2753.3525   11.1034
   -7.5000   45.0000   15.0000 2657.7329   11.6148
    0.0000   45.0000   15.0000 2680.7395   11.4964
    7.5000   45.0000   15.0000 2639.0098   11.6940
   -7.5000  -45.0000   22.5000 1992.1313   20.7029
    0.0000  -45.0000   22.5000 1996.0483   20.5776
    7.5000  -45.0000   22.5000 1976.0231   21.0645
   -7.5000  -37.5000   22.5000 2134.7222   18.0027
    0.0000  -37.5000   22.5000 2148.7083   17.8194
    7.5000  -37.5000   22.5000 2116.1392   18.2392
   -7.5000  -30.0000   22.5000 2257.5430   15.7330
    0.0000  -30.0000   22.5000 2278.1001   15.5699
    7.5000  -30.0000   22.5000 2244.0186   15.9586
   -7.5000  -22.5000   22.5000 2383.5754   13.9975
    0.0000  -22.5000   22.5000 2410.1880   13.8439
    7.5000  -22.5000   22.5000 2371.8379   14.1759
   -7.5000  -15.0000   22.5000 2503.3887   12.6593
    0.0000  -15.0000   22.5000 2525.8752   12.5192
    7.5000  -15.0000   22.5000 2489.3210   12.8306
   -7.5000   -7.5000   22.5000 2616.0725   11.6449
    0.0000   -7.5000   22.5000 2638.4373   11.5561
    7.5000   -7.5000   22.5000 2598.8997   11.8661
   -7.5000    0.0000   22.5000 2717.2722   10.9821
    0.0000    0.0000   22.5000 2739.0315   10.9346
    7.5000    0.0000   22.5000 2695.1516   11.2195
   -7.5000    7.5000   22.5000 2804.1450   10.5984
    0.0000    7.5000   22.5000 2831.4302   10.5638
    7.5000    7.5000   22.5000 2777.1223   10.8297
   -7.5000   15.0000   22.5000 2851.2080   10.4950
    0.0000   15.0000   22.5000 2883.0920   10.4516
    7.5000   15.0000   22.5000 2824.1565   10.6868
   -7.5000   22.5000   22.5000 2856.1973   10.6141
    0.0000   22.5000   22.5000 2890.6265   10.5729
    7.5000   22.5000   22.5000 2835.0649   10.7485
   -7.5000   30.0000   22.5000 2814.0586   10.8671
    0.0000   30.0000   22.5000 2847.3357   10.8348
    7.5000   30.0000   22.5000 2796.5874   10.9968
   -7.5000   37.5000   22.5000 2735.8196   11.3036
    0.0000   37.5000   22.5000 2765.8035   11.2565
    7.5000   37.5000   22.5000 2716.0303   11.4264
   -7.5000   45.0000   22.5000 2622.6060   11.9552
    0.0000   45.0000   22.5000 2641.2625   11.8731
    7.5000   45.0000   22.5000 2602.4314   12.0552
   -7.5000  -45.0000   30.0000 1946.3505   21.5282
    0.0000  -45.0000   30.0000 1948.0488   21.2132
    7.5000  -45.0000   30.0000 1930.4319   21.7805
   -7.5000  -37.5000   30.0000 2083.4177   18.6495
    0.0000  -37.5000   30.0000 2090.7976   18.3665
    7.5000  -37.5000   30.0000 2066.6199   18.8202
   -7.5000  -30.0000   30.0000 2213.0776   16.3834
    0.0000  -30.0000   30.0000 2226.8394   16.1376
    7.5000  -30.0000   30.0000 2198.9888   16.5243
   -7.5000  -22.5000   30.0000 2343.9099   14.6251
    0.0000  -22.5000   30.0000 2362.7112   14.4788
    7.5000  -22.5000   30.0000 2333.4883   14.8149
   -7.5000  -15.0000   30.0000 2468.2566   13.2676
    0.0000  -15.0000   30.0000 2486.7334   13.1707
    7.5000  -15.0000   30.0000 2451.1150   13.4735
   -7.5000   -7.5000   30.0000 2577.2234   12.2680
    0.0000   -7.5000   30.0000 2602.2322   12.1988
    7.5000   -7.5000   30.0000 2560.7029   12.4722
   -7.5000    0.0000   30.0000 2674.5593   11.5860
    0.0000    0.0000   30.0000 2699.3828   11.5120
    7.5000    0.0000   30.0000 2653.4968   11.7656
   -7.5000    7.5000   30.0000 2754.3574   11.1257
    0.0000    7.5000   30.0000 2776.9395   11.0522
    7.5000    7.5000   30.0000 2728.2583   11.3111
   -7.5000   15.0000   30.0000 2796.5730   11.0191
    0.0000   15.0000   30.0000 2820.6052   10.9288
    7.5000   15.0000   30.0000 2770.3762   11.1350
   -7.5000   22.5000   30.0000 2790.7656   11.1373
    0.0000   22.5000   30.0000 2816.3372   11.0571
    7.5000   22.5000   30.0000 2768.8965   11.2341
   -7.5000   30.0000   30.0000 2743.2642   11.3939
    0.0000   30.0000   30.0000 2770.0278   11.3204
    7.5000   30.0000   30.0000 2725.4714   11.4981
   -7.5000   37.5000   30.0000 2668.0007   11.8052
    0.0000   37.5000   30.0000 2696.3057   11.7444
    7.5000   37.5000   30.0000 2649.7915   11.9041
   -7.5000   45.0000   30.0000 2562.9353   12.4695
    0.0000   45.0000   30.0000 2581.2549   12.4046
    7.5000   45.0000   30.0000 2544.6204   12.5594
   -7.5000  -45.0000   37.5000 1900.5674   22.8126
    0.0000  -45.0000   37.5000 1896.2701   22.5080
    7.5000  -45.0000   37.5000 1884.2660   23.1021
   -7.5000  -37.5000   37.5000 2034.1317   19.7493
    0.0000  -37.5000   37.5000 2035.1982   19.5379
    7.5000  -37.5000   37.5000 2017.2288   19.9823
   -7.5000  -30.0000   37.5000 2161.3831   17.4110
    0.0000  -30.0000   37.5000 2169.8101   17.2375
    7.5000  -30.0000   37.5000 2144.2368   17.6071
   -7.5000  -22.5000   37.5000 2291.0730   15.5559
    0.0000  -22.5000   37.5000 2303.6062   15.4385
    7.5000  -22.5000   37.5000 2277.7139   15.7422
   -7.5000  -15.0000   37.5000 2416.4587   14.1034
    0.0000  -15.0000   37.5000 2431.1765   13.9891
    7.5000  -15.0000   37.5000 2398.9604   14.2711
   -7.5000   -7.5000   37.5000 2526.8086   13.0411
    0.0000   -7.5000   37.5000 2549.0056   12.9541
    7.5000   -7.5000   37.5000 2510.8469   13.1887
   -7.5000    0.0000   37.5000 2621.2893   12.2897
    0.0000    0.0000   37.5000 2646.8728   12.1880
    7.5000    0.0000   37.5000 2597.9817   12.4447
   -7.5000    7.5000   37.5000 2693.0725   11.8161
    0.0000    7.5000   37.5000 2719.1953   11.7325
    7.5000    7.5000   37.5000 2668.2290   11.9518
   -7.5000   15.0000   37.5000 2724.4907   11.6907
    0.0000   15.0000   37.5000 2746.8306   11.6084
    7.5000   15.0000   37.5000 2705.3486   11.7951
   -7.5000   22.5000   37.5000 2711.7522   11.7925
    0.0000   22.5000   37.5000 2735.2300   11.6903
    7.5000   22.5000   37.5000 2693.3203   11.8889
   -7.5000   30.0000   37.5000 2657.3633   12.0426
    0.0000   30.0000   37.5000 2685.0293   11.9471
    7.5000   30.0000   37.5000 2643.2708   12.1315
   -7.5000   37.5000   37.5000 2583.6084   12.4693
    0.0000   37.5000   37.5000 2615.1787   12.3666
    7.5000   37.5000   37.5000 2572.7231   12.5388
   -7.5000   45.0000   37.5000 2490.5803   13.1328
    0.0000   45.0000   37.5000 2511.4441   13.0311
    7.5000   45.0000   37.5000 2477.0764   13.2092
   -7.5000  -45.0000   45.0000 1845.6765   24.6720
    0.0000  -45.0000   45.0000 1842.1509   24.4964
    7.5000  -45.0000   45.0000 1817.6991   25.0129
   -7.5000  -37.5000   45.0000 1980.3591   21.2973
    0.0000  -37.5000   45.0000 1982.8033   21.1244
    7.5000  -37.5000   45.0000 1959.3137   21.5393
   -7.5000  -30.0000   45.0000 2099.9214   18.6562
    0.0000  -30.0000   45.0000 2110.2229   18.5378
    7.5000  -30.0000   45.0000 2085.0903   18.8570
   -7.5000  -22.5000   45.0000 2226.0991   16.6575
    0.0000  -22.5000   45.0000 2241.4009   16.5532
    7.5000  -22.5000   45.0000 2214.9158   16.8158
   -7.5000  -15.0000   45.0000 2349.2554   15.1158
    0.0000  -15.0000   45.0000 2367.0496   15.0138
    7.5000  -15.0000   45.0000 2332.2092   15.2372
   -7.5000   -7.5000   45.0000 2460.4307   13.9601
    0.0000   -7.5000   45.0000 2480.6143   13.8661
    7.5000   -7.5000   45.0000 2443.0046   14.0835
   -7.5000    0.0000   45.0000 2546.2693   13.1594
    0.0000    0.0000   45.0000 2568.1758   13.0561
    7.5000    0.0000   45.0000 2526.8760   13.2958
   -7.5000    7.5000   45.0000 2612.5188   12.6952
    0.0000    7.5000   45.0000 2631.8660   12.6270
    7.5000    7.5000   45.0000 2593.3489   12.8270
   -7.5000   15.0000   45.0000 2634.4336   12.5506
    0.0000   15.0000   45.0000 2651.9832   12.4814
    7.5000   15.0000   45.0000 2616.8525   12.6827
   -7.5000   22.5000   45.0000 2614.6846   12.6318
    0.0000   22.5000   45.0000 2640.3850   12.5396
    7.5000   22.5000   45.0000 2602.7661   12.7285
   -7.5000   30.0000   45.0000 2562.3638   12.8695
    0.0000   30.0000   45.0000 2586.8071   12.7787
    7.5000   30.0000   45.0000 2555.4478   12.9441
   -7.5000   37.5000   45.0000 2498.3735   13.2832
    0.0000   37.5000   45.0000 2525.3230   13.1768
    7.5000   37.5000   45.0000 2493.2341   13.3519
   -7.5000   45.0000   45.0000 2414.0830   13.9313
    0.0000   45.0000   45.0000 2433.0273   13.8430
    7.5000   45.0000   45.0000 2404.4934   14.0094

---------------------------------------------------------------------
imgreg_4dfp /opt/freesurfer/average/711-2C_as_mni_average_305 /opt/freesurfer/average/711-2B_as_mni_average_305_mask talsrcimg_g11 none talsrcimg_to_711-2C_as_mni_average_305_t4 1283
---------------------------------------------------------------------

freesurfer imgreg_4dfp.c
/opt/freesurfer/average/711-2C_as_mni_average_305.4dfp.img
       256       256       256         1
  1.000000  1.000000  1.000000
orientation T byte_order littleendian
Reading image: /opt/freesurfer/average/711-2C_as_mni_average_305.4dfp.img
dimensions:      256       256       256
mmppix:       1.0000   -1.0000   -1.0000
center:     128.0000 -129.0000 -129.0000
/opt/freesurfer/average/711-2B_as_mni_average_305_mask.4dfp.img
       256       256       256         1
  1.000000  1.000000  1.000000
orientation T byte_order littleendian
Reading mask: /opt/freesurfer/average/711-2B_as_mni_average_305_mask.4dfp.img (2306576 pixels)
talsrcimg_g11.4dfp.img
       256       256       256         1
  1.000000  1.000000  1.000000
orientation T byte_order littleendian
Reading image: talsrcimg_g11.4dfp.img
dimensions:      256       256       256
mmppix:       1.0000   -1.0000   -1.0000
center:     128.0000 -129.0000 -129.0000
rotation matrix determinant  1.000000
fimgreg.f
image alignment mode   1283 decimal      503 hex
parameters
    0.0000   22.5000    7.5000    0.0000    0.0000    0.0000
eta,q 0.93114  9.99882
niter,ni,del,rscale     5    3   12.0000    1.2000
parameter  4  0.509207 ->  0.500000 qaram    1.1500
parameters
   -1.5853   21.2059    9.7733   -3.4500    0.5364   -2.2803
eta,q 0.93232  9.93540
  0.0757  0.0739  0.0761  0.0700  0.0757  0.0692
  0.0718  0.0724  0.0740  0.0682  0.0717  0.0681
  0.0708  0.0709  0.0714  0.0685  0.0691  0.0677
  0.0718  0.0706  0.0707  0.0700  0.0681  0.0682
  0.0739  0.0720  0.0701  0.0717  0.0689  0.0696
  0.0779  0.0751  0.0694  0.0739  0.0705  0.0712
  0.0854  0.0804  0.0716  0.0770  0.0731  0.0726
niter,ni,del,rscale     5    3   12.0000    1.2000
parameters
   -1.5420   23.4005    8.4404   -5.8085    0.1044   -2.2128
eta,q 0.93399  9.94877
  0.0810  0.0798  0.0704  0.0688  0.0721  0.0699
  0.0719  0.0754  0.0682  0.0669  0.0683  0.0679
  0.0678  0.0716  0.0670  0.0661  0.0663  0.0666
  0.0677  0.0677  0.0666  0.0667  0.0661  0.0660
  0.0697  0.0666  0.0682  0.0691  0.0675  0.0665
  0.0733  0.0682  0.0720  0.0721  0.0699  0.0680
  0.0789  0.0703  0.0773  0.0761  0.0735  0.0696
niter,ni,del,rscale     4    3   12.0000    1.2000
parameters
   -1.3329   24.2923    7.8437   -6.9991   -0.0596   -2.1839
eta,q 0.93427  9.96001
  0.0812  0.0748  0.0721  0.0698  0.0723  0.0698
  0.0721  0.0708  0.0682  0.0678  0.0685  0.0678
  0.0669  0.0675  0.0663  0.0661  0.0662  0.0664
  0.0660  0.0661  0.0662  0.0661  0.0658  0.0657
  0.0680  0.0666  0.0674  0.0677  0.0669  0.0661
  0.0721  0.0681  0.0702  0.0702  0.0691  0.0678
  0.0779  0.0708  0.0750  0.0736  0.0727  0.0697
niter,ni,del,rscale     3    3   12.0000    1.2000
parameters
   -1.2900   24.4430    7.5200   -7.2450   -0.1454   -2.1185
eta,q 0.93439  9.96373
  0.0804  0.0733  0.0727  0.0711  0.0723  0.0698
  0.0707  0.0700  0.0683  0.0687  0.0687  0.0679
  0.0659  0.0671  0.0658  0.0667  0.0662  0.0664
  0.0657  0.0658  0.0658  0.0657  0.0656  0.0656
  0.0684  0.0665  0.0670  0.0670  0.0667  0.0660
  0.0725  0.0688  0.0696  0.0691  0.0690  0.0678
  0.0778  0.0731  0.0741  0.0720  0.0725  0.0697
niter,ni,del,rscale     2    3   12.0000    1.2000
parameters
   -1.2969   24.4890    7.4462   -7.3109   -0.1670   -2.0932
eta,q 0.93443  9.96429
  0.0801  0.0731  0.0732  0.0715  0.0725  0.0698
  0.0704  0.0700  0.0688  0.0689  0.0688  0.0678
  0.0657  0.0670  0.0659  0.0668  0.0662  0.0664
  0.0656  0.0656  0.0656  0.0656  0.0656  0.0656
  0.0685  0.0664  0.0667  0.0668  0.0666  0.0660
  0.0726  0.0690  0.0691  0.0690  0.0689  0.0678
  0.0777  0.0736  0.0733  0.0717  0.0724  0.0698
niter,ni,del,rscale     1    3   12.0000    1.2000
parameters
   -1.2980   24.5026    7.4283   -7.3295   -0.1732   -2.0848
eta,q 0.93445  9.96449
  0.0801  0.0731  0.0733  0.0716  0.0725  0.0697
  0.0704  0.0700  0.0690  0.0689  0.0688  0.0678
  0.0656  0.0669  0.0659  0.0668  0.0662  0.0664
  0.0656  0.0656  0.0656  0.0656  0.0656  0.0656
  0.0685  0.0664  0.0666  0.0668  0.0666  0.0660
  0.0726  0.0691  0.0690  0.0689  0.0689  0.0678
  0.0777  0.0738  0.0732  0.0717  0.0723  0.0698
registration optimization eta report
parameter search radius
    6.0000    6.0000    6.0000    6.9000    6.0000    6.0000
100000*second partial in parameter space
       37.       21.       22.       12.       19.       11.
  0.0801  0.0731  0.0733  0.0716  0.0725  0.0697
  0.0704  0.0700  0.0690  0.0689  0.0688  0.0678
  0.0656  0.0669  0.0659  0.0668  0.0662  0.0664
  0.0656  0.0656  0.0656  0.0656  0.0656  0.0656
  0.0685  0.0664  0.0666  0.0668  0.0666  0.0660
  0.0726  0.0691  0.0690  0.0689  0.0689  0.0678
  0.0777  0.0738  0.0732  0.0717  0.0723  0.0698
   -1.2980   24.5026    7.4283   -7.3295   -0.1732   -2.0848
eta,q 0.93445  9.96449

---------------------------------------------------------------------
imgreg_4dfp /opt/freesurfer/average/711-2C_as_mni_average_305 /opt/freesurfer/average/711-2B_as_mni_average_305_mask talsrcimg_g11 none talsrcimg_to_711-2C_as_mni_average_305_t4 3335
---------------------------------------------------------------------

freesurfer imgreg_4dfp.c
/opt/freesurfer/average/711-2C_as_mni_average_305.4dfp.img
       256       256       256         1
  1.000000  1.000000  1.000000
orientation T byte_order littleendian
Reading image: /opt/freesurfer/average/711-2C_as_mni_average_305.4dfp.img
dimensions:      256       256       256
mmppix:       1.0000   -1.0000   -1.0000
center:     128.0000 -129.0000 -129.0000
/opt/freesurfer/average/711-2B_as_mni_average_305_mask.4dfp.img
       256       256       256         1
  1.000000  1.000000  1.000000
orientation T byte_order littleendian
Reading mask: /opt/freesurfer/average/711-2B_as_mni_average_305_mask.4dfp.img (2306576 pixels)
talsrcimg_g11.4dfp.img
       256       256       256         1
  1.000000  1.000000  1.000000
orientation T byte_order littleendian
Reading image: talsrcimg_g11.4dfp.img
dimensions:      256       256       256
mmppix:       1.0000   -1.0000   -1.0000
center:     128.0000 -129.0000 -129.0000
fimgreg.f
image alignment mode   3335 decimal      D07 hex
parameters
   -1.2980   24.5026    7.4283   -0.0666   -0.8814   -0.8176
    3.5696    0.7638   -3.6378   12.7381   -0.3024  -12.7574
eta,q 0.93769  9.96569
niter,ni,del,rscale     5    3    5.0000    1.2000
parameter  4  4.457803 ->  0.500000 qaram    1.1500
parameter  5  3.534588 ->  0.500000 qaram    1.1500
parameter  6  0.678345 ->  0.500000 qaram    1.1500
parameter  7  0.511728 ->  0.500000 qaram    1.1500
parameters
   -1.1124   24.1217    8.0828   -4.2066   -5.0214   -4.9576
   -0.5704   -0.5438   -3.3687    9.9757   -1.0775  -12.6774
eta,q 0.95441  9.38221
  0.0649  0.0631  0.0644  0.0487  0.0460  0.0475  0.0468  0.0495  0.0478  0.0468  0.0466  0.0469
  0.0636  0.0626  0.0635  0.0527  0.0482  0.0468  0.0463  0.0472  0.0469  0.0459  0.0460  0.0462
  0.0627  0.0623  0.0627  0.0572  0.0509  0.0473  0.0463  0.0461  0.0463  0.0456  0.0457  0.0457
  0.0623  0.0623  0.0623  0.0621  0.0539  0.0489  0.0468  0.0463  0.0460  0.0460  0.0456  0.0456
  0.0625  0.0625  0.0621  0.0675  0.0569  0.0516  0.0479  0.0476  0.0462  0.0472  0.0459  0.0458
  0.0631  0.0630  0.0624  0.0730  0.0604  0.0548  0.0494  0.0499  0.0467  0.0488  0.0464  0.0462
  0.0642  0.0640  0.0630  0.0789  0.0642  0.0591  0.0513  0.0528  0.0475  0.0510  0.0472  0.0468
niter,ni,del,rscale     7    3    5.0000    1.2000
parameter  4  1.623341 ->  0.500000 qaram    1.3225
parameter  5  1.751123 ->  0.500000 qaram    1.3225
parameters
   -0.8598   24.6428    7.3698   -8.9676   -9.7824   -5.5384
    0.2961   -0.0523   -2.5727   10.0444   -1.6350  -13.9997
eta,q 0.96492  8.94529
  0.0492  0.0482  0.0462  0.0363  0.0333  0.0392  0.0396  0.0415  0.0377  0.0385  0.0363  0.0360
  0.0474  0.0469  0.0456  0.0380  0.0347  0.0376  0.0375  0.0384  0.0365  0.0367  0.0357  0.0354
  0.0462  0.0460  0.0453  0.0411  0.0364  0.0363  0.0360  0.0362  0.0356  0.0355  0.0352  0.0351
  0.0456  0.0456  0.0455  0.0453  0.0387  0.0351  0.0353  0.0352  0.0352  0.0351  0.0351  0.0351
  0.0457  0.0455  0.0461  0.0505  0.0416  0.0356  0.0354  0.0356  0.0352  0.0355  0.0354  0.0355
  0.0465  0.0459  0.0470  0.0562  0.0448  0.0380  0.0364  0.0374  0.0358  0.0366  0.0359  0.0361
  0.0480  0.0466  0.0483  0.0625  0.0485  0.0414  0.0382  0.0400  0.0369  0.0384  0.0367  0.0369
niter,ni,del,rscale     7    3    5.0000    1.2000
parameter  4  0.685846 ->  0.500000 qaram    1.5209
parameter  5  0.709134 ->  0.500000 qaram    1.5209
parameters
   -0.8594   24.9389    6.8978  -14.4428  -15.2575   -4.8743
    0.1826   -0.0546   -2.6949   10.2347   -1.9057  -15.4619
eta,q 0.96967  8.52057
  0.0389  0.0381  0.0362  0.0326  0.0312  0.0346  0.0339  0.0352  0.0324  0.0340  0.0313  0.0312
  0.0368  0.0366  0.0354  0.0324  0.0306  0.0333  0.0320  0.0327  0.0313  0.0320  0.0308  0.0306
  0.0355  0.0356  0.0350  0.0330  0.0312  0.0321  0.0308  0.0310  0.0306  0.0308  0.0305  0.0304
  0.0351  0.0351  0.0350  0.0350  0.0325  0.0306  0.0304  0.0304  0.0304  0.0304  0.0304  0.0304
  0.0355  0.0351  0.0355  0.0386  0.0343  0.0302  0.0309  0.0310  0.0307  0.0308  0.0305  0.0307
  0.0368  0.0358  0.0364  0.0439  0.0370  0.0317  0.0322  0.0327  0.0314  0.0319  0.0309  0.0314
  0.0389  0.0369  0.0376  0.0503  0.0402  0.0344  0.0340  0.0352  0.0326  0.0335  0.0314  0.0322
niter,ni,del,rscale     7    3    5.0000    1.2000
parameters
   -0.8016   25.3958    6.6910  -16.8180  -17.0727   -5.0506
    0.0876   -0.1141   -2.8426   11.0614   -2.1616  -16.2523
eta,q 0.96994  8.33118
  0.0339  0.0343  0.0316  0.0335  0.0329  0.0331  0.0333  0.0342  0.0319  0.0336  0.0306  0.0309
  0.0320  0.0323  0.0308  0.0313  0.0316  0.0322  0.0316  0.0320  0.0309  0.0318  0.0303  0.0303
  0.0308  0.0310  0.0303  0.0303  0.0303  0.0313  0.0305  0.0306  0.0303  0.0306  0.0301  0.0301
  0.0303  0.0303  0.0303  0.0303  0.0302  0.0300  0.0301  0.0301  0.0301  0.0301  0.0301  0.0301
  0.0307  0.0304  0.0306  0.0313  0.0314  0.0299  0.0306  0.0306  0.0303  0.0303  0.0302  0.0303
  0.0318  0.0310  0.0312  0.0345  0.0330  0.0316  0.0318  0.0321  0.0310  0.0311  0.0303  0.0307
  0.0336  0.0320  0.0321  0.0398  0.0358  0.0344  0.0334  0.0344  0.0321  0.0322  0.0307  0.0313
niter,ni,del,rscale     6    3    5.0000    1.2000
parameters
   -0.7318   26.0095    6.2169  -17.3078  -18.2611   -5.8363
    0.0623   -0.0657   -2.7830   12.5113   -2.1550  -16.7831
eta,q 0.96997  8.23522
  0.0334  0.0340  0.0308  0.0346  0.0327  0.0325  0.0333  0.0341  0.0318  0.0332  0.0305  0.0308
  0.0316  0.0321  0.0301  0.0320  0.0315  0.0317  0.0316  0.0319  0.0309  0.0316  0.0302  0.0303
  0.0305  0.0308  0.0298  0.0303  0.0304  0.0309  0.0305  0.0306  0.0303  0.0306  0.0301  0.0300
  0.0301  0.0301  0.0299  0.0298  0.0298  0.0298  0.0301  0.0301  0.0301  0.0301  0.0300  0.0301
  0.0303  0.0299  0.0303  0.0303  0.0308  0.0300  0.0305  0.0305  0.0303  0.0301  0.0301  0.0302
  0.0313  0.0304  0.0309  0.0321  0.0322  0.0319  0.0317  0.0318  0.0308  0.0306  0.0302  0.0305
  0.0330  0.0313  0.0317  0.0361  0.0345  0.0347  0.0333  0.0340  0.0318  0.0313  0.0305  0.0309
niter,ni,del,rscale     5    3    5.0000    1.2000
parameters
   -0.6891   26.7004    5.4833  -17.8527  -20.1077   -7.2915
    0.0248   -0.0221   -2.6352   15.4276   -1.3574  -15.7703
eta,q 0.97022  8.07133
  0.0331  0.0336  0.0304  0.0343  0.0319  0.0316  0.0330  0.0337  0.0316  0.0328  0.0303  0.0304
  0.0315  0.0319  0.0298  0.0318  0.0309  0.0311  0.0315  0.0317  0.0308  0.0316  0.0301  0.0301
  0.0304  0.0307  0.0297  0.0302  0.0301  0.0305  0.0305  0.0305  0.0303  0.0307  0.0299  0.0299
  0.0300  0.0300  0.0299  0.0297  0.0297  0.0298  0.0301  0.0301  0.0301  0.0301  0.0298  0.0298
  0.0303  0.0299  0.0303  0.0303  0.0306  0.0301  0.0305  0.0305  0.0302  0.0298  0.0298  0.0298
  0.0313  0.0302  0.0309  0.0321  0.0321  0.0321  0.0315  0.0316  0.0307  0.0299  0.0299  0.0299
  0.0330  0.0310  0.0317  0.0358  0.0341  0.0348  0.0330  0.0336  0.0315  0.0304  0.0302  0.0302
niter,ni,del,rscale     4    3    5.0000    1.2000
parameters
   -0.6840   27.8765    4.4876  -18.5831  -23.3593   -9.8461
   -0.3648    0.1663   -3.1013   18.4972   -0.6805  -14.6237
eta,q 0.97128  7.80552
  0.0327  0.0336  0.0295  0.0334  0.0304  0.0298  0.0316  0.0327  0.0308  0.0327  0.0297  0.0297
  0.0312  0.0319  0.0292  0.0310  0.0295  0.0296  0.0303  0.0308  0.0299  0.0313  0.0292  0.0293
  0.0302  0.0306  0.0291  0.0295  0.0291  0.0293  0.0295  0.0296  0.0294  0.0301  0.0289  0.0290
  0.0298  0.0298  0.0293  0.0291  0.0291  0.0290  0.0292  0.0292  0.0292  0.0292  0.0288  0.0287
  0.0301  0.0294  0.0297  0.0299  0.0302  0.0295  0.0297  0.0296  0.0295  0.0288  0.0288  0.0287
  0.0311  0.0294  0.0303  0.0316  0.0320  0.0313  0.0307  0.0306  0.0302  0.0289  0.0290  0.0289
  0.0327  0.0298  0.0310  0.0349  0.0339  0.0338  0.0321  0.0324  0.0312  0.0296  0.0294  0.0293
niter,ni,del,rscale     3    3    5.0000    1.2000
parameters
   -0.6163   28.4136    4.3132  -19.0070  -24.4659  -11.0089
   -0.3994    0.2381   -3.2853   18.7123   -1.1385  -14.5630
eta,q 0.97115  7.70887
  0.0319  0.0319  0.0296  0.0332  0.0311  0.0298  0.0317  0.0323  0.0306  0.0309  0.0295  0.0296
  0.0302  0.0303  0.0290  0.0307  0.0297  0.0293  0.0303  0.0304  0.0297  0.0298  0.0291  0.0292
  0.0292  0.0293  0.0287  0.0290  0.0289  0.0291  0.0292  0.0292  0.0291  0.0291  0.0289  0.0290
  0.0287  0.0287  0.0286  0.0286  0.0286  0.0286  0.0289  0.0289  0.0289  0.0288  0.0289  0.0288
  0.0290  0.0287  0.0289  0.0296  0.0291  0.0287  0.0292  0.0293  0.0291  0.0290  0.0290  0.0289
  0.0300  0.0291  0.0293  0.0312  0.0305  0.0297  0.0303  0.0304  0.0298  0.0296  0.0293  0.0292
  0.0316  0.0299  0.0298  0.0339  0.0325  0.0315  0.0317  0.0321  0.0308  0.0307  0.0297  0.0296
niter,ni,del,rscale     2    3    5.0000    1.2000
parameters
   -0.5464   28.5522    4.1878  -19.1902  -24.6150  -11.3086
   -0.4807    0.3245   -3.2498   18.7758   -1.3653  -14.6685
eta,q 0.97110  7.68757
  0.0320  0.0311  0.0296  0.0337  0.0317  0.0301  0.0317  0.0323  0.0308  0.0308  0.0296  0.0296
  0.0304  0.0298  0.0291  0.0312  0.0303  0.0295  0.0303  0.0305  0.0298  0.0297  0.0292  0.0292
  0.0293  0.0291  0.0289  0.0293  0.0293  0.0292  0.0293  0.0293  0.0291  0.0291  0.0290  0.0290
  0.0288  0.0288  0.0289  0.0288  0.0288  0.0288  0.0289  0.0289  0.0289  0.0289  0.0289  0.0289
  0.0291  0.0291  0.0290  0.0298  0.0290  0.0286  0.0293  0.0293  0.0291  0.0291  0.0290  0.0290
  0.0301  0.0296  0.0293  0.0314  0.0302  0.0292  0.0303  0.0304  0.0297  0.0297  0.0293  0.0292
  0.0317  0.0305  0.0298  0.0339  0.0321  0.0308  0.0318  0.0321  0.0307  0.0307  0.0297  0.0297
niter,ni,del,rscale     1    3    5.0000    1.2000
parameters
   -0.5134   28.6087    4.1787  -19.2551  -24.6505  -11.2938
   -0.5394    0.3654   -3.2295   18.8226   -1.4473  -14.7262
eta,q 0.97110  7.68436
  0.0319  0.0310  0.0297  0.0339  0.0318  0.0301  0.0317  0.0323  0.0307  0.0308  0.0296  0.0296
  0.0304  0.0298  0.0293  0.0313  0.0304  0.0295  0.0303  0.0305  0.0298  0.0297  0.0292  0.0293
  0.0293  0.0291  0.0290  0.0295  0.0294  0.0292  0.0293  0.0293  0.0291  0.0291  0.0290  0.0290
  0.0289  0.0289  0.0289  0.0289  0.0289  0.0289  0.0289  0.0289  0.0289  0.0289  0.0289  0.0289
  0.0292  0.0292  0.0290  0.0299  0.0291  0.0286  0.0293  0.0293  0.0291  0.0291  0.0290  0.0290
  0.0302  0.0298  0.0293  0.0315  0.0302  0.0291  0.0303  0.0304  0.0297  0.0297  0.0293  0.0292
  0.0318  0.0306  0.0297  0.0339  0.0321  0.0306  0.0318  0.0322  0.0307  0.0307  0.0297  0.0296
registration optimization eta report
parameter search radius
    2.4000    2.4000    2.4000   10.9503   10.9503    8.2800
    8.2800    7.2000    7.2000    7.2000    7.2000    7.2000
100000*second partial in parameter space
       51.       33.       14.        4.        3.        2.
        4.        6.        4.        4.        1.        1.
  0.0319  0.0310  0.0297  0.0339  0.0318  0.0301  0.0317  0.0323  0.0307  0.0308  0.0296  0.0296
  0.0304  0.0298  0.0293  0.0313  0.0304  0.0295  0.0303  0.0305  0.0298  0.0297  0.0292  0.0293
  0.0293  0.0291  0.0290  0.0295  0.0294  0.0292  0.0293  0.0293  0.0291  0.0291  0.0290  0.0290
  0.0289  0.0289  0.0289  0.0289  0.0289  0.0289  0.0289  0.0289  0.0289  0.0289  0.0289  0.0289
  0.0292  0.0292  0.0290  0.0299  0.0291  0.0286  0.0293  0.0293  0.0291  0.0291  0.0290  0.0290
  0.0302  0.0298  0.0293  0.0315  0.0302  0.0291  0.0303  0.0304  0.0297  0.0297  0.0293  0.0292
  0.0318  0.0306  0.0297  0.0339  0.0321  0.0306  0.0318  0.0322  0.0307  0.0307  0.0297  0.0296
   -0.5134   28.6087    4.1787  -19.2551  -24.6505  -11.2938
   -0.5394    0.3654   -3.2295   18.8226   -1.4473  -14.7262
eta,q 0.97110  7.68436

---------------------------------------------------------------------
imgreg_4dfp /opt/freesurfer/average/711-2C_as_mni_average_305 /opt/freesurfer/average/711-2B_as_mni_average_305_mask talsrcimg_g11 none talsrcimg_to_711-2C_as_mni_average_305_t4 2311
---------------------------------------------------------------------

freesurfer imgreg_4dfp.c
/opt/freesurfer/average/711-2C_as_mni_average_305.4dfp.img
       256       256       256         1
  1.000000  1.000000  1.000000
orientation T byte_order littleendian
Reading image: /opt/freesurfer/average/711-2C_as_mni_average_305.4dfp.img
dimensions:      256       256       256
mmppix:       1.0000   -1.0000   -1.0000
center:     128.0000 -129.0000 -129.0000
/opt/freesurfer/average/711-2B_as_mni_average_305_mask.4dfp.img
       256       256       256         1
  1.000000  1.000000  1.000000
orientation T byte_order littleendian
Reading mask: /opt/freesurfer/average/711-2B_as_mni_average_305_mask.4dfp.img (2306576 pixels)
talsrcimg_g11.4dfp.img
       256       256       256         1
  1.000000  1.000000  1.000000
orientation T byte_order littleendian
Reading image: talsrcimg_g11.4dfp.img
dimensions:      256       256       256
mmppix:       1.0000   -1.0000   -1.0000
center:     128.0000 -129.0000 -129.0000
fimgreg.f
image alignment mode   2311 decimal      907 hex
parameters
   -0.5134   28.6087    4.1787  -19.2551  -24.6505  -11.2938
   -0.5394    0.3654   -3.2295   18.8226   -1.4473  -14.7262
eta,q 0.97110  7.68436
niter,ni,del,rscale     5    3    5.0000    0.8000
parameter  6 -0.557919 -> -0.500000 qaram    1.1500
parameters
   -0.4819   28.5433    4.1321  -19.5887  -23.8703   -8.5338
   -0.4851    0.3094   -3.1567   18.4363   -1.2956  -15.4803
eta,q 0.97146  7.77982
  0.0303  0.0297  0.0293  0.0300  0.0296  0.0294  0.0296  0.0302  0.0294  0.0295  0.0289  0.0288
  0.0296  0.0292  0.0290  0.0294  0.0293  0.0293  0.0290  0.0293  0.0290  0.0289  0.0287  0.0287
  0.0291  0.0290  0.0289  0.0290  0.0290  0.0291  0.0287  0.0287  0.0287  0.0286  0.0286  0.0286
  0.0289  0.0289  0.0289  0.0289  0.0289  0.0289  0.0285  0.0285  0.0285  0.0286  0.0285  0.0285
  0.0290  0.0290  0.0290  0.0291  0.0289  0.0286  0.0287  0.0288  0.0286  0.0287  0.0286  0.0286
  0.0295  0.0293  0.0291  0.0296  0.0290  0.0286  0.0290  0.0293  0.0289  0.0292  0.0287  0.0288
  0.0302  0.0298  0.0293  0.0303  0.0293  0.0289  0.0295  0.0302  0.0294  0.0299  0.0289  0.0290
niter,ni,del,rscale     5    3    5.0000    0.8000
parameters
   -0.5312   28.5374    4.7723  -19.5951  -24.0871   -8.9227
   -0.4005    0.2415   -3.2031   18.7501   -1.0974  -15.0676
eta,q 0.97152  7.75856
  0.0298  0.0295  0.0295  0.0296  0.0290  0.0293  0.0296  0.0301  0.0293  0.0297  0.0289  0.0289
  0.0291  0.0289  0.0291  0.0290  0.0287  0.0291  0.0290  0.0292  0.0289  0.0291  0.0287  0.0287
  0.0287  0.0286  0.0287  0.0286  0.0285  0.0288  0.0286  0.0286  0.0286  0.0287  0.0285  0.0286
  0.0285  0.0285  0.0285  0.0285  0.0285  0.0285  0.0285  0.0285  0.0285  0.0285  0.0285  0.0285
  0.0287  0.0287  0.0285  0.0286  0.0285  0.0285  0.0286  0.0287  0.0286  0.0285  0.0285  0.0285
  0.0292  0.0290  0.0285  0.0290  0.0288  0.0290  0.0290  0.0293  0.0289  0.0289  0.0286  0.0286
  0.0299  0.0294  0.0286  0.0296  0.0292  0.0299  0.0295  0.0301  0.0294  0.0294  0.0288  0.0288
niter,ni,del,rscale     4    3    5.0000    0.7000
parameters
   -0.5483   28.4823    4.6794  -19.6034  -24.0513   -8.8612
   -0.3548    0.2023   -3.1980   18.6454   -1.0972  -15.0005
eta,q 0.97154  7.75966
  0.0295  0.0291  0.0288  0.0294  0.0289  0.0292  0.0293  0.0297  0.0291  0.0293  0.0288  0.0288
  0.0289  0.0287  0.0286  0.0289  0.0287  0.0291  0.0289  0.0290  0.0288  0.0288  0.0286  0.0286
  0.0286  0.0285  0.0285  0.0286  0.0285  0.0288  0.0286  0.0286  0.0285  0.0286  0.0285  0.0285
  0.0285  0.0285  0.0285  0.0285  0.0285  0.0285  0.0285  0.0285  0.0285  0.0285  0.0285  0.0285
  0.0286  0.0286  0.0285  0.0286  0.0285  0.0285  0.0286  0.0286  0.0285  0.0286  0.0285  0.0285
  0.0290  0.0288  0.0287  0.0289  0.0287  0.0288  0.0288  0.0290  0.0288  0.0289  0.0286  0.0286
  0.0296  0.0292  0.0289  0.0294  0.0290  0.0294  0.0293  0.0297  0.0291  0.0294  0.0288  0.0287
niter,ni,del,rscale     3    3    5.0000    0.6000
parameters
   -0.5520   28.4616    4.6871  -19.6474  -23.9848   -8.5651
   -0.3517    0.1839   -3.1899   18.5828   -1.0623  -15.0527
eta,q 0.97156  7.76899
  0.0292  0.0290  0.0288  0.0292  0.0288  0.0292  0.0291  0.0294  0.0289  0.0291  0.0287  0.0286
  0.0288  0.0287  0.0286  0.0288  0.0286  0.0290  0.0287  0.0288  0.0287  0.0287  0.0285  0.0285
  0.0285  0.0285  0.0285  0.0285  0.0285  0.0287  0.0285  0.0285  0.0285  0.0285  0.0285  0.0285
  0.0285  0.0285  0.0285  0.0285  0.0285  0.0285  0.0284  0.0284  0.0284  0.0284  0.0284  0.0284
  0.0285  0.0285  0.0285  0.0286  0.0285  0.0285  0.0285  0.0285  0.0285  0.0285  0.0285  0.0285
  0.0288  0.0287  0.0286  0.0288  0.0286  0.0287  0.0287  0.0289  0.0287  0.0287  0.0285  0.0285
  0.0292  0.0290  0.0288  0.0292  0.0288  0.0291  0.0291  0.0294  0.0289  0.0291  0.0287  0.0287
niter,ni,del,rscale     2    3    5.0000    0.5000
parameters
   -0.5567   28.4530    4.7870  -19.6863  -23.9782   -8.2017
   -0.3170    0.1773   -3.1917   18.5795   -1.0650  -15.1281
eta,q 0.97158  7.77937
  0.0290  0.0288  0.0287  0.0289  0.0287  0.0291  0.0289  0.0291  0.0288  0.0289  0.0286  0.0286
  0.0287  0.0286  0.0286  0.0286  0.0285  0.0288  0.0286  0.0287  0.0286  0.0286  0.0285  0.0285
  0.0285  0.0285  0.0285  0.0285  0.0285  0.0286  0.0285  0.0285  0.0285  0.0285  0.0284  0.0284
  0.0284  0.0284  0.0284  0.0284  0.0284  0.0284  0.0284  0.0284  0.0284  0.0284  0.0284  0.0284
  0.0285  0.0285  0.0285  0.0285  0.0285  0.0284  0.0285  0.0285  0.0285  0.0285  0.0284  0.0284
  0.0287  0.0286  0.0285  0.0287  0.0285  0.0286  0.0286  0.0287  0.0286  0.0286  0.0285  0.0285
  0.0290  0.0288  0.0286  0.0289  0.0287  0.0289  0.0288  0.0291  0.0288  0.0289  0.0286  0.0286
niter,ni,del,rscale     1    3    5.0000    0.4000
parameters
   -0.5684   28.4577    4.9324  -19.7179  -24.0528   -7.8434
   -0.2820    0.1446   -3.1705   18.6075   -1.0364  -15.2190
eta,q 0.97159  7.78739
  0.0287  0.0287  0.0286  0.0287  0.0286  0.0289  0.0287  0.0288  0.0286  0.0287  0.0285  0.0285
  0.0286  0.0285  0.0285  0.0286  0.0285  0.0287  0.0285  0.0286  0.0285  0.0285  0.0284  0.0284
  0.0285  0.0284  0.0285  0.0284  0.0284  0.0285  0.0284  0.0285  0.0284  0.0284  0.0284  0.0284
  0.0284  0.0284  0.0284  0.0284  0.0284  0.0284  0.0284  0.0284  0.0284  0.0284  0.0284  0.0284
  0.0285  0.0284  0.0284  0.0285  0.0284  0.0284  0.0284  0.0285  0.0284  0.0284  0.0284  0.0284
  0.0286  0.0285  0.0284  0.0286  0.0285  0.0285  0.0285  0.0286  0.0285  0.0285  0.0284  0.0285
  0.0288  0.0286  0.0285  0.0287  0.0286  0.0287  0.0287  0.0288  0.0286  0.0287  0.0285  0.0285
registration optimization eta report
parameter search radius
    0.8000    0.8000    0.8000    2.4000    2.4000    2.7600
    2.4000    2.4000    2.4000    2.4000    2.4000    2.4000
100000*second partial in parameter space
       54.       36.       21.        6.        3.        5.
        5.        7.        4.        5.        2.        2.
  0.0287  0.0287  0.0286  0.0287  0.0286  0.0289  0.0287  0.0288  0.0286  0.0287  0.0285  0.0285
  0.0286  0.0285  0.0285  0.0286  0.0285  0.0287  0.0285  0.0286  0.0285  0.0285  0.0284  0.0284
  0.0285  0.0284  0.0285  0.0284  0.0284  0.0285  0.0284  0.0285  0.0284  0.0284  0.0284  0.0284
  0.0284  0.0284  0.0284  0.0284  0.0284  0.0284  0.0284  0.0284  0.0284  0.0284  0.0284  0.0284
  0.0285  0.0284  0.0284  0.0285  0.0284  0.0284  0.0284  0.0285  0.0284  0.0284  0.0284  0.0284
  0.0286  0.0285  0.0284  0.0286  0.0285  0.0285  0.0285  0.0286  0.0285  0.0285  0.0284  0.0285
  0.0288  0.0286  0.0285  0.0287  0.0286  0.0287  0.0287  0.0288  0.0286  0.0287  0.0285  0.0285
   -0.5684   28.4577    4.9324  -19.7179  -24.0528   -7.8434
   -0.2820    0.1446   -3.1705   18.6075   -1.0364  -15.2190
eta,q 0.97159  7.78739

---------------------------------------------------------------------
imgreg_4dfp /opt/freesurfer/average/711-2C_as_mni_average_305 /opt/freesurfer/average/711-2B_as_mni_average_305_mask talsrcimg_g11 none talsrcimg_to_711-2C_as_mni_average_305_t4 2311
---------------------------------------------------------------------

freesurfer imgreg_4dfp.c
/opt/freesurfer/average/711-2C_as_mni_average_305.4dfp.img
       256       256       256         1
  1.000000  1.000000  1.000000
orientation T byte_order littleendian
Reading image: /opt/freesurfer/average/711-2C_as_mni_average_305.4dfp.img
dimensions:      256       256       256
mmppix:       1.0000   -1.0000   -1.0000
center:     128.0000 -129.0000 -129.0000
/opt/freesurfer/average/711-2B_as_mni_average_305_mask.4dfp.img
       256       256       256         1
  1.000000  1.000000  1.000000
orientation T byte_order littleendian
Reading mask: /opt/freesurfer/average/711-2B_as_mni_average_305_mask.4dfp.img (2306576 pixels)
talsrcimg_g11.4dfp.img
       256       256       256         1
  1.000000  1.000000  1.000000
orientation T byte_order littleendian
Reading image: talsrcimg_g11.4dfp.img
dimensions:      256       256       256
mmppix:       1.0000   -1.0000   -1.0000
center:     128.0000 -129.0000 -129.0000
fimgreg.f
image alignment mode   2311 decimal      907 hex
parameters
   -0.5684   28.4577    4.9324  -19.7179  -24.0528   -7.8434
   -0.2820    0.1446   -3.1705   18.6075   -1.0364  -15.2190
eta,q 0.97159  7.78739
niter,ni,del,rscale     5    3    5.0000    0.8000
parameters
   -0.5773   28.5104    5.1300  -19.6387  -24.3316   -8.0873
   -0.2888    0.1701   -3.1995   18.6746   -0.9191  -15.0952
eta,q 0.97158  7.77238
  0.0298  0.0294  0.0290  0.0296  0.0290  0.0292  0.0295  0.0301  0.0293  0.0296  0.0288  0.0288
  0.0290  0.0288  0.0287  0.0290  0.0287  0.0290  0.0289  0.0292  0.0288  0.0290  0.0286  0.0286
  0.0286  0.0285  0.0285  0.0285  0.0285  0.0286  0.0286  0.0286  0.0285  0.0286  0.0285  0.0285
  0.0284  0.0284  0.0284  0.0284  0.0284  0.0284  0.0284  0.0284  0.0284  0.0284  0.0284  0.0284
  0.0286  0.0285  0.0284  0.0286  0.0285  0.0285  0.0286  0.0286  0.0285  0.0285  0.0285  0.0285
  0.0290  0.0288  0.0285  0.0290  0.0287  0.0289  0.0289  0.0292  0.0288  0.0289  0.0286  0.0286
  0.0298  0.0292  0.0288  0.0295  0.0291  0.0296  0.0295  0.0300  0.0293  0.0295  0.0288  0.0288
niter,ni,del,rscale     4    3    5.0000    0.7000
parameters
   -0.5720   28.4870    5.0381  -19.6567  -24.2458   -8.0358
   -0.2843    0.1570   -3.2103   18.6222   -0.9450  -15.1103
eta,q 0.97159  7.77600
  0.0295  0.0291  0.0288  0.0293  0.0289  0.0291  0.0292  0.0297  0.0291  0.0293  0.0287  0.0287
  0.0289  0.0287  0.0286  0.0288  0.0286  0.0289  0.0288  0.0290  0.0287  0.0288  0.0285  0.0285
  0.0285  0.0285  0.0284  0.0285  0.0285  0.0286  0.0285  0.0285  0.0285  0.0285  0.0284  0.0284
  0.0284  0.0284  0.0284  0.0284  0.0284  0.0284  0.0284  0.0284  0.0284  0.0284  0.0284  0.0284
  0.0285  0.0285  0.0285  0.0285  0.0285  0.0285  0.0285  0.0286  0.0285  0.0285  0.0284  0.0284
  0.0289  0.0288  0.0286  0.0289  0.0286  0.0287  0.0288  0.0290  0.0287  0.0288  0.0285  0.0285
  0.0295  0.0291  0.0288  0.0293  0.0289  0.0293  0.0292  0.0297  0.0291  0.0293  0.0287  0.0287
niter,ni,del,rscale     3    3    5.0000    0.6000
parameters
   -0.5665   28.4740    5.0496  -19.7025  -24.2011   -7.8334
   -0.2772    0.1500   -3.2008   18.5983   -0.9591  -15.1608
eta,q 0.97160  7.78222
  0.0292  0.0289  0.0287  0.0291  0.0288  0.0290  0.0290  0.0293  0.0289  0.0291  0.0286  0.0286
  0.0288  0.0286  0.0285  0.0287  0.0286  0.0288  0.0287  0.0288  0.0286  0.0287  0.0285  0.0285
  0.0285  0.0285  0.0284  0.0285  0.0285  0.0285  0.0285  0.0285  0.0285  0.0285  0.0284  0.0284
  0.0284  0.0284  0.0284  0.0284  0.0284  0.0284  0.0284  0.0284  0.0284  0.0284  0.0284  0.0284
  0.0285  0.0285  0.0284  0.0285  0.0284  0.0284  0.0285  0.0285  0.0285  0.0285  0.0284  0.0284
  0.0288  0.0287  0.0285  0.0288  0.0285  0.0286  0.0287  0.0288  0.0286  0.0287  0.0285  0.0285
  0.0292  0.0289  0.0287  0.0291  0.0288  0.0290  0.0290  0.0293  0.0289  0.0291  0.0286  0.0286
niter,ni,del,rscale     2    3    5.0000    0.5000
parameters
   -0.5717   28.4704    5.1341  -19.7380  -24.2218   -7.5754
   -0.2534    0.1432   -3.1909   18.6190   -0.9034  -15.2513
eta,q 0.97161  7.78899
  0.0289  0.0288  0.0286  0.0289  0.0286  0.0289  0.0288  0.0291  0.0287  0.0289  0.0285  0.0285
  0.0286  0.0286  0.0285  0.0286  0.0285  0.0287  0.0286  0.0287  0.0286  0.0286  0.0285  0.0285
  0.0285  0.0284  0.0284  0.0285  0.0284  0.0285  0.0285  0.0285  0.0284  0.0285  0.0284  0.0284
  0.0284  0.0284  0.0284  0.0284  0.0284  0.0284  0.0284  0.0284  0.0284  0.0284  0.0284  0.0284
  0.0285  0.0284  0.0284  0.0285  0.0284  0.0284  0.0285  0.0285  0.0284  0.0284  0.0284  0.0284
  0.0287  0.0286  0.0285  0.0286  0.0285  0.0286  0.0286  0.0287  0.0285  0.0286  0.0284  0.0285
  0.0289  0.0288  0.0286  0.0289  0.0287  0.0288  0.0288  0.0291  0.0287  0.0289  0.0285  0.0286
niter,ni,del,rscale     1    3    5.0000    0.4000
parameters
   -0.5819   28.4740    5.2578  -19.7771  -24.2742   -7.3235
   -0.2206    0.1179   -3.1886   18.6587   -0.8026  -15.4350
eta,q 0.97162  7.79516
  0.0287  0.0286  0.0286  0.0287  0.0285  0.0288  0.0287  0.0288  0.0286  0.0287  0.0285  0.0285
  0.0286  0.0285  0.0285  0.0285  0.0285  0.0286  0.0285  0.0286  0.0285  0.0285  0.0284  0.0284
  0.0285  0.0284  0.0284  0.0284  0.0284  0.0284  0.0284  0.0284  0.0284  0.0284  0.0284  0.0284
  0.0284  0.0284  0.0284  0.0284  0.0284  0.0284  0.0284  0.0284  0.0284  0.0284  0.0284  0.0284
  0.0284  0.0284  0.0284  0.0284  0.0284  0.0284  0.0284  0.0284  0.0284  0.0284  0.0284  0.0284
  0.0286  0.0285  0.0284  0.0285  0.0285  0.0285  0.0285  0.0286  0.0285  0.0285  0.0284  0.0284
  0.0288  0.0286  0.0285  0.0287  0.0286  0.0286  0.0287  0.0288  0.0286  0.0287  0.0285  0.0285
registration optimization eta report
parameter search radius
    0.8000    0.8000    0.8000    2.4000    2.4000    2.4000
    2.4000    2.4000    2.4000    2.4000    2.4000    2.4000
100000*second partial in parameter space
       53.       37.       19.        6.        3.        5.
        5.        7.        4.        5.        1.        2.
  0.0287  0.0286  0.0286  0.0287  0.0285  0.0288  0.0287  0.0288  0.0286  0.0287  0.0285  0.0285
  0.0286  0.0285  0.0285  0.0285  0.0285  0.0286  0.0285  0.0286  0.0285  0.0285  0.0284  0.0284
  0.0285  0.0284  0.0284  0.0284  0.0284  0.0284  0.0284  0.0284  0.0284  0.0284  0.0284  0.0284
  0.0284  0.0284  0.0284  0.0284  0.0284  0.0284  0.0284  0.0284  0.0284  0.0284  0.0284  0.0284
  0.0284  0.0284  0.0284  0.0284  0.0284  0.0284  0.0284  0.0284  0.0284  0.0284  0.0284  0.0284
  0.0286  0.0285  0.0284  0.0285  0.0285  0.0285  0.0285  0.0286  0.0285  0.0285  0.0284  0.0284
  0.0288  0.0286  0.0285  0.0287  0.0286  0.0286  0.0287  0.0288  0.0286  0.0287  0.0285  0.0285
   -0.5819   28.4740    5.2578  -19.7771  -24.2742   -7.3235
   -0.2206    0.1179   -3.1886   18.6587   -0.8026  -15.4350
eta,q 0.97162  7.79516

---------------------------------------------------------------------
compute_vox2vox talsrcimg talsrcimg_to_711-2C_as_mni_average_305_t4 /opt/freesurfer/average/711-2C_as_mni_average_305
---------------------------------------------------------------------

freesurfer compute_vox2vox.c
Reading: talsrcimg.4dfp.ifh
Reading: talsrcimg_to_711-2C_as_mni_average_305_t4
Reading: /opt/freesurfer/average/711-2C_as_mni_average_305.4dfp.ifh
Writing: talsrcimg_to_711-2C_as_mni_average_305_t4_vox2vox.txt

start time Mon Mar 9 20:09:47 CET 2026
end		time Mon Mar 9 20:11:14 CET 2026

mpr2mni305 success

avi2talxfm orig_nu.mgz /opt/freesurfer/average/mni305.cor.mgz talsrcimg_to_711-2C_as_mni_average_305_t4_vox2vox.txt transforms/talairach.auto.xfm
avi2talxfm done
mv -f /out/sourcedata/freesurfer/sub-v1s23x0050604_ses-1/mri/talsrcimg_to_711-2C_as_mni_average_305_t4_vox2vox.txt /out/sourcedata/freesurfer/sub-v1s23x0050604_ses-1/mri/transforms/talsrcimg_to_711-2C_as_mni_average_305_t4_vox2vox.txt
lta_convert --src orig_nu.mgz --trg /opt/freesurfer/average/mni305.cor.mgz --inxfm transforms/talairach.auto.xfm --outlta transforms/talairach.auto.xfm.lta --subject fsaverage
7.3.2

--src: orig_nu.mgz src image (geometry).
--trg: /opt/freesurfer/average/mni305.cor.mgz trg image (geometry).
--inmni: transforms/talairach.auto.xfm input MNI/XFM transform.
--outlta: transforms/talairach.auto.xfm.lta output LTA.
--s: fsaverage subject name
 LTA read, type : 1
 1.24663  -0.00223   0.00318  -51.78145;
 0.01877   1.03646   0.21131   33.22150;
 0.04787  -0.25547   1.26862  -113.90936;
 0.00000   0.00000   0.00000   1.00000;
setting subject to fsaverage
Writing  LTA to file transforms/talairach.auto.xfm.lta...
lta_convert successful.
 
 
Started at Mon Mar 9 20:09:46 CET 2026
Ended   at Mon Mar  9 20:11:14 CET 2026
talairach_avi done
