status file for recon-all
Mon Mar  9 22:00:51 CET 2026
#@# Tessellate lh Mon Mar  9 22:00:51 CET 2026
#@# Smooth1 lh Mon Mar  9 22:00:55 CET 2026
#@# Inflation1 lh Mon Mar  9 22:00:58 CET 2026
#@# QSphere lh Mon Mar  9 22:01:12 CET 2026
#@# Fix Topology lh Mon Mar  9 22:02:32 CET 2026
#@# Smooth2 lh Mon Mar  9 22:09:09 CET 2026
#@# Inflation2 lh Mon Mar  9 22:09:12 CET 2026
#@# Curv .H and .K lh Mon Mar  9 22:09:27 CET 2026
#@# Sphere lh Mon Mar  9 22:10:16 CET 2026
#@# Surf Reg lh Mon Mar  9 22:14:19 CET 2026
#@# Jacobian white lh Mon Mar  9 22:18:47 CET 2026
#@# AvgCurv lh Mon Mar  9 22:18:48 CET 2026
#@# Cortical Parc lh Mon Mar  9 22:18:49 CET 2026
#@# white curv lh Mon Mar  9 22:25:28 CET 2026
#@# white area lh Mon Mar  9 22:25:30 CET 2026
#@# pial curv lh Mon Mar  9 22:25:31 CET 2026
#@# pial area lh Mon Mar  9 22:25:33 CET 2026
#@# thickness lh Mon Mar  9 22:25:34 CET 2026
#@# area and vertex vol lh Mon Mar  9 22:26:04 CET 2026
#@# Curvature Stats lh Mon Mar  9 22:26:06 CET 2026
#@# Cortical Parc 2 lh Mon Mar  9 22:26:08 CET 2026
#@# Cortical Parc 3 lh Mon Mar  9 22:26:22 CET 2026
#@# WM/GM Contrast lh Mon Mar  9 22:26:32 CET 2026
recon-all -s sub-v1s23x0050606_ses-1 finished without error at Mon Mar  9 22:26:35 CET 2026



#New# invocation of recon-all 



status file for recon-all
Mon Mar  9 22:59:45 CET 2026
#@# white curv lh Mon Mar  9 22:59:45 CET 2026
#@# white area lh Mon Mar  9 22:59:45 CET 2026
#@# pial curv lh Mon Mar  9 22:59:45 CET 2026
#@# pial area lh Mon Mar  9 22:59:45 CET 2026
#@# thickness lh Mon Mar  9 22:59:45 CET 2026
#@# area and vertex vol lh Mon Mar  9 22:59:45 CET 2026
#@# Parcellation Stats lh Mon Mar  9 22:59:45 CET 2026
#@# Parcellation Stats 2 lh Mon Mar  9 23:00:11 CET 2026
#@# Parcellation Stats 3 lh Mon Mar  9 23:00:21 CET 2026
#@# BA_exvivo Labels lh Mon Mar  9 23:00:32 CET 2026
recon-all -s sub-v1s23x0050606_ses-1 finished without error at Mon Mar  9 23:03:23 CET 2026
