status file for recon-all
Thu Mar 12 17:41:56 CET 2026
#@# Tessellate lh Thu Mar 12 17:41:56 CET 2026
#@# Smooth1 lh Thu Mar 12 17:41:59 CET 2026
#@# Inflation1 lh Thu Mar 12 17:42:01 CET 2026
#@# QSphere lh Thu Mar 12 17:42:14 CET 2026
#@# Fix Topology lh Thu Mar 12 17:43:18 CET 2026
#@# Smooth2 lh Thu Mar 12 17:47:55 CET 2026
#@# Inflation2 lh Thu Mar 12 17:47:58 CET 2026
#@# Curv .H and .K lh Thu Mar 12 17:48:11 CET 2026
#@# Sphere lh Thu Mar 12 17:48:47 CET 2026
#@# Surf Reg lh Thu Mar 12 17:51:59 CET 2026
#@# Jacobian white lh Thu Mar 12 17:55:58 CET 2026
#@# AvgCurv lh Thu Mar 12 17:55:59 CET 2026
#@# Cortical Parc lh Thu Mar 12 17:56:00 CET 2026
#@# white curv lh Thu Mar 12 18:01:42 CET 2026
#@# white area lh Thu Mar 12 18:01:44 CET 2026
#@# pial curv lh Thu Mar 12 18:01:45 CET 2026
#@# pial area lh Thu Mar 12 18:01:46 CET 2026
#@# thickness lh Thu Mar 12 18:01:47 CET 2026
#@# area and vertex vol lh Thu Mar 12 18:02:06 CET 2026
#@# Curvature Stats lh Thu Mar 12 18:02:07 CET 2026
#@# Cortical Parc 2 lh Thu Mar 12 18:02:09 CET 2026
#@# Cortical Parc 3 lh Thu Mar 12 18:02:19 CET 2026
#@# WM/GM Contrast lh Thu Mar 12 18:02:26 CET 2026
recon-all -s sub-v1s23x0050561_ses-1 finished without error at Thu Mar 12 18:02:29 CET 2026



#New# invocation of recon-all 



status file for recon-all
Thu Mar 12 18:25:49 CET 2026
#@# white curv lh Thu Mar 12 18:25:49 CET 2026
#@# white area lh Thu Mar 12 18:25:49 CET 2026
#@# pial curv lh Thu Mar 12 18:25:49 CET 2026
#@# pial area lh Thu Mar 12 18:25:49 CET 2026
#@# thickness lh Thu Mar 12 18:25:49 CET 2026
#@# area and vertex vol lh Thu Mar 12 18:25:49 CET 2026
#@# Parcellation Stats lh Thu Mar 12 18:25:49 CET 2026
#@# Parcellation Stats 2 lh Thu Mar 12 18:26:04 CET 2026
#@# Parcellation Stats 3 lh Thu Mar 12 18:26:12 CET 2026
#@# BA_exvivo Labels lh Thu Mar 12 18:26:19 CET 2026
recon-all -s sub-v1s23x0050561_ses-1 finished without error at Thu Mar 12 18:28:22 CET 2026
