status file for recon-all
Mon Mar  9 17:16:45 CET 2026
#@# MotionCor Mon Mar  9 17:16:47 CET 2026
#@# Talairach Mon Mar  9 17:16:55 CET 2026
#@# Talairach Failure Detection Mon Mar  9 17:21:20 CET 2026
#@# Nu Intensity Correction Mon Mar  9 17:21:20 CET 2026
#@# Intensity Normalization Mon Mar  9 17:24:38 CET 2026
recon-all -s sub-v1s23x0050558_ses-1 finished without error at Mon Mar  9 17:26:08 CET 2026



#New# invocation of recon-all 



status file for recon-all
Mon Mar  9 17:33:22 CET 2026
#@# EM Registration Mon Mar  9 17:33:22 CET 2026
recon-all -s sub-v1s23x0050558_ses-1 finished without error at Mon Mar  9 17:35:45 CET 2026



#New# invocation of recon-all 



status file for recon-all
Mon Mar  9 17:35:49 CET 2026
#@# CA Normalize Mon Mar  9 17:35:49 CET 2026
#@# CA Reg Mon Mar  9 17:37:10 CET 2026
#@# SubCort Seg Mon Mar  9 18:30:14 CET 2026
#@# CC Seg Mon Mar  9 18:55:34 CET 2026
#@# Merge ASeg Mon Mar  9 18:56:11 CET 2026
#@# Intensity Normalization2 Mon Mar  9 18:56:11 CET 2026
#@# Mask BFS Mon Mar  9 18:58:24 CET 2026
#@# WM Segmentation Mon Mar  9 18:58:25 CET 2026
#@# Fill Mon Mar  9 19:00:20 CET 2026
recon-all -s sub-v1s23x0050558_ses-1 finished without error at Mon Mar  9 19:01:21 CET 2026



#New# invocation of recon-all 



status file for recon-all
Mon Mar  9 19:42:21 CET 2026
#@# white curv lh Mon Mar  9 19:42:21 CET 2026
#@# white area lh Mon Mar  9 19:42:21 CET 2026
#@# pial curv lh Mon Mar  9 19:42:21 CET 2026
#@# pial area lh Mon Mar  9 19:42:21 CET 2026
#@# thickness lh Mon Mar  9 19:42:21 CET 2026
#@# area and vertex vol lh Mon Mar  9 19:42:21 CET 2026
#@# white curv rh Mon Mar  9 19:42:21 CET 2026
#@# white area rh Mon Mar  9 19:42:21 CET 2026
#@# pial curv rh Mon Mar  9 19:42:21 CET 2026
#@# pial area rh Mon Mar  9 19:42:21 CET 2026
#@# thickness rh Mon Mar  9 19:42:21 CET 2026
#@# area and vertex vol rh Mon Mar  9 19:42:21 CET 2026
#@# Cortical ribbon mask Mon Mar  9 19:42:21 CET 2026
recon-all -s sub-v1s23x0050558_ses-1 finished without error at Mon Mar  9 19:46:44 CET 2026



#New# invocation of recon-all 



status file for recon-all
Mon Mar  9 19:52:43 CET 2026
#@# white curv lh Mon Mar  9 19:52:43 CET 2026
#@# white area lh Mon Mar  9 19:52:43 CET 2026
#@# pial curv lh Mon Mar  9 19:52:43 CET 2026
#@# pial area lh Mon Mar  9 19:52:43 CET 2026
#@# thickness lh Mon Mar  9 19:52:43 CET 2026
#@# area and vertex vol lh Mon Mar  9 19:52:43 CET 2026
#@# white curv rh Mon Mar  9 19:52:43 CET 2026
#@# white area rh Mon Mar  9 19:52:43 CET 2026
#@# pial curv rh Mon Mar  9 19:52:43 CET 2026
#@# pial area rh Mon Mar  9 19:52:43 CET 2026
#@# thickness rh Mon Mar  9 19:52:43 CET 2026
#@# area and vertex vol rh Mon Mar  9 19:52:43 CET 2026
#@# Curvature Stats lh Mon Mar  9 19:52:43 CET 2026
#@# Curvature Stats rh Mon Mar  9 19:52:45 CET 2026
#@# Relabel Hypointensities Mon Mar  9 19:52:47 CET 2026
#@# APas-to-ASeg Mon Mar  9 19:53:01 CET 2026
#@# AParc-to-ASeg aparc Mon Mar  9 19:53:08 CET 2026
#@# AParc-to-ASeg aparc.a2009s Mon Mar  9 19:53:37 CET 2026
#@# AParc-to-ASeg aparc.DKTatlas Mon Mar  9 19:54:07 CET 2026
#@# WMParc Mon Mar  9 19:54:35 CET 2026
#@# ASeg Stats Mon Mar  9 19:59:14 CET 2026
recon-all -s sub-v1s23x0050558_ses-1 finished without error at Mon Mar  9 19:59:53 CET 2026
