/out/sourcedata/freesurfer/sub-v1s23x0050555_ses-1/mri
/opt/freesurfer/bin/talairach_avi
--i orig_nu.mgz --xfm transforms/talairach.auto.xfm
talairach_avi 7.3.2
Linux dna060 5.14.0-427.37.1.el9_4.x86_64 #1 SMP PREEMPT_DYNAMIC Fri Sep 13 12:41:50 EDT 2024 x86_64 x86_64 x86_64 GNU/Linux
Thu Mar 12 16:05:28 CET 2026
mri_convert orig_nu.mgz talsrcimg.img 
reading from orig_nu.mgz...
TR=0.00, TE=0.00, TI=0.00, flip angle=0.00
i_ras = (-1, 0, 0)
j_ras = (0, 0, -1)
k_ras = (0, 1, 0)
writing to talsrcimg.img...
Analyze Output Matrix
-1.00000   0.00000   0.00000   156.06520;
 0.00000   0.00000   1.00000  -175.86119;
 0.00000  -1.00000   0.00000   141.56084;
 0.00000   0.00000   0.00000   1.00000;
--------------------
INFO: set hdr.hist.orient to -1
mpr2mni305 talsrcimg
Thu Mar 12 16:05:28 CET 2026
/opt/freesurfer/bin/mpr2mni305 talsrcimg
mpr2mni305 7.3.2
target=711-2C_as_mni_average_305

---------------------------------------------------------------------
analyzeto4dfp talsrcimg -O0 -y
---------------------------------------------------------------------

freesurfer ifh2hdr.c
Thu Mar 12 16:05:28 2026
Writing: talsrcimg.4dfp.hdr
freesurfer analyzeto4dfp.c
Reading: talsrcimg.hdr
header size 348 bytes
hdr.dime.datatype	offset=70	value=2
hdr.dime.bitpix		offset=72	value=8
hdr.hist.orient		offset=252	value=-1
dimensionality     4
dimensions       256       256       256         1
Reading: talsrcimg.img
Writing: talsrcimg.4dfp.img
Writing: talsrcimg.4dfp.ifh
ifh2hdr talsrcimg -r0to247
ori=2

---------------------------------------------------------------------
gauss_4dfp talsrcimg 1.1
---------------------------------------------------------------------

freesurfer gauss_4dfp.c
Reading: talsrcimg.4dfp.img
Writing: talsrcimg_g11.4dfp.img
image dimensions 256 256 256 padded to 288 288 288
processing volume 1freesurfer ifh2hdr.c
Thu Mar 12 16:05:30 2026
Writing: talsrcimg_g11.4dfp.hdr

Writing: talsrcimg_g11.4dfp.ifh
including: talsrcimg.4dfp.img.rec in talsrcimg_g11.4dfp.img.rec

---------------------------------------------------------------------
imgreg_4dfp /opt/freesurfer/average/711-2C_as_mni_average_305 none talsrcimg_g11 none talsrcimg_to_711-2C_as_mni_average_305_t4 4355
---------------------------------------------------------------------

freesurfer imgreg_4dfp.c
/opt/freesurfer/average/711-2C_as_mni_average_305.4dfp.img
       256       256       256         1
  1.000000  1.000000  1.000000
orientation T byte_order littleendian
Reading image: /opt/freesurfer/average/711-2C_as_mni_average_305.4dfp.img
dimensions:      256       256       256
mmppix:       1.0000   -1.0000   -1.0000
center:     128.0000 -129.0000 -129.0000
talsrcimg_g11.4dfp.img
       256       256       256         1
  1.000000  1.000000  1.000000
orientation T byte_order littleendian
Reading image: talsrcimg_g11.4dfp.img
dimensions:      256       256       256
mmppix:       1.0000   -1.0000   -1.0000
center:     128.0000 -129.0000 -129.0000
t4_read: open error in t4_sub.f l:  41 t4_file(1:l)talsrcimg_to_711-2C_as_mni_average_305_t4 
t4_read: transform initialized to I4
rotation matrix determinant  1.000000
image alignment mode   4355 decimal     1103 hex
   -7.5000  -45.0000  -45.0000 8080.5669   17.8861
    0.0000  -45.0000  -45.0000 8396.9775   17.8871
    7.5000  -45.0000  -45.0000 8031.2734   17.8741
   -7.5000  -37.5000  -45.0000 8494.1123   17.8415
    0.0000  -37.5000  -45.0000 8847.8193   17.8547
    7.5000  -37.5000  -45.0000 8473.2178   17.8421
   -7.5000  -30.0000  -45.0000 9205.1475   17.7973
    0.0000  -30.0000  -45.0000 9605.3096   17.8283
    7.5000  -30.0000  -45.0000 9197.9287   17.8233
   -7.5000  -22.5000  -45.0000 9905.1064   17.8008
    0.0000  -22.5000  -45.000010333.2666   17.8388
    7.5000  -22.5000  -45.0000 9865.4297   17.8420
   -7.5000  -15.0000  -45.000010437.8359   17.8430
    0.0000  -15.0000  -45.000010857.5449   17.8717
    7.5000  -15.0000  -45.000010366.1504   17.8751
   -7.5000   -7.5000  -45.000010911.8281   17.8838
    0.0000   -7.5000  -45.000011346.8662   17.8933
    7.5000   -7.5000  -45.000010813.2100   17.8881
   -7.5000    0.0000  -45.000011238.1260   17.8857
    0.0000    0.0000  -45.000011676.3643   17.8867
    7.5000    0.0000  -45.000011129.0508   17.8738
   -7.5000    7.5000  -45.000010631.9043   17.8414
    0.0000    7.5000  -45.000011032.8281   17.8546
    7.5000    7.5000  -45.000010511.2793   17.8420
   -7.5000   15.0000  -45.0000 9953.4375   17.7973
    0.0000   15.0000  -45.000010349.2070   17.8283
    7.5000   15.0000  -45.0000 9819.3633   17.8233
   -7.5000   22.5000  -45.0000 9239.2197   17.7983
    0.0000   22.5000  -45.0000 9590.6875   17.8363
    7.5000   22.5000  -45.0000 9088.1143   17.8396
   -7.5000   30.0000  -45.0000 8470.9805   17.6059
    0.0000   30.0000  -45.0000 8808.2178   17.6342
    7.5000   30.0000  -45.0000 8329.4131   17.6376
   -7.5000   37.5000  -45.0000 8034.6289   17.7036
    0.0000   37.5000  -45.0000 8337.6572   17.7129
    7.5000   37.5000  -45.0000 7892.5635   17.7078
   -7.5000   45.0000  -45.0000 7396.9629   17.5064
    0.0000   45.0000  -45.0000 7683.1675   17.5083
    7.5000   45.0000  -45.0000 7266.9126   17.4947
   -7.5000  -45.0000  -37.5000 8549.5225   17.6633
    0.0000  -45.0000  -37.5000 8895.4883   17.6657
    7.5000  -45.0000  -37.5000 8502.5254   17.6534
   -7.5000  -37.5000  -37.5000 8985.3486   17.6216
    0.0000  -37.5000  -37.5000 9354.3613   17.6369
    7.5000  -37.5000  -37.5000 8934.3359   17.6271
   -7.5000  -30.0000  -37.5000 9748.4639   17.5807
    0.0000  -30.0000  -37.500010157.6875   17.6113
    7.5000  -30.0000  -37.5000 9695.7510   17.6109
   -7.5000  -22.5000  -37.500010483.5332   17.5845
    0.0000  -22.5000  -37.500010929.3496   17.6187
    7.5000  -22.5000  -37.500010398.9277   17.6253
   -7.5000  -15.0000  -37.500011030.3320   17.6242
    0.0000  -15.0000  -37.500011478.9199   17.6476
    7.5000  -15.0000  -37.500010912.1113   17.6520
   -7.5000   -7.5000  -37.500011507.3145   17.6616
    0.0000   -7.5000  -37.500011949.9268   17.6688
    7.5000   -7.5000  -37.500011385.5098   17.6636
   -7.5000    0.0000  -37.500011858.1016   17.6629
    0.0000    0.0000  -37.500012329.8281   17.6653
    7.5000    0.0000  -37.500011737.6279   17.6530
   -7.5000    7.5000  -37.500011274.0225   17.6215
    0.0000    7.5000  -37.500011735.9355   17.6368
    7.5000    7.5000  -37.500011131.8018   17.6271
   -7.5000   15.0000  -37.500010570.9111   17.5807
    0.0000   15.0000  -37.500010995.9111   17.6113
    7.5000   15.0000  -37.500010396.3027   17.6109
   -7.5000   22.5000  -37.5000 9788.8789   17.5821
    0.0000   22.5000  -37.500010156.3877   17.6163
    7.5000   22.5000  -37.5000 9592.1260   17.6229
   -7.5000   30.0000  -37.5000 8958.3828   17.3899
    0.0000   30.0000  -37.5000 9289.5547   17.4131
    7.5000   30.0000  -37.5000 8775.8369   17.4174
   -7.5000   37.5000  -37.5000 8467.2061   17.4822
    0.0000   37.5000  -37.5000 8783.3164   17.4892
    7.5000   37.5000  -37.5000 8300.8994   17.4839
   -7.5000   45.0000  -37.5000 7776.7305   17.2824
    0.0000   45.0000  -37.5000 8088.6602   17.2857
    7.5000   45.0000  -37.5000 7647.5674   17.2732
   -7.5000  -45.0000  -30.0000 9192.9346   18.2421
    0.0000  -45.0000  -30.0000 9577.1992   18.2416
    7.5000  -45.0000  -30.0000 9151.6318   18.2255
   -7.5000  -37.5000  -30.0000 9677.6455   18.2152
    0.0000  -37.5000  -30.000010094.0283   18.2281
    7.5000  -37.5000  -30.0000 9614.6562   18.2176
   -7.5000  -30.0000  -30.000010501.1377   18.1845
    0.0000  -30.0000  -30.000010963.1299   18.2131
    7.5000  -30.0000  -30.000010419.2920   18.2146
   -7.5000  -22.5000  -30.000011255.5801   18.1833
    0.0000  -22.5000  -30.000011731.5928   18.2144
    7.5000  -22.5000  -30.000011139.9092   18.2217
   -7.5000  -15.0000  -30.000011845.3955   18.2083
    0.0000  -15.0000  -30.000012321.5430   18.2277
    7.5000  -15.0000  -30.000011702.7070   18.2297
   -7.5000   -7.5000  -30.000012356.0137   18.2362
    0.0000   -7.5000  -30.000012825.0791   18.2397
    7.5000   -7.5000  -30.000012180.9033   18.2300
   -7.5000    0.0000  -30.000012707.9961   18.2418
    0.0000    0.0000  -30.000013193.0078   18.2412
    7.5000    0.0000  -30.000012515.1904   18.2251
   -7.5000    7.5000  -30.000012102.8926   18.2151
    0.0000    7.5000  -30.000012596.1123   18.2280
    7.5000    7.5000  -30.000011923.0137   18.2176
   -7.5000   15.0000  -30.000011315.6396   18.1845
    0.0000   15.0000  -30.000011752.6406   18.2131
    7.5000   15.0000  -30.000011146.8242   18.2146
   -7.5000   22.5000  -30.000010462.0938   18.1789
    0.0000   22.5000  -30.000010840.6270   18.2100
    7.5000   22.5000  -30.000010260.0146   18.2173
   -7.5000   30.0000  -30.0000 9552.5479   17.9680
    0.0000   30.0000  -30.0000 9913.9678   17.9871
    7.5000   30.0000  -30.0000 9372.5449   17.9891
   -7.5000   37.5000  -30.0000 9013.3047   18.0528
    0.0000   37.5000  -30.0000 9360.7178   18.0563
    7.5000   37.5000  -30.0000 8859.5254   18.0465
   -7.5000   45.0000  -30.0000 8300.8896   17.8578
    0.0000   45.0000  -30.0000 8626.7666   17.8577
    7.5000   45.0000  -30.0000 8157.2471   17.8420
   -7.5000  -45.0000  -22.5000 9873.2158   18.8242
    0.0000  -45.0000  -22.500010293.6318   18.8179
    7.5000  -45.0000  -22.5000 9795.1543   18.7974
   -7.5000  -37.5000  -22.500010396.8770   18.8067
    0.0000  -37.5000  -22.500010837.3281   18.8131
    7.5000  -37.5000  -22.500010304.3193   18.7997
   -7.5000  -30.0000  -22.500011265.9873   18.7818
    0.0000  -30.0000  -22.500011757.5332   18.8065
    7.5000  -30.0000  -22.500011185.2627   18.8058
   -7.5000  -22.5000  -22.500012084.9619   18.7757
    0.0000  -22.5000  -22.500012568.8008   18.8062
    7.5000  -22.5000  -22.500011968.4756   18.8107
   -7.5000  -15.0000  -22.500012735.5010   18.7907
    0.0000  -15.0000  -22.500013231.4414   18.8107
    7.5000  -15.0000  -22.500012578.0938   18.8083
   -7.5000   -7.5000  -22.500013245.5996   18.8139
    0.0000   -7.5000  -22.500013739.4238   18.8154
    7.5000   -7.5000  -22.500013038.9482   18.8008
   -7.5000    0.0000  -22.500013594.7617   18.8238
    0.0000    0.0000  -22.500014084.9873   18.8175
    7.5000    0.0000  -22.500013390.5791   18.7970
   -7.5000    7.5000  -22.500012974.1338   18.8066
    0.0000    7.5000  -22.500013466.6855   18.8130
    7.5000    7.5000  -22.500012777.4971   18.7997
   -7.5000   15.0000  -22.500012154.7803   18.7818
    0.0000   15.0000  -22.500012602.1504   18.8065
    7.5000   15.0000  -22.500011954.6377   18.8058
   -7.5000   22.5000  -22.500011195.2656   18.7699
    0.0000   22.5000  -22.500011610.2676   18.8005
    7.5000   22.5000  -22.500010997.5986   18.8049
   -7.5000   30.0000  -22.500010182.9326   18.5455
    0.0000   30.0000  -22.500010568.2148   18.5653
    7.5000   30.0000  -22.500010006.7988   18.5630
   -7.5000   37.5000  -22.5000 9602.2812   18.6291
    0.0000   37.5000  -22.5000 9975.5791   18.6307
    7.5000   37.5000  -22.5000 9459.0586   18.6163
   -7.5000   45.0000  -22.5000 8822.9131   18.4415
    0.0000   45.0000  -22.5000 9171.4316   18.4353
    7.5000   45.0000  -22.5000 8694.9834   18.4152
   -7.5000  -45.0000  -15.000010578.9600   19.3071
    0.0000  -45.0000  -15.000011016.7627   19.2981
    7.5000  -45.0000  -15.000010463.5967   19.2760
   -7.5000  -37.5000  -15.000011134.0986   19.2865
    0.0000  -37.5000  -15.000011593.1670   19.2893
    7.5000  -37.5000  -15.000011012.3047   19.2725
   -7.5000  -30.0000  -15.000012089.2549   19.2587
    0.0000  -30.0000  -15.000012593.7598   19.2827
    7.5000  -30.0000  -15.000011966.4258   19.2767
   -7.5000  -22.5000  -15.000012950.2666   19.2525
    0.0000  -22.5000  -15.000013460.7422   19.2868
    7.5000  -22.5000  -15.000012794.5342   19.2865
   -7.5000  -15.0000  -15.000013644.1689   19.2706
    0.0000  -15.0000  -15.000014152.2188   19.2960
    7.5000  -15.0000  -15.000013443.6094   19.2908
   -7.5000   -7.5000  -15.000014142.6641   19.2971
    0.0000   -7.5000  -15.000014656.4033   19.3003
    7.5000   -7.5000  -15.000013912.6816   19.2842
   -7.5000    0.0000  -15.000014556.8271   19.3067
    0.0000    0.0000  -15.000015064.6064   19.2977
    7.5000    0.0000  -15.000014312.2725   19.2756
   -7.5000    7.5000  -15.000013890.7832   19.2864
    0.0000    7.5000  -15.000014399.3389   19.2892
    7.5000    7.5000  -15.000013647.9062   19.2724
   -7.5000   15.0000  -15.000013008.9521   19.2587
    0.0000   15.0000  -15.000013486.0820   19.2827
    7.5000   15.0000  -15.000012803.8398   19.2767
   -7.5000   22.5000  -15.000011959.8066   19.2457
    0.0000   22.5000  -15.000012398.8643   19.2799
    7.5000   22.5000  -15.000011785.9824   19.2797
   -7.5000   30.0000  -15.000010866.3857   19.0218
    0.0000   30.0000  -15.000011269.6768   19.0469
    7.5000   30.0000  -15.000010723.7900   19.0418
   -7.5000   37.5000  -15.000010262.8145   19.1110
    0.0000   37.5000  -15.000010652.0557   19.1145
    7.5000   37.5000  -15.000010128.7344   19.0987
   -7.5000   45.0000  -15.0000 9393.5889   18.9285
    0.0000   45.0000  -15.0000 9757.5674   18.9195
    7.5000   45.0000  -15.0000 9257.6953   18.8974
   -7.5000  -45.0000   -7.500011348.9033   19.5573
    0.0000  -45.0000   -7.500011808.2725   19.5513
    7.5000  -45.0000   -7.500011225.3477   19.5322
   -7.5000  -37.5000   -7.500011963.9688   19.5211
    0.0000  -37.5000   -7.500012459.5215   19.5271
    7.5000  -37.5000   -7.500011836.3730   19.5098
   -7.5000  -30.0000   -7.500013008.8496   19.4811
    0.0000  -30.0000   -7.500013535.1123   19.5084
    7.5000  -30.0000   -7.500012831.9238   19.4996
   -7.5000  -22.5000   -7.500013924.0723   19.4795
    0.0000  -22.5000   -7.500014466.8857   19.5174
    7.5000  -22.5000   -7.500013704.7930   19.5163
   -7.5000  -15.0000   -7.500014646.8438   19.5132
    0.0000  -15.0000   -7.500015194.9453   19.5425
    7.5000  -15.0000   -7.500014412.8389   19.5401
   -7.5000   -7.5000   -7.500015163.8906   19.5507
    0.0000   -7.5000   -7.500015722.5488   19.5573
    7.5000   -7.5000   -7.500014917.1309   19.5455
   -7.5000    0.0000   -7.500015584.4150   19.5569
    0.0000    0.0000   -7.500016177.0801   19.5509
    7.5000    0.0000   -7.500015346.0654   19.5318
   -7.5000    7.5000   -7.500014835.0811   19.5210
    0.0000    7.5000   -7.500015378.9844   19.5270
    7.5000    7.5000   -7.500014617.8584   19.5097
   -7.5000   15.0000   -7.500013895.3975   19.4811
    0.0000   15.0000   -7.500014408.2588   19.5084
    7.5000   15.0000   -7.500013693.6680   19.4996
   -7.5000   22.5000   -7.500012791.3545   19.4705
    0.0000   22.5000   -7.500013241.4805   19.5084
    7.5000   22.5000   -7.500012604.7422   19.5073
   -7.5000   30.0000   -7.500011638.0186   19.2609
    0.0000   30.0000   -7.500012058.6436   19.2898
    7.5000   30.0000   -7.500011498.2598   19.2874
   -7.5000   37.5000   -7.500010989.9678   19.3609
    0.0000   37.5000   -7.500011385.0986   19.3674
    7.5000   37.5000   -7.500010872.0635   19.3560
   -7.5000   45.0000   -7.500010033.5635   19.1792
    0.0000   45.0000   -7.500010404.7510   19.1737
    7.5000   45.0000   -7.5000 9905.3135   19.1540
   -7.5000  -45.0000    0.000012043.4502   19.5912
    0.0000  -45.0000    0.000012523.6416   19.5906
    7.5000  -45.0000    0.000011940.0869   19.5757
   -7.5000  -37.5000    0.000012695.4199   19.5415
    0.0000  -37.5000    0.000013201.2715   19.5540
    7.5000  -37.5000    0.000012584.7412   19.5393
   -7.5000  -30.0000    0.000013848.2139   19.4926
    0.0000  -30.0000    0.000014403.7451   19.5241
    7.5000  -30.0000    0.000013680.8945   19.5176
   -7.5000  -22.5000    0.000014866.7012   19.4967
    0.0000  -22.5000    0.000015480.2236   19.5356
    7.5000  -22.5000    0.000014670.0156   19.5379
   -7.5000  -15.0000    0.000015586.8877   19.5439
    0.0000  -15.0000    0.000016191.6094   19.5727
    7.5000  -15.0000    0.000015410.5869   19.5753
   -7.5000   -7.5000    0.000016113.7324   19.5891
    0.0000   -7.5000    0.000016696.8496   19.5976
    7.5000   -7.5000    0.000015941.4355   19.5910
   -7.5000    0.0000    0.000016531.3027   19.5908
    0.0000    0.0000    0.000017160.1895   19.5902
    7.5000    0.0000    0.000016353.0977   19.5753
   -7.5000    7.5000    0.000015707.1787   19.5414
    0.0000    7.5000    0.000016321.3994   19.5539
    7.5000    7.5000    0.000015539.9404   19.5392
   -7.5000   15.0000    0.000014730.5693   19.4926
    0.0000   15.0000    0.000015271.3975   19.5241
    7.5000   15.0000    0.000014563.0420   19.5176
   -7.5000   22.5000    0.000013607.3389   19.4877
    0.0000   22.5000    0.000014082.1797   19.5266
    7.5000   22.5000    0.000013436.3633   19.5289
   -7.5000   30.0000    0.000012424.4609   19.2916
    0.0000   30.0000    0.000012846.8838   19.3201
    7.5000   30.0000    0.000012238.9199   19.3227
   -7.5000   37.5000    0.000011759.5195   19.3980
    0.0000   37.5000    0.000012164.5312   19.4062
    7.5000   37.5000    0.000011579.0938   19.3998
   -7.5000   45.0000    0.000010705.0039   19.2133
    0.0000   45.0000    0.000011092.5127   19.2136
    7.5000   45.0000    0.000010534.4033   19.1980
   -7.5000  -45.0000    7.500011801.7451   19.5553
    0.0000  -45.0000    7.500012264.9883   19.5570
    7.5000  -45.0000    7.500011680.1035   19.5426
   -7.5000  -37.5000    7.500012448.2842   19.5096
    0.0000  -37.5000    7.500012958.2988   19.5255
    7.5000  -37.5000    7.500012330.7422   19.5136
   -7.5000  -30.0000    7.500013606.2188   19.4651
    0.0000  -30.0000    7.500014167.3906   19.4980
    7.5000  -30.0000    7.500013414.5029   19.4965
   -7.5000  -22.5000    7.500014763.5205   19.4699
    0.0000  -22.5000    7.500015369.0000   19.5066
    7.5000  -22.5000    7.500014542.0469   19.5131
   -7.5000  -15.0000    7.500015478.8799   19.5135
    0.0000  -15.0000    7.500016098.3086   19.5384
    7.5000  -15.0000    7.500015347.8965   19.5426
   -7.5000   -7.5000    7.500015955.8018   19.5541
    0.0000   -7.5000    7.500016549.1855   19.5611
    7.5000   -7.5000    7.500015884.3486   19.5547
   -7.5000    0.0000    7.500016347.1006   19.5549
    0.0000    0.0000    7.500016996.0410   19.5566
    7.5000    0.0000    7.500016223.0176   19.5422
   -7.5000    7.5000    7.500015566.3467   19.5095
    0.0000    7.5000    7.500016181.9854   19.5254
    7.5000    7.5000    7.500015377.0234   19.5135
   -7.5000   15.0000    7.500014665.7451   19.4651
    0.0000   15.0000    7.500015204.5859   19.4980
    7.5000   15.0000    7.500014385.2471   19.4965
   -7.5000   22.5000    7.500013568.1807   19.4609
    0.0000   22.5000    7.500014030.0000   19.4976
    7.5000   22.5000    7.500013264.6924   19.5041
   -7.5000   30.0000    7.500012405.3965   19.2617
    0.0000   30.0000    7.500012812.7666   19.2862
    7.5000   30.0000    7.500012104.8975   19.2904
   -7.5000   37.5000    7.500011728.3350   19.3624
    0.0000   37.5000    7.500012125.1680   19.3691
    7.5000   37.5000    7.500011456.4199   19.3626
   -7.5000   45.0000    7.500010671.9395   19.1751
    0.0000   45.0000    7.500011033.6543   19.1778
    7.5000   45.0000    7.500010444.9014   19.1632
   -7.5000  -45.0000   15.000011383.3262   19.5277
    0.0000  -45.0000   15.000011839.6406   19.5267
    7.5000  -45.0000   15.000011303.0625   19.5093
   -7.5000  -37.5000   15.000011992.4951   19.4982
    0.0000  -37.5000   15.000012506.0000   19.5116
    7.5000  -37.5000   15.000011940.9492   19.5003
   -7.5000  -30.0000   15.000013144.7246   19.4651
    0.0000  -30.0000   15.000013711.9346   19.4951
    7.5000  -30.0000   15.000013038.1582   19.4967
   -7.5000  -22.5000   15.000014512.9883   19.4641
    0.0000  -22.5000   15.000015151.4521   19.4971
    7.5000  -22.5000   15.000014240.4512   19.5049
   -7.5000  -15.0000   15.000015546.5664   19.4915
    0.0000  -15.0000   15.000016273.5352   19.5120
    7.5000  -15.0000   15.000015222.6953   19.5141
   -7.5000   -7.5000   15.000016108.9404   19.5217
    0.0000   -7.5000   15.000016762.5723   19.5250
    7.5000   -7.5000   15.000015733.4062   19.5146
   -7.5000    0.0000   15.000016355.2412   19.5273
    0.0000    0.0000   15.000017024.6582   19.5263
    7.5000    0.0000   15.000015915.5713   19.5089
   -7.5000    7.5000   15.000015431.3906   19.4981
    0.0000    7.5000   15.000016046.1084   19.5115
    7.5000    7.5000   15.000015000.3008   19.5002
   -7.5000   15.0000   15.000014449.2129   19.4650
    0.0000   15.0000   15.000014971.8418   19.4951
    7.5000   15.0000   15.000014004.5410   19.4967
   -7.5000   22.5000   15.000013342.9482   19.4551
    0.0000   22.5000   15.000013811.7676   19.4881
    7.5000   22.5000   15.000012924.5215   19.4959
   -7.5000   30.0000   15.000012182.8564   19.2399
    0.0000   30.0000   15.000012600.5986   19.2601
    7.5000   30.0000   15.000011808.0752   19.2622
   -7.5000   37.5000   15.000011467.2725   19.3308
    0.0000   37.5000   15.000011881.6172   19.3342
    7.5000   37.5000   15.000011169.1328   19.3236
   -7.5000   45.0000   15.000010394.1826   19.1462
    0.0000   45.0000   15.000010768.5107   19.1457
    7.5000   45.0000   15.000010139.7920   19.1287
   -7.5000  -45.0000   22.500010873.9297   19.5431
    0.0000  -45.0000   22.500011291.0459   19.5366
    7.5000  -45.0000   22.500010791.9756   19.5154
   -7.5000  -37.5000   22.500011514.2246   19.5249
    0.0000  -37.5000   22.500011955.4131   19.5316
    7.5000  -37.5000   22.500011420.4590   19.5177
   -7.5000  -30.0000   22.500012751.5635   19.4991
    0.0000  -30.0000   22.500013233.8154   19.5247
    7.5000  -30.0000   22.500012587.1152   19.5241
   -7.5000  -22.5000   22.500014150.1387   19.4928
    0.0000  -22.5000   22.500014834.6924   19.5245
    7.5000  -22.5000   22.500013778.2480   19.5292
   -7.5000  -15.0000   22.500015281.7275   19.5084
    0.0000  -15.0000   22.500016089.4414   19.5291
    7.5000  -15.0000   22.500014727.5996   19.5268
   -7.5000   -7.5000   22.500015781.4404   19.5325
    0.0000   -7.5000   22.500016549.6621   19.5340
    7.5000   -7.5000   22.500015198.8096   19.5190
   -7.5000    0.0000   22.500015893.3135   19.5427
    0.0000    0.0000   22.500016632.9258   19.5361
    7.5000    0.0000   22.500015345.4883   19.5149
   -7.5000    7.5000   22.500014907.0977   19.5249
    0.0000    7.5000   22.500015564.0098   19.5315
    7.5000    7.5000   22.500014429.6162   19.5176
   -7.5000   15.0000   22.500013842.2334   19.4991
    0.0000   15.0000   22.500014426.1846   19.5247
    7.5000   15.0000   22.500013435.3818   19.5241
   -7.5000   22.5000   22.500012758.3027   19.4838
    0.0000   22.5000   22.500013256.4756   19.5155
    7.5000   22.5000   22.500012395.2529   19.5202
   -7.5000   30.0000   22.500011651.3828   19.2566
    0.0000   30.0000   22.500012068.7646   19.2771
    7.5000   30.0000   22.500011333.7412   19.2748
   -7.5000   37.5000   22.500011017.3389   19.3433
    0.0000   37.5000   22.500011416.8574   19.3450
    7.5000   37.5000   22.500010745.2188   19.3301
   -7.5000   45.0000   22.500010009.3770   19.1625
    0.0000   45.0000   22.500010381.1602   19.1559
    7.5000   45.0000   22.5000 9794.3359   19.1352
   -7.5000  -45.0000   30.000010358.3486   19.5828
    0.0000  -45.0000   30.000010756.7061   19.5737
    7.5000  -45.0000   30.000010230.7031   19.5512
   -7.5000  -37.5000   30.000011021.4443   19.5619
    0.0000  -37.5000   30.000011456.0693   19.5647
    7.5000  -37.5000   30.000010862.7832   19.5476
   -7.5000  -30.0000   30.000012181.7354   19.5335
    0.0000  -30.0000   30.000012677.4531   19.5578
    7.5000  -30.0000   30.000011970.4316   19.5518
   -7.5000  -22.5000   30.000013326.8643   19.5272
    0.0000  -22.5000   30.000014034.2246   19.5618
    7.5000  -22.5000   30.000013078.3193   19.5617
   -7.5000  -15.0000   30.000014099.3154   19.5456
    0.0000  -15.0000   30.000014813.6250   19.5712
    7.5000  -15.0000   30.000013840.3203   19.5661
   -7.5000   -7.5000   30.000014489.5859   19.5725
    0.0000   -7.5000   30.000015148.3086   19.5758
    7.5000   -7.5000   30.000014251.0293   19.5595
   -7.5000    0.0000   30.000014809.0371   19.5824
    0.0000    0.0000   30.000015490.2812   19.5732
    7.5000    0.0000   30.000014505.1562   19.5508
   -7.5000    7.5000   30.000014027.0830   19.5618
    0.0000    7.5000   30.000014688.4658   19.5646
    7.5000    7.5000   30.000013658.2803   19.5475
   -7.5000   15.0000   30.000013076.9473   19.5335
    0.0000   15.0000   30.000013665.0156   19.5578
    7.5000   15.0000   30.000012730.6631   19.5518
   -7.5000   22.5000   30.000012079.8125   19.5182
    0.0000   22.5000   30.000012573.8271   19.5528
    7.5000   22.5000   30.000011752.4883   19.5527
   -7.5000   30.0000   30.000011011.3066   19.2933
    0.0000   30.0000   30.000011431.5898   19.3186
    7.5000   30.0000   30.000010740.2637   19.3135
   -7.5000   37.5000   30.000010421.4297   19.3839
    0.0000   37.5000   30.000010826.0195   19.3873
    7.5000   37.5000   30.000010185.7188   19.3714
   -7.5000   45.0000   30.0000 9432.6846   19.2040
    0.0000   45.0000   30.0000 9820.2109   19.1949
    7.5000   45.0000   30.0000 9260.2568   19.1724
   -7.5000  -45.0000   37.500010117.2910   19.6460
    0.0000  -45.0000   37.500010538.1553   19.6401
    7.5000  -45.0000   37.500010011.0381   19.6211
   -7.5000  -37.5000   37.500010705.2666   19.6096
    0.0000  -37.5000   37.500011121.8896   19.6158
    7.5000  -37.5000   37.500010592.9268   19.5986
   -7.5000  -30.0000   37.500011767.9697   19.5692
    0.0000  -30.0000   37.500012270.7334   19.5968
    7.5000  -30.0000   37.500011633.3223   19.5881
   -7.5000  -22.5000   37.500012772.1875   19.5673
    0.0000  -22.5000   37.500013404.3848   19.6056
    7.5000  -22.5000   37.500012626.3203   19.6047
   -7.5000  -15.0000   37.500013434.7295   19.6012
    0.0000  -15.0000   37.500014034.2148   19.6308
    7.5000  -15.0000   37.500013326.3096   19.6287
   -7.5000   -7.5000   37.500013845.7207   19.6390
    0.0000   -7.5000   37.500014397.7832   19.6458
    7.5000   -7.5000   37.500013753.7051   19.6343
   -7.5000    0.0000   37.500014221.5977   19.6455
    0.0000    0.0000   37.500014804.4199   19.6397
    7.5000    0.0000   37.500014067.1982   19.6207
   -7.5000    7.5000   37.500013524.1914   19.6095
    0.0000    7.5000   37.500014104.8184   19.6157
    7.5000    7.5000   37.500013324.9951   19.5985
   -7.5000   15.0000   37.500012640.1475   19.5692
    0.0000   15.0000   37.500013162.6748   19.5968
    7.5000   15.0000   37.500012416.7822   19.5881
   -7.5000   22.5000   37.500011685.9844   19.5583
    0.0000   22.5000   37.500012133.6455   19.5966
    7.5000   22.5000   37.500011436.8379   19.5957
   -7.5000   30.0000   37.500010677.8516   19.3482
    0.0000   30.0000   37.500011073.6396   19.3774
    7.5000   30.0000   37.500010454.8779   19.3754
   -7.5000   37.5000   37.500010077.8623   19.4490
    0.0000   37.5000   37.500010468.7852   19.4558
    7.5000   37.5000   37.5000 9907.3633   19.4446
   -7.5000   45.0000   37.5000 9107.0410   19.2684
    0.0000   45.0000   37.5000 9482.4268   19.2631
    7.5000   45.0000   37.5000 9019.4219   19.2435
   -7.5000  -45.0000   45.0000 9341.8633   19.8236
    0.0000  -45.0000   45.0000 9709.7637   19.8219
    7.5000  -45.0000   45.0000 9274.4746   19.8060
   -7.5000  -37.5000   45.0000 9862.0166   19.7731
    0.0000  -37.5000   45.000010233.3809   19.7852
    7.5000  -37.5000   45.0000 9783.2285   19.7693
   -7.5000  -30.0000   45.000010821.6689   19.7228
    0.0000  -30.0000   45.000011272.2959   19.7547
    7.5000  -30.0000   45.000010733.3301   19.7474
   -7.5000  -22.5000   45.000011693.0674   19.7264
    0.0000  -22.5000   45.000012198.0850   19.7659
    7.5000  -22.5000   45.000011617.9131   19.7681
   -7.5000  -15.0000   45.000012313.2832   19.7744
    0.0000  -15.0000   45.000012775.7959   19.8034
    7.5000  -15.0000   45.000012250.2383   19.8060
   -7.5000   -7.5000   45.000012746.5576   19.8209
    0.0000   -7.5000   45.000013204.3975   19.8286
    7.5000   -7.5000   45.000012684.5742   19.8217
   -7.5000    0.0000   45.000013122.9395   19.8232
    0.0000    0.0000   45.000013619.3340   19.8216
    7.5000    0.0000   45.000013029.1025   19.8056
   -7.5000    7.5000   45.000012486.5889   19.7730
    0.0000    7.5000   45.000012969.2529   19.7851
    7.5000    7.5000   45.000012347.4287   19.7692
   -7.5000   15.0000   45.000011671.2197   19.7228
    0.0000   15.0000   45.000012118.6641   19.7547
    7.5000   15.0000   45.000011521.9883   19.7474
   -7.5000   22.5000   45.000010782.6387   19.7173
    0.0000   22.5000   45.000011188.2080   19.7568
    7.5000   22.5000   45.000010631.8848   19.7589
   -7.5000   30.0000   45.0000 9876.5859   19.5175
    0.0000   30.0000   45.000010260.0439   19.5461
    7.5000   30.0000   45.0000 9746.9326   19.5487
   -7.5000   37.5000   45.0000 9321.8125   19.6268
    0.0000   37.5000   45.0000 9671.5928   19.6342
    7.5000   37.5000   45.0000 9215.8193   19.6274
   -7.5000   45.0000   45.0000 8419.7002   19.4555
    0.0000   45.0000   45.0000 8750.5957   19.4549
    7.5000   45.0000   45.0000 8355.8711   19.4382

---------------------------------------------------------------------
imgreg_4dfp /opt/freesurfer/average/711-2C_as_mni_average_305 /opt/freesurfer/average/711-2B_as_mni_average_305_mask talsrcimg_g11 none talsrcimg_to_711-2C_as_mni_average_305_t4 4355
---------------------------------------------------------------------

freesurfer imgreg_4dfp.c
/opt/freesurfer/average/711-2C_as_mni_average_305.4dfp.img
       256       256       256         1
  1.000000  1.000000  1.000000
orientation T byte_order littleendian
Reading image: /opt/freesurfer/average/711-2C_as_mni_average_305.4dfp.img
dimensions:      256       256       256
mmppix:       1.0000   -1.0000   -1.0000
center:     128.0000 -129.0000 -129.0000
/opt/freesurfer/average/711-2B_as_mni_average_305_mask.4dfp.img
       256       256       256         1
  1.000000  1.000000  1.000000
orientation T byte_order littleendian
Reading mask: /opt/freesurfer/average/711-2B_as_mni_average_305_mask.4dfp.img (2306576 pixels)
talsrcimg_g11.4dfp.img
       256       256       256         1
  1.000000  1.000000  1.000000
orientation T byte_order littleendian
Reading image: talsrcimg_g11.4dfp.img
dimensions:      256       256       256
mmppix:       1.0000   -1.0000   -1.0000
center:     128.0000 -129.0000 -129.0000
rotation matrix determinant  1.000000
image alignment mode   4355 decimal     1103 hex
   -7.5000  -45.0000  -45.0000 2124.3623   20.1833
    0.0000  -45.0000  -45.0000 2133.1816   20.1214
    7.5000  -45.0000  -45.0000 2116.3662   20.3885
   -7.5000  -37.5000  -45.0000 2169.9702   19.2879
    0.0000  -37.5000  -45.0000 2183.7959   19.1795
    7.5000  -37.5000  -45.0000 2165.2983   19.4634
   -7.5000  -30.0000  -45.0000 2202.6992   18.8152
    0.0000  -30.0000  -45.0000 2214.9268   18.7172
    7.5000  -30.0000  -45.0000 2199.1821   18.9864
   -7.5000  -22.5000  -45.0000 2223.9507   18.6244
    0.0000  -22.5000  -45.0000 2235.6279   18.5544
    7.5000  -22.5000  -45.0000 2214.7500   18.8039
   -7.5000  -15.0000  -45.0000 2221.6580   18.6531
    0.0000  -15.0000  -45.0000 2237.6436   18.6059
    7.5000  -15.0000  -45.0000 2219.5608   18.8880
   -7.5000   -7.5000  -45.0000 2215.3110   18.9144
    0.0000   -7.5000  -45.0000 2230.2507   18.8788
    7.5000   -7.5000  -45.0000 2203.6021   19.1436
   -7.5000    0.0000  -45.0000 2195.6326   19.4029
    0.0000    0.0000  -45.0000 2205.7681   19.3251
    7.5000    0.0000  -45.0000 2180.4307   19.5902
   -7.5000    7.5000  -45.0000 2154.3247   20.1586
    0.0000    7.5000  -45.0000 2166.5999   20.0650
    7.5000    7.5000  -45.0000 2142.1863   20.2941
   -7.5000   15.0000  -45.0000 2112.8267   21.1786
    0.0000   15.0000  -45.0000 2128.5076   21.1421
    7.5000   15.0000  -45.0000 2092.4802   21.3989
   -7.5000   22.5000  -45.0000 2049.6309   22.6827
    0.0000   22.5000  -45.0000 2058.5540   22.6674
    7.5000   22.5000  -45.0000 2026.3549   23.0124
   -7.5000   30.0000  -45.0000 1958.5039   24.6810
    0.0000   30.0000  -45.0000 1964.5863   24.6425
    7.5000   30.0000  -45.0000 1936.5319   25.1143
   -7.5000   37.5000  -45.0000 1856.1462   27.4807
    0.0000   37.5000  -45.0000 1859.2217   27.3558
    7.5000   37.5000  -45.0000 1840.8363   27.8524
   -7.5000   45.0000  -45.0000 1739.9175   31.1382
    0.0000   45.0000  -45.0000 1744.1346   30.8697
    7.5000   45.0000  -45.0000 1726.4730   31.3110
   -7.5000  -45.0000  -37.5000 2227.1997   18.5519
    0.0000  -45.0000  -37.5000 2229.9944   18.5232
    7.5000  -45.0000  -37.5000 2214.8467   18.7512
   -7.5000  -37.5000  -37.5000 2279.4888   17.7909
    0.0000  -37.5000  -37.5000 2281.0730   17.7554
    7.5000  -37.5000  -37.5000 2259.9043   17.9566
   -7.5000  -30.0000  -37.5000 2306.5969   17.3366
    0.0000  -30.0000  -37.5000 2317.8352   17.3048
    7.5000  -30.0000  -37.5000 2292.7869   17.5255
   -7.5000  -22.5000  -37.5000 2327.8516   17.0898
    0.0000  -22.5000  -37.5000 2338.2739   17.0593
    7.5000  -22.5000  -37.5000 2310.0903   17.2757
   -7.5000  -15.0000  -37.5000 2333.8218   16.9784
    0.0000  -15.0000  -37.5000 2343.8357   16.9297
    7.5000  -15.0000  -37.5000 2314.4053   17.1866
   -7.5000   -7.5000  -37.5000 2328.9646   17.1931
    0.0000   -7.5000  -37.5000 2341.6636   17.1276
    7.5000   -7.5000  -37.5000 2312.7866   17.3404
   -7.5000    0.0000  -37.5000 2311.8770   17.6455
    0.0000    0.0000  -37.5000 2324.2173   17.6011
    7.5000    0.0000  -37.5000 2297.7922   17.8040
   -7.5000    7.5000  -37.5000 2270.5718   18.3689
    0.0000    7.5000  -37.5000 2288.3293   18.3219
    7.5000    7.5000  -37.5000 2259.3496   18.5419
   -7.5000   15.0000  -37.5000 2223.4834   19.2816
    0.0000   15.0000  -37.5000 2234.0095   19.2610
    7.5000   15.0000  -37.5000 2200.0046   19.5442
   -7.5000   22.5000  -37.5000 2159.7605   20.6405
    0.0000   22.5000  -37.5000 2163.1978   20.6063
    7.5000   22.5000  -37.5000 2127.9526   20.8834
   -7.5000   30.0000  -37.5000 2065.0720   22.4703
    0.0000   30.0000  -37.5000 2066.8694   22.4030
    7.5000   30.0000  -37.5000 2037.7375   22.7932
   -7.5000   37.5000  -37.5000 1954.9503   24.9567
    0.0000   37.5000  -37.5000 1955.2329   24.8874
    7.5000   37.5000  -37.5000 1931.8074   25.2855
   -7.5000   45.0000  -37.5000 1828.8341   28.2650
    0.0000   45.0000  -37.5000 1835.9628   28.0287
    7.5000   45.0000  -37.5000 1817.6970   28.4207
   -7.5000  -45.0000  -30.0000 2366.8621   17.9143
    0.0000  -45.0000  -30.0000 2370.7539   17.9146
    7.5000  -45.0000  -30.0000 2354.2668   18.0521
   -7.5000  -37.5000  -30.0000 2419.3716   17.1383
    0.0000  -37.5000  -30.0000 2433.0293   17.1248
    7.5000  -37.5000  -30.0000 2407.6394   17.3133
   -7.5000  -30.0000  -30.0000 2452.3013   16.6241
    0.0000  -30.0000  -30.0000 2466.5227   16.5921
    7.5000  -30.0000  -30.0000 2435.4629   16.7979
   -7.5000  -22.5000  -30.0000 2464.5215   16.2853
    0.0000  -22.5000  -30.0000 2479.6394   16.2395
    7.5000  -22.5000  -30.0000 2438.0925   16.4321
   -7.5000  -15.0000  -30.0000 2475.7026   16.0985
    0.0000  -15.0000  -30.0000 2484.0002   16.0354
    7.5000  -15.0000  -30.0000 2446.5212   16.2483
   -7.5000   -7.5000  -30.0000 2483.8335   16.2704
    0.0000   -7.5000  -30.0000 2495.5645   16.2026
    7.5000   -7.5000  -30.0000 2461.9265   16.4359
   -7.5000    0.0000  -30.0000 2467.0840   16.7640
    0.0000    0.0000  -30.0000 2479.9741   16.6618
    7.5000    0.0000  -30.0000 2444.5906   16.8925
   -7.5000    7.5000  -30.0000 2427.3459   17.4576
    0.0000    7.5000  -30.0000 2446.2068   17.3828
    7.5000    7.5000  -30.0000 2404.0059   17.5958
   -7.5000   15.0000  -30.0000 2370.8171   18.3152
    0.0000   15.0000  -30.0000 2382.3586   18.3035
    7.5000   15.0000  -30.0000 2347.4131   18.5483
   -7.5000   22.5000  -30.0000 2300.9082   19.5218
    0.0000   22.5000  -30.0000 2308.0039   19.5141
    7.5000   22.5000  -30.0000 2270.9646   19.8036
   -7.5000   30.0000  -30.0000 2201.9172   21.2840
    0.0000   30.0000  -30.0000 2206.1096   21.2525
    7.5000   30.0000  -30.0000 2167.3403   21.5410
   -7.5000   37.5000  -30.0000 2077.0066   23.6764
    0.0000   37.5000  -30.0000 2082.9304   23.5827
    7.5000   37.5000  -30.0000 2051.8301   23.8024
   -7.5000   45.0000  -30.0000 1951.4368   26.6759
    0.0000   45.0000  -30.0000 1964.5760   26.5474
    7.5000   45.0000  -30.0000 1935.6156   26.8220
   -7.5000  -45.0000  -22.5000 2478.7188   17.2627
    0.0000  -45.0000  -22.5000 2494.0645   17.2284
    7.5000  -45.0000  -22.5000 2465.0354   17.4061
   -7.5000  -37.5000  -22.5000 2531.5820   16.4217
    0.0000  -37.5000  -22.5000 2549.8440   16.3613
    7.5000  -37.5000  -22.5000 2516.3440   16.5173
   -7.5000  -30.0000  -22.5000 2566.6733   15.7628
    0.0000  -30.0000  -22.5000 2584.3118   15.7343
    7.5000  -30.0000  -22.5000 2546.4324   15.9245
   -7.5000  -22.5000  -22.5000 2589.1790   15.4271
    0.0000  -22.5000  -22.5000 2608.3088   15.3866
    7.5000  -22.5000  -22.5000 2569.2026   15.6205
   -7.5000  -15.0000  -22.5000 2601.5813   15.2853
    0.0000  -15.0000  -22.5000 2617.6809   15.2482
    7.5000  -15.0000  -22.5000 2581.0625   15.4751
   -7.5000   -7.5000  -22.5000 2612.9417   15.4635
    0.0000   -7.5000  -22.5000 2625.6057   15.3634
    7.5000   -7.5000  -22.5000 2586.2188   15.5995
   -7.5000    0.0000  -22.5000 2595.8416   15.8736
    0.0000    0.0000  -22.5000 2609.9683   15.7894
    7.5000    0.0000  -22.5000 2573.7034   15.9820
   -7.5000    7.5000  -22.5000 2561.6108   16.4928
    0.0000    7.5000  -22.5000 2579.7878   16.4197
    7.5000    7.5000  -22.5000 2539.3320   16.6431
   -7.5000   15.0000  -22.5000 2497.8987   17.3030
    0.0000   15.0000  -22.5000 2514.1692   17.2899
    7.5000   15.0000  -22.5000 2474.1692   17.5188
   -7.5000   22.5000  -22.5000 2418.7656   18.4604
    0.0000   22.5000  -22.5000 2432.2307   18.4647
    7.5000   22.5000  -22.5000 2390.0264   18.7127
   -7.5000   30.0000  -22.5000 2314.6301   20.1341
    0.0000   30.0000  -22.5000 2325.9199   20.1051
    7.5000   30.0000  -22.5000 2283.1526   20.3839
   -7.5000   37.5000  -22.5000 2184.6069   22.3478
    0.0000   37.5000  -22.5000 2194.5588   22.2568
    7.5000   37.5000  -22.5000 2159.5337   22.4602
   -7.5000   45.0000  -22.5000 2051.2515   25.1369
    0.0000   45.0000  -22.5000 2064.6277   25.0577
    7.5000   45.0000  -22.5000 2031.6746   25.2661
   -7.5000  -45.0000  -15.0000 2549.3699   16.6424
    0.0000  -45.0000  -15.0000 2564.9048   16.5767
    7.5000  -45.0000  -15.0000 2527.9709   16.7452
   -7.5000  -37.5000  -15.0000 2606.3008   15.6552
    0.0000  -37.5000  -15.0000 2626.4543   15.5719
    7.5000  -37.5000  -15.0000 2589.0940   15.7550
   -7.5000  -30.0000  -15.0000 2652.4473   15.0274
    0.0000  -30.0000  -15.0000 2672.2646   14.9271
    7.5000  -30.0000  -15.0000 2637.3743   15.1206
   -7.5000  -22.5000  -15.0000 2683.6128   14.6340
    0.0000  -22.5000  -15.0000 2701.9321   14.5621
    7.5000  -22.5000  -15.0000 2662.5872   14.7804
   -7.5000  -15.0000  -15.0000 2696.9780   14.4854
    0.0000  -15.0000  -15.0000 2712.2249   14.4488
    7.5000  -15.0000  -15.0000 2671.0508   14.6851
   -7.5000   -7.5000  -15.0000 2712.1226   14.6434
    0.0000   -7.5000  -15.0000 2725.6638   14.5859
    7.5000   -7.5000  -15.0000 2681.3274   14.8144
   -7.5000    0.0000  -15.0000 2695.1155   15.0180
    0.0000    0.0000  -15.0000 2714.2695   14.9295
    7.5000    0.0000  -15.0000 2671.4795   15.1295
   -7.5000    7.5000  -15.0000 2663.3931   15.5878
    0.0000    7.5000  -15.0000 2684.6069   15.5144
    7.5000    7.5000  -15.0000 2640.7881   15.7552
   -7.5000   15.0000  -15.0000 2594.0762   16.3585
    0.0000   15.0000  -15.0000 2612.9978   16.3178
    7.5000   15.0000  -15.0000 2574.3970   16.5806
   -7.5000   22.5000  -15.0000 2505.1809   17.4760
    0.0000   22.5000  -15.0000 2521.9011   17.4428
    7.5000   22.5000  -15.0000 2486.0896   17.7311
   -7.5000   30.0000  -15.0000 2398.1594   19.0503
    0.0000   30.0000  -15.0000 2408.7393   18.9933
    7.5000   30.0000  -15.0000 2374.4341   19.2777
   -7.5000   37.5000  -15.0000 2270.7351   21.1052
    0.0000   37.5000  -15.0000 2279.9006   21.0028
    7.5000   37.5000  -15.0000 2243.5403   21.2533
   -7.5000   45.0000  -15.0000 2123.8999   23.6937
    0.0000   45.0000  -15.0000 2136.1782   23.6140
    7.5000   45.0000  -15.0000 2099.8789   23.8736
   -7.5000  -45.0000   -7.5000 2597.7424   16.0190
    0.0000  -45.0000   -7.5000 2614.5449   15.9654
    7.5000  -45.0000   -7.5000 2585.2471   16.1732
   -7.5000  -37.5000   -7.5000 2668.6799   14.9571
    0.0000  -37.5000   -7.5000 2689.3936   14.8542
    7.5000  -37.5000   -7.5000 2658.8726   15.0748
   -7.5000  -30.0000   -7.5000 2720.4189   14.2842
    0.0000  -30.0000   -7.5000 2738.9395   14.1830
    7.5000  -30.0000   -7.5000 2706.7009   14.3794
   -7.5000  -22.5000   -7.5000 2759.6157   13.8963
    0.0000  -22.5000   -7.5000 2780.2583   13.8294
    7.5000  -22.5000   -7.5000 2735.3674   14.0393
   -7.5000  -15.0000   -7.5000 2784.2847   13.6784
    0.0000  -15.0000   -7.5000 2799.7500   13.6520
    7.5000  -15.0000   -7.5000 2751.3701   13.8876
   -7.5000   -7.5000   -7.5000 2793.3667   13.8247
    0.0000   -7.5000   -7.5000 2809.0593   13.7651
    7.5000   -7.5000   -7.5000 2761.0527   14.0109
   -7.5000    0.0000   -7.5000 2779.6670   14.1814
    0.0000    0.0000   -7.5000 2803.9517   14.1040
    7.5000    0.0000   -7.5000 2759.1365   14.3462
   -7.5000    7.5000   -7.5000 2748.4358   14.7017
    0.0000    7.5000   -7.5000 2767.2021   14.6200
    7.5000    7.5000   -7.5000 2728.2690   14.8753
   -7.5000   15.0000   -7.5000 2680.5764   15.4554
    0.0000   15.0000   -7.5000 2700.7117   15.3986
    7.5000   15.0000   -7.5000 2660.8838   15.6766
   -7.5000   22.5000   -7.5000 2588.7427   16.5641
    0.0000   22.5000   -7.5000 2602.0684   16.5073
    7.5000   22.5000   -7.5000 2564.2625   16.7898
   -7.5000   30.0000   -7.5000 2469.3354   18.0797
    0.0000   30.0000   -7.5000 2483.9602   17.9864
    7.5000   30.0000   -7.5000 2448.4319   18.2731
   -7.5000   37.5000   -7.5000 2334.6960   20.0127
    0.0000   37.5000   -7.5000 2347.5369   19.8946
    7.5000   37.5000   -7.5000 2316.4583   20.1499
   -7.5000   45.0000   -7.5000 2180.4585   22.4616
    0.0000   45.0000   -7.5000 2190.3789   22.3334
    7.5000   45.0000   -7.5000 2157.5632   22.6240
   -7.5000  -45.0000    0.0000 2621.1655   15.5475
    0.0000  -45.0000    0.0000 2638.0825   15.4876
    7.5000  -45.0000    0.0000 2615.1707   15.7307
   -7.5000  -37.5000    0.0000 2702.9885   14.4415
    0.0000  -37.5000    0.0000 2721.7498   14.3683
    7.5000  -37.5000    0.0000 2699.3557   14.6102
   -7.5000  -30.0000    0.0000 2762.2285   13.6844
    0.0000  -30.0000    0.0000 2781.8516   13.6289
    7.5000  -30.0000    0.0000 2753.7542   13.8485
   -7.5000  -22.5000    0.0000 2807.0532   13.2791
    0.0000  -22.5000    0.0000 2833.8174   13.2321
    7.5000  -22.5000    0.0000 2787.2600   13.4828
   -7.5000  -15.0000    0.0000 2836.0540   13.0210
    0.0000  -15.0000    0.0000 2859.7117   12.9835
    7.5000  -15.0000    0.0000 2812.8948   13.3200
   -7.5000   -7.5000    0.0000 2853.4709   13.0828
    0.0000   -7.5000    0.0000 2868.7278   13.0100
    7.5000   -7.5000    0.0000 2827.7756   13.3731
   -7.5000    0.0000    0.0000 2841.2905   13.4853
    0.0000    0.0000    0.0000 2864.4832   13.3862
    7.5000    0.0000    0.0000 2822.2827   13.6904
   -7.5000    7.5000    0.0000 2808.9565   14.0101
    0.0000    7.5000    0.0000 2833.3494   13.9115
    7.5000    7.5000    0.0000 2791.5400   14.2243
   -7.5000   15.0000    0.0000 2741.1316   14.7119
    0.0000   15.0000    0.0000 2761.9026   14.6454
    7.5000   15.0000    0.0000 2722.3950   14.9815
   -7.5000   22.5000    0.0000 2647.0627   15.7580
    0.0000   22.5000    0.0000 2661.9644   15.7279
    7.5000   22.5000    0.0000 2622.1445   16.0728
   -7.5000   30.0000    0.0000 2525.4072   17.2301
    0.0000   30.0000    0.0000 2539.3884   17.1639
    7.5000   30.0000    0.0000 2502.7390   17.4842
   -7.5000   37.5000    0.0000 2389.8066   19.1086
    0.0000   37.5000    0.0000 2402.1313   19.0321
    7.5000   37.5000    0.0000 2367.4084   19.3642
   -7.5000   45.0000    0.0000 2229.8284   21.5198
    0.0000   45.0000    0.0000 2239.2695   21.4056
    7.5000   45.0000    0.0000 2203.6470   21.7292
   -7.5000  -45.0000    7.5000 2627.7300   15.2647
    0.0000  -45.0000    7.5000 2647.3384   15.2042
    7.5000  -45.0000    7.5000 2624.6196   15.4466
   -7.5000  -37.5000    7.5000 2720.3552   14.1464
    0.0000  -37.5000    7.5000 2744.8162   14.0833
    7.5000  -37.5000    7.5000 2718.7466   14.3109
   -7.5000  -30.0000    7.5000 2787.4180   13.3208
    0.0000  -30.0000    7.5000 2813.2236   13.2811
    7.5000  -30.0000    7.5000 2777.7571   13.5116
   -7.5000  -22.5000    7.5000 2852.0386   12.9169
    0.0000  -22.5000    7.5000 2873.0325   12.8606
    7.5000  -22.5000    7.5000 2833.0676   13.1484
   -7.5000  -15.0000    7.5000 2879.7563   12.6612
    0.0000  -15.0000    7.5000 2907.6475   12.6255
    7.5000  -15.0000    7.5000 2857.4282   12.9861
   -7.5000   -7.5000    7.5000 2903.3723   12.6578
    0.0000   -7.5000    7.5000 2918.8811   12.5801
    7.5000   -7.5000    7.5000 2879.7629   13.0547
   -7.5000    0.0000    7.5000 2892.8726   13.0115
    0.0000    0.0000    7.5000 2915.7271   12.9413
    7.5000    0.0000    7.5000 2872.5691   13.3348
   -7.5000    7.5000    7.5000 2858.7886   13.5378
    0.0000    7.5000    7.5000 2883.8230   13.4680
    7.5000    7.5000    7.5000 2838.6631   13.7621
   -7.5000   15.0000    7.5000 2791.9744   14.2266
    0.0000   15.0000    7.5000 2816.0608   14.1632
    7.5000   15.0000    7.5000 2768.3511   14.4543
   -7.5000   22.5000    7.5000 2696.8167   15.2783
    0.0000   22.5000    7.5000 2711.7881   15.2011
    7.5000   22.5000    7.5000 2669.6042   15.5297
   -7.5000   30.0000    7.5000 2575.0510   16.7682
    0.0000   30.0000    7.5000 2584.6504   16.6578
    7.5000   30.0000    7.5000 2545.2651   17.0146
   -7.5000   37.5000    7.5000 2434.2544   18.6588
    0.0000   37.5000    7.5000 2447.3650   18.5219
    7.5000   37.5000    7.5000 2410.0188   18.8990
   -7.5000   45.0000    7.5000 2270.3037   20.9625
    0.0000   45.0000    7.5000 2280.0735   20.8634
    7.5000   45.0000    7.5000 2247.2371   21.1982
   -7.5000  -45.0000   15.0000 2615.6816   15.2233
    0.0000  -45.0000   15.0000 2635.9617   15.1370
    7.5000  -45.0000   15.0000 2615.3091   15.4644
   -7.5000  -37.5000   15.0000 2708.3474   14.0760
    0.0000  -37.5000   15.0000 2739.0339   14.0023
    7.5000  -37.5000   15.0000 2713.9521   14.2869
   -7.5000  -30.0000   15.0000 2789.8806   13.2600
    0.0000  -30.0000   15.0000 2818.1750   13.1760
    7.5000  -30.0000   15.0000 2794.2151   13.4556
   -7.5000  -22.5000   15.0000 2873.4077   12.9354
    0.0000  -22.5000   15.0000 2892.6599   12.8502
    7.5000  -22.5000   15.0000 2865.8750   13.1549
   -7.5000  -15.0000   15.0000 2930.1899   12.8842
    0.0000  -15.0000   15.0000 2960.3674   12.8631
    7.5000  -15.0000   15.0000 2907.8623   13.0648
   -7.5000   -7.5000   15.0000 2949.2324   12.7474
    0.0000   -7.5000   15.0000 2969.9746   12.6933
    7.5000   -7.5000   15.0000 2913.5422   13.0055
   -7.5000    0.0000   15.0000 2927.9514   12.8737
    0.0000    0.0000   15.0000 2954.2891   12.7968
    7.5000    0.0000   15.0000 2893.3914   13.1050
   -7.5000    7.5000   15.0000 2881.2249   13.2982
    0.0000    7.5000   15.0000 2907.6194   13.2210
    7.5000    7.5000   15.0000 2861.8604   13.5227
   -7.5000   15.0000   15.0000 2813.7817   14.0063
    0.0000   15.0000   15.0000 2831.7383   13.9380
    7.5000   15.0000   15.0000 2795.7700   14.2373
   -7.5000   22.5000   15.0000 2717.8489   15.0824
    0.0000   22.5000   15.0000 2735.0586   15.0233
    7.5000   22.5000   15.0000 2691.4211   15.3421
   -7.5000   30.0000   15.0000 2597.6228   16.5501
    0.0000   30.0000   15.0000 2609.1643   16.4843
    7.5000   30.0000   15.0000 2567.5835   16.7635
   -7.5000   37.5000   15.0000 2454.4919   18.3881
    0.0000   37.5000   15.0000 2469.1831   18.3231
    7.5000   37.5000   15.0000 2431.6292   18.5740
   -7.5000   45.0000   15.0000 2288.7922   20.6058
    0.0000   45.0000   15.0000 2298.2383   20.5820
    7.5000   45.0000   15.0000 2268.8208   20.8130
   -7.5000  -45.0000   22.5000 2588.1216   15.4314
    0.0000  -45.0000   22.5000 2604.9856   15.2956
    7.5000  -45.0000   22.5000 2591.0505   15.6829
   -7.5000  -37.5000   22.5000 2690.8171   14.3352
    0.0000  -37.5000   22.5000 2707.2087   14.1965
    7.5000  -37.5000   22.5000 2692.2102   14.5332
   -7.5000  -30.0000   22.5000 2802.3777   13.6357
    0.0000  -30.0000   22.5000 2819.6243   13.5668
    7.5000  -30.0000   22.5000 2795.9246   13.8334
   -7.5000  -22.5000   22.5000 2896.0176   13.3357
    0.0000  -22.5000   22.5000 2915.9482   13.3267
    7.5000  -22.5000   22.5000 2880.1953   13.5069
   -7.5000  -15.0000   22.5000 2951.4954   13.1588
    0.0000  -15.0000   22.5000 2984.4746   13.2304
    7.5000  -15.0000   22.5000 2920.2112   13.3035
   -7.5000   -7.5000   22.5000 2966.9543   12.9892
    0.0000   -7.5000   22.5000 2998.8948   13.0115
    7.5000   -7.5000   22.5000 2923.8542   13.1219
   -7.5000    0.0000   22.5000 2931.9912   13.0060
    0.0000    0.0000   22.5000 2961.2896   12.9837
    7.5000    0.0000   22.5000 2892.1792   13.1826
   -7.5000    7.5000   22.5000 2879.5229   13.3667
    0.0000    7.5000   22.5000 2902.2747   13.3249
    7.5000    7.5000   22.5000 2857.1731   13.5934
   -7.5000   15.0000   22.5000 2806.6987   14.0235
    0.0000   15.0000   22.5000 2828.1194   13.9897
    7.5000   15.0000   22.5000 2793.3909   14.2780
   -7.5000   22.5000   22.5000 2714.0105   15.0692
    0.0000   22.5000   22.5000 2729.2490   15.0234
    7.5000   22.5000   22.5000 2694.1897   15.3261
   -7.5000   30.0000   22.5000 2601.2056   16.4644
    0.0000   30.0000   22.5000 2607.2400   16.4056
    7.5000   30.0000   22.5000 2572.7163   16.6991
   -7.5000   37.5000   22.5000 2464.1829   18.3354
    0.0000   37.5000   22.5000 2472.8584   18.2539
    7.5000   37.5000   22.5000 2435.1687   18.5465
   -7.5000   45.0000   22.5000 2295.1096   20.5996
    0.0000   45.0000   22.5000 2305.0864   20.5416
    7.5000   45.0000   22.5000 2275.7078   20.8179
   -7.5000  -45.0000   30.0000 2559.0295   16.0614
    0.0000  -45.0000   30.0000 2571.2146   15.9662
    7.5000  -45.0000   30.0000 2547.8882   16.3108
   -7.5000  -37.5000   30.0000 2675.3511   14.9887
    0.0000  -37.5000   30.0000 2698.3442   14.9112
    7.5000  -37.5000   30.0000 2669.9805   15.1729
   -7.5000  -30.0000   30.0000 2784.9800   14.1984
    0.0000  -30.0000   30.0000 2806.8787   14.1450
    7.5000  -30.0000   30.0000 2774.6155   14.3704
   -7.5000  -22.5000   30.0000 2866.8267   13.6625
    0.0000  -22.5000   30.0000 2895.7402   13.6884
    7.5000  -22.5000   30.0000 2852.9390   13.8650
   -7.5000  -15.0000   30.0000 2924.4285   13.2849
    0.0000  -15.0000   30.0000 2956.0417   13.3948
    7.5000  -15.0000   30.0000 2893.7920   13.5315
   -7.5000   -7.5000   30.0000 2939.9333   13.0410
    0.0000   -7.5000   30.0000 2963.0879   13.0170
    7.5000   -7.5000   30.0000 2900.9939   13.3146
   -7.5000    0.0000   30.0000 2918.4482   13.2268
    0.0000    0.0000   30.0000 2938.6384   13.1312
    7.5000    0.0000   30.0000 2881.5249   13.4529
   -7.5000    7.5000   30.0000 2868.3552   13.7661
    0.0000    7.5000   30.0000 2890.1064   13.6845
    7.5000    7.5000   30.0000 2836.4819   13.9134
   -7.5000   15.0000   30.0000 2784.8567   14.5184
    0.0000   15.0000   30.0000 2807.1692   14.4717
    7.5000   15.0000   30.0000 2767.5374   14.6771
   -7.5000   22.5000   30.0000 2689.2571   15.5067
    0.0000   22.5000   30.0000 2702.1831   15.4604
    7.5000   22.5000   30.0000 2671.3020   15.6937
   -7.5000   30.0000   30.0000 2575.9207   16.8259
    0.0000   30.0000   30.0000 2584.2375   16.7750
    7.5000   30.0000   30.0000 2553.7258   17.0049
   -7.5000   37.5000   30.0000 2445.1213   18.5649
    0.0000   37.5000   30.0000 2454.4141   18.4754
    7.5000   37.5000   30.0000 2420.8291   18.6981
   -7.5000   45.0000   30.0000 2275.8699   20.7051
    0.0000   45.0000   30.0000 2290.8416   20.6109
    7.5000   45.0000   30.0000 2259.9062   20.8788
   -7.5000  -45.0000   37.5000 2531.7166   16.9763
    0.0000  -45.0000   37.5000 2549.6150   16.8791
    7.5000  -45.0000   37.5000 2526.9790   17.2410
   -7.5000  -37.5000   37.5000 2639.6609   15.6850
    0.0000  -37.5000   37.5000 2659.7771   15.6093
    7.5000  -37.5000   37.5000 2633.6914   15.9466
   -7.5000  -30.0000   37.5000 2737.7749   14.7644
    0.0000  -30.0000   37.5000 2762.4446   14.7029
    7.5000  -30.0000   37.5000 2725.4905   15.0313
   -7.5000  -22.5000   37.5000 2823.9773   14.1564
    0.0000  -22.5000   37.5000 2849.6904   14.1760
    7.5000  -22.5000   37.5000 2810.9329   14.4154
   -7.5000  -15.0000   37.5000 2873.5593   13.6803
    0.0000  -15.0000   37.5000 2906.2681   13.7288
    7.5000  -15.0000   37.5000 2848.6716   13.9936
   -7.5000   -7.5000   37.5000 2894.2175   13.5117
    0.0000   -7.5000   37.5000 2910.8545   13.4256
    7.5000   -7.5000   37.5000 2865.8704   13.8382
   -7.5000    0.0000   37.5000 2881.7964   13.7518
    0.0000    0.0000   37.5000 2900.4368   13.6671
    7.5000    0.0000   37.5000 2849.0347   13.9609
   -7.5000    7.5000   37.5000 2839.8921   14.2887
    0.0000    7.5000   37.5000 2859.7485   14.1997
    7.5000    7.5000   37.5000 2806.9114   14.4421
   -7.5000   15.0000   37.5000 2752.5999   15.0721
    0.0000   15.0000   37.5000 2770.0559   14.9719
    7.5000   15.0000   37.5000 2728.4116   15.1980
   -7.5000   22.5000   37.5000 2653.2603   16.0870
    0.0000   22.5000   37.5000 2666.7827   16.0324
    7.5000   22.5000   37.5000 2631.5735   16.2363
   -7.5000   30.0000   37.5000 2535.4937   17.4382
    0.0000   30.0000   37.5000 2545.5461   17.3484
    7.5000   30.0000   37.5000 2514.7124   17.5568
   -7.5000   37.5000   37.5000 2403.3557   19.0801
    0.0000   37.5000   37.5000 2410.9761   18.9769
    7.5000   37.5000   37.5000 2381.5208   19.2061
   -7.5000   45.0000   37.5000 2235.1453   21.1192
    0.0000   45.0000   37.5000 2249.6411   21.0503
    7.5000   45.0000   37.5000 2222.3457   21.2755
   -7.5000  -45.0000   45.0000 2480.1997   17.8928
    0.0000  -45.0000   45.0000 2501.1890   17.7715
    7.5000  -45.0000   45.0000 2475.1982   18.2299
   -7.5000  -37.5000   45.0000 2589.0115   16.5079
    0.0000  -37.5000   45.0000 2606.2361   16.3542
    7.5000  -37.5000   45.0000 2579.2737   16.8497
   -7.5000  -30.0000   45.0000 2687.4392   15.5403
    0.0000  -30.0000   45.0000 2707.2793   15.4204
    7.5000  -30.0000   45.0000 2674.4231   15.8351
   -7.5000  -22.5000   45.0000 2765.9204   14.8081
    0.0000  -22.5000   45.0000 2791.7021   14.8067
    7.5000  -22.5000   45.0000 2753.1594   15.0959
   -7.5000  -15.0000   45.0000 2812.2363   14.3113
    0.0000  -15.0000   45.0000 2829.9077   14.2380
    7.5000  -15.0000   45.0000 2792.1580   14.6353
   -7.5000   -7.5000   45.0000 2829.3147   14.2273
    0.0000   -7.5000   45.0000 2845.2207   14.1195
    7.5000   -7.5000   45.0000 2806.8501   14.5157
   -7.5000    0.0000   45.0000 2815.1008   14.4878
    0.0000    0.0000   45.0000 2836.1875   14.4054
    7.5000    0.0000   45.0000 2795.3987   14.6934
   -7.5000    7.5000   45.0000 2774.6743   15.0194
    0.0000    7.5000   45.0000 2795.7019   14.9299
    7.5000    7.5000   45.0000 2751.5439   15.1765
   -7.5000   15.0000   45.0000 2695.2268   15.7665
    0.0000   15.0000   45.0000 2712.7844   15.6777
    7.5000   15.0000   45.0000 2674.8086   15.8945
   -7.5000   22.5000   45.0000 2599.1545   16.7757
    0.0000   22.5000   45.0000 2614.0247   16.6915
    7.5000   22.5000   45.0000 2582.2432   16.9332
   -7.5000   30.0000   45.0000 2485.8237   18.1486
    0.0000   30.0000   45.0000 2501.0857   18.0360
    7.5000   30.0000   45.0000 2470.2483   18.2350
   -7.5000   37.5000   45.0000 2344.3857   19.8573
    0.0000   37.5000   45.0000 2352.6433   19.6905
    7.5000   37.5000   45.0000 2334.1272   19.8846
   -7.5000   45.0000   45.0000 2176.5437   21.8111
    0.0000   45.0000   45.0000 2190.8867   21.7125
    7.5000   45.0000   45.0000 2169.7910   21.9431

---------------------------------------------------------------------
imgreg_4dfp /opt/freesurfer/average/711-2C_as_mni_average_305 /opt/freesurfer/average/711-2B_as_mni_average_305_mask talsrcimg_g11 none talsrcimg_to_711-2C_as_mni_average_305_t4 1283
---------------------------------------------------------------------

freesurfer imgreg_4dfp.c
/opt/freesurfer/average/711-2C_as_mni_average_305.4dfp.img
       256       256       256         1
  1.000000  1.000000  1.000000
orientation T byte_order littleendian
Reading image: /opt/freesurfer/average/711-2C_as_mni_average_305.4dfp.img
dimensions:      256       256       256
mmppix:       1.0000   -1.0000   -1.0000
center:     128.0000 -129.0000 -129.0000
/opt/freesurfer/average/711-2B_as_mni_average_305_mask.4dfp.img
       256       256       256         1
  1.000000  1.000000  1.000000
orientation T byte_order littleendian
Reading mask: /opt/freesurfer/average/711-2B_as_mni_average_305_mask.4dfp.img (2306576 pixels)
talsrcimg_g11.4dfp.img
       256       256       256         1
  1.000000  1.000000  1.000000
orientation T byte_order littleendian
Reading image: talsrcimg_g11.4dfp.img
dimensions:      256       256       256
mmppix:       1.0000   -1.0000   -1.0000
center:     128.0000 -129.0000 -129.0000
rotation matrix determinant  1.000000
fimgreg.f
image alignment mode   1283 decimal      503 hex
parameters
    0.0000   -7.5000   22.5000    0.0000    0.0000    0.0000
eta,q 0.93995 13.04411
niter,ni,del,rscale     5    3   12.0000    1.2000
parameter  2  0.812197 ->  0.500000 qaram    1.1500
parameter  4  1.632539 ->  0.500000 qaram    1.1500
parameters
   -1.6196  -10.9500   21.7171   -3.4500    1.6093   -0.6616
eta,q 0.95044 13.16686
  0.0650  0.0561  0.0602  0.0489  0.0598  0.0527
  0.0602  0.0540  0.0567  0.0499  0.0559  0.0508
  0.0586  0.0548  0.0550  0.0520  0.0526  0.0498
  0.0583  0.0581  0.0543  0.0544  0.0504  0.0496
  0.0621  0.0618  0.0557  0.0570  0.0495  0.0502
  0.0707  0.0643  0.0592  0.0600  0.0503  0.0519
  0.0807  0.0682  0.0649  0.0644  0.0538  0.0547
niter,ni,del,rscale     6    3   12.0000    1.2000
parameter  4  1.569113 ->  0.500000 qaram    1.3225
parameters
   -2.1042   -8.9587   21.1834   -7.4175    1.9145   -1.1570
eta,q 0.95694 13.19386
  0.0648  0.0673  0.0567  0.0407  0.0544  0.0481
  0.0550  0.0595  0.0511  0.0428  0.0492  0.0447
  0.0498  0.0531  0.0485  0.0449  0.0455  0.0430
  0.0496  0.0492  0.0483  0.0481  0.0434  0.0433
  0.0530  0.0483  0.0506  0.0521  0.0440  0.0445
  0.0599  0.0491  0.0539  0.0573  0.0472  0.0463
  0.0692  0.0548  0.0594  0.0625  0.0530  0.0494
niter,ni,del,rscale     6    3   12.0000    1.2000
parameter  4  0.787108 ->  0.500000 qaram    1.5209
parameters
   -2.2207   -7.7638   20.4703  -11.9801    1.7997   -0.4984
eta,q 0.96234 13.12972
  0.0636  0.0614  0.0506  0.0378  0.0491  0.0459
  0.0518  0.0542  0.0441  0.0373  0.0437  0.0425
  0.0437  0.0470  0.0419  0.0396  0.0391  0.0397
  0.0431  0.0429  0.0418  0.0417  0.0378  0.0378
  0.0472  0.0413  0.0438  0.0448  0.0395  0.0381
  0.0541  0.0445  0.0487  0.0506  0.0437  0.0400
  0.0634  0.0537  0.0551  0.0579  0.0503  0.0435
niter,ni,del,rscale     6    3   12.0000    1.2000
parameters
   -2.1949   -6.7141   19.7764  -13.0771    1.8366   -0.6443
eta,q 0.96393 13.09985
  0.0615  0.0624  0.0477  0.0462  0.0479  0.0431
  0.0494  0.0519  0.0411  0.0394  0.0426  0.0395
  0.0404  0.0421  0.0379  0.0359  0.0381  0.0369
  0.0377  0.0377  0.0370  0.0370  0.0361  0.0361
  0.0409  0.0372  0.0399  0.0399  0.0373  0.0374
  0.0495  0.0423  0.0464  0.0436  0.0416  0.0399
  0.0607  0.0519  0.0528  0.0509  0.0483  0.0438
niter,ni,del,rscale     5    3   12.0000    1.2000
parameters
   -2.2422   -6.3656   19.6537  -13.2900    1.9018   -0.6718
eta,q 0.96418 13.09051
  0.0603  0.0584  0.0503  0.0479  0.0477  0.0433
  0.0478  0.0470  0.0424  0.0412  0.0424  0.0395
  0.0387  0.0389  0.0378  0.0364  0.0379  0.0367
  0.0361  0.0361  0.0359  0.0360  0.0358  0.0358
  0.0398  0.0379  0.0381  0.0386  0.0370  0.0371
  0.0490  0.0455  0.0444  0.0421  0.0413  0.0396
  0.0603  0.0535  0.0507  0.0484  0.0480  0.0433
niter,ni,del,rscale     4    3   12.0000    1.2000
parameters
   -2.2551   -6.2625   19.6220  -13.3685    1.9210   -0.6777
eta,q 0.96424 13.08849
  0.0607  0.0568  0.0508  0.0481  0.0475  0.0433
  0.0479  0.0455  0.0427  0.0415  0.0422  0.0395
  0.0386  0.0382  0.0379  0.0366  0.0378  0.0367
  0.0358  0.0358  0.0358  0.0358  0.0358  0.0358
  0.0396  0.0387  0.0378  0.0383  0.0370  0.0370
  0.0488  0.0467  0.0441  0.0418  0.0413  0.0395
  0.0600  0.0540  0.0504  0.0480  0.0481  0.0433
niter,ni,del,rscale     3    3   12.0000    1.2000
parameters
   -2.2577   -6.2277   19.6111  -13.3974    1.9260   -0.6783
eta,q 0.96426 13.08786
  0.0608  0.0563  0.0510  0.0482  0.0475  0.0433
  0.0479  0.0450  0.0428  0.0416  0.0422  0.0395
  0.0385  0.0380  0.0379  0.0367  0.0377  0.0366
  0.0358  0.0358  0.0358  0.0358  0.0357  0.0357
  0.0395  0.0390  0.0378  0.0382  0.0370  0.0370
  0.0488  0.0471  0.0440  0.0417  0.0414  0.0395
  0.0600  0.0541  0.0504  0.0478  0.0482  0.0432
registration optimization eta report
parameter search radius
    6.0000    6.9000    6.0000    9.1253    6.0000    6.0000
100000*second partial in parameter space
       67.       40.       41.       14.       33.       21.
  0.0608  0.0563  0.0510  0.0482  0.0475  0.0433
  0.0479  0.0450  0.0428  0.0416  0.0422  0.0395
  0.0385  0.0380  0.0379  0.0367  0.0377  0.0366
  0.0358  0.0358  0.0358  0.0358  0.0357  0.0357
  0.0395  0.0390  0.0378  0.0382  0.0370  0.0370
  0.0488  0.0471  0.0440  0.0417  0.0414  0.0395
  0.0600  0.0541  0.0504  0.0478  0.0482  0.0432
   -2.2577   -6.2277   19.6111  -13.3974    1.9260   -0.6783
eta,q 0.96426 13.08786

---------------------------------------------------------------------
imgreg_4dfp /opt/freesurfer/average/711-2C_as_mni_average_305 /opt/freesurfer/average/711-2B_as_mni_average_305_mask talsrcimg_g11 none talsrcimg_to_711-2C_as_mni_average_305_t4 3335
---------------------------------------------------------------------

freesurfer imgreg_4dfp.c
/opt/freesurfer/average/711-2C_as_mni_average_305.4dfp.img
       256       256       256         1
  1.000000  1.000000  1.000000
orientation T byte_order littleendian
Reading image: /opt/freesurfer/average/711-2C_as_mni_average_305.4dfp.img
dimensions:      256       256       256
mmppix:       1.0000   -1.0000   -1.0000
center:     128.0000 -129.0000 -129.0000
/opt/freesurfer/average/711-2B_as_mni_average_305_mask.4dfp.img
       256       256       256         1
  1.000000  1.000000  1.000000
orientation T byte_order littleendian
Reading mask: /opt/freesurfer/average/711-2B_as_mni_average_305_mask.4dfp.img (2306576 pixels)
talsrcimg_g11.4dfp.img
       256       256       256         1
  1.000000  1.000000  1.000000
orientation T byte_order littleendian
Reading image: talsrcimg_g11.4dfp.img
dimensions:      256       256       256
mmppix:       1.0000   -1.0000   -1.0000
center:     128.0000 -129.0000 -129.0000
fimgreg.f
image alignment mode   3335 decimal      D07 hex
parameters
   -2.2577   -6.2277   19.6111   -0.0635   -2.7374   -2.7763
    1.9304   -2.9949   -1.1832   23.2075    3.3609  -23.1573
eta,q 0.96366 13.10405
niter,ni,del,rscale     5    3    5.0000    1.2000
parameter  4  1.095673 ->  0.500000 qaram    1.1500
parameter  5  0.992693 ->  0.500000 qaram    1.1500
parameter 12  0.599629 ->  0.500000 qaram    1.1500
parameters
   -2.4758   -6.2945   19.6173   -4.2035   -6.8774   -4.2818
    1.8257   -2.1623   -0.6114   20.9205    4.0701  -27.2973
eta,q 0.96988 12.88415
  0.0396  0.0390  0.0391  0.0321  0.0309  0.0329  0.0339  0.0366  0.0331  0.0318  0.0316  0.0304
  0.0377  0.0375  0.0376  0.0330  0.0302  0.0320  0.0322  0.0337  0.0319  0.0310  0.0311  0.0301
  0.0366  0.0366  0.0366  0.0342  0.0310  0.0312  0.0312  0.0317  0.0311  0.0307  0.0308  0.0302
  0.0363  0.0363  0.0363  0.0363  0.0333  0.0303  0.0308  0.0308  0.0308  0.0308  0.0307  0.0307
  0.0371  0.0367  0.0366  0.0392  0.0361  0.0306  0.0313  0.0310  0.0309  0.0316  0.0307  0.0314
  0.0387  0.0378  0.0376  0.0430  0.0390  0.0339  0.0324  0.0321  0.0315  0.0334  0.0309  0.0324
  0.0410  0.0393  0.0391  0.0475  0.0415  0.0398  0.0340  0.0345  0.0325  0.0363  0.0313  0.0336
niter,ni,del,rscale     7    3    5.0000    1.2000
parameter  4  0.674274 ->  0.500000 qaram    1.3225
parameters
   -2.2697   -5.7552   18.9275   -8.9645   -8.7616   -4.5504
    1.3918   -2.2283   -0.8889   22.1343    3.5265  -28.8442
eta,q 0.97156 12.51715
  0.0341  0.0348  0.0306  0.0285  0.0317  0.0299  0.0309  0.0318  0.0303  0.0311  0.0289  0.0298
  0.0320  0.0326  0.0300  0.0285  0.0300  0.0291  0.0296  0.0298  0.0293  0.0296  0.0287  0.0288
  0.0307  0.0310  0.0298  0.0290  0.0287  0.0287  0.0287  0.0288  0.0287  0.0287  0.0286  0.0285
  0.0301  0.0301  0.0299  0.0298  0.0286  0.0285  0.0285  0.0285  0.0285  0.0285  0.0285  0.0285
  0.0303  0.0299  0.0304  0.0311  0.0303  0.0281  0.0289  0.0289  0.0288  0.0286  0.0286  0.0290
  0.0312  0.0306  0.0312  0.0334  0.0333  0.0281  0.0300  0.0300  0.0295  0.0289  0.0288  0.0299
  0.0329  0.0319  0.0323  0.0369  0.0360  0.0313  0.0316  0.0318  0.0306  0.0296  0.0291  0.0310
niter,ni,del,rscale     7    3    5.0000    1.2000
parameters
   -2.1500   -5.0344   18.8376  -10.6726   -9.8555   -4.9823
    1.1977   -2.2599   -1.3674   23.3348    4.0936  -29.4229
eta,q 0.97197 12.34163
  0.0319  0.0329  0.0293  0.0301  0.0316  0.0293  0.0306  0.0313  0.0297  0.0303  0.0287  0.0297
  0.0301  0.0309  0.0287  0.0285  0.0300  0.0286  0.0292  0.0294  0.0287  0.0290  0.0284  0.0287
  0.0289  0.0294  0.0283  0.0279  0.0286  0.0282  0.0283  0.0284  0.0282  0.0282  0.0282  0.0281
  0.0284  0.0284  0.0281  0.0281  0.0279  0.0280  0.0280  0.0280  0.0280  0.0280  0.0281  0.0281
  0.0287  0.0281  0.0283  0.0289  0.0289  0.0277  0.0284  0.0284  0.0283  0.0282  0.0281  0.0284
  0.0297  0.0285  0.0288  0.0300  0.0316  0.0277  0.0294  0.0296  0.0291  0.0285  0.0282  0.0291
  0.0313  0.0296  0.0296  0.0322  0.0345  0.0309  0.0309  0.0312  0.0301  0.0290  0.0286  0.0301
niter,ni,del,rscale     6    3    5.0000    1.2000
parameters
   -2.1256   -4.5493   18.7016  -11.0534  -10.6931   -5.2151
    1.0922   -2.1033   -1.8799   24.8982    5.2662  -29.8241
eta,q 0.97201 12.28738
  0.0314  0.0316  0.0290  0.0309  0.0315  0.0293  0.0306  0.0313  0.0295  0.0300  0.0287  0.0296
  0.0295  0.0299  0.0284  0.0290  0.0300  0.0285  0.0292  0.0295  0.0286  0.0289  0.0284  0.0287
  0.0284  0.0287  0.0280  0.0280  0.0287  0.0281  0.0283  0.0284  0.0281  0.0282  0.0282  0.0281
  0.0280  0.0280  0.0279  0.0279  0.0279  0.0280  0.0280  0.0280  0.0280  0.0280  0.0280  0.0280
  0.0284  0.0279  0.0281  0.0286  0.0285  0.0277  0.0284  0.0283  0.0283  0.0281  0.0280  0.0283
  0.0295  0.0285  0.0286  0.0296  0.0309  0.0276  0.0293  0.0294  0.0290  0.0283  0.0281  0.0290
  0.0312  0.0296  0.0294  0.0311  0.0339  0.0305  0.0308  0.0310  0.0300  0.0287  0.0284  0.0299
niter,ni,del,rscale     5    3    5.0000    1.2000
parameters
   -2.0668   -4.0715   18.4666  -11.6711  -11.6518   -5.7891
    0.8848   -1.8208   -2.7861   26.6540    6.4969  -30.1994
eta,q 0.97217 12.19137
  0.0314  0.0312  0.0289  0.0307  0.0309  0.0291  0.0305  0.0314  0.0291  0.0298  0.0287  0.0294
  0.0295  0.0297  0.0283  0.0289  0.0296  0.0284  0.0291  0.0296  0.0284  0.0288  0.0284  0.0285
  0.0284  0.0286  0.0280  0.0279  0.0285  0.0280  0.0282  0.0285  0.0279  0.0281  0.0281  0.0280
  0.0280  0.0280  0.0279  0.0279  0.0278  0.0280  0.0279  0.0279  0.0279  0.0279  0.0279  0.0278
  0.0283  0.0279  0.0281  0.0286  0.0283  0.0278  0.0283  0.0282  0.0282  0.0279  0.0278  0.0281
  0.0294  0.0284  0.0286  0.0297  0.0305  0.0278  0.0293  0.0293  0.0289  0.0280  0.0280  0.0288
  0.0310  0.0294  0.0294  0.0312  0.0336  0.0306  0.0307  0.0309  0.0299  0.0285  0.0283  0.0296
niter,ni,del,rscale     4    3    5.0000    1.2000
parameters
   -1.9612   -3.4594   18.1444  -12.5090  -12.8911   -6.3963
    0.7819   -1.6032   -3.4706   28.1613    6.3815  -30.9476
eta,q 0.97243 12.06523
  0.0313  0.0310  0.0286  0.0305  0.0301  0.0288  0.0302  0.0312  0.0291  0.0297  0.0283  0.0289
  0.0295  0.0296  0.0280  0.0287  0.0290  0.0281  0.0288  0.0294  0.0282  0.0287  0.0279  0.0282
  0.0283  0.0285  0.0277  0.0276  0.0281  0.0277  0.0279  0.0282  0.0277  0.0280  0.0277  0.0277
  0.0278  0.0278  0.0276  0.0276  0.0275  0.0277  0.0277  0.0277  0.0277  0.0276  0.0276  0.0276
  0.0281  0.0276  0.0279  0.0285  0.0280  0.0276  0.0280  0.0280  0.0280  0.0276  0.0277  0.0279
  0.0291  0.0280  0.0285  0.0297  0.0301  0.0277  0.0290  0.0292  0.0287  0.0279  0.0280  0.0286
  0.0308  0.0290  0.0293  0.0313  0.0332  0.0302  0.0304  0.0308  0.0297  0.0285  0.0284  0.0294
niter,ni,del,rscale     3    3    5.0000    1.2000
parameters
   -1.8904   -2.8810   17.8431  -13.2189  -14.0148   -6.7564
    0.7847   -1.6012   -3.4228   29.3869    5.5095  -31.5904
eta,q 0.97256 11.96389
  0.0309  0.0307  0.0284  0.0305  0.0298  0.0288  0.0301  0.0309  0.0293  0.0297  0.0280  0.0287
  0.0291  0.0293  0.0279  0.0286  0.0287  0.0280  0.0287  0.0291  0.0283  0.0286  0.0277  0.0280
  0.0280  0.0282  0.0275  0.0275  0.0278  0.0276  0.0278  0.0279  0.0277  0.0278  0.0275  0.0275
  0.0276  0.0276  0.0274  0.0274  0.0273  0.0275  0.0275  0.0275  0.0275  0.0275  0.0275  0.0275
  0.0279  0.0274  0.0277  0.0283  0.0277  0.0274  0.0278  0.0279  0.0277  0.0275  0.0276  0.0277
  0.0289  0.0278  0.0282  0.0296  0.0296  0.0275  0.0287  0.0291  0.0283  0.0278  0.0279  0.0283
  0.0306  0.0287  0.0291  0.0312  0.0325  0.0298  0.0301  0.0308  0.0292  0.0285  0.0283  0.0290
niter,ni,del,rscale     2    3    5.0000    1.2000
parameters
   -1.9040   -2.4113   17.5360  -13.7347  -14.9240   -7.1855
    0.8273   -1.6931   -3.0625   30.2413    4.7500  -32.1206
eta,q 0.97260 11.87871
  0.0305  0.0302  0.0282  0.0307  0.0297  0.0287  0.0300  0.0308  0.0293  0.0296  0.0279  0.0285
  0.0288  0.0289  0.0277  0.0288  0.0286  0.0280  0.0286  0.0290  0.0283  0.0285  0.0276  0.0279
  0.0278  0.0280  0.0274  0.0276  0.0278  0.0275  0.0277  0.0278  0.0277  0.0277  0.0274  0.0275
  0.0274  0.0274  0.0273  0.0273  0.0273  0.0274  0.0274  0.0274  0.0274  0.0274  0.0274  0.0274
  0.0278  0.0274  0.0276  0.0282  0.0276  0.0274  0.0277  0.0279  0.0275  0.0275  0.0275  0.0276
  0.0289  0.0278  0.0281  0.0296  0.0292  0.0275  0.0286  0.0292  0.0281  0.0279  0.0278  0.0282
  0.0306  0.0287  0.0289  0.0311  0.0318  0.0298  0.0299  0.0310  0.0290  0.0288  0.0282  0.0288
niter,ni,del,rscale     1    3    5.0000    1.2000
parameters
   -1.9476   -2.0476   17.2604  -14.1019  -15.6010   -7.4930
    0.8412   -1.7644   -2.7987   30.7883    4.4039  -32.5671
eta,q 0.97261 11.81790
  0.0303  0.0298  0.0282  0.0309  0.0297  0.0288  0.0299  0.0308  0.0292  0.0296  0.0280  0.0285
  0.0287  0.0287  0.0277  0.0289  0.0286  0.0280  0.0286  0.0291  0.0282  0.0284  0.0276  0.0279
  0.0277  0.0278  0.0274  0.0276  0.0278  0.0275  0.0277  0.0278  0.0276  0.0277  0.0274  0.0275
  0.0274  0.0274  0.0273  0.0273  0.0273  0.0274  0.0274  0.0274  0.0274  0.0274  0.0274  0.0274
  0.0278  0.0274  0.0275  0.0281  0.0275  0.0274  0.0277  0.0278  0.0275  0.0275  0.0275  0.0276
  0.0289  0.0278  0.0280  0.0296  0.0289  0.0275  0.0286  0.0291  0.0281  0.0280  0.0277  0.0281
  0.0306  0.0288  0.0287  0.0311  0.0313  0.0296  0.0299  0.0310  0.0290  0.0290  0.0281  0.0287
registration optimization eta report
parameter search radius
    2.4000    2.4000    2.4000    9.5220    8.2800    7.2000
    7.2000    7.2000    7.2000    7.2000    7.2000    8.2800
100000*second partial in parameter space
       53.       33.       19.        4.        5.        4.
        5.        7.        3.        4.        1.        2.
  0.0303  0.0298  0.0282  0.0309  0.0297  0.0288  0.0299  0.0308  0.0292  0.0296  0.0280  0.0285
  0.0287  0.0287  0.0277  0.0289  0.0286  0.0280  0.0286  0.0291  0.0282  0.0284  0.0276  0.0279
  0.0277  0.0278  0.0274  0.0276  0.0278  0.0275  0.0277  0.0278  0.0276  0.0277  0.0274  0.0275
  0.0274  0.0274  0.0273  0.0273  0.0273  0.0274  0.0274  0.0274  0.0274  0.0274  0.0274  0.0274
  0.0278  0.0274  0.0275  0.0281  0.0275  0.0274  0.0277  0.0278  0.0275  0.0275  0.0275  0.0276
  0.0289  0.0278  0.0280  0.0296  0.0289  0.0275  0.0286  0.0291  0.0281  0.0280  0.0277  0.0281
  0.0306  0.0288  0.0287  0.0311  0.0313  0.0296  0.0299  0.0310  0.0290  0.0290  0.0281  0.0287
   -1.9476   -2.0476   17.2604  -14.1019  -15.6010   -7.4930
    0.8412   -1.7644   -2.7987   30.7883    4.4039  -32.5671
eta,q 0.97261 11.81790

---------------------------------------------------------------------
imgreg_4dfp /opt/freesurfer/average/711-2C_as_mni_average_305 /opt/freesurfer/average/711-2B_as_mni_average_305_mask talsrcimg_g11 none talsrcimg_to_711-2C_as_mni_average_305_t4 2311
---------------------------------------------------------------------

freesurfer imgreg_4dfp.c
/opt/freesurfer/average/711-2C_as_mni_average_305.4dfp.img
       256       256       256         1
  1.000000  1.000000  1.000000
orientation T byte_order littleendian
Reading image: /opt/freesurfer/average/711-2C_as_mni_average_305.4dfp.img
dimensions:      256       256       256
mmppix:       1.0000   -1.0000   -1.0000
center:     128.0000 -129.0000 -129.0000
/opt/freesurfer/average/711-2B_as_mni_average_305_mask.4dfp.img
       256       256       256         1
  1.000000  1.000000  1.000000
orientation T byte_order littleendian
Reading mask: /opt/freesurfer/average/711-2B_as_mni_average_305_mask.4dfp.img (2306576 pixels)
talsrcimg_g11.4dfp.img
       256       256       256         1
  1.000000  1.000000  1.000000
orientation T byte_order littleendian
Reading image: talsrcimg_g11.4dfp.img
dimensions:      256       256       256
mmppix:       1.0000   -1.0000   -1.0000
center:     128.0000 -129.0000 -129.0000
fimgreg.f
image alignment mode   2311 decimal      907 hex
parameters
   -1.9476   -2.0476   17.2604  -14.1019  -15.6010   -7.4930
    0.8412   -1.7644   -2.7987   30.7883    4.4039  -32.5671
eta,q 0.97261 11.81789
niter,ni,del,rscale     5    3    5.0000    0.8000
parameters
   -1.9761   -1.7361   17.1489  -14.5757  -15.2291   -6.1963
    0.8441   -1.8178   -2.7087   31.5374    4.2864  -33.4057
eta,q 0.97271 11.89629
  0.0287  0.0285  0.0278  0.0283  0.0285  0.0279  0.0285  0.0289  0.0281  0.0285  0.0275  0.0276
  0.0280  0.0280  0.0275  0.0277  0.0280  0.0276  0.0278  0.0280  0.0277  0.0279  0.0274  0.0274
  0.0275  0.0276  0.0274  0.0274  0.0276  0.0274  0.0274  0.0275  0.0274  0.0275  0.0273  0.0273
  0.0274  0.0274  0.0273  0.0274  0.0273  0.0273  0.0273  0.0273  0.0273  0.0273  0.0273  0.0273
  0.0276  0.0274  0.0274  0.0276  0.0273  0.0273  0.0275  0.0275  0.0274  0.0273  0.0273  0.0274
  0.0280  0.0275  0.0276  0.0281  0.0276  0.0273  0.0279  0.0281  0.0277  0.0275  0.0274  0.0276
  0.0288  0.0279  0.0279  0.0288  0.0283  0.0275  0.0285  0.0290  0.0281  0.0279  0.0275  0.0279
niter,ni,del,rscale     4    3    5.0000    0.7000
parameters
   -1.9301   -1.9303   16.8350  -14.4447  -14.9400   -6.6437
    0.7915   -1.7982   -2.6241   31.8625    4.3559  -33.8137
eta,q 0.97273 11.91397
  0.0284  0.0278  0.0275  0.0282  0.0281  0.0275  0.0282  0.0285  0.0279  0.0279  0.0274  0.0275
  0.0278  0.0275  0.0273  0.0277  0.0277  0.0274  0.0277  0.0279  0.0276  0.0276  0.0273  0.0274
  0.0274  0.0273  0.0273  0.0274  0.0275  0.0273  0.0274  0.0274  0.0274  0.0274  0.0273  0.0273
  0.0273  0.0273  0.0273  0.0273  0.0273  0.0272  0.0273  0.0273  0.0273  0.0273  0.0273  0.0273
  0.0274  0.0274  0.0274  0.0273  0.0272  0.0271  0.0274  0.0274  0.0273  0.0273  0.0273  0.0273
  0.0277  0.0277  0.0275  0.0276  0.0275  0.0273  0.0277  0.0278  0.0275  0.0274  0.0273  0.0274
  0.0283  0.0282  0.0277  0.0281  0.0280  0.0280  0.0282  0.0285  0.0279  0.0278  0.0274  0.0276
niter,ni,del,rscale     3    3    5.0000    0.6000
parameters
   -1.9189   -1.9566   16.7446  -14.4779  -14.7310   -5.8801
    0.7899   -1.8398   -2.6256   32.2544    4.5142  -34.3852
eta,q 0.97285 11.97880
  0.0280  0.0277  0.0275  0.0279  0.0279  0.0275  0.0278  0.0281  0.0276  0.0277  0.0273  0.0273
  0.0276  0.0275  0.0274  0.0276  0.0276  0.0274  0.0275  0.0276  0.0274  0.0275  0.0272  0.0272
  0.0274  0.0273  0.0273  0.0273  0.0274  0.0273  0.0272  0.0273  0.0272  0.0273  0.0272  0.0271
  0.0273  0.0273  0.0273  0.0273  0.0273  0.0273  0.0272  0.0272  0.0272  0.0272  0.0272  0.0272
  0.0274  0.0273  0.0273  0.0273  0.0272  0.0271  0.0273  0.0273  0.0272  0.0272  0.0272  0.0272
  0.0276  0.0275  0.0274  0.0276  0.0274  0.0271  0.0275  0.0276  0.0274  0.0273  0.0272  0.0273
  0.0280  0.0278  0.0276  0.0279  0.0279  0.0275  0.0278  0.0281  0.0276  0.0276  0.0272  0.0274
niter,ni,del,rscale     2    3    5.0000    0.5000
parameters
   -1.8900   -2.1117   16.5561  -14.3602  -14.3089   -5.9054
    0.7940   -1.8213   -2.6320   32.4800    4.3896  -34.7803
eta,q 0.97292 12.01853
  0.0277  0.0274  0.0273  0.0276  0.0276  0.0275  0.0276  0.0278  0.0274  0.0275  0.0272  0.0272
  0.0274  0.0272  0.0272  0.0273  0.0274  0.0274  0.0273  0.0274  0.0272  0.0273  0.0271  0.0271
  0.0272  0.0271  0.0271  0.0272  0.0272  0.0272  0.0272  0.0272  0.0271  0.0272  0.0271  0.0271
  0.0271  0.0271  0.0271  0.0271  0.0271  0.0271  0.0271  0.0271  0.0271  0.0271  0.0271  0.0271
  0.0272  0.0272  0.0272  0.0272  0.0271  0.0270  0.0272  0.0272  0.0271  0.0271  0.0271  0.0271
  0.0273  0.0274  0.0273  0.0273  0.0272  0.0272  0.0273  0.0274  0.0272  0.0272  0.0271  0.0272
  0.0276  0.0276  0.0274  0.0275  0.0275  0.0277  0.0276  0.0277  0.0274  0.0274  0.0272  0.0273
niter,ni,del,rscale     1    3    5.0000    0.4000
parameters
   -1.8795   -2.2195   16.4680  -14.3175  -13.9787   -5.6459
    0.8034   -1.7921   -2.5644   32.5414    4.3963  -35.0118
eta,q 0.97298 12.05428
  0.0274  0.0273  0.0272  0.0274  0.0274  0.0274  0.0273  0.0275  0.0273  0.0273  0.0271  0.0271
  0.0272  0.0272  0.0271  0.0272  0.0273  0.0273  0.0272  0.0272  0.0271  0.0272  0.0270  0.0271
  0.0271  0.0271  0.0271  0.0271  0.0272  0.0272  0.0271  0.0271  0.0271  0.0271  0.0270  0.0270
  0.0271  0.0271  0.0271  0.0271  0.0271  0.0271  0.0270  0.0270  0.0270  0.0270  0.0270  0.0270
  0.0271  0.0271  0.0271  0.0271  0.0271  0.0270  0.0271  0.0271  0.0271  0.0270  0.0270  0.0271
  0.0272  0.0272  0.0272  0.0272  0.0271  0.0271  0.0272  0.0272  0.0271  0.0271  0.0271  0.0271
  0.0274  0.0274  0.0273  0.0273  0.0273  0.0274  0.0273  0.0274  0.0272  0.0273  0.0271  0.0272
registration optimization eta report
parameter search radius
    0.8000    0.8000    0.8000    2.4000    2.4000    2.4000
    2.4000    2.4000    2.4000    2.4000    2.4000    2.4000
100000*second partial in parameter space
       54.       38.       25.        5.        5.        6.
        5.        7.        4.        5.        1.        2.
  0.0274  0.0273  0.0272  0.0274  0.0274  0.0274  0.0273  0.0275  0.0273  0.0273  0.0271  0.0271
  0.0272  0.0272  0.0271  0.0272  0.0273  0.0273  0.0272  0.0272  0.0271  0.0272  0.0270  0.0271
  0.0271  0.0271  0.0271  0.0271  0.0272  0.0272  0.0271  0.0271  0.0271  0.0271  0.0270  0.0270
  0.0271  0.0271  0.0271  0.0271  0.0271  0.0271  0.0270  0.0270  0.0270  0.0270  0.0270  0.0270
  0.0271  0.0271  0.0271  0.0271  0.0271  0.0270  0.0271  0.0271  0.0271  0.0270  0.0270  0.0271
  0.0272  0.0272  0.0272  0.0272  0.0271  0.0271  0.0272  0.0272  0.0271  0.0271  0.0271  0.0271
  0.0274  0.0274  0.0273  0.0273  0.0273  0.0274  0.0273  0.0274  0.0272  0.0273  0.0271  0.0272
   -1.8795   -2.2195   16.4680  -14.3175  -13.9787   -5.6459
    0.8034   -1.7921   -2.5644   32.5414    4.3963  -35.0118
eta,q 0.97298 12.05428

---------------------------------------------------------------------
imgreg_4dfp /opt/freesurfer/average/711-2C_as_mni_average_305 /opt/freesurfer/average/711-2B_as_mni_average_305_mask talsrcimg_g11 none talsrcimg_to_711-2C_as_mni_average_305_t4 2311
---------------------------------------------------------------------

freesurfer imgreg_4dfp.c
/opt/freesurfer/average/711-2C_as_mni_average_305.4dfp.img
       256       256       256         1
  1.000000  1.000000  1.000000
orientation T byte_order littleendian
Reading image: /opt/freesurfer/average/711-2C_as_mni_average_305.4dfp.img
dimensions:      256       256       256
mmppix:       1.0000   -1.0000   -1.0000
center:     128.0000 -129.0000 -129.0000
/opt/freesurfer/average/711-2B_as_mni_average_305_mask.4dfp.img
       256       256       256         1
  1.000000  1.000000  1.000000
orientation T byte_order littleendian
Reading mask: /opt/freesurfer/average/711-2B_as_mni_average_305_mask.4dfp.img (2306576 pixels)
talsrcimg_g11.4dfp.img
       256       256       256         1
  1.000000  1.000000  1.000000
orientation T byte_order littleendian
Reading image: talsrcimg_g11.4dfp.img
dimensions:      256       256       256
mmppix:       1.0000   -1.0000   -1.0000
center:     128.0000 -129.0000 -129.0000
fimgreg.f
image alignment mode   2311 decimal      907 hex
parameters
   -1.8795   -2.2195   16.4680  -14.3175  -13.9787   -5.6459
    0.8034   -1.7921   -2.5644   32.5414    4.3963  -35.0118
eta,q 0.97298 12.05427
niter,ni,del,rscale     5    3    5.0000    0.8000
parameters
   -1.8749   -2.3369   16.5705  -14.1027  -14.5426   -6.6623
    0.8098   -1.7676   -2.5855   32.1183    4.2109  -34.1177
eta,q 0.97274 11.97266
  0.0284  0.0279  0.0279  0.0281  0.0279  0.0277  0.0284  0.0289  0.0280  0.0279  0.0275  0.0279
  0.0276  0.0274  0.0274  0.0275  0.0276  0.0276  0.0278  0.0279  0.0276  0.0275  0.0273  0.0276
  0.0272  0.0271  0.0271  0.0272  0.0272  0.0274  0.0274  0.0274  0.0273  0.0273  0.0273  0.0274
  0.0270  0.0270  0.0270  0.0270  0.0270  0.0271  0.0272  0.0272  0.0272  0.0272  0.0273  0.0273
  0.0272  0.0272  0.0271  0.0271  0.0271  0.0272  0.0274  0.0274  0.0273  0.0273  0.0273  0.0273
  0.0276  0.0276  0.0273  0.0275  0.0277  0.0280  0.0278  0.0280  0.0276  0.0276  0.0274  0.0274
  0.0284  0.0282  0.0276  0.0279  0.0289  0.0296  0.0284  0.0288  0.0280  0.0283  0.0275  0.0275
niter,ni,del,rscale     4    3    5.0000    0.7000
parameters
   -1.9075   -2.1050   16.6268  -14.3880  -14.6533   -6.5905
    0.7852   -1.8061   -2.5962   32.1273    4.3920  -34.1427
eta,q 0.97277 11.94901
  0.0283  0.0281  0.0276  0.0280  0.0280  0.0276  0.0281  0.0284  0.0278  0.0278  0.0274  0.0276
  0.0277  0.0277  0.0274  0.0275  0.0277  0.0275  0.0276  0.0278  0.0275  0.0275  0.0273  0.0274
  0.0274  0.0274  0.0273  0.0273  0.0274  0.0274  0.0273  0.0274  0.0273  0.0273  0.0273  0.0273
  0.0273  0.0273  0.0272  0.0272  0.0272  0.0272  0.0272  0.0272  0.0272  0.0272  0.0272  0.0272
  0.0274  0.0273  0.0273  0.0274  0.0273  0.0271  0.0273  0.0274  0.0273  0.0272  0.0272  0.0273
  0.0278  0.0274  0.0274  0.0277  0.0276  0.0272  0.0277  0.0278  0.0275  0.0274  0.0273  0.0274
  0.0284  0.0277  0.0276  0.0282  0.0283  0.0279  0.0281  0.0285  0.0278  0.0279  0.0274  0.0275
niter,ni,del,rscale     3    3    5.0000    0.6000
parameters
   -1.9098   -2.0632   16.6175  -14.4338  -14.5557   -6.0844
    0.8063   -1.8336   -2.6061   32.3429    4.3811  -34.5032
eta,q 0.97286 11.98577
  0.0280  0.0278  0.0275  0.0278  0.0278  0.0275  0.0278  0.0281  0.0276  0.0277  0.0273  0.0273
  0.0276  0.0275  0.0273  0.0275  0.0276  0.0274  0.0275  0.0275  0.0274  0.0274  0.0272  0.0272
  0.0273  0.0273  0.0273  0.0273  0.0274  0.0274  0.0272  0.0272  0.0272  0.0273  0.0272  0.0271
  0.0272  0.0272  0.0272  0.0272  0.0272  0.0272  0.0272  0.0272  0.0272  0.0272  0.0271  0.0271
  0.0273  0.0273  0.0273  0.0273  0.0272  0.0271  0.0272  0.0273  0.0272  0.0271  0.0272  0.0272
  0.0276  0.0274  0.0274  0.0275  0.0274  0.0271  0.0275  0.0276  0.0274  0.0273  0.0272  0.0273
  0.0280  0.0277  0.0275  0.0279  0.0279  0.0276  0.0278  0.0281  0.0276  0.0276  0.0273  0.0274
niter,ni,del,rscale     2    3    5.0000    0.5000
parameters
   -1.8917   -2.1394   16.5156  -14.3560  -14.2735   -5.9287
    0.7972   -1.8240   -2.5927   32.4988    4.3441  -34.8007
eta,q 0.97292 12.02046
  0.0277  0.0274  0.0273  0.0276  0.0276  0.0275  0.0276  0.0277  0.0274  0.0275  0.0272  0.0272
  0.0274  0.0273  0.0272  0.0273  0.0274  0.0274  0.0273  0.0274  0.0272  0.0273  0.0271  0.0271
  0.0272  0.0272  0.0271  0.0272  0.0272  0.0273  0.0271  0.0272  0.0271  0.0272  0.0271  0.0271
  0.0271  0.0271  0.0271  0.0271  0.0271  0.0271  0.0271  0.0271  0.0271  0.0271  0.0271  0.0271
  0.0272  0.0272  0.0272  0.0272  0.0271  0.0270  0.0272  0.0272  0.0271  0.0271  0.0271  0.0271
  0.0274  0.0273  0.0273  0.0273  0.0272  0.0272  0.0273  0.0274  0.0272  0.0272  0.0271  0.0272
  0.0276  0.0276  0.0274  0.0275  0.0275  0.0276  0.0276  0.0277  0.0274  0.0275  0.0272  0.0273
niter,ni,del,rscale     1    3    5.0000    0.4000
parameters
   -1.8805   -2.2237   16.4569  -14.3137  -13.9589   -5.6492
    0.7909   -1.7899   -2.5592   32.5398    4.4353  -35.0228
eta,q 0.97297 12.05548
  0.0274  0.0273  0.0272  0.0274  0.0275  0.0274  0.0273  0.0275  0.0272  0.0273  0.0271  0.0271
  0.0272  0.0272  0.0271  0.0272  0.0273  0.0273  0.0272  0.0272  0.0271  0.0272  0.0271  0.0271
  0.0271  0.0271  0.0271  0.0271  0.0272  0.0272  0.0271  0.0271  0.0271  0.0271  0.0270  0.0270
  0.0271  0.0271  0.0271  0.0271  0.0271  0.0271  0.0270  0.0270  0.0270  0.0270  0.0270  0.0270
  0.0271  0.0271  0.0271  0.0271  0.0271  0.0270  0.0271  0.0271  0.0270  0.0270  0.0270  0.0271
  0.0272  0.0272  0.0272  0.0272  0.0271  0.0271  0.0272  0.0272  0.0271  0.0271  0.0271  0.0271
  0.0274  0.0274  0.0273  0.0273  0.0273  0.0274  0.0273  0.0274  0.0272  0.0273  0.0271  0.0272
registration optimization eta report
parameter search radius
    0.8000    0.8000    0.8000    2.4000    2.4000    2.4000
    2.4000    2.4000    2.4000    2.4000    2.4000    2.4000
100000*second partial in parameter space
       53.       38.       25.        5.        5.        6.
        5.        7.        4.        5.        1.        2.
  0.0274  0.0273  0.0272  0.0274  0.0275  0.0274  0.0273  0.0275  0.0272  0.0273  0.0271  0.0271
  0.0272  0.0272  0.0271  0.0272  0.0273  0.0273  0.0272  0.0272  0.0271  0.0272  0.0271  0.0271
  0.0271  0.0271  0.0271  0.0271  0.0272  0.0272  0.0271  0.0271  0.0271  0.0271  0.0270  0.0270
  0.0271  0.0271  0.0271  0.0271  0.0271  0.0271  0.0270  0.0270  0.0270  0.0270  0.0270  0.0270
  0.0271  0.0271  0.0271  0.0271  0.0271  0.0270  0.0271  0.0271  0.0270  0.0270  0.0270  0.0271
  0.0272  0.0272  0.0272  0.0272  0.0271  0.0271  0.0272  0.0272  0.0271  0.0271  0.0271  0.0271
  0.0274  0.0274  0.0273  0.0273  0.0273  0.0274  0.0273  0.0274  0.0272  0.0273  0.0271  0.0272
   -1.8805   -2.2237   16.4569  -14.3137  -13.9589   -5.6492
    0.7909   -1.7899   -2.5592   32.5398    4.4353  -35.0228
eta,q 0.97297 12.05548

---------------------------------------------------------------------
compute_vox2vox talsrcimg talsrcimg_to_711-2C_as_mni_average_305_t4 /opt/freesurfer/average/711-2C_as_mni_average_305
---------------------------------------------------------------------

freesurfer compute_vox2vox.c
Reading: talsrcimg.4dfp.ifh
Reading: talsrcimg_to_711-2C_as_mni_average_305_t4
Reading: /opt/freesurfer/average/711-2C_as_mni_average_305.4dfp.ifh
Writing: talsrcimg_to_711-2C_as_mni_average_305_t4_vox2vox.txt

start time Thu Mar 12 16:05:28 CET 2026
end		time Thu Mar 12 16:06:53 CET 2026

mpr2mni305 success

avi2talxfm orig_nu.mgz /opt/freesurfer/average/mni305.cor.mgz talsrcimg_to_711-2C_as_mni_average_305_t4_vox2vox.txt transforms/talairach.auto.xfm
avi2talxfm done
mv -f /out/sourcedata/freesurfer/sub-v1s23x0050555_ses-1/mri/talsrcimg_to_711-2C_as_mni_average_305_t4_vox2vox.txt /out/sourcedata/freesurfer/sub-v1s23x0050555_ses-1/mri/transforms/talsrcimg_to_711-2C_as_mni_average_305_t4_vox2vox.txt
lta_convert --src orig_nu.mgz --trg /opt/freesurfer/average/mni305.cor.mgz --inxfm transforms/talairach.auto.xfm --outlta transforms/talairach.auto.xfm.lta --subject fsaverage
7.3.2

--src: orig_nu.mgz src image (geometry).
--trg: /opt/freesurfer/average/mni305.cor.mgz trg image (geometry).
--inmni: transforms/talairach.auto.xfm input MNI/XFM transform.
--outlta: transforms/talairach.auto.xfm.lta output LTA.
--s: fsaverage subject name
 LTA read, type : 1
 1.16583   0.02263  -0.00150  -28.63474;
-0.03677   0.92869   0.37836   25.17968;
 0.04858  -0.35055   1.01910  -22.76677;
 0.00000   0.00000   0.00000   1.00000;
setting subject to fsaverage
Writing  LTA to file transforms/talairach.auto.xfm.lta...
lta_convert successful.
 
 
Started at Thu Mar 12 16:05:28 CET 2026
Ended   at Thu Mar 12 16:06:54 CET 2026
talairach_avi done
