status file for recon-all
Mon Mar  9 20:26:32 CET 2026
#@# Tessellate lh Mon Mar  9 20:26:32 CET 2026
#@# Smooth1 lh Mon Mar  9 20:26:35 CET 2026
#@# Inflation1 lh Mon Mar  9 20:26:37 CET 2026
#@# QSphere lh Mon Mar  9 20:26:48 CET 2026
#@# Fix Topology lh Mon Mar  9 20:27:45 CET 2026
#@# Smooth2 lh Mon Mar  9 20:32:57 CET 2026
#@# Inflation2 lh Mon Mar  9 20:33:00 CET 2026
#@# Curv .H and .K lh Mon Mar  9 20:33:11 CET 2026
#@# Sphere lh Mon Mar  9 20:33:50 CET 2026
#@# Surf Reg lh Mon Mar  9 20:37:04 CET 2026
#@# Jacobian white lh Mon Mar  9 20:40:11 CET 2026
#@# AvgCurv lh Mon Mar  9 20:40:11 CET 2026
#@# Cortical Parc lh Mon Mar  9 20:40:12 CET 2026
#@# white curv lh Mon Mar  9 20:45:29 CET 2026
#@# white area lh Mon Mar  9 20:45:31 CET 2026
#@# pial curv lh Mon Mar  9 20:45:31 CET 2026
#@# pial area lh Mon Mar  9 20:45:33 CET 2026
#@# thickness lh Mon Mar  9 20:45:33 CET 2026
#@# area and vertex vol lh Mon Mar  9 20:45:57 CET 2026
#@# Curvature Stats lh Mon Mar  9 20:45:58 CET 2026
#@# Cortical Parc 2 lh Mon Mar  9 20:46:00 CET 2026
#@# Cortical Parc 3 lh Mon Mar  9 20:46:11 CET 2026
#@# WM/GM Contrast lh Mon Mar  9 20:46:20 CET 2026
recon-all -s sub-v1s23x0050568_ses-1 finished without error at Mon Mar  9 20:46:22 CET 2026



#New# invocation of recon-all 



status file for recon-all
Mon Mar  9 21:12:26 CET 2026
#@# white curv lh Mon Mar  9 21:12:26 CET 2026
#@# white area lh Mon Mar  9 21:12:26 CET 2026
#@# pial curv lh Mon Mar  9 21:12:26 CET 2026
#@# pial area lh Mon Mar  9 21:12:26 CET 2026
#@# thickness lh Mon Mar  9 21:12:26 CET 2026
#@# area and vertex vol lh Mon Mar  9 21:12:26 CET 2026
#@# Parcellation Stats lh Mon Mar  9 21:12:26 CET 2026
#@# Parcellation Stats 2 lh Mon Mar  9 21:12:40 CET 2026
#@# Parcellation Stats 3 lh Mon Mar  9 21:12:47 CET 2026
#@# BA_exvivo Labels lh Mon Mar  9 21:12:54 CET 2026
recon-all -s sub-v1s23x0050568_ses-1 finished without error at Mon Mar  9 21:15:05 CET 2026
