status file for recon-all
Mon Mar  9 20:46:24 CET 2026
#@# Tessellate rh Mon Mar  9 20:46:24 CET 2026
#@# Smooth1 rh Mon Mar  9 20:46:28 CET 2026
#@# Inflation1 rh Mon Mar  9 20:46:30 CET 2026
#@# QSphere rh Mon Mar  9 20:46:41 CET 2026
#@# Fix Topology rh Mon Mar  9 20:47:38 CET 2026
#@# Smooth2 rh Mon Mar  9 20:55:25 CET 2026
#@# Inflation2 rh Mon Mar  9 20:55:27 CET 2026
#@# Curv .H and .K rh Mon Mar  9 20:55:39 CET 2026
#@# Sphere rh Mon Mar  9 20:56:18 CET 2026
#@# Surf Reg rh Mon Mar  9 20:59:23 CET 2026
#@# Jacobian white rh Mon Mar  9 21:02:37 CET 2026
#@# AvgCurv rh Mon Mar  9 21:02:37 CET 2026
#@# Cortical Parc rh Mon Mar  9 21:02:38 CET 2026
#@# white curv rh Mon Mar  9 21:08:00 CET 2026
#@# white area rh Mon Mar  9 21:08:02 CET 2026
#@# pial curv rh Mon Mar  9 21:08:02 CET 2026
#@# pial area rh Mon Mar  9 21:08:03 CET 2026
#@# thickness rh Mon Mar  9 21:08:04 CET 2026
#@# area and vertex vol rh Mon Mar  9 21:08:29 CET 2026
#@# Curvature Stats rh Mon Mar  9 21:08:30 CET 2026
#@# Cortical Parc 2 rh Mon Mar  9 21:08:32 CET 2026
#@# Cortical Parc 3 rh Mon Mar  9 21:08:43 CET 2026
#@# WM/GM Contrast rh Mon Mar  9 21:08:52 CET 2026
recon-all -s sub-v1s23x0050568_ses-1 finished without error at Mon Mar  9 21:08:55 CET 2026



#New# invocation of recon-all 



status file for recon-all
Mon Mar  9 21:15:06 CET 2026
#@# white curv rh Mon Mar  9 21:15:06 CET 2026
#@# white area rh Mon Mar  9 21:15:06 CET 2026
#@# pial curv rh Mon Mar  9 21:15:06 CET 2026
#@# pial area rh Mon Mar  9 21:15:06 CET 2026
#@# thickness rh Mon Mar  9 21:15:06 CET 2026
#@# area and vertex vol rh Mon Mar  9 21:15:06 CET 2026
#@# Parcellation Stats rh Mon Mar  9 21:15:06 CET 2026
#@# Parcellation Stats 2 rh Mon Mar  9 21:15:20 CET 2026
#@# Parcellation Stats 3 rh Mon Mar  9 21:15:27 CET 2026
#@# BA_exvivo Labels rh Mon Mar  9 21:15:34 CET 2026
recon-all -s sub-v1s23x0050568_ses-1 finished without error at Mon Mar  9 21:17:46 CET 2026
