status file for recon-all
Mon Mar  9 18:43:02 CET 2026
#@# MotionCor Mon Mar  9 18:43:03 CET 2026
#@# Talairach Mon Mar  9 18:43:11 CET 2026
#@# Talairach Failure Detection Mon Mar  9 18:47:38 CET 2026
#@# Nu Intensity Correction Mon Mar  9 18:47:38 CET 2026
#@# Intensity Normalization Mon Mar  9 18:50:54 CET 2026
recon-all -s sub-v1s23x0050568_ses-1 finished without error at Mon Mar  9 18:52:29 CET 2026



#New# invocation of recon-all 



status file for recon-all
Mon Mar  9 18:59:35 CET 2026
#@# EM Registration Mon Mar  9 18:59:35 CET 2026
recon-all -s sub-v1s23x0050568_ses-1 finished without error at Mon Mar  9 19:02:31 CET 2026



#New# invocation of recon-all 



status file for recon-all
Mon Mar  9 19:02:34 CET 2026
#@# CA Normalize Mon Mar  9 19:02:34 CET 2026
#@# CA Reg Mon Mar  9 19:03:58 CET 2026
#@# SubCort Seg Mon Mar  9 19:54:43 CET 2026
#@# CC Seg Mon Mar  9 20:20:46 CET 2026
#@# Merge ASeg Mon Mar  9 20:21:18 CET 2026
#@# Intensity Normalization2 Mon Mar  9 20:21:18 CET 2026
#@# Mask BFS Mon Mar  9 20:23:34 CET 2026
#@# WM Segmentation Mon Mar  9 20:23:34 CET 2026
#@# Fill Mon Mar  9 20:25:25 CET 2026
recon-all -s sub-v1s23x0050568_ses-1 finished without error at Mon Mar  9 20:26:25 CET 2026



#New# invocation of recon-all 



status file for recon-all
Mon Mar  9 21:08:58 CET 2026
#@# white curv lh Mon Mar  9 21:08:58 CET 2026
#@# white area lh Mon Mar  9 21:08:58 CET 2026
#@# pial curv lh Mon Mar  9 21:08:58 CET 2026
#@# pial area lh Mon Mar  9 21:08:58 CET 2026
#@# thickness lh Mon Mar  9 21:08:58 CET 2026
#@# area and vertex vol lh Mon Mar  9 21:08:58 CET 2026
#@# white curv rh Mon Mar  9 21:08:58 CET 2026
#@# white area rh Mon Mar  9 21:08:58 CET 2026
#@# pial curv rh Mon Mar  9 21:08:58 CET 2026
#@# pial area rh Mon Mar  9 21:08:58 CET 2026
#@# thickness rh Mon Mar  9 21:08:58 CET 2026
#@# area and vertex vol rh Mon Mar  9 21:08:58 CET 2026
#@# Cortical ribbon mask Mon Mar  9 21:08:58 CET 2026
recon-all -s sub-v1s23x0050568_ses-1 finished without error at Mon Mar  9 21:12:21 CET 2026



#New# invocation of recon-all 



status file for recon-all
Mon Mar  9 21:17:51 CET 2026
#@# white curv lh Mon Mar  9 21:17:51 CET 2026
#@# white area lh Mon Mar  9 21:17:51 CET 2026
#@# pial curv lh Mon Mar  9 21:17:51 CET 2026
#@# pial area lh Mon Mar  9 21:17:51 CET 2026
#@# thickness lh Mon Mar  9 21:17:51 CET 2026
#@# area and vertex vol lh Mon Mar  9 21:17:51 CET 2026
#@# white curv rh Mon Mar  9 21:17:51 CET 2026
#@# white area rh Mon Mar  9 21:17:51 CET 2026
#@# pial curv rh Mon Mar  9 21:17:51 CET 2026
#@# pial area rh Mon Mar  9 21:17:51 CET 2026
#@# thickness rh Mon Mar  9 21:17:51 CET 2026
#@# area and vertex vol rh Mon Mar  9 21:17:51 CET 2026
#@# Curvature Stats lh Mon Mar  9 21:17:51 CET 2026
#@# Curvature Stats rh Mon Mar  9 21:17:53 CET 2026
#@# Relabel Hypointensities Mon Mar  9 21:17:55 CET 2026
#@# APas-to-ASeg Mon Mar  9 21:18:09 CET 2026
#@# AParc-to-ASeg aparc Mon Mar  9 21:18:16 CET 2026
#@# AParc-to-ASeg aparc.a2009s Mon Mar  9 21:18:48 CET 2026
#@# AParc-to-ASeg aparc.DKTatlas Mon Mar  9 21:19:13 CET 2026
#@# WMParc Mon Mar  9 21:19:39 CET 2026
#@# ASeg Stats Mon Mar  9 21:23:41 CET 2026
recon-all -s sub-v1s23x0050568_ses-1 finished without error at Mon Mar  9 21:24:20 CET 2026
