status file for recon-all
Mon Mar  9 21:37:52 CET 2026
#@# Tessellate lh Mon Mar  9 21:37:52 CET 2026
#@# Smooth1 lh Mon Mar  9 21:37:55 CET 2026
#@# Inflation1 lh Mon Mar  9 21:37:57 CET 2026
#@# QSphere lh Mon Mar  9 21:38:10 CET 2026
#@# Fix Topology lh Mon Mar  9 21:39:19 CET 2026
#@# Smooth2 lh Mon Mar  9 21:46:53 CET 2026
#@# Inflation2 lh Mon Mar  9 21:46:56 CET 2026
#@# Curv .H and .K lh Mon Mar  9 21:47:09 CET 2026
#@# Sphere lh Mon Mar  9 21:47:57 CET 2026
#@# Surf Reg lh Mon Mar  9 21:53:30 CET 2026
#@# Jacobian white lh Mon Mar  9 21:59:59 CET 2026
#@# AvgCurv lh Mon Mar  9 22:00:00 CET 2026
#@# Cortical Parc lh Mon Mar  9 22:00:01 CET 2026
#@# white curv lh Mon Mar  9 22:07:16 CET 2026
#@# white area lh Mon Mar  9 22:07:17 CET 2026
#@# pial curv lh Mon Mar  9 22:07:18 CET 2026
#@# pial area lh Mon Mar  9 22:07:20 CET 2026
#@# thickness lh Mon Mar  9 22:07:20 CET 2026
#@# area and vertex vol lh Mon Mar  9 22:07:51 CET 2026
#@# Curvature Stats lh Mon Mar  9 22:07:52 CET 2026
#@# Cortical Parc 2 lh Mon Mar  9 22:07:55 CET 2026
#@# Cortical Parc 3 lh Mon Mar  9 22:08:08 CET 2026
#@# WM/GM Contrast lh Mon Mar  9 22:08:19 CET 2026
recon-all -s sub-v1s23x0050603_ses-1 finished without error at Mon Mar  9 22:08:22 CET 2026



#New# invocation of recon-all 



status file for recon-all
Mon Mar  9 22:40:04 CET 2026
#@# white curv lh Mon Mar  9 22:40:04 CET 2026
#@# white area lh Mon Mar  9 22:40:04 CET 2026
#@# pial curv lh Mon Mar  9 22:40:04 CET 2026
#@# pial area lh Mon Mar  9 22:40:04 CET 2026
#@# thickness lh Mon Mar  9 22:40:04 CET 2026
#@# area and vertex vol lh Mon Mar  9 22:40:04 CET 2026
#@# Parcellation Stats lh Mon Mar  9 22:40:04 CET 2026
#@# Parcellation Stats 2 lh Mon Mar  9 22:40:23 CET 2026
#@# Parcellation Stats 3 lh Mon Mar  9 22:40:33 CET 2026
#@# BA_exvivo Labels lh Mon Mar  9 22:40:43 CET 2026
recon-all -s sub-v1s23x0050603_ses-1 finished without error at Mon Mar  9 22:43:20 CET 2026
