status file for recon-all
Mon Mar  9 22:42:29 CET 2026
#@# Tessellate lh Mon Mar  9 22:42:29 CET 2026
#@# Smooth1 lh Mon Mar  9 22:42:33 CET 2026
#@# Inflation1 lh Mon Mar  9 22:42:35 CET 2026
#@# QSphere lh Mon Mar  9 22:42:43 CET 2026
#@# Fix Topology lh Mon Mar  9 22:43:25 CET 2026
#@# Smooth2 lh Mon Mar  9 22:50:12 CET 2026
#@# Inflation2 lh Mon Mar  9 22:50:14 CET 2026
#@# Curv .H and .K lh Mon Mar  9 22:50:22 CET 2026
#@# Sphere lh Mon Mar  9 22:50:57 CET 2026
#@# Surf Reg lh Mon Mar  9 22:54:23 CET 2026
#@# Jacobian white lh Mon Mar  9 22:57:54 CET 2026
#@# AvgCurv lh Mon Mar  9 22:57:55 CET 2026
#@# Cortical Parc lh Mon Mar  9 22:57:55 CET 2026
#@# white curv lh Mon Mar  9 23:04:12 CET 2026
#@# white area lh Mon Mar  9 23:04:13 CET 2026
#@# pial curv lh Mon Mar  9 23:04:13 CET 2026
#@# pial area lh Mon Mar  9 23:04:15 CET 2026
#@# thickness lh Mon Mar  9 23:04:15 CET 2026
#@# area and vertex vol lh Mon Mar  9 23:04:37 CET 2026
#@# Curvature Stats lh Mon Mar  9 23:04:38 CET 2026
#@# Cortical Parc 2 lh Mon Mar  9 23:04:39 CET 2026
#@# Cortical Parc 3 lh Mon Mar  9 23:04:49 CET 2026
#@# WM/GM Contrast lh Mon Mar  9 23:04:56 CET 2026
recon-all -s sub-v1s23x0050627_ses-1 finished without error at Mon Mar  9 23:04:59 CET 2026



#New# invocation of recon-all 



status file for recon-all
Mon Mar  9 23:24:23 CET 2026
#@# white curv lh Mon Mar  9 23:24:23 CET 2026
#@# white area lh Mon Mar  9 23:24:24 CET 2026
#@# pial curv lh Mon Mar  9 23:24:24 CET 2026
#@# pial area lh Mon Mar  9 23:24:24 CET 2026
#@# thickness lh Mon Mar  9 23:24:24 CET 2026
#@# area and vertex vol lh Mon Mar  9 23:24:24 CET 2026
#@# Parcellation Stats lh Mon Mar  9 23:24:24 CET 2026
#@# Parcellation Stats 2 lh Mon Mar  9 23:24:35 CET 2026
#@# Parcellation Stats 3 lh Mon Mar  9 23:24:40 CET 2026
#@# BA_exvivo Labels lh Mon Mar  9 23:24:46 CET 2026
recon-all -s sub-v1s23x0050627_ses-1 finished without error at Mon Mar  9 23:26:37 CET 2026
