status file for recon-all
Mon Mar  9 21:12:41 CET 2026
#@# MotionCor Mon Mar  9 21:12:43 CET 2026
#@# Talairach Mon Mar  9 21:12:50 CET 2026
#@# Talairach Failure Detection Mon Mar  9 21:17:18 CET 2026
#@# Nu Intensity Correction Mon Mar  9 21:17:18 CET 2026
#@# Intensity Normalization Mon Mar  9 21:20:34 CET 2026
recon-all -s sub-v1s23x0050627_ses-1 finished without error at Mon Mar  9 21:21:57 CET 2026



#New# invocation of recon-all 



status file for recon-all
Mon Mar  9 21:28:41 CET 2026
#@# EM Registration Mon Mar  9 21:28:41 CET 2026
recon-all -s sub-v1s23x0050627_ses-1 finished without error at Mon Mar  9 21:30:36 CET 2026



#New# invocation of recon-all 



status file for recon-all
Mon Mar  9 21:30:37 CET 2026
#@# CA Normalize Mon Mar  9 21:30:37 CET 2026
#@# CA Reg Mon Mar  9 21:31:58 CET 2026
#@# SubCort Seg Mon Mar  9 22:11:47 CET 2026
#@# CC Seg Mon Mar  9 22:36:39 CET 2026
#@# Merge ASeg Mon Mar  9 22:37:21 CET 2026
#@# Intensity Normalization2 Mon Mar  9 22:37:21 CET 2026
#@# Mask BFS Mon Mar  9 22:39:28 CET 2026
#@# WM Segmentation Mon Mar  9 22:39:29 CET 2026
#@# Fill Mon Mar  9 22:41:23 CET 2026
recon-all -s sub-v1s23x0050627_ses-1 finished without error at Mon Mar  9 22:42:24 CET 2026



#New# invocation of recon-all 



status file for recon-all
Mon Mar  9 23:20:56 CET 2026
#@# white curv lh Mon Mar  9 23:20:56 CET 2026
#@# white area lh Mon Mar  9 23:20:56 CET 2026
#@# pial curv lh Mon Mar  9 23:20:56 CET 2026
#@# pial area lh Mon Mar  9 23:20:56 CET 2026
#@# thickness lh Mon Mar  9 23:20:56 CET 2026
#@# area and vertex vol lh Mon Mar  9 23:20:56 CET 2026
#@# white curv rh Mon Mar  9 23:20:56 CET 2026
#@# white area rh Mon Mar  9 23:20:56 CET 2026
#@# pial curv rh Mon Mar  9 23:20:56 CET 2026
#@# pial area rh Mon Mar  9 23:20:56 CET 2026
#@# thickness rh Mon Mar  9 23:20:56 CET 2026
#@# area and vertex vol rh Mon Mar  9 23:20:56 CET 2026
#@# Cortical ribbon mask Mon Mar  9 23:20:56 CET 2026
recon-all -s sub-v1s23x0050627_ses-1 finished without error at Mon Mar  9 23:24:18 CET 2026



#New# invocation of recon-all 



status file for recon-all
Mon Mar  9 23:28:56 CET 2026
#@# white curv lh Mon Mar  9 23:28:57 CET 2026
#@# white area lh Mon Mar  9 23:28:57 CET 2026
#@# pial curv lh Mon Mar  9 23:28:57 CET 2026
#@# pial area lh Mon Mar  9 23:28:57 CET 2026
#@# thickness lh Mon Mar  9 23:28:57 CET 2026
#@# area and vertex vol lh Mon Mar  9 23:28:57 CET 2026
#@# white curv rh Mon Mar  9 23:28:57 CET 2026
#@# white area rh Mon Mar  9 23:28:57 CET 2026
#@# pial curv rh Mon Mar  9 23:28:57 CET 2026
#@# pial area rh Mon Mar  9 23:28:57 CET 2026
#@# thickness rh Mon Mar  9 23:28:57 CET 2026
#@# area and vertex vol rh Mon Mar  9 23:28:57 CET 2026
#@# Curvature Stats lh Mon Mar  9 23:28:57 CET 2026
#@# Curvature Stats rh Mon Mar  9 23:28:58 CET 2026
#@# Relabel Hypointensities Mon Mar  9 23:29:00 CET 2026
#@# APas-to-ASeg Mon Mar  9 23:29:13 CET 2026
#@# AParc-to-ASeg aparc Mon Mar  9 23:29:19 CET 2026
#@# AParc-to-ASeg aparc.a2009s Mon Mar  9 23:29:35 CET 2026
#@# AParc-to-ASeg aparc.DKTatlas Mon Mar  9 23:29:52 CET 2026
#@# WMParc Mon Mar  9 23:30:08 CET 2026
#@# ASeg Stats Mon Mar  9 23:33:42 CET 2026
recon-all -s sub-v1s23x0050627_ses-1 finished without error at Mon Mar  9 23:34:13 CET 2026
