/out/sourcedata/freesurfer/sub-v1s23x0050578_ses-1/mri
/opt/freesurfer/bin/talairach_avi
--i orig_nu.mgz --xfm transforms/talairach.auto.xfm
talairach_avi 7.3.2
Linux dna018 5.14.0-427.37.1.el9_4.x86_64 #1 SMP PREEMPT_DYNAMIC Fri Sep 13 12:41:50 EDT 2024 x86_64 x86_64 x86_64 GNU/Linux
Mon Mar  9 19:45:10 CET 2026
mri_convert orig_nu.mgz talsrcimg.img 
reading from orig_nu.mgz...
TR=0.00, TE=0.00, TI=0.00, flip angle=0.00
i_ras = (-1, 0, 0)
j_ras = (0, 0, -1)
k_ras = (0, 1, 0)
writing to talsrcimg.img...
Analyze Output Matrix
-1.00000   0.00000   0.00000   143.33157;
 0.00000   0.00000   1.00000  -177.59407;
 0.00000  -1.00000   0.00000   166.60376;
 0.00000   0.00000   0.00000   1.00000;
--------------------
INFO: set hdr.hist.orient to -1
mpr2mni305 talsrcimg
Mon Mar  9 19:45:11 CET 2026
/opt/freesurfer/bin/mpr2mni305 talsrcimg
mpr2mni305 7.3.2
target=711-2C_as_mni_average_305

---------------------------------------------------------------------
analyzeto4dfp talsrcimg -O0 -y
---------------------------------------------------------------------

freesurfer ifh2hdr.c
Mon Mar  9 19:45:11 2026
Writing: talsrcimg.4dfp.hdr
freesurfer analyzeto4dfp.c
Reading: talsrcimg.hdr
header size 348 bytes
hdr.dime.datatype	offset=70	value=2
hdr.dime.bitpix		offset=72	value=8
hdr.hist.orient		offset=252	value=-1
dimensionality     4
dimensions       256       256       256         1
Reading: talsrcimg.img
Writing: talsrcimg.4dfp.img
Writing: talsrcimg.4dfp.ifh
ifh2hdr talsrcimg -r0to237
ori=2

---------------------------------------------------------------------
gauss_4dfp talsrcimg 1.1
---------------------------------------------------------------------

freesurfer gauss_4dfp.c
Reading: talsrcimg.4dfp.img
Writing: talsrcimg_g11.4dfp.img
image dimensions 256 256 256 padded to 288 288 288
processing volume 1freesurfer ifh2hdr.c
Mon Mar  9 19:45:12 2026
Writing: talsrcimg_g11.4dfp.hdr

Writing: talsrcimg_g11.4dfp.ifh
including: talsrcimg.4dfp.img.rec in talsrcimg_g11.4dfp.img.rec

---------------------------------------------------------------------
imgreg_4dfp /opt/freesurfer/average/711-2C_as_mni_average_305 none talsrcimg_g11 none talsrcimg_to_711-2C_as_mni_average_305_t4 4355
---------------------------------------------------------------------

freesurfer imgreg_4dfp.c
/opt/freesurfer/average/711-2C_as_mni_average_305.4dfp.img
       256       256       256         1
  1.000000  1.000000  1.000000
orientation T byte_order littleendian
Reading image: /opt/freesurfer/average/711-2C_as_mni_average_305.4dfp.img
dimensions:      256       256       256
mmppix:       1.0000   -1.0000   -1.0000
center:     128.0000 -129.0000 -129.0000
talsrcimg_g11.4dfp.img
       256       256       256         1
  1.000000  1.000000  1.000000
orientation T byte_order littleendian
Reading image: talsrcimg_g11.4dfp.img
dimensions:      256       256       256
mmppix:       1.0000   -1.0000   -1.0000
center:     128.0000 -129.0000 -129.0000
t4_read: open error in t4_sub.f l:  41 t4_file(1:l)talsrcimg_to_711-2C_as_mni_average_305_t4 
t4_read: transform initialized to I4
rotation matrix determinant  1.000000
image alignment mode   4355 decimal     1103 hex
   -7.5000  -45.0000  -45.0000 8028.5884   19.7487
    0.0000  -45.0000  -45.0000 8362.3154   19.7480
    7.5000  -45.0000  -45.0000 7996.8472   19.7538
   -7.5000  -37.5000  -45.0000 8475.0352   19.7093
    0.0000  -37.5000  -45.0000 8819.7480   19.7116
    7.5000  -37.5000  -45.0000 8462.3232   19.7182
   -7.5000  -30.0000  -45.0000 9274.6885   19.6832
    0.0000  -30.0000  -45.0000 9666.4277   19.6871
    7.5000  -30.0000  -45.0000 9270.2334   19.6965
   -7.5000  -22.5000  -45.000010029.2021   19.6956
    0.0000  -22.5000  -45.000010448.9492   19.6980
    7.5000  -22.5000  -45.000010027.7451   19.7089
   -7.5000  -15.0000  -45.000010583.0879   19.7311
    0.0000  -15.0000  -45.000010995.7998   19.7304
    7.5000  -15.0000  -45.000010548.6074   19.7399
   -7.5000   -7.5000  -45.000010942.1611   19.7537
    0.0000   -7.5000  -45.000011387.7988   19.7514
    7.5000   -7.5000  -45.000010876.8467   19.7586
   -7.5000    0.0000  -45.000011332.5410   19.7443
    0.0000    0.0000  -45.000011761.1514   19.7435
    7.5000    0.0000  -45.000011231.0977   19.7493
   -7.5000    7.5000  -45.000010783.6270   19.7092
    0.0000    7.5000  -45.000011170.3154   19.7116
    7.5000    7.5000  -45.000010697.6123   19.7181
   -7.5000   15.0000  -45.000010090.8584   19.6832
    0.0000   15.0000  -45.000010481.8115   19.6871
    7.5000   15.0000  -45.000010017.9941   19.6965
   -7.5000   22.5000  -45.0000 9337.6562   19.6929
    0.0000   22.5000  -45.0000 9703.2285   19.6953
    7.5000   22.5000  -45.0000 9289.8516   19.7062
   -7.5000   30.0000  -45.0000 8546.2803   19.4780
    0.0000   30.0000  -45.0000 8881.4082   19.4775
    7.5000   30.0000  -45.0000 8484.8682   19.4869
   -7.5000   37.5000  -45.0000 8090.8853   19.6519
    0.0000   37.5000  -45.0000 8425.7490   19.6500
    7.5000   37.5000  -45.0000 8034.6240   19.6582
   -7.5000   45.0000  -45.0000 7450.2866   19.4493
    0.0000   45.0000  -45.0000 7776.3013   19.4461
    7.5000   45.0000  -45.0000 7413.9492   19.4537
   -7.5000  -45.0000  -37.5000 8363.7979   19.5285
    0.0000  -45.0000  -37.5000 8710.4785   19.5320
    7.5000  -45.0000  -37.5000 8345.1504   19.5408
   -7.5000  -37.5000  -37.5000 8840.7139   19.4979
    0.0000  -37.5000  -37.5000 9208.0430   19.5047
    7.5000  -37.5000  -37.5000 8829.0830   19.5157
   -7.5000  -30.0000  -37.5000 9669.1777   19.4749
    0.0000  -30.0000  -37.500010068.2539   19.4802
    7.5000  -30.0000  -37.5000 9661.0117   19.4934
   -7.5000  -22.5000  -37.500010467.1504   19.4811
    0.0000  -22.5000  -37.500010900.3369   19.4817
    7.5000  -22.5000  -37.500010444.3467   19.4935
   -7.5000  -15.0000  -37.500011074.5195   19.5079
    0.0000  -15.0000  -37.500011492.1299   19.5049
    7.5000  -15.0000  -37.500011005.6709   19.5132
   -7.5000   -7.5000  -37.500011481.7451   19.5281
    0.0000   -7.5000  -37.500011946.9219   19.5266
    7.5000   -7.5000  -37.500011406.2158   19.5338
   -7.5000    0.0000  -37.500011854.6426   19.5242
    0.0000    0.0000  -37.500012317.1709   19.5277
    7.5000    0.0000  -37.500011746.4219   19.5364
   -7.5000    7.5000  -37.500011271.9189   19.4978
    0.0000    7.5000  -37.500011689.9688   19.5046
    7.5000    7.5000  -37.500011148.2812   19.5156
   -7.5000   15.0000  -37.500010567.4551   19.4749
    0.0000   15.0000  -37.500010981.4121   19.4802
    7.5000   15.0000  -37.500010437.2637   19.4934
   -7.5000   22.5000  -37.5000 9817.0801   19.4784
    0.0000   22.5000  -37.500010210.9619   19.4790
    7.5000   22.5000  -37.5000 9707.1553   19.4909
   -7.5000   30.0000  -37.5000 8965.7383   19.2562
    0.0000   30.0000  -37.5000 9312.1797   19.2533
    7.5000   30.0000  -37.5000 8853.6035   19.2615
   -7.5000   37.5000  -37.5000 8463.8438   19.4284
    0.0000   37.5000  -37.5000 8787.4385   19.4272
    7.5000   37.5000  -37.5000 8369.3516   19.4349
   -7.5000   45.0000  -37.5000 7768.5928   19.2284
    0.0000   45.0000  -37.5000 8097.0518   19.2307
    7.5000   45.0000  -37.5000 7706.2939   19.2416
   -7.5000  -45.0000  -30.0000 8922.3125   20.3253
    0.0000  -45.0000  -30.0000 9280.4541   20.3267
    7.5000  -45.0000  -30.0000 8872.7031   20.3327
   -7.5000  -37.5000  -30.0000 9442.9443   20.3079
    0.0000  -37.5000  -30.0000 9833.6328   20.3125
    7.5000  -37.5000  -30.0000 9410.4805   20.3192
   -7.5000  -30.0000  -30.000010346.9697   20.2952
    0.0000  -30.0000  -30.000010745.7393   20.2968
    7.5000  -30.0000  -30.000010292.4629   20.3060
   -7.5000  -22.5000  -30.000011210.0566   20.2983
    0.0000  -22.5000  -30.000011645.0625   20.2935
    7.5000  -22.5000  -30.000011135.1885   20.3034
   -7.5000  -15.0000  -30.000011854.4385   20.3130
    0.0000  -15.0000  -30.000012299.8408   20.3047
    7.5000  -15.0000  -30.000011762.9814   20.3124
   -7.5000   -7.5000  -30.000012344.0254   20.3228
    0.0000   -7.5000  -30.000012859.1055   20.3178
    7.5000   -7.5000  -30.000012229.0215   20.3240
   -7.5000    0.0000  -30.000012668.3496   20.3208
    0.0000    0.0000  -30.000013159.8203   20.3222
    7.5000    0.0000  -30.000012492.5674   20.3282
   -7.5000    7.5000  -30.000012021.0859   20.3078
    0.0000    7.5000  -30.000012473.8936   20.3124
    7.5000    7.5000  -30.000011844.9883   20.3191
   -7.5000   15.0000  -30.000011298.0781   20.2952
    0.0000   15.0000  -30.000011708.7852   20.2968
    7.5000   15.0000  -30.000011101.4033   20.3059
   -7.5000   22.5000  -30.000010504.5693   20.2935
    0.0000   22.5000  -30.000010921.7549   20.2886
    7.5000   22.5000  -30.000010354.8096   20.2986
   -7.5000   30.0000  -30.0000 9605.6670   20.0522
    0.0000   30.0000  -30.0000 9969.2598   20.0441
    7.5000   30.0000  -30.0000 9457.0225   20.0517
   -7.5000   37.5000  -30.0000 9054.4238   20.2255
    0.0000   37.5000  -30.0000 9414.5293   20.2193
    7.5000   37.5000  -30.0000 8945.5977   20.2254
   -7.5000   45.0000  -30.0000 8294.7061   20.0306
    0.0000   45.0000  -30.0000 8635.8066   20.0295
    7.5000   45.0000  -30.0000 8205.2344   20.0365
   -7.5000  -45.0000  -22.5000 9571.8643   21.0643
    0.0000  -45.0000  -22.5000 9936.4619   21.0572
    7.5000  -45.0000  -22.5000 9512.7764   21.0553
   -7.5000  -37.5000  -22.500010131.7520   21.0505
    0.0000  -37.5000  -22.500010541.8867   21.0467
    7.5000  -37.5000  -22.500010083.0508   21.0422
   -7.5000  -30.0000  -22.500011066.5869   21.0458
    0.0000  -30.0000  -22.500011514.1748   21.0409
    7.5000  -30.0000  -22.500010988.8604   21.0405
   -7.5000  -22.5000  -22.500012004.2168   21.0541
    0.0000  -22.5000  -22.500012465.1924   21.0447
    7.5000  -22.5000  -22.500011887.1602   21.0506
   -7.5000  -15.0000  -22.500012713.4619   21.0663
    0.0000  -15.0000  -22.500013208.7998   21.0539
    7.5000  -15.0000  -22.500012560.9639   21.0612
   -7.5000   -7.5000  -22.500013251.9180   21.0673
    0.0000   -7.5000  -22.500013814.4141   21.0561
    7.5000   -7.5000  -22.500013065.1729   21.0595
   -7.5000    0.0000  -22.500013531.1074   21.0598
    0.0000    0.0000  -22.500014081.1240   21.0526
    7.5000    0.0000  -22.500013318.0566   21.0506
   -7.5000    7.5000  -22.500012871.8086   21.0504
    0.0000    7.5000  -22.500013382.4346   21.0466
    7.5000    7.5000  -22.500012650.9756   21.0421
   -7.5000   15.0000  -22.500012108.3447   21.0458
    0.0000   15.0000  -22.500012584.5098   21.0409
    7.5000   15.0000  -22.500011879.1299   21.0405
   -7.5000   22.5000  -22.500011270.8838   21.0476
    0.0000   22.5000  -22.500011703.4941   21.0382
    7.5000   22.5000  -22.500011044.0059   21.0442
   -7.5000   30.0000  -22.500010301.0244   20.7999
    0.0000   30.0000  -22.500010691.9268   20.7877
    7.5000   30.0000  -22.500010119.1904   20.7949
   -7.5000   37.5000  -22.5000 9731.3594   20.9719
    0.0000   37.5000  -22.500010114.7354   20.9585
    7.5000   37.5000  -22.5000 9570.5137   20.9617
   -7.5000   45.0000  -22.5000 8888.6807   20.7785
    0.0000   45.0000  -22.5000 9246.9297   20.7661
    7.5000   45.0000  -22.5000 8745.7021   20.7639
   -7.5000  -45.0000  -15.000010206.4912   21.6290
    0.0000  -45.0000  -15.000010598.8037   21.6150
    7.5000  -45.0000  -15.000010130.3496   21.6079
   -7.5000  -37.5000  -15.000010788.3691   21.6048
    0.0000  -37.5000  -15.000011204.2842   21.5948
    7.5000  -37.5000  -15.000010716.8428   21.5836
   -7.5000  -30.0000  -15.000011799.4883   21.5967
    0.0000  -30.0000  -15.000012274.7510   21.5895
    7.5000  -30.0000  -15.000011709.1758   21.5837
   -7.5000  -22.5000  -15.000012813.3408   21.6127
    0.0000  -22.5000  -15.000013317.5938   21.6044
    7.5000  -22.5000  -15.000012698.9951   21.6083
   -7.5000  -15.0000  -15.000013589.1250   21.6348
    0.0000  -15.0000  -15.000014157.7539   21.6233
    7.5000  -15.0000  -15.000013446.9814   21.6311
   -7.5000   -7.5000  -15.000014149.3271   21.6383
    0.0000   -7.5000  -15.000014803.3613   21.6241
    7.5000   -7.5000  -15.000013974.2822   21.6261
   -7.5000    0.0000  -15.000014416.2607   21.6242
    0.0000    0.0000  -15.000015071.4248   21.6102
    7.5000    0.0000  -15.000014233.4219   21.6031
   -7.5000    7.5000  -15.000013728.2412   21.6047
    0.0000    7.5000  -15.000014337.8789   21.5947
    7.5000    7.5000  -15.000013532.4375   21.5835
   -7.5000   15.0000  -15.000012919.0928   21.5967
    0.0000   15.0000  -15.000013462.8428   21.5895
    7.5000   15.0000  -15.000012700.9443   21.5837
   -7.5000   22.5000  -15.000012058.5361   21.6051
    0.0000   22.5000  -15.000012547.4004   21.5967
    7.5000   22.5000  -15.000011822.4512   21.6007
   -7.5000   30.0000  -15.000011037.6143   21.3655
    0.0000   30.0000  -15.000011495.4648   21.3543
    7.5000   30.0000  -15.000010837.0850   21.3620
   -7.5000   37.5000  -15.000010406.4424   21.5416
    0.0000   37.5000  -15.000010845.3418   21.5250
    7.5000   37.5000  -15.000010228.7979   21.5272
   -7.5000   45.0000  -15.0000 9460.7627   21.3490
    0.0000   45.0000  -15.0000 9869.0303   21.3284
    7.5000   45.0000  -15.0000 9318.4209   21.3204
   -7.5000  -45.0000   -7.500010821.8086   21.8941
    0.0000  -45.0000   -7.500011271.1221   21.8839
    7.5000  -45.0000   -7.500010756.8945   21.8815
   -7.5000  -37.5000   -7.500011430.7256   21.8558
    0.0000  -37.5000   -7.500011923.4824   21.8495
    7.5000  -37.5000   -7.500011376.4551   21.8446
   -7.5000  -30.0000   -7.500012536.1670   21.8365
    0.0000  -30.0000   -7.500013083.4131   21.8342
    7.5000  -30.0000   -7.500012477.5889   21.8340
   -7.5000  -22.5000   -7.500013702.4805   21.8551
    0.0000  -22.5000   -7.500014279.8789   21.8531
    7.5000  -22.5000   -7.500013625.5264   21.8601
   -7.5000  -15.0000   -7.500014620.4727   21.8899
    0.0000  -15.0000   -7.500015279.1064   21.8847
    7.5000  -15.0000   -7.500014511.3740   21.8942
   -7.5000   -7.5000   -7.500015143.1533   21.9049
    0.0000   -7.5000   -7.500015861.4873   21.8956
    7.5000   -7.5000   -7.500015037.3203   21.9002
   -7.5000    0.0000   -7.500015377.8516   21.8892
    0.0000    0.0000   -7.500016075.4258   21.8790
    7.5000    0.0000   -7.500015288.2910   21.8766
   -7.5000    7.5000   -7.500014568.3340   21.8557
    0.0000    7.5000   -7.500015247.2402   21.8494
    7.5000    7.5000   -7.500014506.1650   21.8445
   -7.5000   15.0000   -7.500013762.8613   21.8365
    0.0000   15.0000   -7.500014361.2637   21.8342
    7.5000   15.0000   -7.500013610.6953   21.8340
   -7.5000   22.5000   -7.500012870.9297   21.8450
    0.0000   22.5000   -7.500013404.6396   21.8430
    7.5000   22.5000   -7.500012698.7490   21.8500
   -7.5000   30.0000   -7.500011804.4424   21.6176
    0.0000   30.0000   -7.500012297.3301   21.6127
    7.5000   30.0000   -7.500011632.2344   21.6221
   -7.5000   37.5000   -7.500011143.4170   21.8013
    0.0000   37.5000   -7.500011624.6777   21.7909
    7.5000   37.5000   -7.500010969.1357   21.7964
   -7.5000   45.0000   -7.500010143.4287   21.6108
    0.0000   45.0000   -7.500010597.0566   21.5951
    7.5000   45.0000   -7.5000 9993.2979   21.5929
   -7.5000  -45.0000    0.000011267.0098   21.8956
    0.0000  -45.0000    0.000011766.1758   21.8945
    7.5000  -45.0000    0.000011260.4443   21.9006
   -7.5000  -37.5000    0.000011897.3369   21.8516
    0.0000  -37.5000    0.000012416.2158   21.8540
    7.5000  -37.5000    0.000011886.8223   21.8609
   -7.5000  -30.0000    0.000013041.2783   21.8232
    0.0000  -30.0000    0.000013600.4229   21.8272
    7.5000  -30.0000    0.000013019.5371   21.8374
   -7.5000  -22.5000    0.000014392.4658   21.8378
    0.0000  -22.5000    0.000014990.9697   21.8402
    7.5000  -22.5000    0.000014363.5645   21.8519
   -7.5000  -15.0000    0.000015541.9189   21.8774
    0.0000  -15.0000    0.000016362.7793   21.8765
    7.5000  -15.0000    0.000015581.7783   21.8866
   -7.5000   -7.5000    0.000016120.9580   21.9020
    0.0000   -7.5000    0.000016971.0684   21.8992
    7.5000   -7.5000    0.000016246.0020   21.9068
   -7.5000    0.0000    0.000016318.5146   21.8907
    0.0000    0.0000    0.000017047.4043   21.8896
    7.5000    0.0000    0.000016479.9355   21.8957
   -7.5000    7.5000    0.000015427.0361   21.8515
    0.0000    7.5000    0.000016064.0947   21.8539
    7.5000    7.5000    0.000015532.0547   21.8608
   -7.5000   15.0000    0.000014567.2988   21.8232
    0.0000   15.0000    0.000015161.1406   21.8272
    7.5000   15.0000    0.000014558.7676   21.8374
   -7.5000   22.5000    0.000013662.7939   21.8277
    0.0000   22.5000    0.000014247.5830   21.8302
    7.5000   22.5000    0.000013591.1699   21.8418
   -7.5000   30.0000    0.000012531.5850   21.6051
    0.0000   30.0000    0.000013108.6113   21.6043
    7.5000   30.0000    0.000012437.7432   21.6143
   -7.5000   37.5000    0.000011827.8125   21.7959
    0.0000   37.5000    0.000012382.1592   21.7936
    7.5000   37.5000    0.000011720.5439   21.8022
   -7.5000   45.0000    0.000010773.4209   21.6097
    0.0000   45.0000    0.000011294.2461   21.6058
    7.5000   45.0000    0.000010668.4053   21.6139
   -7.5000  -45.0000    7.500010810.3574   21.8410
    0.0000  -45.0000    7.500011294.2617   21.8449
    7.5000  -45.0000    7.500010828.7168   21.8547
   -7.5000  -37.5000    7.500011444.6553   21.8065
    0.0000  -37.5000    7.500011938.4678   21.8140
    7.5000  -37.5000    7.500011453.2002   21.8264
   -7.5000  -30.0000    7.500012619.0098   21.7805
    0.0000  -30.0000    7.500013082.6211   21.7864
    7.5000  -30.0000    7.500012590.6904   21.8012
   -7.5000  -22.5000    7.500014034.0654   21.7874
    0.0000  -22.5000    7.500014598.7031   21.7881
    7.5000  -22.5000    7.500014030.2900   21.8013
   -7.5000  -15.0000    7.500015299.3135   21.8176
    0.0000  -15.0000    7.500016319.7285   21.8142
    7.5000  -15.0000    7.500015468.8662   21.8235
   -7.5000   -7.5000    7.500016097.1855   21.8405
    0.0000   -7.5000    7.500017049.1992   21.8387
    7.5000   -7.5000    7.500016448.4766   21.8468
   -7.5000    0.0000    7.500016402.6230   21.8361
    0.0000    0.0000    7.500017153.1895   21.8401
    7.5000    0.0000    7.500016745.9609   21.8498
   -7.5000    7.5000    7.500015440.1523   21.8064
    0.0000    7.5000    7.500016131.4160   21.8139
    7.5000    7.5000    7.500015664.8750   21.8263
   -7.5000   15.0000    7.500014406.8115   21.7805
    0.0000   15.0000    7.500015081.6279   21.7864
    7.5000   15.0000    7.500014502.2422   21.8012
   -7.5000   22.5000    7.500013397.5146   21.7774
    0.0000   22.5000    7.500014054.3857   21.7780
    7.5000   22.5000    7.500013374.4180   21.7913
   -7.5000   30.0000    7.500012194.8223   21.5445
    0.0000   30.0000    7.500012817.8135   21.5413
    7.5000   30.0000    7.500012143.0312   21.5504
   -7.5000   37.5000    7.500011462.4658   21.7373
    0.0000   37.5000    7.500012056.6016   21.7359
    7.5000   37.5000    7.500011396.9189   21.7445
   -7.5000   45.0000    7.500010453.8037   21.5556
    0.0000   45.0000    7.500010984.1416   21.5583
    7.5000   45.0000    7.500010366.4160   21.5704
   -7.5000  -45.0000   15.000010329.7793   21.8290
    0.0000  -45.0000   15.000010726.5811   21.8307
    7.5000  -45.0000   15.000010349.6396   21.8371
   -7.5000  -37.5000   15.000010948.1377   21.8104
    0.0000  -37.5000   15.000011315.4551   21.8154
    7.5000  -37.5000   15.000010960.7949   21.8226
   -7.5000  -30.0000   15.000012136.7744   21.7966
    0.0000  -30.0000   15.000012526.4277   21.7984
    7.5000  -30.0000   15.000012145.4463   21.8084
   -7.5000  -22.5000   15.000013465.2480   21.8001
    0.0000  -22.5000   15.000014080.3945   21.7948
    7.5000  -22.5000   15.000013537.1562   21.8056
   -7.5000  -15.0000   15.000014515.9482   21.8159
    0.0000  -15.0000   15.000015432.3584   21.8068
    7.5000  -15.0000   15.000014702.2021   21.8152
   -7.5000   -7.5000   15.000015221.6787   21.8264
    0.0000   -7.5000   15.000016255.2471   21.8210
    7.5000   -7.5000   15.000015560.8301   21.8277
   -7.5000    0.0000   15.000015626.1846   21.8242
    0.0000    0.0000   15.000016700.7715   21.8258
    7.5000    0.0000   15.000016018.2451   21.8323
   -7.5000    7.5000   15.000014706.4414   21.8102
    0.0000    7.5000   15.000015670.0166   21.8153
    7.5000    7.5000   15.000015002.8857   21.8225
   -7.5000   15.0000   15.000013587.2686   21.7966
    0.0000   15.0000   15.000014377.5322   21.7984
    7.5000   15.0000   15.000013735.3057   21.8084
   -7.5000   22.5000   15.000012572.1250   21.7901
    0.0000   22.5000   15.000013210.8760   21.7848
    7.5000   22.5000   15.000012602.4971   21.7956
   -7.5000   30.0000   15.000011442.5439   21.5421
    0.0000   30.0000   15.000011988.8760   21.5334
    7.5000   30.0000   15.000011452.6172   21.5416
   -7.5000   37.5000   15.000010856.5791   21.7282
    0.0000   37.5000   15.000011324.7041   21.7217
    7.5000   37.5000   15.000010829.1777   21.7282
   -7.5000   45.0000   15.0000 9964.6436   21.5475
    0.0000   45.0000   15.000010379.4297   21.5464
    7.5000   45.0000   15.0000 9914.7686   21.5540
   -7.5000  -45.0000   22.5000 9852.3828   21.8858
    0.0000  -45.0000   22.500010256.6094   21.8784
    7.5000  -45.0000   22.5000 9870.6846   21.8764
   -7.5000  -37.5000   22.500010507.3848   21.8715
    0.0000  -37.5000   22.500010988.2393   21.8675
    7.5000  -37.5000   22.500010561.9336   21.8629
   -7.5000  -30.0000   22.500011634.2236   21.8666
    0.0000  -30.0000   22.500012229.9863   21.8617
    7.5000  -30.0000   22.500011725.2295   21.8613
   -7.5000  -22.5000   22.500012797.7852   21.8754
    0.0000  -22.5000   22.500013528.1328   21.8657
    7.5000  -22.5000   22.500012908.6045   21.8719
   -7.5000  -15.0000   22.500013644.4297   21.8880
    0.0000  -15.0000   22.500014358.3936   21.8751
    7.5000  -15.0000   22.500013711.1602   21.8827
   -7.5000   -7.5000   22.500014191.5869   21.8889
    0.0000   -7.5000   22.500014867.1377   21.8773
    7.5000   -7.5000   22.500014270.0137   21.8809
   -7.5000    0.0000   22.500014554.2920   21.8810
    0.0000    0.0000   22.500015261.4023   21.8736
    7.5000    0.0000   22.500014689.1104   21.8716
   -7.5000    7.5000   22.500013709.9805   21.8714
    0.0000    7.5000   22.500014413.3340   21.8674
    7.5000    7.5000   22.500013866.9971   21.8628
   -7.5000   15.0000   22.500012644.9346   21.8666
    0.0000   15.0000   22.500013298.3799   21.8617
    7.5000   15.0000   22.500012792.3447   21.8613
   -7.5000   22.5000   22.500011718.0264   21.8653
    0.0000   22.5000   22.500012299.8330   21.8556
    7.5000   22.5000   22.500011809.8867   21.8619
   -7.5000   30.0000   22.500010712.1055   21.6143
    0.0000   30.0000   22.500011234.1787   21.6016
    7.5000   30.0000   22.500010763.2197   21.6091
   -7.5000   37.5000   22.500010191.5908   21.7930
    0.0000   37.5000   22.500010684.2510   21.7791
    7.5000   37.5000   22.500010209.3330   21.7825
   -7.5000   45.0000   22.5000 9363.2822   21.6079
    0.0000   45.0000   22.5000 9783.6152   21.5951
    7.5000   45.0000   22.5000 9352.6143   21.5928
   -7.5000  -45.0000   30.0000 9256.3750   22.0272
    0.0000  -45.0000   30.0000 9726.4492   22.0128
    7.5000  -45.0000   30.0000 9283.3848   22.0053
   -7.5000  -37.5000   30.0000 9847.1162   22.0023
    0.0000  -37.5000   30.000010330.1504   21.9921
    7.5000  -37.5000   30.0000 9845.4570   21.9805
   -7.5000  -30.0000   30.000010794.0010   21.9941
    0.0000  -30.0000   30.000011307.4629   21.9869
    7.5000  -30.0000   30.000010793.9668   21.9808
   -7.5000  -22.5000   30.000011730.1494   22.0109
    0.0000  -22.5000   30.000012257.7998   22.0024
    7.5000  -22.5000   30.000011730.4756   22.0061
   -7.5000  -15.0000   30.000012416.1230   22.0337
    0.0000  -15.0000   30.000012881.4258   22.0217
    7.5000  -15.0000   30.000012387.1924   22.0292
   -7.5000   -7.5000   30.000012916.7969   22.0371
    0.0000   -7.5000   30.000013376.1172   22.0223
    7.5000   -7.5000   30.000012897.5723   22.0240
   -7.5000    0.0000   30.000013277.0938   22.0224
    0.0000    0.0000   30.000013809.8594   22.0079
    7.5000    0.0000   30.000013333.6133   22.0004
   -7.5000    7.5000   30.000012555.0195   22.0022
    0.0000    7.5000   30.000013106.4414   21.9920
    7.5000    7.5000   30.000012651.5938   21.9804
   -7.5000   15.0000   30.000011645.5527   21.9941
    0.0000   15.0000   30.000012165.0439   21.9869
    7.5000   15.0000   30.000011738.6582   21.9808
   -7.5000   22.5000   30.000010813.6768   22.0008
    0.0000   22.5000   30.000011307.9941   21.9922
    7.5000   22.5000   30.000010884.0342   21.9959
   -7.5000   30.0000   30.0000 9924.0957   21.7595
    0.0000   30.0000   30.000010387.9326   21.7478
    7.5000   30.0000   30.0000 9971.8604   21.7553
   -7.5000   37.5000   30.0000 9459.9502   21.9395
    0.0000   37.5000   30.0000 9886.6406   21.9223
    7.5000   37.5000   30.0000 9485.0928   21.9242
   -7.5000   45.0000   30.0000 8647.3711   21.7503
    0.0000   45.0000   30.0000 9015.1504   21.7290
    7.5000   45.0000   30.0000 8641.2188   21.7207
   -7.5000  -45.0000   37.5000 8935.1992   22.4693
    0.0000  -45.0000   37.5000 9304.7441   22.4584
    7.5000  -45.0000   37.5000 8841.1025   22.4553
   -7.5000  -37.5000   37.5000 9446.3643   22.4281
    0.0000  -37.5000   37.5000 9838.4844   22.4213
    7.5000  -37.5000   37.5000 9363.0840   22.4157
   -7.5000  -30.0000   37.500010317.7754   22.4085
    0.0000  -30.0000   37.500010733.4277   22.4059
    7.5000  -30.0000   37.500010254.9814   22.4051
   -7.5000  -22.5000   37.500011159.5479   22.4296
    0.0000  -22.5000   37.500011598.8760   22.4272
    7.5000  -22.5000   37.500011119.6357   22.4339
   -7.5000  -15.0000   37.500011786.8447   22.4672
    0.0000  -15.0000   37.500012246.6758   22.4614
    7.5000  -15.0000   37.500011785.6807   22.4705
   -7.5000   -7.5000   37.500012267.6768   22.4822
    0.0000   -7.5000   37.500012771.2783   22.4721
    7.5000   -7.5000   37.500012306.9512   22.4763
   -7.5000    0.0000   37.500012656.1934   22.4643
    0.0000    0.0000   37.500013200.8740   22.4532
    7.5000    0.0000   37.500012745.1201   22.4502
   -7.5000    7.5000   37.500012035.6797   22.4281
    0.0000    7.5000   37.500012575.5400   22.4212
    7.5000    7.5000   37.500012129.4854   22.4157
   -7.5000   15.0000   37.500011208.0898   22.4085
    0.0000   15.0000   37.500011697.1406   22.4059
    7.5000   15.0000   37.500011278.7285   22.4051
   -7.5000   22.5000   37.500010421.3242   22.4193
    0.0000   22.5000   37.500010874.2373   22.4169
    7.5000   22.5000   37.500010454.9932   22.4236
   -7.5000   30.0000   37.5000 9571.0420   22.1885
    0.0000   30.0000   37.5000 9987.6309   22.1830
    7.5000   30.0000   37.5000 9586.8418   22.1921
   -7.5000   37.5000   37.5000 9123.5576   22.3811
    0.0000   37.5000   37.5000 9489.9062   22.3698
    7.5000   37.5000   37.5000 9126.2246   22.3748
   -7.5000   45.0000   37.5000 8339.5732   22.1933
    0.0000   45.0000   37.5000 8674.8008   22.1765
    7.5000   45.0000   37.5000 8338.4023   22.1736
   -7.5000  -45.0000   45.0000 8191.7573   22.9934
    0.0000  -45.0000   45.0000 8512.6553   22.9925
    7.5000  -45.0000   45.0000 8101.3882   22.9990
   -7.5000  -37.5000   45.0000 8680.3867   22.9428
    0.0000  -37.5000   45.0000 9031.7891   22.9457
    7.5000  -37.5000   45.0000 8592.0859   22.9533
   -7.5000  -30.0000   45.0000 9448.3486   22.9107
    0.0000  -30.0000   45.0000 9863.5693   22.9154
    7.5000  -30.0000   45.0000 9412.7979   22.9266
   -7.5000  -22.5000   45.000010201.5879   22.9282
    0.0000  -22.5000   45.000010651.3633   22.9310
    7.5000  -22.5000   45.000010171.4502   22.9438
   -7.5000  -15.0000   45.000010811.8066   22.9738
    0.0000  -15.0000   45.000011263.3623   22.9728
    7.5000  -15.0000   45.000010806.5762   22.9838
   -7.5000   -7.5000   45.000011259.2461   23.0016
    0.0000   -7.5000   45.000011746.8506   22.9986
    7.5000   -7.5000   45.000011283.2480   23.0068
   -7.5000    0.0000   45.000011622.0693   22.9880
    0.0000    0.0000   45.000012143.4590   22.9870
    7.5000    0.0000   45.000011691.9219   22.9935
   -7.5000    7.5000   45.000011094.4482   22.9427
    0.0000    7.5000   45.000011594.9014   22.9456
    7.5000    7.5000   45.000011160.8311   22.9532
   -7.5000   15.0000   45.000010375.5264   22.9107
    0.0000   15.0000   45.000010839.4922   22.9153
    7.5000   15.0000   45.000010417.0830   22.9266
   -7.5000   22.5000   45.0000 9629.7686   22.9175
    0.0000   22.5000   45.000010081.7383   22.9203
    7.5000   22.5000   45.0000 9658.7148   22.9332
   -7.5000   30.0000   45.0000 8832.9541   22.6865
    0.0000   30.0000   45.0000 9231.6543   22.6857
    7.5000   30.0000   45.0000 8859.6855   22.6965
   -7.5000   37.5000   45.0000 8402.4297   22.8987
    0.0000   37.5000   45.0000 8776.5391   22.8962
    7.5000   37.5000   45.0000 8420.5625   22.9055
   -7.5000   45.0000   45.0000 7716.5537   22.7335
    0.0000   45.0000   45.0000 8061.0146   22.7294
    7.5000   45.0000   45.0000 7721.8589   22.7382

---------------------------------------------------------------------
imgreg_4dfp /opt/freesurfer/average/711-2C_as_mni_average_305 /opt/freesurfer/average/711-2B_as_mni_average_305_mask talsrcimg_g11 none talsrcimg_to_711-2C_as_mni_average_305_t4 4355
---------------------------------------------------------------------

freesurfer imgreg_4dfp.c
/opt/freesurfer/average/711-2C_as_mni_average_305.4dfp.img
       256       256       256         1
  1.000000  1.000000  1.000000
orientation T byte_order littleendian
Reading image: /opt/freesurfer/average/711-2C_as_mni_average_305.4dfp.img
dimensions:      256       256       256
mmppix:       1.0000   -1.0000   -1.0000
center:     128.0000 -129.0000 -129.0000
/opt/freesurfer/average/711-2B_as_mni_average_305_mask.4dfp.img
       256       256       256         1
  1.000000  1.000000  1.000000
orientation T byte_order littleendian
Reading mask: /opt/freesurfer/average/711-2B_as_mni_average_305_mask.4dfp.img (2306576 pixels)
talsrcimg_g11.4dfp.img
       256       256       256         1
  1.000000  1.000000  1.000000
orientation T byte_order littleendian
Reading image: talsrcimg_g11.4dfp.img
dimensions:      256       256       256
mmppix:       1.0000   -1.0000   -1.0000
center:     128.0000 -129.0000 -129.0000
rotation matrix determinant  1.000000
image alignment mode   4355 decimal     1103 hex
   -7.5000  -45.0000  -37.5000 2201.9248   20.1916
    0.0000  -45.0000  -37.5000 2223.4058   20.1153
    7.5000  -45.0000  -37.5000 2207.5364   20.2710
   -7.5000  -37.5000  -37.5000 2257.7417   19.3144
    0.0000  -37.5000  -37.5000 2283.7568   19.2262
    7.5000  -37.5000  -37.5000 2269.7686   19.3792
   -7.5000  -30.0000  -37.5000 2299.7051   18.8814
    0.0000  -30.0000  -37.5000 2324.0908   18.7322
    7.5000  -30.0000  -37.5000 2308.8010   18.9011
   -7.5000  -22.5000  -37.5000 2320.6184   18.7549
    0.0000  -22.5000  -37.5000 2351.1328   18.5758
    7.5000  -22.5000  -37.5000 2328.8855   18.7014
   -7.5000  -15.0000  -37.5000 2338.3286   18.7822
    0.0000  -15.0000  -37.5000 2360.7070   18.6109
    7.5000  -15.0000  -37.5000 2337.7725   18.7473
   -7.5000   -7.5000  -37.5000 2341.8928   18.8129
    0.0000   -7.5000  -37.5000 2362.7998   18.7067
    7.5000   -7.5000  -37.5000 2346.2327   18.8633
   -7.5000    0.0000  -37.5000 2348.4341   19.0045
    0.0000    0.0000  -37.5000 2360.2886   18.8474
    7.5000    0.0000  -37.5000 2346.9148   19.0190
   -7.5000    7.5000  -37.5000 2338.5740   19.2367
    0.0000    7.5000  -37.5000 2348.1562   19.1346
    7.5000    7.5000  -37.5000 2329.9404   19.3281
   -7.5000   15.0000  -37.5000 2320.0005   19.8807
    0.0000   15.0000  -37.5000 2338.8035   19.8106
    7.5000   15.0000  -37.5000 2307.4692   20.0081
   -7.5000   22.5000  -37.5000 2285.7905   20.9370
    0.0000   22.5000  -37.5000 2303.7720   20.8813
    7.5000   22.5000  -37.5000 2275.9580   21.1051
   -7.5000   30.0000  -37.5000 2221.5957   22.4679
    0.0000   30.0000  -37.5000 2235.0017   22.4003
    7.5000   30.0000  -37.5000 2213.7502   22.6913
   -7.5000   37.5000  -37.5000 2145.9993   24.3856
    0.0000   37.5000  -37.5000 2150.3840   24.3111
    7.5000   37.5000  -37.5000 2127.1716   24.6532
   -7.5000   45.0000  -37.5000 2031.1140   26.8091
    0.0000   45.0000  -37.5000 2037.7607   26.7351
    7.5000   45.0000  -37.5000 2008.2410   27.0530
   -7.5000  -45.0000  -30.0000 2307.0227   19.8013
    0.0000  -45.0000  -30.0000 2331.1348   19.7532
    7.5000  -45.0000  -30.0000 2307.8936   19.9001
   -7.5000  -37.5000  -30.0000 2381.3064   18.7860
    0.0000  -37.5000  -30.0000 2409.6135   18.7118
    7.5000  -37.5000  -30.0000 2391.8401   18.8694
   -7.5000  -30.0000  -30.0000 2430.1331   18.2186
    0.0000  -30.0000  -30.0000 2454.1887   18.1156
    7.5000  -30.0000  -30.0000 2439.6760   18.2447
   -7.5000  -22.5000  -30.0000 2460.0132   17.9559
    0.0000  -22.5000  -30.0000 2478.9077   17.7811
    7.5000  -22.5000  -30.0000 2464.7502   17.9203
   -7.5000  -15.0000  -30.0000 2482.4851   17.9641
    0.0000  -15.0000  -30.0000 2496.8352   17.8217
    7.5000  -15.0000  -30.0000 2481.2063   17.9481
   -7.5000   -7.5000  -30.0000 2496.6685   17.9850
    0.0000   -7.5000  -30.0000 2514.7307   17.9018
    7.5000   -7.5000  -30.0000 2495.4978   18.0114
   -7.5000    0.0000  -30.0000 2497.8291   18.1470
    0.0000    0.0000  -30.0000 2512.7080   18.0349
    7.5000    0.0000  -30.0000 2495.6123   18.1873
   -7.5000    7.5000  -30.0000 2490.8779   18.4290
    0.0000    7.5000  -30.0000 2506.5852   18.3438
    7.5000    7.5000  -30.0000 2482.4487   18.5470
   -7.5000   15.0000  -30.0000 2474.6780   19.1159
    0.0000   15.0000  -30.0000 2490.4702   19.0544
    7.5000   15.0000  -30.0000 2460.0591   19.2779
   -7.5000   22.5000  -30.0000 2434.9697   20.1713
    0.0000   22.5000  -30.0000 2452.5825   20.1221
    7.5000   22.5000  -30.0000 2423.3560   20.3424
   -7.5000   30.0000  -30.0000 2365.0046   21.6167
    0.0000   30.0000  -30.0000 2378.8462   21.5730
    7.5000   30.0000  -30.0000 2350.0066   21.8367
   -7.5000   37.5000  -30.0000 2274.1680   23.4672
    0.0000   37.5000  -30.0000 2289.8462   23.4030
    7.5000   37.5000  -30.0000 2260.6106   23.7078
   -7.5000   45.0000  -30.0000 2154.9641   25.8559
    0.0000   45.0000  -30.0000 2165.5579   25.7309
    7.5000   45.0000  -30.0000 2137.1479   26.0663
   -7.5000  -45.0000  -22.5000 2399.3186   19.2569
    0.0000  -45.0000  -22.5000 2423.5281   19.1903
    7.5000  -45.0000  -22.5000 2403.0872   19.4235
   -7.5000  -37.5000  -22.5000 2483.1543   18.1422
    0.0000  -37.5000  -22.5000 2512.4548   18.0491
    7.5000  -37.5000  -22.5000 2492.2229   18.2441
   -7.5000  -30.0000  -22.5000 2534.3164   17.4909
    0.0000  -30.0000  -22.5000 2562.4277   17.4022
    7.5000  -30.0000  -22.5000 2541.4658   17.5437
   -7.5000  -22.5000  -22.5000 2571.5242   17.1686
    0.0000  -22.5000  -22.5000 2597.4578   17.0749
    7.5000  -22.5000  -22.5000 2580.4512   17.2009
   -7.5000  -15.0000  -22.5000 2598.2898   17.1034
    0.0000  -15.0000  -22.5000 2618.9453   16.9942
    7.5000  -15.0000  -22.5000 2600.4348   17.1377
   -7.5000   -7.5000  -22.5000 2616.2190   17.0718
    0.0000   -7.5000  -22.5000 2637.7070   17.0009
    7.5000   -7.5000  -22.5000 2611.0212   17.1212
   -7.5000    0.0000  -22.5000 2619.0112   17.1748
    0.0000    0.0000  -22.5000 2637.4556   17.1198
    7.5000    0.0000  -22.5000 2615.2375   17.2553
   -7.5000    7.5000  -22.5000 2613.9968   17.5496
    0.0000    7.5000  -22.5000 2639.5398   17.4636
    7.5000    7.5000  -22.5000 2609.6582   17.6626
   -7.5000   15.0000  -22.5000 2598.3984   18.2734
    0.0000   15.0000  -22.5000 2624.3621   18.1888
    7.5000   15.0000  -22.5000 2592.1648   18.3932
   -7.5000   22.5000  -22.5000 2561.3660   19.3302
    0.0000   22.5000  -22.5000 2584.7202   19.2382
    7.5000   22.5000  -22.5000 2550.9148   19.4780
   -7.5000   30.0000  -22.5000 2486.5256   20.7416
    0.0000   30.0000  -22.5000 2503.6797   20.6371
    7.5000   30.0000  -22.5000 2473.7861   20.8842
   -7.5000   37.5000  -22.5000 2390.2395   22.5428
    0.0000   37.5000  -22.5000 2407.4597   22.4210
    7.5000   37.5000  -22.5000 2376.0081   22.6880
   -7.5000   45.0000  -22.5000 2257.1289   24.7990
    0.0000   45.0000  -22.5000 2277.1777   24.7185
    7.5000   45.0000  -22.5000 2242.9204   24.9848
   -7.5000  -45.0000  -15.0000 2452.8616   18.6889
    0.0000  -45.0000  -15.0000 2476.4661   18.6589
    7.5000  -45.0000  -15.0000 2457.1692   18.9020
   -7.5000  -37.5000  -15.0000 2539.0247   17.5066
    0.0000  -37.5000  -15.0000 2564.7141   17.4665
    7.5000  -37.5000  -15.0000 2546.5691   17.7197
   -7.5000  -30.0000  -15.0000 2595.7090   16.7537
    0.0000  -30.0000  -15.0000 2623.3547   16.6945
    7.5000  -30.0000  -15.0000 2606.0601   16.9171
   -7.5000  -22.5000  -15.0000 2634.6238   16.3614
    0.0000  -22.5000  -15.0000 2664.5129   16.3220
    7.5000  -22.5000  -15.0000 2648.4663   16.5087
   -7.5000  -15.0000  -15.0000 2658.1477   16.2734
    0.0000  -15.0000  -15.0000 2691.2842   16.2337
    7.5000  -15.0000  -15.0000 2673.8174   16.3684
   -7.5000   -7.5000  -15.0000 2684.5430   16.2299
    0.0000   -7.5000  -15.0000 2717.6655   16.1863
    7.5000   -7.5000  -15.0000 2686.2290   16.3099
   -7.5000    0.0000  -15.0000 2695.9028   16.2920
    0.0000    0.0000  -15.0000 2722.4880   16.2203
    7.5000    0.0000  -15.0000 2697.6404   16.3896
   -7.5000    7.5000  -15.0000 2702.9978   16.7017
    0.0000    7.5000  -15.0000 2732.3779   16.6222
    7.5000    7.5000  -15.0000 2707.4019   16.8087
   -7.5000   15.0000  -15.0000 2687.6047   17.4347
    0.0000   15.0000  -15.0000 2718.7129   17.3469
    7.5000   15.0000  -15.0000 2686.4282   17.5414
   -7.5000   22.5000  -15.0000 2645.5320   18.5020
    0.0000   22.5000  -15.0000 2671.1445   18.3813
    7.5000   22.5000  -15.0000 2639.4307   18.5882
   -7.5000   30.0000  -15.0000 2567.3789   19.9141
    0.0000   30.0000  -15.0000 2586.7170   19.7885
    7.5000   30.0000  -15.0000 2556.3806   20.0156
   -7.5000   37.5000  -15.0000 2461.0684   21.7361
    0.0000   37.5000  -15.0000 2483.3955   21.5863
    7.5000   37.5000  -15.0000 2448.6396   21.8705
   -7.5000   45.0000  -15.0000 2321.8452   23.9459
    0.0000   45.0000  -15.0000 2343.1575   23.8408
    7.5000   45.0000  -15.0000 2310.1619   24.1380
   -7.5000  -45.0000   -7.5000 2478.2773   18.1642
    0.0000  -45.0000   -7.5000 2509.7629   18.1673
    7.5000  -45.0000   -7.5000 2490.1313   18.4766
   -7.5000  -37.5000   -7.5000 2565.9465   16.9581
    0.0000  -37.5000   -7.5000 2599.9106   16.9407
    7.5000  -37.5000   -7.5000 2579.0491   17.2173
   -7.5000  -30.0000   -7.5000 2631.1404   16.1455
    0.0000  -30.0000   -7.5000 2663.6206   16.1059
    7.5000  -30.0000   -7.5000 2643.9304   16.3834
   -7.5000  -22.5000   -7.5000 2680.2266   15.7808
    0.0000  -22.5000   -7.5000 2715.3701   15.7391
    7.5000  -22.5000   -7.5000 2697.0784   15.9774
   -7.5000  -15.0000   -7.5000 2714.3860   15.6283
    0.0000  -15.0000   -7.5000 2752.4185   15.5907
    7.5000  -15.0000   -7.5000 2733.9592   15.7971
   -7.5000   -7.5000   -7.5000 2736.2471   15.5071
    0.0000   -7.5000   -7.5000 2773.1536   15.4575
    7.5000   -7.5000   -7.5000 2751.1331   15.6771
   -7.5000    0.0000   -7.5000 2751.5459   15.5364
    0.0000    0.0000   -7.5000 2776.9360   15.4315
    7.5000    0.0000   -7.5000 2757.3430   15.6830
   -7.5000    7.5000   -7.5000 2760.6873   15.9440
    0.0000    7.5000   -7.5000 2791.7422   15.8568
    7.5000    7.5000   -7.5000 2770.4062   16.0692
   -7.5000   15.0000   -7.5000 2749.4202   16.7267
    0.0000   15.0000   -7.5000 2778.6455   16.5820
    7.5000   15.0000   -7.5000 2753.8745   16.7978
   -7.5000   22.5000   -7.5000 2701.6633   17.8087
    0.0000   22.5000   -7.5000 2726.0728   17.6247
    7.5000   22.5000   -7.5000 2704.0537   17.8996
   -7.5000   30.0000   -7.5000 2618.1174   19.2732
    0.0000   30.0000   -7.5000 2640.0940   19.0858
    7.5000   30.0000   -7.5000 2614.9297   19.4244
   -7.5000   37.5000   -7.5000 2509.5103   21.0925
    0.0000   37.5000   -7.5000 2529.1157   20.8992
    7.5000   37.5000   -7.5000 2494.7498   21.2924
   -7.5000   45.0000   -7.5000 2371.6501   23.2195
    0.0000   45.0000   -7.5000 2391.1357   23.0571
    7.5000   45.0000   -7.5000 2355.2100   23.4543
   -7.5000  -45.0000    0.0000 2490.1489   17.9323
    0.0000  -45.0000    0.0000 2515.4351   17.8726
    7.5000  -45.0000    0.0000 2501.3289   18.2390
   -7.5000  -37.5000    0.0000 2573.7141   16.6732
    0.0000  -37.5000    0.0000 2601.4778   16.5839
    7.5000  -37.5000    0.0000 2587.5715   16.9425
   -7.5000  -30.0000    0.0000 2638.0857   15.8206
    0.0000  -30.0000    0.0000 2666.8474   15.7142
    7.5000  -30.0000    0.0000 2658.8940   16.0790
   -7.5000  -22.5000    0.0000 2690.0525   15.4692
    0.0000  -22.5000    0.0000 2720.5085   15.3753
    7.5000  -22.5000    0.0000 2714.6340   15.6513
   -7.5000  -15.0000    0.0000 2738.3640   15.3658
    0.0000  -15.0000    0.0000 2773.6951   15.2954
    7.5000  -15.0000    0.0000 2764.9116   15.5200
   -7.5000   -7.5000    0.0000 2770.3809   15.1996
    0.0000   -7.5000    0.0000 2817.1763   15.1313
    7.5000   -7.5000    0.0000 2801.6331   15.4697
   -7.5000    0.0000    0.0000 2792.3237   15.1282
    0.0000    0.0000    0.0000 2819.7295   14.9453
    7.5000    0.0000    0.0000 2807.0259   15.3812
   -7.5000    7.5000    0.0000 2806.3286   15.5823
    0.0000    7.5000    0.0000 2825.7551   15.3546
    7.5000    7.5000    0.0000 2817.1016   15.7689
   -7.5000   15.0000    0.0000 2793.9333   16.3635
    0.0000   15.0000    0.0000 2811.7798   16.0893
    7.5000   15.0000    0.0000 2803.1067   16.4710
   -7.5000   22.5000    0.0000 2743.9600   17.5086
    0.0000   22.5000    0.0000 2765.7673   17.2295
    7.5000   22.5000    0.0000 2752.2512   17.6539
   -7.5000   30.0000    0.0000 2656.0344   18.9886
    0.0000   30.0000    0.0000 2673.0442   18.7257
    7.5000   30.0000    0.0000 2651.6572   19.1320
   -7.5000   37.5000    0.0000 2544.1270   20.7847
    0.0000   37.5000    0.0000 2554.7151   20.5393
    7.5000   37.5000    0.0000 2533.0015   20.9322
   -7.5000   45.0000    0.0000 2400.5435   22.9152
    0.0000   45.0000    0.0000 2411.6416   22.6999
    7.5000   45.0000    0.0000 2390.4937   23.1193
   -7.5000  -45.0000    7.5000 2479.4331   17.9567
    0.0000  -45.0000    7.5000 2504.0627   17.8603
    7.5000  -45.0000    7.5000 2486.8489   18.2006
   -7.5000  -37.5000    7.5000 2564.2446   16.6911
    0.0000  -37.5000    7.5000 2589.4338   16.5523
    7.5000  -37.5000    7.5000 2572.4058   16.9207
   -7.5000  -30.0000    7.5000 2641.0334   15.8327
    0.0000  -30.0000    7.5000 2666.2874   15.6844
    7.5000  -30.0000    7.5000 2653.9773   16.0512
   -7.5000  -22.5000    7.5000 2703.4609   15.4702
    0.0000  -22.5000    7.5000 2726.2610   15.2618
    7.5000  -22.5000    7.5000 2729.7556   15.6005
   -7.5000  -15.0000    7.5000 2774.2710   15.4686
    0.0000  -15.0000    7.5000 2794.2947   15.2994
    7.5000  -15.0000    7.5000 2801.3916   15.6206
   -7.5000   -7.5000    7.5000 2829.0166   15.4408
    0.0000   -7.5000    7.5000 2885.8828   15.4906
    7.5000   -7.5000    7.5000 2878.9304   15.7607
   -7.5000    0.0000    7.5000 2854.8044   15.3404
    0.0000    0.0000    7.5000 2897.9614   15.1505
    7.5000    0.0000    7.5000 2885.8015   15.7247
   -7.5000    7.5000    7.5000 2857.4468   15.6767
    0.0000    7.5000    7.5000 2883.5566   15.3680
    7.5000    7.5000    7.5000 2864.3296   15.8777
   -7.5000   15.0000    7.5000 2822.0486   16.3366
    0.0000   15.0000    7.5000 2843.7332   16.0790
    7.5000   15.0000    7.5000 2828.0430   16.4529
   -7.5000   22.5000    7.5000 2763.0852   17.3965
    0.0000   22.5000    7.5000 2785.6748   17.1665
    7.5000   22.5000    7.5000 2766.8889   17.4611
   -7.5000   30.0000    7.5000 2663.8345   18.8227
    0.0000   30.0000    7.5000 2687.9304   18.6234
    7.5000   30.0000    7.5000 2667.6484   18.8715
   -7.5000   37.5000    7.5000 2550.6350   20.6045
    0.0000   37.5000    7.5000 2573.2949   20.4695
    7.5000   37.5000    7.5000 2550.0674   20.7153
   -7.5000   45.0000    7.5000 2405.8147   22.7512
    0.0000   45.0000    7.5000 2427.0562   22.6886
    7.5000   45.0000    7.5000 2399.3208   22.9724
   -7.5000  -45.0000   15.0000 2454.5249   18.3509
    0.0000  -45.0000   15.0000 2465.8428   18.0160
    7.5000  -45.0000   15.0000 2456.9775   18.4431
   -7.5000  -37.5000   15.0000 2546.2659   17.0936
    0.0000  -37.5000   15.0000 2546.3997   16.7582
    7.5000  -37.5000   15.0000 2545.1592   17.2162
   -7.5000  -30.0000   15.0000 2644.5544   16.2622
    0.0000  -30.0000   15.0000 2647.4529   15.9780
    7.5000  -30.0000   15.0000 2649.8418   16.4512
   -7.5000  -22.5000   15.0000 2723.7896   15.8626
    0.0000  -22.5000   15.0000 2747.1462   15.6530
    7.5000  -22.5000   15.0000 2755.9653   16.1038
   -7.5000  -15.0000   15.0000 2791.1096   15.7729
    0.0000  -15.0000   15.0000 2838.1484   15.7668
    7.5000  -15.0000   15.0000 2834.3376   16.0780
   -7.5000   -7.5000   15.0000 2830.4316   15.6432
    0.0000   -7.5000   15.0000 2903.8611   15.6541
    7.5000   -7.5000   15.0000 2877.9453   16.0003
   -7.5000    0.0000   15.0000 2861.4116   15.7319
    0.0000    0.0000   15.0000 2926.1541   15.6600
    7.5000    0.0000   15.0000 2888.2627   16.0423
   -7.5000    7.5000   15.0000 2850.2041   16.0248
    0.0000    7.5000   15.0000 2904.0728   15.9942
    7.5000    7.5000   15.0000 2865.5085   16.2867
   -7.5000   15.0000   15.0000 2811.9958   16.5576
    0.0000   15.0000   15.0000 2847.0791   16.4738
    7.5000   15.0000   15.0000 2815.7341   16.7493
   -7.5000   22.5000   15.0000 2751.3503   17.5290
    0.0000   22.5000   15.0000 2772.5068   17.3582
    7.5000   22.5000   15.0000 2745.1489   17.6284
   -7.5000   30.0000   15.0000 2649.4070   18.9358
    0.0000   30.0000   15.0000 2669.6155   18.7016
    7.5000   30.0000   15.0000 2647.8313   18.9968
   -7.5000   37.5000   15.0000 2541.3435   20.6705
    0.0000   37.5000   15.0000 2556.6006   20.4378
    7.5000   37.5000   15.0000 2536.5764   20.7452
   -7.5000   45.0000   15.0000 2395.9763   22.7661
    0.0000   45.0000   15.0000 2407.3875   22.6147
    7.5000   45.0000   15.0000 2389.8350   22.9408
   -7.5000  -45.0000   22.5000 2454.2451   19.2455
    0.0000  -45.0000   22.5000 2457.5144   18.9024
    7.5000  -45.0000   22.5000 2453.9812   19.3765
   -7.5000  -37.5000   22.5000 2553.1865   18.0184
    0.0000  -37.5000   22.5000 2578.1060   17.8093
    7.5000  -37.5000   22.5000 2577.0320   18.2627
   -7.5000  -30.0000   22.5000 2660.4114   17.1379
    0.0000  -30.0000   22.5000 2698.5737   17.0186
    7.5000  -30.0000   22.5000 2687.5923   17.4472
   -7.5000  -22.5000   22.5000 2749.2065   16.6005
    0.0000  -22.5000   22.5000 2796.5981   16.5276
    7.5000  -22.5000   22.5000 2780.4126   16.9058
   -7.5000  -15.0000   22.5000 2802.6729   16.2658
    0.0000  -15.0000   22.5000 2846.4341   16.2528
    7.5000  -15.0000   22.5000 2830.3171   16.5908
   -7.5000   -7.5000   22.5000 2833.9084   16.1019
    0.0000   -7.5000   22.5000 2872.4241   15.8333
    7.5000   -7.5000   22.5000 2857.9946   16.3036
   -7.5000    0.0000   22.5000 2857.7234   16.2381
    0.0000    0.0000   22.5000 2903.0757   15.9787
    7.5000    0.0000   22.5000 2872.7463   16.4118
   -7.5000    7.5000   22.5000 2841.1033   16.6082
    0.0000    7.5000   22.5000 2886.6721   16.4392
    7.5000    7.5000   22.5000 2854.4690   16.7618
   -7.5000   15.0000   22.5000 2787.1863   17.2160
    0.0000   15.0000   22.5000 2826.2893   17.0916
    7.5000   15.0000   22.5000 2794.8701   17.3559
   -7.5000   22.5000   22.5000 2716.2129   18.1237
    0.0000   22.5000   22.5000 2746.3162   18.0260
    7.5000   22.5000   22.5000 2722.6211   18.3250
   -7.5000   30.0000   22.5000 2612.8198   19.3531
    0.0000   30.0000   22.5000 2633.9917   19.2114
    7.5000   30.0000   22.5000 2611.6785   19.5232
   -7.5000   37.5000   22.5000 2502.1611   20.9056
    0.0000   37.5000   22.5000 2522.5322   20.7924
    7.5000   37.5000   22.5000 2500.2942   21.0590
   -7.5000   45.0000   22.5000 2357.5696   22.9781
    0.0000   45.0000   22.5000 2364.5422   22.8681
    7.5000   45.0000   22.5000 2347.3694   23.1278
   -7.5000  -45.0000   30.0000 2458.5002   20.6203
    0.0000  -45.0000   30.0000 2492.6499   20.5069
    7.5000  -45.0000   30.0000 2472.8088   20.9443
   -7.5000  -37.5000   30.0000 2568.1538   19.3043
    0.0000  -37.5000   30.0000 2603.5088   19.1665
    7.5000  -37.5000   30.0000 2575.7256   19.5185
   -7.5000  -30.0000   30.0000 2662.9431   18.2082
    0.0000  -30.0000   30.0000 2697.2073   18.0423
    7.5000  -30.0000   30.0000 2669.3550   18.4165
   -7.5000  -22.5000   30.0000 2739.2185   17.4281
    0.0000  -22.5000   30.0000 2776.8306   17.2693
    7.5000  -22.5000   30.0000 2749.1704   17.6416
   -7.5000  -15.0000   30.0000 2786.9014   16.9580
    0.0000  -15.0000   30.0000 2812.7773   16.6439
    7.5000  -15.0000   30.0000 2794.4019   17.1013
   -7.5000   -7.5000   30.0000 2815.0674   16.6988
    0.0000   -7.5000   30.0000 2843.2136   16.3853
    7.5000   -7.5000   30.0000 2815.7483   16.8284
   -7.5000    0.0000   30.0000 2831.8325   16.9310
    0.0000    0.0000   30.0000 2861.4756   16.6425
    7.5000    0.0000   30.0000 2837.2825   17.0943
   -7.5000    7.5000   30.0000 2800.8235   17.3990
    0.0000    7.5000   30.0000 2843.8401   17.1732
    7.5000    7.5000   30.0000 2809.8223   17.5396
   -7.5000   15.0000   30.0000 2741.2734   18.0843
    0.0000   15.0000   30.0000 2773.3279   17.8429
    7.5000   15.0000   30.0000 2746.1001   18.2113
   -7.5000   22.5000   30.0000 2671.3396   19.0049
    0.0000   22.5000   30.0000 2697.3018   18.8337
    7.5000   22.5000   30.0000 2670.3555   19.1877
   -7.5000   30.0000   30.0000 2567.0537   20.2652
    0.0000   30.0000   30.0000 2593.7720   20.1263
    7.5000   30.0000   30.0000 2570.3560   20.4694
   -7.5000   37.5000   30.0000 2460.6880   21.7917
    0.0000   37.5000   30.0000 2474.6223   21.6523
    7.5000   37.5000   30.0000 2456.1667   21.9787
   -7.5000   45.0000   30.0000 2312.2212   23.7296
    0.0000   45.0000   30.0000 2316.7554   23.5818
    7.5000   45.0000   30.0000 2297.8354   23.8107
   -7.5000  -45.0000   37.5000 2444.3223   22.1763
    0.0000  -45.0000   37.5000 2465.3950   21.9244
    7.5000  -45.0000   37.5000 2436.6902   22.3065
   -7.5000  -37.5000   37.5000 2547.4541   20.6009
    0.0000  -37.5000   37.5000 2572.6362   20.3277
    7.5000  -37.5000   37.5000 2539.4165   20.6723
   -7.5000  -30.0000   37.5000 2633.8469   19.2860
    0.0000  -30.0000   37.5000 2657.2864   19.0227
    7.5000  -30.0000   37.5000 2626.0833   19.3738
   -7.5000  -22.5000   37.5000 2704.6831   18.2835
    0.0000  -22.5000   37.5000 2730.7820   18.0061
    7.5000  -22.5000   37.5000 2702.3931   18.4418
   -7.5000  -15.0000   37.5000 2742.6279   17.6609
    0.0000  -15.0000   37.5000 2781.7778   17.3784
    7.5000  -15.0000   37.5000 2752.4070   17.8054
   -7.5000   -7.5000   37.5000 2765.6926   17.4662
    0.0000   -7.5000   37.5000 2799.7339   17.2513
    7.5000   -7.5000   37.5000 2771.6921   17.6353
   -7.5000    0.0000   37.5000 2773.3674   17.8153
    0.0000    0.0000   37.5000 2804.8555   17.5787
    7.5000    0.0000   37.5000 2778.9797   17.9343
   -7.5000    7.5000   37.5000 2738.6357   18.3501
    0.0000    7.5000   37.5000 2774.8721   18.1361
    7.5000    7.5000   37.5000 2746.7412   18.4846
   -7.5000   15.0000   37.5000 2678.1147   19.0472
    0.0000   15.0000   37.5000 2706.2581   18.8596
    7.5000   15.0000   37.5000 2685.7078   19.2159
   -7.5000   22.5000   37.5000 2604.2485   20.0025
    0.0000   22.5000   37.5000 2628.6865   19.8126
    7.5000   22.5000   37.5000 2605.6770   20.1935
   -7.5000   30.0000   37.5000 2509.6328   21.2583
    0.0000   30.0000   37.5000 2530.7583   21.1303
    7.5000   30.0000   37.5000 2508.4277   21.4904
   -7.5000   37.5000   37.5000 2399.9917   22.9007
    0.0000   37.5000   37.5000 2407.3281   22.7749
    7.5000   37.5000   37.5000 2390.4048   23.0610
   -7.5000   45.0000   37.5000 2253.3000   24.8503
    0.0000   45.0000   37.5000 2263.2234   24.7261
    7.5000   45.0000   37.5000 2246.3325   25.0027
   -7.5000  -45.0000   45.0000 2395.5603   23.6589
    0.0000  -45.0000   45.0000 2417.4111   23.4082
    7.5000  -45.0000   45.0000 2381.1006   23.6522
   -7.5000  -37.5000   45.0000 2495.0215   21.8386
    0.0000  -37.5000   45.0000 2518.3604   21.5921
    7.5000  -37.5000   45.0000 2483.3374   21.8490
   -7.5000  -30.0000   45.0000 2572.3611   20.3564
    0.0000  -30.0000   45.0000 2599.6421   20.0906
    7.5000  -30.0000   45.0000 2567.5637   20.4122
   -7.5000  -22.5000   45.0000 2636.9980   19.2379
    0.0000  -22.5000   45.0000 2668.7307   18.9591
    7.5000  -22.5000   45.0000 2632.7075   19.3668
   -7.5000  -15.0000   45.0000 2676.9758   18.5817
    0.0000  -15.0000   45.0000 2715.7151   18.3506
    7.5000  -15.0000   45.0000 2679.7034   18.7714
   -7.5000   -7.5000   45.0000 2692.3616   18.4642
    0.0000   -7.5000   45.0000 2721.2627   18.2688
    7.5000   -7.5000   45.0000 2692.5525   18.6242
   -7.5000    0.0000   45.0000 2684.9375   18.8361
    0.0000    0.0000   45.0000 2720.4043   18.6439
    7.5000    0.0000   45.0000 2696.0872   18.9694
   -7.5000    7.5000   45.0000 2658.6931   19.4063
    0.0000    7.5000   45.0000 2692.0271   19.2164
    7.5000    7.5000   45.0000 2665.9915   19.5205
   -7.5000   15.0000   45.0000 2600.6375   20.1446
    0.0000   15.0000   45.0000 2625.8945   19.9769
    7.5000   15.0000   45.0000 2600.4382   20.3132
   -7.5000   22.5000   45.0000 2529.7419   21.0939
    0.0000   22.5000   45.0000 2554.8748   20.9921
    7.5000   22.5000   45.0000 2529.2512   21.3415
   -7.5000   30.0000   45.0000 2435.8030   22.4171
    0.0000   30.0000   45.0000 2452.4785   22.3031
    7.5000   30.0000   45.0000 2428.0913   22.6601
   -7.5000   37.5000   45.0000 2317.6401   24.1279
    0.0000   37.5000   45.0000 2327.7649   23.9939
    7.5000   37.5000   45.0000 2308.1704   24.2847
   -7.5000   45.0000   45.0000 2181.4189   26.0942
    0.0000   45.0000   45.0000 2197.6851   25.9853
    7.5000   45.0000   45.0000 2177.4209   26.2269
   -7.5000  -45.0000   52.5000 2317.9663   25.1677
    0.0000  -45.0000   52.5000 2345.2837   24.8835
    7.5000  -45.0000   52.5000 2315.5298   25.1137
   -7.5000  -37.5000   52.5000 2421.4246   23.2229
    0.0000  -37.5000   52.5000 2445.9014   22.9527
    7.5000  -37.5000   52.5000 2410.9778   23.1825
   -7.5000  -30.0000   52.5000 2502.4946   21.5836
    0.0000  -30.0000   52.5000 2529.1196   21.3076
    7.5000  -30.0000   52.5000 2493.8228   21.6205
   -7.5000  -22.5000   52.5000 2567.5210   20.4324
    0.0000  -22.5000   52.5000 2593.6592   20.1492
    7.5000  -22.5000   52.5000 2556.6873   20.5283
   -7.5000  -15.0000   52.5000 2596.0071   19.7337
    0.0000  -15.0000   52.5000 2624.7014   19.5684
    7.5000  -15.0000   52.5000 2590.7598   19.9385
   -7.5000   -7.5000   52.5000 2600.7705   19.5905
    0.0000   -7.5000   52.5000 2625.8157   19.4479
    7.5000   -7.5000   52.5000 2601.8828   19.8132
   -7.5000    0.0000   52.5000 2585.4119   19.9831
    0.0000    0.0000   52.5000 2617.1721   19.8552
    7.5000    0.0000   52.5000 2593.2778   20.1466
   -7.5000    7.5000   52.5000 2565.1570   20.6204
    0.0000    7.5000   52.5000 2591.5398   20.4868
    7.5000    7.5000   52.5000 2570.3804   20.7254
   -7.5000   15.0000   52.5000 2503.9907   21.4072
    0.0000   15.0000   52.5000 2535.9944   21.3036
    7.5000   15.0000   52.5000 2508.8218   21.5652
   -7.5000   22.5000   52.5000 2439.2515   22.3934
    0.0000   22.5000   52.5000 2462.3696   22.3516
    7.5000   22.5000   52.5000 2437.1594   22.6568
   -7.5000   30.0000   52.5000 2349.6396   23.7592
    0.0000   30.0000   52.5000 2365.9514   23.6810
    7.5000   30.0000   52.5000 2347.9939   24.0009
   -7.5000   37.5000   52.5000 2228.9902   25.4381
    0.0000   37.5000   52.5000 2243.2361   25.4120
    7.5000   37.5000   52.5000 2233.3608   25.7057
   -7.5000   45.0000   52.5000 2104.4512   27.5435
    0.0000   45.0000   52.5000 2118.7815   27.5003
    7.5000   45.0000   52.5000 2105.1436   27.7819

---------------------------------------------------------------------
imgreg_4dfp /opt/freesurfer/average/711-2C_as_mni_average_305 /opt/freesurfer/average/711-2B_as_mni_average_305_mask talsrcimg_g11 none talsrcimg_to_711-2C_as_mni_average_305_t4 1283
---------------------------------------------------------------------

freesurfer imgreg_4dfp.c
/opt/freesurfer/average/711-2C_as_mni_average_305.4dfp.img
       256       256       256         1
  1.000000  1.000000  1.000000
orientation T byte_order littleendian
Reading image: /opt/freesurfer/average/711-2C_as_mni_average_305.4dfp.img
dimensions:      256       256       256
mmppix:       1.0000   -1.0000   -1.0000
center:     128.0000 -129.0000 -129.0000
/opt/freesurfer/average/711-2B_as_mni_average_305_mask.4dfp.img
       256       256       256         1
  1.000000  1.000000  1.000000
orientation T byte_order littleendian
Reading mask: /opt/freesurfer/average/711-2B_as_mni_average_305_mask.4dfp.img (2306576 pixels)
talsrcimg_g11.4dfp.img
       256       256       256         1
  1.000000  1.000000  1.000000
orientation T byte_order littleendian
Reading image: talsrcimg_g11.4dfp.img
dimensions:      256       256       256
mmppix:       1.0000   -1.0000   -1.0000
center:     128.0000 -129.0000 -129.0000
rotation matrix determinant  1.000000
fimgreg.f
image alignment mode   1283 decimal      503 hex
parameters
    0.0000    0.0000   15.0000    0.0000    0.0000    0.0000
eta,q 0.92084 15.70033
niter,ni,del,rscale     5    3   12.0000    1.2000
parameter  3  2.867028 ->  0.500000 qaram    1.1500
parameters
    0.8722    0.3041   11.5500   -0.0692   -0.8991    1.4759
eta,q 0.92620 15.59328
  0.1030  0.0877  0.0769  0.0833  0.0817  0.0805
  0.0936  0.0861  0.0741  0.0794  0.0777  0.0780
  0.0855  0.0845  0.0766  0.0755  0.0749  0.0760
  0.0815  0.0809  0.0800  0.0742  0.0742  0.0744
  0.0821  0.0810  0.0814  0.0773  0.0763  0.0738
  0.0875  0.0848  0.0811  0.0806  0.0818  0.0746
  0.0934  0.0878  0.0833  0.0825  0.0885  0.0769
niter,ni,del,rscale     5    3   12.0000    1.2000
parameter  4 -0.779067 -> -0.500000 qaram    1.1500
parameters
    1.7205   -2.5243   12.1863    3.3808   -1.6450    0.7428
eta,q 0.92830 15.66787
  0.0961  0.0747  0.0965  0.0816  0.0798  0.0753
  0.0866  0.0741  0.0866  0.0796  0.0758  0.0735
  0.0787  0.0727  0.0739  0.0778  0.0727  0.0721
  0.0738  0.0732  0.0732  0.0749  0.0714  0.0716
  0.0742  0.0775  0.0799  0.0723  0.0735  0.0725
  0.0797  0.0814  0.0857  0.0716  0.0791  0.0748
  0.0870  0.0841  0.0855  0.0740  0.0860  0.0782
niter,ni,del,rscale     5    3   12.0000    1.2000
parameters
    1.8567   -3.3184   12.5474    2.9636   -1.9751    0.5918
eta,q 0.92697 15.66721
  0.0926  0.0795  0.0959  0.0792  0.0816  0.0778
  0.0846  0.0774  0.0830  0.0777  0.0776  0.0755
  0.0760  0.0736  0.0702  0.0750  0.0744  0.0737
  0.0717  0.0717  0.0717  0.0727  0.0730  0.0730
  0.0750  0.0764  0.0783  0.0737  0.0739  0.0736
  0.0830  0.0813  0.0839  0.0779  0.0785  0.0756
  0.0913  0.0822  0.0864  0.0823  0.0847  0.0786
niter,ni,del,rscale     4    3   12.0000    1.2000
parameters
    1.9097   -3.3570   12.6210    2.7485   -2.0492    0.5810
eta,q 0.92653 15.66671
  0.0927  0.0809  0.0941  0.0794  0.0824  0.0786
  0.0848  0.0787  0.0809  0.0779  0.0785  0.0762
  0.0767  0.0765  0.0700  0.0757  0.0752  0.0743
  0.0730  0.0730  0.0731  0.0733  0.0734  0.0735
  0.0763  0.0744  0.0796  0.0735  0.0739  0.0740
  0.0840  0.0795  0.0844  0.0772  0.0779  0.0760
  0.0923  0.0813  0.0874  0.0820  0.0839  0.0789
niter,ni,del,rscale     3    3   12.0000    1.2000
parameters
    1.9274   -3.3013   12.6362    2.6431   -2.0774    0.5783
eta,q 0.92646 15.66739
  0.0926  0.0809  0.0937  0.0796  0.0825  0.0787
  0.0848  0.0787  0.0804  0.0781  0.0786  0.0763
  0.0769  0.0769  0.0699  0.0760  0.0753  0.0745
  0.0735  0.0735  0.0734  0.0734  0.0735  0.0735
  0.0768  0.0744  0.0800  0.0734  0.0739  0.0741
  0.0844  0.0791  0.0845  0.0770  0.0778  0.0761
  0.0925  0.0811  0.0874  0.0818  0.0838  0.0790
niter,ni,del,rscale     2    3   12.0000    1.2000
parameters
    1.9398   -3.2652   12.6454    2.5947   -2.0928    0.5776
eta,q 0.92642 15.66797
  0.0925  0.0808  0.0936  0.0797  0.0825  0.0788
  0.0847  0.0787  0.0803  0.0782  0.0786  0.0764
  0.0769  0.0769  0.0699  0.0761  0.0753  0.0745
  0.0735  0.0735  0.0735  0.0735  0.0736  0.0736
  0.0769  0.0745  0.0801  0.0734  0.0739  0.0741
  0.0844  0.0791  0.0844  0.0769  0.0777  0.0761
  0.0925  0.0810  0.0873  0.0818  0.0837  0.0791
registration optimization eta report
parameter search radius
    6.0000    6.0000    6.9000    6.9000    6.0000    6.0000
100000*second partial in parameter space
       50.       18.       36.       15.       27.       15.
  0.0925  0.0808  0.0936  0.0797  0.0825  0.0788
  0.0847  0.0787  0.0803  0.0782  0.0786  0.0764
  0.0769  0.0769  0.0699  0.0761  0.0753  0.0745
  0.0735  0.0735  0.0735  0.0735  0.0736  0.0736
  0.0769  0.0745  0.0801  0.0734  0.0739  0.0741
  0.0844  0.0791  0.0844  0.0769  0.0777  0.0761
  0.0925  0.0810  0.0873  0.0818  0.0837  0.0791
    1.9398   -3.2652   12.6454    2.5947   -2.0928    0.5776
eta,q 0.92642 15.66797

---------------------------------------------------------------------
imgreg_4dfp /opt/freesurfer/average/711-2C_as_mni_average_305 /opt/freesurfer/average/711-2B_as_mni_average_305_mask talsrcimg_g11 none talsrcimg_to_711-2C_as_mni_average_305_t4 3335
---------------------------------------------------------------------

freesurfer imgreg_4dfp.c
/opt/freesurfer/average/711-2C_as_mni_average_305.4dfp.img
       256       256       256         1
  1.000000  1.000000  1.000000
orientation T byte_order littleendian
Reading image: /opt/freesurfer/average/711-2C_as_mni_average_305.4dfp.img
dimensions:      256       256       256
mmppix:       1.0000   -1.0000   -1.0000
center:     128.0000 -129.0000 -129.0000
/opt/freesurfer/average/711-2B_as_mni_average_305_mask.4dfp.img
       256       256       256         1
  1.000000  1.000000  1.000000
orientation T byte_order littleendian
Reading mask: /opt/freesurfer/average/711-2B_as_mni_average_305_mask.4dfp.img (2306576 pixels)
talsrcimg_g11.4dfp.img
       256       256       256         1
  1.000000  1.000000  1.000000
orientation T byte_order littleendian
Reading image: talsrcimg_g11.4dfp.img
dimensions:      256       256       256
mmppix:       1.0000   -1.0000   -1.0000
center:     128.0000 -129.0000 -129.0000
fimgreg.f
image alignment mode   3335 decimal      D07 hex
parameters
    1.9398   -3.2652   12.6454   -0.0718   -0.1059   -0.1692
   -0.8418    3.6935    1.0075   -4.4900   -3.6518    4.5240
eta,q 0.92511 15.68064
niter,ni,del,rscale     5    3    5.0000    1.2000
parameter  2 -2.232476 -> -0.500000 qaram    1.1500
parameter  4  1.979426 ->  0.500000 qaram    1.1500
parameter  5 -2.353753 ->  0.500000 qaram    1.1500
parameter  6  0.964615 ->  0.500000 qaram    1.1500
parameter 12  1.470389 ->  0.500000 qaram    1.1500
parameters
    2.3318   -1.8852   12.2525   -4.2118   -4.2459   -4.3092
   -1.0121    3.7658    4.2732   -4.3727   -5.1960    0.3840
eta,q 0.95531 15.92113
  0.0796  0.0761  0.0760  0.0620  0.0489  0.0460  0.0504  0.0543  0.0518  0.0536  0.0491  0.0438
  0.0773  0.0757  0.0745  0.0649  0.0552  0.0477  0.0493  0.0510  0.0504  0.0507  0.0481  0.0444
  0.0757  0.0753  0.0739  0.0688  0.0612  0.0510  0.0486  0.0491  0.0492  0.0487  0.0478  0.0457
  0.0749  0.0748  0.0742  0.0740  0.0658  0.0569  0.0484  0.0484  0.0484  0.0479  0.0479  0.0478
  0.0750  0.0744  0.0749  0.0804  0.0694  0.0659  0.0486  0.0488  0.0479  0.0486  0.0485  0.0503
  0.0758  0.0741  0.0759  0.0877  0.0733  0.0776  0.0494  0.0507  0.0480  0.0505  0.0493  0.0531
  0.0773  0.0740  0.0772  0.0946  0.0767  0.0916  0.0506  0.0543  0.0486  0.0532  0.0505  0.0561
niter,ni,del,rscale     7    3    5.0000    1.2000
parameter  2  0.624509 ->  0.500000 qaram    1.3225
parameter  3  0.941538 ->  0.500000 qaram    1.1500
parameter  4  0.835089 ->  0.500000 qaram    1.3225
parameter  5  0.938662 ->  0.500000 qaram    1.3225
parameters
    1.3185   -3.4722   10.8725   -8.9728   -9.0069   -6.8080
   -3.0794    4.4746    4.3463   -2.8272   -7.7260   -1.1590
eta,q 0.96875 15.76966
  0.0453  0.0433  0.0399  0.0359  0.0326  0.0339  0.0334  0.0359  0.0339  0.0362  0.0315  0.0327
  0.0442  0.0426  0.0402  0.0368  0.0317  0.0329  0.0321  0.0337  0.0327  0.0342  0.0313  0.0318
  0.0440  0.0428  0.0411  0.0382  0.0327  0.0321  0.0317  0.0323  0.0320  0.0326  0.0313  0.0313
  0.0447  0.0440  0.0425  0.0404  0.0371  0.0317  0.0320  0.0317  0.0316  0.0316  0.0314  0.0313
  0.0461  0.0462  0.0447  0.0440  0.0442  0.0323  0.0330  0.0318  0.0319  0.0314  0.0315  0.0317
  0.0482  0.0490  0.0476  0.0497  0.0512  0.0387  0.0346  0.0327  0.0326  0.0321  0.0319  0.0328
  0.0509  0.0521  0.0512  0.0572  0.0560  0.0507  0.0366  0.0346  0.0339  0.0337  0.0324  0.0346
niter,ni,del,rscale     7    3    5.0000    1.2000
parameter  2 -0.625524 -> -0.500000 qaram    1.5209
parameters
    0.8454   -1.6471    9.9886  -13.4462  -11.5938   -7.4445
   -3.6937    4.2193    4.5452   -2.4977   -8.2158   -4.7846
eta,q 0.97221 15.25886
  0.0330  0.0425  0.0295  0.0285  0.0327  0.0305  0.0306  0.0314  0.0300  0.0307  0.0287  0.0283
  0.0318  0.0382  0.0289  0.0277  0.0304  0.0293  0.0291  0.0296  0.0290  0.0292  0.0284  0.0279
  0.0312  0.0343  0.0287  0.0279  0.0284  0.0285  0.0283  0.0285  0.0284  0.0284  0.0282  0.0278
  0.0312  0.0311  0.0288  0.0287  0.0277  0.0281  0.0282  0.0281  0.0281  0.0281  0.0281  0.0281
  0.0320  0.0292  0.0294  0.0300  0.0310  0.0276  0.0287  0.0286  0.0283  0.0283  0.0282  0.0288
  0.0333  0.0289  0.0306  0.0322  0.0379  0.0283  0.0298  0.0300  0.0288  0.0290  0.0285  0.0297
  0.0352  0.0302  0.0324  0.0371  0.0446  0.0334  0.0314  0.0319  0.0298  0.0302  0.0289  0.0311
niter,ni,del,rscale     7    3    5.0000    1.2000
parameters
    0.6594   -0.3605    9.9069  -13.4030  -13.0315   -6.5635
   -3.9655    3.9191    4.7514   -0.9256   -8.5692   -6.3628
eta,q 0.97291 15.24013
  0.0304  0.0372  0.0284  0.0300  0.0333  0.0303  0.0299  0.0301  0.0290  0.0302  0.0279  0.0282
  0.0288  0.0333  0.0274  0.0281  0.0308  0.0289  0.0283  0.0286  0.0280  0.0285  0.0275  0.0275
  0.0280  0.0301  0.0268  0.0269  0.0285  0.0279  0.0274  0.0275  0.0274  0.0276  0.0272  0.0271
  0.0278  0.0278  0.0267  0.0267  0.0267  0.0273  0.0272  0.0272  0.0272  0.0272  0.0272  0.0272
  0.0283  0.0267  0.0269  0.0272  0.0279  0.0269  0.0277  0.0276  0.0273  0.0272  0.0273  0.0276
  0.0295  0.0272  0.0275  0.0282  0.0339  0.0269  0.0287  0.0289  0.0279  0.0276  0.0276  0.0284
  0.0313  0.0298  0.0287  0.0297  0.0412  0.0300  0.0302  0.0307  0.0288  0.0282  0.0280  0.0294
niter,ni,del,rscale     6    3    5.0000    1.2000
parameters
    0.6245    0.2420    9.7959  -13.1211  -13.7251   -7.0481
   -4.0945    3.7747    4.9681    0.3818   -8.8530   -7.0915
eta,q 0.97263 15.20330
  0.0300  0.0339  0.0285  0.0300  0.0337  0.0300  0.0300  0.0302  0.0289  0.0295  0.0281  0.0287
  0.0284  0.0308  0.0276  0.0282  0.0313  0.0287  0.0285  0.0288  0.0280  0.0283  0.0277  0.0280
  0.0274  0.0284  0.0271  0.0271  0.0290  0.0278  0.0276  0.0278  0.0275  0.0276  0.0275  0.0275
  0.0271  0.0271  0.0268  0.0269  0.0269  0.0273  0.0274  0.0274  0.0274  0.0274  0.0274  0.0274
  0.0275  0.0269  0.0271  0.0273  0.0265  0.0269  0.0278  0.0277  0.0275  0.0275  0.0275  0.0277
  0.0285  0.0280  0.0277  0.0282  0.0311  0.0274  0.0287  0.0289  0.0279  0.0278  0.0278  0.0283
  0.0302  0.0308  0.0289  0.0294  0.0389  0.0328  0.0301  0.0305  0.0287  0.0282  0.0283  0.0293
niter,ni,del,rscale     5    3    5.0000    1.2000
parameters
    0.5987    0.7273    9.5883  -13.5859  -14.1785   -7.1188
   -4.1721    3.7234    5.1884    2.0866   -9.2544   -7.6751
eta,q 0.97255 15.14698
  0.0302  0.0332  0.0287  0.0298  0.0335  0.0302  0.0300  0.0303  0.0287  0.0292  0.0281  0.0287
  0.0286  0.0304  0.0279  0.0282  0.0313  0.0289  0.0285  0.0289  0.0280  0.0282  0.0278  0.0281
  0.0277  0.0284  0.0274  0.0273  0.0292  0.0279  0.0277  0.0279  0.0276  0.0277  0.0275  0.0276
  0.0274  0.0274  0.0272  0.0272  0.0272  0.0274  0.0274  0.0274  0.0274  0.0274  0.0275  0.0275
  0.0277  0.0273  0.0275  0.0278  0.0264  0.0270  0.0278  0.0278  0.0276  0.0275  0.0276  0.0277
  0.0288  0.0284  0.0282  0.0288  0.0302  0.0273  0.0287  0.0288  0.0279  0.0277  0.0279  0.0283
  0.0303  0.0310  0.0293  0.0301  0.0378  0.0318  0.0300  0.0305  0.0285  0.0280  0.0283  0.0292
niter,ni,del,rscale     4    3    5.0000    1.2000
parameters
    0.5810    1.3477    9.2860  -14.0316  -14.8844   -7.6512
   -4.2440    3.6898    5.5744    4.9334   -9.6684   -7.9624
eta,q 0.97257 15.05758
  0.0303  0.0329  0.0285  0.0298  0.0327  0.0300  0.0299  0.0304  0.0287  0.0293  0.0281  0.0287
  0.0287  0.0303  0.0278  0.0282  0.0308  0.0287  0.0286  0.0290  0.0281  0.0285  0.0277  0.0280
  0.0278  0.0285  0.0273  0.0273  0.0289  0.0279  0.0278  0.0280  0.0277  0.0279  0.0275  0.0276
  0.0275  0.0274  0.0272  0.0272  0.0272  0.0275  0.0276  0.0276  0.0276  0.0276  0.0274  0.0274
  0.0278  0.0272  0.0275  0.0279  0.0266  0.0271  0.0279  0.0279  0.0276  0.0274  0.0275  0.0276
  0.0288  0.0280  0.0282  0.0288  0.0302  0.0276  0.0287  0.0290  0.0279  0.0275  0.0278  0.0281
  0.0304  0.0304  0.0294  0.0300  0.0377  0.0326  0.0300  0.0306  0.0285  0.0278  0.0283  0.0290
niter,ni,del,rscale     3    3    5.0000    1.2000
parameters
    0.5869    2.2963    8.7034  -14.8355  -16.0912   -8.8083
   -4.4138    3.7516    5.2635    7.9202   -9.2329   -8.6348
eta,q 0.97293 14.86139
  0.0303  0.0333  0.0279  0.0294  0.0313  0.0291  0.0294  0.0303  0.0284  0.0296  0.0279  0.0282
  0.0287  0.0308  0.0273  0.0278  0.0297  0.0281  0.0282  0.0289  0.0278  0.0286  0.0275  0.0275
  0.0278  0.0288  0.0269  0.0269  0.0282  0.0274  0.0275  0.0277  0.0274  0.0278  0.0272  0.0272
  0.0274  0.0274  0.0269  0.0269  0.0268  0.0273  0.0273  0.0273  0.0273  0.0273  0.0271  0.0271
  0.0278  0.0269  0.0273  0.0276  0.0266  0.0270  0.0276  0.0276  0.0275  0.0271  0.0271  0.0273
  0.0287  0.0275  0.0281  0.0287  0.0304  0.0278  0.0284  0.0287  0.0279  0.0271  0.0274  0.0278
  0.0303  0.0296  0.0294  0.0300  0.0376  0.0331  0.0296  0.0303  0.0286  0.0275  0.0278  0.0287
niter,ni,del,rscale     2    3    5.0000    1.2000
parameters
    0.6382    3.2884    8.1347  -15.6849  -17.3344   -9.8190
   -4.6925    3.8404    4.4024    9.3982   -8.9538   -9.9005
eta,q 0.97324 14.65986
  0.0301  0.0333  0.0275  0.0292  0.0306  0.0286  0.0288  0.0300  0.0280  0.0293  0.0277  0.0276
  0.0284  0.0306  0.0269  0.0276  0.0290  0.0276  0.0277  0.0284  0.0272  0.0280  0.0272  0.0271
  0.0274  0.0285  0.0265  0.0266  0.0276  0.0270  0.0270  0.0273  0.0269  0.0272  0.0269  0.0268
  0.0271  0.0271  0.0265  0.0265  0.0264  0.0268  0.0268  0.0268  0.0268  0.0268  0.0268  0.0268
  0.0274  0.0265  0.0269  0.0273  0.0263  0.0267  0.0272  0.0272  0.0271  0.0268  0.0269  0.0271
  0.0283  0.0271  0.0277  0.0286  0.0299  0.0271  0.0280  0.0283  0.0278  0.0271  0.0271  0.0276
  0.0298  0.0292  0.0289  0.0300  0.0364  0.0318  0.0292  0.0299  0.0286  0.0278  0.0276  0.0284
niter,ni,del,rscale     1    3    5.0000    1.2000
parameters
    0.7125    4.0311    7.8507  -16.2410  -18.1998  -10.0380
   -4.8439    3.9143    4.1055   10.5459   -9.0623  -10.9306
eta,q 0.97328 14.56355
  0.0298  0.0324  0.0277  0.0296  0.0306  0.0288  0.0288  0.0299  0.0281  0.0290  0.0275  0.0276
  0.0282  0.0298  0.0270  0.0279  0.0290  0.0277  0.0277  0.0283  0.0273  0.0278  0.0271  0.0271
  0.0271  0.0278  0.0266  0.0268  0.0276  0.0270  0.0270  0.0272  0.0269  0.0270  0.0269  0.0268
  0.0268  0.0268  0.0265  0.0265  0.0265  0.0268  0.0268  0.0268  0.0268  0.0268  0.0268  0.0268
  0.0270  0.0265  0.0268  0.0272  0.0261  0.0267  0.0271  0.0271  0.0270  0.0268  0.0268  0.0270
  0.0279  0.0272  0.0274  0.0286  0.0289  0.0266  0.0278  0.0282  0.0275  0.0271  0.0271  0.0275
  0.0294  0.0293  0.0284  0.0302  0.0349  0.0301  0.0290  0.0298  0.0283  0.0279  0.0276  0.0282
registration optimization eta report
parameter search radius
    2.4000    3.6501    2.7600    9.5220    9.5220    8.2800
    7.2000    7.2000    7.2000    7.2000    7.2000    8.2800
100000*second partial in parameter space
       49.       31.       20.        4.        7.        4.
        4.        6.        3.        3.        2.        2.
  0.0298  0.0324  0.0277  0.0296  0.0306  0.0288  0.0288  0.0299  0.0281  0.0290  0.0275  0.0276
  0.0282  0.0298  0.0270  0.0279  0.0290  0.0277  0.0277  0.0283  0.0273  0.0278  0.0271  0.0271
  0.0271  0.0278  0.0266  0.0268  0.0276  0.0270  0.0270  0.0272  0.0269  0.0270  0.0269  0.0268
  0.0268  0.0268  0.0265  0.0265  0.0265  0.0268  0.0268  0.0268  0.0268  0.0268  0.0268  0.0268
  0.0270  0.0265  0.0268  0.0272  0.0261  0.0267  0.0271  0.0271  0.0270  0.0268  0.0268  0.0270
  0.0279  0.0272  0.0274  0.0286  0.0289  0.0266  0.0278  0.0282  0.0275  0.0271  0.0271  0.0275
  0.0294  0.0293  0.0284  0.0302  0.0349  0.0301  0.0290  0.0298  0.0283  0.0279  0.0276  0.0282
    0.7125    4.0311    7.8507  -16.2410  -18.1998  -10.0380
   -4.8439    3.9143    4.1055   10.5459   -9.0623  -10.9306
eta,q 0.97328 14.56355

---------------------------------------------------------------------
imgreg_4dfp /opt/freesurfer/average/711-2C_as_mni_average_305 /opt/freesurfer/average/711-2B_as_mni_average_305_mask talsrcimg_g11 none talsrcimg_to_711-2C_as_mni_average_305_t4 2311
---------------------------------------------------------------------

freesurfer imgreg_4dfp.c
/opt/freesurfer/average/711-2C_as_mni_average_305.4dfp.img
       256       256       256         1
  1.000000  1.000000  1.000000
orientation T byte_order littleendian
Reading image: /opt/freesurfer/average/711-2C_as_mni_average_305.4dfp.img
dimensions:      256       256       256
mmppix:       1.0000   -1.0000   -1.0000
center:     128.0000 -129.0000 -129.0000
/opt/freesurfer/average/711-2B_as_mni_average_305_mask.4dfp.img
       256       256       256         1
  1.000000  1.000000  1.000000
orientation T byte_order littleendian
Reading mask: /opt/freesurfer/average/711-2B_as_mni_average_305_mask.4dfp.img (2306576 pixels)
talsrcimg_g11.4dfp.img
       256       256       256         1
  1.000000  1.000000  1.000000
orientation T byte_order littleendian
Reading image: talsrcimg_g11.4dfp.img
dimensions:      256       256       256
mmppix:       1.0000   -1.0000   -1.0000
center:     128.0000 -129.0000 -129.0000
fimgreg.f
image alignment mode   2311 decimal      907 hex
parameters
    0.7125    4.0311    7.8507  -16.2410  -18.1998  -10.0380
   -4.8439    3.9143    4.1055   10.5459   -9.0623  -10.9306
eta,q 0.97328 14.56355
niter,ni,del,rscale     5    3    5.0000    0.8000
parameters
    0.7472    4.7130    7.7333  -16.6864  -16.5389   -7.6947
   -4.5011    4.3368    4.2226   10.5556   -8.5535  -12.9729
eta,q 0.97396 14.73722
  0.0280  0.0279  0.0270  0.0274  0.0284  0.0270  0.0276  0.0279  0.0270  0.0272  0.0266  0.0262
  0.0273  0.0274  0.0268  0.0270  0.0277  0.0266  0.0268  0.0270  0.0265  0.0267  0.0264  0.0261
  0.0269  0.0270  0.0266  0.0266  0.0271  0.0263  0.0263  0.0264  0.0262  0.0263  0.0262  0.0260
  0.0267  0.0267  0.0266  0.0266  0.0266  0.0262  0.0262  0.0262  0.0261  0.0262  0.0261  0.0261
  0.0268  0.0266  0.0267  0.0268  0.0262  0.0262  0.0263  0.0262  0.0262  0.0262  0.0262  0.0264
  0.0273  0.0266  0.0269  0.0272  0.0263  0.0261  0.0266  0.0266  0.0265  0.0265  0.0263  0.0268
  0.0279  0.0268  0.0272  0.0278  0.0271  0.0262  0.0272  0.0274  0.0269  0.0274  0.0264  0.0273
niter,ni,del,rscale     4    3    5.0000    0.7000
parameters
    0.7435    4.3462    7.7401  -16.4796  -15.7310   -7.3827
   -4.6057    4.3528    3.9734   10.8134   -7.9556  -13.2284
eta,q 0.97423 14.82213
  0.0270  0.0264  0.0264  0.0269  0.0275  0.0263  0.0267  0.0269  0.0263  0.0266  0.0261  0.0262
  0.0265  0.0261  0.0262  0.0264  0.0269  0.0261  0.0262  0.0263  0.0260  0.0262  0.0260  0.0260
  0.0262  0.0260  0.0261  0.0261  0.0264  0.0260  0.0259  0.0259  0.0258  0.0259  0.0258  0.0258
  0.0260  0.0260  0.0260  0.0260  0.0260  0.0258  0.0258  0.0258  0.0258  0.0258  0.0258  0.0258
  0.0261  0.0262  0.0260  0.0261  0.0258  0.0257  0.0259  0.0259  0.0259  0.0258  0.0258  0.0258
  0.0265  0.0266  0.0262  0.0263  0.0260  0.0256  0.0262  0.0263  0.0261  0.0260  0.0258  0.0260
  0.0270  0.0272  0.0264  0.0267  0.0269  0.0264  0.0267  0.0269  0.0264  0.0265  0.0260  0.0263
niter,ni,del,rscale     3    3    5.0000    0.6000
parameters
    0.7508    4.1082    7.5888  -16.2636  -15.1967   -6.9918
   -4.5564    4.3994    3.8337   10.7726   -7.7331  -13.3156
eta,q 0.97442 14.89238
  0.0265  0.0261  0.0260  0.0264  0.0270  0.0260  0.0263  0.0265  0.0260  0.0262  0.0258  0.0259
  0.0261  0.0259  0.0258  0.0261  0.0265  0.0259  0.0259  0.0260  0.0257  0.0259  0.0257  0.0258
  0.0259  0.0258  0.0258  0.0258  0.0261  0.0258  0.0257  0.0257  0.0256  0.0257  0.0256  0.0256
  0.0258  0.0258  0.0258  0.0257  0.0257  0.0256  0.0256  0.0256  0.0256  0.0256  0.0256  0.0256
  0.0259  0.0259  0.0258  0.0258  0.0256  0.0255  0.0257  0.0257  0.0257  0.0256  0.0256  0.0256
  0.0261  0.0262  0.0260  0.0260  0.0258  0.0255  0.0259  0.0259  0.0258  0.0258  0.0257  0.0257
  0.0265  0.0266  0.0262  0.0263  0.0266  0.0261  0.0263  0.0264  0.0260  0.0263  0.0258  0.0260
niter,ni,del,rscale     2    3    5.0000    0.5000
parameters
    0.7468    3.9421    7.5487  -16.1248  -14.7757   -6.5827
   -4.5114    4.4286    3.8334   10.6267   -7.6351  -13.4328
eta,q 0.97454 14.94934
  0.0261  0.0259  0.0258  0.0260  0.0266  0.0259  0.0260  0.0261  0.0258  0.0259  0.0256  0.0257
  0.0258  0.0257  0.0257  0.0258  0.0262  0.0258  0.0257  0.0257  0.0256  0.0257  0.0255  0.0256
  0.0256  0.0256  0.0256  0.0256  0.0258  0.0257  0.0255  0.0255  0.0255  0.0255  0.0255  0.0255
  0.0256  0.0256  0.0256  0.0256  0.0256  0.0255  0.0254  0.0254  0.0255  0.0255  0.0255  0.0255
  0.0256  0.0257  0.0256  0.0256  0.0255  0.0254  0.0255  0.0255  0.0255  0.0255  0.0255  0.0255
  0.0258  0.0259  0.0257  0.0257  0.0257  0.0254  0.0257  0.0257  0.0256  0.0257  0.0255  0.0256
  0.0261  0.0262  0.0258  0.0260  0.0263  0.0259  0.0259  0.0260  0.0258  0.0261  0.0256  0.0258
niter,ni,del,rscale     1    3    5.0000    0.4000
parameters
    0.7450    3.8127    7.5487  -16.0598  -14.4297   -6.1463
   -4.4968    4.4396    3.8641   10.4419   -7.6542  -13.5839
eta,q 0.97465 14.99731
  0.0258  0.0257  0.0256  0.0257  0.0262  0.0258  0.0257  0.0257  0.0256  0.0257  0.0254  0.0255
  0.0256  0.0255  0.0255  0.0256  0.0259  0.0257  0.0255  0.0255  0.0254  0.0255  0.0254  0.0254
  0.0255  0.0255  0.0255  0.0255  0.0256  0.0255  0.0254  0.0254  0.0254  0.0254  0.0254  0.0254
  0.0255  0.0255  0.0254  0.0254  0.0254  0.0254  0.0253  0.0253  0.0253  0.0253  0.0253  0.0254
  0.0255  0.0255  0.0255  0.0255  0.0254  0.0253  0.0254  0.0254  0.0254  0.0254  0.0254  0.0254
  0.0256  0.0257  0.0255  0.0256  0.0255  0.0253  0.0255  0.0255  0.0254  0.0255  0.0254  0.0254
  0.0258  0.0259  0.0256  0.0257  0.0259  0.0257  0.0257  0.0257  0.0255  0.0258  0.0254  0.0256
registration optimization eta report
parameter search radius
    0.8000    0.8000    0.8000    2.4000    2.4000    2.4000
    2.4000    2.4000    2.4000    2.4000    2.4000    2.4000
100000*second partial in parameter space
       52.       48.       27.        5.       10.        6.
        6.        7.        4.        7.        2.        3.
  0.0258  0.0257  0.0256  0.0257  0.0262  0.0258  0.0257  0.0257  0.0256  0.0257  0.0254  0.0255
  0.0256  0.0255  0.0255  0.0256  0.0259  0.0257  0.0255  0.0255  0.0254  0.0255  0.0254  0.0254
  0.0255  0.0255  0.0255  0.0255  0.0256  0.0255  0.0254  0.0254  0.0254  0.0254  0.0254  0.0254
  0.0255  0.0255  0.0254  0.0254  0.0254  0.0254  0.0253  0.0253  0.0253  0.0253  0.0253  0.0254
  0.0255  0.0255  0.0255  0.0255  0.0254  0.0253  0.0254  0.0254  0.0254  0.0254  0.0254  0.0254
  0.0256  0.0257  0.0255  0.0256  0.0255  0.0253  0.0255  0.0255  0.0254  0.0255  0.0254  0.0254
  0.0258  0.0259  0.0256  0.0257  0.0259  0.0257  0.0257  0.0257  0.0255  0.0258  0.0254  0.0256
    0.7450    3.8127    7.5487  -16.0598  -14.4297   -6.1463
   -4.4968    4.4396    3.8641   10.4419   -7.6542  -13.5839
eta,q 0.97465 14.99731

---------------------------------------------------------------------
imgreg_4dfp /opt/freesurfer/average/711-2C_as_mni_average_305 /opt/freesurfer/average/711-2B_as_mni_average_305_mask talsrcimg_g11 none talsrcimg_to_711-2C_as_mni_average_305_t4 2311
---------------------------------------------------------------------

freesurfer imgreg_4dfp.c
/opt/freesurfer/average/711-2C_as_mni_average_305.4dfp.img
       256       256       256         1
  1.000000  1.000000  1.000000
orientation T byte_order littleendian
Reading image: /opt/freesurfer/average/711-2C_as_mni_average_305.4dfp.img
dimensions:      256       256       256
mmppix:       1.0000   -1.0000   -1.0000
center:     128.0000 -129.0000 -129.0000
/opt/freesurfer/average/711-2B_as_mni_average_305_mask.4dfp.img
       256       256       256         1
  1.000000  1.000000  1.000000
orientation T byte_order littleendian
Reading mask: /opt/freesurfer/average/711-2B_as_mni_average_305_mask.4dfp.img (2306576 pixels)
talsrcimg_g11.4dfp.img
       256       256       256         1
  1.000000  1.000000  1.000000
orientation T byte_order littleendian
Reading image: talsrcimg_g11.4dfp.img
dimensions:      256       256       256
mmppix:       1.0000   -1.0000   -1.0000
center:     128.0000 -129.0000 -129.0000
fimgreg.f
image alignment mode   2311 decimal      907 hex
parameters
    0.7450    3.8127    7.5487  -16.0598  -14.4297   -6.1463
   -4.4968    4.4396    3.8641   10.4419   -7.6542  -13.5839
eta,q 0.97465 14.99731
niter,ni,del,rscale     5    3    5.0000    0.8000
parameters
    0.7475    3.6474    7.5613  -15.8602  -15.1123   -7.4163
   -4.6083    4.2718    3.8357   10.5168   -7.6206  -12.5264
eta,q 0.97434 14.90729
  0.0267  0.0264  0.0261  0.0264  0.0270  0.0262  0.0268  0.0270  0.0264  0.0266  0.0261  0.0265
  0.0260  0.0258  0.0257  0.0258  0.0264  0.0260  0.0262  0.0263  0.0260  0.0262  0.0259  0.0261
  0.0255  0.0254  0.0254  0.0255  0.0258  0.0258  0.0258  0.0258  0.0258  0.0259  0.0257  0.0259
  0.0253  0.0253  0.0253  0.0253  0.0253  0.0255  0.0257  0.0257  0.0257  0.0257  0.0257  0.0257
  0.0255  0.0256  0.0254  0.0254  0.0255  0.0255  0.0259  0.0259  0.0258  0.0257  0.0257  0.0257
  0.0260  0.0261  0.0257  0.0258  0.0267  0.0270  0.0263  0.0264  0.0260  0.0260  0.0259  0.0258
  0.0267  0.0270  0.0261  0.0262  0.0293  0.0302  0.0269  0.0273  0.0264  0.0267  0.0260  0.0260
niter,ni,del,rscale     4    3    5.0000    0.7000
parameters
    0.7260    3.8152    7.5544  -16.0559  -15.1983   -7.6656
   -4.5080    4.2646    3.7971   10.5194   -7.8006  -12.5880
eta,q 0.97431 14.87069
  0.0266  0.0267  0.0261  0.0264  0.0271  0.0261  0.0267  0.0268  0.0263  0.0264  0.0259  0.0261
  0.0261  0.0262  0.0258  0.0259  0.0265  0.0260  0.0261  0.0262  0.0259  0.0260  0.0258  0.0259
  0.0258  0.0258  0.0257  0.0257  0.0260  0.0258  0.0258  0.0258  0.0257  0.0258  0.0257  0.0258
  0.0257  0.0257  0.0256  0.0256  0.0256  0.0257  0.0257  0.0257  0.0257  0.0257  0.0257  0.0257
  0.0258  0.0257  0.0257  0.0258  0.0256  0.0254  0.0258  0.0258  0.0258  0.0257  0.0257  0.0257
  0.0261  0.0259  0.0258  0.0261  0.0262  0.0256  0.0261  0.0262  0.0260  0.0259  0.0258  0.0259
  0.0267  0.0263  0.0261  0.0265  0.0277  0.0269  0.0265  0.0268  0.0263  0.0265  0.0260  0.0262
niter,ni,del,rscale     3    3    5.0000    0.6000
parameters
    0.7235    3.8927    7.5548  -16.1580  -15.0141   -6.6995
   -4.4542    4.3854    3.8692   10.4329   -7.6875  -13.0792
eta,q 0.97449 14.92550
  0.0264  0.0264  0.0260  0.0262  0.0269  0.0260  0.0262  0.0264  0.0260  0.0262  0.0257  0.0258
  0.0260  0.0260  0.0258  0.0259  0.0264  0.0259  0.0258  0.0259  0.0257  0.0258  0.0256  0.0256
  0.0258  0.0258  0.0257  0.0257  0.0260  0.0258  0.0256  0.0256  0.0255  0.0256  0.0255  0.0255
  0.0257  0.0257  0.0257  0.0257  0.0257  0.0256  0.0255  0.0255  0.0255  0.0255  0.0255  0.0255
  0.0258  0.0257  0.0257  0.0258  0.0256  0.0255  0.0256  0.0256  0.0256  0.0255  0.0255  0.0256
  0.0260  0.0259  0.0258  0.0260  0.0260  0.0254  0.0258  0.0258  0.0257  0.0258  0.0256  0.0257
  0.0264  0.0262  0.0260  0.0263  0.0269  0.0259  0.0262  0.0263  0.0259  0.0263  0.0257  0.0260
niter,ni,del,rscale     2    3    5.0000    0.5000
parameters
    0.7295    3.8397    7.6004  -16.0565  -14.6885   -6.5904
   -4.4976    4.4117    3.8418   10.4980   -7.5979  -13.2606
eta,q 0.97456 14.95826
  0.0260  0.0259  0.0258  0.0260  0.0265  0.0259  0.0259  0.0261  0.0257  0.0259  0.0256  0.0257
  0.0258  0.0257  0.0256  0.0257  0.0261  0.0258  0.0256  0.0257  0.0256  0.0257  0.0255  0.0256
  0.0256  0.0256  0.0256  0.0256  0.0258  0.0256  0.0255  0.0255  0.0255  0.0255  0.0255  0.0255
  0.0255  0.0255  0.0255  0.0255  0.0255  0.0255  0.0254  0.0254  0.0254  0.0254  0.0254  0.0254
  0.0256  0.0256  0.0255  0.0256  0.0254  0.0253  0.0255  0.0255  0.0255  0.0255  0.0255  0.0255
  0.0257  0.0257  0.0256  0.0257  0.0257  0.0254  0.0257  0.0257  0.0256  0.0256  0.0255  0.0256
  0.0260  0.0260  0.0257  0.0259  0.0263  0.0261  0.0259  0.0260  0.0258  0.0260  0.0256  0.0258
niter,ni,del,rscale     1    3    5.0000    0.4000
parameters
    0.7427    3.7574    7.5550  -16.0238  -14.3766   -6.1194
   -4.4903    4.4338    3.8727   10.3507   -7.6551  -13.5208
eta,q 0.97466 15.00453
  0.0258  0.0257  0.0256  0.0257  0.0262  0.0258  0.0257  0.0257  0.0256  0.0257  0.0254  0.0255
  0.0256  0.0255  0.0255  0.0256  0.0259  0.0257  0.0255  0.0255  0.0254  0.0255  0.0254  0.0254
  0.0255  0.0255  0.0255  0.0255  0.0256  0.0255  0.0254  0.0254  0.0254  0.0254  0.0253  0.0253
  0.0254  0.0254  0.0254  0.0254  0.0254  0.0254  0.0253  0.0253  0.0253  0.0253  0.0253  0.0253
  0.0255  0.0255  0.0255  0.0255  0.0254  0.0253  0.0254  0.0254  0.0254  0.0254  0.0254  0.0254
  0.0256  0.0256  0.0255  0.0256  0.0255  0.0253  0.0255  0.0255  0.0254  0.0255  0.0254  0.0254
  0.0258  0.0258  0.0256  0.0257  0.0259  0.0257  0.0257  0.0257  0.0255  0.0258  0.0254  0.0256
registration optimization eta report
parameter search radius
    0.8000    0.8000    0.8000    2.4000    2.4000    2.4000
    2.4000    2.4000    2.4000    2.4000    2.4000    2.4000
100000*second partial in parameter space
       53.       49.       27.        5.       11.        6.
        6.        7.        4.        7.        2.        3.
  0.0258  0.0257  0.0256  0.0257  0.0262  0.0258  0.0257  0.0257  0.0256  0.0257  0.0254  0.0255
  0.0256  0.0255  0.0255  0.0256  0.0259  0.0257  0.0255  0.0255  0.0254  0.0255  0.0254  0.0254
  0.0255  0.0255  0.0255  0.0255  0.0256  0.0255  0.0254  0.0254  0.0254  0.0254  0.0253  0.0253
  0.0254  0.0254  0.0254  0.0254  0.0254  0.0254  0.0253  0.0253  0.0253  0.0253  0.0253  0.0253
  0.0255  0.0255  0.0255  0.0255  0.0254  0.0253  0.0254  0.0254  0.0254  0.0254  0.0254  0.0254
  0.0256  0.0256  0.0255  0.0256  0.0255  0.0253  0.0255  0.0255  0.0254  0.0255  0.0254  0.0254
  0.0258  0.0258  0.0256  0.0257  0.0259  0.0257  0.0257  0.0257  0.0255  0.0258  0.0254  0.0256
    0.7427    3.7574    7.5550  -16.0238  -14.3766   -6.1194
   -4.4903    4.4338    3.8727   10.3507   -7.6551  -13.5208
eta,q 0.97466 15.00453

---------------------------------------------------------------------
compute_vox2vox talsrcimg talsrcimg_to_711-2C_as_mni_average_305_t4 /opt/freesurfer/average/711-2C_as_mni_average_305
---------------------------------------------------------------------

freesurfer compute_vox2vox.c
Reading: talsrcimg.4dfp.ifh
Reading: talsrcimg_to_711-2C_as_mni_average_305_t4
Reading: /opt/freesurfer/average/711-2C_as_mni_average_305.4dfp.ifh
Writing: talsrcimg_to_711-2C_as_mni_average_305_t4_vox2vox.txt

start time Mon Mar 9 19:45:11 CET 2026
end		time Mon Mar 9 19:46:39 CET 2026

mpr2mni305 success

avi2talxfm orig_nu.mgz /opt/freesurfer/average/mni305.cor.mgz talsrcimg_to_711-2C_as_mni_average_305_t4_vox2vox.txt transforms/talairach.auto.xfm
avi2talxfm done
mv -f /out/sourcedata/freesurfer/sub-v1s23x0050578_ses-1/mri/talsrcimg_to_711-2C_as_mni_average_305_t4_vox2vox.txt /out/sourcedata/freesurfer/sub-v1s23x0050578_ses-1/mri/transforms/talsrcimg_to_711-2C_as_mni_average_305_t4_vox2vox.txt
lta_convert --src orig_nu.mgz --trg /opt/freesurfer/average/mni305.cor.mgz --inxfm transforms/talairach.auto.xfm --outlta transforms/talairach.auto.xfm.lta --subject fsaverage
7.3.2

--src: orig_nu.mgz src image (geometry).
--trg: /opt/freesurfer/average/mni305.cor.mgz trg image (geometry).
--inmni: transforms/talairach.auto.xfm input MNI/XFM transform.
--outlta: transforms/talairach.auto.xfm.lta output LTA.
--s: fsaverage subject name
 LTA read, type : 1
 1.18278  -0.06163   0.05230  -22.58337;
 0.08722   1.04241   0.16918   34.50964;
-0.06404  -0.12323   1.14509  -51.57709;
 0.00000   0.00000   0.00000   1.00000;
setting subject to fsaverage
Writing  LTA to file transforms/talairach.auto.xfm.lta...
lta_convert successful.
 
 
Started at Mon Mar 9 19:45:10 CET 2026
Ended   at Mon Mar  9 19:46:39 CET 2026
talairach_avi done
