status file for recon-all
Mon Mar  9 22:15:40 CET 2026
#@# Tessellate lh Mon Mar  9 22:15:40 CET 2026
#@# Smooth1 lh Mon Mar  9 22:15:43 CET 2026
#@# Inflation1 lh Mon Mar  9 22:15:45 CET 2026
#@# QSphere lh Mon Mar  9 22:15:54 CET 2026
#@# Fix Topology lh Mon Mar  9 22:16:45 CET 2026
#@# Smooth2 lh Mon Mar  9 22:22:19 CET 2026
#@# Inflation2 lh Mon Mar  9 22:22:21 CET 2026
#@# Curv .H and .K lh Mon Mar  9 22:22:30 CET 2026
#@# Sphere lh Mon Mar  9 22:23:11 CET 2026
#@# Surf Reg lh Mon Mar  9 22:25:23 CET 2026
#@# Jacobian white lh Mon Mar  9 22:28:27 CET 2026
#@# AvgCurv lh Mon Mar  9 22:28:28 CET 2026
#@# Cortical Parc lh Mon Mar  9 22:28:28 CET 2026
#@# white curv lh Mon Mar  9 22:33:19 CET 2026
#@# white area lh Mon Mar  9 22:33:20 CET 2026
#@# pial curv lh Mon Mar  9 22:33:20 CET 2026
#@# pial area lh Mon Mar  9 22:33:22 CET 2026
#@# thickness lh Mon Mar  9 22:33:22 CET 2026
#@# area and vertex vol lh Mon Mar  9 22:33:48 CET 2026
#@# Curvature Stats lh Mon Mar  9 22:33:49 CET 2026
#@# Cortical Parc 2 lh Mon Mar  9 22:33:51 CET 2026
#@# Cortical Parc 3 lh Mon Mar  9 22:34:02 CET 2026
#@# WM/GM Contrast lh Mon Mar  9 22:34:10 CET 2026
recon-all -s sub-v1s23x0050614_ses-1 finished without error at Mon Mar  9 22:34:13 CET 2026



#New# invocation of recon-all 



status file for recon-all
Mon Mar  9 22:56:00 CET 2026
#@# white curv lh Mon Mar  9 22:56:00 CET 2026
#@# white area lh Mon Mar  9 22:56:00 CET 2026
#@# pial curv lh Mon Mar  9 22:56:00 CET 2026
#@# pial area lh Mon Mar  9 22:56:00 CET 2026
#@# thickness lh Mon Mar  9 22:56:00 CET 2026
#@# area and vertex vol lh Mon Mar  9 22:56:00 CET 2026
#@# Parcellation Stats lh Mon Mar  9 22:56:00 CET 2026
#@# Parcellation Stats 2 lh Mon Mar  9 22:56:14 CET 2026
#@# Parcellation Stats 3 lh Mon Mar  9 22:56:22 CET 2026
#@# BA_exvivo Labels lh Mon Mar  9 22:56:28 CET 2026
recon-all -s sub-v1s23x0050614_ses-1 finished without error at Mon Mar  9 22:58:30 CET 2026
