status file for recon-all
Mon Mar  9 17:17:17 CET 2026
#@# MotionCor Mon Mar  9 17:17:19 CET 2026
#@# Talairach Mon Mar  9 17:17:26 CET 2026
#@# Talairach Failure Detection Mon Mar  9 17:21:58 CET 2026
#@# Nu Intensity Correction Mon Mar  9 17:21:58 CET 2026
#@# Intensity Normalization Mon Mar  9 17:25:13 CET 2026
recon-all -s sub-v1s23x0050559_ses-1 finished without error at Mon Mar  9 17:26:47 CET 2026



#New# invocation of recon-all 



status file for recon-all
Mon Mar  9 17:33:52 CET 2026
#@# EM Registration Mon Mar  9 17:33:52 CET 2026
recon-all -s sub-v1s23x0050559_ses-1 finished without error at Mon Mar  9 17:35:49 CET 2026



#New# invocation of recon-all 



status file for recon-all
Mon Mar  9 17:35:52 CET 2026
#@# CA Normalize Mon Mar  9 17:35:52 CET 2026
#@# CA Reg Mon Mar  9 17:37:14 CET 2026
#@# SubCort Seg Mon Mar  9 18:28:10 CET 2026
#@# CC Seg Mon Mar  9 18:55:58 CET 2026
#@# Merge ASeg Mon Mar  9 18:56:42 CET 2026
#@# Intensity Normalization2 Mon Mar  9 18:56:42 CET 2026
#@# Mask BFS Mon Mar  9 18:59:00 CET 2026
#@# WM Segmentation Mon Mar  9 18:59:02 CET 2026
#@# Fill Mon Mar  9 19:01:00 CET 2026
recon-all -s sub-v1s23x0050559_ses-1 finished without error at Mon Mar  9 19:02:06 CET 2026



#New# invocation of recon-all 



status file for recon-all
Mon Mar  9 19:48:48 CET 2026
#@# white curv lh Mon Mar  9 19:48:48 CET 2026
#@# white area lh Mon Mar  9 19:48:48 CET 2026
#@# pial curv lh Mon Mar  9 19:48:48 CET 2026
#@# pial area lh Mon Mar  9 19:48:48 CET 2026
#@# thickness lh Mon Mar  9 19:48:48 CET 2026
#@# area and vertex vol lh Mon Mar  9 19:48:48 CET 2026
#@# white curv rh Mon Mar  9 19:48:48 CET 2026
#@# white area rh Mon Mar  9 19:48:48 CET 2026
#@# pial curv rh Mon Mar  9 19:48:48 CET 2026
#@# pial area rh Mon Mar  9 19:48:48 CET 2026
#@# thickness rh Mon Mar  9 19:48:48 CET 2026
#@# area and vertex vol rh Mon Mar  9 19:48:48 CET 2026
#@# Cortical ribbon mask Mon Mar  9 19:48:48 CET 2026
recon-all -s sub-v1s23x0050559_ses-1 finished without error at Mon Mar  9 19:52:56 CET 2026



#New# invocation of recon-all 



status file for recon-all
Mon Mar  9 19:59:58 CET 2026
#@# white curv lh Mon Mar  9 19:59:58 CET 2026
#@# white area lh Mon Mar  9 19:59:58 CET 2026
#@# pial curv lh Mon Mar  9 19:59:58 CET 2026
#@# pial area lh Mon Mar  9 19:59:58 CET 2026
#@# thickness lh Mon Mar  9 19:59:58 CET 2026
#@# area and vertex vol lh Mon Mar  9 19:59:58 CET 2026
#@# white curv rh Mon Mar  9 19:59:59 CET 2026
#@# white area rh Mon Mar  9 19:59:59 CET 2026
#@# pial curv rh Mon Mar  9 19:59:59 CET 2026
#@# pial area rh Mon Mar  9 19:59:59 CET 2026
#@# thickness rh Mon Mar  9 19:59:59 CET 2026
#@# area and vertex vol rh Mon Mar  9 19:59:59 CET 2026
#@# Curvature Stats lh Mon Mar  9 19:59:59 CET 2026
#@# Curvature Stats rh Mon Mar  9 20:00:01 CET 2026
#@# Relabel Hypointensities Mon Mar  9 20:00:04 CET 2026
#@# APas-to-ASeg Mon Mar  9 20:00:20 CET 2026
#@# AParc-to-ASeg aparc Mon Mar  9 20:00:29 CET 2026
#@# AParc-to-ASeg aparc.a2009s Mon Mar  9 20:01:05 CET 2026
#@# AParc-to-ASeg aparc.DKTatlas Mon Mar  9 20:01:40 CET 2026
#@# WMParc Mon Mar  9 20:02:14 CET 2026
#@# ASeg Stats Mon Mar  9 20:06:30 CET 2026
recon-all -s sub-v1s23x0050559_ses-1 finished without error at Mon Mar  9 20:07:11 CET 2026
