status file for recon-all
Mon Mar  9 19:25:10 CET 2026
#@# Tessellate rh Mon Mar  9 19:25:10 CET 2026
#@# Smooth1 rh Mon Mar  9 19:25:14 CET 2026
#@# Inflation1 rh Mon Mar  9 19:25:16 CET 2026
#@# QSphere rh Mon Mar  9 19:25:29 CET 2026
#@# Fix Topology rh Mon Mar  9 19:26:36 CET 2026
#@# Smooth2 rh Mon Mar  9 19:32:33 CET 2026
#@# Inflation2 rh Mon Mar  9 19:32:35 CET 2026
#@# Curv .H and .K rh Mon Mar  9 19:32:50 CET 2026
#@# Sphere rh Mon Mar  9 19:33:34 CET 2026
#@# Surf Reg rh Mon Mar  9 19:37:51 CET 2026
#@# Jacobian white rh Mon Mar  9 19:41:45 CET 2026
#@# AvgCurv rh Mon Mar  9 19:41:46 CET 2026
#@# Cortical Parc rh Mon Mar  9 19:41:47 CET 2026
#@# white curv rh Mon Mar  9 19:47:38 CET 2026
#@# white area rh Mon Mar  9 19:47:40 CET 2026
#@# pial curv rh Mon Mar  9 19:47:41 CET 2026
#@# pial area rh Mon Mar  9 19:47:43 CET 2026
#@# thickness rh Mon Mar  9 19:47:43 CET 2026
#@# area and vertex vol rh Mon Mar  9 19:48:12 CET 2026
#@# Curvature Stats rh Mon Mar  9 19:48:13 CET 2026
#@# Cortical Parc 2 rh Mon Mar  9 19:48:16 CET 2026
#@# Cortical Parc 3 rh Mon Mar  9 19:48:29 CET 2026
#@# WM/GM Contrast rh Mon Mar  9 19:48:39 CET 2026
recon-all -s sub-v1s23x0050559_ses-1 finished without error at Mon Mar  9 19:48:42 CET 2026



#New# invocation of recon-all 



status file for recon-all
Mon Mar  9 19:56:28 CET 2026
#@# white curv rh Mon Mar  9 19:56:29 CET 2026
#@# white area rh Mon Mar  9 19:56:29 CET 2026
#@# pial curv rh Mon Mar  9 19:56:29 CET 2026
#@# pial area rh Mon Mar  9 19:56:29 CET 2026
#@# thickness rh Mon Mar  9 19:56:29 CET 2026
#@# area and vertex vol rh Mon Mar  9 19:56:29 CET 2026
#@# Parcellation Stats rh Mon Mar  9 19:56:29 CET 2026
#@# Parcellation Stats 2 rh Mon Mar  9 19:56:47 CET 2026
#@# Parcellation Stats 3 rh Mon Mar  9 19:56:56 CET 2026
#@# BA_exvivo Labels rh Mon Mar  9 19:57:05 CET 2026
recon-all -s sub-v1s23x0050559_ses-1 finished without error at Mon Mar  9 19:59:54 CET 2026
