/out/sourcedata/freesurfer/sub-v1s23x0050560_ses-1/mri
/opt/freesurfer/bin/talairach_avi
--i orig_nu.mgz --xfm transforms/talairach.auto.xfm
talairach_avi 7.3.2
Linux dna056 5.14.0-427.37.1.el9_4.x86_64 #1 SMP PREEMPT_DYNAMIC Fri Sep 13 12:41:50 EDT 2024 x86_64 x86_64 x86_64 GNU/Linux
Mon Mar  9 17:20:38 CET 2026
mri_convert orig_nu.mgz talsrcimg.img 
reading from orig_nu.mgz...
TR=0.00, TE=0.00, TI=0.00, flip angle=0.00
i_ras = (-1, 0, 0)
j_ras = (0, 0, -1)
k_ras = (0, 1, 0)
writing to talsrcimg.img...
Analyze Output Matrix
-1.00000   0.00000   0.00000   145.67458;
 0.00000   0.00000   1.00000  -176.95494;
 0.00000  -1.00000   0.00000   140.46709;
 0.00000   0.00000   0.00000   1.00000;
--------------------
INFO: set hdr.hist.orient to -1
mpr2mni305 talsrcimg
Mon Mar  9 17:20:39 CET 2026
/opt/freesurfer/bin/mpr2mni305 talsrcimg
mpr2mni305 7.3.2
target=711-2C_as_mni_average_305

---------------------------------------------------------------------
analyzeto4dfp talsrcimg -O0 -y
---------------------------------------------------------------------

freesurfer ifh2hdr.c
Mon Mar  9 17:20:39 2026
Writing: talsrcimg.4dfp.hdr
freesurfer analyzeto4dfp.c
Reading: talsrcimg.hdr
header size 348 bytes
hdr.dime.datatype	offset=70	value=2
hdr.dime.bitpix		offset=72	value=8
hdr.hist.orient		offset=252	value=-1
dimensionality     4
dimensions       256       256       256         1
Reading: talsrcimg.img
Writing: talsrcimg.4dfp.img
Writing: talsrcimg.4dfp.ifh
ifh2hdr talsrcimg -r0to214
ori=2

---------------------------------------------------------------------
gauss_4dfp talsrcimg 1.1
---------------------------------------------------------------------

freesurfer gauss_4dfp.c
Reading: talsrcimg.4dfp.img
Writing: talsrcimg_g11.4dfp.img
image dimensions 256 256 256 padded to 288 288 288
processing volume 1freesurfer ifh2hdr.c
Mon Mar  9 17:20:40 2026
Writing: talsrcimg_g11.4dfp.hdr

Writing: talsrcimg_g11.4dfp.ifh
including: talsrcimg.4dfp.img.rec in talsrcimg_g11.4dfp.img.rec

---------------------------------------------------------------------
imgreg_4dfp /opt/freesurfer/average/711-2C_as_mni_average_305 none talsrcimg_g11 none talsrcimg_to_711-2C_as_mni_average_305_t4 4355
---------------------------------------------------------------------

freesurfer imgreg_4dfp.c
/opt/freesurfer/average/711-2C_as_mni_average_305.4dfp.img
       256       256       256         1
  1.000000  1.000000  1.000000
orientation T byte_order littleendian
Reading image: /opt/freesurfer/average/711-2C_as_mni_average_305.4dfp.img
dimensions:      256       256       256
mmppix:       1.0000   -1.0000   -1.0000
center:     128.0000 -129.0000 -129.0000
talsrcimg_g11.4dfp.img
       256       256       256         1
  1.000000  1.000000  1.000000
orientation T byte_order littleendian
Reading image: talsrcimg_g11.4dfp.img
dimensions:      256       256       256
mmppix:       1.0000   -1.0000   -1.0000
center:     128.0000 -129.0000 -129.0000
t4_read: open error in t4_sub.f l:  41 t4_file(1:l)talsrcimg_to_711-2C_as_mni_average_305_t4 
t4_read: transform initialized to I4
rotation matrix determinant  1.000000
image alignment mode   4355 decimal     1103 hex
   -7.5000  -45.0000  -45.0000 6756.0493   24.4135
    0.0000  -45.0000  -45.0000 6959.5142   24.4283
    7.5000  -45.0000  -45.0000 6641.7402   24.4345
   -7.5000  -37.5000  -45.0000 7247.7134   24.4210
    0.0000  -37.5000  -45.0000 7472.0952   24.4358
    7.5000  -37.5000  -45.0000 7128.8667   24.4416
   -7.5000  -30.0000  -45.0000 7959.3076   24.4324
    0.0000  -30.0000  -45.0000 8199.8857   24.4415
    7.5000  -30.0000  -45.0000 7820.8755   24.4442
   -7.5000  -22.5000  -45.0000 8602.5127   24.4313
    0.0000  -22.5000  -45.0000 8867.9219   24.4334
    7.5000  -22.5000  -45.0000 8471.9424   24.4327
   -7.5000  -15.0000  -45.0000 9190.7744   24.4176
    0.0000  -15.0000  -45.0000 9464.4268   24.4167
    7.5000  -15.0000  -45.0000 9038.6309   24.4172
   -7.5000   -7.5000  -45.0000 9758.0527   24.4009
    0.0000   -7.5000  -45.000010052.2900   24.4070
    7.5000   -7.5000  -45.0000 9588.2500   24.4113
   -7.5000    0.0000  -45.000010196.0371   24.3972
    0.0000    0.0000  -45.000010525.4502   24.4120
    7.5000    0.0000  -45.000010034.5498   24.4184
   -7.5000    7.5000  -45.0000 9879.6357   24.4128
    0.0000    7.5000  -45.000010208.7930   24.4276
    7.5000    7.5000  -45.0000 9758.1436   24.4335
   -7.5000   15.0000  -45.0000 9449.3350   24.4297
    0.0000   15.0000  -45.0000 9752.2734   24.4387
    7.5000   15.0000  -45.0000 9324.0195   24.4414
   -7.5000   22.5000  -45.0000 8877.8633   24.4274
    0.0000   22.5000  -45.0000 9155.7822   24.4296
    7.5000   22.5000  -45.0000 8740.6826   24.4288
   -7.5000   30.0000  -45.0000 8239.4434   24.0922
    0.0000   30.0000  -45.0000 8500.4043   24.0913
    7.5000   30.0000  -45.0000 8103.6851   24.0918
   -7.5000   37.5000  -45.0000 7872.4985   24.0759
    0.0000   37.5000  -45.0000 8109.8931   24.0818
    7.5000   37.5000  -45.0000 7700.4434   24.0860
   -7.5000   45.0000  -45.0000 7268.2725   23.4641
    0.0000   45.0000  -45.0000 7461.7856   23.4783
    7.5000   45.0000  -45.0000 7054.3296   23.4844
   -7.5000  -45.0000  -37.5000 7187.4375   23.9444
    0.0000  -45.0000  -37.5000 7411.4326   23.9610
    7.5000  -45.0000  -37.5000 7060.8442   23.9699
   -7.5000  -37.5000  -37.5000 7711.5591   23.9507
    0.0000  -37.5000  -37.5000 7945.1172   23.9746
    7.5000  -37.5000  -37.5000 7553.2241   23.9855
   -7.5000  -30.0000  -37.5000 8472.1416   23.9602
    0.0000  -30.0000  -37.5000 8728.7861   23.9812
    7.5000  -30.0000  -37.5000 8285.3232   23.9930
   -7.5000  -22.5000  -37.5000 9145.5908   23.9585
    0.0000  -22.5000  -37.5000 9428.4941   23.9688
    7.5000  -22.5000  -37.5000 8970.5361   23.9785
   -7.5000  -15.0000  -37.5000 9740.1924   23.9450
    0.0000  -15.0000  -37.500010048.9229   23.9467
    7.5000  -15.0000  -37.5000 9571.4658   23.9557
   -7.5000   -7.5000  -37.500010309.4570   23.9301
    0.0000   -7.5000  -37.500010646.7412   23.9352
    7.5000   -7.5000  -37.500010133.4326   23.9443
   -7.5000    0.0000  -37.500010751.4844   23.9281
    0.0000    0.0000  -37.500011112.3643   23.9448
    7.5000    0.0000  -37.500010590.6328   23.9537
   -7.5000    7.5000  -37.500010391.0879   23.9424
    0.0000    7.5000  -37.500010750.9600   23.9662
    7.5000    7.5000  -37.500010240.1787   23.9772
   -7.5000   15.0000  -37.5000 9933.4375   23.9572
    0.0000   15.0000  -37.500010277.3682   23.9782
    7.5000   15.0000  -37.5000 9807.4824   23.9900
   -7.5000   22.5000  -37.5000 9356.0938   23.9546
    0.0000   22.5000  -37.5000 9675.2578   23.9649
    7.5000   22.5000  -37.5000 9229.5742   23.9747
   -7.5000   30.0000  -37.5000 8689.5752   23.6259
    0.0000   30.0000  -37.5000 8984.3994   23.6276
    7.5000   30.0000  -37.5000 8560.7979   23.6365
   -7.5000   37.5000  -37.5000 8306.1670   23.6112
    0.0000   37.5000  -37.5000 8561.7695   23.6163
    7.5000   37.5000  -37.5000 8137.0801   23.6253
   -7.5000   45.0000  -37.5000 7630.6016   23.0128
    0.0000   45.0000  -37.5000 7849.6680   23.0289
    7.5000   45.0000  -37.5000 7454.4863   23.0374
   -7.5000  -45.0000  -30.0000 7861.4165   24.9446
    0.0000  -45.0000  -30.0000 8119.3418   24.9611
    7.5000  -45.0000  -30.0000 7721.8965   24.9608
   -7.5000  -37.5000  -30.0000 8435.7188   24.9496
    0.0000  -37.5000  -30.0000 8700.2305   24.9770
    7.5000  -37.5000  -30.0000 8265.4668   24.9804
   -7.5000  -30.0000  -30.0000 9253.8965   24.9594
    0.0000  -30.0000  -30.0000 9551.6699   24.9867
    7.5000  -30.0000  -30.0000 9068.7598   24.9931
   -7.5000  -22.5000  -30.0000 9974.0342   24.9606
    0.0000  -22.5000  -30.000010296.8877   24.9766
    7.5000  -22.5000  -30.0000 9811.0332   24.9808
   -7.5000  -15.0000  -30.000010645.3926   24.9479
    0.0000  -15.0000  -30.000010994.4434   24.9525
    7.5000  -15.0000  -30.000010471.0918   24.9543
   -7.5000   -7.5000  -30.000011235.9326   24.9311
    0.0000   -7.5000  -30.000011623.5674   24.9360
    7.5000   -7.5000  -30.000011061.9951   24.9363
   -7.5000    0.0000  -30.000011689.7217   24.9276
    0.0000    0.0000  -30.000012093.7080   24.9441
    7.5000    0.0000  -30.000011536.9873   24.9440
   -7.5000    7.5000  -30.000011259.1094   24.9408
    0.0000    7.5000  -30.000011658.6182   24.9683
    7.5000    7.5000  -30.000011106.8428   24.9718
   -7.5000   15.0000  -30.000010787.2539   24.9563
    0.0000   15.0000  -30.000011179.7539   24.9836
    7.5000   15.0000  -30.000010632.0107   24.9899
   -7.5000   22.5000  -30.000010193.2090   24.9540
    0.0000   22.5000  -30.000010555.4727   24.9700
    7.5000   22.5000  -30.000010030.4424   24.9742
   -7.5000   30.0000  -30.0000 9466.7236   24.6178
    0.0000   30.0000  -30.0000 9790.2598   24.6223
    7.5000   30.0000  -30.0000 9299.1963   24.6241
   -7.5000   37.5000  -30.0000 9009.0225   24.6013
    0.0000   37.5000  -30.0000 9294.4717   24.6061
    7.5000   37.5000  -30.0000 8816.1387   24.6064
   -7.5000   45.0000  -30.0000 8217.0879   23.9916
    0.0000   45.0000  -30.0000 8472.2451   24.0075
    7.5000   45.0000  -30.0000 8037.5410   24.0074
   -7.5000  -45.0000  -22.5000 8588.2314   25.8631
    0.0000  -45.0000  -22.5000 8852.0850   25.8749
    7.5000  -45.0000  -22.5000 8416.6943   25.8574
   -7.5000  -37.5000  -22.5000 9185.7373   25.8664
    0.0000  -37.5000  -22.5000 9466.3457   25.8846
    7.5000  -37.5000  -22.5000 8993.7520   25.8706
   -7.5000  -30.0000  -22.500010076.7285   25.8729
    0.0000  -30.0000  -22.500010392.9688   25.8910
    7.5000  -30.0000  -22.5000 9860.1562   25.8780
   -7.5000  -22.5000  -22.500010876.2285   25.8728
    0.0000  -22.5000  -22.500011218.1182   25.8842
    7.5000  -22.5000  -22.500010644.8037   25.8676
   -7.5000  -15.0000  -22.500011630.2051   25.8610
    0.0000  -15.0000  -22.500011987.1631   25.8648
    7.5000  -15.0000  -22.500011384.7070   25.8454
   -7.5000   -7.5000  -22.500012267.7607   25.8467
    0.0000   -7.5000  -22.500012676.7725   25.8506
    7.5000   -7.5000  -22.500012019.5273   25.8313
   -7.5000    0.0000  -22.500012728.0742   25.8454
    0.0000    0.0000  -22.500013183.3965   25.8572
    7.5000    0.0000  -22.500012543.8027   25.8398
   -7.5000    7.5000  -22.500012240.2871   25.8573
    0.0000    7.5000  -22.500012683.2666   25.8755
    7.5000    7.5000  -22.500012052.2920   25.8616
   -7.5000   15.0000  -22.500011725.7598   25.8697
    0.0000   15.0000  -22.500012126.6475   25.8878
    7.5000   15.0000  -22.500011505.2354   25.8748
   -7.5000   22.5000  -22.500011105.8926   25.8642
    0.0000   22.5000  -22.500011483.5508   25.8755
    7.5000   22.5000  -22.500010867.8730   25.8590
   -7.5000   30.0000  -22.500010302.9365   25.5227
    0.0000   30.0000  -22.500010642.7100   25.5265
    7.5000   30.0000  -22.500010085.3027   25.5073
   -7.5000   37.5000  -22.5000 9778.4932   25.5086
    0.0000   37.5000  -22.500010071.7832   25.5125
    7.5000   37.5000  -22.5000 9547.1543   25.4935
   -7.5000   45.0000  -22.5000 8892.0830   24.8936
    0.0000   45.0000  -22.5000 9156.1689   24.9050
    7.5000   45.0000  -22.5000 8685.8613   24.8883
   -7.5000  -45.0000  -15.0000 9325.8389   26.5012
    0.0000  -45.0000  -15.0000 9596.8223   26.5097
    7.5000  -45.0000  -15.0000 9109.7393   26.4860
   -7.5000  -37.5000  -15.0000 9972.4980   26.5030
    0.0000  -37.5000  -15.000010265.9590   26.5105
    7.5000  -37.5000  -15.0000 9732.0449   26.4877
   -7.5000  -30.0000  -15.000010950.2568   26.5076
    0.0000  -30.0000  -15.000011253.4629   26.5124
    7.5000  -30.0000  -15.000010655.5215   26.4858
   -7.5000  -22.5000  -15.000011811.9326   26.5067
    0.0000  -22.5000  -15.000012165.0693   26.5094
    7.5000  -22.5000  -15.000011524.1094   26.4776
   -7.5000  -15.0000  -15.000012587.4102   26.4965
    0.0000  -15.0000  -15.000012981.0146   26.4973
    7.5000  -15.0000  -15.000012311.2764   26.4646
   -7.5000   -7.5000  -15.000013295.3594   26.4840
    0.0000   -7.5000  -15.000013738.6816   26.4879
    7.5000   -7.5000  -15.000013021.4746   26.4595
   -7.5000    0.0000  -15.000013849.2949   26.4829
    0.0000    0.0000  -15.000014322.8311   26.4914
    7.5000    0.0000  -15.000013589.9150   26.4678
   -7.5000    7.5000  -15.000013297.0928   26.4936
    0.0000    7.5000  -15.000013743.4199   26.5012
    7.5000    7.5000  -15.000013020.2725   26.4785
   -7.5000   15.0000  -15.000012655.1934   26.5043
    0.0000   15.0000  -15.000013075.6201   26.5092
    7.5000   15.0000  -15.000012348.1670   26.4826
   -7.5000   22.5000  -15.000012005.9297   26.4967
    0.0000   22.5000  -15.000012390.0527   26.4993
    7.5000   22.5000  -15.000011688.5830   26.4676
   -7.5000   30.0000  -15.000011181.5732   26.1536
    0.0000   30.0000  -15.000011513.7266   26.1544
    7.5000   30.0000  -15.000010861.4561   26.1221
   -7.5000   37.5000  -15.000010586.0859   26.1413
    0.0000   37.5000  -15.000010887.1748   26.1452
    7.5000   37.5000  -15.000010278.8477   26.1172
   -7.5000   45.0000  -15.0000 9581.8906   25.5230
    0.0000   45.0000  -15.0000 9867.8428   25.5312
    7.5000   45.0000  -15.0000 9334.7207   25.5085
   -7.5000  -45.0000   -7.500010112.5234   26.7263
    0.0000  -45.0000   -7.500010401.3486   26.7381
    7.5000  -45.0000   -7.5000 9848.0283   26.7282
   -7.5000  -37.5000   -7.500010826.0400   26.7300
    0.0000  -37.5000   -7.500011139.8379   26.7379
    7.5000  -37.5000   -7.500010521.2637   26.7265
   -7.5000  -30.0000   -7.500011890.6650   26.7377
    0.0000  -30.0000   -7.500012228.4414   26.7396
    7.5000  -30.0000   -7.500011532.5967   26.7218
   -7.5000  -22.5000   -7.500012837.1357   26.7368
    0.0000  -22.5000   -7.500013209.8887   26.7357
    7.5000  -22.5000   -7.500012482.4365   26.7125
   -7.5000  -15.0000   -7.500013656.3018   26.7251
    0.0000  -15.0000   -7.500014074.4648   26.7244
    7.5000  -15.0000   -7.500013319.1982   26.7025
   -7.5000   -7.5000   -7.500014393.3125   26.7105
    0.0000   -7.5000   -7.500014853.8984   26.7168
    7.5000   -7.5000   -7.500014060.8066   26.7017
   -7.5000    0.0000   -7.500015004.8945   26.7078
    0.0000    0.0000   -7.500015504.3848   26.7196
    7.5000    0.0000   -7.500014629.4219   26.7098
   -7.5000    7.5000   -7.500014407.4902   26.7206
    0.0000    7.5000   -7.500014887.7129   26.7286
    7.5000    7.5000   -7.500014028.0674   26.7172
   -7.5000   15.0000   -7.500013713.0205   26.7344
    0.0000   15.0000   -7.500014137.0107   26.7364
    7.5000   15.0000   -7.500013288.7754   26.7185
   -7.5000   22.5000   -7.500012982.7334   26.7237
    0.0000   22.5000   -7.500013351.2676   26.7227
    7.5000   22.5000   -7.500012553.1592   26.6996
   -7.5000   30.0000   -7.500012070.7832   26.3785
    0.0000   30.0000   -7.500012419.3652   26.3779
    7.5000   30.0000   -7.500011680.8564   26.3562
   -7.5000   37.5000   -7.500011427.1152   26.3642
    0.0000   37.5000   -7.500011753.6338   26.3704
    7.5000   37.5000   -7.500011077.6543   26.3555
   -7.5000   45.0000   -7.500010327.7676   25.7446
    0.0000   45.0000   -7.500010628.8369   25.7560
    7.5000   45.0000   -7.500010047.2422   25.7465
   -7.5000  -45.0000    0.000010907.4688   26.6791
    0.0000  -45.0000    0.000011221.1357   26.6954
    7.5000  -45.0000    0.000010589.9316   26.7011
   -7.5000  -37.5000    0.000011670.8086   26.6846
    0.0000  -37.5000    0.000012022.4883   26.7008
    7.5000  -37.5000    0.000011344.3838   26.7061
   -7.5000  -30.0000    0.000012831.8291   26.6933
    0.0000  -30.0000    0.000013225.7305   26.7032
    7.5000  -30.0000    0.000012439.5312   26.7049
   -7.5000  -22.5000    0.000013823.5459   26.6908
    0.0000  -22.5000    0.000014268.7852   26.6934
    7.5000  -22.5000    0.000013443.4697   26.6910
   -7.5000  -15.0000    0.000014654.2266   26.6774
    0.0000  -15.0000    0.000015133.7969   26.6768
    7.5000  -15.0000    0.000014313.6748   26.6758
   -7.5000   -7.5000    0.000015420.6006   26.6627
    0.0000   -7.5000    0.000015965.6348   26.6696
    7.5000   -7.5000    0.000015088.0400   26.6729
   -7.5000    0.0000    0.000016086.0146   26.6607
    0.0000    0.0000    0.000016681.7812   26.6770
    7.5000    0.0000    0.000015671.9883   26.6828
   -7.5000    7.5000    0.000015458.7051   26.6753
    0.0000    7.5000    0.000016023.9385   26.6915
    7.5000    7.5000    0.000015030.2754   26.6968
   -7.5000   15.0000    0.000014677.8896   26.6900
    0.0000   15.0000    0.000015170.9219   26.6999
    7.5000   15.0000    0.000014215.6162   26.7016
   -7.5000   22.5000    0.000013846.0674   26.6778
    0.0000   22.5000    0.000014264.9189   26.6804
    7.5000   22.5000    0.000013376.3457   26.6780
   -7.5000   30.0000    0.000012903.8203   26.3322
    0.0000   30.0000    0.000013283.4521   26.3316
    7.5000   30.0000    0.000012461.9619   26.3306
   -7.5000   37.5000    0.000012215.1143   26.3177
    0.0000   37.5000    0.000012574.4131   26.3245
    7.5000   37.5000    0.000011836.7031   26.3278
   -7.5000   45.0000    0.000011027.5000   25.7012
    0.0000   45.0000    0.000011357.0254   25.7170
    7.5000   45.0000    0.000010730.1680   25.7225
   -7.5000  -45.0000    7.500010825.4883   26.6499
    0.0000  -45.0000    7.500011215.9619   26.6687
    7.5000  -45.0000    7.500010569.8994   26.6781
   -7.5000  -37.5000    7.500011657.7607   26.6552
    0.0000  -37.5000    7.500012076.5068   26.6820
    7.5000  -37.5000    7.500011363.9980   26.6935
   -7.5000  -30.0000    7.500012817.5596   26.6647
    0.0000  -30.0000    7.500013294.1943   26.6883
    7.5000  -30.0000    7.500012495.8887   26.7006
   -7.5000  -22.5000    7.500013847.1738   26.6635
    0.0000  -22.5000    7.500014372.7510   26.6752
    7.5000  -22.5000    7.500013545.1113   26.6852
   -7.5000  -15.0000    7.500014629.2275   26.6498
    0.0000  -15.0000    7.500015282.2334   26.6521
    7.5000  -15.0000    7.500014389.7812   26.6615
   -7.5000   -7.5000    7.500015361.6543   26.6341
    0.0000   -7.5000    7.500016045.0010   26.6402
    7.5000   -7.5000    7.500015143.2773   26.6499
   -7.5000    0.0000    7.500016082.4795   26.6316
    0.0000    0.0000    7.500016746.6367   26.6505
    7.5000    0.0000    7.500015783.2578   26.6600
   -7.5000    7.5000    7.500015441.8076   26.6460
    0.0000    7.5000    7.500016047.9971   26.6727
    7.5000    7.5000    7.500015138.8369   26.6843
   -7.5000   15.0000    7.500014590.5811   26.6613
    0.0000   15.0000    7.500015156.1055   26.6849
    7.5000   15.0000    7.500014300.3271   26.6973
   -7.5000   22.5000    7.500013751.6270   26.6505
    0.0000   22.5000    7.500014241.5918   26.6622
    7.5000   22.5000    7.500013417.6826   26.6723
   -7.5000   30.0000    7.500012817.1543   26.3049
    0.0000   30.0000    7.500013244.1406   26.3071
    7.5000   30.0000    7.500012478.3740   26.3165
   -7.5000   37.5000    7.500012140.5293   26.2895
    0.0000   37.5000    7.500012554.1758   26.2955
    7.5000   37.5000    7.500011838.7383   26.3051
   -7.5000   45.0000    7.500010969.9824   25.6733
    0.0000   45.0000    7.500011340.5049   25.6915
    7.5000   45.0000    7.500010703.4346   25.7006
   -7.5000  -45.0000   15.000010640.8711   26.7085
    0.0000  -45.0000   15.000011042.7295   26.7264
    7.5000  -45.0000   15.000010409.4551   26.7257
   -7.5000  -37.5000   15.000011426.2607   26.7136
    0.0000  -37.5000   15.000011866.6270   26.7431
    7.5000  -37.5000   15.000011182.1035   26.7462
   -7.5000  -30.0000   15.000012591.4873   26.7240
    0.0000  -30.0000   15.000013068.0078   26.7532
    7.5000  -30.0000   15.000012346.6172   26.7594
   -7.5000  -22.5000   15.000013555.6943   26.7253
    0.0000  -22.5000   15.000014137.4072   26.7426
    7.5000  -22.5000   15.000013338.0732   26.7464
   -7.5000  -15.0000   15.000014135.0449   26.7118
    0.0000  -15.0000   15.000014784.7061   26.7169
    7.5000  -15.0000   15.000014138.9014   26.7184
   -7.5000   -7.5000   15.000014725.8203   26.6939
    0.0000   -7.5000   15.000015312.7646   26.6995
    7.5000   -7.5000   15.000014849.3633   26.6994
   -7.5000    0.0000   15.000015466.4727   26.6902
    0.0000    0.0000   15.000016050.8271   26.7082
    7.5000    0.0000   15.000015511.2666   26.7077
   -7.5000    7.5000   15.000014932.9111   26.7042
    0.0000    7.5000   15.000015550.4668   26.7337
    7.5000    7.5000   15.000014916.6904   26.7370
   -7.5000   15.0000   15.000014113.2646   26.7206
    0.0000   15.0000   15.000014752.9805   26.7498
    7.5000   15.0000   15.000014074.1699   26.7561
   -7.5000   22.5000   15.000013318.5527   26.7124
    0.0000   22.5000   15.000013898.0029   26.7296
    7.5000   22.5000   15.000013185.5889   26.7335
   -7.5000   30.0000   15.000012459.8604   26.3661
    0.0000   30.0000   15.000012934.9033   26.3712
    7.5000   30.0000   15.000012229.2012   26.3726
   -7.5000   37.5000   15.000011889.4834   26.3485
    0.0000   37.5000   15.000012325.6289   26.3541
    7.5000   37.5000   15.000011593.0361   26.3540
   -7.5000   45.0000   15.000010766.2109   25.7298
    0.0000   45.0000   15.000011145.2578   25.7471
    7.5000   45.0000   15.000010493.4941   25.7466
   -7.5000  -45.0000   22.500010289.4658   26.8230
    0.0000  -45.0000   22.500010648.7285   26.8354
    7.5000  -45.0000   22.500010118.8682   26.8169
   -7.5000  -37.5000   22.500011073.9316   26.8260
    0.0000  -37.5000   22.500011450.4893   26.8450
    7.5000  -37.5000   22.500010888.3691   26.8301
   -7.5000  -30.0000   22.500012184.7227   26.8325
    0.0000  -30.0000   22.500012639.7236   26.8513
    7.5000  -30.0000   22.500012013.1328   26.8375
   -7.5000  -22.5000   22.500013080.2246   26.8328
    0.0000  -22.5000   22.500013584.1973   26.8446
    7.5000  -22.5000   22.500012959.3418   26.8273
   -7.5000  -15.0000   22.500013644.3545   26.8211
    0.0000  -15.0000   22.500014216.5107   26.8252
    7.5000  -15.0000   22.500013753.5527   26.8048
   -7.5000   -7.5000   22.500014206.0596   26.8063
    0.0000   -7.5000   22.500014867.2637   26.8105
    7.5000   -7.5000   22.500014545.8857   26.7903
   -7.5000    0.0000   22.500014922.9834   26.8047
    0.0000    0.0000   22.500015676.9668   26.8170
    7.5000    0.0000   22.500015196.2881   26.7987
   -7.5000    7.5000   22.500014494.1738   26.8166
    0.0000    7.5000   22.500015274.3018   26.8356
    7.5000    7.5000   22.500014636.8711   26.8208
   -7.5000   15.0000   22.500013756.7900   26.8292
    0.0000   15.0000   22.500014448.1758   26.8480
    7.5000   15.0000   22.500013771.6328   26.8342
   -7.5000   22.5000   22.500012997.1064   26.8198
    0.0000   22.5000   22.500013525.8203   26.8316
    7.5000   22.5000   22.500012852.9502   26.8143
   -7.5000   30.0000   22.500012135.7070   26.4740
    0.0000   30.0000   22.500012535.2783   26.4780
    7.5000   30.0000   22.500011893.0488   26.4579
   -7.5000   37.5000   22.500011552.4365   26.4594
    0.0000   37.5000   22.500011891.7295   26.4636
    7.5000   37.5000   22.500011236.7959   26.4436
   -7.5000   45.0000   22.500010413.8574   25.8400
    0.0000   45.0000   22.500010734.5449   25.8519
    7.5000   45.0000   22.500010133.6104   25.8342
   -7.5000  -45.0000   30.0000 9788.4023   26.8896
    0.0000  -45.0000   30.000010137.9834   26.8981
    7.5000  -45.0000   30.0000 9650.7627   26.8737
   -7.5000  -37.5000   30.000010508.8203   26.8911
    0.0000  -37.5000   30.000010897.1377   26.8986
    7.5000  -37.5000   30.000010361.8105   26.8750
   -7.5000  -30.0000   30.000011508.9121   26.8954
    0.0000  -30.0000   30.000011968.0527   26.9003
    7.5000  -30.0000   30.000011405.7422   26.8730
   -7.5000  -22.5000   30.000012325.5732   26.8948
    0.0000  -22.5000   30.000012847.9580   26.8974
    7.5000  -22.5000   30.000012312.5879   26.8650
   -7.5000  -15.0000   30.000013082.1572   26.8846
    0.0000  -15.0000   30.000013607.8467   26.8855
    7.5000  -15.0000   30.000013127.2607   26.8521
   -7.5000   -7.5000   30.000013967.0332   26.8721
    0.0000   -7.5000   30.000014459.8271   26.8760
    7.5000   -7.5000   30.000013928.3857   26.8470
   -7.5000    0.0000   30.000014732.0654   26.8710
    0.0000    0.0000   30.000015273.1797   26.8795
    7.5000    0.0000   30.000014593.5039   26.8552
   -7.5000    7.5000   30.000014185.1455   26.8815
    0.0000    7.5000   30.000014721.4326   26.8891
    7.5000    7.5000   30.000014026.9658   26.8657
   -7.5000   15.0000   30.000013299.6309   26.8922
    0.0000   15.0000   30.000013817.8516   26.8971
    7.5000   15.0000   30.000013155.8564   26.8698
   -7.5000   22.5000   30.000012388.1670   26.8818
    0.0000   22.5000   30.000012846.5713   26.8844
    7.5000   22.5000   30.000012247.2490   26.8520
   -7.5000   30.0000   30.000011492.5322   26.5367
    0.0000   30.0000   30.000011897.4404   26.5375
    7.5000   30.0000   30.000011329.8750   26.5046
   -7.5000   37.5000   30.000010888.4072   26.5244
    0.0000   37.5000   30.000011237.0801   26.5282
    7.5000   37.5000   30.000010695.6426   26.4996
   -7.5000   45.0000   30.0000 9812.0684   25.9039
    0.0000   45.0000   30.000010101.1699   25.9120
    7.5000   45.0000   30.0000 9631.4277   25.8886
   -7.5000  -45.0000   37.5000 9559.6670   26.8471
    0.0000  -45.0000   37.5000 9897.3467   26.8588
    7.5000  -45.0000   37.5000 9406.9971   26.8484
   -7.5000  -37.5000   37.500010266.4258   26.8511
    0.0000  -37.5000   37.500010632.9521   26.8588
    7.5000  -37.5000   37.500010091.1211   26.8469
   -7.5000  -30.0000   37.500011267.3828   26.8587
    0.0000  -30.0000   37.500011657.4873   26.8603
    7.5000  -30.0000   37.500011095.9795   26.8421
   -7.5000  -22.5000   37.500012182.7881   26.8575
    0.0000  -22.5000   37.500012549.4326   26.8561
    7.5000  -22.5000   37.500011996.1426   26.8326
   -7.5000  -15.0000   37.500013033.0977   26.8455
    0.0000  -15.0000   37.500013414.4180   26.8446
    7.5000  -15.0000   37.500012852.0127   26.8223
   -7.5000   -7.5000   37.500013837.8799   26.8309
    0.0000   -7.5000   37.500014241.2949   26.8370
    7.5000   -7.5000   37.500013656.0908   26.8215
   -7.5000    0.0000   37.500014491.3477   26.8284
    0.0000    0.0000   37.500014935.4326   26.8401
    7.5000    0.0000   37.500014280.2725   26.8299
   -7.5000    7.5000   37.500013939.6416   26.8417
    0.0000    7.5000   37.500014397.0957   26.8493
    7.5000    7.5000   37.500013710.5381   26.8376
   -7.5000   15.0000   37.500013112.4199   26.8554
    0.0000   15.0000   37.500013560.8594   26.8570
    7.5000   15.0000   37.500012901.9316   26.8389
   -7.5000   22.5000   37.500012199.4551   26.8445
    0.0000   22.5000   37.500012577.6689   26.8430
    7.5000   22.5000   37.500012004.3340   26.8196
   -7.5000   30.0000   37.500011278.3467   26.4981
    0.0000   30.0000   37.500011604.4453   26.4971
    7.5000   30.0000   37.500011061.0820   26.4751
   -7.5000   37.5000   37.500010649.6543   26.4837
    0.0000   37.5000   37.500010929.1064   26.4897
    7.5000   37.5000   37.500010409.9971   26.4744
   -7.5000   45.0000   37.5000 9573.5068   25.8629
    0.0000   45.0000   37.5000 9836.2451   25.8741
    7.5000   45.0000   37.5000 9380.8740   25.8642
   -7.5000  -45.0000   45.0000 8851.7334   26.6096
    0.0000  -45.0000   45.0000 9151.0195   26.6257
    7.5000  -45.0000   45.0000 8704.9199   26.6310
   -7.5000  -37.5000   45.0000 9524.7627   26.6155
    0.0000  -37.5000   45.0000 9839.5596   26.6315
    7.5000  -37.5000   45.0000 9347.9258   26.6365
   -7.5000  -30.0000   45.000010457.0352   26.6243
    0.0000  -30.0000   45.000010795.9365   26.6339
    7.5000  -30.0000   45.000010233.5186   26.6355
   -7.5000  -22.5000   45.000011261.7715   26.6216
    0.0000  -22.5000   45.000011613.7227   26.6238
    7.5000  -22.5000   45.000011050.7109   26.6212
   -7.5000  -15.0000   45.000011996.0840   26.6080
    0.0000  -15.0000   45.000012376.8174   26.6069
    7.5000  -15.0000   45.000011810.6338   26.6056
   -7.5000   -7.5000   45.000012696.4209   26.5931
    0.0000   -7.5000   45.000013139.4512   26.5996
    7.5000   -7.5000   45.000012554.5479   26.6026
   -7.5000    0.0000   45.000013269.8252   26.5912
    0.0000    0.0000   45.000013743.5322   26.6073
    7.5000    0.0000   45.000013116.3311   26.6127
   -7.5000    7.5000   45.000012727.6367   26.6062
    0.0000    7.5000   45.000013207.9365   26.6221
    7.5000    7.5000   45.000012587.8604   26.6273
   -7.5000   15.0000   45.000012033.1846   26.6210
    0.0000   15.0000   45.000012482.1543   26.6306
    7.5000   15.0000   45.000011872.4658   26.6322
   -7.5000   22.5000   45.000011222.6074   26.6086
    0.0000   22.5000   45.000011611.2031   26.6107
    7.5000   22.5000   45.000011059.5537   26.6082
   -7.5000   30.0000   45.000010351.9873   26.2613
    0.0000   30.0000   45.000010685.8906   26.2603
    7.5000   30.0000   45.000010154.4824   26.2590
   -7.5000   37.5000   45.0000 9786.4414   26.2467
    0.0000   37.5000   45.000010107.9189   26.2532
    7.5000   37.5000   45.0000 9577.1738   26.2561
   -7.5000   45.0000   45.0000 8830.8965   25.6459
    0.0000   45.0000   45.0000 9141.7520   25.6614
    7.5000   45.0000   45.0000 8645.8438   25.6666

---------------------------------------------------------------------
imgreg_4dfp /opt/freesurfer/average/711-2C_as_mni_average_305 /opt/freesurfer/average/711-2B_as_mni_average_305_mask talsrcimg_g11 none talsrcimg_to_711-2C_as_mni_average_305_t4 4355
---------------------------------------------------------------------

freesurfer imgreg_4dfp.c
/opt/freesurfer/average/711-2C_as_mni_average_305.4dfp.img
       256       256       256         1
  1.000000  1.000000  1.000000
orientation T byte_order littleendian
Reading image: /opt/freesurfer/average/711-2C_as_mni_average_305.4dfp.img
dimensions:      256       256       256
mmppix:       1.0000   -1.0000   -1.0000
center:     128.0000 -129.0000 -129.0000
/opt/freesurfer/average/711-2B_as_mni_average_305_mask.4dfp.img
       256       256       256         1
  1.000000  1.000000  1.000000
orientation T byte_order littleendian
Reading mask: /opt/freesurfer/average/711-2B_as_mni_average_305_mask.4dfp.img (2306576 pixels)
talsrcimg_g11.4dfp.img
       256       256       256         1
  1.000000  1.000000  1.000000
orientation T byte_order littleendian
Reading image: talsrcimg_g11.4dfp.img
dimensions:      256       256       256
mmppix:       1.0000   -1.0000   -1.0000
center:     128.0000 -129.0000 -129.0000
rotation matrix determinant  1.000000
image alignment mode   4355 decimal     1103 hex
   -7.5000  -45.0000  -37.5000 2029.9308   28.6792
    0.0000  -45.0000  -37.5000 2013.4919   28.7751
    7.5000  -45.0000  -37.5000 1983.1073   29.4438
   -7.5000  -37.5000  -37.5000 2121.8491   26.4527
    0.0000  -37.5000  -37.5000 2103.6597   26.5553
    7.5000  -37.5000  -37.5000 2067.8865   27.0683
   -7.5000  -30.0000  -37.5000 2184.3198   24.8771
    0.0000  -30.0000  -37.5000 2164.6353   24.9513
    7.5000  -30.0000  -37.5000 2122.8269   25.4080
   -7.5000  -22.5000  -37.5000 2211.3479   23.8015
    0.0000  -22.5000  -37.5000 2196.1575   23.8944
    7.5000  -22.5000  -37.5000 2158.4080   24.3742
   -7.5000  -15.0000  -37.5000 2219.2544   23.2484
    0.0000  -15.0000  -37.5000 2206.6809   23.3166
    7.5000  -15.0000  -37.5000 2174.4246   23.8775
   -7.5000   -7.5000  -37.5000 2222.7405   23.0473
    0.0000   -7.5000  -37.5000 2209.9294   23.1190
    7.5000   -7.5000  -37.5000 2176.5488   23.6737
   -7.5000    0.0000  -37.5000 2214.1282   23.0999
    0.0000    0.0000  -37.5000 2204.6541   23.2546
    7.5000    0.0000  -37.5000 2169.4814   23.8204
   -7.5000    7.5000  -37.5000 2190.5205   23.8100
    0.0000    7.5000  -37.5000 2184.2278   23.9192
    7.5000    7.5000  -37.5000 2143.7756   24.5528
   -7.5000   15.0000  -37.5000 2141.1472   24.8428
    0.0000   15.0000  -37.5000 2137.9604   24.9105
    7.5000   15.0000  -37.5000 2104.6309   25.6010
   -7.5000   22.5000  -37.5000 2086.1394   26.2320
    0.0000   22.5000  -37.5000 2080.8818   26.2861
    7.5000   22.5000  -37.5000 2043.3779   27.0113
   -7.5000   30.0000  -37.5000 2006.2860   28.1772
    0.0000   30.0000  -37.5000 1996.3685   28.2310
    7.5000   30.0000  -37.5000 1959.9460   29.0273
   -7.5000   37.5000  -37.5000 1910.4056   30.8899
    0.0000   37.5000  -37.5000 1903.0149   30.9833
    7.5000   37.5000  -37.5000 1869.7732   31.8189
   -7.5000   45.0000  -37.5000 1792.0312   34.6170
    0.0000   45.0000  -37.5000 1790.0297   34.7937
    7.5000   45.0000  -37.5000 1761.2983   35.7342
   -7.5000  -45.0000  -30.0000 2157.2788   27.4529
    0.0000  -45.0000  -30.0000 2140.7188   27.5544
    7.5000  -45.0000  -30.0000 2101.6375   28.1422
   -7.5000  -37.5000  -30.0000 2258.1775   25.2319
    0.0000  -37.5000  -30.0000 2238.4446   25.3362
    7.5000  -37.5000  -30.0000 2201.4785   25.8560
   -7.5000  -30.0000  -30.0000 2322.1802   23.7122
    0.0000  -30.0000  -30.0000 2308.1775   23.7919
    7.5000  -30.0000  -30.0000 2266.2119   24.1900
   -7.5000  -22.5000  -30.0000 2350.6140   22.7166
    0.0000  -22.5000  -30.0000 2340.3892   22.7467
    7.5000  -22.5000  -30.0000 2310.5886   23.1954
   -7.5000  -15.0000  -30.0000 2367.8411   22.1735
    0.0000  -15.0000  -30.0000 2353.9927   22.2140
    7.5000  -15.0000  -30.0000 2322.3430   22.6458
   -7.5000   -7.5000  -30.0000 2361.7341   21.9449
    0.0000   -7.5000  -30.0000 2354.0068   21.9999
    7.5000   -7.5000  -30.0000 2321.6980   22.4441
   -7.5000    0.0000  -30.0000 2353.8528   21.9455
    0.0000    0.0000  -30.0000 2342.9946   22.0084
    7.5000    0.0000  -30.0000 2312.1633   22.4732
   -7.5000    7.5000  -30.0000 2333.8833   22.4355
    0.0000    7.5000  -30.0000 2323.8027   22.4896
    7.5000    7.5000  -30.0000 2285.4780   23.0350
   -7.5000   15.0000  -30.0000 2294.1758   23.3736
    0.0000   15.0000  -30.0000 2286.1545   23.4480
    7.5000   15.0000  -30.0000 2245.6404   24.0202
   -7.5000   22.5000  -30.0000 2229.8635   24.7688
    0.0000   22.5000  -30.0000 2223.4636   24.8274
    7.5000   22.5000  -30.0000 2187.5110   25.4396
   -7.5000   30.0000  -30.0000 2141.3301   26.6286
    0.0000   30.0000  -30.0000 2137.7754   26.6549
    7.5000   30.0000  -30.0000 2103.6472   27.3273
   -7.5000   37.5000  -30.0000 2031.9628   29.1485
    0.0000   37.5000  -30.0000 2028.5016   29.1749
    7.5000   37.5000  -30.0000 1993.4304   29.9466
   -7.5000   45.0000  -30.0000 1903.9236   32.7173
    0.0000   45.0000  -30.0000 1904.6823   32.7569
    7.5000   45.0000  -30.0000 1871.5676   33.5550
   -7.5000  -45.0000  -22.5000 2263.9351   26.2964
    0.0000  -45.0000  -22.5000 2246.3196   26.4301
    7.5000  -45.0000  -22.5000 2207.4731   26.8624
   -7.5000  -37.5000  -22.5000 2367.2529   24.0513
    0.0000  -37.5000  -22.5000 2350.0886   24.1422
    7.5000  -37.5000  -22.5000 2309.6614   24.5798
   -7.5000  -30.0000  -22.5000 2438.9360   22.4671
    0.0000  -30.0000  -22.5000 2426.2119   22.5746
    7.5000  -30.0000  -22.5000 2383.4072   22.9277
   -7.5000  -22.5000  -22.5000 2479.6306   21.5174
    0.0000  -22.5000  -22.5000 2465.1172   21.5693
    7.5000  -22.5000  -22.5000 2424.1335   21.9064
   -7.5000  -15.0000  -22.5000 2502.0479   20.8977
    0.0000  -15.0000  -22.5000 2490.1875   20.9435
    7.5000  -15.0000  -22.5000 2450.7783   21.3143
   -7.5000   -7.5000  -22.5000 2503.2070   20.6425
    0.0000   -7.5000  -22.5000 2493.2236   20.6619
    7.5000   -7.5000  -22.5000 2448.8652   21.0297
   -7.5000    0.0000  -22.5000 2488.8115   20.6571
    0.0000    0.0000  -22.5000 2481.9465   20.7183
    7.5000    0.0000  -22.5000 2444.3672   21.0803
   -7.5000    7.5000  -22.5000 2469.9434   21.1070
    0.0000    7.5000  -22.5000 2464.4216   21.1748
    7.5000    7.5000  -22.5000 2423.6521   21.6098
   -7.5000   15.0000  -22.5000 2430.9768   21.9810
    0.0000   15.0000  -22.5000 2424.0393   22.0451
    7.5000   15.0000  -22.5000 2379.6213   22.5084
   -7.5000   22.5000  -22.5000 2361.6604   23.2965
    0.0000   22.5000  -22.5000 2357.8074   23.3093
    7.5000   22.5000  -22.5000 2310.3696   23.8194
   -7.5000   30.0000  -22.5000 2260.6233   25.0867
    0.0000   30.0000  -22.5000 2256.9358   25.0813
    7.5000   30.0000  -22.5000 2217.4800   25.5877
   -7.5000   37.5000  -22.5000 2144.4277   27.5146
    0.0000   37.5000  -22.5000 2141.6304   27.5124
    7.5000   37.5000  -22.5000 2104.4111   28.1303
   -7.5000   45.0000  -22.5000 2010.9043   30.8071
    0.0000   45.0000  -22.5000 2008.9086   30.7968
    7.5000   45.0000  -22.5000 1976.4849   31.4518
   -7.5000  -45.0000  -15.0000 2335.0403   25.1480
    0.0000  -45.0000  -15.0000 2318.6853   25.2497
    7.5000  -45.0000  -15.0000 2276.3430   25.6994
   -7.5000  -37.5000  -15.0000 2443.2876   22.9359
    0.0000  -37.5000  -15.0000 2428.5659   23.0481
    7.5000  -37.5000  -15.0000 2381.2327   23.4276
   -7.5000  -30.0000  -15.0000 2526.6719   21.2564
    0.0000  -30.0000  -15.0000 2507.8394   21.3559
    7.5000  -30.0000  -15.0000 2461.9092   21.6695
   -7.5000  -22.5000  -15.0000 2574.3904   20.1805
    0.0000  -22.5000  -15.0000 2562.6433   20.2396
    7.5000  -22.5000  -15.0000 2517.3872   20.5856
   -7.5000  -15.0000  -15.0000 2598.4338   19.5327
    0.0000  -15.0000  -15.0000 2587.7903   19.5790
    7.5000  -15.0000  -15.0000 2544.9111   19.9269
   -7.5000   -7.5000  -15.0000 2613.0955   19.2455
    0.0000   -7.5000  -15.0000 2605.8403   19.3157
    7.5000   -7.5000  -15.0000 2560.4976   19.6500
   -7.5000    0.0000  -15.0000 2606.6770   19.3438
    0.0000    0.0000  -15.0000 2601.0530   19.4176
    7.5000    0.0000  -15.0000 2558.8438   19.7436
   -7.5000    7.5000  -15.0000 2583.5977   19.8340
    0.0000    7.5000  -15.0000 2580.9104   19.8533
    7.5000    7.5000  -15.0000 2532.1990   20.2163
   -7.5000   15.0000  -15.0000 2535.2512   20.6785
    0.0000   15.0000  -15.0000 2530.0530   20.6769
    7.5000   15.0000  -15.0000 2478.2688   21.0628
   -7.5000   22.5000  -15.0000 2462.9424   21.9154
    0.0000   22.5000  -15.0000 2463.3066   21.9099
    7.5000   22.5000  -15.0000 2411.8552   22.3215
   -7.5000   30.0000  -15.0000 2358.6096   23.5499
    0.0000   30.0000  -15.0000 2356.4854   23.5652
    7.5000   30.0000  -15.0000 2312.3164   24.0146
   -7.5000   37.5000  -15.0000 2229.4727   25.8590
    0.0000   37.5000  -15.0000 2228.0168   25.8770
    7.5000   37.5000  -15.0000 2186.4204   26.3874
   -7.5000   45.0000  -15.0000 2085.9761   28.9193
    0.0000   45.0000  -15.0000 2087.9333   29.0190
    7.5000   45.0000  -15.0000 2048.1963   29.5535
   -7.5000  -45.0000   -7.5000 2380.0920   23.8837
    0.0000  -45.0000   -7.5000 2367.4724   24.0980
    7.5000  -45.0000   -7.5000 2323.8816   24.5315
   -7.5000  -37.5000   -7.5000 2498.7195   21.7110
    0.0000  -37.5000   -7.5000 2483.1750   21.8680
    7.5000  -37.5000   -7.5000 2436.4355   22.2758
   -7.5000  -30.0000   -7.5000 2591.7876   20.0740
    0.0000  -30.0000   -7.5000 2574.9749   20.1853
    7.5000  -30.0000   -7.5000 2525.6902   20.5167
   -7.5000  -22.5000   -7.5000 2653.3657   18.8697
    0.0000  -22.5000   -7.5000 2638.6057   18.9983
    7.5000  -22.5000   -7.5000 2591.8779   19.3190
   -7.5000  -15.0000   -7.5000 2689.6572   18.1578
    0.0000  -15.0000   -7.5000 2674.1838   18.2620
    7.5000  -15.0000   -7.5000 2634.4397   18.6121
   -7.5000   -7.5000   -7.5000 2710.3271   17.8455
    0.0000   -7.5000   -7.5000 2702.6482   17.9341
    7.5000   -7.5000   -7.5000 2650.6853   18.2895
   -7.5000    0.0000   -7.5000 2705.4033   18.0159
    0.0000    0.0000   -7.5000 2699.5852   18.0723
    7.5000    0.0000   -7.5000 2647.4451   18.3927
   -7.5000    7.5000   -7.5000 2684.3369   18.5220
    0.0000    7.5000   -7.5000 2679.4656   18.5524
    7.5000    7.5000   -7.5000 2625.7883   18.8810
   -7.5000   15.0000   -7.5000 2634.2915   19.3221
    0.0000   15.0000   -7.5000 2629.9639   19.3401
    7.5000   15.0000   -7.5000 2573.6602   19.7074
   -7.5000   22.5000   -7.5000 2549.5886   20.4639
    0.0000   22.5000   -7.5000 2547.6238   20.4753
    7.5000   22.5000   -7.5000 2496.0652   20.8736
   -7.5000   30.0000   -7.5000 2436.0830   22.0891
    0.0000   30.0000   -7.5000 2434.6978   22.0904
    7.5000   30.0000   -7.5000 2388.5410   22.5416
   -7.5000   37.5000   -7.5000 2297.9807   24.2779
    0.0000   37.5000   -7.5000 2298.2246   24.3201
    7.5000   37.5000   -7.5000 2255.8030   24.8123
   -7.5000   45.0000   -7.5000 2144.1147   27.1769
    0.0000   45.0000   -7.5000 2145.7751   27.2219
    7.5000   45.0000   -7.5000 2109.3391   27.8019
   -7.5000  -45.0000    0.0000 2419.8909   22.7987
    0.0000  -45.0000    0.0000 2405.5547   23.0182
    7.5000  -45.0000    0.0000 2362.2173   23.6079
   -7.5000  -37.5000    0.0000 2539.4722   20.6511
    0.0000  -37.5000    0.0000 2527.7144   20.8384
    7.5000  -37.5000    0.0000 2483.7617   21.3349
   -7.5000  -30.0000    0.0000 2638.1931   18.9814
    0.0000  -30.0000    0.0000 2627.3931   19.1388
    7.5000  -30.0000    0.0000 2577.3777   19.5719
   -7.5000  -22.5000    0.0000 2714.5652   17.7595
    0.0000  -22.5000    0.0000 2704.0764   17.8680
    7.5000  -22.5000    0.0000 2656.9570   18.3160
   -7.5000  -15.0000    0.0000 2761.5957   16.9727
    0.0000  -15.0000    0.0000 2747.3892   17.0824
    7.5000  -15.0000    0.0000 2701.2434   17.4759
   -7.5000   -7.5000    0.0000 2794.2979   16.6461
    0.0000   -7.5000    0.0000 2782.5227   16.7575
    7.5000   -7.5000    0.0000 2725.6687   17.1567
   -7.5000    0.0000    0.0000 2801.0261   16.8345
    0.0000    0.0000    0.0000 2792.0669   16.9001
    7.5000    0.0000    0.0000 2729.6421   17.2704
   -7.5000    7.5000    0.0000 2770.8655   17.3260
    0.0000    7.5000    0.0000 2768.9304   17.3736
    7.5000    7.5000    0.0000 2709.0439   17.7204
   -7.5000   15.0000    0.0000 2711.7227   18.0947
    0.0000   15.0000    0.0000 2709.6099   18.1316
    7.5000   15.0000    0.0000 2655.9937   18.5087
   -7.5000   22.5000    0.0000 2618.0574   19.2249
    0.0000   22.5000    0.0000 2618.5266   19.2216
    7.5000   22.5000    0.0000 2567.7283   19.6682
   -7.5000   30.0000    0.0000 2498.6025   20.8344
    0.0000   30.0000    0.0000 2496.1951   20.7994
    7.5000   30.0000    0.0000 2449.8950   21.3342
   -7.5000   37.5000    0.0000 2356.9697   23.0110
    0.0000   37.5000    0.0000 2351.1089   22.9738
    7.5000   37.5000    0.0000 2312.8303   23.5774
   -7.5000   45.0000    0.0000 2192.3491   25.7850
    0.0000   45.0000    0.0000 2187.4121   25.7618
    7.5000   45.0000    0.0000 2158.3726   26.4041
   -7.5000  -45.0000    7.5000 2438.3127   21.9317
    0.0000  -45.0000    7.5000 2432.5413   22.2069
    7.5000  -45.0000    7.5000 2390.5793   22.8755
   -7.5000  -37.5000    7.5000 2567.8296   19.7551
    0.0000  -37.5000    7.5000 2561.4028   19.9984
    7.5000  -37.5000    7.5000 2517.1440   20.6186
   -7.5000  -30.0000    7.5000 2671.6025   18.0859
    0.0000  -30.0000    7.5000 2663.4570   18.2697
    7.5000  -30.0000    7.5000 2617.1931   18.8776
   -7.5000  -22.5000    7.5000 2757.1072   16.8073
    0.0000  -22.5000    7.5000 2751.2886   16.9684
    7.5000  -22.5000    7.5000 2699.9724   17.5223
   -7.5000  -15.0000    7.5000 2826.6809   15.9534
    0.0000  -15.0000    7.5000 2818.8962   16.0899
    7.5000  -15.0000    7.5000 2759.7761   16.6107
   -7.5000   -7.5000    7.5000 2876.2913   15.6083
    0.0000   -7.5000    7.5000 2866.0513   15.7307
    7.5000   -7.5000    7.5000 2800.5808   16.2924
   -7.5000    0.0000    7.5000 2885.5735   15.8323
    0.0000    0.0000    7.5000 2884.2004   15.9212
    7.5000    0.0000    7.5000 2811.5054   16.4060
   -7.5000    7.5000    7.5000 2845.1399   16.3330
    0.0000    7.5000    7.5000 2846.8237   16.3850
    7.5000    7.5000    7.5000 2786.4043   16.8589
   -7.5000   15.0000    7.5000 2772.0510   17.1493
    0.0000   15.0000    7.5000 2771.8999   17.1203
    7.5000   15.0000    7.5000 2727.9197   17.6700
   -7.5000   22.5000    7.5000 2673.8633   18.3366
    0.0000   22.5000    7.5000 2671.9236   18.3171
    7.5000   22.5000    7.5000 2629.6885   18.9097
   -7.5000   30.0000    7.5000 2545.7375   19.9340
    0.0000   30.0000    7.5000 2543.2158   19.9345
    7.5000   30.0000    7.5000 2500.9890   20.5507
   -7.5000   37.5000    7.5000 2397.1814   22.0582
    0.0000   37.5000    7.5000 2393.2883   22.1037
    7.5000   37.5000    7.5000 2354.9175   22.7121
   -7.5000   45.0000    7.5000 2230.5151   24.8418
    0.0000   45.0000    7.5000 2227.8911   24.9070
    7.5000   45.0000    7.5000 2192.0415   25.5500
   -7.5000  -45.0000   15.0000 2454.0159   21.5043
    0.0000  -45.0000   15.0000 2448.0183   21.8038
    7.5000  -45.0000   15.0000 2410.3159   22.5627
   -7.5000  -37.5000   15.0000 2576.4487   19.2917
    0.0000  -37.5000   15.0000 2568.9724   19.5328
    7.5000  -37.5000   15.0000 2525.0930   20.2300
   -7.5000  -30.0000   15.0000 2679.5955   17.5232
    0.0000  -30.0000   15.0000 2674.1382   17.7492
    7.5000  -30.0000   15.0000 2627.8691   18.4232
   -7.5000  -22.5000   15.0000 2773.6611   16.1825
    0.0000  -22.5000   15.0000 2767.1147   16.3601
    7.5000  -22.5000   15.0000 2715.2305   17.0377
   -7.5000  -15.0000   15.0000 2854.2712   15.2462
    0.0000  -15.0000   15.0000 2852.8572   15.4094
    7.5000  -15.0000   15.0000 2789.4019   16.0731
   -7.5000   -7.5000   15.0000 2919.5613   14.7427
    0.0000   -7.5000   15.0000 2914.2505   14.9166
    7.5000   -7.5000   15.0000 2839.1201   15.6824
   -7.5000    0.0000   15.0000 2931.1387   15.0223
    0.0000    0.0000   15.0000 2928.9712   15.0402
    7.5000    0.0000   15.0000 2858.3569   15.8209
   -7.5000    7.5000   15.0000 2887.2480   15.7005
    0.0000    7.5000   15.0000 2890.6143   15.7215
    7.5000    7.5000   15.0000 2830.9060   16.4239
   -7.5000   15.0000   15.0000 2811.2964   16.5922
    0.0000   15.0000   15.0000 2817.3259   16.6839
    7.5000   15.0000   15.0000 2768.7527   17.2820
   -7.5000   22.5000   15.0000 2708.3933   17.7967
    0.0000   22.5000   15.0000 2715.8538   17.9051
    7.5000   22.5000   15.0000 2667.9517   18.4252
   -7.5000   30.0000   15.0000 2575.8887   19.4341
    0.0000   30.0000   15.0000 2575.7312   19.5353
    7.5000   30.0000   15.0000 2532.1016   20.0447
   -7.5000   37.5000   15.0000 2420.8118   21.5924
    0.0000   37.5000   15.0000 2422.2471   21.6759
    7.5000   37.5000   15.0000 2376.4707   22.2383
   -7.5000   45.0000   15.0000 2251.6995   24.3568
    0.0000   45.0000   15.0000 2251.7412   24.4654
    7.5000   45.0000   15.0000 2219.7268   25.0885
   -7.5000  -45.0000   22.5000 2452.7344   21.4675
    0.0000  -45.0000   22.5000 2447.8625   21.6484
    7.5000  -45.0000   22.5000 2414.8540   22.5254
   -7.5000  -37.5000   22.5000 2575.5159   19.2661
    0.0000  -37.5000   22.5000 2567.0503   19.3874
    7.5000  -37.5000   22.5000 2528.4250   20.2221
   -7.5000  -30.0000   22.5000 2680.7214   17.4950
    0.0000  -30.0000   22.5000 2676.0356   17.5875
    7.5000  -30.0000   22.5000 2633.3696   18.4105
   -7.5000  -22.5000   22.5000 2779.7363   16.0655
    0.0000  -22.5000   22.5000 2771.1155   16.1820
    7.5000  -22.5000   22.5000 2727.4844   16.9813
   -7.5000  -15.0000   22.5000 2866.5684   15.0430
    0.0000  -15.0000   22.5000 2868.6658   15.1847
    7.5000  -15.0000   22.5000 2815.9446   15.9938
   -7.5000   -7.5000   22.5000 2932.5676   14.6170
    0.0000   -7.5000   22.5000 2937.5796   14.7762
    7.5000   -7.5000   22.5000 2875.7913   15.6550
   -7.5000    0.0000   22.5000 2966.9441   14.8536
    0.0000    0.0000   22.5000 2982.9084   15.0416
    7.5000    0.0000   22.5000 2899.1667   15.8374
   -7.5000    7.5000   22.5000 2931.1147   15.6220
    0.0000    7.5000   22.5000 2947.5425   15.7967
    7.5000    7.5000   22.5000 2871.7190   16.3652
   -7.5000   15.0000   22.5000 2846.0056   16.6265
    0.0000   15.0000   22.5000 2853.9602   16.7529
    7.5000   15.0000   22.5000 2795.7407   17.2178
   -7.5000   22.5000   22.5000 2737.4722   17.8563
    0.0000   22.5000   22.5000 2739.9434   17.9155
    7.5000   22.5000   22.5000 2690.2168   18.3737
   -7.5000   30.0000   22.5000 2595.3013   19.4737
    0.0000   30.0000   22.5000 2599.3337   19.5158
    7.5000   30.0000   22.5000 2555.4614   19.9882
   -7.5000   37.5000   22.5000 2439.3823   21.5519
    0.0000   37.5000   22.5000 2439.1965   21.5662
    7.5000   37.5000   22.5000 2396.4910   22.0944
   -7.5000   45.0000   22.5000 2259.8269   24.1930
    0.0000   45.0000   22.5000 2264.1189   24.2113
    7.5000   45.0000   22.5000 2228.5713   24.7946
   -7.5000  -45.0000   30.0000 2436.7830   21.6313
    0.0000  -45.0000   30.0000 2424.6167   21.7579
    7.5000  -45.0000   30.0000 2400.9619   22.7390
   -7.5000  -37.5000   30.0000 2550.1140   19.3726
    0.0000  -37.5000   30.0000 2545.7742   19.5161
    7.5000  -37.5000   30.0000 2514.0530   20.4160
   -7.5000  -30.0000   30.0000 2654.2815   17.5887
    0.0000  -30.0000   30.0000 2656.3362   17.7030
    7.5000  -30.0000   30.0000 2621.8337   18.5712
   -7.5000  -22.5000   30.0000 2749.7754   16.2045
    0.0000  -22.5000   30.0000 2762.7864   16.3645
    7.5000  -22.5000   30.0000 2721.3376   17.1975
   -7.5000  -15.0000   30.0000 2850.9128   15.3864
    0.0000  -15.0000   30.0000 2866.4111   15.4956
    7.5000  -15.0000   30.0000 2815.9932   16.3532
   -7.5000   -7.5000   30.0000 2935.3101   15.2110
    0.0000   -7.5000   30.0000 2938.6145   15.2453
    7.5000   -7.5000   30.0000 2878.6550   16.0441
   -7.5000    0.0000   30.0000 2957.8904   15.5100
    0.0000    0.0000   30.0000 2967.8828   15.5486
    7.5000    0.0000   30.0000 2895.4185   16.1653
   -7.5000    7.5000   30.0000 2925.1636   16.0127
    0.0000    7.5000   30.0000 2938.5613   16.0898
    7.5000    7.5000   30.0000 2869.4180   16.6086
   -7.5000   15.0000   30.0000 2832.0447   16.8770
    0.0000   15.0000   30.0000 2844.4998   16.9783
    7.5000   15.0000   30.0000 2785.4482   17.4462
   -7.5000   22.5000   30.0000 2721.3777   18.0355
    0.0000   22.5000   30.0000 2732.8567   18.1179
    7.5000   22.5000   30.0000 2683.2805   18.5863
   -7.5000   30.0000   30.0000 2582.9294   19.6067
    0.0000   30.0000   30.0000 2593.2910   19.7106
    7.5000   30.0000   30.0000 2552.8562   20.1712
   -7.5000   37.5000   30.0000 2426.3203   21.6150
    0.0000   37.5000   30.0000 2431.1492   21.7269
    7.5000   37.5000   30.0000 2394.2710   22.2203
   -7.5000   45.0000   30.0000 2249.0432   24.2477
    0.0000   45.0000   30.0000 2253.2029   24.3115
    7.5000   45.0000   30.0000 2225.4629   24.8746
   -7.5000  -45.0000   37.5000 2399.1348   22.1057
    0.0000  -45.0000   37.5000 2394.6841   22.1822
    7.5000  -45.0000   37.5000 2367.4785   23.1521
   -7.5000  -37.5000   37.5000 2518.7854   19.9331
    0.0000  -37.5000   37.5000 2519.7510   19.9769
    7.5000  -37.5000   37.5000 2484.1843   20.8671
   -7.5000  -30.0000   37.5000 2626.2878   18.2344
    0.0000  -30.0000   37.5000 2629.8997   18.2574
    7.5000  -30.0000   37.5000 2589.5239   19.0696
   -7.5000  -22.5000   37.5000 2731.6084   16.9560
    0.0000  -22.5000   37.5000 2734.6687   16.9669
    7.5000  -22.5000   37.5000 2695.2522   17.7895
   -7.5000  -15.0000   37.5000 2827.0171   16.1797
    0.0000  -15.0000   37.5000 2836.8547   16.1472
    7.5000  -15.0000   37.5000 2784.3186   16.9713
   -7.5000   -7.5000   37.5000 2890.0007   15.9012
    0.0000   -7.5000   37.5000 2897.5251   15.9234
    7.5000   -7.5000   37.5000 2845.2075   16.6484
   -7.5000    0.0000   37.5000 2895.9304   16.1058
    0.0000    0.0000   37.5000 2911.1550   16.1407
    7.5000    0.0000   37.5000 2857.8850   16.7299
   -7.5000    7.5000   37.5000 2862.9539   16.6218
    0.0000    7.5000   37.5000 2881.6848   16.6613
    7.5000    7.5000   37.5000 2824.4761   17.1649
   -7.5000   15.0000   37.5000 2779.5840   17.4864
    0.0000   15.0000   37.5000 2797.5237   17.5225
    7.5000   15.0000   37.5000 2744.9126   17.9724
   -7.5000   22.5000   37.5000 2672.7258   18.6115
    0.0000   22.5000   37.5000 2683.2078   18.6075
    7.5000   22.5000   37.5000 2645.3665   19.0571
   -7.5000   30.0000   37.5000 2543.4163   20.0273
    0.0000   30.0000   37.5000 2551.9133   20.0565
    7.5000   30.0000   37.5000 2519.9443   20.5172
   -7.5000   37.5000   37.5000 2389.0090   21.9460
    0.0000   37.5000   37.5000 2393.4644   21.9770
    7.5000   37.5000   37.5000 2365.1338   22.4702
   -7.5000   45.0000   37.5000 2223.1069   24.4707
    0.0000   45.0000   37.5000 2230.2231   24.4859
    7.5000   45.0000   37.5000 2207.1995   25.0241
   -7.5000  -45.0000   45.0000 2358.2830   23.0859
    0.0000  -45.0000   45.0000 2349.6362   23.0897
    7.5000  -45.0000   45.0000 2319.8513   23.9852
   -7.5000  -37.5000   45.0000 2477.3196   20.9253
    0.0000  -37.5000   45.0000 2474.4170   20.9439
    7.5000  -37.5000   45.0000 2431.8740   21.6707
   -7.5000  -30.0000   45.0000 2584.8396   19.1830
    0.0000  -30.0000   45.0000 2579.4783   19.1610
    7.5000  -30.0000   45.0000 2537.5500   19.8873
   -7.5000  -22.5000   45.0000 2682.9583   17.8812
    0.0000  -22.5000   45.0000 2683.8872   17.8303
    7.5000  -22.5000   45.0000 2638.9094   18.5773
   -7.5000  -15.0000   45.0000 2769.2017   17.0833
    0.0000  -15.0000   45.0000 2772.4353   17.0624
    7.5000  -15.0000   45.0000 2722.7964   17.7912
   -7.5000   -7.5000   45.0000 2820.0962   16.7673
    0.0000   -7.5000   45.0000 2828.4099   16.7983
    7.5000   -7.5000   45.0000 2783.2634   17.4392
   -7.5000    0.0000   45.0000 2819.0637   16.9142
    0.0000    0.0000   45.0000 2831.7278   16.9350
    7.5000    0.0000   45.0000 2787.5234   17.5013
   -7.5000    7.5000   45.0000 2779.6865   17.4076
    0.0000    7.5000   45.0000 2793.5693   17.4306
    7.5000    7.5000   45.0000 2748.8938   17.9429
   -7.5000   15.0000   45.0000 2698.8254   18.2395
    0.0000   15.0000   45.0000 2711.5208   18.2662
    7.5000   15.0000   45.0000 2666.9866   18.7228
   -7.5000   22.5000   45.0000 2597.4666   19.3632
    0.0000   22.5000   45.0000 2606.2234   19.3411
    7.5000   22.5000   45.0000 2571.7251   19.8030
   -7.5000   30.0000   45.0000 2472.7139   20.7544
    0.0000   30.0000   45.0000 2481.6018   20.7453
    7.5000   30.0000   45.0000 2451.4590   21.1892
   -7.5000   37.5000   45.0000 2331.7710   22.5718
    0.0000   37.5000   45.0000 2342.8203   22.5979
    7.5000   37.5000   45.0000 2309.7854   23.0831
   -7.5000   45.0000   45.0000 2183.6270   25.0455
    0.0000   45.0000   45.0000 2199.5127   25.0533
    7.5000   45.0000   45.0000 2162.8420   25.5732
   -7.5000  -45.0000   52.5000 2309.2778   24.5148
    0.0000  -45.0000   52.5000 2308.3999   24.5170
    7.5000  -45.0000   52.5000 2266.2971   25.1874
   -7.5000  -37.5000   52.5000 2429.1938   22.2140
    0.0000  -37.5000   52.5000 2426.5652   22.1354
    7.5000  -37.5000   52.5000 2380.8330   22.8219
   -7.5000  -30.0000   52.5000 2529.4778   20.3323
    0.0000  -30.0000   52.5000 2531.4778   20.2985
    7.5000  -30.0000   52.5000 2482.1855   20.9497
   -7.5000  -22.5000   52.5000 2628.5999   19.0590
    0.0000  -22.5000   52.5000 2635.6580   18.9849
    7.5000  -22.5000   52.5000 2585.0283   19.6657
   -7.5000  -15.0000   52.5000 2703.3594   18.2421
    0.0000  -15.0000   52.5000 2710.5645   18.2375
    7.5000  -15.0000   52.5000 2663.9473   18.8528
   -7.5000   -7.5000   52.5000 2744.6685   17.9070
    0.0000   -7.5000   52.5000 2755.9543   17.9320
    7.5000   -7.5000   52.5000 2713.2507   18.5110
   -7.5000    0.0000   52.5000 2733.8826   17.9672
    0.0000    0.0000   52.5000 2751.3706   17.9988
    7.5000    0.0000   52.5000 2712.8870   18.5295
   -7.5000    7.5000   52.5000 2692.6812   18.4473
    0.0000    7.5000   52.5000 2707.6533   18.4683
    7.5000    7.5000   52.5000 2672.6497   18.9674
   -7.5000   15.0000   52.5000 2616.5808   19.2555
    0.0000   15.0000   52.5000 2634.1885   19.2592
    7.5000   15.0000   52.5000 2597.3372   19.6910
   -7.5000   22.5000   52.5000 2514.7410   20.3577
    0.0000   22.5000   52.5000 2523.8423   20.3343
    7.5000   22.5000   52.5000 2497.1858   20.7616
   -7.5000   30.0000   52.5000 2399.8887   21.7235
    0.0000   30.0000   52.5000 2405.1414   21.7374
    7.5000   30.0000   52.5000 2379.7893   22.1172
   -7.5000   37.5000   52.5000 2270.9048   23.5655
    0.0000   37.5000   52.5000 2281.0967   23.5818
    7.5000   37.5000   52.5000 2251.5974   23.9707
   -7.5000   45.0000   52.5000 2132.6663   26.0499
    0.0000   45.0000   52.5000 2141.3208   26.0009
    7.5000   45.0000   52.5000 2115.6843   26.4418

---------------------------------------------------------------------
imgreg_4dfp /opt/freesurfer/average/711-2C_as_mni_average_305 /opt/freesurfer/average/711-2B_as_mni_average_305_mask talsrcimg_g11 none talsrcimg_to_711-2C_as_mni_average_305_t4 1283
---------------------------------------------------------------------

freesurfer imgreg_4dfp.c
/opt/freesurfer/average/711-2C_as_mni_average_305.4dfp.img
       256       256       256         1
  1.000000  1.000000  1.000000
orientation T byte_order littleendian
Reading image: /opt/freesurfer/average/711-2C_as_mni_average_305.4dfp.img
dimensions:      256       256       256
mmppix:       1.0000   -1.0000   -1.0000
center:     128.0000 -129.0000 -129.0000
/opt/freesurfer/average/711-2B_as_mni_average_305_mask.4dfp.img
       256       256       256         1
  1.000000  1.000000  1.000000
orientation T byte_order littleendian
Reading mask: /opt/freesurfer/average/711-2B_as_mni_average_305_mask.4dfp.img (2306576 pixels)
talsrcimg_g11.4dfp.img
       256       256       256         1
  1.000000  1.000000  1.000000
orientation T byte_order littleendian
Reading image: talsrcimg_g11.4dfp.img
dimensions:      256       256       256
mmppix:       1.0000   -1.0000   -1.0000
center:     128.0000 -129.0000 -129.0000
rotation matrix determinant  1.000000
fimgreg.f
image alignment mode   1283 decimal      503 hex
parameters
    0.0000    0.0000   22.5000    0.0000    0.0000    0.0000
eta,q 0.93408 14.98464
niter,ni,del,rscale     5    3   12.0000    1.2000
parameter  3 -0.599190 -> -0.500000 qaram    1.1500
parameter  4  1.104508 ->  0.500000 qaram    1.1500
parameter  5  0.528347 ->  0.500000 qaram    1.1500
parameters
   -2.4285    1.1237   25.9500   -3.4500   -3.4500   -1.8829
eta,q 0.94222 15.02943
  0.0665  0.0742  0.0774  0.0596  0.0597  0.0601
  0.0637  0.0691  0.0772  0.0598  0.0581  0.0585
  0.0633  0.0651  0.0691  0.0607  0.0586  0.0578
  0.0645  0.0628  0.0622  0.0630  0.0599  0.0581
  0.0682  0.0624  0.0624  0.0657  0.0618  0.0598
  0.0744  0.0644  0.0625  0.0692  0.0649  0.0631
  0.0819  0.0684  0.0640  0.0721  0.0690  0.0671
niter,ni,del,rscale     7    3   12.0000    1.2000
parameters
   -2.5349    1.6533   25.8761   -4.8861   -2.8939   -2.4701
eta,q 0.94267 15.03261
  0.0674  0.0698  0.0723  0.0620  0.0650  0.0607
  0.0625  0.0634  0.0622  0.0587  0.0614  0.0588
  0.0588  0.0596  0.0602  0.0571  0.0581  0.0576
  0.0578  0.0577  0.0575  0.0576  0.0572  0.0573
  0.0598  0.0575  0.0595  0.0592  0.0585  0.0579
  0.0632  0.0604  0.0673  0.0630  0.0602  0.0597
  0.0676  0.0666  0.0700  0.0686  0.0625  0.0626
niter,ni,del,rscale     6    3   12.0000    1.2000
parameters
   -2.7471    1.9871   25.5629   -5.2701   -2.7056   -2.7058
eta,q 0.94257 15.02064
  0.0662  0.0698  0.0714  0.0637  0.0642  0.0611
  0.0613  0.0629  0.0607  0.0601  0.0608  0.0592
  0.0581  0.0589  0.0593  0.0577  0.0577  0.0578
  0.0573  0.0573  0.0572  0.0574  0.0574  0.0575
  0.0591  0.0581  0.0601  0.0585  0.0589  0.0580
  0.0625  0.0617  0.0677  0.0608  0.0605  0.0594
  0.0672  0.0669  0.0702  0.0656  0.0630  0.0618
niter,ni,del,rscale     5    3   12.0000    1.2000
parameters
   -2.7380    2.1284   25.4197   -5.4218   -2.6538   -2.8345
eta,q 0.94242 15.01846
  0.0668  0.0688  0.0722  0.0641  0.0641  0.0613
  0.0619  0.0623  0.0612  0.0606  0.0606  0.0594
  0.0585  0.0587  0.0593  0.0580  0.0577  0.0580
  0.0574  0.0574  0.0574  0.0576  0.0576  0.0576
  0.0587  0.0587  0.0595  0.0585  0.0591  0.0582
  0.0619  0.0625  0.0672  0.0604  0.0606  0.0595
  0.0666  0.0672  0.0698  0.0649  0.0633  0.0616
niter,ni,del,rscale     4    3   12.0000    1.2000
parameters
   -2.7238    2.1824   25.3492   -5.4845   -2.6394   -2.8888
eta,q 0.94234 15.01633
  0.0668  0.0684  0.0725  0.0642  0.0641  0.0614
  0.0620  0.0621  0.0615  0.0607  0.0606  0.0595
  0.0587  0.0587  0.0592  0.0582  0.0576  0.0581
  0.0576  0.0576  0.0576  0.0577  0.0577  0.0577
  0.0588  0.0590  0.0593  0.0585  0.0592  0.0582
  0.0619  0.0627  0.0670  0.0603  0.0607  0.0595
  0.0667  0.0673  0.0696  0.0647  0.0634  0.0616
niter,ni,del,rscale     3    3   12.0000    1.2000
parameters
   -2.7082    2.2030   25.3161   -5.5149   -2.6347   -2.9123
eta,q 0.94231 15.01548
  0.0669  0.0683  0.0726  0.0642  0.0641  0.0615
  0.0621  0.0620  0.0617  0.0608  0.0606  0.0596
  0.0588  0.0587  0.0592  0.0582  0.0576  0.0582
  0.0577  0.0577  0.0577  0.0577  0.0577  0.0577
  0.0589  0.0591  0.0591  0.0585  0.0592  0.0582
  0.0619  0.0628  0.0669  0.0603  0.0607  0.0595
  0.0668  0.0674  0.0696  0.0646  0.0634  0.0616
registration optimization eta report
parameter search radius
    6.0000    6.0000    6.9000    6.9000    6.9000    6.0000
100000*second partial in parameter space
       25.       28.       28.       14.       13.       11.
  0.0669  0.0683  0.0726  0.0642  0.0641  0.0615
  0.0621  0.0620  0.0617  0.0608  0.0606  0.0596
  0.0588  0.0587  0.0592  0.0582  0.0576  0.0582
  0.0577  0.0577  0.0577  0.0577  0.0577  0.0577
  0.0589  0.0591  0.0591  0.0585  0.0592  0.0582
  0.0619  0.0628  0.0669  0.0603  0.0607  0.0595
  0.0668  0.0674  0.0696  0.0646  0.0634  0.0616
   -2.7082    2.2030   25.3161   -5.5149   -2.6347   -2.9123
eta,q 0.94231 15.01548

---------------------------------------------------------------------
imgreg_4dfp /opt/freesurfer/average/711-2C_as_mni_average_305 /opt/freesurfer/average/711-2B_as_mni_average_305_mask talsrcimg_g11 none talsrcimg_to_711-2C_as_mni_average_305_t4 3335
---------------------------------------------------------------------

freesurfer imgreg_4dfp.c
/opt/freesurfer/average/711-2C_as_mni_average_305.4dfp.img
       256       256       256         1
  1.000000  1.000000  1.000000
orientation T byte_order littleendian
Reading image: /opt/freesurfer/average/711-2C_as_mni_average_305.4dfp.img
dimensions:      256       256       256
mmppix:       1.0000   -1.0000   -1.0000
center:     128.0000 -129.0000 -129.0000
/opt/freesurfer/average/711-2B_as_mni_average_305_mask.4dfp.img
       256       256       256         1
  1.000000  1.000000  1.000000
orientation T byte_order littleendian
Reading mask: /opt/freesurfer/average/711-2B_as_mni_average_305_mask.4dfp.img (2306576 pixels)
talsrcimg_g11.4dfp.img
       256       256       256         1
  1.000000  1.000000  1.000000
orientation T byte_order littleendian
Reading image: talsrcimg_g11.4dfp.img
dimensions:      256       256       256
mmppix:       1.0000   -1.0000   -1.0000
center:     128.0000 -129.0000 -129.0000
fimgreg.f
image alignment mode   3335 decimal      D07 hex
parameters
   -2.7082    2.2030   25.3161   -0.2347   -0.5690   -0.5681
    4.6161    5.0580   -5.0754    9.3655   -4.5969   -9.6003
eta,q 0.94327 14.97915
niter,ni,del,rscale     5    3    5.0000    1.2000
parameter  4  2.482536 ->  0.500000 qaram    1.1500
parameter  5  1.393594 ->  0.500000 qaram    1.1500
parameter 12 -0.576867 -> -0.500000 qaram    1.1500
parameters
   -2.0420    2.2598   25.5056   -4.3747   -4.7090   -2.8672
    2.8369    6.1310   -4.0724    8.2948   -2.0863   -5.4603
eta,q 0.95570 14.41639
  0.0594  0.0586  0.0572  0.0478  0.0451  0.0487  0.0467  0.0512  0.0476  0.0474  0.0476  0.0473
  0.0581  0.0575  0.0565  0.0497  0.0461  0.0465  0.0459  0.0490  0.0464  0.0460  0.0464  0.0463
  0.0572  0.0568  0.0565  0.0527  0.0479  0.0456  0.0455  0.0470  0.0455  0.0452  0.0456  0.0455
  0.0567  0.0566  0.0566  0.0566  0.0504  0.0465  0.0456  0.0454  0.0451  0.0450  0.0450  0.0448
  0.0566  0.0567  0.0565  0.0607  0.0536  0.0479  0.0462  0.0451  0.0451  0.0457  0.0448  0.0444
  0.0568  0.0574  0.0564  0.0651  0.0574  0.0526  0.0474  0.0464  0.0456  0.0473  0.0450  0.0443
  0.0575  0.0584  0.0570  0.0698  0.0617  0.0569  0.0490  0.0492  0.0465  0.0497  0.0455  0.0447
niter,ni,del,rscale     7    3    5.0000    1.2000
parameter  4  0.745182 ->  0.500000 qaram    1.3225
parameters
   -2.1620    2.0143   24.5660   -9.1357   -8.4741   -4.1987
    3.6900    5.9071   -4.1985    7.8653   -2.4648   -5.6622
eta,q 0.95843 13.87309
  0.0470  0.0460  0.0451  0.0413  0.0413  0.0429  0.0443  0.0454  0.0431  0.0432  0.0422  0.0427
  0.0454  0.0450  0.0439  0.0410  0.0405  0.0437  0.0430  0.0434  0.0422  0.0423  0.0417  0.0421
  0.0445  0.0444  0.0436  0.0415  0.0404  0.0428  0.0421  0.0420  0.0417  0.0418  0.0415  0.0417
  0.0443  0.0443  0.0443  0.0435  0.0410  0.0404  0.0416  0.0416  0.0416  0.0416  0.0416  0.0416
  0.0447  0.0447  0.0456  0.0471  0.0425  0.0413  0.0416  0.0419  0.0418  0.0417  0.0417  0.0417
  0.0458  0.0456  0.0468  0.0516  0.0452  0.0446  0.0422  0.0435  0.0423  0.0424  0.0418  0.0421
  0.0476  0.0469  0.0478  0.0563  0.0488  0.0476  0.0433  0.0461  0.0431  0.0439  0.0423  0.0429
niter,ni,del,rscale     7    3    5.0000    1.2000
parameter  3  1.425132 ->  0.500000 qaram    1.1500
parameters
   -2.2272    1.9127   23.1860  -11.6959   -8.2537   -6.8862
    4.1210    5.9087   -3.6488    4.6392   -1.9611   -8.9069
eta,q 0.95948 13.57595
  0.0437  0.0430  0.0399  0.0429  0.0437  0.0406  0.0431  0.0436  0.0424  0.0409  0.0408  0.0409
  0.0424  0.0421  0.0407  0.0418  0.0425  0.0408  0.0420  0.0420  0.0416  0.0406  0.0407  0.0406
  0.0417  0.0417  0.0412  0.0411  0.0415  0.0410  0.0412  0.0412  0.0411  0.0407  0.0406  0.0405
  0.0416  0.0416  0.0416  0.0409  0.0410  0.0410  0.0409  0.0409  0.0409  0.0409  0.0406  0.0406
  0.0419  0.0418  0.0422  0.0420  0.0411  0.0403  0.0410  0.0410  0.0410  0.0412  0.0407  0.0410
  0.0427  0.0424  0.0433  0.0448  0.0419  0.0431  0.0416  0.0418  0.0413  0.0416  0.0407  0.0415
  0.0439  0.0432  0.0448  0.0495  0.0438  0.0474  0.0426  0.0437  0.0420  0.0424  0.0407  0.0420
niter,ni,del,rscale     7    3    5.0000    1.2000
parameter  3  6.591844 ->  0.500000 qaram    1.3225
parameter  6  1.188718 ->  0.500000 qaram    1.1500
parameter 10  0.656829 ->  0.500000 qaram    1.1500
parameters
   -2.2142    1.2717   21.5990  -11.9141   -9.9646  -11.0262
    3.5299    4.9002   -4.1192    0.4992   -5.2382  -11.2829
eta,q 0.96569 13.47295
  0.0426  0.0413  0.0357  0.0407  0.0390  0.0345  0.0375  0.0379  0.0371  0.0353  0.0349  0.0354
  0.0414  0.0407  0.0370  0.0393  0.0379  0.0352  0.0365  0.0365  0.0362  0.0348  0.0346  0.0346
  0.0407  0.0404  0.0384  0.0381  0.0374  0.0371  0.0358  0.0357  0.0357  0.0349  0.0345  0.0343
  0.0405  0.0405  0.0404  0.0373  0.0374  0.0373  0.0357  0.0357  0.0356  0.0356  0.0347  0.0345
  0.0407  0.0410  0.0427  0.0371  0.0381  0.0378  0.0361  0.0364  0.0359  0.0367  0.0351  0.0352
  0.0414  0.0419  0.0448  0.0385  0.0394  0.0404  0.0369  0.0376  0.0366  0.0379  0.0357  0.0362
  0.0425  0.0429  0.0460  0.0422  0.0414  0.0434  0.0382  0.0396  0.0375  0.0392  0.0364  0.0373
niter,ni,del,rscale     7    3    5.0000    1.2000
parameter  3  0.915513 ->  0.500000 qaram    1.5209
parameters
   -2.3098    1.0005   19.7739  -10.2594  -10.2286  -12.6186
    3.0212    4.9804   -4.1952    2.7620   -4.8217  -12.8985
eta,q 0.96835 13.59784
  0.0365  0.0360  0.0323  0.0364  0.0352  0.0352  0.0341  0.0358  0.0339  0.0376  0.0329  0.0330
  0.0352  0.0349  0.0321  0.0347  0.0334  0.0339  0.0329  0.0337  0.0329  0.0351  0.0322  0.0321
  0.0345  0.0344  0.0327  0.0333  0.0322  0.0325  0.0322  0.0324  0.0322  0.0332  0.0318  0.0317
  0.0343  0.0343  0.0343  0.0322  0.0318  0.0318  0.0320  0.0320  0.0320  0.0320  0.0317  0.0317
  0.0346  0.0347  0.0368  0.0315  0.0322  0.0330  0.0324  0.0325  0.0322  0.0317  0.0319  0.0323
  0.0355  0.0356  0.0397  0.0322  0.0336  0.0367  0.0334  0.0337  0.0329  0.0324  0.0321  0.0332
  0.0368  0.0369  0.0422  0.0348  0.0358  0.0398  0.0348  0.0355  0.0340  0.0337  0.0325  0.0344
niter,ni,del,rscale     7    3    5.0000    1.2000
parameters
   -2.5379    1.1773   18.8472   -9.6207   -9.3497  -12.8736
    2.8761    5.1149   -4.0486    4.1600   -4.2256  -13.9999
eta,q 0.96875 13.66095
  0.0337  0.0342  0.0334  0.0353  0.0354  0.0353  0.0338  0.0354  0.0334  0.0359  0.0325  0.0328
  0.0324  0.0329  0.0322  0.0338  0.0335  0.0340  0.0325  0.0332  0.0323  0.0337  0.0318  0.0319
  0.0318  0.0320  0.0315  0.0325  0.0320  0.0327  0.0316  0.0318  0.0316  0.0321  0.0314  0.0313
  0.0317  0.0316  0.0316  0.0315  0.0313  0.0312  0.0313  0.0313  0.0313  0.0313  0.0313  0.0313
  0.0321  0.0318  0.0326  0.0310  0.0314  0.0308  0.0317  0.0318  0.0316  0.0315  0.0314  0.0317
  0.0331  0.0325  0.0346  0.0321  0.0324  0.0330  0.0326  0.0330  0.0322  0.0323  0.0316  0.0327
  0.0346  0.0335  0.0379  0.0353  0.0341  0.0376  0.0340  0.0350  0.0333  0.0336  0.0321  0.0339
niter,ni,del,rscale     6    3    5.0000    1.2000
parameters
   -2.6219    1.2332   18.4942   -9.6199   -8.9959  -12.7417
    2.8687    5.1830   -3.9911    4.9134   -4.0066  -14.4425
eta,q 0.96880 13.68004
  0.0337  0.0335  0.0340  0.0350  0.0349  0.0354  0.0337  0.0352  0.0331  0.0351  0.0323  0.0331
  0.0323  0.0323  0.0326  0.0335  0.0331  0.0341  0.0324  0.0330  0.0321  0.0331  0.0316  0.0321
  0.0315  0.0315  0.0316  0.0323  0.0318  0.0328  0.0315  0.0316  0.0314  0.0317  0.0313  0.0314
  0.0313  0.0312  0.0312  0.0313  0.0313  0.0313  0.0312  0.0312  0.0312  0.0312  0.0312  0.0312
  0.0316  0.0315  0.0318  0.0310  0.0316  0.0305  0.0315  0.0317  0.0314  0.0315  0.0313  0.0316
  0.0326  0.0322  0.0332  0.0325  0.0326  0.0322  0.0324  0.0329  0.0321  0.0324  0.0316  0.0324
  0.0340  0.0333  0.0357  0.0361  0.0344  0.0369  0.0338  0.0350  0.0331  0.0338  0.0321  0.0335
niter,ni,del,rscale     5    3    5.0000    1.2000
parameters
   -2.6467    1.2515   18.3163   -9.6221   -8.8809  -12.7031
    2.8820    5.2227   -3.9513    5.2714   -3.9070  -14.6452
eta,q 0.96880 13.68740
  0.0338  0.0334  0.0343  0.0350  0.0347  0.0354  0.0338  0.0351  0.0331  0.0346  0.0322  0.0332
  0.0324  0.0321  0.0327  0.0335  0.0328  0.0341  0.0324  0.0330  0.0321  0.0328  0.0316  0.0321
  0.0315  0.0314  0.0316  0.0323  0.0316  0.0327  0.0315  0.0316  0.0314  0.0316  0.0313  0.0314
  0.0312  0.0312  0.0312  0.0312  0.0312  0.0312  0.0312  0.0312  0.0312  0.0312  0.0312  0.0312
  0.0315  0.0315  0.0316  0.0310  0.0316  0.0305  0.0315  0.0317  0.0314  0.0316  0.0313  0.0315
  0.0324  0.0322  0.0329  0.0325  0.0326  0.0323  0.0324  0.0329  0.0321  0.0326  0.0316  0.0323
  0.0339  0.0332  0.0352  0.0361  0.0345  0.0372  0.0338  0.0350  0.0330  0.0339  0.0321  0.0334
niter,ni,del,rscale     4    3    5.0000    1.2000
parameters
   -2.6560    1.2730   18.2321   -9.6161   -8.8401  -12.7002
    2.8901    5.2474   -3.9314    5.4473   -3.8667  -14.7435
eta,q 0.96878 13.69009
  0.0338  0.0333  0.0344  0.0350  0.0346  0.0354  0.0338  0.0352  0.0330  0.0344  0.0322  0.0333
  0.0324  0.0321  0.0328  0.0335  0.0328  0.0341  0.0324  0.0330  0.0321  0.0327  0.0316  0.0322
  0.0315  0.0314  0.0317  0.0323  0.0316  0.0328  0.0315  0.0316  0.0314  0.0315  0.0313  0.0315
  0.0312  0.0312  0.0312  0.0312  0.0312  0.0312  0.0312  0.0312  0.0312  0.0312  0.0312  0.0312
  0.0315  0.0315  0.0316  0.0310  0.0316  0.0305  0.0315  0.0317  0.0314  0.0317  0.0313  0.0315
  0.0324  0.0321  0.0328  0.0325  0.0326  0.0323  0.0324  0.0330  0.0321  0.0326  0.0317  0.0323
  0.0339  0.0332  0.0350  0.0361  0.0346  0.0373  0.0338  0.0351  0.0330  0.0340  0.0322  0.0334
niter,ni,del,rscale     3    3    5.0000    1.2000
parameters
   -2.6587    1.2867   18.1953   -9.6145   -8.8251  -12.7021
    2.8984    5.2585   -3.9274    5.5314   -3.8450  -14.7931
eta,q 0.96877 13.69105
  0.0339  0.0333  0.0345  0.0350  0.0345  0.0354  0.0338  0.0351  0.0330  0.0344  0.0322  0.0333
  0.0324  0.0321  0.0329  0.0335  0.0328  0.0341  0.0324  0.0330  0.0321  0.0326  0.0316  0.0322
  0.0315  0.0314  0.0317  0.0323  0.0316  0.0328  0.0315  0.0316  0.0314  0.0315  0.0313  0.0315
  0.0312  0.0312  0.0312  0.0312  0.0312  0.0312  0.0312  0.0312  0.0312  0.0312  0.0312  0.0312
  0.0315  0.0315  0.0315  0.0310  0.0316  0.0304  0.0315  0.0317  0.0314  0.0317  0.0314  0.0315
  0.0324  0.0322  0.0327  0.0325  0.0327  0.0323  0.0324  0.0330  0.0321  0.0327  0.0317  0.0323
  0.0339  0.0332  0.0349  0.0361  0.0346  0.0374  0.0338  0.0351  0.0330  0.0341  0.0322  0.0334
niter,ni,del,rscale     2    3    5.0000    1.2000
parameters
   -2.6601    1.2939   18.1791   -9.6107   -8.8184  -12.7016
    2.8976    5.2663   -3.9241    5.5666   -3.8357  -14.8167
eta,q 0.96877 13.69148
  0.0339  0.0333  0.0345  0.0350  0.0345  0.0354  0.0338  0.0351  0.0330  0.0343  0.0322  0.0333
  0.0324  0.0321  0.0329  0.0335  0.0328  0.0341  0.0324  0.0330  0.0321  0.0326  0.0316  0.0322
  0.0315  0.0314  0.0318  0.0323  0.0316  0.0328  0.0316  0.0317  0.0314  0.0315  0.0313  0.0315
  0.0312  0.0312  0.0312  0.0312  0.0312  0.0312  0.0312  0.0312  0.0312  0.0312  0.0312  0.0312
  0.0315  0.0315  0.0315  0.0310  0.0316  0.0304  0.0315  0.0317  0.0314  0.0317  0.0314  0.0315
  0.0324  0.0322  0.0327  0.0325  0.0327  0.0323  0.0324  0.0330  0.0321  0.0327  0.0317  0.0323
  0.0339  0.0332  0.0348  0.0361  0.0346  0.0374  0.0338  0.0351  0.0330  0.0341  0.0322  0.0334
registration optimization eta report
parameter search radius
    2.4000    2.4000    3.6501    9.5220    8.2800    8.2800
    7.2000    7.2000    7.2000    8.2800    7.2000    8.2800
100000*second partial in parameter space
       46.       35.       26.        5.        5.        8.
        5.        8.        3.        4.        2.        3.
  0.0339  0.0333  0.0345  0.0350  0.0345  0.0354  0.0338  0.0351  0.0330  0.0343  0.0322  0.0333
  0.0324  0.0321  0.0329  0.0335  0.0328  0.0341  0.0324  0.0330  0.0321  0.0326  0.0316  0.0322
  0.0315  0.0314  0.0318  0.0323  0.0316  0.0328  0.0316  0.0317  0.0314  0.0315  0.0313  0.0315
  0.0312  0.0312  0.0312  0.0312  0.0312  0.0312  0.0312  0.0312  0.0312  0.0312  0.0312  0.0312
  0.0315  0.0315  0.0315  0.0310  0.0316  0.0304  0.0315  0.0317  0.0314  0.0317  0.0314  0.0315
  0.0324  0.0322  0.0327  0.0325  0.0327  0.0323  0.0324  0.0330  0.0321  0.0327  0.0317  0.0323
  0.0339  0.0332  0.0348  0.0361  0.0346  0.0374  0.0338  0.0351  0.0330  0.0341  0.0322  0.0334
   -2.6601    1.2939   18.1791   -9.6107   -8.8184  -12.7016
    2.8976    5.2663   -3.9241    5.5666   -3.8357  -14.8167
eta,q 0.96877 13.69148

---------------------------------------------------------------------
imgreg_4dfp /opt/freesurfer/average/711-2C_as_mni_average_305 /opt/freesurfer/average/711-2B_as_mni_average_305_mask talsrcimg_g11 none talsrcimg_to_711-2C_as_mni_average_305_t4 2311
---------------------------------------------------------------------

freesurfer imgreg_4dfp.c
/opt/freesurfer/average/711-2C_as_mni_average_305.4dfp.img
       256       256       256         1
  1.000000  1.000000  1.000000
orientation T byte_order littleendian
Reading image: /opt/freesurfer/average/711-2C_as_mni_average_305.4dfp.img
dimensions:      256       256       256
mmppix:       1.0000   -1.0000   -1.0000
center:     128.0000 -129.0000 -129.0000
/opt/freesurfer/average/711-2B_as_mni_average_305_mask.4dfp.img
       256       256       256         1
  1.000000  1.000000  1.000000
orientation T byte_order littleendian
Reading mask: /opt/freesurfer/average/711-2B_as_mni_average_305_mask.4dfp.img (2306576 pixels)
talsrcimg_g11.4dfp.img
       256       256       256         1
  1.000000  1.000000  1.000000
orientation T byte_order littleendian
Reading image: talsrcimg_g11.4dfp.img
dimensions:      256       256       256
mmppix:       1.0000   -1.0000   -1.0000
center:     128.0000 -129.0000 -129.0000
fimgreg.f
image alignment mode   2311 decimal      907 hex
parameters
   -2.6601    1.2939   18.1791   -9.6107   -8.8184  -12.7016
    2.8976    5.2663   -3.9241    5.5666   -3.8357  -14.8167
eta,q 0.96877 13.69148
niter,ni,del,rscale     5    3    5.0000    0.8000
parameters
   -2.6655    1.2560   18.3479   -7.6073   -9.3076  -10.9188
    2.9509    5.6042   -3.6052    5.8443   -3.2476  -14.3318
eta,q 0.96970 13.75587
  0.0324  0.0321  0.0321  0.0329  0.0318  0.0336  0.0317  0.0333  0.0314  0.0318  0.0314  0.0314
  0.0318  0.0316  0.0317  0.0323  0.0312  0.0328  0.0310  0.0318  0.0308  0.0310  0.0308  0.0308
  0.0314  0.0313  0.0314  0.0317  0.0309  0.0318  0.0305  0.0308  0.0305  0.0305  0.0305  0.0305
  0.0312  0.0312  0.0312  0.0312  0.0309  0.0309  0.0303  0.0303  0.0303  0.0303  0.0303  0.0303
  0.0314  0.0314  0.0313  0.0309  0.0311  0.0304  0.0305  0.0305  0.0304  0.0305  0.0304  0.0304
  0.0318  0.0317  0.0314  0.0310  0.0316  0.0304  0.0309  0.0313  0.0307  0.0308  0.0306  0.0306
  0.0324  0.0322  0.0318  0.0315  0.0323  0.0316  0.0317  0.0326  0.0311  0.0314  0.0310  0.0310
niter,ni,del,rscale     4    3    5.0000    0.7000
parameters
   -2.6829    0.8535   18.2229   -8.0058   -9.4574  -10.8139
    3.1063    5.5011   -3.6515    5.6480   -3.1709  -14.1067
eta,q 0.96980 13.75523
  0.0314  0.0306  0.0309  0.0313  0.0311  0.0326  0.0313  0.0322  0.0309  0.0311  0.0309  0.0310
  0.0308  0.0303  0.0305  0.0307  0.0305  0.0317  0.0307  0.0311  0.0305  0.0306  0.0305  0.0306
  0.0304  0.0302  0.0303  0.0304  0.0303  0.0308  0.0304  0.0304  0.0303  0.0303  0.0303  0.0303
  0.0303  0.0303  0.0302  0.0302  0.0302  0.0302  0.0302  0.0302  0.0302  0.0302  0.0302  0.0302
  0.0304  0.0305  0.0304  0.0304  0.0304  0.0301  0.0303  0.0305  0.0303  0.0304  0.0303  0.0303
  0.0308  0.0309  0.0307  0.0310  0.0307  0.0308  0.0306  0.0312  0.0305  0.0307  0.0305  0.0305
  0.0315  0.0315  0.0312  0.0319  0.0312  0.0329  0.0312  0.0324  0.0309  0.0313  0.0308  0.0308
niter,ni,del,rscale     3    3    5.0000    0.6000
parameters
   -2.7291    0.8481   18.2241   -7.9452   -9.5755  -10.5853
    3.1437    5.4893   -3.6273    5.5601   -3.0941  -14.0070
eta,q 0.96986 13.75127
  0.0310  0.0308  0.0308  0.0312  0.0308  0.0321  0.0309  0.0317  0.0307  0.0309  0.0307  0.0307
  0.0305  0.0304  0.0305  0.0307  0.0304  0.0313  0.0305  0.0309  0.0304  0.0304  0.0304  0.0304
  0.0303  0.0302  0.0303  0.0304  0.0302  0.0306  0.0302  0.0303  0.0302  0.0302  0.0302  0.0302
  0.0302  0.0302  0.0302  0.0302  0.0302  0.0302  0.0301  0.0301  0.0301  0.0301  0.0301  0.0301
  0.0303  0.0303  0.0303  0.0303  0.0303  0.0301  0.0302  0.0303  0.0302  0.0303  0.0302  0.0302
  0.0306  0.0305  0.0304  0.0306  0.0305  0.0306  0.0305  0.0309  0.0304  0.0305  0.0303  0.0304
  0.0311  0.0308  0.0308  0.0312  0.0309  0.0320  0.0309  0.0318  0.0307  0.0309  0.0306  0.0306
niter,ni,del,rscale     2    3    5.0000    0.5000
parameters
   -2.7369    0.8026   18.2307   -7.9265   -9.7099  -10.3620
    3.1620    5.5130   -3.5866    5.5165   -3.0396  -13.9124
eta,q 0.96992 13.74784
  0.0307  0.0305  0.0306  0.0308  0.0305  0.0316  0.0306  0.0313  0.0305  0.0306  0.0305  0.0305
  0.0304  0.0303  0.0303  0.0305  0.0303  0.0309  0.0303  0.0306  0.0303  0.0303  0.0303  0.0303
  0.0302  0.0302  0.0302  0.0302  0.0301  0.0304  0.0301  0.0302  0.0301  0.0301  0.0301  0.0301
  0.0301  0.0301  0.0301  0.0301  0.0301  0.0301  0.0301  0.0301  0.0301  0.0301  0.0301  0.0301
  0.0302  0.0302  0.0302  0.0302  0.0302  0.0300  0.0301  0.0302  0.0301  0.0302  0.0301  0.0301
  0.0304  0.0303  0.0303  0.0304  0.0304  0.0304  0.0303  0.0306  0.0302  0.0304  0.0302  0.0302
  0.0307  0.0306  0.0305  0.0308  0.0306  0.0314  0.0306  0.0312  0.0304  0.0306  0.0304  0.0304
niter,ni,del,rscale     1    3    5.0000    0.4000
parameters
   -2.7388    0.7629   18.2273   -7.9314   -9.8167  -10.1440
    3.1867    5.5519   -3.5498    5.5032   -2.9800  -13.8445
eta,q 0.96996 13.74449
  0.0305  0.0303  0.0304  0.0305  0.0303  0.0311  0.0304  0.0308  0.0303  0.0304  0.0303  0.0303
  0.0303  0.0302  0.0302  0.0303  0.0302  0.0306  0.0302  0.0304  0.0302  0.0302  0.0302  0.0302
  0.0301  0.0301  0.0301  0.0301  0.0301  0.0303  0.0301  0.0301  0.0301  0.0301  0.0301  0.0301
  0.0301  0.0301  0.0301  0.0301  0.0301  0.0301  0.0300  0.0300  0.0300  0.0300  0.0300  0.0300
  0.0301  0.0301  0.0301  0.0301  0.0301  0.0300  0.0301  0.0301  0.0301  0.0301  0.0301  0.0301
  0.0303  0.0302  0.0302  0.0303  0.0302  0.0302  0.0302  0.0304  0.0301  0.0302  0.0301  0.0301
  0.0305  0.0304  0.0304  0.0306  0.0304  0.0309  0.0304  0.0308  0.0303  0.0304  0.0303  0.0303
registration optimization eta report
parameter search radius
    0.8000    0.8000    0.8000    2.4000    2.4000    2.4000
    2.4000    2.4000    2.4000    2.4000    2.4000    2.4000
100000*second partial in parameter space
       61.       42.       43.        8.        5.       16.
        6.       14.        4.        6.        4.        4.
  0.0305  0.0303  0.0304  0.0305  0.0303  0.0311  0.0304  0.0308  0.0303  0.0304  0.0303  0.0303
  0.0303  0.0302  0.0302  0.0303  0.0302  0.0306  0.0302  0.0304  0.0302  0.0302  0.0302  0.0302
  0.0301  0.0301  0.0301  0.0301  0.0301  0.0303  0.0301  0.0301  0.0301  0.0301  0.0301  0.0301
  0.0301  0.0301  0.0301  0.0301  0.0301  0.0301  0.0300  0.0300  0.0300  0.0300  0.0300  0.0300
  0.0301  0.0301  0.0301  0.0301  0.0301  0.0300  0.0301  0.0301  0.0301  0.0301  0.0301  0.0301
  0.0303  0.0302  0.0302  0.0303  0.0302  0.0302  0.0302  0.0304  0.0301  0.0302  0.0301  0.0301
  0.0305  0.0304  0.0304  0.0306  0.0304  0.0309  0.0304  0.0308  0.0303  0.0304  0.0303  0.0303
   -2.7388    0.7629   18.2273   -7.9314   -9.8167  -10.1440
    3.1867    5.5519   -3.5498    5.5032   -2.9800  -13.8445
eta,q 0.96996 13.74449

---------------------------------------------------------------------
imgreg_4dfp /opt/freesurfer/average/711-2C_as_mni_average_305 /opt/freesurfer/average/711-2B_as_mni_average_305_mask talsrcimg_g11 none talsrcimg_to_711-2C_as_mni_average_305_t4 2311
---------------------------------------------------------------------

freesurfer imgreg_4dfp.c
/opt/freesurfer/average/711-2C_as_mni_average_305.4dfp.img
       256       256       256         1
  1.000000  1.000000  1.000000
orientation T byte_order littleendian
Reading image: /opt/freesurfer/average/711-2C_as_mni_average_305.4dfp.img
dimensions:      256       256       256
mmppix:       1.0000   -1.0000   -1.0000
center:     128.0000 -129.0000 -129.0000
/opt/freesurfer/average/711-2B_as_mni_average_305_mask.4dfp.img
       256       256       256         1
  1.000000  1.000000  1.000000
orientation T byte_order littleendian
Reading mask: /opt/freesurfer/average/711-2B_as_mni_average_305_mask.4dfp.img (2306576 pixels)
talsrcimg_g11.4dfp.img
       256       256       256         1
  1.000000  1.000000  1.000000
orientation T byte_order littleendian
Reading image: talsrcimg_g11.4dfp.img
dimensions:      256       256       256
mmppix:       1.0000   -1.0000   -1.0000
center:     128.0000 -129.0000 -129.0000
fimgreg.f
image alignment mode   2311 decimal      907 hex
parameters
   -2.7388    0.7629   18.2273   -7.9314   -9.8167  -10.1440
    3.1867    5.5519   -3.5498    5.5032   -2.9800  -13.8445
eta,q 0.96996 13.74449
niter,ni,del,rscale     5    3    5.0000    0.8000
parameters
   -2.7326    0.7553   18.2272   -8.3322   -9.5880  -10.8022
    3.1567    5.3539   -3.6951    5.4196   -3.1093  -14.0112
eta,q 0.96979 13.74286
  0.0316  0.0311  0.0312  0.0314  0.0314  0.0325  0.0315  0.0326  0.0311  0.0315  0.0310  0.0311
  0.0307  0.0305  0.0306  0.0307  0.0306  0.0315  0.0308  0.0313  0.0306  0.0308  0.0305  0.0306
  0.0302  0.0301  0.0302  0.0302  0.0302  0.0306  0.0304  0.0305  0.0303  0.0303  0.0303  0.0303
  0.0300  0.0300  0.0300  0.0300  0.0301  0.0301  0.0302  0.0302  0.0302  0.0302  0.0302  0.0302
  0.0302  0.0302  0.0302  0.0303  0.0302  0.0303  0.0304  0.0306  0.0303  0.0304  0.0303  0.0304
  0.0307  0.0305  0.0306  0.0310  0.0305  0.0323  0.0308  0.0316  0.0307  0.0309  0.0306  0.0307
  0.0316  0.0311  0.0312  0.0322  0.0311  0.0355  0.0316  0.0331  0.0312  0.0315  0.0311  0.0312
niter,ni,del,rscale     4    3    5.0000    0.7000
parameters
   -2.7506    0.8592   18.2457   -8.0456   -9.5448  -10.8077
    3.1116    5.3764   -3.6675    5.4714   -3.1225  -14.0405
eta,q 0.96981 13.74819
  0.0313  0.0311  0.0310  0.0315  0.0311  0.0324  0.0312  0.0323  0.0309  0.0313  0.0308  0.0309
  0.0307  0.0306  0.0306  0.0310  0.0306  0.0315  0.0306  0.0312  0.0305  0.0307  0.0305  0.0305
  0.0303  0.0303  0.0303  0.0305  0.0303  0.0307  0.0303  0.0305  0.0303  0.0303  0.0303  0.0303
  0.0302  0.0302  0.0302  0.0302  0.0302  0.0302  0.0302  0.0302  0.0302  0.0302  0.0302  0.0302
  0.0303  0.0303  0.0303  0.0302  0.0303  0.0301  0.0303  0.0304  0.0303  0.0303  0.0303  0.0303
  0.0307  0.0305  0.0305  0.0306  0.0306  0.0309  0.0306  0.0311  0.0305  0.0307  0.0305  0.0305
  0.0314  0.0309  0.0310  0.0313  0.0311  0.0331  0.0312  0.0323  0.0309  0.0312  0.0308  0.0309
niter,ni,del,rscale     3    3    5.0000    0.6000
parameters
   -2.7425    0.8440   18.2573   -7.9356   -9.6035  -10.5952
    3.1213    5.4422   -3.6275    5.4965   -3.0802  -13.9760
eta,q 0.96987 13.74973
  0.0311  0.0308  0.0308  0.0312  0.0308  0.0321  0.0309  0.0318  0.0307  0.0309  0.0306  0.0307
  0.0306  0.0304  0.0305  0.0307  0.0304  0.0313  0.0305  0.0309  0.0304  0.0305  0.0304  0.0304
  0.0303  0.0302  0.0303  0.0304  0.0302  0.0306  0.0302  0.0304  0.0302  0.0302  0.0302  0.0302
  0.0302  0.0302  0.0302  0.0302  0.0302  0.0302  0.0301  0.0301  0.0301  0.0301  0.0301  0.0301
  0.0303  0.0303  0.0303  0.0302  0.0303  0.0301  0.0302  0.0303  0.0302  0.0302  0.0302  0.0302
  0.0306  0.0305  0.0304  0.0305  0.0305  0.0306  0.0305  0.0308  0.0304  0.0305  0.0304  0.0304
  0.0310  0.0308  0.0308  0.0311  0.0308  0.0320  0.0309  0.0317  0.0307  0.0309  0.0306  0.0306
niter,ni,del,rscale     2    3    5.0000    0.5000
parameters
   -2.7369    0.8000   18.2437   -7.9230   -9.7116  -10.3637
    3.1491    5.5005   -3.5923    5.4952   -3.0386  -13.9030
eta,q 0.96992 13.74775
  0.0307  0.0305  0.0305  0.0308  0.0306  0.0316  0.0306  0.0313  0.0305  0.0306  0.0305  0.0305
  0.0304  0.0303  0.0303  0.0305  0.0303  0.0309  0.0303  0.0307  0.0303  0.0303  0.0303  0.0303
  0.0302  0.0302  0.0302  0.0302  0.0302  0.0304  0.0301  0.0302  0.0301  0.0301  0.0301  0.0301
  0.0301  0.0301  0.0301  0.0301  0.0301  0.0301  0.0301  0.0301  0.0301  0.0301  0.0301  0.0301
  0.0302  0.0302  0.0302  0.0302  0.0302  0.0300  0.0301  0.0302  0.0301  0.0302  0.0301  0.0301
  0.0304  0.0303  0.0303  0.0304  0.0303  0.0304  0.0303  0.0306  0.0302  0.0303  0.0302  0.0302
  0.0307  0.0306  0.0306  0.0308  0.0306  0.0314  0.0306  0.0312  0.0305  0.0306  0.0304  0.0304
niter,ni,del,rscale     1    3    5.0000    0.4000
parameters
   -2.7399    0.7644   18.2309   -7.9267   -9.8204  -10.1483
    3.1848    5.5455   -3.5490    5.4942   -2.9696  -13.8468
eta,q 0.96996 13.74432
  0.0305  0.0303  0.0303  0.0305  0.0303  0.0311  0.0304  0.0309  0.0303  0.0304  0.0303  0.0303
  0.0302  0.0302  0.0302  0.0303  0.0302  0.0306  0.0302  0.0304  0.0302  0.0302  0.0302  0.0302
  0.0301  0.0301  0.0301  0.0301  0.0301  0.0303  0.0301  0.0301  0.0301  0.0301  0.0301  0.0301
  0.0301  0.0301  0.0301  0.0301  0.0301  0.0301  0.0300  0.0300  0.0300  0.0300  0.0300  0.0300
  0.0301  0.0301  0.0301  0.0301  0.0301  0.0300  0.0301  0.0301  0.0301  0.0301  0.0301  0.0301
  0.0303  0.0302  0.0302  0.0303  0.0302  0.0302  0.0302  0.0304  0.0301  0.0302  0.0301  0.0301
  0.0305  0.0304  0.0304  0.0306  0.0304  0.0309  0.0304  0.0308  0.0303  0.0304  0.0303  0.0303
registration optimization eta report
parameter search radius
    0.8000    0.8000    0.8000    2.4000    2.4000    2.4000
    2.4000    2.4000    2.4000    2.4000    2.4000    2.4000
100000*second partial in parameter space
       61.       42.       43.        8.        5.       16.
        6.       14.        4.        6.        4.        4.
  0.0305  0.0303  0.0303  0.0305  0.0303  0.0311  0.0304  0.0309  0.0303  0.0304  0.0303  0.0303
  0.0302  0.0302  0.0302  0.0303  0.0302  0.0306  0.0302  0.0304  0.0302  0.0302  0.0302  0.0302
  0.0301  0.0301  0.0301  0.0301  0.0301  0.0303  0.0301  0.0301  0.0301  0.0301  0.0301  0.0301
  0.0301  0.0301  0.0301  0.0301  0.0301  0.0301  0.0300  0.0300  0.0300  0.0300  0.0300  0.0300
  0.0301  0.0301  0.0301  0.0301  0.0301  0.0300  0.0301  0.0301  0.0301  0.0301  0.0301  0.0301
  0.0303  0.0302  0.0302  0.0303  0.0302  0.0302  0.0302  0.0304  0.0301  0.0302  0.0301  0.0301
  0.0305  0.0304  0.0304  0.0306  0.0304  0.0309  0.0304  0.0308  0.0303  0.0304  0.0303  0.0303
   -2.7399    0.7644   18.2309   -7.9267   -9.8204  -10.1483
    3.1848    5.5455   -3.5490    5.4942   -2.9696  -13.8468
eta,q 0.96996 13.74432

---------------------------------------------------------------------
compute_vox2vox talsrcimg talsrcimg_to_711-2C_as_mni_average_305_t4 /opt/freesurfer/average/711-2C_as_mni_average_305
---------------------------------------------------------------------

freesurfer compute_vox2vox.c
Reading: talsrcimg.4dfp.ifh
Reading: talsrcimg_to_711-2C_as_mni_average_305_t4
Reading: /opt/freesurfer/average/711-2C_as_mni_average_305.4dfp.ifh
Writing: talsrcimg_to_711-2C_as_mni_average_305_t4_vox2vox.txt

start time Mon Mar 9 17:20:39 CET 2026
end		time Mon Mar 9 17:22:06 CET 2026

mpr2mni305 success

avi2talxfm orig_nu.mgz /opt/freesurfer/average/mni305.cor.mgz talsrcimg_to_711-2C_as_mni_average_305_t4_vox2vox.txt transforms/talairach.auto.xfm
avi2talxfm done
mv -f /out/sourcedata/freesurfer/sub-v1s23x0050560_ses-1/mri/talsrcimg_to_711-2C_as_mni_average_305_t4_vox2vox.txt /out/sourcedata/freesurfer/sub-v1s23x0050560_ses-1/mri/transforms/talsrcimg_to_711-2C_as_mni_average_305_t4_vox2vox.txt
lta_convert --src orig_nu.mgz --trg /opt/freesurfer/average/mni305.cor.mgz --inxfm transforms/talairach.auto.xfm --outlta transforms/talairach.auto.xfm.lta --subject fsaverage
7.3.2

--src: orig_nu.mgz src image (geometry).
--trg: /opt/freesurfer/average/mni305.cor.mgz trg image (geometry).
--inmni: transforms/talairach.auto.xfm input MNI/XFM transform.
--outlta: transforms/talairach.auto.xfm.lta output LTA.
--s: fsaverage subject name
 LTA read, type : 1
 1.08218  -0.06385  -0.04802  -16.45432;
 0.04194   1.10012   0.16744   30.16774;
 0.04003  -0.06954   1.09681  -16.10989;
 0.00000   0.00000   0.00000   1.00000;
setting subject to fsaverage
Writing  LTA to file transforms/talairach.auto.xfm.lta...
lta_convert successful.
 
 
Started at Mon Mar 9 17:20:38 CET 2026
Ended   at Mon Mar  9 17:22:06 CET 2026
talairach_avi done
