/out/sourcedata/freesurfer/sub-v1s23x0050622_ses-1/mri
/opt/freesurfer/bin/talairach_avi
--i orig_nu.mgz --xfm transforms/talairach.auto.xfm
talairach_avi 7.3.2
Linux dna050 5.14.0-427.37.1.el9_4.x86_64 #1 SMP PREEMPT_DYNAMIC Fri Sep 13 12:41:50 EDT 2024 x86_64 x86_64 x86_64 GNU/Linux
Mon Mar  9 21:04:47 CET 2026
mri_convert orig_nu.mgz talsrcimg.img 
reading from orig_nu.mgz...
TR=0.00, TE=0.00, TI=0.00, flip angle=0.00
i_ras = (-1, 0, 0)
j_ras = (0, 0, -1)
k_ras = (0, 1, 0)
writing to talsrcimg.img...
Analyze Output Matrix
-1.00000   0.00000   0.00000   180.12770;
 0.00000   0.00000   1.00000  -176.40807;
 0.00000  -1.00000   0.00000   151.95146;
 0.00000   0.00000   0.00000   1.00000;
--------------------
INFO: set hdr.hist.orient to -1
mpr2mni305 talsrcimg
Mon Mar  9 21:04:47 CET 2026
/opt/freesurfer/bin/mpr2mni305 talsrcimg
mpr2mni305 7.3.2
target=711-2C_as_mni_average_305

---------------------------------------------------------------------
analyzeto4dfp talsrcimg -O0 -y
---------------------------------------------------------------------

freesurfer ifh2hdr.c
Mon Mar  9 21:04:48 2026
Writing: talsrcimg.4dfp.hdr
freesurfer analyzeto4dfp.c
Reading: talsrcimg.hdr
header size 348 bytes
hdr.dime.datatype	offset=70	value=2
hdr.dime.bitpix		offset=72	value=8
hdr.hist.orient		offset=252	value=-1
dimensionality     4
dimensions       256       256       256         1
Reading: talsrcimg.img
Writing: talsrcimg.4dfp.img
Writing: talsrcimg.4dfp.ifh
ifh2hdr talsrcimg -r0to225
ori=2

---------------------------------------------------------------------
gauss_4dfp talsrcimg 1.1
---------------------------------------------------------------------

freesurfer gauss_4dfp.c
Reading: talsrcimg.4dfp.img
Writing: talsrcimg_g11.4dfp.img
image dimensions 256 256 256 padded to 288 288 288
processing volume 1freesurfer ifh2hdr.c
Mon Mar  9 21:04:49 2026
Writing: talsrcimg_g11.4dfp.hdr

Writing: talsrcimg_g11.4dfp.ifh
including: talsrcimg.4dfp.img.rec in talsrcimg_g11.4dfp.img.rec

---------------------------------------------------------------------
imgreg_4dfp /opt/freesurfer/average/711-2C_as_mni_average_305 none talsrcimg_g11 none talsrcimg_to_711-2C_as_mni_average_305_t4 4355
---------------------------------------------------------------------

freesurfer imgreg_4dfp.c
/opt/freesurfer/average/711-2C_as_mni_average_305.4dfp.img
       256       256       256         1
  1.000000  1.000000  1.000000
orientation T byte_order littleendian
Reading image: /opt/freesurfer/average/711-2C_as_mni_average_305.4dfp.img
dimensions:      256       256       256
mmppix:       1.0000   -1.0000   -1.0000
center:     128.0000 -129.0000 -129.0000
talsrcimg_g11.4dfp.img
       256       256       256         1
  1.000000  1.000000  1.000000
orientation T byte_order littleendian
Reading image: talsrcimg_g11.4dfp.img
dimensions:      256       256       256
mmppix:       1.0000   -1.0000   -1.0000
center:     128.0000 -129.0000 -129.0000
t4_read: open error in t4_sub.f l:  41 t4_file(1:l)talsrcimg_to_711-2C_as_mni_average_305_t4 
t4_read: transform initialized to I4
rotation matrix determinant  1.000000
image alignment mode   4355 decimal     1103 hex
   -7.5000  -45.0000  -45.0000 5786.6553   22.2780
    0.0000  -45.0000  -45.0000 6018.2505   22.2971
    7.5000  -45.0000  -45.0000 5793.7285   22.3014
   -7.5000  -37.5000  -45.0000 6149.1211   21.8338
    0.0000  -37.5000  -45.0000 6394.5200   21.8622
    7.5000  -37.5000  -45.0000 6160.4160   21.8773
   -7.5000  -30.0000  -45.0000 6816.9722   21.7496
    0.0000  -30.0000  -45.0000 7087.0684   21.7827
    7.5000  -30.0000  -45.0000 6826.5835   21.8008
   -7.5000  -22.5000  -45.0000 7557.5522   21.7606
    0.0000  -22.5000  -45.0000 7865.4458   21.7884
    7.5000  -22.5000  -45.0000 7554.6338   21.7983
   -7.5000  -15.0000  -45.0000 8248.7178   21.7432
    0.0000  -15.0000  -45.0000 8575.4893   21.7624
    7.5000  -15.0000  -45.0000 8233.0283   21.7629
   -7.5000   -7.5000  -45.0000 8838.3760   21.7125
    0.0000   -7.5000  -45.0000 9221.5918   21.7275
    7.5000   -7.5000  -45.0000 8844.9766   21.7250
   -7.5000    0.0000  -45.0000 9424.5449   21.6959
    0.0000    0.0000  -45.0000 9848.1191   21.7146
    7.5000    0.0000  -45.0000 9418.9062   21.7183
   -7.5000    7.5000  -45.0000 9372.9229   21.7137
    0.0000    7.5000  -45.0000 9774.6055   21.7420
    7.5000    7.5000  -45.0000 9328.7246   21.7571
   -7.5000   15.0000  -45.0000 9201.4912   21.7477
    0.0000   15.0000  -45.0000 9565.7432   21.7809
    7.5000   15.0000  -45.0000 9146.5332   21.7990
   -7.5000   22.5000  -45.0000 8976.1055   21.7576
    0.0000   22.5000  -45.0000 9300.2461   21.7854
    7.5000   22.5000  -45.0000 8925.6006   21.7953
   -7.5000   30.0000  -45.0000 8538.9238   21.4534
    0.0000   30.0000  -45.0000 8794.6348   21.4724
    7.5000   30.0000  -45.0000 8427.4922   21.4729
   -7.5000   37.5000  -45.0000 8307.2686   21.4231
    0.0000   37.5000  -45.0000 8534.4775   21.4380
    7.5000   37.5000  -45.0000 8177.4814   21.4355
   -7.5000   45.0000  -45.0000 7604.7827   20.8632
    0.0000   45.0000  -45.0000 7821.1689   20.8812
    7.5000   45.0000  -45.0000 7489.5566   20.8848
   -7.5000  -45.0000  -37.5000 6147.2974   21.9036
    0.0000  -45.0000  -37.5000 6386.6353   21.9199
    7.5000  -45.0000  -37.5000 6150.0298   21.9298
   -7.5000  -37.5000  -37.5000 6549.7729   21.4912
    0.0000  -37.5000  -37.5000 6800.8574   21.5166
    7.5000  -37.5000  -37.5000 6546.4380   21.5306
   -7.5000  -30.0000  -37.5000 7250.5039   21.4224
    0.0000  -30.0000  -37.5000 7525.5977   21.4539
    7.5000  -30.0000  -37.5000 7254.0239   21.4689
   -7.5000  -22.5000  -37.5000 7989.2876   21.4252
    0.0000  -22.5000  -37.5000 8305.4951   21.4536
    7.5000  -22.5000  -37.5000 7987.0264   21.4654
   -7.5000  -15.0000  -37.5000 8732.4307   21.3915
    0.0000  -15.0000  -37.5000 9073.3135   21.4118
    7.5000  -15.0000  -37.5000 8715.5264   21.4203
   -7.5000   -7.5000  -37.5000 9375.1162   21.3525
    0.0000   -7.5000  -37.5000 9769.6279   21.3668
    7.5000   -7.5000  -37.5000 9367.7080   21.3737
   -7.5000    0.0000  -37.5000 9955.9658   21.3405
    0.0000    0.0000  -37.500010410.2471   21.3567
    7.5000    0.0000  -37.5000 9958.7734   21.3659
   -7.5000    7.5000  -37.5000 9861.9883   21.3750
    0.0000    7.5000  -37.500010293.8760   21.4002
    7.5000    7.5000  -37.5000 9855.8496   21.4142
   -7.5000   15.0000  -37.5000 9689.6621   21.4207
    0.0000   15.0000  -37.500010096.1348   21.4522
    7.5000   15.0000  -37.5000 9670.5830   21.4672
   -7.5000   22.5000  -37.5000 9456.7529   21.4223
    0.0000   22.5000  -37.5000 9840.2686   21.4507
    7.5000   22.5000  -37.5000 9449.8770   21.4625
   -7.5000   30.0000  -37.5000 8975.9531   21.1064
    0.0000   30.0000  -37.5000 9314.5352   21.1265
    7.5000   30.0000  -37.5000 8914.8672   21.1348
   -7.5000   37.5000  -37.5000 8771.0547   21.0680
    0.0000   37.5000  -37.5000 9070.7568   21.0821
    7.5000   37.5000  -37.5000 8689.1885   21.0889
   -7.5000   45.0000  -37.5000 8048.9727   20.5215
    0.0000   45.0000  -37.5000 8298.3936   20.5370
    7.5000   45.0000  -37.5000 7952.3613   20.5459
   -7.5000  -45.0000  -30.0000 6555.3057   22.3665
    0.0000  -45.0000  -30.0000 6819.6528   22.3777
    7.5000  -45.0000  -30.0000 6548.3398   22.3940
   -7.5000  -37.5000  -30.0000 7004.5000   21.9692
    0.0000  -37.5000  -30.0000 7284.9463   21.9894
    7.5000  -37.5000  -30.0000 6984.0498   22.0052
   -7.5000  -30.0000  -30.0000 7761.7705   21.9216
    0.0000  -30.0000  -30.0000 8093.9438   21.9473
    7.5000  -30.0000  -30.0000 7743.1978   21.9624
   -7.5000  -22.5000  -30.0000 8555.9268   21.9300
    0.0000  -22.5000  -30.0000 8928.5957   21.9520
    7.5000  -22.5000  -30.0000 8553.7217   21.9669
   -7.5000  -15.0000  -30.0000 9372.9531   21.8836
    0.0000  -15.0000  -30.0000 9776.9102   21.8971
    7.5000  -15.0000  -30.0000 9358.4873   21.9123
   -7.5000   -7.5000  -30.000010057.2910   21.8239
    0.0000   -7.5000  -30.000010496.0791   21.8324
    7.5000   -7.5000  -30.000010061.9062   21.8477
   -7.5000    0.0000  -30.000010669.3086   21.8033
    0.0000    0.0000  -30.000011148.2676   21.8148
    7.5000    0.0000  -30.000010687.3330   21.8302
   -7.5000    7.5000  -30.000010527.3975   21.8528
    0.0000    7.5000  -30.000010992.5996   21.8729
    7.5000    7.5000  -30.000010532.1543   21.8886
   -7.5000   15.0000  -30.000010354.5664   21.9199
    0.0000   15.0000  -30.000010798.8486   21.9455
    7.5000   15.0000  -30.000010318.2354   21.9607
   -7.5000   22.5000  -30.000010116.6895   21.9248
    0.0000   22.5000  -30.000010533.1006   21.9468
    7.5000   22.5000  -30.000010066.1406   21.9616
   -7.5000   30.0000  -30.0000 9582.3916   21.5941
    0.0000   30.0000  -30.0000 9972.4727   21.6073
    7.5000   30.0000  -30.0000 9494.2549   21.6223
   -7.5000   37.5000  -30.0000 9386.1914   21.5351
    0.0000   37.5000  -30.0000 9747.3525   21.5435
    7.5000   37.5000  -30.0000 9280.3770   21.5586
   -7.5000   45.0000  -30.0000 8632.1250   20.9819
    0.0000   45.0000  -30.0000 8926.5010   20.9929
    7.5000   45.0000  -30.0000 8508.8398   21.0078
   -7.5000  -45.0000  -22.5000 7088.5610   23.0355
    0.0000  -45.0000  -22.5000 7375.4678   23.0450
    7.5000  -45.0000  -22.5000 7080.2217   23.0634
   -7.5000  -37.5000  -22.5000 7597.9370   22.6308
    0.0000  -37.5000  -22.5000 7915.4658   22.6490
    7.5000  -37.5000  -22.5000 7584.2329   22.6687
   -7.5000  -30.0000  -22.5000 8473.4023   22.5883
    0.0000  -30.0000  -22.5000 8850.1426   22.6090
    7.5000  -30.0000  -22.5000 8450.0439   22.6290
   -7.5000  -22.5000  -22.5000 9372.8730   22.6029
    0.0000  -22.5000  -22.5000 9779.9043   22.6161
    7.5000  -22.5000  -22.5000 9334.4150   22.6341
   -7.5000  -15.0000  -22.500010253.7656   22.5544
    0.0000  -15.0000  -22.500010701.3213   22.5583
    7.5000  -15.0000  -22.500010193.1182   22.5738
   -7.5000   -7.5000  -22.500011013.8008   22.4849
    0.0000   -7.5000  -22.500011503.4229   22.4880
    7.5000   -7.5000  -22.500010935.8184   22.5035
   -7.5000    0.0000  -22.500011652.3623   22.4584
    0.0000    0.0000  -22.500012198.1523   22.4683
    7.5000    0.0000  -22.500011582.9561   22.4856
   -7.5000    7.5000  -22.500011470.0010   22.5114
    0.0000    7.5000  -22.500012016.7109   22.5296
    7.5000    7.5000  -22.500011411.5469   22.5491
   -7.5000   15.0000  -22.500011265.8516   22.5865
    0.0000   15.0000  -22.500011774.1279   22.6072
    7.5000   15.0000  -22.500011182.2783   22.6272
   -7.5000   22.5000  -22.500010989.7188   22.5959
    0.0000   22.5000  -22.500011451.5879   22.6091
    7.5000   22.5000  -22.500010882.7686   22.6271
   -7.5000   30.0000  -22.500010396.5713   22.2593
    0.0000   30.0000  -22.500010832.3555   22.2632
    7.5000   30.0000  -22.500010265.7959   22.2786
   -7.5000   37.5000  -22.500010168.9883   22.1908
    0.0000   37.5000  -22.500010565.8096   22.1938
    7.5000   37.5000  -22.5000 9998.7197   22.2092
   -7.5000   45.0000  -22.5000 9364.9443   21.6286
    0.0000   45.0000  -22.5000 9698.6777   21.6381
    7.5000   45.0000  -22.5000 9182.0186   21.6547
   -7.5000  -45.0000  -15.0000 7654.8169   23.5234
    0.0000  -45.0000  -15.0000 7974.2490   23.5354
    7.5000  -45.0000  -15.0000 7601.1646   23.5484
   -7.5000  -37.5000  -15.0000 8216.2129   23.0958
    0.0000  -37.5000  -15.0000 8576.6309   23.1165
    7.5000  -37.5000  -15.0000 8174.0479   23.1370
   -7.5000  -30.0000  -15.0000 9190.0107   23.0386
    0.0000  -30.0000  -15.0000 9607.3799   23.0598
    7.5000  -30.0000  -15.0000 9141.0459   23.0829
   -7.5000  -22.5000  -15.000010173.8848   23.0584
    0.0000  -22.5000  -15.000010619.4414   23.0690
    7.5000  -22.5000  -15.000010102.7100   23.0853
   -7.5000  -15.0000  -15.000011101.8770   23.0234
    0.0000  -15.0000  -15.000011595.5879   23.0243
    7.5000  -15.0000  -15.000011015.8877   23.0324
   -7.5000   -7.5000  -15.000011940.6855   22.9633
    0.0000   -7.5000  -15.000012478.8945   22.9660
    7.5000   -7.5000  -15.000011815.6562   22.9727
   -7.5000    0.0000  -15.000012636.2227   22.9356
    0.0000    0.0000  -15.000013224.2695   22.9478
    7.5000    0.0000  -15.000012533.3008   22.9598
   -7.5000    7.5000  -15.000012424.0508   22.9743
    0.0000    7.5000  -15.000013047.1641   22.9949
    7.5000    7.5000  -15.000012345.6855   23.0152
   -7.5000   15.0000  -15.000012205.6709   23.0368
    0.0000   15.0000  -15.000012786.2871   23.0579
    7.5000   15.0000  -15.000012084.5586   23.0811
   -7.5000   22.5000  -15.000011851.8311   23.0502
    0.0000   22.5000  -15.000012387.8203   23.0608
    7.5000   22.5000  -15.000011712.4150   23.0771
   -7.5000   30.0000  -15.000011184.9150   22.7255
    0.0000   30.0000  -15.000011667.9492   22.7263
    7.5000   30.0000  -15.000011019.3916   22.7343
   -7.5000   37.5000  -15.000010892.8916   22.6662
    0.0000   37.5000  -15.000011332.7871   22.6688
    7.5000   37.5000  -15.000010705.3477   22.6754
   -7.5000   45.0000  -15.000010066.8242   22.1015
    0.0000   45.0000  -15.000010437.3398   22.1132
    7.5000   45.0000  -15.0000 9858.7490   22.1248
   -7.5000  -45.0000   -7.5000 8278.5010   23.7644
    0.0000  -45.0000   -7.5000 8621.2939   23.7805
    7.5000  -45.0000   -7.5000 8196.3193   23.7860
   -7.5000  -37.5000   -7.5000 8897.4648   23.3146
    0.0000  -37.5000   -7.5000 9291.6992   23.3396
    7.5000  -37.5000   -7.5000 8820.5762   23.3572
   -7.5000  -30.0000   -7.5000 9967.9570   23.2361
    0.0000  -30.0000   -7.500010427.9502   23.2630
    7.5000  -30.0000   -7.5000 9869.5107   23.2847
   -7.5000  -22.5000   -7.500011022.5156   23.2539
    0.0000  -22.5000   -7.500011509.6699   23.2720
    7.5000  -22.5000   -7.500010908.9521   23.2841
   -7.5000  -15.0000   -7.500012012.3672   23.2342
    0.0000  -15.0000   -7.500012545.0225   23.2431
    7.5000  -15.0000   -7.500011901.6260   23.2438
   -7.5000   -7.5000   -7.500012908.1113   23.1934
    0.0000   -7.5000   -7.500013477.9004   23.2021
    7.5000   -7.5000   -7.500012798.3457   23.1997
   -7.5000    0.0000   -7.500013654.3066   23.1708
    0.0000    0.0000   -7.500014297.3164   23.1868
    7.5000    0.0000   -7.500013576.9170   23.1916
   -7.5000    7.5000   -7.500013453.8516   23.1921
    0.0000    7.5000   -7.500014140.0244   23.2170
    7.5000    7.5000   -7.500013372.3076   23.2344
   -7.5000   15.0000   -7.500013224.1973   23.2342
    0.0000   15.0000   -7.500013869.8438   23.2611
    7.5000   15.0000   -7.500013080.1729   23.2828
   -7.5000   22.5000   -7.500012852.5508   23.2432
    0.0000   22.5000   -7.500013442.8301   23.2613
    7.5000   22.5000   -7.500012672.5195   23.2734
   -7.5000   30.0000   -7.500012093.6963   22.9329
    0.0000   30.0000   -7.500012634.7500   22.9417
    7.5000   30.0000   -7.500011893.5635   22.9424
   -7.5000   37.5000   -7.500011729.7148   22.8926
    0.0000   37.5000   -7.500012228.0547   22.9012
    7.5000   37.5000   -7.500011528.9990   22.8988
   -7.5000   45.0000   -7.500010872.0869   22.3323
    0.0000   45.0000   -7.500011282.2705   22.3477
    7.5000   45.0000   -7.500010657.7393   22.3523
   -7.5000  -45.0000    0.0000 8875.5752   23.8367
    0.0000  -45.0000    0.0000 9252.8457   23.8558
    7.5000  -45.0000    0.0000 8807.3750   23.8590
   -7.5000  -37.5000    0.0000 9578.9961   23.3831
    0.0000  -37.5000    0.0000 9989.7852   23.4112
    7.5000  -37.5000    0.0000 9486.6846   23.4255
   -7.5000  -30.0000    0.000010679.7754   23.2974
    0.0000  -30.0000    0.000011155.5938   23.3303
    7.5000  -30.0000    0.000010590.6250   23.3479
   -7.5000  -22.5000    0.000011788.7500   23.3078
    0.0000  -22.5000    0.000012314.5400   23.3357
    7.5000  -22.5000    0.000011690.4727   23.3452
   -7.5000  -15.0000    0.000012869.7881   23.2883
    0.0000  -15.0000    0.000013434.6377   23.3079
    7.5000  -15.0000    0.000012757.3574   23.3079
   -7.5000   -7.5000    0.000013842.6465   23.2562
    0.0000   -7.5000    0.000014431.5166   23.2716
    7.5000   -7.5000    0.000013759.1768   23.2684
   -7.5000    0.0000    0.000014661.0752   23.2402
    0.0000    0.0000    0.000015308.8262   23.2590
    7.5000    0.0000    0.000014575.6973   23.2617
   -7.5000    7.5000    0.000014449.4180   23.2600
    0.0000    7.5000    0.000015154.7236   23.2880
    7.5000    7.5000    0.000014380.3818   23.3023
   -7.5000   15.0000    0.000014189.9473   23.2955
    0.0000   15.0000    0.000014893.6084   23.3285
    7.5000   15.0000    0.000014083.1611   23.3461
   -7.5000   22.5000    0.000013823.5479   23.2970
    0.0000   22.5000    0.000014516.8154   23.3249
    7.5000   22.5000    0.000013687.1074   23.3345
   -7.5000   30.0000    0.000013012.2041   22.9869
    0.0000   30.0000    0.000013623.5635   23.0062
    7.5000   30.0000    0.000012833.6045   23.0063
   -7.5000   37.5000    0.000012599.3779   22.9553
    0.0000   37.5000    0.000013150.5537   22.9704
    7.5000   37.5000    0.000012370.4795   22.9672
   -7.5000   45.0000    0.000011655.9961   22.4009
    0.0000   45.0000    0.000012137.7607   22.4190
    7.5000   45.0000    0.000011440.5586   22.4216
   -7.5000  -45.0000    7.5000 8891.1826   23.9003
    0.0000  -45.0000    7.5000 9269.7383   23.9178
    7.5000  -45.0000    7.5000 8837.6367   23.9274
   -7.5000  -37.5000    7.5000 9593.1309   23.4618
    0.0000  -37.5000    7.500010016.2002   23.4888
    7.5000  -37.5000    7.5000 9526.6416   23.5028
   -7.5000  -30.0000    7.500010684.3154   23.3912
    0.0000  -30.0000    7.500011150.6289   23.4248
    7.5000  -30.0000    7.500010613.6143   23.4398
   -7.5000  -22.5000    7.500011780.8936   23.3968
    0.0000  -22.5000    7.500012282.0400   23.4274
    7.5000  -22.5000    7.500011687.5273   23.4389
   -7.5000  -15.0000    7.500012897.9756   23.3608
    0.0000  -15.0000    7.500013442.0605   23.3830
    7.5000  -15.0000    7.500012781.4072   23.3910
   -7.5000   -7.5000    7.500013893.8203   23.3161
    0.0000   -7.5000    7.500014510.1514   23.3317
    7.5000   -7.5000    7.500013810.4004   23.3382
   -7.5000    0.0000    7.500014717.2744   23.3007
    0.0000    0.0000    7.500015393.3467   23.3181
    7.5000    0.0000    7.500014663.7861   23.3271
   -7.5000    7.5000    7.500014512.6250   23.3380
    0.0000    7.5000    7.500015233.9434   23.3648
    7.5000    7.5000    7.500014502.7998   23.3789
   -7.5000   15.0000    7.500014213.5576   23.3893
    0.0000   15.0000    7.500014974.7861   23.4229
    7.5000   15.0000    7.500014202.3057   23.4380
   -7.5000   22.5000    7.500013832.3389   23.3860
    0.0000   22.5000    7.500014572.2041   23.4166
    7.5000   22.5000    7.500013791.7031   23.4281
   -7.5000   30.0000    7.500012992.4766   23.0584
    0.0000   30.0000    7.500013675.1621   23.0803
    7.5000   30.0000    7.500012887.8115   23.0882
   -7.5000   37.5000    7.500012582.9062   23.0143
    0.0000   37.5000    7.500013173.0957   23.0298
    7.5000   37.5000    7.500012401.3379   23.0362
   -7.5000   45.0000    7.500011640.6250   22.4592
    0.0000   45.0000    7.500012141.4102   22.4760
    7.5000   45.0000    7.500011448.1641   22.4846
   -7.5000  -45.0000   15.0000 8740.0234   23.9397
    0.0000  -45.0000   15.0000 9124.4189   23.9520
    7.5000  -45.0000   15.0000 8714.4805   23.9698
   -7.5000  -37.5000   15.0000 9428.3545   23.5178
    0.0000  -37.5000   15.0000 9853.9385   23.5397
    7.5000  -37.5000   15.0000 9394.6729   23.5568
   -7.5000  -30.0000   15.000010521.9971   23.4683
    0.0000  -30.0000   15.000010980.3506   23.4960
    7.5000  -30.0000   15.000010455.9238   23.5124
   -7.5000  -22.5000   15.000011605.0566   23.4764
    0.0000  -22.5000   15.000012095.7109   23.5002
    7.5000  -22.5000   15.000011528.0879   23.5164
   -7.5000  -15.0000   15.000012688.6045   23.4249
    0.0000  -15.0000   15.000013239.6064   23.4396
    7.5000  -15.0000   15.000012626.2588   23.4563
   -7.5000   -7.5000   15.000013804.2500   23.3601
    0.0000   -7.5000   15.000014466.1006   23.3695
    7.5000   -7.5000   15.000013778.5078   23.3863
   -7.5000    0.0000   15.000014698.1230   23.3387
    0.0000    0.0000   15.000015545.0781   23.3514
    7.5000    0.0000   15.000014871.3076   23.3682
   -7.5000    7.5000   15.000014480.1445   23.3936
    0.0000    7.5000   15.000015413.9199   23.4154
    7.5000    7.5000   15.000014786.9727   23.4324
   -7.5000   15.0000   15.000014160.7363   23.4664
    0.0000   15.0000   15.000015045.4717   23.4941
    7.5000   15.0000   15.000014408.7578   23.5105
   -7.5000   22.5000   15.000013756.6611   23.4656
    0.0000   22.5000   15.000014622.5039   23.4893
    7.5000   22.5000   15.000013925.1689   23.5055
   -7.5000   30.0000   15.000012911.1621   23.1218
    0.0000   30.0000   15.000013659.2715   23.1362
    7.5000   30.0000   15.000012941.8311   23.1527
   -7.5000   37.5000   15.000012472.0664   23.0578
    0.0000   37.5000   15.000013111.3652   23.0670
    7.5000   37.5000   15.000012418.3750   23.0836
   -7.5000   45.0000   15.000011557.1992   22.4959
    0.0000   45.0000   15.000012100.0059   22.5080
    7.5000   45.0000   15.000011439.8457   22.5243
   -7.5000  -45.0000   22.5000 8516.4004   23.9100
    0.0000  -45.0000   22.5000 8887.8291   23.9198
    7.5000  -45.0000   22.5000 8502.1074   23.9390
   -7.5000  -37.5000   22.5000 9158.8457   23.4901
    0.0000  -37.5000   22.5000 9555.4072   23.5091
    7.5000  -37.5000   22.5000 9135.1094   23.5296
   -7.5000  -30.0000   22.500010184.5049   23.4462
    0.0000  -30.0000   22.500010620.0234   23.4677
    7.5000  -30.0000   22.500010141.4688   23.4884
   -7.5000  -22.5000   22.500011203.3604   23.4612
    0.0000  -22.5000   22.500011698.7188   23.4749
    7.5000  -22.5000   22.500011180.2139   23.4936
   -7.5000  -15.0000   22.500012272.8809   23.4106
    0.0000  -15.0000   22.500012807.8125   23.4147
    7.5000  -15.0000   22.500012297.7012   23.4309
   -7.5000   -7.5000   22.500013454.4043   23.3384
    0.0000   -7.5000   22.500014199.7441   23.3416
    7.5000   -7.5000   22.500013660.1377   23.3579
   -7.5000    0.0000   22.500014424.6357   23.3110
    0.0000    0.0000   22.500015498.5811   23.3213
    7.5000    0.0000   22.500015075.1484   23.3393
   -7.5000    7.5000   22.500014150.5264   23.3663
    0.0000    7.5000   22.500015113.1709   23.3851
    7.5000    7.5000   22.500014752.3408   23.4054
   -7.5000   15.0000   22.500013832.9570   23.4443
    0.0000   15.0000   22.500014605.2363   23.4658
    7.5000   15.0000   22.500014142.6514   23.4866
   -7.5000   22.5000   22.500013490.6826   23.4504
    0.0000   22.5000   22.500014218.0703   23.4641
    7.5000   22.5000   22.500013637.2607   23.4828
   -7.5000   30.0000   22.500012677.6064   23.1077
    0.0000   30.0000   22.500013337.0469   23.1117
    7.5000   30.0000   22.500012693.0137   23.1276
   -7.5000   37.5000   22.500012208.6084   23.0364
    0.0000   37.5000   22.500012818.5654   23.0395
    7.5000   37.5000   22.500012136.1064   23.0556
   -7.5000   45.0000   22.500011269.4248   22.4691
    0.0000   45.0000   22.500011810.5742   22.4790
    7.5000   45.0000   22.500011147.7988   22.4964
   -7.5000  -45.0000   30.0000 8096.3286   23.8463
    0.0000  -45.0000   30.0000 8475.6953   23.8584
    7.5000  -45.0000   30.0000 8083.6460   23.8716
   -7.5000  -37.5000   30.0000 8738.2607   23.4128
    0.0000  -37.5000   30.0000 9168.8447   23.4338
    7.5000  -37.5000   30.0000 8730.8477   23.4545
   -7.5000  -30.0000   30.0000 9740.7539   23.3548
    0.0000  -30.0000   30.000010188.9180   23.3762
    7.5000  -30.0000   30.0000 9740.4326   23.3997
   -7.5000  -22.5000   30.000010725.5625   23.3748
    0.0000  -22.5000   30.000011192.1582   23.3856
    7.5000  -22.5000   30.000010760.3447   23.4021
   -7.5000  -15.0000   30.000011787.6162   23.3394
    0.0000  -15.0000   30.000012269.2324   23.3402
    7.5000  -15.0000   30.000011863.0742   23.3485
   -7.5000   -7.5000   30.000012932.8975   23.2785
    0.0000   -7.5000   30.000013642.7949   23.2812
    7.5000   -7.5000   30.000013240.3428   23.2880
   -7.5000    0.0000   30.000013939.6338   23.2504
    0.0000    0.0000   30.000014974.6992   23.2627
    7.5000    0.0000   30.000014568.0234   23.2749
   -7.5000    7.5000   30.000013868.4658   23.2896
    0.0000    7.5000   30.000014721.2686   23.3105
    7.5000    7.5000   30.000014247.3340   23.3311
   -7.5000   15.0000   30.000013638.9863   23.3530
    0.0000   15.0000   30.000014290.1621   23.3744
    7.5000   15.0000   30.000013659.7959   23.3978
   -7.5000   22.5000   30.000013219.8379   23.3640
    0.0000   22.5000   30.000013866.7246   23.3748
    7.5000   22.5000   30.000013101.6445   23.3913
   -7.5000   30.0000   30.000012306.8584   23.0373
    0.0000   30.0000   30.000012934.2686   23.0382
    7.5000   30.0000   30.000012176.5889   23.0463
   -7.5000   37.5000   30.000011735.3818   22.9772
    0.0000   37.5000   30.000012345.7715   22.9799
    7.5000   37.5000   30.000011612.7217   22.9866
   -7.5000   45.0000   30.000010757.4307   22.4107
    0.0000   45.0000   30.000011307.9551   22.4225
    7.5000   45.0000   30.000010671.1670   22.4343
   -7.5000  -45.0000   37.5000 7998.9570   23.8135
    0.0000  -45.0000   37.5000 8380.7207   23.8297
    7.5000  -45.0000   37.5000 7961.9888   23.8352
   -7.5000  -37.5000   37.5000 8626.1699   23.3629
    0.0000  -37.5000   37.5000 9035.0674   23.3879
    7.5000  -37.5000   37.5000 8577.1660   23.4055
   -7.5000  -30.0000   37.5000 9644.9629   23.2842
    0.0000  -30.0000   37.500010092.8584   23.3111
    7.5000  -30.0000   37.5000 9581.9619   23.3328
   -7.5000  -22.5000   37.500010667.3076   23.3020
    0.0000  -22.5000   37.500011178.3125   23.3201
    7.5000  -22.5000   37.500010613.9111   23.3323
   -7.5000  -15.0000   37.500011750.9990   23.2822
    0.0000  -15.0000   37.500012353.8896   23.2912
    7.5000  -15.0000   37.500011694.9736   23.2919
   -7.5000   -7.5000   37.500012819.9941   23.2413
    0.0000   -7.5000   37.500013609.9355   23.2501
    7.5000   -7.5000   37.500012913.4678   23.2476
   -7.5000    0.0000   37.500013691.3359   23.2187
    0.0000    0.0000   37.500014680.6123   23.2348
    7.5000    0.0000   37.500013975.2559   23.2395
   -7.5000    7.5000   37.500013569.5947   23.2400
    0.0000    7.5000   37.500014468.2480   23.2650
    7.5000    7.5000   37.500013735.6377   23.2825
   -7.5000   15.0000   37.500013300.9375   23.2823
    0.0000   15.0000   37.500014112.0693   23.3092
    7.5000   15.0000   37.500013353.2852   23.3310
   -7.5000   22.5000   37.500012837.9014   23.2913
    0.0000   22.5000   37.500013612.9834   23.3094
    7.5000   22.5000   37.500012840.5938   23.3215
   -7.5000   30.0000   37.500011972.7871   22.9809
    0.0000   30.0000   37.500012678.7666   22.9898
    7.5000   30.0000   37.500011970.3896   22.9904
   -7.5000   37.5000   37.500011416.6807   22.9406
    0.0000   37.5000   37.500012068.6143   22.9492
    7.5000   37.5000   37.500011407.4893   22.9468
   -7.5000   45.0000   37.500010493.7451   22.3801
    0.0000   45.0000   37.500011049.7754   22.3956
    7.5000   45.0000   37.500010476.8623   22.4002
   -7.5000  -45.0000   45.0000 7331.8979   23.6936
    0.0000  -45.0000   45.0000 7740.1963   23.7124
    7.5000  -45.0000   45.0000 7287.8838   23.7155
   -7.5000  -37.5000   45.0000 7956.9077   23.2424
    0.0000  -37.5000   45.0000 8391.3594   23.2703
    7.5000  -37.5000   45.0000 7881.2217   23.2844
   -7.5000  -30.0000   45.0000 8952.3164   23.1571
    0.0000  -30.0000   45.0000 9417.3652   23.1898
    7.5000  -30.0000   45.0000 8839.1211   23.2071
   -7.5000  -22.5000   45.0000 9955.3672   23.1673
    0.0000  -22.5000   45.000010456.4404   23.1949
    7.5000  -22.5000   45.0000 9810.6885   23.2042
   -7.5000  -15.0000   45.000010924.4014   23.1479
    0.0000  -15.0000   45.000011457.8379   23.1672
    7.5000  -15.0000   45.000010791.3291   23.1670
   -7.5000   -7.5000   45.000011838.4287   23.1161
    0.0000   -7.5000   45.000012438.5342   23.1312
    7.5000   -7.5000   45.000011829.5557   23.1278
   -7.5000    0.0000   45.000012598.0703   23.1003
    0.0000    0.0000   45.000013217.7402   23.1189
    7.5000    0.0000   45.000012669.7588   23.1214
   -7.5000    7.5000   45.000012380.0146   23.1200
    0.0000    7.5000   45.000012923.0391   23.1478
    7.5000    7.5000   45.000012440.1943   23.1619
   -7.5000   15.0000   45.000012086.6846   23.1552
    0.0000   15.0000   45.000012612.9131   23.1879
    7.5000   15.0000   45.000012161.7881   23.2053
   -7.5000   22.5000   45.000011752.8262   23.1565
    0.0000   22.5000   45.000012298.4658   23.1842
    7.5000   22.5000   45.000011823.8018   23.1935
   -7.5000   30.0000   45.000011075.5664   22.8463
    0.0000   30.0000   45.000011612.3447   22.8653
    7.5000   30.0000   45.000011131.9307   22.8652
   -7.5000   37.5000   45.000010660.9785   22.8149
    0.0000   37.5000   45.000011186.9482   22.8299
    7.5000   37.5000   45.000010682.6758   22.8265
   -7.5000   45.0000   45.0000 9829.2422   22.2762
    0.0000   45.0000   45.000010330.9473   22.2941
    7.5000   45.0000   45.0000 9836.2217   22.2965

---------------------------------------------------------------------
imgreg_4dfp /opt/freesurfer/average/711-2C_as_mni_average_305 /opt/freesurfer/average/711-2B_as_mni_average_305_mask talsrcimg_g11 none talsrcimg_to_711-2C_as_mni_average_305_t4 4355
---------------------------------------------------------------------

freesurfer imgreg_4dfp.c
/opt/freesurfer/average/711-2C_as_mni_average_305.4dfp.img
       256       256       256         1
  1.000000  1.000000  1.000000
orientation T byte_order littleendian
Reading image: /opt/freesurfer/average/711-2C_as_mni_average_305.4dfp.img
dimensions:      256       256       256
mmppix:       1.0000   -1.0000   -1.0000
center:     128.0000 -129.0000 -129.0000
/opt/freesurfer/average/711-2B_as_mni_average_305_mask.4dfp.img
       256       256       256         1
  1.000000  1.000000  1.000000
orientation T byte_order littleendian
Reading mask: /opt/freesurfer/average/711-2B_as_mni_average_305_mask.4dfp.img (2306576 pixels)
talsrcimg_g11.4dfp.img
       256       256       256         1
  1.000000  1.000000  1.000000
orientation T byte_order littleendian
Reading image: talsrcimg_g11.4dfp.img
dimensions:      256       256       256
mmppix:       1.0000   -1.0000   -1.0000
center:     128.0000 -129.0000 -129.0000
rotation matrix determinant  1.000000
image alignment mode   4355 decimal     1103 hex
   -7.5000  -45.0000  -30.0000 1819.6306   30.0362
    0.0000  -45.0000  -30.0000 1831.5526   29.9257
    7.5000  -45.0000  -30.0000 1815.4130   30.3444
   -7.5000  -37.5000  -30.0000 1936.0116   27.3462
    0.0000  -37.5000  -30.0000 1943.8217   27.1750
    7.5000  -37.5000  -30.0000 1927.8162   27.6072
   -7.5000  -30.0000  -30.0000 2019.4897   25.1243
    0.0000  -30.0000  -30.0000 2035.6328   25.0842
    7.5000  -30.0000  -30.0000 2020.8097   25.4229
   -7.5000  -22.5000  -30.0000 2099.6680   23.3807
    0.0000  -22.5000  -30.0000 2117.2954   23.3803
    7.5000  -22.5000  -30.0000 2105.4883   23.5970
   -7.5000  -15.0000  -30.0000 2161.6777   21.9676
    0.0000  -15.0000  -30.0000 2173.9226   22.0219
    7.5000  -15.0000  -30.0000 2163.8188   22.2529
   -7.5000   -7.5000  -30.0000 2189.0950   21.0803
    0.0000   -7.5000  -30.0000 2205.0903   21.0741
    7.5000   -7.5000  -30.0000 2197.5229   21.3452
   -7.5000    0.0000  -30.0000 2203.6003   20.7166
    0.0000    0.0000  -30.0000 2220.9766   20.7213
    7.5000    0.0000  -30.0000 2221.1248   20.9726
   -7.5000    7.5000  -30.0000 2218.4758   20.9166
    0.0000    7.5000  -30.0000 2238.3047   20.8067
    7.5000    7.5000  -30.0000 2235.1294   21.0331
   -7.5000   15.0000  -30.0000 2207.4429   21.3128
    0.0000   15.0000  -30.0000 2231.6262   21.1991
    7.5000   15.0000  -30.0000 2225.2600   21.4557
   -7.5000   22.5000  -30.0000 2190.4451   22.1380
    0.0000   22.5000  -30.0000 2214.1282   21.9441
    7.5000   22.5000  -30.0000 2205.3074   22.2039
   -7.5000   30.0000  -30.0000 2153.9434   23.2389
    0.0000   30.0000  -30.0000 2178.0078   23.0000
    7.5000   30.0000  -30.0000 2174.6345   23.2257
   -7.5000   37.5000  -30.0000 2111.3508   24.6064
    0.0000   37.5000  -30.0000 2137.8596   24.2943
    7.5000   37.5000  -30.0000 2131.8103   24.5799
   -7.5000   45.0000  -30.0000 2044.4193   26.5063
    0.0000   45.0000  -30.0000 2071.5569   26.1663
    7.5000   45.0000  -30.0000 2067.0422   26.4725
   -7.5000  -45.0000  -22.5000 1897.4260   28.6040
    0.0000  -45.0000  -22.5000 1909.6305   28.4929
    7.5000  -45.0000  -22.5000 1898.7394   28.8769
   -7.5000  -37.5000  -22.5000 2018.3134   25.9303
    0.0000  -37.5000  -22.5000 2034.4741   25.8591
    7.5000  -37.5000  -22.5000 2019.8828   26.1416
   -7.5000  -30.0000  -22.5000 2124.8574   23.7981
    0.0000  -30.0000  -22.5000 2145.8130   23.7624
    7.5000  -30.0000  -22.5000 2129.6716   24.0194
   -7.5000  -22.5000  -22.5000 2218.1211   22.0654
    0.0000  -22.5000  -22.5000 2235.4951   22.0592
    7.5000  -22.5000  -22.5000 2221.3945   22.2870
   -7.5000  -15.0000  -22.5000 2285.0254   20.7357
    0.0000  -15.0000  -22.5000 2304.6809   20.7785
    7.5000  -15.0000  -22.5000 2286.3298   20.9574
   -7.5000   -7.5000  -22.5000 2313.2966   19.8546
    0.0000   -7.5000  -22.5000 2334.7810   19.8273
    7.5000   -7.5000  -22.5000 2317.5103   20.0462
   -7.5000    0.0000  -22.5000 2323.6528   19.3378
    0.0000    0.0000  -22.5000 2349.6204   19.3742
    7.5000    0.0000  -22.5000 2336.6084   19.5750
   -7.5000    7.5000  -22.5000 2339.9255   19.4061
    0.0000    7.5000  -22.5000 2362.9797   19.3492
    7.5000    7.5000  -22.5000 2352.9404   19.5084
   -7.5000   15.0000  -22.5000 2327.0273   19.8313
    0.0000   15.0000  -22.5000 2353.5879   19.7228
    7.5000   15.0000  -22.5000 2345.2314   19.8889
   -7.5000   22.5000  -22.5000 2310.7546   20.5190
    0.0000   22.5000  -22.5000 2336.1177   20.3595
    7.5000   22.5000  -22.5000 2330.0144   20.5644
   -7.5000   30.0000  -22.5000 2279.0320   21.5724
    0.0000   30.0000  -22.5000 2310.7703   21.3524
    7.5000   30.0000  -22.5000 2308.8992   21.5478
   -7.5000   37.5000  -22.5000 2238.0095   22.8717
    0.0000   37.5000  -22.5000 2263.8208   22.6068
    7.5000   37.5000  -22.5000 2264.3704   22.8536
   -7.5000   45.0000  -22.5000 2169.9341   24.6399
    0.0000   45.0000  -22.5000 2196.4753   24.3298
    7.5000   45.0000  -22.5000 2191.9465   24.5938
   -7.5000  -45.0000  -15.0000 1956.5492   27.0470
    0.0000  -45.0000  -15.0000 1966.7684   27.0645
    7.5000  -45.0000  -15.0000 1953.5907   27.2755
   -7.5000  -37.5000  -15.0000 2090.5994   24.5271
    0.0000  -37.5000  -15.0000 2104.7524   24.5768
    7.5000  -37.5000  -15.0000 2088.1265   24.7754
   -7.5000  -30.0000  -15.0000 2205.7766   22.5258
    0.0000  -30.0000  -15.0000 2223.7998   22.5881
    7.5000  -30.0000  -15.0000 2205.1006   22.7257
   -7.5000  -22.5000  -15.0000 2302.7400   20.8172
    0.0000  -22.5000  -15.0000 2320.8179   20.8341
    7.5000  -22.5000  -15.0000 2303.5898   21.0224
   -7.5000  -15.0000  -15.0000 2374.8728   19.4602
    0.0000  -15.0000  -15.0000 2395.7441   19.4438
    7.5000  -15.0000  -15.0000 2379.2070   19.6776
   -7.5000   -7.5000  -15.0000 2413.6165   18.5595
    0.0000   -7.5000  -15.0000 2438.2114   18.5422
    7.5000   -7.5000  -15.0000 2418.0330   18.7514
   -7.5000    0.0000  -15.0000 2429.5977   18.0534
    0.0000    0.0000  -15.0000 2456.9722   18.0299
    7.5000    0.0000  -15.0000 2442.6489   18.2302
   -7.5000    7.5000  -15.0000 2442.8901   17.9812
    0.0000    7.5000  -15.0000 2470.3989   17.9775
    7.5000    7.5000  -15.0000 2455.2661   18.1715
   -7.5000   15.0000  -15.0000 2433.8230   18.3868
    0.0000   15.0000  -15.0000 2461.5039   18.3393
    7.5000   15.0000  -15.0000 2449.1475   18.4967
   -7.5000   22.5000  -15.0000 2416.7026   19.0619
    0.0000   22.5000  -15.0000 2448.4243   18.9397
    7.5000   22.5000  -15.0000 2437.7341   19.1283
   -7.5000   30.0000  -15.0000 2387.3271   20.0144
    0.0000   30.0000  -15.0000 2421.6289   19.8433
    7.5000   30.0000  -15.0000 2417.2034   20.0187
   -7.5000   37.5000  -15.0000 2340.3530   21.2315
    0.0000   37.5000  -15.0000 2368.7939   21.0512
    7.5000   37.5000  -15.0000 2367.9365   21.2387
   -7.5000   45.0000  -15.0000 2266.8325   22.8354
    0.0000   45.0000  -15.0000 2294.3760   22.6371
    7.5000   45.0000  -15.0000 2294.9978   22.8927
   -7.5000  -45.0000   -7.5000 2010.3063   25.8372
    0.0000  -45.0000   -7.5000 2021.7419   25.8501
    7.5000  -45.0000   -7.5000 2000.2432   26.0911
   -7.5000  -37.5000   -7.5000 2148.4292   23.3526
    0.0000  -37.5000   -7.5000 2162.7852   23.3846
    7.5000  -37.5000   -7.5000 2139.6587   23.6347
   -7.5000  -30.0000   -7.5000 2272.2424   21.3406
    0.0000  -30.0000   -7.5000 2293.8298   21.3831
    7.5000  -30.0000   -7.5000 2266.5269   21.5696
   -7.5000  -22.5000   -7.5000 2378.1394   19.6961
    0.0000  -22.5000   -7.5000 2395.4133   19.7514
    7.5000  -22.5000   -7.5000 2371.8611   19.9095
   -7.5000  -15.0000   -7.5000 2455.5403   18.3463
    0.0000  -15.0000   -7.5000 2471.5508   18.3897
    7.5000  -15.0000   -7.5000 2456.3286   18.5852
   -7.5000   -7.5000   -7.5000 2500.9460   17.4184
    0.0000   -7.5000   -7.5000 2519.5078   17.4151
    7.5000   -7.5000   -7.5000 2507.9578   17.6464
   -7.5000    0.0000   -7.5000 2523.5359   16.8534
    0.0000    0.0000   -7.5000 2553.8149   16.8661
    7.5000    0.0000   -7.5000 2543.1057   17.1006
   -7.5000    7.5000   -7.5000 2541.6531   16.6953
    0.0000    7.5000   -7.5000 2570.8018   16.7414
    7.5000    7.5000   -7.5000 2556.7053   16.9411
   -7.5000   15.0000   -7.5000 2528.4214   17.0392
    0.0000   15.0000   -7.5000 2564.0442   17.0590
    7.5000   15.0000   -7.5000 2549.1064   17.2398
   -7.5000   22.5000   -7.5000 2520.7651   17.7288
    0.0000   22.5000   -7.5000 2556.6951   17.6698
    7.5000   22.5000   -7.5000 2542.4045   17.8396
   -7.5000   30.0000   -7.5000 2490.8057   18.6308
    0.0000   30.0000   -7.5000 2528.7378   18.5265
    7.5000   30.0000   -7.5000 2515.2866   18.6658
   -7.5000   37.5000   -7.5000 2439.5359   19.7678
    0.0000   37.5000   -7.5000 2474.3916   19.6279
    7.5000   37.5000   -7.5000 2465.9749   19.7771
   -7.5000   45.0000   -7.5000 2362.6948   21.2688
    0.0000   45.0000   -7.5000 2392.2644   21.0900
    7.5000   45.0000   -7.5000 2388.7600   21.3286
   -7.5000  -45.0000    0.0000 2058.1489   24.9586
    0.0000  -45.0000    0.0000 2072.2671   25.0178
    7.5000  -45.0000    0.0000 2052.0537   25.3613
   -7.5000  -37.5000    0.0000 2202.2705   22.4915
    0.0000  -37.5000    0.0000 2217.3813   22.5711
    7.5000  -37.5000    0.0000 2191.9460   22.8552
   -7.5000  -30.0000    0.0000 2321.3606   20.5153
    0.0000  -30.0000    0.0000 2344.5962   20.5651
    7.5000  -30.0000    0.0000 2317.1116   20.8255
   -7.5000  -22.5000    0.0000 2419.4285   18.8666
    0.0000  -22.5000    0.0000 2440.7676   18.8852
    7.5000  -22.5000    0.0000 2418.9697   19.1125
   -7.5000  -15.0000    0.0000 2506.3401   17.5304
    0.0000  -15.0000    0.0000 2527.8079   17.5845
    7.5000  -15.0000    0.0000 2513.0513   17.7910
   -7.5000   -7.5000    0.0000 2564.2451   16.5345
    0.0000   -7.5000    0.0000 2584.8799   16.6047
    7.5000   -7.5000    0.0000 2581.4895   16.8097
   -7.5000    0.0000    0.0000 2600.6440   15.9110
    0.0000    0.0000    0.0000 2627.5408   15.9726
    7.5000    0.0000    0.0000 2618.4973   16.1844
   -7.5000    7.5000    0.0000 2625.2983   15.7144
    0.0000    7.5000    0.0000 2657.2422   15.7395
    7.5000    7.5000    0.0000 2641.7415   15.9843
   -7.5000   15.0000    0.0000 2622.2188   15.9802
    0.0000   15.0000    0.0000 2656.6677   15.9979
    7.5000   15.0000    0.0000 2644.0120   16.2226
   -7.5000   22.5000    0.0000 2619.5288   16.6496
    0.0000   22.5000    0.0000 2654.3596   16.6074
    7.5000   22.5000    0.0000 2644.8228   16.8182
   -7.5000   30.0000    0.0000 2593.9048   17.5171
    0.0000   30.0000    0.0000 2628.2244   17.4487
    7.5000   30.0000    0.0000 2616.0793   17.6216
   -7.5000   37.5000    0.0000 2534.3479   18.6005
    0.0000   37.5000    0.0000 2568.5247   18.4688
    7.5000   37.5000    0.0000 2555.4104   18.6277
   -7.5000   45.0000    0.0000 2444.9099   20.0742
    0.0000   45.0000    0.0000 2478.5952   19.9331
    7.5000   45.0000    0.0000 2471.6875   20.0821
   -7.5000  -45.0000    7.5000 2099.0146   24.5122
    0.0000  -45.0000    7.5000 2115.3445   24.5593
    7.5000  -45.0000    7.5000 2098.2241   24.9941
   -7.5000  -37.5000    7.5000 2238.4436   22.0481
    0.0000  -37.5000    7.5000 2259.4199   22.0964
    7.5000  -37.5000    7.5000 2237.7603   22.4643
   -7.5000  -30.0000    7.5000 2353.5493   19.9786
    0.0000  -30.0000    7.5000 2378.9902   20.0454
    7.5000  -30.0000    7.5000 2356.5330   20.3690
   -7.5000  -22.5000    7.5000 2453.4170   18.3208
    0.0000  -22.5000    7.5000 2476.3428   18.3190
    7.5000  -22.5000    7.5000 2459.0942   18.6278
   -7.5000  -15.0000    7.5000 2549.7771   16.9607
    0.0000  -15.0000    7.5000 2576.3584   16.9933
    7.5000  -15.0000    7.5000 2561.9475   17.2653
   -7.5000   -7.5000    7.5000 2620.1299   15.9240
    0.0000   -7.5000    7.5000 2654.0225   15.9848
    7.5000   -7.5000    7.5000 2642.1218   16.2470
   -7.5000    0.0000    7.5000 2668.7559   15.2368
    0.0000    0.0000    7.5000 2700.9761   15.2973
    7.5000    0.0000    7.5000 2691.4858   15.5266
   -7.5000    7.5000    7.5000 2705.9338   14.9978
    0.0000    7.5000    7.5000 2738.7402   15.0072
    7.5000    7.5000    7.5000 2725.9902   15.2872
   -7.5000   15.0000    7.5000 2713.5056   15.2201
    0.0000   15.0000    7.5000 2748.9480   15.2168
    7.5000   15.0000    7.5000 2735.1548   15.4904
   -7.5000   22.5000    7.5000 2705.0684   15.8186
    0.0000   22.5000    7.5000 2746.8589   15.7924
    7.5000   22.5000    7.5000 2735.7144   16.0308
   -7.5000   30.0000    7.5000 2669.7422   16.6346
    0.0000   30.0000    7.5000 2710.9502   16.5323
    7.5000   30.0000    7.5000 2699.1538   16.7354
   -7.5000   37.5000    7.5000 2611.6160   17.7152
    0.0000   37.5000    7.5000 2647.0791   17.5447
    7.5000   37.5000    7.5000 2636.1646   17.7173
   -7.5000   45.0000    7.5000 2517.8291   19.2497
    0.0000   45.0000    7.5000 2551.9941   19.0513
    7.5000   45.0000    7.5000 2545.5620   19.2270
   -7.5000  -45.0000   15.0000 2101.6401   24.3239
    0.0000  -45.0000   15.0000 2119.9370   24.3136
    7.5000  -45.0000   15.0000 2109.8645   24.8503
   -7.5000  -37.5000   15.0000 2236.7148   21.7445
    0.0000  -37.5000   15.0000 2262.7104   21.7704
    7.5000  -37.5000   15.0000 2247.1030   22.2274
   -7.5000  -30.0000   15.0000 2352.5002   19.6246
    0.0000  -30.0000   15.0000 2381.8840   19.6245
    7.5000  -30.0000   15.0000 2360.4446   20.0637
   -7.5000  -22.5000   15.0000 2453.2856   17.9198
    0.0000  -22.5000   15.0000 2484.2603   17.9000
    7.5000  -22.5000   15.0000 2463.8669   18.3043
   -7.5000  -15.0000   15.0000 2550.3987   16.5374
    0.0000  -15.0000   15.0000 2583.4797   16.5289
    7.5000  -15.0000   15.0000 2575.4194   16.9139
   -7.5000   -7.5000   15.0000 2637.7434   15.4701
    0.0000   -7.5000   15.0000 2678.5007   15.5192
    7.5000   -7.5000   15.0000 2672.2559   15.8973
   -7.5000    0.0000   15.0000 2700.2722   14.7327
    0.0000    0.0000   15.0000 2740.8721   14.8111
    7.5000    0.0000   15.0000 2736.6240   15.1908
   -7.5000    7.5000   15.0000 2746.1099   14.4671
    0.0000    7.5000   15.0000 2794.5417   14.5019
    7.5000    7.5000   15.0000 2794.4563   14.8907
   -7.5000   15.0000   15.0000 2773.0627   14.6094
    0.0000   15.0000   15.0000 2824.6477   14.6291
    7.5000   15.0000   15.0000 2817.1902   14.9728
   -7.5000   22.5000   15.0000 2762.7302   15.1785
    0.0000   22.5000   15.0000 2813.3960   15.1617
    7.5000   22.5000   15.0000 2808.0994   15.4498
   -7.5000   30.0000   15.0000 2724.5017   16.0044
    0.0000   30.0000   15.0000 2765.2437   15.8400
    7.5000   30.0000   15.0000 2761.7227   16.1063
   -7.5000   37.5000   15.0000 2659.0415   17.1275
    0.0000   37.5000   15.0000 2695.6560   16.8845
    7.5000   37.5000   15.0000 2691.8433   17.1714
   -7.5000   45.0000   15.0000 2561.4041   18.6396
    0.0000   45.0000   15.0000 2596.6108   18.3874
    7.5000   45.0000   15.0000 2589.0066   18.6803
   -7.5000  -45.0000   22.5000 2091.8362   24.5321
    0.0000  -45.0000   22.5000 2116.4285   24.2975
    7.5000  -45.0000   22.5000 2109.4624   25.1233
   -7.5000  -37.5000   22.5000 2218.4160   21.7073
    0.0000  -37.5000   22.5000 2243.8281   21.5110
    7.5000  -37.5000   22.5000 2235.2688   22.2771
   -7.5000  -30.0000   22.5000 2329.8472   19.4915
    0.0000  -30.0000   22.5000 2352.0474   19.2926
    7.5000  -30.0000   22.5000 2343.9885   19.9866
   -7.5000  -22.5000   22.5000 2431.4912   17.7360
    0.0000  -22.5000   22.5000 2455.9224   17.5996
    7.5000  -22.5000   22.5000 2451.6252   18.2092
   -7.5000  -15.0000   22.5000 2529.4805   16.3324
    0.0000  -15.0000   22.5000 2558.1519   16.2540
    7.5000  -15.0000   22.5000 2566.0068   16.8459
   -7.5000   -7.5000   22.5000 2624.2817   15.2363
    0.0000   -7.5000   22.5000 2661.1157   15.2248
    7.5000   -7.5000   22.5000 2672.0059   15.8381
   -7.5000    0.0000   22.5000 2710.5847   14.5910
    0.0000    0.0000   22.5000 2758.5613   14.6473
    7.5000    0.0000   22.5000 2774.1860   15.2383
   -7.5000    7.5000   22.5000 2765.9629   14.1494
    0.0000    7.5000   22.5000 2836.2844   14.1391
    7.5000    7.5000   22.5000 2862.7583   14.8297
   -7.5000   15.0000   22.5000 2814.6516   14.2073
    0.0000   15.0000   22.5000 2878.4155   14.0215
    7.5000   15.0000   22.5000 2887.9944   14.5921
   -7.5000   22.5000   22.5000 2807.1499   14.8855
    0.0000   22.5000   22.5000 2855.9155   14.6301
    7.5000   22.5000   22.5000 2858.5259   15.0324
   -7.5000   30.0000   22.5000 2757.7844   15.7296
    0.0000   30.0000   22.5000 2795.0298   15.4450
    7.5000   30.0000   22.5000 2794.9065   15.7489
   -7.5000   37.5000   22.5000 2683.2678   16.8127
    0.0000   37.5000   22.5000 2720.5146   16.5020
    7.5000   37.5000   22.5000 2713.3337   16.7555
   -7.5000   45.0000   22.5000 2582.7070   18.2753
    0.0000   45.0000   22.5000 2619.4751   17.9801
    7.5000   45.0000   22.5000 2609.6794   18.1909
   -7.5000  -45.0000   30.0000 2048.7034   24.9388
    0.0000  -45.0000   30.0000 2079.2568   24.7493
    7.5000  -45.0000   30.0000 2072.8469   25.5750
   -7.5000  -37.5000   30.0000 2182.9077   21.9987
    0.0000  -37.5000   30.0000 2212.9399   21.8184
    7.5000  -37.5000   30.0000 2203.4980   22.6555
   -7.5000  -30.0000   30.0000 2301.0728   19.7411
    0.0000  -30.0000   30.0000 2323.8230   19.5633
    7.5000  -30.0000   30.0000 2321.5596   20.3423
   -7.5000  -22.5000   30.0000 2404.6045   17.9497
    0.0000  -22.5000   30.0000 2425.1284   17.8199
    7.5000  -22.5000   30.0000 2431.8823   18.5087
   -7.5000  -15.0000   30.0000 2513.8228   16.5653
    0.0000  -15.0000   30.0000 2533.1191   16.4554
    7.5000  -15.0000   30.0000 2555.9355   17.1420
   -7.5000   -7.5000   30.0000 2623.6938   15.5553
    0.0000   -7.5000   30.0000 2644.4917   15.4669
    7.5000   -7.5000   30.0000 2673.4124   16.1462
   -7.5000    0.0000   30.0000 2721.6406   14.8655
    0.0000    0.0000   30.0000 2763.1992   14.9378
    7.5000    0.0000   30.0000 2789.4539   15.5618
   -7.5000    7.5000   30.0000 2802.4768   14.4293
    0.0000    7.5000   30.0000 2857.6208   14.4673
    7.5000    7.5000   30.0000 2870.5618   15.0026
   -7.5000   15.0000   30.0000 2856.3718   14.4084
    0.0000   15.0000   30.0000 2910.0498   14.1909
    7.5000   15.0000   30.0000 2893.1462   14.5899
   -7.5000   22.5000   30.0000 2838.9678   14.8570
    0.0000   22.5000   30.0000 2889.6143   14.6275
    7.5000   22.5000   30.0000 2867.0554   14.9015
   -7.5000   30.0000   30.0000 2774.7820   15.6298
    0.0000   30.0000   30.0000 2813.7070   15.4454
    7.5000   30.0000   30.0000 2802.6194   15.6646
   -7.5000   37.5000   30.0000 2699.1143   16.7641
    0.0000   37.5000   30.0000 2729.4692   16.5604
    7.5000   37.5000   30.0000 2721.0249   16.7087
   -7.5000   45.0000   30.0000 2592.7515   18.2521
    0.0000   45.0000   30.0000 2624.1150   18.0767
    7.5000   45.0000   30.0000 2618.5784   18.1986
   -7.5000  -45.0000   37.5000 2030.2195   26.0360
    0.0000  -45.0000   37.5000 2044.1934   25.8733
    7.5000  -45.0000   37.5000 2053.6147   26.6169
   -7.5000  -37.5000   37.5000 2170.1475   22.7731
    0.0000  -37.5000   37.5000 2183.7102   22.5928
    7.5000  -37.5000   37.5000 2183.8018   23.3283
   -7.5000  -30.0000   37.5000 2286.6238   20.3846
    0.0000  -30.0000   37.5000 2300.9370   20.2366
    7.5000  -30.0000   37.5000 2301.4294   20.9229
   -7.5000  -22.5000   37.5000 2400.1021   18.6879
    0.0000  -22.5000   37.5000 2416.6936   18.5754
    7.5000  -22.5000   37.5000 2418.2786   19.1769
   -7.5000  -15.0000   37.5000 2519.0435   17.3675
    0.0000  -15.0000   37.5000 2544.5452   17.3182
    7.5000  -15.0000   37.5000 2547.4092   17.8302
   -7.5000   -7.5000   37.5000 2629.8831   16.3423
    0.0000   -7.5000   37.5000 2668.3777   16.3749
    7.5000   -7.5000   37.5000 2667.0835   16.8281
   -7.5000    0.0000   37.5000 2719.1267   15.4852
    0.0000    0.0000   37.5000 2778.4351   15.6916
    7.5000    0.0000   37.5000 2774.3955   16.1325
   -7.5000    7.5000   37.5000 2796.9453   14.9822
    0.0000    7.5000   37.5000 2849.5659   15.0503
    7.5000    7.5000   37.5000 2848.1021   15.4368
   -7.5000   15.0000   37.5000 2839.7874   14.8983
    0.0000   15.0000   37.5000 2891.1787   14.8817
    7.5000   15.0000   37.5000 2885.7961   15.1244
   -7.5000   22.5000   37.5000 2815.8374   15.2041
    0.0000   22.5000   37.5000 2875.1084   15.2041
    7.5000   22.5000   37.5000 2860.9180   15.4021
   -7.5000   30.0000   37.5000 2751.9277   15.8974
    0.0000   30.0000   37.5000 2802.5571   15.9395
    7.5000   30.0000   37.5000 2788.1096   16.1155
   -7.5000   37.5000   37.5000 2674.9026   16.9962
    0.0000   37.5000   37.5000 2710.7629   16.9312
    7.5000   37.5000   37.5000 2699.2664   17.0820
   -7.5000   45.0000   37.5000 2569.9163   18.4612
    0.0000   45.0000   37.5000 2600.8562   18.3041
    7.5000   45.0000   37.5000 2594.0005   18.4607
   -7.5000  -45.0000   45.0000 2008.8312   27.8198
    0.0000  -45.0000   45.0000 2033.2318   27.7833
    7.5000  -45.0000   45.0000 2028.1283   28.2508
   -7.5000  -37.5000   45.0000 2152.7170   24.2935
    0.0000  -37.5000   45.0000 2178.5022   24.2950
    7.5000  -37.5000   45.0000 2165.9346   24.7369
   -7.5000  -30.0000   45.0000 2280.2253   21.7330
    0.0000  -30.0000   45.0000 2305.3601   21.7199
    7.5000  -30.0000   45.0000 2287.3159   22.1926
   -7.5000  -22.5000   45.0000 2402.4963   19.8705
    0.0000  -22.5000   45.0000 2427.7493   19.8281
    7.5000  -22.5000   45.0000 2405.6592   20.2794
   -7.5000  -15.0000   45.0000 2512.2104   18.4159
    0.0000  -15.0000   45.0000 2540.8025   18.3584
    7.5000  -15.0000   45.0000 2526.4714   18.7887
   -7.5000   -7.5000   45.0000 2608.9580   17.1733
    0.0000   -7.5000   45.0000 2642.4263   17.1380
    7.5000   -7.5000   45.0000 2634.9683   17.5925
   -7.5000    0.0000   45.0000 2690.3945   16.2431
    0.0000    0.0000   45.0000 2721.8733   16.1340
    7.5000    0.0000   45.0000 2721.2029   16.6164
   -7.5000    7.5000   45.0000 2751.2004   15.6164
    0.0000    7.5000   45.0000 2789.3599   15.4265
    7.5000    7.5000   45.0000 2794.3074   15.8658
   -7.5000   15.0000   45.0000 2783.1309   15.4862
    0.0000   15.0000   45.0000 2833.3850   15.3466
    7.5000   15.0000   45.0000 2833.3750   15.7058
   -7.5000   22.5000   45.0000 2764.3931   15.8163
    0.0000   22.5000   45.0000 2818.0220   15.7798
    7.5000   22.5000   45.0000 2813.2993   16.0924
   -7.5000   30.0000   45.0000 2700.2612   16.5500
    0.0000   30.0000   45.0000 2748.7822   16.5424
    7.5000   30.0000   45.0000 2741.1724   16.7972
   -7.5000   37.5000   45.0000 2632.9658   17.6109
    0.0000   37.5000   45.0000 2669.9939   17.6025
    7.5000   37.5000   45.0000 2660.5410   17.7711
   -7.5000   45.0000   45.0000 2533.2205   18.9776
    0.0000   45.0000   45.0000 2569.5732   18.9287
    7.5000   45.0000   45.0000 2558.4607   19.0654
   -7.5000  -45.0000   52.5000 1992.8175   29.6332
    0.0000  -45.0000   52.5000 2013.6726   29.5675
    7.5000  -45.0000   52.5000 2006.2042   30.0813
   -7.5000  -37.5000   52.5000 2136.3853   25.9171
    0.0000  -37.5000   52.5000 2154.1685   25.8252
    7.5000  -37.5000   52.5000 2141.5183   26.3353
   -7.5000  -30.0000   52.5000 2264.7427   23.1349
    0.0000  -30.0000   52.5000 2282.1477   22.9662
    7.5000  -30.0000   52.5000 2261.1423   23.5025
   -7.5000  -22.5000   52.5000 2373.4900   21.0338
    0.0000  -22.5000   52.5000 2396.2156   20.8228
    7.5000  -22.5000   52.5000 2372.9548   21.3635
   -7.5000  -15.0000   52.5000 2474.0569   19.3494
    0.0000  -15.0000   52.5000 2499.3389   19.1506
    7.5000  -15.0000   52.5000 2481.5518   19.6814
   -7.5000   -7.5000   52.5000 2571.7200   18.0161
    0.0000   -7.5000   52.5000 2599.6636   17.7723
    7.5000   -7.5000   52.5000 2584.3213   18.2972
   -7.5000    0.0000   52.5000 2641.8792   17.0181
    0.0000    0.0000   52.5000 2673.7461   16.7491
    7.5000    0.0000   52.5000 2667.7659   17.2282
   -7.5000    7.5000   52.5000 2695.4558   16.3639
    0.0000    7.5000   52.5000 2733.7808   16.1179
    7.5000    7.5000   52.5000 2730.8386   16.5746
   -7.5000   15.0000   52.5000 2719.4009   16.2739
    0.0000   15.0000   52.5000 2764.4958   16.0874
    7.5000   15.0000   52.5000 2761.2163   16.4710
   -7.5000   22.5000   52.5000 2698.0828   16.6258
    0.0000   22.5000   52.5000 2746.7998   16.4905
    7.5000   22.5000   52.5000 2748.2563   16.8785
   -7.5000   30.0000   52.5000 2638.8425   17.3634
    0.0000   30.0000   52.5000 2681.8372   17.2719
    7.5000   30.0000   52.5000 2677.7712   17.5826
   -7.5000   37.5000   52.5000 2567.2798   18.3974
    0.0000   37.5000   52.5000 2604.8459   18.2940
    7.5000   37.5000   52.5000 2603.2454   18.5529
   -7.5000   45.0000   52.5000 2470.6453   19.7214
    0.0000   45.0000   52.5000 2508.7966   19.6289
    7.5000   45.0000   52.5000 2507.4893   19.8399
   -7.5000  -45.0000   60.0000 1932.0728   30.9608
    0.0000  -45.0000   60.0000 1950.7054   30.8849
    7.5000  -45.0000   60.0000 1938.8853   31.5627
   -7.5000  -37.5000   60.0000 2080.9749   27.1444
    0.0000  -37.5000   60.0000 2095.5620   26.9756
    7.5000  -37.5000   60.0000 2075.8657   27.5516
   -7.5000  -30.0000   60.0000 2206.9231   24.2137
    0.0000  -30.0000   60.0000 2229.1724   23.9797
    7.5000  -30.0000   60.0000 2197.0977   24.5456
   -7.5000  -22.5000   60.0000 2311.1047   21.9683
    0.0000  -22.5000   60.0000 2336.5259   21.7112
    7.5000  -22.5000   60.0000 2306.2100   22.2300
   -7.5000  -15.0000   60.0000 2406.3672   20.2748
    0.0000  -15.0000   60.0000 2432.3708   19.9846
    7.5000  -15.0000   60.0000 2405.1633   20.4823
   -7.5000   -7.5000   60.0000 2495.3884   18.9360
    0.0000   -7.5000   60.0000 2521.8916   18.5743
    7.5000   -7.5000   60.0000 2502.1309   19.0772
   -7.5000    0.0000   60.0000 2560.9607   17.8813
    0.0000    0.0000   60.0000 2592.5105   17.5765
    7.5000    0.0000   60.0000 2580.5498   18.0275
   -7.5000    7.5000   60.0000 2607.7048   17.2643
    0.0000    7.5000   60.0000 2642.1921   16.9988
    7.5000    7.5000   60.0000 2636.3516   17.4230
   -7.5000   15.0000   60.0000 2621.0486   17.2172
    0.0000   15.0000   60.0000 2657.2471   17.0374
    7.5000   15.0000   60.0000 2656.3501   17.3833
   -7.5000   22.5000   60.0000 2599.8794   17.5197
    0.0000   22.5000   60.0000 2641.2454   17.4158
    7.5000   22.5000   60.0000 2643.5266   17.7669
   -7.5000   30.0000   60.0000 2553.8589   18.2359
    0.0000   30.0000   60.0000 2595.9990   18.1264
    7.5000   30.0000   60.0000 2584.2627   18.4249
   -7.5000   37.5000   60.0000 2478.7341   19.2580
    0.0000   37.5000   60.0000 2521.0959   19.1067
    7.5000   37.5000   60.0000 2514.3557   19.3426
   -7.5000   45.0000   60.0000 2382.4050   20.5431
    0.0000   45.0000   60.0000 2420.9111   20.4315
    7.5000   45.0000   60.0000 2415.0747   20.6025

---------------------------------------------------------------------
imgreg_4dfp /opt/freesurfer/average/711-2C_as_mni_average_305 /opt/freesurfer/average/711-2B_as_mni_average_305_mask talsrcimg_g11 none talsrcimg_to_711-2C_as_mni_average_305_t4 1283
---------------------------------------------------------------------

freesurfer imgreg_4dfp.c
/opt/freesurfer/average/711-2C_as_mni_average_305.4dfp.img
       256       256       256         1
  1.000000  1.000000  1.000000
orientation T byte_order littleendian
Reading image: /opt/freesurfer/average/711-2C_as_mni_average_305.4dfp.img
dimensions:      256       256       256
mmppix:       1.0000   -1.0000   -1.0000
center:     128.0000 -129.0000 -129.0000
/opt/freesurfer/average/711-2B_as_mni_average_305_mask.4dfp.img
       256       256       256         1
  1.000000  1.000000  1.000000
orientation T byte_order littleendian
Reading mask: /opt/freesurfer/average/711-2B_as_mni_average_305_mask.4dfp.img (2306576 pixels)
talsrcimg_g11.4dfp.img
       256       256       256         1
  1.000000  1.000000  1.000000
orientation T byte_order littleendian
Reading image: talsrcimg_g11.4dfp.img
dimensions:      256       256       256
mmppix:       1.0000   -1.0000   -1.0000
center:     128.0000 -129.0000 -129.0000
rotation matrix determinant  1.000000
fimgreg.f
image alignment mode   1283 decimal      503 hex
parameters
    0.0000   15.0000   30.0000    0.0000    0.0000    0.0000
eta,q 0.91123 14.25599
niter,ni,del,rscale     5    3   12.0000    1.2000
parameter  3 -1.201781 -> -0.500000 qaram    1.1500
parameter  6  0.642321 ->  0.500000 qaram    1.1500
parameters
    1.3059   13.6337   33.4500    1.6243    1.7650   -3.4500
eta,q 0.91907 14.72997
  0.1095  0.0910  0.0987  0.0851  0.0922  0.0817
  0.1010  0.0900  0.0990  0.0840  0.0873  0.0810
  0.0931  0.0911  0.0983  0.0839  0.0849  0.0812
  0.0901  0.0898  0.0904  0.0834  0.0832  0.0827
  0.0909  0.0890  0.0831  0.0831  0.0828  0.0854
  0.0940  0.0917  0.0851  0.0828  0.0838  0.0891
  0.0973  0.0957  0.0885  0.0841  0.0852  0.0929
niter,ni,del,rscale     6    3   12.0000    1.2000
parameter  4 -4.490393 ->  0.500000 qaram    1.1500
parameters
    1.2515   15.1126   33.3904   -1.8257    1.9601   -3.4619
eta,q 0.92283 14.73071
  0.0929  0.0918  0.0956  0.0753  0.0836  0.0846
  0.0868  0.0877  0.0927  0.0765  0.0806  0.0809
  0.0829  0.0831  0.0826  0.0792  0.0787  0.0781
  0.0809  0.0810  0.0814  0.0813  0.0772  0.0772
  0.0823  0.0815  0.0863  0.0823  0.0777  0.0785
  0.0873  0.0821  0.0912  0.0832  0.0796  0.0811
  0.0935  0.0851  0.0961  0.0856  0.0834  0.0844
niter,ni,del,rscale     6    3   12.0000    1.2000
parameters
    1.6699   17.0180   33.1743   -4.3511    1.9958   -3.0441
eta,q 0.92657 14.70912
  0.0930  0.0914  0.0922  0.0795  0.0813  0.0832
  0.0860  0.0877  0.0879  0.0746  0.0775  0.0791
  0.0804  0.0811  0.0773  0.0737  0.0747  0.0754
  0.0772  0.0770  0.0772  0.0769  0.0735  0.0735
  0.0782  0.0772  0.0815  0.0801  0.0749  0.0740
  0.0829  0.0776  0.0887  0.0831  0.0771  0.0769
  0.0898  0.0818  0.0932  0.0857  0.0812  0.0818
niter,ni,del,rscale     5    3   12.0000    1.2000
parameters
    1.7488   17.5472   32.8033   -4.7433    2.1266   -3.0160
eta,q 0.92665 14.69046
  0.0887  0.0913  0.0903  0.0818  0.0814  0.0820
  0.0815  0.0836  0.0864  0.0783  0.0774  0.0780
  0.0762  0.0749  0.0747  0.0745  0.0742  0.0747
  0.0734  0.0734  0.0741  0.0735  0.0733  0.0734
  0.0750  0.0762  0.0795  0.0761  0.0747  0.0742
  0.0809  0.0794  0.0882  0.0797  0.0767  0.0774
  0.0883  0.0856  0.0932  0.0835  0.0806  0.0824
niter,ni,del,rscale     4    3   12.0000    1.2000
parameters
    1.5398   17.6965   32.5484   -4.9560    2.3470   -2.9717
eta,q 0.92675 14.67119
  0.0872  0.0896  0.0900  0.0818  0.0816  0.0817
  0.0799  0.0807  0.0876  0.0783  0.0773  0.0777
  0.0752  0.0731  0.0756  0.0746  0.0741  0.0744
  0.0734  0.0734  0.0736  0.0732  0.0732  0.0733
  0.0758  0.0766  0.0786  0.0754  0.0745  0.0740
  0.0819  0.0802  0.0871  0.0787  0.0765  0.0770
  0.0888  0.0864  0.0932  0.0830  0.0803  0.0819
niter,ni,del,rscale     3    3   12.0000    1.2000
parameters
    1.3962   17.7483   32.3788   -5.0868    2.5126   -2.9693
eta,q 0.92681 14.65657
  0.0875  0.0888  0.0896  0.0818  0.0814  0.0814
  0.0799  0.0798  0.0884  0.0783  0.0770  0.0774
  0.0750  0.0726  0.0763  0.0745  0.0740  0.0742
  0.0733  0.0732  0.0733  0.0731  0.0731  0.0732
  0.0757  0.0766  0.0781  0.0750  0.0744  0.0740
  0.0816  0.0803  0.0862  0.0782  0.0765  0.0768
  0.0882  0.0863  0.0930  0.0827  0.0803  0.0818
niter,ni,del,rscale     2    3   12.0000    1.2000
parameters
    1.3168   17.7757   32.2617   -5.1850    2.6050   -2.9788
eta,q 0.92691 14.64704
  0.0878  0.0885  0.0894  0.0818  0.0813  0.0812
  0.0801  0.0796  0.0888  0.0782  0.0768  0.0771
  0.0749  0.0724  0.0769  0.0744  0.0738  0.0741
  0.0732  0.0732  0.0732  0.0731  0.0731  0.0731
  0.0756  0.0767  0.0779  0.0748  0.0744  0.0738
  0.0814  0.0804  0.0857  0.0780  0.0766  0.0766
  0.0879  0.0861  0.0929  0.0826  0.0805  0.0817
niter,ni,del,rscale     1    3   12.0000    1.2000
parameters
    1.2599   17.7996   32.1839   -5.2334    2.6615   -2.9917
eta,q 0.92694 14.64018
  0.0879  0.0884  0.0893  0.0819  0.0812  0.0811
  0.0800  0.0795  0.0890  0.0783  0.0767  0.0770
  0.0748  0.0722  0.0774  0.0744  0.0737  0.0740
  0.0731  0.0731  0.0731  0.0730  0.0730  0.0731
  0.0755  0.0766  0.0777  0.0747  0.0744  0.0738
  0.0812  0.0803  0.0853  0.0778  0.0766  0.0765
  0.0877  0.0860  0.0927  0.0825  0.0806  0.0816
registration optimization eta report
parameter search radius
    6.0000    6.0000    6.9000    6.9000    6.0000    6.9000
100000*second partial in parameter space
       40.       40.       34.       19.       22.       17.
  0.0879  0.0884  0.0893  0.0819  0.0812  0.0811
  0.0800  0.0795  0.0890  0.0783  0.0767  0.0770
  0.0748  0.0722  0.0774  0.0744  0.0737  0.0740
  0.0731  0.0731  0.0731  0.0730  0.0730  0.0731
  0.0755  0.0766  0.0777  0.0747  0.0744  0.0738
  0.0812  0.0803  0.0853  0.0778  0.0766  0.0765
  0.0877  0.0860  0.0927  0.0825  0.0806  0.0816
    1.2599   17.7996   32.1839   -5.2334    2.6615   -2.9917
eta,q 0.92694 14.64018

---------------------------------------------------------------------
imgreg_4dfp /opt/freesurfer/average/711-2C_as_mni_average_305 /opt/freesurfer/average/711-2B_as_mni_average_305_mask talsrcimg_g11 none talsrcimg_to_711-2C_as_mni_average_305_t4 3335
---------------------------------------------------------------------

freesurfer imgreg_4dfp.c
/opt/freesurfer/average/711-2C_as_mni_average_305.4dfp.img
       256       256       256         1
  1.000000  1.000000  1.000000
orientation T byte_order littleendian
Reading image: /opt/freesurfer/average/711-2C_as_mni_average_305.4dfp.img
dimensions:      256       256       256
mmppix:       1.0000   -1.0000   -1.0000
center:     128.0000 -129.0000 -129.0000
/opt/freesurfer/average/711-2B_as_mni_average_305_mask.4dfp.img
       256       256       256         1
  1.000000  1.000000  1.000000
orientation T byte_order littleendian
Reading mask: /opt/freesurfer/average/711-2B_as_mni_average_305_mask.4dfp.img (2306576 pixels)
talsrcimg_g11.4dfp.img
       256       256       256         1
  1.000000  1.000000  1.000000
orientation T byte_order littleendian
Reading image: talsrcimg_g11.4dfp.img
dimensions:      256       256       256
mmppix:       1.0000   -1.0000   -1.0000
center:     128.0000 -129.0000 -129.0000
fimgreg.f
image alignment mode   3335 decimal      D07 hex
parameters
    1.2599   17.7996   32.1839   -0.2440   -0.5747   -0.5243
    5.6203   -4.1418   -5.2135    9.3503    4.6435   -9.1115
eta,q 0.92002 14.61672
niter,ni,del,rscale     5    3    5.0000    1.2000
parameter  4  2.696259 ->  0.500000 qaram    1.1500
parameter  5  5.725839 ->  0.500000 qaram    1.1500
parameter  6  0.591355 ->  0.500000 qaram    1.1500
parameter 10 -0.805313 -> -0.500000 qaram    1.1500
parameter 11  1.639070 ->  0.500000 qaram    1.1500
parameter 12 -2.956039 -> -0.500000 qaram    1.1500
parameters
    1.0055   18.3520   31.7952   -4.3840   -4.7147   -4.6643
    6.6940   -2.9643   -2.9124   13.4903    0.5035   -4.9715
eta,q 0.93264 14.44603
  0.0820  0.0823  0.0810  0.0702  0.0679  0.0699  0.0724  0.0750  0.0720  0.0744  0.0693  0.0732
  0.0807  0.0813  0.0802  0.0728  0.0702  0.0706  0.0716  0.0727  0.0714  0.0730  0.0692  0.0718
  0.0800  0.0805  0.0797  0.0760  0.0720  0.0704  0.0710  0.0712  0.0709  0.0717  0.0693  0.0705
  0.0800  0.0799  0.0797  0.0796  0.0736  0.0708  0.0707  0.0706  0.0706  0.0705  0.0695  0.0692
  0.0805  0.0797  0.0802  0.0841  0.0759  0.0741  0.0706  0.0708  0.0705  0.0697  0.0697  0.0681
  0.0815  0.0800  0.0811  0.0889  0.0782  0.0790  0.0710  0.0714  0.0706  0.0695  0.0698  0.0671
  0.0829  0.0810  0.0820  0.0936  0.0809  0.0842  0.0717  0.0727  0.0710  0.0697  0.0699  0.0664
niter,ni,del,rscale     7    3    5.0000    1.2000
parameter  3  5.382039 ->  0.500000 qaram    1.1500
parameter  4  1.613429 ->  0.500000 qaram    1.3225
parameter  5  2.850610 ->  0.500000 qaram    1.3225
parameter  6  0.874890 ->  0.500000 qaram    1.3225
parameter 10  2.501248 ->  0.500000 qaram    1.3225
parameter 12  6.985271 ->  0.500000 qaram    1.3225
parameters
    1.7173   18.0079   30.4152   -9.1450   -9.4757   -9.4253
    7.4536   -0.0736   -1.8344    8.7293    3.2507   -9.7325
eta,q 0.95060 14.01825
  0.0712  0.0683  0.0622  0.0561  0.0539  0.0517  0.0565  0.0594  0.0552  0.0492  0.0523  0.0486
  0.0695  0.0675  0.0636  0.0582  0.0552  0.0535  0.0553  0.0569  0.0543  0.0502  0.0515  0.0492
  0.0682  0.0671  0.0652  0.0607  0.0568  0.0545  0.0544  0.0551  0.0537  0.0517  0.0509  0.0498
  0.0674  0.0671  0.0671  0.0640  0.0588  0.0556  0.0539  0.0539  0.0534  0.0533  0.0506  0.0504
  0.0671  0.0675  0.0690  0.0682  0.0614  0.0584  0.0540  0.0534  0.0534  0.0551  0.0504  0.0510
  0.0674  0.0682  0.0710  0.0733  0.0635  0.0629  0.0546  0.0536  0.0537  0.0571  0.0505  0.0517
  0.0684  0.0692  0.0729  0.0790  0.0662  0.0691  0.0557  0.0545  0.0544  0.0594  0.0510  0.0525
niter,ni,del,rscale     7    3    5.0000    1.2000
parameter  2  2.058980 ->  0.500000 qaram    1.1500
parameter  3 22.645580 ->  0.500000 qaram    1.3225
parameter  4  0.605464 ->  0.500000 qaram    1.5209
parameter  5  0.647493 ->  0.500000 qaram    1.5209
parameters
    2.1660   16.6279   28.8282  -14.6201  -14.9509  -13.0677
    6.7485   -0.5976   -5.0535    4.5676    2.4750   -6.7388
eta,q 0.97018 13.62935
  0.0539  0.0443  0.0323  0.0360  0.0346  0.0353  0.0333  0.0347  0.0315  0.0319  0.0311  0.0337
  0.0516  0.0454  0.0363  0.0355  0.0335  0.0327  0.0322  0.0327  0.0311  0.0305  0.0305  0.0322
  0.0501  0.0471  0.0410  0.0361  0.0334  0.0314  0.0315  0.0316  0.0311  0.0302  0.0302  0.0310
  0.0494  0.0493  0.0458  0.0376  0.0356  0.0333  0.0314  0.0314  0.0313  0.0310  0.0302  0.0302
  0.0494  0.0518  0.0507  0.0397  0.0397  0.0369  0.0318  0.0321  0.0319  0.0333  0.0304  0.0298
  0.0500  0.0545  0.0554  0.0431  0.0450  0.0404  0.0328  0.0335  0.0328  0.0368  0.0308  0.0301
  0.0514  0.0575  0.0599  0.0491  0.0488  0.0468  0.0342  0.0357  0.0339  0.0409  0.0315  0.0311
niter,ni,del,rscale     7    3    5.0000    1.2000
parameter  3  0.936650 ->  0.500000 qaram    1.5209
parameters
    2.0587   16.2563   27.0032  -13.8664  -13.4992  -12.7075
    7.3674   -0.8023   -4.5509    5.1619    2.9356   -6.9138
eta,q 0.97392 13.75631
  0.0329  0.0321  0.0265  0.0328  0.0361  0.0339  0.0295  0.0304  0.0282  0.0327  0.0275  0.0288
  0.0311  0.0307  0.0269  0.0299  0.0327  0.0309  0.0278  0.0281  0.0270  0.0292  0.0268  0.0274
  0.0301  0.0299  0.0280  0.0279  0.0297  0.0284  0.0266  0.0266  0.0264  0.0271  0.0263  0.0265
  0.0298  0.0298  0.0298  0.0271  0.0272  0.0263  0.0261  0.0261  0.0261  0.0261  0.0261  0.0261
  0.0303  0.0304  0.0324  0.0278  0.0257  0.0258  0.0263  0.0268  0.0263  0.0264  0.0262  0.0263
  0.0315  0.0317  0.0360  0.0293  0.0282  0.0285  0.0271  0.0285  0.0267  0.0281  0.0266  0.0273
  0.0335  0.0340  0.0405  0.0312  0.0338  0.0345  0.0285  0.0308  0.0276  0.0314  0.0272  0.0292
niter,ni,del,rscale     7    3    5.0000    1.2000
parameters
    1.9308   16.2612   25.4181  -13.5553  -13.0282  -12.7267
    7.3146   -0.7599   -4.1209    6.7181    3.4426   -7.5296
eta,q 0.97519 13.80507
  0.0294  0.0296  0.0266  0.0307  0.0337  0.0318  0.0278  0.0296  0.0270  0.0322  0.0264  0.0272
  0.0275  0.0277  0.0255  0.0278  0.0305  0.0290  0.0263  0.0272  0.0259  0.0284  0.0257  0.0259
  0.0264  0.0265  0.0253  0.0258  0.0277  0.0267  0.0253  0.0256  0.0252  0.0261  0.0251  0.0251
  0.0261  0.0261  0.0261  0.0252  0.0253  0.0250  0.0250  0.0250  0.0250  0.0250  0.0248  0.0248
  0.0266  0.0264  0.0279  0.0261  0.0245  0.0243  0.0254  0.0256  0.0251  0.0249  0.0249  0.0251
  0.0280  0.0275  0.0309  0.0276  0.0284  0.0262  0.0264  0.0272  0.0256  0.0260  0.0254  0.0263
  0.0301  0.0297  0.0353  0.0299  0.0339  0.0346  0.0279  0.0295  0.0265  0.0286  0.0261  0.0281
niter,ni,del,rscale     6    3    5.0000    1.2000
parameters
    1.9119   16.5277   24.9999  -13.4089  -13.2221  -12.9479
    7.1995   -0.6672   -4.0243    7.5224    3.5188   -7.8305
eta,q 0.97513 13.79930
  0.0285  0.0289  0.0282  0.0301  0.0326  0.0315  0.0277  0.0295  0.0267  0.0308  0.0264  0.0274
  0.0265  0.0268  0.0263  0.0272  0.0296  0.0287  0.0262  0.0272  0.0257  0.0276  0.0256  0.0261
  0.0252  0.0255  0.0251  0.0253  0.0270  0.0265  0.0252  0.0255  0.0251  0.0258  0.0251  0.0252
  0.0248  0.0248  0.0248  0.0247  0.0248  0.0249  0.0250  0.0249  0.0249  0.0249  0.0249  0.0249
  0.0253  0.0249  0.0255  0.0257  0.0247  0.0242  0.0253  0.0255  0.0251  0.0250  0.0251  0.0251
  0.0266  0.0258  0.0274  0.0272  0.0292  0.0262  0.0263  0.0270  0.0256  0.0264  0.0256  0.0261
  0.0286  0.0277  0.0305  0.0296  0.0347  0.0352  0.0278  0.0293  0.0266  0.0292  0.0263  0.0279
niter,ni,del,rscale     5    3    5.0000    1.2000
parameters
    1.9351   16.7585   24.8241  -13.4145  -13.5226  -13.1182
    7.1448   -0.6038   -3.9753    8.0816    3.4921   -7.9587
eta,q 0.97500 13.77700
  0.0287  0.0287  0.0287  0.0301  0.0325  0.0316  0.0278  0.0295  0.0267  0.0303  0.0264  0.0275
  0.0266  0.0268  0.0267  0.0272  0.0296  0.0288  0.0263  0.0272  0.0258  0.0275  0.0257  0.0263
  0.0253  0.0255  0.0253  0.0253  0.0270  0.0266  0.0253  0.0256  0.0252  0.0259  0.0252  0.0254
  0.0249  0.0249  0.0248  0.0248  0.0248  0.0250  0.0251  0.0251  0.0251  0.0251  0.0250  0.0250
  0.0253  0.0250  0.0253  0.0258  0.0249  0.0243  0.0254  0.0256  0.0252  0.0251  0.0252  0.0252
  0.0265  0.0259  0.0270  0.0273  0.0293  0.0262  0.0264  0.0271  0.0258  0.0266  0.0257  0.0262
  0.0286  0.0278  0.0298  0.0299  0.0348  0.0350  0.0278  0.0293  0.0267  0.0294  0.0265  0.0279
niter,ni,del,rscale     4    3    5.0000    1.2000
parameters
    1.9568   16.9587   24.7033  -13.4332  -13.8245  -13.2867
    7.0977   -0.5506   -3.9652    8.5713    3.4723   -8.0328
eta,q 0.97487 13.75237
  0.0288  0.0287  0.0289  0.0302  0.0325  0.0316  0.0279  0.0296  0.0268  0.0301  0.0266  0.0277
  0.0268  0.0268  0.0269  0.0274  0.0296  0.0288  0.0264  0.0273  0.0259  0.0275  0.0258  0.0264
  0.0255  0.0256  0.0255  0.0255  0.0271  0.0266  0.0255  0.0257  0.0254  0.0260  0.0253  0.0255
  0.0250  0.0250  0.0250  0.0250  0.0250  0.0251  0.0252  0.0252  0.0252  0.0252  0.0251  0.0251
  0.0254  0.0251  0.0254  0.0259  0.0250  0.0245  0.0255  0.0257  0.0254  0.0253  0.0253  0.0253
  0.0267  0.0260  0.0270  0.0275  0.0293  0.0263  0.0265  0.0272  0.0259  0.0266  0.0258  0.0262
  0.0287  0.0279  0.0298  0.0300  0.0348  0.0349  0.0279  0.0294  0.0268  0.0295  0.0266  0.0280
niter,ni,del,rscale     3    3    5.0000    1.2000
parameters
    1.9772   17.1447   24.5922  -13.4689  -14.1199  -13.4536
    7.0606   -0.5006   -3.9958    9.0524    3.4942   -8.0858
eta,q 0.97476 13.72614
  0.0289  0.0287  0.0290  0.0303  0.0325  0.0316  0.0279  0.0296  0.0269  0.0301  0.0267  0.0278
  0.0269  0.0269  0.0270  0.0275  0.0296  0.0289  0.0265  0.0274  0.0260  0.0276  0.0260  0.0265
  0.0256  0.0257  0.0257  0.0256  0.0271  0.0267  0.0256  0.0258  0.0255  0.0261  0.0254  0.0256
  0.0251  0.0251  0.0251  0.0251  0.0251  0.0252  0.0253  0.0253  0.0253  0.0253  0.0252  0.0252
  0.0255  0.0252  0.0255  0.0261  0.0250  0.0246  0.0256  0.0258  0.0255  0.0253  0.0254  0.0254
  0.0268  0.0262  0.0271  0.0277  0.0293  0.0264  0.0266  0.0273  0.0261  0.0267  0.0259  0.0263
  0.0288  0.0280  0.0298  0.0302  0.0348  0.0348  0.0280  0.0295  0.0269  0.0295  0.0267  0.0280
niter,ni,del,rscale     2    3    5.0000    1.2000
parameters
    1.9978   17.3311   24.4755  -13.5142  -14.4228  -13.6354
    7.0228   -0.4452   -4.0647    9.5659    3.5545   -8.1232
eta,q 0.97464 13.69788
  0.0290  0.0288  0.0291  0.0304  0.0324  0.0315  0.0280  0.0297  0.0270  0.0301  0.0269  0.0279
  0.0270  0.0270  0.0271  0.0276  0.0296  0.0289  0.0266  0.0275  0.0261  0.0278  0.0261  0.0266
  0.0257  0.0258  0.0258  0.0257  0.0272  0.0268  0.0257  0.0260  0.0256  0.0263  0.0255  0.0258
  0.0252  0.0252  0.0252  0.0252  0.0252  0.0254  0.0254  0.0254  0.0254  0.0254  0.0254  0.0254
  0.0256  0.0254  0.0256  0.0262  0.0251  0.0248  0.0258  0.0260  0.0257  0.0254  0.0255  0.0255
  0.0269  0.0263  0.0272  0.0278  0.0293  0.0265  0.0267  0.0274  0.0262  0.0267  0.0260  0.0264
  0.0288  0.0281  0.0299  0.0303  0.0348  0.0347  0.0280  0.0295  0.0270  0.0296  0.0268  0.0281
niter,ni,del,rscale     1    3    5.0000    1.2000
parameters
    2.0210   17.5292   24.3467  -13.5693  -14.7543  -13.8412
    6.9825   -0.3792   -4.1791   10.1451    3.6382   -8.1715
eta,q 0.97454 13.66619
  0.0290  0.0289  0.0292  0.0306  0.0324  0.0315  0.0281  0.0298  0.0271  0.0301  0.0270  0.0279
  0.0271  0.0271  0.0272  0.0277  0.0296  0.0289  0.0267  0.0276  0.0262  0.0280  0.0262  0.0267
  0.0258  0.0259  0.0259  0.0259  0.0272  0.0268  0.0258  0.0261  0.0257  0.0265  0.0256  0.0259
  0.0254  0.0254  0.0253  0.0253  0.0253  0.0255  0.0256  0.0256  0.0256  0.0255  0.0255  0.0255
  0.0257  0.0255  0.0257  0.0263  0.0252  0.0249  0.0259  0.0261  0.0258  0.0255  0.0256  0.0256
  0.0270  0.0263  0.0273  0.0279  0.0293  0.0267  0.0268  0.0275  0.0263  0.0268  0.0262  0.0265
  0.0289  0.0281  0.0301  0.0304  0.0348  0.0347  0.0281  0.0296  0.0272  0.0296  0.0269  0.0283
registration optimization eta report
parameter search radius
    2.4000    2.7600    3.6501   10.9503   10.9503    9.5220
    7.2000    7.2000    7.2000    9.5220    8.2800    9.5220
100000*second partial in parameter space
       63.       41.       32.        4.        7.        9.
        5.        8.        3.        5.        2.        3.
  0.0290  0.0289  0.0292  0.0306  0.0324  0.0315  0.0281  0.0298  0.0271  0.0301  0.0270  0.0279
  0.0271  0.0271  0.0272  0.0277  0.0296  0.0289  0.0267  0.0276  0.0262  0.0280  0.0262  0.0267
  0.0258  0.0259  0.0259  0.0259  0.0272  0.0268  0.0258  0.0261  0.0257  0.0265  0.0256  0.0259
  0.0254  0.0254  0.0253  0.0253  0.0253  0.0255  0.0256  0.0256  0.0256  0.0255  0.0255  0.0255
  0.0257  0.0255  0.0257  0.0263  0.0252  0.0249  0.0259  0.0261  0.0258  0.0255  0.0256  0.0256
  0.0270  0.0263  0.0273  0.0279  0.0293  0.0267  0.0268  0.0275  0.0263  0.0268  0.0262  0.0265
  0.0289  0.0281  0.0301  0.0304  0.0348  0.0347  0.0281  0.0296  0.0272  0.0296  0.0269  0.0283
    2.0210   17.5292   24.3467  -13.5693  -14.7543  -13.8412
    6.9825   -0.3792   -4.1791   10.1451    3.6382   -8.1715
eta,q 0.97454 13.66619

---------------------------------------------------------------------
imgreg_4dfp /opt/freesurfer/average/711-2C_as_mni_average_305 /opt/freesurfer/average/711-2B_as_mni_average_305_mask talsrcimg_g11 none talsrcimg_to_711-2C_as_mni_average_305_t4 2311
---------------------------------------------------------------------

freesurfer imgreg_4dfp.c
/opt/freesurfer/average/711-2C_as_mni_average_305.4dfp.img
       256       256       256         1
  1.000000  1.000000  1.000000
orientation T byte_order littleendian
Reading image: /opt/freesurfer/average/711-2C_as_mni_average_305.4dfp.img
dimensions:      256       256       256
mmppix:       1.0000   -1.0000   -1.0000
center:     128.0000 -129.0000 -129.0000
/opt/freesurfer/average/711-2B_as_mni_average_305_mask.4dfp.img
       256       256       256         1
  1.000000  1.000000  1.000000
orientation T byte_order littleendian
Reading mask: /opt/freesurfer/average/711-2B_as_mni_average_305_mask.4dfp.img (2306576 pixels)
talsrcimg_g11.4dfp.img
       256       256       256         1
  1.000000  1.000000  1.000000
orientation T byte_order littleendian
Reading image: talsrcimg_g11.4dfp.img
dimensions:      256       256       256
mmppix:       1.0000   -1.0000   -1.0000
center:     128.0000 -129.0000 -129.0000
fimgreg.f
image alignment mode   2311 decimal      907 hex
parameters
    2.0210   17.5292   24.3467  -13.5693  -14.7543  -13.8412
    6.9825   -0.3792   -4.1791   10.1451    3.6382   -8.1715
eta,q 0.97454 13.66620
niter,ni,del,rscale     5    3    5.0000    0.8000
parameters
    2.0514   17.8430   24.3854  -14.1237  -13.3793  -11.9030
    7.2052   -0.4261   -4.1563    9.8979    3.2735   -9.4779
eta,q 0.97548 13.79741
  0.0272  0.0269  0.0262  0.0264  0.0278  0.0273  0.0261  0.0266  0.0255  0.0260  0.0251  0.0250
  0.0262  0.0262  0.0258  0.0258  0.0269  0.0264  0.0253  0.0255  0.0250  0.0253  0.0248  0.0247
  0.0257  0.0257  0.0255  0.0254  0.0261  0.0256  0.0248  0.0248  0.0247  0.0248  0.0246  0.0245
  0.0255  0.0255  0.0254  0.0254  0.0254  0.0250  0.0246  0.0246  0.0246  0.0246  0.0246  0.0246
  0.0256  0.0254  0.0255  0.0257  0.0250  0.0246  0.0247  0.0248  0.0247  0.0248  0.0247  0.0249
  0.0262  0.0256  0.0257  0.0262  0.0252  0.0247  0.0251  0.0256  0.0250  0.0254  0.0249  0.0254
  0.0270  0.0261  0.0262  0.0269  0.0263  0.0253  0.0258  0.0266  0.0254  0.0265  0.0253  0.0261
niter,ni,del,rscale     4    3    5.0000    0.7000
parameters
    2.0756   17.3706   24.5830  -14.0325  -12.7910  -11.2806
    7.1977   -0.5072   -3.9577    9.1953    2.8576   -9.4648
eta,q 0.97585 13.86936
  0.0259  0.0249  0.0254  0.0254  0.0265  0.0261  0.0253  0.0257  0.0249  0.0251  0.0245  0.0249
  0.0251  0.0245  0.0249  0.0249  0.0257  0.0253  0.0246  0.0248  0.0245  0.0245  0.0243  0.0245
  0.0247  0.0244  0.0246  0.0245  0.0250  0.0247  0.0243  0.0243  0.0243  0.0242  0.0242  0.0242
  0.0245  0.0245  0.0244  0.0244  0.0244  0.0243  0.0242  0.0242  0.0242  0.0242  0.0242  0.0241
  0.0247  0.0249  0.0244  0.0245  0.0242  0.0242  0.0243  0.0244  0.0242  0.0244  0.0242  0.0242
  0.0251  0.0255  0.0246  0.0248  0.0246  0.0245  0.0247  0.0249  0.0244  0.0251  0.0244  0.0245
  0.0258  0.0263  0.0250  0.0253  0.0259  0.0254  0.0253  0.0258  0.0248  0.0260  0.0247  0.0249
niter,ni,del,rscale     3    3    5.0000    0.6000
parameters
    2.0238   17.0217   24.7094  -13.9371  -12.1710  -10.7804
    7.2799   -0.6711   -3.7319    8.3994    2.5341   -9.3425
eta,q 0.97616 13.92955
  0.0251  0.0245  0.0248  0.0248  0.0259  0.0254  0.0248  0.0250  0.0245  0.0245  0.0241  0.0245
  0.0245  0.0242  0.0245  0.0244  0.0252  0.0248  0.0243  0.0244  0.0242  0.0241  0.0240  0.0241
  0.0242  0.0241  0.0242  0.0242  0.0245  0.0243  0.0240  0.0240  0.0240  0.0239  0.0239  0.0239
  0.0241  0.0241  0.0241  0.0241  0.0241  0.0239  0.0239  0.0239  0.0239  0.0239  0.0238  0.0238
  0.0243  0.0244  0.0241  0.0242  0.0239  0.0239  0.0240  0.0241  0.0239  0.0242  0.0239  0.0239
  0.0246  0.0248  0.0243  0.0244  0.0242  0.0242  0.0242  0.0245  0.0241  0.0247  0.0240  0.0241
  0.0252  0.0255  0.0246  0.0247  0.0251  0.0249  0.0247  0.0252  0.0244  0.0255  0.0242  0.0244
niter,ni,del,rscale     2    3    5.0000    0.5000
parameters
    1.9758   16.6975   24.8161  -13.8483  -11.6362  -10.3190
    7.3281   -0.8295   -3.6057    7.7405    2.3769   -9.1766
eta,q 0.97640 13.98061
  0.0245  0.0241  0.0243  0.0243  0.0252  0.0248  0.0243  0.0244  0.0241  0.0241  0.0238  0.0241
  0.0241  0.0239  0.0241  0.0240  0.0246  0.0243  0.0239  0.0240  0.0238  0.0238  0.0237  0.0238
  0.0239  0.0238  0.0239  0.0238  0.0241  0.0239  0.0237  0.0237  0.0237  0.0236  0.0236  0.0237
  0.0238  0.0238  0.0238  0.0238  0.0238  0.0237  0.0236  0.0236  0.0236  0.0236  0.0236  0.0236
  0.0239  0.0240  0.0238  0.0238  0.0237  0.0236  0.0237  0.0238  0.0237  0.0238  0.0236  0.0236
  0.0242  0.0244  0.0239  0.0240  0.0239  0.0238  0.0239  0.0241  0.0238  0.0242  0.0237  0.0238
  0.0246  0.0249  0.0241  0.0242  0.0246  0.0243  0.0242  0.0246  0.0240  0.0248  0.0239  0.0240
niter,ni,del,rscale     1    3    5.0000    0.4000
parameters
    1.9343   16.4208   24.8630  -13.7895  -11.2389   -9.9651
    7.3537   -0.9344   -3.5629    7.3095    2.3634   -9.0183
eta,q 0.97655 14.01871
  0.0240  0.0237  0.0239  0.0239  0.0246  0.0242  0.0239  0.0240  0.0238  0.0238  0.0236  0.0238
  0.0238  0.0236  0.0237  0.0237  0.0241  0.0239  0.0237  0.0237  0.0236  0.0236  0.0235  0.0236
  0.0236  0.0236  0.0236  0.0236  0.0238  0.0236  0.0235  0.0235  0.0235  0.0235  0.0235  0.0235
  0.0236  0.0236  0.0236  0.0235  0.0236  0.0235  0.0235  0.0235  0.0235  0.0235  0.0235  0.0235
  0.0237  0.0237  0.0236  0.0236  0.0235  0.0235  0.0235  0.0236  0.0235  0.0236  0.0235  0.0235
  0.0238  0.0240  0.0237  0.0237  0.0237  0.0236  0.0236  0.0238  0.0236  0.0239  0.0235  0.0236
  0.0241  0.0243  0.0238  0.0238  0.0241  0.0240  0.0239  0.0241  0.0237  0.0242  0.0236  0.0237
registration optimization eta report
parameter search radius
    0.8000    0.8000    0.8000    2.4000    2.4000    2.4000
    2.4000    2.4000    2.4000    2.4000    2.4000    2.4000
100000*second partial in parameter space
       71.       66.       47.        5.       14.       10.
        7.       10.        5.       10.        3.        5.
  0.0240  0.0237  0.0239  0.0239  0.0246  0.0242  0.0239  0.0240  0.0238  0.0238  0.0236  0.0238
  0.0238  0.0236  0.0237  0.0237  0.0241  0.0239  0.0237  0.0237  0.0236  0.0236  0.0235  0.0236
  0.0236  0.0236  0.0236  0.0236  0.0238  0.0236  0.0235  0.0235  0.0235  0.0235  0.0235  0.0235
  0.0236  0.0236  0.0236  0.0235  0.0236  0.0235  0.0235  0.0235  0.0235  0.0235  0.0235  0.0235
  0.0237  0.0237  0.0236  0.0236  0.0235  0.0235  0.0235  0.0236  0.0235  0.0236  0.0235  0.0235
  0.0238  0.0240  0.0237  0.0237  0.0237  0.0236  0.0236  0.0238  0.0236  0.0239  0.0235  0.0236
  0.0241  0.0243  0.0238  0.0238  0.0241  0.0240  0.0239  0.0241  0.0237  0.0242  0.0236  0.0237
    1.9343   16.4208   24.8630  -13.7895  -11.2389   -9.9651
    7.3537   -0.9344   -3.5629    7.3095    2.3634   -9.0183
eta,q 0.97655 14.01871

---------------------------------------------------------------------
imgreg_4dfp /opt/freesurfer/average/711-2C_as_mni_average_305 /opt/freesurfer/average/711-2B_as_mni_average_305_mask talsrcimg_g11 none talsrcimg_to_711-2C_as_mni_average_305_t4 2311
---------------------------------------------------------------------

freesurfer imgreg_4dfp.c
/opt/freesurfer/average/711-2C_as_mni_average_305.4dfp.img
       256       256       256         1
  1.000000  1.000000  1.000000
orientation T byte_order littleendian
Reading image: /opt/freesurfer/average/711-2C_as_mni_average_305.4dfp.img
dimensions:      256       256       256
mmppix:       1.0000   -1.0000   -1.0000
center:     128.0000 -129.0000 -129.0000
/opt/freesurfer/average/711-2B_as_mni_average_305_mask.4dfp.img
       256       256       256         1
  1.000000  1.000000  1.000000
orientation T byte_order littleendian
Reading mask: /opt/freesurfer/average/711-2B_as_mni_average_305_mask.4dfp.img (2306576 pixels)
talsrcimg_g11.4dfp.img
       256       256       256         1
  1.000000  1.000000  1.000000
orientation T byte_order littleendian
Reading image: talsrcimg_g11.4dfp.img
dimensions:      256       256       256
mmppix:       1.0000   -1.0000   -1.0000
center:     128.0000 -129.0000 -129.0000
fimgreg.f
image alignment mode   2311 decimal      907 hex
parameters
    1.9343   16.4208   24.8630  -13.7895  -11.2389   -9.9651
    7.3537   -0.9344   -3.5629    7.3095    2.3634   -9.0183
eta,q 0.97655 14.01870
niter,ni,del,rscale     5    3    5.0000    0.8000
parameters
    1.9096   16.1887   24.8638  -13.4874  -11.5681  -10.6572
    7.2747   -0.8744   -3.6415    7.2184    2.6214   -8.4319
eta,q 0.97640 13.99590
  0.0252  0.0247  0.0246  0.0247  0.0259  0.0254  0.0250  0.0258  0.0245  0.0254  0.0242  0.0248
  0.0242  0.0239  0.0240  0.0240  0.0249  0.0246  0.0242  0.0246  0.0240  0.0244  0.0239  0.0242
  0.0236  0.0235  0.0236  0.0236  0.0240  0.0239  0.0238  0.0239  0.0237  0.0238  0.0237  0.0238
  0.0235  0.0235  0.0234  0.0234  0.0234  0.0235  0.0236  0.0236  0.0236  0.0236  0.0236  0.0236
  0.0237  0.0238  0.0236  0.0236  0.0237  0.0236  0.0238  0.0239  0.0237  0.0238  0.0237  0.0236
  0.0243  0.0246  0.0240  0.0239  0.0250  0.0249  0.0243  0.0246  0.0241  0.0245  0.0238  0.0239
  0.0253  0.0257  0.0247  0.0243  0.0273  0.0285  0.0251  0.0257  0.0246  0.0255  0.0241  0.0243
niter,ni,del,rscale     4    3    5.0000    0.7000
parameters
    1.8945   16.2878   24.9682  -13.7052  -11.4973  -10.5192
    7.3244   -0.8873   -3.7286    7.0370    2.6134   -8.5182
eta,q 0.97647 13.98403
  0.0249  0.0250  0.0246  0.0244  0.0258  0.0254  0.0247  0.0252  0.0243  0.0249  0.0240  0.0243
  0.0242  0.0243  0.0241  0.0239  0.0249  0.0246  0.0241  0.0243  0.0239  0.0241  0.0237  0.0239
  0.0237  0.0238  0.0237  0.0236  0.0241  0.0240  0.0237  0.0237  0.0236  0.0237  0.0236  0.0236
  0.0236  0.0236  0.0236  0.0236  0.0236  0.0236  0.0235  0.0235  0.0235  0.0235  0.0235  0.0235
  0.0238  0.0237  0.0236  0.0238  0.0236  0.0235  0.0236  0.0237  0.0236  0.0237  0.0236  0.0236
  0.0242  0.0240  0.0239  0.0241  0.0244  0.0239  0.0240  0.0243  0.0239  0.0243  0.0237  0.0239
  0.0250  0.0247  0.0243  0.0245  0.0260  0.0256  0.0247  0.0252  0.0243  0.0252  0.0240  0.0244
niter,ni,del,rscale     3    3    5.0000    0.6000
parameters
    1.9030   16.2482   24.9943  -13.7774  -11.3115  -10.2394
    7.3553   -0.9239   -3.7447    6.9421    2.5530   -8.6105
eta,q 0.97654 14.00006
  0.0246  0.0244  0.0242  0.0242  0.0254  0.0249  0.0243  0.0247  0.0240  0.0246  0.0238  0.0240
  0.0240  0.0239  0.0238  0.0238  0.0246  0.0243  0.0239  0.0240  0.0237  0.0239  0.0236  0.0237
  0.0236  0.0236  0.0236  0.0236  0.0240  0.0238  0.0236  0.0236  0.0235  0.0236  0.0235  0.0235
  0.0235  0.0235  0.0235  0.0235  0.0235  0.0235  0.0235  0.0235  0.0235  0.0235  0.0235  0.0235
  0.0236  0.0236  0.0236  0.0236  0.0235  0.0234  0.0236  0.0236  0.0235  0.0236  0.0235  0.0235
  0.0240  0.0240  0.0238  0.0239  0.0241  0.0237  0.0238  0.0241  0.0237  0.0240  0.0236  0.0237
  0.0245  0.0245  0.0242  0.0242  0.0253  0.0248  0.0243  0.0247  0.0241  0.0247  0.0238  0.0241
niter,ni,del,rscale     2    3    5.0000    0.5000
parameters
    1.8988   16.1812   24.9761  -13.8095  -11.1289  -10.0032
    7.3702   -0.9650   -3.7322    6.8718    2.5212   -8.6385
eta,q 0.97659 14.01736
  0.0242  0.0240  0.0239  0.0239  0.0248  0.0245  0.0240  0.0243  0.0238  0.0242  0.0236  0.0238
  0.0238  0.0237  0.0237  0.0237  0.0243  0.0240  0.0237  0.0238  0.0236  0.0238  0.0235  0.0236
  0.0235  0.0235  0.0235  0.0235  0.0238  0.0236  0.0235  0.0235  0.0235  0.0235  0.0234  0.0235
  0.0235  0.0235  0.0235  0.0235  0.0235  0.0234  0.0234  0.0234  0.0234  0.0234  0.0234  0.0234
  0.0235  0.0236  0.0235  0.0235  0.0235  0.0234  0.0235  0.0235  0.0235  0.0235  0.0234  0.0235
  0.0238  0.0238  0.0237  0.0237  0.0239  0.0236  0.0237  0.0238  0.0236  0.0238  0.0235  0.0236
  0.0242  0.0242  0.0239  0.0239  0.0247  0.0243  0.0240  0.0243  0.0238  0.0243  0.0236  0.0239
niter,ni,del,rscale     1    3    5.0000    0.4000
parameters
    1.8939   16.1219   24.9511  -13.8258  -10.9754   -9.8155
    7.3839   -0.9998   -3.7255    6.8172    2.5149   -8.6607
eta,q 0.97662 14.03230
  0.0239  0.0238  0.0237  0.0237  0.0244  0.0241  0.0238  0.0239  0.0237  0.0239  0.0235  0.0237
  0.0236  0.0236  0.0235  0.0235  0.0239  0.0237  0.0236  0.0236  0.0235  0.0236  0.0234  0.0235
  0.0235  0.0234  0.0234  0.0234  0.0236  0.0235  0.0234  0.0234  0.0234  0.0234  0.0234  0.0234
  0.0234  0.0234  0.0234  0.0234  0.0234  0.0234  0.0234  0.0234  0.0234  0.0234  0.0234  0.0234
  0.0235  0.0235  0.0234  0.0235  0.0234  0.0234  0.0234  0.0235  0.0234  0.0235  0.0234  0.0234
  0.0236  0.0237  0.0236  0.0236  0.0237  0.0235  0.0236  0.0236  0.0235  0.0236  0.0235  0.0235
  0.0239  0.0239  0.0237  0.0237  0.0242  0.0239  0.0238  0.0240  0.0237  0.0240  0.0235  0.0237
registration optimization eta report
parameter search radius
    0.8000    0.8000    0.8000    2.4000    2.4000    2.4000
    2.4000    2.4000    2.4000    2.4000    2.4000    2.4000
100000*second partial in parameter space
       72.       69.       47.        5.       16.       11.
        7.       10.        5.       10.        3.        5.
  0.0239  0.0238  0.0237  0.0237  0.0244  0.0241  0.0238  0.0239  0.0237  0.0239  0.0235  0.0237
  0.0236  0.0236  0.0235  0.0235  0.0239  0.0237  0.0236  0.0236  0.0235  0.0236  0.0234  0.0235
  0.0235  0.0234  0.0234  0.0234  0.0236  0.0235  0.0234  0.0234  0.0234  0.0234  0.0234  0.0234
  0.0234  0.0234  0.0234  0.0234  0.0234  0.0234  0.0234  0.0234  0.0234  0.0234  0.0234  0.0234
  0.0235  0.0235  0.0234  0.0235  0.0234  0.0234  0.0234  0.0235  0.0234  0.0235  0.0234  0.0234
  0.0236  0.0237  0.0236  0.0236  0.0237  0.0235  0.0236  0.0236  0.0235  0.0236  0.0235  0.0235
  0.0239  0.0239  0.0237  0.0237  0.0242  0.0239  0.0238  0.0240  0.0237  0.0240  0.0235  0.0237
    1.8939   16.1219   24.9511  -13.8258  -10.9754   -9.8155
    7.3839   -0.9998   -3.7255    6.8172    2.5149   -8.6607
eta,q 0.97662 14.03230

---------------------------------------------------------------------
compute_vox2vox talsrcimg talsrcimg_to_711-2C_as_mni_average_305_t4 /opt/freesurfer/average/711-2C_as_mni_average_305
---------------------------------------------------------------------

freesurfer compute_vox2vox.c
Reading: talsrcimg.4dfp.ifh
Reading: talsrcimg_to_711-2C_as_mni_average_305_t4
Reading: /opt/freesurfer/average/711-2C_as_mni_average_305.4dfp.ifh
Writing: talsrcimg_to_711-2C_as_mni_average_305_t4_vox2vox.txt

start time Mon Mar 9 21:04:47 CET 2026
end		time Mon Mar 9 21:06:18 CET 2026

mpr2mni305 success

avi2talxfm orig_nu.mgz /opt/freesurfer/average/mni305.cor.mgz talsrcimg_to_711-2C_as_mni_average_305_t4_vox2vox.txt transforms/talairach.auto.xfm
avi2talxfm done
mv -f /out/sourcedata/freesurfer/sub-v1s23x0050622_ses-1/mri/talsrcimg_to_711-2C_as_mni_average_305_t4_vox2vox.txt /out/sourcedata/freesurfer/sub-v1s23x0050622_ses-1/mri/transforms/talsrcimg_to_711-2C_as_mni_average_305_t4_vox2vox.txt
lta_convert --src orig_nu.mgz --trg /opt/freesurfer/average/mni305.cor.mgz --inxfm transforms/talairach.auto.xfm --outlta transforms/talairach.auto.xfm.lta --subject fsaverage
7.3.2

--src: orig_nu.mgz src image (geometry).
--trg: /opt/freesurfer/average/mni305.cor.mgz trg image (geometry).
--inmni: transforms/talairach.auto.xfm input MNI/XFM transform.
--outlta: transforms/talairach.auto.xfm.lta output LTA.
--s: fsaverage subject name
 LTA read, type : 1
 1.15580   0.01991  -0.09393  -57.14511;
-0.02738   1.10027   0.10931   21.98984;
 0.05046  -0.08342   1.11098  -48.04242;
 0.00000   0.00000   0.00000   1.00000;
setting subject to fsaverage
Writing  LTA to file transforms/talairach.auto.xfm.lta...
lta_convert successful.
 
 
Started at Mon Mar 9 21:04:47 CET 2026
Ended   at Mon Mar  9 21:06:18 CET 2026
talairach_avi done
