/out/sourcedata/freesurfer/sub-v1s23x0050574_ses-1/mri
/opt/freesurfer/bin/talairach_avi
--i orig_nu.mgz --xfm transforms/talairach.auto.xfm
talairach_avi 7.3.2
Linux dna038 5.14.0-427.37.1.el9_4.x86_64 #1 SMP PREEMPT_DYNAMIC Fri Sep 13 12:41:50 EDT 2024 x86_64 x86_64 x86_64 GNU/Linux
Mon Mar  9 19:17:14 CET 2026
mri_convert orig_nu.mgz talsrcimg.img 
reading from orig_nu.mgz...
TR=0.00, TE=0.00, TI=0.00, flip angle=0.00
i_ras = (-1, 0, 0)
j_ras = (0, 0, -1)
k_ras = (0, 1, 0)
writing to talsrcimg.img...
Analyze Output Matrix
-1.00000   0.00000   0.00000   193.25270;
 0.00000   0.00000   1.00000  -179.14244;
 0.00000  -1.00000   0.00000   151.40459;
 0.00000   0.00000   0.00000   1.00000;
--------------------
INFO: set hdr.hist.orient to -1
mpr2mni305 talsrcimg
Mon Mar  9 19:17:14 CET 2026
/opt/freesurfer/bin/mpr2mni305 talsrcimg
mpr2mni305 7.3.2
target=711-2C_as_mni_average_305

---------------------------------------------------------------------
analyzeto4dfp talsrcimg -O0 -y
---------------------------------------------------------------------

freesurfer ifh2hdr.c
Mon Mar  9 19:17:15 2026
Writing: talsrcimg.4dfp.hdr
freesurfer analyzeto4dfp.c
Reading: talsrcimg.hdr
header size 348 bytes
hdr.dime.datatype	offset=70	value=2
hdr.dime.bitpix		offset=72	value=8
hdr.hist.orient		offset=252	value=-1
dimensionality     4
dimensions       256       256       256         1
Reading: talsrcimg.img
Writing: talsrcimg.4dfp.img
Writing: talsrcimg.4dfp.ifh
ifh2hdr talsrcimg -r0to231
ori=2

---------------------------------------------------------------------
gauss_4dfp talsrcimg 1.1
---------------------------------------------------------------------

freesurfer gauss_4dfp.c
Reading: talsrcimg.4dfp.img
Writing: talsrcimg_g11.4dfp.img
image dimensions 256 256 256 padded to 288 288 288
processing volume 1freesurfer ifh2hdr.c
Mon Mar  9 19:17:16 2026
Writing: talsrcimg_g11.4dfp.hdr

Writing: talsrcimg_g11.4dfp.ifh
including: talsrcimg.4dfp.img.rec in talsrcimg_g11.4dfp.img.rec

---------------------------------------------------------------------
imgreg_4dfp /opt/freesurfer/average/711-2C_as_mni_average_305 none talsrcimg_g11 none talsrcimg_to_711-2C_as_mni_average_305_t4 4355
---------------------------------------------------------------------

freesurfer imgreg_4dfp.c
/opt/freesurfer/average/711-2C_as_mni_average_305.4dfp.img
       256       256       256         1
  1.000000  1.000000  1.000000
orientation T byte_order littleendian
Reading image: /opt/freesurfer/average/711-2C_as_mni_average_305.4dfp.img
dimensions:      256       256       256
mmppix:       1.0000   -1.0000   -1.0000
center:     128.0000 -129.0000 -129.0000
talsrcimg_g11.4dfp.img
       256       256       256         1
  1.000000  1.000000  1.000000
orientation T byte_order littleendian
Reading image: talsrcimg_g11.4dfp.img
dimensions:      256       256       256
mmppix:       1.0000   -1.0000   -1.0000
center:     128.0000 -129.0000 -129.0000
t4_read: open error in t4_sub.f l:  41 t4_file(1:l)talsrcimg_to_711-2C_as_mni_average_305_t4 
t4_read: transform initialized to I4
rotation matrix determinant  1.000000
image alignment mode   4355 decimal     1103 hex
   -7.5000  -45.0000  -45.0000 6510.5474   22.1182
    0.0000  -45.0000  -45.0000 6745.2441   22.1295
    7.5000  -45.0000  -45.0000 6473.7876   22.1372
   -7.5000  -37.5000  -45.0000 6966.0015   22.1439
    0.0000  -37.5000  -45.0000 7202.1758   22.1486
    7.5000  -37.5000  -45.0000 6908.0464   22.1571
   -7.5000  -30.0000  -45.0000 7680.0249   22.1691
    0.0000  -30.0000  -45.0000 7951.4604   22.1649
    7.5000  -30.0000  -45.0000 7623.3560   22.1673
   -7.5000  -22.5000  -45.0000 8358.8477   22.1551
    0.0000  -22.5000  -45.0000 8647.1895   22.1498
    7.5000  -22.5000  -45.0000 8288.8789   22.1451
   -7.5000  -15.0000  -45.0000 9014.3145   22.1290
    0.0000  -15.0000  -45.0000 9332.8877   22.1299
    7.5000  -15.0000  -45.0000 8948.7744   22.1219
   -7.5000   -7.5000  -45.0000 9634.6396   22.1084
    0.0000   -7.5000  -45.000010018.9980   22.1172
    7.5000   -7.5000  -45.0000 9591.3643   22.1157
   -7.5000    0.0000  -45.000010177.0449   22.1082
    0.0000    0.0000  -45.000010562.0762   22.1195
    7.5000    0.0000  -45.000010123.5127   22.1272
   -7.5000    7.5000  -45.0000 9935.9561   22.1426
    0.0000    7.5000  -45.000010285.6855   22.1472
    7.5000    7.5000  -45.0000 9874.5781   22.1558
   -7.5000   15.0000  -45.0000 9639.7236   22.1691
    0.0000   15.0000  -45.0000 9977.9102   22.1649
    7.5000   15.0000  -45.0000 9551.6475   22.1673
   -7.5000   22.5000  -45.0000 9289.3652   22.1521
    0.0000   22.5000  -45.0000 9612.5361   22.1468
    7.5000   22.5000  -45.0000 9178.5234   22.1420
   -7.5000   30.0000  -45.0000 8648.5156   21.8341
    0.0000   30.0000  -45.0000 8937.5322   21.8349
    7.5000   30.0000  -45.0000 8523.6104   21.8271
   -7.5000   37.5000  -45.0000 8263.3066   21.8138
    0.0000   37.5000  -45.0000 8530.8438   21.8225
    7.5000   37.5000  -45.0000 8155.2119   21.8210
   -7.5000   45.0000  -45.0000 7612.6836   21.2597
    0.0000   45.0000  -45.0000 7845.4990   21.2706
    7.5000   45.0000  -45.0000 7481.2676   21.2780
   -7.5000  -45.0000  -37.5000 6961.2334   21.7174
    0.0000  -45.0000  -37.5000 7207.0483   21.7256
    7.5000  -45.0000  -37.5000 6903.6382   21.7286
   -7.5000  -37.5000  -37.5000 7432.2373   21.7474
    0.0000  -37.5000  -37.5000 7705.7002   21.7488
    7.5000  -37.5000  -37.5000 7374.8540   21.7520
   -7.5000  -30.0000  -37.5000 8240.9199   21.7668
    0.0000  -30.0000  -37.5000 8529.7686   21.7606
    7.5000  -30.0000  -37.5000 8166.8066   21.7612
   -7.5000  -22.5000  -37.5000 9030.1572   21.7439
    0.0000  -22.5000  -37.5000 9357.9062   21.7389
    7.5000  -22.5000  -37.5000 8952.1328   21.7371
   -7.5000  -15.0000  -37.5000 9678.8350   21.7127
    0.0000  -15.0000  -37.500010034.1846   21.7147
    7.5000  -15.0000  -37.5000 9613.5684   21.7110
   -7.5000   -7.5000  -37.500010282.2480   21.6971
    0.0000   -7.5000  -37.500010671.2383   21.7049
    7.5000   -7.5000  -37.500010220.5869   21.7034
   -7.5000    0.0000  -37.500010858.4912   21.7078
    0.0000    0.0000  -37.500011280.8516   21.7161
    7.5000    0.0000  -37.500010797.2861   21.7190
   -7.5000    7.5000  -37.500010611.3418   21.7461
    0.0000    7.5000  -37.500011012.8496   21.7475
    7.5000    7.5000  -37.500010529.9336   21.7507
   -7.5000   15.0000  -37.500010287.0293   21.7668
    0.0000   15.0000  -37.500010674.3291   21.7606
    7.5000   15.0000  -37.500010195.0293   21.7612
   -7.5000   22.5000  -37.5000 9876.4893   21.7410
    0.0000   22.5000  -37.500010229.4023   21.7359
    7.5000   22.5000  -37.5000 9771.1826   21.7341
   -7.5000   30.0000  -37.5000 9184.3369   21.4234
    0.0000   30.0000  -37.5000 9504.4355   21.4253
    7.5000   30.0000  -37.5000 9085.5049   21.4216
   -7.5000   37.5000  -37.5000 8789.1201   21.4080
    0.0000   37.5000  -37.5000 9111.1455   21.4157
    7.5000   37.5000  -37.5000 8691.7344   21.4142
   -7.5000   45.0000  -37.5000 8060.5005   20.8746
    0.0000   45.0000  -37.5000 8356.4561   20.8826
    7.5000   45.0000  -37.5000 7927.1553   20.8854
   -7.5000  -45.0000  -30.0000 7540.9814   22.3313
    0.0000  -45.0000  -30.0000 7827.7310   22.3425
    7.5000  -45.0000  -30.0000 7487.1519   22.3474
   -7.5000  -37.5000  -30.0000 8088.4429   22.3693
    0.0000  -37.5000  -30.0000 8412.6016   22.3737
    7.5000  -37.5000  -30.0000 8032.5674   22.3795
   -7.5000  -30.0000  -30.0000 8977.5254   22.3814
    0.0000  -30.0000  -30.0000 9324.2979   22.3784
    7.5000  -30.0000  -30.0000 8897.9590   22.3885
   -7.5000  -22.5000  -30.0000 9825.0039   22.3425
    0.0000  -22.5000  -30.000010232.3203   22.3409
    7.5000  -22.5000  -30.0000 9753.9209   22.3547
   -7.5000  -15.0000  -30.000010533.6484   22.3016
    0.0000  -15.0000  -30.000010980.1953   22.3066
    7.5000  -15.0000  -30.000010473.7793   22.3182
   -7.5000   -7.5000  -30.000011157.8008   22.2939
    0.0000   -7.5000  -30.000011634.7275   22.3045
    7.5000   -7.5000  -30.000011084.4521   22.3114
   -7.5000    0.0000  -30.000011761.2324   22.3215
    0.0000    0.0000  -30.000012247.8037   22.3328
    7.5000    0.0000  -30.000011669.2188   22.3377
   -7.5000    7.5000  -30.000011470.1074   22.3680
    0.0000    7.5000  -30.000011943.9814   22.3724
    7.5000    7.5000  -30.000011389.5117   22.3782
   -7.5000   15.0000  -30.000011139.7441   22.3814
    0.0000   15.0000  -30.000011574.9023   22.3784
    7.5000   15.0000  -30.000011057.0977   22.3885
   -7.5000   22.5000  -30.000010696.7754   22.3371
    0.0000   22.5000  -30.000011094.5869   22.3355
    7.5000   22.5000  -30.000010587.9863   22.3493
   -7.5000   30.0000  -30.0000 9935.4023   22.0065
    0.0000   30.0000  -30.000010302.1572   22.0114
    7.5000   30.0000  -30.0000 9830.4385   22.0229
   -7.5000   37.5000  -30.0000 9472.3770   21.9990
    0.0000   37.5000  -30.0000 9827.1084   22.0094
    7.5000   37.5000  -30.0000 9370.3838   22.0162
   -7.5000   45.0000  -30.0000 8648.7959   21.4806
    0.0000   45.0000  -30.0000 8980.0361   21.4914
    7.5000   45.0000  -30.0000 8538.0625   21.4961
   -7.5000  -45.0000  -22.5000 8182.3789   22.8945
    0.0000  -45.0000  -22.5000 8519.3232   22.9100
    7.5000  -45.0000  -22.5000 8124.0835   22.9168
   -7.5000  -37.5000  -22.5000 8821.8887   22.9402
    0.0000  -37.5000  -22.5000 9180.6016   22.9513
    7.5000  -37.5000  -22.5000 8746.7510   22.9587
   -7.5000  -30.0000  -22.5000 9774.8779   22.9554
    0.0000  -30.0000  -22.500010172.4150   22.9600
    7.5000  -30.0000  -22.5000 9701.0176   22.9745
   -7.5000  -22.5000  -22.500010665.4941   22.9099
    0.0000  -22.5000  -22.500011120.1055   22.9131
    7.5000  -22.5000  -22.500010591.4326   22.9338
   -7.5000  -15.0000  -22.500011388.2432   22.8606
    0.0000  -15.0000  -22.500011892.7275   22.8670
    7.5000  -15.0000  -22.500011306.2773   22.8854
   -7.5000   -7.5000  -22.500012080.3281   22.8517
    0.0000   -7.5000  -22.500012622.4980   22.8639
    7.5000   -7.5000  -22.500011978.9639   22.8755
   -7.5000    0.0000  -22.500012719.5928   22.8846
    0.0000    0.0000  -22.500013293.5967   22.9001
    7.5000    0.0000  -22.500012617.6787   22.9069
   -7.5000    7.5000  -22.500012393.2031   22.9388
    0.0000    7.5000  -22.500012943.2754   22.9500
    7.5000    7.5000  -22.500012306.5654   22.9574
   -7.5000   15.0000  -22.500011997.7393   22.9553
    0.0000   15.0000  -22.500012512.1582   22.9600
    7.5000   15.0000  -22.500011906.4551   22.9745
   -7.5000   22.5000  -22.500011518.5273   22.9028
    0.0000   22.5000  -22.500011979.6230   22.9061
    7.5000   22.5000  -22.500011385.3555   22.9267
   -7.5000   30.0000  -22.500010699.6445   22.5615
    0.0000   30.0000  -22.500011131.4268   22.5679
    7.5000   30.0000  -22.500010564.8350   22.5861
   -7.5000   37.5000  -22.500010159.5859   22.5528
    0.0000   37.5000  -22.500010552.4785   22.5648
    7.5000   37.5000  -22.500010016.8418   22.5763
   -7.5000   45.0000  -22.5000 9238.4277   22.0390
    0.0000   45.0000  -22.5000 9595.6455   22.0539
    7.5000   45.0000  -22.5000 9114.0186   22.0605
   -7.5000  -45.0000  -15.0000 8912.7461   23.4611
    0.0000  -45.0000  -15.0000 9264.5098   23.4767
    7.5000  -45.0000  -15.0000 8839.4336   23.4825
   -7.5000  -37.5000  -15.0000 9604.2070   23.5063
    0.0000  -37.5000  -15.0000 9999.8584   23.5182
    7.5000  -37.5000  -15.0000 9515.5947   23.5238
   -7.5000  -30.0000  -15.000010654.2354   23.5306
    0.0000  -30.0000  -15.000011091.3789   23.5357
    7.5000  -30.0000  -15.000010556.3154   23.5446
   -7.5000  -22.5000  -15.000011615.9941   23.4930
    0.0000  -22.5000  -15.000012103.2002   23.4952
    7.5000  -22.5000  -15.000011495.2930   23.5066
   -7.5000  -15.0000  -15.000012370.7314   23.4449
    0.0000  -15.0000  -15.000012909.6484   23.4493
    7.5000  -15.0000  -15.000012230.2451   23.4584
   -7.5000   -7.5000  -15.000013140.2471   23.4284
    0.0000   -7.5000  -15.000013726.4795   23.4394
    7.5000   -7.5000  -15.000012993.1992   23.4463
   -7.5000    0.0000  -15.000013821.0547   23.4509
    0.0000    0.0000  -15.000014462.6514   23.4665
    7.5000    0.0000  -15.000013674.4072   23.4723
   -7.5000    7.5000  -15.000013448.9941   23.5049
    0.0000    7.5000  -15.000014062.4766   23.5168
    7.5000    7.5000  -15.000013314.5703   23.5225
   -7.5000   15.0000  -15.000012952.9014   23.5306
    0.0000   15.0000  -15.000013503.2646   23.5357
    7.5000   15.0000  -15.000012813.9541   23.5446
   -7.5000   22.5000  -15.000012386.9824   23.4847
    0.0000   22.5000  -15.000012900.2861   23.4869
    7.5000   22.5000  -15.000012205.1055   23.4983
   -7.5000   30.0000  -15.000011521.7627   23.1415
    0.0000   30.0000  -15.000012002.6357   23.1458
    7.5000   30.0000  -15.000011327.2559   23.1548
   -7.5000   37.5000  -15.000010933.8076   23.1252
    0.0000   37.5000  -15.000011379.0332   23.1361
    7.5000   37.5000  -15.000010747.0742   23.1429
   -7.5000   45.0000  -15.0000 9923.5596   22.5980
    0.0000   45.0000  -15.000010313.0977   22.6131
    7.5000   45.0000  -15.0000 9769.6816   22.6187
   -7.5000  -45.0000   -7.5000 9702.7803   23.7811
    0.0000  -45.0000   -7.500010116.7080   23.7919
    7.5000  -45.0000   -7.5000 9643.9287   23.7942
   -7.5000  -37.5000   -7.500010462.9678   23.8158
    0.0000  -37.5000   -7.500010919.2002   23.8219
    7.5000  -37.5000   -7.500010385.0205   23.8247
   -7.5000  -30.0000   -7.500011561.1104   23.8462
    0.0000  -30.0000   -7.500012051.7998   23.8453
    7.5000  -30.0000   -7.500011456.1855   23.8452
   -7.5000  -22.5000   -7.500012574.3066   23.8262
    0.0000  -22.5000   -7.500013130.2402   23.8229
    7.5000  -22.5000   -7.500012468.6523   23.8183
   -7.5000  -15.0000   -7.500013419.2793   23.7906
    0.0000  -15.0000   -7.500014016.9717   23.7908
    7.5000  -15.0000   -7.500013296.4824   23.7829
   -7.5000   -7.5000   -7.500014278.8301   23.7669
    0.0000   -7.5000   -7.500014927.7070   23.7741
    7.5000   -7.5000   -7.500014135.1836   23.7703
   -7.5000    0.0000   -7.500015004.3037   23.7707
    0.0000    0.0000   -7.500015713.5586   23.7816
    7.5000    0.0000   -7.500014867.2373   23.7839
   -7.5000    7.5000   -7.500014584.7607   23.8144
    0.0000    7.5000   -7.500015266.5850   23.8206
    7.5000    7.5000   -7.500014437.1816   23.8234
   -7.5000   15.0000   -7.500014042.8389   23.8462
    0.0000   15.0000   -7.500014676.0557   23.8453
    7.5000   15.0000   -7.500013884.9180   23.8451
   -7.5000   22.5000   -7.500013384.6074   23.8152
    0.0000   22.5000   -7.500013965.9473   23.8119
    7.5000   22.5000   -7.500013152.8545   23.8073
   -7.5000   30.0000   -7.500012442.7939   23.4821
    0.0000   30.0000   -7.500012982.5000   23.4823
    7.5000   30.0000   -7.500012226.6172   23.4745
   -7.5000   37.5000   -7.500011791.7773   23.4586
    0.0000   37.5000   -7.500012286.0000   23.4658
    7.5000   37.5000   -7.500011595.1650   23.4620
   -7.5000   45.0000   -7.500010690.6104   22.9105
    0.0000   45.0000   -7.500011127.0967   22.9210
    7.5000   45.0000   -7.500010526.0068   22.9232
   -7.5000  -45.0000    0.000010458.1455   23.8552
    0.0000  -45.0000    0.000010935.8145   23.8616
    7.5000  -45.0000    0.000010419.6826   23.8621
   -7.5000  -37.5000    0.000011244.4424   23.8836
    0.0000  -37.5000    0.000011752.6943   23.8842
    7.5000  -37.5000    0.000011192.6182   23.8856
   -7.5000  -30.0000    0.000012411.4434   23.9127
    0.0000  -30.0000    0.000012959.3076   23.9055
    7.5000  -30.0000    0.000012336.2588   23.9006
   -7.5000  -22.5000    0.000013504.1982   23.8992
    0.0000  -22.5000    0.000014121.0527   23.8909
    7.5000  -22.5000    0.000013447.4375   23.8785
   -7.5000  -15.0000    0.000014461.1377   23.8704
    0.0000  -15.0000    0.000015098.9102   23.8677
    7.5000  -15.0000    0.000014374.2988   23.8519
   -7.5000   -7.5000    0.000015346.9551   23.8464
    0.0000   -7.5000    0.000016059.8633   23.8506
    7.5000   -7.5000    0.000015251.2295   23.8416
   -7.5000    0.0000    0.000016085.3574   23.8448
    0.0000    0.0000    0.000016866.4160   23.8513
    7.5000    0.0000    0.000015976.0068   23.8518
   -7.5000    7.5000    0.000015637.9668   23.8822
    0.0000    7.5000    0.000016413.9766   23.8828
    7.5000    7.5000    0.000015548.4561   23.8842
   -7.5000   15.0000    0.000015125.5342   23.9126
    0.0000   15.0000    0.000015854.9648   23.9055
    7.5000   15.0000    0.000014990.4668   23.9005
   -7.5000   22.5000    0.000014365.6787   23.8881
    0.0000   22.5000    0.000014993.6123   23.8799
    7.5000   22.5000    0.000014143.9834   23.8675
   -7.5000   30.0000    0.000013340.3066   23.5614
    0.0000   30.0000    0.000013936.3018   23.5588
    7.5000   30.0000    0.000013146.6865   23.5432
   -7.5000   37.5000    0.000012640.2832   23.5378
    0.0000   37.5000    0.000013210.2764   23.5419
    7.5000   37.5000    0.000012465.3311   23.5330
   -7.5000   45.0000    0.000011429.8369   22.9836
    0.0000   45.0000    0.000011934.9951   22.9899
    7.5000   45.0000    0.000011261.8779   22.9904
   -7.5000  -45.0000    7.500010426.9668   23.8364
    0.0000  -45.0000    7.500010875.8193   23.8443
    7.5000  -45.0000    7.500010398.2793   23.8470
   -7.5000  -37.5000    7.500011206.6318   23.8684
    0.0000  -37.5000    7.500011692.6562   23.8687
    7.5000  -37.5000    7.500011157.8916   23.8720
   -7.5000  -30.0000    7.500012353.7480   23.8884
    0.0000  -30.0000    7.500012897.6328   23.8801
    7.5000  -30.0000    7.500012323.6934   23.8809
   -7.5000  -22.5000    7.500013477.2295   23.8631
    0.0000  -22.5000    7.500014062.4365   23.8561
    7.5000  -22.5000    7.500013449.7871   23.8538
   -7.5000  -15.0000    7.500014476.5996   23.8295
    0.0000  -15.0000    7.500015139.2461   23.8303
    7.5000  -15.0000    7.500014456.9072   23.8256
   -7.5000   -7.5000    7.500015314.5479   23.8136
    0.0000   -7.5000    7.500016052.7451   23.8211
    7.5000   -7.5000    7.500015315.0645   23.8187
   -7.5000    0.0000    7.500015969.9463   23.8260
    0.0000    0.0000    7.500016765.1367   23.8340
    7.5000    0.0000    7.500015984.4746   23.8367
   -7.5000    7.5000    7.500015511.8945   23.8670
    0.0000    7.5000    7.500016292.1748   23.8673
    7.5000    7.5000    7.500015540.7979   23.8706
   -7.5000   15.0000    7.500015017.4199   23.8884
    0.0000   15.0000    7.500015734.8564   23.8801
    7.5000   15.0000    7.500014978.3125   23.8809
   -7.5000   22.5000    7.500014196.9785   23.8521
    0.0000   22.5000    7.500014840.0020   23.8451
    7.5000   22.5000    7.500014083.7031   23.8429
   -7.5000   30.0000    7.500013149.5977   23.5211
    0.0000   30.0000    7.500013766.6553   23.5219
    7.5000   30.0000    7.500013063.9727   23.5173
   -7.5000   37.5000    7.500012479.4570   23.5054
    0.0000   37.5000    7.500013079.9697   23.5128
    7.5000   37.5000    7.500012384.1553   23.5105
   -7.5000   45.0000    7.500011324.7939   22.9655
    0.0000   45.0000    7.500011857.0566   22.9732
    7.5000   45.0000    7.500011212.7803   22.9759
   -7.5000  -45.0000   15.000010236.8389   23.7886
    0.0000  -45.0000   15.000010676.5908   23.8010
    7.5000  -45.0000   15.000010207.4082   23.8069
   -7.5000  -37.5000   15.000010976.3701   23.8284
    0.0000  -37.5000   15.000011425.9834   23.8337
    7.5000  -37.5000   15.000010939.7520   23.8406
   -7.5000  -30.0000   15.000012078.4355   23.8411
    0.0000  -30.0000   15.000012559.0166   23.8387
    7.5000  -30.0000   15.000012054.9424   23.8502
   -7.5000  -22.5000   15.000013226.2725   23.8002
    0.0000  -22.5000   15.000013741.2598   23.7992
    7.5000  -22.5000   15.000013192.6318   23.8147
   -7.5000  -15.0000   15.000014305.4229   23.7572
    0.0000  -15.0000   15.000014931.0117   23.7631
    7.5000  -15.0000   15.000014338.7178   23.7763
   -7.5000   -7.5000   15.000015127.9971   23.7492
    0.0000   -7.5000   15.000015886.3135   23.7609
    7.5000   -7.5000   15.000015229.1260   23.7691
   -7.5000    0.0000   15.000015725.7900   23.7782
    0.0000    0.0000   15.000016497.6523   23.7907
    7.5000    0.0000   15.000015840.6992   23.7967
   -7.5000    7.5000   15.000015213.1318   23.8270
    0.0000    7.5000   15.000015929.9473   23.8324
    7.5000    7.5000   15.000015364.2578   23.8392
   -7.5000   15.0000   15.000014682.5273   23.8410
    0.0000   15.0000   15.000015305.7764   23.8387
    7.5000   15.0000   15.000014783.5693   23.8502
   -7.5000   22.5000   15.000013843.2285   23.7892
    0.0000   22.5000   15.000014412.8438   23.7883
    7.5000   22.5000   15.000013882.8223   23.8038
   -7.5000   30.0000   15.000012854.1270   23.4498
    0.0000   30.0000   15.000013425.4893   23.4556
    7.5000   30.0000   15.000012863.8223   23.4686
   -7.5000   37.5000   15.000012258.5840   23.4419
    0.0000   37.5000   15.000012824.6074   23.4534
    7.5000   37.5000   15.000012229.4766   23.4615
   -7.5000   45.0000   15.000011165.6436   22.9195
    0.0000   45.0000   15.000011698.5801   22.9315
    7.5000   45.0000   15.000011083.0586   22.9372
   -7.5000  -45.0000   22.5000 9859.7705   23.7613
    0.0000  -45.0000   22.500010277.5605   23.7773
    7.5000  -45.0000   22.5000 9804.0117   23.7845
   -7.5000  -37.5000   22.500010579.3184   23.8086
    0.0000  -37.5000   22.500011021.2812   23.8202
    7.5000  -37.5000   22.500010510.2480   23.8279
   -7.5000  -30.0000   22.500011647.3242   23.8244
    0.0000  -30.0000   22.500012110.4150   23.8292
    7.5000  -30.0000   22.500011588.9092   23.8443
   -7.5000  -22.5000   22.500012797.2256   23.7772
    0.0000  -22.5000   22.500013267.3184   23.7806
    7.5000  -22.5000   22.500012737.1865   23.8021
   -7.5000  -15.0000   22.500013938.9814   23.7261
    0.0000  -15.0000   22.500014651.7051   23.7328
    7.5000  -15.0000   22.500013957.7744   23.7520
   -7.5000   -7.5000   22.500014862.2607   23.7169
    0.0000   -7.5000   22.500015662.0273   23.7295
    7.5000   -7.5000   22.500014979.1924   23.7417
   -7.5000    0.0000   22.500015489.1914   23.7509
    0.0000    0.0000   22.500016148.7314   23.7670
    7.5000    0.0000   22.500015660.2490   23.7742
   -7.5000    7.5000   22.500015023.9180   23.8072
    0.0000    7.5000   22.500015554.0166   23.8188
    7.5000    7.5000   22.500015209.0088   23.8266
   -7.5000   15.0000   22.500014476.9971   23.8244
    0.0000   15.0000   22.500014976.1396   23.8292
    7.5000   15.0000   22.500014631.8037   23.8443
   -7.5000   22.5000   22.500013585.6406   23.7663
    0.0000   22.5000   22.500014093.7393   23.7697
    7.5000   22.5000   22.500013660.5879   23.7912
   -7.5000   30.0000   22.500012565.4023   23.4190
    0.0000   30.0000   22.500013092.2695   23.4256
    7.5000   30.0000   22.500012564.6982   23.4446
   -7.5000   37.5000   22.500011940.6016   23.4100
    0.0000   37.5000   22.500012484.1572   23.4224
    7.5000   37.5000   22.500011904.0596   23.4344
   -7.5000   45.0000   22.500010864.5527   22.8932
    0.0000   45.0000   22.500011377.3965   22.9087
    7.5000   45.0000   22.500010770.8789   22.9156
   -7.5000  -45.0000   30.0000 9448.7051   23.7852
    0.0000  -45.0000   30.0000 9842.9180   23.8010
    7.5000  -45.0000   30.0000 9372.5498   23.8069
   -7.5000  -37.5000   30.000010112.6826   23.8310
    0.0000  -37.5000   30.000010504.7988   23.8430
    7.5000  -37.5000   30.000010030.4736   23.8488
   -7.5000  -30.0000   30.000011139.2920   23.8556
    0.0000  -30.0000   30.000011535.0059   23.8608
    7.5000  -30.0000   30.000011069.0010   23.8699
   -7.5000  -22.5000   30.000012244.3818   23.8176
    0.0000  -22.5000   30.000012687.6885   23.8197
    7.5000  -22.5000   30.000012175.6777   23.8313
   -7.5000  -15.0000   30.000013269.4053   23.7688
    0.0000  -15.0000   30.000013851.3438   23.7733
    7.5000  -15.0000   30.000013240.9521   23.7825
   -7.5000   -7.5000   30.000014144.3389   23.7521
    0.0000   -7.5000   30.000014750.0303   23.7633
    7.5000   -7.5000   30.000014160.2119   23.7702
   -7.5000    0.0000   30.000014865.5488   23.7748
    0.0000    0.0000   30.000015514.5586   23.7907
    7.5000    0.0000   30.000014962.1689   23.7966
   -7.5000    7.5000   30.000014505.9863   23.8296
    0.0000    7.5000   30.000015129.8838   23.8417
    7.5000    7.5000   30.000014613.5518   23.8474
   -7.5000   15.0000   30.000013908.1152   23.8556
    0.0000   15.0000   30.000014486.2051   23.8608
    7.5000   15.0000   30.000013972.1562   23.8698
   -7.5000   22.5000   30.000012972.1191   23.8066
    0.0000   22.5000   30.000013483.4131   23.8088
    7.5000   22.5000   30.000012979.0166   23.8203
   -7.5000   30.0000   30.000011957.6904   23.4612
    0.0000   30.0000   30.000012402.1055   23.4656
    7.5000   30.0000   30.000011921.1152   23.4747
   -7.5000   37.5000   30.000011380.3867   23.4447
    0.0000   37.5000   30.000011802.5400   23.4558
    7.5000   37.5000   30.000011322.1152   23.4626
   -7.5000   45.0000   30.000010396.8701   22.9162
    0.0000   45.0000   30.000010802.7773   22.9315
    7.5000   45.0000   30.000010307.3281   22.9372
   -7.5000  -45.0000   37.5000 9249.1006   23.8498
    0.0000  -45.0000   37.5000 9643.1689   23.8603
    7.5000  -45.0000   37.5000 9219.0352   23.8625
   -7.5000  -37.5000   37.5000 9926.6025   23.8844
    0.0000  -37.5000   37.500010347.3125   23.8902
    7.5000  -37.5000   37.5000 9882.8379   23.8928
   -7.5000  -30.0000   37.500010975.6963   23.9150
    0.0000  -30.0000   37.500011448.9346   23.9136
    7.5000  -30.0000   37.500010926.7568   23.9133
   -7.5000  -22.5000   37.500012071.3828   23.8952
    0.0000  -22.5000   37.500012596.9297   23.8914
    7.5000  -22.5000   37.500012010.0059   23.8865
   -7.5000  -15.0000   37.500013051.0410   23.8597
    0.0000  -15.0000   37.500013659.8916   23.8594
    7.5000  -15.0000   37.500013004.0625   23.8513
   -7.5000   -7.5000   37.500013903.3057   23.8358
    0.0000   -7.5000   37.500014459.7383   23.8427
    7.5000   -7.5000   37.500013847.7119   23.8386
   -7.5000    0.0000   37.500014611.7207   23.8394
    0.0000    0.0000   37.500015199.8340   23.8500
    7.5000    0.0000   37.500014582.6025   23.8521
   -7.5000    7.5000   37.500014277.4658   23.8830
    0.0000    7.5000   37.500014884.3418   23.8889
    7.5000    7.5000   37.500014265.2930   23.8915
   -7.5000   15.0000   37.500013689.4385   23.9150
    0.0000   15.0000   37.500014289.5068   23.9136
    7.5000   15.0000   37.500013701.5752   23.9132
   -7.5000   22.5000   37.500012719.2754   23.8842
    0.0000   22.5000   37.500013265.9697   23.8804
    7.5000   22.5000   37.500012690.3945   23.8755
   -7.5000   30.0000   37.500011713.7861   23.5509
    0.0000   30.0000   37.500012200.0840   23.5507
    7.5000   30.0000   37.500011660.4385   23.5426
   -7.5000   37.5000   37.500011140.0957   23.5273
    0.0000   37.5000   37.500011612.6377   23.5341
    7.5000   37.5000   37.500011086.8242   23.5301
   -7.5000   45.0000   37.500010161.4795   22.9784
    0.0000   45.0000   37.500010580.3623   22.9887
    7.5000   45.0000   37.500010095.5371   22.9907
   -7.5000  -45.0000   45.0000 8605.3652   23.7474
    0.0000  -45.0000   45.0000 9010.3740   23.7532
    7.5000  -45.0000   45.0000 8590.4297   23.7535
   -7.5000  -37.5000   45.0000 9276.5342   23.7756
    0.0000  -37.5000   45.0000 9703.1738   23.7758
    7.5000  -37.5000   45.0000 9238.5732   23.7770
   -7.5000  -30.0000   45.000010248.1357   23.8047
    0.0000  -30.0000   45.000010752.2461   23.7970
    7.5000  -30.0000   45.000010218.2812   23.7919
   -7.5000  -22.5000   45.000011225.4297   23.7914
    0.0000  -22.5000   45.000011756.0098   23.7826
    7.5000  -22.5000   45.000011176.3594   23.7701
   -7.5000  -15.0000   45.000012080.0898   23.7629
    0.0000  -15.0000   45.000012598.7490   23.7595
    7.5000  -15.0000   45.000011994.1680   23.7436
   -7.5000   -7.5000   45.000012824.8291   23.7388
    0.0000   -7.5000   45.000013315.9541   23.7425
    7.5000   -7.5000   45.000012715.8955   23.7332
   -7.5000    0.0000   45.000013492.0596   23.7371
    0.0000    0.0000   45.000014003.3516   23.7431
    7.5000    0.0000   45.000013411.3125   23.7433
   -7.5000    7.5000   45.000013191.9434   23.7743
    0.0000    7.5000   45.000013720.7021   23.7744
    7.5000    7.5000   45.000013122.5518   23.7756
   -7.5000   15.0000   45.000012715.3584   23.8047
    0.0000   15.0000   45.000013216.2705   23.7970
    7.5000   15.0000   45.000012661.3057   23.7919
   -7.5000   22.5000   45.000011825.7734   23.7804
    0.0000   22.5000   45.000012285.1768   23.7716
    7.5000   22.5000   45.000011767.9258   23.7590
   -7.5000   30.0000   45.000010892.8252   23.4533
    0.0000   30.0000   45.000011324.3320   23.4500
    7.5000   30.0000   45.000010841.5420   23.4343
   -7.5000   37.5000   45.000010366.8301   23.4296
    0.0000   37.5000   45.000010796.9521   23.4332
    7.5000   37.5000   45.000010306.9766   23.4240
   -7.5000   45.0000   45.0000 9398.6094   22.8902
    0.0000   45.0000   45.0000 9791.1562   22.8960
    7.5000   45.0000   45.0000 9343.2725   22.8962

---------------------------------------------------------------------
imgreg_4dfp /opt/freesurfer/average/711-2C_as_mni_average_305 /opt/freesurfer/average/711-2B_as_mni_average_305_mask talsrcimg_g11 none talsrcimg_to_711-2C_as_mni_average_305_t4 4355
---------------------------------------------------------------------

freesurfer imgreg_4dfp.c
/opt/freesurfer/average/711-2C_as_mni_average_305.4dfp.img
       256       256       256         1
  1.000000  1.000000  1.000000
orientation T byte_order littleendian
Reading image: /opt/freesurfer/average/711-2C_as_mni_average_305.4dfp.img
dimensions:      256       256       256
mmppix:       1.0000   -1.0000   -1.0000
center:     128.0000 -129.0000 -129.0000
/opt/freesurfer/average/711-2B_as_mni_average_305_mask.4dfp.img
       256       256       256         1
  1.000000  1.000000  1.000000
orientation T byte_order littleendian
Reading mask: /opt/freesurfer/average/711-2B_as_mni_average_305_mask.4dfp.img (2306576 pixels)
talsrcimg_g11.4dfp.img
       256       256       256         1
  1.000000  1.000000  1.000000
orientation T byte_order littleendian
Reading image: talsrcimg_g11.4dfp.img
dimensions:      256       256       256
mmppix:       1.0000   -1.0000   -1.0000
center:     128.0000 -129.0000 -129.0000
rotation matrix determinant  1.000000
image alignment mode   4355 decimal     1103 hex
   -7.5000  -45.0000  -45.0000 1833.5848   30.8566
    0.0000  -45.0000  -45.0000 1835.6726   30.8180
    7.5000  -45.0000  -45.0000 1818.0884   31.3503
   -7.5000  -37.5000  -45.0000 1917.2854   28.2665
    0.0000  -37.5000  -45.0000 1914.4475   28.1642
    7.5000  -37.5000  -45.0000 1899.1584   28.7200
   -7.5000  -30.0000  -45.0000 1979.5211   26.3489
    0.0000  -30.0000  -45.0000 1985.8799   26.2484
    7.5000  -30.0000  -45.0000 1968.1040   26.6429
   -7.5000  -22.5000  -45.0000 2020.2585   24.9776
    0.0000  -22.5000  -45.0000 2026.4595   24.8374
    7.5000  -22.5000  -45.0000 2008.4099   25.1557
   -7.5000  -15.0000  -45.0000 2064.3591   23.8915
    0.0000  -15.0000  -45.0000 2071.7446   23.7737
    7.5000  -15.0000  -45.0000 2049.3413   24.1489
   -7.5000   -7.5000  -45.0000 2092.1948   23.3828
    0.0000   -7.5000  -45.0000 2102.9590   23.2257
    7.5000   -7.5000  -45.0000 2079.5806   23.6452
   -7.5000    0.0000  -45.0000 2091.0168   23.3297
    0.0000    0.0000  -45.0000 2096.8381   23.1761
    7.5000    0.0000  -45.0000 2076.4607   23.6629
   -7.5000    7.5000  -45.0000 2072.4861   23.8166
    0.0000    7.5000  -45.0000 2074.2195   23.6216
    7.5000    7.5000  -45.0000 2058.5229   24.1180
   -7.5000   15.0000  -45.0000 2039.8484   24.8024
    0.0000   15.0000  -45.0000 2047.8081   24.6105
    7.5000   15.0000  -45.0000 2027.1897   25.0689
   -7.5000   22.5000  -45.0000 2000.2151   26.1934
    0.0000   22.5000  -45.0000 2010.2612   26.0696
    7.5000   22.5000  -45.0000 1991.0580   26.5967
   -7.5000   30.0000  -45.0000 1947.4426   27.8589
    0.0000   30.0000  -45.0000 1959.6406   27.7473
    7.5000   30.0000  -45.0000 1935.1136   28.2791
   -7.5000   37.5000  -45.0000 1873.3724   29.9394
    0.0000   37.5000  -45.0000 1883.8098   29.7976
    7.5000   37.5000  -45.0000 1858.7969   30.4400
   -7.5000   45.0000  -45.0000 1784.2836   32.7180
    0.0000   45.0000  -45.0000 1793.1173   32.5069
    7.5000   45.0000  -45.0000 1765.1338   33.2792
   -7.5000  -45.0000  -37.5000 1915.9521   27.9850
    0.0000  -45.0000  -37.5000 1922.0107   27.7970
    7.5000  -45.0000  -37.5000 1906.1832   28.3539
   -7.5000  -37.5000  -37.5000 2001.5732   25.6897
    0.0000  -37.5000  -37.5000 2012.8354   25.5864
    7.5000  -37.5000  -37.5000 1991.7988   26.0516
   -7.5000  -30.0000  -37.5000 2082.0454   24.0179
    0.0000  -30.0000  -37.5000 2089.2791   23.9585
    7.5000  -30.0000  -37.5000 2070.0410   24.3382
   -7.5000  -22.5000  -37.5000 2138.6799   22.7227
    0.0000  -22.5000  -37.5000 2150.1902   22.6376
    7.5000  -22.5000  -37.5000 2129.8237   22.9562
   -7.5000  -15.0000  -37.5000 2168.5410   21.7765
    0.0000  -15.0000  -37.5000 2180.3826   21.6886
    7.5000  -15.0000  -37.5000 2158.5488   22.0146
   -7.5000   -7.5000  -37.5000 2191.2705   21.2554
    0.0000   -7.5000  -37.5000 2194.4854   21.1807
    7.5000   -7.5000  -37.5000 2175.3079   21.5343
   -7.5000    0.0000  -37.5000 2189.4854   21.3184
    0.0000    0.0000  -37.5000 2199.1489   21.2063
    7.5000    0.0000  -37.5000 2179.7073   21.6029
   -7.5000    7.5000  -37.5000 2178.3923   21.6807
    0.0000    7.5000  -37.5000 2191.6074   21.5958
    7.5000    7.5000  -37.5000 2170.5283   22.0239
   -7.5000   15.0000  -37.5000 2146.0249   22.5047
    0.0000   15.0000  -37.5000 2160.4717   22.3677
    7.5000   15.0000  -37.5000 2134.9802   22.7805
   -7.5000   22.5000  -37.5000 2102.6101   23.5892
    0.0000   22.5000  -37.5000 2116.0552   23.4154
    7.5000   22.5000  -37.5000 2094.5764   23.8550
   -7.5000   30.0000  -37.5000 2046.6224   24.9982
    0.0000   30.0000  -37.5000 2061.0244   24.8416
    7.5000   30.0000  -37.5000 2033.0848   25.2813
   -7.5000   37.5000  -37.5000 1972.8215   26.9570
    0.0000   37.5000  -37.5000 1991.0928   26.8156
    7.5000   37.5000  -37.5000 1958.7793   27.3809
   -7.5000   45.0000  -37.5000 1879.3789   29.6201
    0.0000   45.0000  -37.5000 1898.8575   29.4850
    7.5000   45.0000  -37.5000 1862.1160   30.1649
   -7.5000  -45.0000  -30.0000 2040.0625   26.4334
    0.0000  -45.0000  -30.0000 2045.5717   26.3512
    7.5000  -45.0000  -30.0000 2029.7673   26.8194
   -7.5000  -37.5000  -30.0000 2139.0386   24.3227
    0.0000  -37.5000  -30.0000 2152.9875   24.2332
    7.5000  -37.5000  -30.0000 2132.1409   24.6551
   -7.5000  -30.0000  -30.0000 2226.5928   22.7231
    0.0000  -30.0000  -30.0000 2239.0479   22.6819
    7.5000  -30.0000  -30.0000 2219.1768   23.0067
   -7.5000  -22.5000  -30.0000 2289.0703   21.4783
    0.0000  -22.5000  -30.0000 2300.0415   21.4595
    7.5000  -22.5000  -30.0000 2281.7996   21.7304
   -7.5000  -15.0000  -30.0000 2323.3296   20.5440
    0.0000  -15.0000  -30.0000 2337.4500   20.5238
    7.5000  -15.0000  -30.0000 2317.0654   20.8028
   -7.5000   -7.5000  -30.0000 2337.4219   20.0770
    0.0000   -7.5000  -30.0000 2352.3909   20.0658
    7.5000   -7.5000  -30.0000 2326.2600   20.3776
   -7.5000    0.0000  -30.0000 2333.8469   20.0956
    0.0000    0.0000  -30.0000 2346.6218   20.0150
    7.5000    0.0000  -30.0000 2320.0674   20.3338
   -7.5000    7.5000  -30.0000 2312.6741   20.3713
    0.0000    7.5000  -30.0000 2333.4072   20.2715
    7.5000    7.5000  -30.0000 2305.3379   20.6116
   -7.5000   15.0000  -30.0000 2288.8198   21.0650
    0.0000   15.0000  -30.0000 2306.4414   20.9610
    7.5000   15.0000  -30.0000 2279.0100   21.2864
   -7.5000   22.5000  -30.0000 2256.3145   22.0533
    0.0000   22.5000  -30.0000 2270.6790   21.9395
    7.5000   22.5000  -30.0000 2245.2000   22.3188
   -7.5000   30.0000  -30.0000 2199.8757   23.4933
    0.0000   30.0000  -30.0000 2213.6943   23.3739
    7.5000   30.0000  -30.0000 2183.6528   23.7667
   -7.5000   37.5000  -30.0000 2117.8245   25.3598
    0.0000   37.5000  -30.0000 2131.7554   25.1737
    7.5000   37.5000  -30.0000 2104.0637   25.7120
   -7.5000   45.0000  -30.0000 2015.2664   27.9536
    0.0000   45.0000  -30.0000 2030.2567   27.7468
    7.5000   45.0000  -30.0000 1998.1395   28.3058
   -7.5000  -45.0000  -22.5000 2142.4749   25.1010
    0.0000  -45.0000  -22.5000 2153.5278   25.1220
    7.5000  -45.0000  -22.5000 2130.4446   25.5425
   -7.5000  -37.5000  -22.5000 2261.1711   23.0248
    0.0000  -37.5000  -22.5000 2273.4294   23.0250
    7.5000  -37.5000  -22.5000 2252.3018   23.3385
   -7.5000  -30.0000  -22.5000 2354.4890   21.4010
    0.0000  -30.0000  -22.5000 2366.5908   21.3809
    7.5000  -30.0000  -22.5000 2349.4236   21.7059
   -7.5000  -22.5000  -22.5000 2420.3494   20.1832
    0.0000  -22.5000  -22.5000 2431.7795   20.1945
    7.5000  -22.5000  -22.5000 2411.9358   20.4430
   -7.5000  -15.0000  -22.5000 2454.4424   19.2930
    0.0000  -15.0000  -22.5000 2470.3118   19.3076
    7.5000  -15.0000  -22.5000 2442.3503   19.5322
   -7.5000   -7.5000  -22.5000 2471.2900   18.7934
    0.0000   -7.5000  -22.5000 2485.3159   18.8476
    7.5000   -7.5000  -22.5000 2452.6111   19.0761
   -7.5000    0.0000  -22.5000 2471.0913   18.8170
    0.0000    0.0000  -22.5000 2484.9661   18.7987
    7.5000    0.0000  -22.5000 2454.7327   19.0384
   -7.5000    7.5000  -22.5000 2450.1995   19.0663
    0.0000    7.5000  -22.5000 2470.0354   19.0577
    7.5000    7.5000  -22.5000 2437.3220   19.3431
   -7.5000   15.0000  -22.5000 2426.0220   19.6784
    0.0000   15.0000  -22.5000 2445.0862   19.6251
    7.5000   15.0000  -22.5000 2410.0142   19.9306
   -7.5000   22.5000  -22.5000 2393.7339   20.6233
    0.0000   22.5000  -22.5000 2406.0657   20.5375
    7.5000   22.5000  -22.5000 2374.4424   20.8450
   -7.5000   30.0000  -22.5000 2334.3420   21.9838
    0.0000   30.0000  -22.5000 2344.7058   21.8644
    7.5000   30.0000  -22.5000 2311.6426   22.1996
   -7.5000   37.5000  -22.5000 2242.5598   23.7292
    0.0000   37.5000  -22.5000 2253.6780   23.6365
    7.5000   37.5000  -22.5000 2221.6497   24.0565
   -7.5000   45.0000  -22.5000 2129.2268   26.1758
    0.0000   45.0000  -22.5000 2139.7395   26.0784
    7.5000   45.0000  -22.5000 2106.8831   26.5188
   -7.5000  -45.0000  -15.0000 2221.0417   23.7477
    0.0000  -45.0000  -15.0000 2228.1353   23.8747
    7.5000  -45.0000  -15.0000 2209.4614   24.2190
   -7.5000  -37.5000  -15.0000 2345.6570   21.7302
    0.0000  -37.5000  -15.0000 2354.9478   21.7895
    7.5000  -37.5000  -15.0000 2336.9863   22.1005
   -7.5000  -30.0000  -15.0000 2446.0681   20.1745
    0.0000  -30.0000  -15.0000 2460.2632   20.2249
    7.5000  -30.0000  -15.0000 2439.6584   20.4854
   -7.5000  -22.5000  -15.0000 2523.0437   18.9400
    0.0000  -22.5000  -15.0000 2533.5764   18.9880
    7.5000  -22.5000  -15.0000 2507.3281   19.2031
   -7.5000  -15.0000  -15.0000 2562.7402   18.1145
    0.0000  -15.0000  -15.0000 2571.6663   18.1486
    7.5000  -15.0000  -15.0000 2538.9556   18.3444
   -7.5000   -7.5000  -15.0000 2588.9302   17.6219
    0.0000   -7.5000  -15.0000 2599.4883   17.6662
    7.5000   -7.5000  -15.0000 2561.1453   17.8761
   -7.5000    0.0000  -15.0000 2592.9272   17.5579
    0.0000    0.0000  -15.0000 2603.6575   17.5765
    7.5000    0.0000  -15.0000 2567.0164   17.7975
   -7.5000    7.5000  -15.0000 2577.3044   17.8415
    0.0000    7.5000  -15.0000 2595.3589   17.8411
    7.5000    7.5000  -15.0000 2556.3044   18.0730
   -7.5000   15.0000  -15.0000 2543.8452   18.4358
    0.0000   15.0000  -15.0000 2558.4111   18.3955
    7.5000   15.0000  -15.0000 2522.0874   18.6552
   -7.5000   22.5000  -15.0000 2502.0940   19.3478
    0.0000   22.5000  -15.0000 2516.9097   19.3067
    7.5000   22.5000  -15.0000 2479.4180   19.5547
   -7.5000   30.0000  -15.0000 2438.5491   20.6068
    0.0000   30.0000  -15.0000 2451.1042   20.5712
    7.5000   30.0000  -15.0000 2409.4612   20.8666
   -7.5000   37.5000  -15.0000 2339.5576   22.3081
    0.0000   37.5000  -15.0000 2353.6367   22.2264
    7.5000   37.5000  -15.0000 2317.0933   22.5426
   -7.5000   45.0000  -15.0000 2216.8105   24.6404
    0.0000   45.0000  -15.0000 2230.5535   24.5509
    7.5000   45.0000  -15.0000 2196.8677   24.8979
   -7.5000  -45.0000   -7.5000 2282.6194   22.5158
    0.0000  -45.0000   -7.5000 2296.0491   22.6001
    7.5000  -45.0000   -7.5000 2278.4531   23.0391
   -7.5000  -37.5000   -7.5000 2408.1848   20.4916
    0.0000  -37.5000   -7.5000 2425.0520   20.5664
    7.5000  -37.5000   -7.5000 2404.4314   20.8989
   -7.5000  -30.0000   -7.5000 2510.9973   18.9463
    0.0000  -30.0000   -7.5000 2526.0334   19.0218
    7.5000  -30.0000   -7.5000 2501.3611   19.2680
   -7.5000  -22.5000   -7.5000 2588.5588   17.7765
    0.0000  -22.5000   -7.5000 2601.8467   17.8991
    7.5000  -22.5000   -7.5000 2574.2664   18.0678
   -7.5000  -15.0000   -7.5000 2640.9609   16.9616
    0.0000  -15.0000   -7.5000 2652.0374   17.0422
    7.5000  -15.0000   -7.5000 2620.9583   17.2299
   -7.5000   -7.5000   -7.5000 2680.9119   16.5197
    0.0000   -7.5000   -7.5000 2696.4766   16.5398
    7.5000   -7.5000   -7.5000 2656.2593   16.7295
   -7.5000    0.0000   -7.5000 2693.3772   16.3844
    0.0000    0.0000   -7.5000 2708.2742   16.3927
    7.5000    0.0000   -7.5000 2671.2805   16.5782
   -7.5000    7.5000   -7.5000 2682.0706   16.6600
    0.0000    7.5000   -7.5000 2696.9075   16.6457
    7.5000    7.5000   -7.5000 2656.8838   16.8586
   -7.5000   15.0000   -7.5000 2648.9133   17.2424
    0.0000   15.0000   -7.5000 2669.0234   17.2131
    7.5000   15.0000   -7.5000 2627.2637   17.4279
   -7.5000   22.5000   -7.5000 2602.2639   18.1181
    0.0000   22.5000   -7.5000 2621.9460   18.0965
    7.5000   22.5000   -7.5000 2576.2756   18.3144
   -7.5000   30.0000   -7.5000 2525.8240   19.3701
    0.0000   30.0000   -7.5000 2544.0945   19.3166
    7.5000   30.0000   -7.5000 2499.7488   19.5598
   -7.5000   37.5000   -7.5000 2423.3062   20.9717
    0.0000   37.5000   -7.5000 2440.0862   20.9205
    7.5000   37.5000   -7.5000 2404.4399   21.2199
   -7.5000   45.0000   -7.5000 2292.0154   23.1461
    0.0000   45.0000   -7.5000 2308.7874   23.0737
    7.5000   45.0000   -7.5000 2278.2275   23.4239
   -7.5000  -45.0000    0.0000 2323.7874   21.4996
    0.0000  -45.0000    0.0000 2343.1172   21.5682
    7.5000  -45.0000    0.0000 2323.6204   21.9947
   -7.5000  -37.5000    0.0000 2450.3657   19.5112
    0.0000  -37.5000    0.0000 2469.3276   19.5980
    7.5000  -37.5000    0.0000 2446.4656   19.9422
   -7.5000  -30.0000    0.0000 2556.5884   17.9658
    0.0000  -30.0000    0.0000 2570.9824   18.0136
    7.5000  -30.0000    0.0000 2548.8118   18.3270
   -7.5000  -22.5000    0.0000 2641.7461   16.7835
    0.0000  -22.5000    0.0000 2664.8750   16.8551
    7.5000  -22.5000    0.0000 2633.2046   17.1104
   -7.5000  -15.0000    0.0000 2709.9453   15.9892
    0.0000  -15.0000    0.0000 2724.6248   16.0724
    7.5000  -15.0000    0.0000 2692.7825   16.2810
   -7.5000   -7.5000    0.0000 2758.2822   15.5377
    0.0000   -7.5000    0.0000 2774.4629   15.5655
    7.5000   -7.5000    0.0000 2735.9902   15.7684
   -7.5000    0.0000    0.0000 2777.4045   15.3445
    0.0000    0.0000    0.0000 2795.4924   15.3525
    7.5000    0.0000    0.0000 2753.9795   15.5475
   -7.5000    7.5000    0.0000 2766.1768   15.6099
    0.0000    7.5000    0.0000 2787.9041   15.6083
    7.5000    7.5000    0.0000 2744.2324   15.8038
   -7.5000   15.0000    0.0000 2742.2542   16.2172
    0.0000   15.0000    0.0000 2769.0759   16.1981
    7.5000   15.0000    0.0000 2720.5967   16.4034
   -7.5000   22.5000    0.0000 2694.0933   17.0679
    0.0000   22.5000    0.0000 2712.8052   17.0453
    7.5000   22.5000    0.0000 2669.1833   17.2832
   -7.5000   30.0000    0.0000 2606.3018   18.2485
    0.0000   30.0000    0.0000 2623.5215   18.2090
    7.5000   30.0000    0.0000 2585.4907   18.4564
   -7.5000   37.5000    0.0000 2490.5044   19.8916
    0.0000   37.5000    0.0000 2509.0195   19.8540
    7.5000   37.5000    0.0000 2471.9431   20.1022
   -7.5000   45.0000    0.0000 2349.4348   22.0423
    0.0000   45.0000    0.0000 2370.2346   22.0018
    7.5000   45.0000    0.0000 2335.4041   22.3001
   -7.5000  -45.0000    7.5000 2356.9419   20.8544
    0.0000  -45.0000    7.5000 2372.8108   20.8189
    7.5000  -45.0000    7.5000 2352.5132   21.3327
   -7.5000  -37.5000    7.5000 2485.6787   18.8764
    0.0000  -37.5000    7.5000 2502.1279   18.8223
    7.5000  -37.5000    7.5000 2477.5061   19.2783
   -7.5000  -30.0000    7.5000 2595.9814   17.2967
    0.0000  -30.0000    7.5000 2612.9502   17.2719
    7.5000  -30.0000    7.5000 2590.3994   17.6608
   -7.5000  -22.5000    7.5000 2693.9849   16.0743
    0.0000  -22.5000    7.5000 2715.0469   16.0795
    7.5000  -22.5000    7.5000 2687.1562   16.4223
   -7.5000  -15.0000    7.5000 2775.7983   15.2378
    0.0000  -15.0000    7.5000 2798.9907   15.2606
    7.5000  -15.0000    7.5000 2762.6316   15.5406
   -7.5000   -7.5000    7.5000 2830.7903   14.7316
    0.0000   -7.5000    7.5000 2854.9062   14.7689
    7.5000   -7.5000    7.5000 2812.5537   15.0091
   -7.5000    0.0000    7.5000 2856.3225   14.5021
    0.0000    0.0000    7.5000 2885.6189   14.4966
    7.5000    0.0000    7.5000 2835.9622   14.7424
   -7.5000    7.5000    7.5000 2853.2739   14.7465
    0.0000    7.5000    7.5000 2878.0791   14.7351
    7.5000    7.5000    7.5000 2831.0078   14.9505
   -7.5000   15.0000    7.5000 2827.0930   15.3329
    0.0000   15.0000    7.5000 2848.9409   15.2897
    7.5000   15.0000    7.5000 2806.5156   15.5191
   -7.5000   22.5000    7.5000 2764.2058   16.1901
    0.0000   22.5000    7.5000 2782.8774   16.1643
    7.5000   22.5000    7.5000 2742.2178   16.4052
   -7.5000   30.0000    7.5000 2667.8867   17.4345
    0.0000   30.0000    7.5000 2686.2327   17.3822
    7.5000   30.0000    7.5000 2650.9668   17.6519
   -7.5000   37.5000    7.5000 2543.0459   19.0991
    0.0000   37.5000    7.5000 2559.9727   19.0338
    7.5000   37.5000    7.5000 2522.3838   19.3268
   -7.5000   45.0000    7.5000 2399.6179   21.1887
    0.0000   45.0000    7.5000 2417.7991   21.1169
    7.5000   45.0000    7.5000 2382.8406   21.4528
   -7.5000  -45.0000   15.0000 2373.6477   20.6064
    0.0000  -45.0000   15.0000 2395.8462   20.4904
    7.5000  -45.0000   15.0000 2369.2358   21.0076
   -7.5000  -37.5000   15.0000 2499.4536   18.5368
    0.0000  -37.5000   15.0000 2517.0994   18.3816
    7.5000  -37.5000   15.0000 2490.8296   18.9031
   -7.5000  -30.0000   15.0000 2607.5581   16.9357
    0.0000  -30.0000   15.0000 2625.3398   16.7868
    7.5000  -30.0000   15.0000 2602.0671   17.2614
   -7.5000  -22.5000   15.0000 2709.4319   15.6958
    0.0000  -22.5000   15.0000 2732.8708   15.5628
    7.5000  -22.5000   15.0000 2703.9856   15.9916
   -7.5000  -15.0000   15.0000 2808.2620   14.7982
    0.0000  -15.0000   15.0000 2838.8665   14.7121
    7.5000  -15.0000   15.0000 2799.2173   15.0739
   -7.5000   -7.5000   15.0000 2883.7903   14.2038
    0.0000   -7.5000   15.0000 2922.0857   14.1838
    7.5000   -7.5000   15.0000 2867.8845   14.5086
   -7.5000    0.0000   15.0000 2923.2490   13.8735
    0.0000    0.0000   15.0000 2968.9390   13.8055
    7.5000    0.0000   15.0000 2898.5884   14.1796
   -7.5000    7.5000   15.0000 2918.0129   14.1517
    0.0000    7.5000   15.0000 2948.9004   14.0656
    7.5000    7.5000   15.0000 2897.7063   14.3804
   -7.5000   15.0000   15.0000 2883.8943   14.7677
    0.0000   15.0000   15.0000 2899.6575   14.6576
    7.5000   15.0000   15.0000 2864.8450   14.9702
   -7.5000   22.5000   15.0000 2815.9377   15.7081
    0.0000   22.5000   15.0000 2834.8406   15.5697
    7.5000   22.5000   15.0000 2801.6658   15.9220
   -7.5000   30.0000   15.0000 2708.4734   17.0035
    0.0000   30.0000   15.0000 2729.7690   16.8517
    7.5000   30.0000   15.0000 2691.0208   17.1926
   -7.5000   37.5000   15.0000 2576.6794   18.6391
    0.0000   37.5000   15.0000 2593.3025   18.5031
    7.5000   37.5000   15.0000 2555.5815   18.8508
   -7.5000   45.0000   15.0000 2428.3835   20.7398
    0.0000   45.0000   15.0000 2449.1702   20.6071
    7.5000   45.0000   15.0000 2411.2920   20.9881
   -7.5000  -45.0000   22.5000 2373.1938   20.5386
    0.0000  -45.0000   22.5000 2395.5227   20.3750
    7.5000  -45.0000   22.5000 2366.2021   20.8424
   -7.5000  -37.5000   22.5000 2498.9092   18.4894
    0.0000  -37.5000   22.5000 2515.1914   18.2858
    7.5000  -37.5000   22.5000 2482.0212   18.7221
   -7.5000  -30.0000   22.5000 2608.2810   16.8192
    0.0000  -30.0000   22.5000 2626.2275   16.6403
    7.5000  -30.0000   22.5000 2597.8015   17.0497
   -7.5000  -22.5000   22.5000 2718.5198   15.4917
    0.0000  -22.5000   22.5000 2743.1968   15.3370
    7.5000  -22.5000   22.5000 2713.2256   15.7697
   -7.5000  -15.0000   22.5000 2824.5422   14.5819
    0.0000  -15.0000   22.5000 2857.8855   14.4268
    7.5000  -15.0000   22.5000 2815.1760   14.8574
   -7.5000   -7.5000   22.5000 2912.3396   14.0200
    0.0000   -7.5000   22.5000 2954.1992   13.9311
    7.5000   -7.5000   22.5000 2895.1025   14.3048
   -7.5000    0.0000   22.5000 2971.7507   13.7170
    0.0000    0.0000   22.5000 3027.0427   13.5692
    7.5000    0.0000   22.5000 2950.7935   14.0726
   -7.5000    7.5000   22.5000 2974.0857   13.9835
    0.0000    7.5000   22.5000 3014.9690   13.7453
    7.5000    7.5000   22.5000 2958.6692   14.2831
   -7.5000   15.0000   22.5000 2921.2380   14.6465
    0.0000   15.0000   22.5000 2947.6306   14.4407
    7.5000   15.0000   22.5000 2907.8853   14.8490
   -7.5000   22.5000   22.5000 2835.1855   15.5148
    0.0000   22.5000   22.5000 2859.1196   15.3411
    7.5000   22.5000   22.5000 2823.0339   15.6802
   -7.5000   30.0000   22.5000 2720.6521   16.7654
    0.0000   30.0000   22.5000 2743.1167   16.6323
    7.5000   30.0000   22.5000 2703.8738   16.9019
   -7.5000   37.5000   22.5000 2586.9690   18.4278
    0.0000   37.5000   22.5000 2609.3154   18.3371
    7.5000   37.5000   22.5000 2574.8494   18.5899
   -7.5000   45.0000   22.5000 2437.9167   20.5031
    0.0000   45.0000   22.5000 2461.1875   20.5005
    7.5000   45.0000   22.5000 2424.8555   20.7617
   -7.5000  -45.0000   30.0000 2369.4885   20.7768
    0.0000  -45.0000   30.0000 2391.7051   20.5494
    7.5000  -45.0000   30.0000 2354.6511   20.9857
   -7.5000  -37.5000   30.0000 2484.9954   18.6144
    0.0000  -37.5000   30.0000 2506.4412   18.3295
    7.5000  -37.5000   30.0000 2469.8975   18.7741
   -7.5000  -30.0000   30.0000 2591.9338   16.9147
    0.0000  -30.0000   30.0000 2614.4219   16.6286
    7.5000  -30.0000   30.0000 2583.4321   17.0691
   -7.5000  -22.5000   30.0000 2710.4512   15.6215
    0.0000  -22.5000   30.0000 2727.3977   15.3505
    7.5000  -22.5000   30.0000 2700.1057   15.8129
   -7.5000  -15.0000   30.0000 2814.4565   14.6981
    0.0000  -15.0000   30.0000 2836.7632   14.4919
    7.5000  -15.0000   30.0000 2804.0405   14.9651
   -7.5000   -7.5000   30.0000 2904.1472   14.1091
    0.0000   -7.5000   30.0000 2940.1650   13.9941
    7.5000   -7.5000   30.0000 2887.1978   14.4468
   -7.5000    0.0000   30.0000 2961.9285   13.8634
    0.0000    0.0000   30.0000 3017.4207   13.6840
    7.5000    0.0000   30.0000 2945.3162   14.2219
   -7.5000    7.5000   30.0000 2958.4558   14.1384
    0.0000    7.5000   30.0000 3011.6338   13.9808
    7.5000    7.5000   30.0000 2947.9111   14.4340
   -7.5000   15.0000   30.0000 2905.5933   14.7074
    0.0000   15.0000   30.0000 2941.8005   14.5938
    7.5000   15.0000   30.0000 2893.8850   14.9392
   -7.5000   22.5000   30.0000 2821.5728   15.5645
    0.0000   22.5000   30.0000 2849.1790   15.4314
    7.5000   22.5000   30.0000 2809.5496   15.7284
   -7.5000   30.0000   30.0000 2704.2720   16.8006
    0.0000   30.0000   30.0000 2725.4805   16.6619
    7.5000   30.0000   30.0000 2693.3323   16.9157
   -7.5000   37.5000   30.0000 2578.1946   18.4288
    0.0000   37.5000   30.0000 2598.8831   18.3045
    7.5000   37.5000   30.0000 2566.2805   18.5633
   -7.5000   45.0000   30.0000 2432.3425   20.4916
    0.0000   45.0000   30.0000 2454.6113   20.4020
    7.5000   45.0000   30.0000 2421.6475   20.7125
   -7.5000  -45.0000   37.5000 2348.9810   21.0783
    0.0000  -45.0000   37.5000 2369.1604   20.8368
    7.5000  -45.0000   37.5000 2339.3167   21.2677
   -7.5000  -37.5000   37.5000 2469.7756   18.9845
    0.0000  -37.5000   37.5000 2487.4067   18.7231
    7.5000  -37.5000   37.5000 2456.9072   19.1399
   -7.5000  -30.0000   37.5000 2582.7642   17.3815
    0.0000  -30.0000   37.5000 2603.6023   17.1489
    7.5000  -30.0000   37.5000 2568.4612   17.5133
   -7.5000  -22.5000   37.5000 2697.8960   16.1243
    0.0000  -22.5000   37.5000 2722.6785   15.9250
    7.5000  -22.5000   37.5000 2686.0344   16.3126
   -7.5000  -15.0000   37.5000 2801.6711   15.2121
    0.0000  -15.0000   37.5000 2831.1414   15.0588
    7.5000  -15.0000   37.5000 2790.3906   15.4489
   -7.5000   -7.5000   37.5000 2884.2341   14.5925
    0.0000   -7.5000   37.5000 2914.8801   14.4039
    7.5000   -7.5000   37.5000 2867.4128   14.8566
   -7.5000    0.0000   37.5000 2927.0820   14.3564
    0.0000    0.0000   37.5000 2963.2764   14.1361
    7.5000    0.0000   37.5000 2915.4570   14.6417
   -7.5000    7.5000   37.5000 2918.9783   14.5922
    0.0000    7.5000   37.5000 2961.6616   14.4424
    7.5000    7.5000   37.5000 2915.1033   14.8347
   -7.5000   15.0000   37.5000 2862.2754   15.1897
    0.0000   15.0000   37.5000 2898.4121   15.1127
    7.5000   15.0000   37.5000 2860.1331   15.4108
   -7.5000   22.5000   37.5000 2787.3660   16.0726
    0.0000   22.5000   37.5000 2815.6492   16.0177
    7.5000   22.5000   37.5000 2778.5774   16.2452
   -7.5000   30.0000   37.5000 2677.1182   17.2113
    0.0000   30.0000   37.5000 2698.4482   17.1445
    7.5000   30.0000   37.5000 2665.9487   17.3711
   -7.5000   37.5000   37.5000 2552.4080   18.6991
    0.0000   37.5000   37.5000 2573.4602   18.6291
    7.5000   37.5000   37.5000 2543.7141   18.8667
   -7.5000   45.0000   37.5000 2405.0129   20.6434
    0.0000   45.0000   37.5000 2426.1228   20.5740
    7.5000   45.0000   37.5000 2396.7539   20.8392
   -7.5000  -45.0000   45.0000 2326.0364   21.9347
    0.0000  -45.0000   45.0000 2349.6389   21.7615
    7.5000  -45.0000   45.0000 2323.6016   22.1751
   -7.5000  -37.5000   45.0000 2453.4072   19.8314
    0.0000  -37.5000   45.0000 2474.9038   19.6934
    7.5000  -37.5000   45.0000 2441.5574   20.0521
   -7.5000  -30.0000   45.0000 2561.9587   18.2307
    0.0000  -30.0000   45.0000 2594.0801   18.1081
    7.5000  -30.0000   45.0000 2551.9546   18.4223
   -7.5000  -22.5000   45.0000 2668.5342   16.9330
    0.0000  -22.5000   45.0000 2700.8821   16.8155
    7.5000  -22.5000   45.0000 2657.9373   17.1088
   -7.5000  -15.0000   45.0000 2762.3013   15.9360
    0.0000  -15.0000   45.0000 2792.7993   15.7856
    7.5000  -15.0000   45.0000 2747.2437   16.0811
   -7.5000   -7.5000   45.0000 2838.4268   15.2663
    0.0000   -7.5000   45.0000 2866.8030   15.0506
    7.5000   -7.5000   45.0000 2816.4680   15.4350
   -7.5000    0.0000   45.0000 2875.2317   15.0403
    0.0000    0.0000   45.0000 2899.7319   14.8716
    7.5000    0.0000   45.0000 2860.7842   15.2734
   -7.5000    7.5000   45.0000 2858.1697   15.3207
    0.0000    7.5000   45.0000 2892.4248   15.1500
    7.5000    7.5000   45.0000 2853.3313   15.5383
   -7.5000   15.0000   45.0000 2803.1113   15.9269
    0.0000   15.0000   45.0000 2831.8213   15.8016
    7.5000   15.0000   45.0000 2799.4568   16.1309
   -7.5000   22.5000   45.0000 2729.4126   16.8068
    0.0000   22.5000   45.0000 2756.3760   16.7247
    7.5000   22.5000   45.0000 2719.2632   16.9925
   -7.5000   30.0000   45.0000 2627.5513   17.9401
    0.0000   30.0000   45.0000 2650.8579   17.8980
    7.5000   30.0000   45.0000 2617.9104   18.1513
   -7.5000   37.5000   45.0000 2506.8267   19.3790
    0.0000   37.5000   45.0000 2529.3984   19.3115
    7.5000   37.5000   45.0000 2499.8616   19.5569
   -7.5000   45.0000   45.0000 2360.7336   21.1919
    0.0000   45.0000   45.0000 2380.4700   21.0930
    7.5000   45.0000   45.0000 2355.0752   21.3928

---------------------------------------------------------------------
imgreg_4dfp /opt/freesurfer/average/711-2C_as_mni_average_305 /opt/freesurfer/average/711-2B_as_mni_average_305_mask talsrcimg_g11 none talsrcimg_to_711-2C_as_mni_average_305_t4 1283
---------------------------------------------------------------------

freesurfer imgreg_4dfp.c
/opt/freesurfer/average/711-2C_as_mni_average_305.4dfp.img
       256       256       256         1
  1.000000  1.000000  1.000000
orientation T byte_order littleendian
Reading image: /opt/freesurfer/average/711-2C_as_mni_average_305.4dfp.img
dimensions:      256       256       256
mmppix:       1.0000   -1.0000   -1.0000
center:     128.0000 -129.0000 -129.0000
/opt/freesurfer/average/711-2B_as_mni_average_305_mask.4dfp.img
       256       256       256         1
  1.000000  1.000000  1.000000
orientation T byte_order littleendian
Reading mask: /opt/freesurfer/average/711-2B_as_mni_average_305_mask.4dfp.img (2306576 pixels)
talsrcimg_g11.4dfp.img
       256       256       256         1
  1.000000  1.000000  1.000000
orientation T byte_order littleendian
Reading image: talsrcimg_g11.4dfp.img
dimensions:      256       256       256
mmppix:       1.0000   -1.0000   -1.0000
center:     128.0000 -129.0000 -129.0000
rotation matrix determinant  1.000000
fimgreg.f
image alignment mode   1283 decimal      503 hex
parameters
    0.0000    0.0000   22.5000    0.0000    0.0000    0.0000
eta,q 0.94716 13.59018
niter,ni,del,rscale     5    3   12.0000    1.2000
parameter  3 -0.657189 -> -0.500000 qaram    1.1500
parameters
   -0.3639    1.6918   25.9500    0.2647    0.3480    1.4134
eta,q 0.95491 13.64343
  0.0652  0.0700  0.0677  0.0542  0.0516  0.0518
  0.0583  0.0606  0.0600  0.0484  0.0485  0.0488
  0.0535  0.0539  0.0549  0.0455  0.0465  0.0468
  0.0525  0.0521  0.0518  0.0454  0.0455  0.0456
  0.0552  0.0520  0.0468  0.0465  0.0457  0.0450
  0.0605  0.0525  0.0455  0.0485  0.0474  0.0457
  0.0686  0.0563  0.0489  0.0517  0.0506  0.0480
niter,ni,del,rscale     5    3   12.0000    1.2000
parameters
    0.0126    2.3328   26.4183   -0.0497    0.6114    1.6976
eta,q 0.95535 13.64966
  0.0606  0.0599  0.0596  0.0523  0.0510  0.0507
  0.0532  0.0520  0.0549  0.0465  0.0483  0.0478
  0.0482  0.0469  0.0483  0.0444  0.0461  0.0457
  0.0451  0.0448  0.0446  0.0449  0.0447  0.0447
  0.0452  0.0460  0.0478  0.0464  0.0446  0.0451
  0.0500  0.0501  0.0530  0.0491  0.0466  0.0469
  0.0582  0.0537  0.0560  0.0524  0.0509  0.0499
niter,ni,del,rscale     4    3   12.0000    1.2000
parameters
    0.0097    2.4768   26.5740   -0.1504    0.6545    1.7311
eta,q 0.95523 13.64729
  0.0594  0.0574  0.0586  0.0530  0.0508  0.0505
  0.0524  0.0497  0.0540  0.0471  0.0482  0.0477
  0.0475  0.0457  0.0467  0.0445  0.0461  0.0456
  0.0446  0.0446  0.0447  0.0448  0.0448  0.0448
  0.0459  0.0472  0.0485  0.0463  0.0448  0.0454
  0.0519  0.0511  0.0540  0.0488  0.0472  0.0475
  0.0603  0.0543  0.0563  0.0521  0.0517  0.0505
niter,ni,del,rscale     3    3   12.0000    1.2000
parameters
   -0.0059    2.5171   26.6158   -0.1770    0.6688    1.7342
eta,q 0.95517 13.64608
  0.0596  0.0569  0.0582  0.0533  0.0509  0.0506
  0.0526  0.0493  0.0536  0.0473  0.0483  0.0477
  0.0476  0.0456  0.0463  0.0445  0.0461  0.0456
  0.0448  0.0448  0.0448  0.0448  0.0448  0.0448
  0.0462  0.0475  0.0488  0.0462  0.0449  0.0455
  0.0522  0.0514  0.0543  0.0487  0.0473  0.0476
  0.0605  0.0545  0.0564  0.0520  0.0519  0.0507
registration optimization eta report
parameter search radius
    6.0000    6.0000    6.9000    6.0000    6.0000    6.0000
100000*second partial in parameter space
       42.       29.       25.       22.       18.       16.
  0.0596  0.0569  0.0582  0.0533  0.0509  0.0506
  0.0526  0.0493  0.0536  0.0473  0.0483  0.0477
  0.0476  0.0456  0.0463  0.0445  0.0461  0.0456
  0.0448  0.0448  0.0448  0.0448  0.0448  0.0448
  0.0462  0.0475  0.0488  0.0462  0.0449  0.0455
  0.0522  0.0514  0.0543  0.0487  0.0473  0.0476
  0.0605  0.0545  0.0564  0.0520  0.0519  0.0507
   -0.0059    2.5171   26.6158   -0.1770    0.6688    1.7342
eta,q 0.95517 13.64608

---------------------------------------------------------------------
imgreg_4dfp /opt/freesurfer/average/711-2C_as_mni_average_305 /opt/freesurfer/average/711-2B_as_mni_average_305_mask talsrcimg_g11 none talsrcimg_to_711-2C_as_mni_average_305_t4 3335
---------------------------------------------------------------------

freesurfer imgreg_4dfp.c
/opt/freesurfer/average/711-2C_as_mni_average_305.4dfp.img
       256       256       256         1
  1.000000  1.000000  1.000000
orientation T byte_order littleendian
Reading image: /opt/freesurfer/average/711-2C_as_mni_average_305.4dfp.img
dimensions:      256       256       256
mmppix:       1.0000   -1.0000   -1.0000
center:     128.0000 -129.0000 -129.0000
/opt/freesurfer/average/711-2B_as_mni_average_305_mask.4dfp.img
       256       256       256         1
  1.000000  1.000000  1.000000
orientation T byte_order littleendian
Reading mask: /opt/freesurfer/average/711-2B_as_mni_average_305_mask.4dfp.img (2306576 pixels)
talsrcimg_g11.4dfp.img
       256       256       256         1
  1.000000  1.000000  1.000000
orientation T byte_order littleendian
Reading image: talsrcimg_g11.4dfp.img
dimensions:      256       256       256
mmppix:       1.0000   -1.0000   -1.0000
center:     128.0000 -129.0000 -129.0000
fimgreg.f
image alignment mode   3335 decimal      D07 hex
parameters
   -0.0059    2.5171   26.6158   -0.0526   -0.0462   -0.0073
   -3.0226   -1.1761    3.0260    0.2734    1.1673   -0.3089
eta,q 0.95636 13.64331
niter,ni,del,rscale     5    3    5.0000    1.2000
parameter  4  2.213005 ->  0.500000 qaram    1.1500
parameter  5  2.024014 ->  0.500000 qaram    1.1500
parameter  6  0.605402 ->  0.500000 qaram    1.1500
parameter 12  0.554542 ->  0.500000 qaram    1.1500
parameters
   -0.1713    3.5477   26.2594   -4.1926   -4.1862   -4.1473
   -4.1242    0.0395    2.3048   -1.4821   -0.2031   -4.4489
eta,q 0.97050 13.45941
  0.0462  0.0482  0.0452  0.0333  0.0301  0.0317  0.0326  0.0371  0.0320  0.0323  0.0310  0.0299
  0.0447  0.0463  0.0438  0.0356  0.0320  0.0308  0.0313  0.0341  0.0310  0.0308  0.0304  0.0295
  0.0438  0.0447  0.0431  0.0389  0.0341  0.0308  0.0307  0.0319  0.0305  0.0301  0.0301  0.0296
  0.0436  0.0436  0.0432  0.0430  0.0364  0.0326  0.0307  0.0306  0.0304  0.0303  0.0301  0.0300
  0.0441  0.0432  0.0440  0.0478  0.0394  0.0376  0.0313  0.0304  0.0307  0.0314  0.0304  0.0309
  0.0452  0.0434  0.0452  0.0530  0.0433  0.0439  0.0325  0.0316  0.0315  0.0333  0.0311  0.0321
  0.0470  0.0440  0.0464  0.0585  0.0470  0.0500  0.0342  0.0340  0.0327  0.0361  0.0321  0.0337
niter,ni,del,rscale     7    3    5.0000    1.2000
parameter  2  0.576940 ->  0.500000 qaram    1.1500
parameter  3  0.693420 ->  0.500000 qaram    1.1500
parameter  4  0.813809 ->  0.500000 qaram    1.3225
parameters
   -0.0994    2.1677   24.8794   -8.9536   -8.2925   -4.2844
   -3.0562    0.7338    3.4064   -1.2919   -0.4076   -5.2026
eta,q 0.97636 13.21654
  0.0333  0.0292  0.0279  0.0248  0.0254  0.0280  0.0278  0.0286  0.0266  0.0273  0.0246  0.0254
  0.0313  0.0287  0.0277  0.0251  0.0241  0.0265  0.0259  0.0262  0.0252  0.0255  0.0241  0.0244
  0.0300  0.0288  0.0280  0.0260  0.0239  0.0251  0.0246  0.0246  0.0242  0.0242  0.0237  0.0238
  0.0295  0.0295  0.0286  0.0278  0.0253  0.0238  0.0239  0.0238  0.0237  0.0237  0.0237  0.0236
  0.0299  0.0308  0.0297  0.0308  0.0273  0.0227  0.0239  0.0238  0.0237  0.0239  0.0238  0.0240
  0.0310  0.0324  0.0312  0.0352  0.0297  0.0244  0.0247  0.0249  0.0243  0.0251  0.0241  0.0248
  0.0329  0.0344  0.0330  0.0403  0.0331  0.0309  0.0261  0.0273  0.0253  0.0271  0.0247  0.0262
niter,ni,del,rscale     7    3    5.0000    1.2000
parameters
   -0.0820    2.3692   24.3187  -11.5618   -7.9444   -4.4921
   -3.2827    0.7785    3.4485   -0.8660   -0.5413   -5.7548
eta,q 0.97655 13.06826
  0.0271  0.0283  0.0248  0.0254  0.0282  0.0272  0.0262  0.0272  0.0255  0.0272  0.0243  0.0252
  0.0252  0.0259  0.0240  0.0240  0.0261  0.0257  0.0247  0.0252  0.0244  0.0253  0.0239  0.0242
  0.0240  0.0242  0.0236  0.0235  0.0243  0.0245  0.0237  0.0239  0.0237  0.0241  0.0236  0.0236
  0.0236  0.0236  0.0236  0.0235  0.0234  0.0234  0.0235  0.0235  0.0235  0.0235  0.0234  0.0234
  0.0240  0.0240  0.0241  0.0245  0.0239  0.0224  0.0239  0.0238  0.0237  0.0237  0.0236  0.0238
  0.0251  0.0252  0.0250  0.0270  0.0256  0.0239  0.0249  0.0249  0.0244  0.0247  0.0239  0.0246
  0.0270  0.0270  0.0263  0.0312  0.0275  0.0300  0.0265  0.0273  0.0255  0.0265  0.0244  0.0258
niter,ni,del,rscale     6    3    5.0000    1.2000
parameters
   -0.0663    2.4761   24.2704  -11.7791   -7.9278   -4.4643
   -3.3063    0.7801    3.4933   -0.6095   -0.5924   -5.9532
eta,q 0.97656 13.05754
  0.0268  0.0277  0.0253  0.0270  0.0279  0.0273  0.0263  0.0271  0.0254  0.0269  0.0243  0.0254
  0.0250  0.0254  0.0243  0.0250  0.0258  0.0258  0.0247  0.0251  0.0243  0.0252  0.0239  0.0243
  0.0238  0.0239  0.0237  0.0239  0.0242  0.0245  0.0238  0.0239  0.0237  0.0240  0.0236  0.0237
  0.0234  0.0234  0.0235  0.0235  0.0235  0.0235  0.0235  0.0235  0.0235  0.0234  0.0234  0.0234
  0.0238  0.0239  0.0237  0.0237  0.0241  0.0224  0.0238  0.0238  0.0237  0.0237  0.0236  0.0237
  0.0249  0.0251  0.0244  0.0249  0.0258  0.0236  0.0248  0.0249  0.0243  0.0247  0.0239  0.0244
  0.0267  0.0269  0.0254  0.0277  0.0278  0.0294  0.0263  0.0272  0.0254  0.0266  0.0243  0.0256
niter,ni,del,rscale     5    3    5.0000    1.2000
parameters
   -0.0596    2.5311   24.2488  -11.7690   -7.9648   -4.4722
   -3.3204    0.7867    3.5346   -0.4911   -0.6201   -6.0477
eta,q 0.97656 13.05741
  0.0267  0.0275  0.0253  0.0272  0.0278  0.0273  0.0263  0.0271  0.0254  0.0268  0.0243  0.0254
  0.0249  0.0252  0.0243  0.0251  0.0258  0.0258  0.0247  0.0251  0.0243  0.0251  0.0239  0.0244
  0.0238  0.0238  0.0237  0.0239  0.0242  0.0245  0.0238  0.0239  0.0237  0.0239  0.0236  0.0237
  0.0234  0.0234  0.0234  0.0234  0.0234  0.0234  0.0235  0.0234  0.0234  0.0234  0.0234  0.0234
  0.0238  0.0239  0.0237  0.0236  0.0241  0.0224  0.0238  0.0238  0.0237  0.0237  0.0235  0.0237
  0.0249  0.0252  0.0243  0.0248  0.0259  0.0237  0.0248  0.0249  0.0243  0.0248  0.0239  0.0244
  0.0267  0.0270  0.0254  0.0275  0.0279  0.0295  0.0262  0.0272  0.0253  0.0267  0.0243  0.0256
niter,ni,del,rscale     4    3    5.0000    1.2000
parameters
   -0.0581    2.5589   24.2352  -11.7659   -7.9829   -4.4739
   -3.3294    0.7807    3.5500   -0.4281   -0.6295   -6.0853
eta,q 0.97655 13.05744
  0.0267  0.0274  0.0253  0.0272  0.0278  0.0273  0.0263  0.0271  0.0254  0.0267  0.0243  0.0255
  0.0249  0.0252  0.0243  0.0251  0.0258  0.0258  0.0247  0.0251  0.0243  0.0250  0.0239  0.0244
  0.0238  0.0238  0.0237  0.0239  0.0242  0.0245  0.0238  0.0239  0.0237  0.0239  0.0236  0.0237
  0.0234  0.0234  0.0234  0.0234  0.0234  0.0234  0.0234  0.0234  0.0234  0.0234  0.0234  0.0234
  0.0238  0.0239  0.0237  0.0236  0.0241  0.0224  0.0238  0.0238  0.0237  0.0237  0.0235  0.0237
  0.0249  0.0252  0.0243  0.0248  0.0258  0.0237  0.0248  0.0249  0.0243  0.0248  0.0239  0.0244
  0.0267  0.0271  0.0254  0.0275  0.0279  0.0295  0.0262  0.0272  0.0253  0.0267  0.0243  0.0255
niter,ni,del,rscale     3    3    5.0000    1.2000
parameters
   -0.0589    2.5743   24.2264  -11.7658   -7.9901   -4.4813
   -3.3365    0.7802    3.5569   -0.3993   -0.6344   -6.1150
eta,q 0.97655 13.05707
  0.0267  0.0273  0.0253  0.0272  0.0279  0.0273  0.0263  0.0271  0.0254  0.0267  0.0243  0.0255
  0.0249  0.0251  0.0243  0.0251  0.0258  0.0258  0.0247  0.0251  0.0243  0.0250  0.0239  0.0244
  0.0238  0.0238  0.0237  0.0239  0.0242  0.0246  0.0238  0.0239  0.0237  0.0239  0.0236  0.0237
  0.0234  0.0234  0.0234  0.0234  0.0234  0.0235  0.0235  0.0235  0.0235  0.0235  0.0234  0.0234
  0.0238  0.0240  0.0237  0.0236  0.0241  0.0224  0.0238  0.0238  0.0237  0.0237  0.0235  0.0237
  0.0249  0.0252  0.0243  0.0248  0.0258  0.0237  0.0248  0.0249  0.0243  0.0248  0.0239  0.0244
  0.0267  0.0271  0.0253  0.0275  0.0279  0.0295  0.0262  0.0272  0.0253  0.0268  0.0243  0.0255
registration optimization eta report
parameter search radius
    2.4000    2.7600    2.7600    9.5220    8.2800    8.2800
    7.2000    7.2000    7.2000    7.2000    7.2000    8.2800
100000*second partial in parameter space
       56.       49.       25.        4.        6.        8.
        5.        7.        4.        6.        2.        3.
  0.0267  0.0273  0.0253  0.0272  0.0279  0.0273  0.0263  0.0271  0.0254  0.0267  0.0243  0.0255
  0.0249  0.0251  0.0243  0.0251  0.0258  0.0258  0.0247  0.0251  0.0243  0.0250  0.0239  0.0244
  0.0238  0.0238  0.0237  0.0239  0.0242  0.0246  0.0238  0.0239  0.0237  0.0239  0.0236  0.0237
  0.0234  0.0234  0.0234  0.0234  0.0234  0.0235  0.0235  0.0235  0.0235  0.0235  0.0234  0.0234
  0.0238  0.0240  0.0237  0.0236  0.0241  0.0224  0.0238  0.0238  0.0237  0.0237  0.0235  0.0237
  0.0249  0.0252  0.0243  0.0248  0.0258  0.0237  0.0248  0.0249  0.0243  0.0248  0.0239  0.0244
  0.0267  0.0271  0.0253  0.0275  0.0279  0.0295  0.0262  0.0272  0.0253  0.0268  0.0243  0.0255
   -0.0589    2.5743   24.2264  -11.7658   -7.9901   -4.4813
   -3.3365    0.7802    3.5569   -0.3993   -0.6344   -6.1150
eta,q 0.97655 13.05707

---------------------------------------------------------------------
imgreg_4dfp /opt/freesurfer/average/711-2C_as_mni_average_305 /opt/freesurfer/average/711-2B_as_mni_average_305_mask talsrcimg_g11 none talsrcimg_to_711-2C_as_mni_average_305_t4 2311
---------------------------------------------------------------------

freesurfer imgreg_4dfp.c
/opt/freesurfer/average/711-2C_as_mni_average_305.4dfp.img
       256       256       256         1
  1.000000  1.000000  1.000000
orientation T byte_order littleendian
Reading image: /opt/freesurfer/average/711-2C_as_mni_average_305.4dfp.img
dimensions:      256       256       256
mmppix:       1.0000   -1.0000   -1.0000
center:     128.0000 -129.0000 -129.0000
/opt/freesurfer/average/711-2B_as_mni_average_305_mask.4dfp.img
       256       256       256         1
  1.000000  1.000000  1.000000
orientation T byte_order littleendian
Reading mask: /opt/freesurfer/average/711-2B_as_mni_average_305_mask.4dfp.img (2306576 pixels)
talsrcimg_g11.4dfp.img
       256       256       256         1
  1.000000  1.000000  1.000000
orientation T byte_order littleendian
Reading image: talsrcimg_g11.4dfp.img
dimensions:      256       256       256
mmppix:       1.0000   -1.0000   -1.0000
center:     128.0000 -129.0000 -129.0000
fimgreg.f
image alignment mode   2311 decimal      907 hex
parameters
   -0.0589    2.5743   24.2264  -11.7658   -7.9901   -4.4813
   -3.3365    0.7802    3.5569   -0.3993   -0.6344   -6.1150
eta,q 0.97655 13.05707
niter,ni,del,rscale     5    3    5.0000    0.8000
parameter  6 -0.820962 -> -0.500000 qaram    1.1500
parameters
   -0.0595    2.5162   24.2305  -11.1881   -7.9977   -1.7213
   -3.2042    0.6885    3.5992   -0.5226   -1.2294   -6.4762
eta,q 0.97766 13.15810
  0.0249  0.0247  0.0241  0.0244  0.0253  0.0255  0.0239  0.0246  0.0233  0.0245  0.0228  0.0232
  0.0241  0.0240  0.0237  0.0239  0.0244  0.0248  0.0231  0.0233  0.0228  0.0234  0.0225  0.0227
  0.0236  0.0235  0.0235  0.0236  0.0237  0.0241  0.0225  0.0226  0.0225  0.0226  0.0224  0.0224
  0.0235  0.0235  0.0234  0.0234  0.0234  0.0234  0.0224  0.0224  0.0224  0.0224  0.0224  0.0223
  0.0236  0.0236  0.0235  0.0235  0.0236  0.0227  0.0225  0.0226  0.0224  0.0226  0.0225  0.0225
  0.0241  0.0241  0.0237  0.0236  0.0244  0.0223  0.0230  0.0234  0.0228  0.0235  0.0227  0.0229
  0.0249  0.0248  0.0241  0.0241  0.0254  0.0230  0.0237  0.0249  0.0233  0.0248  0.0231  0.0235
niter,ni,del,rscale     5    3    5.0000    0.8000
parameters
   -0.0975    2.5279   24.5641  -10.8307   -8.5336   -2.5207
   -3.2158    0.8375    3.7597   -0.1674   -1.1039   -6.1805
eta,q 0.97743 13.16203
  0.0239  0.0238  0.0239  0.0234  0.0239  0.0247  0.0240  0.0246  0.0236  0.0246  0.0231  0.0235
  0.0230  0.0230  0.0231  0.0229  0.0230  0.0239  0.0232  0.0235  0.0230  0.0236  0.0228  0.0230
  0.0225  0.0225  0.0226  0.0225  0.0224  0.0231  0.0228  0.0229  0.0227  0.0229  0.0226  0.0227
  0.0223  0.0223  0.0223  0.0223  0.0223  0.0223  0.0226  0.0226  0.0226  0.0226  0.0226  0.0226
  0.0226  0.0225  0.0223  0.0223  0.0227  0.0224  0.0228  0.0227  0.0227  0.0227  0.0226  0.0226
  0.0231  0.0230  0.0226  0.0226  0.0236  0.0244  0.0232  0.0233  0.0230  0.0232  0.0228  0.0229
  0.0240  0.0237  0.0230  0.0232  0.0249  0.0286  0.0240  0.0244  0.0234  0.0242  0.0230  0.0233
niter,ni,del,rscale     4    3    5.0000    0.7000
parameters
   -0.0962    2.5712   24.4030  -10.6415   -8.4184   -2.4708
   -3.2444    0.8442    3.7711   -0.2093   -1.1247   -6.2873
eta,q 0.97747 13.17442
  0.0238  0.0237  0.0231  0.0233  0.0242  0.0247  0.0236  0.0241  0.0232  0.0240  0.0229  0.0232
  0.0231  0.0231  0.0227  0.0229  0.0234  0.0240  0.0230  0.0232  0.0228  0.0232  0.0227  0.0228
  0.0227  0.0227  0.0226  0.0227  0.0228  0.0233  0.0226  0.0227  0.0226  0.0227  0.0226  0.0226
  0.0226  0.0226  0.0226  0.0226  0.0226  0.0225  0.0225  0.0225  0.0225  0.0225  0.0225  0.0225
  0.0227  0.0227  0.0227  0.0226  0.0227  0.0222  0.0227  0.0227  0.0226  0.0227  0.0226  0.0226
  0.0231  0.0230  0.0230  0.0228  0.0232  0.0231  0.0230  0.0232  0.0228  0.0232  0.0227  0.0228
  0.0237  0.0236  0.0233  0.0232  0.0241  0.0256  0.0236  0.0241  0.0232  0.0241  0.0229  0.0232
niter,ni,del,rscale     3    3    5.0000    0.6000
parameters
   -0.0914    2.5635   24.3898  -10.5819   -8.3913   -2.0804
   -3.2098    0.8321    3.7817   -0.2318   -1.2747   -6.4081
eta,q 0.97763 13.18462
  0.0234  0.0233  0.0230  0.0230  0.0238  0.0244  0.0232  0.0236  0.0229  0.0235  0.0226  0.0228
  0.0229  0.0229  0.0227  0.0228  0.0231  0.0238  0.0228  0.0229  0.0226  0.0229  0.0225  0.0226
  0.0226  0.0226  0.0226  0.0226  0.0227  0.0232  0.0225  0.0225  0.0224  0.0225  0.0224  0.0224
  0.0225  0.0225  0.0225  0.0225  0.0225  0.0225  0.0224  0.0224  0.0224  0.0224  0.0224  0.0224
  0.0226  0.0226  0.0226  0.0226  0.0226  0.0222  0.0225  0.0225  0.0224  0.0225  0.0224  0.0224
  0.0229  0.0229  0.0228  0.0227  0.0231  0.0227  0.0227  0.0229  0.0226  0.0229  0.0225  0.0226
  0.0234  0.0233  0.0230  0.0231  0.0238  0.0244  0.0232  0.0236  0.0229  0.0236  0.0227  0.0229
niter,ni,del,rscale     2    3    5.0000    0.5000
parameters
   -0.0981    2.5654   24.4533  -10.4850   -8.4507   -1.7082
   -3.1684    0.8315    3.8310   -0.2460   -1.3753   -6.4613
eta,q 0.97776 13.19393
  0.0230  0.0229  0.0228  0.0228  0.0232  0.0240  0.0228  0.0231  0.0226  0.0231  0.0225  0.0226
  0.0226  0.0226  0.0226  0.0226  0.0228  0.0235  0.0225  0.0226  0.0224  0.0226  0.0223  0.0224
  0.0224  0.0224  0.0224  0.0224  0.0225  0.0229  0.0223  0.0223  0.0223  0.0223  0.0223  0.0223
  0.0224  0.0224  0.0224  0.0224  0.0224  0.0224  0.0222  0.0222  0.0222  0.0222  0.0222  0.0222
  0.0224  0.0224  0.0224  0.0224  0.0225  0.0222  0.0223  0.0223  0.0223  0.0223  0.0223  0.0223
  0.0227  0.0226  0.0225  0.0225  0.0228  0.0226  0.0225  0.0226  0.0224  0.0226  0.0224  0.0224
  0.0230  0.0229  0.0227  0.0227  0.0233  0.0238  0.0228  0.0231  0.0226  0.0231  0.0225  0.0226
niter,ni,del,rscale     1    3    5.0000    0.4000
parameters
   -0.1038    2.5775   24.5343  -10.4124   -8.5262   -1.3799
   -3.1417    0.8377    3.8426   -0.2614   -1.4206   -6.4823
eta,q 0.97783 13.20015
  0.0226  0.0226  0.0226  0.0225  0.0228  0.0235  0.0225  0.0228  0.0224  0.0227  0.0223  0.0224
  0.0224  0.0224  0.0224  0.0224  0.0225  0.0231  0.0223  0.0224  0.0223  0.0224  0.0222  0.0223
  0.0223  0.0223  0.0223  0.0223  0.0223  0.0226  0.0222  0.0222  0.0222  0.0222  0.0222  0.0222
  0.0222  0.0222  0.0222  0.0222  0.0222  0.0222  0.0222  0.0222  0.0222  0.0222  0.0222  0.0222
  0.0223  0.0223  0.0223  0.0223  0.0223  0.0221  0.0222  0.0222  0.0222  0.0222  0.0222  0.0222
  0.0224  0.0224  0.0223  0.0223  0.0225  0.0225  0.0223  0.0224  0.0223  0.0224  0.0222  0.0223
  0.0227  0.0226  0.0225  0.0225  0.0229  0.0233  0.0225  0.0228  0.0224  0.0228  0.0223  0.0224
registration optimization eta report
parameter search radius
    0.8000    0.8000    0.8000    2.4000    2.4000    2.7600
    2.4000    2.4000    2.4000    2.4000    2.4000    2.4000
100000*second partial in parameter space
       63.       56.       44.        4.       10.       15.
        6.       10.        4.       10.        3.        4.
  0.0226  0.0226  0.0226  0.0225  0.0228  0.0235  0.0225  0.0228  0.0224  0.0227  0.0223  0.0224
  0.0224  0.0224  0.0224  0.0224  0.0225  0.0231  0.0223  0.0224  0.0223  0.0224  0.0222  0.0223
  0.0223  0.0223  0.0223  0.0223  0.0223  0.0226  0.0222  0.0222  0.0222  0.0222  0.0222  0.0222
  0.0222  0.0222  0.0222  0.0222  0.0222  0.0222  0.0222  0.0222  0.0222  0.0222  0.0222  0.0222
  0.0223  0.0223  0.0223  0.0223  0.0223  0.0221  0.0222  0.0222  0.0222  0.0222  0.0222  0.0222
  0.0224  0.0224  0.0223  0.0223  0.0225  0.0225  0.0223  0.0224  0.0223  0.0224  0.0222  0.0223
  0.0227  0.0226  0.0225  0.0225  0.0229  0.0233  0.0225  0.0228  0.0224  0.0228  0.0223  0.0224
   -0.1038    2.5775   24.5343  -10.4124   -8.5262   -1.3799
   -3.1417    0.8377    3.8426   -0.2614   -1.4206   -6.4823
eta,q 0.97783 13.20015

---------------------------------------------------------------------
imgreg_4dfp /opt/freesurfer/average/711-2C_as_mni_average_305 /opt/freesurfer/average/711-2B_as_mni_average_305_mask talsrcimg_g11 none talsrcimg_to_711-2C_as_mni_average_305_t4 2311
---------------------------------------------------------------------

freesurfer imgreg_4dfp.c
/opt/freesurfer/average/711-2C_as_mni_average_305.4dfp.img
       256       256       256         1
  1.000000  1.000000  1.000000
orientation T byte_order littleendian
Reading image: /opt/freesurfer/average/711-2C_as_mni_average_305.4dfp.img
dimensions:      256       256       256
mmppix:       1.0000   -1.0000   -1.0000
center:     128.0000 -129.0000 -129.0000
/opt/freesurfer/average/711-2B_as_mni_average_305_mask.4dfp.img
       256       256       256         1
  1.000000  1.000000  1.000000
orientation T byte_order littleendian
Reading mask: /opt/freesurfer/average/711-2B_as_mni_average_305_mask.4dfp.img (2306576 pixels)
talsrcimg_g11.4dfp.img
       256       256       256         1
  1.000000  1.000000  1.000000
orientation T byte_order littleendian
Reading image: talsrcimg_g11.4dfp.img
dimensions:      256       256       256
mmppix:       1.0000   -1.0000   -1.0000
center:     128.0000 -129.0000 -129.0000
fimgreg.f
image alignment mode   2311 decimal      907 hex
parameters
   -0.1038    2.5775   24.5343  -10.4124   -8.5262   -1.3799
   -3.1417    0.8377    3.8426   -0.2614   -1.4206   -6.4823
eta,q 0.97783 13.20014
niter,ni,del,rscale     5    3    5.0000    0.8000
parameters
   -0.1022    2.6139   24.6747  -10.7754   -8.7327   -2.0570
   -3.2384    0.8037    3.8587   -0.0956   -1.3234   -6.3015
eta,q 0.97761 13.17089
  0.0238  0.0237  0.0236  0.0230  0.0241  0.0243  0.0237  0.0244  0.0233  0.0244  0.0229  0.0233
  0.0229  0.0228  0.0228  0.0226  0.0231  0.0236  0.0230  0.0233  0.0228  0.0234  0.0226  0.0228
  0.0224  0.0223  0.0223  0.0223  0.0224  0.0229  0.0225  0.0226  0.0225  0.0227  0.0225  0.0225
  0.0222  0.0222  0.0222  0.0222  0.0222  0.0222  0.0224  0.0224  0.0224  0.0224  0.0224  0.0224
  0.0224  0.0223  0.0223  0.0223  0.0225  0.0224  0.0226  0.0226  0.0225  0.0225  0.0224  0.0224
  0.0229  0.0228  0.0226  0.0227  0.0233  0.0240  0.0231  0.0233  0.0228  0.0231  0.0226  0.0227
  0.0238  0.0235  0.0231  0.0235  0.0245  0.0274  0.0238  0.0245  0.0233  0.0242  0.0229  0.0232
niter,ni,del,rscale     4    3    5.0000    0.7000
parameters
   -0.1057    2.6117   24.4896  -10.5989   -8.5644   -2.0582
   -3.2266    0.8169    3.8506   -0.1621   -1.3140   -6.3949
eta,q 0.97764 13.18193
  0.0236  0.0235  0.0229  0.0231  0.0241  0.0243  0.0235  0.0240  0.0230  0.0239  0.0228  0.0230
  0.0229  0.0228  0.0226  0.0227  0.0233  0.0237  0.0229  0.0231  0.0227  0.0231  0.0225  0.0227
  0.0225  0.0225  0.0224  0.0225  0.0227  0.0230  0.0225  0.0226  0.0224  0.0225  0.0224  0.0224
  0.0224  0.0224  0.0224  0.0224  0.0224  0.0224  0.0224  0.0224  0.0224  0.0224  0.0224  0.0224
  0.0225  0.0225  0.0226  0.0224  0.0225  0.0222  0.0225  0.0225  0.0224  0.0225  0.0224  0.0224
  0.0229  0.0229  0.0229  0.0226  0.0230  0.0230  0.0228  0.0230  0.0227  0.0231  0.0225  0.0227
  0.0236  0.0234  0.0233  0.0231  0.0239  0.0250  0.0234  0.0240  0.0231  0.0240  0.0228  0.0231
niter,ni,del,rscale     3    3    5.0000    0.6000
parameters
   -0.1033    2.5971   24.4711  -10.5391   -8.5100   -1.7622
   -3.1890    0.8142    3.8563   -0.2068   -1.3904   -6.4766
eta,q 0.97774 13.18969
  0.0232  0.0231  0.0229  0.0229  0.0236  0.0240  0.0231  0.0235  0.0228  0.0234  0.0226  0.0228
  0.0228  0.0227  0.0226  0.0226  0.0230  0.0235  0.0226  0.0228  0.0225  0.0228  0.0224  0.0225
  0.0225  0.0224  0.0224  0.0224  0.0226  0.0229  0.0224  0.0224  0.0223  0.0224  0.0223  0.0223
  0.0224  0.0224  0.0224  0.0224  0.0224  0.0224  0.0223  0.0223  0.0223  0.0223  0.0223  0.0223
  0.0225  0.0225  0.0224  0.0224  0.0225  0.0222  0.0223  0.0224  0.0223  0.0224  0.0223  0.0223
  0.0228  0.0227  0.0226  0.0226  0.0229  0.0227  0.0226  0.0228  0.0225  0.0228  0.0224  0.0225
  0.0232  0.0232  0.0229  0.0229  0.0236  0.0240  0.0231  0.0235  0.0228  0.0235  0.0226  0.0228
niter,ni,del,rscale     2    3    5.0000    0.5000
parameters
   -0.1065    2.5914   24.5279  -10.4743   -8.5464   -1.4640
   -3.1552    0.8171    3.8719   -0.2300   -1.4229   -6.5001
eta,q 0.97782 13.19585
  0.0229  0.0228  0.0227  0.0226  0.0231  0.0237  0.0228  0.0231  0.0226  0.0231  0.0224  0.0226
  0.0225  0.0225  0.0225  0.0224  0.0227  0.0232  0.0225  0.0226  0.0223  0.0226  0.0223  0.0224
  0.0223  0.0223  0.0223  0.0223  0.0224  0.0227  0.0223  0.0223  0.0222  0.0223  0.0222  0.0222
  0.0223  0.0223  0.0223  0.0223  0.0223  0.0223  0.0222  0.0222  0.0222  0.0222  0.0222  0.0222
  0.0223  0.0223  0.0223  0.0223  0.0224  0.0222  0.0222  0.0223  0.0222  0.0223  0.0222  0.0222
  0.0225  0.0225  0.0224  0.0224  0.0227  0.0225  0.0224  0.0226  0.0223  0.0226  0.0223  0.0224
  0.0229  0.0228  0.0226  0.0226  0.0232  0.0235  0.0227  0.0231  0.0225  0.0231  0.0224  0.0226
niter,ni,del,rscale     1    3    5.0000    0.4000
parameters
   -0.1080    2.5974   24.6017  -10.4167   -8.5995   -1.2114
   -3.1451    0.8363    3.8754   -0.2412   -1.4460   -6.5246
eta,q 0.97786 13.20060
  0.0226  0.0225  0.0225  0.0224  0.0228  0.0233  0.0225  0.0228  0.0224  0.0227  0.0223  0.0224
  0.0224  0.0224  0.0223  0.0223  0.0224  0.0229  0.0223  0.0224  0.0222  0.0224  0.0222  0.0223
  0.0222  0.0222  0.0222  0.0222  0.0223  0.0225  0.0222  0.0222  0.0222  0.0222  0.0222  0.0222
  0.0222  0.0222  0.0222  0.0222  0.0222  0.0222  0.0221  0.0221  0.0221  0.0221  0.0221  0.0221
  0.0222  0.0222  0.0222  0.0222  0.0223  0.0221  0.0222  0.0222  0.0222  0.0222  0.0222  0.0222
  0.0224  0.0223  0.0223  0.0223  0.0225  0.0224  0.0223  0.0224  0.0222  0.0224  0.0222  0.0222
  0.0226  0.0225  0.0224  0.0224  0.0228  0.0230  0.0225  0.0227  0.0224  0.0227  0.0223  0.0224
registration optimization eta report
parameter search radius
    0.8000    0.8000    0.8000    2.4000    2.4000    2.4000
    2.4000    2.4000    2.4000    2.4000    2.4000    2.4000
100000*second partial in parameter space
       64.       56.       46.        4.       10.       17.
        7.       11.        4.       10.        3.        4.
  0.0226  0.0225  0.0225  0.0224  0.0228  0.0233  0.0225  0.0228  0.0224  0.0227  0.0223  0.0224
  0.0224  0.0224  0.0223  0.0223  0.0224  0.0229  0.0223  0.0224  0.0222  0.0224  0.0222  0.0223
  0.0222  0.0222  0.0222  0.0222  0.0223  0.0225  0.0222  0.0222  0.0222  0.0222  0.0222  0.0222
  0.0222  0.0222  0.0222  0.0222  0.0222  0.0222  0.0221  0.0221  0.0221  0.0221  0.0221  0.0221
  0.0222  0.0222  0.0222  0.0222  0.0223  0.0221  0.0222  0.0222  0.0222  0.0222  0.0222  0.0222
  0.0224  0.0223  0.0223  0.0223  0.0225  0.0224  0.0223  0.0224  0.0222  0.0224  0.0222  0.0222
  0.0226  0.0225  0.0224  0.0224  0.0228  0.0230  0.0225  0.0227  0.0224  0.0227  0.0223  0.0224
   -0.1080    2.5974   24.6017  -10.4167   -8.5995   -1.2114
   -3.1451    0.8363    3.8754   -0.2412   -1.4460   -6.5246
eta,q 0.97786 13.20060

---------------------------------------------------------------------
compute_vox2vox talsrcimg talsrcimg_to_711-2C_as_mni_average_305_t4 /opt/freesurfer/average/711-2C_as_mni_average_305
---------------------------------------------------------------------

freesurfer compute_vox2vox.c
Reading: talsrcimg.4dfp.ifh
Reading: talsrcimg_to_711-2C_as_mni_average_305_t4
Reading: /opt/freesurfer/average/711-2C_as_mni_average_305.4dfp.ifh
Writing: talsrcimg_to_711-2C_as_mni_average_305_t4_vox2vox.txt

start time Mon Mar 9 19:17:14 CET 2026
end		time Mon Mar 9 19:18:43 CET 2026

mpr2mni305 success

avi2talxfm orig_nu.mgz /opt/freesurfer/average/mni305.cor.mgz talsrcimg_to_711-2C_as_mni_average_305_t4_vox2vox.txt transforms/talairach.auto.xfm
avi2talxfm done
mv -f /out/sourcedata/freesurfer/sub-v1s23x0050574_ses-1/mri/talsrcimg_to_711-2C_as_mni_average_305_t4_vox2vox.txt /out/sourcedata/freesurfer/sub-v1s23x0050574_ses-1/mri/transforms/talsrcimg_to_711-2C_as_mni_average_305_t4_vox2vox.txt
lta_convert --src orig_nu.mgz --trg /opt/freesurfer/average/mni305.cor.mgz --inxfm transforms/talairach.auto.xfm --outlta transforms/talairach.auto.xfm.lta --subject fsaverage
7.3.2

--src: orig_nu.mgz src image (geometry).
--trg: /opt/freesurfer/average/mni305.cor.mgz trg image (geometry).
--inmni: transforms/talairach.auto.xfm input MNI/XFM transform.
--outlta: transforms/talairach.auto.xfm.lta output LTA.
--s: fsaverage subject name
 LTA read, type : 1
 1.11450  -0.00934   0.03768  -72.67931;
 0.01319   1.01233   0.07272   23.20349;
-0.04722   0.00307   1.09268  -24.20885;
 0.00000   0.00000   0.00000   1.00000;
setting subject to fsaverage
Writing  LTA to file transforms/talairach.auto.xfm.lta...
lta_convert successful.
 
 
Started at Mon Mar 9 19:17:14 CET 2026
Ended   at Mon Mar  9 19:18:43 CET 2026
talairach_avi done
