/out/sourcedata/freesurfer/sub-v1s23x0050607_ses-1/mri
/opt/freesurfer/bin/talairach_avi
--i orig_nu.mgz --xfm transforms/talairach.auto.xfm
talairach_avi 7.3.2
Linux dna029 5.14.0-427.37.1.el9_4.x86_64 #1 SMP PREEMPT_DYNAMIC Fri Sep 13 12:41:50 EDT 2024 x86_64 x86_64 x86_64 GNU/Linux
Mon Mar  9 20:23:31 CET 2026
mri_convert orig_nu.mgz talsrcimg.img 
reading from orig_nu.mgz...
TR=0.00, TE=0.00, TI=0.00, flip angle=0.00
i_ras = (-1, 0, 0)
j_ras = (0, 0, -1)
k_ras = (0, 1, 0)
writing to talsrcimg.img...
Analyze Output Matrix
-1.00000   0.00000   0.00000   169.19020;
 0.00000   0.00000   1.00000  -177.50182;
 0.00000  -1.00000   0.00000   153.04521;
 0.00000   0.00000   0.00000   1.00000;
--------------------
INFO: set hdr.hist.orient to -1
mpr2mni305 talsrcimg
Mon Mar  9 20:23:32 CET 2026
/opt/freesurfer/bin/mpr2mni305 talsrcimg
mpr2mni305 7.3.2
target=711-2C_as_mni_average_305

---------------------------------------------------------------------
analyzeto4dfp talsrcimg -O0 -y
---------------------------------------------------------------------

freesurfer ifh2hdr.c
Mon Mar  9 20:23:32 2026
Writing: talsrcimg.4dfp.hdr
freesurfer analyzeto4dfp.c
Reading: talsrcimg.hdr
header size 348 bytes
hdr.dime.datatype	offset=70	value=2
hdr.dime.bitpix		offset=72	value=8
hdr.hist.orient		offset=252	value=-1
dimensionality     4
dimensions       256       256       256         1
Reading: talsrcimg.img
Writing: talsrcimg.4dfp.img
Writing: talsrcimg.4dfp.ifh
ifh2hdr talsrcimg -r0to226
ori=2

---------------------------------------------------------------------
gauss_4dfp talsrcimg 1.1
---------------------------------------------------------------------

freesurfer gauss_4dfp.c
Reading: talsrcimg.4dfp.img
Writing: talsrcimg_g11.4dfp.img
image dimensions 256 256 256 padded to 288 288 288
processing volume 1freesurfer ifh2hdr.c
Mon Mar  9 20:23:33 2026
Writing: talsrcimg_g11.4dfp.hdr

Writing: talsrcimg_g11.4dfp.ifh
including: talsrcimg.4dfp.img.rec in talsrcimg_g11.4dfp.img.rec

---------------------------------------------------------------------
imgreg_4dfp /opt/freesurfer/average/711-2C_as_mni_average_305 none talsrcimg_g11 none talsrcimg_to_711-2C_as_mni_average_305_t4 4355
---------------------------------------------------------------------

freesurfer imgreg_4dfp.c
/opt/freesurfer/average/711-2C_as_mni_average_305.4dfp.img
       256       256       256         1
  1.000000  1.000000  1.000000
orientation T byte_order littleendian
Reading image: /opt/freesurfer/average/711-2C_as_mni_average_305.4dfp.img
dimensions:      256       256       256
mmppix:       1.0000   -1.0000   -1.0000
center:     128.0000 -129.0000 -129.0000
talsrcimg_g11.4dfp.img
       256       256       256         1
  1.000000  1.000000  1.000000
orientation T byte_order littleendian
Reading image: talsrcimg_g11.4dfp.img
dimensions:      256       256       256
mmppix:       1.0000   -1.0000   -1.0000
center:     128.0000 -129.0000 -129.0000
t4_read: open error in t4_sub.f l:  41 t4_file(1:l)talsrcimg_to_711-2C_as_mni_average_305_t4 
t4_read: transform initialized to I4
rotation matrix determinant  1.000000
image alignment mode   4355 decimal     1103 hex
   -7.5000  -45.0000  -45.0000 7087.5601   25.7009
    0.0000  -45.0000  -45.0000 7388.9897   25.7026
    7.5000  -45.0000  -45.0000 7081.2554   25.6940
   -7.5000  -37.5000  -45.0000 7536.6450   25.6833
    0.0000  -37.5000  -45.0000 7853.8350   25.6837
    7.5000  -37.5000  -45.0000 7537.8267   25.6841
   -7.5000  -30.0000  -45.0000 8248.0488   25.6535
    0.0000  -30.0000  -45.0000 8602.7939   25.6613
    7.5000  -30.0000  -45.0000 8248.8916   25.6673
   -7.5000  -22.5000  -45.0000 8957.5195   25.6412
    0.0000  -22.5000  -45.0000 9346.8730   25.6559
    7.5000  -22.5000  -45.0000 8942.7568   25.6563
   -7.5000  -15.0000  -45.0000 9512.7041   25.6540
    0.0000  -15.0000  -45.0000 9920.3691   25.6700
    7.5000  -15.0000  -45.0000 9475.4268   25.6614
   -7.5000   -7.5000  -45.0000 9986.6885   25.6778
    0.0000   -7.5000  -45.000010403.9873   25.6881
    7.5000   -7.5000  -45.0000 9958.2988   25.6763
   -7.5000    0.0000  -45.000010426.4775   25.6918
    0.0000    0.0000  -45.000010867.0293   25.6934
    7.5000    0.0000  -45.000010387.0732   25.6847
   -7.5000    7.5000  -45.000010046.3770   25.6788
    0.0000    7.5000  -45.000010472.7559   25.6792
    7.5000    7.5000  -45.0000 9994.4717   25.6793
   -7.5000   15.0000  -45.0000 9495.5869   25.6511
    0.0000   15.0000  -45.0000 9921.5654   25.6589
    7.5000   15.0000  -45.0000 9449.3223   25.6648
   -7.5000   22.5000  -45.0000 8924.4873   25.6367
    0.0000   22.5000  -45.0000 9335.8457   25.6514
    7.5000   22.5000  -45.0000 8843.1924   25.6518
   -7.5000   30.0000  -45.0000 8306.4863   25.3128
    0.0000   30.0000  -45.0000 8698.5674   25.3285
    7.5000   30.0000  -45.0000 8223.5186   25.3200
   -7.5000   37.5000  -45.0000 8004.2690   25.4145
    0.0000   37.5000  -45.0000 8383.4971   25.4259
    7.5000   37.5000  -45.0000 7906.2319   25.4152
   -7.5000   45.0000  -45.0000 7447.5508   24.9928
    0.0000   45.0000  -45.0000 7795.0410   24.9932
    7.5000   45.0000  -45.0000 7356.8242   24.9875
   -7.5000  -45.0000  -37.5000 7388.0801   25.2812
    0.0000  -45.0000  -37.5000 7703.7563   25.2864
    7.5000  -45.0000  -37.5000 7368.1670   25.2883
   -7.5000  -37.5000  -37.5000 7862.5864   25.2584
    0.0000  -37.5000  -37.5000 8191.6978   25.2607
    7.5000  -37.5000  -37.5000 7836.0430   25.2646
   -7.5000  -30.0000  -37.5000 8627.6191   25.2249
    0.0000  -30.0000  -37.5000 8982.9395   25.2324
    7.5000  -30.0000  -37.5000 8563.5527   25.2362
   -7.5000  -22.5000  -37.5000 9379.1514   25.2136
    0.0000  -22.5000  -37.5000 9761.5195   25.2279
    7.5000  -22.5000  -37.5000 9282.3984   25.2280
   -7.5000  -15.0000  -37.5000 9973.5400   25.2308
    0.0000  -15.0000  -37.500010367.4043   25.2485
    7.5000  -15.0000  -37.5000 9892.9785   25.2466
   -7.5000   -7.5000  -37.500010487.7783   25.2588
    0.0000   -7.5000  -37.500010901.6025   25.2727
    7.5000   -7.5000  -37.500010427.6455   25.2726
   -7.5000    0.0000  -37.500010940.5088   25.2724
    0.0000    0.0000  -37.500011386.8945   25.2775
    7.5000    0.0000  -37.500010865.1934   25.2792
   -7.5000    7.5000  -37.500010531.2842   25.2539
    0.0000    7.5000  -37.500010968.3379   25.2562
    7.5000    7.5000  -37.500010452.2246   25.2599
   -7.5000   15.0000  -37.5000 9991.6514   25.2224
    0.0000   15.0000  -37.500010437.2393   25.2300
    7.5000   15.0000  -37.5000 9895.1553   25.2338
   -7.5000   22.5000  -37.5000 9386.2354   25.2091
    0.0000   22.5000  -37.5000 9805.6533   25.2235
    7.5000   22.5000  -37.5000 9286.3877   25.2236
   -7.5000   30.0000  -37.5000 8727.0127   24.8951
    0.0000   30.0000  -37.5000 9130.3770   24.9126
    7.5000   30.0000  -37.5000 8635.0508   24.9107
   -7.5000   37.5000  -37.5000 8405.6348   24.9960
    0.0000   37.5000  -37.5000 8790.2861   25.0109
    7.5000   37.5000  -37.5000 8305.4932   25.0116
   -7.5000   45.0000  -37.5000 7824.9644   24.5788
    0.0000   45.0000  -37.5000 8172.6089   24.5834
    7.5000   45.0000  -37.5000 7716.3462   24.5882
   -7.5000  -45.0000  -30.0000 7881.3960   26.0750
    0.0000  -45.0000  -30.0000 8199.5928   26.0835
    7.5000  -45.0000  -30.0000 7827.0293   26.0851
   -7.5000  -37.5000  -30.0000 8401.1572   26.0578
    0.0000  -37.5000  -30.0000 8727.0723   26.0582
    7.5000  -37.5000  -30.0000 8328.8896   26.0557
   -7.5000  -30.0000  -30.0000 9240.5498   26.0324
    0.0000  -30.0000  -30.0000 9595.4053   26.0351
    7.5000  -30.0000  -30.0000 9135.4873   26.0323
   -7.5000  -22.5000  -30.000010021.8867   26.0223
    0.0000  -22.5000  -30.000010424.3779   26.0352
    7.5000  -22.5000  -30.0000 9918.3125   26.0352
   -7.5000  -15.0000  -30.000010692.7637   26.0345
    0.0000  -15.0000  -30.000011114.0137   26.0561
    7.5000  -15.0000  -30.000010619.4004   26.0605
   -7.5000   -7.5000  -30.000011266.6777   26.0556
    0.0000   -7.5000  -30.000011706.3018   26.0751
    7.5000   -7.5000  -30.000011176.8799   26.0808
   -7.5000    0.0000  -30.000011739.1982   26.0660
    0.0000    0.0000  -30.000012175.9717   26.0744
    7.5000    0.0000  -30.000011599.1016   26.0759
   -7.5000    7.5000  -30.000011290.1494   26.0531
    0.0000    7.5000  -30.000011696.0342   26.0536
    7.5000    7.5000  -30.000011129.0664   26.0510
   -7.5000   15.0000  -30.000010740.0938   26.0299
    0.0000   15.0000  -30.000011161.8965   26.0326
    7.5000   15.0000  -30.000010574.6045   26.0299
   -7.5000   22.5000  -30.000010131.8184   26.0151
    0.0000   22.5000  -30.000010540.3369   26.0281
    7.5000   22.5000  -30.0000 9987.0693   26.0280
   -7.5000   30.0000  -30.0000 9425.5166   25.6906
    0.0000   30.0000  -30.0000 9836.0732   25.7119
    7.5000   30.0000  -30.0000 9302.1553   25.7163
   -7.5000   37.5000  -30.0000 9076.4766   25.7870
    0.0000   37.5000  -30.0000 9463.0332   25.8074
    7.5000   37.5000  -30.0000 8931.2080   25.8136
   -7.5000   45.0000  -30.0000 8413.9336   25.3658
    0.0000   45.0000  -30.0000 8769.9746   25.3738
    7.5000   45.0000  -30.0000 8272.5000   25.3782
   -7.5000  -45.0000  -22.5000 8496.6338   26.9162
    0.0000  -45.0000  -22.5000 8828.9775   26.9243
    7.5000  -45.0000  -22.5000 8403.2998   26.9137
   -7.5000  -37.5000  -22.5000 9066.8086   26.9190
    0.0000  -37.5000  -22.5000 9416.6328   26.9155
    7.5000  -37.5000  -22.5000 8966.4834   26.9026
   -7.5000  -30.0000  -22.5000 9980.1553   26.9115
    0.0000  -30.0000  -22.500010377.7246   26.9081
    7.5000  -30.0000  -22.5000 9875.5254   26.9010
   -7.5000  -22.5000  -22.500010837.3135   26.8967
    0.0000  -22.5000  -22.500011283.3906   26.9056
    7.5000  -22.5000  -22.500010738.5576   26.9059
   -7.5000  -15.0000  -22.500011584.3594   26.8894
    0.0000  -15.0000  -22.500012021.2666   26.9103
    7.5000  -15.0000  -22.500011488.6387   26.9135
   -7.5000   -7.5000  -22.500012221.7900   26.8949
    0.0000   -7.5000  -22.500012676.2139   26.9152
    7.5000   -7.5000  -22.500012091.3984   26.9133
   -7.5000    0.0000  -22.500012710.0771   26.9068
    0.0000    0.0000  -22.500013190.5723   26.9150
    7.5000    0.0000  -22.500012536.9131   26.9042
   -7.5000    7.5000  -22.500012233.2998   26.9142
    0.0000    7.5000  -22.500012690.2119   26.9107
    7.5000    7.5000  -22.500012067.1836   26.8977
   -7.5000   15.0000  -22.500011650.9287   26.9090
    0.0000   15.0000  -22.500012098.3916   26.9057
    7.5000   15.0000  -22.500011490.1777   26.8985
   -7.5000   22.5000  -22.500010997.3662   26.8875
    0.0000   22.5000  -22.500011436.9033   26.8965
    7.5000   22.5000  -22.500010863.5586   26.8967
   -7.5000   30.0000  -22.500010257.2666   26.5383
    0.0000   30.0000  -22.500010677.3730   26.5589
    7.5000   30.0000  -22.500010117.4336   26.5621
   -7.5000   37.5000  -22.5000 9862.6094   26.6256
    0.0000   37.5000  -22.500010269.7686   26.6466
    7.5000   37.5000  -22.5000 9715.0928   26.6452
   -7.5000   45.0000  -22.5000 9128.6631   26.2037
    0.0000   45.0000  -22.5000 9505.4385   26.2108
    7.5000   45.0000  -22.5000 8962.6377   26.2025
   -7.5000  -45.0000  -15.0000 9151.8389   27.5330
    0.0000  -45.0000  -15.0000 9517.1074   27.5380
    7.5000  -45.0000  -15.0000 9046.1133   27.5160
   -7.5000  -37.5000  -15.0000 9779.6143   27.5439
    0.0000  -37.5000  -15.000010168.8584   27.5380
    7.5000  -37.5000  -15.0000 9665.5059   27.5216
   -7.5000  -30.0000  -15.000010782.4033   27.5459
    0.0000  -30.0000  -15.000011217.8828   27.5409
    7.5000  -30.0000  -15.000010659.4512   27.5359
   -7.5000  -22.5000  -15.000011735.9912   27.5327
    0.0000  -22.5000  -15.000012225.7695   27.5392
    7.5000  -22.5000  -15.000011612.1494   27.5388
   -7.5000  -15.0000  -15.000012550.2080   27.5185
    0.0000  -15.0000  -15.000013030.9834   27.5355
    7.5000  -15.0000  -15.000012396.3145   27.5303
   -7.5000   -7.5000  -15.000013227.7617   27.5143
    0.0000   -7.5000  -15.000013744.4609   27.5307
    7.5000   -7.5000  -15.000013082.1758   27.5152
   -7.5000    0.0000  -15.000013759.9590   27.5233
    0.0000    0.0000  -15.000014289.0586   27.5284
    7.5000    0.0000  -15.000013614.0684   27.5062
   -7.5000    7.5000  -15.000013246.8086   27.5390
    0.0000    7.5000  -15.000013747.9648   27.5332
    7.5000    7.5000  -15.000013095.8389   27.5166
   -7.5000   15.0000  -15.000012623.0527   27.5434
    0.0000   15.0000  -15.000013098.8271   27.5384
    7.5000   15.0000  -15.000012489.6084   27.5333
   -7.5000   22.5000  -15.000011907.8154   27.5220
    0.0000   22.5000  -15.000012389.3691   27.5285
    7.5000   22.5000  -15.000011777.8125   27.5280
   -7.5000   30.0000  -15.000011102.6846   27.1631
    0.0000   30.0000  -15.000011563.2588   27.1799
    7.5000   30.0000  -15.000010949.5156   27.1746
   -7.5000   37.5000  -15.000010715.7012   27.2459
    0.0000   37.5000  -15.000011157.5830   27.2629
    7.5000   37.5000  -15.000010550.2930   27.2482
   -7.5000   45.0000  -15.0000 9916.6035   26.8210
    0.0000   45.0000  -15.000010322.7695   26.8242
    7.5000   45.0000  -15.0000 9753.9717   26.8045
   -7.5000  -45.0000   -7.5000 9811.1016   27.8685
    0.0000  -45.0000   -7.500010206.0352   27.8703
    7.5000  -45.0000   -7.5000 9695.8506   27.8499
   -7.5000  -37.5000   -7.500010516.0742   27.8654
    0.0000  -37.5000   -7.500010937.1855   27.8621
    7.5000  -37.5000   -7.500010380.3008   27.8530
   -7.5000  -30.0000   -7.500011638.4590   27.8550
    0.0000  -30.0000   -7.500012113.9541   27.8565
    7.5000  -30.0000   -7.500011484.5928   27.8584
   -7.5000  -22.5000   -7.500012736.0752   27.8459
    0.0000  -22.5000   -7.500013274.2246   27.8561
    7.5000  -22.5000   -7.500012574.9307   27.8556
   -7.5000  -15.0000   -7.500013616.6650   27.8462
    0.0000  -15.0000   -7.500014173.9434   27.8610
    7.5000  -15.0000   -7.500013473.7256   27.8494
   -7.5000   -7.5000   -7.500014346.8076   27.8517
    0.0000   -7.5000   -7.500014931.5732   27.8631
    7.5000   -7.5000   -7.500014251.3340   27.8423
   -7.5000    0.0000   -7.500014895.3145   27.8587
    0.0000    0.0000   -7.500015512.5029   27.8604
    7.5000    0.0000   -7.500014857.6494   27.8399
   -7.5000    7.5000   -7.500014340.1660   27.8605
    0.0000    7.5000   -7.500014938.5234   27.8572
    7.5000    7.5000   -7.500014321.5254   27.8479
   -7.5000   15.0000   -7.500013644.7812   27.8525
    0.0000   15.0000   -7.500014257.1279   27.8539
    7.5000   15.0000   -7.500013614.5049   27.8557
   -7.5000   22.5000   -7.500012904.3145   27.8320
    0.0000   22.5000   -7.500013467.1494   27.8422
    7.5000   22.5000   -7.500012833.5654   27.8417
   -7.5000   30.0000   -7.500012070.7607   27.4858
    0.0000   30.0000   -7.500012599.1396   27.5004
    7.5000   30.0000   -7.500011953.3779   27.4889
   -7.5000   37.5000   -7.500011673.8779   27.5779
    0.0000   37.5000   -7.500012195.3604   27.5902
    7.5000   37.5000   -7.500011521.8809   27.5705
   -7.5000   45.0000   -7.500010823.6260   27.1537
    0.0000   45.0000   -7.500011312.4736   27.1537
    7.5000   45.0000   -7.500010653.1709   27.1358
   -7.5000  -45.0000    0.000010379.6289   27.9561
    0.0000  -45.0000    0.000010760.0195   27.9571
    7.5000  -45.0000    0.000010216.7041   27.9484
   -7.5000  -37.5000    0.000011176.1650   27.9318
    0.0000  -37.5000    0.000011595.0781   27.9323
    7.5000  -37.5000    0.000010977.9404   27.9330
   -7.5000  -30.0000    0.000012410.6035   27.9011
    0.0000  -30.0000    0.000012912.8564   27.9098
    7.5000  -30.0000    0.000012192.7607   27.9158
   -7.5000  -22.5000    0.000013699.6777   27.8953
    0.0000  -22.5000    0.000014279.6523   27.9108
    7.5000  -22.5000    0.000013476.1621   27.9102
   -7.5000  -15.0000    0.000014685.6191   27.9162
    0.0000  -15.0000    0.000015325.9473   27.9320
    7.5000  -15.0000    0.000014555.8369   27.9218
   -7.5000   -7.5000    0.000015420.7549   27.9396
    0.0000   -7.5000    0.000016100.3350   27.9492
    7.5000   -7.5000    0.000015433.6562   27.9362
   -7.5000    0.0000    0.000015983.0840   27.9462
    0.0000    0.0000    0.000016730.8086   27.9472
    7.5000    0.0000    0.000016093.7051   27.9383
   -7.5000    7.5000    0.000015360.2559   27.9269
    0.0000    7.5000    0.000016187.8721   27.9273
    7.5000    7.5000    0.000015489.5049   27.9278
   -7.5000   15.0000    0.000014697.4570   27.8985
    0.0000   15.0000    0.000015470.4922   27.9072
    7.5000   15.0000    0.000014707.7490   27.9132
   -7.5000   22.5000    0.000014002.1309   27.8814
    0.0000   22.5000    0.000014669.1982   27.8968
    7.5000   22.5000    0.000013872.1523   27.8963
   -7.5000   30.0000    0.000013151.2979   27.5556
    0.0000   30.0000    0.000013760.9863   27.5712
    7.5000   30.0000    0.000012937.4736   27.5610
   -7.5000   37.5000    0.000012721.5713   27.6615
    0.0000   37.5000    0.000013340.6084   27.6723
    7.5000   37.5000    0.000012492.1602   27.6604
   -7.5000   45.0000    0.000011768.1387   27.2410
    0.0000   45.0000    0.000012334.2334   27.2408
    7.5000   45.0000    0.000011532.7119   27.2350
   -7.5000  -45.0000    7.500010064.6719   27.9708
    0.0000  -45.0000    7.500010466.9121   27.9756
    7.5000  -45.0000    7.5000 9936.8838   27.9776
   -7.5000  -37.5000    7.500010868.0127   27.9391
    0.0000  -37.5000    7.500011297.8047   27.9413
    7.5000  -37.5000    7.500010684.1240   27.9452
   -7.5000  -30.0000    7.500012185.8867   27.9011
    0.0000  -30.0000    7.500012652.5811   27.9099
    7.5000  -30.0000    7.500011925.5898   27.9131
   -7.5000  -22.5000    7.500013663.0762   27.8949
    0.0000  -22.5000    7.500014225.9326   27.9114
    7.5000  -22.5000    7.500013355.1113   27.9105
   -7.5000  -15.0000    7.500014938.0254   27.9215
    0.0000  -15.0000    7.500015702.2285   27.9415
    7.5000  -15.0000    7.500014775.8662   27.9387
   -7.5000   -7.5000    7.500015723.5811   27.9528
    0.0000   -7.5000    7.500016744.0410   27.9675
    7.5000   -7.5000    7.500015754.9268   27.9672
   -7.5000    0.0000    7.500016191.6143   27.9610
    0.0000    0.0000    7.500017275.6367   27.9658
    7.5000    0.0000    7.500016317.5098   27.9676
   -7.5000    7.5000    7.500015519.7568   27.9342
    0.0000    7.5000    7.500016500.5820   27.9364
    7.5000    7.5000    7.500015546.3760   27.9400
   -7.5000   15.0000    7.500014856.0449   27.8985
    0.0000   15.0000    7.500015665.1143   27.9072
    7.5000   15.0000    7.500014675.9863   27.9104
   -7.5000   22.5000    7.500014103.8770   27.8810
    0.0000   22.5000    7.500014781.8643   27.8976
    7.5000   22.5000    7.500013803.0771   27.8966
   -7.5000   30.0000    7.500013210.0244   27.5608
    0.0000   30.0000    7.500013811.3311   27.5805
    7.5000   30.0000    7.500012875.2373   27.5777
   -7.5000   37.5000    7.500012731.1963   27.6717
    0.0000   37.5000    7.500013339.1494   27.6876
    7.5000   37.5000    7.500012409.3926   27.6883
   -7.5000   45.0000    7.500011731.2529   27.2543
    0.0000   45.0000    7.500012303.0264   27.2584
    7.5000   45.0000    7.500011446.5459   27.2637
   -7.5000  -45.0000   15.0000 9673.9248   27.9588
    0.0000  -45.0000   15.000010056.2510   27.9680
    7.5000  -45.0000   15.0000 9576.6738   27.9695
   -7.5000  -37.5000   15.000010462.3984   27.9402
    0.0000  -37.5000   15.000010856.0078   27.9410
    7.5000  -37.5000   15.000010315.5137   27.9382
   -7.5000  -30.0000   15.000011755.0322   27.9123
    0.0000  -30.0000   15.000012203.1465   27.9155
    7.5000  -30.0000   15.000011576.9219   27.9125
   -7.5000  -22.5000   15.000013373.6885   27.9009
    0.0000  -22.5000   15.000013982.5215   27.9150
    7.5000  -22.5000   15.000013070.3164   27.9147
   -7.5000  -15.0000   15.000015072.7705   27.9142
    0.0000  -15.0000   15.000016119.6895   27.9373
    7.5000  -15.0000   15.000014566.9697   27.9418
   -7.5000   -7.5000   15.000016044.7812   27.9375
    0.0000   -7.5000   15.000017194.3281   27.9585
    7.5000   -7.5000   15.000015572.6338   27.9643
   -7.5000    0.0000   15.000016287.3906   27.9492
    0.0000    0.0000   15.000017252.2578   27.9583
    7.5000    0.0000   15.000015953.0830   27.9597
   -7.5000    7.5000   15.000015380.0010   27.9352
    0.0000    7.5000   15.000016188.1602   27.9360
    7.5000    7.5000   15.000015068.3633   27.9331
   -7.5000   15.0000   15.000014489.9248   27.9097
    0.0000   15.0000   15.000015242.3271   27.9128
    7.5000   15.0000   15.000014232.2783   27.9098
   -7.5000   22.5000   15.000013642.9355   27.8871
    0.0000   22.5000   15.000014313.1113   27.9011
    7.5000   22.5000   15.000013426.6729   27.9009
   -7.5000   30.0000   15.000012771.1270   27.5535
    0.0000   30.0000   15.000013355.0146   27.5764
    7.5000   30.0000   15.000012535.7627   27.5807
   -7.5000   37.5000   15.000012321.2295   27.6576
    0.0000   37.5000   15.000012909.4727   27.6794
    7.5000   37.5000   15.000012084.5957   27.6858
   -7.5000   45.0000   15.000011370.6475   27.2420
    0.0000   45.0000   15.000011946.3721   27.2506
    7.5000   45.0000   15.000011143.6367   27.2553
   -7.5000  -45.0000   22.5000 9254.0205   27.9373
    0.0000  -45.0000   22.5000 9629.4873   27.9460
    7.5000  -45.0000   22.5000 9180.8438   27.9349
   -7.5000  -37.5000   22.500010107.8740   27.9398
    0.0000  -37.5000   22.500010552.6367   27.9366
    7.5000  -37.5000   22.500010008.5371   27.9232
   -7.5000  -30.0000   22.500011360.7676   27.9318
    0.0000  -30.0000   22.500011891.5000   27.9286
    7.5000  -30.0000   22.500011270.5146   27.9212
   -7.5000  -22.5000   22.500012746.8857   27.9165
    0.0000  -22.5000   22.500013448.2676   27.9261
    7.5000  -22.5000   22.500012632.9707   27.9262
   -7.5000  -15.0000   22.500014016.6250   27.9094
    0.0000  -15.0000   22.500014938.5439   27.9312
    7.5000  -15.0000   22.500013838.0088   27.9345
   -7.5000   -7.5000   22.500014713.3047   27.9154
    0.0000   -7.5000   22.500015516.3682   27.9367
    7.5000   -7.5000   22.500014581.1055   27.9345
   -7.5000    0.0000   22.500015113.6152   27.9276
    0.0000    0.0000   22.500015740.3857   27.9363
    7.5000    0.0000   22.500014966.6680   27.9251
   -7.5000    7.5000   22.500014497.3125   27.9349
    0.0000    7.5000   22.500015120.1904   27.9316
    7.5000    7.5000   22.500014307.9238   27.9181
   -7.5000   15.0000   22.500013729.9062   27.9292
    0.0000   15.0000   22.500014392.2744   27.9260
    7.5000   15.0000   22.500013585.1240   27.9186
   -7.5000   22.5000   22.500012907.0010   27.9027
    0.0000   22.5000   22.500013537.3711   27.9123
    7.5000   22.5000   22.500012784.4160   27.9124
   -7.5000   30.0000   22.500012114.9746   27.5489
    0.0000   30.0000   22.500012666.1416   27.5704
    7.5000   30.0000   22.500011956.4893   27.5736
   -7.5000   37.5000   22.500011746.0273   27.6398
    0.0000   37.5000   22.500012289.5781   27.6617
    7.5000   37.5000   22.500011576.0830   27.6602
   -7.5000   45.0000   22.500010847.1221   27.2213
    0.0000   45.0000   22.500011381.7061   27.2289
    7.5000   45.0000   22.500010698.3164   27.2204
   -7.5000  -45.0000   30.0000 8735.7314   27.9490
    0.0000  -45.0000   30.0000 9179.7314   27.9542
    7.5000  -45.0000   30.0000 8727.4932   27.9317
   -7.5000  -37.5000   30.0000 9485.6143   27.9597
    0.0000  -37.5000   30.0000 9966.5840   27.9540
    7.5000  -37.5000   30.0000 9481.2139   27.9371
   -7.5000  -30.0000   30.000010559.2002   27.9616
    0.0000  -30.0000   30.000011064.1709   27.9568
    7.5000  -30.0000   30.000010570.2695   27.9514
   -7.5000  -22.5000   30.000011704.4092   27.9483
    0.0000  -22.5000   30.000012354.4355   27.9551
    7.5000  -22.5000   30.000011729.5352   27.9544
   -7.5000  -15.0000   30.000012656.2275   27.9342
    0.0000  -15.0000   30.000013377.5273   27.9517
    7.5000  -15.0000   30.000012699.2715   27.9461
   -7.5000   -7.5000   30.000013189.4199   27.9302
    0.0000   -7.5000   30.000013776.9951   27.9469
    7.5000   -7.5000   30.000013287.2363   27.9310
   -7.5000    0.0000   30.000013664.7500   27.9391
    0.0000    0.0000   30.000014182.5850   27.9444
    7.5000    0.0000   30.000013744.8262   27.9218
   -7.5000    7.5000   30.000013268.4775   27.9548
    0.0000    7.5000   30.000013845.1611   27.9490
    7.5000    7.5000   30.000013290.4238   27.9320
   -7.5000   15.0000   30.000012681.3545   27.9590
    0.0000   15.0000   30.000013274.9033   27.9542
    7.5000   15.0000   30.000012687.2959   27.9488
   -7.5000   22.5000   30.000011995.0498   27.9345
    0.0000   22.5000   30.000012513.8008   27.9413
    7.5000   22.5000   30.000011927.9873   27.9406
   -7.5000   30.0000   30.000011282.3330   27.5734
    0.0000   30.0000   30.000011758.1797   27.5907
    7.5000   30.0000   30.000011170.1934   27.5851
   -7.5000   37.5000   30.000010950.5146   27.6578
    0.0000   37.5000   30.000011432.6084   27.6752
    7.5000   37.5000   30.000010828.6514   27.6600
   -7.5000   45.0000   30.000010106.6533   27.2337
    0.0000   45.0000   30.000010577.0195   27.2371
    7.5000   45.0000   30.000010013.2568   27.2170
   -7.5000  -45.0000   37.5000 8551.2705   28.5471
    0.0000  -45.0000   37.5000 8961.1104   28.5496
    7.5000  -45.0000   37.5000 8536.0938   28.5282
   -7.5000  -37.5000   37.5000 9219.2910   28.5433
    0.0000  -37.5000   37.5000 9637.3662   28.5408
    7.5000  -37.5000   37.5000 9219.7139   28.5313
   -7.5000  -30.0000   37.500010243.7617   28.5327
    0.0000  -30.0000   37.500010718.5479   28.5351
    7.5000  -30.0000   37.500010265.4033   28.5368
   -7.5000  -22.5000   37.500011302.1035   28.5239
    0.0000  -22.5000   37.500011881.0127   28.5352
    7.5000  -22.5000   37.500011352.0615   28.5344
   -7.5000  -15.0000   37.500012182.0703   28.5248
    0.0000  -15.0000   37.500012731.1592   28.5406
    7.5000  -15.0000   37.500012214.9150   28.5282
   -7.5000   -7.5000   37.500012793.2627   28.5303
    0.0000   -7.5000   37.500013288.2100   28.5425
    7.5000   -7.5000   37.500012843.5205   28.5206
   -7.5000    0.0000   37.500013326.2041   28.5368
    0.0000    0.0000   37.500013843.9180   28.5393
    7.5000    0.0000   37.500013380.5615   28.5178
   -7.5000    7.5000   37.500012925.8184   28.5381
    0.0000    7.5000   37.500013443.0156   28.5356
    7.5000    7.5000   37.500012950.1934   28.5259
   -7.5000   15.0000   37.500012382.6807   28.5300
    0.0000   15.0000   37.500012881.8350   28.5324
    7.5000   15.0000   37.500012369.9160   28.5341
   -7.5000   22.5000   37.500011706.5801   28.5097
    0.0000   22.5000   37.500012168.8223   28.5210
    7.5000   22.5000   37.500011654.9766   28.5201
   -7.5000   30.0000   37.500011020.0146   28.1564
    0.0000   30.0000   37.500011451.2236   28.1720
    7.5000   30.0000   37.500010915.1523   28.1597
   -7.5000   37.5000   37.500010697.1230   28.2526
    0.0000   37.5000   37.500011177.5977   28.2658
    7.5000   37.5000   37.500010606.7588   28.2450
   -7.5000   45.0000   37.5000 9856.5557   27.8237
    0.0000   45.0000   37.500010273.4268   27.8243
    7.5000   45.0000   37.5000 9791.8916   27.8056
   -7.5000  -45.0000   45.0000 7867.7822   29.1449
    0.0000  -45.0000   45.0000 8208.5234   29.1476
    7.5000  -45.0000   45.0000 7852.0225   29.1386
   -7.5000  -37.5000   45.0000 8507.6758   29.1194
    0.0000  -37.5000   45.0000 8886.2637   29.1223
    7.5000  -37.5000   45.0000 8492.7637   29.1233
   -7.5000  -30.0000   45.0000 9477.2422   29.0873
    0.0000  -30.0000   45.0000 9919.6064   29.0994
    7.5000  -30.0000   45.0000 9482.0684   29.1060
   -7.5000  -22.5000   45.000010433.8291   29.0812
    0.0000  -22.5000   45.000010940.5957   29.1003
    7.5000  -22.5000   45.000010450.4775   29.0997
   -7.5000  -15.0000   45.000011232.3105   29.1031
    0.0000  -15.0000   45.000011703.2812   29.1219
    7.5000  -15.0000   45.000011229.9619   29.1111
   -7.5000   -7.5000   45.000011863.2637   29.1274
    0.0000   -7.5000   45.000012348.4658   29.1390
    7.5000   -7.5000   45.000011880.4629   29.1253
   -7.5000    0.0000   45.000012416.6846   29.1341
    0.0000    0.0000   45.000012922.8604   29.1367
    7.5000    0.0000   45.000012419.0791   29.1276
   -7.5000    7.5000   45.000012020.1240   29.1140
    0.0000    7.5000   45.000012504.3711   29.1169
    7.5000    7.5000   45.000012000.0762   29.1177
   -7.5000   15.0000   45.000011484.0830   29.0844
    0.0000   15.0000   45.000011959.6250   29.0966
    7.5000   15.0000   45.000011452.7920   29.1031
   -7.5000   22.5000   45.000010880.3564   29.0666
    0.0000   22.5000   45.000011314.8848   29.0856
    7.5000   22.5000   45.000010837.7568   29.0851
   -7.5000   30.0000   45.000010241.9502   28.7246
    0.0000   30.0000   45.000010661.5986   28.7431
    7.5000   30.0000   45.000010171.2158   28.7324
   -7.5000   37.5000   45.0000 9935.9160   28.8389
    0.0000   37.5000   45.000010343.5732   28.8518
    7.5000   37.5000   45.0000 9857.9121   28.8394
   -7.5000   45.0000   45.0000 9123.5215   28.4269
    0.0000   45.0000   45.0000 9488.7852   28.4281
    7.5000   45.0000   45.0000 9048.4248   28.4224

---------------------------------------------------------------------
imgreg_4dfp /opt/freesurfer/average/711-2C_as_mni_average_305 /opt/freesurfer/average/711-2B_as_mni_average_305_mask talsrcimg_g11 none talsrcimg_to_711-2C_as_mni_average_305_t4 4355
---------------------------------------------------------------------

freesurfer imgreg_4dfp.c
/opt/freesurfer/average/711-2C_as_mni_average_305.4dfp.img
       256       256       256         1
  1.000000  1.000000  1.000000
orientation T byte_order littleendian
Reading image: /opt/freesurfer/average/711-2C_as_mni_average_305.4dfp.img
dimensions:      256       256       256
mmppix:       1.0000   -1.0000   -1.0000
center:     128.0000 -129.0000 -129.0000
/opt/freesurfer/average/711-2B_as_mni_average_305_mask.4dfp.img
       256       256       256         1
  1.000000  1.000000  1.000000
orientation T byte_order littleendian
Reading mask: /opt/freesurfer/average/711-2B_as_mni_average_305_mask.4dfp.img (2306576 pixels)
talsrcimg_g11.4dfp.img
       256       256       256         1
  1.000000  1.000000  1.000000
orientation T byte_order littleendian
Reading image: talsrcimg_g11.4dfp.img
dimensions:      256       256       256
mmppix:       1.0000   -1.0000   -1.0000
center:     128.0000 -129.0000 -129.0000
rotation matrix determinant  1.000000
image alignment mode   4355 decimal     1103 hex
   -7.5000  -45.0000  -37.5000 2198.3052   30.7059
    0.0000  -45.0000  -37.5000 2214.7351   30.6871
    7.5000  -45.0000  -37.5000 2195.9331   30.8014
   -7.5000  -37.5000  -37.5000 2266.1101   28.9251
    0.0000  -37.5000  -37.5000 2285.7554   28.8373
    7.5000  -37.5000  -37.5000 2267.1047   29.0534
   -7.5000  -30.0000  -37.5000 2305.8921   27.6740
    0.0000  -30.0000  -37.5000 2324.9258   27.5375
    7.5000  -30.0000  -37.5000 2303.6035   27.7866
   -7.5000  -22.5000  -37.5000 2331.0684   26.7063
    0.0000  -22.5000  -37.5000 2353.2444   26.5671
    7.5000  -22.5000  -37.5000 2323.3611   26.8023
   -7.5000  -15.0000  -37.5000 2342.0618   26.0539
    0.0000  -15.0000  -37.5000 2359.8481   25.9427
    7.5000  -15.0000  -37.5000 2329.8455   26.1757
   -7.5000   -7.5000  -37.5000 2356.7234   25.8020
    0.0000   -7.5000  -37.5000 2369.3938   25.6485
    7.5000   -7.5000  -37.5000 2346.9072   26.0025
   -7.5000    0.0000  -37.5000 2347.3479   25.8950
    0.0000    0.0000  -37.5000 2363.7822   25.8444
    7.5000    0.0000  -37.5000 2341.7346   26.1615
   -7.5000    7.5000  -37.5000 2327.2078   26.3637
    0.0000    7.5000  -37.5000 2341.7375   26.3072
    7.5000    7.5000  -37.5000 2318.5544   26.6400
   -7.5000   15.0000  -37.5000 2283.0103   27.1519
    0.0000   15.0000  -37.5000 2301.6714   27.1405
    7.5000   15.0000  -37.5000 2271.2964   27.4644
   -7.5000   22.5000  -37.5000 2228.6821   28.3170
    0.0000   22.5000  -37.5000 2241.1008   28.3924
    7.5000   22.5000  -37.5000 2211.6482   28.7421
   -7.5000   30.0000  -37.5000 2151.1501   30.0340
    0.0000   30.0000  -37.5000 2159.7598   30.1215
    7.5000   30.0000  -37.5000 2134.5154   30.5952
   -7.5000   37.5000  -37.5000 2054.4106   32.4494
    0.0000   37.5000  -37.5000 2057.5203   32.5591
    7.5000   37.5000  -37.5000 2033.7068   33.1985
   -7.5000   45.0000  -37.5000 1943.8879   35.9138
    0.0000   45.0000  -37.5000 1945.6002   35.8817
    7.5000   45.0000  -37.5000 1923.7112   36.6178
   -7.5000  -45.0000  -30.0000 2309.3926   30.3584
    0.0000  -45.0000  -30.0000 2328.5210   30.2389
    7.5000  -45.0000  -30.0000 2303.8823   30.3933
   -7.5000  -37.5000  -30.0000 2389.4133   28.2731
    0.0000  -37.5000  -30.0000 2407.5938   28.1375
    7.5000  -37.5000  -30.0000 2386.0583   28.3182
   -7.5000  -30.0000  -30.0000 2437.8093   26.8370
    0.0000  -30.0000  -30.0000 2454.5566   26.6594
    7.5000  -30.0000  -30.0000 2429.2244   26.8555
   -7.5000  -22.5000  -30.0000 2467.0435   25.7391
    0.0000  -22.5000  -30.0000 2484.8542   25.5707
    7.5000  -22.5000  -30.0000 2458.4468   25.8430
   -7.5000  -15.0000  -30.0000 2484.6296   24.9998
    0.0000  -15.0000  -30.0000 2502.2314   24.8804
    7.5000  -15.0000  -30.0000 2479.4580   25.1869
   -7.5000   -7.5000  -30.0000 2499.1990   24.6680
    0.0000   -7.5000  -30.0000 2511.3027   24.5600
    7.5000   -7.5000  -30.0000 2488.2566   24.9023
   -7.5000    0.0000  -30.0000 2496.5222   24.7753
    0.0000    0.0000  -30.0000 2510.8669   24.6824
    7.5000    0.0000  -30.0000 2478.8804   24.9926
   -7.5000    7.5000  -30.0000 2475.1045   25.1348
    0.0000    7.5000  -30.0000 2486.6470   25.0500
    7.5000    7.5000  -30.0000 2455.5693   25.4094
   -7.5000   15.0000  -30.0000 2433.4827   25.8403
    0.0000   15.0000  -30.0000 2446.0845   25.7919
    7.5000   15.0000  -30.0000 2410.2432   26.1493
   -7.5000   22.5000  -30.0000 2373.9014   26.8703
    0.0000   22.5000  -30.0000 2384.8147   26.9293
    7.5000   22.5000  -30.0000 2346.7305   27.2772
   -7.5000   30.0000  -30.0000 2292.2388   28.4336
    0.0000   30.0000  -30.0000 2303.2307   28.5936
    7.5000   30.0000  -30.0000 2267.1213   29.0439
   -7.5000   37.5000  -30.0000 2195.4792   30.7722
    0.0000   37.5000  -30.0000 2201.3792   30.9335
    7.5000   37.5000  -30.0000 2164.4021   31.4799
   -7.5000   45.0000  -30.0000 2073.3088   34.0123
    0.0000   45.0000  -30.0000 2078.4556   34.1354
    7.5000   45.0000  -30.0000 2045.7798   34.7095
   -7.5000  -45.0000  -22.5000 2387.6118   29.5258
    0.0000  -45.0000  -22.5000 2409.2197   29.3903
    7.5000  -45.0000  -22.5000 2382.3535   29.6920
   -7.5000  -37.5000  -22.5000 2475.8682   27.3511
    0.0000  -37.5000  -22.5000 2497.9153   27.1731
    7.5000  -37.5000  -22.5000 2476.6340   27.4651
   -7.5000  -30.0000  -22.5000 2534.9526   25.7458
    0.0000  -30.0000  -22.5000 2555.5312   25.5662
    7.5000  -30.0000  -22.5000 2538.9180   25.7886
   -7.5000  -22.5000  -22.5000 2570.1125   24.5487
    0.0000  -22.5000  -22.5000 2592.2405   24.4286
    7.5000  -22.5000  -22.5000 2574.2107   24.6962
   -7.5000  -15.0000  -22.5000 2593.1646   23.7338
    0.0000  -15.0000  -22.5000 2614.9067   23.6422
    7.5000  -15.0000  -22.5000 2591.5522   23.9697
   -7.5000   -7.5000  -22.5000 2609.5996   23.3064
    0.0000   -7.5000  -22.5000 2622.9504   23.2314
    7.5000   -7.5000  -22.5000 2601.3069   23.6203
   -7.5000    0.0000  -22.5000 2611.5066   23.3139
    0.0000    0.0000  -22.5000 2623.5447   23.2183
    7.5000    0.0000  -22.5000 2595.9146   23.6114
   -7.5000    7.5000  -22.5000 2589.0967   23.6054
    0.0000    7.5000  -22.5000 2603.9624   23.5099
    7.5000    7.5000  -22.5000 2574.2708   23.9177
   -7.5000   15.0000  -22.5000 2548.0017   24.2932
    0.0000   15.0000  -22.5000 2562.6011   24.1948
    7.5000   15.0000  -22.5000 2529.3467   24.6651
   -7.5000   22.5000  -22.5000 2488.3901   25.2367
    0.0000   22.5000  -22.5000 2499.0022   25.2345
    7.5000   22.5000  -22.5000 2468.0393   25.6923
   -7.5000   30.0000  -22.5000 2402.2839   26.6729
    0.0000   30.0000  -22.5000 2414.1367   26.7442
    7.5000   30.0000  -22.5000 2381.5195   27.2884
   -7.5000   37.5000  -22.5000 2296.1245   28.8147
    0.0000   37.5000  -22.5000 2305.7078   28.8849
    7.5000   37.5000  -22.5000 2272.4456   29.4522
   -7.5000   45.0000  -22.5000 2165.4116   31.8150
    0.0000   45.0000  -22.5000 2171.4656   31.8680
    7.5000   45.0000  -22.5000 2141.8062   32.4406
   -7.5000  -45.0000  -15.0000 2431.6477   28.7923
    0.0000  -45.0000  -15.0000 2459.3423   28.7190
    7.5000  -45.0000  -15.0000 2443.2073   29.0245
   -7.5000  -37.5000  -15.0000 2519.4199   26.4115
    0.0000  -37.5000  -15.0000 2545.7188   26.3108
    7.5000  -37.5000  -15.0000 2530.4856   26.6504
   -7.5000  -30.0000  -15.0000 2587.4380   24.5771
    0.0000  -30.0000  -15.0000 2614.3174   24.5134
    7.5000  -30.0000  -15.0000 2599.8774   24.8099
   -7.5000  -22.5000  -15.0000 2635.3762   23.3500
    0.0000  -22.5000  -15.0000 2662.5664   23.2826
    7.5000  -22.5000  -15.0000 2643.6194   23.6114
   -7.5000  -15.0000  -15.0000 2662.8901   22.4291
    0.0000  -15.0000  -15.0000 2689.0427   22.3681
    7.5000  -15.0000  -15.0000 2662.1653   22.7682
   -7.5000   -7.5000  -15.0000 2678.0239   21.9100
    0.0000   -7.5000  -15.0000 2696.6428   21.8742
    7.5000   -7.5000  -15.0000 2672.1040   22.2938
   -7.5000    0.0000  -15.0000 2683.4858   21.8451
    0.0000    0.0000  -15.0000 2696.9709   21.7650
    7.5000    0.0000  -15.0000 2676.9033   22.2391
   -7.5000    7.5000  -15.0000 2671.2336   22.1230
    0.0000    7.5000  -15.0000 2685.4170   21.9924
    7.5000    7.5000  -15.0000 2663.6494   22.5036
   -7.5000   15.0000  -15.0000 2630.6941   22.7631
    0.0000   15.0000  -15.0000 2647.8589   22.6292
    7.5000   15.0000  -15.0000 2622.8464   23.1654
   -7.5000   22.5000  -15.0000 2567.8948   23.6967
    0.0000   22.5000  -15.0000 2584.2087   23.6536
    7.5000   22.5000  -15.0000 2558.6174   24.1735
   -7.5000   30.0000  -15.0000 2473.2871   25.0928
    0.0000   30.0000  -15.0000 2490.3284   25.1359
    7.5000   30.0000  -15.0000 2461.1062   25.6369
   -7.5000   37.5000  -15.0000 2368.3948   27.1102
    0.0000   37.5000  -15.0000 2381.0000   27.1253
    7.5000   37.5000  -15.0000 2356.1348   27.6716
   -7.5000   45.0000  -15.0000 2233.6592   29.9553
    0.0000   45.0000  -15.0000 2240.3613   29.9659
    7.5000   45.0000  -15.0000 2220.6133   30.5323
   -7.5000  -45.0000   -7.5000 2450.1045   28.2150
    0.0000  -45.0000   -7.5000 2487.6953   28.1531
    7.5000  -45.0000   -7.5000 2475.2776   28.4737
   -7.5000  -37.5000   -7.5000 2541.3511   25.6623
    0.0000  -37.5000   -7.5000 2576.6372   25.6357
    7.5000  -37.5000   -7.5000 2565.8010   26.0050
   -7.5000  -30.0000   -7.5000 2616.3132   23.6429
    0.0000  -30.0000   -7.5000 2654.5369   23.6433
    7.5000  -30.0000   -7.5000 2638.9946   24.0391
   -7.5000  -22.5000   -7.5000 2672.7822   22.3071
    0.0000  -22.5000   -7.5000 2704.6804   22.2996
    7.5000  -22.5000   -7.5000 2691.0972   22.7327
   -7.5000  -15.0000   -7.5000 2709.4089   21.3266
    0.0000  -15.0000   -7.5000 2741.5764   21.2992
    7.5000  -15.0000   -7.5000 2725.6450   21.8449
   -7.5000   -7.5000   -7.5000 2728.7893   20.6442
    0.0000   -7.5000   -7.5000 2753.3579   20.6144
    7.5000   -7.5000   -7.5000 2741.1631   21.2292
   -7.5000    0.0000   -7.5000 2737.4971   20.5198
    0.0000    0.0000   -7.5000 2758.3630   20.4710
    7.5000    0.0000   -7.5000 2748.2537   21.1035
   -7.5000    7.5000   -7.5000 2727.8601   20.8278
    0.0000    7.5000   -7.5000 2753.1372   20.6954
    7.5000    7.5000   -7.5000 2741.6631   21.3578
   -7.5000   15.0000   -7.5000 2686.2905   21.4237
    0.0000   15.0000   -7.5000 2715.5247   21.3334
    7.5000   15.0000   -7.5000 2701.5422   21.9620
   -7.5000   22.5000   -7.5000 2624.6045   22.3577
    0.0000   22.5000   -7.5000 2651.5212   22.3687
    7.5000   22.5000   -7.5000 2637.4915   22.9947
   -7.5000   30.0000   -7.5000 2532.6943   23.7198
    0.0000   30.0000   -7.5000 2549.8826   23.7617
    7.5000   30.0000   -7.5000 2534.5437   24.3975
   -7.5000   37.5000   -7.5000 2426.0950   25.7126
    0.0000   37.5000   -7.5000 2443.8062   25.7619
    7.5000   37.5000   -7.5000 2420.2532   26.3558
   -7.5000   45.0000   -7.5000 2291.5493   28.4939
    0.0000   45.0000   -7.5000 2308.8950   28.5863
    7.5000   45.0000   -7.5000 2283.1628   29.1007
   -7.5000  -45.0000    0.0000 2469.3247   27.9952
    0.0000  -45.0000    0.0000 2504.7534   27.9225
    7.5000  -45.0000    0.0000 2493.7849   28.2477
   -7.5000  -37.5000    0.0000 2559.3098   25.3821
    0.0000  -37.5000    0.0000 2594.4910   25.2760
    7.5000  -37.5000    0.0000 2583.2444   25.6610
   -7.5000  -30.0000    0.0000 2631.5505   23.2765
    0.0000  -30.0000    0.0000 2674.9316   23.2136
    7.5000  -30.0000    0.0000 2660.6157   23.6105
   -7.5000  -22.5000    0.0000 2689.5532   21.7672
    0.0000  -22.5000    0.0000 2731.5447   21.7666
    7.5000  -22.5000    0.0000 2723.7634   22.1913
   -7.5000  -15.0000    0.0000 2724.0498   20.6723
    0.0000  -15.0000    0.0000 2771.5852   20.7085
    7.5000  -15.0000    0.0000 2757.4321   21.2602
   -7.5000   -7.5000    0.0000 2747.1902   19.8017
    0.0000   -7.5000    0.0000 2786.3315   19.8435
    7.5000   -7.5000    0.0000 2784.1558   20.6228
   -7.5000    0.0000    0.0000 2767.3982   19.6031
    0.0000    0.0000    0.0000 2799.9365   19.5999
    7.5000    0.0000    0.0000 2798.5496   20.4740
   -7.5000    7.5000    0.0000 2766.4260   19.8994
    0.0000    7.5000    0.0000 2805.7656   19.8850
    7.5000    7.5000    0.0000 2801.1753   20.6884
   -7.5000   15.0000    0.0000 2730.4673   20.4807
    0.0000   15.0000    0.0000 2779.7886   20.5426
    7.5000   15.0000    0.0000 2765.5747   21.2209
   -7.5000   22.5000    0.0000 2674.3433   21.4533
    0.0000   22.5000    0.0000 2707.1458   21.4846
    7.5000   22.5000    0.0000 2695.7607   22.1224
   -7.5000   30.0000    0.0000 2588.7163   22.9202
    0.0000   30.0000    0.0000 2611.4429   22.9142
    7.5000   30.0000    0.0000 2593.1279   23.5450
   -7.5000   37.5000    0.0000 2479.6963   24.9862
    0.0000   37.5000    0.0000 2503.5793   24.9835
    7.5000   37.5000    0.0000 2481.8950   25.6144
   -7.5000   45.0000    0.0000 2339.7793   27.6485
    0.0000   45.0000    0.0000 2357.6499   27.6637
    7.5000   45.0000    0.0000 2342.0559   28.3303
   -7.5000  -45.0000    7.5000 2470.3823   27.9875
    0.0000  -45.0000    7.5000 2495.6484   27.8329
    7.5000  -45.0000    7.5000 2489.4043   28.1505
   -7.5000  -37.5000    7.5000 2567.3193   25.3218
    0.0000  -37.5000    7.5000 2594.5408   25.1738
    7.5000  -37.5000    7.5000 2586.4719   25.5012
   -7.5000  -30.0000    7.5000 2645.2288   23.2009
    0.0000  -30.0000    7.5000 2681.6765   23.0636
    7.5000  -30.0000    7.5000 2675.3972   23.4754
   -7.5000  -22.5000    7.5000 2714.0098   21.7824
    0.0000  -22.5000    7.5000 2753.7971   21.7020
    7.5000  -22.5000    7.5000 2758.1553   22.0858
   -7.5000  -15.0000    7.5000 2757.0955   20.8401
    0.0000  -15.0000    7.5000 2816.5662   20.9318
    7.5000  -15.0000    7.5000 2823.8884   21.3247
   -7.5000   -7.5000    7.5000 2782.9331   19.8302
    0.0000   -7.5000    7.5000 2857.1907   20.0980
    7.5000   -7.5000    7.5000 2859.4089   20.6715
   -7.5000    0.0000    7.5000 2808.0767   19.3382
    0.0000    0.0000    7.5000 2864.8340   19.5112
    7.5000    0.0000    7.5000 2857.4153   20.2056
   -7.5000    7.5000    7.5000 2797.4114   19.4020
    0.0000    7.5000    7.5000 2859.3452   19.5705
    7.5000    7.5000    7.5000 2840.2783   20.1373
   -7.5000   15.0000    7.5000 2775.0879   19.9642
    0.0000   15.0000    7.5000 2807.4387   19.9555
    7.5000   15.0000    7.5000 2796.1035   20.4793
   -7.5000   22.5000    7.5000 2725.9714   20.9861
    0.0000   22.5000    7.5000 2747.0974   20.8469
    7.5000   22.5000    7.5000 2731.5420   21.3773
   -7.5000   30.0000    7.5000 2634.0732   22.5487
    0.0000   30.0000    7.5000 2650.1477   22.4292
    7.5000   30.0000    7.5000 2632.3289   22.9293
   -7.5000   37.5000    7.5000 2523.7551   24.6020
    0.0000   37.5000    7.5000 2539.8972   24.5537
    7.5000   37.5000    7.5000 2518.3179   25.0109
   -7.5000   45.0000    7.5000 2383.0742   27.2298
    0.0000   45.0000    7.5000 2401.6292   27.2190
    7.5000   45.0000    7.5000 2378.5254   27.6300
   -7.5000  -45.0000   15.0000 2441.2646   28.1514
    0.0000  -45.0000   15.0000 2466.4863   27.9089
    7.5000  -45.0000   15.0000 2467.7390   28.3473
   -7.5000  -37.5000   15.0000 2537.2732   25.4309
    0.0000  -37.5000   15.0000 2560.7329   25.2111
    7.5000  -37.5000   15.0000 2571.3013   25.6642
   -7.5000  -30.0000   15.0000 2633.4229   23.4501
    0.0000  -30.0000   15.0000 2665.8850   23.3537
    7.5000  -30.0000   15.0000 2672.2585   23.7781
   -7.5000  -22.5000   15.0000 2733.4043   22.1495
    0.0000  -22.5000   15.0000 2779.4092   22.1395
    7.5000  -22.5000   15.0000 2777.3369   22.4640
   -7.5000  -15.0000   15.0000 2815.1306   21.4441
    0.0000  -15.0000   15.0000 2881.6594   21.5723
    7.5000  -15.0000   15.0000 2856.0017   21.6036
   -7.5000   -7.5000   15.0000 2858.3804   20.5899
    0.0000   -7.5000   15.0000 2950.4443   20.8525
    7.5000   -7.5000   15.0000 2891.2212   20.7874
   -7.5000    0.0000   15.0000 2820.9146   19.5075
    0.0000    0.0000   15.0000 2914.8115   19.7268
    7.5000    0.0000   15.0000 2870.9043   20.0670
   -7.5000    7.5000   15.0000 2800.0881   19.2535
    0.0000    7.5000   15.0000 2836.9475   19.1359
    7.5000    7.5000   15.0000 2829.0017   19.7447
   -7.5000   15.0000   15.0000 2775.5710   19.6861
    0.0000   15.0000   15.0000 2804.3926   19.5110
    7.5000   15.0000   15.0000 2792.6838   20.0508
   -7.5000   22.5000   15.0000 2728.3640   20.6767
    0.0000   22.5000   15.0000 2753.5149   20.5561
    7.5000   22.5000   15.0000 2749.2590   21.0350
   -7.5000   30.0000   15.0000 2648.7227   22.2234
    0.0000   30.0000   15.0000 2666.4424   22.1913
    7.5000   30.0000   15.0000 2654.9822   22.6176
   -7.5000   37.5000   15.0000 2544.9702   24.3067
    0.0000   37.5000   15.0000 2560.5383   24.3441
    7.5000   37.5000   15.0000 2540.8127   24.7310
   -7.5000   45.0000   15.0000 2407.6533   27.0460
    0.0000   45.0000   15.0000 2422.7605   27.0405
    7.5000   45.0000   15.0000 2395.0085   27.4191
   -7.5000  -45.0000   22.5000 2422.2173   29.0523
    0.0000  -45.0000   22.5000 2444.2664   28.7824
    7.5000  -45.0000   22.5000 2447.3015   29.3405
   -7.5000  -37.5000   22.5000 2540.7437   26.4798
    0.0000  -37.5000   22.5000 2569.9600   26.3363
    7.5000  -37.5000   22.5000 2570.0405   26.7856
   -7.5000  -30.0000   22.5000 2644.9763   24.4094
    0.0000  -30.0000   22.5000 2685.0627   24.3841
    7.5000  -30.0000   22.5000 2675.5999   24.7785
   -7.5000  -22.5000   22.5000 2737.0640   22.7639
    0.0000  -22.5000   22.5000 2785.7446   22.7691
    7.5000  -22.5000   22.5000 2770.6345   23.1235
   -7.5000  -15.0000   22.5000 2811.1006   21.6519
    0.0000  -15.0000   22.5000 2867.9739   21.6347
    7.5000  -15.0000   22.5000 2845.4270   21.9002
   -7.5000   -7.5000   22.5000 2813.6638   20.3832
    0.0000   -7.5000   22.5000 2904.5425   20.4655
    7.5000   -7.5000   22.5000 2864.8564   20.7983
   -7.5000    0.0000   22.5000 2810.8779   19.5585
    0.0000    0.0000   22.5000 2842.7571   19.2521
    7.5000    0.0000   22.5000 2838.1924   19.9883
   -7.5000    7.5000   22.5000 2825.4348   19.5873
    0.0000    7.5000   22.5000 2849.1265   19.2353
    7.5000    7.5000   22.5000 2822.8152   19.8080
   -7.5000   15.0000   22.5000 2791.8699   20.1105
    0.0000   15.0000   22.5000 2826.5879   19.9540
    7.5000   15.0000   22.5000 2802.0903   20.3595
   -7.5000   22.5000   22.5000 2738.3589   21.1085
    0.0000   22.5000   22.5000 2765.0112   20.9917
    7.5000   22.5000   22.5000 2748.7827   21.3363
   -7.5000   30.0000   22.5000 2655.3303   22.5350
    0.0000   30.0000   22.5000 2669.6655   22.4463
    7.5000   30.0000   22.5000 2656.3020   22.8099
   -7.5000   37.5000   22.5000 2551.4607   24.4390
    0.0000   37.5000   22.5000 2566.2773   24.4057
    7.5000   37.5000   22.5000 2545.2744   24.7683
   -7.5000   45.0000   22.5000 2411.7898   26.9426
    0.0000   45.0000   22.5000 2428.6653   26.9513
    7.5000   45.0000   22.5000 2404.1226   27.3174
   -7.5000  -45.0000   30.0000 2414.6377   30.6405
    0.0000  -45.0000   30.0000 2443.5239   30.4708
    7.5000  -45.0000   30.0000 2436.9360   31.0255
   -7.5000  -37.5000   30.0000 2523.6270   27.6876
    0.0000  -37.5000   30.0000 2560.3801   27.5793
    7.5000  -37.5000   30.0000 2550.3667   28.0887
   -7.5000  -30.0000   30.0000 2608.4104   25.2078
    0.0000  -30.0000   30.0000 2646.0051   25.0333
    7.5000  -30.0000   30.0000 2643.3955   25.5816
   -7.5000  -22.5000   30.0000 2701.7217   23.2606
    0.0000  -22.5000   30.0000 2737.5264   23.1063
    7.5000  -22.5000   30.0000 2733.1089   23.6817
   -7.5000  -15.0000   30.0000 2775.9158   21.8091
    0.0000  -15.0000   30.0000 2836.3906   21.7753
    7.5000  -15.0000   30.0000 2815.3535   22.2388
   -7.5000   -7.5000   30.0000 2781.4443   20.4900
    0.0000   -7.5000   30.0000 2817.6482   20.2488
    7.5000   -7.5000   30.0000 2816.9968   21.0504
   -7.5000    0.0000   30.0000 2814.4675   19.8801
    0.0000    0.0000   30.0000 2831.2468   19.4519
    7.5000    0.0000   30.0000 2820.4458   20.2727
   -7.5000    7.5000   30.0000 2831.2903   20.0489
    0.0000    7.5000   30.0000 2867.5007   19.7243
    7.5000    7.5000   30.0000 2831.9409   20.2792
   -7.5000   15.0000   30.0000 2794.6958   20.7514
    0.0000   15.0000   30.0000 2831.3948   20.5567
    7.5000   15.0000   30.0000 2803.8313   20.9332
   -7.5000   22.5000   30.0000 2730.2727   21.8636
    0.0000   22.5000   30.0000 2755.5347   21.7199
    7.5000   22.5000   30.0000 2735.6099   22.0092
   -7.5000   30.0000   30.0000 2634.5522   23.1969
    0.0000   30.0000   30.0000 2653.5750   23.1392
    7.5000   30.0000   30.0000 2637.3972   23.4357
   -7.5000   37.5000   30.0000 2523.7776   24.9385
    0.0000   37.5000   30.0000 2547.1787   24.9102
    7.5000   37.5000   30.0000 2522.3262   25.1803
   -7.5000   45.0000   30.0000 2381.4385   27.2933
    0.0000   45.0000   30.0000 2402.0962   27.2721
    7.5000   45.0000   30.0000 2382.2893   27.5385
   -7.5000  -45.0000   37.5000 2382.1028   32.2180
    0.0000  -45.0000   37.5000 2407.9441   32.0046
    7.5000  -45.0000   37.5000 2394.2651   32.5405
   -7.5000  -37.5000   37.5000 2474.2136   28.7557
    0.0000  -37.5000   37.5000 2507.7019   28.5526
    7.5000  -37.5000   37.5000 2497.3167   29.1697
   -7.5000  -30.0000   37.5000 2561.3064   25.9827
    0.0000  -30.0000   37.5000 2596.9680   25.7333
    7.5000  -30.0000   37.5000 2591.9988   26.4084
   -7.5000  -22.5000   37.5000 2662.0830   23.9306
    0.0000  -22.5000   37.5000 2700.3779   23.7075
    7.5000  -22.5000   37.5000 2686.6138   24.3509
   -7.5000  -15.0000   37.5000 2722.0098   22.2689
    0.0000  -15.0000   37.5000 2759.3564   22.0294
    7.5000  -15.0000   37.5000 2744.2166   22.6598
   -7.5000   -7.5000   37.5000 2760.1841   21.0295
    0.0000   -7.5000   37.5000 2781.0083   20.6051
    7.5000   -7.5000   37.5000 2770.2034   21.4194
   -7.5000    0.0000   37.5000 2797.5999   20.6172
    0.0000    0.0000   37.5000 2824.2991   20.2330
    7.5000    0.0000   37.5000 2802.5046   20.9181
   -7.5000    7.5000   37.5000 2810.5715   20.8207
    0.0000    7.5000   37.5000 2841.7537   20.5341
    7.5000    7.5000   37.5000 2814.5942   21.0483
   -7.5000   15.0000   37.5000 2774.8386   21.5031
    0.0000   15.0000   37.5000 2806.4492   21.2685
    7.5000   15.0000   37.5000 2779.1477   21.6871
   -7.5000   22.5000   37.5000 2703.0269   22.6303
    0.0000   22.5000   37.5000 2726.8049   22.4558
    7.5000   22.5000   37.5000 2704.6343   22.7822
   -7.5000   30.0000   37.5000 2605.8416   24.1089
    0.0000   30.0000   37.5000 2626.2234   23.9904
    7.5000   30.0000   37.5000 2605.6553   24.2296
   -7.5000   37.5000   37.5000 2492.6963   25.8848
    0.0000   37.5000   37.5000 2522.8162   25.7849
    7.5000   37.5000   37.5000 2496.1091   25.9928
   -7.5000   45.0000   37.5000 2334.2686   28.1212
    0.0000   45.0000   37.5000 2351.9717   28.0579
    7.5000   45.0000   37.5000 2344.2891   28.2342
   -7.5000  -45.0000   45.0000 2312.4399   33.5542
    0.0000  -45.0000   45.0000 2333.8674   33.1938
    7.5000  -45.0000   45.0000 2322.8069   33.8096
   -7.5000  -37.5000   45.0000 2413.5312   29.8583
    0.0000  -37.5000   45.0000 2437.0981   29.4825
    7.5000  -37.5000   45.0000 2429.1375   30.1778
   -7.5000  -30.0000   45.0000 2506.1965   26.9271
    0.0000  -30.0000   45.0000 2541.4114   26.6114
    7.5000  -30.0000   45.0000 2522.6284   27.2721
   -7.5000  -22.5000   45.0000 2588.5171   24.6910
    0.0000  -22.5000   45.0000 2626.3206   24.4226
    7.5000  -22.5000   45.0000 2609.9290   25.0534
   -7.5000  -15.0000   45.0000 2658.3391   23.0400
    0.0000  -15.0000   45.0000 2684.4519   22.5771
    7.5000  -15.0000   45.0000 2665.6467   23.3041
   -7.5000   -7.5000   45.0000 2714.5449   21.8538
    0.0000   -7.5000   45.0000 2747.6318   21.4713
    7.5000   -7.5000   45.0000 2718.9043   22.1618
   -7.5000    0.0000   45.0000 2751.3818   21.5854
    0.0000    0.0000   45.0000 2780.3894   21.2512
    7.5000    0.0000   45.0000 2754.3345   21.8467
   -7.5000    7.5000   45.0000 2748.4800   21.8073
    0.0000    7.5000   45.0000 2777.9912   21.4851
    7.5000    7.5000   45.0000 2753.8181   21.9751
   -7.5000   15.0000   45.0000 2706.4700   22.4476
    0.0000   15.0000   45.0000 2737.7019   22.1426
    7.5000   15.0000   45.0000 2712.0999   22.5562
   -7.5000   22.5000   45.0000 2641.1282   23.5083
    0.0000   22.5000   45.0000 2664.6846   23.2486
    7.5000   22.5000   45.0000 2645.9910   23.5744
   -7.5000   30.0000   45.0000 2546.2400   24.9442
    0.0000   30.0000   45.0000 2573.7061   24.7701
    7.5000   30.0000   45.0000 2556.4246   25.0288
   -7.5000   37.5000   45.0000 2430.2466   26.8019
    0.0000   37.5000   45.0000 2452.7036   26.6536
    7.5000   37.5000   45.0000 2440.0291   26.9016
   -7.5000   45.0000   45.0000 2267.4829   29.1093
    0.0000   45.0000   45.0000 2289.4419   29.0235
    7.5000   45.0000   45.0000 2284.4014   29.2851
   -7.5000  -45.0000   52.5000 2237.8750   34.7305
    0.0000  -45.0000   52.5000 2263.1692   34.3929
    7.5000  -45.0000   52.5000 2245.5171   35.0080
   -7.5000  -37.5000   52.5000 2342.1272   30.8829
    0.0000  -37.5000   52.5000 2372.2190   30.5531
    7.5000  -37.5000   52.5000 2350.7659   31.1588
   -7.5000  -30.0000   52.5000 2441.3220   27.9767
    0.0000  -30.0000   52.5000 2470.9636   27.6140
    7.5000  -30.0000   52.5000 2445.3296   28.2244
   -7.5000  -22.5000   52.5000 2520.9250   25.7150
    0.0000  -22.5000   52.5000 2556.4480   25.3441
    7.5000  -22.5000   52.5000 2524.7249   25.9250
   -7.5000  -15.0000   52.5000 2593.1748   24.0712
    0.0000  -15.0000   52.5000 2624.3323   23.6230
    7.5000  -15.0000   52.5000 2598.7527   24.2851
   -7.5000   -7.5000   52.5000 2653.7251   22.9492
    0.0000   -7.5000   52.5000 2686.8430   22.6686
    7.5000   -7.5000   52.5000 2656.6538   23.2260
   -7.5000    0.0000   52.5000 2685.6023   22.7350
    0.0000    0.0000   52.5000 2714.5947   22.4410
    7.5000    0.0000   52.5000 2685.2620   22.9323
   -7.5000    7.5000   52.5000 2679.0383   22.9188
    0.0000    7.5000   52.5000 2707.1504   22.6074
    7.5000    7.5000   52.5000 2683.8608   23.0334
   -7.5000   15.0000   52.5000 2632.2402   23.5266
    0.0000   15.0000   52.5000 2659.9399   23.2057
    7.5000   15.0000   52.5000 2638.2180   23.5700
   -7.5000   22.5000   52.5000 2563.6799   24.4915
    0.0000   22.5000   52.5000 2596.8384   24.2051
    7.5000   22.5000   52.5000 2578.8083   24.5292
   -7.5000   30.0000   52.5000 2469.1709   25.8476
    0.0000   30.0000   52.5000 2499.2356   25.6598
    7.5000   30.0000   52.5000 2485.5710   25.9455
   -7.5000   37.5000   52.5000 2350.7083   27.7890
    0.0000   37.5000   52.5000 2376.9993   27.6590
    7.5000   37.5000   52.5000 2361.7881   27.8553
   -7.5000   45.0000   52.5000 2204.2092   30.1311
    0.0000   45.0000   52.5000 2226.4885   30.0188
    7.5000   45.0000   52.5000 2210.3674   30.2119

---------------------------------------------------------------------
imgreg_4dfp /opt/freesurfer/average/711-2C_as_mni_average_305 /opt/freesurfer/average/711-2B_as_mni_average_305_mask talsrcimg_g11 none talsrcimg_to_711-2C_as_mni_average_305_t4 1283
---------------------------------------------------------------------

freesurfer imgreg_4dfp.c
/opt/freesurfer/average/711-2C_as_mni_average_305.4dfp.img
       256       256       256         1
  1.000000  1.000000  1.000000
orientation T byte_order littleendian
Reading image: /opt/freesurfer/average/711-2C_as_mni_average_305.4dfp.img
dimensions:      256       256       256
mmppix:       1.0000   -1.0000   -1.0000
center:     128.0000 -129.0000 -129.0000
/opt/freesurfer/average/711-2B_as_mni_average_305_mask.4dfp.img
       256       256       256         1
  1.000000  1.000000  1.000000
orientation T byte_order littleendian
Reading mask: /opt/freesurfer/average/711-2B_as_mni_average_305_mask.4dfp.img (2306576 pixels)
talsrcimg_g11.4dfp.img
       256       256       256         1
  1.000000  1.000000  1.000000
orientation T byte_order littleendian
Reading image: talsrcimg_g11.4dfp.img
dimensions:      256       256       256
mmppix:       1.0000   -1.0000   -1.0000
center:     128.0000 -129.0000 -129.0000
rotation matrix determinant  1.000000
fimgreg.f
image alignment mode   1283 decimal      503 hex
parameters
    0.0000   -7.5000   15.0000    0.0000    0.0000    0.0000
eta,q 0.92602 20.97899
niter,ni,del,rscale     5    3   12.0000    1.2000
parameters
    0.4672   -7.1764   15.8558   -2.6449   -1.1867    0.1407
eta,q 0.93614 21.13979
  0.0976  0.0847  0.0894  0.0659  0.0697  0.0698
  0.0792  0.0773  0.0842  0.0644  0.0660  0.0675
  0.0680  0.0705  0.0741  0.0641  0.0641  0.0651
  0.0662  0.0664  0.0663  0.0649  0.0641  0.0639
  0.0701  0.0673  0.0658  0.0671  0.0666  0.0645
  0.0775  0.0735  0.0739  0.0696  0.0711  0.0668
  0.0857  0.0826  0.0825  0.0721  0.0760  0.0697
niter,ni,del,rscale     4    3   12.0000    1.2000
parameters
    0.7925   -6.7971   15.8379   -5.5491   -1.7456   -0.0509
eta,q 0.93490 21.16458
  0.0955  0.0837  0.0865  0.0637  0.0705  0.0682
  0.0775  0.0745  0.0778  0.0653  0.0674  0.0670
  0.0658  0.0675  0.0677  0.0645  0.0657  0.0659
  0.0639  0.0642  0.0641  0.0641  0.0651  0.0651
  0.0681  0.0659  0.0689  0.0649  0.0665  0.0654
  0.0764  0.0723  0.0782  0.0667  0.0693  0.0668
  0.0863  0.0791  0.0862  0.0691  0.0725  0.0692
niter,ni,del,rscale     3    3   12.0000    1.2000
parameter  4  3.135418 ->  0.500000 qaram    1.1500
parameters
    0.9501   -5.6614   15.3541   -8.9991   -1.2720   -1.1242
eta,q 0.94042 21.26695
  0.0918  0.0837  0.0845  0.0606  0.0692  0.0631
  0.0759  0.0759  0.0747  0.0598  0.0651  0.0612
  0.0664  0.0692  0.0658  0.0616  0.0620  0.0598
  0.0651  0.0652  0.0646  0.0640  0.0600  0.0598
  0.0688  0.0649  0.0708  0.0646  0.0602  0.0612
  0.0765  0.0684  0.0806  0.0656  0.0631  0.0635
  0.0866  0.0742  0.0897  0.0675  0.0672  0.0666
niter,ni,del,rscale     3    3   12.0000    1.2000
parameters
    0.5659   -4.3496   14.8579  -10.8205   -0.8605   -1.4671
eta,q 0.94332 21.23410
  0.0844  0.0855  0.0822  0.0619  0.0670  0.0618
  0.0673  0.0771  0.0724  0.0588  0.0625  0.0588
  0.0592  0.0673  0.0614  0.0570  0.0591  0.0569
  0.0596  0.0591  0.0577  0.0576  0.0569  0.0567
  0.0659  0.0586  0.0651  0.0606  0.0571  0.0578
  0.0760  0.0639  0.0785  0.0654  0.0602  0.0598
  0.0867  0.0719  0.0910  0.0682  0.0653  0.0628
niter,ni,del,rscale     2    3   12.0000    1.2000
parameters
    0.4260   -3.8797   14.4945  -11.4743   -0.6019   -1.6049
eta,q 0.94350 21.18972
  0.0859  0.0826  0.0815  0.0634  0.0665  0.0615
  0.0668  0.0712  0.0725  0.0601  0.0621  0.0588
  0.0570  0.0614  0.0621  0.0572  0.0588  0.0570
  0.0567  0.0565  0.0566  0.0569  0.0567  0.0565
  0.0622  0.0591  0.0625  0.0583  0.0570  0.0573
  0.0726  0.0652  0.0757  0.0615  0.0605  0.0590
  0.0845  0.0766  0.0896  0.0670  0.0656  0.0620
niter,ni,del,rscale     1    3   12.0000    1.2000
parameters
    0.3532   -3.6192   14.3140  -11.7980   -0.4552   -1.7084
eta,q 0.94347 21.16251
  0.0869  0.0810  0.0822  0.0638  0.0663  0.0613
  0.0674  0.0697  0.0732  0.0605  0.0619  0.0588
  0.0571  0.0603  0.0628  0.0574  0.0587  0.0571
  0.0565  0.0564  0.0565  0.0567  0.0566  0.0565
  0.0621  0.0595  0.0611  0.0581  0.0571  0.0572
  0.0723  0.0656  0.0739  0.0606  0.0608  0.0588
  0.0841  0.0780  0.0873  0.0658  0.0662  0.0618
registration optimization eta report
parameter search radius
    6.0000    6.0000    6.0000    6.9000    6.0000    6.0000
100000*second partial in parameter space
       81.       62.       74.       17.       26.       14.
  0.0869  0.0810  0.0822  0.0638  0.0663  0.0613
  0.0674  0.0697  0.0732  0.0605  0.0619  0.0588
  0.0571  0.0603  0.0628  0.0574  0.0587  0.0571
  0.0565  0.0564  0.0565  0.0567  0.0566  0.0565
  0.0621  0.0595  0.0611  0.0581  0.0571  0.0572
  0.0723  0.0656  0.0739  0.0606  0.0608  0.0588
  0.0841  0.0780  0.0873  0.0658  0.0662  0.0618
    0.3532   -3.6192   14.3140  -11.7980   -0.4552   -1.7084
eta,q 0.94347 21.16251

---------------------------------------------------------------------
imgreg_4dfp /opt/freesurfer/average/711-2C_as_mni_average_305 /opt/freesurfer/average/711-2B_as_mni_average_305_mask talsrcimg_g11 none talsrcimg_to_711-2C_as_mni_average_305_t4 3335
---------------------------------------------------------------------

freesurfer imgreg_4dfp.c
/opt/freesurfer/average/711-2C_as_mni_average_305.4dfp.img
       256       256       256         1
  1.000000  1.000000  1.000000
orientation T byte_order littleendian
Reading image: /opt/freesurfer/average/711-2C_as_mni_average_305.4dfp.img
dimensions:      256       256       256
mmppix:       1.0000   -1.0000   -1.0000
center:     128.0000 -129.0000 -129.0000
/opt/freesurfer/average/711-2B_as_mni_average_305_mask.4dfp.img
       256       256       256         1
  1.000000  1.000000  1.000000
orientation T byte_order littleendian
Reading mask: /opt/freesurfer/average/711-2B_as_mni_average_305_mask.4dfp.img (2306576 pixels)
talsrcimg_g11.4dfp.img
       256       256       256         1
  1.000000  1.000000  1.000000
orientation T byte_order littleendian
Reading image: talsrcimg_g11.4dfp.img
dimensions:      256       256       256
mmppix:       1.0000   -1.0000   -1.0000
center:     128.0000 -129.0000 -129.0000
fimgreg.f
image alignment mode   3335 decimal      D07 hex
parameters
    0.3532   -3.6192   14.3140   -0.0476   -2.1512   -2.1157
    2.7559    1.3868   -2.9811   20.4140   -0.7944  -20.4456
eta,q 0.94015 21.08537
niter,ni,del,rscale     5    3    5.0000    1.2000
parameter  4  1.099189 ->  0.500000 qaram    1.1500
parameter  5  0.834342 ->  0.500000 qaram    1.1500
parameters
    0.0251   -3.5894   14.3046   -4.1876   -6.2912   -5.4265
    1.1710    1.5757   -1.9009   16.8849    2.1321  -17.4515
eta,q 0.95290 21.09870
  0.0633  0.0644  0.0647  0.0533  0.0502  0.0515  0.0500  0.0549  0.0500  0.0480  0.0506  0.0497
  0.0610  0.0620  0.0621  0.0543  0.0500  0.0495  0.0489  0.0512  0.0491  0.0474  0.0490  0.0484
  0.0599  0.0603  0.0604  0.0563  0.0511  0.0481  0.0483  0.0489  0.0486  0.0476  0.0480  0.0477
  0.0599  0.0597  0.0597  0.0597  0.0548  0.0501  0.0484  0.0483  0.0483  0.0482  0.0474  0.0473
  0.0609  0.0602  0.0602  0.0647  0.0608  0.0571  0.0492  0.0491  0.0483  0.0496  0.0473  0.0471
  0.0629  0.0617  0.0620  0.0709  0.0680  0.0678  0.0506  0.0511  0.0485  0.0520  0.0474  0.0471
  0.0657  0.0643  0.0650  0.0774  0.0752  0.0806  0.0525  0.0539  0.0492  0.0559  0.0477  0.0474
niter,ni,del,rscale     6    3    5.0000    1.2000
parameter  2 -1.384261 -> -0.500000 qaram    1.1500
parameters
    0.1422   -2.2094   14.5763   -6.3318   -9.2564   -5.6089
    1.3016    0.3708   -2.9029   15.7766    2.0377  -17.6045
eta,q 0.95601 20.71773
  0.0505  0.0560  0.0461  0.0457  0.0463  0.0493  0.0465  0.0472  0.0449  0.0458  0.0448  0.0448
  0.0487  0.0528  0.0450  0.0448  0.0452  0.0476  0.0453  0.0449  0.0444  0.0448  0.0442  0.0443
  0.0475  0.0498  0.0442  0.0441  0.0441  0.0459  0.0446  0.0440  0.0441  0.0442  0.0440  0.0440
  0.0471  0.0471  0.0438  0.0438  0.0440  0.0441  0.0442  0.0442  0.0440  0.0440  0.0440  0.0440
  0.0473  0.0449  0.0438  0.0446  0.0469  0.0430  0.0444  0.0454  0.0442  0.0445  0.0441  0.0441
  0.0483  0.0435  0.0443  0.0473  0.0529  0.0454  0.0451  0.0472  0.0448  0.0457  0.0443  0.0444
  0.0499  0.0430  0.0453  0.0518  0.0599  0.0529  0.0464  0.0495  0.0457  0.0478  0.0447  0.0448
niter,ni,del,rscale     6    3    5.0000    1.2000
parameter  2 -0.992905 -> -0.500000 qaram    1.3225
parameters
    0.1669   -0.6224   14.9764   -6.2186  -11.0495   -5.7426
    1.1445    0.2571   -3.7650   16.0798    1.5830  -16.5129
eta,q 0.95795 20.48954
  0.0468  0.0521  0.0437  0.0446  0.0454  0.0473  0.0443  0.0466  0.0431  0.0446  0.0429  0.0429
  0.0453  0.0490  0.0426  0.0434  0.0441  0.0457  0.0431  0.0438  0.0425  0.0435  0.0423  0.0425
  0.0443  0.0463  0.0419  0.0424  0.0426  0.0439  0.0424  0.0424  0.0422  0.0427  0.0421  0.0422
  0.0440  0.0440  0.0415  0.0415  0.0414  0.0421  0.0421  0.0421  0.0421  0.0421  0.0421  0.0421
  0.0443  0.0423  0.0415  0.0411  0.0427  0.0410  0.0424  0.0429  0.0423  0.0421  0.0423  0.0420
  0.0452  0.0414  0.0418  0.0422  0.0474  0.0431  0.0432  0.0444  0.0429  0.0428  0.0425  0.0422
  0.0467  0.0414  0.0427  0.0455  0.0542  0.0508  0.0445  0.0465  0.0437  0.0447  0.0430  0.0425
niter,ni,del,rscale     6    3    5.0000    1.2000
parameters
    0.1223    0.7141   14.7861   -6.2647  -12.7871   -6.2849
    1.0615    0.2511   -5.1447   16.7499    2.8154  -15.9057
eta,q 0.95812 20.26096
  0.0447  0.0487  0.0426  0.0440  0.0451  0.0464  0.0440  0.0463  0.0427  0.0444  0.0428  0.0424
  0.0432  0.0459  0.0418  0.0430  0.0439  0.0450  0.0428  0.0436  0.0422  0.0434  0.0422  0.0422
  0.0423  0.0437  0.0412  0.0420  0.0423  0.0434  0.0423  0.0423  0.0420  0.0426  0.0420  0.0420
  0.0420  0.0420  0.0411  0.0411  0.0411  0.0418  0.0421  0.0421  0.0421  0.0420  0.0419  0.0419
  0.0424  0.0411  0.0413  0.0406  0.0422  0.0411  0.0423  0.0427  0.0423  0.0417  0.0419  0.0419
  0.0434  0.0413  0.0420  0.0418  0.0470  0.0436  0.0430  0.0440  0.0427  0.0422  0.0420  0.0420
  0.0449  0.0428  0.0433  0.0455  0.0537  0.0516  0.0440  0.0459  0.0433  0.0441  0.0423  0.0424
niter,ni,del,rscale     5    3    5.0000    1.2000
parameters
    0.1122    1.4117   14.7095   -6.0876  -14.3386   -6.7056
    1.0155    0.1636   -6.5752   17.5109    4.0567  -15.1550
eta,q 0.95797 20.07423
  0.0443  0.0465  0.0428  0.0441  0.0452  0.0462  0.0439  0.0458  0.0429  0.0447  0.0429  0.0426
  0.0429  0.0445  0.0422  0.0432  0.0441  0.0450  0.0429  0.0436  0.0423  0.0437  0.0424  0.0424
  0.0421  0.0430  0.0418  0.0424  0.0428  0.0436  0.0424  0.0425  0.0422  0.0429  0.0421  0.0422
  0.0419  0.0419  0.0415  0.0415  0.0414  0.0421  0.0423  0.0423  0.0423  0.0422  0.0421  0.0421
  0.0422  0.0414  0.0416  0.0409  0.0419  0.0415  0.0426  0.0428  0.0426  0.0419  0.0421  0.0420
  0.0430  0.0420  0.0422  0.0418  0.0462  0.0433  0.0430  0.0440  0.0429  0.0423  0.0422  0.0421
  0.0443  0.0440  0.0433  0.0451  0.0528  0.0503  0.0438  0.0457  0.0434  0.0443  0.0424  0.0425
niter,ni,del,rscale     4    3    5.0000    1.2000
parameters
    0.0654    1.9560   14.5788   -6.4298  -15.7984   -7.1309
    0.5087    0.2359   -7.4515   18.3596    4.6555  -14.9199
eta,q 0.95767 19.86824
  0.0442  0.0462  0.0430  0.0440  0.0453  0.0461  0.0439  0.0458  0.0434  0.0451  0.0429  0.0429
  0.0429  0.0444  0.0425  0.0431  0.0442  0.0449  0.0429  0.0438  0.0427  0.0441  0.0425  0.0426
  0.0422  0.0430  0.0420  0.0425  0.0431  0.0437  0.0426  0.0429  0.0425  0.0433  0.0424  0.0425
  0.0420  0.0420  0.0417  0.0418  0.0419  0.0425  0.0426  0.0426  0.0426  0.0425  0.0423  0.0423
  0.0423  0.0417  0.0419  0.0413  0.0420  0.0420  0.0429  0.0430  0.0429  0.0421  0.0423  0.0423
  0.0431  0.0423  0.0424  0.0424  0.0457  0.0434  0.0434  0.0439  0.0432  0.0426  0.0425  0.0425
  0.0443  0.0444  0.0436  0.0457  0.0523  0.0497  0.0440  0.0455  0.0436  0.0447  0.0427  0.0429
niter,ni,del,rscale     3    3    5.0000    1.2000
parameters
    0.1492    2.5494   14.3890   -6.8518  -17.2478   -7.5964
   -0.1625    0.4712   -7.5964   19.4589    3.8372  -15.3122
eta,q 0.95752 19.67886
  0.0445  0.0461  0.0432  0.0440  0.0453  0.0459  0.0440  0.0457  0.0439  0.0455  0.0428  0.0430
  0.0433  0.0445  0.0426  0.0432  0.0443  0.0448  0.0431  0.0440  0.0430  0.0445  0.0426  0.0427
  0.0426  0.0433  0.0422  0.0426  0.0432  0.0437  0.0428  0.0431  0.0428  0.0436  0.0425  0.0426
  0.0423  0.0423  0.0420  0.0420  0.0421  0.0427  0.0428  0.0428  0.0428  0.0428  0.0425  0.0425
  0.0425  0.0419  0.0421  0.0417  0.0422  0.0424  0.0431  0.0430  0.0430  0.0422  0.0425  0.0425
  0.0432  0.0424  0.0427  0.0426  0.0455  0.0436  0.0436  0.0439  0.0433  0.0427  0.0427  0.0427
  0.0442  0.0445  0.0439  0.0456  0.0520  0.0492  0.0442  0.0453  0.0438  0.0448  0.0430  0.0433
niter,ni,del,rscale     2    3    5.0000    1.2000
parameters
    0.3447    3.2483   14.1184   -7.0763  -18.6638   -8.1891
   -0.7338    0.8104   -7.2322   20.8256    2.9203  -15.9453
eta,q 0.95762 19.51546
  0.0446  0.0463  0.0431  0.0439  0.0452  0.0456  0.0440  0.0456  0.0441  0.0460  0.0427  0.0430
  0.0434  0.0447  0.0426  0.0431  0.0442  0.0446  0.0431  0.0440  0.0432  0.0449  0.0425  0.0427
  0.0428  0.0435  0.0422  0.0426  0.0431  0.0436  0.0428  0.0431  0.0428  0.0438  0.0424  0.0425
  0.0425  0.0425  0.0421  0.0421  0.0422  0.0426  0.0428  0.0428  0.0428  0.0428  0.0424  0.0424
  0.0426  0.0420  0.0423  0.0417  0.0421  0.0425  0.0431  0.0430  0.0429  0.0422  0.0424  0.0424
  0.0431  0.0424  0.0429  0.0424  0.0452  0.0437  0.0436  0.0438  0.0432  0.0427  0.0426  0.0427
  0.0440  0.0444  0.0440  0.0451  0.0517  0.0490  0.0442  0.0451  0.0437  0.0448  0.0429  0.0434
niter,ni,del,rscale     1    3    5.0000    1.2000
parameters
    0.5197    3.8273   13.8511   -7.0867  -19.8121   -8.7767
   -1.0312    1.0280   -7.0701   21.8249    2.8930  -16.2151
eta,q 0.95766 19.39429
  0.0444  0.0462  0.0431  0.0438  0.0452  0.0454  0.0439  0.0454  0.0438  0.0462  0.0427  0.0431
  0.0433  0.0445  0.0426  0.0430  0.0442  0.0444  0.0431  0.0438  0.0430  0.0449  0.0425  0.0427
  0.0426  0.0433  0.0423  0.0426  0.0431  0.0434  0.0427  0.0430  0.0427  0.0437  0.0424  0.0424
  0.0424  0.0424  0.0421  0.0421  0.0421  0.0425  0.0427  0.0426  0.0426  0.0427  0.0423  0.0423
  0.0425  0.0420  0.0423  0.0417  0.0419  0.0424  0.0429  0.0429  0.0428  0.0422  0.0424  0.0424
  0.0429  0.0426  0.0429  0.0422  0.0444  0.0436  0.0433  0.0437  0.0431  0.0429  0.0425  0.0427
  0.0438  0.0445  0.0440  0.0447  0.0506  0.0485  0.0439  0.0450  0.0436  0.0453  0.0428  0.0433
registration optimization eta report
parameter search radius
    2.4000    3.1740    2.4000    8.2800    8.2800    7.2000
    7.2000    7.2000    7.2000    7.2000    7.2000    7.2000
100000*second partial in parameter space
       30.       30.       25.        3.        9.        9.
        2.        5.        2.        6.        1.        2.
  0.0444  0.0462  0.0431  0.0438  0.0452  0.0454  0.0439  0.0454  0.0438  0.0462  0.0427  0.0431
  0.0433  0.0445  0.0426  0.0430  0.0442  0.0444  0.0431  0.0438  0.0430  0.0449  0.0425  0.0427
  0.0426  0.0433  0.0423  0.0426  0.0431  0.0434  0.0427  0.0430  0.0427  0.0437  0.0424  0.0424
  0.0424  0.0424  0.0421  0.0421  0.0421  0.0425  0.0427  0.0426  0.0426  0.0427  0.0423  0.0423
  0.0425  0.0420  0.0423  0.0417  0.0419  0.0424  0.0429  0.0429  0.0428  0.0422  0.0424  0.0424
  0.0429  0.0426  0.0429  0.0422  0.0444  0.0436  0.0433  0.0437  0.0431  0.0429  0.0425  0.0427
  0.0438  0.0445  0.0440  0.0447  0.0506  0.0485  0.0439  0.0450  0.0436  0.0453  0.0428  0.0433
    0.5197    3.8273   13.8511   -7.0867  -19.8121   -8.7767
   -1.0312    1.0280   -7.0701   21.8249    2.8930  -16.2151
eta,q 0.95766 19.39429

---------------------------------------------------------------------
imgreg_4dfp /opt/freesurfer/average/711-2C_as_mni_average_305 /opt/freesurfer/average/711-2B_as_mni_average_305_mask talsrcimg_g11 none talsrcimg_to_711-2C_as_mni_average_305_t4 2311
---------------------------------------------------------------------

freesurfer imgreg_4dfp.c
/opt/freesurfer/average/711-2C_as_mni_average_305.4dfp.img
       256       256       256         1
  1.000000  1.000000  1.000000
orientation T byte_order littleendian
Reading image: /opt/freesurfer/average/711-2C_as_mni_average_305.4dfp.img
dimensions:      256       256       256
mmppix:       1.0000   -1.0000   -1.0000
center:     128.0000 -129.0000 -129.0000
/opt/freesurfer/average/711-2B_as_mni_average_305_mask.4dfp.img
       256       256       256         1
  1.000000  1.000000  1.000000
orientation T byte_order littleendian
Reading mask: /opt/freesurfer/average/711-2B_as_mni_average_305_mask.4dfp.img (2306576 pixels)
talsrcimg_g11.4dfp.img
       256       256       256         1
  1.000000  1.000000  1.000000
orientation T byte_order littleendian
Reading image: talsrcimg_g11.4dfp.img
dimensions:      256       256       256
mmppix:       1.0000   -1.0000   -1.0000
center:     128.0000 -129.0000 -129.0000
fimgreg.f
image alignment mode   2311 decimal      907 hex
parameters
    0.5197    3.8273   13.8511   -7.0867  -19.8121   -8.7767
   -1.0312    1.0280   -7.0701   21.8249    2.8930  -16.2151
eta,q 0.95766 19.39430
niter,ni,del,rscale     5    3    5.0000    0.8000
parameter  2 -0.515959 -> -0.500000 qaram    1.1500
parameter  4 -0.704349 -> -0.500000 qaram    1.1500
parameters
    0.5985    4.7473   13.5607   -4.3267  -19.9820   -9.1121
   -0.0745    1.0963   -6.7586   22.1254    2.3525  -17.4692
eta,q 0.95826 19.59253
  0.0431  0.0437  0.0426  0.0428  0.0435  0.0435  0.0433  0.0435  0.0427  0.0440  0.0420  0.0420
  0.0427  0.0431  0.0423  0.0426  0.0428  0.0428  0.0425  0.0425  0.0422  0.0431  0.0418  0.0418
  0.0424  0.0427  0.0422  0.0424  0.0422  0.0421  0.0420  0.0420  0.0419  0.0423  0.0418  0.0417
  0.0423  0.0423  0.0421  0.0421  0.0418  0.0418  0.0418  0.0418  0.0418  0.0418  0.0418  0.0418
  0.0424  0.0422  0.0423  0.0419  0.0417  0.0420  0.0419  0.0420  0.0419  0.0418  0.0418  0.0419
  0.0426  0.0421  0.0426  0.0418  0.0424  0.0428  0.0421  0.0425  0.0421  0.0424  0.0419  0.0422
  0.0430  0.0423  0.0431  0.0421  0.0445  0.0445  0.0424  0.0434  0.0424  0.0439  0.0421  0.0425
niter,ni,del,rscale     6    3    5.0000    0.9000
parameters
    0.5499    4.8046   13.5716   -5.6482  -19.5306   -9.0836
   -0.3116    1.1106   -6.7250   22.1634    2.6381  -18.1758
eta,q 0.95824 19.53826
  0.0430  0.0432  0.0425  0.0426  0.0440  0.0439  0.0427  0.0436  0.0427  0.0443  0.0421  0.0422
  0.0423  0.0425  0.0422  0.0424  0.0433  0.0431  0.0421  0.0425  0.0420  0.0432  0.0419  0.0420
  0.0418  0.0420  0.0419  0.0421  0.0425  0.0423  0.0418  0.0419  0.0418  0.0423  0.0418  0.0418
  0.0417  0.0417  0.0417  0.0417  0.0419  0.0418  0.0418  0.0418  0.0418  0.0418  0.0418  0.0418
  0.0419  0.0418  0.0418  0.0419  0.0416  0.0418  0.0420  0.0420  0.0419  0.0418  0.0418  0.0419
  0.0424  0.0422  0.0421  0.0430  0.0420  0.0426  0.0423  0.0426  0.0422  0.0427  0.0419  0.0421
  0.0431  0.0433  0.0426  0.0453  0.0441  0.0444  0.0427  0.0435  0.0425  0.0447  0.0420  0.0426
niter,ni,del,rscale     5    3    5.0000    0.8000
parameters
    0.5385    4.8803   13.6132   -5.6202  -19.3458   -8.8616
   -0.2770    0.9955   -6.7491   22.1471    2.3724  -18.9645
eta,q 0.95834 19.57926
  0.0426  0.0429  0.0424  0.0426  0.0436  0.0436  0.0425  0.0431  0.0424  0.0437  0.0419  0.0420
  0.0421  0.0424  0.0421  0.0424  0.0429  0.0429  0.0420  0.0422  0.0419  0.0428  0.0417  0.0418
  0.0418  0.0420  0.0419  0.0421  0.0423  0.0422  0.0417  0.0418  0.0417  0.0421  0.0417  0.0417
  0.0418  0.0418  0.0417  0.0417  0.0417  0.0417  0.0417  0.0417  0.0417  0.0417  0.0417  0.0417
  0.0419  0.0418  0.0418  0.0416  0.0415  0.0417  0.0418  0.0418  0.0418  0.0417  0.0417  0.0418
  0.0422  0.0421  0.0420  0.0419  0.0421  0.0423  0.0421  0.0424  0.0420  0.0425  0.0418  0.0420
  0.0426  0.0429  0.0424  0.0430  0.0439  0.0436  0.0424  0.0432  0.0423  0.0441  0.0419  0.0424
niter,ni,del,rscale     4    3    5.0000    0.7000
parameters
    0.5444    4.8905   13.6080   -5.1311  -18.9992   -8.6020
    0.0797    0.9557   -6.5311   22.0912    1.7237  -19.8054
eta,q 0.95854 19.68093
  0.0424  0.0425  0.0421  0.0425  0.0432  0.0432  0.0423  0.0427  0.0422  0.0431  0.0416  0.0417
  0.0420  0.0421  0.0419  0.0423  0.0426  0.0425  0.0418  0.0420  0.0417  0.0424  0.0415  0.0416
  0.0417  0.0418  0.0417  0.0420  0.0420  0.0419  0.0415  0.0416  0.0415  0.0418  0.0415  0.0415
  0.0417  0.0417  0.0417  0.0417  0.0416  0.0415  0.0415  0.0415  0.0415  0.0415  0.0415  0.0415
  0.0417  0.0417  0.0417  0.0415  0.0414  0.0415  0.0415  0.0416  0.0415  0.0416  0.0415  0.0416
  0.0420  0.0420  0.0419  0.0417  0.0418  0.0420  0.0417  0.0420  0.0417  0.0422  0.0416  0.0418
  0.0423  0.0426  0.0422  0.0425  0.0431  0.0430  0.0420  0.0427  0.0420  0.0435  0.0418  0.0421
niter,ni,del,rscale     3    3    5.0000    0.6000
parameters
    0.5243    4.8876   13.5688   -4.6077  -18.5169   -8.2778
    0.5761    0.9257   -6.0896   21.9230    1.1022  -20.7894
eta,q 0.95878 19.79867
  0.0420  0.0422  0.0418  0.0423  0.0428  0.0428  0.0420  0.0423  0.0419  0.0424  0.0414  0.0413
  0.0417  0.0418  0.0416  0.0421  0.0423  0.0422  0.0416  0.0416  0.0415  0.0419  0.0413  0.0413
  0.0415  0.0416  0.0415  0.0417  0.0418  0.0416  0.0413  0.0413  0.0413  0.0414  0.0412  0.0412
  0.0415  0.0415  0.0415  0.0415  0.0414  0.0413  0.0412  0.0412  0.0412  0.0412  0.0412  0.0412
  0.0415  0.0415  0.0415  0.0413  0.0412  0.0412  0.0413  0.0414  0.0413  0.0413  0.0413  0.0413
  0.0417  0.0417  0.0416  0.0415  0.0415  0.0416  0.0414  0.0417  0.0414  0.0419  0.0414  0.0415
  0.0420  0.0422  0.0419  0.0422  0.0424  0.0425  0.0416  0.0423  0.0416  0.0428  0.0415  0.0417
niter,ni,del,rscale     2    3    5.0000    0.5000
parameters
    0.4999    4.9006   13.5094   -4.1070  -17.9523   -7.8998
    1.0937    0.9091   -5.6393   21.6982    0.8458  -21.8211
eta,q 0.95903 19.91268
  0.0416  0.0417  0.0415  0.0421  0.0423  0.0423  0.0416  0.0419  0.0415  0.0418  0.0412  0.0410
  0.0414  0.0415  0.0413  0.0418  0.0419  0.0418  0.0413  0.0413  0.0412  0.0414  0.0411  0.0410
  0.0413  0.0413  0.0412  0.0415  0.0415  0.0414  0.0411  0.0410  0.0411  0.0411  0.0410  0.0410
  0.0412  0.0412  0.0412  0.0412  0.0412  0.0411  0.0410  0.0410  0.0410  0.0410  0.0410  0.0410
  0.0413  0.0413  0.0412  0.0411  0.0410  0.0410  0.0410  0.0411  0.0410  0.0411  0.0410  0.0410
  0.0414  0.0414  0.0414  0.0413  0.0412  0.0413  0.0411  0.0414  0.0411  0.0415  0.0411  0.0412
  0.0417  0.0418  0.0416  0.0418  0.0419  0.0420  0.0413  0.0418  0.0413  0.0422  0.0413  0.0414
niter,ni,del,rscale     1    3    5.0000    0.4000
parameters
    0.4427    4.8363   13.4775   -3.8378  -17.3969   -7.4881
    1.2778    0.9280   -5.3399   21.5980    0.8717  -22.4793
eta,q 0.95921 19.99853
  0.0412  0.0413  0.0412  0.0416  0.0419  0.0419  0.0412  0.0415  0.0412  0.0414  0.0410  0.0409
  0.0411  0.0411  0.0411  0.0414  0.0415  0.0415  0.0410  0.0411  0.0410  0.0411  0.0409  0.0408
  0.0410  0.0410  0.0410  0.0411  0.0412  0.0411  0.0408  0.0408  0.0408  0.0409  0.0408  0.0408
  0.0410  0.0410  0.0410  0.0410  0.0409  0.0409  0.0408  0.0408  0.0408  0.0408  0.0408  0.0408
  0.0410  0.0410  0.0410  0.0409  0.0408  0.0408  0.0408  0.0409  0.0408  0.0409  0.0408  0.0408
  0.0411  0.0412  0.0411  0.0411  0.0410  0.0410  0.0409  0.0411  0.0409  0.0411  0.0409  0.0409
  0.0413  0.0414  0.0412  0.0415  0.0414  0.0415  0.0411  0.0414  0.0410  0.0415  0.0410  0.0410
registration optimization eta report
parameter search radius
    0.8000    0.9200    0.8000    2.7600    2.4000    2.4000
    2.4000    2.4000    2.4000    2.4000    2.4000    2.4000
100000*second partial in parameter space
       50.       46.       35.        8.       12.       15.
        6.       12.        6.       12.        3.        2.
  0.0412  0.0413  0.0412  0.0416  0.0419  0.0419  0.0412  0.0415  0.0412  0.0414  0.0410  0.0409
  0.0411  0.0411  0.0411  0.0414  0.0415  0.0415  0.0410  0.0411  0.0410  0.0411  0.0409  0.0408
  0.0410  0.0410  0.0410  0.0411  0.0412  0.0411  0.0408  0.0408  0.0408  0.0409  0.0408  0.0408
  0.0410  0.0410  0.0410  0.0410  0.0409  0.0409  0.0408  0.0408  0.0408  0.0408  0.0408  0.0408
  0.0410  0.0410  0.0410  0.0409  0.0408  0.0408  0.0408  0.0409  0.0408  0.0409  0.0408  0.0408
  0.0411  0.0412  0.0411  0.0411  0.0410  0.0410  0.0409  0.0411  0.0409  0.0411  0.0409  0.0409
  0.0413  0.0414  0.0412  0.0415  0.0414  0.0415  0.0411  0.0414  0.0410  0.0415  0.0410  0.0410
    0.4427    4.8363   13.4775   -3.8378  -17.3969   -7.4881
    1.2778    0.9280   -5.3399   21.5980    0.8717  -22.4793
eta,q 0.95921 19.99853

---------------------------------------------------------------------
imgreg_4dfp /opt/freesurfer/average/711-2C_as_mni_average_305 /opt/freesurfer/average/711-2B_as_mni_average_305_mask talsrcimg_g11 none talsrcimg_to_711-2C_as_mni_average_305_t4 2311
---------------------------------------------------------------------

freesurfer imgreg_4dfp.c
/opt/freesurfer/average/711-2C_as_mni_average_305.4dfp.img
       256       256       256         1
  1.000000  1.000000  1.000000
orientation T byte_order littleendian
Reading image: /opt/freesurfer/average/711-2C_as_mni_average_305.4dfp.img
dimensions:      256       256       256
mmppix:       1.0000   -1.0000   -1.0000
center:     128.0000 -129.0000 -129.0000
/opt/freesurfer/average/711-2B_as_mni_average_305_mask.4dfp.img
       256       256       256         1
  1.000000  1.000000  1.000000
orientation T byte_order littleendian
Reading mask: /opt/freesurfer/average/711-2B_as_mni_average_305_mask.4dfp.img (2306576 pixels)
talsrcimg_g11.4dfp.img
       256       256       256         1
  1.000000  1.000000  1.000000
orientation T byte_order littleendian
Reading image: talsrcimg_g11.4dfp.img
dimensions:      256       256       256
mmppix:       1.0000   -1.0000   -1.0000
center:     128.0000 -129.0000 -129.0000
fimgreg.f
image alignment mode   2311 decimal      907 hex
parameters
    0.4427    4.8363   13.4775   -3.8378  -17.3969   -7.4881
    1.2778    0.9280   -5.3399   21.5980    0.8717  -22.4793
eta,q 0.95921 19.99852
niter,ni,del,rscale     5    3    5.0000    0.8000
parameters
    0.4442    4.4875   13.4075   -4.4676  -17.6507   -7.5708
    0.8248    1.0432   -5.2610   22.0924    0.9373  -22.0495
eta,q 0.95914 19.97236
  0.0423  0.0415  0.0416  0.0420  0.0430  0.0436  0.0418  0.0432  0.0419  0.0431  0.0415  0.0414
  0.0414  0.0411  0.0412  0.0415  0.0422  0.0427  0.0412  0.0418  0.0413  0.0422  0.0411  0.0411
  0.0409  0.0408  0.0409  0.0411  0.0415  0.0417  0.0410  0.0411  0.0410  0.0415  0.0409  0.0409
  0.0408  0.0408  0.0408  0.0408  0.0409  0.0409  0.0410  0.0409  0.0409  0.0409  0.0409  0.0409
  0.0410  0.0411  0.0409  0.0409  0.0408  0.0408  0.0411  0.0412  0.0411  0.0408  0.0410  0.0409
  0.0415  0.0417  0.0412  0.0418  0.0418  0.0419  0.0415  0.0419  0.0413  0.0413  0.0411  0.0410
  0.0422  0.0429  0.0418  0.0435  0.0444  0.0447  0.0421  0.0428  0.0417  0.0427  0.0414  0.0412
niter,ni,del,rscale     4    3    5.0000    0.7000
parameters
    0.4428    4.5411   13.2313   -4.2555  -17.6418   -7.4727
    0.8130    1.0525   -5.2766   22.1967    1.0077  -22.0233
eta,q 0.95922 19.99266
  0.0418  0.0417  0.0413  0.0419  0.0426  0.0430  0.0416  0.0426  0.0415  0.0425  0.0413  0.0411
  0.0412  0.0413  0.0411  0.0416  0.0420  0.0422  0.0411  0.0415  0.0411  0.0417  0.0410  0.0409
  0.0409  0.0410  0.0409  0.0412  0.0413  0.0414  0.0409  0.0409  0.0408  0.0411  0.0408  0.0408
  0.0409  0.0409  0.0408  0.0409  0.0408  0.0408  0.0408  0.0408  0.0408  0.0408  0.0408  0.0408
  0.0410  0.0409  0.0410  0.0408  0.0407  0.0407  0.0409  0.0411  0.0409  0.0408  0.0409  0.0408
  0.0413  0.0411  0.0412  0.0411  0.0414  0.0414  0.0412  0.0416  0.0411  0.0413  0.0410  0.0409
  0.0417  0.0417  0.0417  0.0420  0.0432  0.0434  0.0416  0.0424  0.0415  0.0425  0.0412  0.0411
niter,ni,del,rscale     3    3    5.0000    0.6000
parameters
    0.4297    4.5543   13.1307   -4.0418  -17.4558   -7.2969
    0.9161    1.0641   -5.2419   22.2327    1.0853  -22.1727
eta,q 0.95933 20.03156
  0.0415  0.0414  0.0412  0.0417  0.0423  0.0425  0.0414  0.0421  0.0413  0.0420  0.0411  0.0409
  0.0411  0.0411  0.0410  0.0414  0.0417  0.0418  0.0410  0.0412  0.0409  0.0414  0.0408  0.0408
  0.0408  0.0409  0.0408  0.0410  0.0412  0.0412  0.0407  0.0408  0.0407  0.0409  0.0407  0.0407
  0.0408  0.0408  0.0408  0.0408  0.0408  0.0407  0.0407  0.0407  0.0407  0.0407  0.0407  0.0407
  0.0409  0.0408  0.0408  0.0407  0.0406  0.0407  0.0407  0.0409  0.0408  0.0407  0.0407  0.0407
  0.0411  0.0410  0.0410  0.0410  0.0411  0.0412  0.0409  0.0413  0.0409  0.0412  0.0408  0.0408
  0.0415  0.0414  0.0414  0.0417  0.0423  0.0426  0.0413  0.0419  0.0412  0.0421  0.0410  0.0410
niter,ni,del,rscale     2    3    5.0000    0.5000
parameters
    0.3920    4.4836   13.0650   -3.8814  -17.1380   -7.0509
    1.0348    1.0903   -5.1881   22.2587    1.1929  -22.3342
eta,q 0.95944 20.08283
  0.0412  0.0411  0.0410  0.0414  0.0419  0.0420  0.0411  0.0416  0.0410  0.0415  0.0409  0.0408
  0.0409  0.0409  0.0408  0.0411  0.0414  0.0415  0.0408  0.0410  0.0407  0.0411  0.0407  0.0406
  0.0407  0.0407  0.0407  0.0408  0.0410  0.0410  0.0406  0.0406  0.0406  0.0407  0.0406  0.0406
  0.0407  0.0407  0.0407  0.0407  0.0407  0.0406  0.0406  0.0406  0.0406  0.0406  0.0406  0.0406
  0.0407  0.0407  0.0407  0.0407  0.0406  0.0405  0.0406  0.0407  0.0406  0.0406  0.0406  0.0406
  0.0409  0.0409  0.0409  0.0409  0.0408  0.0409  0.0408  0.0410  0.0408  0.0409  0.0407  0.0407
  0.0412  0.0412  0.0411  0.0414  0.0417  0.0419  0.0410  0.0415  0.0410  0.0416  0.0408  0.0408
niter,ni,del,rscale     1    3    5.0000    0.4000
parameters
    0.3462    4.3216   13.0015   -3.7555  -16.7129   -6.7594
    1.1381    1.1405   -5.1069   22.3104    1.3248  -22.4059
eta,q 0.95957 20.14481
  0.0409  0.0407  0.0407  0.0411  0.0415  0.0416  0.0408  0.0412  0.0408  0.0411  0.0407  0.0406
  0.0407  0.0406  0.0406  0.0408  0.0411  0.0411  0.0406  0.0407  0.0406  0.0408  0.0405  0.0405
  0.0406  0.0406  0.0406  0.0406  0.0408  0.0407  0.0405  0.0405  0.0405  0.0405  0.0404  0.0404
  0.0406  0.0406  0.0405  0.0405  0.0405  0.0405  0.0404  0.0404  0.0404  0.0404  0.0404  0.0404
  0.0406  0.0406  0.0406  0.0406  0.0405  0.0404  0.0405  0.0405  0.0405  0.0405  0.0404  0.0404
  0.0407  0.0408  0.0407  0.0407  0.0406  0.0407  0.0406  0.0407  0.0406  0.0407  0.0405  0.0405
  0.0409  0.0410  0.0408  0.0410  0.0411  0.0413  0.0407  0.0411  0.0407  0.0411  0.0406  0.0406
registration optimization eta report
parameter search radius
    0.8000    0.8000    0.8000    2.4000    2.4000    2.4000
    2.4000    2.4000    2.4000    2.4000    2.4000    2.4000
100000*second partial in parameter space
       55.       52.       38.        9.       13.       16.
        6.       12.        5.       12.        4.        3.
  0.0409  0.0407  0.0407  0.0411  0.0415  0.0416  0.0408  0.0412  0.0408  0.0411  0.0407  0.0406
  0.0407  0.0406  0.0406  0.0408  0.0411  0.0411  0.0406  0.0407  0.0406  0.0408  0.0405  0.0405
  0.0406  0.0406  0.0406  0.0406  0.0408  0.0407  0.0405  0.0405  0.0405  0.0405  0.0404  0.0404
  0.0406  0.0406  0.0405  0.0405  0.0405  0.0405  0.0404  0.0404  0.0404  0.0404  0.0404  0.0404
  0.0406  0.0406  0.0406  0.0406  0.0405  0.0404  0.0405  0.0405  0.0405  0.0405  0.0404  0.0404
  0.0407  0.0408  0.0407  0.0407  0.0406  0.0407  0.0406  0.0407  0.0406  0.0407  0.0405  0.0405
  0.0409  0.0410  0.0408  0.0410  0.0411  0.0413  0.0407  0.0411  0.0407  0.0411  0.0406  0.0406
    0.3462    4.3216   13.0015   -3.7555  -16.7129   -6.7594
    1.1381    1.1405   -5.1069   22.3104    1.3248  -22.4059
eta,q 0.95957 20.14481

---------------------------------------------------------------------
compute_vox2vox talsrcimg talsrcimg_to_711-2C_as_mni_average_305_t4 /opt/freesurfer/average/711-2C_as_mni_average_305
---------------------------------------------------------------------

freesurfer compute_vox2vox.c
Reading: talsrcimg.4dfp.ifh
Reading: talsrcimg_to_711-2C_as_mni_average_305_t4
Reading: /opt/freesurfer/average/711-2C_as_mni_average_305.4dfp.ifh
Writing: talsrcimg_to_711-2C_as_mni_average_305_t4_vox2vox.txt

start time Mon Mar 9 20:23:32 CET 2026
end		time Mon Mar 9 20:24:57 CET 2026

mpr2mni305 success

avi2talxfm orig_nu.mgz /opt/freesurfer/average/mni305.cor.mgz talsrcimg_to_711-2C_as_mni_average_305_t4_vox2vox.txt transforms/talairach.auto.xfm
avi2talxfm done
mv -f /out/sourcedata/freesurfer/sub-v1s23x0050607_ses-1/mri/talsrcimg_to_711-2C_as_mni_average_305_t4_vox2vox.txt /out/sourcedata/freesurfer/sub-v1s23x0050607_ses-1/mri/transforms/talsrcimg_to_711-2C_as_mni_average_305_t4_vox2vox.txt
lta_convert --src orig_nu.mgz --trg /opt/freesurfer/average/mni305.cor.mgz --inxfm transforms/talairach.auto.xfm --outlta transforms/talairach.auto.xfm.lta --subject fsaverage
7.3.2

--src: orig_nu.mgz src image (geometry).
--trg: /opt/freesurfer/average/mni305.cor.mgz trg image (geometry).
--inmni: transforms/talairach.auto.xfm input MNI/XFM transform.
--outlta: transforms/talairach.auto.xfm.lta output LTA.
--s: fsaverage subject name
 LTA read, type : 1
 1.03826  -0.00874  -0.01654  -41.93736;
 0.00051   1.00763   0.27106   28.06871;
 0.06353  -0.27045   1.12704  -44.41733;
 0.00000   0.00000   0.00000   1.00000;
setting subject to fsaverage
Writing  LTA to file transforms/talairach.auto.xfm.lta...
lta_convert successful.
 
 
Started at Mon Mar 9 20:23:31 CET 2026
Ended   at Mon Mar  9 20:24:58 CET 2026
talairach_avi done
