status file for recon-all
Mon Mar  9 21:10:43 CET 2026
#@# Tessellate rh Mon Mar  9 21:10:43 CET 2026
#@# Smooth1 rh Mon Mar  9 21:10:46 CET 2026
#@# Inflation1 rh Mon Mar  9 21:10:48 CET 2026
#@# QSphere rh Mon Mar  9 21:10:58 CET 2026
#@# Fix Topology rh Mon Mar  9 21:11:56 CET 2026
#@# Smooth2 rh Mon Mar  9 21:17:10 CET 2026
#@# Inflation2 rh Mon Mar  9 21:17:13 CET 2026
#@# Curv .H and .K rh Mon Mar  9 21:17:23 CET 2026
#@# Sphere rh Mon Mar  9 21:18:09 CET 2026
#@# Surf Reg rh Mon Mar  9 21:21:02 CET 2026
#@# Jacobian white rh Mon Mar  9 21:24:19 CET 2026
#@# AvgCurv rh Mon Mar  9 21:24:20 CET 2026
#@# Cortical Parc rh Mon Mar  9 21:24:21 CET 2026
#@# white curv rh Mon Mar  9 21:30:10 CET 2026
#@# white area rh Mon Mar  9 21:30:11 CET 2026
#@# pial curv rh Mon Mar  9 21:30:12 CET 2026
#@# pial area rh Mon Mar  9 21:30:13 CET 2026
#@# thickness rh Mon Mar  9 21:30:14 CET 2026
#@# area and vertex vol rh Mon Mar  9 21:30:43 CET 2026
#@# Curvature Stats rh Mon Mar  9 21:30:44 CET 2026
#@# Cortical Parc 2 rh Mon Mar  9 21:30:46 CET 2026
#@# Cortical Parc 3 rh Mon Mar  9 21:30:59 CET 2026
#@# WM/GM Contrast rh Mon Mar  9 21:31:09 CET 2026
recon-all -s sub-v1s23x0050574_ses-1 finished without error at Mon Mar  9 21:31:11 CET 2026



#New# invocation of recon-all 



status file for recon-all
Mon Mar  9 21:39:31 CET 2026
#@# white curv rh Mon Mar  9 21:39:31 CET 2026
#@# white area rh Mon Mar  9 21:39:31 CET 2026
#@# pial curv rh Mon Mar  9 21:39:31 CET 2026
#@# pial area rh Mon Mar  9 21:39:31 CET 2026
#@# thickness rh Mon Mar  9 21:39:31 CET 2026
#@# area and vertex vol rh Mon Mar  9 21:39:31 CET 2026
#@# Parcellation Stats rh Mon Mar  9 21:39:31 CET 2026
#@# Parcellation Stats 2 rh Mon Mar  9 21:39:49 CET 2026
#@# Parcellation Stats 3 rh Mon Mar  9 21:39:58 CET 2026
#@# BA_exvivo Labels rh Mon Mar  9 21:40:07 CET 2026
recon-all -s sub-v1s23x0050574_ses-1 finished without error at Mon Mar  9 21:42:27 CET 2026
