status file for recon-all
Mon Mar  9 19:14:10 CET 2026
#@# MotionCor Mon Mar  9 19:14:11 CET 2026
#@# Talairach Mon Mar  9 19:14:19 CET 2026
#@# Talairach Failure Detection Mon Mar  9 19:18:45 CET 2026
#@# Nu Intensity Correction Mon Mar  9 19:18:46 CET 2026
#@# Intensity Normalization Mon Mar  9 19:21:59 CET 2026
recon-all -s sub-v1s23x0050574_ses-1 finished without error at Mon Mar  9 19:23:26 CET 2026



#New# invocation of recon-all 



status file for recon-all
Mon Mar  9 19:30:24 CET 2026
#@# EM Registration Mon Mar  9 19:30:24 CET 2026
recon-all -s sub-v1s23x0050574_ses-1 finished without error at Mon Mar  9 19:32:17 CET 2026



#New# invocation of recon-all 



status file for recon-all
Mon Mar  9 19:32:20 CET 2026
#@# CA Normalize Mon Mar  9 19:32:20 CET 2026
#@# CA Reg Mon Mar  9 19:33:38 CET 2026
#@# SubCort Seg Mon Mar  9 20:16:52 CET 2026
#@# CC Seg Mon Mar  9 20:46:35 CET 2026
#@# Merge ASeg Mon Mar  9 20:47:09 CET 2026
#@# Intensity Normalization2 Mon Mar  9 20:47:09 CET 2026
#@# Mask BFS Mon Mar  9 20:49:21 CET 2026
#@# WM Segmentation Mon Mar  9 20:49:22 CET 2026
#@# Fill Mon Mar  9 20:51:17 CET 2026
recon-all -s sub-v1s23x0050574_ses-1 finished without error at Mon Mar  9 20:52:20 CET 2026



#New# invocation of recon-all 



status file for recon-all
Mon Mar  9 21:31:15 CET 2026
#@# white curv lh Mon Mar  9 21:31:15 CET 2026
#@# white area lh Mon Mar  9 21:31:15 CET 2026
#@# pial curv lh Mon Mar  9 21:31:15 CET 2026
#@# pial area lh Mon Mar  9 21:31:15 CET 2026
#@# thickness lh Mon Mar  9 21:31:15 CET 2026
#@# area and vertex vol lh Mon Mar  9 21:31:15 CET 2026
#@# white curv rh Mon Mar  9 21:31:15 CET 2026
#@# white area rh Mon Mar  9 21:31:15 CET 2026
#@# pial curv rh Mon Mar  9 21:31:15 CET 2026
#@# pial area rh Mon Mar  9 21:31:15 CET 2026
#@# thickness rh Mon Mar  9 21:31:15 CET 2026
#@# area and vertex vol rh Mon Mar  9 21:31:15 CET 2026
#@# Cortical ribbon mask Mon Mar  9 21:31:15 CET 2026
recon-all -s sub-v1s23x0050574_ses-1 finished without error at Mon Mar  9 21:36:28 CET 2026



#New# invocation of recon-all 



status file for recon-all
Mon Mar  9 21:42:31 CET 2026
#@# white curv lh Mon Mar  9 21:42:31 CET 2026
#@# white area lh Mon Mar  9 21:42:31 CET 2026
#@# pial curv lh Mon Mar  9 21:42:31 CET 2026
#@# pial area lh Mon Mar  9 21:42:31 CET 2026
#@# thickness lh Mon Mar  9 21:42:31 CET 2026
#@# area and vertex vol lh Mon Mar  9 21:42:31 CET 2026
#@# white curv rh Mon Mar  9 21:42:31 CET 2026
#@# white area rh Mon Mar  9 21:42:31 CET 2026
#@# pial curv rh Mon Mar  9 21:42:31 CET 2026
#@# pial area rh Mon Mar  9 21:42:31 CET 2026
#@# thickness rh Mon Mar  9 21:42:31 CET 2026
#@# area and vertex vol rh Mon Mar  9 21:42:31 CET 2026
#@# Curvature Stats lh Mon Mar  9 21:42:31 CET 2026
#@# Curvature Stats rh Mon Mar  9 21:42:33 CET 2026
#@# Relabel Hypointensities Mon Mar  9 21:42:35 CET 2026
#@# APas-to-ASeg Mon Mar  9 21:42:50 CET 2026
#@# AParc-to-ASeg aparc Mon Mar  9 21:42:58 CET 2026
#@# AParc-to-ASeg aparc.a2009s Mon Mar  9 21:43:27 CET 2026
#@# AParc-to-ASeg aparc.DKTatlas Mon Mar  9 21:43:58 CET 2026
#@# WMParc Mon Mar  9 21:44:28 CET 2026
#@# ASeg Stats Mon Mar  9 21:48:03 CET 2026
recon-all -s sub-v1s23x0050574_ses-1 finished without error at Mon Mar  9 21:48:35 CET 2026
