/out/sourcedata/freesurfer/sub-v1s23x0050562_ses-1/mri
/opt/freesurfer/bin/talairach_avi
--i orig_nu.mgz --xfm transforms/talairach.auto.xfm
talairach_avi 7.3.2
Linux dna056 5.14.0-427.37.1.el9_4.x86_64 #1 SMP PREEMPT_DYNAMIC Fri Sep 13 12:41:50 EDT 2024 x86_64 x86_64 x86_64 GNU/Linux
Mon Mar  9 17:21:13 CET 2026
mri_convert orig_nu.mgz talsrcimg.img 
reading from orig_nu.mgz...
TR=0.00, TE=0.00, TI=0.00, flip angle=0.00
i_ras = (-1, 0, 0)
j_ras = (0, 0, -1)
k_ras = (0, 1, 0)
writing to talsrcimg.img...
Analyze Output Matrix
-1.00000   0.00000   0.00000   180.12770;
 0.00000   0.00000   1.00000  -175.31432;
 0.00000  -1.00000   0.00000   172.18584;
 0.00000   0.00000   0.00000   1.00000;
--------------------
INFO: set hdr.hist.orient to -1
mpr2mni305 talsrcimg
Mon Mar  9 17:21:14 CET 2026
/opt/freesurfer/bin/mpr2mni305 talsrcimg
mpr2mni305 7.3.2
target=711-2C_as_mni_average_305

---------------------------------------------------------------------
analyzeto4dfp talsrcimg -O0 -y
---------------------------------------------------------------------

freesurfer ifh2hdr.c
Mon Mar  9 17:21:14 2026
Writing: talsrcimg.4dfp.hdr
freesurfer analyzeto4dfp.c
Reading: talsrcimg.hdr
header size 348 bytes
hdr.dime.datatype	offset=70	value=2
hdr.dime.bitpix		offset=72	value=8
hdr.hist.orient		offset=252	value=-1
dimensionality     4
dimensions       256       256       256         1
Reading: talsrcimg.img
Writing: talsrcimg.4dfp.img
Writing: talsrcimg.4dfp.ifh
ifh2hdr talsrcimg -r0to255
ori=2

---------------------------------------------------------------------
gauss_4dfp talsrcimg 1.1
---------------------------------------------------------------------

freesurfer gauss_4dfp.c
Reading: talsrcimg.4dfp.img
Writing: talsrcimg_g11.4dfp.img
image dimensions 256 256 256 padded to 288 288 288
processing volume 1freesurfer ifh2hdr.c
Mon Mar  9 17:21:16 2026
Writing: talsrcimg_g11.4dfp.hdr

Writing: talsrcimg_g11.4dfp.ifh
including: talsrcimg.4dfp.img.rec in talsrcimg_g11.4dfp.img.rec

---------------------------------------------------------------------
imgreg_4dfp /opt/freesurfer/average/711-2C_as_mni_average_305 none talsrcimg_g11 none talsrcimg_to_711-2C_as_mni_average_305_t4 4355
---------------------------------------------------------------------

freesurfer imgreg_4dfp.c
/opt/freesurfer/average/711-2C_as_mni_average_305.4dfp.img
       256       256       256         1
  1.000000  1.000000  1.000000
orientation T byte_order littleendian
Reading image: /opt/freesurfer/average/711-2C_as_mni_average_305.4dfp.img
dimensions:      256       256       256
mmppix:       1.0000   -1.0000   -1.0000
center:     128.0000 -129.0000 -129.0000
talsrcimg_g11.4dfp.img
       256       256       256         1
  1.000000  1.000000  1.000000
orientation T byte_order littleendian
Reading image: talsrcimg_g11.4dfp.img
dimensions:      256       256       256
mmppix:       1.0000   -1.0000   -1.0000
center:     128.0000 -129.0000 -129.0000
t4_read: open error in t4_sub.f l:  41 t4_file(1:l)talsrcimg_to_711-2C_as_mni_average_305_t4 
t4_read: transform initialized to I4
rotation matrix determinant  1.000000
image alignment mode   4355 decimal     1103 hex
   -7.5000  -45.0000  -45.0000 7174.0332   13.8739
    0.0000  -45.0000  -45.0000 7470.7881   13.8773
    7.5000  -45.0000  -45.0000 7138.4292   13.8839
   -7.5000  -37.5000  -45.0000 7735.0845   13.8433
    0.0000  -37.5000  -45.0000 8070.0688   13.8432
    7.5000  -37.5000  -45.0000 7723.8877   13.8472
   -7.5000  -30.0000  -45.0000 8619.2256   13.8138
    0.0000  -30.0000  -45.0000 9008.5967   13.8130
    7.5000  -30.0000  -45.0000 8646.1709   13.8143
   -7.5000  -22.5000  -45.0000 9456.0615   13.7843
    0.0000  -22.5000  -45.0000 9884.1660   13.7864
    7.5000  -22.5000  -45.0000 9487.8682   13.7873
   -7.5000  -15.0000  -45.000010228.7529   13.7684
    0.0000  -15.0000  -45.000010705.1201   13.7732
    7.5000  -15.0000  -45.000010283.8545   13.7765
   -7.5000   -7.5000  -45.000010940.7441   13.7730
    0.0000   -7.5000  -45.000011465.5986   13.7785
    7.5000   -7.5000  -45.000011007.4238   13.7845
   -7.5000    0.0000  -45.000011500.2148   13.7908
    0.0000    0.0000  -45.000012042.3613   13.7944
    7.5000    0.0000  -45.000011605.0137   13.8006
   -7.5000    7.5000  -45.000011172.6113   13.7989
    0.0000    7.5000  -45.000011699.8389   13.7990
    7.5000    7.5000  -45.000011299.1523   13.8027
   -7.5000   15.0000  -45.000010769.8477   13.7883
    0.0000   15.0000  -45.000011294.4316   13.7876
    7.5000   15.0000  -45.000010910.7031   13.7887
   -7.5000   22.5000  -45.000010259.2197   13.7699
    0.0000   22.5000  -45.000010778.0586   13.7721
    7.5000   22.5000  -45.000010401.6582   13.7730
   -7.5000   30.0000  -45.0000 9692.5088   13.5809
    0.0000   30.0000  -45.000010163.3389   13.5856
    7.5000   30.0000  -45.0000 9813.2178   13.5889
   -7.5000   37.5000  -45.0000 9373.0342   13.5891
    0.0000   37.5000  -45.0000 9819.7676   13.5945
    7.5000   37.5000  -45.0000 9466.6904   13.6004
   -7.5000   45.0000  -45.0000 8674.8994   13.2640
    0.0000   45.0000  -45.0000 9058.6387   13.2674
    7.5000   45.0000  -45.0000 8727.3145   13.2732
   -7.5000  -45.0000  -37.5000 7523.8354   13.7708
    0.0000  -45.0000  -37.5000 7835.7720   13.7793
    7.5000  -45.0000  -37.5000 7497.4307   13.7885
   -7.5000  -37.5000  -37.5000 8136.4609   13.7439
    0.0000  -37.5000  -37.5000 8488.8721   13.7501
    7.5000  -37.5000  -37.5000 8135.3076   13.7566
   -7.5000  -30.0000  -37.5000 9075.0576   13.7225
    0.0000  -30.0000  -37.5000 9468.6445   13.7273
    7.5000  -30.0000  -37.5000 9083.0410   13.7298
   -7.5000  -22.5000  -37.5000 9959.4346   13.6962
    0.0000  -22.5000  -37.500010411.7588   13.7013
    7.5000  -22.5000  -37.5000 9983.2852   13.7024
   -7.5000  -15.0000  -37.500010772.5537   13.6763
    0.0000  -15.0000  -37.500011273.1816   13.6829
    7.5000  -15.0000  -37.500010823.1367   13.6862
   -7.5000   -7.5000  -37.500011501.7676   13.6745
    0.0000   -7.5000  -37.500012047.7061   13.6832
    7.5000   -7.5000  -37.500011593.8252   13.6905
   -7.5000    0.0000  -37.500012061.7949   13.6888
    0.0000    0.0000  -37.500012654.9629   13.6975
    7.5000    0.0000  -37.500012198.7129   13.7062
   -7.5000    7.5000  -37.500011714.8242   13.7002
    0.0000    7.5000  -37.500012275.8291   13.7066
    7.5000    7.5000  -37.500011833.6533   13.7128
   -7.5000   15.0000  -37.500011275.1055   13.6973
    0.0000   15.0000  -37.500011826.3037   13.7022
    7.5000   15.0000  -37.500011394.0801   13.7046
   -7.5000   22.5000  -37.500010759.9424   13.6819
    0.0000   22.5000  -37.500011287.1572   13.6871
    7.5000   22.5000  -37.500010867.5869   13.6881
   -7.5000   30.0000  -37.500010181.2451   13.4900
    0.0000   30.0000  -37.500010654.7051   13.4966
    7.5000   30.0000  -37.500010258.7119   13.4999
   -7.5000   37.5000  -37.5000 9836.5684   13.4920
    0.0000   37.5000  -37.500010289.5664   13.5005
    7.5000   37.5000  -37.5000 9900.4980   13.5077
   -7.5000   45.0000  -37.5000 9073.1172   13.1656
    0.0000   45.0000  -37.5000 9472.1084   13.1740
    7.5000   45.0000  -37.5000 9116.0898   13.1823
   -7.5000  -45.0000  -30.0000 8074.5337   14.3014
    0.0000  -45.0000  -30.0000 8424.3438   14.3098
    7.5000  -45.0000  -30.0000 8076.2817   14.3187
   -7.5000  -37.5000  -30.0000 8760.2383   14.2742
    0.0000  -37.5000  -30.0000 9130.3770   14.2807
    7.5000  -37.5000  -30.0000 8752.1631   14.2872
   -7.5000  -30.0000  -30.0000 9761.7354   14.2573
    0.0000  -30.0000  -30.000010180.0918   14.2613
    7.5000  -30.0000  -30.0000 9743.3672   14.2644
   -7.5000  -22.5000  -30.000010696.3350   14.2339
    0.0000  -22.5000  -30.000011169.5859   14.2366
    7.5000  -22.5000  -30.000010711.8691   14.2379
   -7.5000  -15.0000  -30.000011558.4062   14.2120
    0.0000  -15.0000  -30.000012075.9141   14.2158
    7.5000  -15.0000  -30.000011595.0107   14.2187
   -7.5000   -7.5000  -30.000012338.9316   14.2056
    0.0000   -7.5000  -30.000012912.0859   14.2128
    7.5000   -7.5000  -30.000012441.6943   14.2196
   -7.5000    0.0000  -30.000012951.0508   14.2163
    0.0000    0.0000  -30.000013585.7920   14.2250
    7.5000    0.0000  -30.000013084.1504   14.2333
   -7.5000    7.5000  -30.000012576.6387   14.2290
    0.0000    7.5000  -30.000013185.5859   14.2356
    7.5000    7.5000  -30.000012695.1035   14.2418
   -7.5000   15.0000  -30.000012069.1494   14.2312
    0.0000   15.0000  -30.000012646.7080   14.2353
    7.5000   15.0000  -30.000012189.8125   14.2382
   -7.5000   22.5000  -30.000011524.5312   14.2174
    0.0000   22.5000  -30.000012063.9033   14.2202
    7.5000   22.5000  -30.000011622.0010   14.2215
   -7.5000   30.0000  -30.000010886.9658   14.0197
    0.0000   30.0000  -30.000011369.0664   14.0234
    7.5000   30.0000  -30.000010958.9590   14.0263
   -7.5000   37.5000  -30.000010514.3027   14.0174
    0.0000   37.5000  -30.000010988.8516   14.0245
    7.5000   37.5000  -30.000010594.1348   14.0312
   -7.5000   45.0000  -30.0000 9681.8418   13.6832
    0.0000   45.0000  -30.000010108.2051   13.6916
    7.5000   45.0000  -30.0000 9732.2480   13.6995
   -7.5000  -45.0000  -22.5000 8682.9082   14.7712
    0.0000  -45.0000  -22.5000 9045.9814   14.7721
    7.5000  -45.0000  -22.5000 8658.8027   14.7756
   -7.5000  -37.5000  -22.5000 9424.9131   14.7379
    0.0000  -37.5000  -22.5000 9821.9629   14.7369
    7.5000  -37.5000  -22.5000 9392.7285   14.7392
   -7.5000  -30.0000  -22.500010478.6387   14.7142
    0.0000  -30.0000  -22.500010926.6377   14.7112
    7.5000  -30.0000  -22.500010453.0254   14.7133
   -7.5000  -22.5000  -22.500011476.5195   14.6903
    0.0000  -22.5000  -22.500011968.5791   14.6868
    7.5000  -22.5000  -22.500011462.4678   14.6890
   -7.5000  -15.0000  -22.500012384.5127   14.6737
    0.0000  -15.0000  -22.500012923.2607   14.6712
    7.5000  -15.0000  -22.500012401.5898   14.6740
   -7.5000   -7.5000  -22.500013209.7188   14.6722
    0.0000   -7.5000  -22.500013802.4561   14.6723
    7.5000   -7.5000  -22.500013283.8457   14.6760
   -7.5000    0.0000  -22.500013889.0107   14.6834
    0.0000    0.0000  -22.500014513.2441   14.6847
    7.5000    0.0000  -22.500013978.7246   14.6876
   -7.5000    7.5000  -22.500013462.9697   14.6910
    0.0000    7.5000  -22.500014093.4531   14.6903
    7.5000    7.5000  -22.500013565.5254   14.6922
   -7.5000   15.0000  -22.500012882.8164   14.6874
    0.0000   15.0000  -22.500013489.0791   14.6845
    7.5000   15.0000  -22.500012989.8682   14.6864
   -7.5000   22.5000  -22.500012284.5547   14.6723
    0.0000   22.5000  -22.500012860.7627   14.6689
    7.5000   22.5000  -22.500012377.9248   14.6710
   -7.5000   30.0000  -22.500011592.7969   14.4771
    0.0000   30.0000  -22.500012117.2725   14.4747
    7.5000   30.0000  -22.500011674.0869   14.4775
   -7.5000   37.5000  -22.500011210.0342   14.4799
    0.0000   37.5000  -22.500011708.9688   14.4801
    7.5000   37.5000  -22.500011286.7070   14.4837
   -7.5000   45.0000  -22.500010314.9766   14.1436
    0.0000   45.0000  -22.500010763.8281   14.1449
    7.5000   45.0000  -22.500010370.8057   14.1476
   -7.5000  -45.0000  -15.0000 9299.2900   15.1344
    0.0000  -45.0000  -15.0000 9682.2451   15.1285
    7.5000  -45.0000  -15.0000 9250.2422   15.1280
   -7.5000  -37.5000  -15.000010085.6211   15.0966
    0.0000  -37.5000  -15.000010505.4082   15.0887
    7.5000  -37.5000  -15.000010054.2891   15.0876
   -7.5000  -30.0000  -15.000011195.8486   15.0625
    0.0000  -30.0000  -15.000011677.8682   15.0546
    7.5000  -30.0000  -15.000011184.1387   15.0557
   -7.5000  -22.5000  -15.000012293.6123   15.0337
    0.0000  -22.5000  -15.000012821.7646   15.0276
    7.5000  -22.5000  -15.000012266.4951   15.0307
   -7.5000  -15.0000  -15.000013235.8213   15.0214
    0.0000  -15.0000  -15.000013812.8271   15.0165
    7.5000  -15.0000  -15.000013247.5342   15.0198
   -7.5000   -7.5000  -15.000014065.7041   15.0279
    0.0000   -7.5000  -15.000014702.7012   15.0234
    7.5000   -7.5000  -15.000014156.2012   15.0252
   -7.5000    0.0000  -15.000014755.8408   15.0445
    0.0000    0.0000  -15.000015434.6816   15.0390
    7.5000    0.0000  -15.000014864.7930   15.0381
   -7.5000    7.5000  -15.000014323.3525   15.0485
    0.0000    7.5000  -15.000014995.7266   15.0409
    7.5000    7.5000  -15.000014436.0127   15.0394
   -7.5000   15.0000  -15.000013706.2412   15.0351
    0.0000   15.0000  -15.000014376.9639   15.0273
    7.5000   15.0000  -15.000013818.9736   15.0282
   -7.5000   22.5000  -15.000013062.7041   15.0148
    0.0000   22.5000  -15.000013672.1846   15.0087
    7.5000   22.5000  -15.000013134.4033   15.0117
   -7.5000   30.0000  -15.000012326.1582   14.8223
    0.0000   30.0000  -15.000012875.8174   14.8175
    7.5000   30.0000  -15.000012385.0225   14.8207
   -7.5000   37.5000  -15.000011892.8301   14.8331
    0.0000   37.5000  -15.000012420.0615   14.8286
    7.5000   37.5000  -15.000011958.0732   14.8303
   -7.5000   45.0000  -15.000010932.4180   14.5004
    0.0000   45.0000  -15.000011408.6162   14.4951
    7.5000   45.0000  -15.000010998.3379   14.4941
   -7.5000  -45.0000   -7.5000 9904.4365   15.3368
    0.0000  -45.0000   -7.500010317.9395   15.3325
    7.5000  -45.0000   -7.5000 9863.1816   15.3338
   -7.5000  -37.5000   -7.500010744.3975   15.2983
    0.0000  -37.5000   -7.500011192.4355   15.2911
    7.5000  -37.5000   -7.500010708.7344   15.2910
   -7.5000  -30.0000   -7.500011945.7637   15.2604
    0.0000  -30.0000   -7.500012478.8447   15.2536
    7.5000  -30.0000   -7.500011943.5137   15.2542
   -7.5000  -22.5000   -7.500013113.5615   15.2285
    0.0000  -22.5000   -7.500013711.7432   15.2256
    7.5000  -22.5000   -7.500013122.8848   15.2276
   -7.5000  -15.0000   -7.500014110.6631   15.2166
    0.0000  -15.0000   -7.500014755.7295   15.2159
    7.5000  -15.0000   -7.500014181.6279   15.2190
   -7.5000   -7.5000   -7.500014932.0234   15.2261
    0.0000   -7.5000   -7.500015615.6377   15.2248
    7.5000   -7.5000   -7.500015061.8613   15.2276
   -7.5000    0.0000   -7.500015636.0781   15.2457
    0.0000    0.0000   -7.500016358.7520   15.2418
    7.5000    0.0000   -7.500015780.7725   15.2426
   -7.5000    7.5000   -7.500015197.2939   15.2496
    0.0000    7.5000   -7.500015893.5742   15.2426
    7.5000    7.5000   -7.500015325.1006   15.2422
   -7.5000   15.0000   -7.500014553.2080   15.2325
    0.0000   15.0000   -7.500015263.0967   15.2259
    7.5000   15.0000   -7.500014686.9033   15.2263
   -7.5000   22.5000   -7.500013847.7412   15.2078
    0.0000   22.5000   -7.500014502.3643   15.2050
    7.5000   22.5000   -7.500013930.3584   15.2068
   -7.5000   30.0000   -7.500013045.9434   15.0147
    0.0000   30.0000   -7.500013645.1133   15.0140
    7.5000   30.0000   -7.500013102.5488   15.0170
   -7.5000   37.5000   -7.500012596.4287   15.0283
    0.0000   37.5000   -7.500013169.7402   15.0270
    7.5000   37.5000   -7.500012653.0664   15.0297
   -7.5000   45.0000   -7.500011592.1143   14.6970
    0.0000   45.0000   -7.500012121.0020   14.6932
    7.5000   45.0000   -7.500011670.5781   14.6939
   -7.5000  -45.0000    0.000010392.7744   15.3821
    0.0000  -45.0000    0.000010854.4932   15.3851
    7.5000  -45.0000    0.000010377.3955   15.3912
   -7.5000  -37.5000    0.000011309.6035   15.3469
    0.0000  -37.5000    0.000011818.0303   15.3466
    7.5000  -37.5000    0.000011290.1230   15.3503
   -7.5000  -30.0000    0.000012620.7363   15.3137
    0.0000  -30.0000    0.000013210.4697   15.3130
    7.5000  -30.0000    0.000012622.5518   15.3142
   -7.5000  -22.5000    0.000013836.3438   15.2823
    0.0000  -22.5000    0.000014494.4404   15.2846
    7.5000  -22.5000    0.000013887.9648   15.2854
   -7.5000  -15.0000    0.000014882.1270   15.2665
    0.0000  -15.0000    0.000015611.5361   15.2713
    7.5000  -15.0000    0.000015025.8262   15.2742
   -7.5000   -7.5000    0.000015769.8594   15.2721
    0.0000   -7.5000    0.000016521.3418   15.2773
    7.5000   -7.5000    0.000015946.7510   15.2828
   -7.5000    0.0000    0.000016458.2617   15.2908
    0.0000    0.0000    0.000017195.6465   15.2941
    7.5000    0.0000    0.000016630.8008   15.2997
   -7.5000    7.5000    0.000015953.9092   15.2980
    0.0000    7.5000    0.000016670.6816   15.2980
    7.5000    7.5000    0.000016126.7920   15.3014
   -7.5000   15.0000    0.000015270.9600   15.2857
    0.0000   15.0000    0.000016003.3623   15.2851
    7.5000   15.0000    0.000015457.8633   15.2861
   -7.5000   22.5000    0.000014502.3857   15.2616
    0.0000   22.5000    0.000015206.7383   15.2639
    7.5000   22.5000    0.000014632.7773   15.2646
   -7.5000   30.0000    0.000013668.5576   15.0645
    0.0000   30.0000    0.000014294.0000   15.0692
    7.5000   30.0000    0.000013745.5752   15.0721
   -7.5000   37.5000    0.000013239.8965   15.0741
    0.0000   37.5000    0.000013813.1699   15.0792
    7.5000   37.5000    0.000013289.4131   15.0846
   -7.5000   45.0000    0.000012192.7881   14.7412
    0.0000   45.0000    0.000012732.8457   14.7444
    7.5000   45.0000    0.000012268.1279   14.7497
   -7.5000  -45.0000    7.500010072.9453   15.3748
    0.0000  -45.0000    7.500010524.0107   15.3844
    7.5000  -45.0000    7.500010061.4238   15.3944
   -7.5000  -37.5000    7.500010983.6934   15.3453
    0.0000  -37.5000    7.500011484.0820   15.3523
    7.5000  -37.5000    7.500010990.4629   15.3593
   -7.5000  -30.0000    7.500012274.7275   15.3220
    0.0000  -30.0000    7.500012859.5195   15.3274
    7.5000  -30.0000    7.500012301.1445   15.3301
   -7.5000  -22.5000    7.500013451.7119   15.2929
    0.0000  -22.5000    7.500014108.0371   15.2986
    7.5000  -22.5000    7.500013546.0508   15.2996
   -7.5000  -15.0000    7.500014475.3682   15.2704
    0.0000  -15.0000    7.500015208.7275   15.2777
    7.5000  -15.0000    7.500014672.3086   15.2811
   -7.5000   -7.5000    7.500015400.4150   15.2679
    0.0000   -7.5000    7.500016206.0693   15.2775
    7.5000   -7.5000    7.500015675.7598   15.2853
   -7.5000    0.0000    7.500016128.9658   15.2835
    0.0000    0.0000    7.500016854.4043   15.2933
    7.5000    0.0000    7.500016357.7637   15.3027
   -7.5000    7.5000    7.500015593.7842   15.2966
    0.0000    7.5000    7.500016279.7900   15.3038
    7.5000    7.5000    7.500015783.9980   15.3105
   -7.5000   15.0000    7.500014934.7197   15.2940
    0.0000   15.0000    7.500015606.7295   15.2995
    7.5000   15.0000    7.500015093.6182   15.3020
   -7.5000   22.5000    7.500014162.2285   15.2721
    0.0000   22.5000    7.500014840.8008   15.2778
    7.5000   22.5000    7.500014320.5576   15.2787
   -7.5000   30.0000    7.500013348.7451   15.0683
    0.0000   30.0000    7.500013964.9521   15.0755
    7.5000   30.0000    7.500013457.8652   15.0789
   -7.5000   37.5000    7.500012915.3213   15.0700
    0.0000   37.5000    7.500013489.0156   15.0795
    7.5000   37.5000    7.500013012.1426   15.0872
   -7.5000   45.0000    7.500011898.7510   14.7340
    0.0000   45.0000    7.500012425.9277   14.7435
    7.5000   45.0000    7.500011987.3164   14.7525
   -7.5000  -45.0000   15.0000 9644.7217   15.3591
    0.0000  -45.0000   15.000010073.2646   15.3681
    7.5000  -45.0000   15.0000 9642.5596   15.3774
   -7.5000  -37.5000   15.000010522.4229   15.3299
    0.0000  -37.5000   15.000011007.2109   15.3368
    7.5000  -37.5000   15.000010562.0498   15.3435
   -7.5000  -30.0000   15.000011777.6855   15.3117
    0.0000  -30.0000   15.000012325.8643   15.3159
    7.5000  -30.0000   15.000011839.4639   15.3191
   -7.5000  -22.5000   15.000012934.8369   15.2866
    0.0000  -22.5000   15.000013544.9766   15.2894
    7.5000  -22.5000   15.000013047.5332   15.2907
   -7.5000  -15.0000   15.000013921.8105   15.2631
    0.0000  -15.0000   15.000014573.0420   15.2671
    7.5000  -15.0000   15.000014144.0576   15.2700
   -7.5000   -7.5000   15.000014784.6602   15.2562
    0.0000   -7.5000   15.000015517.6455   15.2639
    7.5000   -7.5000   15.000015093.8828   15.2710
   -7.5000    0.0000   15.000015544.8477   15.2677
    0.0000    0.0000   15.000016255.0430   15.2770
    7.5000    0.0000   15.000015722.8936   15.2857
   -7.5000    7.5000   15.000015115.7695   15.2813
    0.0000    7.5000   15.000015764.0342   15.2884
    7.5000    7.5000   15.000015214.6943   15.2948
   -7.5000   15.0000   15.000014494.5869   15.2837
    0.0000   15.0000   15.000015139.4805   15.2881
    7.5000   15.0000   15.000014572.5391   15.2910
   -7.5000   22.5000   15.000013751.9980   15.2655
    0.0000   22.5000   15.000014389.7559   15.2684
    7.5000   22.5000   15.000013853.7227   15.2696
   -7.5000   30.0000   15.000012926.4219   15.0609
    0.0000   30.0000   15.000013532.2598   15.0649
    7.5000   30.0000   15.000013027.1406   15.0678
   -7.5000   37.5000   15.000012482.9463   15.0584
    0.0000   37.5000   15.000013034.4512   15.0660
    7.5000   37.5000   15.000012577.2764   15.0730
   -7.5000   45.0000   15.000011509.3428   14.7189
    0.0000   45.0000   15.000011981.3525   14.7279
    7.5000   45.0000   15.000011581.7686   14.7362
   -7.5000  -45.0000   22.5000 9133.3018   15.3669
    0.0000  -45.0000   22.5000 9537.8477   15.3677
    7.5000  -45.0000   22.5000 9153.5576   15.3713
   -7.5000  -37.5000   22.5000 9941.1836   15.3321
    0.0000  -37.5000   22.500010403.1641   15.3308
    7.5000  -37.5000   22.500010023.1553   15.3332
   -7.5000  -30.0000   22.500011128.3477   15.3073
    0.0000  -30.0000   22.500011664.8584   15.3040
    7.5000  -30.0000   22.500011252.0645   15.3062
   -7.5000  -22.5000   22.500012240.5732   15.2825
    0.0000  -22.5000   22.500012856.4258   15.2786
    7.5000  -22.5000   22.500012423.1074   15.2809
   -7.5000  -15.0000   22.500013229.7070   15.2653
    0.0000  -15.0000   22.500013901.2285   15.2624
    7.5000  -15.0000   22.500013474.5742   15.2654
   -7.5000   -7.5000   22.500014174.6230   15.2637
    0.0000   -7.5000   22.500014871.7070   15.2637
    7.5000   -7.5000   22.500014394.5596   15.2676
   -7.5000    0.0000   22.500014953.8750   15.2754
    0.0000    0.0000   22.500015575.9453   15.2765
    7.5000    0.0000   22.500015029.2959   15.2796
   -7.5000    7.5000   22.500014557.6875   15.2832
    0.0000    7.5000   22.500015150.5771   15.2822
    7.5000    7.5000   22.500014627.9551   15.2843
   -7.5000   15.0000   22.500013977.8730   15.2794
    0.0000   15.0000   22.500014587.0645   15.2761
    7.5000   15.0000   22.500014080.9756   15.2782
   -7.5000   22.5000   22.500013244.5977   15.2615
    0.0000   22.5000   22.500013856.2988   15.2576
    7.5000   22.5000   22.500013365.9316   15.2599
   -7.5000   30.0000   22.500012394.8486   15.0629
    0.0000   30.0000   22.500012973.8398   15.0601
    7.5000   30.0000   22.500012517.6973   15.0631
   -7.5000   37.5000   22.500011942.6670   15.0659
    0.0000   37.5000   22.500012478.3057   15.0658
    7.5000   37.5000   22.500012049.5283   15.0696
   -7.5000   45.0000   22.500010993.2754   14.7266
    0.0000   45.0000   22.500011462.8662   14.7277
    7.5000   45.0000   22.500011073.1592   14.7307
   -7.5000  -45.0000   30.0000 8549.1641   15.4096
    0.0000  -45.0000   30.0000 8950.1182   15.4032
    7.5000  -45.0000   30.0000 8593.6885   15.4029
   -7.5000  -37.5000   30.0000 9324.1260   15.3707
    0.0000  -37.5000   30.0000 9777.0488   15.3622
    7.5000  -37.5000   30.0000 9412.7637   15.3613
   -7.5000  -30.0000   30.000010445.9775   15.3357
    0.0000  -30.0000   30.000010955.8594   15.3271
    7.5000  -30.0000   30.000010555.2881   15.3286
   -7.5000  -22.5000   30.000011520.0645   15.3063
    0.0000  -22.5000   30.000012073.7422   15.2997
    7.5000  -22.5000   30.000011635.0107   15.3032
   -7.5000  -15.0000   30.000012476.4082   15.2940
    0.0000  -15.0000   30.000013066.8389   15.2886
    7.5000  -15.0000   30.000012618.6523   15.2923
   -7.5000   -7.5000   30.000013365.8125   15.3008
    0.0000   -7.5000   30.000013974.1992   15.2959
    7.5000   -7.5000   30.000013462.8701   15.2979
   -7.5000    0.0000   30.000014101.8047   15.3176
    0.0000    0.0000   30.000014657.0107   15.3116
    7.5000    0.0000   30.000014127.5010   15.3109
   -7.5000    7.5000   30.000013720.7441   15.3215
    0.0000    7.5000   30.000014300.2588   15.3132
    7.5000    7.5000   30.000013792.5879   15.3120
   -7.5000   15.0000   30.000013147.5977   15.3076
    0.0000   15.0000   30.000013742.4062   15.2992
    7.5000   15.0000   30.000013272.7314   15.3004
   -7.5000   22.5000   30.000012466.0713   15.2853
    0.0000   22.5000   30.000013041.0752   15.2788
    7.5000   22.5000   30.000012590.6758   15.2822
   -7.5000   30.0000   30.000011655.2256   15.0912
    0.0000   30.0000   30.000012177.4775   15.0860
    7.5000   30.0000   30.000011774.0996   15.0896
   -7.5000   37.5000   30.000011211.0547   15.1024
    0.0000   37.5000   30.000011698.9971   15.0975
    7.5000   37.5000   30.000011297.9160   15.0996
   -7.5000   45.0000   30.000010318.7695   14.7676
    0.0000   45.0000   30.000010770.5771   14.7618
    7.5000   45.0000   30.000010383.4307   14.7610
   -7.5000  -45.0000   37.5000 8267.4424   15.5245
    0.0000  -45.0000   37.5000 8658.4912   15.5189
    7.5000  -45.0000   37.5000 8294.1133   15.5204
   -7.5000  -37.5000   37.5000 9034.0518   15.4847
    0.0000  -37.5000   37.5000 9459.2861   15.4762
    7.5000  -37.5000   37.5000 9067.5654   15.4763
   -7.5000  -30.0000   37.500010107.3633   15.4453
    0.0000  -30.0000   37.500010581.5029   15.4374
    7.5000  -30.0000   37.500010158.3955   15.4383
   -7.5000  -22.5000   37.500011120.0508   15.4125
    0.0000  -22.5000   37.500011623.2900   15.4088
    7.5000  -22.5000   37.500011173.1689   15.4112
   -7.5000  -15.0000   37.500012010.2432   15.4008
    0.0000  -15.0000   37.500012538.9092   15.3993
    7.5000  -15.0000   37.500012074.0654   15.4028
   -7.5000   -7.5000   37.500012833.5889   15.4112
    0.0000   -7.5000   37.500013379.7539   15.4088
    7.5000   -7.5000   37.500012864.7607   15.4119
   -7.5000    0.0000   37.500013539.3955   15.4314
    0.0000    0.0000   37.500014089.1631   15.4262
    7.5000    0.0000   37.500013573.6934   15.4273
   -7.5000    7.5000   37.500013193.9551   15.4349
    0.0000    7.5000   37.500013770.5527   15.4266
    7.5000    7.5000   37.500013288.4971   15.4264
   -7.5000   15.0000   37.500012667.2109   15.4168
    0.0000   15.0000   37.500013248.6123   15.4091
    7.5000   15.0000   37.500012804.6143   15.4098
   -7.5000   22.5000   37.500012023.5273   15.3915
    0.0000   22.5000   37.500012583.1670   15.3878
    7.5000   22.5000   37.500012160.4102   15.3901
   -7.5000   30.0000   37.500011248.7295   15.1968
    0.0000   30.0000   37.500011757.4443   15.1954
    7.5000   30.0000   37.500011359.2861   15.1988
   -7.5000   37.5000   37.500010820.4043   15.2113
    0.0000   37.5000   37.500011284.3398   15.2090
    7.5000   37.5000   37.500010871.2197   15.2120
   -7.5000   45.0000   37.5000 9962.3076   14.8771
    0.0000   45.0000   37.500010388.3145   14.8721
    7.5000   45.0000   37.5000 9999.8555   14.8730
   -7.5000  -45.0000   45.0000 7554.1694   15.6382
    0.0000  -45.0000   45.0000 7904.0649   15.6414
    7.5000  -45.0000   45.0000 7564.4229   15.6489
   -7.5000  -37.5000   45.0000 8238.0059   15.6021
    0.0000  -37.5000   45.0000 8615.2979   15.6020
    7.5000  -37.5000   45.0000 8264.0391   15.6068
   -7.5000  -30.0000   45.0000 9207.7383   15.5678
    0.0000  -30.0000   45.0000 9634.1689   15.5672
    7.5000  -30.0000   45.0000 9244.4580   15.5694
   -7.5000  -22.5000   45.000010127.2246   15.5347
    0.0000  -22.5000   45.000010577.7334   15.5372
    7.5000  -22.5000   45.000010152.9443   15.5390
   -7.5000  -15.0000   45.000010957.9072   15.5179
    0.0000  -15.0000   45.000011425.1191   15.5228
    7.5000  -15.0000   45.000010976.6768   15.5269
   -7.5000   -7.5000   45.000011699.4893   15.5235
    0.0000   -7.5000   45.000012195.5137   15.5289
    7.5000   -7.5000   45.000011716.6318   15.5357
   -7.5000    0.0000   45.000012341.1133   15.5432
    0.0000    0.0000   45.000012885.1172   15.5467
    7.5000    0.0000   45.000012403.8926   15.5537
   -7.5000    7.5000   45.000012028.2939   15.5513
    0.0000    7.5000   45.000012603.0146   15.5514
    7.5000    7.5000   45.000012158.9990   15.5559
   -7.5000   15.0000   45.000011569.9141   15.5387
    0.0000   15.0000   45.000012108.8975   15.5382
    7.5000   15.0000   45.000011717.1201   15.5402
   -7.5000   22.5000   45.000011007.9062   15.5133
    0.0000   22.5000   45.000011517.9277   15.5159
    7.5000   22.5000   45.000011137.6006   15.5176
   -7.5000   30.0000   45.000010310.4775   15.3111
    0.0000   30.0000   45.000010794.1738   15.3160
    7.5000   30.0000   45.000010429.8281   15.3200
   -7.5000   37.5000   45.0000 9910.0332   15.3209
    0.0000   37.5000   45.000010358.0957   15.3262
    7.5000   37.5000   45.0000 9983.3613   15.3329
   -7.5000   45.0000   45.0000 9125.9854   14.9909
    0.0000   45.0000   45.0000 9537.3711   14.9942
    7.5000   45.0000   45.0000 9179.2832   15.0009

---------------------------------------------------------------------
imgreg_4dfp /opt/freesurfer/average/711-2C_as_mni_average_305 /opt/freesurfer/average/711-2B_as_mni_average_305_mask talsrcimg_g11 none talsrcimg_to_711-2C_as_mni_average_305_t4 4355
---------------------------------------------------------------------

freesurfer imgreg_4dfp.c
/opt/freesurfer/average/711-2C_as_mni_average_305.4dfp.img
       256       256       256         1
  1.000000  1.000000  1.000000
orientation T byte_order littleendian
Reading image: /opt/freesurfer/average/711-2C_as_mni_average_305.4dfp.img
dimensions:      256       256       256
mmppix:       1.0000   -1.0000   -1.0000
center:     128.0000 -129.0000 -129.0000
/opt/freesurfer/average/711-2B_as_mni_average_305_mask.4dfp.img
       256       256       256         1
  1.000000  1.000000  1.000000
orientation T byte_order littleendian
Reading mask: /opt/freesurfer/average/711-2B_as_mni_average_305_mask.4dfp.img (2306576 pixels)
talsrcimg_g11.4dfp.img
       256       256       256         1
  1.000000  1.000000  1.000000
orientation T byte_order littleendian
Reading image: talsrcimg_g11.4dfp.img
dimensions:      256       256       256
mmppix:       1.0000   -1.0000   -1.0000
center:     128.0000 -129.0000 -129.0000
rotation matrix determinant  1.000000
image alignment mode   4355 decimal     1103 hex
   -7.5000  -45.0000  -45.0000 1998.1625   17.0010
    0.0000  -45.0000  -45.0000 2001.1702   16.9453
    7.5000  -45.0000  -45.0000 1967.8756   17.1851
   -7.5000  -37.5000  -45.0000 2091.9692   15.3926
    0.0000  -37.5000  -45.0000 2094.2593   15.3242
    7.5000  -37.5000  -45.0000 2062.0400   15.5458
   -7.5000  -30.0000  -45.0000 2170.6353   14.2110
    0.0000  -30.0000  -45.0000 2177.5598   14.1526
    7.5000  -30.0000  -45.0000 2147.4868   14.3480
   -7.5000  -22.5000  -45.0000 2222.5483   13.3599
    0.0000  -22.5000  -45.0000 2227.3997   13.3037
    7.5000  -22.5000  -45.0000 2201.5247   13.4805
   -7.5000  -15.0000  -45.0000 2253.3506   12.7761
    0.0000  -15.0000  -45.0000 2261.5928   12.7180
    7.5000  -15.0000  -45.0000 2235.6880   12.8987
   -7.5000   -7.5000  -45.0000 2275.1260   12.4330
    0.0000   -7.5000  -45.0000 2284.3337   12.3633
    7.5000   -7.5000  -45.0000 2259.0386   12.5346
   -7.5000    0.0000  -45.0000 2275.1187   12.3213
    0.0000    0.0000  -45.0000 2291.5183   12.2168
    7.5000    0.0000  -45.0000 2273.7910   12.3842
   -7.5000    7.5000  -45.0000 2267.3994   12.3490
    0.0000    7.5000  -45.0000 2288.0779   12.2372
    7.5000    7.5000  -45.0000 2275.1726   12.3905
   -7.5000   15.0000  -45.0000 2245.1699   12.6266
    0.0000   15.0000  -45.0000 2268.6655   12.4788
    7.5000   15.0000  -45.0000 2254.2671   12.6408
   -7.5000   22.5000  -45.0000 2202.8262   13.1004
    0.0000   22.5000  -45.0000 2230.9482   12.9301
    7.5000   22.5000  -45.0000 2217.6619   13.0558
   -7.5000   30.0000  -45.0000 2140.4412   13.8458
    0.0000   30.0000  -45.0000 2166.6560   13.6567
    7.5000   30.0000  -45.0000 2156.1477   13.7800
   -7.5000   37.5000  -45.0000 2059.8384   14.8886
    0.0000   37.5000  -45.0000 2087.1292   14.6838
    7.5000   37.5000  -45.0000 2076.4980   14.8189
   -7.5000   45.0000  -45.0000 1959.6429   16.3084
    0.0000   45.0000  -45.0000 1984.8492   16.0586
    7.5000   45.0000  -45.0000 1976.3700   16.2393
   -7.5000  -45.0000  -37.5000 2058.9646   15.9892
    0.0000  -45.0000  -37.5000 2056.7249   15.9329
    7.5000  -45.0000  -37.5000 2023.2659   16.1858
   -7.5000  -37.5000  -37.5000 2161.1240   14.4346
    0.0000  -37.5000  -37.5000 2164.6018   14.3955
    7.5000  -37.5000  -37.5000 2130.0586   14.6159
   -7.5000  -30.0000  -37.5000 2251.9099   13.2914
    0.0000  -30.0000  -37.5000 2256.4265   13.2456
    7.5000  -30.0000  -37.5000 2223.7014   13.4422
   -7.5000  -22.5000  -37.5000 2312.6348   12.4641
    0.0000  -22.5000  -37.5000 2320.4751   12.3974
    7.5000  -22.5000  -37.5000 2287.8928   12.5723
   -7.5000  -15.0000  -37.5000 2350.3740   11.8915
    0.0000  -15.0000  -37.5000 2362.0991   11.8294
    7.5000  -15.0000  -37.5000 2335.4253   11.9896
   -7.5000   -7.5000  -37.5000 2367.8777   11.5344
    0.0000   -7.5000  -37.5000 2386.7468   11.4557
    7.5000   -7.5000  -37.5000 2359.0911   11.6202
   -7.5000    0.0000  -37.5000 2365.6765   11.3964
    0.0000    0.0000  -37.5000 2389.8469   11.2932
    7.5000    0.0000  -37.5000 2372.2205   11.4281
   -7.5000    7.5000  -37.5000 2361.7451   11.4246
    0.0000    7.5000  -37.5000 2386.0437   11.2961
    7.5000    7.5000  -37.5000 2371.0415   11.4221
   -7.5000   15.0000  -37.5000 2338.5693   11.6532
    0.0000   15.0000  -37.5000 2365.3562   11.5116
    7.5000   15.0000  -37.5000 2352.5488   11.6353
   -7.5000   22.5000  -37.5000 2293.4255   12.1064
    0.0000   22.5000  -37.5000 2326.4434   11.9504
    7.5000   22.5000  -37.5000 2315.5935   12.0387
   -7.5000   30.0000  -37.5000 2230.8638   12.7722
    0.0000   30.0000  -37.5000 2261.8459   12.5992
    7.5000   30.0000  -37.5000 2252.5828   12.6883
   -7.5000   37.5000  -37.5000 2145.5813   13.7048
    0.0000   37.5000  -37.5000 2176.0947   13.4980
    7.5000   37.5000  -37.5000 2166.2222   13.5978
   -7.5000   45.0000  -37.5000 2040.4558   14.9586
    0.0000   45.0000  -37.5000 2069.0898   14.7526
    7.5000   45.0000  -37.5000 2061.4724   14.8831
   -7.5000  -45.0000  -30.0000 2153.4199   15.6008
    0.0000  -45.0000  -30.0000 2158.2930   15.5464
    7.5000  -45.0000  -30.0000 2129.2673   15.7737
   -7.5000  -37.5000  -30.0000 2271.7114   14.0768
    0.0000  -37.5000  -30.0000 2274.3860   14.0130
    7.5000  -37.5000  -30.0000 2242.1721   14.2178
   -7.5000  -30.0000  -30.0000 2369.7405   12.9170
    0.0000  -30.0000  -30.0000 2373.6499   12.8281
    7.5000  -30.0000  -30.0000 2336.3872   13.0134
   -7.5000  -22.5000  -30.0000 2438.1484   12.0129
    0.0000  -22.5000  -30.0000 2448.1021   11.9334
    7.5000  -22.5000  -30.0000 2410.6157   12.0906
   -7.5000  -15.0000  -30.0000 2486.0920   11.3913
    0.0000  -15.0000  -30.0000 2496.5715   11.3074
    7.5000  -15.0000  -30.0000 2464.0566   11.4715
   -7.5000   -7.5000  -30.0000 2514.0073   11.0290
    0.0000   -7.5000  -30.0000 2531.0474   10.9377
    7.5000   -7.5000  -30.0000 2505.0437   11.0741
   -7.5000    0.0000  -30.0000 2514.7693   10.8912
    0.0000    0.0000  -30.0000 2542.5964   10.7872
    7.5000    0.0000  -30.0000 2523.7322   10.8932
   -7.5000    7.5000  -30.0000 2509.5042   10.9507
    0.0000    7.5000  -30.0000 2539.3582   10.8186
    7.5000    7.5000  -30.0000 2523.5278   10.9110
   -7.5000   15.0000  -30.0000 2485.8740   11.1515
    0.0000   15.0000  -30.0000 2518.3767   11.0145
    7.5000   15.0000  -30.0000 2506.6304   11.1097
   -7.5000   22.5000  -30.0000 2442.8645   11.5818
    0.0000   22.5000  -30.0000 2477.2207   11.4161
    7.5000   22.5000  -30.0000 2467.9707   11.4900
   -7.5000   30.0000  -30.0000 2375.2915   12.1935
    0.0000   30.0000  -30.0000 2406.5146   12.0180
    7.5000   30.0000  -30.0000 2398.2336   12.0894
   -7.5000   37.5000  -30.0000 2281.0649   13.0481
    0.0000   37.5000  -30.0000 2313.1548   12.8641
    7.5000   37.5000  -30.0000 2306.9802   12.9351
   -7.5000   45.0000  -30.0000 2166.9690   14.1893
    0.0000   45.0000  -30.0000 2197.9209   14.0035
    7.5000   45.0000  -30.0000 2190.5244   14.1173
   -7.5000  -45.0000  -22.5000 2230.9893   15.1692
    0.0000  -45.0000  -22.5000 2237.0251   15.0912
    7.5000  -45.0000  -22.5000 2208.7087   15.3129
   -7.5000  -37.5000  -22.5000 2357.5083   13.6577
    0.0000  -37.5000  -22.5000 2362.4214   13.5419
    7.5000  -37.5000  -22.5000 2326.8052   13.7285
   -7.5000  -30.0000  -22.5000 2458.0730   12.4162
    0.0000  -30.0000  -22.5000 2463.8218   12.3218
    7.5000  -30.0000  -22.5000 2425.7244   12.4964
   -7.5000  -22.5000  -22.5000 2538.6343   11.4854
    0.0000  -22.5000  -22.5000 2547.4172   11.3969
    7.5000  -22.5000  -22.5000 2510.9329   11.5468
   -7.5000  -15.0000  -22.5000 2595.9377   10.8596
    0.0000  -15.0000  -22.5000 2607.4666   10.7502
    7.5000  -15.0000  -22.5000 2577.0891   10.8868
   -7.5000   -7.5000  -22.5000 2632.4502   10.4889
    0.0000   -7.5000  -22.5000 2652.2795   10.3635
    7.5000   -7.5000  -22.5000 2627.6768   10.4836
   -7.5000    0.0000  -22.5000 2646.9507   10.3509
    0.0000    0.0000  -22.5000 2669.1484   10.2190
    7.5000    0.0000  -22.5000 2650.8440   10.3095
   -7.5000    7.5000  -22.5000 2640.3953   10.4086
    0.0000    7.5000  -22.5000 2671.7888   10.2701
    7.5000    7.5000  -22.5000 2652.4111   10.3505
   -7.5000   15.0000  -22.5000 2614.8210   10.6086
    0.0000   15.0000  -22.5000 2648.8894   10.4726
    7.5000   15.0000  -22.5000 2632.4436   10.5458
   -7.5000   22.5000  -22.5000 2569.8684   11.0070
    0.0000   22.5000  -22.5000 2607.4917   10.8422
    7.5000   22.5000  -22.5000 2594.1975   10.9040
   -7.5000   30.0000  -22.5000 2492.9292   11.5873
    0.0000   30.0000  -22.5000 2529.7209   11.3969
    7.5000   30.0000  -22.5000 2522.8484   11.4516
   -7.5000   37.5000  -22.5000 2393.8689   12.3885
    0.0000   37.5000  -22.5000 2427.5032   12.2001
    7.5000   37.5000  -22.5000 2421.8071   12.2517
   -7.5000   45.0000  -22.5000 2273.7185   13.4622
    0.0000   45.0000  -22.5000 2305.5703   13.2813
    7.5000   45.0000  -22.5000 2301.2290   13.3700
   -7.5000  -45.0000  -15.0000 2281.3459   14.7782
    0.0000  -45.0000  -15.0000 2284.1965   14.6939
    7.5000  -45.0000  -15.0000 2252.0020   14.9017
   -7.5000  -37.5000  -15.0000 2410.6416   13.2287
    0.0000  -37.5000  -15.0000 2414.3677   13.1381
    7.5000  -37.5000  -15.0000 2378.6145   13.3088
   -7.5000  -30.0000  -15.0000 2515.3140   11.9738
    0.0000  -30.0000  -15.0000 2522.1558   11.8825
    7.5000  -30.0000  -15.0000 2484.1824   12.0629
   -7.5000  -22.5000  -15.0000 2609.1328   11.0219
    0.0000  -22.5000  -15.0000 2617.1812   10.9232
    7.5000  -22.5000  -15.0000 2578.6169   11.0912
   -7.5000  -15.0000  -15.0000 2675.2517   10.3549
    0.0000  -15.0000  -15.0000 2688.0566   10.2663
    7.5000  -15.0000  -15.0000 2658.1667   10.3915
   -7.5000   -7.5000  -15.0000 2717.1880    9.9743
    0.0000   -7.5000  -15.0000 2737.7698    9.8584
    7.5000   -7.5000  -15.0000 2715.8198    9.9759
   -7.5000    0.0000  -15.0000 2738.6860    9.8234
    0.0000    0.0000  -15.0000 2763.7275    9.7048
    7.5000    0.0000  -15.0000 2744.4106    9.7901
   -7.5000    7.5000  -15.0000 2740.9863    9.8809
    0.0000    7.5000  -15.0000 2773.0271    9.7548
    7.5000    7.5000  -15.0000 2751.3870    9.8185
   -7.5000   15.0000  -15.0000 2716.1970   10.0933
    0.0000   15.0000  -15.0000 2754.7170    9.9539
    7.5000   15.0000  -15.0000 2736.0251   10.0146
   -7.5000   22.5000  -15.0000 2667.6389   10.4609
    0.0000   22.5000  -15.0000 2706.4148   10.3069
    7.5000   22.5000  -15.0000 2692.2356   10.3486
   -7.5000   30.0000  -15.0000 2588.7385   11.0153
    0.0000   30.0000  -15.0000 2627.1912   10.8375
    7.5000   30.0000  -15.0000 2618.7739   10.8819
   -7.5000   37.5000  -15.0000 2480.5271   11.7837
    0.0000   37.5000  -15.0000 2516.0276   11.6035
    7.5000   37.5000  -15.0000 2509.1768   11.6710
   -7.5000   45.0000  -15.0000 2351.6770   12.8181
    0.0000   45.0000  -15.0000 2384.2212   12.6510
    7.5000   45.0000  -15.0000 2382.1533   12.7346
   -7.5000  -45.0000   -7.5000 2308.3530   14.4066
    0.0000  -45.0000   -7.5000 2312.5217   14.3451
    7.5000  -45.0000   -7.5000 2279.4238   14.5695
   -7.5000  -37.5000   -7.5000 2439.1418   12.8569
    0.0000  -37.5000   -7.5000 2440.0464   12.7799
    7.5000  -37.5000   -7.5000 2406.4614   12.9848
   -7.5000  -30.0000   -7.5000 2547.1997   11.5973
    0.0000  -30.0000   -7.5000 2555.8733   11.5302
    7.5000  -30.0000   -7.5000 2519.8865   11.7167
   -7.5000  -22.5000   -7.5000 2650.6233   10.6426
    0.0000  -22.5000   -7.5000 2660.8997   10.5655
    7.5000  -22.5000   -7.5000 2620.3323   10.7463
   -7.5000  -15.0000   -7.5000 2724.2590    9.9322
    0.0000  -15.0000   -7.5000 2741.6030    9.8482
    7.5000  -15.0000   -7.5000 2707.9849   10.0148
   -7.5000   -7.5000   -7.5000 2773.4043    9.5302
    0.0000   -7.5000   -7.5000 2797.4106    9.4332
    7.5000   -7.5000   -7.5000 2775.2524    9.5606
   -7.5000    0.0000   -7.5000 2804.1191    9.3483
    0.0000    0.0000   -7.5000 2836.7217    9.2167
    7.5000    0.0000   -7.5000 2814.7937    9.3297
   -7.5000    7.5000   -7.5000 2817.9993    9.4036
    0.0000    7.5000   -7.5000 2850.2754    9.2761
    7.5000    7.5000   -7.5000 2831.3975    9.3572
   -7.5000   15.0000   -7.5000 2794.9849    9.6180
    0.0000   15.0000   -7.5000 2837.0908    9.4794
    7.5000   15.0000   -7.5000 2817.3560    9.5489
   -7.5000   22.5000   -7.5000 2744.6841    9.9664
    0.0000   22.5000   -7.5000 2787.8535    9.8090
    7.5000   22.5000   -7.5000 2772.0752    9.8653
   -7.5000   30.0000   -7.5000 2654.9912   10.4989
    0.0000   30.0000   -7.5000 2700.3987   10.3241
    7.5000   30.0000   -7.5000 2690.0503   10.3807
   -7.5000   37.5000   -7.5000 2541.6570   11.2523
    0.0000   37.5000   -7.5000 2585.4995   11.0833
    7.5000   37.5000   -7.5000 2574.2527   11.1587
   -7.5000   45.0000   -7.5000 2405.7131   12.2795
    0.0000   45.0000   -7.5000 2446.2280   12.1331
    7.5000   45.0000   -7.5000 2441.5332   12.2237
   -7.5000  -45.0000    0.0000 2318.6431   14.1715
    0.0000  -45.0000    0.0000 2322.4355   14.1368
    7.5000  -45.0000    0.0000 2288.9480   14.3877
   -7.5000  -37.5000    0.0000 2447.6208   12.6142
    0.0000  -37.5000    0.0000 2451.9648   12.5692
    7.5000  -37.5000    0.0000 2415.1182   12.7946
   -7.5000  -30.0000    0.0000 2564.2727   11.3688
    0.0000  -30.0000    0.0000 2573.5735   11.3176
    7.5000  -30.0000    0.0000 2533.9507   11.5269
   -7.5000  -22.5000    0.0000 2670.0576   10.3835
    0.0000  -22.5000    0.0000 2679.5596   10.3173
    7.5000  -22.5000    0.0000 2638.0557   10.5155
   -7.5000  -15.0000    0.0000 2751.0825    9.6507
    0.0000  -15.0000    0.0000 2771.2295    9.5785
    7.5000  -15.0000    0.0000 2732.5647    9.7587
   -7.5000   -7.5000    0.0000 2811.7261    9.2258
    0.0000   -7.5000    0.0000 2838.8677    9.1411
    7.5000   -7.5000    0.0000 2810.4543    9.2946
   -7.5000    0.0000    0.0000 2858.0886    8.9937
    0.0000    0.0000    0.0000 2899.4788    8.8653
    7.5000    0.0000    0.0000 2867.9463    9.0180
   -7.5000    7.5000    0.0000 2875.6084    9.0200
    0.0000    7.5000    0.0000 2917.7449    8.8962
    7.5000    7.5000    0.0000 2893.2417    9.0134
   -7.5000   15.0000    0.0000 2850.9021    9.2334
    0.0000   15.0000    0.0000 2901.4202    9.0926
    7.5000   15.0000    0.0000 2880.5308    9.1894
   -7.5000   22.5000    0.0000 2798.0676    9.5749
    0.0000   22.5000    0.0000 2851.9419    9.4242
    7.5000   22.5000    0.0000 2833.5293    9.5181
   -7.5000   30.0000    0.0000 2704.8179   10.0915
    0.0000   30.0000    0.0000 2757.2253    9.9304
    7.5000   30.0000    0.0000 2744.2908   10.0187
   -7.5000   37.5000    0.0000 2586.8076   10.8531
    0.0000   37.5000    0.0000 2632.6514   10.6987
    7.5000   37.5000    0.0000 2622.2417   10.7972
   -7.5000   45.0000    0.0000 2443.5046   11.8927
    0.0000   45.0000    0.0000 2485.9270   11.7449
    7.5000   45.0000    0.0000 2481.3235   11.8633
   -7.5000  -45.0000    7.5000 2317.3225   14.1461
    0.0000  -45.0000    7.5000 2317.4863   14.0975
    7.5000  -45.0000    7.5000 2281.7092   14.3684
   -7.5000  -37.5000    7.5000 2444.8835   12.5680
    0.0000  -37.5000    7.5000 2445.3574   12.5194
    7.5000  -37.5000    7.5000 2410.8000   12.7469
   -7.5000  -30.0000    7.5000 2563.0134   11.2812
    0.0000  -30.0000    7.5000 2570.4707   11.2276
    7.5000  -30.0000    7.5000 2529.1023   11.4321
   -7.5000  -22.5000    7.5000 2669.6523   10.2452
    0.0000  -22.5000    7.5000 2677.7424   10.1844
    7.5000  -22.5000    7.5000 2639.0696   10.4103
   -7.5000  -15.0000    7.5000 2758.8599    9.4867
    0.0000  -15.0000    7.5000 2777.2683    9.4159
    7.5000  -15.0000    7.5000 2740.3135    9.6348
   -7.5000   -7.5000    7.5000 2832.8230    9.0202
    0.0000   -7.5000    7.5000 2863.8408    8.9319
    7.5000   -7.5000    7.5000 2829.8604    9.1261
   -7.5000    0.0000    7.5000 2893.8418    8.7877
    0.0000    0.0000    7.5000 2935.6113    8.6822
    7.5000    0.0000    7.5000 2896.6436    8.8629
   -7.5000    7.5000    7.5000 2915.4814    8.7726
    0.0000    7.5000    7.5000 2968.3621    8.6365
    7.5000    7.5000    7.5000 2933.4836    8.8137
   -7.5000   15.0000    7.5000 2891.1477    8.9784
    0.0000   15.0000    7.5000 2946.1074    8.8565
    7.5000   15.0000    7.5000 2921.9639    8.9891
   -7.5000   22.5000    7.5000 2827.2310    9.3240
    0.0000   22.5000    7.5000 2887.4678    9.2136
    7.5000   22.5000    7.5000 2870.9985    9.3121
   -7.5000   30.0000    7.5000 2730.9814    9.8447
    0.0000   30.0000    7.5000 2783.7271    9.7114
    7.5000   30.0000    7.5000 2773.4336    9.8094
   -7.5000   37.5000    7.5000 2609.0122   10.6057
    0.0000   37.5000    7.5000 2656.3750   10.4692
    7.5000   37.5000    7.5000 2652.4978   10.5788
   -7.5000   45.0000    7.5000 2462.6536   11.6211
    0.0000   45.0000    7.5000 2507.3398   11.4953
    7.5000   45.0000    7.5000 2503.6248   11.6217
   -7.5000  -45.0000   15.0000 2303.9192   14.3328
    0.0000  -45.0000   15.0000 2302.0466   14.2378
    7.5000  -45.0000   15.0000 2265.1248   14.4971
   -7.5000  -37.5000   15.0000 2425.9211   12.7154
    0.0000  -37.5000   15.0000 2430.8535   12.6157
    7.5000  -37.5000   15.0000 2393.0220   12.8596
   -7.5000  -30.0000   15.0000 2541.1672   11.3725
    0.0000  -30.0000   15.0000 2549.0081   11.2725
    7.5000  -30.0000   15.0000 2512.9724   11.5159
   -7.5000  -22.5000   15.0000 2646.9583   10.3147
    0.0000  -22.5000   15.0000 2661.1245   10.2182
    7.5000  -22.5000   15.0000 2628.0793   10.4606
   -7.5000  -15.0000   15.0000 2740.6282    9.5217
    0.0000  -15.0000   15.0000 2761.5518    9.4237
    7.5000  -15.0000   15.0000 2729.2688    9.6679
   -7.5000   -7.5000   15.0000 2824.8289    8.9948
    0.0000   -7.5000   15.0000 2855.4165    8.8933
    7.5000   -7.5000   15.0000 2825.1018    9.1270
   -7.5000    0.0000   15.0000 2890.1504    8.7505
    0.0000    0.0000   15.0000 2929.8125    8.6501
    7.5000    0.0000   15.0000 2894.9480    8.8499
   -7.5000    7.5000   15.0000 2917.4902    8.7540
    0.0000    7.5000   15.0000 2965.8943    8.6346
    7.5000    7.5000   15.0000 2936.0730    8.7893
   -7.5000   15.0000   15.0000 2894.9958    8.9308
    0.0000   15.0000   15.0000 2955.3362    8.8113
    7.5000   15.0000   15.0000 2929.6619    8.9253
   -7.5000   22.5000   15.0000 2830.3403    9.2510
    0.0000   22.5000   15.0000 2893.2947    9.1445
    7.5000   22.5000   15.0000 2878.0725    9.2654
   -7.5000   30.0000   15.0000 2736.0718    9.7834
    0.0000   30.0000   15.0000 2788.6506    9.6649
    7.5000   30.0000   15.0000 2781.2964    9.7799
   -7.5000   37.5000   15.0000 2613.0652   10.5427
    0.0000   37.5000   15.0000 2659.8640   10.4013
    7.5000   37.5000   15.0000 2656.8918   10.5159
   -7.5000   45.0000   15.0000 2468.0310   11.5641
    0.0000   45.0000   15.0000 2510.2410   11.4080
    7.5000   45.0000   15.0000 2508.2556   11.5376
   -7.5000  -45.0000   22.5000 2282.8872   14.6877
    0.0000  -45.0000   22.5000 2280.5618   14.5414
    7.5000  -45.0000   22.5000 2239.7100   14.8410
   -7.5000  -37.5000   22.5000 2400.8081   12.9802
    0.0000  -37.5000   22.5000 2405.3416   12.8574
    7.5000  -37.5000   22.5000 2371.0520   13.1437
   -7.5000  -30.0000   22.5000 2510.6948   11.6329
    0.0000  -30.0000   22.5000 2522.1025   11.5099
    7.5000  -30.0000   22.5000 2494.8523   11.7885
   -7.5000  -22.5000   22.5000 2614.7229   10.5863
    0.0000  -22.5000   22.5000 2634.2144   10.4697
    7.5000  -22.5000   22.5000 2614.2148   10.7270
   -7.5000  -15.0000   22.5000 2702.3518    9.8083
    0.0000  -15.0000   22.5000 2734.4409    9.7032
    7.5000  -15.0000   22.5000 2714.9314    9.9189
   -7.5000   -7.5000   22.5000 2792.3647    9.2951
    0.0000   -7.5000   22.5000 2829.0488    9.1721
    7.5000   -7.5000   22.5000 2810.8245    9.3776
   -7.5000    0.0000   22.5000 2855.7053    9.0433
    0.0000    0.0000   22.5000 2896.4365    8.9057
    7.5000    0.0000   22.5000 2876.3030    9.0714
   -7.5000    7.5000   22.5000 2884.3162    9.0180
    0.0000    7.5000   22.5000 2929.8835    8.8731
    7.5000    7.5000   22.5000 2912.3477    9.0187
   -7.5000   15.0000   22.5000 2863.5713    9.1696
    0.0000   15.0000   22.5000 2917.6077    9.0445
    7.5000   15.0000   22.5000 2903.6299    9.1903
   -7.5000   22.5000   22.5000 2800.3149    9.4990
    0.0000   22.5000   22.5000 2861.4573    9.3775
    7.5000   22.5000   22.5000 2850.6494    9.5101
   -7.5000   30.0000   22.5000 2708.4512   10.0076
    0.0000   30.0000   22.5000 2759.4910    9.8903
    7.5000   30.0000   22.5000 2754.2649   10.0100
   -7.5000   37.5000   22.5000 2588.6790   10.7399
    0.0000   37.5000   22.5000 2637.4875   10.5980
    7.5000   37.5000   22.5000 2638.9395   10.7030
   -7.5000   45.0000   22.5000 2448.3633   11.7369
    0.0000   45.0000   22.5000 2493.4548   11.5623
    7.5000   45.0000   22.5000 2495.3738   11.6691
   -7.5000  -45.0000   30.0000 2241.3281   15.2407
    0.0000  -45.0000   30.0000 2244.4790   15.0910
    7.5000  -45.0000   30.0000 2206.3320   15.4281
   -7.5000  -37.5000   30.0000 2358.9958   13.5178
    0.0000  -37.5000   30.0000 2370.1018   13.3817
    7.5000  -37.5000   30.0000 2339.7688   13.6750
   -7.5000  -30.0000   30.0000 2468.6716   12.1566
    0.0000  -30.0000   30.0000 2487.2236   12.0186
    7.5000  -30.0000   30.0000 2463.7705   12.2722
   -7.5000  -22.5000   30.0000 2568.2874   11.1113
    0.0000  -22.5000   30.0000 2595.4780   10.9741
    7.5000  -22.5000   30.0000 2580.1489   11.1822
   -7.5000  -15.0000   30.0000 2658.4434   10.3229
    0.0000  -15.0000   30.0000 2689.8259   10.1905
    7.5000  -15.0000   30.0000 2679.6421   10.3844
   -7.5000   -7.5000   30.0000 2743.0093    9.7921
    0.0000   -7.5000   30.0000 2783.6814    9.6654
    7.5000   -7.5000   30.0000 2773.6414    9.8248
   -7.5000    0.0000   30.0000 2802.1138    9.5166
    0.0000    0.0000   30.0000 2845.7610    9.3665
    7.5000    0.0000   30.0000 2836.7400    9.4942
   -7.5000    7.5000   30.0000 2826.3176    9.5037
    0.0000    7.5000   30.0000 2874.8337    9.3506
    7.5000    7.5000   30.0000 2865.9370    9.4912
   -7.5000   15.0000   30.0000 2800.9043    9.6528
    0.0000   15.0000   30.0000 2854.7080    9.5252
    7.5000   15.0000   30.0000 2850.2378    9.6462
   -7.5000   22.5000   30.0000 2744.6084    9.9568
    0.0000   22.5000   30.0000 2796.7437    9.8256
    7.5000   22.5000   30.0000 2789.4001    9.9509
   -7.5000   30.0000   30.0000 2657.8271   10.4248
    0.0000   30.0000   30.0000 2702.4468   10.3013
    7.5000   30.0000   30.0000 2698.2847   10.4232
   -7.5000   37.5000   30.0000 2541.2808   11.1373
    0.0000   37.5000   30.0000 2585.3274   10.9906
    7.5000   37.5000   30.0000 2587.9595   11.0995
   -7.5000   45.0000   30.0000 2409.5752   12.1215
    0.0000   45.0000   30.0000 2452.9041   11.9232
    7.5000   45.0000   30.0000 2456.4521   12.0161
   -7.5000  -45.0000   37.5000 2179.8442   16.0998
    0.0000  -45.0000   37.5000 2188.0854   15.9173
    7.5000  -45.0000   37.5000 2160.0134   16.2226
   -7.5000  -37.5000   37.5000 2301.2295   14.3266
    0.0000  -37.5000   37.5000 2316.0371   14.1690
    7.5000  -37.5000   37.5000 2291.5056   14.3808
   -7.5000  -30.0000   37.5000 2411.6848   12.8923
    0.0000  -30.0000   37.5000 2435.9521   12.7340
    7.5000  -30.0000   37.5000 2415.1167   12.9336
   -7.5000  -22.5000   37.5000 2514.4758   11.7882
    0.0000  -22.5000   37.5000 2542.4058   11.6213
    7.5000  -22.5000   37.5000 2528.7695   11.8047
   -7.5000  -15.0000   37.5000 2603.4624   10.9505
    0.0000  -15.0000   37.5000 2636.9099   10.8020
    7.5000  -15.0000   37.5000 2626.3689   10.9601
   -7.5000   -7.5000   37.5000 2684.2944   10.4020
    0.0000   -7.5000   37.5000 2722.0801   10.2557
    7.5000   -7.5000   37.5000 2715.2786   10.3929
   -7.5000    0.0000   37.5000 2737.5962   10.1089
    0.0000    0.0000   37.5000 2780.9097    9.9587
    7.5000    0.0000   37.5000 2776.7664   10.0697
   -7.5000    7.5000   37.5000 2755.7661   10.0864
    0.0000    7.5000   37.5000 2800.9961    9.9458
    7.5000    7.5000   37.5000 2798.5969   10.0711
   -7.5000   15.0000   37.5000 2728.1104   10.2421
    0.0000   15.0000   37.5000 2778.1843   10.1021
    7.5000   15.0000   37.5000 2778.5930   10.2183
   -7.5000   22.5000   37.5000 2668.3740   10.5587
    0.0000   22.5000   37.5000 2720.3926   10.4105
    7.5000   22.5000   37.5000 2715.8179   10.5211
   -7.5000   30.0000   37.5000 2584.3311   11.0199
    0.0000   30.0000   37.5000 2629.7983   10.8779
    7.5000   30.0000   37.5000 2626.8625   10.9920
   -7.5000   37.5000   37.5000 2478.2637   11.6965
    0.0000   37.5000   37.5000 2517.2168   11.5433
    7.5000   37.5000   37.5000 2517.7891   11.6420
   -7.5000   45.0000   37.5000 2354.2004   12.6287
    0.0000   45.0000   37.5000 2394.0876   12.4318
    7.5000   45.0000   37.5000 2395.7883   12.5289
   -7.5000  -45.0000   45.0000 2103.6362   17.2704
    0.0000  -45.0000   45.0000 2117.5981   17.0549
    7.5000  -45.0000   45.0000 2095.8411   17.2711
   -7.5000  -37.5000   45.0000 2226.4424   15.3136
    0.0000  -37.5000   45.0000 2243.9287   15.1117
    7.5000  -37.5000   45.0000 2230.3418   15.2913
   -7.5000  -30.0000   45.0000 2341.6487   13.7617
    0.0000  -30.0000   45.0000 2366.8604   13.5820
    7.5000  -30.0000   45.0000 2351.6907   13.7438
   -7.5000  -22.5000   45.0000 2445.1609   12.5689
    0.0000  -22.5000   45.0000 2473.8972   12.3929
    7.5000  -22.5000   45.0000 2463.8008   12.5413
   -7.5000  -15.0000   45.0000 2538.1243   11.7143
    0.0000  -15.0000   45.0000 2570.1177   11.5510
    7.5000  -15.0000   45.0000 2560.2346   11.6738
   -7.5000   -7.5000   45.0000 2610.2095   11.1560
    0.0000   -7.5000   45.0000 2647.8472   10.9960
    7.5000   -7.5000   45.0000 2641.4968   11.1062
   -7.5000    0.0000   45.0000 2656.2710   10.8369
    0.0000    0.0000   45.0000 2700.9375   10.6932
    7.5000    0.0000   45.0000 2697.1614   10.7939
   -7.5000    7.5000   45.0000 2666.2600   10.7827
    0.0000    7.5000   45.0000 2712.5129   10.6719
    7.5000    7.5000   45.0000 2713.4629   10.7670
   -7.5000   15.0000   45.0000 2640.9001   10.9218
    0.0000   15.0000   45.0000 2683.1575   10.8044
    7.5000   15.0000   45.0000 2689.6018   10.9069
   -7.5000   22.5000   45.0000 2585.2170   11.2367
    0.0000   22.5000   45.0000 2628.6838   11.0918
    7.5000   22.5000   45.0000 2630.7271   11.2030
   -7.5000   30.0000   45.0000 2501.5793   11.7168
    0.0000   30.0000   45.0000 2544.5842   11.5590
    7.5000   30.0000   45.0000 2545.6270   11.6623
   -7.5000   37.5000   45.0000 2404.1543   12.3937
    0.0000   37.5000   45.0000 2440.6748   12.2130
    7.5000   37.5000   45.0000 2439.7158   12.2994
   -7.5000   45.0000   45.0000 2288.8459   13.2876
    0.0000   45.0000   45.0000 2321.7871   13.0837
    7.5000   45.0000   45.0000 2323.1047   13.1575

---------------------------------------------------------------------
imgreg_4dfp /opt/freesurfer/average/711-2C_as_mni_average_305 /opt/freesurfer/average/711-2B_as_mni_average_305_mask talsrcimg_g11 none talsrcimg_to_711-2C_as_mni_average_305_t4 1283
---------------------------------------------------------------------

freesurfer imgreg_4dfp.c
/opt/freesurfer/average/711-2C_as_mni_average_305.4dfp.img
       256       256       256         1
  1.000000  1.000000  1.000000
orientation T byte_order littleendian
Reading image: /opt/freesurfer/average/711-2C_as_mni_average_305.4dfp.img
dimensions:      256       256       256
mmppix:       1.0000   -1.0000   -1.0000
center:     128.0000 -129.0000 -129.0000
/opt/freesurfer/average/711-2B_as_mni_average_305_mask.4dfp.img
       256       256       256         1
  1.000000  1.000000  1.000000
orientation T byte_order littleendian
Reading mask: /opt/freesurfer/average/711-2B_as_mni_average_305_mask.4dfp.img (2306576 pixels)
talsrcimg_g11.4dfp.img
       256       256       256         1
  1.000000  1.000000  1.000000
orientation T byte_order littleendian
Reading image: talsrcimg_g11.4dfp.img
dimensions:      256       256       256
mmppix:       1.0000   -1.0000   -1.0000
center:     128.0000 -129.0000 -129.0000
rotation matrix determinant  1.000000
fimgreg.f
image alignment mode   1283 decimal      503 hex
parameters
    0.0000    7.5000    7.5000    0.0000    0.0000    0.0000
eta,q 0.93362  8.59650
niter,ni,del,rscale     5    3   12.0000    1.2000
parameter  3 -0.646337 -> -0.500000 qaram    1.1500
parameter  4  1.214743 ->  0.500000 qaram    1.1500
parameter  6  7.337296 ->  0.500000 qaram    1.1500
parameters
    0.8822    7.7277   10.9500   -3.4500   -1.3310   -3.4500
eta,q 0.94032  8.49579
  0.0807  0.0764  0.0785  0.0635  0.0667  0.0575
  0.0758  0.0726  0.0745  0.0638  0.0654  0.0591
  0.0720  0.0694  0.0712  0.0649  0.0641  0.0613
  0.0689  0.0682  0.0682  0.0665  0.0640  0.0639
  0.0683  0.0694  0.0665  0.0686  0.0655  0.0668
  0.0712  0.0722  0.0664  0.0714  0.0681  0.0695
  0.0763  0.0750  0.0672  0.0739  0.0709  0.0714
niter,ni,del,rscale     7    3   12.0000    1.2000
parameter  4  0.770678 ->  0.500000 qaram    1.3225
parameter  6  1.425818 ->  0.500000 qaram    1.3225
parameters
    1.4809    9.8628   11.4942   -7.4175   -2.6926   -7.4175
eta,q 0.94771  8.58848
  0.0736  0.0735  0.0678  0.0568  0.0589  0.0509
  0.0683  0.0675  0.0642  0.0562  0.0574  0.0518
  0.0630  0.0622  0.0612  0.0564  0.0560  0.0537
  0.0597  0.0594  0.0587  0.0585  0.0560  0.0558
  0.0598  0.0587  0.0588  0.0614  0.0577  0.0585
  0.0635  0.0597  0.0617  0.0647  0.0603  0.0621
  0.0704  0.0618  0.0663  0.0678  0.0635  0.0659
niter,ni,del,rscale     7    3   12.0000    1.2000
parameter  4  0.515948 ->  0.500000 qaram    1.5209
parameters
    1.8843   12.1628   10.7432  -11.9801   -3.0475  -11.2899
eta,q 0.95412  8.54328
  0.0682  0.0651  0.0575  0.0508  0.0546  0.0489
  0.0614  0.0590  0.0534  0.0483  0.0512  0.0464
  0.0558  0.0549  0.0515  0.0486  0.0489  0.0460
  0.0523  0.0520  0.0505  0.0506  0.0481  0.0480
  0.0525  0.0505  0.0518  0.0537  0.0493  0.0521
  0.0574  0.0510  0.0561  0.0583  0.0524  0.0564
  0.0659  0.0539  0.0617  0.0634  0.0564  0.0613
niter,ni,del,rscale     7    3   12.0000    1.2000
parameters
    1.9982   13.3105    9.8992  -12.9649   -2.1720  -11.5727
eta,q 0.95422  8.54145
  0.0628  0.0622  0.0539  0.0524  0.0562  0.0526
  0.0542  0.0542  0.0491  0.0505  0.0515  0.0490
  0.0484  0.0485  0.0464  0.0477  0.0481  0.0465
  0.0459  0.0459  0.0459  0.0459  0.0461  0.0458
  0.0472  0.0468  0.0480  0.0472  0.0460  0.0471
  0.0527  0.0497  0.0528  0.0515  0.0479  0.0499
  0.0622  0.0525  0.0588  0.0577  0.0520  0.0533
niter,ni,del,rscale     6    3   12.0000    1.2000
parameters
    1.8132   14.0104    9.7418  -13.8650   -1.8271  -11.8418
eta,q 0.95323  8.54675
  0.0623  0.0584  0.0561  0.0518  0.0557  0.0525
  0.0535  0.0511  0.0507  0.0495  0.0515  0.0493
  0.0478  0.0467  0.0478  0.0479  0.0484  0.0472
  0.0458  0.0458  0.0463  0.0463  0.0468  0.0468
  0.0480  0.0479  0.0477  0.0465  0.0475  0.0479
  0.0547  0.0500  0.0517  0.0501  0.0500  0.0502
  0.0648  0.0521  0.0569  0.0567  0.0541  0.0530
niter,ni,del,rscale     5    3   12.0000    1.2000
parameters
    1.7963   14.5463    9.5270  -14.5881   -1.5352  -11.9433
eta,q 0.95254  8.55121
  0.0640  0.0569  0.0560  0.0519  0.0560  0.0531
  0.0553  0.0503  0.0510  0.0491  0.0520  0.0500
  0.0493  0.0468  0.0486  0.0477  0.0487  0.0480
  0.0468  0.0468  0.0471  0.0472  0.0475  0.0475
  0.0485  0.0483  0.0482  0.0467  0.0484  0.0484
  0.0550  0.0496  0.0520  0.0491  0.0508  0.0505
  0.0648  0.0524  0.0573  0.0557  0.0546  0.0531
niter,ni,del,rscale     4    3   12.0000    1.2000
parameters
    1.8175   14.9676    9.2315  -15.2212   -1.3473  -11.9230
eta,q 0.95229  8.55455
  0.0645  0.0560  0.0559  0.0522  0.0559  0.0536
  0.0561  0.0501  0.0509  0.0491  0.0518  0.0508
  0.0501  0.0474  0.0488  0.0475  0.0485  0.0486
  0.0475  0.0475  0.0476  0.0477  0.0477  0.0477
  0.0490  0.0483  0.0483  0.0475  0.0487  0.0486
  0.0553  0.0495  0.0521  0.0489  0.0511  0.0508
  0.0650  0.0529  0.0577  0.0552  0.0548  0.0535
niter,ni,del,rscale     3    3   12.0000    1.2000
parameters
    1.8595   15.3017    8.9478  -15.7432   -1.2809  -11.8468
eta,q 0.95236  8.55558
  0.0646  0.0554  0.0560  0.0526  0.0556  0.0539
  0.0562  0.0504  0.0507  0.0493  0.0514  0.0514
  0.0503  0.0481  0.0487  0.0475  0.0482  0.0490
  0.0477  0.0477  0.0477  0.0478  0.0476  0.0477
  0.0491  0.0482  0.0482  0.0482  0.0488  0.0484
  0.0553  0.0496  0.0519  0.0491  0.0512  0.0509
  0.0649  0.0535  0.0578  0.0547  0.0550  0.0540
niter,ni,del,rscale     2    3   12.0000    1.2000
parameters
    1.9190   15.5497    8.7444  -16.1177   -1.2948  -11.7754
eta,q 0.95251  8.55673
  0.0645  0.0551  0.0563  0.0531  0.0553  0.0540
  0.0561  0.0507  0.0506  0.0495  0.0510  0.0517
  0.0502  0.0485  0.0485  0.0476  0.0479  0.0491
  0.0476  0.0476  0.0476  0.0477  0.0475  0.0475
  0.0490  0.0481  0.0480  0.0487  0.0488  0.0482
  0.0550  0.0498  0.0515  0.0495  0.0512  0.0510
  0.0646  0.0540  0.0576  0.0543  0.0550  0.0545
niter,ni,del,rscale     1    3   12.0000    1.2000
parameters
    1.9716   15.7244    8.6095  -16.3667   -1.3372  -11.7377
eta,q 0.95264  8.55751
  0.0643  0.0549  0.0566  0.0535  0.0551  0.0541
  0.0558  0.0510  0.0505  0.0497  0.0508  0.0518
  0.0500  0.0486  0.0483  0.0477  0.0478  0.0491
  0.0475  0.0475  0.0475  0.0475  0.0474  0.0474
  0.0488  0.0481  0.0478  0.0488  0.0487  0.0480
  0.0548  0.0500  0.0512  0.0498  0.0511  0.0511
  0.0644  0.0545  0.0575  0.0540  0.0549  0.0548
registration optimization eta report
parameter search radius
    6.0000    6.0000    6.9000    9.1253    6.0000    7.9350
100000*second partial in parameter space
       47.       20.       21.        7.       21.       11.
  0.0643  0.0549  0.0566  0.0535  0.0551  0.0541
  0.0558  0.0510  0.0505  0.0497  0.0508  0.0518
  0.0500  0.0486  0.0483  0.0477  0.0478  0.0491
  0.0475  0.0475  0.0475  0.0475  0.0474  0.0474
  0.0488  0.0481  0.0478  0.0488  0.0487  0.0480
  0.0548  0.0500  0.0512  0.0498  0.0511  0.0511
  0.0644  0.0545  0.0575  0.0540  0.0549  0.0548
    1.9716   15.7244    8.6095  -16.3667   -1.3372  -11.7377
eta,q 0.95264  8.55751

---------------------------------------------------------------------
imgreg_4dfp /opt/freesurfer/average/711-2C_as_mni_average_305 /opt/freesurfer/average/711-2B_as_mni_average_305_mask talsrcimg_g11 none talsrcimg_to_711-2C_as_mni_average_305_t4 3335
---------------------------------------------------------------------

freesurfer imgreg_4dfp.c
/opt/freesurfer/average/711-2C_as_mni_average_305.4dfp.img
       256       256       256         1
  1.000000  1.000000  1.000000
orientation T byte_order littleendian
Reading image: /opt/freesurfer/average/711-2C_as_mni_average_305.4dfp.img
dimensions:      256       256       256
mmppix:       1.0000   -1.0000   -1.0000
center:     128.0000 -129.0000 -129.0000
/opt/freesurfer/average/711-2B_as_mni_average_305_mask.4dfp.img
       256       256       256         1
  1.000000  1.000000  1.000000
orientation T byte_order littleendian
Reading mask: /opt/freesurfer/average/711-2B_as_mni_average_305_mask.4dfp.img (2306576 pixels)
talsrcimg_g11.4dfp.img
       256       256       256         1
  1.000000  1.000000  1.000000
orientation T byte_order littleendian
Reading image: talsrcimg_g11.4dfp.img
dimensions:      256       256       256
mmppix:       1.0000   -1.0000   -1.0000
center:     128.0000 -129.0000 -129.0000
fimgreg.f
image alignment mode   3335 decimal      D07 hex
parameters
    1.9716   15.7244    8.6095   -2.1177   -5.9248   -4.0783
   18.8749    7.9246  -20.3376   27.1336   -2.3336  -28.1707
eta,q 0.95657  8.59852
niter,ni,del,rscale     5    3    5.0000    1.2000
parameter  4  1.622959 ->  0.500000 qaram    1.1500
parameter  5  1.707037 ->  0.500000 qaram    1.1500
parameter  9 -0.688173 -> -0.500000 qaram    1.1500
parameter 10  0.564026 ->  0.500000 qaram    1.1500
parameters
    1.9815   15.0585    8.9472   -6.2577  -10.0648   -5.8977
   16.2337    8.9494  -16.1976   22.9936   -3.0986  -26.4246
eta,q 0.96761  8.00777
  0.0465  0.0441  0.0456  0.0356  0.0335  0.0369  0.0354  0.0396  0.0387  0.0330  0.0333  0.0345
  0.0449  0.0436  0.0445  0.0373  0.0344  0.0356  0.0347  0.0371  0.0369  0.0325  0.0328  0.0335
  0.0438  0.0434  0.0437  0.0399  0.0360  0.0348  0.0344  0.0353  0.0354  0.0326  0.0325  0.0328
  0.0434  0.0434  0.0434  0.0433  0.0379  0.0348  0.0347  0.0344  0.0343  0.0333  0.0325  0.0325
  0.0438  0.0438  0.0434  0.0476  0.0403  0.0359  0.0357  0.0344  0.0335  0.0346  0.0327  0.0324
  0.0448  0.0446  0.0438  0.0526  0.0430  0.0384  0.0373  0.0354  0.0333  0.0364  0.0331  0.0327
  0.0465  0.0458  0.0446  0.0580  0.0460  0.0419  0.0393  0.0374  0.0336  0.0387  0.0336  0.0332
niter,ni,del,rscale     7    3    5.0000    1.2000
parameter  4  0.741651 ->  0.500000 qaram    1.3225
parameter  5  0.562412 ->  0.500000 qaram    1.3225
parameters
    2.1208   15.0552    8.3372  -11.0187  -14.8258   -5.9473
   14.0513    9.2654  -17.1873   23.2076   -2.2114  -26.9955
eta,q 0.97067  7.61952
  0.0360  0.0344  0.0332  0.0299  0.0298  0.0321  0.0303  0.0329  0.0310  0.0321  0.0301  0.0302
  0.0341  0.0333  0.0326  0.0300  0.0296  0.0313  0.0297  0.0311  0.0299  0.0307  0.0297  0.0297
  0.0329  0.0326  0.0323  0.0308  0.0297  0.0302  0.0294  0.0299  0.0294  0.0298  0.0295  0.0294
  0.0324  0.0324  0.0324  0.0323  0.0302  0.0296  0.0296  0.0294  0.0294  0.0294  0.0294  0.0293
  0.0326  0.0326  0.0329  0.0349  0.0315  0.0297  0.0302  0.0296  0.0298  0.0295  0.0294  0.0295
  0.0336  0.0333  0.0337  0.0388  0.0334  0.0307  0.0312  0.0306  0.0306  0.0304  0.0295  0.0299
  0.0352  0.0344  0.0347  0.0438  0.0359  0.0328  0.0327  0.0324  0.0317  0.0320  0.0298  0.0305
niter,ni,del,rscale     7    3    5.0000    1.2000
parameters
    2.3539   16.2020    8.0480  -14.5395  -16.9117   -6.5695
   13.7972    9.5723  -17.8204   25.1634   -2.3046  -27.8463
eta,q 0.97190  7.40263
  0.0323  0.0324  0.0299  0.0298  0.0298  0.0304  0.0301  0.0316  0.0301  0.0321  0.0288  0.0288
  0.0308  0.0310  0.0293  0.0287  0.0288  0.0296  0.0291  0.0299  0.0290  0.0304  0.0284  0.0284
  0.0298  0.0300  0.0290  0.0284  0.0283  0.0287  0.0285  0.0288  0.0284  0.0291  0.0282  0.0282
  0.0293  0.0293  0.0289  0.0289  0.0284  0.0283  0.0283  0.0283  0.0283  0.0283  0.0281  0.0281
  0.0295  0.0290  0.0292  0.0302  0.0289  0.0286  0.0286  0.0286  0.0287  0.0281  0.0282  0.0283
  0.0301  0.0290  0.0297  0.0325  0.0302  0.0297  0.0293  0.0296  0.0295  0.0286  0.0284  0.0287
  0.0313  0.0294  0.0305  0.0362  0.0324  0.0319  0.0304  0.0311  0.0307  0.0298  0.0288  0.0293
niter,ni,del,rscale     6    3    5.0000    1.2000
parameters
    2.6300   16.8916    7.8803  -15.1622  -17.6177   -6.7749
   13.6149    9.9269  -17.9012   25.9616   -2.3665  -28.4675
eta,q 0.97208  7.36041
  0.0311  0.0306  0.0289  0.0311  0.0300  0.0302  0.0298  0.0313  0.0300  0.0312  0.0286  0.0287
  0.0296  0.0294  0.0284  0.0294  0.0289  0.0294  0.0288  0.0296  0.0289  0.0296  0.0282  0.0282
  0.0286  0.0285  0.0280  0.0283  0.0281  0.0285  0.0282  0.0284  0.0282  0.0284  0.0280  0.0280
  0.0281  0.0281  0.0280  0.0280  0.0279  0.0279  0.0280  0.0280  0.0280  0.0280  0.0279  0.0279
  0.0282  0.0280  0.0281  0.0285  0.0282  0.0281  0.0282  0.0282  0.0282  0.0281  0.0280  0.0281
  0.0288  0.0282  0.0286  0.0299  0.0292  0.0290  0.0289  0.0292  0.0290  0.0288  0.0282  0.0284
  0.0300  0.0287  0.0293  0.0321  0.0310  0.0310  0.0300  0.0307  0.0301  0.0302  0.0286  0.0290
niter,ni,del,rscale     5    3    5.0000    1.2000
parameters
    2.7720   17.1452    7.7823  -15.3610  -17.8434   -6.8751
   13.4734   10.1245  -17.9680   26.2808   -2.3810  -28.7376
eta,q 0.97209  7.34802
  0.0305  0.0297  0.0289  0.0313  0.0302  0.0302  0.0298  0.0311  0.0300  0.0308  0.0286  0.0287
  0.0292  0.0287  0.0283  0.0296  0.0290  0.0294  0.0288  0.0295  0.0288  0.0293  0.0282  0.0283
  0.0283  0.0281  0.0280  0.0284  0.0282  0.0285  0.0281  0.0283  0.0281  0.0283  0.0280  0.0280
  0.0279  0.0279  0.0279  0.0279  0.0279  0.0279  0.0279  0.0279  0.0279  0.0279  0.0279  0.0279
  0.0281  0.0280  0.0281  0.0284  0.0281  0.0280  0.0282  0.0282  0.0282  0.0281  0.0280  0.0280
  0.0288  0.0284  0.0285  0.0296  0.0290  0.0289  0.0289  0.0292  0.0289  0.0290  0.0282  0.0284
  0.0300  0.0290  0.0291  0.0317  0.0306  0.0309  0.0299  0.0308  0.0300  0.0304  0.0286  0.0289
niter,ni,del,rscale     4    3    5.0000    1.2000
parameters
    2.8411   17.2443    7.7204  -15.4392  -17.9384   -6.9433
   13.3968   10.2213  -18.0077   26.4142   -2.3766  -28.8363
eta,q 0.97208  7.34234
  0.0304  0.0295  0.0289  0.0313  0.0302  0.0302  0.0298  0.0310  0.0300  0.0307  0.0286  0.0288
  0.0291  0.0286  0.0284  0.0296  0.0290  0.0295  0.0288  0.0294  0.0288  0.0292  0.0282  0.0283
  0.0282  0.0281  0.0280  0.0284  0.0282  0.0285  0.0281  0.0283  0.0281  0.0282  0.0280  0.0280
  0.0279  0.0279  0.0279  0.0279  0.0279  0.0279  0.0279  0.0279  0.0279  0.0279  0.0279  0.0279
  0.0281  0.0281  0.0281  0.0283  0.0281  0.0280  0.0282  0.0283  0.0282  0.0282  0.0280  0.0280
  0.0289  0.0285  0.0284  0.0296  0.0289  0.0289  0.0289  0.0293  0.0289  0.0290  0.0282  0.0283
  0.0301  0.0292  0.0290  0.0316  0.0305  0.0309  0.0299  0.0309  0.0299  0.0305  0.0286  0.0288
niter,ni,del,rscale     3    3    5.0000    1.2000
parameters
    2.8734   17.2843    7.6847  -15.4690  -17.9794   -6.9877
   13.3682   10.2670  -18.0367   26.4657   -2.3846  -28.8690
eta,q 0.97208  7.33961
  0.0303  0.0294  0.0290  0.0314  0.0303  0.0302  0.0298  0.0310  0.0300  0.0306  0.0286  0.0288
  0.0290  0.0285  0.0284  0.0297  0.0290  0.0295  0.0288  0.0294  0.0288  0.0292  0.0282  0.0283
  0.0282  0.0281  0.0280  0.0284  0.0282  0.0285  0.0282  0.0283  0.0281  0.0282  0.0280  0.0280
  0.0279  0.0279  0.0279  0.0279  0.0279  0.0279  0.0279  0.0279  0.0279  0.0279  0.0279  0.0279
  0.0281  0.0281  0.0281  0.0283  0.0281  0.0280  0.0282  0.0283  0.0282  0.0282  0.0280  0.0280
  0.0289  0.0285  0.0284  0.0295  0.0289  0.0289  0.0288  0.0293  0.0289  0.0291  0.0282  0.0283
  0.0302  0.0292  0.0290  0.0316  0.0305  0.0309  0.0299  0.0309  0.0299  0.0306  0.0286  0.0288
niter,ni,del,rscale     2    3    5.0000    1.2000
parameters
    2.8896   17.3033    7.6655  -15.4877  -17.9978   -7.0083
   13.3524   10.2875  -18.0396   26.4936   -2.3935  -28.8899
eta,q 0.97207  7.33820
  0.0302  0.0294  0.0290  0.0314  0.0303  0.0302  0.0298  0.0310  0.0300  0.0306  0.0286  0.0288
  0.0290  0.0285  0.0284  0.0297  0.0290  0.0295  0.0288  0.0294  0.0288  0.0291  0.0282  0.0283
  0.0282  0.0281  0.0280  0.0284  0.0282  0.0285  0.0282  0.0283  0.0281  0.0282  0.0280  0.0280
  0.0279  0.0279  0.0279  0.0279  0.0279  0.0279  0.0279  0.0279  0.0279  0.0279  0.0279  0.0279
  0.0282  0.0281  0.0281  0.0283  0.0281  0.0280  0.0282  0.0283  0.0282  0.0282  0.0280  0.0280
  0.0289  0.0286  0.0284  0.0296  0.0289  0.0289  0.0288  0.0293  0.0289  0.0291  0.0282  0.0283
  0.0302  0.0292  0.0290  0.0316  0.0305  0.0308  0.0299  0.0309  0.0299  0.0306  0.0286  0.0288
registration optimization eta report
parameter search radius
    2.4000    2.4000    2.4000    9.5220    9.5220    7.2000
    7.2000    7.2000    8.2800    8.2800    7.2000    7.2000
100000*second partial in parameter space
       40.       24.       18.        4.        3.        5.
        4.        6.        3.        4.        1.        2.
  0.0302  0.0294  0.0290  0.0314  0.0303  0.0302  0.0298  0.0310  0.0300  0.0306  0.0286  0.0288
  0.0290  0.0285  0.0284  0.0297  0.0290  0.0295  0.0288  0.0294  0.0288  0.0291  0.0282  0.0283
  0.0282  0.0281  0.0280  0.0284  0.0282  0.0285  0.0282  0.0283  0.0281  0.0282  0.0280  0.0280
  0.0279  0.0279  0.0279  0.0279  0.0279  0.0279  0.0279  0.0279  0.0279  0.0279  0.0279  0.0279
  0.0282  0.0281  0.0281  0.0283  0.0281  0.0280  0.0282  0.0283  0.0282  0.0282  0.0280  0.0280
  0.0289  0.0286  0.0284  0.0296  0.0289  0.0289  0.0288  0.0293  0.0289  0.0291  0.0282  0.0283
  0.0302  0.0292  0.0290  0.0316  0.0305  0.0308  0.0299  0.0309  0.0299  0.0306  0.0286  0.0288
    2.8896   17.3033    7.6655  -15.4877  -17.9978   -7.0083
   13.3524   10.2875  -18.0396   26.4936   -2.3935  -28.8899
eta,q 0.97207  7.33820

---------------------------------------------------------------------
imgreg_4dfp /opt/freesurfer/average/711-2C_as_mni_average_305 /opt/freesurfer/average/711-2B_as_mni_average_305_mask talsrcimg_g11 none talsrcimg_to_711-2C_as_mni_average_305_t4 2311
---------------------------------------------------------------------

freesurfer imgreg_4dfp.c
/opt/freesurfer/average/711-2C_as_mni_average_305.4dfp.img
       256       256       256         1
  1.000000  1.000000  1.000000
orientation T byte_order littleendian
Reading image: /opt/freesurfer/average/711-2C_as_mni_average_305.4dfp.img
dimensions:      256       256       256
mmppix:       1.0000   -1.0000   -1.0000
center:     128.0000 -129.0000 -129.0000
/opt/freesurfer/average/711-2B_as_mni_average_305_mask.4dfp.img
       256       256       256         1
  1.000000  1.000000  1.000000
orientation T byte_order littleendian
Reading mask: /opt/freesurfer/average/711-2B_as_mni_average_305_mask.4dfp.img (2306576 pixels)
talsrcimg_g11.4dfp.img
       256       256       256         1
  1.000000  1.000000  1.000000
orientation T byte_order littleendian
Reading image: talsrcimg_g11.4dfp.img
dimensions:      256       256       256
mmppix:       1.0000   -1.0000   -1.0000
center:     128.0000 -129.0000 -129.0000
fimgreg.f
image alignment mode   2311 decimal      907 hex
parameters
    2.8896   17.3033    7.6655  -15.4877  -17.9978   -7.0083
   13.3524   10.2875  -18.0396   26.4936   -2.3935  -28.8899
eta,q 0.97207  7.33820
niter,ni,del,rscale     5    3    5.0000    0.8000
parameters
    2.9099   17.2584    7.6567  -15.2948  -17.5076   -6.3591
   13.3299   10.3305  -18.2282   26.3484   -2.4481  -29.0011
eta,q 0.97214  7.37897
  0.0290  0.0285  0.0284  0.0290  0.0286  0.0295  0.0288  0.0294  0.0285  0.0288  0.0282  0.0283
  0.0284  0.0282  0.0281  0.0285  0.0283  0.0288  0.0283  0.0286  0.0281  0.0282  0.0280  0.0280
  0.0281  0.0280  0.0280  0.0281  0.0280  0.0282  0.0280  0.0280  0.0279  0.0279  0.0279  0.0279
  0.0279  0.0279  0.0279  0.0279  0.0279  0.0279  0.0279  0.0279  0.0279  0.0279  0.0279  0.0279
  0.0280  0.0280  0.0280  0.0280  0.0279  0.0279  0.0280  0.0280  0.0280  0.0280  0.0279  0.0279
  0.0284  0.0282  0.0281  0.0283  0.0281  0.0282  0.0283  0.0285  0.0282  0.0283  0.0280  0.0281
  0.0290  0.0286  0.0284  0.0289  0.0284  0.0289  0.0288  0.0293  0.0286  0.0289  0.0282  0.0283
niter,ni,del,rscale     4    3    5.0000    0.7000
parameters
    2.9057   17.1987    7.8487  -15.2251  -17.4989   -6.0419
   13.3516   10.3245  -18.2276   26.2303   -2.5130  -28.9749
eta,q 0.97217  7.39039
  0.0287  0.0283  0.0284  0.0287  0.0283  0.0291  0.0286  0.0290  0.0284  0.0286  0.0281  0.0282
  0.0282  0.0280  0.0281  0.0282  0.0281  0.0285  0.0282  0.0283  0.0281  0.0281  0.0279  0.0280
  0.0280  0.0279  0.0279  0.0280  0.0279  0.0281  0.0279  0.0280  0.0279  0.0279  0.0279  0.0279
  0.0279  0.0279  0.0279  0.0279  0.0279  0.0279  0.0278  0.0278  0.0278  0.0278  0.0278  0.0278
  0.0280  0.0279  0.0279  0.0279  0.0279  0.0279  0.0279  0.0280  0.0279  0.0279  0.0279  0.0279
  0.0282  0.0281  0.0280  0.0282  0.0281  0.0282  0.0282  0.0284  0.0281  0.0282  0.0279  0.0280
  0.0287  0.0284  0.0281  0.0286  0.0283  0.0288  0.0285  0.0290  0.0284  0.0286  0.0281  0.0282
niter,ni,del,rscale     3    3    5.0000    0.6000
parameters
    2.8926   17.1469    7.9663  -15.1945  -17.4723   -5.8397
   13.3546   10.3080  -18.2084   26.1230   -2.6249  -28.9481
eta,q 0.97217  7.39727
  0.0284  0.0282  0.0282  0.0284  0.0282  0.0287  0.0284  0.0287  0.0282  0.0284  0.0280  0.0281
  0.0281  0.0280  0.0280  0.0281  0.0280  0.0283  0.0281  0.0282  0.0280  0.0280  0.0279  0.0279
  0.0279  0.0279  0.0279  0.0279  0.0279  0.0280  0.0279  0.0279  0.0279  0.0279  0.0278  0.0278
  0.0278  0.0278  0.0278  0.0278  0.0278  0.0278  0.0278  0.0278  0.0278  0.0278  0.0278  0.0278
  0.0279  0.0279  0.0278  0.0279  0.0279  0.0279  0.0279  0.0279  0.0279  0.0279  0.0278  0.0279
  0.0281  0.0280  0.0279  0.0281  0.0280  0.0281  0.0281  0.0282  0.0280  0.0281  0.0279  0.0279
  0.0285  0.0282  0.0281  0.0284  0.0282  0.0286  0.0283  0.0287  0.0282  0.0284  0.0280  0.0281
niter,ni,del,rscale     2    3    5.0000    0.5000
parameters
    2.8836   17.1123    8.0348  -15.1744  -17.4702   -5.7064
   13.3463   10.2962  -18.1827   26.0524   -2.6770  -28.9596
eta,q 0.97218  7.40142
  0.0282  0.0281  0.0281  0.0282  0.0281  0.0284  0.0282  0.0284  0.0281  0.0282  0.0279  0.0280
  0.0280  0.0279  0.0279  0.0280  0.0279  0.0281  0.0280  0.0281  0.0279  0.0280  0.0279  0.0279
  0.0279  0.0278  0.0279  0.0279  0.0278  0.0279  0.0279  0.0279  0.0278  0.0279  0.0278  0.0278
  0.0278  0.0278  0.0278  0.0278  0.0278  0.0278  0.0278  0.0278  0.0278  0.0278  0.0278  0.0278
  0.0279  0.0279  0.0278  0.0279  0.0279  0.0279  0.0279  0.0279  0.0278  0.0279  0.0278  0.0278
  0.0280  0.0280  0.0279  0.0280  0.0279  0.0280  0.0280  0.0281  0.0279  0.0280  0.0279  0.0279
  0.0283  0.0281  0.0280  0.0282  0.0281  0.0284  0.0282  0.0284  0.0281  0.0282  0.0279  0.0280
niter,ni,del,rscale     1    3    5.0000    0.4000
parameters
    2.8768   17.0876    8.0839  -15.1554  -17.4725   -5.6000
   13.3408   10.2870  -18.1523   26.0021   -2.6940  -28.9712
eta,q 0.97218  7.40471
  0.0281  0.0280  0.0280  0.0281  0.0280  0.0282  0.0280  0.0282  0.0280  0.0281  0.0279  0.0279
  0.0279  0.0279  0.0279  0.0279  0.0279  0.0280  0.0279  0.0280  0.0279  0.0279  0.0278  0.0279
  0.0278  0.0278  0.0278  0.0279  0.0278  0.0279  0.0278  0.0279  0.0278  0.0278  0.0278  0.0278
  0.0278  0.0278  0.0278  0.0278  0.0278  0.0278  0.0278  0.0278  0.0278  0.0278  0.0278  0.0278
  0.0278  0.0278  0.0278  0.0278  0.0278  0.0278  0.0278  0.0279  0.0278  0.0278  0.0278  0.0278
  0.0279  0.0279  0.0279  0.0279  0.0279  0.0279  0.0279  0.0280  0.0279  0.0279  0.0278  0.0279
  0.0281  0.0280  0.0279  0.0281  0.0280  0.0282  0.0280  0.0282  0.0280  0.0281  0.0279  0.0279
registration optimization eta report
parameter search radius
    0.8000    0.8000    0.8000    2.4000    2.4000    2.4000
    2.4000    2.4000    2.4000    2.4000    2.4000    2.4000
100000*second partial in parameter space
       42.       26.       21.        5.        3.        6.
        4.        7.        3.        5.        1.        2.
  0.0281  0.0280  0.0280  0.0281  0.0280  0.0282  0.0280  0.0282  0.0280  0.0281  0.0279  0.0279
  0.0279  0.0279  0.0279  0.0279  0.0279  0.0280  0.0279  0.0280  0.0279  0.0279  0.0278  0.0279
  0.0278  0.0278  0.0278  0.0279  0.0278  0.0279  0.0278  0.0279  0.0278  0.0278  0.0278  0.0278
  0.0278  0.0278  0.0278  0.0278  0.0278  0.0278  0.0278  0.0278  0.0278  0.0278  0.0278  0.0278
  0.0278  0.0278  0.0278  0.0278  0.0278  0.0278  0.0278  0.0279  0.0278  0.0278  0.0278  0.0278
  0.0279  0.0279  0.0279  0.0279  0.0279  0.0279  0.0279  0.0280  0.0279  0.0279  0.0278  0.0279
  0.0281  0.0280  0.0279  0.0281  0.0280  0.0282  0.0280  0.0282  0.0280  0.0281  0.0279  0.0279
    2.8768   17.0876    8.0839  -15.1554  -17.4725   -5.6000
   13.3408   10.2870  -18.1523   26.0021   -2.6940  -28.9712
eta,q 0.97218  7.40471

---------------------------------------------------------------------
imgreg_4dfp /opt/freesurfer/average/711-2C_as_mni_average_305 /opt/freesurfer/average/711-2B_as_mni_average_305_mask talsrcimg_g11 none talsrcimg_to_711-2C_as_mni_average_305_t4 2311
---------------------------------------------------------------------

freesurfer imgreg_4dfp.c
/opt/freesurfer/average/711-2C_as_mni_average_305.4dfp.img
       256       256       256         1
  1.000000  1.000000  1.000000
orientation T byte_order littleendian
Reading image: /opt/freesurfer/average/711-2C_as_mni_average_305.4dfp.img
dimensions:      256       256       256
mmppix:       1.0000   -1.0000   -1.0000
center:     128.0000 -129.0000 -129.0000
/opt/freesurfer/average/711-2B_as_mni_average_305_mask.4dfp.img
       256       256       256         1
  1.000000  1.000000  1.000000
orientation T byte_order littleendian
Reading mask: /opt/freesurfer/average/711-2B_as_mni_average_305_mask.4dfp.img (2306576 pixels)
talsrcimg_g11.4dfp.img
       256       256       256         1
  1.000000  1.000000  1.000000
orientation T byte_order littleendian
Reading image: talsrcimg_g11.4dfp.img
dimensions:      256       256       256
mmppix:       1.0000   -1.0000   -1.0000
center:     128.0000 -129.0000 -129.0000
fimgreg.f
image alignment mode   2311 decimal      907 hex
parameters
    2.8768   17.0876    8.0839  -15.1554  -17.4725   -5.6000
   13.3408   10.2870  -18.1523   26.0021   -2.6940  -28.9712
eta,q 0.97218  7.40471
niter,ni,del,rscale     5    3    5.0000    0.8000
parameters
    2.8658   17.0934    8.1356  -15.1757  -17.5473   -5.7702
   13.3774   10.2636  -18.0912   26.0906   -2.6292  -28.8323
eta,q 0.97218  7.39641
  0.0289  0.0285  0.0284  0.0288  0.0284  0.0292  0.0288  0.0293  0.0286  0.0289  0.0281  0.0283
  0.0283  0.0281  0.0281  0.0283  0.0281  0.0285  0.0282  0.0285  0.0281  0.0283  0.0280  0.0280
  0.0279  0.0279  0.0279  0.0279  0.0279  0.0280  0.0279  0.0280  0.0279  0.0279  0.0279  0.0279
  0.0278  0.0278  0.0278  0.0278  0.0278  0.0278  0.0278  0.0278  0.0278  0.0278  0.0278  0.0278
  0.0279  0.0279  0.0279  0.0279  0.0279  0.0280  0.0279  0.0280  0.0279  0.0279  0.0279  0.0279
  0.0283  0.0281  0.0280  0.0283  0.0281  0.0285  0.0282  0.0285  0.0281  0.0283  0.0279  0.0280
  0.0289  0.0285  0.0283  0.0288  0.0285  0.0295  0.0287  0.0293  0.0285  0.0288  0.0281  0.0282
niter,ni,del,rscale     4    3    5.0000    0.7000
parameters
    2.8652   17.0978    8.0877  -15.1646  -17.4826   -5.7580
   13.3706   10.2617  -18.1286   26.0723   -2.6407  -28.8698
eta,q 0.97218  7.39925
  0.0286  0.0283  0.0282  0.0286  0.0283  0.0289  0.0285  0.0290  0.0284  0.0286  0.0280  0.0282
  0.0282  0.0280  0.0280  0.0282  0.0280  0.0284  0.0281  0.0283  0.0281  0.0281  0.0279  0.0280
  0.0279  0.0279  0.0279  0.0279  0.0279  0.0280  0.0279  0.0279  0.0279  0.0279  0.0278  0.0279
  0.0278  0.0278  0.0278  0.0278  0.0278  0.0278  0.0278  0.0278  0.0278  0.0278  0.0278  0.0278
  0.0279  0.0279  0.0279  0.0279  0.0279  0.0279  0.0279  0.0279  0.0279  0.0279  0.0278  0.0279
  0.0282  0.0280  0.0280  0.0282  0.0280  0.0283  0.0281  0.0283  0.0281  0.0282  0.0279  0.0280
  0.0286  0.0283  0.0283  0.0286  0.0283  0.0290  0.0285  0.0290  0.0284  0.0286  0.0280  0.0282
niter,ni,del,rscale     3    3    5.0000    0.6000
parameters
    2.8672   17.0897    8.0791  -15.1642  -17.4721   -5.7082
   13.3631   10.2728  -18.1395   26.0401   -2.6541  -28.8949
eta,q 0.97218  7.40094
  0.0284  0.0282  0.0281  0.0284  0.0282  0.0287  0.0283  0.0287  0.0282  0.0284  0.0280  0.0281
  0.0281  0.0280  0.0279  0.0281  0.0280  0.0282  0.0280  0.0282  0.0280  0.0281  0.0279  0.0279
  0.0279  0.0279  0.0278  0.0279  0.0279  0.0279  0.0279  0.0279  0.0279  0.0279  0.0278  0.0278
  0.0278  0.0278  0.0278  0.0278  0.0278  0.0278  0.0278  0.0278  0.0278  0.0278  0.0278  0.0278
  0.0279  0.0279  0.0279  0.0279  0.0279  0.0279  0.0279  0.0279  0.0279  0.0279  0.0278  0.0279
  0.0281  0.0280  0.0280  0.0281  0.0280  0.0281  0.0281  0.0282  0.0280  0.0281  0.0279  0.0279
  0.0284  0.0282  0.0281  0.0284  0.0282  0.0287  0.0283  0.0287  0.0282  0.0284  0.0280  0.0281
niter,ni,del,rscale     2    3    5.0000    0.5000
parameters
    2.8711   17.0850    8.0932  -15.1616  -17.4587   -5.6341
   13.3570   10.2747  -18.1549   25.9999   -2.7094  -28.9216
eta,q 0.97219  7.40358
  0.0282  0.0281  0.0280  0.0282  0.0281  0.0284  0.0282  0.0284  0.0281  0.0282  0.0279  0.0280
  0.0280  0.0279  0.0279  0.0280  0.0279  0.0281  0.0280  0.0281  0.0279  0.0280  0.0279  0.0279
  0.0279  0.0278  0.0278  0.0279  0.0278  0.0279  0.0279  0.0279  0.0278  0.0278  0.0278  0.0278
  0.0278  0.0278  0.0278  0.0278  0.0278  0.0278  0.0278  0.0278  0.0278  0.0278  0.0278  0.0278
  0.0279  0.0278  0.0278  0.0279  0.0278  0.0279  0.0279  0.0279  0.0279  0.0279  0.0278  0.0278
  0.0280  0.0279  0.0279  0.0280  0.0279  0.0280  0.0280  0.0281  0.0279  0.0280  0.0279  0.0279
  0.0282  0.0281  0.0280  0.0282  0.0281  0.0284  0.0282  0.0284  0.0281  0.0282  0.0279  0.0280
niter,ni,del,rscale     1    3    5.0000    0.4000
parameters
    2.8723   17.0710    8.1136  -15.1501  -17.4537   -5.5679
   13.3474   10.2818  -18.1482   25.9722   -2.7286  -28.9367
eta,q 0.97219  7.40597
  0.0281  0.0280  0.0280  0.0281  0.0280  0.0282  0.0280  0.0282  0.0280  0.0281  0.0279  0.0279
  0.0279  0.0279  0.0279  0.0279  0.0279  0.0280  0.0279  0.0280  0.0279  0.0279  0.0278  0.0279
  0.0278  0.0278  0.0278  0.0278  0.0278  0.0279  0.0278  0.0279  0.0278  0.0278  0.0278  0.0278
  0.0278  0.0278  0.0278  0.0278  0.0278  0.0278  0.0278  0.0278  0.0278  0.0278  0.0278  0.0278
  0.0278  0.0278  0.0278  0.0278  0.0278  0.0278  0.0278  0.0279  0.0278  0.0278  0.0278  0.0278
  0.0279  0.0279  0.0279  0.0279  0.0279  0.0280  0.0279  0.0280  0.0279  0.0279  0.0278  0.0279
  0.0281  0.0280  0.0279  0.0281  0.0280  0.0282  0.0280  0.0282  0.0280  0.0281  0.0279  0.0279
registration optimization eta report
parameter search radius
    0.8000    0.8000    0.8000    2.4000    2.4000    2.4000
    2.4000    2.4000    2.4000    2.4000    2.4000    2.4000
100000*second partial in parameter space
       43.       26.       21.        5.        3.        6.
        4.        7.        3.        5.        1.        2.
  0.0281  0.0280  0.0280  0.0281  0.0280  0.0282  0.0280  0.0282  0.0280  0.0281  0.0279  0.0279
  0.0279  0.0279  0.0279  0.0279  0.0279  0.0280  0.0279  0.0280  0.0279  0.0279  0.0278  0.0279
  0.0278  0.0278  0.0278  0.0278  0.0278  0.0279  0.0278  0.0279  0.0278  0.0278  0.0278  0.0278
  0.0278  0.0278  0.0278  0.0278  0.0278  0.0278  0.0278  0.0278  0.0278  0.0278  0.0278  0.0278
  0.0278  0.0278  0.0278  0.0278  0.0278  0.0278  0.0278  0.0279  0.0278  0.0278  0.0278  0.0278
  0.0279  0.0279  0.0279  0.0279  0.0279  0.0280  0.0279  0.0280  0.0279  0.0279  0.0278  0.0279
  0.0281  0.0280  0.0279  0.0281  0.0280  0.0282  0.0280  0.0282  0.0280  0.0281  0.0279  0.0279
    2.8723   17.0710    8.1136  -15.1501  -17.4537   -5.5679
   13.3474   10.2818  -18.1482   25.9722   -2.7286  -28.9367
eta,q 0.97219  7.40597

---------------------------------------------------------------------
compute_vox2vox talsrcimg talsrcimg_to_711-2C_as_mni_average_305_t4 /opt/freesurfer/average/711-2C_as_mni_average_305
---------------------------------------------------------------------

freesurfer compute_vox2vox.c
Reading: talsrcimg.4dfp.ifh
Reading: talsrcimg_to_711-2C_as_mni_average_305_t4
Reading: /opt/freesurfer/average/711-2C_as_mni_average_305.4dfp.ifh
Writing: talsrcimg_to_711-2C_as_mni_average_305_t4_vox2vox.txt

start time Mon Mar 9 17:21:14 CET 2026
end		time Mon Mar 9 17:22:47 CET 2026

mpr2mni305 success

avi2talxfm orig_nu.mgz /opt/freesurfer/average/mni305.cor.mgz talsrcimg_to_711-2C_as_mni_average_305_t4_vox2vox.txt transforms/talairach.auto.xfm
avi2talxfm done
mv -f /out/sourcedata/freesurfer/sub-v1s23x0050562_ses-1/mri/talsrcimg_to_711-2C_as_mni_average_305_t4_vox2vox.txt /out/sourcedata/freesurfer/sub-v1s23x0050562_ses-1/mri/transforms/talsrcimg_to_711-2C_as_mni_average_305_t4_vox2vox.txt
lta_convert --src orig_nu.mgz --trg /opt/freesurfer/average/mni305.cor.mgz --inxfm transforms/talairach.auto.xfm --outlta transforms/talairach.auto.xfm.lta --subject fsaverage
7.3.2

--src: orig_nu.mgz src image (geometry).
--trg: /opt/freesurfer/average/mni305.cor.mgz trg image (geometry).
--inmni: transforms/talairach.auto.xfm input MNI/XFM transform.
--outlta: transforms/talairach.auto.xfm.lta output LTA.
--s: fsaverage subject name
 LTA read, type : 1
 1.13227  -0.06651  -0.20640  -51.31288;
 0.09941   0.96000   0.32046   11.95482;
 0.21766  -0.31668   1.06524  -88.35515;
 0.00000   0.00000   0.00000   1.00000;
setting subject to fsaverage
Writing  LTA to file transforms/talairach.auto.xfm.lta...
lta_convert successful.
 
 
Started at Mon Mar 9 17:21:13 CET 2026
Ended   at Mon Mar  9 17:22:47 CET 2026
talairach_avi done
