status file for recon-all
Mon Mar  9 17:09:23 CET 2026
#@# MotionCor Mon Mar  9 17:09:25 CET 2026
#@# Talairach Mon Mar  9 17:09:31 CET 2026
#@# Talairach Failure Detection Mon Mar  9 17:12:23 CET 2026
#@# Nu Intensity Correction Mon Mar  9 17:12:23 CET 2026
#@# Intensity Normalization Mon Mar  9 17:15:08 CET 2026
recon-all -s sub-v1s23x0050553_ses-1 finished without error at Mon Mar  9 17:16:09 CET 2026



#New# invocation of recon-all 



status file for recon-all
Mon Mar  9 17:22:07 CET 2026
#@# EM Registration Mon Mar  9 17:22:07 CET 2026
recon-all -s sub-v1s23x0050553_ses-1 finished without error at Mon Mar  9 17:24:11 CET 2026



#New# invocation of recon-all 



status file for recon-all
Mon Mar  9 17:24:14 CET 2026
#@# CA Normalize Mon Mar  9 17:24:14 CET 2026
#@# CA Reg Mon Mar  9 17:25:08 CET 2026
#@# SubCort Seg Mon Mar  9 18:08:44 CET 2026
#@# CC Seg Mon Mar  9 18:28:42 CET 2026
#@# Merge ASeg Mon Mar  9 18:29:04 CET 2026
#@# Intensity Normalization2 Mon Mar  9 18:29:04 CET 2026
#@# Mask BFS Mon Mar  9 18:30:30 CET 2026
#@# WM Segmentation Mon Mar  9 18:30:31 CET 2026
#@# Fill Mon Mar  9 18:32:10 CET 2026
recon-all -s sub-v1s23x0050553_ses-1 finished without error at Mon Mar  9 18:32:48 CET 2026



#New# invocation of recon-all 



status file for recon-all
Mon Mar  9 19:16:49 CET 2026
#@# white curv lh Mon Mar  9 19:16:49 CET 2026
#@# white area lh Mon Mar  9 19:16:49 CET 2026
#@# pial curv lh Mon Mar  9 19:16:49 CET 2026
#@# pial area lh Mon Mar  9 19:16:49 CET 2026
#@# thickness lh Mon Mar  9 19:16:49 CET 2026
#@# area and vertex vol lh Mon Mar  9 19:16:49 CET 2026
#@# white curv rh Mon Mar  9 19:16:49 CET 2026
#@# white area rh Mon Mar  9 19:16:49 CET 2026
#@# pial curv rh Mon Mar  9 19:16:49 CET 2026
#@# pial area rh Mon Mar  9 19:16:49 CET 2026
#@# thickness rh Mon Mar  9 19:16:49 CET 2026
#@# area and vertex vol rh Mon Mar  9 19:16:49 CET 2026
#@# Cortical ribbon mask Mon Mar  9 19:16:49 CET 2026
recon-all -s sub-v1s23x0050553_ses-1 finished without error at Mon Mar  9 19:20:26 CET 2026



#New# invocation of recon-all 



status file for recon-all
Mon Mar  9 19:25:25 CET 2026
#@# white curv lh Mon Mar  9 19:25:25 CET 2026
#@# white area lh Mon Mar  9 19:25:25 CET 2026
#@# pial curv lh Mon Mar  9 19:25:25 CET 2026
#@# pial area lh Mon Mar  9 19:25:25 CET 2026
#@# thickness lh Mon Mar  9 19:25:25 CET 2026
#@# area and vertex vol lh Mon Mar  9 19:25:25 CET 2026
#@# white curv rh Mon Mar  9 19:25:25 CET 2026
#@# white area rh Mon Mar  9 19:25:25 CET 2026
#@# pial curv rh Mon Mar  9 19:25:25 CET 2026
#@# pial area rh Mon Mar  9 19:25:25 CET 2026
#@# thickness rh Mon Mar  9 19:25:25 CET 2026
#@# area and vertex vol rh Mon Mar  9 19:25:25 CET 2026
#@# Curvature Stats lh Mon Mar  9 19:25:25 CET 2026
#@# Curvature Stats rh Mon Mar  9 19:25:27 CET 2026
#@# Relabel Hypointensities Mon Mar  9 19:25:29 CET 2026
#@# APas-to-ASeg Mon Mar  9 19:25:40 CET 2026
#@# AParc-to-ASeg aparc Mon Mar  9 19:25:46 CET 2026
#@# AParc-to-ASeg aparc.a2009s Mon Mar  9 19:26:15 CET 2026
#@# AParc-to-ASeg aparc.DKTatlas Mon Mar  9 19:26:44 CET 2026
#@# WMParc Mon Mar  9 19:27:13 CET 2026
#@# ASeg Stats Mon Mar  9 19:29:11 CET 2026
recon-all -s sub-v1s23x0050553_ses-1 finished without error at Mon Mar  9 19:29:32 CET 2026
