status file for recon-all
Mon Mar  9 18:53:41 CET 2026
#@# Tessellate rh Mon Mar  9 18:53:41 CET 2026
#@# Smooth1 rh Mon Mar  9 18:53:43 CET 2026
#@# Inflation1 rh Mon Mar  9 18:53:45 CET 2026
#@# QSphere rh Mon Mar  9 18:53:57 CET 2026
#@# Fix Topology rh Mon Mar  9 18:55:09 CET 2026
#@# Smooth2 rh Mon Mar  9 19:00:28 CET 2026
#@# Inflation2 rh Mon Mar  9 19:00:30 CET 2026
#@# Curv .H and .K rh Mon Mar  9 19:00:41 CET 2026
#@# Sphere rh Mon Mar  9 19:01:16 CET 2026
#@# Surf Reg rh Mon Mar  9 19:05:40 CET 2026
#@# Jacobian white rh Mon Mar  9 19:10:48 CET 2026
#@# AvgCurv rh Mon Mar  9 19:10:48 CET 2026
#@# Cortical Parc rh Mon Mar  9 19:10:49 CET 2026
#@# white curv rh Mon Mar  9 19:16:01 CET 2026
#@# white area rh Mon Mar  9 19:16:02 CET 2026
#@# pial curv rh Mon Mar  9 19:16:03 CET 2026
#@# pial area rh Mon Mar  9 19:16:04 CET 2026
#@# thickness rh Mon Mar  9 19:16:05 CET 2026
#@# area and vertex vol rh Mon Mar  9 19:16:23 CET 2026
#@# Curvature Stats rh Mon Mar  9 19:16:24 CET 2026
#@# Cortical Parc 2 rh Mon Mar  9 19:16:26 CET 2026
#@# Cortical Parc 3 rh Mon Mar  9 19:16:35 CET 2026
#@# WM/GM Contrast rh Mon Mar  9 19:16:43 CET 2026
recon-all -s sub-v1s23x0050553_ses-1 finished without error at Mon Mar  9 19:16:45 CET 2026



#New# invocation of recon-all 



status file for recon-all
Mon Mar  9 19:22:57 CET 2026
#@# white curv rh Mon Mar  9 19:22:57 CET 2026
#@# white area rh Mon Mar  9 19:22:57 CET 2026
#@# pial curv rh Mon Mar  9 19:22:57 CET 2026
#@# pial area rh Mon Mar  9 19:22:57 CET 2026
#@# thickness rh Mon Mar  9 19:22:57 CET 2026
#@# area and vertex vol rh Mon Mar  9 19:22:57 CET 2026
#@# Parcellation Stats rh Mon Mar  9 19:22:57 CET 2026
#@# Parcellation Stats 2 rh Mon Mar  9 19:23:11 CET 2026
#@# Parcellation Stats 3 rh Mon Mar  9 19:23:18 CET 2026
#@# BA_exvivo Labels rh Mon Mar  9 19:23:25 CET 2026
recon-all -s sub-v1s23x0050553_ses-1 finished without error at Mon Mar  9 19:25:21 CET 2026
