status file for recon-all
Mon Mar  9 18:32:54 CET 2026
#@# Tessellate lh Mon Mar  9 18:32:54 CET 2026
#@# Smooth1 lh Mon Mar  9 18:32:56 CET 2026
#@# Inflation1 lh Mon Mar  9 18:32:58 CET 2026
#@# QSphere lh Mon Mar  9 18:33:10 CET 2026
#@# Fix Topology lh Mon Mar  9 18:34:17 CET 2026
#@# Smooth2 lh Mon Mar  9 18:38:54 CET 2026
#@# Inflation2 lh Mon Mar  9 18:38:56 CET 2026
#@# Curv .H and .K lh Mon Mar  9 18:39:08 CET 2026
#@# Sphere lh Mon Mar  9 18:39:43 CET 2026
#@# Surf Reg lh Mon Mar  9 18:42:31 CET 2026
#@# Jacobian white lh Mon Mar  9 18:47:11 CET 2026
#@# AvgCurv lh Mon Mar  9 18:47:11 CET 2026
#@# Cortical Parc lh Mon Mar  9 18:47:12 CET 2026
#@# white curv lh Mon Mar  9 18:52:56 CET 2026
#@# white area lh Mon Mar  9 18:52:58 CET 2026
#@# pial curv lh Mon Mar  9 18:52:58 CET 2026
#@# pial area lh Mon Mar  9 18:53:00 CET 2026
#@# thickness lh Mon Mar  9 18:53:00 CET 2026
#@# area and vertex vol lh Mon Mar  9 18:53:18 CET 2026
#@# Curvature Stats lh Mon Mar  9 18:53:20 CET 2026
#@# Cortical Parc 2 lh Mon Mar  9 18:53:21 CET 2026
#@# Cortical Parc 3 lh Mon Mar  9 18:53:30 CET 2026
#@# WM/GM Contrast lh Mon Mar  9 18:53:37 CET 2026
recon-all -s sub-v1s23x0050553_ses-1 finished without error at Mon Mar  9 18:53:40 CET 2026



#New# invocation of recon-all 



status file for recon-all
Mon Mar  9 19:20:29 CET 2026
#@# white curv lh Mon Mar  9 19:20:29 CET 2026
#@# white area lh Mon Mar  9 19:20:29 CET 2026
#@# pial curv lh Mon Mar  9 19:20:29 CET 2026
#@# pial area lh Mon Mar  9 19:20:29 CET 2026
#@# thickness lh Mon Mar  9 19:20:29 CET 2026
#@# area and vertex vol lh Mon Mar  9 19:20:29 CET 2026
#@# Parcellation Stats lh Mon Mar  9 19:20:29 CET 2026
#@# Parcellation Stats 2 lh Mon Mar  9 19:20:43 CET 2026
#@# Parcellation Stats 3 lh Mon Mar  9 19:20:50 CET 2026
#@# BA_exvivo Labels lh Mon Mar  9 19:20:57 CET 2026
recon-all -s sub-v1s23x0050553_ses-1 finished without error at Mon Mar  9 19:22:54 CET 2026
