/out/sourcedata/freesurfer/sub-v1s23x0050567_ses-1/mri
/opt/freesurfer/bin/talairach_avi
--i orig_nu.mgz --xfm transforms/talairach.auto.xfm
talairach_avi 7.3.2
Linux dna050 5.14.0-427.37.1.el9_4.x86_64 #1 SMP PREEMPT_DYNAMIC Fri Sep 13 12:41:50 EDT 2024 x86_64 x86_64 x86_64 GNU/Linux
Mon Mar  9 18:39:43 CET 2026
mri_convert orig_nu.mgz talsrcimg.img 
reading from orig_nu.mgz...
TR=0.00, TE=0.00, TI=0.00, flip angle=0.00
i_ras = (-1, 0, 0)
j_ras = (0, 0, -1)
k_ras = (0, 1, 0)
writing to talsrcimg.img...
Analyze Output Matrix
-1.00000   0.00000   0.00000   168.09645;
 0.00000   0.00000   1.00000  -177.50182;
 0.00000  -1.00000   0.00000   154.13896;
 0.00000   0.00000   0.00000   1.00000;
--------------------
INFO: set hdr.hist.orient to -1
mpr2mni305 talsrcimg
Mon Mar  9 18:39:43 CET 2026
/opt/freesurfer/bin/mpr2mni305 talsrcimg
mpr2mni305 7.3.2
target=711-2C_as_mni_average_305

---------------------------------------------------------------------
analyzeto4dfp talsrcimg -O0 -y
---------------------------------------------------------------------

freesurfer ifh2hdr.c
Mon Mar  9 18:39:43 2026
Writing: talsrcimg.4dfp.hdr
freesurfer analyzeto4dfp.c
Reading: talsrcimg.hdr
header size 348 bytes
hdr.dime.datatype	offset=70	value=2
hdr.dime.bitpix		offset=72	value=8
hdr.hist.orient		offset=252	value=-1
dimensionality     4
dimensions       256       256       256         1
Reading: talsrcimg.img
Writing: talsrcimg.4dfp.img
Writing: talsrcimg.4dfp.ifh
ifh2hdr talsrcimg -r0to250
ori=2

---------------------------------------------------------------------
gauss_4dfp talsrcimg 1.1
---------------------------------------------------------------------

freesurfer gauss_4dfp.c
Reading: talsrcimg.4dfp.img
Writing: talsrcimg_g11.4dfp.img
image dimensions 256 256 256 padded to 288 288 288
processing volume 1freesurfer ifh2hdr.c
Mon Mar  9 18:39:45 2026
Writing: talsrcimg_g11.4dfp.hdr

Writing: talsrcimg_g11.4dfp.ifh
including: talsrcimg.4dfp.img.rec in talsrcimg_g11.4dfp.img.rec

---------------------------------------------------------------------
imgreg_4dfp /opt/freesurfer/average/711-2C_as_mni_average_305 none talsrcimg_g11 none talsrcimg_to_711-2C_as_mni_average_305_t4 4355
---------------------------------------------------------------------

freesurfer imgreg_4dfp.c
/opt/freesurfer/average/711-2C_as_mni_average_305.4dfp.img
       256       256       256         1
  1.000000  1.000000  1.000000
orientation T byte_order littleendian
Reading image: /opt/freesurfer/average/711-2C_as_mni_average_305.4dfp.img
dimensions:      256       256       256
mmppix:       1.0000   -1.0000   -1.0000
center:     128.0000 -129.0000 -129.0000
talsrcimg_g11.4dfp.img
       256       256       256         1
  1.000000  1.000000  1.000000
orientation T byte_order littleendian
Reading image: talsrcimg_g11.4dfp.img
dimensions:      256       256       256
mmppix:       1.0000   -1.0000   -1.0000
center:     128.0000 -129.0000 -129.0000
t4_read: open error in t4_sub.f l:  41 t4_file(1:l)talsrcimg_to_711-2C_as_mni_average_305_t4 
t4_read: transform initialized to I4
rotation matrix determinant  1.000000
image alignment mode   4355 decimal     1103 hex
   -7.5000  -45.0000  -45.0000 7821.3047   16.9250
    0.0000  -45.0000  -45.0000 8125.3579   16.9255
    7.5000  -45.0000  -45.0000 7755.7632   16.9311
   -7.5000  -37.5000  -45.0000 8291.1846   16.9089
    0.0000  -37.5000  -45.0000 8610.3379   16.9022
    7.5000  -37.5000  -45.0000 8212.7236   16.9011
   -7.5000  -30.0000  -45.0000 9042.1201   16.9236
    0.0000  -30.0000  -45.0000 9395.9756   16.9096
    7.5000  -30.0000  -45.0000 8973.2012   16.9060
   -7.5000  -22.5000  -45.0000 9649.1240   16.9587
    0.0000  -22.5000  -45.000010067.1074   16.9439
    7.5000  -22.5000  -45.0000 9630.0586   16.9453
   -7.5000  -15.0000  -45.000010173.3037   16.9781
    0.0000  -15.0000  -45.000010606.6875   16.9696
    7.5000  -15.0000  -45.000010167.2363   16.9784
   -7.5000   -7.5000  -45.000010682.6885   16.9591
    0.0000   -7.5000  -45.000011113.1855   16.9585
    7.5000   -7.5000  -45.000010644.6055   16.9690
   -7.5000    0.0000  -45.000011083.6943   16.9250
    0.0000    0.0000  -45.000011510.8496   16.9255
    7.5000    0.0000  -45.000011013.2500   16.9311
   -7.5000    7.5000  -45.000010618.4238   16.9089
    0.0000    7.5000  -45.000011015.1826   16.9022
    7.5000    7.5000  -45.000010528.8809   16.9011
   -7.5000   15.0000  -45.000010061.7578   16.9236
    0.0000   15.0000  -45.000010433.1582   16.9096
    7.5000   15.0000  -45.0000 9954.5430   16.9060
   -7.5000   22.5000  -45.0000 9361.8975   16.9564
    0.0000   22.5000  -45.0000 9692.1279   16.9416
    7.5000   22.5000  -45.0000 9254.5381   16.9430
   -7.5000   30.0000  -45.0000 8587.8330   16.7518
    0.0000   30.0000  -45.0000 8899.3740   16.7435
    7.5000   30.0000  -45.0000 8489.2793   16.7521
   -7.5000   37.5000  -45.0000 8171.6182   16.7466
    0.0000   37.5000  -45.0000 8454.7725   16.7463
    7.5000   37.5000  -45.0000 8049.5728   16.7553
   -7.5000   45.0000  -45.0000 7502.6582   16.3926
    0.0000   45.0000  -45.0000 7735.5010   16.3961
    7.5000   45.0000  -45.0000 7362.6587   16.4032
   -7.5000  -45.0000  -37.5000 8365.9717   16.8113
    0.0000  -45.0000  -37.5000 8699.9434   16.8095
    7.5000  -45.0000  -37.5000 8272.1045   16.8170
   -7.5000  -37.5000  -37.5000 8862.5449   16.7976
    0.0000  -37.5000  -37.5000 9193.1465   16.7899
    7.5000  -37.5000  -37.5000 8735.8652   16.7949
   -7.5000  -30.0000  -37.5000 9625.8965   16.8106
    0.0000  -30.0000  -37.500010003.5527   16.7923
    7.5000  -30.0000  -37.5000 9520.6660   16.7937
   -7.5000  -22.5000  -37.500010256.6191   16.8410
    0.0000  -22.5000  -37.500010706.4736   16.8168
    7.5000  -22.5000  -37.500010216.6270   16.8168
   -7.5000  -15.0000  -37.500010801.2568   16.8581
    0.0000  -15.0000  -37.500011297.1641   16.8381
    7.5000  -15.0000  -37.500010772.4141   16.8402
   -7.5000   -7.5000  -37.500011343.8906   16.8413
    0.0000   -7.5000  -37.500011833.1338   16.8331
    7.5000   -7.5000  -37.500011262.3564   16.8390
   -7.5000    0.0000  -37.500011739.1279   16.8112
    0.0000    0.0000  -37.500012230.9902   16.8095
    7.5000    0.0000  -37.500011645.0303   16.8169
   -7.5000    7.5000  -37.500011247.4844   16.7976
    0.0000    7.5000  -37.500011700.1602   16.7899
    7.5000    7.5000  -37.500011119.3359   16.7949
   -7.5000   15.0000  -37.500010636.6465   16.8106
    0.0000   15.0000  -37.500011042.9941   16.7923
    7.5000   15.0000  -37.500010494.6660   16.7937
   -7.5000   22.5000  -37.5000 9896.3311   16.8387
    0.0000   22.5000  -37.500010286.3545   16.8145
    7.5000   22.5000  -37.5000 9790.0938   16.8144
   -7.5000   30.0000  -37.5000 9069.4268   16.6334
    0.0000   30.0000  -37.5000 9409.3232   16.6137
    7.5000   30.0000  -37.5000 8960.1250   16.6157
   -7.5000   37.5000  -37.5000 8586.7344   16.6301
    0.0000   37.5000  -37.5000 8902.3672   16.6222
    7.5000   37.5000  -37.5000 8469.5957   16.6265
   -7.5000   45.0000  -37.5000 7840.6040   16.2829
    0.0000   45.0000  -37.5000 8113.0703   16.2839
    7.5000   45.0000  -37.5000 7718.8066   16.2923
   -7.5000  -45.0000  -30.0000 9091.8184   17.4913
    0.0000  -45.0000  -30.0000 9467.0195   17.4870
    7.5000  -45.0000  -30.0000 9005.9707   17.5004
   -7.5000  -37.5000  -30.0000 9597.8389   17.4858
    0.0000  -37.5000  -30.0000 9968.8105   17.4748
    7.5000  -37.5000  -30.0000 9481.5967   17.4885
   -7.5000  -30.0000  -30.000010407.7832   17.5059
    0.0000  -30.0000  -30.000010834.0635   17.4840
    7.5000  -30.0000  -30.000010299.1133   17.4940
   -7.5000  -22.5000  -30.000011093.5791   17.5343
    0.0000  -22.5000  -30.000011569.7520   17.5064
    7.5000  -22.5000  -30.000011035.5361   17.5117
   -7.5000  -15.0000  -30.000011721.0391   17.5435
    0.0000  -15.0000  -30.000012242.7402   17.5196
    7.5000  -15.0000  -30.000011656.6816   17.5237
   -7.5000   -7.5000  -30.000012303.8428   17.5205
    0.0000   -7.5000  -30.000012833.4570   17.5092
    7.5000   -7.5000  -30.000012181.0254   17.5178
   -7.5000    0.0000  -30.000012682.7500   17.4912
    0.0000    0.0000  -30.000013217.9229   17.4869
    7.5000    0.0000  -30.000012548.4980   17.5003
   -7.5000    7.5000  -30.000012090.5977   17.4858
    0.0000    7.5000  -30.000012584.2178   17.4748
    7.5000    7.5000  -30.000011930.1289   17.4885
   -7.5000   15.0000  -30.000011399.8311   17.5059
    0.0000   15.0000  -30.000011859.3535   17.4840
    7.5000   15.0000  -30.000011231.4268   17.4940
   -7.5000   22.5000  -30.000010646.9043   17.5301
    0.0000   22.5000  -30.000011065.6650   17.5022
    7.5000   22.5000  -30.000010472.3818   17.5075
   -7.5000   30.0000  -30.0000 9747.2324   17.3113
    0.0000   30.0000  -30.000010124.9199   17.2878
    7.5000   30.0000  -30.0000 9603.6387   17.2919
   -7.5000   37.5000  -30.0000 9178.2676   17.3029
    0.0000   37.5000  -30.0000 9537.6504   17.2915
    7.5000   37.5000  -30.0000 9059.3271   17.2983
   -7.5000   45.0000  -30.0000 8379.7412   16.9547
    0.0000   45.0000  -30.0000 8683.5273   16.9523
    7.5000   45.0000  -30.0000 8227.0840   16.9660
   -7.5000  -45.0000  -22.5000 9888.5596   18.0849
    0.0000  -45.0000  -22.500010292.4053   18.0792
    7.5000  -45.0000  -22.5000 9752.0869   18.0965
   -7.5000  -37.5000  -22.500010429.2383   18.0864
    0.0000  -37.5000  -22.500010829.6680   18.0729
    7.5000  -37.5000  -22.500010286.7939   18.0887
   -7.5000  -30.0000  -22.500011297.1504   18.1168
    0.0000  -30.0000  -22.500011740.0791   18.0966
    7.5000  -30.0000  -22.500011148.7314   18.1106
   -7.5000  -22.5000  -22.500012022.0449   18.1476
    0.0000  -22.5000  -22.500012525.2002   18.1275
    7.5000  -22.5000  -22.500011926.9873   18.1410
   -7.5000  -15.0000  -22.500012688.4951   18.1495
    0.0000  -15.0000  -22.500013248.0283   18.1353
    7.5000  -15.0000  -22.500012586.2959   18.1500
   -7.5000   -7.5000  -22.500013326.0361   18.1172
    0.0000   -7.5000  -22.500013890.9512   18.1105
    7.5000   -7.5000  -22.500013123.2607   18.1273
   -7.5000    0.0000  -22.500013722.1768   18.0849
    0.0000    0.0000  -22.500014311.5947   18.0791
    7.5000    0.0000  -22.500013487.7822   18.0965
   -7.5000    7.5000  -22.500012995.7246   18.0864
    0.0000    7.5000  -22.500013519.6172   18.0729
    7.5000    7.5000  -22.500012774.3740   18.0887
   -7.5000   15.0000  -22.500012224.6621   18.1168
    0.0000   15.0000  -22.500012695.9746   18.0966
    7.5000   15.0000  -22.500011992.6270   18.1106
   -7.5000   22.5000  -22.500011431.9707   18.1420
    0.0000   22.5000  -22.500011852.7236   18.1219
    7.5000   22.5000  -22.500011200.0879   18.1354
   -7.5000   30.0000  -22.500010475.1436   17.9121
    0.0000   30.0000  -22.500010895.4824   17.8980
    7.5000   30.0000  -22.500010286.9600   17.9126
   -7.5000   37.5000  -22.5000 9838.7354   17.8956
    0.0000   37.5000  -22.500010243.9121   17.8885
    7.5000   37.5000  -22.5000 9686.8477   17.9034
   -7.5000   45.0000  -22.5000 8918.4824   17.5429
    0.0000   45.0000  -22.5000 9253.7031   17.5387
    7.5000   45.0000  -22.5000 8742.8223   17.5561
   -7.5000  -45.0000  -15.000010626.5420   18.5335
    0.0000  -45.0000  -15.000011058.1670   18.5292
    7.5000  -45.0000  -15.000010494.8760   18.5449
   -7.5000  -37.5000  -15.000011207.7461   18.5343
    0.0000  -37.5000  -15.000011667.0518   18.5211
    7.5000  -37.5000  -15.000011081.0908   18.5308
   -7.5000  -30.0000  -15.000012122.2480   18.5687
    0.0000  -30.0000  -15.000012617.7979   18.5528
    7.5000  -30.0000  -15.000011976.4150   18.5622
   -7.5000  -22.5000  -15.000012900.2129   18.6042
    0.0000  -22.5000  -15.000013448.9424   18.5948
    7.5000  -22.5000  -15.000012819.0137   18.6109
   -7.5000  -15.0000  -15.000013619.5732   18.6065
    0.0000  -15.0000  -15.000014224.2617   18.6053
    7.5000  -15.0000  -15.000013511.0332   18.6284
   -7.5000   -7.5000  -15.000014301.6279   18.5700
    0.0000   -7.5000  -15.000014923.0967   18.5713
    7.5000   -7.5000  -15.000014059.1221   18.5937
   -7.5000    0.0000  -15.000014747.0322   18.5335
    0.0000    0.0000  -15.000015404.5527   18.5291
    7.5000    0.0000  -15.000014469.7256   18.5448
   -7.5000    7.5000  -15.000013978.5850   18.5343
    0.0000    7.5000  -15.000014552.8457   18.5211
    7.5000    7.5000  -15.000013722.4268   18.5308
   -7.5000   15.0000  -15.000013102.5850   18.5687
    0.0000   15.0000  -15.000013603.0098   18.5528
    7.5000   15.0000  -15.000012834.4297   18.5622
   -7.5000   22.5000  -15.000012214.3779   18.5976
    0.0000   22.5000  -15.000012662.2158   18.5882
    7.5000   22.5000  -15.000011971.5117   18.6044
   -7.5000   30.0000  -15.000011198.6426   18.3657
    0.0000   30.0000  -15.000011648.6113   18.3645
    7.5000   30.0000  -15.000011002.9307   18.3873
   -7.5000   37.5000  -15.000010506.4678   18.3458
    0.0000   37.5000  -15.000010926.4570   18.3466
    7.5000   37.5000  -15.000010321.2607   18.3670
   -7.5000   45.0000  -15.0000 9470.5225   17.9876
    0.0000   45.0000  -15.0000 9818.4697   17.9850
    7.5000   45.0000  -15.0000 9264.9375   18.0011
   -7.5000  -45.0000   -7.500011371.7529   18.7718
    0.0000  -45.0000   -7.500011863.1982   18.7705
    7.5000  -45.0000   -7.500011268.1221   18.7806
   -7.5000  -37.5000   -7.500011986.7402   18.7629
    0.0000  -37.5000   -7.500012506.6094   18.7524
    7.5000  -37.5000   -7.500011904.1396   18.7534
   -7.5000  -30.0000   -7.500012983.7549   18.7897
    0.0000  -30.0000   -7.500013545.4434   18.7755
    7.5000  -30.0000   -7.500012876.3936   18.7756
   -7.5000  -22.5000   -7.500013833.1074   18.8286
    0.0000  -22.5000   -7.500014475.1279   18.8204
    7.5000  -22.5000   -7.500013776.1016   18.8300
   -7.5000  -15.0000   -7.500014594.2451   18.8407
    0.0000  -15.0000   -7.500015282.8008   18.8417
    7.5000  -15.0000   -7.500014457.7744   18.8617
   -7.5000   -7.5000   -7.500015306.4375   18.8105
    0.0000   -7.5000   -7.500015960.8945   18.8147
    7.5000   -7.5000   -7.500014995.7031   18.8342
   -7.5000    0.0000   -7.500015774.9531   18.7718
    0.0000    0.0000   -7.500016471.7852   18.7704
    7.5000    0.0000   -7.500015488.1084   18.7806
   -7.5000    7.5000   -7.500014956.1982   18.7629
    0.0000    7.5000   -7.500015586.6875   18.7524
    7.5000    7.5000   -7.500014743.5479   18.7534
   -7.5000   15.0000   -7.500013990.4375   18.7897
    0.0000   15.0000   -7.500014537.2129   18.7755
    7.5000   15.0000   -7.500013780.9248   18.7756
   -7.5000   22.5000   -7.500013018.2139   18.8199
    0.0000   22.5000   -7.500013535.8447   18.8117
    7.5000   22.5000   -7.500012808.1309   18.8213
   -7.5000   30.0000   -7.500011951.9590   18.5963
    0.0000   30.0000   -7.500012414.1582   18.5973
    7.5000   30.0000   -7.500011723.7275   18.6170
   -7.5000   37.5000   -7.500011230.8672   18.5822
    0.0000   37.5000   -7.500011691.1191   18.5864
    7.5000   37.5000   -7.500011033.7832   18.6041
   -7.5000   45.0000   -7.500010066.1982   18.2214
    0.0000   45.0000   -7.500010435.4775   18.2226
    7.5000   45.0000   -7.5000 9880.3350   18.2340
   -7.5000  -45.0000    0.000012022.5693   18.8187
    0.0000  -45.0000    0.000012519.9141   18.8186
    7.5000  -45.0000    0.000011914.4277   18.8247
   -7.5000  -37.5000    0.000012676.9297   18.8011
    0.0000  -37.5000    0.000013189.2783   18.7931
    7.5000  -37.5000    0.000012564.3164   18.7918
   -7.5000  -30.0000    0.000013768.4990   18.8177
    0.0000  -30.0000    0.000014340.0195   18.8018
    7.5000  -30.0000    0.000013647.3945   18.7976
   -7.5000  -22.5000    0.000014750.6504   18.8565
    0.0000  -22.5000    0.000015412.4082   18.8399
    7.5000  -22.5000    0.000014652.5684   18.8415
   -7.5000  -15.0000    0.000015591.9551   18.8775
    0.0000  -15.0000    0.000016244.0498   18.8682
    7.5000  -15.0000    0.000015380.9854   18.8780
   -7.5000   -7.5000    0.000016263.6709   18.8563
    0.0000   -7.5000    0.000016912.9062   18.8553
    7.5000   -7.5000    0.000015963.1582   18.8669
   -7.5000    0.0000    0.000016652.4316   18.8186
    0.0000    0.0000    0.000017354.4121   18.8186
    7.5000    0.0000    0.000016508.7871   18.8247
   -7.5000    7.5000    0.000015743.4268   18.8011
    0.0000    7.5000    0.000016394.4961   18.7931
    7.5000    7.5000    0.000015689.5283   18.7918
   -7.5000   15.0000    0.000014669.4072   18.8177
    0.0000   15.0000    0.000015262.2881   18.8018
    7.5000   15.0000    0.000014615.2695   18.7976
   -7.5000   22.5000    0.000013656.1279   18.8478
    0.0000   22.5000    0.000014228.2881   18.8313
    7.5000   22.5000    0.000013555.1543   18.8328
   -7.5000   30.0000    0.000012547.1455   18.6332
    0.0000   30.0000    0.000013068.2637   18.6240
    7.5000   30.0000    0.000012406.1846   18.6337
   -7.5000   37.5000    0.000011828.2705   18.6272
    0.0000   37.5000    0.000012307.7256   18.6265
    7.5000   37.5000    0.000011656.3389   18.6365
   -7.5000   45.0000    0.000010631.9717   18.2687
    0.0000   45.0000    0.000011034.7324   18.2721
    7.5000   45.0000    0.000010456.0420   18.2798
   -7.5000  -45.0000    7.500011733.5254   18.8047
    0.0000  -45.0000    7.500012152.6475   18.8028
    7.5000  -45.0000    7.500011544.7744   18.8112
   -7.5000  -37.5000    7.500012347.9180   18.7894
    0.0000  -37.5000    7.500012800.0732   18.7808
    7.5000  -37.5000    7.500012162.1445   18.7865
   -7.5000  -30.0000    7.500013465.5615   18.8041
    0.0000  -30.0000    7.500013963.5537   18.7836
    7.5000  -30.0000    7.500013245.1914   18.7852
   -7.5000  -22.5000    7.500014615.9707   18.8382
    0.0000  -22.5000    7.500015230.5938   18.8112
    7.5000  -22.5000    7.500014389.5303   18.8112
   -7.5000  -15.0000    7.500015476.4893   18.8574
    0.0000  -15.0000    7.500016075.7764   18.8350
    7.5000  -15.0000    7.500015256.7207   18.8374
   -7.5000   -7.5000    7.500015976.3291   18.8385
    0.0000   -7.5000    7.500016598.4414   18.8294
    7.5000   -7.5000    7.500015893.7725   18.8360
   -7.5000    0.0000    7.500016294.7061   18.8046
    0.0000    0.0000    7.500016945.0117   18.8028
    7.5000    0.0000    7.500016396.3066   18.8112
   -7.5000    7.5000    7.500015370.5098   18.7894
    0.0000    7.5000    7.500015979.2930   18.7808
    7.5000    7.5000    7.500015510.8545   18.7865
   -7.5000   15.0000    7.500014308.9199   18.8041
    0.0000   15.0000    7.500014904.1172   18.7836
    7.5000   15.0000    7.500014386.4492   18.7852
   -7.5000   22.5000    7.500013318.9668   18.8296
    0.0000   22.5000    7.500013880.4307   18.8026
    7.5000   22.5000    7.500013276.1436   18.8025
   -7.5000   30.0000    7.500012253.5938   18.6134
    0.0000   30.0000    7.500012749.3867   18.5912
    7.5000   30.0000    7.500012122.7520   18.5936
   -7.5000   37.5000    7.500011520.2285   18.6095
    0.0000   37.5000    7.500011974.7461   18.6007
    7.5000   37.5000    7.500011327.3271   18.6055
   -7.5000   45.0000    7.500010369.9521   18.2565
    0.0000   45.0000    7.500010730.7012   18.2577
    7.5000   45.0000    7.500010148.2539   18.2672
   -7.5000  -45.0000   15.000011272.5381   18.7815
    0.0000  -45.0000   15.000011671.3467   18.7769
    7.5000  -45.0000   15.000011074.0371   18.7912
   -7.5000  -37.5000   15.000011828.1777   18.7755
    0.0000  -37.5000   15.000012239.1934   18.7638
    7.5000  -37.5000   15.000011672.4854   18.7785
   -7.5000  -30.0000   15.000012888.9922   18.7972
    0.0000  -30.0000   15.000013318.7939   18.7735
    7.5000  -30.0000   15.000012735.1309   18.7844
   -7.5000  -22.5000   15.000014014.5928   18.8276
    0.0000  -22.5000   15.000014585.2910   18.7976
    7.5000  -22.5000   15.000013893.2285   18.8033
   -7.5000  -15.0000   15.000014905.4834   18.8375
    0.0000  -15.0000   15.000015527.4043   18.8118
    7.5000  -15.0000   15.000014875.7920   18.8163
   -7.5000   -7.5000   15.000015492.4512   18.8128
    0.0000   -7.5000   15.000016081.3486   18.8007
    7.5000   -7.5000   15.000015522.8643   18.8100
   -7.5000    0.0000   15.000015947.4004   18.7814
    0.0000    0.0000   15.000016517.2812   18.7768
    7.5000    0.0000   15.000015903.2627   18.7912
   -7.5000    7.5000   15.000015057.7275   18.7755
    0.0000    7.5000   15.000015614.5312   18.7638
    7.5000    7.5000   15.000014985.6836   18.7785
   -7.5000   15.0000   15.000013930.4287   18.7972
    0.0000   15.0000   15.000014443.9902   18.7735
    7.5000   15.0000   15.000013856.2285   18.7844
   -7.5000   22.5000   15.000012835.0430   18.8189
    0.0000   22.5000   15.000013334.8486   18.7889
    7.5000   22.5000   15.000012732.4180   18.7947
   -7.5000   30.0000   15.000011775.3906   18.5937
    0.0000   30.0000   15.000012216.4492   18.5684
    7.5000   30.0000   15.000011619.6963   18.5728
   -7.5000   37.5000   15.000011068.3115   18.5847
    0.0000   37.5000   15.000011481.2949   18.5724
    7.5000   37.5000   15.000010902.9180   18.5798
   -7.5000   45.0000   15.0000 9942.0469   18.2348
    0.0000   45.0000   15.000010289.6455   18.2322
    7.5000   45.0000   15.0000 9752.6084   18.2470
   -7.5000  -45.0000   22.500010690.5244   18.7741
    0.0000  -45.0000   22.500011085.1699   18.7682
    7.5000  -45.0000   22.500010577.7529   18.7862
   -7.5000  -37.5000   22.500011281.7148   18.7756
    0.0000  -37.5000   22.500011695.9590   18.7616
    7.5000  -37.5000   22.500011168.8008   18.7781
   -7.5000  -30.0000   22.500012339.2441   18.8072
    0.0000  -30.0000   22.500012786.9014   18.7863
    7.5000  -30.0000   22.500012209.5723   18.8008
   -7.5000  -22.5000   22.500013380.9785   18.8392
    0.0000  -22.5000   22.500013932.1133   18.8184
    7.5000  -22.5000   22.500013251.5186   18.8324
   -7.5000  -15.0000   22.500014226.5146   18.8411
    0.0000  -15.0000   22.500014846.6562   18.8264
    7.5000  -15.0000   22.500014120.1787   18.8417
   -7.5000   -7.5000   22.500014888.1963   18.8076
    0.0000   -7.5000   22.500015491.9150   18.8007
    7.5000   -7.5000   22.500014710.6152   18.8182
   -7.5000    0.0000   22.500015338.8125   18.7741
    0.0000    0.0000   22.500015915.8896   18.7681
    7.5000    0.0000   22.500015035.7246   18.7861
   -7.5000    7.5000   22.500014366.5391   18.7756
    0.0000    7.5000   22.500014952.8105   18.7616
    7.5000    7.5000   22.500014151.2168   18.7781
   -7.5000   15.0000   22.500013238.7188   18.8072
    0.0000   15.0000   22.500013771.2803   18.7863
    7.5000   15.0000   22.500013083.0859   18.8008
   -7.5000   22.5000   22.500012147.1035   18.8305
    0.0000   22.5000   22.500012650.6943   18.8097
    7.5000   22.5000   22.500012043.9814   18.8237
   -7.5000   30.0000   22.500011147.2490   18.5973
    0.0000   30.0000   22.500011585.7852   18.5827
    7.5000   30.0000   22.500011010.3994   18.5979
   -7.5000   37.5000   22.500010485.9590   18.5802
    0.0000   37.5000   22.500010877.9863   18.5728
    7.5000   37.5000   22.500010365.1846   18.5883
   -7.5000   45.0000   22.5000 9421.6904   18.2272
    0.0000   45.0000   22.5000 9744.5176   18.2229
    7.5000   45.0000   22.5000 9306.2969   18.2410
   -7.5000  -45.0000   30.000010116.8887   18.7911
    0.0000  -45.0000   30.000010518.9502   18.7867
    7.5000  -45.0000   30.0000 9986.4316   18.8027
   -7.5000  -37.5000   30.000010716.4180   18.7919
    0.0000  -37.5000   30.000011144.1680   18.7785
    7.5000  -37.5000   30.000010542.8086   18.7883
   -7.5000  -30.0000   30.000011694.3076   18.8266
    0.0000  -30.0000   30.000012150.1191   18.8105
    7.5000  -30.0000   30.000011496.9150   18.8200
   -7.5000  -22.5000   30.000012597.0020   18.8626
    0.0000  -22.5000   30.000013077.9971   18.8530
    7.5000  -22.5000   30.000012404.7676   18.8695
   -7.5000  -15.0000   30.000013248.0479   18.8650
    0.0000  -15.0000   30.000013789.2539   18.8638
    7.5000  -15.0000   30.000013143.4668   18.8872
   -7.5000   -7.5000   30.000013785.5635   18.8281
    0.0000   -7.5000   30.000014281.3965   18.8294
    7.5000   -7.5000   30.000013663.0156   18.8522
   -7.5000    0.0000   30.000014168.6475   18.7911
    0.0000    0.0000   30.000014638.8838   18.7867
    7.5000    0.0000   30.000013960.4668   18.8026
   -7.5000    7.5000   30.000013350.0283   18.7919
    0.0000    7.5000   30.000013843.5986   18.7785
    7.5000    7.5000   30.000013211.0000   18.7883
   -7.5000   15.0000   30.000012336.5127   18.8266
    0.0000   15.0000   30.000012828.0117   18.8105
    7.5000   15.0000   30.000012240.5352   18.8200
   -7.5000   22.5000   30.000011387.2656   18.8539
    0.0000   22.5000   30.000011845.1504   18.8443
    7.5000   22.5000   30.000011264.3828   18.8608
   -7.5000   30.0000   30.000010454.8076   18.6208
    0.0000   30.0000   30.000010868.8643   18.6197
    7.5000   30.0000   30.000010299.0928   18.6428
   -7.5000   37.5000   30.0000 9828.2529   18.6007
    0.0000   37.5000   30.000010201.0811   18.6016
    7.5000   37.5000   30.0000 9691.0068   18.6224
   -7.5000   45.0000   30.0000 8793.6924   18.2425
    0.0000   45.0000   30.0000 9113.2412   18.2398
    7.5000   45.0000   30.0000 8701.7676   18.2562
   -7.5000  -45.0000   37.5000 9811.7197   18.9152
    0.0000  -45.0000   37.500010199.4902   18.9137
    7.5000  -45.0000   37.5000 9637.9785   18.9241
   -7.5000  -37.5000   37.500010351.8838   18.9064
    0.0000  -37.5000   37.500010745.7812   18.8956
    7.5000  -37.5000   37.500010187.1455   18.8967
   -7.5000  -30.0000   37.500011252.0137   18.9339
    0.0000  -30.0000   37.500011669.4424   18.9195
    7.5000  -30.0000   37.500011087.0527   18.9196
   -7.5000  -22.5000   37.500012045.9697   18.9734
    0.0000  -22.5000   37.500012494.3037   18.9651
    7.5000  -22.5000   37.500011914.7090   18.9751
   -7.5000  -15.0000   37.500012662.3018   18.9853
    0.0000  -15.0000   37.500013164.9336   18.9864
    7.5000  -15.0000   37.500012609.6436   19.0070
   -7.5000   -7.5000   37.500013174.1797   18.9544
    0.0000   -7.5000   37.500013680.6406   18.9587
    7.5000   -7.5000   37.500013104.7432   18.9788
   -7.5000    0.0000   37.500013552.3027   18.9151
    0.0000    0.0000   37.500014031.5938   18.9137
    7.5000    0.0000   37.500013415.8516   18.9241
   -7.5000    7.5000   37.500012823.4727   18.9064
    0.0000    7.5000   37.500013300.2471   18.8956
    7.5000    7.5000   37.500012733.7510   18.8967
   -7.5000   15.0000   37.500011911.3867   18.9339
    0.0000   15.0000   37.500012381.6963   18.9195
    7.5000   15.0000   37.500011853.5615   18.9196
   -7.5000   22.5000   37.500011028.6885   18.9646
    0.0000   22.5000   37.500011476.1807   18.9563
    7.5000   22.5000   37.500010950.1025   18.9663
   -7.5000   30.0000   37.500010126.6768   18.7396
    0.0000   30.0000   37.500010535.5186   18.7407
    7.5000   30.0000   37.500010011.6963   18.7610
   -7.5000   37.5000   37.5000 9505.3242   18.7249
    0.0000   37.5000   37.5000 9879.2754   18.7290
    7.5000   37.5000   37.5000 9392.6855   18.7474
   -7.5000   45.0000   37.5000 8484.8135   18.3623
    0.0000   45.0000   37.5000 8793.2236   18.3635
    7.5000   45.0000   37.5000 8393.9082   18.3752
   -7.5000  -45.0000   45.0000 8965.8486   19.0674
    0.0000  -45.0000   45.0000 9334.3965   19.0676
    7.5000  -45.0000   45.0000 8848.6240   19.0749
   -7.5000  -37.5000   45.0000 9454.3086   19.0494
    0.0000  -37.5000   45.0000 9833.7949   19.0415
    7.5000  -37.5000   45.0000 9341.9111   19.0411
   -7.5000  -30.0000   45.000010270.9756   19.0670
    0.0000  -30.0000   45.000010675.7168   19.0511
    7.5000  -30.0000   45.000010133.9307   19.0476
   -7.5000  -22.5000   45.000010983.5801   19.1072
    0.0000  -22.5000   45.000011406.7637   19.0908
    7.5000  -22.5000   45.000010845.6182   19.0932
   -7.5000  -15.0000   45.000011576.7627   19.1288
    0.0000  -15.0000   45.000012042.3525   19.1197
    7.5000  -15.0000   45.000011505.8984   19.1308
   -7.5000   -7.5000   45.000012065.5918   19.1065
    0.0000   -7.5000   45.000012543.4385   19.1058
    7.5000   -7.5000   45.000012006.5059   19.1189
   -7.5000    0.0000   45.000012407.6455   19.0674
    0.0000    0.0000   45.000012873.0625   19.0675
    7.5000    0.0000   45.000012305.8789   19.0749
   -7.5000    7.5000   45.000011772.5342   19.0494
    0.0000    7.5000   45.000012221.5303   19.0415
    7.5000    7.5000   45.000011683.1201   19.0411
   -7.5000   15.0000   45.000010973.9336   19.0670
    0.0000   15.0000   45.000011413.0801   19.0511
    7.5000   15.0000   45.000010894.3721   19.0476
   -7.5000   22.5000   45.000010187.9189   19.0984
    0.0000   22.5000   45.000010608.6914   19.0819
    7.5000   22.5000   45.000010104.6475   19.0843
   -7.5000   30.0000   45.0000 9335.9160   18.8796
    0.0000   30.0000   45.0000 9727.1592   18.8706
    7.5000   30.0000   45.0000 9256.1045   18.8815
   -7.5000   37.5000   45.0000 8770.9893   18.8729
    0.0000   37.5000   45.0000 9108.1582   18.8726
    7.5000   37.5000   45.0000 8689.5645   18.8839
   -7.5000   45.0000   45.0000 7841.9946   18.5207
    0.0000   45.0000   45.0000 8120.8560   18.5243
    7.5000   45.0000   45.0000 7776.2100   18.5334

---------------------------------------------------------------------
imgreg_4dfp /opt/freesurfer/average/711-2C_as_mni_average_305 /opt/freesurfer/average/711-2B_as_mni_average_305_mask talsrcimg_g11 none talsrcimg_to_711-2C_as_mni_average_305_t4 4355
---------------------------------------------------------------------

freesurfer imgreg_4dfp.c
/opt/freesurfer/average/711-2C_as_mni_average_305.4dfp.img
       256       256       256         1
  1.000000  1.000000  1.000000
orientation T byte_order littleendian
Reading image: /opt/freesurfer/average/711-2C_as_mni_average_305.4dfp.img
dimensions:      256       256       256
mmppix:       1.0000   -1.0000   -1.0000
center:     128.0000 -129.0000 -129.0000
/opt/freesurfer/average/711-2B_as_mni_average_305_mask.4dfp.img
       256       256       256         1
  1.000000  1.000000  1.000000
orientation T byte_order littleendian
Reading mask: /opt/freesurfer/average/711-2B_as_mni_average_305_mask.4dfp.img (2306576 pixels)
talsrcimg_g11.4dfp.img
       256       256       256         1
  1.000000  1.000000  1.000000
orientation T byte_order littleendian
Reading image: talsrcimg_g11.4dfp.img
dimensions:      256       256       256
mmppix:       1.0000   -1.0000   -1.0000
center:     128.0000 -129.0000 -129.0000
rotation matrix determinant  1.000000
image alignment mode   4355 decimal     1103 hex
   -7.5000  -45.0000  -45.0000 2079.4688   18.5997
    0.0000  -45.0000  -45.0000 2088.2036   18.5387
    7.5000  -45.0000  -45.0000 2055.5786   18.9011
   -7.5000  -37.5000  -45.0000 2145.7881   17.5545
    0.0000  -37.5000  -45.0000 2154.2183   17.5011
    7.5000  -37.5000  -45.0000 2127.4685   17.7824
   -7.5000  -30.0000  -45.0000 2186.3337   16.9609
    0.0000  -30.0000  -45.0000 2197.6165   16.9017
    7.5000  -30.0000  -45.0000 2181.2202   17.1089
   -7.5000  -22.5000  -45.0000 2204.3044   16.6643
    0.0000  -22.5000  -45.0000 2219.6963   16.6187
    7.5000  -22.5000  -45.0000 2197.8396   16.8092
   -7.5000  -15.0000  -45.0000 2215.9263   16.4809
    0.0000  -15.0000  -45.0000 2230.1172   16.4181
    7.5000  -15.0000  -45.0000 2207.7056   16.6950
   -7.5000   -7.5000  -45.0000 2217.2319   16.5226
    0.0000   -7.5000  -45.0000 2230.0615   16.4180
    7.5000   -7.5000  -45.0000 2206.9316   16.6725
   -7.5000    0.0000  -45.0000 2205.9253   16.7296
    0.0000    0.0000  -45.0000 2217.7927   16.6012
    7.5000    0.0000  -45.0000 2187.7261   16.8684
   -7.5000    7.5000  -45.0000 2178.6768   17.2615
    0.0000    7.5000  -45.0000 2187.1814   17.1573
    7.5000    7.5000  -45.0000 2156.5664   17.4351
   -7.5000   15.0000  -45.0000 2133.4746   18.1389
    0.0000   15.0000  -45.0000 2143.2961   18.0295
    7.5000   15.0000  -45.0000 2113.9958   18.3165
   -7.5000   22.5000  -45.0000 2069.5950   19.4241
    0.0000   22.5000  -45.0000 2076.6775   19.3379
    7.5000   22.5000  -45.0000 2045.9652   19.6558
   -7.5000   30.0000  -45.0000 1981.6027   21.0993
    0.0000   30.0000  -45.0000 1993.5579   21.0098
    7.5000   30.0000  -45.0000 1960.4025   21.4407
   -7.5000   37.5000  -45.0000 1884.0674   23.2780
    0.0000   37.5000  -45.0000 1891.6593   23.1740
    7.5000   37.5000  -45.0000 1858.3997   23.7291
   -7.5000   45.0000  -45.0000 1775.3094   26.2316
    0.0000   45.0000  -45.0000 1778.4778   26.0977
    7.5000   45.0000  -45.0000 1752.1418   26.6986
   -7.5000  -45.0000  -37.5000 2172.7227   17.1735
    0.0000  -45.0000  -37.5000 2183.6985   17.1654
    7.5000  -45.0000  -37.5000 2151.6990   17.4720
   -7.5000  -37.5000  -37.5000 2249.4385   16.1669
    0.0000  -37.5000  -37.5000 2257.8391   16.1883
    7.5000  -37.5000  -37.5000 2227.6650   16.4065
   -7.5000  -30.0000  -37.5000 2289.2893   15.5736
    0.0000  -30.0000  -37.5000 2301.2456   15.5720
    7.5000  -30.0000  -37.5000 2274.9902   15.7271
   -7.5000  -22.5000  -37.5000 2305.5916   15.2581
    0.0000  -22.5000  -37.5000 2320.4690   15.2168
    7.5000  -22.5000  -37.5000 2293.0664   15.3802
   -7.5000  -15.0000  -37.5000 2314.4287   15.0695
    0.0000  -15.0000  -37.5000 2331.2588   15.0366
    7.5000  -15.0000  -37.5000 2296.6685   15.2438
   -7.5000   -7.5000  -37.5000 2318.2034   15.1402
    0.0000   -7.5000  -37.5000 2335.0645   15.0677
    7.5000   -7.5000  -37.5000 2299.7041   15.2622
   -7.5000    0.0000  -37.5000 2308.9214   15.3507
    0.0000    0.0000  -37.5000 2318.2415   15.2715
    7.5000    0.0000  -37.5000 2285.3740   15.4659
   -7.5000    7.5000  -37.5000 2283.7249   15.7976
    0.0000    7.5000  -37.5000 2298.4131   15.7290
    7.5000    7.5000  -37.5000 2262.4832   15.9644
   -7.5000   15.0000  -37.5000 2241.9395   16.5748
    0.0000   15.0000  -37.5000 2251.4463   16.4988
    7.5000   15.0000  -37.5000 2218.4597   16.7766
   -7.5000   22.5000  -37.5000 2169.5652   17.8086
    0.0000   22.5000  -37.5000 2179.0645   17.7361
    7.5000   22.5000  -37.5000 2151.4194   18.0192
   -7.5000   30.0000  -37.5000 2082.7109   19.3785
    0.0000   30.0000  -37.5000 2086.9739   19.2782
    7.5000   30.0000  -37.5000 2057.5049   19.6327
   -7.5000   37.5000  -37.5000 1979.1666   21.4155
    0.0000   37.5000  -37.5000 1979.5876   21.2788
    7.5000   37.5000  -37.5000 1945.7970   21.7298
   -7.5000   45.0000  -37.5000 1862.7344   24.0809
    0.0000   45.0000  -37.5000 1864.7570   23.9594
    7.5000   45.0000  -37.5000 1835.7638   24.4735
   -7.5000  -45.0000  -30.0000 2297.1453   16.5110
    0.0000  -45.0000  -30.0000 2312.2224   16.5498
    7.5000  -45.0000  -30.0000 2276.3599   16.7919
   -7.5000  -37.5000  -30.0000 2381.5022   15.4225
    0.0000  -37.5000  -30.0000 2388.7029   15.4259
    7.5000  -37.5000  -30.0000 2357.7629   15.6579
   -7.5000  -30.0000  -30.0000 2431.7922   14.7881
    0.0000  -30.0000  -30.0000 2439.6047   14.8003
    7.5000  -30.0000  -30.0000 2409.0869   14.9658
   -7.5000  -22.5000  -30.0000 2455.1882   14.4358
    0.0000  -22.5000  -30.0000 2466.3411   14.4488
    7.5000  -22.5000  -30.0000 2433.7908   14.5875
   -7.5000  -15.0000  -30.0000 2470.6946   14.2590
    0.0000  -15.0000  -30.0000 2484.5610   14.2573
    7.5000  -15.0000  -30.0000 2444.4187   14.4458
   -7.5000   -7.5000  -30.0000 2477.6655   14.3548
    0.0000   -7.5000  -30.0000 2488.7881   14.2929
    7.5000   -7.5000  -30.0000 2454.8357   14.4570
   -7.5000    0.0000  -30.0000 2461.4180   14.5752
    0.0000    0.0000  -30.0000 2471.5500   14.5275
    7.5000    0.0000  -30.0000 2436.9092   14.6962
   -7.5000    7.5000  -30.0000 2441.3662   15.0605
    0.0000    7.5000  -30.0000 2452.8406   14.9813
    7.5000    7.5000  -30.0000 2408.1858   15.1825
   -7.5000   15.0000  -30.0000 2390.1853   15.8219
    0.0000   15.0000  -30.0000 2400.7676   15.7678
    7.5000   15.0000  -30.0000 2355.6008   16.0135
   -7.5000   22.5000  -30.0000 2316.2180   16.9661
    0.0000   22.5000  -30.0000 2322.1829   16.9168
    7.5000   22.5000  -30.0000 2286.7637   17.1793
   -7.5000   30.0000  -30.0000 2217.6499   18.4400
    0.0000   30.0000  -30.0000 2219.7422   18.3955
    7.5000   30.0000  -30.0000 2188.4556   18.6739
   -7.5000   37.5000  -30.0000 2102.4792   20.3379
    0.0000   37.5000  -30.0000 2103.6912   20.2889
    7.5000   37.5000  -30.0000 2069.1431   20.6358
   -7.5000   45.0000  -30.0000 1978.8290   22.8098
    0.0000   45.0000  -30.0000 1980.2145   22.7492
    7.5000   45.0000  -30.0000 1944.4088   23.1716
   -7.5000  -45.0000  -22.5000 2401.1809   15.7498
    0.0000  -45.0000  -22.5000 2410.3909   15.7904
    7.5000  -45.0000  -22.5000 2368.7466   16.0057
   -7.5000  -37.5000  -22.5000 2491.7129   14.6484
    0.0000  -37.5000  -22.5000 2496.1011   14.6696
    7.5000  -37.5000  -22.5000 2461.7603   14.8560
   -7.5000  -30.0000  -22.5000 2550.9180   13.9674
    0.0000  -30.0000  -22.5000 2556.8691   13.9873
    7.5000  -30.0000  -22.5000 2524.0688   14.1431
   -7.5000  -22.5000  -22.5000 2582.7708   13.5869
    0.0000  -22.5000  -22.5000 2590.2073   13.5964
    7.5000  -22.5000  -22.5000 2552.2615   13.7620
   -7.5000  -15.0000  -22.5000 2607.2966   13.4137
    0.0000  -15.0000  -22.5000 2615.0110   13.4136
    7.5000  -15.0000  -22.5000 2570.5127   13.6020
   -7.5000   -7.5000  -22.5000 2622.3621   13.4691
    0.0000   -7.5000  -22.5000 2630.3660   13.4249
    7.5000   -7.5000  -22.5000 2586.1311   13.5751
   -7.5000    0.0000  -22.5000 2604.7583   13.7421
    0.0000    0.0000  -22.5000 2614.9961   13.7096
    7.5000    0.0000  -22.5000 2571.8828   13.8593
   -7.5000    7.5000  -22.5000 2573.5220   14.2286
    0.0000    7.5000  -22.5000 2583.9038   14.1821
    7.5000    7.5000  -22.5000 2534.1147   14.3854
   -7.5000   15.0000  -22.5000 2519.7322   14.9736
    0.0000   15.0000  -22.5000 2529.2043   14.9510
    7.5000   15.0000  -22.5000 2477.4717   15.1645
   -7.5000   22.5000  -22.5000 2440.3738   16.0160
    0.0000   22.5000  -22.5000 2443.6357   16.0110
    7.5000   22.5000  -22.5000 2399.8184   16.2747
   -7.5000   30.0000  -22.5000 2330.0681   17.4042
    0.0000   30.0000  -22.5000 2339.9849   17.3897
    7.5000   30.0000  -22.5000 2294.9580   17.6799
   -7.5000   37.5000  -22.5000 2208.4731   19.2048
    0.0000   37.5000  -22.5000 2214.2312   19.1900
    7.5000   37.5000  -22.5000 2169.8892   19.5380
   -7.5000   45.0000  -22.5000 2070.4219   21.5179
    0.0000   45.0000  -22.5000 2071.4041   21.5028
    7.5000   45.0000  -22.5000 2031.6614   21.9044
   -7.5000  -45.0000  -15.0000 2459.6592   15.0126
    0.0000  -45.0000  -15.0000 2469.2390   15.0374
    7.5000  -45.0000  -15.0000 2433.8162   15.2624
   -7.5000  -37.5000  -15.0000 2560.9395   13.9059
    0.0000  -37.5000  -15.0000 2567.1321   13.9249
    7.5000  -37.5000  -15.0000 2535.4707   14.1272
   -7.5000  -30.0000  -15.0000 2631.4041   13.1917
    0.0000  -30.0000  -15.0000 2643.8459   13.1985
    7.5000  -30.0000  -15.0000 2601.1162   13.3630
   -7.5000  -22.5000  -15.0000 2674.4216   12.7951
    0.0000  -22.5000  -15.0000 2683.4421   12.7892
    7.5000  -22.5000  -15.0000 2645.7366   12.9695
   -7.5000  -15.0000  -15.0000 2710.0459   12.6114
    0.0000  -15.0000  -15.0000 2717.1821   12.5985
    7.5000  -15.0000  -15.0000 2664.9585   12.7893
   -7.5000   -7.5000  -15.0000 2727.0181   12.6425
    0.0000   -7.5000  -15.0000 2735.7739   12.6148
    7.5000   -7.5000  -15.0000 2683.2112   12.7608
   -7.5000    0.0000  -15.0000 2713.9043   12.9327
    0.0000    0.0000  -15.0000 2726.3611   12.9074
    7.5000    0.0000  -15.0000 2675.9739   13.0398
   -7.5000    7.5000  -15.0000 2683.2520   13.4250
    0.0000    7.5000  -15.0000 2695.3228   13.4003
    7.5000    7.5000  -15.0000 2641.7395   13.5938
   -7.5000   15.0000  -15.0000 2629.1365   14.1567
    0.0000   15.0000  -15.0000 2634.8171   14.1281
    7.5000   15.0000  -15.0000 2579.0090   14.4063
   -7.5000   22.5000  -15.0000 2535.5273   15.1453
    0.0000   22.5000  -15.0000 2537.1985   15.1401
    7.5000   22.5000  -15.0000 2491.4719   15.4288
   -7.5000   30.0000  -15.0000 2415.4578   16.4668
    0.0000   30.0000  -15.0000 2421.0593   16.4690
    7.5000   30.0000  -15.0000 2377.8901   16.7838
   -7.5000   37.5000  -15.0000 2280.3569   18.2011
    0.0000   37.5000  -15.0000 2286.1133   18.2080
    7.5000   37.5000  -15.0000 2245.6467   18.5414
   -7.5000   45.0000  -15.0000 2136.2852   20.4251
    0.0000   45.0000  -15.0000 2132.5271   20.4226
    7.5000   45.0000  -15.0000 2093.2393   20.7842
   -7.5000  -45.0000   -7.5000 2500.9038   14.3797
    0.0000  -45.0000   -7.5000 2513.7349   14.4103
    7.5000  -45.0000   -7.5000 2480.9846   14.6728
   -7.5000  -37.5000   -7.5000 2605.4419   13.2611
    0.0000  -37.5000   -7.5000 2619.7837   13.2952
    7.5000  -37.5000   -7.5000 2589.7783   13.5299
   -7.5000  -30.0000   -7.5000 2691.3120   12.5109
    0.0000  -30.0000   -7.5000 2705.2495   12.5082
    7.5000  -30.0000   -7.5000 2664.1082   12.7274
   -7.5000  -22.5000   -7.5000 2752.4304   12.0966
    0.0000  -22.5000   -7.5000 2771.3069   12.0701
    7.5000  -22.5000   -7.5000 2722.0183   12.2811
   -7.5000  -15.0000   -7.5000 2795.7246   11.9045
    0.0000  -15.0000   -7.5000 2807.1709   11.8850
    7.5000  -15.0000   -7.5000 2743.9087   12.0875
   -7.5000   -7.5000   -7.5000 2822.2876   11.9304
    0.0000   -7.5000   -7.5000 2833.9106   11.9073
    7.5000   -7.5000   -7.5000 2762.7463   12.0811
   -7.5000    0.0000   -7.5000 2811.7769   12.2124
    0.0000    0.0000   -7.5000 2827.7710   12.1717
    7.5000    0.0000   -7.5000 2766.8044   12.3549
   -7.5000    7.5000   -7.5000 2777.4604   12.6705
    0.0000    7.5000   -7.5000 2787.6699   12.6367
    7.5000    7.5000   -7.5000 2736.5452   12.8747
   -7.5000   15.0000   -7.5000 2710.0105   13.3738
    0.0000   15.0000   -7.5000 2712.4954   13.3536
    7.5000   15.0000   -7.5000 2662.6516   13.6520
   -7.5000   22.5000   -7.5000 2606.8872   14.3625
    0.0000   22.5000   -7.5000 2609.5554   14.3689
    7.5000   22.5000   -7.5000 2563.0981   14.6682
   -7.5000   30.0000   -7.5000 2481.0354   15.7177
    0.0000   30.0000   -7.5000 2482.2734   15.7220
    7.5000   30.0000   -7.5000 2436.1975   16.0354
   -7.5000   37.5000   -7.5000 2338.5920   17.4358
    0.0000   37.5000   -7.5000 2343.8359   17.4307
    7.5000   37.5000   -7.5000 2303.5725   17.7756
   -7.5000   45.0000   -7.5000 2180.6924   19.5618
    0.0000   45.0000   -7.5000 2178.0146   19.5473
    7.5000   45.0000   -7.5000 2142.8494   19.9231
   -7.5000  -45.0000    0.0000 2536.6177   13.9228
    0.0000  -45.0000    0.0000 2546.9771   13.9404
    7.5000  -45.0000    0.0000 2509.1091   14.2462
   -7.5000  -37.5000    0.0000 2637.1360   12.8362
    0.0000  -37.5000    0.0000 2650.0891   12.8172
    7.5000  -37.5000    0.0000 2611.3523   13.1007
   -7.5000  -30.0000    0.0000 2728.7463   12.0723
    0.0000  -30.0000    0.0000 2747.1470   12.0481
    7.5000  -30.0000    0.0000 2698.0120   12.3109
   -7.5000  -22.5000    0.0000 2810.9785   11.6525
    0.0000  -22.5000    0.0000 2830.2102   11.5990
    7.5000  -22.5000    0.0000 2772.4766   11.8567
   -7.5000  -15.0000    0.0000 2865.9260   11.4052
    0.0000  -15.0000    0.0000 2882.7751   11.3602
    7.5000  -15.0000    0.0000 2814.8708   11.6364
   -7.5000   -7.5000    0.0000 2903.0132   11.3897
    0.0000   -7.5000    0.0000 2919.7571   11.3524
    7.5000   -7.5000    0.0000 2836.5100   11.6104
   -7.5000    0.0000    0.0000 2889.3760   11.6769
    0.0000    0.0000    0.0000 2902.1179   11.6274
    7.5000    0.0000    0.0000 2839.1626   11.8894
   -7.5000    7.5000    0.0000 2848.0208   12.1097
    0.0000    7.5000    0.0000 2854.4958   12.0721
    7.5000    7.5000    0.0000 2803.7830   12.4008
   -7.5000   15.0000    0.0000 2762.2095   12.8044
    0.0000   15.0000    0.0000 2766.0193   12.7858
    7.5000   15.0000    0.0000 2718.6465   13.1432
   -7.5000   22.5000    0.0000 2654.4272   13.8861
    0.0000   22.5000    0.0000 2660.1123   13.8658
    7.5000   22.5000    0.0000 2612.9492   14.2189
   -7.5000   30.0000    0.0000 2522.4041   15.2686
    0.0000   30.0000    0.0000 2528.7356   15.2442
    7.5000   30.0000    0.0000 2481.5696   15.6004
   -7.5000   37.5000    0.0000 2378.2544   16.9446
    0.0000   37.5000    0.0000 2384.5659   16.9369
    7.5000   37.5000    0.0000 2339.2639   17.2876
   -7.5000   45.0000    0.0000 2214.2007   18.9682
    0.0000   45.0000    0.0000 2215.7378   18.9943
    7.5000   45.0000    0.0000 2176.3669   19.3577
   -7.5000  -45.0000    7.5000 2555.4551   13.6610
    0.0000  -45.0000    7.5000 2559.2351   13.5940
    7.5000  -45.0000    7.5000 2519.9797   13.9402
   -7.5000  -37.5000    7.5000 2663.0161   12.5584
    0.0000  -37.5000    7.5000 2670.5515   12.5035
    7.5000  -37.5000    7.5000 2621.8560   12.8304
   -7.5000  -30.0000    7.5000 2751.4819   11.8406
    0.0000  -30.0000    7.5000 2764.9675   11.7710
    7.5000  -30.0000    7.5000 2707.5876   12.0861
   -7.5000  -22.5000    7.5000 2835.6978   11.4301
    0.0000  -22.5000    7.5000 2858.5742   11.3627
    7.5000  -22.5000    7.5000 2794.9836   11.6528
   -7.5000  -15.0000    7.5000 2909.6458   11.1830
    0.0000  -15.0000    7.5000 2932.1470   11.1149
    7.5000  -15.0000    7.5000 2854.2043   11.4423
   -7.5000   -7.5000    7.5000 2968.9351   11.0456
    0.0000   -7.5000    7.5000 2989.6116   10.9455
    7.5000   -7.5000    7.5000 2886.7900   11.4124
   -7.5000    0.0000    7.5000 2950.3088   11.2968
    0.0000    0.0000    7.5000 2962.5088   11.2258
    7.5000    0.0000    7.5000 2892.2695   11.7307
   -7.5000    7.5000    7.5000 2889.3772   11.8524
    0.0000    7.5000    7.5000 2896.2122   11.7862
    7.5000    7.5000    7.5000 2842.5671   12.2343
   -7.5000   15.0000    7.5000 2796.0264   12.6154
    0.0000   15.0000    7.5000 2808.2083   12.5542
    7.5000   15.0000    7.5000 2755.6726   12.9273
   -7.5000   22.5000    7.5000 2683.5225   13.6816
    0.0000   22.5000    7.5000 2693.4441   13.6071
    7.5000   22.5000    7.5000 2641.5203   13.9094
   -7.5000   30.0000    7.5000 2550.6130   15.0665
    0.0000   30.0000    7.5000 2554.3037   14.9912
    7.5000   30.0000    7.5000 2509.8323   15.2645
   -7.5000   37.5000    7.5000 2396.7874   16.7218
    0.0000   37.5000    7.5000 2404.3464   16.6832
    7.5000   37.5000    7.5000 2358.5554   16.9779
   -7.5000   45.0000    7.5000 2232.7107   18.7459
    0.0000   45.0000    7.5000 2233.4199   18.6982
    7.5000   45.0000    7.5000 2194.4014   19.0962
   -7.5000  -45.0000   15.0000 2548.8142   13.6357
    0.0000  -45.0000   15.0000 2556.4375   13.5319
    7.5000  -45.0000   15.0000 2510.9500   13.8708
   -7.5000  -37.5000   15.0000 2656.2822   12.5067
    0.0000  -37.5000   15.0000 2662.9202   12.4226
    7.5000  -37.5000   15.0000 2616.4807   12.7913
   -7.5000  -30.0000   15.0000 2753.9202   11.7666
    0.0000  -30.0000   15.0000 2760.7156   11.6790
    7.5000  -30.0000   15.0000 2706.2988   12.0789
   -7.5000  -22.5000   15.0000 2839.1592   11.3701
    0.0000  -22.5000   15.0000 2855.5073   11.2765
    7.5000  -22.5000   15.0000 2802.3027   11.6840
   -7.5000  -15.0000   15.0000 2909.8044   11.1920
    0.0000  -15.0000   15.0000 2935.9001   11.1125
    7.5000  -15.0000   15.0000 2866.9922   11.5069
   -7.5000   -7.5000   15.0000 2974.8291   11.0537
    0.0000   -7.5000   15.0000 2999.6074   10.9679
    7.5000   -7.5000   15.0000 2905.3596   11.5004
   -7.5000    0.0000   15.0000 2966.8799   11.3269
    0.0000    0.0000   15.0000 2987.1919   11.2417
    7.5000    0.0000   15.0000 2906.6353   11.7376
   -7.5000    7.5000   15.0000 2900.1897   11.9414
    0.0000    7.5000   15.0000 2917.2366   11.8383
    7.5000    7.5000   15.0000 2853.8452   12.1862
   -7.5000   15.0000   15.0000 2798.0935   12.6244
    0.0000   15.0000   15.0000 2812.4385   12.5204
    7.5000   15.0000   15.0000 2765.0686   12.8234
   -7.5000   22.5000   15.0000 2679.8167   13.6549
    0.0000   22.5000   15.0000 2688.7339   13.5481
    7.5000   22.5000   15.0000 2643.7876   13.8008
   -7.5000   30.0000   15.0000 2548.0276   15.0114
    0.0000   30.0000   15.0000 2553.8015   14.9287
    7.5000   30.0000   15.0000 2510.6733   15.1603
   -7.5000   37.5000   15.0000 2400.0681   16.6552
    0.0000   37.5000   15.0000 2404.7151   16.6327
    7.5000   37.5000   15.0000 2363.4490   16.8818
   -7.5000   45.0000   15.0000 2226.5786   18.7321
    0.0000   45.0000   15.0000 2228.8013   18.7352
    7.5000   45.0000   15.0000 2190.7402   18.9769
   -7.5000  -45.0000   22.5000 2532.1299   13.8278
    0.0000  -45.0000   22.5000 2543.1074   13.7010
    7.5000  -45.0000   22.5000 2503.9087   14.1176
   -7.5000  -37.5000   22.5000 2644.8870   12.7926
    0.0000  -37.5000   22.5000 2656.6572   12.6829
    7.5000  -37.5000   22.5000 2614.5879   13.0879
   -7.5000  -30.0000   22.5000 2747.2903   12.0986
    0.0000  -30.0000   22.5000 2756.1357   12.0116
    7.5000  -30.0000   22.5000 2705.6194   12.3901
   -7.5000  -22.5000   22.5000 2830.2625   11.7268
    0.0000  -22.5000   22.5000 2841.5127   11.6537
    7.5000  -22.5000   22.5000 2788.2053   12.0048
   -7.5000  -15.0000   22.5000 2893.4053   11.5272
    0.0000  -15.0000   22.5000 2916.2324   11.4782
    7.5000  -15.0000   22.5000 2847.2046   11.8580
   -7.5000   -7.5000   22.5000 2945.4368   11.4039
    0.0000   -7.5000   22.5000 2961.3208   11.4077
    7.5000   -7.5000   22.5000 2881.1431   11.7965
   -7.5000    0.0000   22.5000 2938.9766   11.7023
    0.0000    0.0000   22.5000 2954.9270   11.6670
    7.5000    0.0000   22.5000 2876.9292   11.9442
   -7.5000    7.5000   22.5000 2870.0090   12.2317
    0.0000    7.5000   22.5000 2888.5862   12.1845
    7.5000    7.5000   22.5000 2826.0361   12.4162
   -7.5000   15.0000   22.5000 2770.5242   12.9072
    0.0000   15.0000   22.5000 2784.6475   12.8411
    7.5000   15.0000   22.5000 2738.2520   13.0794
   -7.5000   22.5000   22.5000 2652.0024   13.8824
    0.0000   22.5000   22.5000 2665.0620   13.8125
    7.5000   22.5000   22.5000 2624.0625   14.0394
   -7.5000   30.0000   22.5000 2525.7610   15.1583
    0.0000   30.0000   22.5000 2532.5764   15.0859
    7.5000   30.0000   22.5000 2491.0708   15.3107
   -7.5000   37.5000   22.5000 2378.4146   16.7266
    0.0000   37.5000   22.5000 2384.1165   16.6817
    7.5000   37.5000   22.5000 2344.7104   16.9173
   -7.5000   45.0000   22.5000 2205.5134   18.7401
    0.0000   45.0000   22.5000 2210.3879   18.6854
    7.5000   45.0000   22.5000 2180.5679   18.9633
   -7.5000  -45.0000   30.0000 2516.3152   14.4547
    0.0000  -45.0000   30.0000 2527.0305   14.3892
    7.5000  -45.0000   30.0000 2483.7437   14.7288
   -7.5000  -37.5000   30.0000 2627.1821   13.4198
    0.0000  -37.5000   30.0000 2639.7324   13.3746
    7.5000  -37.5000   30.0000 2590.7854   13.6730
   -7.5000  -30.0000   30.0000 2723.4426   12.7007
    0.0000  -30.0000   30.0000 2731.8901   12.6477
    7.5000  -30.0000   30.0000 2676.1431   12.9613
   -7.5000  -22.5000   30.0000 2804.0381   12.2577
    0.0000  -22.5000   30.0000 2806.3386   12.1860
    7.5000  -22.5000   30.0000 2749.6943   12.5055
   -7.5000  -15.0000   30.0000 2847.0256   11.9572
    0.0000  -15.0000   30.0000 2862.5190   11.8951
    7.5000  -15.0000   30.0000 2799.7004   12.2740
   -7.5000   -7.5000   30.0000 2877.1021   11.8638
    0.0000   -7.5000   30.0000 2885.6260   11.8199
    7.5000   -7.5000   30.0000 2822.0681   12.1842
   -7.5000    0.0000   30.0000 2868.6365   12.1026
    0.0000    0.0000   30.0000 2881.0398   12.0356
    7.5000    0.0000   30.0000 2814.0327   12.3066
   -7.5000    7.5000   30.0000 2809.0630   12.6648
    0.0000    7.5000   30.0000 2822.4028   12.5634
    7.5000    7.5000   30.0000 2766.8682   12.8004
   -7.5000   15.0000   30.0000 2711.0588   13.3851
    0.0000   15.0000   30.0000 2724.3308   13.3015
    7.5000   15.0000   30.0000 2682.4351   13.5157
   -7.5000   22.5000   30.0000 2602.0491   14.3513
    0.0000   22.5000   30.0000 2615.6641   14.3034
    7.5000   22.5000   30.0000 2573.7776   14.5036
   -7.5000   30.0000   30.0000 2479.0127   15.5600
    0.0000   30.0000   30.0000 2491.2053   15.5017
    7.5000   30.0000   30.0000 2450.2805   15.7098
   -7.5000   37.5000   30.0000 2335.3357   17.0382
    0.0000   37.5000   30.0000 2345.0371   16.9640
    7.5000   37.5000   30.0000 2307.7849   17.2119
   -7.5000   45.0000   30.0000 2168.4275   18.9930
    0.0000   45.0000   30.0000 2176.7422   18.8866
    7.5000   45.0000   30.0000 2148.0537   19.1899
   -7.5000  -45.0000   37.5000 2483.3132   15.3179
    0.0000  -45.0000   37.5000 2490.0874   15.2769
    7.5000  -45.0000   37.5000 2443.8831   15.5403
   -7.5000  -37.5000   37.5000 2589.5273   14.2038
    0.0000  -37.5000   37.5000 2598.0220   14.1488
    7.5000  -37.5000   37.5000 2549.9155   14.4121
   -7.5000  -30.0000   37.5000 2679.5645   13.3911
    0.0000  -30.0000   37.5000 2687.1829   13.3246
    7.5000  -30.0000   37.5000 2631.7825   13.6322
   -7.5000  -22.5000   37.5000 2748.7458   12.8447
    0.0000  -22.5000   37.5000 2753.2776   12.7861
    7.5000  -22.5000   37.5000 2696.5227   13.1387
   -7.5000  -15.0000   37.5000 2782.7393   12.5246
    0.0000  -15.0000   37.5000 2793.6521   12.4664
    7.5000  -15.0000   37.5000 2735.4690   12.8445
   -7.5000   -7.5000   37.5000 2795.6638   12.4619
    0.0000   -7.5000   37.5000 2805.3162   12.4021
    7.5000   -7.5000   37.5000 2749.3213   12.7622
   -7.5000    0.0000   37.5000 2777.6216   12.7087
    0.0000    0.0000   37.5000 2790.9204   12.5958
    7.5000    0.0000   37.5000 2729.5693   12.8979
   -7.5000    7.5000   37.5000 2720.1458   13.2766
    0.0000    7.5000   37.5000 2732.8486   13.1342
    7.5000    7.5000   37.5000 2682.9041   13.3599
   -7.5000   15.0000   37.5000 2632.8271   13.9811
    0.0000   15.0000   37.5000 2646.9495   13.8695
    7.5000   15.0000   37.5000 2605.0203   14.1203
   -7.5000   22.5000   37.5000 2536.7502   14.9271
    0.0000   22.5000   37.5000 2550.5615   14.8654
    7.5000   22.5000   37.5000 2507.6541   15.1130
   -7.5000   30.0000   37.5000 2417.5176   16.1455
    0.0000   30.0000   37.5000 2433.1543   16.0950
    7.5000   30.0000   37.5000 2393.1204   16.3212
   -7.5000   37.5000   37.5000 2276.3784   17.6133
    0.0000   37.5000   37.5000 2286.8550   17.5665
    7.5000   37.5000   37.5000 2256.1572   17.8222
   -7.5000   45.0000   37.5000 2124.6538   19.5527
    0.0000   45.0000   37.5000 2126.0964   19.5131
    7.5000   45.0000   37.5000 2098.2600   19.8177
   -7.5000  -45.0000   45.0000 2430.3242   16.2616
    0.0000  -45.0000   45.0000 2438.0879   16.2289
    7.5000  -45.0000   45.0000 2391.1685   16.4844
   -7.5000  -37.5000   45.0000 2531.0435   15.0720
    0.0000  -37.5000   45.0000 2538.0789   15.0112
    7.5000  -37.5000   45.0000 2494.5417   15.2693
   -7.5000  -30.0000   45.0000 2613.9644   14.1966
    0.0000  -30.0000   45.0000 2622.7366   14.1452
    7.5000  -30.0000   45.0000 2569.7278   14.4064
   -7.5000  -22.5000   45.0000 2673.1741   13.6159
    0.0000  -22.5000   45.0000 2677.0310   13.5367
    7.5000  -22.5000   45.0000 2619.7842   13.8534
   -7.5000  -15.0000   45.0000 2700.4209   13.2923
    0.0000  -15.0000   45.0000 2705.6511   13.2411
    7.5000  -15.0000   45.0000 2654.1987   13.5711
   -7.5000   -7.5000   45.0000 2704.6616   13.2256
    0.0000   -7.5000   45.0000 2710.4846   13.1835
    7.5000   -7.5000   45.0000 2666.5950   13.5243
   -7.5000    0.0000   45.0000 2678.1238   13.4677
    0.0000    0.0000   45.0000 2689.8052   13.3669
    7.5000    0.0000   45.0000 2639.8630   13.6669
   -7.5000    7.5000   45.0000 2623.0991   14.0242
    0.0000    7.5000   45.0000 2635.7505   13.9016
    7.5000    7.5000   45.0000 2592.8333   14.1194
   -7.5000   15.0000   45.0000 2544.1802   14.7490
    0.0000   15.0000   45.0000 2561.0520   14.6335
    7.5000   15.0000   45.0000 2520.8726   14.8669
   -7.5000   22.5000   45.0000 2460.5415   15.6600
    0.0000   22.5000   45.0000 2474.0381   15.5872
    7.5000   22.5000   45.0000 2436.3945   15.8459
   -7.5000   30.0000   45.0000 2342.9661   16.8837
    0.0000   30.0000   45.0000 2356.4121   16.8147
    7.5000   30.0000   45.0000 2324.4692   17.0550
   -7.5000   37.5000   45.0000 2208.6440   18.4391
    0.0000   37.5000   45.0000 2217.6665   18.3631
    7.5000   37.5000   45.0000 2192.1763   18.6122
   -7.5000   45.0000   45.0000 2063.0735   20.4381
    0.0000   45.0000   45.0000 2067.2820   20.3737
    7.5000   45.0000   45.0000 2044.4226   20.6229

---------------------------------------------------------------------
imgreg_4dfp /opt/freesurfer/average/711-2C_as_mni_average_305 /opt/freesurfer/average/711-2B_as_mni_average_305_mask talsrcimg_g11 none talsrcimg_to_711-2C_as_mni_average_305_t4 1283
---------------------------------------------------------------------

freesurfer imgreg_4dfp.c
/opt/freesurfer/average/711-2C_as_mni_average_305.4dfp.img
       256       256       256         1
  1.000000  1.000000  1.000000
orientation T byte_order littleendian
Reading image: /opt/freesurfer/average/711-2C_as_mni_average_305.4dfp.img
dimensions:      256       256       256
mmppix:       1.0000   -1.0000   -1.0000
center:     128.0000 -129.0000 -129.0000
/opt/freesurfer/average/711-2B_as_mni_average_305_mask.4dfp.img
       256       256       256         1
  1.000000  1.000000  1.000000
orientation T byte_order littleendian
Reading mask: /opt/freesurfer/average/711-2B_as_mni_average_305_mask.4dfp.img (2306576 pixels)
talsrcimg_g11.4dfp.img
       256       256       256         1
  1.000000  1.000000  1.000000
orientation T byte_order littleendian
Reading image: talsrcimg_g11.4dfp.img
dimensions:      256       256       256
mmppix:       1.0000   -1.0000   -1.0000
center:     128.0000 -129.0000 -129.0000
rotation matrix determinant  1.000000
fimgreg.f
image alignment mode   1283 decimal      503 hex
parameters
    0.0000   -7.5000   15.0000    0.0000    0.0000    0.0000
eta,q 0.94111 11.01903
niter,ni,del,rscale     5    3   12.0000    1.2000
parameter  2 -0.531366 -> -0.500000 qaram    1.1500
parameters
   -2.7379   -4.0500   14.4030    0.2080    2.5949    0.5597
eta,q 0.94416 10.92659
  0.0643  0.0760  0.0614  0.0626  0.0671  0.0618
  0.0605  0.0700  0.0607  0.0600  0.0628  0.0590
  0.0594  0.0643  0.0581  0.0578  0.0596  0.0570
  0.0623  0.0591  0.0571  0.0566  0.0566  0.0561
  0.0688  0.0564  0.0588  0.0574  0.0559  0.0559
  0.0765  0.0572  0.0607  0.0597  0.0566  0.0573
  0.0855  0.0593  0.0644  0.0618  0.0577  0.0603
niter,ni,del,rscale     5    3   12.0000    1.2000
parameters
   -3.0737   -4.4300   14.3189   -0.0548    2.8667    0.8384
eta,q 0.94427 10.91400
  0.0673  0.0658  0.0604  0.0604  0.0620  0.0609
  0.0615  0.0596  0.0589  0.0579  0.0587  0.0587
  0.0573  0.0556  0.0569  0.0563  0.0561  0.0569
  0.0558  0.0559  0.0557  0.0557  0.0557  0.0558
  0.0574  0.0574  0.0567  0.0561  0.0562  0.0557
  0.0630  0.0616  0.0581  0.0582  0.0574  0.0573
  0.0709  0.0678  0.0613  0.0616  0.0611  0.0607
niter,ni,del,rscale     4    3   12.0000    1.2000
parameters
   -3.0948   -4.4473   14.2928   -0.1205    2.9172    0.8977
eta,q 0.94427 10.91218
  0.0686  0.0667  0.0603  0.0606  0.0615  0.0606
  0.0623  0.0604  0.0588  0.0580  0.0584  0.0585
  0.0576  0.0559  0.0569  0.0563  0.0560  0.0567
  0.0557  0.0557  0.0557  0.0557  0.0557  0.0558
  0.0566  0.0571  0.0567  0.0560  0.0561  0.0558
  0.0618  0.0605  0.0579  0.0578  0.0577  0.0576
  0.0695  0.0665  0.0611  0.0612  0.0617  0.0612
niter,ni,del,rscale     3    3   12.0000    1.2000
parameters
   -3.0951   -4.4446   14.2844   -0.1385    2.9267    0.9105
eta,q 0.94426 10.91166
  0.0686  0.0667  0.0603  0.0607  0.0614  0.0606
  0.0623  0.0604  0.0588  0.0581  0.0584  0.0584
  0.0577  0.0560  0.0569  0.0563  0.0560  0.0567
  0.0557  0.0557  0.0557  0.0557  0.0557  0.0557
  0.0566  0.0571  0.0567  0.0560  0.0561  0.0558
  0.0617  0.0604  0.0579  0.0578  0.0577  0.0577
  0.0694  0.0663  0.0610  0.0611  0.0618  0.0613
registration optimization eta report
parameter search radius
    6.0000    6.9000    6.0000    6.0000    6.0000    6.0000
100000*second partial in parameter space
       37.       23.       13.       15.       17.       15.
  0.0686  0.0667  0.0603  0.0607  0.0614  0.0606
  0.0623  0.0604  0.0588  0.0581  0.0584  0.0584
  0.0577  0.0560  0.0569  0.0563  0.0560  0.0567
  0.0557  0.0557  0.0557  0.0557  0.0557  0.0557
  0.0566  0.0571  0.0567  0.0560  0.0561  0.0558
  0.0617  0.0604  0.0579  0.0578  0.0577  0.0577
  0.0694  0.0663  0.0610  0.0611  0.0618  0.0613
   -3.0951   -4.4446   14.2844   -0.1385    2.9267    0.9105
eta,q 0.94426 10.91166

---------------------------------------------------------------------
imgreg_4dfp /opt/freesurfer/average/711-2C_as_mni_average_305 /opt/freesurfer/average/711-2B_as_mni_average_305_mask talsrcimg_g11 none talsrcimg_to_711-2C_as_mni_average_305_t4 3335
---------------------------------------------------------------------

freesurfer imgreg_4dfp.c
/opt/freesurfer/average/711-2C_as_mni_average_305.4dfp.img
       256       256       256         1
  1.000000  1.000000  1.000000
orientation T byte_order littleendian
Reading image: /opt/freesurfer/average/711-2C_as_mni_average_305.4dfp.img
dimensions:      256       256       256
mmppix:       1.0000   -1.0000   -1.0000
center:     128.0000 -129.0000 -129.0000
/opt/freesurfer/average/711-2B_as_mni_average_305_mask.4dfp.img
       256       256       256         1
  1.000000  1.000000  1.000000
orientation T byte_order littleendian
Reading mask: /opt/freesurfer/average/711-2B_as_mni_average_305_mask.4dfp.img (2306576 pixels)
talsrcimg_g11.4dfp.img
       256       256       256         1
  1.000000  1.000000  1.000000
orientation T byte_order littleendian
Reading image: talsrcimg_g11.4dfp.img
dimensions:      256       256       256
mmppix:       1.0000   -1.0000   -1.0000
center:     128.0000 -129.0000 -129.0000
fimgreg.f
image alignment mode   3335 decimal      D07 hex
parameters
   -3.0951   -4.4446   14.2844   -0.1430   -0.0127   -0.1307
   -1.5767   -5.1090    1.5870    0.1605    5.1058   -0.2414
eta,q 0.94747 10.95244
niter,ni,del,rscale     5    3    5.0000    1.2000
parameter  4  3.434202 ->  0.500000 qaram    1.1500
parameter  5  4.938109 ->  0.500000 qaram    1.1500
parameter  6  2.109715 ->  0.500000 qaram    1.1500
parameter 12  0.546689 ->  0.500000 qaram    1.1500
parameters
   -2.9972   -4.8158   13.4629   -4.2830   -4.1527   -4.2707
   -2.2477   -4.4598    2.1043   -3.3289    3.2289   -4.3814
eta,q 0.96860 10.72430
  0.0551  0.0535  0.0528  0.0411  0.0367  0.0318  0.0358  0.0404  0.0354  0.0335  0.0330  0.0318
  0.0537  0.0528  0.0524  0.0442  0.0394  0.0327  0.0343  0.0371  0.0343  0.0323  0.0323  0.0314
  0.0529  0.0525  0.0523  0.0480  0.0423  0.0357  0.0334  0.0346  0.0335  0.0322  0.0320  0.0315
  0.0525  0.0525  0.0524  0.0523  0.0452  0.0402  0.0333  0.0333  0.0332  0.0331  0.0321  0.0320
  0.0527  0.0528  0.0528  0.0569  0.0484  0.0454  0.0338  0.0335  0.0332  0.0350  0.0326  0.0330
  0.0535  0.0534  0.0533  0.0619  0.0519  0.0502  0.0351  0.0354  0.0338  0.0376  0.0336  0.0345
  0.0548  0.0542  0.0541  0.0673  0.0557  0.0543  0.0370  0.0385  0.0349  0.0405  0.0350  0.0363
niter,ni,del,rscale     7    3    5.0000    1.2000
parameter  4  1.044308 ->  0.500000 qaram    1.3225
parameter  5  0.932566 ->  0.500000 qaram    1.3225
parameters
   -3.0808   -5.3361   12.4344   -9.0440   -8.9137   -6.6786
   -1.7276   -4.1034    3.1832   -1.4874    2.8230   -3.4427
eta,q 0.97645 10.51248
  0.0351  0.0329  0.0317  0.0256  0.0236  0.0270  0.0280  0.0305  0.0271  0.0297  0.0249  0.0265
  0.0330  0.0318  0.0309  0.0261  0.0235  0.0254  0.0260  0.0271  0.0256  0.0273  0.0241  0.0251
  0.0317  0.0313  0.0308  0.0278  0.0246  0.0242  0.0246  0.0249  0.0246  0.0253  0.0237  0.0241
  0.0314  0.0314  0.0313  0.0308  0.0265  0.0237  0.0240  0.0240  0.0240  0.0239  0.0236  0.0236
  0.0320  0.0321  0.0324  0.0349  0.0290  0.0261  0.0242  0.0245  0.0240  0.0236  0.0238  0.0236
  0.0334  0.0333  0.0340  0.0399  0.0324  0.0311  0.0253  0.0263  0.0246  0.0243  0.0243  0.0243
  0.0356  0.0351  0.0360  0.0457  0.0363  0.0367  0.0270  0.0293  0.0257  0.0260  0.0252  0.0255
niter,ni,del,rscale     7    3    5.0000    1.2000
parameters
   -2.9008   -4.9870   12.1260  -12.3603  -10.0717   -7.1825
   -1.7995   -3.8972    3.1140   -1.3293    2.0928   -3.2688
eta,q 0.97681 10.32157
  0.0284  0.0274  0.0250  0.0248  0.0269  0.0274  0.0262  0.0287  0.0252  0.0270  0.0240  0.0254
  0.0259  0.0254  0.0240  0.0236  0.0249  0.0257  0.0246  0.0256  0.0242  0.0251  0.0235  0.0243
  0.0243  0.0242  0.0234  0.0231  0.0233  0.0243  0.0236  0.0238  0.0235  0.0238  0.0232  0.0235
  0.0236  0.0235  0.0234  0.0234  0.0231  0.0230  0.0232  0.0232  0.0232  0.0232  0.0232  0.0232
  0.0238  0.0235  0.0239  0.0249  0.0242  0.0227  0.0236  0.0238  0.0234  0.0236  0.0234  0.0234
  0.0250  0.0243  0.0247  0.0281  0.0264  0.0253  0.0247  0.0253  0.0242  0.0248  0.0237  0.0241
  0.0272  0.0257  0.0260  0.0328  0.0293  0.0305  0.0264  0.0280  0.0254  0.0268  0.0243  0.0253
niter,ni,del,rscale     6    3    5.0000    1.2000
parameters
   -2.8171   -4.8296   12.2983  -12.5514  -10.2243   -7.0981
   -1.7748   -3.8298    3.2059   -1.2456    1.8558   -3.2551
eta,q 0.97687 10.30951
  0.0274  0.0264  0.0251  0.0270  0.0277  0.0279  0.0262  0.0285  0.0252  0.0268  0.0241  0.0253
  0.0252  0.0248  0.0241  0.0248  0.0256  0.0260  0.0246  0.0254  0.0242  0.0249  0.0235  0.0242
  0.0237  0.0237  0.0234  0.0236  0.0239  0.0245  0.0235  0.0236  0.0235  0.0237  0.0232  0.0235
  0.0232  0.0232  0.0232  0.0232  0.0232  0.0232  0.0231  0.0231  0.0231  0.0231  0.0231  0.0231
  0.0236  0.0234  0.0233  0.0234  0.0239  0.0225  0.0235  0.0238  0.0233  0.0235  0.0233  0.0233
  0.0248  0.0243  0.0238  0.0248  0.0256  0.0244  0.0245  0.0255  0.0240  0.0248  0.0236  0.0241
  0.0268  0.0257  0.0246  0.0276  0.0282  0.0292  0.0262  0.0281  0.0252  0.0267  0.0242  0.0253
niter,ni,del,rscale     5    3    5.0000    1.2000
parameters
   -2.8100   -4.8164   12.3128  -12.5328  -10.2605   -7.0876
   -1.7659   -3.8066    3.2643   -1.2418    1.8046   -3.2552
eta,q 0.97688 10.30968
  0.0271  0.0260  0.0249  0.0272  0.0278  0.0278  0.0262  0.0284  0.0252  0.0267  0.0241  0.0253
  0.0249  0.0245  0.0239  0.0249  0.0257  0.0259  0.0246  0.0254  0.0242  0.0249  0.0235  0.0242
  0.0236  0.0235  0.0233  0.0236  0.0240  0.0244  0.0235  0.0236  0.0234  0.0236  0.0232  0.0234
  0.0231  0.0231  0.0231  0.0231  0.0231  0.0231  0.0231  0.0231  0.0231  0.0231  0.0231  0.0231
  0.0236  0.0235  0.0233  0.0233  0.0238  0.0225  0.0235  0.0238  0.0233  0.0236  0.0233  0.0233
  0.0249  0.0245  0.0239  0.0246  0.0255  0.0246  0.0246  0.0255  0.0240  0.0248  0.0236  0.0241
  0.0270  0.0260  0.0248  0.0274  0.0281  0.0294  0.0262  0.0282  0.0252  0.0267  0.0241  0.0253
registration optimization eta report
parameter search radius
    2.4000    2.4000    2.4000    9.5220    9.5220    8.2800
    7.2000    7.2000    7.2000    7.2000    7.2000    8.2800
100000*second partial in parameter space
       68.       49.       30.        5.        5.        8.
        6.       10.        4.        7.        2.        3.
  0.0271  0.0260  0.0249  0.0272  0.0278  0.0278  0.0262  0.0284  0.0252  0.0267  0.0241  0.0253
  0.0249  0.0245  0.0239  0.0249  0.0257  0.0259  0.0246  0.0254  0.0242  0.0249  0.0235  0.0242
  0.0236  0.0235  0.0233  0.0236  0.0240  0.0244  0.0235  0.0236  0.0234  0.0236  0.0232  0.0234
  0.0231  0.0231  0.0231  0.0231  0.0231  0.0231  0.0231  0.0231  0.0231  0.0231  0.0231  0.0231
  0.0236  0.0235  0.0233  0.0233  0.0238  0.0225  0.0235  0.0238  0.0233  0.0236  0.0233  0.0233
  0.0249  0.0245  0.0239  0.0246  0.0255  0.0246  0.0246  0.0255  0.0240  0.0248  0.0236  0.0241
  0.0270  0.0260  0.0248  0.0274  0.0281  0.0294  0.0262  0.0282  0.0252  0.0267  0.0241  0.0253
   -2.8100   -4.8164   12.3128  -12.5328  -10.2605   -7.0876
   -1.7659   -3.8066    3.2643   -1.2418    1.8046   -3.2552
eta,q 0.97688 10.30968

---------------------------------------------------------------------
imgreg_4dfp /opt/freesurfer/average/711-2C_as_mni_average_305 /opt/freesurfer/average/711-2B_as_mni_average_305_mask talsrcimg_g11 none talsrcimg_to_711-2C_as_mni_average_305_t4 2311
---------------------------------------------------------------------

freesurfer imgreg_4dfp.c
/opt/freesurfer/average/711-2C_as_mni_average_305.4dfp.img
       256       256       256         1
  1.000000  1.000000  1.000000
orientation T byte_order littleendian
Reading image: /opt/freesurfer/average/711-2C_as_mni_average_305.4dfp.img
dimensions:      256       256       256
mmppix:       1.0000   -1.0000   -1.0000
center:     128.0000 -129.0000 -129.0000
/opt/freesurfer/average/711-2B_as_mni_average_305_mask.4dfp.img
       256       256       256         1
  1.000000  1.000000  1.000000
orientation T byte_order littleendian
Reading mask: /opt/freesurfer/average/711-2B_as_mni_average_305_mask.4dfp.img (2306576 pixels)
talsrcimg_g11.4dfp.img
       256       256       256         1
  1.000000  1.000000  1.000000
orientation T byte_order littleendian
Reading image: talsrcimg_g11.4dfp.img
dimensions:      256       256       256
mmppix:       1.0000   -1.0000   -1.0000
center:     128.0000 -129.0000 -129.0000
fimgreg.f
image alignment mode   2311 decimal      907 hex
parameters
   -2.8100   -4.8164   12.3128  -12.5328  -10.2605   -7.0876
   -1.7659   -3.8066    3.2643   -1.2418    1.8046   -3.2552
eta,q 0.97688 10.30968
niter,ni,del,rscale     5    3    5.0000    0.8000
parameters
   -2.8096   -4.8236   12.3031  -12.0215  -10.0344   -5.4402
   -1.5709   -3.7625    3.5286   -1.3827    1.9403   -3.6323
eta,q 0.97747 10.38233
  0.0249  0.0245  0.0239  0.0242  0.0248  0.0255  0.0241  0.0254  0.0237  0.0245  0.0232  0.0233
  0.0239  0.0237  0.0235  0.0236  0.0240  0.0247  0.0233  0.0237  0.0231  0.0234  0.0228  0.0229
  0.0233  0.0233  0.0232  0.0233  0.0234  0.0239  0.0228  0.0228  0.0227  0.0227  0.0226  0.0226
  0.0231  0.0231  0.0231  0.0231  0.0231  0.0231  0.0225  0.0225  0.0225  0.0225  0.0225  0.0225
  0.0233  0.0233  0.0232  0.0231  0.0233  0.0226  0.0227  0.0229  0.0226  0.0228  0.0226  0.0227
  0.0239  0.0238  0.0235  0.0234  0.0238  0.0227  0.0231  0.0238  0.0229  0.0236  0.0228  0.0230
  0.0249  0.0245  0.0239  0.0238  0.0245  0.0238  0.0239  0.0252  0.0235  0.0247  0.0231  0.0236
niter,ni,del,rscale     4    3    5.0000    0.7000
parameters
   -2.8437   -4.8471   12.3814  -12.1039  -10.3372   -5.4470
   -1.6141   -3.8637    3.5024   -1.3154    1.9179   -3.5886
eta,q 0.97748 10.37224
  0.0239  0.0236  0.0234  0.0232  0.0237  0.0244  0.0236  0.0245  0.0233  0.0242  0.0230  0.0232
  0.0231  0.0230  0.0229  0.0228  0.0230  0.0237  0.0230  0.0233  0.0229  0.0233  0.0227  0.0229
  0.0227  0.0227  0.0226  0.0226  0.0226  0.0230  0.0227  0.0227  0.0226  0.0227  0.0226  0.0226
  0.0225  0.0225  0.0225  0.0225  0.0225  0.0225  0.0225  0.0225  0.0225  0.0225  0.0225  0.0225
  0.0227  0.0227  0.0226  0.0226  0.0228  0.0225  0.0227  0.0228  0.0226  0.0227  0.0226  0.0226
  0.0232  0.0231  0.0228  0.0228  0.0233  0.0233  0.0231  0.0235  0.0229  0.0232  0.0227  0.0228
  0.0240  0.0237  0.0232  0.0233  0.0240  0.0249  0.0237  0.0246  0.0233  0.0241  0.0230  0.0232
niter,ni,del,rscale     3    3    5.0000    0.6000
parameters
   -2.8419   -4.8258   12.3868  -12.0306  -10.3749   -5.2673
   -1.6001   -3.8623    3.5369   -1.3310    1.9326   -3.6425
eta,q 0.97753 10.37825
  0.0236  0.0234  0.0231  0.0231  0.0235  0.0241  0.0233  0.0240  0.0231  0.0237  0.0228  0.0230
  0.0230  0.0229  0.0228  0.0228  0.0230  0.0235  0.0229  0.0231  0.0228  0.0230  0.0226  0.0227
  0.0226  0.0226  0.0226  0.0226  0.0226  0.0229  0.0226  0.0226  0.0226  0.0226  0.0225  0.0225
  0.0225  0.0225  0.0225  0.0225  0.0225  0.0225  0.0225  0.0225  0.0225  0.0225  0.0225  0.0225
  0.0226  0.0226  0.0226  0.0226  0.0227  0.0224  0.0226  0.0227  0.0225  0.0226  0.0225  0.0225
  0.0230  0.0229  0.0228  0.0227  0.0230  0.0230  0.0229  0.0232  0.0227  0.0231  0.0226  0.0227
  0.0236  0.0233  0.0231  0.0230  0.0235  0.0241  0.0233  0.0240  0.0231  0.0237  0.0228  0.0230
niter,ni,del,rscale     2    3    5.0000    0.5000
parameters
   -2.8478   -4.8217   12.3985  -12.0153  -10.4205   -5.0613
   -1.5787   -3.8743    3.5329   -1.3525    1.9606   -3.7159
eta,q 0.97756 10.38130
  0.0232  0.0231  0.0229  0.0229  0.0232  0.0237  0.0231  0.0235  0.0229  0.0233  0.0227  0.0228
  0.0228  0.0227  0.0227  0.0227  0.0228  0.0232  0.0227  0.0229  0.0226  0.0228  0.0225  0.0226
  0.0226  0.0225  0.0225  0.0225  0.0225  0.0228  0.0225  0.0225  0.0225  0.0225  0.0225  0.0225
  0.0225  0.0225  0.0225  0.0225  0.0225  0.0225  0.0224  0.0224  0.0224  0.0224  0.0224  0.0224
  0.0226  0.0225  0.0225  0.0225  0.0226  0.0224  0.0225  0.0226  0.0225  0.0226  0.0225  0.0225
  0.0228  0.0227  0.0227  0.0226  0.0228  0.0228  0.0227  0.0229  0.0226  0.0228  0.0225  0.0226
  0.0232  0.0231  0.0229  0.0229  0.0232  0.0236  0.0230  0.0235  0.0229  0.0233  0.0227  0.0228
niter,ni,del,rscale     1    3    5.0000    0.4000
parameters
   -2.8538   -4.8209   12.4212  -12.0233  -10.4823   -4.8706
   -1.5681   -3.8908    3.5449   -1.3685    2.0125   -3.7612
eta,q 0.97759 10.38248
  0.0229  0.0228  0.0227  0.0227  0.0229  0.0233  0.0228  0.0231  0.0227  0.0230  0.0226  0.0227
  0.0226  0.0226  0.0226  0.0225  0.0226  0.0230  0.0226  0.0227  0.0225  0.0227  0.0225  0.0225
  0.0225  0.0225  0.0225  0.0225  0.0225  0.0227  0.0225  0.0225  0.0224  0.0225  0.0224  0.0224
  0.0224  0.0224  0.0224  0.0224  0.0224  0.0224  0.0224  0.0224  0.0224  0.0224  0.0224  0.0224
  0.0225  0.0225  0.0225  0.0225  0.0225  0.0224  0.0225  0.0225  0.0224  0.0225  0.0224  0.0224
  0.0227  0.0226  0.0226  0.0225  0.0227  0.0227  0.0226  0.0227  0.0225  0.0227  0.0225  0.0225
  0.0229  0.0228  0.0227  0.0227  0.0229  0.0232  0.0228  0.0231  0.0227  0.0230  0.0226  0.0227
registration optimization eta report
parameter search radius
    0.8000    0.8000    0.8000    2.4000    2.4000    2.4000
    2.4000    2.4000    2.4000    2.4000    2.4000    2.4000
100000*second partial in parameter space
       75.       59.       44.        4.        8.       14.
        7.       12.        5.       10.        3.        4.
  0.0229  0.0228  0.0227  0.0227  0.0229  0.0233  0.0228  0.0231  0.0227  0.0230  0.0226  0.0227
  0.0226  0.0226  0.0226  0.0225  0.0226  0.0230  0.0226  0.0227  0.0225  0.0227  0.0225  0.0225
  0.0225  0.0225  0.0225  0.0225  0.0225  0.0227  0.0225  0.0225  0.0224  0.0225  0.0224  0.0224
  0.0224  0.0224  0.0224  0.0224  0.0224  0.0224  0.0224  0.0224  0.0224  0.0224  0.0224  0.0224
  0.0225  0.0225  0.0225  0.0225  0.0225  0.0224  0.0225  0.0225  0.0224  0.0225  0.0224  0.0224
  0.0227  0.0226  0.0226  0.0225  0.0227  0.0227  0.0226  0.0227  0.0225  0.0227  0.0225  0.0225
  0.0229  0.0228  0.0227  0.0227  0.0229  0.0232  0.0228  0.0231  0.0227  0.0230  0.0226  0.0227
   -2.8538   -4.8209   12.4212  -12.0233  -10.4823   -4.8706
   -1.5681   -3.8908    3.5449   -1.3685    2.0125   -3.7612
eta,q 0.97759 10.38248

---------------------------------------------------------------------
imgreg_4dfp /opt/freesurfer/average/711-2C_as_mni_average_305 /opt/freesurfer/average/711-2B_as_mni_average_305_mask talsrcimg_g11 none talsrcimg_to_711-2C_as_mni_average_305_t4 2311
---------------------------------------------------------------------

freesurfer imgreg_4dfp.c
/opt/freesurfer/average/711-2C_as_mni_average_305.4dfp.img
       256       256       256         1
  1.000000  1.000000  1.000000
orientation T byte_order littleendian
Reading image: /opt/freesurfer/average/711-2C_as_mni_average_305.4dfp.img
dimensions:      256       256       256
mmppix:       1.0000   -1.0000   -1.0000
center:     128.0000 -129.0000 -129.0000
/opt/freesurfer/average/711-2B_as_mni_average_305_mask.4dfp.img
       256       256       256         1
  1.000000  1.000000  1.000000
orientation T byte_order littleendian
Reading mask: /opt/freesurfer/average/711-2B_as_mni_average_305_mask.4dfp.img (2306576 pixels)
talsrcimg_g11.4dfp.img
       256       256       256         1
  1.000000  1.000000  1.000000
orientation T byte_order littleendian
Reading image: talsrcimg_g11.4dfp.img
dimensions:      256       256       256
mmppix:       1.0000   -1.0000   -1.0000
center:     128.0000 -129.0000 -129.0000
fimgreg.f
image alignment mode   2311 decimal      907 hex
parameters
   -2.8538   -4.8209   12.4212  -12.0233  -10.4823   -4.8706
   -1.5681   -3.8908    3.5449   -1.3685    2.0125   -3.7612
eta,q 0.97759 10.38248
niter,ni,del,rscale     5    3    5.0000    0.8000
parameters
   -2.8680   -4.8240   12.4795  -12.2646  -10.5263   -5.4811
   -1.6579   -3.8795    3.4238   -1.2539    1.9115   -3.5166
eta,q 0.97746 10.36018
  0.0243  0.0239  0.0237  0.0233  0.0241  0.0244  0.0240  0.0252  0.0235  0.0246  0.0231  0.0235
  0.0232  0.0231  0.0230  0.0228  0.0232  0.0236  0.0232  0.0237  0.0230  0.0236  0.0228  0.0230
  0.0226  0.0226  0.0226  0.0225  0.0226  0.0229  0.0227  0.0228  0.0227  0.0228  0.0226  0.0227
  0.0224  0.0224  0.0224  0.0224  0.0224  0.0224  0.0225  0.0225  0.0225  0.0225  0.0225  0.0225
  0.0226  0.0226  0.0225  0.0225  0.0226  0.0227  0.0227  0.0229  0.0227  0.0227  0.0226  0.0226
  0.0233  0.0231  0.0229  0.0229  0.0232  0.0241  0.0233  0.0237  0.0230  0.0234  0.0228  0.0229
  0.0243  0.0239  0.0235  0.0236  0.0241  0.0266  0.0241  0.0251  0.0236  0.0244  0.0231  0.0233
niter,ni,del,rscale     4    3    5.0000    0.7000
parameters
   -2.8402   -4.8164   12.4043  -12.0736  -10.3844   -5.4704
   -1.6074   -3.8577    3.4924   -1.3010    1.8944   -3.5684
eta,q 0.97748 10.37225
  0.0240  0.0236  0.0232  0.0233  0.0239  0.0244  0.0237  0.0246  0.0233  0.0241  0.0230  0.0232
  0.0232  0.0230  0.0228  0.0229  0.0232  0.0237  0.0231  0.0234  0.0229  0.0232  0.0227  0.0228
  0.0227  0.0227  0.0226  0.0226  0.0227  0.0230  0.0227  0.0227  0.0226  0.0227  0.0226  0.0226
  0.0225  0.0225  0.0225  0.0225  0.0225  0.0225  0.0225  0.0225  0.0225  0.0225  0.0225  0.0225
  0.0227  0.0227  0.0227  0.0226  0.0227  0.0225  0.0226  0.0228  0.0226  0.0227  0.0226  0.0226
  0.0231  0.0230  0.0229  0.0228  0.0231  0.0232  0.0230  0.0234  0.0229  0.0233  0.0227  0.0228
  0.0239  0.0236  0.0234  0.0232  0.0237  0.0248  0.0237  0.0245  0.0233  0.0241  0.0230  0.0232
niter,ni,del,rscale     3    3    5.0000    0.6000
parameters
   -2.8383   -4.8226   12.3828  -12.0369  -10.3734   -5.2710
   -1.5909   -3.8565    3.5276   -1.3287    1.9358   -3.6451
eta,q 0.97752 10.37787
  0.0236  0.0233  0.0231  0.0231  0.0235  0.0241  0.0233  0.0240  0.0231  0.0237  0.0228  0.0230
  0.0230  0.0229  0.0228  0.0228  0.0230  0.0235  0.0229  0.0231  0.0228  0.0230  0.0226  0.0227
  0.0226  0.0226  0.0226  0.0226  0.0226  0.0230  0.0226  0.0226  0.0226  0.0226  0.0225  0.0225
  0.0225  0.0225  0.0225  0.0225  0.0225  0.0225  0.0225  0.0225  0.0225  0.0225  0.0225  0.0225
  0.0226  0.0226  0.0226  0.0226  0.0226  0.0224  0.0226  0.0227  0.0225  0.0226  0.0225  0.0225
  0.0230  0.0229  0.0228  0.0227  0.0230  0.0229  0.0229  0.0232  0.0227  0.0231  0.0226  0.0227
  0.0236  0.0234  0.0231  0.0231  0.0235  0.0241  0.0233  0.0240  0.0231  0.0237  0.0228  0.0230
niter,ni,del,rscale     2    3    5.0000    0.5000
parameters
   -2.8476   -4.8214   12.3941  -12.0157  -10.4240   -5.0596
   -1.5812   -3.8721    3.5406   -1.3506    1.9672   -3.7126
eta,q 0.97756 10.38130
  0.0232  0.0231  0.0229  0.0228  0.0232  0.0237  0.0230  0.0235  0.0229  0.0233  0.0227  0.0228
  0.0228  0.0227  0.0227  0.0226  0.0228  0.0232  0.0227  0.0229  0.0226  0.0228  0.0225  0.0226
  0.0226  0.0225  0.0225  0.0225  0.0225  0.0228  0.0225  0.0225  0.0225  0.0225  0.0225  0.0225
  0.0225  0.0225  0.0225  0.0225  0.0225  0.0225  0.0224  0.0224  0.0224  0.0224  0.0224  0.0224
  0.0226  0.0225  0.0225  0.0225  0.0226  0.0224  0.0225  0.0226  0.0225  0.0226  0.0225  0.0225
  0.0228  0.0227  0.0227  0.0226  0.0228  0.0228  0.0227  0.0229  0.0226  0.0228  0.0225  0.0226
  0.0232  0.0231  0.0229  0.0229  0.0232  0.0236  0.0230  0.0235  0.0229  0.0233  0.0227  0.0228
niter,ni,del,rscale     1    3    5.0000    0.4000
parameters
   -2.8540   -4.8198   12.4223  -12.0178  -10.4850   -4.8714
   -1.5703   -3.8879    3.5436   -1.3663    2.0211   -3.7691
eta,q 0.97759 10.38271
  0.0229  0.0228  0.0227  0.0227  0.0229  0.0233  0.0228  0.0231  0.0227  0.0230  0.0226  0.0226
  0.0227  0.0226  0.0226  0.0226  0.0226  0.0230  0.0226  0.0227  0.0225  0.0227  0.0225  0.0225
  0.0225  0.0225  0.0225  0.0225  0.0225  0.0227  0.0225  0.0225  0.0224  0.0225  0.0224  0.0224
  0.0224  0.0224  0.0224  0.0224  0.0224  0.0224  0.0224  0.0224  0.0224  0.0224  0.0224  0.0224
  0.0225  0.0225  0.0225  0.0225  0.0225  0.0224  0.0225  0.0225  0.0224  0.0225  0.0224  0.0224
  0.0227  0.0226  0.0226  0.0225  0.0227  0.0227  0.0226  0.0227  0.0225  0.0227  0.0225  0.0225
  0.0229  0.0228  0.0227  0.0227  0.0229  0.0232  0.0228  0.0231  0.0227  0.0230  0.0226  0.0227
registration optimization eta report
parameter search radius
    0.8000    0.8000    0.8000    2.4000    2.4000    2.4000
    2.4000    2.4000    2.4000    2.4000    2.4000    2.4000
100000*second partial in parameter space
       75.       59.       43.        4.        8.       14.
        7.       12.        5.       10.        3.        4.
  0.0229  0.0228  0.0227  0.0227  0.0229  0.0233  0.0228  0.0231  0.0227  0.0230  0.0226  0.0226
  0.0227  0.0226  0.0226  0.0226  0.0226  0.0230  0.0226  0.0227  0.0225  0.0227  0.0225  0.0225
  0.0225  0.0225  0.0225  0.0225  0.0225  0.0227  0.0225  0.0225  0.0224  0.0225  0.0224  0.0224
  0.0224  0.0224  0.0224  0.0224  0.0224  0.0224  0.0224  0.0224  0.0224  0.0224  0.0224  0.0224
  0.0225  0.0225  0.0225  0.0225  0.0225  0.0224  0.0225  0.0225  0.0224  0.0225  0.0224  0.0224
  0.0227  0.0226  0.0226  0.0225  0.0227  0.0227  0.0226  0.0227  0.0225  0.0227  0.0225  0.0225
  0.0229  0.0228  0.0227  0.0227  0.0229  0.0232  0.0228  0.0231  0.0227  0.0230  0.0226  0.0227
   -2.8540   -4.8198   12.4223  -12.0178  -10.4850   -4.8714
   -1.5703   -3.8879    3.5436   -1.3663    2.0211   -3.7691
eta,q 0.97759 10.38271

---------------------------------------------------------------------
compute_vox2vox talsrcimg talsrcimg_to_711-2C_as_mni_average_305_t4 /opt/freesurfer/average/711-2C_as_mni_average_305
---------------------------------------------------------------------

freesurfer compute_vox2vox.c
Reading: talsrcimg.4dfp.ifh
Reading: talsrcimg_to_711-2C_as_mni_average_305_t4
Reading: /opt/freesurfer/average/711-2C_as_mni_average_305.4dfp.ifh
Writing: talsrcimg_to_711-2C_as_mni_average_305_t4_vox2vox.txt

start time Mon Mar 9 18:39:43 CET 2026
end		time Mon Mar 9 18:41:09 CET 2026

mpr2mni305 success

avi2talxfm orig_nu.mgz /opt/freesurfer/average/mni305.cor.mgz talsrcimg_to_711-2C_as_mni_average_305_t4_vox2vox.txt transforms/talairach.auto.xfm
avi2talxfm done
mv -f /out/sourcedata/freesurfer/sub-v1s23x0050567_ses-1/mri/talsrcimg_to_711-2C_as_mni_average_305_t4_vox2vox.txt /out/sourcedata/freesurfer/sub-v1s23x0050567_ses-1/mri/transforms/talsrcimg_to_711-2C_as_mni_average_305_t4_vox2vox.txt
lta_convert --src orig_nu.mgz --trg /opt/freesurfer/average/mni305.cor.mgz --inxfm transforms/talairach.auto.xfm --outlta transforms/talairach.auto.xfm.lta --subject fsaverage
7.3.2

--src: orig_nu.mgz src image (geometry).
--trg: /opt/freesurfer/average/mni305.cor.mgz trg image (geometry).
--inmni: transforms/talairach.auto.xfm input MNI/XFM transform.
--outlta: transforms/talairach.auto.xfm.lta output LTA.
--s: fsaverage subject name
 LTA read, type : 1
 1.13464   0.04669   0.02187  -39.83542;
-0.02590   1.05078   0.04379   38.01138;
-0.04531   0.01419   1.11693  -20.52675;
 0.00000   0.00000   0.00000   1.00000;
setting subject to fsaverage
Writing  LTA to file transforms/talairach.auto.xfm.lta...
lta_convert successful.
 
 
Started at Mon Mar 9 18:39:43 CET 2026
Ended   at Mon Mar  9 18:41:10 CET 2026
talairach_avi done
