status file for recon-all
Mon Mar  9 22:51:14 CET 2026
#@# Tessellate rh Mon Mar  9 22:51:14 CET 2026
#@# Smooth1 rh Mon Mar  9 22:51:17 CET 2026
#@# Inflation1 rh Mon Mar  9 22:51:19 CET 2026
#@# QSphere rh Mon Mar  9 22:51:29 CET 2026
#@# Fix Topology rh Mon Mar  9 22:52:21 CET 2026
#@# Smooth2 rh Mon Mar  9 22:58:31 CET 2026
#@# Inflation2 rh Mon Mar  9 22:58:33 CET 2026
#@# Curv .H and .K rh Mon Mar  9 22:58:43 CET 2026
#@# Sphere rh Mon Mar  9 22:59:26 CET 2026
#@# Surf Reg rh Mon Mar  9 23:01:30 CET 2026
#@# Jacobian white rh Mon Mar  9 23:04:20 CET 2026
#@# AvgCurv rh Mon Mar  9 23:04:21 CET 2026
#@# Cortical Parc rh Mon Mar  9 23:04:21 CET 2026
#@# white curv rh Mon Mar  9 23:09:50 CET 2026
#@# white area rh Mon Mar  9 23:09:52 CET 2026
#@# pial curv rh Mon Mar  9 23:09:52 CET 2026
#@# pial area rh Mon Mar  9 23:09:54 CET 2026
#@# thickness rh Mon Mar  9 23:09:54 CET 2026
#@# area and vertex vol rh Mon Mar  9 23:10:21 CET 2026
#@# Curvature Stats rh Mon Mar  9 23:10:22 CET 2026
#@# Cortical Parc 2 rh Mon Mar  9 23:10:25 CET 2026
#@# Cortical Parc 3 rh Mon Mar  9 23:10:36 CET 2026
#@# WM/GM Contrast rh Mon Mar  9 23:10:46 CET 2026
recon-all -s sub-v1s23x0050623_ses-1 finished without error at Mon Mar  9 23:10:48 CET 2026



#New# invocation of recon-all 



status file for recon-all
Mon Mar  9 23:17:16 CET 2026
#@# white curv rh Mon Mar  9 23:17:16 CET 2026
#@# white area rh Mon Mar  9 23:17:16 CET 2026
#@# pial curv rh Mon Mar  9 23:17:16 CET 2026
#@# pial area rh Mon Mar  9 23:17:16 CET 2026
#@# thickness rh Mon Mar  9 23:17:16 CET 2026
#@# area and vertex vol rh Mon Mar  9 23:17:16 CET 2026
#@# Parcellation Stats rh Mon Mar  9 23:17:16 CET 2026
#@# Parcellation Stats 2 rh Mon Mar  9 23:17:32 CET 2026
#@# Parcellation Stats 3 rh Mon Mar  9 23:17:40 CET 2026
#@# BA_exvivo Labels rh Mon Mar  9 23:17:48 CET 2026
recon-all -s sub-v1s23x0050623_ses-1 finished without error at Mon Mar  9 23:19:59 CET 2026
