status file for recon-all
Mon Mar  9 20:20:27 CET 2026
#@# MotionCor Mon Mar  9 20:20:29 CET 2026
#@# Talairach Mon Mar  9 20:20:36 CET 2026
#@# Talairach Failure Detection Mon Mar  9 20:25:00 CET 2026
#@# Nu Intensity Correction Mon Mar  9 20:25:00 CET 2026
#@# Intensity Normalization Mon Mar  9 20:28:15 CET 2026
recon-all -s sub-v1s23x0050607_ses-1 finished without error at Mon Mar  9 20:29:49 CET 2026



#New# invocation of recon-all 



status file for recon-all
Mon Mar  9 20:37:05 CET 2026
#@# EM Registration Mon Mar  9 20:37:05 CET 2026
recon-all -s sub-v1s23x0050607_ses-1 finished without error at Mon Mar  9 20:39:09 CET 2026



#New# invocation of recon-all 



status file for recon-all
Mon Mar  9 20:39:13 CET 2026
#@# CA Normalize Mon Mar  9 20:39:13 CET 2026
#@# CA Reg Mon Mar  9 20:40:32 CET 2026
#@# SubCort Seg Mon Mar  9 21:34:05 CET 2026
#@# CC Seg Mon Mar  9 22:04:57 CET 2026
#@# Merge ASeg Mon Mar  9 22:05:30 CET 2026
#@# Intensity Normalization2 Mon Mar  9 22:05:30 CET 2026
#@# Mask BFS Mon Mar  9 22:07:43 CET 2026
#@# WM Segmentation Mon Mar  9 22:07:43 CET 2026
#@# Fill Mon Mar  9 22:09:47 CET 2026
recon-all -s sub-v1s23x0050607_ses-1 finished without error at Mon Mar  9 22:10:48 CET 2026



#New# invocation of recon-all 



status file for recon-all
Mon Mar  9 23:03:16 CET 2026
#@# white curv lh Mon Mar  9 23:03:16 CET 2026
#@# white area lh Mon Mar  9 23:03:16 CET 2026
#@# pial curv lh Mon Mar  9 23:03:16 CET 2026
#@# pial area lh Mon Mar  9 23:03:16 CET 2026
#@# thickness lh Mon Mar  9 23:03:16 CET 2026
#@# area and vertex vol lh Mon Mar  9 23:03:16 CET 2026
#@# white curv rh Mon Mar  9 23:03:16 CET 2026
#@# white area rh Mon Mar  9 23:03:16 CET 2026
#@# pial curv rh Mon Mar  9 23:03:16 CET 2026
#@# pial area rh Mon Mar  9 23:03:16 CET 2026
#@# thickness rh Mon Mar  9 23:03:16 CET 2026
#@# area and vertex vol rh Mon Mar  9 23:03:16 CET 2026
#@# Cortical ribbon mask Mon Mar  9 23:03:16 CET 2026
recon-all -s sub-v1s23x0050607_ses-1 finished without error at Mon Mar  9 23:08:02 CET 2026



#New# invocation of recon-all 



status file for recon-all
Mon Mar  9 23:15:32 CET 2026
#@# white curv lh Mon Mar  9 23:15:32 CET 2026
#@# white area lh Mon Mar  9 23:15:32 CET 2026
#@# pial curv lh Mon Mar  9 23:15:32 CET 2026
#@# pial area lh Mon Mar  9 23:15:32 CET 2026
#@# thickness lh Mon Mar  9 23:15:32 CET 2026
#@# area and vertex vol lh Mon Mar  9 23:15:32 CET 2026
#@# white curv rh Mon Mar  9 23:15:32 CET 2026
#@# white area rh Mon Mar  9 23:15:32 CET 2026
#@# pial curv rh Mon Mar  9 23:15:32 CET 2026
#@# pial area rh Mon Mar  9 23:15:32 CET 2026
#@# thickness rh Mon Mar  9 23:15:32 CET 2026
#@# area and vertex vol rh Mon Mar  9 23:15:32 CET 2026
#@# Curvature Stats lh Mon Mar  9 23:15:32 CET 2026
#@# Curvature Stats rh Mon Mar  9 23:15:35 CET 2026
#@# Relabel Hypointensities Mon Mar  9 23:15:37 CET 2026
#@# APas-to-ASeg Mon Mar  9 23:15:54 CET 2026
#@# AParc-to-ASeg aparc Mon Mar  9 23:16:03 CET 2026
#@# AParc-to-ASeg aparc.a2009s Mon Mar  9 23:16:46 CET 2026
#@# AParc-to-ASeg aparc.DKTatlas Mon Mar  9 23:17:30 CET 2026
#@# WMParc Mon Mar  9 23:18:06 CET 2026
#@# ASeg Stats Mon Mar  9 23:22:42 CET 2026
recon-all -s sub-v1s23x0050607_ses-1 finished without error at Mon Mar  9 23:23:26 CET 2026
