status file for recon-all
Mon Mar  9 22:10:53 CET 2026
#@# Tessellate lh Mon Mar  9 22:10:53 CET 2026
#@# Smooth1 lh Mon Mar  9 22:10:57 CET 2026
#@# Inflation1 lh Mon Mar  9 22:11:01 CET 2026
#@# QSphere lh Mon Mar  9 22:11:19 CET 2026
#@# Fix Topology lh Mon Mar  9 22:12:43 CET 2026
#@# Smooth2 lh Mon Mar  9 22:19:04 CET 2026
#@# Inflation2 lh Mon Mar  9 22:19:07 CET 2026
#@# Curv .H and .K lh Mon Mar  9 22:19:21 CET 2026
#@# Sphere lh Mon Mar  9 22:20:12 CET 2026
#@# Surf Reg lh Mon Mar  9 22:24:25 CET 2026
#@# Jacobian white lh Mon Mar  9 22:28:44 CET 2026
#@# AvgCurv lh Mon Mar  9 22:28:45 CET 2026
#@# Cortical Parc lh Mon Mar  9 22:28:46 CET 2026
#@# white curv lh Mon Mar  9 22:36:03 CET 2026
#@# white area lh Mon Mar  9 22:36:05 CET 2026
#@# pial curv lh Mon Mar  9 22:36:06 CET 2026
#@# pial area lh Mon Mar  9 22:36:08 CET 2026
#@# thickness lh Mon Mar  9 22:36:09 CET 2026
#@# area and vertex vol lh Mon Mar  9 22:36:41 CET 2026
#@# Curvature Stats lh Mon Mar  9 22:36:43 CET 2026
#@# Cortical Parc 2 lh Mon Mar  9 22:36:46 CET 2026
#@# Cortical Parc 3 lh Mon Mar  9 22:37:00 CET 2026
#@# WM/GM Contrast lh Mon Mar  9 22:37:10 CET 2026
recon-all -s sub-v1s23x0050607_ses-1 finished without error at Mon Mar  9 22:37:14 CET 2026



#New# invocation of recon-all 



status file for recon-all
Mon Mar  9 23:08:07 CET 2026
#@# white curv lh Mon Mar  9 23:08:07 CET 2026
#@# white area lh Mon Mar  9 23:08:07 CET 2026
#@# pial curv lh Mon Mar  9 23:08:07 CET 2026
#@# pial area lh Mon Mar  9 23:08:07 CET 2026
#@# thickness lh Mon Mar  9 23:08:07 CET 2026
#@# area and vertex vol lh Mon Mar  9 23:08:07 CET 2026
#@# Parcellation Stats lh Mon Mar  9 23:08:07 CET 2026
#@# Parcellation Stats 2 lh Mon Mar  9 23:08:29 CET 2026
#@# Parcellation Stats 3 lh Mon Mar  9 23:08:40 CET 2026
#@# BA_exvivo Labels lh Mon Mar  9 23:08:51 CET 2026
recon-all -s sub-v1s23x0050607_ses-1 finished without error at Mon Mar  9 23:11:43 CET 2026
