/out/sourcedata/freesurfer/sub-v1s23x0050576_ses-1/mri
/opt/freesurfer/bin/talairach_avi
--i orig_nu.mgz --xfm transforms/talairach.auto.xfm
talairach_avi 7.3.2
Linux dna065 5.14.0-427.37.1.el9_4.x86_64 #1 SMP PREEMPT_DYNAMIC Fri Sep 13 12:41:50 EDT 2024 x86_64 x86_64 x86_64 GNU/Linux
Mon Mar  9 19:29:05 CET 2026
mri_convert orig_nu.mgz talsrcimg.img 
reading from orig_nu.mgz...
TR=0.00, TE=0.00, TI=0.00, flip angle=0.00
i_ras = (-1, 0, 0)
j_ras = (0, 0, -1)
k_ras = (0, 1, 0)
writing to talsrcimg.img...
Analyze Output Matrix
-1.00000   0.00000   0.00000   170.83083;
 0.00000   0.00000   1.00000  -178.59557;
 0.00000  -1.00000   0.00000   143.74834;
 0.00000   0.00000   0.00000   1.00000;
--------------------
INFO: set hdr.hist.orient to -1
mpr2mni305 talsrcimg
Mon Mar  9 19:29:05 CET 2026
/opt/freesurfer/bin/mpr2mni305 talsrcimg
mpr2mni305 7.3.2
target=711-2C_as_mni_average_305

---------------------------------------------------------------------
analyzeto4dfp talsrcimg -O0 -y
---------------------------------------------------------------------

freesurfer ifh2hdr.c
Mon Mar  9 19:29:05 2026
Writing: talsrcimg.4dfp.hdr
freesurfer analyzeto4dfp.c
Reading: talsrcimg.hdr
header size 348 bytes
hdr.dime.datatype	offset=70	value=2
hdr.dime.bitpix		offset=72	value=8
hdr.hist.orient		offset=252	value=-1
dimensionality     4
dimensions       256       256       256         1
Reading: talsrcimg.img
Writing: talsrcimg.4dfp.img
Writing: talsrcimg.4dfp.ifh
ifh2hdr talsrcimg -r0to229
ori=2

---------------------------------------------------------------------
gauss_4dfp talsrcimg 1.1
---------------------------------------------------------------------

freesurfer gauss_4dfp.c
Reading: talsrcimg.4dfp.img
Writing: talsrcimg_g11.4dfp.img
image dimensions 256 256 256 padded to 288 288 288
processing volume 1freesurfer ifh2hdr.c
Mon Mar  9 19:29:06 2026
Writing: talsrcimg_g11.4dfp.hdr

Writing: talsrcimg_g11.4dfp.ifh
including: talsrcimg.4dfp.img.rec in talsrcimg_g11.4dfp.img.rec

---------------------------------------------------------------------
imgreg_4dfp /opt/freesurfer/average/711-2C_as_mni_average_305 none talsrcimg_g11 none talsrcimg_to_711-2C_as_mni_average_305_t4 4355
---------------------------------------------------------------------

freesurfer imgreg_4dfp.c
/opt/freesurfer/average/711-2C_as_mni_average_305.4dfp.img
       256       256       256         1
  1.000000  1.000000  1.000000
orientation T byte_order littleendian
Reading image: /opt/freesurfer/average/711-2C_as_mni_average_305.4dfp.img
dimensions:      256       256       256
mmppix:       1.0000   -1.0000   -1.0000
center:     128.0000 -129.0000 -129.0000
talsrcimg_g11.4dfp.img
       256       256       256         1
  1.000000  1.000000  1.000000
orientation T byte_order littleendian
Reading image: talsrcimg_g11.4dfp.img
dimensions:      256       256       256
mmppix:       1.0000   -1.0000   -1.0000
center:     128.0000 -129.0000 -129.0000
t4_read: open error in t4_sub.f l:  41 t4_file(1:l)talsrcimg_to_711-2C_as_mni_average_305_t4 
t4_read: transform initialized to I4
rotation matrix determinant  1.000000
image alignment mode   4355 decimal     1103 hex
   -7.5000  -45.0000  -45.0000 6584.6123   25.2533
    0.0000  -45.0000  -45.0000 6835.0381   25.2479
    7.5000  -45.0000  -45.0000 6519.1265   25.1526
   -7.5000  -37.5000  -45.0000 7041.3809   25.2396
    0.0000  -37.5000  -45.0000 7317.9150   25.2458
    7.5000  -37.5000  -45.0000 6978.1880   25.1493
   -7.5000  -30.0000  -45.0000 7703.7129   25.2712
    0.0000  -30.0000  -45.0000 8028.9561   25.2850
    7.5000  -30.0000  -45.0000 7633.6724   25.1989
   -7.5000  -22.5000  -45.0000 8272.5000   25.3258
    0.0000  -22.5000  -45.0000 8616.6885   25.3350
    7.5000  -22.5000  -45.0000 8200.3750   25.2600
   -7.5000  -15.0000  -45.0000 8768.7188   25.3469
    0.0000  -15.0000  -45.0000 9121.6768   25.3450
    7.5000  -15.0000  -45.0000 8689.8457   25.2741
   -7.5000   -7.5000  -45.0000 9254.3809   25.3059
    0.0000   -7.5000  -45.0000 9612.5156   25.2969
    7.5000   -7.5000  -45.0000 9169.2598   25.2158
   -7.5000    0.0000  -45.0000 9633.0508   25.2533
    0.0000    0.0000  -45.000010003.0557   25.2479
    7.5000    0.0000  -45.0000 9532.5312   25.1526
   -7.5000    7.5000  -45.0000 9371.0938   25.2396
    0.0000    7.5000  -45.0000 9746.4150   25.2458
    7.5000    7.5000  -45.0000 9304.2061   25.1493
   -7.5000   15.0000  -45.0000 9099.8027   25.2712
    0.0000   15.0000  -45.0000 9453.7227   25.2850
    7.5000   15.0000  -45.0000 9038.7803   25.1989
   -7.5000   22.5000  -45.0000 8698.8594   25.3224
    0.0000   22.5000  -45.0000 9019.8232   25.3315
    7.5000   22.5000  -45.0000 8585.5303   25.2566
   -7.5000   30.0000  -45.0000 7856.6597   25.0091
    0.0000   30.0000  -45.0000 8140.6445   25.0073
    7.5000   30.0000  -45.0000 7730.3687   24.9372
   -7.5000   37.5000  -45.0000 7369.8989   24.9686
    0.0000   37.5000  -45.0000 7649.5962   24.9598
    7.5000   37.5000  -45.0000 7241.7749   24.8798
   -7.5000   45.0000  -45.0000 6652.0396   24.2840
    0.0000   45.0000  -45.0000 6901.7700   24.2789
    7.5000   45.0000  -45.0000 6531.1255   24.1872
   -7.5000  -45.0000  -37.5000 7104.0654   24.8927
    0.0000  -45.0000  -37.5000 7392.2622   24.9168
    7.5000  -45.0000  -37.5000 7073.6577   24.8421
   -7.5000  -37.5000  -37.5000 7654.1729   24.8975
    0.0000  -37.5000  -37.5000 7962.6104   24.9342
    7.5000  -37.5000  -37.5000 7590.6099   24.8540
   -7.5000  -30.0000  -37.5000 8377.6230   24.9280
    0.0000  -30.0000  -37.5000 8726.0752   24.9677
    7.5000  -30.0000  -37.5000 8283.2881   24.8961
   -7.5000  -22.5000  -37.5000 8947.9326   24.9610
    0.0000  -22.5000  -37.5000 9275.4883   24.9890
    7.5000  -22.5000  -37.5000 8834.0068   24.9317
   -7.5000  -15.0000  -37.5000 9421.5137   24.9614
    0.0000  -15.0000  -37.5000 9750.2197   24.9754
    7.5000  -15.0000  -37.5000 9312.2812   24.9262
   -7.5000   -7.5000  -37.5000 9860.3545   24.9236
    0.0000   -7.5000  -37.500010210.0586   24.9367
    7.5000   -7.5000  -37.5000 9788.4102   24.8784
   -7.5000    0.0000  -37.500010260.2959   24.8927
    0.0000    0.0000  -37.500010664.3838   24.9168
    7.5000    0.0000  -37.500010190.8809   24.8421
   -7.5000    7.5000  -37.500010018.8691   24.8975
    0.0000    7.5000  -37.500010405.8691   24.9342
    7.5000    7.5000  -37.5000 9975.4346   24.8540
   -7.5000   15.0000  -37.5000 9752.7158   24.9280
    0.0000   15.0000  -37.500010115.1250   24.9677
    7.5000   15.0000  -37.5000 9714.7783   24.8961
   -7.5000   22.5000  -37.5000 9257.0283   24.9576
    0.0000   22.5000  -37.5000 9532.5938   24.9855
    7.5000   22.5000  -37.5000 9140.4873   24.9282
   -7.5000   30.0000  -37.5000 8320.2754   24.6288
    0.0000   30.0000  -37.5000 8563.3359   24.6426
    7.5000   30.0000  -37.5000 8172.8638   24.5940
   -7.5000   37.5000  -37.5000 7750.6089   24.5914
    0.0000   37.5000  -37.5000 8041.1162   24.6044
    7.5000   37.5000  -37.5000 7635.0454   24.5469
   -7.5000   45.0000  -37.5000 6983.7837   23.9373
    0.0000   45.0000  -37.5000 7231.6021   23.9605
    7.5000   45.0000  -37.5000 6886.0674   23.8886
   -7.5000  -45.0000  -30.0000 7809.0312   25.8005
    0.0000  -45.0000  -30.0000 8152.8804   25.8609
    7.5000  -45.0000  -30.0000 7768.1992   25.8121
   -7.5000  -37.5000  -30.0000 8396.4590   25.8071
    0.0000  -37.5000  -30.0000 8757.5557   25.8770
    7.5000  -37.5000  -30.0000 8328.8965   25.8265
   -7.5000  -30.0000  -30.0000 9160.4824   25.8514
    0.0000  -30.0000  -30.0000 9556.6016   25.9183
    7.5000  -30.0000  -30.0000 9078.9023   25.8775
   -7.5000  -22.5000  -30.0000 9788.7539   25.8957
    0.0000  -22.5000  -30.000010182.1768   25.9478
    7.5000  -22.5000  -30.0000 9690.7988   25.9189
   -7.5000  -15.0000  -30.000010302.1475   25.8955
    0.0000  -15.0000  -30.000010729.2061   25.9353
    7.5000  -15.0000  -30.000010215.9727   25.9105
   -7.5000   -7.5000  -30.000010736.6250   25.8446
    0.0000   -7.5000  -30.000011167.7695   25.8898
    7.5000   -7.5000  -30.000010668.5537   25.8545
   -7.5000    0.0000  -30.000011143.9668   25.8005
    0.0000    0.0000  -30.000011607.3457   25.8609
    7.5000    0.0000  -30.000011046.2412   25.8120
   -7.5000    7.5000  -30.000010869.4707   25.8071
    0.0000    7.5000  -30.000011270.0527   25.8770
    7.5000    7.5000  -30.000010796.4443   25.8265
   -7.5000   15.0000  -30.000010597.5811   25.8514
    0.0000   15.0000  -30.000010968.9678   25.9183
    7.5000   15.0000  -30.000010537.4902   25.8775
   -7.5000   22.5000  -30.0000 9978.7676   25.8895
    0.0000   22.5000  -30.000010296.0273   25.9415
    7.5000   22.5000  -30.0000 9850.9434   25.9127
   -7.5000   30.0000  -30.0000 8957.0098   25.5528
    0.0000   30.0000  -30.0000 9223.1318   25.5921
    7.5000   30.0000  -30.0000 8819.0723   25.5677
   -7.5000   37.5000  -30.0000 8353.5537   25.5026
    0.0000   37.5000  -30.0000 8636.3057   25.5472
    7.5000   37.5000  -30.0000 8243.2266   25.5124
   -7.5000   45.0000  -30.0000 7445.5537   24.8285
    0.0000   45.0000  -30.0000 7701.2749   24.8866
    7.5000   45.0000  -30.0000 7366.9771   24.8396
   -7.5000  -45.0000  -22.5000 8514.3252   26.5901
    0.0000  -45.0000  -22.5000 8834.7275   26.6574
    7.5000  -45.0000  -22.5000 8445.6680   26.6193
   -7.5000  -37.5000  -22.5000 9131.1455   26.5795
    0.0000  -37.5000  -22.5000 9494.9727   26.6497
    7.5000  -37.5000  -22.5000 9050.1172   26.6181
   -7.5000  -30.0000  -22.5000 9941.9375   26.6388
    0.0000  -30.0000  -22.500010331.9590   26.7029
    7.5000  -30.0000  -22.5000 9854.1270   26.6824
   -7.5000  -22.5000  -22.500010604.2373   26.7168
    0.0000  -22.5000  -22.500011042.1152   26.7710
    7.5000  -22.5000  -22.500010524.6064   26.7558
   -7.5000  -15.0000  -22.500011193.7256   26.7380
    0.0000  -15.0000  -22.500011672.3525   26.7866
    7.5000  -15.0000  -22.500011089.4238   26.7671
   -7.5000   -7.5000  -22.500011686.1143   26.6706
    0.0000   -7.5000  -22.500012172.8887   26.7264
    7.5000   -7.5000  -22.500011588.0938   26.6949
   -7.5000    0.0000  -22.500012088.4844   26.5901
    0.0000    0.0000  -22.500012579.0957   26.6574
    7.5000    0.0000  -22.500012001.9453   26.6193
   -7.5000    7.5000  -22.500011763.9951   26.5795
    0.0000    7.5000  -22.500012203.0107   26.6497
    7.5000    7.5000  -22.500011663.8623   26.6181
   -7.5000   15.0000  -22.500011455.7539   26.6388
    0.0000   15.0000  -22.500011851.5918   26.7029
    7.5000   15.0000  -22.500011334.2930   26.6824
   -7.5000   22.5000  -22.500010738.1279   26.7086
    0.0000   22.5000  -22.500011085.3359   26.7628
    7.5000   22.5000  -22.500010567.4180   26.7475
   -7.5000   30.0000  -22.5000 9637.3760   26.3883
    0.0000   30.0000  -22.5000 9921.5840   26.4362
    7.5000   30.0000  -22.5000 9476.2461   26.4170
   -7.5000   37.5000  -22.5000 8945.2979   26.3217
    0.0000   37.5000  -22.5000 9237.4639   26.3768
    7.5000   37.5000  -22.5000 8826.3525   26.3457
   -7.5000   45.0000  -22.5000 7955.0010   25.6076
    0.0000   45.0000  -22.5000 8230.1260   25.6724
    7.5000   45.0000  -22.5000 7883.4165   25.6357
   -7.5000  -45.0000  -15.0000 9244.7100   27.2217
    0.0000  -45.0000  -15.0000 9584.3379   27.2623
    7.5000  -45.0000  -15.0000 9148.8145   27.2086
   -7.5000  -37.5000  -15.0000 9880.9141   27.1952
    0.0000  -37.5000  -15.000010274.1006   27.2351
    7.5000  -37.5000  -15.0000 9767.1270   27.1920
   -7.5000  -30.0000  -15.000010749.7920   27.2598
    0.0000  -30.0000  -15.000011178.1719   27.2962
    7.5000  -30.0000  -15.000010633.8193   27.2648
   -7.5000  -22.5000  -15.000011466.9736   27.3614
    0.0000  -22.5000  -15.000011956.9424   27.3957
    7.5000  -22.5000  -15.000011350.5195   27.3660
   -7.5000  -15.0000  -15.000012108.4922   27.4021
    0.0000  -15.0000  -15.000012644.3867   27.4361
    7.5000  -15.0000  -15.000011972.2207   27.3979
   -7.5000   -7.5000  -15.000012677.6660   27.3268
    0.0000   -7.5000  -15.000013208.9102   27.3638
    7.5000   -7.5000  -15.000012539.5850   27.3134
   -7.5000    0.0000  -15.000013139.5400   27.2217
    0.0000    0.0000  -15.000013658.2744   27.2623
    7.5000    0.0000  -15.000012989.7363   27.2086
   -7.5000    7.5000  -15.000012723.6650   27.1952
    0.0000    7.5000  -15.000013230.1406   27.2351
    7.5000    7.5000  -15.000012559.5723   27.1920
   -7.5000   15.0000  -15.000012355.8291   27.2598
    0.0000   15.0000  -15.000012798.7949   27.2962
    7.5000   15.0000  -15.000012150.1982   27.2648
   -7.5000   22.5000  -15.000011513.8438   27.3518
    0.0000   22.5000  -15.000011862.9189   27.3860
    7.5000   22.5000  -15.000011270.5488   27.3563
   -7.5000   30.0000  -15.000010339.9180   27.0474
    0.0000   30.0000  -15.000010635.3652   27.0811
    7.5000   30.0000  -15.000010126.7324   27.0433
   -7.5000   37.5000  -15.0000 9562.6201   26.9731
    0.0000   37.5000  -15.0000 9862.7793   27.0097
    7.5000   37.5000  -15.0000 9418.8906   26.9599
   -7.5000   45.0000  -15.0000 8452.0254   26.2317
    0.0000   45.0000  -15.0000 8729.7432   26.2708
    7.5000   45.0000  -15.0000 8348.8057   26.2191
   -7.5000  -45.0000   -7.500010085.9092   27.6478
    0.0000  -45.0000   -7.500010459.5498   27.6519
    7.5000  -45.0000   -7.5000 9953.1963   27.5657
   -7.5000  -37.5000   -7.500010726.5576   27.6185
    0.0000  -37.5000   -7.500011163.7324   27.6269
    7.5000  -37.5000   -7.500010597.1377   27.5478
   -7.5000  -30.0000   -7.500011663.8877   27.6694
    0.0000  -30.0000   -7.500012125.7871   27.6815
    7.5000  -30.0000   -7.500011523.5605   27.6144
   -7.5000  -22.5000   -7.500012457.9521   27.7609
    0.0000  -22.5000   -7.500012978.4141   27.7732
    7.5000  -22.5000   -7.500012319.7998   27.7110
   -7.5000  -15.0000   -7.500013086.5830   27.8027
    0.0000  -15.0000   -7.500013667.2285   27.8111
    7.5000  -15.0000   -7.500012947.8105   27.7446
   -7.5000   -7.5000   -7.500013713.6543   27.7403
    0.0000   -7.5000   -7.500014300.3125   27.7442
    7.5000   -7.5000   -7.500013548.9785   27.6658
   -7.5000    0.0000   -7.500014230.7041   27.6478
    0.0000    0.0000   -7.500014843.5156   27.6519
    7.5000    0.0000   -7.500014038.2188   27.5657
   -7.5000    7.5000   -7.500013765.6035   27.6185
    0.0000    7.5000   -7.500014329.8516   27.6269
    7.5000    7.5000   -7.500013548.5898   27.5478
   -7.5000   15.0000   -7.500013334.7686   27.6694
    0.0000   15.0000   -7.500013852.4717   27.6815
    7.5000   15.0000   -7.500013088.7139   27.6144
   -7.5000   22.5000   -7.500012355.2334   27.7481
    0.0000   22.5000   -7.500012787.9443   27.7604
    7.5000   22.5000   -7.500012078.7588   27.6982
   -7.5000   30.0000   -7.500011154.2900   27.4421
    0.0000   30.0000   -7.500011492.3369   27.4504
    7.5000   30.0000   -7.500010894.0088   27.3848
   -7.5000   37.5000   -7.500010295.8184   27.3805
    0.0000   37.5000   -7.500010599.7490   27.3844
    7.5000   37.5000   -7.500010096.4355   27.3070
   -7.5000   45.0000   -7.5000 9090.0771   26.6472
    0.0000   45.0000   -7.5000 9376.2871   26.6512
    7.5000   45.0000   -7.5000 8960.7715   26.5682
   -7.5000  -45.0000    0.000010884.4404   27.8115
    0.0000  -45.0000    0.000011293.0039   27.8064
    7.5000  -45.0000    0.000010753.0254   27.7040
   -7.5000  -37.5000    0.000011533.1338   27.7962
    0.0000  -37.5000    0.000011983.5762   27.8032
    7.5000  -37.5000    0.000011408.5947   27.6994
   -7.5000  -30.0000    0.000012527.6953   27.8299
    0.0000  -30.0000    0.000013042.2021   27.8443
    7.5000  -30.0000    0.000012409.9854   27.7513
   -7.5000  -22.5000    0.000013385.1318   27.8892
    0.0000  -22.5000    0.000013990.1904   27.8981
    7.5000  -22.5000    0.000013269.5879   27.8170
   -7.5000  -15.0000    0.000014006.6953   27.9126
    0.0000  -15.0000    0.000014645.1523   27.9098
    7.5000  -15.0000    0.000013896.1035   27.8333
   -7.5000   -7.5000    0.000014619.8623   27.8685
    0.0000   -7.5000    0.000015342.6338   27.8590
    7.5000   -7.5000    0.000014495.1455   27.7719
   -7.5000    0.0000    0.000015217.5371   27.8115
    0.0000    0.0000    0.000015926.4062   27.8064
    7.5000    0.0000    0.000015045.5117   27.7040
   -7.5000    7.5000    0.000014701.6816   27.7962
    0.0000    7.5000    0.000015354.7627   27.8032
    7.5000    7.5000    0.000014496.7705   27.6994
   -7.5000   15.0000    0.000014193.5273   27.8299
    0.0000   15.0000    0.000014759.2568   27.8443
    7.5000   15.0000    0.000013919.5078   27.7513
   -7.5000   22.5000    0.000013082.0518   27.8764
    0.0000   22.5000    0.000013567.1475   27.8852
    7.5000   22.5000    0.000012792.8193   27.8042
   -7.5000   30.0000    0.000011860.5459   27.5513
    0.0000   30.0000    0.000012255.7002   27.5486
    7.5000   30.0000    0.000011568.5801   27.4731
   -7.5000   37.5000    0.000010967.1660   27.5078
    0.0000   37.5000    0.000011292.6504   27.4984
    7.5000   37.5000    0.000010730.4668   27.4124
   -7.5000   45.0000    0.0000 9672.5479   26.8071
    0.0000   45.0000    0.0000 9979.8496   26.8021
    7.5000   45.0000    0.0000 9510.7891   26.7035
   -7.5000  -45.0000    7.500010873.3564   27.8017
    0.0000  -45.0000    7.500011300.2646   27.8285
    7.5000  -45.0000    7.500010768.7861   27.7452
   -7.5000  -37.5000    7.500011492.9834   27.8070
    0.0000  -37.5000    7.500011955.5234   27.8479
    7.5000  -37.5000    7.500011401.2178   27.7584
   -7.5000  -30.0000    7.500012477.6523   27.8413
    0.0000  -30.0000    7.500013014.0078   27.8853
    7.5000  -30.0000    7.500012385.2480   27.8053
   -7.5000  -22.5000    7.500013305.7598   27.8784
    0.0000  -22.5000    7.500013972.8730   27.9093
    7.5000  -22.5000    7.500013196.7275   27.8451
   -7.5000  -15.0000    7.500013876.2930   27.8788
    0.0000  -15.0000    7.500014554.5703   27.8943
    7.5000  -15.0000    7.500013775.5654   27.8392
   -7.5000   -7.5000    7.500014467.1484   27.8363
    0.0000   -7.5000    7.500015209.5430   27.8509
    7.5000   -7.5000    7.500014397.4688   27.7859
   -7.5000    0.0000    7.500015065.3613   27.8017
    0.0000    0.0000    7.500015790.2236   27.8285
    7.5000    0.0000    7.500014962.2012   27.7452
   -7.5000    7.5000    7.500014525.5605   27.8070
    0.0000    7.5000    7.500015185.4619   27.8479
    7.5000    7.5000    7.500014392.6387   27.7584
   -7.5000   15.0000    7.500013965.6826   27.8413
    0.0000   15.0000    7.500014538.5752   27.8853
    7.5000   15.0000    7.500013761.3418   27.8053
   -7.5000   22.5000    7.500012782.9443   27.8655
    0.0000   22.5000    7.500013295.5234   27.8964
    7.5000   22.5000    7.500012568.6670   27.8323
   -7.5000   30.0000    7.500011593.8633   27.5180
    0.0000   30.0000    7.500012026.4707   27.5333
    7.5000   30.0000    7.500011380.3262   27.4789
   -7.5000   37.5000    7.500010774.1162   27.4761
    0.0000   37.5000    7.500011148.5615   27.4904
    7.5000   37.5000    7.500010580.7666   27.4263
   -7.5000   45.0000    7.5000 9527.7490   26.7976
    0.0000   45.0000    7.5000 9861.8467   26.8235
    7.5000   45.0000    7.5000 9390.7578   26.7432
   -7.5000  -45.0000   15.000010634.3936   27.7010
    0.0000  -45.0000   15.000011037.4668   27.7657
    7.5000  -45.0000   15.000010567.1807   27.7132
   -7.5000  -37.5000   15.000011268.0010   27.7081
    0.0000  -37.5000   15.000011707.5859   27.7830
    7.5000  -37.5000   15.000011204.0244   27.7287
   -7.5000  -30.0000   15.000012233.9043   27.7557
    0.0000  -30.0000   15.000012803.3037   27.8273
    7.5000  -30.0000   15.000012179.1113   27.7834
   -7.5000  -22.5000   15.000012825.9951   27.8032
    0.0000  -22.5000   15.000013382.0684   27.8590
    7.5000  -22.5000   15.000012862.1680   27.8279
   -7.5000  -15.0000   15.000013250.8994   27.8030
    0.0000  -15.0000   15.000013826.4092   27.8456
    7.5000  -15.0000   15.000013344.7129   27.8188
   -7.5000   -7.5000   15.000013906.1641   27.7482
    0.0000   -7.5000   15.000014600.1895   27.7968
    7.5000   -7.5000   15.000013987.1670   27.7587
   -7.5000    0.0000   15.000014561.5469   27.7010
    0.0000    0.0000   15.000015236.7656   27.7657
    7.5000    0.0000   15.000014624.7139   27.7132
   -7.5000    7.5000   15.000014091.6514   27.7081
    0.0000    7.5000   15.000014688.7969   27.7830
    7.5000    7.5000   15.000014127.1348   27.7287
   -7.5000   15.0000   15.000013497.5703   27.7557
    0.0000   15.0000   15.000014033.1396   27.8273
    7.5000   15.0000   15.000013451.5156   27.7834
   -7.5000   22.5000   15.000012300.7979   27.7904
    0.0000   22.5000   15.000012793.4668   27.8461
    7.5000   22.5000   15.000012214.2070   27.8150
   -7.5000   30.0000   15.000011169.5459   27.4431
    0.0000   30.0000   15.000011588.6709   27.4852
    7.5000   30.0000   15.000011032.7617   27.4588
   -7.5000   37.5000   15.000010402.2490   27.3891
    0.0000   37.5000   15.000010769.8496   27.4370
    7.5000   37.5000   15.000010264.8682   27.3995
   -7.5000   45.0000   15.0000 9223.9805   26.7006
    0.0000   45.0000   15.0000 9536.1465   26.7630
    7.5000   45.0000   15.0000 9116.3027   26.7124
   -7.5000  -45.0000   22.500010310.8789   27.6024
    0.0000  -45.0000   22.500010714.5059   27.6722
    7.5000  -45.0000   22.500010261.5664   27.6327
   -7.5000  -37.5000   22.500010949.3594   27.5914
    0.0000  -37.5000   22.500011407.5771   27.6642
    7.5000  -37.5000   22.500010931.7314   27.6314
   -7.5000  -30.0000   22.500011803.4971   27.6529
    0.0000  -30.0000   22.500012322.7344   27.7194
    7.5000  -30.0000   22.500011872.1514   27.6981
   -7.5000  -22.5000   22.500012229.8145   27.7339
    0.0000  -22.5000   22.500012614.8926   27.7901
    7.5000  -22.5000   22.500012424.5303   27.7743
   -7.5000  -15.0000   22.500012566.7363   27.7559
    0.0000  -15.0000   22.500012978.6523   27.8064
    7.5000  -15.0000   22.500012775.0723   27.7861
   -7.5000   -7.5000   22.500013246.6104   27.6859
    0.0000   -7.5000   22.500013799.4209   27.7439
    7.5000   -7.5000   22.500013427.9385   27.7112
   -7.5000    0.0000   22.500013951.3223   27.6024
    0.0000    0.0000   22.500014536.0117   27.6722
    7.5000    0.0000   22.500014136.8555   27.6327
   -7.5000    7.5000   22.500013625.1582   27.5914
    0.0000    7.5000   22.500014167.9395   27.6642
    7.5000    7.5000   22.500013735.3691   27.6314
   -7.5000   15.0000   22.500013047.4443   27.6529
    0.0000   15.0000   22.500013531.1494   27.7194
    7.5000   15.0000   22.500013070.5371   27.6981
   -7.5000   22.5000   22.500011919.8643   27.7211
    0.0000   22.5000   22.500012348.6709   27.7773
    7.5000   22.5000   22.500011894.4912   27.7615
   -7.5000   30.0000   22.500010816.8018   27.3967
    0.0000   30.0000   22.500011208.4336   27.4465
    7.5000   30.0000   22.500010775.4824   27.4265
   -7.5000   37.5000   22.500010055.5830   27.3276
    0.0000   37.5000   22.500010411.5732   27.3848
    7.5000   37.5000   22.500010005.8906   27.3525
   -7.5000   45.0000   22.5000 8923.4697   26.6055
    0.0000   45.0000   22.5000 9230.0176   26.6728
    7.5000   45.0000   22.5000 8842.3701   26.6347
   -7.5000  -45.0000   30.0000 9802.4346   27.5953
    0.0000  -45.0000   30.000010194.4033   27.6364
    7.5000  -45.0000   30.0000 9761.5459   27.5820
   -7.5000  -37.5000   30.000010390.4336   27.5684
    0.0000  -37.5000   30.000010841.9121   27.6088
    7.5000  -37.5000   30.000010406.8281   27.5651
   -7.5000  -30.0000   30.000011242.3926   27.6339
    0.0000  -30.0000   30.000011694.5801   27.6708
    7.5000  -30.0000   30.000011331.4141   27.6390
   -7.5000  -22.5000   30.000011865.3711   27.7369
    0.0000  -22.5000   30.000012196.6719   27.7717
    7.5000  -22.5000   30.000012031.1416   27.7415
   -7.5000  -15.0000   30.000012336.4434   27.7781
    0.0000  -15.0000   30.000012596.0732   27.8127
    7.5000  -15.0000   30.000012473.5723   27.7739
   -7.5000   -7.5000   30.000012933.5391   27.7018
    0.0000   -7.5000   30.000013272.6221   27.7394
    7.5000   -7.5000   30.000013012.6543   27.6882
   -7.5000    0.0000   30.000013551.9092   27.5953
    0.0000    0.0000   30.000013968.5684   27.6364
    7.5000    0.0000   30.000013637.3369   27.5820
   -7.5000    7.5000   30.000013224.0537   27.5684
    0.0000    7.5000   30.000013727.6016   27.6088
    7.5000    7.5000   30.000013275.2666   27.5651
   -7.5000   15.0000   30.000012582.3008   27.6339
    0.0000   15.0000   30.000013117.0576   27.6708
    7.5000   15.0000   30.000012579.9727   27.6390
   -7.5000   22.5000   30.000011436.2568   27.7242
    0.0000   22.5000   30.000011946.4531   27.7589
    7.5000   22.5000   30.000011424.9443   27.7287
   -7.5000   30.0000   30.000010313.7266   27.4186
    0.0000   30.0000   30.000010765.8525   27.4527
    7.5000   30.0000   30.000010298.9756   27.4144
   -7.5000   37.5000   30.0000 9527.5273   27.3433
    0.0000   37.5000   30.0000 9917.8262   27.3804
    7.5000   37.5000   30.0000 9527.3086   27.3298
   -7.5000   45.0000   30.0000 8442.5645   26.5986
    0.0000   45.0000   30.0000 8745.7646   26.6383
    7.5000   45.0000   30.0000 8437.8818   26.5859
   -7.5000  -45.0000   37.5000 9737.4619   27.7065
    0.0000  -45.0000   37.500010121.5566   27.7106
    7.5000  -45.0000   37.5000 9675.9033   27.6243
   -7.5000  -37.5000   37.500010286.7100   27.6771
    0.0000  -37.5000   37.500010737.4521   27.6855
    7.5000  -37.5000   37.500010272.5059   27.6062
   -7.5000  -30.0000   37.500011065.2627   27.7281
    0.0000  -30.0000   37.500011564.5020   27.7402
    7.5000  -30.0000   37.500011117.3877   27.6729
   -7.5000  -22.5000   37.500011789.5654   27.8198
    0.0000  -22.5000   37.500012338.0166   27.8321
    7.5000  -22.5000   37.500011888.5586   27.7698
   -7.5000  -15.0000   37.500012406.0645   27.8617
    0.0000  -15.0000   37.500013003.7090   27.8701
    7.5000  -15.0000   37.500012548.9961   27.8035
   -7.5000   -7.5000   37.500012989.7949   27.7992
    0.0000   -7.5000   37.500013626.6182   27.8032
    7.5000   -7.5000   37.500013092.3066   27.7246
   -7.5000    0.0000   37.500013515.2891   27.7065
    0.0000    0.0000   37.500014118.8057   27.7106
    7.5000    0.0000   37.500013571.4492   27.6243
   -7.5000    7.5000   37.500013082.5195   27.6771
    0.0000    7.5000   37.500013645.3857   27.6855
    7.5000    7.5000   37.500013114.9238   27.6062
   -7.5000   15.0000   37.500012382.2891   27.7281
    0.0000   15.0000   37.500012882.3604   27.7402
    7.5000   15.0000   37.500012351.5752   27.6729
   -7.5000   22.5000   37.500011258.3789   27.8070
    0.0000   22.5000   37.500011707.5420   27.8193
    7.5000   22.5000   37.500011211.2773   27.7570
   -7.5000   30.0000   37.500010137.9385   27.5011
    0.0000   30.0000   37.500010526.6719   27.5094
    7.5000   30.0000   37.500010094.4131   27.4437
   -7.5000   37.5000   37.5000 9365.9824   27.4394
    0.0000   37.5000   37.5000 9721.7246   27.4434
    7.5000   37.5000   37.5000 9318.8740   27.3658
   -7.5000   45.0000   37.5000 8304.8691   26.7059
    0.0000   45.0000   37.5000 8605.3555   26.7099
    7.5000   45.0000   37.5000 8284.7539   26.6267
   -7.5000  -45.0000   45.0000 8971.3789   27.6538
    0.0000  -45.0000   45.0000 9415.2910   27.6485
    7.5000  -45.0000   45.0000 8877.1719   27.5466
   -7.5000  -37.5000   45.0000 9510.6826   27.6382
    0.0000  -37.5000   45.0000 9993.8486   27.6449
    7.5000  -37.5000   45.0000 9422.5078   27.5417
   -7.5000  -30.0000   45.000010266.2900   27.6713
    0.0000  -30.0000   45.000010770.0410   27.6855
    7.5000  -30.0000   45.000010193.6689   27.5929
   -7.5000  -22.5000   45.000010950.6572   27.7304
    0.0000  -22.5000   45.000011491.9805   27.7391
    7.5000  -22.5000   45.000010910.1846   27.6584
   -7.5000  -15.0000   45.000011558.4668   27.7539
    0.0000  -15.0000   45.000012101.0713   27.7510
    7.5000  -15.0000   45.000011550.8389   27.6747
   -7.5000   -7.5000   45.000012068.6025   27.7104
    0.0000   -7.5000   45.000012627.5225   27.7008
    7.5000   -7.5000   45.000012045.7676   27.6140
   -7.5000    0.0000   45.000012534.4590   27.6538
    0.0000    0.0000   45.000013096.2666   27.6485
    7.5000    0.0000   45.000012515.9902   27.5466
   -7.5000    7.5000   45.000012097.9326   27.6382
    0.0000    7.5000   45.000012626.6885   27.6449
    7.5000    7.5000   45.000012092.7061   27.5417
   -7.5000   15.0000   45.000011453.2588   27.6713
    0.0000   15.0000   45.000011944.2021   27.6855
    7.5000   15.0000   45.000011407.4404   27.5929
   -7.5000   22.5000   45.000010447.4541   27.7175
    0.0000   22.5000   45.000010874.4180   27.7262
    7.5000   22.5000   45.000010386.6719   27.6455
   -7.5000   30.0000   45.0000 9444.6836   27.3924
    0.0000   30.0000   45.0000 9839.7822   27.3895
    7.5000   30.0000   45.0000 9386.6045   27.3142
   -7.5000   37.5000   45.0000 8761.5156   27.3494
    0.0000   37.5000   45.0000 9126.0527   27.3399
    7.5000   37.5000   45.0000 8704.6934   27.2542
   -7.5000   45.0000   45.0000 7785.0254   26.6671
    0.0000   45.0000   45.0000 8067.8003   26.6621
    7.5000   45.0000   45.0000 7725.0747   26.5638

---------------------------------------------------------------------
imgreg_4dfp /opt/freesurfer/average/711-2C_as_mni_average_305 /opt/freesurfer/average/711-2B_as_mni_average_305_mask talsrcimg_g11 none talsrcimg_to_711-2C_as_mni_average_305_t4 4355
---------------------------------------------------------------------

freesurfer imgreg_4dfp.c
/opt/freesurfer/average/711-2C_as_mni_average_305.4dfp.img
       256       256       256         1
  1.000000  1.000000  1.000000
orientation T byte_order littleendian
Reading image: /opt/freesurfer/average/711-2C_as_mni_average_305.4dfp.img
dimensions:      256       256       256
mmppix:       1.0000   -1.0000   -1.0000
center:     128.0000 -129.0000 -129.0000
/opt/freesurfer/average/711-2B_as_mni_average_305_mask.4dfp.img
       256       256       256         1
  1.000000  1.000000  1.000000
orientation T byte_order littleendian
Reading mask: /opt/freesurfer/average/711-2B_as_mni_average_305_mask.4dfp.img (2306576 pixels)
talsrcimg_g11.4dfp.img
       256       256       256         1
  1.000000  1.000000  1.000000
orientation T byte_order littleendian
Reading image: talsrcimg_g11.4dfp.img
dimensions:      256       256       256
mmppix:       1.0000   -1.0000   -1.0000
center:     128.0000 -129.0000 -129.0000
rotation matrix determinant  1.000000
image alignment mode   4355 decimal     1103 hex
   -7.5000  -45.0000  -45.0000 1769.5159   30.6710
    0.0000  -45.0000  -45.0000 1780.0276   30.5096
    7.5000  -45.0000  -45.0000 1761.6661   30.8728
   -7.5000  -37.5000  -45.0000 1839.4670   28.5559
    0.0000  -37.5000  -45.0000 1855.4230   28.4258
    7.5000  -37.5000  -45.0000 1832.1158   28.7470
   -7.5000  -30.0000  -45.0000 1900.1765   27.0996
    0.0000  -30.0000  -45.0000 1917.1318   26.9482
    7.5000  -30.0000  -45.0000 1890.5228   27.2592
   -7.5000  -22.5000  -45.0000 1933.1959   26.1082
    0.0000  -22.5000  -45.0000 1958.2874   26.0210
    7.5000  -22.5000  -45.0000 1926.6190   26.2825
   -7.5000  -15.0000  -45.0000 1937.4668   25.4359
    0.0000  -15.0000  -45.0000 1960.6204   25.3167
    7.5000  -15.0000  -45.0000 1936.1509   25.7075
   -7.5000   -7.5000  -45.0000 1933.5017   25.2319
    0.0000   -7.5000  -45.0000 1953.3246   25.0364
    7.5000   -7.5000  -45.0000 1926.7087   25.4062
   -7.5000    0.0000  -45.0000 1914.4165   25.7274
    0.0000    0.0000  -45.0000 1927.8147   25.5357
    7.5000    0.0000  -45.0000 1902.4784   25.9276
   -7.5000    7.5000  -45.0000 1877.1415   27.0384
    0.0000    7.5000  -45.0000 1888.8479   26.8875
    7.5000    7.5000  -45.0000 1862.8508   27.2452
   -7.5000   15.0000  -45.0000 1827.0928   28.8606
    0.0000   15.0000  -45.0000 1835.3042   28.7277
    7.5000   15.0000  -45.0000 1812.1233   29.0693
   -7.5000   22.5000  -45.0000 1766.4844   31.3358
    0.0000   22.5000  -45.0000 1776.3722   31.2518
    7.5000   22.5000  -45.0000 1749.2828   31.6178
   -7.5000   30.0000  -45.0000 1691.1415   34.4732
    0.0000   30.0000  -45.0000 1702.8711   34.4619
    7.5000   30.0000  -45.0000 1677.7091   34.8625
   -7.5000   37.5000  -45.0000 1599.1841   38.6671
    0.0000   37.5000  -45.0000 1608.7179   38.7139
    7.5000   37.5000  -45.0000 1583.1614   39.1688
   -7.5000   45.0000  -45.0000 1500.3369   44.7888
    0.0000   45.0000  -45.0000 1503.7225   44.5532
    7.5000   45.0000  -45.0000 1483.0695   45.1884
   -7.5000  -45.0000  -37.5000 1875.3417   27.7461
    0.0000  -45.0000  -37.5000 1889.4325   27.6111
    7.5000  -45.0000  -37.5000 1877.2529   28.0390
   -7.5000  -37.5000  -37.5000 1965.2810   26.0124
    0.0000  -37.5000  -37.5000 1980.8032   25.8761
    7.5000  -37.5000  -37.5000 1957.8101   26.1818
   -7.5000  -30.0000  -37.5000 2023.9241   24.6536
    0.0000  -30.0000  -37.5000 2037.7823   24.5475
    7.5000  -30.0000  -37.5000 2008.7899   24.8644
   -7.5000  -22.5000  -37.5000 2050.2659   23.7153
    0.0000  -22.5000  -37.5000 2063.4399   23.5782
    7.5000  -22.5000  -37.5000 2034.7216   23.9030
   -7.5000  -15.0000  -37.5000 2047.8026   23.0761
    0.0000  -15.0000  -37.5000 2052.5369   22.9695
    7.5000  -15.0000  -37.5000 2034.5411   23.3193
   -7.5000   -7.5000  -37.5000 2032.3378   22.9065
    0.0000   -7.5000  -37.5000 2039.2521   22.7236
    7.5000   -7.5000  -37.5000 2027.7797   23.1843
   -7.5000    0.0000  -37.5000 2012.9086   23.4006
    0.0000    0.0000  -37.5000 2029.3831   23.2792
    7.5000    0.0000  -37.5000 2009.0531   23.7222
   -7.5000    7.5000  -37.5000 1978.9607   24.5008
    0.0000    7.5000  -37.5000 1997.7476   24.4217
    7.5000    7.5000  -37.5000 1977.7579   24.8905
   -7.5000   15.0000  -37.5000 1930.2860   26.0787
    0.0000   15.0000  -37.5000 1949.1493   25.9464
    7.5000   15.0000  -37.5000 1926.3265   26.4527
   -7.5000   22.5000  -37.5000 1868.3599   28.1721
    0.0000   22.5000  -37.5000 1885.2510   28.0537
    7.5000   22.5000  -37.5000 1855.9907   28.5033
   -7.5000   30.0000  -37.5000 1776.5327   30.8352
    0.0000   30.0000  -37.5000 1790.8268   30.7439
    7.5000   30.0000  -37.5000 1762.5850   31.1060
   -7.5000   37.5000  -37.5000 1665.1635   34.3207
    0.0000   37.5000  -37.5000 1685.4808   34.3112
    7.5000   37.5000  -37.5000 1649.6123   34.5370
   -7.5000   45.0000  -37.5000 1562.0573   39.3282
    0.0000   45.0000  -37.5000 1565.2515   39.2917
    7.5000   45.0000  -37.5000 1542.8918   39.5423
   -7.5000  -45.0000  -30.0000 1996.7131   26.1329
    0.0000  -45.0000  -30.0000 2015.1084   26.0978
    7.5000  -45.0000  -30.0000 1998.3246   26.4586
   -7.5000  -37.5000  -30.0000 2099.5596   24.4343
    0.0000  -37.5000  -30.0000 2117.3054   24.3088
    7.5000  -37.5000  -30.0000 2095.6377   24.6665
   -7.5000  -30.0000  -30.0000 2160.1030   23.1354
    0.0000  -30.0000  -30.0000 2179.3447   23.0790
    7.5000  -30.0000  -30.0000 2155.2986   23.3703
   -7.5000  -22.5000  -30.0000 2193.6191   22.1789
    0.0000  -22.5000  -30.0000 2206.4209   22.0389
    7.5000  -22.5000  -30.0000 2185.5647   22.4054
   -7.5000  -15.0000  -30.0000 2195.5168   21.6439
    0.0000  -15.0000  -30.0000 2214.6816   21.5026
    7.5000  -15.0000  -30.0000 2192.2578   21.8863
   -7.5000   -7.5000  -30.0000 2172.3818   21.5339
    0.0000   -7.5000  -30.0000 2187.0957   21.4012
    7.5000   -7.5000  -30.0000 2168.7092   21.8526
   -7.5000    0.0000  -30.0000 2140.9478   21.9636
    0.0000    0.0000  -30.0000 2163.1912   21.8451
    7.5000    0.0000  -30.0000 2132.8657   22.2968
   -7.5000    7.5000  -30.0000 2108.1021   22.8672
    0.0000    7.5000  -30.0000 2123.2185   22.7391
    7.5000    7.5000  -30.0000 2098.9558   23.2069
   -7.5000   15.0000  -30.0000 2062.6013   24.3189
    0.0000   15.0000  -30.0000 2079.0842   24.1677
    7.5000   15.0000  -30.0000 2054.3567   24.6883
   -7.5000   22.5000  -30.0000 1990.5269   26.3472
    0.0000   22.5000  -30.0000 2011.6160   26.1728
    7.5000   22.5000  -30.0000 1984.3485   26.7635
   -7.5000   30.0000  -30.0000 1893.9381   28.9950
    0.0000   30.0000  -30.0000 1915.5448   28.8034
    7.5000   30.0000  -30.0000 1887.0626   29.3671
   -7.5000   37.5000  -30.0000 1784.8816   32.2218
    0.0000   37.5000  -30.0000 1803.9705   32.1357
    7.5000   37.5000  -30.0000 1776.1786   32.5931
   -7.5000   45.0000  -30.0000 1656.4980   36.7869
    0.0000   45.0000  -30.0000 1659.7194   36.7578
    7.5000   45.0000  -30.0000 1641.5404   37.1729
   -7.5000  -45.0000  -22.5000 2107.7822   24.3995
    0.0000  -45.0000  -22.5000 2117.3306   24.3404
    7.5000  -45.0000  -22.5000 2104.7881   24.7639
   -7.5000  -37.5000  -22.5000 2216.7708   22.7468
    0.0000  -37.5000  -22.5000 2232.3223   22.7232
    7.5000  -37.5000  -22.5000 2212.3926   23.0414
   -7.5000  -30.0000  -22.5000 2278.0564   21.5410
    0.0000  -30.0000  -22.5000 2291.8428   21.5544
    7.5000  -30.0000  -22.5000 2273.7124   21.8225
   -7.5000  -22.5000  -22.5000 2307.8062   20.6371
    0.0000  -22.5000  -22.5000 2322.2090   20.6252
    7.5000  -22.5000  -22.5000 2309.2388   20.9230
   -7.5000  -15.0000  -22.5000 2324.3040   20.1717
    0.0000  -15.0000  -22.5000 2345.2407   20.0845
    7.5000  -15.0000  -22.5000 2320.1895   20.4171
   -7.5000   -7.5000  -22.5000 2310.8901   20.0653
    0.0000   -7.5000  -22.5000 2328.4185   19.9594
    7.5000   -7.5000  -22.5000 2308.9417   20.3551
   -7.5000    0.0000  -22.5000 2279.3008   20.4787
    0.0000    0.0000  -22.5000 2297.7642   20.3597
    7.5000    0.0000  -22.5000 2273.1135   20.7357
   -7.5000    7.5000  -22.5000 2244.5239   21.2849
    0.0000    7.5000  -22.5000 2259.2373   21.1303
    7.5000    7.5000  -22.5000 2234.5476   21.5487
   -7.5000   15.0000  -22.5000 2190.2573   22.7305
    0.0000   15.0000  -22.5000 2203.3411   22.5188
    7.5000   15.0000  -22.5000 2179.1072   22.9908
   -7.5000   22.5000  -22.5000 2114.8931   24.6947
    0.0000   22.5000  -22.5000 2132.8318   24.4604
    7.5000   22.5000  -22.5000 2106.4385   25.0028
   -7.5000   30.0000  -22.5000 2012.3138   27.2523
    0.0000   30.0000  -22.5000 2027.2163   27.0208
    7.5000   30.0000  -22.5000 2002.1620   27.5217
   -7.5000   37.5000  -22.5000 1893.2114   30.4243
    0.0000   37.5000  -22.5000 1908.5919   30.1995
    7.5000   37.5000  -22.5000 1879.4181   30.6882
   -7.5000   45.0000  -22.5000 1751.2678   34.6551
    0.0000   45.0000  -22.5000 1758.9498   34.4449
    7.5000   45.0000  -22.5000 1738.4303   35.0053
   -7.5000  -45.0000  -15.0000 2198.9348   22.8355
    0.0000  -45.0000  -15.0000 2215.2329   22.8554
    7.5000  -45.0000  -15.0000 2195.2646   23.2312
   -7.5000  -37.5000  -15.0000 2311.3352   21.1990
    0.0000  -37.5000  -15.0000 2330.4016   21.2370
    7.5000  -37.5000  -15.0000 2301.9338   21.5138
   -7.5000  -30.0000  -15.0000 2375.6528   20.0696
    0.0000  -30.0000  -15.0000 2396.5718   20.1571
    7.5000  -30.0000  -15.0000 2374.1443   20.3761
   -7.5000  -22.5000  -15.0000 2407.1016   19.2312
    0.0000  -22.5000  -15.0000 2431.3223   19.3117
    7.5000  -22.5000  -15.0000 2407.8801   19.5288
   -7.5000  -15.0000  -15.0000 2433.2107   18.8370
    0.0000  -15.0000  -15.0000 2461.2178   18.7809
    7.5000  -15.0000  -15.0000 2426.9849   19.0738
   -7.5000   -7.5000  -15.0000 2443.3054   18.7597
    0.0000   -7.5000  -15.0000 2458.6484   18.6540
    7.5000   -7.5000  -15.0000 2430.3962   19.0007
   -7.5000    0.0000  -15.0000 2412.0085   19.1291
    0.0000    0.0000  -15.0000 2428.7402   19.0053
    7.5000    0.0000  -15.0000 2399.3196   19.3538
   -7.5000    7.5000  -15.0000 2370.5444   19.9139
    0.0000    7.5000  -15.0000 2391.4480   19.7834
    7.5000    7.5000  -15.0000 2354.7795   20.1128
   -7.5000   15.0000  -15.0000 2300.7075   21.2400
    0.0000   15.0000  -15.0000 2322.1462   21.1230
    7.5000   15.0000  -15.0000 2285.9409   21.4607
   -7.5000   22.5000  -15.0000 2211.2554   23.1381
    0.0000   22.5000  -15.0000 2228.8210   22.9837
    7.5000   22.5000  -15.0000 2197.9504   23.4487
   -7.5000   30.0000  -15.0000 2101.4294   25.6131
    0.0000   30.0000  -15.0000 2118.5364   25.4342
    7.5000   30.0000  -15.0000 2084.7473   25.9478
   -7.5000   37.5000  -15.0000 1970.6631   28.6735
    0.0000   37.5000  -15.0000 1991.6155   28.4869
    7.5000   37.5000  -15.0000 1955.2351   29.0103
   -7.5000   45.0000  -15.0000 1814.5505   32.5936
    0.0000   45.0000  -15.0000 1833.5258   32.4552
    7.5000   45.0000  -15.0000 1799.0105   32.9581
   -7.5000  -45.0000   -7.5000 2283.7998   21.6021
    0.0000  -45.0000   -7.5000 2300.8137   21.6116
    7.5000  -45.0000   -7.5000 2273.8967   21.9679
   -7.5000  -37.5000   -7.5000 2394.9363   19.9098
    0.0000  -37.5000   -7.5000 2419.2141   19.9533
    7.5000  -37.5000   -7.5000 2388.9927   20.2309
   -7.5000  -30.0000   -7.5000 2467.9460   18.7824
    0.0000  -30.0000   -7.5000 2494.0332   18.8227
    7.5000  -30.0000   -7.5000 2463.5073   19.0844
   -7.5000  -22.5000   -7.5000 2509.8154   17.9747
    0.0000  -22.5000   -7.5000 2535.0327   18.0487
    7.5000  -22.5000   -7.5000 2507.0549   18.2567
   -7.5000  -15.0000   -7.5000 2540.0823   17.6144
    0.0000  -15.0000   -7.5000 2562.4858   17.5964
    7.5000  -15.0000   -7.5000 2530.5308   17.8713
   -7.5000   -7.5000   -7.5000 2549.9541   17.5729
    0.0000   -7.5000   -7.5000 2573.7981   17.5201
    7.5000   -7.5000   -7.5000 2537.4014   17.8096
   -7.5000    0.0000   -7.5000 2528.1951   17.9123
    0.0000    0.0000   -7.5000 2551.5950   17.8634
    7.5000    0.0000   -7.5000 2509.8984   18.1177
   -7.5000    7.5000   -7.5000 2481.4929   18.6412
    0.0000    7.5000   -7.5000 2507.3933   18.5916
    7.5000    7.5000   -7.5000 2459.5837   18.8517
   -7.5000   15.0000   -7.5000 2404.3848   19.9586
    0.0000   15.0000   -7.5000 2428.5439   19.8557
    7.5000   15.0000   -7.5000 2383.6443   20.1703
   -7.5000   22.5000   -7.5000 2302.8623   21.7773
    0.0000   22.5000   -7.5000 2325.8652   21.6414
    7.5000   22.5000   -7.5000 2284.3372   22.0054
   -7.5000   30.0000   -7.5000 2177.3406   24.1337
    0.0000   30.0000   -7.5000 2191.6169   23.9375
    7.5000   30.0000   -7.5000 2155.0898   24.3807
   -7.5000   37.5000   -7.5000 2032.2026   27.1036
    0.0000   37.5000   -7.5000 2048.2793   26.8100
    7.5000   37.5000   -7.5000 2017.7866   27.3294
   -7.5000   45.0000   -7.5000 1877.7822   30.8994
    0.0000   45.0000   -7.5000 1896.9615   30.6431
    7.5000   45.0000   -7.5000 1871.3105   31.0569
   -7.5000  -45.0000    0.0000 2344.9392   20.5450
    0.0000  -45.0000    0.0000 2366.0691   20.5214
    7.5000  -45.0000    0.0000 2333.6594   20.9267
   -7.5000  -37.5000    0.0000 2460.8267   18.9006
    0.0000  -37.5000    0.0000 2482.5757   18.9135
    7.5000  -37.5000    0.0000 2454.0759   19.2126
   -7.5000  -30.0000    0.0000 2542.7754   17.7480
    0.0000  -30.0000    0.0000 2571.4397   17.7436
    7.5000  -30.0000    0.0000 2537.9944   18.0071
   -7.5000  -22.5000    0.0000 2598.5010   16.9277
    0.0000  -22.5000    0.0000 2626.5413   17.0089
    7.5000  -22.5000    0.0000 2591.1292   17.2288
   -7.5000  -15.0000    0.0000 2633.5657   16.5553
    0.0000  -15.0000    0.0000 2658.1355   16.5718
    7.5000  -15.0000    0.0000 2619.1826   16.8311
   -7.5000   -7.5000    0.0000 2648.3555   16.5660
    0.0000   -7.5000    0.0000 2672.9663   16.5509
    7.5000   -7.5000    0.0000 2628.3518   16.7671
   -7.5000    0.0000    0.0000 2626.7424   16.9271
    0.0000    0.0000    0.0000 2652.1738   16.9186
    7.5000    0.0000    0.0000 2597.3503   17.1157
   -7.5000    7.5000    0.0000 2574.3696   17.6161
    0.0000    7.5000    0.0000 2600.8599   17.5560
    7.5000    7.5000    0.0000 2544.6418   17.8060
   -7.5000   15.0000    0.0000 2486.3643   18.9087
    0.0000   15.0000    0.0000 2506.2876   18.8248
    7.5000   15.0000    0.0000 2459.2104   19.1230
   -7.5000   22.5000    0.0000 2376.3120   20.6263
    0.0000   22.5000    0.0000 2394.2859   20.5318
    7.5000   22.5000    0.0000 2350.5928   20.8588
   -7.5000   30.0000    0.0000 2239.0181   22.8676
    0.0000   30.0000    0.0000 2251.6392   22.6996
    7.5000   30.0000    0.0000 2216.1926   23.0526
   -7.5000   37.5000    0.0000 2086.9966   25.7003
    0.0000   37.5000    0.0000 2091.4089   25.4530
    7.5000   37.5000    0.0000 2068.2073   25.8450
   -7.5000   45.0000    0.0000 1925.1265   29.3331
    0.0000   45.0000    0.0000 1937.4103   29.0432
    7.5000   45.0000    0.0000 1908.8757   29.4613
   -7.5000  -45.0000    7.5000 2394.9258   19.7692
    0.0000  -45.0000    7.5000 2409.1855   19.6841
    7.5000  -45.0000    7.5000 2386.2747   20.1797
   -7.5000  -37.5000    7.5000 2512.1562   18.0677
    0.0000  -37.5000    7.5000 2529.0837   18.0524
    7.5000  -37.5000    7.5000 2503.9226   18.4343
   -7.5000  -30.0000    7.5000 2606.3059   16.8854
    0.0000  -30.0000    7.5000 2632.8079   16.9058
    7.5000  -30.0000    7.5000 2599.4631   17.2154
   -7.5000  -22.5000    7.5000 2674.2156   16.0309
    0.0000  -22.5000    7.5000 2710.0442   16.0760
    7.5000  -22.5000    7.5000 2664.2791   16.3365
   -7.5000  -15.0000    7.5000 2723.5164   15.6188
    0.0000  -15.0000    7.5000 2754.1143   15.6229
    7.5000  -15.0000    7.5000 2701.4768   15.9168
   -7.5000   -7.5000    7.5000 2736.2375   15.6457
    0.0000   -7.5000    7.5000 2774.8921   15.6749
    7.5000   -7.5000    7.5000 2716.4724   15.8681
   -7.5000    0.0000    7.5000 2714.1274   16.0991
    0.0000    0.0000    7.5000 2739.7515   16.0496
    7.5000    0.0000    7.5000 2686.5652   16.2877
   -7.5000    7.5000    7.5000 2655.4490   16.7725
    0.0000    7.5000    7.5000 2678.1162   16.7343
    7.5000    7.5000    7.5000 2624.1052   16.9859
   -7.5000   15.0000    7.5000 2553.8459   18.0878
    0.0000   15.0000    7.5000 2576.0015   18.0355
    7.5000   15.0000    7.5000 2526.0049   18.2732
   -7.5000   22.5000    7.5000 2432.6399   19.7371
    0.0000   22.5000    7.5000 2450.9495   19.6670
    7.5000   22.5000    7.5000 2406.3533   19.9281
   -7.5000   30.0000    7.5000 2286.5562   21.8710
    0.0000   30.0000    7.5000 2300.7461   21.7552
    7.5000   30.0000    7.5000 2265.1912   22.0321
   -7.5000   37.5000    7.5000 2128.2053   24.6771
    0.0000   37.5000    7.5000 2138.6345   24.4588
    7.5000   37.5000    7.5000 2107.0840   24.7787
   -7.5000   45.0000    7.5000 1955.3124   28.0567
    0.0000   45.0000    7.5000 1973.2610   27.8044
    7.5000   45.0000    7.5000 1942.3699   28.2329
   -7.5000  -45.0000   15.0000 2408.3076   19.2211
    0.0000  -45.0000   15.0000 2421.4456   19.1803
    7.5000  -45.0000   15.0000 2405.6992   19.7262
   -7.5000  -37.5000   15.0000 2525.3264   17.5207
    0.0000  -37.5000   15.0000 2543.1868   17.5145
    7.5000  -37.5000   15.0000 2520.0142   17.9892
   -7.5000  -30.0000   15.0000 2632.4507   16.2630
    0.0000  -30.0000   15.0000 2658.4626   16.2498
    7.5000  -30.0000   15.0000 2626.4636   16.7287
   -7.5000  -22.5000   15.0000 2720.0667   15.2922
    0.0000  -22.5000   15.0000 2760.3071   15.3148
    7.5000  -22.5000   15.0000 2713.2480   15.7214
   -7.5000  -15.0000   15.0000 2773.0962   14.7153
    0.0000  -15.0000   15.0000 2816.5320   14.6934
    7.5000  -15.0000   15.0000 2752.8147   15.1604
   -7.5000   -7.5000   15.0000 2797.2461   14.8718
    0.0000   -7.5000   15.0000 2841.8374   14.8307
    7.5000   -7.5000   15.0000 2774.8738   15.2414
   -7.5000    0.0000   15.0000 2770.5159   15.4490
    0.0000    0.0000   15.0000 2797.7649   15.4221
    7.5000    0.0000   15.0000 2747.8203   15.6876
   -7.5000    7.5000   15.0000 2705.7317   16.2414
    0.0000    7.5000   15.0000 2724.1003   16.2495
    7.5000    7.5000   15.0000 2687.4624   16.4941
   -7.5000   15.0000   15.0000 2595.4065   17.4828
    0.0000   15.0000   15.0000 2614.5515   17.4464
    7.5000   15.0000   15.0000 2581.4343   17.6990
   -7.5000   22.5000   15.0000 2460.9941   19.1512
    0.0000   22.5000   15.0000 2478.1350   19.0674
    7.5000   22.5000   15.0000 2442.8506   19.3484
   -7.5000   30.0000   15.0000 2313.4363   21.2827
    0.0000   30.0000   15.0000 2326.2922   21.1413
    7.5000   30.0000   15.0000 2293.4038   21.4679
   -7.5000   37.5000   15.0000 2150.9487   23.9041
    0.0000   37.5000   15.0000 2163.1433   23.7361
    7.5000   37.5000   15.0000 2137.5090   24.1500
   -7.5000   45.0000   15.0000 1972.4122   27.1546
    0.0000   45.0000   15.0000 1991.9302   26.9885
    7.5000   45.0000   15.0000 1967.2308   27.4419
   -7.5000  -45.0000   22.5000 2423.5564   19.1148
    0.0000  -45.0000   22.5000 2442.1191   19.0307
    7.5000  -45.0000   22.5000 2416.7517   19.6416
   -7.5000  -37.5000   22.5000 2542.1938   17.3736
    0.0000  -37.5000   22.5000 2563.5364   17.2941
    7.5000  -37.5000   22.5000 2537.3591   17.8829
   -7.5000  -30.0000   22.5000 2641.5210   16.1005
    0.0000  -30.0000   22.5000 2667.8721   15.9864
    7.5000  -30.0000   22.5000 2640.2144   16.5747
   -7.5000  -22.5000   22.5000 2719.9380   15.0182
    0.0000  -22.5000   22.5000 2757.4751   14.9276
    7.5000  -22.5000   22.5000 2724.4895   15.5576
   -7.5000  -15.0000   22.5000 2779.6438   14.3280
    0.0000  -15.0000   22.5000 2813.2009   14.1104
    7.5000  -15.0000   22.5000 2771.3350   14.8494
   -7.5000   -7.5000   22.5000 2814.5449   14.4653
    0.0000   -7.5000   22.5000 2855.5190   14.3562
    7.5000   -7.5000   22.5000 2799.2603   14.8064
   -7.5000    0.0000   22.5000 2800.5178   15.1862
    0.0000    0.0000   22.5000 2828.1997   15.0839
    7.5000    0.0000   22.5000 2791.0369   15.4384
   -7.5000    7.5000   22.5000 2737.9387   16.1362
    0.0000    7.5000   22.5000 2761.2852   16.0538
    7.5000    7.5000   22.5000 2726.1636   16.3453
   -7.5000   15.0000   22.5000 2621.6172   17.4418
    0.0000   15.0000   22.5000 2642.5728   17.3089
    7.5000   15.0000   22.5000 2609.5911   17.6270
   -7.5000   22.5000   22.5000 2487.7139   19.0959
    0.0000   22.5000   22.5000 2503.5327   18.9141
    7.5000   22.5000   22.5000 2471.8679   19.2637
   -7.5000   30.0000   22.5000 2338.9663   21.1732
    0.0000   30.0000   22.5000 2354.4709   20.9691
    7.5000   30.0000   22.5000 2325.5876   21.3553
   -7.5000   37.5000   22.5000 2165.4849   23.7089
    0.0000   37.5000   22.5000 2180.5132   23.4747
    7.5000   37.5000   22.5000 2159.0491   23.9498
   -7.5000   45.0000   22.5000 1986.1792   26.8780
    0.0000   45.0000   22.5000 2005.7198   26.6325
    7.5000   45.0000   22.5000 1981.6056   27.1624
   -7.5000  -45.0000   30.0000 2408.4355   19.1522
    0.0000  -45.0000   30.0000 2429.2705   19.0690
    7.5000  -45.0000   30.0000 2398.2183   19.6755
   -7.5000  -37.5000   30.0000 2532.8916   17.5000
    0.0000  -37.5000   30.0000 2555.1428   17.3799
    7.5000  -37.5000   30.0000 2525.5681   17.9888
   -7.5000  -30.0000   30.0000 2639.6936   16.3053
    0.0000  -30.0000   30.0000 2655.7351   16.1577
    7.5000  -30.0000   30.0000 2629.2769   16.7586
   -7.5000  -22.5000   30.0000 2723.0193   15.3394
    0.0000  -22.5000   30.0000 2739.8386   15.0771
    7.5000  -22.5000   30.0000 2714.3242   15.8337
   -7.5000  -15.0000   30.0000 2792.4351   14.7664
    0.0000  -15.0000   30.0000 2811.6575   14.4730
    7.5000  -15.0000   30.0000 2784.1770   15.2288
   -7.5000   -7.5000   30.0000 2827.5369   14.7463
    0.0000   -7.5000   30.0000 2855.6360   14.5061
    7.5000   -7.5000   30.0000 2812.6116   15.0643
   -7.5000    0.0000   30.0000 2798.9922   15.3784
    0.0000    0.0000   30.0000 2826.8066   15.2151
    7.5000    0.0000   30.0000 2789.9177   15.5897
   -7.5000    7.5000   30.0000 2734.1997   16.3314
    0.0000    7.5000   30.0000 2764.5369   16.2788
    7.5000    7.5000   30.0000 2722.2168   16.5221
   -7.5000   15.0000   30.0000 2614.0532   17.6262
    0.0000   15.0000   30.0000 2649.4587   17.5729
    7.5000   15.0000   30.0000 2604.5994   17.8116
   -7.5000   22.5000   30.0000 2480.2512   19.2389
    0.0000   22.5000   30.0000 2512.2871   19.2200
    7.5000   22.5000   30.0000 2472.2009   19.4237
   -7.5000   30.0000   30.0000 2325.7578   21.2204
    0.0000   30.0000   30.0000 2352.2271   21.1366
    7.5000   30.0000   30.0000 2321.5286   21.4042
   -7.5000   37.5000   30.0000 2159.9414   23.7483
    0.0000   37.5000   30.0000 2181.0273   23.5800
    7.5000   37.5000   30.0000 2155.5957   23.9058
   -7.5000   45.0000   30.0000 1990.9441   26.8776
    0.0000   45.0000   30.0000 2000.9227   26.5703
    7.5000   45.0000   30.0000 1986.2118   27.0361
   -7.5000  -45.0000   37.5000 2417.5249   19.8852
    0.0000  -45.0000   37.5000 2421.7051   19.6921
    7.5000  -45.0000   37.5000 2397.4619   20.2826
   -7.5000  -37.5000   37.5000 2535.6777   18.1404
    0.0000  -37.5000   37.5000 2552.3582   17.9944
    7.5000  -37.5000   37.5000 2514.6597   18.4981
   -7.5000  -30.0000   37.5000 2628.6641   16.8809
    0.0000  -30.0000   37.5000 2644.7520   16.7359
    7.5000  -30.0000   37.5000 2612.1035   17.2794
   -7.5000  -22.5000   37.5000 2712.3621   15.9727
    0.0000  -22.5000   37.5000 2742.5398   15.8489
    7.5000  -22.5000   37.5000 2695.7024   16.3996
   -7.5000  -15.0000   37.5000 2777.5876   15.5338
    0.0000  -15.0000   37.5000 2810.9814   15.4527
    7.5000  -15.0000   37.5000 2767.7180   15.9238
   -7.5000   -7.5000   37.5000 2797.7676   15.5052
    0.0000   -7.5000   37.5000 2836.3889   15.4366
    7.5000   -7.5000   37.5000 2787.6470   15.8285
   -7.5000    0.0000   37.5000 2762.7683   15.9308
    0.0000    0.0000   37.5000 2792.4480   15.8657
    7.5000    0.0000   37.5000 2754.4563   16.1948
   -7.5000    7.5000   37.5000 2689.3203   16.7566
    0.0000    7.5000   37.5000 2712.8406   16.6728
    7.5000    7.5000   37.5000 2679.3071   16.9407
   -7.5000   15.0000   37.5000 2583.5798   18.0213
    0.0000   15.0000   37.5000 2604.3215   17.8830
    7.5000   15.0000   37.5000 2569.4050   18.1321
   -7.5000   22.5000   37.5000 2459.8013   19.6317
    0.0000   22.5000   37.5000 2482.1438   19.4721
    7.5000   22.5000   37.5000 2450.3943   19.6955
   -7.5000   30.0000   37.5000 2307.4727   21.5345
    0.0000   30.0000   37.5000 2324.9819   21.3090
    7.5000   30.0000   37.5000 2299.8840   21.6220
   -7.5000   37.5000   37.5000 2148.7834   23.9584
    0.0000   37.5000   37.5000 2165.6677   23.7365
    7.5000   37.5000   37.5000 2133.8889   24.0926
   -7.5000   45.0000   37.5000 1982.3992   27.0435
    0.0000   45.0000   37.5000 1995.3304   26.7683
    7.5000   45.0000   37.5000 1970.0834   27.2697
   -7.5000  -45.0000   45.0000 2385.7598   20.8630
    0.0000  -45.0000   45.0000 2406.9399   20.9048
    7.5000  -45.0000   45.0000 2368.2932   21.2958
   -7.5000  -37.5000   45.0000 2511.2009   19.1718
    0.0000  -37.5000   45.0000 2533.5481   19.1760
    7.5000  -37.5000   45.0000 2489.2346   19.5813
   -7.5000  -30.0000   45.0000 2600.0356   17.9400
    0.0000  -30.0000   45.0000 2623.5034   17.9239
    7.5000  -30.0000   45.0000 2574.6777   18.3261
   -7.5000  -22.5000   45.0000 2676.5818   17.0462
    0.0000  -22.5000   45.0000 2704.6909   17.0667
    7.5000  -22.5000   45.0000 2654.7065   17.4508
   -7.5000  -15.0000   45.0000 2724.3477   16.5865
    0.0000  -15.0000   45.0000 2747.3521   16.5628
    7.5000  -15.0000   45.0000 2714.2388   16.9499
   -7.5000   -7.5000   45.0000 2724.9490   16.4673
    0.0000   -7.5000   45.0000 2756.4487   16.4113
    7.5000   -7.5000   45.0000 2714.4612   16.7461
   -7.5000    0.0000   45.0000 2691.0374   16.7477
    0.0000    0.0000   45.0000 2716.5156   16.6903
    7.5000    0.0000   45.0000 2680.9705   16.9678
   -7.5000    7.5000   45.0000 2613.3289   17.4823
    0.0000    7.5000   45.0000 2639.0957   17.4791
    7.5000    7.5000   45.0000 2602.1941   17.7388
   -7.5000   15.0000   45.0000 2515.5620   18.6553
    0.0000   15.0000   45.0000 2534.9998   18.6539
    7.5000   15.0000   45.0000 2500.1770   18.8976
   -7.5000   22.5000   45.0000 2403.6091   20.1911
    0.0000   22.5000   45.0000 2418.0071   20.1094
    7.5000   22.5000   45.0000 2387.7700   20.3751
   -7.5000   30.0000   45.0000 2263.4863   22.0760
    0.0000   30.0000   45.0000 2278.4407   21.8581
    7.5000   30.0000   45.0000 2246.0935   22.2198
   -7.5000   37.5000   45.0000 2117.0566   24.4667
    0.0000   37.5000   45.0000 2135.0686   24.1940
    7.5000   37.5000   45.0000 2102.3582   24.6226
   -7.5000   45.0000   45.0000 1962.3438   27.5817
    0.0000   45.0000   45.0000 1971.4375   27.2611
    7.5000   45.0000   45.0000 1948.5195   27.7629

---------------------------------------------------------------------
imgreg_4dfp /opt/freesurfer/average/711-2C_as_mni_average_305 /opt/freesurfer/average/711-2B_as_mni_average_305_mask talsrcimg_g11 none talsrcimg_to_711-2C_as_mni_average_305_t4 1283
---------------------------------------------------------------------

freesurfer imgreg_4dfp.c
/opt/freesurfer/average/711-2C_as_mni_average_305.4dfp.img
       256       256       256         1
  1.000000  1.000000  1.000000
orientation T byte_order littleendian
Reading image: /opt/freesurfer/average/711-2C_as_mni_average_305.4dfp.img
dimensions:      256       256       256
mmppix:       1.0000   -1.0000   -1.0000
center:     128.0000 -129.0000 -129.0000
/opt/freesurfer/average/711-2B_as_mni_average_305_mask.4dfp.img
       256       256       256         1
  1.000000  1.000000  1.000000
orientation T byte_order littleendian
Reading mask: /opt/freesurfer/average/711-2B_as_mni_average_305_mask.4dfp.img (2306576 pixels)
talsrcimg_g11.4dfp.img
       256       256       256         1
  1.000000  1.000000  1.000000
orientation T byte_order littleendian
Reading image: talsrcimg_g11.4dfp.img
dimensions:      256       256       256
mmppix:       1.0000   -1.0000   -1.0000
center:     128.0000 -129.0000 -129.0000
rotation matrix determinant  1.000000
fimgreg.f
image alignment mode   1283 decimal      503 hex
parameters
    0.0000   -7.5000   30.0000    0.0000    0.0000    0.0000
eta,q 0.89458 14.44938
niter,ni,del,rscale     5    3   12.0000    1.2000
parameter  1  1.197747 ->  0.500000 qaram    1.1500
parameter  2 14.715611 -> -0.500000 qaram    1.1500
parameter  3  0.634498 ->  0.500000 qaram    1.1500
parameter  4  2.010361 -> -0.500000 qaram    1.1500
parameters
   -3.4500   -4.0500   26.5500    3.4500    1.2510   -1.9515
eta,q 0.90067 14.79681
  0.1073  0.1081  0.1028  0.1046  0.1025  0.1001
  0.1063  0.1047  0.1048  0.1040  0.1016  0.0996
  0.1084  0.1040  0.1016  0.1049  0.1004  0.0993
  0.1105  0.1061  0.1010  0.1035  0.0994  0.0993
  0.1120  0.1041  0.1104  0.1011  0.0993  0.1001
  0.1141  0.0998  0.1158  0.0993  0.0996  0.1016
  0.1176  0.1014  0.1166  0.1006  0.1012  0.1033
niter,ni,del,rscale     7    3   12.0000    1.2000
parameters
   -2.3840   -4.9211   25.9615    6.5920   -0.4576   -3.4544
eta,q 0.90324 14.76277
  0.1131  0.1082  0.1058  0.1060  0.1001  0.0987
  0.1046  0.1034  0.1029  0.1057  0.0982  0.0969
  0.1003  0.0997  0.0985  0.1028  0.0976  0.0966
  0.0993  0.0992  0.0990  0.0990  0.0984  0.0976
  0.0992  0.1011  0.0988  0.0981  0.0997  0.0983
  0.1006  0.1068  0.1045  0.0989  0.1013  0.0986
  0.1059  0.1156  0.1098  0.1010  0.1033  0.1001
niter,ni,del,rscale     6    3   12.0000    1.2000
parameters
   -2.2741   -6.9847   25.9875    7.3743   -1.1513   -2.6426
eta,q 0.90712 14.57489
  0.1091  0.1047  0.1033  0.1069  0.0967  0.0977
  0.1008  0.0968  0.1033  0.1024  0.0955  0.0964
  0.0977  0.0930  0.0944  0.0968  0.0935  0.0944
  0.0968  0.0968  0.0931  0.0932  0.0933  0.0931
  0.0991  0.1040  0.0952  0.0946  0.0949  0.0927
  0.1023  0.1119  0.0980  0.0980  0.0969  0.0937
  0.1065  0.1191  0.1063  0.1028  0.0982  0.0966
niter,ni,del,rscale     5    3   12.0000    1.2000
parameters
   -2.1268   -7.5588   26.1710    7.8837   -1.4095   -2.6927
eta,q 0.90712 14.55198
  0.1042  0.1083  0.1016  0.1066  0.0966  0.0971
  0.0960  0.1026  0.1025  0.1014  0.0955  0.0956
  0.0934  0.0940  0.0939  0.0949  0.0936  0.0939
  0.0929  0.0929  0.0923  0.0925  0.0929  0.0929
  0.0952  0.0980  0.0940  0.0952  0.0942  0.0930
  0.0973  0.1062  0.0961  0.0987  0.0960  0.0947
  0.1014  0.1136  0.1041  0.1030  0.0970  0.0982
niter,ni,del,rscale     4    3   12.0000    1.2000
parameters
   -2.1571   -7.8231   26.4097    8.2431   -2.0656   -2.7691
eta,q 0.90670 14.53910
  0.1031  0.1091  0.1020  0.1063  0.0963  0.0972
  0.0954  0.1035  0.1027  0.1009  0.0956  0.0959
  0.0931  0.0955  0.0943  0.0943  0.0940  0.0943
  0.0929  0.0929  0.0927  0.0928  0.0932  0.0933
  0.0954  0.0966  0.0941  0.0955  0.0946  0.0933
  0.0972  0.1042  0.0963  0.0988  0.0965  0.0951
  0.1013  0.1123  0.1042  0.1035  0.0978  0.0985
niter,ni,del,rscale     3    3   12.0000    1.2000
parameters
   -2.0668   -8.0172   26.7118    8.5680   -2.7416   -2.7919
eta,q 0.90615 14.52497
  0.1040  0.1090  0.1026  0.1062  0.0966  0.0976
  0.0958  0.1035  0.1026  0.1007  0.0960  0.0964
  0.0934  0.0961  0.0946  0.0943  0.0947  0.0949
  0.0933  0.0933  0.0932  0.0934  0.0937  0.0938
  0.0956  0.0964  0.0942  0.0957  0.0946  0.0940
  0.0976  0.1033  0.0962  0.0989  0.0968  0.0955
  0.1013  0.1119  0.1042  0.1036  0.0984  0.0985
niter,ni,del,rscale     2    3   12.0000    1.2000
parameters
   -1.9804   -8.2355   27.0100    8.8617   -3.2439   -2.7243
eta,q 0.90580 14.51181
  0.1046  0.1087  0.1032  0.1060  0.0972  0.0980
  0.0963  0.1032  0.1022  0.1007  0.0962  0.0967
  0.0938  0.0965  0.0950  0.0946  0.0953  0.0952
  0.0938  0.0939  0.0938  0.0938  0.0940  0.0942
  0.0959  0.0967  0.0942  0.0960  0.0947  0.0944
  0.0982  0.1031  0.0965  0.0991  0.0969  0.0959
  0.1018  0.1118  0.1045  0.1038  0.0988  0.0986
niter,ni,del,rscale     1    3   12.0000    1.2000
parameters
   -1.9772   -8.4778   27.2002    9.1262   -3.5403   -2.6768
eta,q 0.90552 14.49550
  0.1050  0.1083  0.1038  0.1058  0.0978  0.0983
  0.0965  0.1030  0.1015  0.1008  0.0964  0.0969
  0.0940  0.0967  0.0951  0.0948  0.0957  0.0954
  0.0942  0.0942  0.0941  0.0941  0.0943  0.0945
  0.0965  0.0969  0.0944  0.0962  0.0947  0.0948
  0.0990  0.1028  0.0971  0.0991  0.0969  0.0962
  0.1025  0.1117  0.1051  0.1040  0.0990  0.0988
registration optimization eta report
parameter search radius
    6.9000    6.9000    6.9000    6.9000    6.0000    6.0000
100000*second partial in parameter space
       20.       32.       22.       22.       11.       11.
  0.1050  0.1083  0.1038  0.1058  0.0978  0.0983
  0.0965  0.1030  0.1015  0.1008  0.0964  0.0969
  0.0940  0.0967  0.0951  0.0948  0.0957  0.0954
  0.0942  0.0942  0.0941  0.0941  0.0943  0.0945
  0.0965  0.0969  0.0944  0.0962  0.0947  0.0948
  0.0990  0.1028  0.0971  0.0991  0.0969  0.0962
  0.1025  0.1117  0.1051  0.1040  0.0990  0.0988
   -1.9772   -8.4778   27.2002    9.1262   -3.5403   -2.6768
eta,q 0.90552 14.49550

---------------------------------------------------------------------
imgreg_4dfp /opt/freesurfer/average/711-2C_as_mni_average_305 /opt/freesurfer/average/711-2B_as_mni_average_305_mask talsrcimg_g11 none talsrcimg_to_711-2C_as_mni_average_305_t4 3335
---------------------------------------------------------------------

freesurfer imgreg_4dfp.c
/opt/freesurfer/average/711-2C_as_mni_average_305.4dfp.img
       256       256       256         1
  1.000000  1.000000  1.000000
orientation T byte_order littleendian
Reading image: /opt/freesurfer/average/711-2C_as_mni_average_305.4dfp.img
dimensions:      256       256       256
mmppix:       1.0000   -1.0000   -1.0000
center:     128.0000 -129.0000 -129.0000
/opt/freesurfer/average/711-2B_as_mni_average_305_mask.4dfp.img
       256       256       256         1
  1.000000  1.000000  1.000000
orientation T byte_order littleendian
Reading mask: /opt/freesurfer/average/711-2B_as_mni_average_305_mask.4dfp.img (2306576 pixels)
talsrcimg_g11.4dfp.img
       256       256       256         1
  1.000000  1.000000  1.000000
orientation T byte_order littleendian
Reading image: talsrcimg_g11.4dfp.img
dimensions:      256       256       256
mmppix:       1.0000   -1.0000   -1.0000
center:     128.0000 -129.0000 -129.0000
fimgreg.f
image alignment mode   3335 decimal      D07 hex
parameters
   -1.9772   -8.4778   27.2002   -0.2997   -1.4193   -1.4543
    5.5894    5.3495   -4.6612  -16.1284   -6.1751   15.8307
eta,q 0.90235 14.38896
niter,ni,del,rscale     5    3    5.0000    1.2000
parameter  3  0.508198 ->  0.500000 qaram    1.1500
parameter  4  4.952186 ->  0.500000 qaram    1.1500
parameter  5  2.124206 ->  0.500000 qaram    1.1500
parameter  6 -4.677473 ->  0.500000 qaram    1.1500
parameter  7  0.753840 ->  0.500000 qaram    1.1500
parameter  8  1.130789 ->  0.500000 qaram    1.1500
parameter 11  1.854490 -> -0.500000 qaram    1.1500
parameter 12  2.462933 ->  0.500000 qaram    1.1500
parameters
   -1.3136   -8.0672   25.8202   -4.4397   -5.5593   -5.5943
    1.4494    1.2095   -3.1433  -13.0939   -2.0351   11.6907
eta,q 0.92923 13.24763
  0.0992  0.0995  0.0976  0.0863  0.0812  0.0685  0.0753  0.0734  0.0770  0.0783  0.0753  0.0695
  0.0984  0.0985  0.0973  0.0895  0.0834  0.0742  0.0752  0.0742  0.0758  0.0763  0.0751  0.0704
  0.0979  0.0979  0.0973  0.0931  0.0865  0.0801  0.0755  0.0748  0.0749  0.0750  0.0749  0.0718
  0.0976  0.0975  0.0975  0.0973  0.0905  0.0842  0.0761  0.0753  0.0744  0.0743  0.0745  0.0736
  0.0975  0.0975  0.0980  0.1014  0.0949  0.0881  0.0772  0.0761  0.0743  0.0744  0.0740  0.0758
  0.0976  0.0979  0.0985  0.1057  0.0997  0.0920  0.0785  0.0777  0.0747  0.0747  0.0735  0.0779
  0.0981  0.0985  0.0988  0.1105  0.1054  0.0969  0.0802  0.0798  0.0755  0.0744  0.0730  0.0800
niter,ni,del,rscale     7    3    5.0000    1.2000
parameter  3 -1.096310 -> -0.500000 qaram    1.3225
parameter  4  3.086034 ->  0.500000 qaram    1.3225
parameter  5  1.584494 ->  0.500000 qaram    1.3225
parameter  6  1.568423 ->  0.500000 qaram    1.3225
parameter 10 -0.859793 -> -0.500000 qaram    1.1500
parameter 12 -0.672159 -> -0.500000 qaram    1.3225
parameters
   -1.0392   -7.7054   27.4072   -9.2007  -10.3203  -10.3553
    1.3480   -1.1692   -0.9987   -8.9539   -3.8658   16.4517
eta,q 0.95247 13.14808
  0.0731  0.0730  0.0737  0.0581  0.0555  0.0493  0.0537  0.0540  0.0530  0.0583  0.0493  0.0525
  0.0718  0.0721  0.0727  0.0609  0.0576  0.0510  0.0524  0.0518  0.0520  0.0557  0.0487  0.0511
  0.0711  0.0713  0.0717  0.0649  0.0594  0.0533  0.0517  0.0509  0.0513  0.0531  0.0485  0.0497
  0.0708  0.0708  0.0707  0.0697  0.0619  0.0581  0.0514  0.0514  0.0509  0.0508  0.0486  0.0485
  0.0709  0.0707  0.0700  0.0749  0.0654  0.0645  0.0516  0.0533  0.0508  0.0491  0.0488  0.0477
  0.0714  0.0712  0.0697  0.0803  0.0693  0.0702  0.0524  0.0564  0.0510  0.0485  0.0494  0.0475
  0.0721  0.0721  0.0697  0.0857  0.0743  0.0762  0.0538  0.0599  0.0514  0.0490  0.0505  0.0481
niter,ni,del,rscale     7    3    5.0000    1.2000
parameter  2  0.528528 ->  0.500000 qaram    1.1500
parameter  3  1.015166 ->  0.500000 qaram    1.5209
parameter  4  0.854011 ->  0.500000 qaram    1.5209
parameter  5  1.143760 ->  0.500000 qaram    1.5209
parameter  6  0.723309 ->  0.500000 qaram    1.5209
parameter 12  2.086359 ->  0.500000 qaram    1.5209
parameters
   -0.9764   -9.0854   25.5821  -14.6758  -15.7955  -15.8305
    2.0087    0.2990    0.2444  -13.0107   -2.2975   10.9766
eta,q 0.96891 12.62811
  0.0508  0.0475  0.0445  0.0399  0.0355  0.0342  0.0374  0.0409  0.0358  0.0339  0.0357  0.0307
  0.0490  0.0470  0.0443  0.0404  0.0370  0.0340  0.0359  0.0378  0.0349  0.0333  0.0345  0.0309
  0.0479  0.0470  0.0452  0.0416  0.0386  0.0350  0.0347  0.0355  0.0343  0.0333  0.0337  0.0318
  0.0475  0.0475  0.0469  0.0444  0.0407  0.0374  0.0342  0.0341  0.0339  0.0339  0.0332  0.0331
  0.0479  0.0486  0.0492  0.0495  0.0437  0.0426  0.0343  0.0341  0.0339  0.0350  0.0332  0.0346
  0.0489  0.0500  0.0518  0.0561  0.0477  0.0512  0.0352  0.0353  0.0342  0.0369  0.0336  0.0359
  0.0504  0.0517  0.0546  0.0631  0.0535  0.0580  0.0367  0.0375  0.0349  0.0394  0.0343  0.0372
niter,ni,del,rscale     7    3    5.0000    1.2000
parameter  2  0.957039 ->  0.500000 qaram    1.3225
parameter  3  0.921078 ->  0.500000 qaram    1.7490
parameters
   -0.5817  -10.6724   23.4833  -16.3214  -18.5947  -16.9566
    1.2806    0.4277   -0.9863  -12.4832   -2.0045   11.6821
eta,q 0.97461 12.56247
  0.0354  0.0287  0.0249  0.0294  0.0301  0.0311  0.0283  0.0301  0.0269  0.0304  0.0269  0.0291
  0.0333  0.0285  0.0252  0.0272  0.0274  0.0287  0.0267  0.0278  0.0259  0.0275  0.0261  0.0273
  0.0318  0.0293  0.0264  0.0259  0.0252  0.0268  0.0257  0.0262  0.0254  0.0259  0.0257  0.0261
  0.0311  0.0310  0.0286  0.0254  0.0256  0.0250  0.0255  0.0255  0.0255  0.0254  0.0254  0.0254
  0.0311  0.0333  0.0320  0.0259  0.0288  0.0238  0.0261  0.0259  0.0260  0.0259  0.0255  0.0256
  0.0318  0.0360  0.0365  0.0288  0.0331  0.0282  0.0275  0.0274  0.0269  0.0271  0.0260  0.0265
  0.0333  0.0388  0.0415  0.0347  0.0381  0.0394  0.0295  0.0301  0.0282  0.0290  0.0267  0.0285
niter,ni,del,rscale     7    3    5.0000    1.2000
parameters
   -0.5143  -10.4696   22.4447  -15.5885  -18.9507  -17.8512
    1.5315    0.5005   -1.1527  -12.0496   -1.7013   11.7094
eta,q 0.97447 12.54924
  0.0287  0.0313  0.0276  0.0303  0.0321  0.0311  0.0291  0.0300  0.0273  0.0300  0.0269  0.0286
  0.0269  0.0283  0.0260  0.0278  0.0295  0.0286  0.0272  0.0278  0.0263  0.0273  0.0262  0.0270
  0.0258  0.0263  0.0252  0.0260  0.0269  0.0267  0.0260  0.0262  0.0257  0.0259  0.0257  0.0260
  0.0254  0.0254  0.0254  0.0251  0.0250  0.0251  0.0255  0.0255  0.0255  0.0255  0.0255  0.0255
  0.0257  0.0258  0.0265  0.0250  0.0262  0.0235  0.0259  0.0259  0.0258  0.0260  0.0256  0.0259
  0.0267  0.0274  0.0288  0.0260  0.0295  0.0268  0.0270  0.0273  0.0264  0.0271  0.0261  0.0269
  0.0283  0.0300  0.0325  0.0298  0.0338  0.0387  0.0287  0.0302  0.0275  0.0288  0.0267  0.0287
niter,ni,del,rscale     6    3    5.0000    1.2000
parameters
   -0.4731  -10.1954   22.3204  -15.7888  -19.0602  -18.0410
    1.5135    0.5865   -1.3408  -11.5762   -1.5712   11.4096
eta,q 0.97438 12.51892
  0.0287  0.0313  0.0294  0.0300  0.0324  0.0317  0.0289  0.0300  0.0273  0.0298  0.0270  0.0285
  0.0270  0.0284  0.0273  0.0276  0.0298  0.0291  0.0271  0.0278  0.0263  0.0273  0.0263  0.0270
  0.0259  0.0264  0.0259  0.0261  0.0273  0.0270  0.0260  0.0263  0.0258  0.0260  0.0258  0.0260
  0.0255  0.0255  0.0255  0.0255  0.0255  0.0255  0.0256  0.0256  0.0256  0.0256  0.0256  0.0256
  0.0258  0.0258  0.0260  0.0255  0.0264  0.0239  0.0260  0.0260  0.0258  0.0260  0.0258  0.0261
  0.0268  0.0272  0.0275  0.0271  0.0294  0.0256  0.0272  0.0273  0.0265  0.0271  0.0262  0.0271
  0.0285  0.0296  0.0300  0.0312  0.0334  0.0361  0.0289  0.0302  0.0275  0.0287  0.0269  0.0289
niter,ni,del,rscale     5    3    5.0000    1.2000
parameters
   -0.4598  -10.0407   22.2561  -15.8077  -19.1609  -18.0465
    1.5347    0.6084   -1.4668  -11.2799   -1.5186   11.2401
eta,q 0.97434 12.50936
  0.0287  0.0308  0.0297  0.0302  0.0323  0.0319  0.0290  0.0300  0.0273  0.0295  0.0270  0.0286
  0.0270  0.0281  0.0275  0.0278  0.0299  0.0293  0.0272  0.0278  0.0264  0.0271  0.0263  0.0271
  0.0260  0.0264  0.0261  0.0263  0.0274  0.0272  0.0260  0.0263  0.0258  0.0259  0.0258  0.0261
  0.0256  0.0256  0.0256  0.0256  0.0256  0.0256  0.0256  0.0256  0.0256  0.0256  0.0257  0.0257
  0.0260  0.0260  0.0261  0.0256  0.0265  0.0240  0.0260  0.0260  0.0259  0.0261  0.0258  0.0261
  0.0270  0.0275  0.0276  0.0271  0.0295  0.0255  0.0272  0.0274  0.0264  0.0271  0.0263  0.0271
  0.0286  0.0299  0.0300  0.0310  0.0333  0.0355  0.0289  0.0303  0.0274  0.0287  0.0269  0.0289
niter,ni,del,rscale     4    3    5.0000    1.2000
parameters
   -0.4523   -9.9415   22.2216  -15.7989  -19.2458  -18.0655
    1.5461    0.6199   -1.5356  -11.0922   -1.4856   11.1510
eta,q 0.97431 12.50326
  0.0287  0.0306  0.0298  0.0303  0.0323  0.0319  0.0290  0.0300  0.0273  0.0293  0.0270  0.0287
  0.0270  0.0280  0.0276  0.0279  0.0299  0.0293  0.0272  0.0278  0.0264  0.0271  0.0263  0.0272
  0.0260  0.0263  0.0262  0.0263  0.0275  0.0272  0.0260  0.0263  0.0258  0.0259  0.0258  0.0261
  0.0257  0.0257  0.0257  0.0256  0.0256  0.0257  0.0257  0.0257  0.0257  0.0257  0.0257  0.0257
  0.0260  0.0261  0.0261  0.0257  0.0265  0.0240  0.0261  0.0261  0.0259  0.0262  0.0259  0.0261
  0.0270  0.0276  0.0276  0.0271  0.0294  0.0256  0.0272  0.0274  0.0265  0.0272  0.0263  0.0271
  0.0286  0.0300  0.0300  0.0310  0.0333  0.0355  0.0289  0.0303  0.0274  0.0287  0.0270  0.0289
niter,ni,del,rscale     3    3    5.0000    1.2000
parameters
   -0.4498   -9.8765   22.1997  -15.7988  -19.3084  -18.0780
    1.5481    0.6312   -1.5847  -10.9655   -1.4627   11.1092
eta,q 0.97428 12.49874
  0.0287  0.0304  0.0298  0.0303  0.0323  0.0319  0.0290  0.0300  0.0273  0.0292  0.0271  0.0287
  0.0270  0.0279  0.0276  0.0279  0.0299  0.0293  0.0272  0.0279  0.0264  0.0270  0.0263  0.0272
  0.0260  0.0263  0.0262  0.0264  0.0275  0.0272  0.0261  0.0263  0.0259  0.0259  0.0259  0.0262
  0.0257  0.0257  0.0257  0.0257  0.0257  0.0257  0.0257  0.0257  0.0257  0.0257  0.0257  0.0257
  0.0260  0.0262  0.0262  0.0257  0.0265  0.0241  0.0261  0.0261  0.0259  0.0262  0.0259  0.0261
  0.0271  0.0277  0.0276  0.0271  0.0294  0.0256  0.0273  0.0274  0.0265  0.0272  0.0264  0.0271
  0.0287  0.0301  0.0300  0.0311  0.0332  0.0355  0.0290  0.0303  0.0274  0.0287  0.0270  0.0289
niter,ni,del,rscale     2    3    5.0000    1.2000
parameters
   -0.4469   -9.8322   22.1866  -15.7916  -19.3549  -18.0939
    1.5502    0.6370   -1.6115  -10.8753   -1.4476   11.0838
eta,q 0.97425 12.49572
  0.0287  0.0303  0.0299  0.0303  0.0323  0.0320  0.0290  0.0300  0.0274  0.0292  0.0271  0.0287
  0.0271  0.0279  0.0276  0.0280  0.0299  0.0294  0.0272  0.0279  0.0264  0.0270  0.0264  0.0272
  0.0261  0.0263  0.0262  0.0264  0.0276  0.0272  0.0261  0.0263  0.0259  0.0259  0.0259  0.0262
  0.0257  0.0257  0.0257  0.0257  0.0257  0.0257  0.0257  0.0257  0.0257  0.0257  0.0257  0.0257
  0.0261  0.0262  0.0262  0.0258  0.0265  0.0241  0.0262  0.0261  0.0259  0.0262  0.0259  0.0261
  0.0271  0.0277  0.0276  0.0272  0.0294  0.0257  0.0273  0.0275  0.0265  0.0272  0.0264  0.0271
  0.0287  0.0301  0.0300  0.0311  0.0331  0.0355  0.0290  0.0303  0.0273  0.0287  0.0271  0.0289
niter,ni,del,rscale     1    3    5.0000    1.2000
parameters
   -0.4448   -9.8007   22.1758  -15.7910  -19.3906  -18.1070
    1.5512    0.6419   -1.6409  -10.8164   -1.4285   11.0680
eta,q 0.97423 12.49320
  0.0287  0.0303  0.0299  0.0304  0.0323  0.0320  0.0290  0.0300  0.0274  0.0291  0.0271  0.0287
  0.0271  0.0279  0.0277  0.0280  0.0299  0.0294  0.0272  0.0279  0.0264  0.0270  0.0264  0.0273
  0.0261  0.0263  0.0263  0.0264  0.0276  0.0273  0.0261  0.0264  0.0259  0.0259  0.0259  0.0262
  0.0257  0.0257  0.0257  0.0258  0.0258  0.0258  0.0258  0.0258  0.0258  0.0258  0.0258  0.0258
  0.0261  0.0262  0.0262  0.0258  0.0265  0.0242  0.0262  0.0261  0.0260  0.0262  0.0259  0.0261
  0.0271  0.0278  0.0276  0.0272  0.0294  0.0257  0.0273  0.0275  0.0265  0.0272  0.0264  0.0271
  0.0287  0.0301  0.0300  0.0311  0.0331  0.0355  0.0290  0.0303  0.0273  0.0287  0.0271  0.0289
registration optimization eta report
parameter search radius
    2.4000    3.1740    4.1976   10.9503   10.9503   10.9503
    8.2800    8.2800    7.2000    8.2800    8.2800   10.9503
100000*second partial in parameter space
       52.       44.       24.        4.        6.        7.
        5.        6.        3.        5.        2.        3.
  0.0287  0.0303  0.0299  0.0304  0.0323  0.0320  0.0290  0.0300  0.0274  0.0291  0.0271  0.0287
  0.0271  0.0279  0.0277  0.0280  0.0299  0.0294  0.0272  0.0279  0.0264  0.0270  0.0264  0.0273
  0.0261  0.0263  0.0263  0.0264  0.0276  0.0273  0.0261  0.0264  0.0259  0.0259  0.0259  0.0262
  0.0257  0.0257  0.0257  0.0258  0.0258  0.0258  0.0258  0.0258  0.0258  0.0258  0.0258  0.0258
  0.0261  0.0262  0.0262  0.0258  0.0265  0.0242  0.0262  0.0261  0.0260  0.0262  0.0259  0.0261
  0.0271  0.0278  0.0276  0.0272  0.0294  0.0257  0.0273  0.0275  0.0265  0.0272  0.0264  0.0271
  0.0287  0.0301  0.0300  0.0311  0.0331  0.0355  0.0290  0.0303  0.0273  0.0287  0.0271  0.0289
   -0.4448   -9.8007   22.1758  -15.7910  -19.3906  -18.1070
    1.5512    0.6419   -1.6409  -10.8164   -1.4285   11.0680
eta,q 0.97423 12.49320

---------------------------------------------------------------------
imgreg_4dfp /opt/freesurfer/average/711-2C_as_mni_average_305 /opt/freesurfer/average/711-2B_as_mni_average_305_mask talsrcimg_g11 none talsrcimg_to_711-2C_as_mni_average_305_t4 2311
---------------------------------------------------------------------

freesurfer imgreg_4dfp.c
/opt/freesurfer/average/711-2C_as_mni_average_305.4dfp.img
       256       256       256         1
  1.000000  1.000000  1.000000
orientation T byte_order littleendian
Reading image: /opt/freesurfer/average/711-2C_as_mni_average_305.4dfp.img
dimensions:      256       256       256
mmppix:       1.0000   -1.0000   -1.0000
center:     128.0000 -129.0000 -129.0000
/opt/freesurfer/average/711-2B_as_mni_average_305_mask.4dfp.img
       256       256       256         1
  1.000000  1.000000  1.000000
orientation T byte_order littleendian
Reading mask: /opt/freesurfer/average/711-2B_as_mni_average_305_mask.4dfp.img (2306576 pixels)
talsrcimg_g11.4dfp.img
       256       256       256         1
  1.000000  1.000000  1.000000
orientation T byte_order littleendian
Reading image: talsrcimg_g11.4dfp.img
dimensions:      256       256       256
mmppix:       1.0000   -1.0000   -1.0000
center:     128.0000 -129.0000 -129.0000
fimgreg.f
image alignment mode   2311 decimal      907 hex
parameters
   -0.4448   -9.8007   22.1758  -15.7910  -19.3906  -18.1070
    1.5512    0.6419   -1.6409  -10.8164   -1.4285   11.0680
eta,q 0.97423 12.49320
niter,ni,del,rscale     5    3    5.0000    0.8000
parameter  6 -5.558848 -> -0.500000 qaram    1.1500
parameters
   -0.4538   -9.7723   22.2223  -14.3765  -18.7470  -15.3470
    2.0015    0.4551   -1.3525  -11.2139   -1.3115   10.2148
eta,q 0.97582 12.68721
  0.0271  0.0270  0.0264  0.0268  0.0283  0.0279  0.0258  0.0259  0.0251  0.0253  0.0246  0.0246
  0.0264  0.0263  0.0261  0.0263  0.0273  0.0270  0.0250  0.0250  0.0246  0.0246  0.0244  0.0243
  0.0259  0.0259  0.0259  0.0260  0.0263  0.0263  0.0244  0.0245  0.0243  0.0242  0.0243  0.0242
  0.0258  0.0258  0.0258  0.0258  0.0257  0.0256  0.0242  0.0242  0.0242  0.0242  0.0242  0.0242
  0.0259  0.0259  0.0258  0.0257  0.0256  0.0248  0.0243  0.0243  0.0243  0.0245  0.0242  0.0243
  0.0264  0.0263  0.0260  0.0258  0.0263  0.0240  0.0246  0.0250  0.0245  0.0249  0.0243  0.0247
  0.0271  0.0269  0.0264  0.0260  0.0274  0.0236  0.0253  0.0265  0.0249  0.0257  0.0246  0.0252
niter,ni,del,rscale     5    3    5.0000    0.8000
parameters
   -0.4903  -10.0214   22.2546  -13.6626  -18.3147  -14.7708
    2.1701    0.0483   -1.1705  -11.5827   -2.0425    9.9756
eta,q 0.97634 12.76381
  0.0256  0.0251  0.0249  0.0253  0.0269  0.0268  0.0252  0.0255  0.0247  0.0250  0.0240  0.0243
  0.0248  0.0245  0.0245  0.0248  0.0257  0.0259  0.0244  0.0245  0.0242  0.0242  0.0238  0.0239
  0.0243  0.0242  0.0242  0.0244  0.0247  0.0251  0.0239  0.0239  0.0238  0.0237  0.0237  0.0237
  0.0242  0.0242  0.0241  0.0241  0.0241  0.0240  0.0237  0.0237  0.0237  0.0237  0.0237  0.0237
  0.0244  0.0245  0.0242  0.0240  0.0241  0.0232  0.0238  0.0239  0.0238  0.0240  0.0237  0.0237
  0.0249  0.0251  0.0245  0.0243  0.0249  0.0240  0.0242  0.0248  0.0241  0.0246  0.0240  0.0240
  0.0257  0.0260  0.0249  0.0249  0.0263  0.0268  0.0250  0.0266  0.0246  0.0255  0.0244  0.0245
niter,ni,del,rscale     4    3    5.0000    0.7000
parameters
   -0.5377  -10.1891   22.2934  -13.3228  -18.1085  -14.2290
    2.1419   -0.1015   -0.8057  -11.9051   -2.5656    9.8348
eta,q 0.97674 12.80420
  0.0248  0.0246  0.0244  0.0245  0.0259  0.0262  0.0244  0.0250  0.0242  0.0244  0.0236  0.0238
  0.0241  0.0240  0.0240  0.0242  0.0249  0.0255  0.0238  0.0241  0.0237  0.0237  0.0234  0.0235
  0.0238  0.0237  0.0237  0.0239  0.0241  0.0246  0.0234  0.0235  0.0234  0.0233  0.0233  0.0233
  0.0237  0.0237  0.0236  0.0236  0.0236  0.0236  0.0233  0.0233  0.0233  0.0233  0.0233  0.0233
  0.0238  0.0239  0.0237  0.0236  0.0237  0.0229  0.0234  0.0234  0.0233  0.0235  0.0233  0.0233
  0.0243  0.0244  0.0239  0.0238  0.0245  0.0237  0.0238  0.0241  0.0235  0.0240  0.0235  0.0235
  0.0249  0.0251  0.0243  0.0244  0.0257  0.0261  0.0245  0.0254  0.0240  0.0248  0.0239  0.0239
niter,ni,del,rscale     3    3    5.0000    0.6000
parameters
   -0.5612  -10.2848   22.3430  -13.0994  -18.0123  -13.8482
    2.0571   -0.1200   -0.5635  -12.0688   -2.8009    9.7504
eta,q 0.97698 12.82653
  0.0242  0.0240  0.0239  0.0240  0.0250  0.0257  0.0239  0.0245  0.0237  0.0240  0.0234  0.0235
  0.0236  0.0236  0.0235  0.0237  0.0242  0.0250  0.0234  0.0237  0.0234  0.0234  0.0232  0.0232
  0.0234  0.0233  0.0233  0.0234  0.0236  0.0241  0.0231  0.0232  0.0231  0.0231  0.0231  0.0231
  0.0233  0.0233  0.0233  0.0233  0.0232  0.0232  0.0230  0.0230  0.0230  0.0230  0.0230  0.0230
  0.0234  0.0234  0.0233  0.0232  0.0234  0.0228  0.0231  0.0232  0.0231  0.0232  0.0231  0.0231
  0.0237  0.0238  0.0235  0.0234  0.0240  0.0236  0.0235  0.0237  0.0233  0.0236  0.0232  0.0232
  0.0242  0.0243  0.0238  0.0239  0.0250  0.0256  0.0240  0.0246  0.0236  0.0242  0.0235  0.0235
niter,ni,del,rscale     2    3    5.0000    0.5000
parameters
   -0.5597  -10.3347   22.3867  -13.0036  -17.9542  -13.5270
    1.9912   -0.1111   -0.4607  -12.1787   -2.9180    9.6112
eta,q 0.97712 12.83744
  0.0237  0.0236  0.0236  0.0236  0.0244  0.0252  0.0235  0.0240  0.0234  0.0236  0.0232  0.0232
  0.0233  0.0233  0.0233  0.0233  0.0237  0.0245  0.0231  0.0234  0.0231  0.0232  0.0230  0.0230
  0.0231  0.0231  0.0231  0.0231  0.0232  0.0237  0.0229  0.0230  0.0229  0.0229  0.0229  0.0229
  0.0230  0.0230  0.0230  0.0230  0.0230  0.0230  0.0229  0.0229  0.0229  0.0229  0.0229  0.0229
  0.0231  0.0231  0.0231  0.0230  0.0231  0.0228  0.0230  0.0230  0.0229  0.0230  0.0229  0.0229
  0.0233  0.0234  0.0232  0.0232  0.0236  0.0234  0.0232  0.0233  0.0231  0.0233  0.0230  0.0230
  0.0237  0.0238  0.0235  0.0236  0.0243  0.0250  0.0235  0.0240  0.0233  0.0237  0.0232  0.0233
niter,ni,del,rscale     1    3    5.0000    0.4000
parameters
   -0.5523  -10.3572   22.4360  -12.9540  -17.9141  -13.2596
    1.9697   -0.1046   -0.4280  -12.2384   -2.9628    9.4968
eta,q 0.97722 12.84365
  0.0233  0.0233  0.0233  0.0232  0.0238  0.0246  0.0232  0.0235  0.0231  0.0233  0.0230  0.0230
  0.0231  0.0231  0.0231  0.0231  0.0233  0.0240  0.0230  0.0231  0.0229  0.0230  0.0229  0.0229
  0.0229  0.0229  0.0229  0.0229  0.0230  0.0234  0.0228  0.0229  0.0228  0.0228  0.0228  0.0228
  0.0229  0.0229  0.0229  0.0229  0.0229  0.0229  0.0228  0.0228  0.0228  0.0228  0.0228  0.0228
  0.0229  0.0229  0.0229  0.0229  0.0229  0.0228  0.0228  0.0229  0.0228  0.0229  0.0228  0.0228
  0.0231  0.0231  0.0230  0.0230  0.0233  0.0233  0.0230  0.0231  0.0229  0.0230  0.0229  0.0229
  0.0233  0.0233  0.0232  0.0233  0.0238  0.0243  0.0232  0.0236  0.0231  0.0233  0.0230  0.0230
registration optimization eta report
parameter search radius
    0.8000    0.8000    0.8000    2.4000    2.4000    2.7600
    2.4000    2.4000    2.4000    2.4000    2.4000    2.4000
100000*second partial in parameter space
       70.       68.       55.        7.       16.       21.
        7.       13.        5.        9.        4.        4.
  0.0233  0.0233  0.0233  0.0232  0.0238  0.0246  0.0232  0.0235  0.0231  0.0233  0.0230  0.0230
  0.0231  0.0231  0.0231  0.0231  0.0233  0.0240  0.0230  0.0231  0.0229  0.0230  0.0229  0.0229
  0.0229  0.0229  0.0229  0.0229  0.0230  0.0234  0.0228  0.0229  0.0228  0.0228  0.0228  0.0228
  0.0229  0.0229  0.0229  0.0229  0.0229  0.0229  0.0228  0.0228  0.0228  0.0228  0.0228  0.0228
  0.0229  0.0229  0.0229  0.0229  0.0229  0.0228  0.0228  0.0229  0.0228  0.0229  0.0228  0.0228
  0.0231  0.0231  0.0230  0.0230  0.0233  0.0233  0.0230  0.0231  0.0229  0.0230  0.0229  0.0229
  0.0233  0.0233  0.0232  0.0233  0.0238  0.0243  0.0232  0.0236  0.0231  0.0233  0.0230  0.0230
   -0.5523  -10.3572   22.4360  -12.9540  -17.9141  -13.2596
    1.9697   -0.1046   -0.4280  -12.2384   -2.9628    9.4968
eta,q 0.97722 12.84365

---------------------------------------------------------------------
imgreg_4dfp /opt/freesurfer/average/711-2C_as_mni_average_305 /opt/freesurfer/average/711-2B_as_mni_average_305_mask talsrcimg_g11 none talsrcimg_to_711-2C_as_mni_average_305_t4 2311
---------------------------------------------------------------------

freesurfer imgreg_4dfp.c
/opt/freesurfer/average/711-2C_as_mni_average_305.4dfp.img
       256       256       256         1
  1.000000  1.000000  1.000000
orientation T byte_order littleendian
Reading image: /opt/freesurfer/average/711-2C_as_mni_average_305.4dfp.img
dimensions:      256       256       256
mmppix:       1.0000   -1.0000   -1.0000
center:     128.0000 -129.0000 -129.0000
/opt/freesurfer/average/711-2B_as_mni_average_305_mask.4dfp.img
       256       256       256         1
  1.000000  1.000000  1.000000
orientation T byte_order littleendian
Reading mask: /opt/freesurfer/average/711-2B_as_mni_average_305_mask.4dfp.img (2306576 pixels)
talsrcimg_g11.4dfp.img
       256       256       256         1
  1.000000  1.000000  1.000000
orientation T byte_order littleendian
Reading image: talsrcimg_g11.4dfp.img
dimensions:      256       256       256
mmppix:       1.0000   -1.0000   -1.0000
center:     128.0000 -129.0000 -129.0000
fimgreg.f
image alignment mode   2311 decimal      907 hex
parameters
   -0.5523  -10.3572   22.4360  -12.9540  -17.9141  -13.2596
    1.9697   -0.1046   -0.4280  -12.2384   -2.9628    9.4968
eta,q 0.97722 12.84364
niter,ni,del,rscale     5    3    5.0000    0.8000
parameters
   -0.5261  -10.3945   22.5369  -13.6275  -18.1543  -13.9284
    1.8435    0.0213   -0.5261  -12.1553   -2.7327   10.0489
eta,q 0.97688 12.80114
  0.0247  0.0244  0.0245  0.0238  0.0255  0.0256  0.0246  0.0257  0.0242  0.0252  0.0239  0.0242
  0.0236  0.0235  0.0236  0.0233  0.0243  0.0247  0.0238  0.0243  0.0236  0.0239  0.0235  0.0236
  0.0230  0.0230  0.0230  0.0230  0.0233  0.0237  0.0233  0.0235  0.0232  0.0233  0.0232  0.0233
  0.0228  0.0228  0.0228  0.0228  0.0228  0.0228  0.0231  0.0231  0.0231  0.0231  0.0231  0.0231
  0.0230  0.0230  0.0229  0.0230  0.0232  0.0232  0.0234  0.0233  0.0233  0.0234  0.0232  0.0231
  0.0236  0.0236  0.0234  0.0236  0.0244  0.0252  0.0239  0.0240  0.0237  0.0240  0.0234  0.0233
  0.0245  0.0246  0.0241  0.0250  0.0263  0.0295  0.0247  0.0255  0.0243  0.0249  0.0237  0.0238
niter,ni,del,rscale     4    3    5.0000    0.7000
parameters
   -0.5626  -10.3487   22.4373  -13.3270  -18.1081  -13.8616
    1.9650   -0.0693   -0.5313  -12.1814   -2.8036    9.9101
eta,q 0.97695 12.81552
  0.0243  0.0244  0.0239  0.0241  0.0254  0.0255  0.0243  0.0249  0.0239  0.0245  0.0236  0.0236
  0.0236  0.0238  0.0234  0.0237  0.0243  0.0248  0.0236  0.0239  0.0234  0.0236  0.0233  0.0233
  0.0232  0.0233  0.0232  0.0233  0.0235  0.0240  0.0232  0.0233  0.0231  0.0232  0.0231  0.0231
  0.0231  0.0231  0.0231  0.0231  0.0231  0.0231  0.0230  0.0230  0.0230  0.0230  0.0230  0.0230
  0.0233  0.0232  0.0233  0.0231  0.0233  0.0228  0.0232  0.0232  0.0231  0.0232  0.0231  0.0231
  0.0237  0.0236  0.0236  0.0233  0.0241  0.0239  0.0235  0.0239  0.0234  0.0237  0.0233  0.0233
  0.0244  0.0243  0.0241  0.0240  0.0254  0.0262  0.0241  0.0252  0.0239  0.0245  0.0236  0.0238
niter,ni,del,rscale     3    3    5.0000    0.6000
parameters
   -0.5617  -10.3452   22.4189  -13.1491  -18.0410  -13.5760
    1.9822   -0.1082   -0.4912  -12.2048   -2.8891    9.6892
eta,q 0.97709 12.82902
  0.0240  0.0240  0.0237  0.0238  0.0249  0.0252  0.0238  0.0244  0.0236  0.0240  0.0233  0.0233
  0.0235  0.0235  0.0233  0.0235  0.0240  0.0245  0.0233  0.0236  0.0232  0.0233  0.0231  0.0231
  0.0232  0.0232  0.0231  0.0232  0.0234  0.0238  0.0230  0.0231  0.0230  0.0230  0.0229  0.0229
  0.0230  0.0230  0.0230  0.0230  0.0230  0.0230  0.0229  0.0229  0.0229  0.0229  0.0229  0.0229
  0.0232  0.0231  0.0231  0.0230  0.0232  0.0228  0.0230  0.0231  0.0230  0.0231  0.0230  0.0230
  0.0235  0.0235  0.0234  0.0233  0.0238  0.0235  0.0233  0.0236  0.0232  0.0234  0.0231  0.0231
  0.0240  0.0240  0.0237  0.0238  0.0248  0.0252  0.0238  0.0246  0.0235  0.0240  0.0234  0.0235
niter,ni,del,rscale     2    3    5.0000    0.5000
parameters
   -0.5556  -10.3506   22.4486  -13.0642  -17.9821  -13.3223
    1.9664   -0.1162   -0.4518  -12.2266   -2.9376    9.5397
eta,q 0.97719 12.83700
  0.0236  0.0236  0.0235  0.0235  0.0243  0.0248  0.0234  0.0240  0.0233  0.0236  0.0231  0.0231
  0.0232  0.0232  0.0232  0.0232  0.0236  0.0241  0.0231  0.0233  0.0230  0.0231  0.0230  0.0229
  0.0230  0.0230  0.0230  0.0230  0.0231  0.0235  0.0229  0.0229  0.0229  0.0229  0.0228  0.0228
  0.0229  0.0229  0.0229  0.0229  0.0229  0.0229  0.0228  0.0228  0.0228  0.0228  0.0228  0.0228
  0.0230  0.0230  0.0230  0.0229  0.0230  0.0228  0.0229  0.0229  0.0229  0.0229  0.0229  0.0229
  0.0232  0.0232  0.0231  0.0231  0.0235  0.0234  0.0231  0.0233  0.0230  0.0232  0.0230  0.0230
  0.0236  0.0236  0.0234  0.0235  0.0242  0.0246  0.0234  0.0240  0.0233  0.0236  0.0232  0.0232
niter,ni,del,rscale     1    3    5.0000    0.4000
parameters
   -0.5483  -10.3578   22.4882  -13.0155  -17.9352  -13.1215
    1.9539   -0.1111   -0.4397  -12.2592   -2.9566    9.4315
eta,q 0.97724 12.84188
  0.0233  0.0232  0.0232  0.0232  0.0237  0.0242  0.0232  0.0235  0.0231  0.0233  0.0230  0.0230
  0.0230  0.0230  0.0230  0.0230  0.0233  0.0237  0.0229  0.0231  0.0229  0.0230  0.0229  0.0229
  0.0229  0.0229  0.0229  0.0229  0.0229  0.0232  0.0228  0.0228  0.0228  0.0228  0.0228  0.0228
  0.0228  0.0228  0.0228  0.0228  0.0228  0.0228  0.0228  0.0228  0.0228  0.0228  0.0228  0.0228
  0.0229  0.0229  0.0228  0.0228  0.0229  0.0228  0.0228  0.0228  0.0228  0.0228  0.0228  0.0228
  0.0230  0.0230  0.0230  0.0229  0.0232  0.0232  0.0229  0.0231  0.0229  0.0230  0.0229  0.0229
  0.0232  0.0233  0.0231  0.0232  0.0237  0.0240  0.0232  0.0235  0.0231  0.0233  0.0230  0.0230
registration optimization eta report
parameter search radius
    0.8000    0.8000    0.8000    2.4000    2.4000    2.4000
    2.4000    2.4000    2.4000    2.4000    2.4000    2.4000
100000*second partial in parameter space
       70.       68.       59.        7.       16.       23.
        7.       13.        5.        9.        4.        4.
  0.0233  0.0232  0.0232  0.0232  0.0237  0.0242  0.0232  0.0235  0.0231  0.0233  0.0230  0.0230
  0.0230  0.0230  0.0230  0.0230  0.0233  0.0237  0.0229  0.0231  0.0229  0.0230  0.0229  0.0229
  0.0229  0.0229  0.0229  0.0229  0.0229  0.0232  0.0228  0.0228  0.0228  0.0228  0.0228  0.0228
  0.0228  0.0228  0.0228  0.0228  0.0228  0.0228  0.0228  0.0228  0.0228  0.0228  0.0228  0.0228
  0.0229  0.0229  0.0228  0.0228  0.0229  0.0228  0.0228  0.0228  0.0228  0.0228  0.0228  0.0228
  0.0230  0.0230  0.0230  0.0229  0.0232  0.0232  0.0229  0.0231  0.0229  0.0230  0.0229  0.0229
  0.0232  0.0233  0.0231  0.0232  0.0237  0.0240  0.0232  0.0235  0.0231  0.0233  0.0230  0.0230
   -0.5483  -10.3578   22.4882  -13.0155  -17.9352  -13.1215
    1.9539   -0.1111   -0.4397  -12.2592   -2.9566    9.4315
eta,q 0.97724 12.84188

---------------------------------------------------------------------
compute_vox2vox talsrcimg talsrcimg_to_711-2C_as_mni_average_305_t4 /opt/freesurfer/average/711-2C_as_mni_average_305
---------------------------------------------------------------------

freesurfer compute_vox2vox.c
Reading: talsrcimg.4dfp.ifh
Reading: talsrcimg_to_711-2C_as_mni_average_305_t4
Reading: /opt/freesurfer/average/711-2C_as_mni_average_305.4dfp.ifh
Writing: talsrcimg_to_711-2C_as_mni_average_305_t4_vox2vox.txt

start time Mon Mar 9 19:29:05 CET 2026
end		time Mon Mar 9 19:29:19 CET 2026

mpr2mni305 success

avi2talxfm orig_nu.mgz /opt/freesurfer/average/mni305.cor.mgz talsrcimg_to_711-2C_as_mni_average_305_t4_vox2vox.txt transforms/talairach.auto.xfm
avi2talxfm done
mv -f /out/sourcedata/freesurfer/sub-v1s23x0050576_ses-1/mri/talsrcimg_to_711-2C_as_mni_average_305_t4_vox2vox.txt /out/sourcedata/freesurfer/sub-v1s23x0050576_ses-1/mri/transforms/talsrcimg_to_711-2C_as_mni_average_305_t4_vox2vox.txt
lta_convert --src orig_nu.mgz --trg /opt/freesurfer/average/mni305.cor.mgz --inxfm transforms/talairach.auto.xfm --outlta transforms/talairach.auto.xfm.lta --subject fsaverage
7.3.2

--src: orig_nu.mgz src image (geometry).
--trg: /opt/freesurfer/average/mni305.cor.mgz trg image (geometry).
--inmni: transforms/talairach.auto.xfm input MNI/XFM transform.
--outlta: transforms/talairach.auto.xfm.lta output LTA.
--s: fsaverage subject name
 LTA read, type : 1
 1.14941  -0.00235  -0.02710  -47.39780;
 0.03783   1.13259  -0.13107   29.84756;
 0.01181   0.16918   1.19883  -0.99586;
 0.00000   0.00000   0.00000   1.00000;
setting subject to fsaverage
Writing  LTA to file transforms/talairach.auto.xfm.lta...
lta_convert successful.
 
 
Started at Mon Mar 9 19:29:05 CET 2026
Ended   at Mon Mar  9 19:29:19 CET 2026
talairach_avi done
