status file for recon-all
Mon Mar  9 22:34:56 CET 2026
#@# Tessellate rh Mon Mar  9 22:34:56 CET 2026
#@# Smooth1 rh Mon Mar  9 22:35:00 CET 2026
#@# Inflation1 rh Mon Mar  9 22:35:02 CET 2026
#@# QSphere rh Mon Mar  9 22:35:11 CET 2026
#@# Fix Topology rh Mon Mar  9 22:36:02 CET 2026
#@# Smooth2 rh Mon Mar  9 22:41:23 CET 2026
#@# Inflation2 rh Mon Mar  9 22:41:26 CET 2026
#@# Curv .H and .K rh Mon Mar  9 22:41:36 CET 2026
#@# Sphere rh Mon Mar  9 22:42:23 CET 2026
#@# Surf Reg rh Mon Mar  9 22:45:05 CET 2026
#@# Jacobian white rh Mon Mar  9 22:48:24 CET 2026
#@# AvgCurv rh Mon Mar  9 22:48:25 CET 2026
#@# Cortical Parc rh Mon Mar  9 22:48:25 CET 2026
#@# white curv rh Mon Mar  9 22:54:18 CET 2026
#@# white area rh Mon Mar  9 22:54:20 CET 2026
#@# pial curv rh Mon Mar  9 22:54:21 CET 2026
#@# pial area rh Mon Mar  9 22:54:22 CET 2026
#@# thickness rh Mon Mar  9 22:54:23 CET 2026
#@# area and vertex vol rh Mon Mar  9 22:54:52 CET 2026
#@# Curvature Stats rh Mon Mar  9 22:54:53 CET 2026
#@# Cortical Parc 2 rh Mon Mar  9 22:54:56 CET 2026
#@# Cortical Parc 3 rh Mon Mar  9 22:55:08 CET 2026
#@# WM/GM Contrast rh Mon Mar  9 22:55:18 CET 2026
recon-all -s sub-v1s23x0050613_ses-1 finished without error at Mon Mar  9 22:55:21 CET 2026



#New# invocation of recon-all 



status file for recon-all
Mon Mar  9 23:02:46 CET 2026
#@# white curv rh Mon Mar  9 23:02:46 CET 2026
#@# white area rh Mon Mar  9 23:02:46 CET 2026
#@# pial curv rh Mon Mar  9 23:02:46 CET 2026
#@# pial area rh Mon Mar  9 23:02:46 CET 2026
#@# thickness rh Mon Mar  9 23:02:46 CET 2026
#@# area and vertex vol rh Mon Mar  9 23:02:46 CET 2026
#@# Parcellation Stats rh Mon Mar  9 23:02:46 CET 2026
#@# Parcellation Stats 2 rh Mon Mar  9 23:03:03 CET 2026
#@# Parcellation Stats 3 rh Mon Mar  9 23:03:12 CET 2026
#@# BA_exvivo Labels rh Mon Mar  9 23:03:21 CET 2026
recon-all -s sub-v1s23x0050613_ses-1 finished without error at Mon Mar  9 23:05:37 CET 2026
