status file for recon-all
Mon Mar  9 20:42:31 CET 2026
#@# MotionCor Mon Mar  9 20:42:33 CET 2026
#@# Talairach Mon Mar  9 20:42:40 CET 2026
#@# Talairach Failure Detection Mon Mar  9 20:47:05 CET 2026
#@# Nu Intensity Correction Mon Mar  9 20:47:05 CET 2026
#@# Intensity Normalization Mon Mar  9 20:50:20 CET 2026
recon-all -s sub-v1s23x0050613_ses-1 finished without error at Mon Mar  9 20:51:46 CET 2026



#New# invocation of recon-all 



status file for recon-all
Mon Mar  9 20:58:39 CET 2026
#@# EM Registration Mon Mar  9 20:58:39 CET 2026
recon-all -s sub-v1s23x0050613_ses-1 finished without error at Mon Mar  9 21:00:20 CET 2026



#New# invocation of recon-all 



status file for recon-all
Mon Mar  9 21:00:23 CET 2026
#@# CA Normalize Mon Mar  9 21:00:23 CET 2026
#@# CA Reg Mon Mar  9 21:01:43 CET 2026
#@# SubCort Seg Mon Mar  9 21:39:26 CET 2026
#@# CC Seg Mon Mar  9 22:07:53 CET 2026
#@# Merge ASeg Mon Mar  9 22:08:32 CET 2026
#@# Intensity Normalization2 Mon Mar  9 22:08:32 CET 2026
#@# Mask BFS Mon Mar  9 22:10:44 CET 2026
#@# WM Segmentation Mon Mar  9 22:10:45 CET 2026
#@# Fill Mon Mar  9 22:12:50 CET 2026
recon-all -s sub-v1s23x0050613_ses-1 finished without error at Mon Mar  9 22:13:50 CET 2026



#New# invocation of recon-all 



status file for recon-all
Mon Mar  9 22:55:26 CET 2026
#@# white curv lh Mon Mar  9 22:55:26 CET 2026
#@# white area lh Mon Mar  9 22:55:26 CET 2026
#@# pial curv lh Mon Mar  9 22:55:26 CET 2026
#@# pial area lh Mon Mar  9 22:55:26 CET 2026
#@# thickness lh Mon Mar  9 22:55:26 CET 2026
#@# area and vertex vol lh Mon Mar  9 22:55:26 CET 2026
#@# white curv rh Mon Mar  9 22:55:26 CET 2026
#@# white area rh Mon Mar  9 22:55:26 CET 2026
#@# pial curv rh Mon Mar  9 22:55:26 CET 2026
#@# pial area rh Mon Mar  9 22:55:26 CET 2026
#@# thickness rh Mon Mar  9 22:55:26 CET 2026
#@# area and vertex vol rh Mon Mar  9 22:55:26 CET 2026
#@# Cortical ribbon mask Mon Mar  9 22:55:26 CET 2026
recon-all -s sub-v1s23x0050613_ses-1 finished without error at Mon Mar  9 22:59:43 CET 2026



#New# invocation of recon-all 



status file for recon-all
Mon Mar  9 23:05:40 CET 2026
#@# white curv lh Mon Mar  9 23:05:40 CET 2026
#@# white area lh Mon Mar  9 23:05:40 CET 2026
#@# pial curv lh Mon Mar  9 23:05:40 CET 2026
#@# pial area lh Mon Mar  9 23:05:40 CET 2026
#@# thickness lh Mon Mar  9 23:05:40 CET 2026
#@# area and vertex vol lh Mon Mar  9 23:05:40 CET 2026
#@# white curv rh Mon Mar  9 23:05:40 CET 2026
#@# white area rh Mon Mar  9 23:05:40 CET 2026
#@# pial curv rh Mon Mar  9 23:05:40 CET 2026
#@# pial area rh Mon Mar  9 23:05:40 CET 2026
#@# thickness rh Mon Mar  9 23:05:40 CET 2026
#@# area and vertex vol rh Mon Mar  9 23:05:40 CET 2026
#@# Curvature Stats lh Mon Mar  9 23:05:40 CET 2026
#@# Curvature Stats rh Mon Mar  9 23:05:42 CET 2026
#@# Relabel Hypointensities Mon Mar  9 23:05:44 CET 2026
#@# APas-to-ASeg Mon Mar  9 23:05:59 CET 2026
#@# AParc-to-ASeg aparc Mon Mar  9 23:06:06 CET 2026
#@# AParc-to-ASeg aparc.a2009s Mon Mar  9 23:06:35 CET 2026
#@# AParc-to-ASeg aparc.DKTatlas Mon Mar  9 23:07:06 CET 2026
#@# WMParc Mon Mar  9 23:07:36 CET 2026
#@# ASeg Stats Mon Mar  9 23:11:03 CET 2026
recon-all -s sub-v1s23x0050613_ses-1 finished without error at Mon Mar  9 23:11:35 CET 2026
