status file for recon-all
Mon Mar  9 20:58:44 CET 2026
#@# Tessellate lh Mon Mar  9 20:58:44 CET 2026
#@# Smooth1 lh Mon Mar  9 20:58:48 CET 2026
#@# Inflation1 lh Mon Mar  9 20:58:50 CET 2026
#@# QSphere lh Mon Mar  9 20:59:03 CET 2026
#@# Fix Topology lh Mon Mar  9 20:59:59 CET 2026
#@# Smooth2 lh Mon Mar  9 21:05:28 CET 2026
#@# Inflation2 lh Mon Mar  9 21:05:30 CET 2026
#@# Curv .H and .K lh Mon Mar  9 21:05:45 CET 2026
#@# Sphere lh Mon Mar  9 21:06:29 CET 2026
#@# Surf Reg lh Mon Mar  9 21:09:02 CET 2026
#@# Jacobian white lh Mon Mar  9 21:12:41 CET 2026
#@# AvgCurv lh Mon Mar  9 21:12:42 CET 2026
#@# Cortical Parc lh Mon Mar  9 21:12:43 CET 2026
#@# white curv lh Mon Mar  9 21:19:04 CET 2026
#@# white area lh Mon Mar  9 21:19:06 CET 2026
#@# pial curv lh Mon Mar  9 21:19:07 CET 2026
#@# pial area lh Mon Mar  9 21:19:08 CET 2026
#@# thickness lh Mon Mar  9 21:19:09 CET 2026
#@# area and vertex vol lh Mon Mar  9 21:19:37 CET 2026
#@# Curvature Stats lh Mon Mar  9 21:19:39 CET 2026
#@# Cortical Parc 2 lh Mon Mar  9 21:19:41 CET 2026
#@# Cortical Parc 3 lh Mon Mar  9 21:19:55 CET 2026
#@# WM/GM Contrast lh Mon Mar  9 21:20:05 CET 2026
recon-all -s sub-v1s23x0050572_ses-1 finished without error at Mon Mar  9 21:20:09 CET 2026



#New# invocation of recon-all 



status file for recon-all
Mon Mar  9 21:45:30 CET 2026
#@# white curv lh Mon Mar  9 21:45:30 CET 2026
#@# white area lh Mon Mar  9 21:45:30 CET 2026
#@# pial curv lh Mon Mar  9 21:45:30 CET 2026
#@# pial area lh Mon Mar  9 21:45:30 CET 2026
#@# thickness lh Mon Mar  9 21:45:30 CET 2026
#@# area and vertex vol lh Mon Mar  9 21:45:30 CET 2026
#@# Parcellation Stats lh Mon Mar  9 21:45:30 CET 2026
#@# Parcellation Stats 2 lh Mon Mar  9 21:45:47 CET 2026
#@# Parcellation Stats 3 lh Mon Mar  9 21:45:55 CET 2026
#@# BA_exvivo Labels lh Mon Mar  9 21:46:04 CET 2026
recon-all -s sub-v1s23x0050572_ses-1 finished without error at Mon Mar  9 21:48:32 CET 2026
