status file for recon-all
Mon Mar  9 20:59:10 CET 2026
#@# MotionCor Mon Mar  9 20:59:12 CET 2026
#@# Talairach Mon Mar  9 20:59:19 CET 2026
#@# Talairach Failure Detection Mon Mar  9 21:03:47 CET 2026
#@# Nu Intensity Correction Mon Mar  9 21:03:47 CET 2026
#@# Intensity Normalization Mon Mar  9 21:07:03 CET 2026
recon-all -s sub-v1s23x0050620_ses-1 finished without error at Mon Mar  9 21:08:32 CET 2026



#New# invocation of recon-all 



status file for recon-all
Mon Mar  9 21:15:28 CET 2026
#@# EM Registration Mon Mar  9 21:15:28 CET 2026
recon-all -s sub-v1s23x0050620_ses-1 finished without error at Mon Mar  9 21:17:39 CET 2026



#New# invocation of recon-all 



status file for recon-all
Mon Mar  9 21:17:41 CET 2026
#@# CA Normalize Mon Mar  9 21:17:41 CET 2026
#@# CA Reg Mon Mar  9 21:19:02 CET 2026
#@# SubCort Seg Mon Mar  9 22:03:43 CET 2026
#@# CC Seg Mon Mar  9 22:29:38 CET 2026
#@# Merge ASeg Mon Mar  9 22:30:36 CET 2026
#@# Intensity Normalization2 Mon Mar  9 22:30:36 CET 2026
#@# Mask BFS Mon Mar  9 22:32:52 CET 2026
#@# WM Segmentation Mon Mar  9 22:32:53 CET 2026
#@# Fill Mon Mar  9 22:34:44 CET 2026
recon-all -s sub-v1s23x0050620_ses-1 finished without error at Mon Mar  9 22:35:46 CET 2026



#New# invocation of recon-all 



status file for recon-all
Mon Mar  9 23:14:21 CET 2026
#@# white curv lh Mon Mar  9 23:14:21 CET 2026
#@# white area lh Mon Mar  9 23:14:21 CET 2026
#@# pial curv lh Mon Mar  9 23:14:21 CET 2026
#@# pial area lh Mon Mar  9 23:14:21 CET 2026
#@# thickness lh Mon Mar  9 23:14:21 CET 2026
#@# area and vertex vol lh Mon Mar  9 23:14:21 CET 2026
#@# white curv rh Mon Mar  9 23:14:21 CET 2026
#@# white area rh Mon Mar  9 23:14:21 CET 2026
#@# pial curv rh Mon Mar  9 23:14:21 CET 2026
#@# pial area rh Mon Mar  9 23:14:21 CET 2026
#@# thickness rh Mon Mar  9 23:14:22 CET 2026
#@# area and vertex vol rh Mon Mar  9 23:14:22 CET 2026
#@# Cortical ribbon mask Mon Mar  9 23:14:22 CET 2026
recon-all -s sub-v1s23x0050620_ses-1 finished without error at Mon Mar  9 23:18:15 CET 2026



#New# invocation of recon-all 



status file for recon-all
Mon Mar  9 23:23:31 CET 2026
#@# white curv lh Mon Mar  9 23:23:31 CET 2026
#@# white area lh Mon Mar  9 23:23:31 CET 2026
#@# pial curv lh Mon Mar  9 23:23:31 CET 2026
#@# pial area lh Mon Mar  9 23:23:31 CET 2026
#@# thickness lh Mon Mar  9 23:23:31 CET 2026
#@# area and vertex vol lh Mon Mar  9 23:23:31 CET 2026
#@# white curv rh Mon Mar  9 23:23:31 CET 2026
#@# white area rh Mon Mar  9 23:23:31 CET 2026
#@# pial curv rh Mon Mar  9 23:23:32 CET 2026
#@# pial area rh Mon Mar  9 23:23:32 CET 2026
#@# thickness rh Mon Mar  9 23:23:32 CET 2026
#@# area and vertex vol rh Mon Mar  9 23:23:32 CET 2026
#@# Curvature Stats lh Mon Mar  9 23:23:32 CET 2026
#@# Curvature Stats rh Mon Mar  9 23:23:34 CET 2026
#@# Relabel Hypointensities Mon Mar  9 23:23:36 CET 2026
#@# APas-to-ASeg Mon Mar  9 23:23:50 CET 2026
#@# AParc-to-ASeg aparc Mon Mar  9 23:23:57 CET 2026
#@# AParc-to-ASeg aparc.a2009s Mon Mar  9 23:24:24 CET 2026
#@# AParc-to-ASeg aparc.DKTatlas Mon Mar  9 23:24:52 CET 2026
#@# WMParc Mon Mar  9 23:25:23 CET 2026
#@# ASeg Stats Mon Mar  9 23:28:49 CET 2026
recon-all -s sub-v1s23x0050620_ses-1 finished without error at Mon Mar  9 23:29:26 CET 2026
