status file for recon-all
Mon Mar  9 22:38:13 CET 2026
#@# Tessellate lh Mon Mar  9 22:38:13 CET 2026
#@# Smooth1 lh Mon Mar  9 22:38:17 CET 2026
#@# Inflation1 lh Mon Mar  9 22:38:20 CET 2026
#@# QSphere lh Mon Mar  9 22:38:33 CET 2026
#@# Fix Topology lh Mon Mar  9 22:39:48 CET 2026
#@# Smooth2 lh Mon Mar  9 22:47:02 CET 2026
#@# Inflation2 lh Mon Mar  9 22:47:05 CET 2026
#@# Curv .H and .K lh Mon Mar  9 22:47:18 CET 2026
#@# Sphere lh Mon Mar  9 22:48:05 CET 2026
#@# Surf Reg lh Mon Mar  9 22:50:23 CET 2026
#@# Jacobian white lh Mon Mar  9 22:53:59 CET 2026
#@# AvgCurv lh Mon Mar  9 22:54:00 CET 2026
#@# Cortical Parc lh Mon Mar  9 22:54:00 CET 2026
#@# white curv lh Mon Mar  9 23:00:00 CET 2026
#@# white area lh Mon Mar  9 23:00:02 CET 2026
#@# pial curv lh Mon Mar  9 23:00:03 CET 2026
#@# pial area lh Mon Mar  9 23:00:04 CET 2026
#@# thickness lh Mon Mar  9 23:00:05 CET 2026
#@# area and vertex vol lh Mon Mar  9 23:00:35 CET 2026
#@# Curvature Stats lh Mon Mar  9 23:00:36 CET 2026
#@# Cortical Parc 2 lh Mon Mar  9 23:00:39 CET 2026
#@# Cortical Parc 3 lh Mon Mar  9 23:00:51 CET 2026
#@# WM/GM Contrast lh Mon Mar  9 23:01:02 CET 2026
recon-all -s sub-v1s23x0050619_ses-1 finished without error at Mon Mar  9 23:01:05 CET 2026



#New# invocation of recon-all 



status file for recon-all
Mon Mar  9 23:28:52 CET 2026
#@# white curv lh Mon Mar  9 23:28:52 CET 2026
#@# white area lh Mon Mar  9 23:28:52 CET 2026
#@# pial curv lh Mon Mar  9 23:28:52 CET 2026
#@# pial area lh Mon Mar  9 23:28:52 CET 2026
#@# thickness lh Mon Mar  9 23:28:52 CET 2026
#@# area and vertex vol lh Mon Mar  9 23:28:52 CET 2026
#@# Parcellation Stats lh Mon Mar  9 23:28:52 CET 2026
#@# Parcellation Stats 2 lh Mon Mar  9 23:29:12 CET 2026
#@# Parcellation Stats 3 lh Mon Mar  9 23:29:22 CET 2026
#@# BA_exvivo Labels lh Mon Mar  9 23:29:32 CET 2026
recon-all -s sub-v1s23x0050619_ses-1 finished without error at Mon Mar  9 23:32:04 CET 2026
