status file for recon-all
Mon Mar  9 23:10:49 CET 2026
#@# Tessellate rh Mon Mar  9 23:10:49 CET 2026
#@# Smooth1 rh Mon Mar  9 23:10:53 CET 2026
#@# Inflation1 rh Mon Mar  9 23:10:56 CET 2026
#@# QSphere rh Mon Mar  9 23:11:07 CET 2026
#@# Fix Topology rh Mon Mar  9 23:12:10 CET 2026
#@# Smooth2 rh Mon Mar  9 23:17:00 CET 2026
#@# Inflation2 rh Mon Mar  9 23:17:03 CET 2026
#@# Curv .H and .K rh Mon Mar  9 23:17:15 CET 2026
#@# Sphere rh Mon Mar  9 23:17:55 CET 2026
#@# Surf Reg rh Mon Mar  9 23:21:39 CET 2026
#@# Jacobian white rh Mon Mar  9 23:25:18 CET 2026
#@# AvgCurv rh Mon Mar  9 23:25:19 CET 2026
#@# Cortical Parc rh Mon Mar  9 23:25:20 CET 2026
#@# white curv rh Mon Mar  9 23:31:25 CET 2026
#@# white area rh Mon Mar  9 23:31:27 CET 2026
#@# pial curv rh Mon Mar  9 23:31:28 CET 2026
#@# pial area rh Mon Mar  9 23:31:29 CET 2026
#@# thickness rh Mon Mar  9 23:31:30 CET 2026
#@# area and vertex vol rh Mon Mar  9 23:31:57 CET 2026
#@# Curvature Stats rh Mon Mar  9 23:31:58 CET 2026
#@# Cortical Parc 2 rh Mon Mar  9 23:32:00 CET 2026
#@# Cortical Parc 3 rh Mon Mar  9 23:32:12 CET 2026
#@# WM/GM Contrast rh Mon Mar  9 23:32:22 CET 2026
recon-all -s sub-v1s23x0050622_ses-1 finished without error at Mon Mar  9 23:32:25 CET 2026



#New# invocation of recon-all 



status file for recon-all
Mon Mar  9 23:39:23 CET 2026
#@# white curv rh Mon Mar  9 23:39:23 CET 2026
#@# white area rh Mon Mar  9 23:39:23 CET 2026
#@# pial curv rh Mon Mar  9 23:39:23 CET 2026
#@# pial area rh Mon Mar  9 23:39:23 CET 2026
#@# thickness rh Mon Mar  9 23:39:23 CET 2026
#@# area and vertex vol rh Mon Mar  9 23:39:23 CET 2026
#@# Parcellation Stats rh Mon Mar  9 23:39:23 CET 2026
#@# Parcellation Stats 2 rh Mon Mar  9 23:39:38 CET 2026
#@# Parcellation Stats 3 rh Mon Mar  9 23:39:46 CET 2026
#@# BA_exvivo Labels rh Mon Mar  9 23:39:53 CET 2026
recon-all -s sub-v1s23x0050622_ses-1 finished without error at Mon Mar  9 23:42:19 CET 2026
