status file for recon-all
Mon Mar  9 22:49:15 CET 2026
#@# Tessellate lh Mon Mar  9 22:49:16 CET 2026
#@# Smooth1 lh Mon Mar  9 22:49:19 CET 2026
#@# Inflation1 lh Mon Mar  9 22:49:21 CET 2026
#@# QSphere lh Mon Mar  9 22:49:34 CET 2026
#@# Fix Topology lh Mon Mar  9 22:50:40 CET 2026
#@# Smooth2 lh Mon Mar  9 22:56:33 CET 2026
#@# Inflation2 lh Mon Mar  9 22:56:36 CET 2026
#@# Curv .H and .K lh Mon Mar  9 22:56:49 CET 2026
#@# Sphere lh Mon Mar  9 22:57:29 CET 2026
#@# Surf Reg lh Mon Mar  9 23:00:53 CET 2026
#@# Jacobian white lh Mon Mar  9 23:04:13 CET 2026
#@# AvgCurv lh Mon Mar  9 23:04:14 CET 2026
#@# Cortical Parc lh Mon Mar  9 23:04:14 CET 2026
#@# white curv lh Mon Mar  9 23:09:51 CET 2026
#@# white area lh Mon Mar  9 23:09:52 CET 2026
#@# pial curv lh Mon Mar  9 23:09:53 CET 2026
#@# pial area lh Mon Mar  9 23:09:55 CET 2026
#@# thickness lh Mon Mar  9 23:09:55 CET 2026
#@# area and vertex vol lh Mon Mar  9 23:10:21 CET 2026
#@# Curvature Stats lh Mon Mar  9 23:10:23 CET 2026
#@# Cortical Parc 2 lh Mon Mar  9 23:10:25 CET 2026
#@# Cortical Parc 3 lh Mon Mar  9 23:10:36 CET 2026
#@# WM/GM Contrast lh Mon Mar  9 23:10:45 CET 2026
recon-all -s sub-v1s23x0050622_ses-1 finished without error at Mon Mar  9 23:10:48 CET 2026



#New# invocation of recon-all 



status file for recon-all
Mon Mar  9 23:36:26 CET 2026
#@# white curv lh Mon Mar  9 23:36:26 CET 2026
#@# white area lh Mon Mar  9 23:36:26 CET 2026
#@# pial curv lh Mon Mar  9 23:36:26 CET 2026
#@# pial area lh Mon Mar  9 23:36:26 CET 2026
#@# thickness lh Mon Mar  9 23:36:26 CET 2026
#@# area and vertex vol lh Mon Mar  9 23:36:26 CET 2026
#@# Parcellation Stats lh Mon Mar  9 23:36:26 CET 2026
#@# Parcellation Stats 2 lh Mon Mar  9 23:36:40 CET 2026
#@# Parcellation Stats 3 lh Mon Mar  9 23:36:48 CET 2026
#@# BA_exvivo Labels lh Mon Mar  9 23:36:55 CET 2026
recon-all -s sub-v1s23x0050622_ses-1 finished without error at Mon Mar  9 23:39:19 CET 2026
