status file for recon-all
Mon Mar  9 21:01:43 CET 2026
#@# MotionCor Mon Mar  9 21:01:45 CET 2026
#@# Talairach Mon Mar  9 21:01:52 CET 2026
#@# Talairach Failure Detection Mon Mar  9 21:06:20 CET 2026
#@# Nu Intensity Correction Mon Mar  9 21:06:20 CET 2026
#@# Intensity Normalization Mon Mar  9 21:09:35 CET 2026
recon-all -s sub-v1s23x0050622_ses-1 finished without error at Mon Mar  9 21:11:16 CET 2026



#New# invocation of recon-all 



status file for recon-all
Mon Mar  9 21:18:35 CET 2026
#@# EM Registration Mon Mar  9 21:18:35 CET 2026
recon-all -s sub-v1s23x0050622_ses-1 finished without error at Mon Mar  9 21:20:34 CET 2026



#New# invocation of recon-all 



status file for recon-all
Mon Mar  9 21:20:35 CET 2026
#@# CA Normalize Mon Mar  9 21:20:35 CET 2026
#@# CA Reg Mon Mar  9 21:21:55 CET 2026
#@# SubCort Seg Mon Mar  9 22:16:27 CET 2026
#@# CC Seg Mon Mar  9 22:43:24 CET 2026
#@# Merge ASeg Mon Mar  9 22:43:58 CET 2026
#@# Intensity Normalization2 Mon Mar  9 22:43:58 CET 2026
#@# Mask BFS Mon Mar  9 22:46:12 CET 2026
#@# WM Segmentation Mon Mar  9 22:46:12 CET 2026
#@# Fill Mon Mar  9 22:48:07 CET 2026
recon-all -s sub-v1s23x0050622_ses-1 finished without error at Mon Mar  9 22:49:12 CET 2026



#New# invocation of recon-all 



status file for recon-all
Mon Mar  9 23:32:30 CET 2026
#@# white curv lh Mon Mar  9 23:32:30 CET 2026
#@# white area lh Mon Mar  9 23:32:30 CET 2026
#@# pial curv lh Mon Mar  9 23:32:30 CET 2026
#@# pial area lh Mon Mar  9 23:32:30 CET 2026
#@# thickness lh Mon Mar  9 23:32:30 CET 2026
#@# area and vertex vol lh Mon Mar  9 23:32:30 CET 2026
#@# white curv rh Mon Mar  9 23:32:30 CET 2026
#@# white area rh Mon Mar  9 23:32:30 CET 2026
#@# pial curv rh Mon Mar  9 23:32:30 CET 2026
#@# pial area rh Mon Mar  9 23:32:30 CET 2026
#@# thickness rh Mon Mar  9 23:32:30 CET 2026
#@# area and vertex vol rh Mon Mar  9 23:32:30 CET 2026
#@# Cortical ribbon mask Mon Mar  9 23:32:30 CET 2026
recon-all -s sub-v1s23x0050622_ses-1 finished without error at Mon Mar  9 23:36:21 CET 2026



#New# invocation of recon-all 



status file for recon-all
Mon Mar  9 23:42:24 CET 2026
#@# white curv lh Mon Mar  9 23:42:24 CET 2026
#@# white area lh Mon Mar  9 23:42:24 CET 2026
#@# pial curv lh Mon Mar  9 23:42:24 CET 2026
#@# pial area lh Mon Mar  9 23:42:24 CET 2026
#@# thickness lh Mon Mar  9 23:42:24 CET 2026
#@# area and vertex vol lh Mon Mar  9 23:42:24 CET 2026
#@# white curv rh Mon Mar  9 23:42:24 CET 2026
#@# white area rh Mon Mar  9 23:42:24 CET 2026
#@# pial curv rh Mon Mar  9 23:42:24 CET 2026
#@# pial area rh Mon Mar  9 23:42:24 CET 2026
#@# thickness rh Mon Mar  9 23:42:24 CET 2026
#@# area and vertex vol rh Mon Mar  9 23:42:24 CET 2026
#@# Curvature Stats lh Mon Mar  9 23:42:24 CET 2026
#@# Curvature Stats rh Mon Mar  9 23:42:26 CET 2026
#@# Relabel Hypointensities Mon Mar  9 23:42:28 CET 2026
#@# APas-to-ASeg Mon Mar  9 23:42:43 CET 2026
#@# AParc-to-ASeg aparc Mon Mar  9 23:42:51 CET 2026
#@# AParc-to-ASeg aparc.a2009s Mon Mar  9 23:43:19 CET 2026
#@# AParc-to-ASeg aparc.DKTatlas Mon Mar  9 23:43:45 CET 2026
#@# WMParc Mon Mar  9 23:44:15 CET 2026
#@# ASeg Stats Mon Mar  9 23:48:26 CET 2026
recon-all -s sub-v1s23x0050622_ses-1 finished without error at Mon Mar  9 23:49:08 CET 2026
