status file for recon-all
Mon Mar  9 21:46:39 CET 2026
#@# Tessellate lh Mon Mar  9 21:46:39 CET 2026
#@# Smooth1 lh Mon Mar  9 21:46:43 CET 2026
#@# Inflation1 lh Mon Mar  9 21:46:45 CET 2026
#@# QSphere lh Mon Mar  9 21:46:56 CET 2026
#@# Fix Topology lh Mon Mar  9 21:47:53 CET 2026
#@# Smooth2 lh Mon Mar  9 21:54:22 CET 2026
#@# Inflation2 lh Mon Mar  9 21:54:24 CET 2026
#@# Curv .H and .K lh Mon Mar  9 21:54:35 CET 2026
#@# Sphere lh Mon Mar  9 21:55:13 CET 2026
#@# Surf Reg lh Mon Mar  9 21:58:31 CET 2026
#@# Jacobian white lh Mon Mar  9 22:01:32 CET 2026
#@# AvgCurv lh Mon Mar  9 22:01:32 CET 2026
#@# Cortical Parc lh Mon Mar  9 22:01:33 CET 2026
#@# white curv lh Mon Mar  9 22:06:56 CET 2026
#@# white area lh Mon Mar  9 22:06:57 CET 2026
#@# pial curv lh Mon Mar  9 22:06:58 CET 2026
#@# pial area lh Mon Mar  9 22:07:00 CET 2026
#@# thickness lh Mon Mar  9 22:07:00 CET 2026
#@# area and vertex vol lh Mon Mar  9 22:07:24 CET 2026
#@# Curvature Stats lh Mon Mar  9 22:07:25 CET 2026
#@# Cortical Parc 2 lh Mon Mar  9 22:07:27 CET 2026
#@# Cortical Parc 3 lh Mon Mar  9 22:07:38 CET 2026
#@# WM/GM Contrast lh Mon Mar  9 22:07:46 CET 2026
recon-all -s sub-v1s23x0050604_ses-1 finished without error at Mon Mar  9 22:07:49 CET 2026



#New# invocation of recon-all 



status file for recon-all
Mon Mar  9 22:35:04 CET 2026
#@# white curv lh Mon Mar  9 22:35:04 CET 2026
#@# white area lh Mon Mar  9 22:35:04 CET 2026
#@# pial curv lh Mon Mar  9 22:35:04 CET 2026
#@# pial area lh Mon Mar  9 22:35:04 CET 2026
#@# thickness lh Mon Mar  9 22:35:04 CET 2026
#@# area and vertex vol lh Mon Mar  9 22:35:04 CET 2026
#@# Parcellation Stats lh Mon Mar  9 22:35:04 CET 2026
#@# Parcellation Stats 2 lh Mon Mar  9 22:35:17 CET 2026
#@# Parcellation Stats 3 lh Mon Mar  9 22:35:24 CET 2026
#@# BA_exvivo Labels lh Mon Mar  9 22:35:31 CET 2026
recon-all -s sub-v1s23x0050604_ses-1 finished without error at Mon Mar  9 22:37:41 CET 2026
