status file for recon-all
Mon Mar  9 19:07:39 CET 2026
#@# Tessellate lh Mon Mar  9 19:07:39 CET 2026
#@# Smooth1 lh Mon Mar  9 19:07:41 CET 2026
#@# Inflation1 lh Mon Mar  9 19:07:43 CET 2026
#@# QSphere lh Mon Mar  9 19:07:52 CET 2026
#@# Fix Topology lh Mon Mar  9 19:08:38 CET 2026
#@# Smooth2 lh Mon Mar  9 19:12:56 CET 2026
#@# Inflation2 lh Mon Mar  9 19:12:58 CET 2026
#@# Curv .H and .K lh Mon Mar  9 19:13:08 CET 2026
#@# Sphere lh Mon Mar  9 19:13:37 CET 2026
#@# Surf Reg lh Mon Mar  9 19:16:49 CET 2026
#@# Jacobian white lh Mon Mar  9 19:19:53 CET 2026
#@# AvgCurv lh Mon Mar  9 19:19:53 CET 2026
#@# Cortical Parc lh Mon Mar  9 19:19:54 CET 2026
#@# white curv lh Mon Mar  9 19:24:45 CET 2026
#@# white area lh Mon Mar  9 19:24:46 CET 2026
#@# pial curv lh Mon Mar  9 19:24:47 CET 2026
#@# pial area lh Mon Mar  9 19:24:48 CET 2026
#@# thickness lh Mon Mar  9 19:24:48 CET 2026
#@# area and vertex vol lh Mon Mar  9 19:25:02 CET 2026
#@# Curvature Stats lh Mon Mar  9 19:25:03 CET 2026
#@# Cortical Parc 2 lh Mon Mar  9 19:25:04 CET 2026
#@# Cortical Parc 3 lh Mon Mar  9 19:25:12 CET 2026
#@# WM/GM Contrast lh Mon Mar  9 19:25:18 CET 2026
recon-all -s sub-v1s23x0050564_ses-1 finished without error at Mon Mar  9 19:25:20 CET 2026



#New# invocation of recon-all 



status file for recon-all
Mon Mar  9 19:51:55 CET 2026
#@# white curv lh Mon Mar  9 19:51:55 CET 2026
#@# white area lh Mon Mar  9 19:51:55 CET 2026
#@# pial curv lh Mon Mar  9 19:51:55 CET 2026
#@# pial area lh Mon Mar  9 19:51:55 CET 2026
#@# thickness lh Mon Mar  9 19:51:55 CET 2026
#@# area and vertex vol lh Mon Mar  9 19:51:55 CET 2026
#@# Parcellation Stats lh Mon Mar  9 19:51:55 CET 2026
#@# Parcellation Stats 2 lh Mon Mar  9 19:52:05 CET 2026
#@# Parcellation Stats 3 lh Mon Mar  9 19:52:11 CET 2026
#@# BA_exvivo Labels lh Mon Mar  9 19:52:16 CET 2026
recon-all -s sub-v1s23x0050564_ses-1 finished without error at Mon Mar  9 19:53:58 CET 2026
