status file for recon-all
Mon Mar  9 17:40:52 CET 2026
#@# MotionCor Mon Mar  9 17:40:53 CET 2026
#@# Talairach Mon Mar  9 17:40:58 CET 2026
#@# Talairach Failure Detection Mon Mar  9 17:43:47 CET 2026
#@# Nu Intensity Correction Mon Mar  9 17:43:47 CET 2026
#@# Intensity Normalization Mon Mar  9 17:46:31 CET 2026
recon-all -s sub-v1s23x0050564_ses-1 finished without error at Mon Mar  9 17:47:30 CET 2026



#New# invocation of recon-all 



status file for recon-all
Mon Mar  9 17:53:21 CET 2026
#@# EM Registration Mon Mar  9 17:53:21 CET 2026
recon-all -s sub-v1s23x0050564_ses-1 finished without error at Mon Mar  9 17:56:13 CET 2026



#New# invocation of recon-all 



status file for recon-all
Mon Mar  9 17:56:15 CET 2026
#@# CA Normalize Mon Mar  9 17:56:15 CET 2026
#@# CA Reg Mon Mar  9 17:57:07 CET 2026
#@# SubCort Seg Mon Mar  9 18:45:50 CET 2026
#@# CC Seg Mon Mar  9 19:03:36 CET 2026
#@# Merge ASeg Mon Mar  9 19:03:55 CET 2026
#@# Intensity Normalization2 Mon Mar  9 19:03:55 CET 2026
#@# Mask BFS Mon Mar  9 19:05:20 CET 2026
#@# WM Segmentation Mon Mar  9 19:05:21 CET 2026
#@# Fill Mon Mar  9 19:06:57 CET 2026
recon-all -s sub-v1s23x0050564_ses-1 finished without error at Mon Mar  9 19:07:35 CET 2026



#New# invocation of recon-all 



status file for recon-all
Mon Mar  9 19:48:34 CET 2026
#@# white curv lh Mon Mar  9 19:48:34 CET 2026
#@# white area lh Mon Mar  9 19:48:34 CET 2026
#@# pial curv lh Mon Mar  9 19:48:34 CET 2026
#@# pial area lh Mon Mar  9 19:48:34 CET 2026
#@# thickness lh Mon Mar  9 19:48:34 CET 2026
#@# area and vertex vol lh Mon Mar  9 19:48:34 CET 2026
#@# white curv rh Mon Mar  9 19:48:34 CET 2026
#@# white area rh Mon Mar  9 19:48:34 CET 2026
#@# pial curv rh Mon Mar  9 19:48:34 CET 2026
#@# pial area rh Mon Mar  9 19:48:34 CET 2026
#@# thickness rh Mon Mar  9 19:48:34 CET 2026
#@# area and vertex vol rh Mon Mar  9 19:48:34 CET 2026
#@# Cortical ribbon mask Mon Mar  9 19:48:34 CET 2026
recon-all -s sub-v1s23x0050564_ses-1 finished without error at Mon Mar  9 19:51:52 CET 2026



#New# invocation of recon-all 



status file for recon-all
Mon Mar  9 19:56:09 CET 2026
#@# white curv lh Mon Mar  9 19:56:09 CET 2026
#@# white area lh Mon Mar  9 19:56:09 CET 2026
#@# pial curv lh Mon Mar  9 19:56:09 CET 2026
#@# pial area lh Mon Mar  9 19:56:09 CET 2026
#@# thickness lh Mon Mar  9 19:56:09 CET 2026
#@# area and vertex vol lh Mon Mar  9 19:56:09 CET 2026
#@# white curv rh Mon Mar  9 19:56:09 CET 2026
#@# white area rh Mon Mar  9 19:56:09 CET 2026
#@# pial curv rh Mon Mar  9 19:56:09 CET 2026
#@# pial area rh Mon Mar  9 19:56:09 CET 2026
#@# thickness rh Mon Mar  9 19:56:09 CET 2026
#@# area and vertex vol rh Mon Mar  9 19:56:09 CET 2026
#@# Curvature Stats lh Mon Mar  9 19:56:09 CET 2026
#@# Curvature Stats rh Mon Mar  9 19:56:11 CET 2026
#@# Relabel Hypointensities Mon Mar  9 19:56:12 CET 2026
#@# APas-to-ASeg Mon Mar  9 19:56:22 CET 2026
#@# AParc-to-ASeg aparc Mon Mar  9 19:56:27 CET 2026
#@# AParc-to-ASeg aparc.a2009s Mon Mar  9 19:56:45 CET 2026
#@# AParc-to-ASeg aparc.DKTatlas Mon Mar  9 19:57:03 CET 2026
#@# WMParc Mon Mar  9 19:57:17 CET 2026
#@# ASeg Stats Mon Mar  9 19:59:28 CET 2026
recon-all -s sub-v1s23x0050564_ses-1 finished without error at Mon Mar  9 19:59:46 CET 2026
