status file for recon-all
Mon Mar  9 19:25:21 CET 2026
#@# Tessellate rh Mon Mar  9 19:25:21 CET 2026
#@# Smooth1 rh Mon Mar  9 19:25:23 CET 2026
#@# Inflation1 rh Mon Mar  9 19:25:25 CET 2026
#@# QSphere rh Mon Mar  9 19:25:36 CET 2026
#@# Fix Topology rh Mon Mar  9 19:26:21 CET 2026
#@# Smooth2 rh Mon Mar  9 19:31:20 CET 2026
#@# Inflation2 rh Mon Mar  9 19:31:22 CET 2026
#@# Curv .H and .K rh Mon Mar  9 19:31:33 CET 2026
#@# Sphere rh Mon Mar  9 19:32:02 CET 2026
#@# Surf Reg rh Mon Mar  9 19:37:30 CET 2026
#@# Jacobian white rh Mon Mar  9 19:42:31 CET 2026
#@# AvgCurv rh Mon Mar  9 19:42:32 CET 2026
#@# Cortical Parc rh Mon Mar  9 19:42:32 CET 2026
#@# white curv rh Mon Mar  9 19:47:51 CET 2026
#@# white area rh Mon Mar  9 19:47:52 CET 2026
#@# pial curv rh Mon Mar  9 19:47:52 CET 2026
#@# pial area rh Mon Mar  9 19:47:54 CET 2026
#@# thickness rh Mon Mar  9 19:47:54 CET 2026
#@# area and vertex vol rh Mon Mar  9 19:48:10 CET 2026
#@# Curvature Stats rh Mon Mar  9 19:48:11 CET 2026
#@# Cortical Parc 2 rh Mon Mar  9 19:48:13 CET 2026
#@# Cortical Parc 3 rh Mon Mar  9 19:48:21 CET 2026
#@# WM/GM Contrast rh Mon Mar  9 19:48:28 CET 2026
recon-all -s sub-v1s23x0050564_ses-1 finished without error at Mon Mar  9 19:48:30 CET 2026



#New# invocation of recon-all 



status file for recon-all
Mon Mar  9 19:53:59 CET 2026
#@# white curv rh Mon Mar  9 19:53:59 CET 2026
#@# white area rh Mon Mar  9 19:53:59 CET 2026
#@# pial curv rh Mon Mar  9 19:53:59 CET 2026
#@# pial area rh Mon Mar  9 19:53:59 CET 2026
#@# thickness rh Mon Mar  9 19:53:59 CET 2026
#@# area and vertex vol rh Mon Mar  9 19:53:59 CET 2026
#@# Parcellation Stats rh Mon Mar  9 19:53:59 CET 2026
#@# Parcellation Stats 2 rh Mon Mar  9 19:54:10 CET 2026
#@# Parcellation Stats 3 rh Mon Mar  9 19:54:15 CET 2026
#@# BA_exvivo Labels rh Mon Mar  9 19:54:21 CET 2026
recon-all -s sub-v1s23x0050564_ses-1 finished without error at Mon Mar  9 19:56:05 CET 2026
