status file for recon-all
Mon Mar  9 20:17:44 CET 2026
#@# Tessellate lh Mon Mar  9 20:17:44 CET 2026
#@# Smooth1 lh Mon Mar  9 20:17:47 CET 2026
#@# Inflation1 lh Mon Mar  9 20:17:50 CET 2026
#@# QSphere lh Mon Mar  9 20:18:01 CET 2026
#@# Fix Topology lh Mon Mar  9 20:18:59 CET 2026
#@# Smooth2 lh Mon Mar  9 20:25:18 CET 2026
#@# Inflation2 lh Mon Mar  9 20:25:21 CET 2026
#@# Curv .H and .K lh Mon Mar  9 20:25:33 CET 2026
#@# Sphere lh Mon Mar  9 20:26:16 CET 2026
#@# Surf Reg lh Mon Mar  9 20:29:23 CET 2026
#@# Jacobian white lh Mon Mar  9 20:32:57 CET 2026
#@# AvgCurv lh Mon Mar  9 20:32:58 CET 2026
#@# Cortical Parc lh Mon Mar  9 20:32:59 CET 2026
#@# white curv lh Mon Mar  9 20:38:46 CET 2026
#@# white area lh Mon Mar  9 20:38:48 CET 2026
#@# pial curv lh Mon Mar  9 20:38:49 CET 2026
#@# pial area lh Mon Mar  9 20:38:50 CET 2026
#@# thickness lh Mon Mar  9 20:38:51 CET 2026
#@# area and vertex vol lh Mon Mar  9 20:39:17 CET 2026
#@# Curvature Stats lh Mon Mar  9 20:39:19 CET 2026
#@# Cortical Parc 2 lh Mon Mar  9 20:39:21 CET 2026
#@# Cortical Parc 3 lh Mon Mar  9 20:39:34 CET 2026
#@# WM/GM Contrast lh Mon Mar  9 20:39:43 CET 2026
recon-all -s sub-v1s23x0050566_ses-1 finished without error at Mon Mar  9 20:39:47 CET 2026



#New# invocation of recon-all 



status file for recon-all
Mon Mar  9 21:03:54 CET 2026
#@# white curv lh Mon Mar  9 21:03:54 CET 2026
#@# white area lh Mon Mar  9 21:03:54 CET 2026
#@# pial curv lh Mon Mar  9 21:03:54 CET 2026
#@# pial area lh Mon Mar  9 21:03:54 CET 2026
#@# thickness lh Mon Mar  9 21:03:54 CET 2026
#@# area and vertex vol lh Mon Mar  9 21:03:54 CET 2026
#@# Parcellation Stats lh Mon Mar  9 21:03:54 CET 2026
#@# Parcellation Stats 2 lh Mon Mar  9 21:04:10 CET 2026
#@# Parcellation Stats 3 lh Mon Mar  9 21:04:18 CET 2026
#@# BA_exvivo Labels lh Mon Mar  9 21:04:26 CET 2026
recon-all -s sub-v1s23x0050566_ses-1 finished without error at Mon Mar  9 21:07:00 CET 2026
