status file for recon-all
Mon Mar  9 20:39:48 CET 2026
#@# Tessellate rh Mon Mar  9 20:39:48 CET 2026
#@# Smooth1 rh Mon Mar  9 20:39:52 CET 2026
#@# Inflation1 rh Mon Mar  9 20:39:55 CET 2026
#@# QSphere rh Mon Mar  9 20:40:06 CET 2026
#@# Fix Topology rh Mon Mar  9 20:41:07 CET 2026
#@# Smooth2 rh Mon Mar  9 20:46:13 CET 2026
#@# Inflation2 rh Mon Mar  9 20:46:15 CET 2026
#@# Curv .H and .K rh Mon Mar  9 20:46:29 CET 2026
#@# Sphere rh Mon Mar  9 20:47:11 CET 2026
#@# Surf Reg rh Mon Mar  9 20:49:15 CET 2026
#@# Jacobian white rh Mon Mar  9 20:52:27 CET 2026
#@# AvgCurv rh Mon Mar  9 20:52:28 CET 2026
#@# Cortical Parc rh Mon Mar  9 20:52:28 CET 2026
#@# white curv rh Mon Mar  9 20:58:27 CET 2026
#@# white area rh Mon Mar  9 20:58:29 CET 2026
#@# pial curv rh Mon Mar  9 20:58:30 CET 2026
#@# pial area rh Mon Mar  9 20:58:32 CET 2026
#@# thickness rh Mon Mar  9 20:58:32 CET 2026
#@# area and vertex vol rh Mon Mar  9 20:59:01 CET 2026
#@# Curvature Stats rh Mon Mar  9 20:59:03 CET 2026
#@# Cortical Parc 2 rh Mon Mar  9 20:59:05 CET 2026
#@# Cortical Parc 3 rh Mon Mar  9 20:59:18 CET 2026
#@# WM/GM Contrast rh Mon Mar  9 20:59:28 CET 2026
recon-all -s sub-v1s23x0050566_ses-1 finished without error at Mon Mar  9 20:59:31 CET 2026



#New# invocation of recon-all 



status file for recon-all
Mon Mar  9 21:07:04 CET 2026
#@# white curv rh Mon Mar  9 21:07:04 CET 2026
#@# white area rh Mon Mar  9 21:07:04 CET 2026
#@# pial curv rh Mon Mar  9 21:07:04 CET 2026
#@# pial area rh Mon Mar  9 21:07:04 CET 2026
#@# thickness rh Mon Mar  9 21:07:04 CET 2026
#@# area and vertex vol rh Mon Mar  9 21:07:04 CET 2026
#@# Parcellation Stats rh Mon Mar  9 21:07:04 CET 2026
#@# Parcellation Stats 2 rh Mon Mar  9 21:07:20 CET 2026
#@# Parcellation Stats 3 rh Mon Mar  9 21:07:28 CET 2026
#@# BA_exvivo Labels rh Mon Mar  9 21:07:36 CET 2026
recon-all -s sub-v1s23x0050566_ses-1 finished without error at Mon Mar  9 21:10:05 CET 2026
