status file for recon-all
Mon Mar  9 18:35:36 CET 2026
#@# MotionCor Mon Mar  9 18:35:38 CET 2026
#@# Talairach Mon Mar  9 18:35:46 CET 2026
#@# Talairach Failure Detection Mon Mar  9 18:40:13 CET 2026
#@# Nu Intensity Correction Mon Mar  9 18:40:13 CET 2026
#@# Intensity Normalization Mon Mar  9 18:43:29 CET 2026
recon-all -s sub-v1s23x0050566_ses-1 finished without error at Mon Mar  9 18:44:58 CET 2026



#New# invocation of recon-all 



status file for recon-all
Mon Mar  9 18:52:05 CET 2026
#@# EM Registration Mon Mar  9 18:52:05 CET 2026
recon-all -s sub-v1s23x0050566_ses-1 finished without error at Mon Mar  9 18:54:04 CET 2026



#New# invocation of recon-all 



status file for recon-all
Mon Mar  9 18:54:06 CET 2026
#@# CA Normalize Mon Mar  9 18:54:06 CET 2026
#@# CA Reg Mon Mar  9 18:55:26 CET 2026
#@# SubCort Seg Mon Mar  9 19:46:28 CET 2026
#@# CC Seg Mon Mar  9 20:11:51 CET 2026
#@# Merge ASeg Mon Mar  9 20:12:29 CET 2026
#@# Intensity Normalization2 Mon Mar  9 20:12:29 CET 2026
#@# Mask BFS Mon Mar  9 20:14:42 CET 2026
#@# WM Segmentation Mon Mar  9 20:14:43 CET 2026
#@# Fill Mon Mar  9 20:16:35 CET 2026
recon-all -s sub-v1s23x0050566_ses-1 finished without error at Mon Mar  9 20:17:38 CET 2026



#New# invocation of recon-all 



status file for recon-all
Mon Mar  9 20:59:38 CET 2026
#@# white curv lh Mon Mar  9 20:59:38 CET 2026
#@# white area lh Mon Mar  9 20:59:38 CET 2026
#@# pial curv lh Mon Mar  9 20:59:38 CET 2026
#@# pial area lh Mon Mar  9 20:59:38 CET 2026
#@# thickness lh Mon Mar  9 20:59:38 CET 2026
#@# area and vertex vol lh Mon Mar  9 20:59:38 CET 2026
#@# white curv rh Mon Mar  9 20:59:38 CET 2026
#@# white area rh Mon Mar  9 20:59:38 CET 2026
#@# pial curv rh Mon Mar  9 20:59:38 CET 2026
#@# pial area rh Mon Mar  9 20:59:38 CET 2026
#@# thickness rh Mon Mar  9 20:59:38 CET 2026
#@# area and vertex vol rh Mon Mar  9 20:59:38 CET 2026
#@# Cortical ribbon mask Mon Mar  9 20:59:38 CET 2026
recon-all -s sub-v1s23x0050566_ses-1 finished without error at Mon Mar  9 21:03:51 CET 2026



#New# invocation of recon-all 



status file for recon-all
Mon Mar  9 21:10:12 CET 2026
#@# white curv lh Mon Mar  9 21:10:12 CET 2026
#@# white area lh Mon Mar  9 21:10:12 CET 2026
#@# pial curv lh Mon Mar  9 21:10:12 CET 2026
#@# pial area lh Mon Mar  9 21:10:12 CET 2026
#@# thickness lh Mon Mar  9 21:10:12 CET 2026
#@# area and vertex vol lh Mon Mar  9 21:10:12 CET 2026
#@# white curv rh Mon Mar  9 21:10:12 CET 2026
#@# white area rh Mon Mar  9 21:10:12 CET 2026
#@# pial curv rh Mon Mar  9 21:10:12 CET 2026
#@# pial area rh Mon Mar  9 21:10:12 CET 2026
#@# thickness rh Mon Mar  9 21:10:12 CET 2026
#@# area and vertex vol rh Mon Mar  9 21:10:12 CET 2026
#@# Curvature Stats lh Mon Mar  9 21:10:12 CET 2026
#@# Curvature Stats rh Mon Mar  9 21:10:14 CET 2026
#@# Relabel Hypointensities Mon Mar  9 21:10:17 CET 2026
#@# APas-to-ASeg Mon Mar  9 21:10:31 CET 2026
#@# AParc-to-ASeg aparc Mon Mar  9 21:10:39 CET 2026
#@# AParc-to-ASeg aparc.a2009s Mon Mar  9 21:11:11 CET 2026
#@# AParc-to-ASeg aparc.DKTatlas Mon Mar  9 21:11:42 CET 2026
#@# WMParc Mon Mar  9 21:12:17 CET 2026
#@# ASeg Stats Mon Mar  9 21:16:34 CET 2026
recon-all -s sub-v1s23x0050566_ses-1 finished without error at Mon Mar  9 21:17:13 CET 2026
