/out/sourcedata/freesurfer/sub-v1s23x0050615_ses-1/mri
/opt/freesurfer/bin/talairach_avi
--i orig_nu.mgz --xfm transforms/talairach.auto.xfm
talairach_avi 7.3.2
Linux dna030 5.14.0-427.37.1.el9_4.x86_64 #1 SMP PREEMPT_DYNAMIC Fri Sep 13 12:41:50 EDT 2024 x86_64 x86_64 x86_64 GNU/Linux
Mon Mar  9 20:48:30 CET 2026
mri_convert orig_nu.mgz talsrcimg.img 
reading from orig_nu.mgz...
TR=0.00, TE=0.00, TI=0.00, flip angle=0.00
i_ras = (-1, 0, 0)
j_ras = (0, 0, -1)
k_ras = (0, 1, 0)
writing to talsrcimg.img...
Analyze Output Matrix
-1.00000   0.00000   0.00000   138.56520;
 0.00000   0.00000   1.00000  -174.22057;
 0.00000  -1.00000   0.00000   142.65459;
 0.00000   0.00000   0.00000   1.00000;
--------------------
INFO: set hdr.hist.orient to -1
mpr2mni305 talsrcimg
Mon Mar  9 20:48:31 CET 2026
/opt/freesurfer/bin/mpr2mni305 talsrcimg
mpr2mni305 7.3.2
target=711-2C_as_mni_average_305

---------------------------------------------------------------------
analyzeto4dfp talsrcimg -O0 -y
---------------------------------------------------------------------

freesurfer ifh2hdr.c
Mon Mar  9 20:48:31 2026
Writing: talsrcimg.4dfp.hdr
freesurfer analyzeto4dfp.c
Reading: talsrcimg.hdr
header size 348 bytes
hdr.dime.datatype	offset=70	value=2
hdr.dime.bitpix		offset=72	value=8
hdr.hist.orient		offset=252	value=-1
dimensionality     4
dimensions       256       256       256         1
Reading: talsrcimg.img
Writing: talsrcimg.4dfp.img
Writing: talsrcimg.4dfp.ifh
ifh2hdr talsrcimg -r0to227
ori=2

---------------------------------------------------------------------
gauss_4dfp talsrcimg 1.1
---------------------------------------------------------------------

freesurfer gauss_4dfp.c
Reading: talsrcimg.4dfp.img
Writing: talsrcimg_g11.4dfp.img
image dimensions 256 256 256 padded to 288 288 288
processing volume 1freesurfer ifh2hdr.c
Mon Mar  9 20:48:33 2026
Writing: talsrcimg_g11.4dfp.hdr

Writing: talsrcimg_g11.4dfp.ifh
including: talsrcimg.4dfp.img.rec in talsrcimg_g11.4dfp.img.rec

---------------------------------------------------------------------
imgreg_4dfp /opt/freesurfer/average/711-2C_as_mni_average_305 none talsrcimg_g11 none talsrcimg_to_711-2C_as_mni_average_305_t4 4355
---------------------------------------------------------------------

freesurfer imgreg_4dfp.c
/opt/freesurfer/average/711-2C_as_mni_average_305.4dfp.img
       256       256       256         1
  1.000000  1.000000  1.000000
orientation T byte_order littleendian
Reading image: /opt/freesurfer/average/711-2C_as_mni_average_305.4dfp.img
dimensions:      256       256       256
mmppix:       1.0000   -1.0000   -1.0000
center:     128.0000 -129.0000 -129.0000
talsrcimg_g11.4dfp.img
       256       256       256         1
  1.000000  1.000000  1.000000
orientation T byte_order littleendian
Reading image: talsrcimg_g11.4dfp.img
dimensions:      256       256       256
mmppix:       1.0000   -1.0000   -1.0000
center:     128.0000 -129.0000 -129.0000
t4_read: open error in t4_sub.f l:  41 t4_file(1:l)talsrcimg_to_711-2C_as_mni_average_305_t4 
t4_read: transform initialized to I4
rotation matrix determinant  1.000000
image alignment mode   4355 decimal     1103 hex
   -7.5000  -45.0000  -45.0000 7524.7871   22.4246
    0.0000  -45.0000  -45.0000 7832.5596   22.3876
    7.5000  -45.0000  -45.0000 7483.2197   22.3715
   -7.5000  -37.5000  -45.0000 7908.4561   22.4013
    0.0000  -37.5000  -45.0000 8239.0127   22.3775
    7.5000  -37.5000  -45.0000 7866.5645   22.3697
   -7.5000  -30.0000  -45.0000 8549.5410   22.3834
    0.0000  -30.0000  -45.0000 8909.2920   22.3671
    7.5000  -30.0000  -45.0000 8477.6494   22.3624
   -7.5000  -22.5000  -45.0000 9180.2959   22.3905
    0.0000  -22.5000  -45.0000 9530.5225   22.3686
    7.5000  -22.5000  -45.0000 9095.8096   22.3599
   -7.5000  -15.0000  -45.0000 9764.8291   22.4120
    0.0000  -15.0000  -45.000010147.4736   22.3782
    7.5000  -15.0000  -45.0000 9657.2324   22.3623
   -7.5000   -7.5000  -45.000010354.2578   22.4281
    0.0000   -7.5000  -45.000010771.6328   22.3867
    7.5000   -7.5000  -45.000010228.3955   22.3666
   -7.5000    0.0000  -45.000010716.6514   22.4246
    0.0000    0.0000  -45.000011161.0166   22.3876
    7.5000    0.0000  -45.000010620.5391   22.3715
   -7.5000    7.5000  -45.000010148.6738   22.4013
    0.0000    7.5000  -45.000010608.2197   22.3775
    7.5000    7.5000  -45.000010092.4785   22.3697
   -7.5000   15.0000  -45.0000 9575.5029   22.3834
    0.0000   15.0000  -45.0000 9994.5879   22.3671
    7.5000   15.0000  -45.0000 9498.7637   22.3624
   -7.5000   22.5000  -45.0000 8959.5498   22.3874
    0.0000   22.5000  -45.0000 9338.7979   22.3656
    7.5000   22.5000  -45.0000 8858.0635   22.3568
   -7.5000   30.0000  -45.0000 8247.1162   22.1133
    0.0000   30.0000  -45.0000 8550.7910   22.0800
    7.5000   30.0000  -45.0000 8124.3569   22.0643
   -7.5000   37.5000  -45.0000 7729.9443   22.1292
    0.0000   37.5000  -45.0000 8002.9863   22.0884
    7.5000   37.5000  -45.0000 7586.1899   22.0686
   -7.5000   45.0000  -45.0000 7001.9688   21.5640
    0.0000   45.0000  -45.0000 7250.6665   21.5284
    7.5000   45.0000  -45.0000 6879.2397   21.5130
   -7.5000  -45.0000  -37.5000 8015.0483   22.3829
    0.0000  -45.0000  -37.5000 8358.8799   22.3509
    7.5000  -45.0000  -37.5000 7958.1714   22.3419
   -7.5000  -37.5000  -37.5000 8396.1064   22.3550
    0.0000  -37.5000  -37.5000 8751.6953   22.3366
    7.5000  -37.5000  -37.5000 8343.4424   22.3384
   -7.5000  -30.0000  -37.5000 9047.3691   22.3256
    0.0000  -30.0000  -37.5000 9421.9219   22.3124
    7.5000  -30.0000  -37.5000 8985.2344   22.3168
   -7.5000  -22.5000  -37.5000 9711.4863   22.3252
    0.0000  -22.5000  -37.500010075.2666   22.3033
    7.5000  -22.5000  -37.5000 9606.2979   22.2997
   -7.5000  -15.0000  -37.500010312.9570   22.3495
    0.0000  -15.0000  -37.500010711.5449   22.3143
    7.5000  -15.0000  -37.500010181.1738   22.3006
   -7.5000   -7.5000  -37.500010930.9951   22.3777
    0.0000   -7.5000  -37.500011360.5117   22.3378
    7.5000   -7.5000  -37.500010784.8691   22.3212
   -7.5000    0.0000  -37.500011325.7275   22.3829
    0.0000    0.0000  -37.500011816.8076   22.3509
    7.5000    0.0000  -37.500011203.9385   22.3418
   -7.5000    7.5000  -37.500010743.5049   22.3550
    0.0000    7.5000  -37.500011195.1191   22.3366
    7.5000    7.5000  -37.500010626.8936   22.3384
   -7.5000   15.0000  -37.500010143.9102   22.3256
    0.0000   15.0000  -37.500010552.3711   22.3124
    7.5000   15.0000  -37.500010000.1045   22.3168
   -7.5000   22.5000  -37.5000 9475.8369   22.3221
    0.0000   22.5000  -37.5000 9853.1270   22.3002
    7.5000   22.5000  -37.5000 9290.5586   22.2966
   -7.5000   30.0000  -37.5000 8697.1172   22.0517
    0.0000   30.0000  -37.5000 9029.0361   22.0170
    7.5000   30.0000  -37.5000 8519.8047   22.0034
   -7.5000   37.5000  -37.5000 8142.0298   22.0795
    0.0000   37.5000  -37.5000 8448.9570   22.0402
    7.5000   37.5000  -37.5000 7971.2041   22.0238
   -7.5000   45.0000  -37.5000 7345.6221   21.5239
    0.0000   45.0000  -37.5000 7614.6138   21.4931
    7.5000   45.0000  -37.5000 7214.9355   21.4844
   -7.5000  -45.0000  -30.0000 8666.6318   23.2865
    0.0000  -45.0000  -30.0000 9023.9297   23.2568
    7.5000  -45.0000  -30.0000 8563.3018   23.2529
   -7.5000  -37.5000  -30.0000 9069.2949   23.2575
    0.0000  -37.5000  -30.0000 9449.3359   23.2403
    7.5000  -37.5000  -30.0000 8951.1914   23.2457
   -7.5000  -30.0000  -30.0000 9753.4131   23.2256
    0.0000  -30.0000  -30.000010143.1289   23.2142
    7.5000  -30.0000  -30.0000 9635.5576   23.2211
   -7.5000  -22.5000  -30.000010432.6367   23.2238
    0.0000  -22.5000  -30.000010827.4961   23.2053
    7.5000  -22.5000  -30.000010271.0479   23.2044
   -7.5000  -15.0000  -30.000011055.4678   23.2485
    0.0000  -15.0000  -30.000011466.1221   23.2179
    7.5000  -15.0000  -30.000010861.4170   23.2083
   -7.5000   -7.5000  -30.000011729.4141   23.2792
    0.0000   -7.5000  -30.000012166.3965   23.2435
    7.5000   -7.5000  -30.000011520.0654   23.2321
   -7.5000    0.0000  -30.000012203.2744   23.2864
    0.0000    0.0000  -30.000012702.8516   23.2568
    7.5000    0.0000  -30.000012010.9824   23.2529
   -7.5000    7.5000  -30.000011606.2373   23.2575
    0.0000    7.5000  -30.000012058.0361   23.2403
    7.5000    7.5000  -30.000011382.3691   23.2457
   -7.5000   15.0000  -30.000010902.8604   23.2256
    0.0000   15.0000  -30.000011329.3584   23.2142
    7.5000   15.0000  -30.000010652.0244   23.2211
   -7.5000   22.5000  -30.000010118.4893   23.2182
    0.0000   22.5000  -30.000010530.2090   23.1997
    7.5000   22.5000  -30.0000 9888.1123   23.1988
   -7.5000   30.0000  -30.0000 9267.5283   22.9409
    0.0000   30.0000  -30.0000 9669.6523   22.9106
    7.5000   30.0000  -30.0000 9087.0039   22.9012
   -7.5000   37.5000  -30.0000 8708.2314   22.9712
    0.0000   37.5000  -30.0000 9066.2451   22.9359
    7.5000   37.5000  -30.0000 8515.3105   22.9247
   -7.5000   45.0000  -30.0000 7852.2642   22.4092
    0.0000   45.0000  -30.0000 8143.6738   22.3807
    7.5000   45.0000  -30.0000 7688.5811   22.3769
   -7.5000  -45.0000  -22.5000 9330.6680   24.0882
    0.0000  -45.0000  -22.5000 9693.8916   24.0549
    7.5000  -45.0000  -22.5000 9189.9531   24.0475
   -7.5000  -37.5000  -22.5000 9732.3359   24.0650
    0.0000  -37.5000  -22.500010139.3027   24.0434
    7.5000  -37.5000  -22.5000 9582.2744   24.0412
   -7.5000  -30.0000  -22.500010451.7080   24.0461
    0.0000  -30.0000  -22.500010862.6289   24.0338
    7.5000  -30.0000  -22.500010294.9805   24.0332
   -7.5000  -22.5000  -22.500011146.6855   24.0518
    0.0000  -22.5000  -22.500011598.6895   24.0373
    7.5000  -22.5000  -22.500010968.1807   24.0344
   -7.5000  -15.0000  -22.500011831.0068   24.0724
    0.0000  -15.0000  -22.500012289.6572   24.0474
    7.5000  -15.0000  -22.500011594.2051   24.0407
   -7.5000   -7.5000  -22.500012568.7705   24.0897
    0.0000   -7.5000  -22.500013033.6719   24.0555
    7.5000   -7.5000  -22.500012269.2852   24.0459
   -7.5000    0.0000  -22.500013106.8193   24.0882
    0.0000    0.0000  -22.500013589.5859   24.0549
    7.5000    0.0000  -22.500012776.8477   24.0475
   -7.5000    7.5000  -22.500012463.6016   24.0650
    0.0000    7.5000  -22.500012927.1475   24.0433
    7.5000    7.5000  -22.500012084.9248   24.0412
   -7.5000   15.0000  -22.500011646.7490   24.0461
    0.0000   15.0000  -22.500012110.8711   24.0338
    7.5000   15.0000  -22.500011292.4932   24.0332
   -7.5000   22.5000  -22.500010799.1670   24.0443
    0.0000   22.5000  -22.500011234.0088   24.0299
    7.5000   22.5000  -22.500010466.9053   24.0270
   -7.5000   30.0000  -22.5000 9892.6445   23.7575
    0.0000   30.0000  -22.500010293.7383   23.7329
    7.5000   30.0000  -22.5000 9605.8184   23.7262
   -7.5000   37.5000  -22.5000 9320.2510   23.7746
    0.0000   37.5000  -22.5000 9689.2832   23.7408
    7.5000   37.5000  -22.5000 9038.1631   23.7314
   -7.5000   45.0000  -22.5000 8370.5195   23.1981
    0.0000   45.0000  -22.5000 8684.6133   23.1661
    7.5000   45.0000  -22.5000 8139.6187   23.1590
   -7.5000  -45.0000  -15.0000 9955.6396   24.7061
    0.0000  -45.0000  -15.000010351.6143   24.6651
    7.5000  -45.0000  -15.0000 9781.6094   24.6491
   -7.5000  -37.5000  -15.000010383.6094   24.6864
    0.0000  -37.5000  -15.000010810.4873   24.6577
    7.5000  -37.5000  -15.000010224.0400   24.6448
   -7.5000  -30.0000  -15.000011150.8066   24.6786
    0.0000  -30.0000  -15.000011581.5205   24.6631
    7.5000  -30.0000  -15.000010967.3936   24.6538
   -7.5000  -22.5000  -15.000011870.0518   24.6927
    0.0000  -22.5000  -15.000012339.8652   24.6788
    7.5000  -22.5000  -15.000011681.5254   24.6721
   -7.5000  -15.0000  -15.000012585.9297   24.7118
    0.0000  -15.0000  -15.000013061.4834   24.6877
    7.5000  -15.0000  -15.000012333.1182   24.6800
   -7.5000   -7.5000  -15.000013332.5312   24.7172
    0.0000   -7.5000  -15.000013791.6084   24.6794
    7.5000   -7.5000  -15.000012990.5244   24.6660
   -7.5000    0.0000  -15.000013917.8115   24.7060
    0.0000    0.0000  -15.000014420.7061   24.6651
    7.5000    0.0000  -15.000013489.1865   24.6491
   -7.5000    7.5000  -15.000013255.8223   24.6864
    0.0000    7.5000  -15.000013734.7568   24.6577
    7.5000    7.5000  -15.000012815.1641   24.6448
   -7.5000   15.0000  -15.000012415.1846   24.6786
    0.0000   15.0000  -15.000012885.6660   24.6631
    7.5000   15.0000  -15.000011991.6387   24.6538
   -7.5000   22.5000  -15.000011524.4131   24.6840
    0.0000   22.5000  -15.000011982.6064   24.6700
    7.5000   22.5000  -15.000011126.6279   24.6634
   -7.5000   30.0000  -15.000010472.9033   24.3919
    0.0000   30.0000  -15.000010912.2930   24.3682
    7.5000   30.0000  -15.000010143.4375   24.3605
   -7.5000   37.5000  -15.0000 9876.1201   24.3973
    0.0000   37.5000  -15.000010252.8945   24.3600
    7.5000   37.5000  -15.0000 9519.2666   24.3468
   -7.5000   45.0000  -15.0000 8873.8896   23.8076
    0.0000   45.0000  -15.0000 9199.5186   23.7681
    7.5000   45.0000  -15.0000 8570.0674   23.7527
   -7.5000  -45.0000   -7.500010595.1572   25.0357
    0.0000  -45.0000   -7.500011037.2725   24.9914
    7.5000  -45.0000   -7.500010419.5605   24.9706
   -7.5000  -37.5000   -7.500011094.3086   25.0146
    0.0000  -37.5000   -7.500011589.6689   24.9833
    7.5000  -37.5000   -7.500010945.9902   24.9676
   -7.5000  -30.0000   -7.500011888.5059   25.0055
    0.0000  -30.0000   -7.500012393.8760   24.9866
    7.5000  -30.0000   -7.500011730.9648   24.9749
   -7.5000  -22.5000   -7.500012646.2617   25.0200
    0.0000  -22.5000   -7.500013164.6074   25.0011
    7.5000  -22.5000   -7.500012427.0947   24.9904
   -7.5000  -15.0000   -7.500013398.0801   25.0407
    0.0000  -15.0000   -7.500013883.8652   25.0109
    7.5000  -15.0000   -7.500013085.3838   24.9972
   -7.5000   -7.5000   -7.500014185.2676   25.0473
    0.0000   -7.5000   -7.500014719.5215   25.0045
    7.5000   -7.5000   -7.500013816.8574   24.9848
   -7.5000    0.0000   -7.500014811.8848   25.0357
    0.0000    0.0000   -7.500015342.4814   24.9914
    7.5000    0.0000   -7.500014401.4414   24.9706
   -7.5000    7.5000   -7.500014109.1436   25.0146
    0.0000    7.5000   -7.500014619.7295   24.9833
    7.5000    7.5000   -7.500013686.1104   24.9676
   -7.5000   15.0000   -7.500013199.3564   25.0055
    0.0000   15.0000   -7.500013706.2451   24.9866
    7.5000   15.0000   -7.500012780.1416   24.9749
   -7.5000   22.5000   -7.500012257.0928   25.0084
    0.0000   22.5000   -7.500012741.1699   24.9895
    7.5000   22.5000   -7.500011852.8164   24.9789
   -7.5000   30.0000   -7.500011151.0029   24.7160
    0.0000   30.0000   -7.500011586.7275   24.6865
    7.5000   30.0000   -7.500010755.2217   24.6730
   -7.5000   37.5000   -7.500010442.6973   24.7225
    0.0000   37.5000   -7.500010832.3457   24.6802
    7.5000   37.5000   -7.500010077.6660   24.6608
   -7.5000   45.0000   -7.5000 9340.3398   24.1297
    0.0000   45.0000   -7.5000 9689.7383   24.0870
    7.5000   45.0000   -7.5000 9032.4932   24.0670
   -7.5000  -45.0000    0.000011134.0107   25.0880
    0.0000  -45.0000    0.000011619.4385   25.0465
    7.5000  -45.0000    0.000010962.9375   25.0284
   -7.5000  -37.5000    0.000011801.5371   25.0624
    0.0000  -37.5000    0.000012349.7100   25.0356
    7.5000  -37.5000    0.000011638.7451   25.0268
   -7.5000  -30.0000    0.000012721.3330   25.0427
    0.0000  -30.0000    0.000013296.8701   25.0244
    7.5000  -30.0000    0.000012518.4082   25.0191
   -7.5000  -22.5000    0.000013506.9150   25.0506
    0.0000  -22.5000    0.000014025.2275   25.0260
    7.5000  -22.5000    0.000013187.9561   25.0162
   -7.5000  -15.0000    0.000014179.8506   25.0742
    0.0000  -15.0000    0.000014633.3018   25.0363
    7.5000  -15.0000    0.000013864.0957   25.0185
   -7.5000   -7.5000    0.000014862.6084   25.0918
    0.0000   -7.5000    0.000015391.0898   25.0454
    7.5000   -7.5000    0.000014643.9531   25.0229
   -7.5000    0.0000    0.000015460.5117   25.0880
    0.0000    0.0000    0.000016012.5195   25.0464
    7.5000    0.0000    0.000015242.7734   25.0284
   -7.5000    7.5000    0.000014749.2295   25.0624
    0.0000    7.5000    0.000015298.5264   25.0356
    7.5000    7.5000    0.000014490.5342   25.0268
   -7.5000   15.0000    0.000013868.7188   25.0427
    0.0000   15.0000    0.000014396.5928   25.0244
    7.5000   15.0000    0.000013521.6738   25.0191
   -7.5000   22.5000    0.000012879.8564   25.0390
    0.0000   22.5000    0.000013343.7588   25.0145
    7.5000   22.5000    0.000012500.2441   25.0047
   -7.5000   30.0000    0.000011688.7041   24.7497
    0.0000   30.0000    0.000012105.1309   24.7123
    7.5000   30.0000    0.000011314.1914   24.6947
   -7.5000   37.5000    0.000010887.3779   24.7671
    0.0000   37.5000    0.000011311.0449   24.7213
    7.5000   37.5000    0.000010570.0352   24.6991
   -7.5000   45.0000    0.0000 9714.0137   24.1820
    0.0000   45.0000    0.000010065.9863   24.1420
    7.5000   45.0000    0.0000 9429.3916   24.1246
   -7.5000  -45.0000    7.500010883.7939   25.0471
    0.0000  -45.0000    7.500011338.8604   25.0113
    7.5000  -45.0000    7.500010731.4814   25.0011
   -7.5000  -37.5000    7.500011646.2266   25.0158
    0.0000  -37.5000    7.500012201.9443   24.9952
    7.5000  -37.5000    7.500011445.8896   24.9972
   -7.5000  -30.0000    7.500012649.8525   24.9829
    0.0000  -30.0000    7.500013291.8535   24.9681
    7.5000  -30.0000    7.500012421.9756   24.9730
   -7.5000  -22.5000    7.500013079.6787   24.9825
    0.0000  -22.5000    7.500013595.7607   24.9579
    7.5000  -22.5000    7.500013007.5039   24.9539
   -7.5000  -15.0000    7.500013451.5566   25.0097
    0.0000  -15.0000    7.500013892.0654   24.9704
    7.5000  -15.0000    7.500013537.3252   24.9550
   -7.5000   -7.5000    7.500014113.3379   25.0413
    0.0000   -7.5000    7.500014637.9824   24.9966
    7.5000   -7.5000    7.500014249.0771   24.9781
   -7.5000    0.0000    7.500014808.3613   25.0471
    0.0000    0.0000    7.500015381.5371   25.0113
    7.5000    0.0000    7.500014870.1943   25.0011
   -7.5000    7.5000    7.500014208.8262   25.0158
    0.0000    7.5000    7.500014768.6445   24.9952
    7.5000    7.5000    7.500014124.9990   24.9972
   -7.5000   15.0000    7.500013400.8760   24.9829
    0.0000   15.0000    7.500013917.1338   24.9681
    7.5000   15.0000    7.500013181.7568   24.9730
   -7.5000   22.5000    7.500012439.4268   24.9710
    0.0000   22.5000    7.500012885.7256   24.9464
    7.5000   22.5000    7.500012166.6094   24.9425
   -7.5000   30.0000    7.500011349.6592   24.6860
    0.0000   30.0000    7.500011754.5322   24.6472
    7.5000   30.0000    7.500011053.6240   24.6320
   -7.5000   37.5000    7.500010588.8984   24.7172
    0.0000   37.5000    7.500011018.6299   24.6731
    7.5000   37.5000    7.500010349.1006   24.6548
   -7.5000   45.0000    7.5000 9435.4844   24.1425
    0.0000   45.0000    7.5000 9800.5801   24.1080
    7.5000   45.0000    7.5000 9208.6211   24.0982
   -7.5000  -45.0000   15.000010466.2275   25.0058
    0.0000  -45.0000   15.000010855.2461   24.9740
    7.5000  -45.0000   15.000010265.2979   24.9698
   -7.5000  -37.5000   15.000011159.5186   24.9747
    0.0000  -37.5000   15.000011718.2725   24.9562
    7.5000  -37.5000   15.000011011.3418   24.9621
   -7.5000  -30.0000   15.000012124.6035   24.9405
    0.0000  -30.0000   15.000012829.6709   24.9283
    7.5000  -30.0000   15.000012078.9805   24.9356
   -7.5000  -22.5000   15.000012490.9902   24.9386
    0.0000  -22.5000   15.000013073.1318   24.9187
    7.5000  -22.5000   15.000012745.0850   24.9177
   -7.5000  -15.0000   15.000012874.6191   24.9651
    0.0000  -15.0000   15.000013374.0215   24.9322
    7.5000  -15.0000   15.000013229.5088   24.9218
   -7.5000   -7.5000   15.000013616.7168   24.9980
    0.0000   -7.5000   15.000014155.6855   24.9597
    7.5000   -7.5000   15.000013857.5283   24.9475
   -7.5000    0.0000   15.000014369.9238   25.0058
    0.0000    0.0000   15.000014951.1162   24.9740
    7.5000    0.0000   15.000014441.9297   24.9698
   -7.5000    7.5000   15.000013857.5283   24.9747
    0.0000    7.5000   15.000014367.4746   24.9562
    7.5000    7.5000   15.000013708.2354   24.9621
   -7.5000   15.0000   15.000013068.0645   24.9405
    0.0000   15.0000   15.000013527.5381   24.9283
    7.5000   15.0000   15.000012775.9619   24.9356
   -7.5000   22.5000   15.000012082.8721   24.9271
    0.0000   22.5000   15.000012485.8359   24.9072
    7.5000   22.5000   15.000011732.6289   24.9062
   -7.5000   30.0000   15.000011008.3857   24.6420
    0.0000   30.0000   15.000011373.0723   24.6095
    7.5000   30.0000   15.000010682.8955   24.5993
   -7.5000   37.5000   15.000010251.0781   24.6745
    0.0000   37.5000   15.000010660.7812   24.6366
    7.5000   37.5000   15.0000 9999.4180   24.6246
   -7.5000   45.0000   15.0000 9152.0508   24.1027
    0.0000   45.0000   15.0000 9503.9229   24.0721
    7.5000   45.0000   15.0000 8925.5947   24.0680
   -7.5000  -45.0000   22.5000 9900.0957   25.0055
    0.0000  -45.0000   22.500010307.1592   24.9709
    7.5000  -45.0000   22.5000 9802.3008   24.9633
   -7.5000  -37.5000   22.500010489.3193   24.9815
    0.0000  -37.5000   22.500011102.2773   24.9590
    7.5000  -37.5000   22.500010490.2900   24.9567
   -7.5000  -30.0000   22.500011410.2178   24.9618
    0.0000  -30.0000   22.500012169.7129   24.9491
    7.5000  -30.0000   22.500011501.2656   24.9484
   -7.5000  -22.5000   22.500012074.9775   24.9677
    0.0000  -22.5000   22.500012761.9688   24.9527
    7.5000  -22.5000   22.500012186.3184   24.9497
   -7.5000  -15.0000   22.500012841.3125   24.9891
    0.0000  -15.0000   22.500013421.9316   24.9632
    7.5000  -15.0000   22.500012801.7988   24.9562
   -7.5000   -7.5000   22.500013644.8584   25.0071
    0.0000   -7.5000   22.500014136.5605   24.9715
    7.5000   -7.5000   22.500013408.7070   24.9616
   -7.5000    0.0000   22.500014208.9443   25.0055
    0.0000    0.0000   22.500014643.0107   24.9709
    7.5000    0.0000   22.500013855.0742   24.9632
   -7.5000    7.5000   22.500013510.1914   24.9815
    0.0000    7.5000   22.500013879.1602   24.9590
    7.5000    7.5000   22.500013136.4893   24.9567
   -7.5000   15.0000   22.500012623.1514   24.9618
    0.0000   15.0000   22.500012990.3145   24.9491
    7.5000   15.0000   22.500012272.9141   24.9484
   -7.5000   22.5000   22.500011606.6758   24.9562
    0.0000   22.5000   22.500011963.5947   24.9412
    7.5000   22.5000   22.500011300.8555   24.9382
   -7.5000   30.0000   22.500010527.8545   24.6657
    0.0000   30.0000   22.500010858.4443   24.6401
    7.5000   30.0000   22.500010280.2461   24.6332
   -7.5000   37.5000   22.5000 9787.4404   24.6835
    0.0000   37.5000   22.500010159.4688   24.6484
    7.5000   37.5000   22.5000 9578.4434   24.6385
   -7.5000   45.0000   22.5000 8705.6504   24.1025
    0.0000   45.0000   22.5000 9058.6826   24.0691
    7.5000   45.0000   22.5000 8532.8584   24.0617
   -7.5000  -45.0000   30.0000 9293.0488   25.0466
    0.0000  -45.0000   30.0000 9686.4531   25.0051
    7.5000  -45.0000   30.0000 9141.0449   24.9888
   -7.5000  -37.5000   30.0000 9910.2676   25.0267
    0.0000  -37.5000   30.000010392.2139   24.9975
    7.5000  -37.5000   30.0000 9760.2236   24.9844
   -7.5000  -30.0000   30.000010822.9854   25.0188
    0.0000  -30.0000   30.000011290.2314   25.0030
    7.5000  -30.0000   30.000010629.3066   24.9935
   -7.5000  -22.5000   30.000011561.3594   25.0331
    0.0000  -22.5000   30.000012000.9023   25.0189
    7.5000  -22.5000   30.000011313.0439   25.0121
   -7.5000  -15.0000   30.000012285.4424   25.0524
    0.0000  -15.0000   30.000012747.0576   25.0280
    7.5000  -15.0000   30.000011940.5713   25.0201
   -7.5000   -7.5000   30.000012934.2656   25.0580
    0.0000   -7.5000   30.000013478.6240   25.0196
    7.5000   -7.5000   30.000012548.8682   25.0059
   -7.5000    0.0000   30.000013277.8203   25.0466
    0.0000    0.0000   30.000013861.3145   25.0051
    7.5000    0.0000   30.000012946.6523   24.9887
   -7.5000    7.5000   30.000012538.4941   25.0267
    0.0000    7.5000   30.000013082.2471   24.9975
    7.5000    7.5000   30.000012275.9727   24.9844
   -7.5000   15.0000   30.000011717.9824   25.0188
    0.0000   15.0000   30.000012193.4150   25.0030
    7.5000   15.0000   30.000011492.1045   24.9935
   -7.5000   22.5000   30.000010834.4365   25.0215
    0.0000   22.5000   30.000011259.4014   25.0074
    7.5000   22.5000   30.000010622.4170   25.0006
   -7.5000   30.0000   30.0000 9831.0654   24.7282
    0.0000   30.0000   30.000010175.5342   24.7041
    7.5000   30.0000   30.0000 9665.0859   24.6963
   -7.5000   37.5000   30.0000 9169.8379   24.7337
    0.0000   37.5000   30.0000 9495.4697   24.6958
    7.5000   37.5000   30.0000 9015.9199   24.6823
   -7.5000   45.0000   30.0000 8203.6963   24.1421
    0.0000   45.0000   30.0000 8511.0830   24.1021
    7.5000   45.0000   30.0000 8077.8525   24.0863
   -7.5000  -45.0000   37.5000 9053.8398   25.0922
    0.0000  -45.0000   37.5000 9399.6963   25.0478
    7.5000  -45.0000   37.5000 8821.5498   25.0269
   -7.5000  -37.5000   37.5000 9598.1543   25.0711
    0.0000  -37.5000   37.500010007.4150   25.0397
    7.5000  -37.5000   37.5000 9393.2510   25.0239
   -7.5000  -30.0000   37.500010385.4961   25.0620
    0.0000  -30.0000   37.500010776.0889   25.0430
    7.5000  -30.0000   37.500010180.9150   25.0312
   -7.5000  -22.5000   37.500011024.3301   25.0765
    0.0000  -22.5000   37.500011431.6807   25.0575
    7.5000  -22.5000   37.500010842.3945   25.0467
   -7.5000  -15.0000   37.500011574.4238   25.0973
    0.0000  -15.0000   37.500012020.5459   25.0673
    7.5000  -15.0000   37.500011401.1553   25.0535
   -7.5000   -7.5000   37.500012094.6748   25.1038
    0.0000   -7.5000   37.500012574.5654   25.0608
    7.5000   -7.5000   37.500011942.8818   25.0410
   -7.5000    0.0000   37.500012460.2793   25.0922
    0.0000    0.0000   37.500012987.8643   25.0477
    7.5000    0.0000   37.500012359.5342   25.0269
   -7.5000    7.5000   37.500011880.9121   25.0711
    0.0000    7.5000   37.500012379.5801   25.0397
    7.5000    7.5000   37.500011781.0977   25.0239
   -7.5000   15.0000   37.500011233.4395   25.0620
    0.0000   15.0000   37.500011679.5391   25.0430
    7.5000   15.0000   37.500011093.3535   25.0312
   -7.5000   22.5000   37.500010434.3418   25.0649
    0.0000   22.5000   37.500010836.5469   25.0459
    7.5000   22.5000   37.500010273.3809   25.0352
   -7.5000   30.0000   37.5000 9482.2178   24.7725
    0.0000   30.0000   37.5000 9824.5156   24.7429
    7.5000   30.0000   37.5000 9313.1338   24.7292
   -7.5000   37.5000   37.5000 8861.2412   24.7790
    0.0000   37.5000   37.5000 9190.3789   24.7365
    7.5000   37.5000   37.5000 8709.2012   24.7169
   -7.5000   45.0000   37.5000 7931.3853   24.1861
    0.0000   45.0000   37.5000 8220.2910   24.1432
    7.5000   45.0000   37.5000 7808.4399   24.1231
   -7.5000  -45.0000   45.0000 8114.2437   25.0583
    0.0000  -45.0000   45.0000 8451.9834   25.0168
    7.5000  -45.0000   45.0000 8014.6460   24.9987
   -7.5000  -37.5000   45.0000 8567.5742   25.0326
    0.0000  -37.5000   45.0000 8952.0078   25.0060
    7.5000  -37.5000   45.0000 8495.2217   24.9972
   -7.5000  -30.0000   45.0000 9268.2520   25.0125
    0.0000  -30.0000   45.0000 9647.4111   24.9943
    7.5000  -30.0000   45.0000 9178.3281   24.9891
   -7.5000  -22.5000   45.0000 9870.3340   25.0201
    0.0000  -22.5000   45.000010276.9033   24.9956
    7.5000  -22.5000   45.0000 9773.2012   24.9856
   -7.5000  -15.0000   45.000010420.0469   25.0438
    0.0000  -15.0000   45.000010859.7744   25.0057
    7.5000  -15.0000   45.000010310.3320   24.9878
   -7.5000   -7.5000   45.000010892.9922   25.0618
    0.0000   -7.5000   45.000011369.8232   25.0153
    7.5000   -7.5000   45.000010823.1602   24.9926
   -7.5000    0.0000   45.000011231.8652   25.0583
    0.0000    0.0000   45.000011740.3594   25.0168
    7.5000    0.0000   45.000011203.5127   24.9986
   -7.5000    7.5000   45.000010736.9189   25.0326
    0.0000    7.5000   45.000011215.1406   25.0060
    7.5000    7.5000   45.000010700.5674   24.9972
   -7.5000   15.0000   45.000010162.1943   25.0125
    0.0000   15.0000   45.000010593.3770   24.9943
    7.5000   15.0000   45.000010104.7451   24.9891
   -7.5000   22.5000   45.0000 9457.8066   25.0085
    0.0000   22.5000   45.0000 9840.3027   24.9840
    7.5000   22.5000   45.0000 9362.6641   24.9741
   -7.5000   30.0000   45.0000 8607.4238   24.7175
    0.0000   30.0000   45.0000 8930.0098   24.6800
    7.5000   30.0000   45.0000 8498.6953   24.6622
   -7.5000   37.5000   45.0000 8066.5190   24.7353
    0.0000   37.5000   45.0000 8365.6328   24.6894
    7.5000   37.5000   45.0000 7981.7324   24.6670
   -7.5000   45.0000   45.0000 7222.3589   24.1643
    0.0000   45.0000   45.0000 7512.5669   24.1243
    7.5000   45.0000   45.0000 7159.1807   24.1068

---------------------------------------------------------------------
imgreg_4dfp /opt/freesurfer/average/711-2C_as_mni_average_305 /opt/freesurfer/average/711-2B_as_mni_average_305_mask talsrcimg_g11 none talsrcimg_to_711-2C_as_mni_average_305_t4 4355
---------------------------------------------------------------------

freesurfer imgreg_4dfp.c
/opt/freesurfer/average/711-2C_as_mni_average_305.4dfp.img
       256       256       256         1
  1.000000  1.000000  1.000000
orientation T byte_order littleendian
Reading image: /opt/freesurfer/average/711-2C_as_mni_average_305.4dfp.img
dimensions:      256       256       256
mmppix:       1.0000   -1.0000   -1.0000
center:     128.0000 -129.0000 -129.0000
/opt/freesurfer/average/711-2B_as_mni_average_305_mask.4dfp.img
       256       256       256         1
  1.000000  1.000000  1.000000
orientation T byte_order littleendian
Reading mask: /opt/freesurfer/average/711-2B_as_mni_average_305_mask.4dfp.img (2306576 pixels)
talsrcimg_g11.4dfp.img
       256       256       256         1
  1.000000  1.000000  1.000000
orientation T byte_order littleendian
Reading image: talsrcimg_g11.4dfp.img
dimensions:      256       256       256
mmppix:       1.0000   -1.0000   -1.0000
center:     128.0000 -129.0000 -129.0000
rotation matrix determinant  1.000000
image alignment mode   4355 decimal     1103 hex
   -7.5000  -45.0000  -45.0000 1960.1069   22.9521
    0.0000  -45.0000  -45.0000 1974.1293   22.8458
    7.5000  -45.0000  -45.0000 1952.3163   23.0942
   -7.5000  -37.5000  -45.0000 2023.5260   21.3257
    0.0000  -37.5000  -45.0000 2036.6394   21.1896
    7.5000  -37.5000  -45.0000 2017.0215   21.3535
   -7.5000  -30.0000  -45.0000 2077.1970   20.1368
    0.0000  -30.0000  -45.0000 2080.3975   20.0697
    7.5000  -30.0000  -45.0000 2058.9197   20.2363
   -7.5000  -22.5000  -45.0000 2101.7869   19.7568
    0.0000  -22.5000  -45.0000 2106.2849   19.6824
    7.5000  -22.5000  -45.0000 2090.1467   19.9026
   -7.5000  -15.0000  -45.0000 2112.9426   19.7643
    0.0000  -15.0000  -45.0000 2122.5833   19.7556
    7.5000  -15.0000  -45.0000 2111.3188   20.0147
   -7.5000   -7.5000  -45.0000 2114.0195   20.3304
    0.0000   -7.5000  -45.0000 2129.5078   20.2496
    7.5000   -7.5000  -45.0000 2111.7305   20.5069
   -7.5000    0.0000  -45.0000 2082.4343   21.1236
    0.0000    0.0000  -45.0000 2096.8481   21.0501
    7.5000    0.0000  -45.0000 2080.5361   21.3189
   -7.5000    7.5000  -45.0000 2026.8760   22.1123
    0.0000    7.5000  -45.0000 2045.6176   22.0131
    7.5000    7.5000  -45.0000 2024.1652   22.2762
   -7.5000   15.0000  -45.0000 1956.5029   23.3795
    0.0000   15.0000  -45.0000 1969.0970   23.2662
    7.5000   15.0000  -45.0000 1948.0538   23.6242
   -7.5000   22.5000  -45.0000 1870.8550   25.2269
    0.0000   22.5000  -45.0000 1882.5549   25.1006
    7.5000   22.5000  -45.0000 1864.0819   25.5799
   -7.5000   30.0000  -45.0000 1781.9596   28.0167
    0.0000   30.0000  -45.0000 1787.1364   27.7716
    7.5000   30.0000  -45.0000 1776.7960   28.3505
   -7.5000   37.5000  -45.0000 1671.5748   31.7869
    0.0000   37.5000  -45.0000 1683.5077   31.4737
    7.5000   37.5000  -45.0000 1668.8048   31.9836
   -7.5000   45.0000  -45.0000 1556.0264   36.5376
    0.0000   45.0000  -45.0000 1567.2777   36.3683
    7.5000   45.0000  -45.0000 1549.3231   36.8825
   -7.5000  -45.0000  -37.5000 2050.7000   21.3829
    0.0000  -45.0000  -37.5000 2064.8269   21.2738
    7.5000  -45.0000  -37.5000 2040.2471   21.4654
   -7.5000  -37.5000  -37.5000 2117.7383   19.7903
    0.0000  -37.5000  -37.5000 2134.1001   19.7026
    7.5000  -37.5000  -37.5000 2112.6931   19.8398
   -7.5000  -30.0000  -37.5000 2168.6277   18.6274
    0.0000  -30.0000  -37.5000 2181.2571   18.5940
    7.5000  -30.0000  -37.5000 2164.1992   18.7156
   -7.5000  -22.5000  -37.5000 2201.7612   18.1915
    0.0000  -22.5000  -37.5000 2208.2380   18.1330
    7.5000  -22.5000  -37.5000 2194.3289   18.3140
   -7.5000  -15.0000  -37.5000 2203.9797   18.1239
    0.0000  -15.0000  -37.5000 2215.2898   18.1348
    7.5000  -15.0000  -37.5000 2197.9993   18.2945
   -7.5000   -7.5000  -37.5000 2203.2725   18.4647
    0.0000   -7.5000  -37.5000 2212.7114   18.4193
    7.5000   -7.5000  -37.5000 2195.5100   18.6096
   -7.5000    0.0000  -37.5000 2167.9263   19.1207
    0.0000    0.0000  -37.5000 2185.2981   19.0702
    7.5000    0.0000  -37.5000 2166.1018   19.2699
   -7.5000    7.5000  -37.5000 2118.5571   19.9823
    0.0000    7.5000  -37.5000 2137.1821   19.9586
    7.5000    7.5000  -37.5000 2118.7354   20.1575
   -7.5000   15.0000  -37.5000 2053.6072   21.2097
    0.0000   15.0000  -37.5000 2069.7019   21.1494
    7.5000   15.0000  -37.5000 2053.3486   21.4173
   -7.5000   22.5000  -37.5000 1967.9731   22.9433
    0.0000   22.5000  -37.5000 1979.3210   22.8995
    7.5000   22.5000  -37.5000 1960.1062   23.2510
   -7.5000   30.0000  -37.5000 1865.1625   25.4397
    0.0000   30.0000  -37.5000 1874.3484   25.2639
    7.5000   30.0000  -37.5000 1858.2953   25.7048
   -7.5000   37.5000  -37.5000 1750.6307   28.7590
    0.0000   37.5000  -37.5000 1766.5641   28.5182
    7.5000   37.5000  -37.5000 1745.3696   28.9604
   -7.5000   45.0000  -37.5000 1622.3571   33.1131
    0.0000   45.0000  -37.5000 1635.9742   32.9314
    7.5000   45.0000  -37.5000 1622.3024   33.4248
   -7.5000  -45.0000  -30.0000 2178.8726   20.5617
    0.0000  -45.0000  -30.0000 2185.6626   20.5369
    7.5000  -45.0000  -30.0000 2159.4556   20.7061
   -7.5000  -37.5000  -30.0000 2258.3657   19.0078
    0.0000  -37.5000  -30.0000 2268.5847   18.9708
    7.5000  -37.5000  -30.0000 2235.1694   19.1340
   -7.5000  -30.0000  -30.0000 2309.5759   17.8681
    0.0000  -30.0000  -30.0000 2322.1597   17.8414
    7.5000  -30.0000  -30.0000 2292.6047   17.9952
   -7.5000  -22.5000  -30.0000 2341.1216   17.3121
    0.0000  -22.5000  -30.0000 2348.6321   17.2636
    7.5000  -22.5000  -30.0000 2325.6038   17.4461
   -7.5000  -15.0000  -30.0000 2349.2104   17.1414
    0.0000  -15.0000  -30.0000 2358.1304   17.1517
    7.5000  -15.0000  -30.0000 2331.9417   17.2925
   -7.5000   -7.5000  -30.0000 2350.5105   17.4427
    0.0000   -7.5000  -30.0000 2358.1521   17.4340
    7.5000   -7.5000  -30.0000 2338.1143   17.6081
   -7.5000    0.0000  -30.0000 2317.2830   18.1052
    0.0000    0.0000  -30.0000 2337.6846   18.0832
    7.5000    0.0000  -30.0000 2321.4180   18.2745
   -7.5000    7.5000  -30.0000 2267.0427   18.9524
    0.0000    7.5000  -30.0000 2289.4128   18.9643
    7.5000    7.5000  -30.0000 2276.9429   19.1778
   -7.5000   15.0000  -30.0000 2193.4062   20.1368
    0.0000   15.0000  -30.0000 2214.4727   20.1115
    7.5000   15.0000  -30.0000 2199.8525   20.3451
   -7.5000   22.5000  -30.0000 2103.0371   21.7666
    0.0000   22.5000  -30.0000 2115.7830   21.6902
    7.5000   22.5000  -30.0000 2094.3516   22.0028
   -7.5000   30.0000  -30.0000 1985.1312   24.0674
    0.0000   30.0000  -30.0000 1999.0862   23.9882
    7.5000   30.0000  -30.0000 1981.1118   24.3094
   -7.5000   37.5000  -30.0000 1864.8080   27.1488
    0.0000   37.5000  -30.0000 1880.0610   27.0154
    7.5000   37.5000  -30.0000 1860.9321   27.4061
   -7.5000   45.0000  -30.0000 1728.5186   31.1825
    0.0000   45.0000  -30.0000 1740.0483   31.0037
    7.5000   45.0000  -30.0000 1729.9133   31.5348
   -7.5000  -45.0000  -22.5000 2273.8738   19.8082
    0.0000  -45.0000  -22.5000 2282.6809   19.7703
    7.5000  -45.0000  -22.5000 2257.9092   19.9403
   -7.5000  -37.5000  -22.5000 2360.8887   18.1833
    0.0000  -37.5000  -22.5000 2373.6396   18.1627
    7.5000  -37.5000  -22.5000 2342.7717   18.3280
   -7.5000  -30.0000  -22.5000 2420.8064   17.0712
    0.0000  -30.0000  -22.5000 2437.6602   17.0246
    7.5000  -30.0000  -22.5000 2406.8726   17.2308
   -7.5000  -22.5000  -22.5000 2460.1323   16.3725
    0.0000  -22.5000  -22.5000 2479.2966   16.3387
    7.5000  -22.5000  -22.5000 2449.5637   16.5445
   -7.5000  -15.0000  -22.5000 2479.0381   16.2028
    0.0000  -15.0000  -22.5000 2494.3640   16.2024
    7.5000  -15.0000  -22.5000 2465.4585   16.3665
   -7.5000   -7.5000  -22.5000 2490.2070   16.5114
    0.0000   -7.5000  -22.5000 2497.6958   16.4999
    7.5000   -7.5000  -22.5000 2474.0098   16.6197
   -7.5000    0.0000  -22.5000 2458.7332   17.1499
    0.0000    0.0000  -22.5000 2473.2795   17.1548
    7.5000    0.0000  -22.5000 2446.0627   17.2809
   -7.5000    7.5000  -22.5000 2404.1604   17.9831
    0.0000    7.5000  -22.5000 2425.4473   17.9936
    7.5000    7.5000  -22.5000 2393.9373   18.1436
   -7.5000   15.0000  -22.5000 2321.2410   19.0672
    0.0000   15.0000  -22.5000 2347.2178   19.0990
    7.5000   15.0000  -22.5000 2313.7642   19.2847
   -7.5000   22.5000  -22.5000 2224.4485   20.5753
    0.0000   22.5000  -22.5000 2244.8323   20.5920
    7.5000   22.5000  -22.5000 2214.9199   20.8439
   -7.5000   30.0000  -22.5000 2090.1243   22.6501
    0.0000   30.0000  -22.5000 2103.0142   22.6502
    7.5000   30.0000  -22.5000 2078.3667   22.8734
   -7.5000   37.5000  -22.5000 1959.4431   25.4735
    0.0000   37.5000  -22.5000 1971.8870   25.4211
    7.5000   37.5000  -22.5000 1944.5752   25.6897
   -7.5000   45.0000  -22.5000 1807.6643   29.1901
    0.0000   45.0000  -22.5000 1819.5585   29.1355
    7.5000   45.0000  -22.5000 1802.1221   29.5452
   -7.5000  -45.0000  -15.0000 2338.5854   19.1367
    0.0000  -45.0000  -15.0000 2351.3650   19.1203
    7.5000  -45.0000  -15.0000 2317.3984   19.3088
   -7.5000  -37.5000  -15.0000 2434.2402   17.5345
    0.0000  -37.5000  -15.0000 2446.3018   17.5102
    7.5000  -37.5000  -15.0000 2411.6328   17.6858
   -7.5000  -30.0000  -15.0000 2504.3875   16.3829
    0.0000  -30.0000  -15.0000 2521.1221   16.3278
    7.5000  -30.0000  -15.0000 2487.4216   16.5480
   -7.5000  -22.5000  -15.0000 2552.5098   15.6033
    0.0000  -22.5000  -15.0000 2569.5293   15.5562
    7.5000  -22.5000  -15.0000 2545.3586   15.7701
   -7.5000  -15.0000  -15.0000 2579.7505   15.3637
    0.0000  -15.0000  -15.0000 2594.5366   15.3563
    7.5000  -15.0000  -15.0000 2568.6113   15.5093
   -7.5000   -7.5000  -15.0000 2590.0278   15.6221
    0.0000   -7.5000  -15.0000 2601.7437   15.6042
    7.5000   -7.5000  -15.0000 2573.5620   15.7202
   -7.5000    0.0000  -15.0000 2564.8518   16.2333
    0.0000    0.0000  -15.0000 2578.7063   16.2378
    7.5000    0.0000  -15.0000 2545.2747   16.3440
   -7.5000    7.5000  -15.0000 2507.1274   17.0510
    0.0000    7.5000  -15.0000 2527.4226   17.1082
    7.5000    7.5000  -15.0000 2490.3892   17.2390
   -7.5000   15.0000  -15.0000 2423.6250   18.0960
    0.0000   15.0000  -15.0000 2446.3701   18.0949
    7.5000   15.0000  -15.0000 2409.7346   18.3525
   -7.5000   22.5000  -15.0000 2325.7485   19.5251
    0.0000   22.5000  -15.0000 2344.7776   19.5293
    7.5000   22.5000  -15.0000 2312.1482   19.8100
   -7.5000   30.0000  -15.0000 2175.4343   21.5426
    0.0000   30.0000  -15.0000 2189.2651   21.5711
    7.5000   30.0000  -15.0000 2162.0500   21.8220
   -7.5000   37.5000  -15.0000 2034.8474   24.1716
    0.0000   37.5000  -15.0000 2040.5132   24.1530
    7.5000   37.5000  -15.0000 2014.4333   24.4550
   -7.5000   45.0000  -15.0000 1873.7188   27.6149
    0.0000   45.0000  -15.0000 1878.8650   27.5334
    7.5000   45.0000  -15.0000 1858.0771   27.8331
   -7.5000  -45.0000   -7.5000 2377.7312   18.5229
    0.0000  -45.0000   -7.5000 2391.5024   18.4867
    7.5000  -45.0000   -7.5000 2355.5125   18.7697
   -7.5000  -37.5000   -7.5000 2482.0256   17.0304
    0.0000  -37.5000   -7.5000 2499.8953   16.9879
    7.5000  -37.5000   -7.5000 2465.5730   17.2136
   -7.5000  -30.0000   -7.5000 2555.9895   15.8132
    0.0000  -30.0000   -7.5000 2577.0122   15.7435
    7.5000  -30.0000   -7.5000 2547.5122   15.9966
   -7.5000  -22.5000   -7.5000 2616.2490   14.9112
    0.0000  -22.5000   -7.5000 2637.7161   14.8711
    7.5000  -22.5000   -7.5000 2604.1704   15.1019
   -7.5000  -15.0000   -7.5000 2647.6987   14.5842
    0.0000  -15.0000   -7.5000 2668.0676   14.5886
    7.5000  -15.0000   -7.5000 2637.2861   14.7870
   -7.5000   -7.5000   -7.5000 2669.3892   14.7901
    0.0000   -7.5000   -7.5000 2689.8843   14.7933
    7.5000   -7.5000   -7.5000 2654.3152   14.9821
   -7.5000    0.0000   -7.5000 2653.7288   15.3106
    0.0000    0.0000   -7.5000 2671.6514   15.3665
    7.5000    0.0000   -7.5000 2632.5046   15.5365
   -7.5000    7.5000   -7.5000 2596.2031   16.1420
    0.0000    7.5000   -7.5000 2612.9202   16.1793
    7.5000    7.5000   -7.5000 2576.5581   16.3806
   -7.5000   15.0000   -7.5000 2508.1382   17.1867
    0.0000   15.0000   -7.5000 2526.8384   17.2188
    7.5000   15.0000   -7.5000 2489.6541   17.4785
   -7.5000   22.5000   -7.5000 2402.1553   18.6186
    0.0000   22.5000   -7.5000 2421.6184   18.6368
    7.5000   22.5000   -7.5000 2387.4895   18.9200
   -7.5000   30.0000   -7.5000 2256.5051   20.5960
    0.0000   30.0000   -7.5000 2269.4148   20.5942
    7.5000   30.0000   -7.5000 2235.2593   20.8576
   -7.5000   37.5000   -7.5000 2096.7986   23.1665
    0.0000   37.5000   -7.5000 2099.0554   23.1040
    7.5000   37.5000   -7.5000 2074.1313   23.3557
   -7.5000   45.0000   -7.5000 1921.6783   26.4387
    0.0000   45.0000   -7.5000 1927.9177   26.2778
    7.5000   45.0000   -7.5000 1902.4406   26.5607
   -7.5000  -45.0000    0.0000 2390.8945   18.1011
    0.0000  -45.0000    0.0000 2411.0613   18.1243
    7.5000  -45.0000    0.0000 2369.6448   18.4274
   -7.5000  -37.5000    0.0000 2503.8315   16.6471
    0.0000  -37.5000    0.0000 2525.6013   16.6233
    7.5000  -37.5000    0.0000 2491.5901   16.9477
   -7.5000  -30.0000    0.0000 2586.0535   15.3995
    0.0000  -30.0000    0.0000 2615.3914   15.3669
    7.5000  -30.0000    0.0000 2577.8455   15.7054
   -7.5000  -22.5000    0.0000 2651.9707   14.3358
    0.0000  -22.5000    0.0000 2675.6716   14.2972
    7.5000  -22.5000    0.0000 2633.6436   14.6854
   -7.5000  -15.0000    0.0000 2705.2273   13.9228
    0.0000  -15.0000    0.0000 2723.7305   13.8597
    7.5000  -15.0000    0.0000 2685.6001   14.2454
   -7.5000   -7.5000    0.0000 2728.2195   14.0245
    0.0000   -7.5000    0.0000 2756.9172   14.0039
    7.5000   -7.5000    0.0000 2716.5796   14.3689
   -7.5000    0.0000    0.0000 2709.5945   14.5195
    0.0000    0.0000    0.0000 2726.4275   14.5096
    7.5000    0.0000    0.0000 2698.0308   14.9311
   -7.5000    7.5000    0.0000 2649.9539   15.3958
    0.0000    7.5000    0.0000 2663.1333   15.4075
    7.5000    7.5000    0.0000 2634.9729   15.7710
   -7.5000   15.0000    0.0000 2559.1646   16.5145
    0.0000   15.0000    0.0000 2572.6858   16.5418
    7.5000   15.0000    0.0000 2539.6057   16.8802
   -7.5000   22.5000    0.0000 2450.3035   17.9544
    0.0000   22.5000    0.0000 2462.8611   17.9710
    7.5000   22.5000    0.0000 2434.7070   18.2890
   -7.5000   30.0000    0.0000 2300.0095   19.8390
    0.0000   30.0000    0.0000 2313.1165   19.8364
    7.5000   30.0000    0.0000 2281.2585   20.1195
   -7.5000   37.5000    0.0000 2129.8516   22.2742
    0.0000   37.5000    0.0000 2140.9648   22.2860
    7.5000   37.5000    0.0000 2114.2300   22.5467
   -7.5000   45.0000    0.0000 1946.1519   25.4107
    0.0000   45.0000    0.0000 1955.8573   25.3040
    7.5000   45.0000    0.0000 1942.2224   25.7017
   -7.5000  -45.0000    7.5000 2388.4841   17.8419
    0.0000  -45.0000    7.5000 2409.5552   17.8973
    7.5000  -45.0000    7.5000 2371.8904   18.3973
   -7.5000  -37.5000    7.5000 2502.2683   16.3550
    0.0000  -37.5000    7.5000 2530.3184   16.3899
    7.5000  -37.5000    7.5000 2498.2563   16.8781
   -7.5000  -30.0000    7.5000 2598.7595   15.1725
    0.0000  -30.0000    7.5000 2636.4863   15.2027
    7.5000  -30.0000    7.5000 2600.5806   15.6467
   -7.5000  -22.5000    7.5000 2661.7661   13.9470
    0.0000  -22.5000    7.5000 2695.0037   13.9059
    7.5000  -22.5000    7.5000 2657.5420   14.5264
   -7.5000  -15.0000    7.5000 2721.7756   13.3165
    0.0000  -15.0000    7.5000 2746.4209   13.2091
    7.5000  -15.0000    7.5000 2713.4568   13.9375
   -7.5000   -7.5000    7.5000 2750.8862   13.3805
    0.0000   -7.5000    7.5000 2775.3352   13.2959
    7.5000   -7.5000    7.5000 2752.9668   14.0156
   -7.5000    0.0000    7.5000 2741.4160   13.9538
    0.0000    0.0000    7.5000 2761.2542   13.9170
    7.5000    0.0000    7.5000 2742.6790   14.5224
   -7.5000    7.5000    7.5000 2686.2979   14.8522
    0.0000    7.5000    7.5000 2704.7625   14.8795
    7.5000    7.5000    7.5000 2682.3411   15.3663
   -7.5000   15.0000    7.5000 2589.9409   16.0530
    0.0000   15.0000    7.5000 2604.3579   16.1081
    7.5000   15.0000    7.5000 2577.2705   16.5340
   -7.5000   22.5000    7.5000 2468.0288   17.4965
    0.0000   22.5000    7.5000 2483.3853   17.5213
    7.5000   22.5000    7.5000 2458.0173   17.9267
   -7.5000   30.0000    7.5000 2317.8689   19.3059
    0.0000   30.0000    7.5000 2331.5413   19.3549
    7.5000   30.0000    7.5000 2305.8738   19.7172
   -7.5000   37.5000    7.5000 2149.2336   21.6657
    0.0000   37.5000    7.5000 2165.7268   21.7272
    7.5000   37.5000    7.5000 2142.4729   22.0517
   -7.5000   45.0000    7.5000 1962.1008   24.6690
    0.0000   45.0000    7.5000 1980.9843   24.7424
    7.5000   45.0000    7.5000 1963.7123   25.0854
   -7.5000  -45.0000   15.0000 2366.1836   17.8856
    0.0000  -45.0000   15.0000 2383.0015   17.9142
    7.5000  -45.0000   15.0000 2349.8716   18.5127
   -7.5000  -37.5000   15.0000 2479.2852   16.3621
    0.0000  -37.5000   15.0000 2507.0933   16.3702
    7.5000  -37.5000   15.0000 2482.7156   16.9875
   -7.5000  -30.0000   15.0000 2576.2532   15.1421
    0.0000  -30.0000   15.0000 2609.5542   15.1995
    7.5000  -30.0000   15.0000 2591.3284   15.7907
   -7.5000  -22.5000   15.0000 2640.0801   13.9524
    0.0000  -22.5000   15.0000 2689.6084   14.0095
    7.5000  -22.5000   15.0000 2663.7051   14.7462
   -7.5000  -15.0000   15.0000 2704.6980   13.2582
    0.0000  -15.0000   15.0000 2732.1504   13.1597
    7.5000  -15.0000   15.0000 2727.3110   14.1435
   -7.5000   -7.5000   15.0000 2759.1267   13.3517
    0.0000   -7.5000   15.0000 2785.6338   13.2938
    7.5000   -7.5000   15.0000 2762.0449   14.0898
   -7.5000    0.0000   15.0000 2762.4346   13.9703
    0.0000    0.0000   15.0000 2787.4343   13.9397
    7.5000    0.0000   15.0000 2758.7949   14.4959
   -7.5000    7.5000   15.0000 2710.0718   14.8354
    0.0000    7.5000   15.0000 2728.7456   14.8226
    7.5000    7.5000   15.0000 2695.5811   15.2558
   -7.5000   15.0000   15.0000 2604.7725   15.9557
    0.0000   15.0000   15.0000 2617.7561   15.9506
    7.5000   15.0000   15.0000 2584.8281   16.2913
   -7.5000   22.5000   15.0000 2477.7913   17.4508
    0.0000   22.5000   15.0000 2488.8547   17.4329
    7.5000   22.5000   15.0000 2457.5425   17.7527
   -7.5000   30.0000   15.0000 2328.1904   19.3077
    0.0000   30.0000   15.0000 2335.6199   19.2655
    7.5000   30.0000   15.0000 2313.0872   19.5658
   -7.5000   37.5000   15.0000 2153.0769   21.6515
    0.0000   37.5000   15.0000 2171.4827   21.6301
    7.5000   37.5000   15.0000 2147.5220   21.9298
   -7.5000   45.0000   15.0000 1976.8521   24.6621
    0.0000   45.0000   15.0000 1986.8497   24.6152
    7.5000   45.0000   15.0000 1976.2404   24.9529
   -7.5000  -45.0000   22.5000 2324.2354   18.2573
    0.0000  -45.0000   22.5000 2344.2900   18.3663
    7.5000  -45.0000   22.5000 2327.7874   19.1023
   -7.5000  -37.5000   22.5000 2435.4653   16.6784
    0.0000  -37.5000   22.5000 2470.5850   16.7930
    7.5000  -37.5000   22.5000 2462.1509   17.4940
   -7.5000  -30.0000   22.5000 2531.6257   15.5055
    0.0000  -30.0000   22.5000 2590.0791   15.6839
    7.5000  -30.0000   22.5000 2575.1846   16.2997
   -7.5000  -22.5000   22.5000 2627.6372   14.5329
    0.0000  -22.5000   22.5000 2671.8757   14.5561
    7.5000  -22.5000   22.5000 2658.6152   15.3078
   -7.5000  -15.0000   22.5000 2723.7900   14.1226
    0.0000  -15.0000   22.5000 2758.7048   14.0585
    7.5000  -15.0000   22.5000 2726.6223   14.7192
   -7.5000   -7.5000   22.5000 2776.1597   14.1346
    0.0000   -7.5000   22.5000 2800.9377   14.0766
    7.5000   -7.5000   22.5000 2762.2190   14.5606
   -7.5000    0.0000   22.5000 2756.2029   14.4493
    0.0000    0.0000   22.5000 2772.4668   14.3810
    7.5000    0.0000   22.5000 2744.5625   14.8126
   -7.5000    7.5000   22.5000 2694.8206   15.0906
    0.0000    7.5000   22.5000 2704.9575   15.0419
    7.5000    7.5000   22.5000 2682.0334   15.4324
   -7.5000   15.0000   22.5000 2593.1606   16.1238
    0.0000   15.0000   22.5000 2605.5571   16.1195
    7.5000   15.0000   22.5000 2574.3464   16.4542
   -7.5000   22.5000   22.5000 2471.5078   17.6444
    0.0000   22.5000   22.5000 2483.6567   17.6230
    7.5000   22.5000   22.5000 2453.1936   17.9197
   -7.5000   30.0000   22.5000 2317.8567   19.5800
    0.0000   30.0000   22.5000 2325.3127   19.5386
    7.5000   30.0000   22.5000 2306.7390   19.7576
   -7.5000   37.5000   22.5000 2142.7988   21.9001
    0.0000   37.5000   22.5000 2160.4993   21.9014
    7.5000   37.5000   22.5000 2138.7400   22.0830
   -7.5000   45.0000   22.5000 1968.2412   24.7645
    0.0000   45.0000   22.5000 1982.1134   24.7777
    7.5000   45.0000   22.5000 1964.1146   24.9227
   -7.5000  -45.0000   30.0000 2281.6021   19.2523
    0.0000  -45.0000   30.0000 2302.7727   19.2887
    7.5000  -45.0000   30.0000 2287.0945   19.9624
   -7.5000  -37.5000   30.0000 2407.4150   17.7263
    0.0000  -37.5000   30.0000 2438.9868   17.7932
    7.5000  -37.5000   30.0000 2417.0425   18.3304
   -7.5000  -30.0000   30.0000 2521.8835   16.5786
    0.0000  -30.0000   30.0000 2554.3630   16.5584
    7.5000  -30.0000   30.0000 2527.0935   17.0875
   -7.5000  -22.5000   30.0000 2622.2380   15.5918
    0.0000  -22.5000   30.0000 2648.8210   15.5465
    7.5000  -22.5000   30.0000 2616.2749   16.1317
   -7.5000  -15.0000   30.0000 2701.6570   15.2052
    0.0000  -15.0000   30.0000 2721.1785   15.1468
    7.5000  -15.0000   30.0000 2685.3362   15.5754
   -7.5000   -7.5000   30.0000 2735.8203   15.1833
    0.0000   -7.5000   30.0000 2758.8079   15.1402
    7.5000   -7.5000   30.0000 2718.1621   15.4136
   -7.5000    0.0000   30.0000 2700.7170   15.4026
    0.0000    0.0000   30.0000 2721.3704   15.3877
    7.5000    0.0000   30.0000 2690.4731   15.6359
   -7.5000    7.5000   30.0000 2633.7886   15.8261
    0.0000    7.5000   30.0000 2651.9739   15.8590
    7.5000    7.5000   30.0000 2625.7466   16.1279
   -7.5000   15.0000   30.0000 2537.1167   16.6764
    0.0000   15.0000   30.0000 2549.1956   16.6879
    7.5000   15.0000   30.0000 2526.4517   17.0003
   -7.5000   22.5000   30.0000 2428.2808   18.0296
    0.0000   22.5000   30.0000 2445.7449   18.0291
    7.5000   22.5000   30.0000 2418.5205   18.3294
   -7.5000   30.0000   30.0000 2270.7737   19.8433
    0.0000   30.0000   30.0000 2284.5725   19.8437
    7.5000   30.0000   30.0000 2271.4568   20.1627
   -7.5000   37.5000   30.0000 2111.1218   22.1788
    0.0000   37.5000   30.0000 2124.5032   22.1297
    7.5000   37.5000   30.0000 2100.9927   22.5327
   -7.5000   45.0000   30.0000 1950.8550   25.1139
    0.0000   45.0000   30.0000 1964.5667   25.0432
    7.5000   45.0000   30.0000 1943.8845   25.4587
   -7.5000  -45.0000   37.5000 2247.5188   20.7023
    0.0000  -45.0000   37.5000 2267.6799   20.7470
    7.5000  -45.0000   37.5000 2238.8672   21.2485
   -7.5000  -37.5000   37.5000 2376.8008   19.0175
    0.0000  -37.5000   37.5000 2395.6318   18.9967
    7.5000  -37.5000   37.5000 2368.1804   19.5654
   -7.5000  -30.0000   37.5000 2476.1560   17.6573
    0.0000  -30.0000   37.5000 2501.6899   17.5443
    7.5000  -30.0000   37.5000 2467.8284   18.1444
   -7.5000  -22.5000   37.5000 2570.7139   16.5782
    0.0000  -22.5000   37.5000 2589.8970   16.5289
    7.5000  -22.5000   37.5000 2556.5276   17.0804
   -7.5000  -15.0000   37.5000 2632.4861   16.1175
    0.0000  -15.0000   37.5000 2653.0847   16.0481
    7.5000  -15.0000   37.5000 2614.2913   16.5078
   -7.5000   -7.5000   37.5000 2653.5771   16.0166
    0.0000   -7.5000   37.5000 2676.9155   15.9399
    7.5000   -7.5000   37.5000 2641.7917   16.3219
   -7.5000    0.0000   37.5000 2614.2266   16.2275
    0.0000    0.0000   37.5000 2636.3723   16.1645
    7.5000    0.0000   37.5000 2615.7153   16.5381
   -7.5000    7.5000   37.5000 2554.0002   16.7516
    0.0000    7.5000   37.5000 2572.2551   16.7461
    7.5000    7.5000   37.5000 2556.5486   17.1071
   -7.5000   15.0000   37.5000 2470.4180   17.6122
    0.0000   15.0000   37.5000 2487.5615   17.6468
    7.5000   15.0000   37.5000 2466.6631   17.9365
   -7.5000   22.5000   37.5000 2365.0828   18.8825
    0.0000   22.5000   37.5000 2383.4468   18.9036
    7.5000   22.5000   37.5000 2360.0447   19.2100
   -7.5000   30.0000   37.5000 2224.9941   20.5974
    0.0000   30.0000   37.5000 2235.7014   20.5978
    7.5000   30.0000   37.5000 2214.5547   20.9135
   -7.5000   37.5000   37.5000 2074.9766   22.8796
    0.0000   37.5000   37.5000 2087.5049   22.8503
    7.5000   37.5000   37.5000 2066.3989   23.1577
   -7.5000   45.0000   37.5000 1920.2542   25.8066
    0.0000   45.0000   37.5000 1932.8453   25.6768
    7.5000   45.0000   37.5000 1923.1477   26.0313
   -7.5000  -45.0000   45.0000 2190.5930   22.1734
    0.0000  -45.0000   45.0000 2206.1079   22.1621
    7.5000  -45.0000   45.0000 2176.5063   22.8067
   -7.5000  -37.5000   45.0000 2305.5144   20.2629
    0.0000  -37.5000   45.0000 2326.6731   20.2129
    7.5000  -37.5000   45.0000 2292.4282   20.7939
   -7.5000  -30.0000   45.0000 2405.7183   18.8246
    0.0000  -30.0000   45.0000 2427.7947   18.7042
    7.5000  -30.0000   45.0000 2391.7478   19.3130
   -7.5000  -22.5000   45.0000 2491.1218   17.7348
    0.0000  -22.5000   45.0000 2507.5947   17.6761
    7.5000  -22.5000   45.0000 2470.4065   18.1685
   -7.5000  -15.0000   45.0000 2544.7646   17.2613
    0.0000  -15.0000   45.0000 2561.7742   17.1909
    7.5000  -15.0000   45.0000 2519.5974   17.5989
   -7.5000   -7.5000   45.0000 2556.9021   17.0853
    0.0000   -7.5000   45.0000 2578.2056   17.0231
    7.5000   -7.5000   45.0000 2545.0063   17.3936
   -7.5000    0.0000   45.0000 2520.9043   17.2333
    0.0000    0.0000   45.0000 2544.6321   17.1824
    7.5000    0.0000   45.0000 2522.8738   17.5383
   -7.5000    7.5000   45.0000 2463.7363   17.7320
    0.0000    7.5000   45.0000 2486.8274   17.7244
    7.5000    7.5000   45.0000 2469.4290   18.1067
   -7.5000   15.0000   45.0000 2381.6846   18.6583
    0.0000   15.0000   45.0000 2400.1482   18.7052
    7.5000   15.0000   45.0000 2385.1445   19.0123
   -7.5000   22.5000   45.0000 2289.4021   19.8789
    0.0000   22.5000   45.0000 2302.5464   19.9014
    7.5000   22.5000   45.0000 2281.9172   20.1995
   -7.5000   30.0000   45.0000 2161.7268   21.5652
    0.0000   30.0000   45.0000 2172.4973   21.5079
    7.5000   30.0000   45.0000 2154.2676   21.8079
   -7.5000   37.5000   45.0000 2021.8726   23.8347
    0.0000   37.5000   45.0000 2031.8667   23.7722
    7.5000   37.5000   45.0000 2020.4518   24.1080
   -7.5000   45.0000   45.0000 1878.0858   26.7515
    0.0000   45.0000   45.0000 1898.2081   26.6830
    7.5000   45.0000   45.0000 1877.5510   27.0617

---------------------------------------------------------------------
imgreg_4dfp /opt/freesurfer/average/711-2C_as_mni_average_305 /opt/freesurfer/average/711-2B_as_mni_average_305_mask talsrcimg_g11 none talsrcimg_to_711-2C_as_mni_average_305_t4 1283
---------------------------------------------------------------------

freesurfer imgreg_4dfp.c
/opt/freesurfer/average/711-2C_as_mni_average_305.4dfp.img
       256       256       256         1
  1.000000  1.000000  1.000000
orientation T byte_order littleendian
Reading image: /opt/freesurfer/average/711-2C_as_mni_average_305.4dfp.img
dimensions:      256       256       256
mmppix:       1.0000   -1.0000   -1.0000
center:     128.0000 -129.0000 -129.0000
/opt/freesurfer/average/711-2B_as_mni_average_305_mask.4dfp.img
       256       256       256         1
  1.000000  1.000000  1.000000
orientation T byte_order littleendian
Reading mask: /opt/freesurfer/average/711-2B_as_mni_average_305_mask.4dfp.img (2306576 pixels)
talsrcimg_g11.4dfp.img
       256       256       256         1
  1.000000  1.000000  1.000000
orientation T byte_order littleendian
Reading image: talsrcimg_g11.4dfp.img
dimensions:      256       256       256
mmppix:       1.0000   -1.0000   -1.0000
center:     128.0000 -129.0000 -129.0000
rotation matrix determinant  1.000000
fimgreg.f
image alignment mode   1283 decimal      503 hex
parameters
    0.0000   -7.5000   22.5000    0.0000    0.0000    0.0000
eta,q 0.88043 14.09640
niter,ni,del,rscale     5    3   12.0000    1.2000
parameter  4  0.771468 ->  0.500000 qaram    1.1500
parameter  6  1.054347 ->  0.500000 qaram    1.1500
parameters
   -1.1081   -7.3881   21.9381   -3.4500   -0.0243   -3.4500
eta,q 0.88682 13.88965
  0.1272  0.1277  0.1228  0.1169  0.1218  0.1142
  0.1209  0.1229  0.1205  0.1159  0.1180  0.1132
  0.1178  0.1200  0.1182  0.1169  0.1157  0.1139
  0.1198  0.1179  0.1179  0.1188  0.1159  0.1159
  0.1239  0.1194  0.1161  0.1209  0.1169  0.1179
  0.1275  0.1240  0.1200  0.1242  0.1189  0.1195
  0.1321  0.1261  0.1292  0.1277  0.1210  0.1212
niter,ni,del,rscale     6    3   12.0000    1.2000
parameters
   -0.9193   -6.3640   21.1504   -4.1328    0.8129   -4.2384
eta,q 0.88744 13.78267
  0.1268  0.1320  0.1196  0.1187  0.1207  0.1169
  0.1216  0.1245  0.1162  0.1174  0.1171  0.1150
  0.1158  0.1180  0.1128  0.1143  0.1146  0.1132
  0.1132  0.1132  0.1132  0.1129  0.1129  0.1126
  0.1154  0.1145  0.1140  0.1144  0.1128  0.1142
  0.1198  0.1183  0.1184  0.1180  0.1147  0.1167
  0.1257  0.1231  0.1262  0.1229  0.1175  0.1189
niter,ni,del,rscale     5    3   12.0000    1.2000
parameters
   -0.9005   -5.7814   20.3275   -5.0359    1.7405   -4.8947
eta,q 0.88757 13.69058
  0.1244  0.1288  0.1173  0.1166  0.1193  0.1161
  0.1193  0.1217  0.1158  0.1155  0.1165  0.1141
  0.1141  0.1153  0.1126  0.1136  0.1144  0.1131
  0.1126  0.1126  0.1130  0.1125  0.1127  0.1125
  0.1152  0.1152  0.1135  0.1136  0.1127  0.1135
  0.1191  0.1189  0.1162  0.1166  0.1143  0.1155
  0.1240  0.1231  0.1233  0.1207  0.1166  0.1175
niter,ni,del,rscale     4    3   12.0000    1.2000
parameters
   -0.8419   -5.1095   19.1123   -6.3022    3.5984   -5.1751
eta,q 0.88942 13.59071
  0.1230  0.1260  0.1147  0.1148  0.1183  0.1149
  0.1180  0.1202  0.1142  0.1128  0.1161  0.1120
  0.1134  0.1150  0.1120  0.1117  0.1137  0.1108
  0.1124  0.1124  0.1128  0.1119  0.1116  0.1106
  0.1145  0.1139  0.1136  0.1130  0.1105  0.1112
  0.1173  0.1171  0.1144  0.1151  0.1113  0.1132
  0.1224  0.1211  0.1204  0.1179  0.1139  0.1151
niter,ni,del,rscale     3    3   12.0000    1.2000
parameters
   -1.0951   -3.8084   17.4358   -8.0162    4.2111   -4.8535
eta,q 0.89117 13.48735
  0.1199  0.1229  0.1123  0.1117  0.1162  0.1158
  0.1156  0.1187  0.1118  0.1106  0.1138  0.1123
  0.1116  0.1145  0.1092  0.1095  0.1112  0.1097
  0.1106  0.1105  0.1101  0.1090  0.1091  0.1088
  0.1120  0.1103  0.1134  0.1107  0.1091  0.1092
  0.1154  0.1131  0.1133  0.1137  0.1116  0.1113
  0.1226  0.1164  0.1165  0.1170  0.1146  0.1147
niter,ni,del,rscale     2    3   12.0000    1.2000
parameter  4  0.763854 ->  0.500000 qaram    1.3225
parameters
   -1.0096   -1.3647   16.2579  -11.9837    5.0301   -5.2268
eta,q 0.89284 13.60743
  0.1191  0.1218  0.1133  0.1051  0.1149  0.1113
  0.1165  0.1181  0.1107  0.1073  0.1129  0.1091
  0.1116  0.1126  0.1080  0.1074  0.1104  0.1077
  0.1088  0.1088  0.1085  0.1077  0.1076  0.1072
  0.1104  0.1085  0.1127  0.1090  0.1075  0.1078
  0.1139  0.1093  0.1147  0.1119  0.1098  0.1095
  0.1203  0.1111  0.1150  0.1169  0.1129  0.1126
niter,ni,del,rscale     2    3   12.0000    1.2000
parameters
   -1.0819    1.5599   15.3720  -14.7609    5.0678   -4.7639
eta,q 0.89846 13.75275
  0.1199  0.1221  0.1130  0.1056  0.1088  0.1072
  0.1159  0.1172  0.1082  0.1016  0.1061  0.1042
  0.1101  0.1102  0.1034  0.1016  0.1031  0.1024
  0.1072  0.1071  0.1036  0.1026  0.1016  0.1016
  0.1099  0.1041  0.1097  0.1060  0.1025  0.1019
  0.1151  0.1043  0.1142  0.1100  0.1053  0.1032
  0.1214  0.1077  0.1158  0.1165  0.1092  0.1060
niter,ni,del,rscale     1    3   12.0000    1.2000
parameters
   -1.1628    1.4347   14.9570  -14.6720    4.9230   -4.8363
eta,q 0.89872 13.73010
  0.1141  0.1170  0.1135  0.1132  0.1082  0.1062
  0.1094  0.1087  0.1069  0.1048  0.1055  0.1033
  0.1045  0.1033  0.1020  0.1008  0.1026  0.1018
  0.1015  0.1016  0.1016  0.1012  0.1013  0.1013
  0.1029  0.1044  0.1064  0.1027  0.1026  0.1018
  0.1086  0.1100  0.1126  0.1063  0.1055  0.1035
  0.1163  0.1178  0.1129  0.1108  0.1093  0.1064
registration optimization eta report
parameter search radius
    6.0000    6.0000    6.0000    7.9350    6.0000    6.9000
100000*second partial in parameter space
       37.       43.       30.       18.       20.       11.
  0.1141  0.1170  0.1135  0.1132  0.1082  0.1062
  0.1094  0.1087  0.1069  0.1048  0.1055  0.1033
  0.1045  0.1033  0.1020  0.1008  0.1026  0.1018
  0.1015  0.1016  0.1016  0.1012  0.1013  0.1013
  0.1029  0.1044  0.1064  0.1027  0.1026  0.1018
  0.1086  0.1100  0.1126  0.1063  0.1055  0.1035
  0.1163  0.1178  0.1129  0.1108  0.1093  0.1064
   -1.1628    1.4347   14.9570  -14.6720    4.9230   -4.8363
eta,q 0.89872 13.73010

---------------------------------------------------------------------
imgreg_4dfp /opt/freesurfer/average/711-2C_as_mni_average_305 /opt/freesurfer/average/711-2B_as_mni_average_305_mask talsrcimg_g11 none talsrcimg_to_711-2C_as_mni_average_305_t4 3335
---------------------------------------------------------------------

freesurfer imgreg_4dfp.c
/opt/freesurfer/average/711-2C_as_mni_average_305.4dfp.img
       256       256       256         1
  1.000000  1.000000  1.000000
orientation T byte_order littleendian
Reading image: /opt/freesurfer/average/711-2C_as_mni_average_305.4dfp.img
dimensions:      256       256       256
mmppix:       1.0000   -1.0000   -1.0000
center:     128.0000 -129.0000 -129.0000
/opt/freesurfer/average/711-2B_as_mni_average_305_mask.4dfp.img
       256       256       256         1
  1.000000  1.000000  1.000000
orientation T byte_order littleendian
Reading mask: /opt/freesurfer/average/711-2B_as_mni_average_305_mask.4dfp.img (2306576 pixels)
talsrcimg_g11.4dfp.img
       256       256       256         1
  1.000000  1.000000  1.000000
orientation T byte_order littleendian
Reading image: talsrcimg_g11.4dfp.img
dimensions:      256       256       256
mmppix:       1.0000   -1.0000   -1.0000
center:     128.0000 -129.0000 -129.0000
fimgreg.f
image alignment mode   3335 decimal      D07 hex
parameters
   -1.1628    1.4347   14.9570   -0.7236   -3.7885   -3.6177
   10.3219   -6.1369   -8.3998   25.9382    8.5818  -25.2350
eta,q 0.88989 13.60607
niter,ni,del,rscale     5    3    5.0000    1.2000
parameter  3  7.687723 ->  0.500000 qaram    1.1500
parameter  4  5.128263 ->  0.500000 qaram    1.1500
parameter  5  2.206394 ->  0.500000 qaram    1.1500
parameter  6 -9.187163 ->  0.500000 qaram    1.1500
parameter  8 -0.705997 -> -0.500000 qaram    1.1500
parameter 12  9.067623 -> -0.500000 qaram    1.1500
parameters
   -2.1059    0.7923   13.5770   -4.8636   -7.9285   -7.7577
    7.9549   -1.9969   -7.5533   22.3624    7.4319  -21.0950
eta,q 0.91624 12.72781
  0.1104  0.1106  0.1081  0.0969  0.0913  0.0819  0.0894  0.0933  0.0895  0.0876  0.0870  0.0916
  0.1100  0.1098  0.1082  0.1000  0.0940  0.0874  0.0889  0.0915  0.0884  0.0868  0.0868  0.0898
  0.1099  0.1096  0.1088  0.1039  0.0970  0.0924  0.0887  0.0899  0.0878  0.0867  0.0867  0.0882
  0.1101  0.1099  0.1096  0.1083  0.1010  0.0948  0.0888  0.0887  0.0875  0.0875  0.0867  0.0867
  0.1106  0.1104  0.1105  0.1130  0.1060  0.0983  0.0894  0.0878  0.0876  0.0888  0.0867  0.0851
  0.1115  0.1111  0.1110  0.1177  0.1111  0.1019  0.0903  0.0875  0.0880  0.0903  0.0869  0.0832
  0.1126  0.1118  0.1114  0.1222  0.1167  0.1072  0.0914  0.0880  0.0887  0.0925  0.0875  0.0811
niter,ni,del,rscale     7    3    5.0000    1.2000
parameter  2  0.551043 ->  0.500000 qaram    1.1500
parameter  3 42.292515 -> -0.500000 qaram    1.3225
parameter  4  1.945541 ->  0.500000 qaram    1.3225
parameter  5  1.578365 ->  0.500000 qaram    1.3225
parameter  6  1.084783 ->  0.500000 qaram    1.3225
parameter 10 -0.531326 -> -0.500000 qaram    1.1500
parameter 12 -1.985173 -> -0.500000 qaram    1.3225
parameters
   -2.2261   -0.5877   15.1640   -9.6246  -12.6895  -12.5187
    9.4156   -2.8947   -5.9483   26.5024    6.1404  -16.3340
eta,q 0.93819 12.55600
  0.0857  0.0836  0.0859  0.0722  0.0676  0.0654  0.0688  0.0692  0.0684  0.0714  0.0652  0.0727
  0.0846  0.0832  0.0852  0.0745  0.0696  0.0663  0.0677  0.0672  0.0673  0.0693  0.0650  0.0697
  0.0839  0.0833  0.0843  0.0775  0.0718  0.0666  0.0668  0.0664  0.0666  0.0676  0.0650  0.0672
  0.0838  0.0838  0.0832  0.0813  0.0752  0.0703  0.0664  0.0663  0.0663  0.0662  0.0650  0.0650
  0.0841  0.0845  0.0821  0.0860  0.0799  0.0780  0.0663  0.0668  0.0662  0.0651  0.0650  0.0630
  0.0849  0.0854  0.0810  0.0914  0.0845  0.0839  0.0667  0.0683  0.0665  0.0651  0.0651  0.0614
  0.0861  0.0868  0.0804  0.0969  0.0904  0.0881  0.0675  0.0710  0.0670  0.0662  0.0654  0.0603
niter,ni,del,rscale     7    3    5.0000    1.2000
parameter  3  1.551224 ->  0.500000 qaram    1.5209
parameter  4  1.006184 ->  0.500000 qaram    1.5209
parameter  5  2.091417 ->  0.500000 qaram    1.5209
parameter  6  0.551026 ->  0.500000 qaram    1.5209
parameter 10  1.063118 ->  0.500000 qaram    1.3225
parameter 12 -0.946341 -> -0.500000 qaram    1.5209
parameters
   -2.1057   -0.4460   13.3389  -15.0998  -18.1647  -17.9938
    9.4611   -2.1660   -2.4910   21.7414    7.6734  -10.8589
eta,q 0.94988 11.77129
  0.0644  0.0650  0.0579  0.0546  0.0502  0.0523  0.0542  0.0569  0.0537  0.0508  0.0523  0.0543
  0.0630  0.0636  0.0585  0.0554  0.0527  0.0526  0.0535  0.0550  0.0533  0.0510  0.0518  0.0531
  0.0621  0.0624  0.0598  0.0568  0.0549  0.0530  0.0530  0.0535  0.0530  0.0516  0.0514  0.0520
  0.0618  0.0618  0.0618  0.0588  0.0557  0.0534  0.0528  0.0528  0.0527  0.0526  0.0512  0.0511
  0.0620  0.0621  0.0643  0.0615  0.0578  0.0562  0.0529  0.0529  0.0526  0.0538  0.0511  0.0504
  0.0627  0.0631  0.0669  0.0653  0.0604  0.0632  0.0534  0.0540  0.0526  0.0554  0.0513  0.0501
  0.0638  0.0645  0.0696  0.0706  0.0651  0.0702  0.0542  0.0558  0.0528  0.0574  0.0517  0.0502
niter,ni,del,rscale     7    3    5.0000    1.2000
parameter  2  6.163402 ->  0.500000 qaram    1.3225
parameter  3  1.572552 ->  0.500000 qaram    1.7490
parameter  5 -8.257455 ->  0.500000 qaram    1.7490
parameter  9  0.949150 ->  0.500000 qaram    1.1500
parameter 12  0.607446 ->  0.500000 qaram    1.7490
parameters
   -1.9866   -2.0330   11.2401  -20.2553  -24.4611  -23.1561
    6.0852   -3.2744   -6.6310   17.4392    4.3883  -17.1553
eta,q 0.97034 11.49483
  0.0530  0.0447  0.0415  0.0430  0.0337  0.0348  0.0339  0.0360  0.0317  0.0326  0.0308  0.0301
  0.0514  0.0460  0.0425  0.0421  0.0346  0.0339  0.0331  0.0342  0.0317  0.0311  0.0307  0.0297
  0.0505  0.0479  0.0442  0.0421  0.0381  0.0338  0.0331  0.0331  0.0321  0.0308  0.0307  0.0298
  0.0501  0.0501  0.0465  0.0429  0.0420  0.0354  0.0336  0.0330  0.0329  0.0318  0.0308  0.0307
  0.0504  0.0525  0.0493  0.0446  0.0454  0.0377  0.0348  0.0339  0.0341  0.0341  0.0309  0.0322
  0.0511  0.0546  0.0527  0.0473  0.0468  0.0429  0.0365  0.0356  0.0354  0.0372  0.0312  0.0344
  0.0524  0.0566  0.0562  0.0516  0.0491  0.0523  0.0385  0.0382  0.0370  0.0405  0.0315  0.0370
niter,ni,del,rscale     7    3    5.0000    1.2000
parameter  2  0.507009 ->  0.500000 qaram    1.5209
parameter  3  0.787076 ->  0.500000 qaram    2.0114
parameters
   -2.2780   -3.8581    8.8265  -15.9237  -26.2733  -20.6165
    8.6466   -2.9812   -8.0953   21.1992    6.3751  -21.2725
eta,q 0.97539 11.82470
  0.0318  0.0296  0.0267  0.0333  0.0344  0.0334  0.0300  0.0309  0.0273  0.0331  0.0257  0.0263
  0.0305  0.0285  0.0263  0.0303  0.0311  0.0307  0.0283  0.0284  0.0263  0.0298  0.0254  0.0251
  0.0297  0.0284  0.0268  0.0279  0.0282  0.0283  0.0270  0.0267  0.0258  0.0274  0.0252  0.0246
  0.0297  0.0296  0.0283  0.0263  0.0258  0.0267  0.0262  0.0259  0.0259  0.0258  0.0251  0.0250
  0.0302  0.0322  0.0305  0.0258  0.0276  0.0261  0.0259  0.0263  0.0264  0.0251  0.0250  0.0263
  0.0314  0.0361  0.0331  0.0262  0.0362  0.0257  0.0261  0.0279  0.0275  0.0253  0.0251  0.0280
  0.0331  0.0411  0.0362  0.0272  0.0418  0.0301  0.0269  0.0303  0.0288  0.0267  0.0253  0.0302
niter,ni,del,rscale     7    3    5.0000    1.2000
parameters
   -2.4679   -3.6147    7.9075  -14.6090  -27.5645  -22.0808
    8.7812   -2.8292   -7.8840   22.3801    5.4370  -22.0837
eta,q 0.97460 11.79388
  0.0273  0.0315  0.0277  0.0291  0.0339  0.0309  0.0278  0.0301  0.0276  0.0302  0.0258  0.0282
  0.0257  0.0280  0.0255  0.0266  0.0304  0.0282  0.0266  0.0279  0.0264  0.0278  0.0256  0.0267
  0.0248  0.0257  0.0245  0.0250  0.0271  0.0262  0.0258  0.0262  0.0257  0.0262  0.0254  0.0257
  0.0246  0.0246  0.0245  0.0244  0.0244  0.0251  0.0255  0.0254  0.0254  0.0254  0.0254  0.0254
  0.0252  0.0249  0.0258  0.0248  0.0248  0.0241  0.0257  0.0259  0.0256  0.0257  0.0255  0.0261
  0.0264  0.0266  0.0280  0.0255  0.0335  0.0288  0.0265  0.0276  0.0263  0.0265  0.0258  0.0273
  0.0283  0.0301  0.0314  0.0271  0.0408  0.0409  0.0277  0.0299  0.0274  0.0283  0.0261  0.0289
niter,ni,del,rscale     6    3    5.0000    1.2000
parameters
   -2.4105   -3.2063    7.3428  -14.9370  -28.4801  -23.1516
    8.5487   -2.6253   -7.7655   23.7671    4.9982  -21.7645
eta,q 0.97420 11.68568
  0.0286  0.0317  0.0288  0.0287  0.0342  0.0313  0.0279  0.0304  0.0277  0.0302  0.0263  0.0290
  0.0269  0.0285  0.0267  0.0266  0.0309  0.0286  0.0268  0.0282  0.0267  0.0281  0.0260  0.0274
  0.0258  0.0264  0.0255  0.0253  0.0278  0.0267  0.0261  0.0266  0.0261  0.0266  0.0258  0.0262
  0.0254  0.0254  0.0253  0.0253  0.0252  0.0257  0.0259  0.0259  0.0259  0.0259  0.0258  0.0258
  0.0257  0.0256  0.0263  0.0260  0.0246  0.0248  0.0262  0.0263  0.0261  0.0259  0.0259  0.0262
  0.0267  0.0268  0.0282  0.0269  0.0318  0.0276  0.0270  0.0278  0.0267  0.0267  0.0261  0.0273
  0.0283  0.0295  0.0308  0.0290  0.0401  0.0385  0.0282  0.0301  0.0276  0.0283  0.0265  0.0287
niter,ni,del,rscale     5    3    5.0000    1.2000
parameters
   -2.2770   -2.6782    6.7319  -15.1263  -29.5347  -24.4284
    8.1488   -2.2307   -7.9208   25.5723    5.1230  -21.2508
eta,q 0.97405 11.57387
  0.0291  0.0319  0.0291  0.0291  0.0338  0.0309  0.0280  0.0307  0.0281  0.0307  0.0268  0.0293
  0.0273  0.0289  0.0270  0.0270  0.0307  0.0284  0.0269  0.0285  0.0271  0.0287  0.0264  0.0276
  0.0262  0.0268  0.0258  0.0257  0.0279  0.0267  0.0263  0.0269  0.0264  0.0271  0.0260  0.0264
  0.0258  0.0258  0.0257  0.0256  0.0256  0.0261  0.0262  0.0262  0.0261  0.0261  0.0259  0.0259
  0.0261  0.0258  0.0267  0.0264  0.0250  0.0257  0.0265  0.0265  0.0264  0.0260  0.0260  0.0264
  0.0269  0.0269  0.0286  0.0273  0.0316  0.0279  0.0273  0.0278  0.0271  0.0267  0.0263  0.0274
  0.0284  0.0293  0.0312  0.0290  0.0403  0.0381  0.0284  0.0300  0.0282  0.0284  0.0267  0.0287
niter,ni,del,rscale     4    3    5.0000    1.2000
parameters
   -2.0687   -2.0636    6.0932  -15.5926  -30.7499  -25.6872
    7.7068   -1.7983   -8.1853   27.0552    5.1562  -21.4012
eta,q 0.97396 11.44600
  0.0292  0.0324  0.0293  0.0292  0.0333  0.0307  0.0279  0.0307  0.0283  0.0310  0.0270  0.0291
  0.0275  0.0294  0.0272  0.0270  0.0304  0.0283  0.0270  0.0285  0.0272  0.0289  0.0265  0.0273
  0.0264  0.0271  0.0259  0.0258  0.0278  0.0267  0.0264  0.0269  0.0264  0.0272  0.0262  0.0263
  0.0259  0.0259  0.0258  0.0257  0.0256  0.0262  0.0262  0.0262  0.0262  0.0262  0.0261  0.0260
  0.0261  0.0259  0.0269  0.0267  0.0252  0.0261  0.0265  0.0265  0.0266  0.0261  0.0262  0.0266
  0.0269  0.0270  0.0289  0.0278  0.0314  0.0279  0.0273  0.0279  0.0274  0.0270  0.0265  0.0276
  0.0282  0.0293  0.0316  0.0293  0.0404  0.0369  0.0284  0.0300  0.0286  0.0290  0.0270  0.0290
niter,ni,del,rscale     3    3    5.0000    1.2000
parameters
   -1.8482   -1.5807    5.6497  -15.9958  -31.7403  -26.3909
    7.3548   -1.4613   -8.2882   27.9753    4.8924  -21.8897
eta,q 0.97373 11.36062
  0.0293  0.0322  0.0298  0.0296  0.0334  0.0310  0.0281  0.0307  0.0286  0.0309  0.0272  0.0289
  0.0276  0.0292  0.0277  0.0274  0.0306  0.0287  0.0271  0.0286  0.0274  0.0287  0.0267  0.0273
  0.0265  0.0270  0.0263  0.0261  0.0280  0.0270  0.0265  0.0270  0.0266  0.0271  0.0264  0.0264
  0.0260  0.0260  0.0259  0.0259  0.0259  0.0263  0.0264  0.0264  0.0263  0.0264  0.0263  0.0263
  0.0262  0.0261  0.0268  0.0269  0.0252  0.0262  0.0266  0.0267  0.0266  0.0264  0.0264  0.0268
  0.0269  0.0273  0.0288  0.0282  0.0307  0.0275  0.0274  0.0280  0.0275  0.0274  0.0268  0.0278
  0.0283  0.0297  0.0315  0.0296  0.0396  0.0348  0.0285  0.0302  0.0287  0.0296  0.0273  0.0291
niter,ni,del,rscale     2    3    5.0000    1.2000
parameters
   -1.6851   -1.2549    5.4186  -16.2366  -32.4258  -26.6949
    7.0748   -1.2316   -8.3218   28.5539    4.6610  -22.2228
eta,q 0.97351 11.31377
  0.0293  0.0318  0.0303  0.0301  0.0336  0.0312  0.0283  0.0308  0.0287  0.0307  0.0274  0.0291
  0.0277  0.0289  0.0282  0.0279  0.0309  0.0289  0.0273  0.0287  0.0276  0.0286  0.0269  0.0275
  0.0267  0.0270  0.0268  0.0265  0.0284  0.0273  0.0267  0.0271  0.0268  0.0272  0.0266  0.0267
  0.0263  0.0263  0.0262  0.0262  0.0262  0.0265  0.0265  0.0265  0.0265  0.0265  0.0265  0.0265
  0.0264  0.0265  0.0269  0.0272  0.0253  0.0264  0.0268  0.0269  0.0268  0.0267  0.0266  0.0270
  0.0272  0.0278  0.0287  0.0286  0.0300  0.0273  0.0275  0.0283  0.0276  0.0277  0.0270  0.0279
  0.0286  0.0301  0.0313  0.0300  0.0387  0.0336  0.0286  0.0304  0.0288  0.0300  0.0275  0.0291
niter,ni,del,rscale     1    3    5.0000    1.2000
parameters
   -1.5767   -1.0519    5.3028  -16.3870  -32.8675  -26.8793
    6.8912   -1.0866   -8.3411   28.8867    4.5331  -22.4242
eta,q 0.97333 11.28550
  0.0294  0.0314  0.0306  0.0305  0.0338  0.0313  0.0285  0.0308  0.0288  0.0306  0.0275  0.0292
  0.0278  0.0288  0.0286  0.0283  0.0312  0.0290  0.0275  0.0287  0.0277  0.0286  0.0271  0.0277
  0.0269  0.0271  0.0271  0.0268  0.0286  0.0274  0.0269  0.0272  0.0270  0.0272  0.0268  0.0268
  0.0265  0.0265  0.0265  0.0265  0.0265  0.0267  0.0267  0.0267  0.0267  0.0267  0.0267  0.0267
  0.0267  0.0268  0.0270  0.0274  0.0254  0.0265  0.0269  0.0271  0.0269  0.0269  0.0268  0.0271
  0.0275  0.0281  0.0287  0.0289  0.0295  0.0273  0.0276  0.0285  0.0277  0.0279  0.0271  0.0280
  0.0289  0.0304  0.0312  0.0302  0.0381  0.0334  0.0287  0.0306  0.0289  0.0303  0.0276  0.0292
registration optimization eta report
parameter search radius
    2.4000    3.6501    4.8273   10.9503   12.5928   10.9503
    7.2000    8.2800    8.2800    9.5220    7.2000   12.5928
100000*second partial in parameter space
       46.       33.       19.        3.        6.        5.
        4.        6.        3.        4.        2.        2.
  0.0294  0.0314  0.0306  0.0305  0.0338  0.0313  0.0285  0.0308  0.0288  0.0306  0.0275  0.0292
  0.0278  0.0288  0.0286  0.0283  0.0312  0.0290  0.0275  0.0287  0.0277  0.0286  0.0271  0.0277
  0.0269  0.0271  0.0271  0.0268  0.0286  0.0274  0.0269  0.0272  0.0270  0.0272  0.0268  0.0268
  0.0265  0.0265  0.0265  0.0265  0.0265  0.0267  0.0267  0.0267  0.0267  0.0267  0.0267  0.0267
  0.0267  0.0268  0.0270  0.0274  0.0254  0.0265  0.0269  0.0271  0.0269  0.0269  0.0268  0.0271
  0.0275  0.0281  0.0287  0.0289  0.0295  0.0273  0.0276  0.0285  0.0277  0.0279  0.0271  0.0280
  0.0289  0.0304  0.0312  0.0302  0.0381  0.0334  0.0287  0.0306  0.0289  0.0303  0.0276  0.0292
   -1.5767   -1.0519    5.3028  -16.3870  -32.8675  -26.8793
    6.8912   -1.0866   -8.3411   28.8867    4.5331  -22.4242
eta,q 0.97333 11.28550

---------------------------------------------------------------------
imgreg_4dfp /opt/freesurfer/average/711-2C_as_mni_average_305 /opt/freesurfer/average/711-2B_as_mni_average_305_mask talsrcimg_g11 none talsrcimg_to_711-2C_as_mni_average_305_t4 2311
---------------------------------------------------------------------

freesurfer imgreg_4dfp.c
/opt/freesurfer/average/711-2C_as_mni_average_305.4dfp.img
       256       256       256         1
  1.000000  1.000000  1.000000
orientation T byte_order littleendian
Reading image: /opt/freesurfer/average/711-2C_as_mni_average_305.4dfp.img
dimensions:      256       256       256
mmppix:       1.0000   -1.0000   -1.0000
center:     128.0000 -129.0000 -129.0000
/opt/freesurfer/average/711-2B_as_mni_average_305_mask.4dfp.img
       256       256       256         1
  1.000000  1.000000  1.000000
orientation T byte_order littleendian
Reading mask: /opt/freesurfer/average/711-2B_as_mni_average_305_mask.4dfp.img (2306576 pixels)
talsrcimg_g11.4dfp.img
       256       256       256         1
  1.000000  1.000000  1.000000
orientation T byte_order littleendian
Reading image: talsrcimg_g11.4dfp.img
dimensions:      256       256       256
mmppix:       1.0000   -1.0000   -1.0000
center:     128.0000 -129.0000 -129.0000
fimgreg.f
image alignment mode   2311 decimal      907 hex
parameters
   -1.5767   -1.0519    5.3028  -16.3870  -32.8675  -26.8793
    6.8912   -1.0866   -8.3411   28.8867    4.5331  -22.4242
eta,q 0.97333 11.28549
niter,ni,del,rscale     5    3    5.0000    0.8000
parameter  5 -1.283775 -> -0.500000 qaram    1.1500
parameter  6 -0.812052 -> -0.500000 qaram    1.1500
parameters
   -1.5016   -0.9691    5.4477  -17.1588  -30.1075  -24.1193
    7.0312   -0.9444   -8.2078   28.8408    4.4528  -23.2818
eta,q 0.97458 11.49008
  0.0280  0.0276  0.0273  0.0274  0.0291  0.0271  0.0265  0.0270  0.0264  0.0267  0.0258  0.0258
  0.0273  0.0271  0.0270  0.0269  0.0282  0.0264  0.0259  0.0262  0.0259  0.0261  0.0256  0.0255
  0.0268  0.0268  0.0268  0.0267  0.0274  0.0259  0.0256  0.0256  0.0256  0.0256  0.0255  0.0254
  0.0267  0.0267  0.0267  0.0267  0.0266  0.0256  0.0254  0.0254  0.0254  0.0254  0.0254  0.0254
  0.0268  0.0267  0.0267  0.0269  0.0260  0.0255  0.0255  0.0256  0.0255  0.0255  0.0255  0.0256
  0.0271  0.0270  0.0268  0.0274  0.0256  0.0254  0.0258  0.0260  0.0258  0.0259  0.0256  0.0258
  0.0277  0.0274  0.0271  0.0280  0.0256  0.0253  0.0264  0.0268  0.0263  0.0269  0.0258  0.0262
niter,ni,del,rscale     6    3    5.0000    0.9000
parameters
   -1.5345   -1.4747    5.6289  -16.7429  -29.8743  -24.1531
    7.0868   -0.9880   -8.0573   28.3985    4.5757  -22.7238
eta,q 0.97475 11.51235
  0.0269  0.0260  0.0261  0.0268  0.0284  0.0267  0.0266  0.0270  0.0264  0.0265  0.0258  0.0261
  0.0261  0.0255  0.0257  0.0260  0.0272  0.0259  0.0258  0.0261  0.0258  0.0258  0.0255  0.0257
  0.0256  0.0253  0.0254  0.0255  0.0261  0.0255  0.0254  0.0255  0.0254  0.0254  0.0253  0.0254
  0.0254  0.0254  0.0253  0.0253  0.0253  0.0252  0.0252  0.0252  0.0252  0.0252  0.0253  0.0253
  0.0256  0.0258  0.0253  0.0254  0.0250  0.0250  0.0254  0.0254  0.0253  0.0254  0.0253  0.0253
  0.0261  0.0265  0.0255  0.0258  0.0259  0.0254  0.0258  0.0261  0.0257  0.0260  0.0255  0.0255
  0.0270  0.0276  0.0259  0.0264  0.0288  0.0273  0.0265  0.0271  0.0263  0.0273  0.0258  0.0258
niter,ni,del,rscale     5    3    5.0000    0.8000
parameters
   -1.6021   -1.5651    5.6818  -16.7003  -29.3158  -23.6797
    7.1950   -1.0603   -8.0261   28.2186    4.7781  -22.6422
eta,q 0.97496 11.56023
  0.0264  0.0262  0.0258  0.0263  0.0279  0.0263  0.0261  0.0264  0.0260  0.0262  0.0255  0.0257
  0.0257  0.0257  0.0255  0.0257  0.0269  0.0257  0.0255  0.0257  0.0255  0.0256  0.0253  0.0253
  0.0254  0.0253  0.0253  0.0254  0.0260  0.0253  0.0252  0.0252  0.0251  0.0252  0.0251  0.0251
  0.0253  0.0253  0.0253  0.0252  0.0252  0.0251  0.0250  0.0250  0.0250  0.0250  0.0250  0.0250
  0.0254  0.0254  0.0253  0.0254  0.0249  0.0249  0.0251  0.0252  0.0251  0.0251  0.0251  0.0251
  0.0259  0.0258  0.0255  0.0257  0.0255  0.0250  0.0255  0.0257  0.0254  0.0256  0.0252  0.0253
  0.0266  0.0265  0.0257  0.0262  0.0276  0.0262  0.0260  0.0266  0.0259  0.0266  0.0254  0.0256
niter,ni,del,rscale     4    3    5.0000    0.7000
parameters
   -1.6401   -1.6895    5.7083  -16.5999  -28.8946  -23.3320
    7.2927   -1.0937   -7.9628   28.1147    4.9562  -22.5617
eta,q 0.97511 11.60170
  0.0260  0.0258  0.0255  0.0259  0.0272  0.0258  0.0257  0.0260  0.0256  0.0259  0.0252  0.0254
  0.0254  0.0253  0.0252  0.0254  0.0264  0.0254  0.0253  0.0254  0.0252  0.0254  0.0251  0.0251
  0.0251  0.0251  0.0251  0.0251  0.0256  0.0251  0.0250  0.0250  0.0250  0.0251  0.0249  0.0249
  0.0250  0.0250  0.0250  0.0250  0.0250  0.0249  0.0249  0.0249  0.0249  0.0249  0.0249  0.0249
  0.0252  0.0252  0.0251  0.0251  0.0248  0.0247  0.0250  0.0250  0.0250  0.0249  0.0249  0.0249
  0.0255  0.0255  0.0252  0.0254  0.0254  0.0249  0.0252  0.0254  0.0252  0.0253  0.0250  0.0251
  0.0261  0.0261  0.0254  0.0258  0.0270  0.0259  0.0257  0.0261  0.0256  0.0261  0.0252  0.0253
niter,ni,del,rscale     3    3    5.0000    0.6000
parameters
   -1.6755   -1.7827    5.7266  -16.5221  -28.5388  -22.9317
    7.3723   -1.1319   -7.8993   28.0419    5.1808  -22.5509
eta,q 0.97524 11.64249
  0.0256  0.0255  0.0252  0.0255  0.0266  0.0255  0.0254  0.0256  0.0253  0.0256  0.0250  0.0251
  0.0252  0.0251  0.0250  0.0252  0.0259  0.0252  0.0250  0.0251  0.0250  0.0252  0.0249  0.0249
  0.0250  0.0249  0.0249  0.0250  0.0253  0.0250  0.0248  0.0249  0.0248  0.0249  0.0248  0.0248
  0.0249  0.0249  0.0249  0.0249  0.0249  0.0248  0.0248  0.0248  0.0248  0.0248  0.0248  0.0248
  0.0250  0.0250  0.0249  0.0250  0.0248  0.0246  0.0248  0.0249  0.0248  0.0248  0.0248  0.0248
  0.0252  0.0253  0.0250  0.0252  0.0252  0.0248  0.0250  0.0251  0.0250  0.0251  0.0249  0.0249
  0.0257  0.0257  0.0252  0.0254  0.0264  0.0255  0.0253  0.0256  0.0253  0.0257  0.0250  0.0251
niter,ni,del,rscale     2    3    5.0000    0.5000
parameters
   -1.7030   -1.8658    5.7737  -16.4396  -28.2328  -22.4553
    7.4419   -1.1466   -7.8431   27.9516    5.3874  -22.5785
eta,q 0.97536 11.68510
  0.0252  0.0252  0.0250  0.0252  0.0261  0.0253  0.0251  0.0252  0.0250  0.0252  0.0248  0.0249
  0.0250  0.0249  0.0249  0.0250  0.0255  0.0251  0.0248  0.0249  0.0248  0.0249  0.0247  0.0248
  0.0248  0.0248  0.0248  0.0248  0.0251  0.0249  0.0247  0.0247  0.0247  0.0247  0.0247  0.0247
  0.0248  0.0248  0.0248  0.0248  0.0248  0.0247  0.0246  0.0246  0.0246  0.0246  0.0246  0.0246
  0.0248  0.0248  0.0248  0.0248  0.0247  0.0246  0.0247  0.0247  0.0247  0.0247  0.0246  0.0247
  0.0250  0.0250  0.0248  0.0249  0.0250  0.0247  0.0248  0.0249  0.0248  0.0249  0.0247  0.0248
  0.0253  0.0254  0.0250  0.0251  0.0258  0.0252  0.0250  0.0253  0.0250  0.0254  0.0248  0.0249
niter,ni,del,rscale     1    3    5.0000    0.4000
parameters
   -1.7173   -1.9390    5.9027  -16.3553  -27.9681  -21.8275
    7.5082   -1.1452   -7.8197   27.7642    5.5720  -22.6478
eta,q 0.97549 11.73235
  0.0250  0.0249  0.0248  0.0249  0.0255  0.0251  0.0248  0.0249  0.0248  0.0249  0.0246  0.0247
  0.0248  0.0248  0.0247  0.0248  0.0251  0.0249  0.0246  0.0247  0.0246  0.0247  0.0246  0.0246
  0.0247  0.0247  0.0247  0.0247  0.0248  0.0248  0.0245  0.0246  0.0245  0.0246  0.0245  0.0245
  0.0246  0.0246  0.0246  0.0246  0.0246  0.0246  0.0245  0.0245  0.0245  0.0245  0.0245  0.0245
  0.0247  0.0247  0.0246  0.0247  0.0246  0.0245  0.0245  0.0246  0.0245  0.0246  0.0245  0.0245
  0.0248  0.0248  0.0247  0.0247  0.0248  0.0245  0.0246  0.0247  0.0246  0.0248  0.0245  0.0246
  0.0250  0.0250  0.0247  0.0249  0.0253  0.0249  0.0248  0.0249  0.0248  0.0251  0.0246  0.0247
registration optimization eta report
parameter search radius
    0.8000    0.8000    0.8000    2.4000    2.7600    2.7600
    2.4000    2.4000    2.4000    2.4000    2.4000    2.4000
100000*second partial in parameter space
       51.       53.       25.        5.       11.        5.
        5.        7.        4.        9.        2.        3.
  0.0250  0.0249  0.0248  0.0249  0.0255  0.0251  0.0248  0.0249  0.0248  0.0249  0.0246  0.0247
  0.0248  0.0248  0.0247  0.0248  0.0251  0.0249  0.0246  0.0247  0.0246  0.0247  0.0246  0.0246
  0.0247  0.0247  0.0247  0.0247  0.0248  0.0248  0.0245  0.0246  0.0245  0.0246  0.0245  0.0245
  0.0246  0.0246  0.0246  0.0246  0.0246  0.0246  0.0245  0.0245  0.0245  0.0245  0.0245  0.0245
  0.0247  0.0247  0.0246  0.0247  0.0246  0.0245  0.0245  0.0246  0.0245  0.0246  0.0245  0.0245
  0.0248  0.0248  0.0247  0.0247  0.0248  0.0245  0.0246  0.0247  0.0246  0.0248  0.0245  0.0246
  0.0250  0.0250  0.0247  0.0249  0.0253  0.0249  0.0248  0.0249  0.0248  0.0251  0.0246  0.0247
   -1.7173   -1.9390    5.9027  -16.3553  -27.9681  -21.8275
    7.5082   -1.1452   -7.8197   27.7642    5.5720  -22.6478
eta,q 0.97549 11.73235

---------------------------------------------------------------------
imgreg_4dfp /opt/freesurfer/average/711-2C_as_mni_average_305 /opt/freesurfer/average/711-2B_as_mni_average_305_mask talsrcimg_g11 none talsrcimg_to_711-2C_as_mni_average_305_t4 2311
---------------------------------------------------------------------

freesurfer imgreg_4dfp.c
/opt/freesurfer/average/711-2C_as_mni_average_305.4dfp.img
       256       256       256         1
  1.000000  1.000000  1.000000
orientation T byte_order littleendian
Reading image: /opt/freesurfer/average/711-2C_as_mni_average_305.4dfp.img
dimensions:      256       256       256
mmppix:       1.0000   -1.0000   -1.0000
center:     128.0000 -129.0000 -129.0000
/opt/freesurfer/average/711-2B_as_mni_average_305_mask.4dfp.img
       256       256       256         1
  1.000000  1.000000  1.000000
orientation T byte_order littleendian
Reading mask: /opt/freesurfer/average/711-2B_as_mni_average_305_mask.4dfp.img (2306576 pixels)
talsrcimg_g11.4dfp.img
       256       256       256         1
  1.000000  1.000000  1.000000
orientation T byte_order littleendian
Reading image: talsrcimg_g11.4dfp.img
dimensions:      256       256       256
mmppix:       1.0000   -1.0000   -1.0000
center:     128.0000 -129.0000 -129.0000
fimgreg.f
image alignment mode   2311 decimal      907 hex
parameters
   -1.7173   -1.9390    5.9027  -16.3553  -27.9681  -21.8275
    7.5082   -1.1452   -7.8197   27.7642    5.5720  -22.6478
eta,q 0.97549 11.73236
niter,ni,del,rscale     5    3    5.0000    0.8000
parameters
   -1.7341   -2.0739    6.1753  -15.9930  -28.4365  -22.4662
    7.5278   -1.2275   -7.8747   27.3867    5.4283  -22.1827
eta,q 0.97527 11.69275
  0.0258  0.0257  0.0255  0.0256  0.0264  0.0255  0.0258  0.0261  0.0256  0.0259  0.0251  0.0255
  0.0251  0.0250  0.0250  0.0250  0.0256  0.0252  0.0252  0.0254  0.0251  0.0253  0.0249  0.0251
  0.0247  0.0246  0.0247  0.0246  0.0249  0.0249  0.0248  0.0249  0.0248  0.0249  0.0248  0.0248
  0.0245  0.0245  0.0245  0.0245  0.0245  0.0246  0.0247  0.0247  0.0247  0.0247  0.0247  0.0247
  0.0247  0.0247  0.0245  0.0246  0.0246  0.0245  0.0248  0.0249  0.0248  0.0248  0.0248  0.0248
  0.0251  0.0253  0.0247  0.0249  0.0257  0.0253  0.0252  0.0254  0.0251  0.0254  0.0249  0.0249
  0.0258  0.0262  0.0250  0.0253  0.0281  0.0271  0.0258  0.0263  0.0257  0.0267  0.0251  0.0252
niter,ni,del,rscale     4    3    5.0000    0.7000
parameters
   -1.7729   -2.0248    6.0162  -16.2207  -28.0903  -22.4806
    7.5863   -1.2972   -7.8967   27.3846    5.4655  -22.2767
eta,q 0.97535 11.69621
  0.0257  0.0257  0.0251  0.0254  0.0265  0.0253  0.0255  0.0258  0.0254  0.0257  0.0250  0.0251
  0.0251  0.0252  0.0248  0.0250  0.0258  0.0251  0.0250  0.0252  0.0250  0.0252  0.0248  0.0249
  0.0248  0.0249  0.0247  0.0248  0.0252  0.0249  0.0247  0.0248  0.0247  0.0248  0.0247  0.0247
  0.0247  0.0247  0.0247  0.0247  0.0247  0.0246  0.0246  0.0246  0.0246  0.0246  0.0246  0.0246
  0.0249  0.0248  0.0248  0.0249  0.0246  0.0245  0.0247  0.0248  0.0247  0.0247  0.0247  0.0247
  0.0252  0.0251  0.0250  0.0251  0.0250  0.0248  0.0250  0.0252  0.0250  0.0251  0.0248  0.0249
  0.0258  0.0256  0.0253  0.0255  0.0263  0.0257  0.0255  0.0259  0.0254  0.0259  0.0249  0.0252
niter,ni,del,rscale     3    3    5.0000    0.6000
parameters
   -1.7859   -2.0579    5.9750  -16.2612  -27.8767  -22.1448
    7.6378   -1.2966   -7.8588   27.4006    5.5645  -22.3980
eta,q 0.97544 11.72274
  0.0254  0.0253  0.0250  0.0252  0.0260  0.0252  0.0252  0.0254  0.0251  0.0255  0.0248  0.0249
  0.0250  0.0250  0.0248  0.0249  0.0254  0.0250  0.0248  0.0250  0.0248  0.0250  0.0247  0.0247
  0.0247  0.0247  0.0247  0.0247  0.0250  0.0248  0.0246  0.0247  0.0246  0.0247  0.0246  0.0246
  0.0247  0.0247  0.0246  0.0246  0.0246  0.0246  0.0246  0.0246  0.0246  0.0246  0.0246  0.0246
  0.0247  0.0247  0.0247  0.0247  0.0246  0.0245  0.0246  0.0246  0.0246  0.0246  0.0246  0.0246
  0.0250  0.0250  0.0248  0.0249  0.0250  0.0246  0.0248  0.0249  0.0248  0.0249  0.0247  0.0247
  0.0254  0.0254  0.0250  0.0252  0.0260  0.0252  0.0252  0.0254  0.0251  0.0255  0.0248  0.0250
niter,ni,del,rscale     2    3    5.0000    0.5000
parameters
   -1.7938   -2.0959    6.0545  -16.2231  -27.6856  -21.6424
    7.6800   -1.2955   -7.8330   27.3091    5.7295  -22.4767
eta,q 0.97555 11.75902
  0.0251  0.0250  0.0249  0.0250  0.0256  0.0250  0.0249  0.0251  0.0248  0.0251  0.0246  0.0247
  0.0248  0.0248  0.0247  0.0247  0.0251  0.0249  0.0246  0.0247  0.0246  0.0248  0.0245  0.0246
  0.0246  0.0246  0.0246  0.0246  0.0248  0.0247  0.0245  0.0245  0.0245  0.0245  0.0245  0.0245
  0.0246  0.0246  0.0246  0.0246  0.0246  0.0245  0.0244  0.0244  0.0244  0.0245  0.0244  0.0244
  0.0246  0.0246  0.0246  0.0246  0.0245  0.0244  0.0245  0.0245  0.0245  0.0245  0.0245  0.0245
  0.0248  0.0248  0.0246  0.0247  0.0248  0.0245  0.0246  0.0247  0.0246  0.0248  0.0245  0.0246
  0.0251  0.0251  0.0248  0.0249  0.0255  0.0249  0.0249  0.0251  0.0248  0.0253  0.0246  0.0247
niter,ni,del,rscale     1    3    5.0000    0.4000
parameters
   -1.7991   -2.1447    6.2441  -16.1376  -27.4705  -21.0261
    7.7310   -1.2937   -7.8123   27.0668    5.8740  -22.6074
eta,q 0.97567 11.80436
  0.0248  0.0248  0.0247  0.0247  0.0251  0.0249  0.0246  0.0247  0.0246  0.0247  0.0244  0.0245
  0.0246  0.0246  0.0246  0.0246  0.0248  0.0248  0.0245  0.0245  0.0244  0.0245  0.0244  0.0244
  0.0245  0.0245  0.0245  0.0245  0.0246  0.0246  0.0244  0.0244  0.0244  0.0244  0.0243  0.0243
  0.0245  0.0245  0.0244  0.0244  0.0244  0.0244  0.0243  0.0243  0.0243  0.0243  0.0243  0.0243
  0.0245  0.0245  0.0244  0.0245  0.0244  0.0243  0.0244  0.0244  0.0244  0.0244  0.0243  0.0244
  0.0246  0.0246  0.0245  0.0245  0.0246  0.0244  0.0245  0.0245  0.0244  0.0246  0.0244  0.0244
  0.0248  0.0249  0.0245  0.0247  0.0250  0.0247  0.0246  0.0247  0.0246  0.0250  0.0244  0.0245
registration optimization eta report
parameter search radius
    0.8000    0.8000    0.8000    2.4000    2.4000    2.4000
    2.4000    2.4000    2.4000    2.4000    2.4000    2.4000
100000*second partial in parameter space
       52.       55.       28.        4.       11.        7.
        5.        7.        4.        9.        2.        3.
  0.0248  0.0248  0.0247  0.0247  0.0251  0.0249  0.0246  0.0247  0.0246  0.0247  0.0244  0.0245
  0.0246  0.0246  0.0246  0.0246  0.0248  0.0248  0.0245  0.0245  0.0244  0.0245  0.0244  0.0244
  0.0245  0.0245  0.0245  0.0245  0.0246  0.0246  0.0244  0.0244  0.0244  0.0244  0.0243  0.0243
  0.0245  0.0245  0.0244  0.0244  0.0244  0.0244  0.0243  0.0243  0.0243  0.0243  0.0243  0.0243
  0.0245  0.0245  0.0244  0.0245  0.0244  0.0243  0.0244  0.0244  0.0244  0.0244  0.0243  0.0244
  0.0246  0.0246  0.0245  0.0245  0.0246  0.0244  0.0245  0.0245  0.0244  0.0246  0.0244  0.0244
  0.0248  0.0249  0.0245  0.0247  0.0250  0.0247  0.0246  0.0247  0.0246  0.0250  0.0244  0.0245
   -1.7991   -2.1447    6.2441  -16.1376  -27.4705  -21.0261
    7.7310   -1.2937   -7.8123   27.0668    5.8740  -22.6074
eta,q 0.97567 11.80436

---------------------------------------------------------------------
compute_vox2vox talsrcimg talsrcimg_to_711-2C_as_mni_average_305_t4 /opt/freesurfer/average/711-2C_as_mni_average_305
---------------------------------------------------------------------

freesurfer compute_vox2vox.c
Reading: talsrcimg.4dfp.ifh
Reading: talsrcimg_to_711-2C_as_mni_average_305_t4
Reading: /opt/freesurfer/average/711-2C_as_mni_average_305.4dfp.ifh
Writing: talsrcimg_to_711-2C_as_mni_average_305_t4_vox2vox.txt

start time Mon Mar 9 20:48:31 CET 2026
end		time Mon Mar 9 20:49:58 CET 2026

mpr2mni305 success

avi2talxfm orig_nu.mgz /opt/freesurfer/average/mni305.cor.mgz talsrcimg_to_711-2C_as_mni_average_305_t4_vox2vox.txt transforms/talairach.auto.xfm
avi2talxfm done
mv -f /out/sourcedata/freesurfer/sub-v1s23x0050615_ses-1/mri/talsrcimg_to_711-2C_as_mni_average_305_t4_vox2vox.txt /out/sourcedata/freesurfer/sub-v1s23x0050615_ses-1/mri/transforms/talsrcimg_to_711-2C_as_mni_average_305_t4_vox2vox.txt
lta_convert --src orig_nu.mgz --trg /opt/freesurfer/average/mni305.cor.mgz --inxfm transforms/talairach.auto.xfm --outlta transforms/talairach.auto.xfm.lta --subject fsaverage
7.3.2

--src: orig_nu.mgz src image (geometry).
--trg: /opt/freesurfer/average/mni305.cor.mgz trg image (geometry).
--inmni: transforms/talairach.auto.xfm input MNI/XFM transform.
--outlta: transforms/talairach.auto.xfm.lta output LTA.
--s: fsaverage subject name
 LTA read, type : 1
 1.17842   0.05634  -0.10805  -5.65602;
-0.04636   1.14181   0.36084   40.85226;
 0.14423  -0.42004   1.23245  -32.09705;
 0.00000   0.00000   0.00000   1.00000;
setting subject to fsaverage
Writing  LTA to file transforms/talairach.auto.xfm.lta...
lta_convert successful.
 
 
Started at Mon Mar 9 20:48:30 CET 2026
Ended   at Mon Mar  9 20:49:58 CET 2026
talairach_avi done
