status file for recon-all
Mon Mar  9 22:09:20 CET 2026
#@# Tessellate lh Mon Mar  9 22:09:20 CET 2026
#@# Smooth1 lh Mon Mar  9 22:09:24 CET 2026
#@# Inflation1 lh Mon Mar  9 22:09:26 CET 2026
#@# QSphere lh Mon Mar  9 22:09:36 CET 2026
#@# Fix Topology lh Mon Mar  9 22:10:29 CET 2026
#@# Smooth2 lh Mon Mar  9 22:20:14 CET 2026
#@# Inflation2 lh Mon Mar  9 22:20:17 CET 2026
#@# Curv .H and .K lh Mon Mar  9 22:20:27 CET 2026
#@# Sphere lh Mon Mar  9 22:21:12 CET 2026
#@# Surf Reg lh Mon Mar  9 22:24:06 CET 2026
#@# Jacobian white lh Mon Mar  9 22:27:02 CET 2026
#@# AvgCurv lh Mon Mar  9 22:27:03 CET 2026
#@# Cortical Parc lh Mon Mar  9 22:27:04 CET 2026
#@# white curv lh Mon Mar  9 22:32:31 CET 2026
#@# white area lh Mon Mar  9 22:32:33 CET 2026
#@# pial curv lh Mon Mar  9 22:32:33 CET 2026
#@# pial area lh Mon Mar  9 22:32:35 CET 2026
#@# thickness lh Mon Mar  9 22:32:36 CET 2026
#@# area and vertex vol lh Mon Mar  9 22:33:04 CET 2026
#@# Curvature Stats lh Mon Mar  9 22:33:05 CET 2026
#@# Cortical Parc 2 lh Mon Mar  9 22:33:07 CET 2026
#@# Cortical Parc 3 lh Mon Mar  9 22:33:20 CET 2026
#@# WM/GM Contrast lh Mon Mar  9 22:33:30 CET 2026
recon-all -s sub-v1s23x0050609_ses-1 finished without error at Mon Mar  9 22:33:33 CET 2026



#New# invocation of recon-all 



status file for recon-all
Mon Mar  9 23:11:20 CET 2026
#@# white curv lh Mon Mar  9 23:11:20 CET 2026
#@# white area lh Mon Mar  9 23:11:20 CET 2026
#@# pial curv lh Mon Mar  9 23:11:20 CET 2026
#@# pial area lh Mon Mar  9 23:11:20 CET 2026
#@# thickness lh Mon Mar  9 23:11:21 CET 2026
#@# area and vertex vol lh Mon Mar  9 23:11:21 CET 2026
#@# Parcellation Stats lh Mon Mar  9 23:11:21 CET 2026
#@# Parcellation Stats 2 lh Mon Mar  9 23:11:37 CET 2026
#@# Parcellation Stats 3 lh Mon Mar  9 23:11:45 CET 2026
#@# BA_exvivo Labels lh Mon Mar  9 23:11:53 CET 2026
recon-all -s sub-v1s23x0050609_ses-1 finished without error at Mon Mar  9 23:14:04 CET 2026
