/out/sourcedata/freesurfer/sub-v1s23x0050572_ses-1/mri
/opt/freesurfer/bin/talairach_avi
--i orig_nu.mgz --xfm transforms/talairach.auto.xfm
talairach_avi 7.3.2
Linux dna025 5.14.0-427.37.1.el9_4.x86_64 #1 SMP PREEMPT_DYNAMIC Fri Sep 13 12:41:50 EDT 2024 x86_64 x86_64 x86_64 GNU/Linux
Mon Mar  9 19:17:25 CET 2026
mri_convert orig_nu.mgz talsrcimg.img 
reading from orig_nu.mgz...
TR=0.00, TE=0.00, TI=0.00, flip angle=0.00
i_ras = (-1, 0, 0)
j_ras = (0, 0, -1)
k_ras = (0, 1, 0)
writing to talsrcimg.img...
Analyze Output Matrix
-1.00000   0.00000   0.00000   155.51833;
 0.00000   0.00000   1.00000  -179.14244;
 0.00000  -1.00000   0.00000   146.48271;
 0.00000   0.00000   0.00000   1.00000;
--------------------
INFO: set hdr.hist.orient to -1
mpr2mni305 talsrcimg
Mon Mar  9 19:17:26 CET 2026
/opt/freesurfer/bin/mpr2mni305 talsrcimg
mpr2mni305 7.3.2
target=711-2C_as_mni_average_305

---------------------------------------------------------------------
analyzeto4dfp talsrcimg -O0 -y
---------------------------------------------------------------------

freesurfer ifh2hdr.c
Mon Mar  9 19:17:26 2026
Writing: talsrcimg.4dfp.hdr
freesurfer analyzeto4dfp.c
Reading: talsrcimg.hdr
header size 348 bytes
hdr.dime.datatype	offset=70	value=2
hdr.dime.bitpix		offset=72	value=8
hdr.hist.orient		offset=252	value=-1
dimensionality     4
dimensions       256       256       256         1
Reading: talsrcimg.img
Writing: talsrcimg.4dfp.img
Writing: talsrcimg.4dfp.ifh
ifh2hdr talsrcimg -r0to232
ori=2

---------------------------------------------------------------------
gauss_4dfp talsrcimg 1.1
---------------------------------------------------------------------

freesurfer gauss_4dfp.c
Reading: talsrcimg.4dfp.img
Writing: talsrcimg_g11.4dfp.img
image dimensions 256 256 256 padded to 288 288 288
processing volume 1freesurfer ifh2hdr.c
Mon Mar  9 19:17:28 2026
Writing: talsrcimg_g11.4dfp.hdr

Writing: talsrcimg_g11.4dfp.ifh
including: talsrcimg.4dfp.img.rec in talsrcimg_g11.4dfp.img.rec

---------------------------------------------------------------------
imgreg_4dfp /opt/freesurfer/average/711-2C_as_mni_average_305 none talsrcimg_g11 none talsrcimg_to_711-2C_as_mni_average_305_t4 4355
---------------------------------------------------------------------

freesurfer imgreg_4dfp.c
/opt/freesurfer/average/711-2C_as_mni_average_305.4dfp.img
       256       256       256         1
  1.000000  1.000000  1.000000
orientation T byte_order littleendian
Reading image: /opt/freesurfer/average/711-2C_as_mni_average_305.4dfp.img
dimensions:      256       256       256
mmppix:       1.0000   -1.0000   -1.0000
center:     128.0000 -129.0000 -129.0000
talsrcimg_g11.4dfp.img
       256       256       256         1
  1.000000  1.000000  1.000000
orientation T byte_order littleendian
Reading image: talsrcimg_g11.4dfp.img
dimensions:      256       256       256
mmppix:       1.0000   -1.0000   -1.0000
center:     128.0000 -129.0000 -129.0000
t4_read: open error in t4_sub.f l:  41 t4_file(1:l)talsrcimg_to_711-2C_as_mni_average_305_t4 
t4_read: transform initialized to I4
rotation matrix determinant  1.000000
image alignment mode   4355 decimal     1103 hex
   -7.5000  -45.0000  -45.0000 8040.2368   18.7638
    0.0000  -45.0000  -45.0000 8379.8145   18.7610
    7.5000  -45.0000  -45.0000 8039.6411   18.7426
   -7.5000  -37.5000  -45.0000 8452.0107   18.7471
    0.0000  -37.5000  -45.0000 8794.7119   18.7422
    7.5000  -37.5000  -45.0000 8448.5195   18.7209
   -7.5000  -30.0000  -45.0000 9112.4570   18.7338
    0.0000  -30.0000  -45.0000 9466.2197   18.7240
    7.5000  -30.0000  -45.0000 9120.9287   18.6958
   -7.5000  -22.5000  -45.0000 9746.4912   18.7420
    0.0000  -22.5000  -45.000010143.2373   18.7291
    7.5000  -22.5000  -45.0000 9741.7148   18.6963
   -7.5000  -15.0000  -45.000010378.7568   18.7635
    0.0000  -15.0000  -45.000010801.4062   18.7496
    7.5000  -15.0000  -45.000010352.2676   18.7171
   -7.5000   -7.5000  -45.000010943.5811   18.7720
    0.0000   -7.5000  -45.000011394.0166   18.7633
    7.5000   -7.5000  -45.000010912.1582   18.7383
   -7.5000    0.0000  -45.000011253.0059   18.7638
    0.0000    0.0000  -45.000011670.1992   18.7610
    7.5000    0.0000  -45.000011177.7188   18.7425
   -7.5000    7.5000  -45.000010813.1221   18.7471
    0.0000    7.5000  -45.000011204.5381   18.7422
    7.5000    7.5000  -45.000010699.3623   18.7209
   -7.5000   15.0000  -45.000010206.8564   18.7338
    0.0000   15.0000  -45.000010571.9561   18.7240
    7.5000   15.0000  -45.000010069.4756   18.6958
   -7.5000   22.5000  -45.0000 9350.8477   18.7394
    0.0000   22.5000  -45.0000 9699.4424   18.7265
    7.5000   22.5000  -45.0000 9212.3086   18.6937
   -7.5000   30.0000  -45.0000 8482.0732   18.5134
    0.0000   30.0000  -45.0000 8808.2529   18.4997
    7.5000   30.0000  -45.0000 8355.2617   18.4677
   -7.5000   37.5000  -45.0000 8019.7202   18.5218
    0.0000   37.5000  -45.0000 8339.9678   18.5132
    7.5000   37.5000  -45.0000 7887.5439   18.4886
   -7.5000   45.0000  -45.0000 7273.9072   18.0449
    0.0000   45.0000  -45.0000 7535.7192   18.0422
    7.5000   45.0000  -45.0000 7156.8711   18.0245
   -7.5000  -45.0000  -37.5000 8513.4199   18.5458
    0.0000  -45.0000  -37.5000 8872.5322   18.5512
    7.5000  -45.0000  -37.5000 8499.5020   18.5351
   -7.5000  -37.5000  -37.5000 8950.3242   18.5308
    0.0000  -37.5000  -37.5000 9333.0830   18.5298
    7.5000  -37.5000  -37.5000 8933.1289   18.5100
   -7.5000  -30.0000  -37.5000 9634.6875   18.5189
    0.0000  -30.0000  -37.500010041.1230   18.5102
    7.5000  -30.0000  -37.5000 9605.3008   18.4854
   -7.5000  -22.5000  -37.500010315.8828   18.5268
    0.0000  -22.5000  -37.500010742.7871   18.5164
    7.5000  -22.5000  -37.500010251.8184   18.4894
   -7.5000  -15.0000  -37.500010951.4893   18.5464
    0.0000  -15.0000  -37.500011414.9150   18.5392
    7.5000  -15.0000  -37.500010882.3047   18.5138
   -7.5000   -7.5000  -37.500011567.5791   18.5535
    0.0000   -7.5000  -37.500012045.7861   18.5546
    7.5000   -7.5000  -37.500011496.5371   18.5350
   -7.5000    0.0000  -37.500011857.1992   18.5458
    0.0000    0.0000  -37.500012336.5898   18.5512
    7.5000    0.0000  -37.500011806.1113   18.5351
   -7.5000    7.5000  -37.500011386.0898   18.5308
    0.0000    7.5000  -37.500011836.3047   18.5298
    7.5000    7.5000  -37.500011270.6543   18.5100
   -7.5000   15.0000  -37.500010762.8125   18.5189
    0.0000   15.0000  -37.500011171.1953   18.5102
    7.5000   15.0000  -37.500010608.3506   18.4854
   -7.5000   22.5000  -37.5000 9846.8379   18.5242
    0.0000   22.5000  -37.500010253.3320   18.5138
    7.5000   22.5000  -37.5000 9695.0381   18.4868
   -7.5000   30.0000  -37.5000 8887.7256   18.2992
    0.0000   30.0000  -37.5000 9270.9473   18.2921
    7.5000   30.0000  -37.5000 8769.3838   18.2671
   -7.5000   37.5000  -37.5000 8396.5137   18.3062
    0.0000   37.5000  -37.5000 8747.1309   18.3073
    7.5000   37.5000  -37.5000 8278.1250   18.2880
   -7.5000   45.0000  -37.5000 7617.6631   17.8354
    0.0000   45.0000  -37.5000 7914.1992   17.8405
    7.5000   45.0000  -37.5000 7495.1309   17.8251
   -7.5000  -45.0000  -30.0000 9189.1396   19.3345
    0.0000  -45.0000  -30.0000 9589.8262   19.3436
    7.5000  -45.0000  -30.0000 9148.9443   19.3332
   -7.5000  -37.5000  -30.0000 9674.2402   19.3269
    0.0000  -37.5000  -30.000010111.3125   19.3277
    7.5000  -37.5000  -30.0000 9620.7285   19.3126
   -7.5000  -30.0000  -30.000010409.6309   19.3226
    0.0000  -30.0000  -30.000010881.1846   19.3147
    7.5000  -30.0000  -30.000010327.8398   19.2943
   -7.5000  -22.5000  -30.000011146.3506   19.3310
    0.0000  -22.5000  -30.000011622.8916   19.3218
    7.5000  -22.5000  -30.000011033.9238   19.3003
   -7.5000  -15.0000  -30.000011799.8184   19.3439
    0.0000  -15.0000  -30.000012344.8662   19.3397
    7.5000  -15.0000  -30.000011705.9424   19.3215
   -7.5000   -7.5000  -30.000012448.1064   19.3431
    0.0000   -7.5000  -30.000013043.2461   19.3486
    7.5000   -7.5000  -30.000012374.7363   19.3362
   -7.5000    0.0000  -30.000012769.0918   19.3345
    0.0000    0.0000  -30.000013317.5459   19.3436
    7.5000    0.0000  -30.000012666.1914   19.3332
   -7.5000    7.5000  -30.000012217.1650   19.3269
    0.0000    7.5000  -30.000012686.5371   19.3277
    7.5000    7.5000  -30.000012035.1680   19.3126
   -7.5000   15.0000  -30.000011553.4268   19.3226
    0.0000   15.0000  -30.000012000.7520   19.3147
    7.5000   15.0000  -30.000011352.1387   19.2943
   -7.5000   22.5000  -30.000010564.1680   19.3263
    0.0000   22.5000  -30.000011024.2656   19.3171
    7.5000   22.5000  -30.000010398.6465   19.2956
   -7.5000   30.0000  -30.0000 9537.1758   19.0879
    0.0000   30.0000  -30.0000 9943.0117   19.0838
    7.5000   30.0000  -30.0000 9385.1064   19.0659
   -7.5000   37.5000  -30.0000 8986.9092   19.0871
    0.0000   37.5000  -30.0000 9360.5068   19.0926
    7.5000   37.5000  -30.0000 8837.6201   19.0803
   -7.5000   45.0000  -30.0000 8124.1714   18.6076
    0.0000   45.0000  -30.0000 8457.3975   18.6163
    7.5000   45.0000  -30.0000 8007.5664   18.6064
   -7.5000  -45.0000  -22.5000 9912.9473   20.0622
    0.0000  -45.0000  -22.500010355.2207   20.0659
    7.5000  -45.0000  -22.5000 9839.7285   20.0609
   -7.5000  -37.5000  -22.500010444.2979   20.0600
    0.0000  -37.5000  -22.500010895.7373   20.0588
    7.5000  -37.5000  -22.500010349.6631   20.0486
   -7.5000  -30.0000  -22.500011237.8115   20.0644
    0.0000  -30.0000  -22.500011727.5508   20.0565
    7.5000  -30.0000  -22.500011121.0146   20.0385
   -7.5000  -22.5000  -22.500011977.5059   20.0764
    0.0000  -22.5000  -22.500012524.0068   20.0657
    7.5000  -22.5000  -22.500011865.2227   20.0447
   -7.5000  -15.0000  -22.500012662.8438   20.0847
    0.0000  -15.0000  -22.500013293.4980   20.0760
    7.5000  -15.0000  -22.500012573.2217   20.0588
   -7.5000   -7.5000  -22.500013348.7422   20.0749
    0.0000   -7.5000  -22.500014030.5889   20.0737
    7.5000   -7.5000  -22.500013264.2305   20.0647
   -7.5000    0.0000  -22.500013714.8506   20.0622
    0.0000    0.0000  -22.500014349.9873   20.0659
    7.5000    0.0000  -22.500013593.3848   20.0609
   -7.5000    7.5000  -22.500013047.6055   20.0600
    0.0000    7.5000  -22.500013593.8467   20.0588
    7.5000    7.5000  -22.500012850.8838   20.0486
   -7.5000   15.0000  -22.500012353.1475   20.0644
    0.0000   15.0000  -22.500012854.4980   20.0565
    7.5000   15.0000  -22.500012110.8525   20.0385
   -7.5000   22.5000  -22.500011332.2070   20.0702
    0.0000   22.5000  -22.500011819.2275   20.0595
    7.5000   22.5000  -22.500011110.7891   20.0385
   -7.5000   30.0000  -22.500010226.8633   19.8219
    0.0000   30.0000  -22.500010656.0811   19.8134
    7.5000   30.0000  -22.500010039.2549   19.7965
   -7.5000   37.5000  -22.5000 9632.4590   19.8123
    0.0000   37.5000  -22.5000 9997.2139   19.8112
    7.5000   37.5000  -22.5000 9431.2920   19.8023
   -7.5000   45.0000  -22.5000 8676.3691   19.3224
    0.0000   45.0000  -22.5000 9021.5244   19.3260
    7.5000   45.0000  -22.5000 8531.4658   19.3212
   -7.5000  -45.0000  -15.000010581.1709   20.5959
    0.0000  -45.0000  -15.000011081.7422   20.5902
    7.5000  -45.0000  -15.000010531.6904   20.5841
   -7.5000  -37.5000  -15.000011139.6260   20.5919
    0.0000  -37.5000  -15.000011656.2861   20.5863
    7.5000  -37.5000  -15.000011069.1846   20.5753
   -7.5000  -30.0000  -15.000012002.0635   20.5962
    0.0000  -30.0000  -15.000012564.1689   20.5868
    7.5000  -30.0000  -15.000011916.8164   20.5659
   -7.5000  -22.5000  -15.000012759.2373   20.6099
    0.0000  -22.5000  -15.000013377.4434   20.5961
    7.5000  -22.5000  -15.000012681.6855   20.5700
   -7.5000  -15.0000  -15.000013501.6338   20.6206
    0.0000  -15.0000  -15.000014205.6924   20.6040
    7.5000  -15.0000  -15.000013444.5205   20.5808
   -7.5000   -7.5000  -15.000014284.3730   20.6108
    0.0000   -7.5000  -15.000015047.5654   20.5983
    7.5000   -7.5000  -15.000014213.1807   20.5854
   -7.5000    0.0000  -15.000014716.5713   20.5959
    0.0000    0.0000  -15.000015475.4707   20.5902
    7.5000    0.0000  -15.000014607.1924   20.5841
   -7.5000    7.5000  -15.000013926.4961   20.5919
    0.0000    7.5000  -15.000014597.5166   20.5863
    7.5000    7.5000  -15.000013746.9004   20.5753
   -7.5000   15.0000  -15.000013123.3535   20.5962
    0.0000   15.0000  -15.000013704.3174   20.5868
    7.5000   15.0000  -15.000012890.8301   20.5659
   -7.5000   22.5000  -15.000012066.3506   20.6026
    0.0000   22.5000  -15.000012593.0498   20.5888
    7.5000   22.5000  -15.000011848.3066   20.5627
   -7.5000   30.0000  -15.000010915.0254   20.3537
    0.0000   30.0000  -15.000011397.0635   20.3373
    7.5000   30.0000  -15.000010727.9902   20.3144
   -7.5000   37.5000  -15.000010281.0352   20.3440
    0.0000   37.5000  -15.000010684.1338   20.3318
    7.5000   37.5000  -15.000010052.3848   20.3190
   -7.5000   45.0000  -15.0000 9217.2773   19.8483
    0.0000   45.0000  -15.0000 9610.4277   19.8429
    7.5000   45.0000  -15.0000 9057.1494   19.8370
   -7.5000  -45.0000   -7.500011247.5547   20.8191
    0.0000  -45.0000   -7.500011794.7334   20.8104
    7.5000  -45.0000   -7.500011241.3779   20.7965
   -7.5000  -37.5000   -7.500011845.8164   20.8071
    0.0000  -37.5000   -7.500012431.8164   20.7999
    7.5000  -37.5000   -7.500011818.7344   20.7825
   -7.5000  -30.0000   -7.500012816.9600   20.8010
    0.0000  -30.0000   -7.500013476.8135   20.7909
    7.5000  -30.0000   -7.500012778.1309   20.7645
   -7.5000  -22.5000   -7.500013585.5732   20.8121
    0.0000  -22.5000   -7.500014313.1807   20.7974
    7.5000  -22.5000   -7.500013597.9404   20.7649
   -7.5000  -15.0000   -7.500014372.9590   20.8302
    0.0000  -15.0000   -7.500015143.1885   20.8111
    7.5000  -15.0000   -7.500014375.4092   20.7795
   -7.5000   -7.5000   -7.500015239.7900   20.8311
    0.0000   -7.5000   -7.500016044.2666   20.8150
    7.5000   -7.5000   -7.500015201.5195   20.7930
   -7.5000    0.0000   -7.500015662.0010   20.8191
    0.0000    0.0000   -7.500016514.6250   20.8104
    7.5000    0.0000   -7.500015628.8564   20.7965
   -7.5000    7.5000   -7.500014782.8232   20.8071
    0.0000    7.5000   -7.500015562.2764   20.7999
    7.5000    7.5000   -7.500014710.4111   20.7825
   -7.5000   15.0000   -7.500013910.1064   20.8010
    0.0000   15.0000   -7.500014569.5879   20.7909
    7.5000   15.0000   -7.500013744.5244   20.7645
   -7.5000   22.5000   -7.500012818.1260   20.8024
    0.0000   22.5000   -7.500013413.0938   20.7878
    7.5000   22.5000   -7.500012638.4219   20.7553
   -7.5000   30.0000   -7.500011602.8350   20.5600
    0.0000   30.0000   -7.500012170.9629   20.5412
    7.5000   30.0000   -7.500011481.9424   20.5100
   -7.5000   37.5000   -7.500010922.8945   20.5609
    0.0000   37.5000   -7.500011431.9834   20.5451
    7.5000   37.5000   -7.500010769.7207   20.5234
   -7.5000   45.0000   -7.5000 9800.0068   20.0672
    0.0000   45.0000   -7.500010234.3418   20.0587
    7.5000   45.0000   -7.5000 9654.0703   20.0454
   -7.5000  -45.0000    0.000011791.0850   20.7976
    0.0000  -45.0000    0.000012371.1514   20.7949
    7.5000  -45.0000    0.000011828.6631   20.7751
   -7.5000  -37.5000    0.000012421.5938   20.7788
    0.0000  -37.5000    0.000013035.6152   20.7740
    7.5000  -37.5000    0.000012437.0684   20.7512
   -7.5000  -30.0000    0.000013525.1230   20.7641
    0.0000  -30.0000    0.000014282.6641   20.7541
    7.5000  -30.0000    0.000013588.7002   20.7241
   -7.5000  -22.5000    0.000014377.3848   20.7735
    0.0000  -22.5000    0.000015251.9922   20.7599
    7.5000  -22.5000    0.000014566.8252   20.7249
   -7.5000  -15.0000    0.000015167.6953   20.7977
    0.0000  -15.0000    0.000016045.4014   20.7827
    7.5000  -15.0000    0.000015336.7207   20.7478
   -7.5000   -7.5000    0.000016020.1953   20.8070
    0.0000   -7.5000    0.000016921.1973   20.7976
    7.5000   -7.5000    0.000016174.4668   20.7707
   -7.5000    0.0000    0.000016430.0078   20.7976
    0.0000    0.0000    0.000017362.9629   20.7949
    7.5000    0.0000    0.000016623.9199   20.7751
   -7.5000    7.5000    0.000015464.9209   20.7788
    0.0000    7.5000    0.000016360.1631   20.7740
    7.5000    7.5000    0.000015613.2266   20.7512
   -7.5000   15.0000    0.000014549.1953   20.7641
    0.0000   15.0000    0.000015325.8975   20.7541
    7.5000   15.0000    0.000014548.6543   20.7241
   -7.5000   22.5000    0.000013450.1885   20.7640
    0.0000   22.5000    0.000014137.1328   20.7504
    7.5000   22.5000    0.000013397.9092   20.7154
   -7.5000   30.0000    0.000012226.8818   20.5285
    0.0000   30.0000    0.000012888.2363   20.5137
    7.5000   30.0000    0.000012186.7422   20.4793
   -7.5000   37.5000    0.000011515.3457   20.5377
    0.0000   37.5000    0.000012113.4551   20.5285
    7.5000   37.5000    0.000011414.0049   20.5019
   -7.5000   45.0000    0.000010325.4766   20.0479
    0.0000   45.0000    0.000010823.6758   20.0453
    7.5000   45.0000    0.000010199.0801   20.0262
   -7.5000  -45.0000    7.500011472.1641   20.7510
    0.0000  -45.0000    7.500012008.5303   20.7570
    7.5000  -45.0000    7.500011505.0234   20.7389
   -7.5000  -37.5000    7.500012084.1895   20.7342
    0.0000  -37.5000    7.500012630.7969   20.7330
    7.5000  -37.5000    7.500012083.4727   20.7108
   -7.5000  -30.0000    7.500013175.9990   20.7207
    0.0000  -30.0000    7.500013935.8691   20.7110
    7.5000  -30.0000    7.500013280.7354   20.6832
   -7.5000  -22.5000    7.500014220.1836   20.7296
    0.0000  -22.5000    7.500015223.2842   20.7179
    7.5000  -22.5000    7.500014558.4443   20.6876
   -7.5000  -15.0000    7.500015043.9785   20.7515
    0.0000  -15.0000    7.500016053.8486   20.7434
    7.5000  -15.0000    7.500015493.4355   20.7150
   -7.5000   -7.5000    7.500015845.9697   20.7595
    0.0000   -7.5000    7.500016737.8262   20.7607
    7.5000   -7.5000    7.500016290.7637   20.7387
   -7.5000    0.0000    7.500016226.9746   20.7510
    0.0000    0.0000    7.500017103.5098   20.7569
    7.5000    0.0000    7.500016616.7754   20.7389
   -7.5000    7.5000    7.500015279.6807   20.7342
    0.0000    7.5000    7.500016142.3174   20.7330
    7.5000    7.5000    7.500015539.1084   20.7108
   -7.5000   15.0000    7.500014354.3096   20.7207
    0.0000   15.0000    7.500015093.6348   20.7110
    7.5000   15.0000    7.500014393.0312   20.6832
   -7.5000   22.5000    7.500013249.1836   20.7200
    0.0000   22.5000    7.500013915.3789   20.7083
    7.5000   22.5000    7.500013207.9150   20.6781
   -7.5000   30.0000    7.500012054.5547   20.4830
    0.0000   30.0000    7.500012699.0020   20.4749
    7.5000   30.0000    7.500011996.6094   20.4469
   -7.5000   37.5000    7.500011351.1084   20.4908
    0.0000   37.5000    7.500011944.8496   20.4920
    7.5000   37.5000    7.500011242.8652   20.4703
   -7.5000   45.0000    7.500010165.4014   20.0030
    0.0000   45.0000    7.500010680.3076   20.0088
    7.5000   45.0000    7.500010033.3848   19.9914
   -7.5000  -45.0000   15.000011030.1680   20.7621
    0.0000  -45.0000   15.000011534.4697   20.7719
    7.5000  -45.0000   15.000011084.4443   20.7607
   -7.5000  -37.5000   15.000011608.3428   20.7539
    0.0000  -37.5000   15.000012063.8564   20.7547
    7.5000  -37.5000   15.000011631.9629   20.7385
   -7.5000  -30.0000   15.000012678.6064   20.7493
    0.0000  -30.0000   15.000013274.5811   20.7408
    7.5000  -30.0000   15.000012825.4082   20.7189
   -7.5000  -22.5000   15.000013834.5107   20.7583
    0.0000  -22.5000   15.000014788.7314   20.7484
    7.5000  -22.5000   15.000014238.0352   20.7253
   -7.5000  -15.0000   15.000014864.4521   20.7721
    0.0000  -15.0000   15.000015748.7725   20.7677
    7.5000  -15.0000   15.000015250.8760   20.7482
   -7.5000   -7.5000   15.000015618.8643   20.7713
    0.0000   -7.5000   15.000016331.6084   20.7772
    7.5000   -7.5000   15.000015853.3438   20.7639
   -7.5000    0.0000   15.000015886.7490   20.7621
    0.0000    0.0000   15.000016603.3418   20.7719
    7.5000    0.0000   15.000016019.8955   20.7607
   -7.5000    7.5000   15.000014878.6182   20.7539
    0.0000    7.5000   15.000015621.5488   20.7547
    7.5000    7.5000   15.000014959.2432   20.7385
   -7.5000   15.0000   15.000013804.7969   20.7493
    0.0000   15.0000   15.000014474.9951   20.7408
    7.5000   15.0000   15.000013787.1592   20.7189
   -7.5000   22.5000   15.000012712.9268   20.7487
    0.0000   22.5000   15.000013313.1250   20.7388
    7.5000   22.5000   15.000012654.8955   20.7158
   -7.5000   30.0000   15.000011560.2393   20.5033
    0.0000   30.0000   15.000012153.1426   20.4989
    7.5000   30.0000   15.000011510.0820   20.4796
   -7.5000   37.5000   15.000010877.1465   20.5025
    0.0000   37.5000   15.000011434.7256   20.5083
    7.5000   37.5000   15.000010791.3457   20.4952
   -7.5000   45.0000   15.0000 9730.3535   20.0139
    0.0000   45.0000   15.000010234.2734   20.0233
    7.5000   45.0000   15.0000 9636.5303   20.0125
   -7.5000  -45.0000   22.500010486.2051   20.8262
    0.0000  -45.0000   22.500010914.4033   20.8300
    7.5000  -45.0000   22.500010536.1104   20.8248
   -7.5000  -37.5000   22.500011128.0479   20.8239
    0.0000  -37.5000   22.500011549.4697   20.8227
    7.5000  -37.5000   22.500011129.6816   20.8121
   -7.5000  -30.0000   22.500012198.0420   20.8285
    0.0000  -30.0000   22.500012829.7920   20.8203
    7.5000  -30.0000   22.500012293.2266   20.8016
   -7.5000  -22.5000   22.500013312.2607   20.8409
    0.0000  -22.5000   22.500014175.6357   20.8299
    7.5000  -22.5000   22.500013530.1338   20.8080
   -7.5000  -15.0000   22.500014202.4004   20.8495
    0.0000  -15.0000   22.500015038.6855   20.8406
    7.5000  -15.0000   22.500014313.6201   20.8227
   -7.5000   -7.5000   22.500014927.5830   20.8394
    0.0000   -7.5000   22.500015728.2793   20.8382
    7.5000   -7.5000   22.500014927.7148   20.8288
   -7.5000    0.0000   22.500015219.7979   20.8262
    0.0000    0.0000   22.500016141.6729   20.8300
    7.5000    0.0000   22.500015239.8750   20.8248
   -7.5000    7.5000   22.500014227.7100   20.8239
    0.0000    7.5000   22.500015117.3623   20.8227
    7.5000    7.5000   22.500014277.5049   20.8121
   -7.5000   15.0000   22.500013086.0820   20.8285
    0.0000   15.0000   22.500013845.6777   20.8203
    7.5000   15.0000   22.500013107.7471   20.8016
   -7.5000   22.5000   22.500012042.3311   20.8313
    0.0000   22.5000   22.500012667.1729   20.8203
    7.5000   22.5000   22.500012036.9971   20.7984
   -7.5000   30.0000   22.500010979.5400   20.5797
    0.0000   30.0000   22.500011545.0664   20.5708
    7.5000   30.0000   22.500010978.0791   20.5532
   -7.5000   37.5000   22.500010338.9014   20.5697
    0.0000   37.5000   22.500010848.0771   20.5685
    7.5000   37.5000   22.500010338.2803   20.5593
   -7.5000   45.0000   22.5000 9272.6348   20.0756
    0.0000   45.0000   22.5000 9714.5039   20.0794
    7.5000   45.0000   22.5000 9252.6377   20.0744
   -7.5000  -45.0000   30.0000 9936.1230   20.8818
    0.0000  -45.0000   30.000010412.4854   20.8760
    7.5000  -45.0000   30.0000 9952.4629   20.8698
   -7.5000  -37.5000   30.000010534.3506   20.8778
    0.0000  -37.5000   30.000011041.6240   20.8721
    7.5000  -37.5000   30.000010540.8125   20.8609
   -7.5000  -30.0000   30.000011503.9365   20.8822
    0.0000  -30.0000   30.000012149.7676   20.8725
    7.5000  -30.0000   30.000011588.1475   20.8513
   -7.5000  -22.5000   30.000012382.6445   20.8960
    0.0000  -22.5000   30.000013123.4756   20.8819
    7.5000  -22.5000   30.000012549.4004   20.8554
   -7.5000  -15.0000   30.000013038.9043   20.9067
    0.0000  -15.0000   30.000013695.2129   20.8898
    7.5000  -15.0000   30.000013139.7871   20.8664
   -7.5000   -7.5000   30.000013641.7686   20.8968
    0.0000   -7.5000   30.000014299.8789   20.8842
    7.5000   -7.5000   30.000013739.8525   20.8711
   -7.5000    0.0000   30.000014049.7529   20.8818
    0.0000    0.0000   30.000014828.7441   20.8760
    7.5000    0.0000   30.000014199.8174   20.8698
   -7.5000    7.5000   30.000013304.6562   20.8778
    0.0000    7.5000   30.000014075.4326   20.8721
    7.5000    7.5000   30.000013424.6475   20.8609
   -7.5000   15.0000   30.000012303.3770   20.8822
    0.0000   15.0000   30.000012985.2158   20.8725
    7.5000   15.0000   30.000012366.6240   20.8513
   -7.5000   22.5000   30.000011318.0977   20.8863
    0.0000   22.5000   30.000011923.8174   20.8723
    7.5000   22.5000   30.000011337.7295   20.8458
   -7.5000   30.0000   30.000010291.6963   20.6361
    0.0000   30.0000   30.000010840.4668   20.6195
    7.5000   30.0000   30.000010316.5234   20.5963
   -7.5000   37.5000   30.0000 9673.0117   20.6264
    0.0000   37.5000   30.000010139.9385   20.6139
    7.5000   37.5000   30.0000 9666.6162   20.6010
   -7.5000   45.0000   30.0000 8639.8926   20.1292
    0.0000   45.0000   30.0000 9032.8672   20.1236
    7.5000   45.0000   30.0000 8620.3984   20.1176
   -7.5000  -45.0000   37.5000 9599.3730   20.9288
    0.0000  -45.0000   37.500010055.4609   20.9200
    7.5000  -45.0000   37.5000 9587.3398   20.9060
   -7.5000  -37.5000   37.500010118.5449   20.9167
    0.0000  -37.5000   37.500010603.7314   20.9093
    7.5000  -37.5000   37.500010123.1445   20.8917
   -7.5000  -30.0000   37.500011002.2100   20.9106
    0.0000  -30.0000   37.500011587.2041   20.9002
    7.5000  -30.0000   37.500011094.9375   20.8735
   -7.5000  -22.5000   37.500011805.2891   20.9219
    0.0000  -22.5000   37.500012404.6670   20.9068
    7.5000  -22.5000   37.500011933.7734   20.8741
   -7.5000  -15.0000   37.500012435.7314   20.9401
    0.0000  -15.0000   37.500013000.8213   20.9207
    7.5000  -15.0000   37.500012516.8193   20.8890
   -7.5000   -7.5000   37.500013006.7695   20.9410
    0.0000   -7.5000   37.500013613.1641   20.9248
    7.5000   -7.5000   37.500013098.4062   20.9026
   -7.5000    0.0000   37.500013433.3135   20.9288
    0.0000    0.0000   37.500014087.4092   20.9200
    7.5000    0.0000   37.500013557.8838   20.9060
   -7.5000    7.5000   37.500012773.6484   20.9167
    0.0000    7.5000   37.500013395.4932   20.9093
    7.5000    7.5000   37.500012858.4580   20.8917
   -7.5000   15.0000   37.500011863.7197   20.9106
    0.0000   15.0000   37.500012415.3301   20.9002
    7.5000   15.0000   37.500011924.2549   20.8735
   -7.5000   22.5000   37.500010929.7871   20.9122
    0.0000   22.5000   37.500011440.8369   20.8972
    7.5000   22.5000   37.500010974.1318   20.8645
   -7.5000   30.0000   37.5000 9964.2686   20.6691
    0.0000   30.0000   37.500010437.2178   20.6500
    7.5000   30.0000   37.500010012.2646   20.6187
   -7.5000   37.5000   37.5000 9334.4453   20.6700
    0.0000   37.5000   37.5000 9736.4658   20.6540
    7.5000   37.5000   37.5000 9328.2510   20.6321
   -7.5000   45.0000   37.5000 8315.5439   20.1742
    0.0000   45.0000   37.5000 8664.6797   20.1657
    7.5000   45.0000   37.5000 8294.7441   20.1522
   -7.5000  -45.0000   45.0000 8792.2373   21.1316
    0.0000  -45.0000   45.0000 9198.8525   21.1291
    7.5000  -45.0000   45.0000 8775.9805   21.1085
   -7.5000  -37.5000   45.0000 9277.1719   21.1123
    0.0000  -37.5000   45.0000 9702.9297   21.1076
    7.5000  -37.5000   45.0000 9257.7061   21.0836
   -7.5000  -30.0000   45.000010081.4180   21.0968
    0.0000  -30.0000   45.000010587.4170   21.0865
    7.5000  -30.0000   45.000010115.3936   21.0546
   -7.5000  -22.5000   45.000010840.6973   21.1061
    0.0000  -22.5000   45.000011353.7969   21.0920
    7.5000  -22.5000   45.000010882.9873   21.0547
   -7.5000  -15.0000   45.000011438.5820   21.1308
    0.0000  -15.0000   45.000011952.2549   21.1154
    7.5000  -15.0000   45.000011461.0283   21.0784
   -7.5000   -7.5000   45.000011985.2520   21.1408
    0.0000   -7.5000   45.000012528.4785   21.1314
    7.5000   -7.5000   45.000012015.2607   21.1031
   -7.5000    0.0000   45.000012412.7451   21.1316
    0.0000    0.0000   45.000012972.2646   21.1291
    7.5000    0.0000   45.000012460.2637   21.1084
   -7.5000    7.5000   45.000011808.3115   21.1123
    0.0000    7.5000   45.000012339.5928   21.1076
    7.5000    7.5000   45.000011831.3789   21.0836
   -7.5000   15.0000   45.000010954.7002   21.0968
    0.0000   15.0000   45.000011440.6162   21.0865
    7.5000   15.0000   45.000010971.5146   21.0546
   -7.5000   22.5000   45.000010086.3887   21.0963
    0.0000   22.5000   45.000010552.0586   21.0822
    7.5000   22.5000   45.000010118.0098   21.0449
   -7.5000   30.0000   45.0000 9210.1504   20.8555
    0.0000   30.0000   45.0000 9637.9600   20.8403
    7.5000   30.0000   45.0000 9240.8369   20.8038
   -7.5000   37.5000   45.0000 8607.1924   20.8654
    0.0000   37.5000   45.0000 8986.1729   20.8561
    7.5000   37.5000   45.0000 8610.1826   20.8282
   -7.5000   45.0000   45.0000 7659.6748   20.3788
    0.0000   45.0000   45.0000 7987.1260   20.3764
    7.5000   45.0000   45.0000 7646.6846   20.3565

---------------------------------------------------------------------
imgreg_4dfp /opt/freesurfer/average/711-2C_as_mni_average_305 /opt/freesurfer/average/711-2B_as_mni_average_305_mask talsrcimg_g11 none talsrcimg_to_711-2C_as_mni_average_305_t4 4355
---------------------------------------------------------------------

freesurfer imgreg_4dfp.c
/opt/freesurfer/average/711-2C_as_mni_average_305.4dfp.img
       256       256       256         1
  1.000000  1.000000  1.000000
orientation T byte_order littleendian
Reading image: /opt/freesurfer/average/711-2C_as_mni_average_305.4dfp.img
dimensions:      256       256       256
mmppix:       1.0000   -1.0000   -1.0000
center:     128.0000 -129.0000 -129.0000
/opt/freesurfer/average/711-2B_as_mni_average_305_mask.4dfp.img
       256       256       256         1
  1.000000  1.000000  1.000000
orientation T byte_order littleendian
Reading mask: /opt/freesurfer/average/711-2B_as_mni_average_305_mask.4dfp.img (2306576 pixels)
talsrcimg_g11.4dfp.img
       256       256       256         1
  1.000000  1.000000  1.000000
orientation T byte_order littleendian
Reading image: talsrcimg_g11.4dfp.img
dimensions:      256       256       256
mmppix:       1.0000   -1.0000   -1.0000
center:     128.0000 -129.0000 -129.0000
rotation matrix determinant  1.000000
image alignment mode   4355 decimal     1103 hex
   -7.5000  -45.0000  -45.0000 2102.0879   19.9365
    0.0000  -45.0000  -45.0000 2121.2207   19.8355
    7.5000  -45.0000  -45.0000 2102.6289   20.0338
   -7.5000  -37.5000  -45.0000 2153.1055   18.9456
    0.0000  -37.5000  -45.0000 2168.8337   18.8113
    7.5000  -37.5000  -45.0000 2159.6892   18.9897
   -7.5000  -30.0000  -45.0000 2184.3367   18.3504
    0.0000  -30.0000  -45.0000 2201.0603   18.2112
    7.5000  -30.0000  -45.0000 2196.1465   18.4064
   -7.5000  -22.5000  -45.0000 2207.9419   18.1405
    0.0000  -22.5000  -45.0000 2222.4031   17.9959
    7.5000  -22.5000  -45.0000 2216.0684   18.1917
   -7.5000  -15.0000  -45.0000 2206.3074   18.3046
    0.0000  -15.0000  -45.0000 2224.4106   18.1291
    7.5000  -15.0000  -45.0000 2216.1858   18.2744
   -7.5000   -7.5000  -45.0000 2196.1929   18.4698
    0.0000   -7.5000  -45.0000 2218.3835   18.3486
    7.5000   -7.5000  -45.0000 2204.4780   18.5159
   -7.5000    0.0000  -45.0000 2173.8411   19.0740
    0.0000    0.0000  -45.0000 2193.0149   18.9283
    7.5000    0.0000  -45.0000 2174.1470   19.0757
   -7.5000    7.5000  -45.0000 2133.3457   19.9343
    0.0000    7.5000  -45.0000 2153.7000   19.8090
    7.5000    7.5000  -45.0000 2136.0095   19.9340
   -7.5000   15.0000  -45.0000 2080.0452   21.0790
    0.0000   15.0000  -45.0000 2101.4358   20.9573
    7.5000   15.0000  -45.0000 2079.9844   21.0987
   -7.5000   22.5000  -45.0000 2006.7433   22.6044
    0.0000   22.5000  -45.0000 2030.5103   22.4670
    7.5000   22.5000  -45.0000 2010.7585   22.6572
   -7.5000   30.0000  -45.0000 1914.0088   24.7404
    0.0000   30.0000  -45.0000 1936.2861   24.4636
    7.5000   30.0000  -45.0000 1913.3542   24.7905
   -7.5000   37.5000  -45.0000 1815.6011   27.7344
    0.0000   37.5000  -45.0000 1837.7651   27.4135
    7.5000   37.5000  -45.0000 1811.9762   27.7607
   -7.5000   45.0000  -45.0000 1700.6570   31.6476
    0.0000   45.0000  -45.0000 1711.1517   31.2653
    7.5000   45.0000  -45.0000 1694.3369   31.6404
   -7.5000  -45.0000  -37.5000 2204.2207   18.4618
    0.0000  -45.0000  -37.5000 2218.2185   18.3816
    7.5000  -45.0000  -37.5000 2198.4956   18.5648
   -7.5000  -37.5000  -37.5000 2261.2000   17.4962
    0.0000  -37.5000  -37.5000 2278.3154   17.4650
    7.5000  -37.5000  -37.5000 2263.5188   17.5768
   -7.5000  -30.0000  -37.5000 2285.0635   16.9140
    0.0000  -30.0000  -37.5000 2306.4426   16.8481
    7.5000  -30.0000  -37.5000 2287.2639   16.9750
   -7.5000  -22.5000  -37.5000 2303.1760   16.5868
    0.0000  -22.5000  -37.5000 2321.1917   16.5366
    7.5000  -22.5000  -37.5000 2302.2385   16.6681
   -7.5000  -15.0000  -37.5000 2299.4541   16.6507
    0.0000  -15.0000  -37.5000 2322.0308   16.5489
    7.5000  -15.0000  -37.5000 2302.2148   16.6635
   -7.5000   -7.5000  -37.5000 2293.5569   16.8876
    0.0000   -7.5000  -37.5000 2315.5642   16.7807
    7.5000   -7.5000  -37.5000 2297.2979   16.8564
   -7.5000    0.0000  -37.5000 2278.4158   17.4264
    0.0000    0.0000  -37.5000 2300.6428   17.3443
    7.5000    0.0000  -37.5000 2281.9861   17.4335
   -7.5000    7.5000  -37.5000 2241.0933   18.2405
    0.0000    7.5000  -37.5000 2268.3535   18.1482
    7.5000    7.5000  -37.5000 2247.5229   18.2476
   -7.5000   15.0000  -37.5000 2187.4111   19.2715
    0.0000   15.0000  -37.5000 2204.5725   19.1590
    7.5000   15.0000  -37.5000 2184.6323   19.2646
   -7.5000   22.5000  -37.5000 2113.1257   20.6517
    0.0000   22.5000  -37.5000 2134.1497   20.5015
    7.5000   22.5000  -37.5000 2110.1948   20.6480
   -7.5000   30.0000  -37.5000 2012.5594   22.5683
    0.0000   30.0000  -37.5000 2032.8251   22.3753
    7.5000   30.0000  -37.5000 2007.3127   22.5800
   -7.5000   37.5000  -37.5000 1908.8771   25.2557
    0.0000   37.5000  -37.5000 1930.6394   25.0876
    7.5000   37.5000  -37.5000 1903.9456   25.2847
   -7.5000   45.0000  -37.5000 1789.7859   28.7908
    0.0000   45.0000  -37.5000 1805.2256   28.5705
    7.5000   45.0000  -37.5000 1783.7114   28.7858
   -7.5000  -45.0000  -30.0000 2329.4763   17.8468
    0.0000  -45.0000  -30.0000 2348.0571   17.8312
    7.5000  -45.0000  -30.0000 2326.0959   17.9512
   -7.5000  -37.5000  -30.0000 2396.9758   16.7654
    0.0000  -37.5000  -30.0000 2423.4888   16.7771
    7.5000  -37.5000  -30.0000 2398.6392   16.8678
   -7.5000  -30.0000  -30.0000 2428.0886   16.1405
    0.0000  -30.0000  -30.0000 2452.4285   16.1380
    7.5000  -30.0000  -30.0000 2425.2212   16.2353
   -7.5000  -22.5000  -30.0000 2453.3984   15.7983
    0.0000  -22.5000  -30.0000 2473.4214   15.7963
    7.5000  -22.5000  -30.0000 2446.0559   15.8936
   -7.5000  -15.0000  -30.0000 2454.4412   15.8245
    0.0000  -15.0000  -30.0000 2476.5300   15.7792
    7.5000  -15.0000  -30.0000 2450.5298   15.8774
   -7.5000   -7.5000  -30.0000 2447.6584   16.0710
    0.0000   -7.5000  -30.0000 2472.6343   16.0310
    7.5000   -7.5000  -30.0000 2449.4282   16.1109
   -7.5000    0.0000  -30.0000 2426.7361   16.5903
    0.0000    0.0000  -30.0000 2452.0579   16.5464
    7.5000    0.0000  -30.0000 2424.4004   16.6307
   -7.5000    7.5000  -30.0000 2391.6370   17.3779
    0.0000    7.5000  -30.0000 2415.8289   17.2996
    7.5000    7.5000  -30.0000 2387.9568   17.3882
   -7.5000   15.0000  -30.0000 2331.9646   18.3462
    0.0000   15.0000  -30.0000 2353.5498   18.2568
    7.5000   15.0000  -30.0000 2323.0190   18.3730
   -7.5000   22.5000  -30.0000 2251.3374   19.6296
    0.0000   22.5000  -30.0000 2274.6831   19.5152
    7.5000   22.5000  -30.0000 2246.7043   19.6665
   -7.5000   30.0000  -30.0000 2143.0015   21.4615
    0.0000   30.0000  -30.0000 2165.9902   21.2929
    7.5000   30.0000  -30.0000 2136.0793   21.4648
   -7.5000   37.5000  -30.0000 2025.9872   23.9124
    0.0000   37.5000  -30.0000 2047.1334   23.8231
    7.5000   37.5000  -30.0000 2018.5940   23.9320
   -7.5000   45.0000  -30.0000 1902.1823   27.2328
    0.0000   45.0000  -30.0000 1925.2461   27.0734
    7.5000   45.0000  -30.0000 1896.4858   27.2382
   -7.5000  -45.0000  -22.5000 2431.8875   17.1609
    0.0000  -45.0000  -22.5000 2455.6741   17.2263
    7.5000  -45.0000  -22.5000 2431.5400   17.3555
   -7.5000  -37.5000  -22.5000 2509.6235   16.0346
    0.0000  -37.5000  -22.5000 2531.1167   16.0674
    7.5000  -37.5000  -22.5000 2509.9153   16.1848
   -7.5000  -30.0000  -22.5000 2551.2664   15.3246
    0.0000  -30.0000  -22.5000 2570.1377   15.3195
    7.5000  -30.0000  -22.5000 2547.8103   15.4192
   -7.5000  -22.5000  -22.5000 2578.3438   14.9644
    0.0000  -22.5000  -22.5000 2603.6265   14.9407
    7.5000  -22.5000  -22.5000 2574.4241   15.0814
   -7.5000  -15.0000  -22.5000 2585.5234   14.9351
    0.0000  -15.0000  -22.5000 2611.4854   14.9401
    7.5000  -15.0000  -22.5000 2580.1799   15.0516
   -7.5000   -7.5000  -22.5000 2578.7419   15.2144
    0.0000   -7.5000  -22.5000 2610.0884   15.2186
    7.5000   -7.5000  -22.5000 2578.5740   15.3074
   -7.5000    0.0000  -22.5000 2559.3733   15.7006
    0.0000    0.0000  -22.5000 2585.6543   15.6533
    7.5000    0.0000  -22.5000 2556.5205   15.7863
   -7.5000    7.5000  -22.5000 2519.6924   16.4227
    0.0000    7.5000  -22.5000 2547.5344   16.3548
    7.5000    7.5000  -22.5000 2516.1162   16.4607
   -7.5000   15.0000  -22.5000 2456.6912   17.3581
    0.0000   15.0000  -22.5000 2482.1165   17.2921
    7.5000   15.0000  -22.5000 2448.8691   17.3817
   -7.5000   22.5000  -22.5000 2367.0784   18.6189
    0.0000   22.5000  -22.5000 2396.0625   18.5045
    7.5000   22.5000  -22.5000 2366.2036   18.6447
   -7.5000   30.0000  -22.5000 2252.8291   20.3234
    0.0000   30.0000  -22.5000 2281.0356   20.2015
    7.5000   30.0000  -22.5000 2254.4041   20.3641
   -7.5000   37.5000  -22.5000 2129.9932   22.5961
    0.0000   37.5000  -22.5000 2149.4233   22.4776
    7.5000   37.5000  -22.5000 2123.5317   22.6476
   -7.5000   45.0000  -22.5000 1993.3434   25.6268
    0.0000   45.0000  -22.5000 2017.3661   25.4947
    7.5000   45.0000  -22.5000 1993.4266   25.6882
   -7.5000  -45.0000  -15.0000 2487.1582   16.4469
    0.0000  -45.0000  -15.0000 2520.2178   16.5539
    7.5000  -45.0000  -15.0000 2501.1643   16.7289
   -7.5000  -37.5000  -15.0000 2573.1548   15.3145
    0.0000  -37.5000  -15.0000 2601.9153   15.4010
    7.5000  -37.5000  -15.0000 2581.0398   15.5452
   -7.5000  -30.0000  -15.0000 2627.3989   14.5633
    0.0000  -30.0000  -15.0000 2652.2800   14.6251
    7.5000  -30.0000  -15.0000 2633.1157   14.7661
   -7.5000  -22.5000  -15.0000 2660.5452   14.1427
    0.0000  -22.5000  -15.0000 2687.9351   14.1714
    7.5000  -22.5000  -15.0000 2664.8440   14.3181
   -7.5000  -15.0000  -15.0000 2677.0198   14.0226
    0.0000  -15.0000  -15.0000 2709.5378   14.0586
    7.5000  -15.0000  -15.0000 2675.9473   14.1846
   -7.5000   -7.5000  -15.0000 2676.9358   14.3333
    0.0000   -7.5000  -15.0000 2713.0076   14.3406
    7.5000   -7.5000  -15.0000 2682.2534   14.4464
   -7.5000    0.0000  -15.0000 2659.5225   14.8292
    0.0000    0.0000  -15.0000 2696.3591   14.7971
    7.5000    0.0000  -15.0000 2663.9619   14.9242
   -7.5000    7.5000  -15.0000 2621.6453   15.4986
    0.0000    7.5000  -15.0000 2657.9976   15.4551
    7.5000    7.5000  -15.0000 2624.2444   15.6050
   -7.5000   15.0000  -15.0000 2547.7349   16.4038
    0.0000   15.0000  -15.0000 2581.1875   16.3275
    7.5000   15.0000  -15.0000 2554.4646   16.4592
   -7.5000   22.5000  -15.0000 2453.9314   17.6312
    0.0000   22.5000  -15.0000 2486.1277   17.5420
    7.5000   22.5000  -15.0000 2461.6423   17.6938
   -7.5000   30.0000  -15.0000 2336.9333   19.2555
    0.0000   30.0000  -15.0000 2369.9905   19.1663
    7.5000   30.0000  -15.0000 2349.6880   19.2940
   -7.5000   37.5000  -15.0000 2203.9700   21.4142
    0.0000   37.5000  -15.0000 2226.9363   21.3181
    7.5000   37.5000  -15.0000 2207.3857   21.4757
   -7.5000   45.0000  -15.0000 2049.9973   24.2427
    0.0000   45.0000  -15.0000 2075.7761   24.1135
    7.5000   45.0000  -15.0000 2050.4438   24.3471
   -7.5000  -45.0000   -7.5000 2517.9414   15.8310
    0.0000  -45.0000   -7.5000 2557.7983   15.8994
    7.5000  -45.0000   -7.5000 2543.5417   16.1248
   -7.5000  -37.5000   -7.5000 2612.2393   14.6977
    0.0000  -37.5000   -7.5000 2649.5435   14.7715
    7.5000  -37.5000   -7.5000 2629.6172   14.9755
   -7.5000  -30.0000   -7.5000 2687.4326   13.9090
    0.0000  -30.0000   -7.5000 2721.7310   13.9735
    7.5000  -30.0000   -7.5000 2696.5110   14.1784
   -7.5000  -22.5000   -7.5000 2725.8020   13.3986
    0.0000  -22.5000   -7.5000 2765.8525   13.4654
    7.5000  -22.5000   -7.5000 2734.2837   13.6559
   -7.5000  -15.0000   -7.5000 2753.7729   13.1612
    0.0000  -15.0000   -7.5000 2792.1216   13.1838
    7.5000  -15.0000   -7.5000 2758.7346   13.3876
   -7.5000   -7.5000   -7.5000 2767.1423   13.4713
    0.0000   -7.5000   -7.5000 2802.6399   13.4517
    7.5000   -7.5000   -7.5000 2773.9836   13.6414
   -7.5000    0.0000   -7.5000 2742.6677   13.9618
    0.0000    0.0000   -7.5000 2779.2598   13.9385
    7.5000    0.0000   -7.5000 2755.4636   14.0860
   -7.5000    7.5000   -7.5000 2698.7615   14.6055
    0.0000    7.5000   -7.5000 2733.1045   14.5997
    7.5000    7.5000   -7.5000 2709.7832   14.7163
   -7.5000   15.0000   -7.5000 2621.8982   15.4983
    0.0000   15.0000   -7.5000 2654.8389   15.4251
    7.5000   15.0000   -7.5000 2632.7126   15.5700
   -7.5000   22.5000   -7.5000 2524.0449   16.6951
    0.0000   22.5000   -7.5000 2554.7063   16.6072
    7.5000   22.5000   -7.5000 2532.0840   16.7714
   -7.5000   30.0000   -7.5000 2403.3037   18.3231
    0.0000   30.0000   -7.5000 2439.3562   18.1944
    7.5000   30.0000   -7.5000 2417.4717   18.3564
   -7.5000   37.5000   -7.5000 2259.3140   20.4002
    0.0000   37.5000   -7.5000 2290.3083   20.2735
    7.5000   37.5000   -7.5000 2272.0776   20.4687
   -7.5000   45.0000   -7.5000 2103.3762   23.0742
    0.0000   45.0000   -7.5000 2126.5232   22.9394
    7.5000   45.0000   -7.5000 2106.8274   23.1583
   -7.5000  -45.0000    0.0000 2526.6724   15.3847
    0.0000  -45.0000    0.0000 2560.6934   15.4176
    7.5000  -45.0000    0.0000 2545.5151   15.6966
   -7.5000  -37.5000    0.0000 2628.6165   14.2578
    0.0000  -37.5000    0.0000 2663.2268   14.2840
    7.5000  -37.5000    0.0000 2647.0039   14.5454
   -7.5000  -30.0000    0.0000 2719.1389   13.4518
    0.0000  -30.0000    0.0000 2762.8755   13.4978
    7.5000  -30.0000    0.0000 2736.5085   13.7299
   -7.5000  -22.5000    0.0000 2776.6587   12.9005
    0.0000  -22.5000    0.0000 2825.4624   12.9716
    7.5000  -22.5000    0.0000 2796.6255   13.1969
   -7.5000  -15.0000    0.0000 2814.4712   12.5728
    0.0000  -15.0000    0.0000 2859.3721   12.5598
    7.5000  -15.0000    0.0000 2832.6221   12.8460
   -7.5000   -7.5000    0.0000 2827.3403   12.8382
    0.0000   -7.5000    0.0000 2873.1750   12.7883
    7.5000   -7.5000    0.0000 2843.4741   13.0746
   -7.5000    0.0000    0.0000 2795.7651   13.3305
    0.0000    0.0000    0.0000 2838.6746   13.2872
    7.5000    0.0000    0.0000 2817.7166   13.5153
   -7.5000    7.5000    0.0000 2750.1809   13.9534
    0.0000    7.5000    0.0000 2788.1841   13.9074
    7.5000    7.5000    0.0000 2770.6377   14.1236
   -7.5000   15.0000    0.0000 2670.7488   14.8173
    0.0000   15.0000    0.0000 2705.9968   14.7032
    7.5000   15.0000    0.0000 2685.8350   14.9447
   -7.5000   22.5000    0.0000 2571.4924   16.0214
    0.0000   22.5000    0.0000 2602.4807   15.8883
    7.5000   22.5000    0.0000 2584.4849   16.1178
   -7.5000   30.0000    0.0000 2447.4670   17.6314
    0.0000   30.0000    0.0000 2485.1580   17.5112
    7.5000   30.0000    0.0000 2463.0012   17.7621
   -7.5000   37.5000    0.0000 2306.0669   19.6672
    0.0000   37.5000    0.0000 2338.3584   19.5656
    7.5000   37.5000    0.0000 2316.3303   19.8029
   -7.5000   45.0000    0.0000 2140.4426   22.2480
    0.0000   45.0000    0.0000 2164.9712   22.1340
    7.5000   45.0000    0.0000 2141.1436   22.3599
   -7.5000  -45.0000    7.5000 2522.0024   15.2379
    0.0000  -45.0000    7.5000 2547.4697   15.1688
    7.5000  -45.0000    7.5000 2532.5769   15.5161
   -7.5000  -37.5000    7.5000 2631.3481   14.0639
    0.0000  -37.5000    7.5000 2660.2690   14.0013
    7.5000  -37.5000    7.5000 2638.6121   14.3157
   -7.5000  -30.0000    7.5000 2723.7134   13.2174
    0.0000  -30.0000    7.5000 2764.7646   13.1728
    7.5000  -30.0000    7.5000 2737.7224   13.4971
   -7.5000  -22.5000    7.5000 2799.8777   12.7163
    0.0000  -22.5000    7.5000 2852.2773   12.7179
    7.5000  -22.5000    7.5000 2828.5144   13.0045
   -7.5000  -15.0000    7.5000 2855.9717   12.3978
    0.0000  -15.0000    7.5000 2917.6147   12.3233
    7.5000  -15.0000    7.5000 2892.0056   12.7068
   -7.5000   -7.5000    7.5000 2878.0154   12.5625
    0.0000   -7.5000    7.5000 2935.3828   12.4067
    7.5000   -7.5000    7.5000 2909.5374   12.8737
   -7.5000    0.0000    7.5000 2842.5547   13.0018
    0.0000    0.0000    7.5000 2891.4070   12.8618
    7.5000    0.0000    7.5000 2865.9397   13.2717
   -7.5000    7.5000    7.5000 2793.8950   13.6310
    0.0000    7.5000    7.5000 2827.6780   13.4588
    7.5000    7.5000    7.5000 2804.0090   13.7830
   -7.5000   15.0000    7.5000 2717.1184   14.5442
    0.0000   15.0000    7.5000 2741.8240   14.3381
    7.5000   15.0000    7.5000 2719.6726   14.5773
   -7.5000   22.5000    7.5000 2613.3586   15.7759
    0.0000   22.5000    7.5000 2637.1633   15.5871
    7.5000   22.5000    7.5000 2616.5796   15.7992
   -7.5000   30.0000    7.5000 2488.6348   17.3774
    0.0000   30.0000    7.5000 2518.3079   17.2219
    7.5000   30.0000    7.5000 2495.6057   17.4277
   -7.5000   37.5000    7.5000 2342.2532   19.4179
    0.0000   37.5000    7.5000 2369.7878   19.2681
    7.5000   37.5000    7.5000 2345.8159   19.4823
   -7.5000   45.0000    7.5000 2172.6345   21.9327
    0.0000   45.0000    7.5000 2196.2607   21.7640
    7.5000   45.0000    7.5000 2169.8679   22.0184
   -7.5000  -45.0000   15.0000 2494.8867   15.3557
    0.0000  -45.0000   15.0000 2518.3235   15.1965
    7.5000  -45.0000   15.0000 2504.7290   15.6004
   -7.5000  -37.5000   15.0000 2606.7549   14.1273
    0.0000  -37.5000   15.0000 2631.0647   13.9623
    7.5000  -37.5000   15.0000 2618.6445   14.3867
   -7.5000  -30.0000   15.0000 2704.7458   13.3110
    0.0000  -30.0000   15.0000 2735.0435   13.1461
    7.5000  -30.0000   15.0000 2729.6667   13.6069
   -7.5000  -22.5000   15.0000 2800.9377   12.8955
    0.0000  -22.5000   15.0000 2840.0901   12.7538
    7.5000  -22.5000   15.0000 2837.1501   13.1813
   -7.5000  -15.0000   15.0000 2878.3125   12.6703
    0.0000  -15.0000   15.0000 2942.1221   12.5436
    7.5000  -15.0000   15.0000 2918.7659   12.9256
   -7.5000   -7.5000   15.0000 2897.1716   12.6265
    0.0000   -7.5000   15.0000 2965.0330   12.3803
    7.5000   -7.5000   15.0000 2932.2319   12.8418
   -7.5000    0.0000   15.0000 2863.5652   12.8878
    0.0000    0.0000   15.0000 2914.7000   12.6235
    7.5000    0.0000   15.0000 2882.2446   12.9979
   -7.5000    7.5000   15.0000 2802.2795   13.5181
    0.0000    7.5000   15.0000 2842.0051   13.3111
    7.5000    7.5000   15.0000 2819.8147   13.5600
   -7.5000   15.0000   15.0000 2720.2471   14.4474
    0.0000   15.0000   15.0000 2747.5090   14.2751
    7.5000   15.0000   15.0000 2728.6611   14.4459
   -7.5000   22.5000   15.0000 2611.9548   15.6871
    0.0000   22.5000   15.0000 2638.7146   15.5442
    7.5000   22.5000   15.0000 2621.9138   15.6782
   -7.5000   30.0000   15.0000 2486.6245   17.2541
    0.0000   30.0000   15.0000 2520.4917   17.1609
    7.5000   30.0000   15.0000 2496.8503   17.2741
   -7.5000   37.5000   15.0000 2343.8916   19.2405
    0.0000   37.5000   15.0000 2372.5723   19.1597
    7.5000   37.5000   15.0000 2349.2280   19.2599
   -7.5000   45.0000   15.0000 2173.5635   21.6771
    0.0000   45.0000   15.0000 2203.5103   21.6377
    7.5000   45.0000   15.0000 2177.9221   21.6874
   -7.5000  -45.0000   22.5000 2467.5332   15.7603
    0.0000  -45.0000   22.5000 2479.6248   15.5130
    7.5000  -45.0000   22.5000 2483.8369   15.9956
   -7.5000  -37.5000   22.5000 2591.9453   14.6338
    0.0000  -37.5000   22.5000 2608.2942   14.4383
    7.5000  -37.5000   22.5000 2606.9009   14.8674
   -7.5000  -30.0000   22.5000 2696.5408   13.8681
    0.0000  -30.0000   22.5000 2724.2854   13.7262
    7.5000  -30.0000   22.5000 2714.9177   14.1077
   -7.5000  -22.5000   22.5000 2790.7815   13.3715
    0.0000  -22.5000   22.5000 2834.9231   13.3309
    7.5000  -22.5000   22.5000 2824.2129   13.6275
   -7.5000  -15.0000   22.5000 2859.5520   13.0712
    0.0000  -15.0000   22.5000 2925.1482   13.0123
    7.5000  -15.0000   22.5000 2899.7615   13.3308
   -7.5000   -7.5000   22.5000 2881.7781   13.0093
    0.0000   -7.5000   22.5000 2939.2515   12.8170
    7.5000   -7.5000   22.5000 2906.3533   13.0973
   -7.5000    0.0000   22.5000 2853.7671   13.1958
    0.0000    0.0000   22.5000 2913.6104   13.0959
    7.5000    0.0000   22.5000 2870.4956   13.2581
   -7.5000    7.5000   22.5000 2795.9297   13.7741
    0.0000    7.5000   22.5000 2843.9705   13.7381
    7.5000    7.5000   22.5000 2812.5239   13.8338
   -7.5000   15.0000   22.5000 2704.4524   14.6569
    0.0000   15.0000   22.5000 2735.2817   14.6002
    7.5000   15.0000   22.5000 2715.5173   14.6742
   -7.5000   22.5000   22.5000 2597.8496   15.8255
    0.0000   22.5000   22.5000 2622.4517   15.7372
    7.5000   22.5000   22.5000 2609.4558   15.8212
   -7.5000   30.0000   22.5000 2473.1445   17.3242
    0.0000   30.0000   22.5000 2504.9507   17.2454
    7.5000   30.0000   22.5000 2488.0601   17.3199
   -7.5000   37.5000   22.5000 2328.9121   19.2131
    0.0000   37.5000   22.5000 2359.1609   19.1706
    7.5000   37.5000   22.5000 2344.3787   19.2724
   -7.5000   45.0000   22.5000 2161.9868   21.7080
    0.0000   45.0000   22.5000 2191.0776   21.6469
    7.5000   45.0000   22.5000 2170.6753   21.7494
   -7.5000  -45.0000   30.0000 2444.3540   16.5846
    0.0000  -45.0000   30.0000 2467.5334   16.4134
    7.5000  -45.0000   30.0000 2454.9077   16.7878
   -7.5000  -37.5000   30.0000 2562.9866   15.4108
    0.0000  -37.5000   30.0000 2590.4167   15.2680
    7.5000  -37.5000   30.0000 2572.8667   15.6271
   -7.5000  -30.0000   30.0000 2660.7910   14.5265
    0.0000  -30.0000   30.0000 2694.9409   14.3990
    7.5000  -30.0000   30.0000 2677.3860   14.7203
   -7.5000  -22.5000   30.0000 2746.3635   13.9048
    0.0000  -22.5000   30.0000 2795.6895   13.8551
    7.5000  -22.5000   30.0000 2777.3308   14.1601
   -7.5000  -15.0000   30.0000 2807.4839   13.5296
    0.0000  -15.0000   30.0000 2857.3342   13.3581
    7.5000  -15.0000   30.0000 2831.0161   13.6803
   -7.5000   -7.5000   30.0000 2832.2288   13.4057
    0.0000   -7.5000   30.0000 2876.5542   13.2127
    7.5000   -7.5000   30.0000 2852.0911   13.5049
   -7.5000    0.0000   30.0000 2806.5964   13.6934
    0.0000    0.0000   30.0000 2856.4717   13.5932
    7.5000    0.0000   30.0000 2828.5530   13.8378
   -7.5000    7.5000   30.0000 2758.4421   14.3594
    0.0000    7.5000   30.0000 2803.5635   14.2838
    7.5000    7.5000   30.0000 2772.3413   14.4573
   -7.5000   15.0000   30.0000 2668.7637   15.2774
    0.0000   15.0000   30.0000 2699.2478   15.2196
    7.5000   15.0000   30.0000 2678.1714   15.3079
   -7.5000   22.5000   30.0000 2563.7832   16.3818
    0.0000   22.5000   30.0000 2592.4910   16.3032
    7.5000   22.5000   30.0000 2571.2158   16.3749
   -7.5000   30.0000   30.0000 2436.4504   17.8089
    0.0000   30.0000   30.0000 2467.5508   17.7010
    7.5000   30.0000   30.0000 2451.0393   17.7480
   -7.5000   37.5000   30.0000 2298.9270   19.6049
    0.0000   37.5000   30.0000 2321.0586   19.5012
    7.5000   37.5000   30.0000 2305.1443   19.5985
   -7.5000   45.0000   30.0000 2133.0813   22.0210
    0.0000   45.0000   30.0000 2156.8818   21.8718
    7.5000   45.0000   30.0000 2137.1719   21.9909
   -7.5000  -45.0000   37.5000 2408.8921   17.5548
    0.0000  -45.0000   37.5000 2434.2405   17.3665
    7.5000  -45.0000   37.5000 2411.7754   17.6708
   -7.5000  -37.5000   37.5000 2519.9448   16.2596
    0.0000  -37.5000   37.5000 2553.7209   16.0823
    7.5000  -37.5000   37.5000 2526.0491   16.3946
   -7.5000  -30.0000   37.5000 2616.8821   15.2365
    0.0000  -30.0000   37.5000 2652.6838   15.0711
    7.5000  -30.0000   37.5000 2628.7305   15.4010
   -7.5000  -22.5000   37.5000 2690.8394   14.5419
    0.0000  -22.5000   37.5000 2730.3250   14.3639
    7.5000  -22.5000   37.5000 2708.0852   14.7000
   -7.5000  -15.0000   37.5000 2740.2747   14.0808
    0.0000  -15.0000   37.5000 2779.4717   13.8389
    7.5000  -15.0000   37.5000 2753.8708   14.1567
   -7.5000   -7.5000   37.5000 2761.7097   13.9730
    0.0000   -7.5000   37.5000 2804.1155   13.7943
    7.5000   -7.5000   37.5000 2780.7319   14.0653
   -7.5000    0.0000   37.5000 2737.7234   14.3346
    0.0000    0.0000   37.5000 2785.0142   14.1847
    7.5000    0.0000   37.5000 2760.6226   14.4601
   -7.5000    7.5000   37.5000 2689.7515   14.9833
    0.0000    7.5000   37.5000 2728.8582   14.8553
    7.5000    7.5000   37.5000 2703.7312   15.1010
   -7.5000   15.0000   37.5000 2611.2454   15.8849
    0.0000   15.0000   37.5000 2641.0237   15.7495
    7.5000   15.0000   37.5000 2624.9380   15.9344
   -7.5000   22.5000   37.5000 2512.2532   17.0273
    0.0000   22.5000   37.5000 2543.4697   16.8956
    7.5000   22.5000   37.5000 2526.3040   17.0265
   -7.5000   30.0000   37.5000 2390.8042   18.4712
    0.0000   30.0000   37.5000 2423.7200   18.3289
    7.5000   30.0000   37.5000 2411.5298   18.3903
   -7.5000   37.5000   37.5000 2248.2305   20.2411
    0.0000   37.5000   37.5000 2266.1340   20.1158
    7.5000   37.5000   37.5000 2254.3555   20.1942
   -7.5000   45.0000   37.5000 2088.6521   22.6034
    0.0000   45.0000   37.5000 2106.4390   22.4485
    7.5000   45.0000   37.5000 2088.5808   22.5699
   -7.5000  -45.0000   45.0000 2353.2375   18.5826
    0.0000  -45.0000   45.0000 2379.8420   18.3408
    7.5000  -45.0000   45.0000 2352.9404   18.5821
   -7.5000  -37.5000   45.0000 2461.3755   17.1577
    0.0000  -37.5000   45.0000 2491.5803   16.9610
    7.5000  -37.5000   45.0000 2461.4922   17.2390
   -7.5000  -30.0000   45.0000 2545.1746   16.0770
    0.0000  -30.0000   45.0000 2584.4333   15.8719
    7.5000  -30.0000   45.0000 2556.9880   16.1786
   -7.5000  -22.5000   45.0000 2614.8157   15.3484
    0.0000  -22.5000   45.0000 2657.4573   15.1029
    7.5000  -22.5000   45.0000 2631.4019   15.4053
   -7.5000  -15.0000   45.0000 2660.4612   14.8353
    0.0000  -15.0000   45.0000 2701.8098   14.6108
    7.5000  -15.0000   45.0000 2671.9060   14.8834
   -7.5000   -7.5000   45.0000 2677.8633   14.7680
    0.0000   -7.5000   45.0000 2716.4338   14.5893
    7.5000   -7.5000   45.0000 2693.9255   14.8047
   -7.5000    0.0000   45.0000 2652.8120   15.1646
    0.0000    0.0000   45.0000 2691.4128   14.9945
    7.5000    0.0000   45.0000 2671.9734   15.2285
   -7.5000    7.5000   45.0000 2607.0986   15.7647
    0.0000    7.5000   45.0000 2645.6277   15.6124
    7.5000    7.5000   45.0000 2622.4155   15.8327
   -7.5000   15.0000   45.0000 2534.9570   16.6086
    0.0000   15.0000   45.0000 2566.1775   16.4030
    7.5000   15.0000   45.0000 2545.8713   16.6065
   -7.5000   22.5000   45.0000 2446.8462   17.6896
    0.0000   22.5000   45.0000 2477.2966   17.5443
    7.5000   22.5000   45.0000 2461.0522   17.6931
   -7.5000   30.0000   45.0000 2328.2534   19.1699
    0.0000   30.0000   45.0000 2358.3313   19.0268
    7.5000   30.0000   45.0000 2343.3569   19.1079
   -7.5000   37.5000   45.0000 2183.0249   21.0601
    0.0000   37.5000   45.0000 2206.7896   20.8965
    7.5000   37.5000   45.0000 2191.3860   21.0106
   -7.5000   45.0000   45.0000 2033.2074   23.4115
    0.0000   45.0000   45.0000 2053.5535   23.2067
    7.5000   45.0000   45.0000 2033.2356   23.3613

---------------------------------------------------------------------
imgreg_4dfp /opt/freesurfer/average/711-2C_as_mni_average_305 /opt/freesurfer/average/711-2B_as_mni_average_305_mask talsrcimg_g11 none talsrcimg_to_711-2C_as_mni_average_305_t4 1283
---------------------------------------------------------------------

freesurfer imgreg_4dfp.c
/opt/freesurfer/average/711-2C_as_mni_average_305.4dfp.img
       256       256       256         1
  1.000000  1.000000  1.000000
orientation T byte_order littleendian
Reading image: /opt/freesurfer/average/711-2C_as_mni_average_305.4dfp.img
dimensions:      256       256       256
mmppix:       1.0000   -1.0000   -1.0000
center:     128.0000 -129.0000 -129.0000
/opt/freesurfer/average/711-2B_as_mni_average_305_mask.4dfp.img
       256       256       256         1
  1.000000  1.000000  1.000000
orientation T byte_order littleendian
Reading mask: /opt/freesurfer/average/711-2B_as_mni_average_305_mask.4dfp.img (2306576 pixels)
talsrcimg_g11.4dfp.img
       256       256       256         1
  1.000000  1.000000  1.000000
orientation T byte_order littleendian
Reading image: talsrcimg_g11.4dfp.img
dimensions:      256       256       256
mmppix:       1.0000   -1.0000   -1.0000
center:     128.0000 -129.0000 -129.0000
rotation matrix determinant  1.000000
fimgreg.f
image alignment mode   1283 decimal      503 hex
parameters
    0.0000   -7.5000   15.0000    0.0000    0.0000    0.0000
eta,q 0.93030 12.43824
niter,ni,del,rscale     5    3   12.0000    1.2000
parameter  2  1.080827 ->  0.500000 qaram    1.1500
parameter  4  6.371064 ->  0.500000 qaram    1.1500
parameters
    1.5839  -10.9500   15.3915   -3.4500   -0.5153    1.3573
eta,q 0.93483 12.54236
  0.0846  0.0714  0.0784  0.0641  0.0691  0.0736
  0.0797  0.0704  0.0718  0.0651  0.0664  0.0706
  0.0775  0.0715  0.0690  0.0680  0.0656  0.0678
  0.0762  0.0748  0.0708  0.0707  0.0658  0.0658
  0.0752  0.0776  0.0721  0.0735  0.0669  0.0652
  0.0756  0.0802  0.0712  0.0762  0.0676  0.0666
  0.0787  0.0838  0.0751  0.0784  0.0697  0.0693
niter,ni,del,rscale     6    3   12.0000    1.2000
parameters
    2.0647   -9.9900   14.5549   -6.7284    0.3799    1.7561
eta,q 0.93738 12.63636
  0.0791  0.0854  0.0722  0.0652  0.0704  0.0690
  0.0730  0.0737  0.0658  0.0622  0.0666  0.0655
  0.0684  0.0665  0.0642  0.0633  0.0641  0.0633
  0.0652  0.0649  0.0652  0.0647  0.0628  0.0626
  0.0658  0.0663  0.0671  0.0669  0.0628  0.0630
  0.0700  0.0704  0.0706  0.0706  0.0637  0.0644
  0.0760  0.0745  0.0761  0.0751  0.0672  0.0675
niter,ni,del,rscale     5    3   12.0000    1.2000
parameters
    1.4708   -8.4276   13.7543   -8.4153    0.8468    1.3846
eta,q 0.93987 12.60794
  0.0750  0.0857  0.0696  0.0656  0.0668  0.0654
  0.0680  0.0759  0.0627  0.0602  0.0628  0.0617
  0.0641  0.0663  0.0605  0.0597  0.0610  0.0603
  0.0626  0.0627  0.0626  0.0618  0.0603  0.0602
  0.0654  0.0627  0.0643  0.0635  0.0602  0.0610
  0.0723  0.0659  0.0679  0.0663  0.0613  0.0630
  0.0810  0.0713  0.0725  0.0713  0.0652  0.0665
niter,ni,del,rscale     4    3   12.0000    1.2000
parameters
    1.3083   -7.5545   13.4902   -9.0848    0.7474    1.2288
eta,q 0.94061 12.56800
  0.0740  0.0817  0.0699  0.0672  0.0645  0.0650
  0.0662  0.0737  0.0622  0.0616  0.0609  0.0613
  0.0617  0.0635  0.0579  0.0582  0.0598  0.0596
  0.0601  0.0602  0.0603  0.0599  0.0594  0.0594
  0.0613  0.0617  0.0624  0.0618  0.0594  0.0601
  0.0666  0.0674  0.0653  0.0647  0.0611  0.0621
  0.0763  0.0732  0.0690  0.0693  0.0651  0.0653
niter,ni,del,rscale     3    3   12.0000    1.2000
parameters
    1.3295   -7.1980   13.4733   -9.3872    0.5736    1.2103
eta,q 0.94066 12.55260
  0.0736  0.0800  0.0704  0.0683  0.0643  0.0652
  0.0659  0.0715  0.0626  0.0625  0.0607  0.0615
  0.0612  0.0612  0.0576  0.0582  0.0595  0.0597
  0.0594  0.0594  0.0596  0.0596  0.0593  0.0593
  0.0602  0.0628  0.0616  0.0614  0.0595  0.0600
  0.0649  0.0692  0.0644  0.0643  0.0611  0.0618
  0.0742  0.0753  0.0680  0.0687  0.0650  0.0650
niter,ni,del,rscale     2    3   12.0000    1.2000
parameters
    1.3553   -7.0235   13.4953   -9.5477    0.4590    1.1852
eta,q 0.94068 12.54460
  0.0732  0.0796  0.0704  0.0689  0.0644  0.0652
  0.0657  0.0707  0.0625  0.0631  0.0606  0.0616
  0.0612  0.0605  0.0576  0.0583  0.0595  0.0597
  0.0593  0.0593  0.0594  0.0595  0.0593  0.0593
  0.0601  0.0634  0.0612  0.0613  0.0596  0.0600
  0.0647  0.0700  0.0642  0.0642  0.0610  0.0619
  0.0738  0.0762  0.0679  0.0685  0.0648  0.0651
niter,ni,del,rscale     1    3   12.0000    1.2000
parameters
    1.3695   -6.9251   13.5101   -9.6479    0.3996    1.1842
eta,q 0.94069 12.53996
  0.0729  0.0794  0.0703  0.0691  0.0645  0.0653
  0.0657  0.0704  0.0623  0.0633  0.0607  0.0617
  0.0612  0.0602  0.0577  0.0583  0.0594  0.0597
  0.0593  0.0593  0.0594  0.0594  0.0593  0.0593
  0.0602  0.0637  0.0610  0.0613  0.0596  0.0600
  0.0647  0.0704  0.0641  0.0642  0.0610  0.0619
  0.0737  0.0766  0.0679  0.0684  0.0646  0.0651
registration optimization eta report
parameter search radius
    6.0000    6.9000    6.0000    6.9000    6.0000    6.0000
100000*second partial in parameter space
       39.       39.       29.       21.       15.       17.
  0.0729  0.0794  0.0703  0.0691  0.0645  0.0653
  0.0657  0.0704  0.0623  0.0633  0.0607  0.0617
  0.0612  0.0602  0.0577  0.0583  0.0594  0.0597
  0.0593  0.0593  0.0594  0.0594  0.0593  0.0593
  0.0602  0.0637  0.0610  0.0613  0.0596  0.0600
  0.0647  0.0704  0.0641  0.0642  0.0610  0.0619
  0.0737  0.0766  0.0679  0.0684  0.0646  0.0651
    1.3695   -6.9251   13.5101   -9.6479    0.3996    1.1842
eta,q 0.94069 12.53996

---------------------------------------------------------------------
imgreg_4dfp /opt/freesurfer/average/711-2C_as_mni_average_305 /opt/freesurfer/average/711-2B_as_mni_average_305_mask talsrcimg_g11 none talsrcimg_to_711-2C_as_mni_average_305_t4 3335
---------------------------------------------------------------------

freesurfer imgreg_4dfp.c
/opt/freesurfer/average/711-2C_as_mni_average_305.4dfp.img
       256       256       256         1
  1.000000  1.000000  1.000000
orientation T byte_order littleendian
Reading image: /opt/freesurfer/average/711-2C_as_mni_average_305.4dfp.img
dimensions:      256       256       256
mmppix:       1.0000   -1.0000   -1.0000
center:     128.0000 -129.0000 -129.0000
/opt/freesurfer/average/711-2B_as_mni_average_305_mask.4dfp.img
       256       256       256         1
  1.000000  1.000000  1.000000
orientation T byte_order littleendian
Reading mask: /opt/freesurfer/average/711-2B_as_mni_average_305_mask.4dfp.img (2306576 pixels)
talsrcimg_g11.4dfp.img
       256       256       256         1
  1.000000  1.000000  1.000000
orientation T byte_order littleendian
Reading image: talsrcimg_g11.4dfp.img
dimensions:      256       256       256
mmppix:       1.0000   -1.0000   -1.0000
center:     128.0000 -129.0000 -129.0000
fimgreg.f
image alignment mode   3335 decimal      D07 hex
parameters
    1.3695   -6.9251   13.5101   -0.0238   -1.4330   -1.4168
   -1.9205   -1.0337    2.0666   16.7415    0.6974  -16.7589
eta,q 0.94133 12.49945
niter,ni,del,rscale     5    3    5.0000    1.2000
parameter  4  3.702870 ->  0.500000 qaram    1.1500
parameter  5 18.909533 ->  0.500000 qaram    1.1500
parameter  6  1.001759 ->  0.500000 qaram    1.1500
parameter 12 -0.606531 -> -0.500000 qaram    1.1500
parameters
    1.5279   -6.9100   13.2322   -4.1638   -5.5730   -5.5568
   -1.0751    1.0498    2.6835   14.3100    2.6589  -12.6189
eta,q 0.96579 12.57299
  0.0620  0.0601  0.0607  0.0461  0.0376  0.0366  0.0407  0.0450  0.0387  0.0375  0.0388  0.0399
  0.0603  0.0592  0.0595  0.0495  0.0406  0.0365  0.0388  0.0417  0.0372  0.0359  0.0372  0.0377
  0.0592  0.0588  0.0587  0.0536  0.0454  0.0382  0.0374  0.0389  0.0362  0.0352  0.0360  0.0360
  0.0587  0.0587  0.0587  0.0586  0.0505  0.0418  0.0367  0.0367  0.0357  0.0356  0.0352  0.0350
  0.0588  0.0587  0.0592  0.0641  0.0546  0.0475  0.0369  0.0356  0.0358  0.0376  0.0350  0.0344
  0.0597  0.0591  0.0603  0.0698  0.0588  0.0531  0.0377  0.0366  0.0366  0.0406  0.0354  0.0342
  0.0613  0.0601  0.0618  0.0752  0.0635  0.0593  0.0392  0.0395  0.0379  0.0444  0.0363  0.0345
niter,ni,del,rscale     7    3    5.0000    1.2000
parameter  4  1.364106 ->  0.500000 qaram    1.3225
parameter  5  0.716529 ->  0.500000 qaram    1.3225
parameters
    1.0546   -7.1994   12.8821   -8.9248  -10.3340   -7.1251
   -0.5196    0.4002    2.7033   13.3976    2.0604  -12.7565
eta,q 0.97395 12.26239
  0.0370  0.0369  0.0362  0.0260  0.0267  0.0304  0.0302  0.0314  0.0287  0.0289  0.0273  0.0281
  0.0350  0.0350  0.0347  0.0276  0.0255  0.0285  0.0282  0.0283  0.0273  0.0272  0.0265  0.0270
  0.0341  0.0340  0.0339  0.0301  0.0257  0.0270  0.0268  0.0265  0.0264  0.0262  0.0261  0.0263
  0.0342  0.0340  0.0339  0.0338  0.0281  0.0254  0.0262  0.0262  0.0261  0.0261  0.0261  0.0260
  0.0354  0.0348  0.0346  0.0389  0.0324  0.0265  0.0264  0.0273  0.0264  0.0269  0.0263  0.0263
  0.0374  0.0364  0.0360  0.0448  0.0370  0.0321  0.0274  0.0298  0.0273  0.0284  0.0269  0.0271
  0.0402  0.0385  0.0379  0.0511  0.0407  0.0385  0.0292  0.0337  0.0287  0.0308  0.0277  0.0283
niter,ni,del,rscale     7    3    5.0000    1.2000
parameter  4  0.671178 ->  0.500000 qaram    1.5209
parameters
    1.0079   -6.9266   12.1400  -14.4000  -10.8487   -7.6343
   -1.2053    0.3193    2.0381   13.5120    0.7983  -14.2232
eta,q 0.97617 11.86376
  0.0301  0.0304  0.0268  0.0238  0.0295  0.0281  0.0268  0.0292  0.0260  0.0273  0.0246  0.0252
  0.0278  0.0282  0.0260  0.0235  0.0271  0.0262  0.0251  0.0262  0.0248  0.0255  0.0241  0.0243
  0.0265  0.0267  0.0258  0.0242  0.0250  0.0250  0.0242  0.0244  0.0241  0.0244  0.0239  0.0239
  0.0260  0.0261  0.0260  0.0258  0.0236  0.0238  0.0240  0.0240  0.0240  0.0240  0.0240  0.0239
  0.0266  0.0262  0.0266  0.0283  0.0243  0.0234  0.0247  0.0248  0.0245  0.0243  0.0242  0.0244
  0.0281  0.0271  0.0276  0.0322  0.0275  0.0256  0.0261  0.0266  0.0254  0.0253  0.0246  0.0253
  0.0304  0.0288  0.0290  0.0378  0.0318  0.0313  0.0279  0.0292  0.0268  0.0271  0.0253  0.0264
niter,ni,del,rscale     7    3    5.0000    1.2000
parameters
    1.0805   -6.8586   11.8063  -16.0706  -11.0198   -8.0160
   -1.2722    0.2896    1.9360   13.6514    0.2767  -14.6240
eta,q 0.97628 11.71910
  0.0283  0.0273  0.0251  0.0278  0.0294  0.0278  0.0270  0.0291  0.0261  0.0270  0.0247  0.0255
  0.0259  0.0254  0.0242  0.0251  0.0270  0.0258  0.0252  0.0260  0.0248  0.0252  0.0241  0.0245
  0.0244  0.0242  0.0238  0.0237  0.0250  0.0246  0.0241  0.0242  0.0240  0.0241  0.0238  0.0239
  0.0238  0.0238  0.0238  0.0237  0.0236  0.0236  0.0238  0.0238  0.0238  0.0238  0.0238  0.0237
  0.0242  0.0241  0.0243  0.0250  0.0238  0.0233  0.0242  0.0246  0.0241  0.0241  0.0240  0.0241
  0.0256  0.0252  0.0249  0.0274  0.0266  0.0252  0.0254  0.0263  0.0249  0.0250  0.0244  0.0248
  0.0278  0.0269  0.0259  0.0312  0.0307  0.0303  0.0270  0.0289  0.0262  0.0267  0.0250  0.0258
niter,ni,del,rscale     6    3    5.0000    1.2000
parameters
    1.0927   -6.7716   11.6241  -16.1726  -11.0966   -8.2743
   -1.2811    0.3149    1.9939   13.8103    0.0869  -14.8635
eta,q 0.97620 11.69804
  0.0279  0.0270  0.0252  0.0293  0.0295  0.0280  0.0270  0.0292  0.0262  0.0269  0.0249  0.0256
  0.0256  0.0252  0.0242  0.0263  0.0271  0.0260  0.0253  0.0261  0.0249  0.0252  0.0243  0.0246
  0.0242  0.0241  0.0237  0.0243  0.0251  0.0247  0.0242  0.0243  0.0241  0.0241  0.0239  0.0240
  0.0237  0.0237  0.0237  0.0237  0.0237  0.0237  0.0238  0.0238  0.0238  0.0238  0.0238  0.0238
  0.0242  0.0240  0.0241  0.0245  0.0238  0.0233  0.0242  0.0246  0.0241  0.0241  0.0240  0.0241
  0.0256  0.0250  0.0247  0.0264  0.0266  0.0251  0.0253  0.0263  0.0249  0.0250  0.0244  0.0248
  0.0278  0.0266  0.0256  0.0295  0.0306  0.0300  0.0270  0.0288  0.0261  0.0266  0.0250  0.0258
niter,ni,del,rscale     5    3    5.0000    1.2000
parameters
    1.1013   -6.7198   11.5223  -16.1996  -11.1445   -8.3920
   -1.3037    0.3371    2.0286   13.9269   -0.0173  -14.9987
eta,q 0.97617 11.69014
  0.0279  0.0269  0.0254  0.0295  0.0295  0.0282  0.0270  0.0292  0.0262  0.0269  0.0250  0.0257
  0.0257  0.0252  0.0244  0.0264  0.0272  0.0261  0.0253  0.0261  0.0249  0.0251  0.0243  0.0247
  0.0243  0.0242  0.0238  0.0244  0.0252  0.0247  0.0242  0.0243  0.0241  0.0242  0.0239  0.0240
  0.0238  0.0238  0.0238  0.0238  0.0238  0.0238  0.0238  0.0238  0.0238  0.0238  0.0238  0.0238
  0.0243  0.0241  0.0241  0.0245  0.0239  0.0234  0.0243  0.0246  0.0241  0.0241  0.0241  0.0242
  0.0257  0.0251  0.0247  0.0264  0.0266  0.0250  0.0254  0.0264  0.0249  0.0250  0.0245  0.0248
  0.0279  0.0267  0.0255  0.0295  0.0306  0.0298  0.0270  0.0288  0.0262  0.0266  0.0250  0.0258
niter,ni,del,rscale     4    3    5.0000    1.2000
parameters
    1.1076   -6.6872   11.4721  -16.2163  -11.1791   -8.4439
   -1.3158    0.3556    2.0453   13.9990   -0.0646  -15.0672
eta,q 0.97615 11.68618
  0.0280  0.0269  0.0256  0.0295  0.0296  0.0282  0.0271  0.0292  0.0262  0.0268  0.0251  0.0258
  0.0257  0.0252  0.0245  0.0264  0.0272  0.0261  0.0253  0.0261  0.0249  0.0251  0.0244  0.0247
  0.0243  0.0242  0.0239  0.0244  0.0253  0.0248  0.0242  0.0243  0.0241  0.0242  0.0240  0.0241
  0.0238  0.0238  0.0238  0.0238  0.0238  0.0238  0.0239  0.0239  0.0239  0.0239  0.0239  0.0239
  0.0243  0.0241  0.0241  0.0246  0.0239  0.0234  0.0243  0.0246  0.0241  0.0242  0.0241  0.0242
  0.0257  0.0251  0.0247  0.0265  0.0266  0.0250  0.0254  0.0264  0.0249  0.0251  0.0245  0.0248
  0.0279  0.0267  0.0255  0.0295  0.0306  0.0297  0.0270  0.0289  0.0262  0.0267  0.0250  0.0257
niter,ni,del,rscale     3    3    5.0000    1.2000
parameters
    1.1118   -6.6665   11.4439  -16.2184  -11.1996   -8.4762
   -1.3234    0.3642    2.0559   14.0437   -0.0934  -15.1049
eta,q 0.97613 11.68430
  0.0280  0.0269  0.0256  0.0296  0.0296  0.0283  0.0271  0.0292  0.0262  0.0268  0.0251  0.0258
  0.0257  0.0252  0.0245  0.0265  0.0272  0.0262  0.0253  0.0261  0.0249  0.0251  0.0244  0.0247
  0.0243  0.0242  0.0239  0.0245  0.0253  0.0248  0.0242  0.0243  0.0241  0.0242  0.0240  0.0241
  0.0238  0.0238  0.0239  0.0239  0.0238  0.0239  0.0239  0.0239  0.0239  0.0239  0.0239  0.0239
  0.0243  0.0242  0.0242  0.0246  0.0239  0.0234  0.0243  0.0246  0.0241  0.0242  0.0241  0.0242
  0.0257  0.0251  0.0247  0.0265  0.0266  0.0250  0.0254  0.0264  0.0249  0.0251  0.0245  0.0248
  0.0279  0.0267  0.0255  0.0295  0.0305  0.0297  0.0270  0.0289  0.0262  0.0267  0.0250  0.0257
niter,ni,del,rscale     2    3    5.0000    1.2000
parameters
    1.1134   -6.6551   11.4296  -16.2221  -11.2150   -8.4912
   -1.3259    0.3706    2.0630   14.0680   -0.1048  -15.1301
eta,q 0.97613 11.68309
  0.0280  0.0268  0.0257  0.0296  0.0296  0.0283  0.0271  0.0292  0.0262  0.0268  0.0251  0.0258
  0.0257  0.0252  0.0246  0.0265  0.0273  0.0262  0.0253  0.0261  0.0249  0.0251  0.0244  0.0247
  0.0243  0.0242  0.0240  0.0245  0.0253  0.0248  0.0242  0.0243  0.0241  0.0242  0.0240  0.0241
  0.0239  0.0239  0.0239  0.0239  0.0239  0.0239  0.0239  0.0239  0.0239  0.0239  0.0239  0.0239
  0.0244  0.0242  0.0242  0.0246  0.0240  0.0234  0.0243  0.0247  0.0242  0.0242  0.0241  0.0242
  0.0257  0.0252  0.0247  0.0265  0.0266  0.0250  0.0254  0.0264  0.0249  0.0251  0.0245  0.0248
  0.0279  0.0268  0.0255  0.0295  0.0305  0.0296  0.0270  0.0289  0.0262  0.0267  0.0250  0.0257
registration optimization eta report
parameter search radius
    2.4000    2.4000    2.4000   10.9503    9.5220    8.2800
    7.2000    7.2000    7.2000    7.2000    7.2000    8.2800
100000*second partial in parameter space
       71.       51.       30.        5.        7.        8.
        6.       10.        4.        6.        2.        3.
  0.0280  0.0268  0.0257  0.0296  0.0296  0.0283  0.0271  0.0292  0.0262  0.0268  0.0251  0.0258
  0.0257  0.0252  0.0246  0.0265  0.0273  0.0262  0.0253  0.0261  0.0249  0.0251  0.0244  0.0247
  0.0243  0.0242  0.0240  0.0245  0.0253  0.0248  0.0242  0.0243  0.0241  0.0242  0.0240  0.0241
  0.0239  0.0239  0.0239  0.0239  0.0239  0.0239  0.0239  0.0239  0.0239  0.0239  0.0239  0.0239
  0.0244  0.0242  0.0242  0.0246  0.0240  0.0234  0.0243  0.0247  0.0242  0.0242  0.0241  0.0242
  0.0257  0.0252  0.0247  0.0265  0.0266  0.0250  0.0254  0.0264  0.0249  0.0251  0.0245  0.0248
  0.0279  0.0268  0.0255  0.0295  0.0305  0.0296  0.0270  0.0289  0.0262  0.0267  0.0250  0.0257
    1.1134   -6.6551   11.4296  -16.2221  -11.2150   -8.4912
   -1.3259    0.3706    2.0630   14.0680   -0.1048  -15.1301
eta,q 0.97613 11.68309

---------------------------------------------------------------------
imgreg_4dfp /opt/freesurfer/average/711-2C_as_mni_average_305 /opt/freesurfer/average/711-2B_as_mni_average_305_mask talsrcimg_g11 none talsrcimg_to_711-2C_as_mni_average_305_t4 2311
---------------------------------------------------------------------

freesurfer imgreg_4dfp.c
/opt/freesurfer/average/711-2C_as_mni_average_305.4dfp.img
       256       256       256         1
  1.000000  1.000000  1.000000
orientation T byte_order littleendian
Reading image: /opt/freesurfer/average/711-2C_as_mni_average_305.4dfp.img
dimensions:      256       256       256
mmppix:       1.0000   -1.0000   -1.0000
center:     128.0000 -129.0000 -129.0000
/opt/freesurfer/average/711-2B_as_mni_average_305_mask.4dfp.img
       256       256       256         1
  1.000000  1.000000  1.000000
orientation T byte_order littleendian
Reading mask: /opt/freesurfer/average/711-2B_as_mni_average_305_mask.4dfp.img (2306576 pixels)
talsrcimg_g11.4dfp.img
       256       256       256         1
  1.000000  1.000000  1.000000
orientation T byte_order littleendian
Reading image: talsrcimg_g11.4dfp.img
dimensions:      256       256       256
mmppix:       1.0000   -1.0000   -1.0000
center:     128.0000 -129.0000 -129.0000
fimgreg.f
image alignment mode   2311 decimal      907 hex
parameters
    1.1134   -6.6551   11.4296  -16.2221  -11.2150   -8.4912
   -1.3259    0.3706    2.0630   14.0680   -0.1048  -15.1301
eta,q 0.97613 11.68308
niter,ni,del,rscale     5    3    5.0000    0.8000
parameters
    1.1077   -6.6546   11.3172  -16.3920  -10.1350   -7.0533
   -1.2702    0.5635    2.1746   14.2228    0.4378  -15.2266
eta,q 0.97681 11.79790
  0.0257  0.0252  0.0246  0.0250  0.0262  0.0255  0.0248  0.0262  0.0244  0.0249  0.0240  0.0240
  0.0247  0.0244  0.0241  0.0243  0.0253  0.0247  0.0239  0.0245  0.0238  0.0240  0.0236  0.0235
  0.0241  0.0240  0.0239  0.0239  0.0245  0.0242  0.0234  0.0235  0.0233  0.0234  0.0233  0.0233
  0.0239  0.0239  0.0239  0.0239  0.0239  0.0236  0.0232  0.0232  0.0232  0.0232  0.0232  0.0232
  0.0241  0.0240  0.0240  0.0240  0.0236  0.0232  0.0234  0.0235  0.0233  0.0233  0.0232  0.0233
  0.0247  0.0244  0.0243  0.0245  0.0239  0.0234  0.0239  0.0244  0.0237  0.0238  0.0234  0.0236
  0.0258  0.0252  0.0247  0.0251  0.0250  0.0243  0.0247  0.0256  0.0243  0.0247  0.0237  0.0240
niter,ni,del,rscale     4    3    5.0000    0.7000
parameters
    1.0716   -6.7936   11.6321  -16.2926  -10.0503   -6.4425
   -1.2293    0.5522    2.1224   14.0361    0.6515  -15.0146
eta,q 0.97701 11.83339
  0.0246  0.0241  0.0244  0.0241  0.0249  0.0248  0.0243  0.0251  0.0239  0.0242  0.0236  0.0237
  0.0238  0.0236  0.0238  0.0236  0.0242  0.0242  0.0236  0.0239  0.0234  0.0235  0.0232  0.0233
  0.0233  0.0232  0.0234  0.0233  0.0235  0.0237  0.0231  0.0232  0.0231  0.0231  0.0230  0.0231
  0.0232  0.0232  0.0232  0.0231  0.0231  0.0231  0.0230  0.0230  0.0230  0.0230  0.0230  0.0230
  0.0234  0.0234  0.0232  0.0232  0.0232  0.0230  0.0231  0.0233  0.0231  0.0232  0.0231  0.0231
  0.0239  0.0239  0.0233  0.0235  0.0238  0.0233  0.0236  0.0240  0.0234  0.0237  0.0232  0.0233
  0.0248  0.0246  0.0236  0.0240  0.0250  0.0244  0.0242  0.0251  0.0240  0.0244  0.0234  0.0236
niter,ni,del,rscale     3    3    5.0000    0.6000
parameters
    1.0488   -6.8477   11.8982  -16.2356   -9.9451   -5.8606
   -1.1908    0.5540    2.1157   13.9563    0.8536  -14.7826
eta,q 0.97714 11.86601
  0.0241  0.0238  0.0239  0.0237  0.0244  0.0244  0.0238  0.0245  0.0236  0.0238  0.0233  0.0234
  0.0235  0.0233  0.0234  0.0233  0.0238  0.0240  0.0233  0.0235  0.0232  0.0233  0.0230  0.0231
  0.0231  0.0231  0.0231  0.0230  0.0233  0.0234  0.0230  0.0230  0.0229  0.0230  0.0229  0.0229
  0.0230  0.0230  0.0230  0.0230  0.0230  0.0229  0.0229  0.0229  0.0229  0.0229  0.0229  0.0229
  0.0231  0.0231  0.0230  0.0230  0.0230  0.0228  0.0230  0.0231  0.0229  0.0230  0.0229  0.0229
  0.0235  0.0235  0.0231  0.0233  0.0235  0.0231  0.0233  0.0236  0.0232  0.0234  0.0230  0.0230
  0.0242  0.0240  0.0233  0.0236  0.0244  0.0239  0.0238  0.0244  0.0236  0.0239  0.0232  0.0233
niter,ni,del,rscale     2    3    5.0000    0.5000
parameters
    1.0227   -6.8810   12.1414  -16.1972   -9.8514   -5.3766
   -1.1635    0.5419    2.1094   13.9058    0.9891  -14.5347
eta,q 0.97723 11.89128
  0.0236  0.0235  0.0235  0.0233  0.0239  0.0241  0.0235  0.0239  0.0233  0.0235  0.0230  0.0232
  0.0232  0.0231  0.0232  0.0231  0.0234  0.0236  0.0231  0.0233  0.0230  0.0231  0.0229  0.0230
  0.0229  0.0229  0.0230  0.0229  0.0230  0.0231  0.0228  0.0229  0.0228  0.0228  0.0228  0.0228
  0.0229  0.0229  0.0229  0.0228  0.0228  0.0228  0.0228  0.0228  0.0228  0.0228  0.0228  0.0228
  0.0230  0.0229  0.0228  0.0229  0.0229  0.0228  0.0228  0.0229  0.0228  0.0229  0.0228  0.0228
  0.0232  0.0232  0.0229  0.0230  0.0232  0.0230  0.0231  0.0233  0.0230  0.0231  0.0229  0.0229
  0.0237  0.0236  0.0231  0.0233  0.0239  0.0236  0.0234  0.0239  0.0233  0.0235  0.0230  0.0231
niter,ni,del,rscale     1    3    5.0000    0.4000
parameters
    0.9990   -6.8990   12.3399  -16.1877   -9.7720   -5.0364
   -1.1556    0.5155    2.1009   13.8798    1.0839  -14.2774
eta,q 0.97726 11.90770
  0.0233  0.0232  0.0232  0.0231  0.0235  0.0237  0.0232  0.0235  0.0231  0.0232  0.0229  0.0230
  0.0230  0.0230  0.0230  0.0229  0.0231  0.0232  0.0229  0.0231  0.0229  0.0230  0.0228  0.0229
  0.0228  0.0228  0.0228  0.0228  0.0229  0.0229  0.0228  0.0228  0.0228  0.0228  0.0228  0.0228
  0.0228  0.0228  0.0228  0.0228  0.0228  0.0228  0.0227  0.0227  0.0227  0.0227  0.0227  0.0227
  0.0228  0.0228  0.0228  0.0228  0.0228  0.0228  0.0228  0.0228  0.0228  0.0228  0.0228  0.0228
  0.0230  0.0230  0.0228  0.0229  0.0230  0.0229  0.0229  0.0231  0.0229  0.0230  0.0228  0.0228
  0.0233  0.0232  0.0229  0.0231  0.0234  0.0233  0.0232  0.0235  0.0231  0.0232  0.0229  0.0229
registration optimization eta report
parameter search radius
    0.8000    0.8000    0.8000    2.4000    2.4000    2.4000
    2.4000    2.4000    2.4000    2.4000    2.4000    2.4000
100000*second partial in parameter space
       80.       69.       42.        5.       12.       13.
        8.       13.        6.        9.        3.        4.
  0.0233  0.0232  0.0232  0.0231  0.0235  0.0237  0.0232  0.0235  0.0231  0.0232  0.0229  0.0230
  0.0230  0.0230  0.0230  0.0229  0.0231  0.0232  0.0229  0.0231  0.0229  0.0230  0.0228  0.0229
  0.0228  0.0228  0.0228  0.0228  0.0229  0.0229  0.0228  0.0228  0.0228  0.0228  0.0228  0.0228
  0.0228  0.0228  0.0228  0.0228  0.0228  0.0228  0.0227  0.0227  0.0227  0.0227  0.0227  0.0227
  0.0228  0.0228  0.0228  0.0228  0.0228  0.0228  0.0228  0.0228  0.0228  0.0228  0.0228  0.0228
  0.0230  0.0230  0.0228  0.0229  0.0230  0.0229  0.0229  0.0231  0.0229  0.0230  0.0228  0.0228
  0.0233  0.0232  0.0229  0.0231  0.0234  0.0233  0.0232  0.0235  0.0231  0.0232  0.0229  0.0229
    0.9990   -6.8990   12.3399  -16.1877   -9.7720   -5.0364
   -1.1556    0.5155    2.1009   13.8798    1.0839  -14.2774
eta,q 0.97726 11.90770

---------------------------------------------------------------------
imgreg_4dfp /opt/freesurfer/average/711-2C_as_mni_average_305 /opt/freesurfer/average/711-2B_as_mni_average_305_mask talsrcimg_g11 none talsrcimg_to_711-2C_as_mni_average_305_t4 2311
---------------------------------------------------------------------

freesurfer imgreg_4dfp.c
/opt/freesurfer/average/711-2C_as_mni_average_305.4dfp.img
       256       256       256         1
  1.000000  1.000000  1.000000
orientation T byte_order littleendian
Reading image: /opt/freesurfer/average/711-2C_as_mni_average_305.4dfp.img
dimensions:      256       256       256
mmppix:       1.0000   -1.0000   -1.0000
center:     128.0000 -129.0000 -129.0000
/opt/freesurfer/average/711-2B_as_mni_average_305_mask.4dfp.img
       256       256       256         1
  1.000000  1.000000  1.000000
orientation T byte_order littleendian
Reading mask: /opt/freesurfer/average/711-2B_as_mni_average_305_mask.4dfp.img (2306576 pixels)
talsrcimg_g11.4dfp.img
       256       256       256         1
  1.000000  1.000000  1.000000
orientation T byte_order littleendian
Reading image: talsrcimg_g11.4dfp.img
dimensions:      256       256       256
mmppix:       1.0000   -1.0000   -1.0000
center:     128.0000 -129.0000 -129.0000
fimgreg.f
image alignment mode   2311 decimal      907 hex
parameters
    0.9990   -6.8990   12.3399  -16.1878   -9.7720   -5.0364
   -1.1556    0.5155    2.1009   13.8798    1.0839  -14.2774
eta,q 0.97726 11.90771
niter,ni,del,rscale     5    3    5.0000    0.8000
parameters
    0.9770   -6.9113   12.4738  -16.1667  -10.1722   -5.6699
   -1.1619    0.4031    2.0554   13.7634    0.9747  -13.9713
eta,q 0.97716 11.86701
  0.0247  0.0244  0.0240  0.0240  0.0247  0.0247  0.0245  0.0255  0.0241  0.0244  0.0234  0.0237
  0.0236  0.0235  0.0233  0.0233  0.0238  0.0240  0.0236  0.0239  0.0234  0.0236  0.0231  0.0232
  0.0230  0.0229  0.0229  0.0229  0.0231  0.0232  0.0230  0.0230  0.0230  0.0230  0.0229  0.0229
  0.0227  0.0227  0.0227  0.0227  0.0227  0.0228  0.0228  0.0228  0.0228  0.0228  0.0228  0.0228
  0.0230  0.0229  0.0228  0.0229  0.0230  0.0230  0.0230  0.0233  0.0230  0.0231  0.0229  0.0229
  0.0237  0.0235  0.0231  0.0233  0.0241  0.0243  0.0236  0.0242  0.0234  0.0237  0.0231  0.0231
  0.0248  0.0245  0.0236  0.0240  0.0258  0.0272  0.0245  0.0256  0.0241  0.0246  0.0234  0.0235
niter,ni,del,rscale     4    3    5.0000    0.7000
parameters
    1.0123   -6.8978   12.3509  -16.1511  -10.0206   -5.6533
   -1.1711    0.4479    2.0848   13.7514    1.0275  -14.1369
eta,q 0.97720 11.87524
  0.0245  0.0241  0.0235  0.0238  0.0246  0.0245  0.0241  0.0251  0.0238  0.0241  0.0233  0.0234
  0.0236  0.0234  0.0231  0.0233  0.0239  0.0240  0.0234  0.0238  0.0233  0.0234  0.0230  0.0230
  0.0230  0.0230  0.0229  0.0229  0.0232  0.0233  0.0229  0.0230  0.0229  0.0230  0.0228  0.0228
  0.0228  0.0228  0.0228  0.0228  0.0228  0.0228  0.0228  0.0228  0.0228  0.0228  0.0228  0.0228
  0.0230  0.0230  0.0230  0.0229  0.0229  0.0228  0.0230  0.0231  0.0229  0.0230  0.0229  0.0229
  0.0235  0.0234  0.0233  0.0233  0.0235  0.0234  0.0234  0.0238  0.0232  0.0234  0.0230  0.0231
  0.0243  0.0241  0.0238  0.0238  0.0246  0.0250  0.0241  0.0249  0.0238  0.0242  0.0232  0.0234
niter,ni,del,rscale     3    3    5.0000    0.6000
parameters
    1.0128   -6.9115   12.3193  -16.1587   -9.9048   -5.4057
   -1.1634    0.4855    2.1011   13.7833    1.0658  -14.1995
eta,q 0.97724 11.88927
  0.0239  0.0237  0.0234  0.0235  0.0242  0.0243  0.0237  0.0245  0.0235  0.0238  0.0231  0.0232
  0.0233  0.0232  0.0230  0.0231  0.0236  0.0238  0.0232  0.0235  0.0231  0.0233  0.0229  0.0229
  0.0229  0.0229  0.0229  0.0229  0.0231  0.0232  0.0229  0.0229  0.0228  0.0229  0.0228  0.0228
  0.0228  0.0228  0.0228  0.0228  0.0228  0.0228  0.0228  0.0228  0.0228  0.0228  0.0228  0.0228
  0.0229  0.0229  0.0229  0.0229  0.0228  0.0228  0.0229  0.0230  0.0228  0.0229  0.0228  0.0228
  0.0233  0.0232  0.0231  0.0231  0.0233  0.0232  0.0232  0.0235  0.0231  0.0232  0.0229  0.0230
  0.0239  0.0238  0.0234  0.0235  0.0242  0.0242  0.0237  0.0243  0.0235  0.0238  0.0231  0.0232
niter,ni,del,rscale     2    3    5.0000    0.5000
parameters
    0.9991   -6.9157   12.3812  -16.1777   -9.8200   -5.1203
   -1.1556    0.5007    2.1031   13.8149    1.1220  -14.1674
eta,q 0.97726 11.90271
  0.0235  0.0234  0.0232  0.0232  0.0238  0.0240  0.0234  0.0239  0.0233  0.0235  0.0230  0.0231
  0.0231  0.0231  0.0230  0.0230  0.0233  0.0235  0.0230  0.0232  0.0230  0.0231  0.0228  0.0229
  0.0228  0.0228  0.0228  0.0228  0.0230  0.0230  0.0228  0.0228  0.0228  0.0228  0.0228  0.0228
  0.0228  0.0228  0.0228  0.0228  0.0228  0.0227  0.0227  0.0227  0.0227  0.0227  0.0227  0.0227
  0.0229  0.0228  0.0228  0.0228  0.0228  0.0228  0.0228  0.0229  0.0228  0.0228  0.0228  0.0228
  0.0231  0.0231  0.0229  0.0230  0.0231  0.0230  0.0230  0.0233  0.0230  0.0231  0.0228  0.0229
  0.0236  0.0234  0.0231  0.0233  0.0238  0.0237  0.0234  0.0239  0.0233  0.0235  0.0230  0.0230
niter,ni,del,rscale     1    3    5.0000    0.4000
parameters
    0.9850   -6.9166   12.4649  -16.1909   -9.7458   -4.9145
   -1.1538    0.4870    2.1133   13.8210    1.1712  -14.0597
eta,q 0.97728 11.91221
  0.0232  0.0232  0.0231  0.0230  0.0234  0.0236  0.0232  0.0235  0.0231  0.0232  0.0229  0.0229
  0.0230  0.0229  0.0229  0.0229  0.0231  0.0232  0.0229  0.0230  0.0229  0.0229  0.0228  0.0228
  0.0228  0.0228  0.0228  0.0228  0.0229  0.0229  0.0228  0.0228  0.0228  0.0228  0.0227  0.0227
  0.0227  0.0227  0.0227  0.0227  0.0227  0.0227  0.0227  0.0227  0.0227  0.0227  0.0227  0.0227
  0.0228  0.0228  0.0227  0.0228  0.0228  0.0228  0.0228  0.0228  0.0228  0.0228  0.0227  0.0227
  0.0230  0.0229  0.0228  0.0229  0.0230  0.0230  0.0229  0.0231  0.0229  0.0230  0.0228  0.0228
  0.0233  0.0232  0.0229  0.0230  0.0234  0.0234  0.0232  0.0235  0.0231  0.0232  0.0229  0.0229
registration optimization eta report
parameter search radius
    0.8000    0.8000    0.8000    2.4000    2.4000    2.4000
    2.4000    2.4000    2.4000    2.4000    2.4000    2.4000
100000*second partial in parameter space
       81.       68.       42.        5.       12.       13.
        8.       13.        6.        9.        3.        4.
  0.0232  0.0232  0.0231  0.0230  0.0234  0.0236  0.0232  0.0235  0.0231  0.0232  0.0229  0.0229
  0.0230  0.0229  0.0229  0.0229  0.0231  0.0232  0.0229  0.0230  0.0229  0.0229  0.0228  0.0228
  0.0228  0.0228  0.0228  0.0228  0.0229  0.0229  0.0228  0.0228  0.0228  0.0228  0.0227  0.0227
  0.0227  0.0227  0.0227  0.0227  0.0227  0.0227  0.0227  0.0227  0.0227  0.0227  0.0227  0.0227
  0.0228  0.0228  0.0227  0.0228  0.0228  0.0228  0.0228  0.0228  0.0228  0.0228  0.0227  0.0227
  0.0230  0.0229  0.0228  0.0229  0.0230  0.0230  0.0229  0.0231  0.0229  0.0230  0.0228  0.0228
  0.0233  0.0232  0.0229  0.0230  0.0234  0.0234  0.0232  0.0235  0.0231  0.0232  0.0229  0.0229
    0.9850   -6.9166   12.4649  -16.1909   -9.7458   -4.9145
   -1.1538    0.4870    2.1133   13.8210    1.1712  -14.0597
eta,q 0.97728 11.91221

---------------------------------------------------------------------
compute_vox2vox talsrcimg talsrcimg_to_711-2C_as_mni_average_305_t4 /opt/freesurfer/average/711-2C_as_mni_average_305
---------------------------------------------------------------------

freesurfer compute_vox2vox.c
Reading: talsrcimg.4dfp.ifh
Reading: talsrcimg_to_711-2C_as_mni_average_305_t4
Reading: /opt/freesurfer/average/711-2C_as_mni_average_305.4dfp.ifh
Writing: talsrcimg_to_711-2C_as_mni_average_305_t4_vox2vox.txt

start time Mon Mar 9 19:17:26 CET 2026
end		time Mon Mar 9 19:18:55 CET 2026

mpr2mni305 success

avi2talxfm orig_nu.mgz /opt/freesurfer/average/mni305.cor.mgz talsrcimg_to_711-2C_as_mni_average_305_t4_vox2vox.txt transforms/talairach.auto.xfm
avi2talxfm done
mv -f /out/sourcedata/freesurfer/sub-v1s23x0050572_ses-1/mri/talsrcimg_to_711-2C_as_mni_average_305_t4_vox2vox.txt /out/sourcedata/freesurfer/sub-v1s23x0050572_ses-1/mri/transforms/talsrcimg_to_711-2C_as_mni_average_305_t4_vox2vox.txt
lta_convert --src orig_nu.mgz --trg /opt/freesurfer/average/mni305.cor.mgz --inxfm transforms/talairach.auto.xfm --outlta transforms/talairach.auto.xfm.lta --subject fsaverage
7.3.2

--src: orig_nu.mgz src image (geometry).
--trg: /opt/freesurfer/average/mni305.cor.mgz trg image (geometry).
--inmni: transforms/talairach.auto.xfm input MNI/XFM transform.
--outlta: transforms/talairach.auto.xfm.lta output LTA.
--s: fsaverage subject name
 LTA read, type : 1
 1.19295  -0.00814   0.01398  -33.27274;
-0.01841   1.02852   0.15999   37.59666;
-0.02511  -0.15731   1.08316  -16.83839;
 0.00000   0.00000   0.00000   1.00000;
setting subject to fsaverage
Writing  LTA to file transforms/talairach.auto.xfm.lta...
lta_convert successful.
 
 
Started at Mon Mar 9 19:17:25 CET 2026
Ended   at Mon Mar  9 19:18:56 CET 2026
talairach_avi done
